


==================================================2022-11-22 11:00==================================================
https://t.bilibili.com/ 728714834869223505
评论发送成功
转发成功
关注成功 ==== 1958740327
在下棒球帽


https://t.bilibili.com/ 721173117117923361
'NoneType' object is not subscriptable
https://t.bilibili.com/ 726740468466974724
*************原动态处理开始***************
评论发送成功
关注成功 ==== 477646977
动态-点赞成功
*************原动态处理完成***************
*****子动态开始*****
评论发送成功
转发成功
关注成功 ==== 333641046

'items'
https://t.bilibili.com/ 728625508132061189
官方抽奖 或 预约抽奖
https://t.bilibili.com/ 728746321275519089
官方抽奖 或 预约抽奖
https://t.bilibili.com/ 729487546724122695
官方抽奖 或 预约抽奖
https://t.bilibili.com/ 727135695658811408
评论发送成功
转发成功
关注成功 ==== 473499647
灵动创想官方


https://t.bilibili.com/ 729771383940186180
评论发送成功
转发成功
关注成功 ==== 627629503
金典SATINE


https://t.bilibili.com/ 729368099382362129
官方抽奖 或 预约抽奖
https://t.bilibili.com/ 726083742206001169
评论发送成功
转发成功
关注成功 ==== 647428124
洛斐Lofree


https://t.bilibili.com/ 728714199215112240
评论发送成功
转发成功
关注成功 ==== 395845200
小米有品


https://t.bilibili.com/ 728717935836659731
官方抽奖 或 预约抽奖
https://t.bilibili.com/ 729815600621158400
评论发送成功
转发成功
关注成功 ==== 236178045
蜜雪冰城雪王


https://t.bilibili.com/ 728764901291458691
评论发送成功
转发成功
关注成功 ==== 2250815
UCG游戏机实用技术


https://t.bilibili.com/ 726745132790972423
*************原动态已存在***************
评论发送成功
转发成功
关注成功 ==== 259183379
枫笛Saramonic


https://t.bilibili.com/ 729913478636109843
官方抽奖 或 预约抽奖
https://t.bilibili.com/ 723538797974782153
评论发送成功
转发成功
关注成功 ==== 420461147
我叫猫天天


https://t.bilibili.com/ 729509897731833863
官方抽奖 或 预约抽奖
https://t.bilibili.com/ 730443370219962409
评论发送成功
转发成功
关注成功 ==== 1297094521
MT梦图魔方


https://t.bilibili.com/ 729840975295283303
评论发送成功
转发成功
关注成功 ==== 3461576422066964
淘机工坊


https://t.bilibili.com/ 727221345878802432
*************原动态处理开始***************
评论发送成功
关注成功 ==== 433865481
动态-点赞成功
*************原动态处理完成***************
*****子动态开始*****
评论发送成功
转发成功
关注成功 ==== 632527928

评论发送成功
转发成功
关注成功 ==== 627629503

评论发送成功
转发成功
关注成功 ==== 2067535589

评论发送成功
转发成功
关注成功 ==== 1024366005

评论发送成功
转发成功
关注成功 ==== 601210376

评论发送成功
转发成功
关注成功 ==== 626184566

评论发送成功
转发成功
关注成功 ==== 333641046

评论发送成功
转发成功
关注成功 ==== 696263455

评论发送成功
转发成功
关注成功 ==== 212395881

评论发送成功
转发成功
关注成功 ==== 1129687681

评论发送成功
转发成功
关注成功 ==== 1713150198

评论发送成功
转发成功
关注成功 ==== 505670427

*****子动态结束*****


https://t.bilibili.com/ 728723875756507208
官方抽奖 或 预约抽奖
https://t.bilibili.com/ 728718519944871993
官方抽奖 或 预约抽奖
https://t.bilibili.com/ 726105470439260211
评论发送成功
转发成功
关注成功 ==== 384514636
华文天下


https://t.bilibili.com/ 72984097529528330311
'card'
https://t.bilibili.com/ 730541166620049408
*************原动态处理开始***************
评论发送成功
关注成功 ==== 1555246562
动态-点赞成功
*************原动态处理完成***************
*****子动态开始*****
评论发送成功
转发成功
关注成功 ==== 1129687681

评论发送成功
转发成功
关注成功 ==== 333641046

评论发送成功
转发成功
关注成功 ==== 259183379

评论发送成功
转发成功
关注成功 ==== 480520643

评论发送成功
转发成功
关注成功 ==== 343198

*****子动态结束*****


https://t.bilibili.com/ 723515807027429417
已有
https://t.bilibili.com/ 723923403702009861
官方抽奖 或 预约抽奖
https://t.bilibili.com/ 724311312266428451
官方抽奖 或 预约抽奖
https://t.bilibili.com/ 729042381953826818
评论发送成功
转发成功
关注成功 ==== 1741810867
CRD克徕帝官方号


https://t.bilibili.com/ 730871780317593609
评论发送成功
转发成功
关注成功 ==== 226257459
_大锦鲤_


https://t.bilibili.com/ 730219666841010200
官方抽奖 或 预约抽奖
https://t.bilibili.com/ 727514975619252278
官方抽奖 或 预约抽奖
https://t.bilibili.com/ 635932563238551585
评论发送成功
转发成功
关注成功 ==== 226257459
_大锦鲤_


https://t.bilibili.com/ 729710829194182681
官方抽奖 或 预约抽奖
https://t.bilibili.com/ 730503839060328454
已有
https://t.bilibili.com/ 723081152029523974
已有
https://t.bilibili.com/ 728704917788688453
评论发送成功
转发成功
关注成功 ==== 9862450
艺术与设计史


https://t.bilibili.com/ 725365834101293065
已有
https://t.bilibili.com/ 728640604948398085
官方抽奖 或 预约抽奖
https://t.bilibili.com/ 728720761925140568
官方抽奖 或 预约抽奖
https://t.bilibili.com/ 720560440011128840
已有
https://t.bilibili.com/ 720556875190370304
评论发送成功
转发成功
关注成功 ==== 284453579
九号公司


https://t.bilibili.com/ 729090812011348055
评论发送成功
转发成功
关注成功 ==== 526793830
中图网


https://t.bilibili.com/ 729004319967281200
官方抽奖 或 预约抽奖
https://t.bilibili.com/ 726743904449200149
*************原动态已存在***************
评论发送成功
转发成功
关注成功 ==== 271265555
Nanoleaf官方


https://t.bilibili.com/ 728662217225928726
评论发送成功
转发成功
关注成功 ==== 395845200
小米有品


https://t.bilibili.com/ 730468212305559556
官方抽奖 或 预约抽奖
https://t.bilibili.com/ 727125108547649542
评论发送成功
转发成功
关注成功 ==== 627629503
金典SATINE


https://t.bilibili.com/ 728768758183624705
评论发送成功
转发成功
关注成功 ==== 663083059
Xencelabs马蒂斯


https://t.bilibili.com/ 727677252366499848
官方抽奖 或 预约抽奖
https://t.bilibili.com/ 727611633853005844
官方抽奖 或 预约抽奖
https://t.bilibili.com/ 723422546102321177
已有
https://t.bilibili.com/ 726408115307675657
官方抽奖 或 预约抽奖
https://t.bilibili.com/ 729162761295102022
官方抽奖 或 预约抽奖
https://t.bilibili.com/ 726740846432485376
*************原动态已存在***************
评论发送成功
转发成功
关注成功 ==== 1903083115
阿里技术_AlibabaTech


https://t.bilibili.com/ 729789616076357705
已有
https://t.bilibili.com/ 729118029219102772
官方抽奖 或 预约抽奖
https://t.bilibili.com/ 730590378361618457
官方抽奖 或 预约抽奖
https://t.bilibili.com/ 726762570369728549
已有
https://t.bilibili.com/ 729431652019732489
评论发送成功
转发成功
关注成功 ==== 471402555
盼盼食品官方


https://t.bilibili.com/ 726773586966085650
*************原动态已存在***************
评论发送成功
转发成功
关注成功 ==== 388531501
海信手机官方


https://t.bilibili.com/ 726372089123045377
官方抽奖 或 预约抽奖
https://t.bilibili.com/ 729410838614507542
评论发送成功
转发成功
关注成功 ==== 88675080
沃隆坚果


https://t.bilibili.com/ 723083939464347653
已有
==================================================2022-11-22 11:12==================================================


==================================================2022-11-22 17:03==================================================
https://t.bilibili.com/ 730522217242165257
*****子动态开始*****
*****子动态结束*****


官方抽奖 或 预约抽奖
https://t.bilibili.com/ 730443357323526214
*****子动态开始*****
*****子动态结束*****


官方抽奖 或 预约抽奖
https://t.bilibili.com/ 727247691221827603
评论发送成功
转发成功
关注成功 ==== 47994846
海信官方


https://t.bilibili.com/ 730454919382827041
评论发送成功
转发成功
关注成功 ==== 591875213
柳同学爱搞机


https://t.bilibili.com/ 730109513834692692
*****子动态开始*****
*****子动态结束*****


官方抽奖 或 预约抽奖
https://t.bilibili.com/ 730518987422564425
*****子动态开始*****
*****子动态结束*****


官方抽奖 或 预约抽奖
https://t.bilibili.com/ 730116050763382897
*****子动态开始*****
*****子动态结束*****


官方抽奖 或 预约抽奖
https://t.bilibili.com/ 730195812607328264
*****子动态开始*****
*****子动态结束*****


官方抽奖 或 预约抽奖
https://t.bilibili.com/ 730274169979142200
*****子动态开始*****
*****子动态结束*****


官方抽奖 或 预约抽奖
https://t.bilibili.com/ 730581865736437831
*****子动态开始*****
*****子动态结束*****


官方抽奖 或 预约抽奖
https://t.bilibili.com/ 730150582311976999
*****子动态开始*****
*****子动态结束*****


官方抽奖 或 预约抽奖
https://t.bilibili.com/ 730109543885832265
评论发送成功
转发成功
关注成功 ==== 286980475
聚划算


https://t.bilibili.com/ 730573275795554337
*****子动态开始*****
*****子动态结束*****


官方抽奖 或 预约抽奖
https://t.bilibili.com/ 726113214263197697
评论发送成功
转发成功
关注成功 ==== 1010614805
平安银行信用卡


https://t.bilibili.com/ 730110119408304151
评论发送成功
转发成功
关注成功 ==== 302951148
RAPOO雷柏


https://t.bilibili.com/ 730594097816928288
*****子动态开始*****
*****子动态结束*****


官方抽奖 或 预约抽奖
==================================================2022-11-22 17:05==================================================


==================================================2022-11-23 14:24==================================================
==================================================2022-11-23 14:24==================================================


==================================================2022-11-24 10:29==================================================
19985682
https://t.bilibili.com/ 723088827135033347
*************原动态处理开始***************
'data'
https://t.bilibili.com/ 724509572260167688
*************原动态处理开始***************
'data'
https://t.bilibili.com/ 724612883395117064
*************原动态处理开始***************
'data'
https://t.bilibili.com/ 731307320079810599
*****子动态开始*****
*****子动态结束*****


官方抽奖 或 预约抽奖
https://t.bilibili.com/ 720870442180542473
*************原动态处理开始***************
'data'
https://t.bilibili.com/ 724533521003053076
'data'
https://t.bilibili.com/ 721187148768739365
*************原动态处理开始***************
'data'
https://t.bilibili.com/ 720867921029496868
*****子动态开始*****
'data'
https://t.bilibili.com/ 721554501608144915
*************原动态处理开始***************
'data'
https://t.bilibili.com/ 721627924081410099
*************原动态处理开始***************
'data'
https://t.bilibili.com/ 723475331235708978
*************原动态处理开始***************
'data'
https://t.bilibili.com/ 729904261638389767
*****子动态开始*****
*****子动态结束*****


官方抽奖 或 预约抽奖
https://t.bilibili.com/ 724149971821002786
*************原动态处理开始***************
'data'
https://t.bilibili.com/ 725268566003154967
'data'
https://t.bilibili.com/ 731225599734972433
*****子动态开始*****
*****子动态结束*****


官方抽奖 或 预约抽奖
https://t.bilibili.com/ 729708475546861590
*****子动态开始*****
*****子动态结束*****


官方抽奖 或 预约抽奖
https://t.bilibili.com/ 728399081759571985
*****子动态开始*****
*****子动态结束*****


官方抽奖 或 预约抽奖
https://t.bilibili.com/ 730279792101818403
*****子动态开始*****
*****子动态结束*****


官方抽奖 或 预约抽奖
https://t.bilibili.com/ 635932563238551585
已有
https://t.bilibili.com/ 728332514065645623
'data'
https://t.bilibili.com/ 724237185425866785
*****子动态开始*****
*****子动态结束*****


官方抽奖 或 预约抽奖
https://t.bilibili.com/ 724201910855270468
*************原动态处理开始***************
'data'
https://t.bilibili.com/ 721980064156090409
*****子动态开始*****
*****子动态结束*****


官方抽奖 或 预约抽奖
https://t.bilibili.com/ 726847636479410263
'data'
https://t.bilibili.com/ 731200547191783457
'data'
https://t.bilibili.com/ 726762256838164517
*****子动态开始*****
*****子动态结束*****


官方抽奖 或 预约抽奖
https://t.bilibili.com/ 720915848558018566
*************原动态处理开始***************
'data'
https://t.bilibili.com/ 723035797175926808
*************原动态处理开始***************
'data'
https://t.bilibili.com/ 721252621255442439
'data'
https://t.bilibili.com/ 721561785873727529
*************原动态处理开始***************
'data'
https://t.bilibili.com/ 720886964915535896
*************原动态处理开始***************
'data'
https://t.bilibili.com/ 723087916617695255
*************原动态处理开始***************
'data'
https://t.bilibili.com/ 729416353353564167
'data'
https://t.bilibili.com/ 730852830927126565
*****子动态开始*****
*****子动态结束*****


官方抽奖 或 预约抽奖
https://t.bilibili.com/ 727219408868474903
'data'
https://t.bilibili.com/ 729479983286714385
*****子动态开始*****
*****子动态结束*****


官方抽奖 或 预约抽奖
https://t.bilibili.com/ 724918925598392358
*************原动态处理开始***************
'data'
https://t.bilibili.com/ 720964695225270274
*************原动态处理开始***************
'data'
https://t.bilibili.com/ 722008204769230881
*************原动态处理开始***************
'data'
https://t.bilibili.com/ 727146136706482195
*****子动态开始*****
*****子动态结束*****


官方抽奖 或 预约抽奖
https://t.bilibili.com/ 726080439349936153
*************原动态处理开始***************
'data'
https://t.bilibili.com/ 729707753992355861
'data'
https://t.bilibili.com/ 723528584550940728
*************原动态处理开始***************
'data'
https://t.bilibili.com/ 725746359637901353
*************原动态处理开始***************
'data'
https://t.bilibili.com/ 727141407961121025
'data'
https://t.bilibili.com/ 725363321565347989
'data'
https://t.bilibili.com/ 722114324826423334
*************原动态处理开始***************
'data'
https://t.bilibili.com/ 731158503762165766
*****子动态开始*****
*****子动态结束*****


官方抽奖 或 预约抽奖
https://t.bilibili.com/ 728690881825079330
*****子动态开始*****
*****子动态结束*****


官方抽奖 或 预约抽奖
https://t.bilibili.com/ 720876785827315719
*************原动态处理开始***************
'data'
https://t.bilibili.com/ 720444776563867651
'data'
https://t.bilibili.com/ 729003125959032838
*************原动态处理开始***************
'data'
https://t.bilibili.com/ 729348896597213207
*****子动态开始*****
*****子动态结束*****


官方抽奖 或 预约抽奖
https://t.bilibili.com/ 721987318347464708
'data'
https://t.bilibili.com/ 728975251621281797
*************原动态处理开始***************
'data'
https://t.bilibili.com/ 726526471723548705
'data'
https://t.bilibili.com/ 730871780317593609
已有
https://t.bilibili.com/ 723156021895233637
'data'
https://t.bilibili.com/ 720471456887078948
*************原动态处理开始***************
'data'
https://t.bilibili.com/ 729878169699483830
'data'
https://t.bilibili.com/ 730479469420085271
*****子动态开始*****
*****子动态结束*****


官方抽奖 或 预约抽奖
https://t.bilibili.com/ 724565041761746950
*************原动态处理开始***************
'data'
https://t.bilibili.com/ 720558584587354152
'data'
https://t.bilibili.com/ 721920643283550230
*************原动态处理开始***************
'data'
https://t.bilibili.com/ 728721904392732694
*****子动态开始*****
*****子动态结束*****


官方抽奖 或 预约抽奖
https://t.bilibili.com/ 726473789642113031
*************原动态处理开始***************
'data'
https://t.bilibili.com/ 729142476166660115
*****子动态开始*****
*****子动态结束*****


官方抽奖 或 预约抽奖
https://t.bilibili.com/ 723401981786325000
'data'
https://t.bilibili.com/ 728662444859195392
'data'
https://t.bilibili.com/ 730162973272703000
*****子动态开始*****
*****子动态结束*****


官方抽奖 或 预约抽奖
https://t.bilibili.com/ 729739021354270723
'items'
https://t.bilibili.com/ 725749812791607353
*****子动态开始*****
*****子动态结束*****


官方抽奖 或 预约抽奖
https://t.bilibili.com/ 724946490698498064
*************原动态处理开始***************
'data'
https://t.bilibili.com/ 722880538409435143
*************原动态处理开始***************
'data'
https://t.bilibili.com/ 722051120087695362
*************原动态处理开始***************
'data'
https://t.bilibili.com/ 728312585417392147
*************原动态处理开始***************
'data'
https://t.bilibili.com/ 728697405873061907
*****子动态开始*****
*****子动态结束*****


官方抽奖 或 预约抽奖
https://t.bilibili.com/ 723136797640491057
'data'
https://t.bilibili.com/ 720177496445681699
*****子动态开始*****
*****子动态结束*****


官方抽奖 或 预约抽奖
https://t.bilibili.com/ 729817700871700537
*****子动态开始*****
*****子动态结束*****


官方抽奖 或 预约抽奖
https://t.bilibili.com/ 729416129995341829
'data'
https://t.bilibili.com/ 731161385667395638
*****子动态开始*****
*****子动态结束*****


官方抽奖 或 预约抽奖
https://t.bilibili.com/ 729840975295283303
已有
https://t.bilibili.com/ 720794258046451747
*************原动态处理开始***************
'data'
https://t.bilibili.com/ 731337079898767384
*****子动态开始*****
*****子动态结束*****


官方抽奖 或 预约抽奖
https://t.bilibili.com/ 725041598450106471
*****子动态开始*****
*****子动态结束*****


官方抽奖 或 预约抽奖
https://t.bilibili.com/ 731229134494105655
*****子动态开始*****
*****子动态结束*****


官方抽奖 或 预约抽奖
https://t.bilibili.com/ 727211110976978947
*************原动态处理开始***************
'data'
https://t.bilibili.com/ 730472833701904408
*****子动态开始*****
*****子动态结束*****


官方抽奖 或 预约抽奖
https://t.bilibili.com/ 722008861912858712
*************原动态处理开始***************
'data'
https://t.bilibili.com/ 720799158604136467
*************原动态处理开始***************
'data'
https://t.bilibili.com/ 729772792688410660
'data'
https://t.bilibili.com/ 721237361238736898
*************原动态处理开始***************
'data'
https://t.bilibili.com/ 726434628130308098
*************原动态处理开始***************
'data'
https://t.bilibili.com/ 721542007561912326
*************原动态处理开始***************
'data'
https://t.bilibili.com/ 729718079088492551
*****子动态开始*****
*****子动态结束*****


官方抽奖 或 预约抽奖
https://t.bilibili.com/ 721942285617463352
*************原动态处理开始***************
'data'
https://t.bilibili.com/ 728740192347750417
*****子动态开始*****
*****子动态结束*****


官方抽奖 或 预约抽奖
https://t.bilibili.com/ 721186551760945155
*************原动态处理开始***************
'data'
https://t.bilibili.com/ 719409290005184533
*****子动态开始*****
*****子动态结束*****


官方抽奖 或 预约抽奖
https://t.bilibili.com/ 731288185986875399
*****子动态开始*****
*****子动态结束*****


官方抽奖 或 预约抽奖
https://t.bilibili.com/ 721296386966945795
*************原动态处理开始***************
'data'
https://t.bilibili.com/ 721187475191496707
*************原动态处理开始***************
'data'
https://t.bilibili.com/ 728729119922061344
*****子动态开始*****
*****子动态结束*****


官方抽奖 或 预约抽奖
https://t.bilibili.com/ 729798115803004944
'data'
https://t.bilibili.com/ 724268792079712280
'data'
https://t.bilibili.com/ 727546861467992112
*************原动态处理开始***************
'data'
https://t.bilibili.com/ 720586793932554242
'data'
https://t.bilibili.com/ 721169243043790865
*************原动态处理开始***************
'data'
https://t.bilibili.com/ 731292850322407463
*****子动态开始*****
*****子动态结束*****


官方抽奖 或 预约抽奖
https://t.bilibili.com/ 729851102828167172
*****子动态开始*****
*****子动态结束*****


官方抽奖 或 预约抽奖
https://t.bilibili.com/ 730947131221737526
'data'
https://t.bilibili.com/ 724998434032975905
'data'
https://t.bilibili.com/ 721950557738106887
*************原动态处理开始***************
'data'
https://t.bilibili.com/ 721293371887321113
*************原动态处理开始***************
'data'
https://t.bilibili.com/ 722734397844881417
*****子动态开始*****
*****子动态结束*****


官方抽奖 或 预约抽奖
https://t.bilibili.com/ 720437165862944801
'data'
https://t.bilibili.com/ 721922412809027604
*************原动态处理开始***************
'data'
https://t.bilibili.com/ 721548858036846614
*************原动态处理开始***************
'data'
https://t.bilibili.com/ 727193673405562904
*****子动态开始*****
*****子动态结束*****


官方抽奖 或 预约抽奖
https://t.bilibili.com/ 721288329602007109
*************原动态处理开始***************
'data'
https://t.bilibili.com/ 729773003127128070
'data'
https://t.bilibili.com/ 723152766306877574
*****子动态开始*****
*****子动态结束*****


官方抽奖 或 预约抽奖
https://t.bilibili.com/ 720877026353872950
*************原动态处理开始***************
'data'
https://t.bilibili.com/ 711185531434696754
*****子动态开始*****
*****子动态结束*****


官方抽奖 或 预约抽奖
https://t.bilibili.com/ 721904721833492537
'items'
https://t.bilibili.com/ 730131443939803143
*****子动态开始*****
*****子动态结束*****


官方抽奖 或 预约抽奖
https://t.bilibili.com/ 724596987710668809
'data'
https://t.bilibili.com/ 725626237979983906
*****子动态开始*****
*****子动态结束*****


官方抽奖 或 预约抽奖
https://t.bilibili.com/ 729730478671659045
*****子动态开始*****
'data'
https://t.bilibili.com/ 725013994695295061
*************原动态处理开始***************
'data'
https://t.bilibili.com/ 724676143970517013
*************原动态处理开始***************
'data'
https://t.bilibili.com/ 724870937917259795
*************原动态处理开始***************
'data'
https://t.bilibili.com/ 729738450137251880
*****子动态开始*****
*****子动态结束*****


官方抽奖 或 预约抽奖
https://t.bilibili.com/ 728731263110742033
*****子动态开始*****
*****子动态结束*****


官方抽奖 或 预约抽奖
https://t.bilibili.com/ 730868541932175362
*****子动态开始*****
*****子动态结束*****


官方抽奖 或 预约抽奖
https://t.bilibili.com/ 727515594089300053
*****子动态开始*****
*****子动态结束*****


官方抽奖 或 预约抽奖
https://t.bilibili.com/ 727172606590976051
'data'
https://t.bilibili.com/ 721294591671664643
*************原动态处理开始***************
'data'
https://t.bilibili.com/ 729152650957815881
*****子动态开始*****
*****子动态结束*****


官方抽奖 或 预约抽奖
https://t.bilibili.com/ 723149132766642216
*****子动态开始*****
*****子动态结束*****


官方抽奖 或 预约抽奖
https://t.bilibili.com/ 727211381560967188
*************原动态处理开始***************
'data'
https://t.bilibili.com/ 730920511022825513
*****子动态开始*****
*****子动态结束*****


官方抽奖 或 预约抽奖
https://t.bilibili.com/ 720914358215901241
*****子动态开始*****
*****子动态结束*****


官方抽奖 或 预约抽奖
https://t.bilibili.com/ 731091759958851609
*****子动态开始*****
*****子动态结束*****


官方抽奖 或 预约抽奖
https://t.bilibili.com/ 724924191224102920
*************原动态处理开始***************
'data'
https://t.bilibili.com/ 726452336299343896
*************原动态处理开始***************
'data'
https://t.bilibili.com/ 725755860088782887
*************原动态处理开始***************
'data'
==================================================2022-11-24 10:38==================================================
