2025-09-05 16:31:36,285|line:233| processing article 42934411
2025-09-05 16:31:40,472|line:508| ==================================================2025-09-06 00:31==================================================
2025-09-05 16:31:40,473|line:520| https://t.bilibili.com/1107624683604279314
2025-09-05 16:31:40,473|line:522| 已有
2025-09-05 16:31:40,473|line:520| https://t.bilibili.com/1108361839577661479
2025-09-05 16:31:40,473|line:522| 已有
2025-09-05 16:31:40,473|line:520| https://t.bilibili.com/1105376057791348754
2025-09-05 16:31:40,473|line:522| 已有
2025-09-05 16:31:40,473|line:520| https://t.bilibili.com/1103448085589131321
2025-09-05 16:31:40,474|line:522| 已有
2025-09-05 16:31:40,474|line:520| https://t.bilibili.com/1108349107105169411
2025-09-05 16:31:40,474|line:522| 已有
2025-09-05 16:31:40,474|line:520| https://t.bilibili.com/1107949563494268953
2025-09-05 16:31:40,474|line:522| 已有
2025-09-05 16:31:40,474|line:520| https://t.bilibili.com/1108662025561571335
2025-09-05 16:31:42,939|line:527| 官方 或 预约 OUT！
2025-09-05 16:31:42,940|line:520| https://t.bilibili.com/1106727456319995945
2025-09-05 16:31:42,940|line:522| 已有
2025-09-05 16:31:42,940|line:520| https://t.bilibili.com/1098646960696459282
2025-09-05 16:31:47,219|line:527| 官方 或 预约 OUT！
2025-09-05 16:31:47,220|line:520| https://t.bilibili.com/110869333161069776
2025-09-05 16:31:49,612|line:347| 'NoneType' object is not subscriptable
2025-09-05 16:31:49,612|line:348| error line:321
2025-09-05 16:31:49,612|line:534| *#*#*#*#*#*#*#*#*#*原动态处理失败*#*#*#*#*#*#*#*#*#
2025-09-05 16:31:49,612|line:520| https://t.bilibili.com/1108663346269257748
2025-09-05 16:31:49,613|line:522| 已有
2025-09-05 16:31:49,613|line:520| https://t.bilibili.com/1107874790285246499
2025-09-05 16:31:49,613|line:522| 已有
2025-09-05 16:31:49,613|line:520| https://t.bilibili.com/1107942549808480272
2025-09-05 16:31:49,613|line:522| 已有
2025-09-05 16:31:49,613|line:520| https://t.bilibili.com/635932563238551585
2025-09-05 16:31:52,867|line:342| =========此为源动态=========
2025-09-05 16:31:56,159|line:363| *********子动态开始*********
2025-09-05 16:31:56,159|line:382| *********子动态结束*********
2025-09-05 16:31:56,159|line:538| -=-=-=-=处理回最初的动态-=-=-=-=
2025-09-05 16:32:05,283|line:476| 转发成功 1109181854050680853
2025-09-05 16:32:08,760|line:495| 评论发送成功
2025-09-05 16:32:11,370|line:425| 226257459 === 已经关注了
2025-09-05 16:32:14,759|line:504| 动态-点赞 0
2025-09-05 16:32:15,760|line:520| https://t.bilibili.com/1107870205425483779
2025-09-05 16:32:18,069|line:527| 官方 或 预约 OUT！
2025-09-05 16:32:18,069|line:520| https://t.bilibili.com/1107101696162529297
2025-09-05 16:32:18,069|line:522| 已有
2025-09-05 16:32:18,070|line:520| https://t.bilibili.com/1108354742146301957
2025-09-05 16:32:18,070|line:522| 已有
2025-09-05 16:32:18,070|line:520| https://t.bilibili.com/1104943863800266752
2025-09-05 16:32:18,070|line:522| 已有
2025-09-05 16:32:18,070|line:520| https://t.bilibili.com/1107951208458354706
2025-09-05 16:32:18,070|line:522| 已有
2025-09-05 16:32:18,070|line:520| https://t.bilibili.com/1107971996151447572
2025-09-05 16:32:18,070|line:522| 已有
2025-09-05 16:32:18,070|line:520| https://t.bilibili.com/1107874809574850568
2025-09-05 16:32:22,310|line:527| 官方 或 预约 OUT！
2025-09-05 16:32:22,310|line:520| https://t.bilibili.com/1108361839598632966
2025-09-05 16:32:22,310|line:522| 已有
2025-09-05 16:32:22,310|line:520| https://t.bilibili.com/1108616960648675331
2025-09-05 16:32:22,311|line:522| 已有
2025-09-05 16:32:22,311|line:520| https://t.bilibili.com/1108372147519094788
2025-09-05 16:32:22,311|line:522| 已有
2025-09-05 16:32:22,311|line:520| https://t.bilibili.com/1104955404360613893
2025-09-05 16:32:22,311|line:522| 已有
2025-09-05 16:32:22,311|line:520| https://t.bilibili.com/1103832188828254212
2025-09-05 16:32:22,311|line:522| 已有
2025-09-05 16:32:22,311|line:520| https://t.bilibili.com/1107163790644871176
2025-09-05 16:32:22,311|line:522| 已有
2025-09-05 16:32:22,312|line:520| https://t.bilibili.com/1108711280257007619
2025-09-05 16:32:22,312|line:522| 已有
2025-09-05 16:32:22,312|line:520| https://t.bilibili.com/1106514176867565571
2025-09-05 16:32:23,563|line:527| 官方 或 预约 OUT！
2025-09-05 16:32:23,563|line:520| https://t.bilibili.com/1103827477226061856
2025-09-05 16:32:23,563|line:522| 已有
2025-09-05 16:32:23,563|line:520| https://t.bilibili.com/1103949188048093222
2025-09-05 16:32:23,563|line:522| 已有
2025-09-05 16:32:23,564|line:520| https://t.bilibili.com/1105354028872630281
2025-09-05 16:32:23,564|line:522| 已有
2025-09-05 16:32:23,564|line:520| https://t.bilibili.com/1105997835896094722
2025-09-05 16:32:23,564|line:522| 已有
2025-09-05 16:32:23,564|line:520| https://t.bilibili.com/1107967561581985810
2025-09-05 16:32:23,564|line:522| 已有
2025-09-05 16:32:23,564|line:520| https://t.bilibili.com/1107874796736086088
2025-09-05 16:32:27,952|line:527| 官方 或 预约 OUT！
2025-09-05 16:32:27,952|line:520| https://t.bilibili.com/1103885669735858184
2025-09-05 16:32:32,388|line:527| 官方 或 预约 OUT！
2025-09-05 16:32:32,389|line:520| https://t.bilibili.com/1103874060470714368
2025-09-05 16:32:32,389|line:522| 已有
2025-09-05 16:32:32,389|line:520| https://t.bilibili.com/1103771037071310855
2025-09-05 16:32:32,389|line:522| 已有
2025-09-05 16:32:32,389|line:520| https://t.bilibili.com/1107998526165483537
2025-09-05 16:32:32,389|line:522| 已有
2025-09-05 16:32:32,389|line:520| https://t.bilibili.com/1103825956836999170
2025-09-05 16:32:32,389|line:522| 已有
2025-09-05 16:32:32,390|line:520| https://t.bilibili.com/1107875904807239719
2025-09-05 16:32:35,625|line:527| 官方 或 预约 OUT！
2025-09-05 16:32:35,625|line:520| https://t.bilibili.com/1103930839927881728
2025-09-05 16:32:35,625|line:522| 已有
2025-09-05 16:32:35,625|line:520| https://t.bilibili.com/1106380680702459911
2025-09-05 16:32:35,625|line:522| 已有
2025-09-05 16:32:35,625|line:520| https://t.bilibili.com/1108578305949302821
2025-09-05 16:32:35,626|line:522| 已有
2025-09-05 16:32:35,626|line:520| https://t.bilibili.com/1103876465612554242
2025-09-05 16:32:35,626|line:522| 已有
2025-09-05 16:32:35,626|line:520| https://t.bilibili.com/1099071629867089945
2025-09-05 16:32:39,938|line:527| 官方 或 预约 OUT！
2025-09-05 16:32:39,939|line:520| https://t.bilibili.com/1103777513910304773
2025-09-05 16:32:44,415|line:527| 官方 或 预约 OUT！
2025-09-05 16:32:44,415|line:520| https://t.bilibili.com/1107605094244810754
2025-09-05 16:32:44,415|line:522| 已有
2025-09-05 16:32:44,415|line:520| https://t.bilibili.com/1103927567135539203
2025-09-05 16:32:45,672|line:527| 官方 或 预约 OUT！
2025-09-05 16:32:45,672|line:520| https://t.bilibili.com/1106418892992937990
2025-09-05 16:32:47,943|line:527| 官方 或 预约 OUT！
2025-09-05 16:32:47,944|line:520| https://t.bilibili.com/1106396902751993864
2025-09-05 16:32:50,183|line:527| 官方 或 预约 OUT！
2025-09-05 16:32:50,184|line:520| https://t.bilibili.com/1103081815053172736
2025-09-05 16:32:50,184|line:522| 已有
2025-09-05 16:32:50,184|line:520| https://t.bilibili.com/1104159791749529609
2025-09-05 16:32:50,184|line:522| 已有
2025-09-05 16:32:50,184|line:520| https://t.bilibili.com/1107612378511441923
2025-09-05 16:32:50,184|line:522| 已有
2025-09-05 16:32:50,184|line:520| https://t.bilibili.com/1106454511182938165
2025-09-05 16:32:50,184|line:522| 已有
2025-09-05 16:32:50,185|line:520| https://t.bilibili.com/1106201640691564553
2025-09-05 16:32:50,185|line:522| 已有
2025-09-05 16:32:50,185|line:520| https://t.bilibili.com/1105712839019986944
2025-09-05 16:32:50,185|line:522| 已有
2025-09-05 16:32:50,185|line:520| https://t.bilibili.com/1104194898772361237
2025-09-05 16:32:53,524|line:527| 官方 或 预约 OUT！
2025-09-05 16:32:53,524|line:520| https://t.bilibili.com/1103874395479212054
2025-09-05 16:32:53,524|line:522| 已有
2025-09-05 16:32:53,524|line:520| https://t.bilibili.com/1107497101597605891
2025-09-05 16:32:53,524|line:522| 已有
2025-09-05 16:32:53,524|line:520| https://t.bilibili.com/1106491293295443972
2025-09-05 16:32:53,524|line:522| 已有
2025-09-05 16:32:53,525|line:520| https://t.bilibili.com/1108618848278413352
2025-09-05 16:32:56,770|line:527| 官方 或 预约 OUT！
2025-09-05 16:32:56,770|line:520| https://t.bilibili.com/1106346076116353025
2025-09-05 16:32:56,770|line:522| 已有
2025-09-05 16:32:56,770|line:520| https://t.bilibili.com/1107576897819115542
2025-09-05 16:32:58,006|line:527| 官方 或 预约 OUT！
2025-09-05 16:32:58,007|line:520| https://t.bilibili.com/1107642864163094533
2025-09-05 16:32:58,007|line:522| 已有
2025-09-05 16:32:58,007|line:520| https://t.bilibili.com/1107538475012325392
2025-09-05 16:32:58,007|line:522| 已有
2025-09-05 16:32:58,007|line:520| https://t.bilibili.com/1108726793700900887
2025-09-05 16:32:58,007|line:522| 已有
2025-09-05 16:32:58,008|line:520| https://t.bilibili.com/1103499187119456265
2025-09-05 16:32:58,008|line:522| 已有
2025-09-05 16:32:58,008|line:520| https://t.bilibili.com/1107967224433344512
2025-09-05 16:32:58,008|line:522| 已有
2025-09-05 16:32:58,008|line:520| https://t.bilibili.com/1108612938415996932
2025-09-05 16:32:58,008|line:522| 已有
2025-09-05 16:32:58,008|line:520| https://t.bilibili.com/1107585376061489189
2025-09-05 16:33:00,244|line:527| 官方 或 预约 OUT！
2025-09-05 16:33:00,245|line:520| https://t.bilibili.com/1107574999384850435
2025-09-05 16:33:00,245|line:522| 已有
2025-09-05 16:33:00,245|line:520| https://t.bilibili.com/1107924618324213760
2025-09-05 16:33:00,245|line:522| 已有
2025-09-05 16:33:00,245|line:520| https://t.bilibili.com/1103843939828367365
2025-09-05 16:33:00,245|line:522| 已有
2025-09-05 16:33:00,245|line:520| https://t.bilibili.com/1107988518858129429
2025-09-05 16:33:03,496|line:527| 官方 或 预约 OUT！
2025-09-05 16:33:03,496|line:553| 执行结束
2025-09-05 16:33:03,496|line:559| ==================================================2025-09-06 00:33==================================================
2025-09-05 16:33:03,497|line:233| processing article 42944381
2025-09-05 16:33:07,025|line:508| ==================================================2025-09-06 00:33==================================================
2025-09-05 16:33:07,025|line:520| https://t.bilibili.com/1108966319722594304
2025-09-05 16:33:11,276|line:337| =========此为子动态=========
2025-09-05 16:33:15,894|line:388| *************原动态处理开始***************
2025-09-05 16:33:23,671|line:476| 转发成功 1109182189043449894
2025-09-05 16:33:27,014|line:495| 评论发送成功
2025-09-05 16:33:29,459|line:425| 488757623 === 已经关注了
2025-09-05 16:33:32,721|line:504| 动态-点赞 0
2025-09-05 16:33:32,721|line:397| *************原动态处理完成***************
2025-09-05 16:33:35,200|line:363| *********子动态开始*********
2025-09-05 16:33:45,469|line:476| 转发成功 1109182283571527702
2025-09-05 16:33:48,791|line:495| 评论发送成功
2025-09-05 16:33:52,566|line:425| 505670427 === 已经关注了
2025-09-05 16:33:52,566|line:377| ----完成一个子动态----
2025-09-05 16:34:03,872|line:476| 转发成功 1109182360879890432
2025-09-05 16:34:07,410|line:495| 评论发送成功
2025-09-05 16:34:11,001|line:425| 627553716 === 已经关注了
2025-09-05 16:34:11,002|line:377| ----完成一个子动态----
2025-09-05 16:34:17,100|line:476| 转发成功 1109182416702930963
2025-09-05 16:34:20,448|line:495| 评论发送成功
2025-09-05 16:34:25,110|line:425| 699204462 === 已经关注了
2025-09-05 16:34:25,110|line:377| ----完成一个子动态----
2025-09-05 16:34:33,208|line:476| 转发成功 1109182489677529093
2025-09-05 16:34:36,765|line:495| 评论发送成功
2025-09-05 16:34:42,403|line:425| 258852214 === 已经关注了
2025-09-05 16:34:42,403|line:377| ----完成一个子动态----
2025-09-05 16:34:52,470|line:476| 转发成功 1109182571313364999
2025-09-05 16:34:55,816|line:495| 评论发送成功
2025-09-05 16:35:03,552|line:425| 1902330279 === 已经关注了
2025-09-05 16:35:03,552|line:377| ----完成一个子动态----
2025-09-05 16:35:14,778|line:476| 转发成功 1109182665776431120
2025-09-05 16:35:18,134|line:495| 评论发送成功
2025-09-05 16:35:22,806|line:425| 479444311 === 已经关注了
2025-09-05 16:35:22,806|line:377| ----完成一个子动态----
2025-09-05 16:35:31,128|line:476| 转发成功 1109182738813943815
2025-09-05 16:35:34,497|line:495| 评论发送成功
2025-09-05 16:35:39,289|line:425| 1681276938 === 已经关注了
2025-09-05 16:35:39,289|line:377| ----完成一个子动态----
2025-09-05 16:35:51,638|line:476| 转发成功 1109182824695463972
2025-09-05 16:35:55,196|line:495| 评论发送成功
2025-09-05 16:35:59,169|line:425| 670406059 === 已经关注了
2025-09-05 16:35:59,169|line:377| ----完成一个子动态----
2025-09-05 16:36:10,525|line:476| 转发成功 1109182906330251287
2025-09-05 16:36:13,932|line:495| 评论发送成功
2025-09-05 16:36:19,723|line:425| 63414376 === 已经关注了
2025-09-05 16:36:19,723|line:377| ----完成一个子动态----
2025-09-05 16:36:33,882|line:476| 转发成功 1109183005127081988
2025-09-05 16:36:37,394|line:495| 评论发送成功
2025-09-05 16:36:43,069|line:425| 476645168 === 已经关注了
2025-09-05 16:36:43,070|line:377| ----完成一个子动态----
2025-09-05 16:36:52,411|line:476| 转发成功 1109183086715731974
2025-09-05 16:36:55,753|line:495| 评论发送成功
2025-09-05 16:37:00,546|line:425| 615879202 === 已经关注了
2025-09-05 16:37:00,546|line:377| ----完成一个子动态----
2025-09-05 16:37:10,849|line:476| 转发成功 1109183164047163399
2025-09-05 16:37:14,214|line:495| 评论发送成功
2025-09-05 16:37:18,783|line:425| 480520643 === 已经关注了
2025-09-05 16:37:18,784|line:377| ----完成一个子动态----
2025-09-05 16:37:28,870|line:476| 转发成功 1109183241317777445
2025-09-05 16:37:32,334|line:495| 评论发送成功
2025-09-05 16:37:38,056|line:425| 3546701923093477 === 已经关注了
2025-09-05 16:37:38,057|line:377| ----完成一个子动态----
2025-09-05 16:37:44,169|line:476| 转发成功 1109183310057177095
2025-09-05 16:37:47,625|line:495| 评论发送成功
2025-09-05 16:37:52,485|line:425| 346469145 === 已经关注了
2025-09-05 16:37:52,486|line:377| ----完成一个子动态----
2025-09-05 16:38:00,700|line:476| 转发成功 1109183378775605256
2025-09-05 16:38:04,054|line:495| 评论发送成功
2025-09-05 16:38:11,633|line:425| 444854666 === 已经关注了
2025-09-05 16:38:11,633|line:377| ----完成一个子动态----
2025-09-05 16:38:22,035|line:476| 转发成功 1109183468982501384
2025-09-05 16:38:25,397|line:495| 评论发送成功
2025-09-05 16:38:33,040|line:425| 1930420310 === 已经关注了
2025-09-05 16:38:33,040|line:377| ----完成一个子动态----
2025-09-05 16:38:43,376|line:476| 转发成功 1109183563426693125
2025-09-05 16:38:46,883|line:495| 评论发送成功
2025-09-05 16:38:54,474|line:425| 1494786563 === 已经关注了
2025-09-05 16:38:54,475|line:377| ----完成一个子动态----
2025-09-05 16:39:03,104|line:476| 转发成功 1109183645034217512
2025-09-05 16:39:06,593|line:495| 评论发送成功
2025-09-05 16:39:12,172|line:425| 647359920 === 已经关注了
2025-09-05 16:39:12,172|line:377| ----完成一个子动态----
2025-09-05 16:39:19,380|line:476| 转发成功 1109183718097944576
2025-09-05 16:39:22,877|line:495| 评论发送成功
2025-09-05 16:39:27,858|line:425| 306455387 === 已经关注了
2025-09-05 16:39:27,858|line:377| ----完成一个子动态----
2025-09-05 16:39:38,046|line:476| 转发成功 1109183795400015924
2025-09-05 16:39:41,495|line:495| 评论发送成功
2025-09-05 16:39:46,339|line:425| 1980678022 === 已经关注了
2025-09-05 16:39:46,339|line:377| ----完成一个子动态----
2025-09-05 16:39:56,578|line:476| 转发成功 1109183877004394521
2025-09-05 16:40:00,012|line:495| 评论发送成功
2025-09-05 16:40:06,565|line:425| 520152906 === 已经关注了
2025-09-05 16:40:06,566|line:377| ----完成一个子动态----
2025-09-05 16:40:14,126|line:476| 转发成功 1109183950025130007
2025-09-05 16:40:17,478|line:495| 评论发送成功
2025-09-05 16:40:20,149|line:425| 2124352378 === 已经关注了
2025-09-05 16:40:20,149|line:377| ----完成一个子动态----
2025-09-05 16:40:31,558|line:476| 转发成功 1109184027321958408
2025-09-05 16:40:34,955|line:495| 评论发送成功
2025-09-05 16:40:40,544|line:425| 187878266 === 已经关注了
2025-09-05 16:40:40,545|line:377| ----完成一个子动态----
2025-09-05 16:40:45,298|line:382| *********子动态结束*********
2025-09-05 16:40:46,299|line:520| https://t.bilibili.com/1108966190857846807
2025-09-05 16:40:46,299|line:522| 已有
2025-09-05 16:40:46,300|line:520| https://t.bilibili.com/1108957122043838480
2025-09-05 16:40:46,300|line:522| 已有
2025-09-05 16:40:46,300|line:520| https://t.bilibili.com/1109047211089461271
2025-09-05 16:40:49,671|line:342| =========此为源动态=========
2025-09-05 16:40:51,289|line:363| *********子动态开始*********
2025-09-05 16:40:51,289|line:382| *********子动态结束*********
2025-09-05 16:40:51,289|line:538| -=-=-=-=处理回最初的动态-=-=-=-=
2025-09-05 16:40:58,418|line:476| 转发成功 1109184143266152453
2025-09-05 16:41:01,755|line:495| 评论发送成功
2025-09-05 16:41:03,264|line:425| 1779174270 === 已经关注了
2025-09-05 16:41:06,657|line:504| 动态-点赞 0
2025-09-05 16:41:07,658|line:520| https://t.bilibili.com/1108985509651152898
2025-09-05 16:41:10,010|line:337| =========此为子动态=========
2025-09-05 16:41:12,356|line:388| *************原动态处理开始***************
2025-09-05 16:41:19,133|line:476| 转发成功 1109184229146624017
2025-09-05 16:41:22,605|line:495| 评论发送成功
2025-09-05 16:41:24,928|line:425| 628831867 === 已经关注了
2025-09-05 16:41:28,317|line:504| 动态-点赞 0
2025-09-05 16:41:28,318|line:397| *************原动态处理完成***************
2025-09-05 16:41:30,893|line:363| *********子动态开始*********
2025-09-05 16:41:39,314|line:476| 转发成功 1109184319347228681
2025-09-05 16:41:42,690|line:495| 评论发送成功
2025-09-05 16:41:45,449|line:425| 396808737 === 已经关注了
2025-09-05 16:41:45,449|line:377| ----完成一个子动态----
2025-09-05 16:41:45,450|line:382| *********子动态结束*********
2025-09-05 16:41:47,450|line:520| https://t.bilibili.com/1109002444666306562
2025-09-05 16:41:47,450|line:522| 已有
2025-09-05 16:41:47,451|line:520| https://t.bilibili.com/1109083394066612230
2025-09-05 16:41:48,686|line:342| =========此为源动态=========
2025-09-05 16:41:52,161|line:363| *********子动态开始*********
2025-09-05 16:41:52,161|line:382| *********子动态结束*********
2025-09-05 16:41:52,161|line:538| -=-=-=-=处理回最初的动态-=-=-=-=
2025-09-05 16:42:03,300|line:476| 转发成功 1109184422455803956
2025-09-05 16:42:06,720|line:495| 评论发送成功
2025-09-05 16:42:09,085|line:425| 3494354823940360 === 已经关注了
2025-09-05 16:42:12,347|line:504| 动态-点赞 0
2025-09-05 16:42:14,348|line:520| https://t.bilibili.com/1108979561072164884
2025-09-05 16:42:14,348|line:522| 已有
2025-09-05 16:42:14,348|line:520| https://t.bilibili.com/1109022021119901696
2025-09-05 16:42:14,348|line:522| 已有
2025-09-05 16:42:14,348|line:520| https://t.bilibili.com/1108968677653348368
2025-09-05 16:42:18,599|line:337| =========此为子动态=========
2025-09-05 16:42:22,988|line:388| *************原动态处理开始***************
2025-09-05 16:42:29,716|line:476| 转发成功 1109184534087204886
2025-09-05 16:42:33,061|line:495| 评论发送成功
2025-09-05 16:42:35,576|line:425| 543816944 === 已经关注了
2025-09-05 16:42:39,126|line:504| 动态-点赞 0
2025-09-05 16:42:39,126|line:397| *************原动态处理完成***************
2025-09-05 16:42:41,416|line:363| *********子动态开始*********
2025-09-05 16:42:51,447|line:476| 转发成功 1109184628571242517
2025-09-05 16:42:54,779|line:495| 评论发送成功
2025-09-05 16:43:03,591|line:425| 187878266 === 已经关注了
2025-09-05 16:43:03,591|line:377| ----完成一个子动态----
2025-09-05 16:43:12,853|line:476| 转发成功 1109184718824275977
2025-09-05 16:43:16,305|line:495| 评论发送成功
2025-09-05 16:43:21,872|line:425| 171617844 === 已经关注了
2025-09-05 16:43:21,873|line:377| ----完成一个子动态----
2025-09-05 16:43:31,054|line:476| 转发成功 1109184796114812950
2025-09-05 16:43:34,512|line:495| 评论发送成功
2025-09-05 16:43:40,234|line:425| 63414376 === 已经关注了
2025-09-05 16:43:40,234|line:377| ----完成一个子动态----
2025-09-05 16:43:47,486|line:476| 转发成功 1109184869147082790
2025-09-05 16:43:50,990|line:495| 评论发送成功
2025-09-05 16:43:55,571|line:425| 109778207 === 已经关注了
2025-09-05 16:43:55,572|line:377| ----完成一个子动态----
2025-09-05 16:44:02,815|line:476| 转发成功 1109184933534892032
2025-09-05 16:44:06,346|line:495| 评论发送成功
2025-09-05 16:44:14,110|line:425| 397664175 === 已经关注了
2025-09-05 16:44:14,111|line:377| ----完成一个子动态----
2025-09-05 16:44:25,225|line:476| 转发成功 1109185032295022600
2025-09-05 16:44:28,621|line:495| 评论发送成功
2025-09-05 16:44:34,183|line:425| 107113230 === 已经关注了
2025-09-05 16:44:34,184|line:377| ----完成一个子动态----
2025-09-05 16:44:34,184|line:382| *********子动态结束*********
2025-09-05 16:44:36,185|line:520| https://t.bilibili.com/1108957122065858577
2025-09-05 16:44:39,577|line:527| 官方 或 预约 OUT！
2025-09-05 16:44:39,577|line:520| https://t.bilibili.com/1108963815753515014
2025-09-05 16:44:43,941|line:337| =========此为子动态=========
2025-09-05 16:44:47,424|line:401| *************原动态已存在***************
2025-09-05 16:44:50,033|line:363| *********子动态开始*********
2025-09-05 16:45:17,302|line:476| 转发成功 1109185255673167872
2025-09-05 16:45:20,633|line:495| 评论发送成功
2025-09-05 16:45:23,348|line:425| 1338030495 === 已经关注了
2025-09-05 16:45:23,348|line:377| ----完成一个子动态----
2025-09-05 16:45:35,318|line:476| 转发成功 1109185332963704841
2025-09-05 16:45:38,625|line:495| 评论发送成功
2025-09-05 16:45:44,191|line:425| 601210376 === 已经关注了
2025-09-05 16:45:44,192|line:377| ----完成一个子动态----
2025-09-05 16:45:44,192|line:382| *********子动态结束*********
2025-09-05 16:45:47,193|line:520| https://t.bilibili.com/1109020109895106577
2025-09-05 16:45:47,193|line:522| 已有
2025-09-05 16:45:47,193|line:520| https://t.bilibili.com/1109022403389816837
2025-09-05 16:45:51,639|line:342| =========此为源动态=========
2025-09-05 16:45:52,930|line:363| *********子动态开始*********
2025-09-05 16:45:52,931|line:382| *********子动态结束*********
2025-09-05 16:45:52,931|line:538| -=-=-=-=处理回最初的动态-=-=-=-=
2025-09-05 16:46:02,107|line:476| 转发成功 1109185444624465961
2025-09-05 16:46:05,499|line:495| 评论发送成功
2025-09-05 16:46:09,823|line:425| 383666009 === 已经关注了
2025-09-05 16:46:13,204|line:504| 动态-点赞 0
2025-09-05 16:46:14,205|line:520| https://t.bilibili.com/1108966517278507012
2025-09-05 16:46:14,205|line:522| 已有
2025-09-05 16:46:14,205|line:520| https://t.bilibili.com/1109046734369062917
2025-09-05 16:46:16,578|line:342| =========此为源动态=========
2025-09-05 16:46:19,116|line:363| *********子动态开始*********
2025-09-05 16:46:19,117|line:382| *********子动态结束*********
2025-09-05 16:46:19,117|line:538| -=-=-=-=处理回最初的动态-=-=-=-=
2025-09-05 16:46:27,170|line:476| 转发成功 1109185552050028566
2025-09-05 16:46:30,845|line:495| 评论发送成功
2025-09-05 16:46:34,492|line:425| 3494370223327232 === 已经关注了
2025-09-05 16:46:37,937|line:504| 动态-点赞 0
2025-09-05 16:46:39,938|line:520| https://t.bilibili.com/1108966070579888133
2025-09-05 16:46:39,938|line:522| 已有
2025-09-05 16:46:39,938|line:520| https://t.bilibili.com/1108967462155583492
2025-09-05 16:46:39,938|line:522| 已有
2025-09-05 16:46:39,938|line:520| https://t.bilibili.com/1108963484996993047
2025-09-05 16:46:44,373|line:337| =========此为子动态=========
2025-09-05 16:46:47,706|line:388| *************原动态处理开始***************
2025-09-05 16:46:55,373|line:476| 转发成功 1109185676550602756
2025-09-05 16:46:58,713|line:495| 评论发送成功
2025-09-05 16:47:03,042|line:425| 488757623 === 已经关注了
2025-09-05 16:47:06,297|line:504| 动态-点赞 0
2025-09-05 16:47:06,297|line:397| *************原动态处理完成***************
2025-09-05 16:47:07,897|line:363| *********子动态开始*********
2025-09-05 16:47:19,075|line:476| 转发成功 1109185775386230809
2025-09-05 16:47:22,520|line:495| 评论发送成功
2025-09-05 16:47:27,077|line:425| 352104082 === 已经关注了
2025-09-05 16:47:27,077|line:377| ----完成一个子动态----
2025-09-05 16:47:27,078|line:382| *********子动态结束*********
2025-09-05 16:47:29,078|line:520| https://t.bilibili.com/1108963502200979489
2025-09-05 16:47:29,078|line:522| 已有
2025-09-05 16:47:29,079|line:520| https://t.bilibili.com/1109041966937538569
2025-09-05 16:47:30,443|line:337| =========此为子动态=========
2025-09-05 16:47:34,868|line:401| *************原动态已存在***************
2025-09-05 16:47:36,311|line:363| *********子动态开始*********
2025-09-05 16:47:44,741|line:476| 转发成功 1109185887012388868
2025-09-05 16:47:48,252|line:495| 评论发送成功
2025-09-05 16:47:54,933|line:425| 618447026 === 已经关注了
2025-09-05 16:47:54,933|line:377| ----完成一个子动态----
2025-09-05 16:48:28,045|line:382| *********子动态结束*********
2025-09-05 16:48:28,046|line:538| -=-=-=-=处理回最初的动态-=-=-=-=
2025-09-05 16:48:36,373|line:476| 转发成功 1109186110352785412
2025-09-05 16:48:39,825|line:495| 评论发送成功
2025-09-05 16:48:44,160|line:425| 631208134 === 已经关注了
2025-09-05 16:48:47,429|line:504| 动态-点赞 0
2025-09-05 16:48:49,430|line:520| https://t.bilibili.com/1109032350545608711
2025-09-05 16:48:50,671|line:337| =========此为子动态=========
2025-09-05 16:48:55,028|line:388| *************原动态处理开始***************
2025-09-05 16:48:59,693|line:476| 转发成功 1109186209141227524
2025-09-05 16:49:03,011|line:495| 评论发送成功
2025-09-05 16:49:09,818|line:437| 关注 ==== 1442944920 0
2025-09-05 16:49:13,094|line:504| 动态-点赞 0
2025-09-05 16:49:13,094|line:397| *************原动态处理完成***************
2025-09-05 16:49:15,681|line:363| *********子动态开始*********
2025-09-05 16:49:29,550|line:476| 转发成功 1109186338019606536
2025-09-05 16:49:33,067|line:495| 评论发送成功
2025-09-05 16:49:39,621|line:425| 1896914126 === 已经关注了
2025-09-05 16:49:39,622|line:377| ----完成一个子动态----
2025-09-05 16:49:39,622|line:382| *********子动态结束*********
2025-09-05 16:49:43,623|line:520| https://t.bilibili.com/1109036082873237521
2025-09-05 16:49:46,054|line:527| 官方 或 预约 OUT！
2025-09-05 16:49:46,055|line:520| https://t.bilibili.com/1108978835266732034
2025-09-05 16:49:48,295|line:342| =========此为源动态=========
2025-09-05 16:49:52,731|line:363| *********子动态开始*********
2025-09-05 16:50:03,900|line:476| 转发成功 1109186484036960259
2025-09-05 16:50:07,289|line:495| 评论发送成功
2025-09-05 16:50:11,053|line:425| 505010319 === 已经关注了
2025-09-05 16:50:11,054|line:377| ----完成一个子动态----
2025-09-05 16:50:11,054|line:382| *********子动态结束*********
2025-09-05 16:50:11,055|line:538| -=-=-=-=处理回最初的动态-=-=-=-=
2025-09-05 16:50:20,059|line:476| 转发成功 1109186552770068483
2025-09-05 16:50:23,406|line:495| 评论发送成功
2025-09-05 16:50:25,738|line:425| 429643625 === 已经关注了
2025-09-05 16:50:29,122|line:504| 动态-点赞 0
2025-09-05 16:50:31,123|line:520| https://t.bilibili.com/1108996363034558485
2025-09-05 16:50:32,511|line:337| =========此为子动态=========
2025-09-05 16:50:36,933|line:388| *************原动态处理开始***************
2025-09-05 16:50:41,634|line:476| 转发成功 1109186647265640453
2025-09-05 16:50:44,988|line:495| 评论发送成功
2025-09-05 16:50:46,304|line:425| 25876049 === 已经关注了
2025-09-05 16:50:49,576|line:504| 动态-点赞 0
2025-09-05 16:50:49,576|line:397| *************原动态处理完成***************
2025-09-05 16:50:50,933|line:363| *********子动态开始*********
2025-09-05 16:50:59,089|line:476| 转发成功 1109186720271695913
2025-09-05 16:51:02,541|line:495| 评论发送成功
2025-09-05 16:51:09,122|line:425| 25876049 === 已经关注了
2025-09-05 16:51:09,123|line:377| ----完成一个子动态----
2025-09-05 16:51:09,124|line:382| *********子动态结束*********
2025-09-05 16:51:10,124|line:520| https://t.bilibili.com/1109022755554066441
2025-09-05 16:51:11,362|line:342| =========此为源动态=========
2025-09-05 16:51:13,658|line:363| *********子动态开始*********
2025-09-05 16:51:13,659|line:382| *********子动态结束*********
2025-09-05 16:51:13,659|line:538| -=-=-=-=处理回最初的动态-=-=-=-=
2025-09-05 16:51:22,825|line:476| 转发成功 1109186823351959576
2025-09-05 16:51:26,302|line:495| 评论发送成功
2025-09-05 16:51:29,624|line:425| 92337361 === 已经关注了
2025-09-05 16:51:32,886|line:504| 动态-点赞 0
2025-09-05 16:51:35,887|line:520| https://t.bilibili.com/1109050823198900224
2025-09-05 16:51:39,233|line:527| 官方 或 预约 OUT！
2025-09-05 16:51:39,233|line:520| https://t.bilibili.com/1109003507713703938
2025-09-05 16:51:40,486|line:342| =========此为源动态=========
2025-09-05 16:51:43,952|line:363| *********子动态开始*********
2025-09-05 16:51:43,953|line:382| *********子动态结束*********
2025-09-05 16:51:43,953|line:538| -=-=-=-=处理回最初的动态-=-=-=-=
2025-09-05 16:51:50,053|line:476| 转发成功 1109186939279376389
2025-09-05 16:51:53,433|line:495| 评论发送成功
2025-09-05 16:51:57,857|line:425| 2124048828 === 已经关注了
2025-09-05 16:52:01,119|line:504| 动态-点赞 0
2025-09-05 16:52:05,120|line:520| https://t.bilibili.com/1109085204414201862
2025-09-05 16:52:06,408|line:527| 官方 或 预约 OUT！
2025-09-05 16:52:06,409|line:520| https://t.bilibili.com/1108963162905903107
2025-09-05 16:52:06,409|line:522| 已有
2025-09-05 16:52:06,409|line:520| https://t.bilibili.com/1109040949070135313
2025-09-05 16:52:07,658|line:342| =========此为源动态=========
2025-09-05 16:52:09,109|line:363| *********子动态开始*********
2025-09-05 16:52:09,109|line:382| *********子动态结束*********
2025-09-05 16:52:09,109|line:538| -=-=-=-=处理回最初的动态-=-=-=-=
2025-09-05 16:52:20,210|line:476| 转发成功 1109187072431751170
2025-09-05 16:52:23,593|line:495| 评论发送成功
2025-09-05 16:52:28,037|line:425| 357061011 === 已经关注了
2025-09-05 16:52:31,305|line:504| 动态-点赞 0
2025-09-05 16:52:33,306|line:520| https://t.bilibili.com/1108759761876156419
2025-09-05 16:52:37,561|line:342| =========此为源动态=========
2025-09-05 16:52:41,005|line:363| *********子动态开始*********
2025-09-05 16:52:41,005|line:382| *********子动态结束*********
2025-09-05 16:52:41,005|line:538| -=-=-=-=处理回最初的动态-=-=-=-=
2025-09-05 16:52:51,138|line:476| 转发成功 1109187201263992839
2025-09-05 16:52:54,503|line:495| 评论发送成功
2025-09-05 16:52:59,107|line:425| 100680137 === 已经关注了
2025-09-05 16:53:02,363|line:504| 动态-点赞 0
2025-09-05 16:53:04,363|line:520| https://t.bilibili.com/1109021789225222146
2025-09-05 16:53:06,624|line:527| 官方 或 预约 OUT！
2025-09-05 16:53:06,625|line:520| https://t.bilibili.com/1108998497604993029
2025-09-05 16:53:06,625|line:522| 已有
2025-09-05 16:53:06,625|line:520| https://t.bilibili.com/1108962694733496323
2025-09-05 16:53:06,625|line:522| 已有
2025-09-05 16:53:06,625|line:520| https://t.bilibili.com/1108988303529476120
2025-09-05 16:53:10,964|line:342| =========此为源动态=========
2025-09-05 16:53:14,451|line:363| *********子动态开始*********
2025-09-05 16:53:14,451|line:382| *********子动态结束*********
2025-09-05 16:53:14,452|line:538| -=-=-=-=处理回最初的动态-=-=-=-=
2025-09-05 16:53:24,427|line:476| 转发成功 1109187347345309704
2025-09-05 16:53:27,822|line:495| 评论发送成功
2025-09-05 16:53:29,152|line:425| 287886755 === 已经关注了
2025-09-05 16:53:32,610|line:504| 动态-点赞 0
2025-09-05 16:53:34,610|line:520| https://t.bilibili.com/1109049893317509127
2025-09-05 16:53:39,044|line:342| =========此为源动态=========
2025-09-05 16:53:42,707|line:363| *********子动态开始*********
2025-09-05 16:53:42,707|line:382| *********子动态结束*********
2025-09-05 16:53:42,707|line:538| -=-=-=-=处理回最初的动态-=-=-=-=
2025-09-05 16:53:51,857|line:476| 转发成功 1109187463270629399
2025-09-05 16:53:55,225|line:495| 评论发送成功
2025-09-05 16:54:01,861|line:437| 关注 ==== 388146781 0
2025-09-05 16:54:05,121|line:504| 动态-点赞 0
2025-09-05 16:54:08,121|line:520| https://t.bilibili.com/1109103531045945345
2025-09-05 16:54:09,378|line:342| =========此为源动态=========
2025-09-05 16:54:12,057|line:363| *********子动态开始*********
2025-09-05 16:54:12,057|line:382| *********子动态结束*********
2025-09-05 16:54:12,058|line:538| -=-=-=-=处理回最初的动态-=-=-=-=
2025-09-05 16:54:21,140|line:476| 转发成功 1109187587829923859
2025-09-05 16:54:24,603|line:495| 评论发送成功
2025-09-05 16:54:29,111|line:425| 383768376 === 已经关注了
2025-09-05 16:54:32,392|line:504| 动态-点赞 0
2025-09-05 16:54:35,392|line:520| https://t.bilibili.com/1108982855355072513
2025-09-05 16:54:37,641|line:337| =========此为子动态=========
2025-09-05 16:54:42,148|line:388| *************原动态处理开始***************
2025-09-05 16:54:49,939|line:476| 转发成功 1109187712415432705
2025-09-05 16:54:53,275|line:495| 评论发送成功
2025-09-05 16:54:54,600|line:425| 429643625 === 已经关注了
2025-09-05 16:54:57,871|line:504| 动态-点赞 0
2025-09-05 16:54:57,871|line:397| *************原动态处理完成***************
2025-09-05 16:55:01,302|line:363| *********子动态开始*********
2025-09-05 16:55:12,698|line:476| 转发成功 1109187811181854722
2025-09-05 16:55:16,036|line:495| 评论发送成功
2025-09-05 16:55:22,615|line:425| 47994846 === 已经关注了
2025-09-05 16:55:22,615|line:377| ----完成一个子动态----
2025-09-05 16:55:22,616|line:382| *********子动态结束*********
2025-09-05 16:55:23,616|line:520| https://t.bilibili.com/1109030565978308625
2025-09-05 16:55:26,985|line:342| =========此为源动态=========
2025-09-05 16:55:30,591|line:363| *********子动态开始*********
2025-09-05 16:55:30,592|line:382| *********子动态结束*********
2025-09-05 16:55:30,592|line:538| -=-=-=-=处理回最初的动态-=-=-=-=
2025-09-05 16:55:42,900|line:476| 转发成功 1109187940027727878
2025-09-05 16:55:46,361|line:495| 评论发送成功
2025-09-05 16:55:50,755|line:425| 442205753 === 已经关注了
2025-09-05 16:55:54,046|line:504| 动态-点赞 0
2025-09-05 16:55:57,046|line:520| https://t.bilibili.com/1108247896241733632
2025-09-05 16:56:00,294|line:527| 官方 或 预约 OUT！
2025-09-05 16:56:00,295|line:520| https://t.bilibili.com/1109074741857091609
2025-09-05 16:56:01,527|line:342| =========此为源动态=========
2025-09-05 16:56:03,975|line:363| *********子动态开始*********
2025-09-05 16:56:03,976|line:382| *********子动态结束*********
2025-09-05 16:56:03,976|line:538| -=-=-=-=处理回最初的动态-=-=-=-=
2025-09-05 16:56:10,099|line:476| 转发成功 1109188055981359125
2025-09-05 16:56:13,543|line:495| 评论发送成功
2025-09-05 16:56:15,858|line:425| 6043533 === 已经关注了
2025-09-05 16:56:19,132|line:504| 动态-点赞 0
2025-09-05 16:56:20,133|line:520| https://t.bilibili.com/1108970305445953570
2025-09-05 16:56:20,133|line:522| 已有
2025-09-05 16:56:20,133|line:520| https://t.bilibili.com/1108963253114896423
2025-09-05 16:56:20,133|line:522| 已有
2025-09-05 16:56:20,134|line:520| https://t.bilibili.com/1109049893343723540
2025-09-05 16:56:22,490|line:342| =========此为源动态=========
2025-09-05 16:56:24,093|line:363| *********子动态开始*********
2025-09-05 16:56:24,094|line:382| *********子动态结束*********
2025-09-05 16:56:24,094|line:538| -=-=-=-=处理回最初的动态-=-=-=-=
2025-09-05 16:56:35,329|line:476| 转发成功 1109188167634780166
2025-09-05 16:56:38,889|line:495| 评论发送成功
2025-09-05 16:56:42,200|line:425| 3493094662081152 === 已经关注了
2025-09-05 16:56:45,466|line:504| 动态-点赞 0
2025-09-05 16:56:46,466|line:520| https://t.bilibili.com/1109080817085186049
2025-09-05 16:56:48,825|line:342| =========此为源动态=========
2025-09-05 16:56:53,493|line:363| *********子动态开始*********
2025-09-05 16:56:53,493|line:382| *********子动态结束*********
2025-09-05 16:56:53,493|line:538| -=-=-=-=处理回最初的动态-=-=-=-=
2025-09-05 16:57:01,859|line:476| 转发成功 1109188279349018664
2025-09-05 16:57:05,507|line:495| 评论发送成功
2025-09-05 16:57:07,974|line:425| 3494354823940360 === 已经关注了
2025-09-05 16:57:11,246|line:504| 动态-点赞 0
2025-09-05 16:57:13,246|line:520| https://t.bilibili.com/1109023949586432054
2025-09-05 16:57:13,246|line:522| 已有
2025-09-05 16:57:13,246|line:520| https://t.bilibili.com/1108979238962200599
2025-09-05 16:57:13,247|line:522| 已有
2025-09-05 16:57:13,247|line:520| https://t.bilibili.com/1109081558002696194
2025-09-05 16:57:14,505|line:342| =========此为源动态=========
2025-09-05 16:57:18,983|line:363| *********子动态开始*********
2025-09-05 16:57:18,983|line:382| *********子动态结束*********
2025-09-05 16:57:18,984|line:538| -=-=-=-=处理回最初的动态-=-=-=-=
2025-09-05 16:57:28,000|line:476| 转发成功 1109188391019216898
2025-09-05 16:57:31,372|line:495| 评论发送成功
2025-09-05 16:57:34,904|line:425| 1242470427 === 已经关注了
2025-09-05 16:57:38,294|line:504| 动态-点赞 0
2025-09-05 16:57:42,295|line:520| https://t.bilibili.com/1108941660169961495
2025-09-05 16:57:42,295|line:522| 已有
2025-09-05 16:57:42,295|line:520| https://t.bilibili.com/1109085500782673926
2025-09-05 16:57:42,295|line:522| 已有
2025-09-05 16:57:42,296|line:520| https://t.bilibili.com/1109037942609805337
2025-09-05 16:57:45,543|line:342| =========此为源动态=========
2025-09-05 16:57:49,190|line:363| *********子动态开始*********
2025-09-05 16:57:49,190|line:382| *********子动态结束*********
2025-09-05 16:57:49,190|line:538| -=-=-=-=处理回最初的动态-=-=-=-=
2025-09-05 16:57:58,281|line:476| 转发成功 1109188524167397380
2025-09-05 16:58:01,834|line:495| 评论发送成功
2025-09-05 16:58:05,239|line:425| 3493259242375305 === 已经关注了
2025-09-05 16:58:08,521|line:504| 动态-点赞 0
2025-09-05 16:58:09,522|line:520| https://t.bilibili.com/1108965563785281537
2025-09-05 16:58:09,522|line:522| 已有
2025-09-05 16:58:09,522|line:520| https://t.bilibili.com/1109040429392723972
2025-09-05 16:58:11,762|line:337| =========此为子动态=========
2025-09-05 16:58:13,138|line:401| *************原动态已存在***************
2025-09-05 16:58:16,620|line:363| *********子动态开始*********
2025-09-05 16:58:26,035|line:476| 转发成功 1109188640078037001
2025-09-05 16:58:29,512|line:495| 评论发送成功
2025-09-05 16:58:36,202|line:425| 1694196506 === 已经关注了
2025-09-05 16:58:36,203|line:377| ----完成一个子动态----
2025-09-05 16:58:45,229|line:476| 转发成功 1109188725983674384
2025-09-05 16:58:48,575|line:495| 评论发送成功
2025-09-05 16:58:53,298|line:425| 1129687681 === 已经关注了
2025-09-05 16:58:53,298|line:377| ----完成一个子动态----
2025-09-05 16:58:53,299|line:382| *********子动态结束*********
2025-09-05 16:58:54,300|line:520| https://t.bilibili.com/1108964021914042376
2025-09-05 16:58:54,300|line:522| 已有
2025-09-05 16:58:54,300|line:520| https://t.bilibili.com/1109086033342889993
2025-09-05 16:58:55,617|line:342| =========此为源动态=========
2025-09-05 16:58:59,905|line:363| *********子动态开始*********
2025-09-05 16:58:59,906|line:382| *********子动态结束*********
2025-09-05 16:58:59,906|line:538| -=-=-=-=处理回最初的动态-=-=-=-=
2025-09-05 16:59:10,070|line:476| 转发成功 1109188829075472409
2025-09-05 16:59:13,534|line:495| 评论发送成功
2025-09-05 16:59:17,977|line:425| 26012012 === 已经关注了
2025-09-05 16:59:21,247|line:504| 动态-点赞 0
2025-09-05 16:59:24,247|line:520| https://t.bilibili.com/1109017584452239360
2025-09-05 16:59:28,487|line:342| =========此为源动态=========
2025-09-05 16:59:31,299|line:363| *********子动态开始*********
2025-09-05 16:59:31,299|line:382| *********子动态结束*********
2025-09-05 16:59:31,300|line:538| -=-=-=-=处理回最初的动态-=-=-=-=
2025-09-05 16:59:41,704|line:476| 转发成功 1109188966497648641
2025-09-05 16:59:45,126|line:495| 评论发送成功
2025-09-05 16:59:51,975|line:437| 关注 ==== 3546820611410090 0
2025-09-05 16:59:55,370|line:504| 动态-点赞 0
2025-09-05 16:59:57,371|line:520| https://t.bilibili.com/1108962870825058313
2025-09-05 16:59:57,371|line:522| 已有
2025-09-05 16:59:57,371|line:520| https://t.bilibili.com/1108978779383922727
2025-09-05 16:59:57,372|line:522| 已有
2025-09-05 16:59:57,372|line:520| https://t.bilibili.com/1109049972803764265
2025-09-05 17:00:00,729|line:342| =========此为源动态=========
2025-09-05 17:00:05,209|line:363| *********子动态开始*********
2025-09-05 17:00:05,210|line:382| *********子动态结束*********
2025-09-05 17:00:05,210|line:538| -=-=-=-=处理回最初的动态-=-=-=-=
2025-09-05 17:00:14,674|line:476| 转发成功 1109189108265123849
2025-09-05 17:00:18,056|line:495| 评论发送成功
2025-09-05 17:00:20,369|line:425| 486445583 === 已经关注了
2025-09-05 17:00:23,643|line:504| 动态-点赞 0
2025-09-05 17:00:25,644|line:520| https://t.bilibili.com/1108966955370414086
2025-09-05 17:00:25,644|line:522| 已有
2025-09-05 17:00:25,644|line:520| https://t.bilibili.com/1109073086176559125
2025-09-05 17:00:28,284|line:342| =========此为源动态=========
2025-09-05 17:00:29,742|line:363| *********子动态开始*********
2025-09-05 17:00:29,742|line:382| *********子动态结束*********
2025-09-05 17:00:29,742|line:538| -=-=-=-=处理回最初的动态-=-=-=-=
2025-09-05 17:00:38,879|line:476| 转发成功 1109189211314978818
2025-09-05 17:00:42,215|line:495| 评论发送成功
2025-09-05 17:00:45,528|line:425| 471130755 === 已经关注了
2025-09-05 17:00:48,913|line:504| 动态-点赞 0
2025-09-05 17:00:49,913|line:520| https://t.bilibili.com/1109064399591571460
2025-09-05 17:00:54,227|line:342| =========此为源动态=========
2025-09-05 17:00:57,674|line:363| *********子动态开始*********
2025-09-05 17:00:57,674|line:382| *********子动态结束*********
2025-09-05 17:00:57,674|line:538| -=-=-=-=处理回最初的动态-=-=-=-=
2025-09-05 17:01:04,805|line:476| 转发成功 1109189323007197236
2025-09-05 17:01:08,367|line:495| 评论发送成功
2025-09-05 17:01:09,733|line:425| 1930420310 === 已经关注了
2025-09-05 17:01:13,004|line:504| 动态-点赞 0
2025-09-05 17:01:15,004|line:520| https://t.bilibili.com/1108962888031141929
2025-09-05 17:01:15,005|line:522| 已有
2025-09-05 17:01:15,005|line:520| https://t.bilibili.com/1108988554772480000
2025-09-05 17:01:18,250|line:527| 官方 或 预约 OUT！
2025-09-05 17:01:18,251|line:520| https://t.bilibili.com/1108771646028644354
2025-09-05 17:01:22,514|line:527| 官方 或 预约 OUT！
2025-09-05 17:01:22,514|line:520| https://t.bilibili.com/1109094953959555072
2025-09-05 17:01:23,759|line:527| 官方 或 预约 OUT！
2025-09-05 17:01:23,759|line:520| https://t.bilibili.com/1108976717852049433
2025-09-05 17:01:25,119|line:527| 官方 或 预约 OUT！
2025-09-05 17:01:25,119|line:520| https://t.bilibili.com/1108971774334205952
2025-09-05 17:01:28,505|line:342| =========此为源动态=========
2025-09-05 17:01:31,796|line:363| *********子动态开始*********
2025-09-05 17:01:31,796|line:382| *********子动态结束*********
2025-09-05 17:01:31,796|line:538| -=-=-=-=处理回最初的动态-=-=-=-=
2025-09-05 17:01:41,848|line:476| 转发成功 1109189481906307081
2025-09-05 17:01:45,189|line:495| 评论发送成功
2025-09-05 17:01:47,509|line:425| 690588074 === 已经关注了
2025-09-05 17:01:50,899|line:504| 动态-点赞 0
2025-09-05 17:01:52,900|line:520| https://t.bilibili.com/1109050522526023689
2025-09-05 17:01:54,140|line:342| =========此为源动态=========
2025-09-05 17:01:57,468|line:363| *********子动态开始*********
2025-09-05 17:01:57,469|line:382| *********子动态结束*********
2025-09-05 17:01:57,469|line:538| -=-=-=-=处理回最初的动态-=-=-=-=
2025-09-05 17:02:06,473|line:476| 转发成功 1109189589299363844
2025-09-05 17:02:09,892|line:495| 评论发送成功
2025-09-05 17:02:12,328|line:425| 405247284 === 已经关注了
2025-09-05 17:02:15,683|line:504| 动态-点赞 0
2025-09-05 17:02:17,684|line:520| https://t.bilibili.com/1108755776118194184
2025-09-05 17:02:20,015|line:527| 官方 或 预约 OUT！
2025-09-05 17:02:20,015|line:520| https://t.bilibili.com/1107149179155644417
2025-09-05 17:02:21,555|line:527| 官方 或 预约 OUT！
2025-09-05 17:02:21,556|line:520| https://t.bilibili.com/1108957122032304128
2025-09-05 17:02:24,792|line:342| =========此为源动态=========
2025-09-05 17:02:27,381|line:363| *********子动态开始*********
2025-09-05 17:02:27,381|line:382| *********子动态结束*********
2025-09-05 17:02:27,382|line:538| -=-=-=-=处理回最初的动态-=-=-=-=
2025-09-05 17:02:35,665|line:476| 转发成功 1109189713851318297
2025-09-05 17:02:38,994|line:495| 评论发送成功
2025-09-05 17:02:43,406|line:425| 1464627422 === 已经关注了
2025-09-05 17:02:46,676|line:504| 动态-点赞 0
2025-09-05 17:02:48,677|line:520| https://t.bilibili.com/1108788258946416645
2025-09-05 17:02:51,999|line:342| =========此为源动态=========
2025-09-05 17:02:53,478|line:363| *********子动态开始*********
2025-09-05 17:02:53,479|line:382| *********子动态结束*********
2025-09-05 17:02:53,479|line:538| -=-=-=-=处理回最初的动态-=-=-=-=
2025-09-05 17:03:01,585|line:476| 转发成功 1109189825519419399
2025-09-05 17:03:04,904|line:495| 评论发送成功
2025-09-05 17:03:07,224|line:425| 43222392 === 已经关注了
2025-09-05 17:03:10,518|line:504| 动态-点赞 0
2025-09-05 17:03:13,518|line:520| https://t.bilibili.com/1108961384816705539
2025-09-05 17:03:13,519|line:522| 已有
2025-09-05 17:03:13,519|line:520| https://t.bilibili.com/1108979969081475097
2025-09-05 17:03:13,519|line:522| 已有
2025-09-05 17:03:13,519|line:520| https://t.bilibili.com/1109080817071554576
2025-09-05 17:03:15,772|line:342| =========此为源动态=========
2025-09-05 17:03:18,302|line:363| *********子动态开始*********
2025-09-05 17:03:18,303|line:382| *********子动态结束*********
2025-09-05 17:03:18,303|line:538| -=-=-=-=处理回最初的动态-=-=-=-=
2025-09-05 17:03:28,473|line:476| 转发成功 1109189941489827847
2025-09-05 17:03:31,967|line:495| 评论发送成功
2025-09-05 17:03:34,395|line:425| 3493082584582776 === 已经关注了
2025-09-05 17:03:37,656|line:504| 动态-点赞 0
2025-09-05 17:03:39,657|line:520| https://t.bilibili.com/1109022214442713091
2025-09-05 17:03:42,117|line:342| =========此为源动态=========
2025-09-05 17:03:43,417|line:363| *********子动态开始*********
2025-09-05 17:03:43,417|line:382| *********子动态结束*********
2025-09-05 17:03:43,417|line:538| -=-=-=-=处理回最初的动态-=-=-=-=
2025-09-05 17:03:50,538|line:476| 转发成功 1109190035987496965
2025-09-05 17:03:53,882|line:495| 评论发送成功
2025-09-05 17:03:57,197|line:425| 108766164 === 已经关注了
2025-09-05 17:04:00,483|line:504| 动态-点赞 0
2025-09-05 17:04:02,483|line:520| https://t.bilibili.com/1108979638382624773
2025-09-05 17:04:02,484|line:522| 已有
2025-09-05 17:04:02,484|line:520| https://t.bilibili.com/1109068303729426472
2025-09-05 17:04:06,731|line:527| 官方 或 预约 OUT！
2025-09-05 17:04:06,731|line:520| https://t.bilibili.com/1108977499509882880
2025-09-05 17:04:10,991|line:337| =========此为子动态=========
2025-09-05 17:04:13,455|line:388| *************原动态处理开始***************
2025-09-05 17:04:21,252|line:476| 转发成功 1109190169131483141
2025-09-05 17:04:24,750|line:495| 评论发送成功
2025-09-05 17:04:29,171|line:425| 251768781 === 已经关注了
2025-09-05 17:04:32,636|line:504| 动态-点赞 0
2025-09-05 17:04:32,637|line:397| *************原动态处理完成***************
2025-09-05 17:04:36,194|line:363| *********子动态开始*********
2025-09-05 17:04:46,445|line:476| 转发成功 1109190276455333888
2025-09-05 17:04:49,794|line:495| 评论发送成功
2025-09-05 17:04:52,450|line:425| 396808737 === 已经关注了
2025-09-05 17:04:52,451|line:377| ----完成一个子动态----
2025-09-05 17:04:52,451|line:382| *********子动态结束*********
2025-09-05 17:04:55,452|line:520| https://t.bilibili.com/1109072220731211778
2025-09-05 17:04:56,707|line:527| 官方 或 预约 OUT！
2025-09-05 17:04:56,707|line:520| https://t.bilibili.com/1108949199994486800
2025-09-05 17:05:00,954|line:342| =========此为源动态=========
2025-09-05 17:05:02,760|line:363| *********子动态开始*********
2025-09-05 17:05:02,760|line:382| *********子动态结束*********
2025-09-05 17:05:02,761|line:538| -=-=-=-=处理回最初的动态-=-=-=-=
2025-09-05 17:05:12,976|line:476| 转发成功 1109190388161183747
2025-09-05 17:05:16,478|line:495| 评论发送成功
2025-09-05 17:05:22,286|line:437| 关注 ==== 323252394 0
2025-09-05 17:05:25,548|line:504| 动态-点赞 0
2025-09-05 17:05:26,549|line:520| https://t.bilibili.com/1109054138911555603
2025-09-05 17:05:30,980|line:342| =========此为源动态=========
2025-09-05 17:05:32,584|line:363| *********子动态开始*********
2025-09-05 17:05:32,585|line:382| *********子动态结束*********
2025-09-05 17:05:32,585|line:538| -=-=-=-=处理回最初的动态-=-=-=-=
2025-09-05 17:05:43,716|line:476| 转发成功 1109190521287344132
2025-09-05 17:05:47,164|line:495| 评论发送成功
2025-09-05 17:05:51,496|line:425| 342507763 === 已经关注了
2025-09-05 17:05:54,886|line:504| 动态-点赞 0
2025-09-05 17:05:56,887|line:520| https://t.bilibili.com/1108766625233895426
2025-09-05 17:05:58,321|line:527| 官方 或 预约 OUT！
2025-09-05 17:05:58,321|line:520| https://t.bilibili.com/1107567126748594184
2025-09-05 17:06:02,561|line:527| 官方 或 预约 OUT！
2025-09-05 17:06:02,561|line:520| https://t.bilibili.com/1108985612723028019
2025-09-05 17:06:03,807|line:342| =========此为源动态=========
2025-09-05 17:06:07,246|line:363| *********子动态开始*********
2025-09-05 17:06:16,452|line:476| 转发成功 1109190663055867913
2025-09-05 17:06:19,792|line:495| 评论发送成功
2025-09-05 17:06:27,355|line:425| 102734471 === 已经关注了
2025-09-05 17:06:27,356|line:377| ----完成一个子动态----
2025-09-05 17:06:27,356|line:382| *********子动态结束*********
2025-09-05 17:06:27,357|line:538| -=-=-=-=处理回最初的动态-=-=-=-=
2025-09-05 17:06:36,395|line:476| 转发成功 1109190748945776665
2025-09-05 17:06:39,753|line:495| 评论发送成功
2025-09-05 17:06:41,081|line:425| 429643625 === 已经关注了
2025-09-05 17:06:44,463|line:504| 动态-点赞 0
2025-09-05 17:06:48,464|line:520| https://t.bilibili.com/1108976318405410836
2025-09-05 17:06:51,782|line:342| =========此为源动态=========
2025-09-05 17:06:54,247|line:363| *********子动态开始*********
2025-09-05 17:07:02,425|line:476| 转发成功 1109190860626460681
2025-09-05 17:07:05,793|line:495| 评论发送成功
2025-09-05 17:07:15,879|line:437| 关注 ==== 598499865 0
2025-09-05 17:07:15,880|line:377| ----完成一个子动态----
2025-09-05 17:07:15,880|line:382| *********子动态结束*********
2025-09-05 17:07:15,880|line:538| -=-=-=-=处理回最初的动态-=-=-=-=
2025-09-05 17:07:27,088|line:476| 转发成功 1109190963687849989
2025-09-05 17:07:30,446|line:495| 评论发送成功
2025-09-05 17:07:34,782|line:425| 429643625 === 已经关注了
2025-09-05 17:07:38,043|line:504| 动态-点赞 0
2025-09-05 17:07:40,044|line:520| https://t.bilibili.com/1108926198287695879
2025-09-05 17:07:40,044|line:522| 已有
2025-09-05 17:07:40,044|line:520| https://t.bilibili.com/1108988108088541220
2025-09-05 17:07:40,044|line:522| 已有
2025-09-05 17:07:40,044|line:520| https://t.bilibili.com/1108987257688162312
2025-09-05 17:07:40,044|line:522| 已有
2025-09-05 17:07:40,044|line:520| https://t.bilibili.com/1108992076635176961
2025-09-05 17:07:40,045|line:522| 已有
2025-09-05 17:07:40,045|line:520| https://t.bilibili.com/1108982077924048918
2025-09-05 17:07:40,045|line:522| 已有
2025-09-05 17:07:40,045|line:520| https://t.bilibili.com/1108710197915811863
2025-09-05 17:07:42,475|line:342| =========此为源动态=========
2025-09-05 17:07:45,945|line:363| *********子动态开始*********
2025-09-05 17:07:45,945|line:382| *********子动态结束*********
2025-09-05 17:07:45,946|line:538| -=-=-=-=处理回最初的动态-=-=-=-=
2025-09-05 17:07:57,123|line:476| 转发成功 1109191096836030470
2025-09-05 17:08:00,557|line:495| 评论发送成功
2025-09-05 17:08:01,880|line:425| 3494354823940360 === 已经关注了
2025-09-05 17:08:05,138|line:504| 动态-点赞 0
2025-09-05 17:08:09,138|line:520| https://t.bilibili.com/1109080817092526085
2025-09-05 17:08:11,486|line:342| =========此为源动态=========
2025-09-05 17:08:15,969|line:363| *********子动态开始*********
2025-09-05 17:08:15,970|line:382| *********子动态结束*********
2025-09-05 17:08:15,970|line:538| -=-=-=-=处理回最初的动态-=-=-=-=
2025-09-05 17:08:27,038|line:476| 转发成功 1109191221390082052
2025-09-05 17:08:30,489|line:495| 评论发送成功
2025-09-05 17:08:33,812|line:425| 3850213 === 已经关注了
2025-09-05 17:08:37,082|line:504| 动态-点赞 0
2025-09-05 17:08:38,083|line:520| https://t.bilibili.com/1109046008560484352
2025-09-05 17:08:38,083|line:522| 已有
2025-09-05 17:08:38,083|line:520| https://t.bilibili.com/1108967281804705809
2025-09-05 17:08:38,083|line:522| 已有
2025-09-05 17:08:38,084|line:520| https://t.bilibili.com/1109038483762053169
2025-09-05 17:08:42,447|line:527| 官方 或 预约 OUT！
2025-09-05 17:08:42,447|line:520| https://t.bilibili.com/1108967092782104610
2025-09-05 17:08:42,447|line:522| 已有
2025-09-05 17:08:42,447|line:520| https://t.bilibili.com/1108957122044887049
2025-09-05 17:08:45,796|line:342| =========此为源动态=========
2025-09-05 17:08:48,312|line:363| *********子动态开始*********
2025-09-05 17:08:48,312|line:382| *********子动态结束*********
2025-09-05 17:08:48,312|line:538| -=-=-=-=处理回最初的动态-=-=-=-=
2025-09-05 17:08:57,397|line:476| 转发成功 1109191354518339608
2025-09-05 17:09:00,867|line:495| 评论发送成功
2025-09-05 17:09:05,254|line:425| 1497838690 === 已经关注了
2025-09-05 17:09:08,521|line:504| 动态-点赞 0
2025-09-05 17:09:11,522|line:553| 执行结束
2025-09-05 17:09:11,522|line:559| ==================================================2025-09-06 01:09==================================================
2025-09-05 17:09:11,522|line:233| processing article 42941550
2025-09-05 17:09:16,067|line:508| ==================================================2025-09-06 01:09==================================================
2025-09-05 17:09:16,067|line:520| https://t.bilibili.com/1107149179155644417
2025-09-05 17:09:19,500|line:527| 官方 或 预约 OUT！
2025-09-05 17:09:19,500|line:520| https://t.bilibili.com/1105652975770009601
2025-09-05 17:09:21,860|line:527| 官方 或 预约 OUT！
2025-09-05 17:09:21,861|line:520| https://t.bilibili.com/1108247896241733632
2025-09-05 17:09:24,227|line:527| 官方 或 预约 OUT！
2025-09-05 17:09:24,227|line:520| https://t.bilibili.com/1107567126748594184
2025-09-05 17:09:28,475|line:527| 官方 或 预约 OUT！
2025-09-05 17:09:28,475|line:520| https://t.bilibili.com/1106500179559710743
2025-09-05 17:09:31,037|line:527| 官方 或 预约 OUT！
2025-09-05 17:09:31,037|line:520| https://t.bilibili.com/1106090710238494722
2025-09-05 17:09:32,394|line:527| 官方 或 预约 OUT！
2025-09-05 17:09:32,395|line:520| https://t.bilibili.com/1107879276379635736
2025-09-05 17:09:33,759|line:527| 官方 或 预约 OUT！
2025-09-05 17:09:33,759|line:520| https://t.bilibili.com/1103182042464518147
2025-09-05 17:09:36,000|line:527| 官方 或 预约 OUT！
2025-09-05 17:09:36,000|line:520| https://t.bilibili.com/1107162575148154888
2025-09-05 17:09:37,362|line:527| 官方 或 预约 OUT！
2025-09-05 17:09:37,362|line:520| https://t.bilibili.com/1097930993913823234
2025-09-05 17:09:40,611|line:527| 官方 或 预约 OUT！
2025-09-05 17:09:40,611|line:520| https://t.bilibili.com/1105276964294361125
2025-09-05 17:09:42,122|line:527| 官方 或 预约 OUT！
2025-09-05 17:09:42,122|line:520| https://t.bilibili.com/1106730621702504487
2025-09-05 17:09:46,482|line:527| 官方 或 预约 OUT！
2025-09-05 17:09:46,482|line:520| https://t.bilibili.com/1076461152482885636
2025-09-05 17:09:50,836|line:527| 官方 或 预约 OUT！
2025-09-05 17:09:50,836|line:520| https://t.bilibili.com/1105633012739997702
2025-09-05 17:09:53,090|line:527| 官方 或 预约 OUT！
2025-09-05 17:09:53,091|line:520| https://t.bilibili.com/1098744701265117189
2025-09-05 17:09:56,336|line:527| 官方 或 预约 OUT！
2025-09-05 17:09:56,336|line:520| https://t.bilibili.com/1107578104675565571
2025-09-05 17:10:00,601|line:527| 官方 或 预约 OUT！
2025-09-05 17:10:00,602|line:520| https://t.bilibili.com/1098336735230689281
2025-09-05 17:10:02,850|line:527| 官方 或 预约 OUT！
2025-09-05 17:10:02,850|line:553| 执行结束
2025-09-05 17:10:02,850|line:559| ==================================================2025-09-06 01:10==================================================
2025-09-05 17:10:02,850|line:233| processing article 42941523
2025-09-05 17:10:05,993|line:508| ==================================================2025-09-06 01:10==================================================
2025-09-05 17:10:05,993|line:520| https://t.bilibili.com/1107508882708627475
2025-09-05 17:10:07,317|line:527| 官方 或 预约 OUT！
2025-09-05 17:10:07,317|line:520| https://t.bilibili.com/1104163902024843272
2025-09-05 17:10:10,566|line:527| 官方 或 预约 OUT！
2025-09-05 17:10:10,566|line:520| https://t.bilibili.com/1108988215442800664
2025-09-05 17:10:14,822|line:527| 官方 或 预约 OUT！
2025-09-05 17:10:14,823|line:520| https://t.bilibili.com/1108665444339810312
2025-09-05 17:10:17,180|line:342| =========此为源动态=========
2025-09-05 17:10:20,479|line:363| *********子动态开始*********
2025-09-05 17:10:20,479|line:382| *********子动态结束*********
2025-09-05 17:10:20,479|line:538| -=-=-=-=处理回最初的动态-=-=-=-=
2025-09-05 17:10:28,624|line:476| 转发成功 1109191745349877781
2025-09-05 17:10:32,006|line:549| 'NoneType' object is not subscriptable
2025-09-05 17:10:32,007|line:550| error line:542
2025-09-05 17:10:35,007|line:520| https://t.bilibili.com/1104535077391433799
2025-09-05 17:10:39,258|line:527| 官方 或 预约 OUT！
2025-09-05 17:10:39,259|line:520| https://t.bilibili.com/1098601880700846084
2025-09-05 17:10:43,624|line:527| 官方 或 预约 OUT！
2025-09-05 17:10:43,624|line:520| https://t.bilibili.com/1107458060326010881
2025-09-05 17:10:45,057|line:527| 官方 或 预约 OUT！
2025-09-05 17:10:45,057|line:520| https://t.bilibili.com/1107874805328117795
2025-09-05 17:10:48,425|line:527| 官方 或 预约 OUT！
2025-09-05 17:10:48,425|line:520| https://t.bilibili.com/1098336735230689281
2025-09-05 17:10:52,669|line:527| 官方 或 预约 OUT！
2025-09-05 17:10:52,669|line:520| https://t.bilibili.com/1103781250506686470
2025-09-05 17:10:53,922|line:527| 官方 或 预约 OUT！
2025-09-05 17:10:53,922|line:520| https://t.bilibili.com/1107149179155644417
2025-09-05 17:10:57,169|line:527| 官方 或 预约 OUT！
2025-09-05 17:10:57,169|line:520| https://t.bilibili.com/1107503758812643332
2025-09-05 17:10:59,589|line:527| 官方 或 预约 OUT！
2025-09-05 17:10:59,589|line:520| https://t.bilibili.com/1108247896241733632
2025-09-05 17:11:02,950|line:527| 官方 或 预约 OUT！
2025-09-05 17:11:02,950|line:520| https://t.bilibili.com/1107567126748594184
2025-09-05 17:11:04,342|line:527| 官方 或 预约 OUT！
2025-09-05 17:11:04,342|line:520| https://t.bilibili.com/1108703429063081989
2025-09-05 17:11:07,698|line:527| 官方 或 预约 OUT！
2025-09-05 17:11:07,698|line:520| https://t.bilibili.com/1104913841950556177
2025-09-05 17:11:08,947|line:527| 官方 或 预约 OUT！
2025-09-05 17:11:08,947|line:520| https://t.bilibili.com/1098744701265117189
2025-09-05 17:11:12,189|line:527| 官方 或 预约 OUT！
2025-09-05 17:11:12,190|line:520| https://t.bilibili.com/1107550466577793025
2025-09-05 17:11:14,545|line:527| 官方 或 预约 OUT！
2025-09-05 17:11:14,545|line:520| https://t.bilibili.com/1106085109605335047
2025-09-05 17:11:18,793|line:527| 官方 或 预约 OUT！
2025-09-05 17:11:18,793|line:520| https://t.bilibili.com/1108766230095855624
2025-09-05 17:11:22,035|line:527| 官方 或 预约 OUT！
2025-09-05 17:11:22,035|line:520| https://t.bilibili.com/1106822392301223968
2025-09-05 17:11:23,288|line:527| 官方 或 预约 OUT！
2025-09-05 17:11:23,289|line:520| https://t.bilibili.com/1099687858884575234
2025-09-05 17:11:24,546|line:527| 官方 或 预约 OUT！
2025-09-05 17:11:24,546|line:520| https://t.bilibili.com/1104906317206650898
2025-09-05 17:11:28,807|line:527| 官方 或 预约 OUT！
2025-09-05 17:11:28,807|line:553| 执行结束
2025-09-05 17:11:28,808|line:559| ==================================================2025-09-06 01:11==================================================
2025-09-05 17:11:28,808|line:233| processing article 42934555
2025-09-05 17:11:31,953|line:508| ==================================================2025-09-06 01:11==================================================
2025-09-05 17:11:31,953|line:520| https://t.bilibili.com/1105376057791348754
2025-09-05 17:11:31,953|line:522| 已有
2025-09-05 17:11:31,953|line:520| https://t.bilibili.com/1105342793209872385
2025-09-05 17:11:33,207|line:337| =========此为子动态=========
2025-09-05 17:11:36,818|line:401| *************原动态已存在***************
2025-09-05 17:11:39,268|line:363| *********子动态开始*********
2025-09-05 17:11:50,574|line:476| 转发成功 1109192097519370295
2025-09-05 17:11:54,046|line:495| 评论发送成功
2025-09-05 17:11:59,724|line:425| 436170053 === 已经关注了
2025-09-05 17:11:59,725|line:377| ----完成一个子动态----
2025-09-05 17:12:11,786|line:476| 转发成功 1109192187724169223
2025-09-05 17:12:15,119|line:495| 评论发送成功
2025-09-05 17:12:21,758|line:425| 623410202 === 已经关注了
2025-09-05 17:12:21,759|line:377| ----完成一个子动态----
2025-09-05 17:12:21,759|line:382| *********子动态结束*********
2025-09-05 17:12:23,760|line:520| https://t.bilibili.com/1098367701895610377
2025-09-05 17:12:27,234|line:527| 官方 或 预约 OUT！
2025-09-05 17:12:27,235|line:520| https://t.bilibili.com/1105632359907065865
2025-09-05 17:12:28,499|line:342| =========此为源动态=========
2025-09-05 17:12:30,891|line:363| *********子动态开始*********
2025-09-05 17:12:30,891|line:382| *********子动态结束*********
2025-09-05 17:12:30,891|line:538| -=-=-=-=处理回最初的动态-=-=-=-=
2025-09-05 17:12:37,968|line:476| 转发成功 1109192299400658976
2025-09-05 17:12:41,612|line:495| 评论发送成功
2025-09-05 17:12:43,060|line:425| 458088758 === 已经关注了
2025-09-05 17:12:46,328|line:504| 动态-点赞 0
2025-09-05 17:12:48,329|line:520| https://t.bilibili.com/1100875748064886805
2025-09-05 17:12:52,571|line:527| 官方 或 预约 OUT！
2025-09-05 17:12:52,572|line:520| https://t.bilibili.com/1098196474482655252
2025-09-05 17:12:55,008|line:527| 官方 或 预约 OUT！
2025-09-05 17:12:55,009|line:520| https://t.bilibili.com/1106379589751406628
2025-09-05 17:12:56,577|line:342| =========此为源动态=========
2025-09-05 17:13:01,030|line:363| *********子动态开始*********
2025-09-05 17:13:01,030|line:382| *********子动态结束*********
2025-09-05 17:13:01,030|line:538| -=-=-=-=处理回最初的动态-=-=-=-=
2025-09-05 17:13:10,228|line:476| 转发成功 1109192441168134167
2025-09-05 17:13:13,585|line:495| 评论发送成功
2025-09-05 17:13:21,214|line:437| 关注 ==== 10645969 0
2025-09-05 17:13:24,674|line:504| 动态-点赞 0
2025-09-05 17:13:26,675|line:520| https://t.bilibili.com/1098674970296320005
2025-09-05 17:13:29,266|line:342| =========此为源动态=========
2025-09-05 17:13:33,862|line:363| *********子动态开始*********
2025-09-05 17:13:33,862|line:382| *********子动态结束*********
2025-09-05 17:13:33,862|line:538| -=-=-=-=处理回最初的动态-=-=-=-=
2025-09-05 17:13:45,004|line:476| 转发成功 1109192587167662105
2025-09-05 17:13:48,654|line:495| 评论发送成功
2025-09-05 17:13:51,007|line:425| 473965081 === 已经关注了
2025-09-05 17:13:54,273|line:504| 动态-点赞 0
2025-09-05 17:13:57,273|line:520| https://t.bilibili.com/1104618043300904996
2025-09-05 17:14:00,701|line:527| 官方 或 预约 OUT！
2025-09-05 17:14:00,702|line:520| https://t.bilibili.com/1105808131463577637
2025-09-05 17:14:02,948|line:527| 官方 或 预约 OUT！
2025-09-05 17:14:02,949|line:520| https://t.bilibili.com/1103843299905503232
2025-09-05 17:14:02,949|line:522| 已有
2025-09-05 17:14:02,949|line:520| https://t.bilibili.com/1107467062605774868
2025-09-05 17:14:05,307|line:342| =========此为源动态=========
2025-09-05 17:14:07,599|line:363| *********子动态开始*********
2025-09-05 17:14:07,599|line:382| *********子动态结束*********
2025-09-05 17:14:07,599|line:538| -=-=-=-=处理回最初的动态-=-=-=-=
2025-09-05 17:14:16,541|line:476| 转发成功 1109192724631781380
2025-09-05 17:14:19,872|line:495| 评论发送成功
2025-09-05 17:14:21,194|line:425| 1676248821 === 已经关注了
2025-09-05 17:14:24,474|line:504| 动态-点赞 0
2025-09-05 17:14:28,474|line:520| https://t.bilibili.com/1104947278309752841
2025-09-05 17:14:29,976|line:342| =========此为源动态=========
2025-09-05 17:14:31,422|line:363| *********子动态开始*********
2025-09-05 17:14:31,422|line:382| *********子动态结束*********
2025-09-05 17:14:31,423|line:538| -=-=-=-=处理回最初的动态-=-=-=-=
2025-09-05 17:14:41,606|line:476| 转发成功 1109192831980797974
2025-09-05 17:14:45,128|line:495| 评论发送成功
2025-09-05 17:14:47,459|line:425| 320772050 === 已经关注了
2025-09-05 17:14:50,959|line:504| 动态-点赞 0
2025-09-05 17:14:52,959|line:520| https://t.bilibili.com/1105246783566512152
2025-09-05 17:14:54,218|line:337| =========此为子动态=========
2025-09-05 17:14:58,559|line:401| *************原动态已存在***************
2025-09-05 17:15:01,030|line:363| *********子动态开始*********
2025-09-05 17:15:13,029|line:476| 转发成功 1109192965128978457
2025-09-05 17:15:16,360|line:495| 评论发送成功
2025-09-05 17:15:21,046|line:425| 623410202 === 已经关注了
2025-09-05 17:15:21,047|line:377| ----完成一个子动态----
2025-09-05 17:15:49,507|line:382| *********子动态结束*********
2025-09-05 17:15:49,508|line:538| -=-=-=-=处理回最初的动态-=-=-=-=
2025-09-05 17:16:01,808|line:476| 转发成功 1109193175615930393
2025-09-05 17:16:05,284|line:495| 评论发送成功
2025-09-05 17:16:06,616|line:425| 490785419 === 已经关注了
2025-09-05 17:16:09,999|line:504| 动态-点赞 0
2025-09-05 17:16:11,999|line:520| https://t.bilibili.com/1104981758261067797
2025-09-05 17:16:15,505|line:342| =========此为源动态=========
2025-09-05 17:16:18,908|line:363| *********子动态开始*********
2025-09-05 17:16:18,909|line:382| *********子动态结束*********
2025-09-05 17:16:18,909|line:538| -=-=-=-=处理回最初的动态-=-=-=-=
2025-09-05 17:16:28,044|line:476| 转发成功 1109193287277740036
2025-09-05 17:16:31,406|line:495| 评论发送成功
2025-09-05 17:16:32,941|line:425| 432158620 === 已经关注了
2025-09-05 17:16:36,323|line:504| 动态-点赞 0
2025-09-05 17:16:38,323|line:520| https://t.bilibili.com/1106129184594329624
2025-09-05 17:16:41,571|line:342| =========此为源动态=========
2025-09-05 17:16:46,025|line:363| *********子动态开始*********
2025-09-05 17:16:46,025|line:382| *********子动态结束*********
2025-09-05 17:16:46,026|line:538| -=-=-=-=处理回最初的动态-=-=-=-=
2025-09-05 17:16:56,212|line:476| 转发成功 1109193411797188614
2025-09-05 17:16:59,652|line:495| 评论发送成功
2025-09-05 17:17:01,975|line:425| 3546556598847987 === 已经关注了
2025-09-05 17:17:05,246|line:504| 动态-点赞 0
2025-09-05 17:17:09,246|line:520| https://t.bilibili.com/1107597492148502537
2025-09-05 17:17:11,482|line:342| =========此为源动态=========
2025-09-05 17:17:12,943|line:363| *********子动态开始*********
2025-09-05 17:17:12,944|line:382| *********子动态结束*********
2025-09-05 17:17:12,944|line:538| -=-=-=-=处理回最初的动态-=-=-=-=
2025-09-05 17:17:21,920|line:476| 转发成功 1109193519177662470
2025-09-05 17:17:25,388|line:495| 评论发送成功
2025-09-05 17:17:29,738|line:425| 587272348 === 已经关注了
2025-09-05 17:17:33,118|line:504| 动态-点赞 0
2025-09-05 17:17:34,119|line:520| https://t.bilibili.com/1098677579492098054
2025-09-05 17:17:34,119|line:522| 已有
2025-09-05 17:17:34,119|line:520| https://t.bilibili.com/1106359811397648386
2025-09-05 17:17:36,473|line:342| =========此为源动态=========
2025-09-05 17:17:39,875|line:363| *********子动态开始*********
2025-09-05 17:17:39,875|line:382| *********子动态结束*********
2025-09-05 17:17:39,875|line:538| -=-=-=-=处理回最初的动态-=-=-=-=
2025-09-05 17:17:52,059|line:476| 转发成功 1109193648050798597
2025-09-05 17:17:55,367|line:495| 评论发送成功
2025-09-05 17:17:57,787|line:425| 396808737 === 已经关注了
2025-09-05 17:18:01,177|line:504| 动态-点赞 0
2025-09-05 17:18:04,177|line:520| https://t.bilibili.com/1103832188828254212
2025-09-05 17:18:04,177|line:522| 已有
2025-09-05 17:18:04,177|line:520| https://t.bilibili.com/1104955404360613893
2025-09-05 17:18:04,178|line:522| 已有
2025-09-05 17:18:04,178|line:520| https://t.bilibili.com/1103949188048093222
2025-09-05 17:18:04,178|line:522| 已有
2025-09-05 17:18:04,178|line:520| https://t.bilibili.com/1103827477226061856
2025-09-05 17:18:04,178|line:522| 已有
2025-09-05 17:18:04,178|line:520| https://t.bilibili.com/1105354028872630281
2025-09-05 17:18:04,178|line:522| 已有
2025-09-05 17:18:04,178|line:520| https://t.bilibili.com/1106761730185232403
2025-09-05 17:18:04,179|line:522| 已有
2025-09-05 17:18:04,179|line:520| https://t.bilibili.com/1098675998940987433
2025-09-05 17:18:04,179|line:522| 已有
2025-09-05 17:18:04,179|line:520| https://t.bilibili.com/1098224228561321987
2025-09-05 17:18:06,492|line:342| =========此为源动态=========
2025-09-05 17:18:10,781|line:363| *********子动态开始*********
2025-09-05 17:18:10,782|line:382| *********子动态结束*********
2025-09-05 17:18:10,782|line:538| -=-=-=-=处理回最初的动态-=-=-=-=
2025-09-05 17:18:19,753|line:476| 转发成功 1109193768287862802
2025-09-05 17:18:23,209|line:495| 评论发送成功
2025-09-05 17:18:27,545|line:425| 2124352378 === 已经关注了
2025-09-05 17:18:30,818|line:504| 动态-点赞 0
2025-09-05 17:18:32,819|line:520| https://t.bilibili.com/1104709611995267092
2025-09-05 17:18:37,117|line:527| 官方 或 预约 OUT！
2025-09-05 17:18:37,117|line:520| https://t.bilibili.com/1105434675498713091
2025-09-05 17:18:41,369|line:342| =========此为源动态=========
2025-09-05 17:18:44,140|line:363| *********子动态开始*********
2025-09-05 17:18:44,140|line:382| *********子动态结束*********
2025-09-05 17:18:44,141|line:538| -=-=-=-=处理回最初的动态-=-=-=-=
2025-09-05 17:18:50,510|line:476| 转发成功 1109193901419266054
2025-09-05 17:18:53,850|line:495| 评论发送成功
2025-09-05 17:18:55,292|line:425| 436170053 === 已经关注了
2025-09-05 17:18:58,679|line:504| 动态-点赞 0
2025-09-05 17:19:01,680|line:520| https://t.bilibili.com/1106723225770917894
2025-09-05 17:19:01,680|line:522| 已有
2025-09-05 17:19:01,680|line:520| https://t.bilibili.com/1103771037071310855
2025-09-05 17:19:01,680|line:522| 已有
2025-09-05 17:19:01,681|line:520| https://t.bilibili.com/1107149179155644417
2025-09-05 17:19:05,059|line:527| 官方 或 预约 OUT！
2025-09-05 17:19:05,059|line:520| https://t.bilibili.com/1106019364385062914
2025-09-05 17:19:09,307|line:342| =========此为源动态=========
2025-09-05 17:19:11,882|line:363| *********子动态开始*********
2025-09-05 17:19:11,883|line:382| *********子动态结束*********
2025-09-05 17:19:11,883|line:538| -=-=-=-=处理回最初的动态-=-=-=-=
2025-09-05 17:19:21,072|line:476| 转发成功 1109194030275624985
2025-09-05 17:19:24,517|line:495| 评论发送成功
2025-09-05 17:19:28,858|line:425| 1242439207 === 已经关注了
2025-09-05 17:19:32,123|line:504| 动态-点赞 0
2025-09-05 17:19:33,123|line:520| https://t.bilibili.com/1103825956836999170
2025-09-05 17:19:33,123|line:522| 已有
2025-09-05 17:19:33,124|line:520| https://t.bilibili.com/1104991731230703619
2025-09-05 17:19:35,372|line:342| =========此为源动态=========
2025-09-05 17:19:38,033|line:363| *********子动态开始*********
2025-09-05 17:19:38,034|line:382| *********子动态结束*********
2025-09-05 17:19:38,034|line:538| -=-=-=-=处理回最初的动态-=-=-=-=
2025-09-05 17:19:48,008|line:476| 转发成功 1109194146277490712
2025-09-05 17:19:51,575|line:495| 评论发送成功
2025-09-05 17:19:54,908|line:425| 99090477 === 已经关注了
2025-09-05 17:19:58,295|line:504| 动态-点赞 0
2025-09-05 17:19:59,296|line:520| https://t.bilibili.com/1108247896241733632
2025-09-05 17:20:03,546|line:527| 官方 或 预约 OUT！
2025-09-05 17:20:03,546|line:520| https://t.bilibili.com/1107567126748594184
2025-09-05 17:20:06,789|line:527| 官方 或 预约 OUT！
2025-09-05 17:20:06,790|line:520| https://t.bilibili.com/1104882858093182992
2025-09-05 17:20:08,028|line:337| =========此为子动态=========
2025-09-05 17:20:12,381|line:401| *************原动态已存在***************
2025-09-05 17:20:14,856|line:363| *********子动态开始*********
2025-09-05 17:20:23,088|line:476| 转发成功 1109194296581423128
2025-09-05 17:20:26,497|line:495| 评论发送成功
2025-09-05 17:20:33,183|line:425| 1024366005 === 已经关注了
2025-09-05 17:20:33,183|line:377| ----完成一个子动态----
2025-09-05 17:20:39,395|line:476| 转发成功 1109194369608450070
2025-09-05 17:20:42,748|line:495| 评论发送成功
2025-09-05 17:20:50,724|line:437| 关注 ==== 1316736225 0
2025-09-05 17:20:50,724|line:377| ----完成一个子动态----
2025-09-05 17:20:50,725|line:382| *********子动态结束*********
2025-09-05 17:20:54,725|line:520| https://t.bilibili.com/1108715781364908037
2025-09-05 17:20:54,726|line:522| 已有
2025-09-05 17:20:54,726|line:520| https://t.bilibili.com/1103876465612554242
2025-09-05 17:20:54,726|line:522| 已有
2025-09-05 17:20:54,726|line:520| https://t.bilibili.com/1099071629867089945
2025-09-05 17:20:55,971|line:527| 官方 或 预约 OUT！
2025-09-05 17:20:55,971|line:520| https://t.bilibili.com/1106846383964422182
2025-09-05 17:20:55,972|line:522| 已有
2025-09-05 17:20:55,972|line:520| https://t.bilibili.com/1107666054842155015
2025-09-05 17:20:58,225|line:342| =========此为源动态=========
2025-09-05 17:21:00,641|line:363| *********子动态开始*********
2025-09-05 17:21:00,642|line:382| *********子动态结束*********
2025-09-05 17:21:00,642|line:538| -=-=-=-=处理回最初的动态-=-=-=-=
2025-09-05 17:21:11,801|line:476| 转发成功 1109194507018043397
2025-09-05 17:21:15,164|line:495| 评论发送成功
2025-09-05 17:21:19,602|line:425| 652239032 === 已经关注了
2025-09-05 17:21:22,981|line:504| 动态-点赞 0
2025-09-05 17:21:24,982|line:520| https://t.bilibili.com/1106380680702459911
2025-09-05 17:21:24,982|line:522| 已有
2025-09-05 17:21:24,982|line:520| https://t.bilibili.com/1104913839846064135
2025-09-05 17:21:27,246|line:342| =========此为源动态=========
2025-09-05 17:21:30,695|line:363| *********子动态开始*********
2025-09-05 17:21:30,695|line:382| *********子动态结束*********
2025-09-05 17:21:30,696|line:538| -=-=-=-=处理回最初的动态-=-=-=-=
2025-09-05 17:21:39,652|line:476| 转发成功 1109194627255107588
2025-09-05 17:21:43,106|line:495| 评论发送成功
2025-09-05 17:21:46,504|line:425| 1425239276 === 已经关注了
2025-09-05 17:21:49,954|line:504| 动态-点赞 0
2025-09-05 17:21:52,955|line:520| https://t.bilibili.com/1107605094244810754
2025-09-05 17:21:52,955|line:522| 已有
2025-09-05 17:21:52,955|line:520| https://t.bilibili.com/1107488262569590788
2025-09-05 17:21:54,206|line:342| =========此为源动态=========
2025-09-05 17:21:57,504|line:363| *********子动态开始*********
2025-09-05 17:21:57,504|line:382| *********子动态结束*********
2025-09-05 17:21:57,504|line:538| -=-=-=-=处理回最初的动态-=-=-=-=
2025-09-05 17:22:05,655|line:476| 转发成功 1109194738955714561
2025-09-05 17:22:09,018|line:495| 评论发送成功
2025-09-05 17:22:12,431|line:425| 37896119 === 已经关注了
2025-09-05 17:22:15,712|line:504| 动态-点赞 0
2025-09-05 17:22:17,712|line:520| https://t.bilibili.com/1104871076975869985
2025-09-05 17:22:17,713|line:522| 已有
2025-09-05 17:22:17,713|line:520| https://t.bilibili.com/1104159791749529609
2025-09-05 17:22:17,713|line:522| 已有
2025-09-05 17:22:17,713|line:520| https://t.bilibili.com/1107484998358794248
2025-09-05 17:22:20,121|line:342| =========此为源动态=========
2025-09-05 17:22:21,592|line:363| *********子动态开始*********
2025-09-05 17:22:21,592|line:382| *********子动态结束*********
2025-09-05 17:22:21,593|line:538| -=-=-=-=处理回最初的动态-=-=-=-=
2025-09-05 17:22:31,841|line:476| 转发成功 1109194850654224386
2025-09-05 17:22:35,301|line:495| 评论发送成功
2025-09-05 17:22:36,604|line:425| 3494370223327232 === 已经关注了
2025-09-05 17:22:39,984|line:504| 动态-点赞 0
2025-09-05 17:22:42,985|line:520| https://t.bilibili.com/1107468402594676736
2025-09-05 17:22:47,299|line:342| =========此为源动态=========
2025-09-05 17:22:48,811|line:363| *********子动态开始*********
2025-09-05 17:22:48,812|line:382| *********子动态结束*********
2025-09-05 17:22:48,812|line:538| -=-=-=-=处理回最初的动态-=-=-=-=
2025-09-05 17:22:56,290|line:476| 转发成功 1109194958014775297
2025-09-05 17:22:59,625|line:495| 评论发送成功
2025-09-05 17:23:02,062|line:425| 3546870206958303 === 已经关注了
2025-09-05 17:23:05,417|line:504| 动态-点赞 0
2025-09-05 17:23:09,417|line:520| https://t.bilibili.com/1100862412199821318
2025-09-05 17:23:12,701|line:527| 官方 或 预约 OUT！
2025-09-05 17:23:12,702|line:520| https://t.bilibili.com/1103859285743370244
2025-09-05 17:23:16,065|line:527| 官方 或 预约 OUT！
2025-09-05 17:23:16,065|line:520| https://t.bilibili.com/1103874395479212054
2025-09-05 17:23:16,065|line:522| 已有
2025-09-05 17:23:16,065|line:520| https://t.bilibili.com/1105712839019986944
2025-09-05 17:23:16,066|line:522| 已有
2025-09-05 17:23:16,066|line:520| https://t.bilibili.com/1104867454205558792
2025-09-05 17:23:16,066|line:522| 已有
2025-09-05 17:23:16,066|line:520| https://t.bilibili.com/1106333122526445569
2025-09-05 17:23:16,066|line:522| 已有
2025-09-05 17:23:16,066|line:520| https://t.bilibili.com/1100233384155676693
2025-09-05 17:23:20,419|line:527| 官方 或 预约 OUT！
2025-09-05 17:23:20,419|line:520| https://t.bilibili.com/1106003902524817411
2025-09-05 17:23:22,866|line:342| =========此为源动态=========
2025-09-05 17:23:24,474|line:363| *********子动态开始*********
2025-09-05 17:23:24,474|line:382| *********子动态结束*********
2025-09-05 17:23:24,474|line:538| -=-=-=-=处理回最初的动态-=-=-=-=
2025-09-05 17:23:34,274|line:476| 转发成功 1109195121234018307
2025-09-05 17:23:37,676|line:495| 评论发送成功
2025-09-05 17:23:42,141|line:425| 432158620 === 已经关注了
2025-09-05 17:23:45,415|line:504| 动态-点赞 0
2025-09-05 17:23:47,416|line:520| https://t.bilibili.com/1103499187119456265
2025-09-05 17:23:47,416|line:522| 已有
2025-09-05 17:23:47,416|line:520| https://t.bilibili.com/1107462385342349353
2025-09-05 17:23:47,416|line:522| 已有
2025-09-05 17:23:47,416|line:520| https://t.bilibili.com/1098677519410790419
2025-09-05 17:23:49,662|line:337| =========此为子动态=========
2025-09-05 17:23:50,977|line:388| *************原动态处理开始***************
2025-09-05 17:23:56,927|line:476| 转发成功 1109195215717007394
2025-09-05 17:24:00,427|line:495| 评论发送成功
2025-09-05 17:24:01,828|line:425| 628831867 === 已经关注了
2025-09-05 17:24:05,209|line:504| 动态-点赞 0
2025-09-05 17:24:05,209|line:397| *************原动态处理完成***************
2025-09-05 17:24:06,695|line:363| *********子动态开始*********
2025-09-05 17:24:18,054|line:476| 转发成功 1109195305888251907
2025-09-05 17:24:21,530|line:495| 评论发送成功
2025-09-05 17:24:27,140|line:425| 396808737 === 已经关注了
2025-09-05 17:24:27,141|line:377| ----完成一个子动态----
2025-09-05 17:24:27,141|line:382| *********子动态结束*********
2025-09-05 17:24:30,142|line:520| https://t.bilibili.com/1103843939828367365
2025-09-05 17:24:30,142|line:522| 已有
2025-09-05 17:24:30,143|line:520| https://t.bilibili.com/1107645110484467733
2025-09-05 17:24:33,504|line:342| =========此为源动态=========
2025-09-05 17:24:37,297|line:363| *********子动态开始*********
2025-09-05 17:24:37,297|line:382| *********子动态结束*********
2025-09-05 17:24:37,298|line:538| -=-=-=-=处理回最初的动态-=-=-=-=
2025-09-05 17:24:49,455|line:476| 转发成功 1109195443309379586
2025-09-05 17:24:52,811|line:495| 评论发送成功
2025-09-05 17:24:54,137|line:425| 71322499 === 已经关注了
2025-09-05 17:24:57,408|line:504| 动态-点赞 0
2025-09-05 17:25:00,409|line:520| https://t.bilibili.com/1106096083268796423
2025-09-05 17:25:00,409|line:522| 已有
2025-09-05 17:25:00,409|line:553| 执行结束
2025-09-05 17:25:00,409|line:559| ==================================================2025-09-06 01:25==================================================
2025-09-05 17:25:00,410|line:233| processing article 42933492
2025-09-05 17:25:03,729|line:508| ==================================================2025-09-06 01:25==================================================
2025-09-05 17:25:03,730|line:520| https://t.bilibili.com/1108316396634243095
2025-09-05 17:25:03,730|line:522| 已有
2025-09-05 17:25:03,730|line:520| https://t.bilibili.com/1108658108583903234
2025-09-05 17:25:03,730|line:522| 已有
2025-09-05 17:25:03,730|line:520| https://t.bilibili.com/1108724349821517880
2025-09-05 17:25:06,980|line:527| 官方 或 预约 OUT！
2025-09-05 17:25:06,981|line:520| https://t.bilibili.com/1108703725436796937
2025-09-05 17:25:06,981|line:522| 已有
2025-09-05 17:25:06,981|line:520| https://t.bilibili.com/1108662025561571335
2025-09-05 17:25:10,215|line:527| 官方 或 预约 OUT！
2025-09-05 17:25:10,215|line:520| https://t.bilibili.com/1108709731927588870
2025-09-05 17:25:10,215|line:522| 已有
2025-09-05 17:25:10,215|line:520| https://t.bilibili.com/1108588710469828612
2025-09-05 17:25:10,215|line:522| 已有
2025-09-05 17:25:10,216|line:520| https://t.bilibili.com/1108690655832440853
2025-09-05 17:25:13,635|line:527| 官方 或 预约 OUT！
2025-09-05 17:25:13,635|line:520| https://t.bilibili.com/1108616960651821057
2025-09-05 17:25:13,635|line:522| 已有
2025-09-05 17:25:13,635|line:520| https://t.bilibili.com/1108616960627703814
2025-09-05 17:25:13,635|line:522| 已有
2025-09-05 17:25:13,635|line:520| https://t.bilibili.com/1108388122634223638
2025-09-05 17:25:13,636|line:522| 已有
2025-09-05 17:25:13,636|line:520| https://t.bilibili.com/1108575937229750274
2025-09-05 17:25:13,636|line:522| 已有
2025-09-05 17:25:13,636|line:520| https://t.bilibili.com/1108616960648675331
2025-09-05 17:25:13,636|line:522| 已有
2025-09-05 17:25:13,636|line:520| https://t.bilibili.com/1108372147519094788
2025-09-05 17:25:13,636|line:522| 已有
2025-09-05 17:25:13,636|line:520| https://t.bilibili.com/1108670473779019801
2025-09-05 17:25:15,877|line:527| 官方 或 预约 OUT！
2025-09-05 17:25:15,878|line:520| https://t.bilibili.com/1108613535375556663
2025-09-05 17:25:19,231|line:527| 官方 或 预约 OUT！
2025-09-05 17:25:19,231|line:520| https://t.bilibili.com/1108600435741032470
2025-09-05 17:25:19,231|line:522| 已有
2025-09-05 17:25:19,231|line:520| https://t.bilibili.com/1108655093510570004
2025-09-05 17:25:19,232|line:522| 已有
2025-09-05 17:25:19,232|line:520| https://t.bilibili.com/1108694332341223474
2025-09-05 17:25:19,232|line:522| 已有
2025-09-05 17:25:19,232|line:520| https://t.bilibili.com/1107149179155644417
2025-09-05 17:25:20,556|line:527| 官方 或 预约 OUT！
2025-09-05 17:25:20,557|line:520| https://t.bilibili.com/1108672432307175444
2025-09-05 17:25:22,876|line:527| 官方 或 预约 OUT！
2025-09-05 17:25:22,877|line:520| https://t.bilibili.com/1108694270067343360
2025-09-05 17:25:22,877|line:522| 已有
2025-09-05 17:25:22,877|line:520| https://t.bilibili.com/1108247896241733632
2025-09-05 17:25:26,125|line:527| 官方 或 预约 OUT！
2025-09-05 17:25:26,125|line:520| https://t.bilibili.com/1107567126748594184
2025-09-05 17:25:29,494|line:527| 官方 或 预约 OUT！
2025-09-05 17:25:29,495|line:520| https://t.bilibili.com/1108702935143940131
2025-09-05 17:25:29,495|line:522| 已有
2025-09-05 17:25:29,495|line:520| https://t.bilibili.com/1108617207608246309
2025-09-05 17:25:32,749|line:527| 官方 或 预约 OUT！
2025-09-05 17:25:32,749|line:520| https://t.bilibili.com/1108389505584332801
2025-09-05 17:25:32,749|line:522| 已有
2025-09-05 17:25:32,749|line:520| https://t.bilibili.com/1108378471820689428
2025-09-05 17:25:32,749|line:522| 已有
2025-09-05 17:25:32,750|line:520| https://t.bilibili.com/1108413755013726216
2025-09-05 17:25:32,750|line:522| 已有
2025-09-05 17:25:32,750|line:520| https://t.bilibili.com/1108368391572291592
2025-09-05 17:25:32,750|line:522| 已有
2025-09-05 17:25:32,750|line:520| https://t.bilibili.com/1108572746055417862
2025-09-05 17:25:35,295|line:527| 官方 或 预约 OUT！
2025-09-05 17:25:35,295|line:520| https://t.bilibili.com/1108678808162009090
2025-09-05 17:25:35,295|line:522| 已有
2025-09-05 17:25:35,295|line:520| https://t.bilibili.com/1108570574967275521
2025-09-05 17:25:35,295|line:522| 已有
2025-09-05 17:25:35,295|line:520| https://t.bilibili.com/1108672419370893315
2025-09-05 17:25:35,296|line:522| 已有
2025-09-05 17:25:35,296|line:520| https://t.bilibili.com/1108598674813878305
2025-09-05 17:25:35,296|line:522| 已有
2025-09-05 17:25:35,296|line:520| https://t.bilibili.com/1108618848278413352
2025-09-05 17:25:39,540|line:527| 官方 或 预约 OUT！
2025-09-05 17:25:39,541|line:520| https://t.bilibili.com/1108664920396791808
2025-09-05 17:25:39,541|line:522| 已有
2025-09-05 17:25:39,541|line:520| https://t.bilibili.com/1108697132661997575
2025-09-05 17:25:39,541|line:522| 已有
2025-09-05 17:25:39,541|line:520| https://t.bilibili.com/1108726793700900887
2025-09-05 17:25:39,541|line:522| 已有
2025-09-05 17:25:39,542|line:520| https://t.bilibili.com/1108587718362791940
2025-09-05 17:25:41,791|line:527| 官方 或 预约 OUT！
2025-09-05 17:25:41,791|line:520| https://t.bilibili.com/1108709386171187252
2025-09-05 17:25:41,791|line:522| 已有
2025-09-05 17:25:41,791|line:520| https://t.bilibili.com/1108715781364908037
2025-09-05 17:25:41,791|line:522| 已有
2025-09-05 17:25:41,791|line:520| https://t.bilibili.com/1108411495839957010
2025-09-05 17:25:46,155|line:527| 官方 或 预约 OUT！
2025-09-05 17:25:46,156|line:553| 执行结束
2025-09-05 17:25:46,156|line:559| ==================================================2025-09-06 01:25==================================================
2025-09-05 17:25:46,156|line:233| processing article 42929688
2025-09-05 17:25:50,026|line:508| ==================================================2025-09-06 01:25==================================================
2025-09-05 17:25:50,027|line:520| https://t.bilibili.com/1105652975770009601
2025-09-05 17:25:51,355|line:527| 官方 或 预约 OUT！
2025-09-05 17:25:51,356|line:520| https://t.bilibili.com/1103182042464518147
2025-09-05 17:25:53,714|line:527| 官方 或 预约 OUT！
2025-09-05 17:25:53,715|line:520| https://t.bilibili.com/1097193711293431812
2025-09-05 17:25:54,967|line:527| 官方 或 预约 OUT！
2025-09-05 17:25:54,967|line:520| https://t.bilibili.com/1097139762196643844
2025-09-05 17:25:59,211|line:527| 官方 或 预约 OUT！
2025-09-05 17:25:59,212|line:520| https://t.bilibili.com/1106090710238494722
2025-09-05 17:26:01,446|line:527| 官方 或 预约 OUT！
2025-09-05 17:26:01,446|line:520| https://t.bilibili.com/1086090799919136772
2025-09-05 17:26:02,696|line:527| 官方 或 预约 OUT！
2025-09-05 17:26:02,697|line:520| https://t.bilibili.com/1097842534801997842
2025-09-05 17:26:03,978|line:527| 官方 或 预约 OUT！
2025-09-05 17:26:03,979|line:520| https://t.bilibili.com/1076461152482885636
2025-09-05 17:26:05,226|line:527| 官方 或 预约 OUT！
2025-09-05 17:26:05,226|line:520| https://t.bilibili.com/1105633012739997702
2025-09-05 17:26:06,480|line:527| 官方 或 预约 OUT！
2025-09-05 17:26:06,481|line:520| https://t.bilibili.com/1097259750665486344
2025-09-05 17:26:09,728|line:527| 官方 或 预约 OUT！
2025-09-05 17:26:09,728|line:520| https://t.bilibili.com/1107149179155644417
2025-09-05 17:26:10,978|line:527| 官方 或 预约 OUT！
2025-09-05 17:26:10,978|line:520| https://t.bilibili.com/1108247896241733632
2025-09-05 17:26:15,330|line:527| 官方 或 预约 OUT！
2025-09-05 17:26:15,331|line:520| https://t.bilibili.com/1107567126748594184
2025-09-05 17:26:18,581|line:527| 官方 或 预约 OUT！
2025-09-05 17:26:18,582|line:520| https://t.bilibili.com/1106500179559710743
2025-09-05 17:26:21,834|line:527| 官方 或 预约 OUT！
2025-09-05 17:26:21,834|line:520| https://t.bilibili.com/1106328660002996231
2025-09-05 17:26:23,067|line:527| 官方 或 预约 OUT！
2025-09-05 17:26:23,068|line:520| https://t.bilibili.com/1106791571637927940
2025-09-05 17:26:25,428|line:527| 官方 或 预约 OUT！
2025-09-05 17:26:25,428|line:520| https://t.bilibili.com/1097930993913823234
2025-09-05 17:26:27,798|line:527| 官方 或 预约 OUT！
2025-09-05 17:26:27,798|line:520| https://t.bilibili.com/1106730621702504487
2025-09-05 17:26:30,046|line:527| 官方 或 预约 OUT！
2025-09-05 17:26:30,046|line:520| https://t.bilibili.com/1105276964294361125
2025-09-05 17:26:33,285|line:527| 官方 或 预约 OUT！
2025-09-05 17:26:33,286|line:520| https://t.bilibili.com/1107879276379635736
2025-09-05 17:26:37,542|line:527| 官方 或 预约 OUT！
2025-09-05 17:26:37,542|line:520| https://t.bilibili.com/1103877724067332105
2025-09-05 17:26:39,122|line:527| 官方 或 预约 OUT！
2025-09-05 17:26:39,123|line:520| https://t.bilibili.com/1107272723939196949
2025-09-05 17:26:40,439|line:527| 官方 或 预约 OUT！
2025-09-05 17:26:40,439|line:520| https://t.bilibili.com/1107162575148154888
2025-09-05 17:26:42,693|line:527| 官方 或 预约 OUT！
2025-09-05 17:26:42,693|line:520| https://t.bilibili.com/1107578104675565571
2025-09-05 17:26:43,941|line:527| 官方 或 预约 OUT！
2025-09-05 17:26:43,942|line:553| 执行结束
2025-09-05 17:26:43,942|line:559| ==================================================2025-09-06 01:26==================================================
2025-09-05 17:26:43,942|line:233| processing article 42929578
2025-09-05 17:26:49,161|line:508| ==================================================2025-09-06 01:26==================================================
2025-09-05 17:26:49,161|line:520| https://t.bilibili.com/1096003077635309570
2025-09-05 17:26:50,399|line:527| 官方 或 预约 OUT！
2025-09-05 17:26:50,399|line:520| https://t.bilibili.com/1107226711908417540
2025-09-05 17:26:54,759|line:527| 官方 或 预约 OUT！
2025-09-05 17:26:54,759|line:520| https://t.bilibili.com/1103182042464518147
2025-09-05 17:26:55,993|line:527| 官方 或 预约 OUT！
2025-09-05 17:26:55,994|line:520| https://t.bilibili.com/1106390400210305031
2025-09-05 17:26:59,243|line:527| 官方 或 预约 OUT！
2025-09-05 17:26:59,244|line:520| https://t.bilibili.com/1106390584838324229
2025-09-05 17:27:03,499|line:527| 官方 或 预约 OUT！
2025-09-05 17:27:03,499|line:520| https://t.bilibili.com/1097139762196643844
2025-09-05 17:27:06,849|line:527| 官方 或 预约 OUT！
2025-09-05 17:27:06,849|line:520| https://t.bilibili.com/1086090799919136772
2025-09-05 17:27:11,096|line:527| 官方 或 预约 OUT！
2025-09-05 17:27:11,097|line:520| https://t.bilibili.com/1097842534801997842
2025-09-05 17:27:14,348|line:527| 官方 或 预约 OUT！
2025-09-05 17:27:14,348|line:520| https://t.bilibili.com/1106390486103359574
2025-09-05 17:27:17,586|line:527| 官方 或 预约 OUT！
2025-09-05 17:27:17,587|line:520| https://t.bilibili.com/1076461152482885636
2025-09-05 17:27:20,835|line:527| 官方 或 预约 OUT！
2025-09-05 17:27:20,836|line:520| https://t.bilibili.com/1106019418094174213
2025-09-05 17:27:25,089|line:527| 官方 或 预约 OUT！
2025-09-05 17:27:25,089|line:520| https://t.bilibili.com/1097259750665486344
2025-09-05 17:27:26,324|line:527| 官方 或 预约 OUT！
2025-09-05 17:27:26,324|line:520| https://t.bilibili.com/1106147124667482115
2025-09-05 17:27:27,694|line:527| 官方 或 预约 OUT！
2025-09-05 17:27:27,694|line:520| https://t.bilibili.com/1106761773104496642
2025-09-05 17:27:31,004|line:527| 官方 或 预约 OUT！
2025-09-05 17:27:31,004|line:520| https://t.bilibili.com/1107503780245536786
2025-09-05 17:27:35,363|line:527| 官方 或 预约 OUT！
2025-09-05 17:27:35,364|line:520| https://t.bilibili.com/1106390657894711297
2025-09-05 17:27:39,720|line:527| 官方 或 预约 OUT！
2025-09-05 17:27:39,720|line:520| https://t.bilibili.com/1106553299703693347
2025-09-05 17:27:40,973|line:527| 官方 或 预约 OUT！
2025-09-05 17:27:40,973|line:520| https://t.bilibili.com/1107272723939196949
2025-09-05 17:27:44,289|line:527| 官方 或 预约 OUT！
2025-09-05 17:27:44,289|line:520| https://t.bilibili.com/1106390279956463616
2025-09-05 17:27:46,548|line:527| 官方 或 预约 OUT！
2025-09-05 17:27:46,549|line:520| https://t.bilibili.com/1107578104675565571
2025-09-05 17:27:50,796|line:527| 官方 或 预约 OUT！
2025-09-05 17:27:50,797|line:520| https://t.bilibili.com/1106452483947888642
2025-09-05 17:27:55,096|line:527| 官方 或 预约 OUT！
2025-09-05 17:27:55,097|line:520| https://t.bilibili.com/1089357779669352451
2025-09-05 17:27:58,360|line:527| 官方 或 预约 OUT！
2025-09-05 17:27:58,361|line:520| https://t.bilibili.com/1106482668993773574
2025-09-05 17:27:59,711|line:527| 官方 或 预约 OUT！
2025-09-05 17:27:59,711|line:520| https://t.bilibili.com/1108007455382568960
2025-09-05 17:28:02,964|line:527| 官方 或 预约 OUT！
2025-09-05 17:28:02,964|line:520| https://t.bilibili.com/1106090710238494722
2025-09-05 17:28:05,202|line:527| 官方 或 预约 OUT！
2025-09-05 17:28:05,202|line:520| https://t.bilibili.com/1105633012739997702
2025-09-05 17:28:06,565|line:527| 官方 或 预约 OUT！
2025-09-05 17:28:06,565|line:520| https://t.bilibili.com/1105375374871625744
2025-09-05 17:28:09,810|line:527| 官方 或 预约 OUT！
2025-09-05 17:28:09,810|line:520| https://t.bilibili.com/1104535455369527312
2025-09-05 17:28:14,128|line:527| 官方 或 预约 OUT！
2025-09-05 17:28:14,128|line:520| https://t.bilibili.com/1106556473701302293
2025-09-05 17:28:18,495|line:527| 官方 或 预约 OUT！
2025-09-05 17:28:18,496|line:520| https://t.bilibili.com/1098681140068220949
2025-09-05 17:28:22,846|line:527| 官方 或 预约 OUT！
2025-09-05 17:28:22,846|line:520| https://t.bilibili.com/1108247896241733632
2025-09-05 17:28:26,205|line:527| 官方 或 预约 OUT！
2025-09-05 17:28:26,206|line:520| https://t.bilibili.com/1106500179559710743
2025-09-05 17:28:27,526|line:527| 官方 或 预约 OUT！
2025-09-05 17:28:27,526|line:520| https://t.bilibili.com/1106791571637927940
2025-09-05 17:28:29,885|line:527| 官方 或 预约 OUT！
2025-09-05 17:28:29,886|line:520| https://t.bilibili.com/1105276964294361125
2025-09-05 17:28:32,171|line:527| 官方 或 预约 OUT！
2025-09-05 17:28:32,171|line:520| https://t.bilibili.com/1106554729919414280
2025-09-05 17:28:36,537|line:527| 官方 或 预约 OUT！
2025-09-05 17:28:36,538|line:520| https://t.bilibili.com/1107132630684401670
2025-09-05 17:28:40,916|line:527| 官方 或 预约 OUT！
2025-09-05 17:28:40,917|line:520| https://t.bilibili.com/1106422234515243033
2025-09-05 17:28:44,190|line:527| 官方 或 预约 OUT！
2025-09-05 17:28:44,191|line:520| https://t.bilibili.com/1106392899882319875
2025-09-05 17:28:46,443|line:527| 官方 或 预约 OUT！
2025-09-05 17:28:46,443|line:520| https://t.bilibili.com/1106854333956227141
2025-09-05 17:28:48,873|line:527| 官方 或 预约 OUT！
2025-09-05 17:28:48,873|line:520| https://t.bilibili.com/1096376619529928728
2025-09-05 17:28:51,208|line:527| 官方 或 预约 OUT！
2025-09-05 17:28:51,208|line:520| https://t.bilibili.com/1105652975770009601
2025-09-05 17:28:55,462|line:527| 官方 或 预约 OUT！
2025-09-05 17:28:55,463|line:520| https://t.bilibili.com/1105356369642389512
2025-09-05 17:28:58,713|line:527| 官方 或 预约 OUT！
2025-09-05 17:28:58,713|line:520| https://t.bilibili.com/1107132772391059476
2025-09-05 17:29:01,069|line:527| 官方 或 预约 OUT！
2025-09-05 17:29:01,069|line:520| https://t.bilibili.com/1107557548941115398
2025-09-05 17:29:04,304|line:527| 官方 或 预约 OUT！
2025-09-05 17:29:04,304|line:520| https://t.bilibili.com/1106746113697775685
2025-09-05 17:29:05,545|line:527| 官方 或 预约 OUT！
2025-09-05 17:29:05,545|line:520| https://t.bilibili.com/1104137625393954823
2025-09-05 17:29:07,794|line:527| 官方 或 预约 OUT！
2025-09-05 17:29:07,794|line:520| https://t.bilibili.com/1106483253087305732
2025-09-05 17:29:11,031|line:527| 官方 或 预约 OUT！
2025-09-05 17:29:11,031|line:520| https://t.bilibili.com/1097193711293431812
2025-09-05 17:29:14,387|line:527| 官方 或 预约 OUT！
2025-09-05 17:29:14,387|line:520| https://t.bilibili.com/1107132665013731335
2025-09-05 17:29:16,641|line:527| 官方 或 预约 OUT！
2025-09-05 17:29:16,641|line:520| https://t.bilibili.com/1107957483400331273
2025-09-05 17:29:19,909|line:527| 官方 或 预约 OUT！
2025-09-05 17:29:19,909|line:520| https://t.bilibili.com/1107149179155644417
2025-09-05 17:29:21,186|line:527| 官方 或 预约 OUT！
2025-09-05 17:29:21,186|line:520| https://t.bilibili.com/1106391920585736230
2025-09-05 17:29:25,541|line:527| 官方 或 预约 OUT！
2025-09-05 17:29:25,541|line:520| https://t.bilibili.com/1096054140499394567
2025-09-05 17:29:28,792|line:527| 官方 或 预约 OUT！
2025-09-05 17:29:28,792|line:520| https://t.bilibili.com/1105261734335086592
2025-09-05 17:29:31,043|line:527| 官方 或 预约 OUT！
2025-09-05 17:29:31,044|line:520| https://t.bilibili.com/1097930993913823234
2025-09-05 17:29:35,407|line:527| 官方 或 预约 OUT！
2025-09-05 17:29:35,407|line:520| https://t.bilibili.com/1106730621702504487
2025-09-05 17:29:36,761|line:527| 官方 或 预约 OUT！
2025-09-05 17:29:36,761|line:520| https://t.bilibili.com/1102308574968676376
2025-09-05 17:29:39,009|line:527| 官方 或 预约 OUT！
2025-09-05 17:29:39,010|line:520| https://t.bilibili.com/1107503921984700432
2025-09-05 17:29:43,246|line:527| 官方 或 预约 OUT！
2025-09-05 17:29:43,246|line:520| https://t.bilibili.com/1103469904011460608
2025-09-05 17:29:46,500|line:527| 官方 或 预约 OUT！
2025-09-05 17:29:46,501|line:520| https://t.bilibili.com/1086036034793242676
2025-09-05 17:29:50,810|line:527| 官方 或 预约 OUT！
2025-09-05 17:29:50,810|line:520| https://t.bilibili.com/1106765453922926595
2025-09-05 17:29:54,090|line:527| 官方 或 预约 OUT！
2025-09-05 17:29:54,090|line:520| https://t.bilibili.com/1107879276379635736
2025-09-05 17:29:57,356|line:527| 官方 或 预约 OUT！
2025-09-05 17:29:57,357|line:520| https://t.bilibili.com/1106517509751701504
2025-09-05 17:29:59,797|line:527| 官方 或 预约 OUT！
2025-09-05 17:29:59,797|line:520| https://t.bilibili.com/1107162575148154888
2025-09-05 17:30:02,047|line:527| 官方 或 预约 OUT！
2025-09-05 17:30:02,047|line:520| https://t.bilibili.com/1107136745263071238
2025-09-05 17:30:06,295|line:527| 官方 或 预约 OUT！
2025-09-05 17:30:06,295|line:520| https://t.bilibili.com/1103777475235676160
2025-09-05 17:30:09,665|line:527| 官方 或 预约 OUT！
2025-09-05 17:30:09,665|line:520| https://t.bilibili.com/1103422178331721734
2025-09-05 17:30:12,015|line:527| 官方 或 预约 OUT！
2025-09-05 17:30:12,015|line:520| https://t.bilibili.com/1106019422403821657
2025-09-05 17:30:16,382|line:527| 官方 或 预约 OUT！
2025-09-05 17:30:16,383|line:520| https://t.bilibili.com/1107572620017008648
2025-09-05 17:30:18,632|line:527| 官方 或 预约 OUT！
2025-09-05 17:30:18,632|line:520| https://t.bilibili.com/1106483300305731593
2025-09-05 17:30:20,987|line:527| 官方 或 预约 OUT！
2025-09-05 17:30:20,987|line:520| https://t.bilibili.com/1098996377762922502
2025-09-05 17:30:25,304|line:527| 官方 或 预约 OUT！
2025-09-05 17:30:25,304|line:520| https://t.bilibili.com/1104205808029138951
2025-09-05 17:30:26,551|line:527| 官方 或 预约 OUT！
2025-09-05 17:30:26,552|line:520| https://t.bilibili.com/1106490962575622150
2025-09-05 17:30:28,919|line:527| 官方 或 预约 OUT！
2025-09-05 17:30:28,919|line:520| https://t.bilibili.com/1107567126748594184
2025-09-05 17:30:32,175|line:527| 官方 或 预约 OUT！
2025-09-05 17:30:32,176|line:520| https://t.bilibili.com/1106328660002996231
2025-09-05 17:30:33,432|line:527| 官方 或 预约 OUT！
2025-09-05 17:30:33,432|line:520| https://t.bilibili.com/1106484859431288871
2025-09-05 17:30:36,744|line:527| 官方 或 预约 OUT！
2025-09-05 17:30:36,745|line:520| https://t.bilibili.com/1108313347248357412
2025-09-05 17:30:39,991|line:527| 官方 或 预约 OUT！
2025-09-05 17:30:39,991|line:520| https://t.bilibili.com/1106065790835097606
2025-09-05 17:30:44,382|line:527| 官方 或 预约 OUT！
2025-09-05 17:30:44,383|line:520| https://t.bilibili.com/1106767498345185303
2025-09-05 17:30:45,625|line:527| 官方 或 预约 OUT！
2025-09-05 17:30:45,625|line:520| https://t.bilibili.com/1106470398226071587
2025-09-05 17:30:48,875|line:527| 官方 或 预约 OUT！
2025-09-05 17:30:48,876|line:520| https://t.bilibili.com/1103877724067332105
2025-09-05 17:30:53,118|line:527| 官方 或 预约 OUT！
2025-09-05 17:30:53,119|line:520| https://t.bilibili.com/1096747850688102472
2025-09-05 17:30:55,398|line:527| 官方 或 预约 OUT！
2025-09-05 17:30:55,398|line:553| 执行结束
2025-09-05 17:30:55,398|line:559| ==================================================2025-09-06 01:30==================================================
2025-09-05 17:31:03,063|line:579| ('reply: ', '小闪闪bling', 'hhh腾子买库洛让我感觉他自己有点不太想出大世界了')
2025-09-05 17:31:03,063|line:579| ('reply: ', '我不是可洛蒂娅', '不是，这……')
2025-09-05 17:31:03,063|line:579| ('reply: ', '好像都是一个人', '你在说什么')
2025-09-05 17:31:03,063|line:579| ('reply: ', '目标咨询', '太宠粉了啊')
2025-09-05 17:31:03,063|line:579| ('reply: ', '数玩工场', '祝你成功')
2025-09-05 17:31:03,063|line:579| ('reply: ', '益家有小佰', '恭喜宝子，获得小电视月度会员1份和克刻冰冰猴喉糖随机口味1份～记得私信小佰提供信息哦~')
2025-09-05 17:31:03,064|line:579| ('reply: ', '圆环之理-Madoka', '是的')
2025-09-05 17:31:03,064|line:579| ('reply: ', '兰的三姨', '这就是银河巨星的实力！')
2025-09-05 17:31:03,064|line:579| ('reply: ', '花园百合铃音', '有男不玩，我只吃麻辣火锅，xxn滚[吃瓜]')
2025-09-05 17:31:03,064|line:579| ('reply: ', '是绝赞的阿鬼', '[tv_难过]')
2025-09-05 17:31:03,064|line:579| ('reply: ', '桃稚不幼稚', '还行')
2025-09-05 17:31:03,064|line:579| ('reply: ', '陌罔子吖', '佬，这个报名有啥条件不。最近太非了，想下次报来抽[脱单doge][脱单doge][脱单doge]')
2025-09-05 17:31:03,064|line:579| ('reply: ', '太二酸菜鱼', '恭喜成为本期欧皇[打call]获得【肥龙联名显眼包】1份，在收到本信息的两天内回复哥的私信哦~逾期哥就自己收啦！[脱单doge]')
2025-09-05 17:31:03,064|line:579| ('reply: ', '得一想二的松鼠', '中奖分我一半')
2025-09-05 17:31:03,064|line:579| ('reply: ', '佑凉Uriyoo', '谢谢！！！[UP_24967030_感恩]')
2025-09-05 17:31:03,064|line:579| ('reply: ', '岛莓祁', '好耶')
2025-09-05 17:31:03,065|line:579| ('reply: ', '苏酥_SUSU_', 'https://b23.tv/3HJcDkm')
2025-09-05 17:31:03,065|line:579| ('reply: ', '心想事成イ', 'I[UP_410636303_比心鸟][UP_410636303_比心鸟][UP_410636303_比心鸟]')
2025-09-05 17:31:03,065|line:579| ('reply: ', 'FWF第五人格娱乐赛', '加油[doge]')
2025-09-05 17:31:03,065|line:579| ('reply: ', '神奇猫咪_有钱哒', '好耶')
2025-09-05 17:31:04,645|line:588| ('at: ', '联想拯救者官方', '是我喜欢的奖品名单 直接开奖 上 趁现在没人偷摸开个奖 恭喜这些小伙伴 【拯救者7.1声卡H7游戏耳机】获奖名单 @泪水打湿猪脚饭o @xoomoon @小小Shaun @T山海连云T @超超超超薄脆饼干 @BerboomC 【拯救者C140氮化镓适配器】获奖名单 @改个天凉好个秋 @夜猫子牙不好 @LLL好久不见 @林殇倾慕婉 @今天也要拥抱微风 @洳不及我万一 @胜利の天平 【白金独角兽电竞鼠标】获奖名单 @底片上的诗旅人 【拯救者C170氮化镓适配器】获奖名单 @麦當劳无限好 @無名丶の辈 @任性的提莫 @广东有暖风 由于B站私信规则修改 我会私信中奖的小伙伴一条消息，还请注意查收并回复我您的收货地址与联系方式，奖品基本会在私信您信息后的三十个工作日内发货')
2025-09-05 17:31:04,645|line:588| ('at: ', 'Apexgaming艾湃电竞', '恭喜 @小小Shaun 获得饮料一份，三天内联系我，过时不候！')
2025-09-05 17:31:04,645|line:588| ('at: ', '喜欢白毛有什么不好', '1 @浪子游2fans6@被_____打下来的飞机@拉斯特臣后面一个点@专心致志的学生@猫猫头OmMeow@小小Shaun@龐門左道@啦啦痴痴腻@bili_66938050009@日月星辰668')
2025-09-05 17:31:04,645|line:588| ('at: ', 'iKF蓝牙耳机', '恭喜@小小Shaun 宝子成为苏泊尔福利动态幸运儿！\n注意：即日起72小时内回复信息确认领奖哦！逾期将自动视为放弃中奖资格。\n没有中奖的宝子们不要气馁，参与一下下置顶视频iKF Mars，增加欧气值，说不定下个幸运儿就是你！\n链接：\nhttps://www.bilibili.com/video/BV1Soo6YLEHZ/?spm_id_from=333.1387.list.card_archive.click&vd_source=21fb0967ccc75e6b3b2447ade2c740dd\n还没参与抽奖的宝子们，赶紧点击上方链接参与吧！还有特别福利惊喜等你哦~')
2025-09-05 17:31:04,646|line:588| ('at: ', 'wellymerck威利默克', '恭喜@小小Shaun\xa0 获得《我是你的小狗3 永远等你回家》1本，请于5天内联系威宝，凭关注+互动截图领取奖品，逾期作废~')
2025-09-05 17:31:04,646|line:588| ('at: ', '宁美NINGMEI', '恭喜@小小Shaun   中奖，请在12月1日24点前私信我：1. 奖品+中奖信息a. 实物奖：姓名电话地址，给文字！省市区路清晰，提交不清晰不发奖，信息错误致无法签收，概不负责；\n\nb. 现金红包给到支付宝实名+账号；\n\nc. 京东卡/猫超卡 等购物卡给到姓名+电话；2. 宁美和品牌方关注截图+转发截图！\n\n必须关注品牌方，否则奖品不予发放；如遇无法私信图片的情况，等待我回复后即可发送图片。PS： \n\n因后台收信有时会出问题，以回复“已登记”为准，没有回复即表示私信未收到。\n\n过期视为自动放弃，不会补发；奖品30个工作日内发送，勿催哦~\n\n不发全，不回复。其他小伙伴请继续努力！')
2025-09-05 17:31:04,646|line:588| ('at: ', '爱玛电动车官方账号', '#一“玛”当先榜# 快来看看10月都是谁和爱玛酱互动最多呀~ 💕恭喜@小小Shaun 和@甘瑞凯拉莎 排行第一！这两位小玛达将会获得【爱玛随机周边×1】，请5天内私信爱玛酱领奖哟~[鼓掌] 以后也请继续单推我无敌可爱美少女爱玛酱呀嘿嘿！(●´З｀●)')
2025-09-05 17:31:04,646|line:588| ('at: ', '爱玛电动车官方账号', '')
2025-09-05 17:31:04,646|line:588| ('at: ', '海露滴眼液', '互动榜出炉啦')
2025-09-05 17:31:04,646|line:588| ('at: ', '和蔼可亲桃白白', '\u200b//@九号公司:\u200b恭喜@小小Shaun 中奖！后续记得查收私信哟～\u200b//@九号公司:#互动抽奖# 谢谢粒粒的复工礼！小九也来加个码~关注【@微粒贷+@九号公司 】并转发该动态，抽一位小可爱获得【100元京东卡】~ #供电局福利社# 10月31日抽出！')
2025-09-05 17:31:04,646|line:588| ('at: ', '望大家身体健康快乐', '\u200b//@九号公司:\u200b恭喜@小小Shaun 中奖！后续记得查收私信哟～\u200b//@九号公司 :#互动抽奖# 谢谢粒粒的复工礼！小九也来加个码~关注【@微粒贷+@九号公司 】并转发该动态，抽一位小可爱获得【100元京东卡】~ #供电局福利社# 10月31日抽出！')
2025-09-05 17:31:04,646|line:588| ('at: ', 'MoMA_Reona', '//@九号公司:\u200b恭喜@小小Shaun 中奖！后续记得查收私信哟～\u200b//@九号公司:#互动抽奖# 谢谢粒粒的复工礼！小九也来加个码~关注【@微粒贷+@九号公司 】并转发该动态，抽一位小可爱获得【100元京东卡】~ #供电局福利社# 10月31日抽出！')
2025-09-05 17:31:04,646|line:588| ('at: ', '摸鱼二队', '\u200b//@九号公司:\u200b恭喜@小小Shaun 中奖！后续记得查收私信哟～\u200b//@九号公司 :#互动抽奖# 谢谢粒粒的复工礼！小九也来加个码~关注【@微粒贷+@九号公司 】并转发该动态，抽一位小可爱获得【100元京东卡】~ #供电局福利社# 10月31日抽出！')
2025-09-05 17:31:04,647|line:588| ('at: ', '文少嘅一些事一些情', '\u200b//@九号公司:\u200b恭喜@小小Shaun 中奖！后续记得查收私信哟～\u200b//@九号公司 :#互动抽奖# 谢谢粒粒的复工礼！小九也来加个码~关注【@微粒贷+@九号公司 】并转发该动态，抽一位小可爱获得【100元京东卡】~ #供电局福利社# 10月31日抽出！')
2025-09-05 17:31:04,647|line:588| ('at: ', 'Carry队友的嘟嘟酱丶', '\u200b//@九号公司:\u200b恭喜@小小Shaun 中奖！后续记得查收私信哟～\u200b//@九号公司 :#互动抽奖# 谢谢粒粒的复工礼！小九也来加个码~关注【@微粒贷+@九号公司 】并转发该动态，抽一位小可爱获得【100元京东卡】~ #供电局福利社# 10月31日抽出！')
2025-09-05 17:31:04,647|line:588| ('at: ', '蛤蟆zero', '//@九号公司:\u200b恭喜@小小Shaun 中奖！后续记得查收私信哟～\u200b//@九号公司:#互动抽奖# 谢谢粒粒的复工礼！小九也来加个码~关注【@微粒贷+@九号公司 】并转发该动态，抽一位小可爱获得【100元京东卡】~ #供电局福利社# 10月31日抽出！c冲冲冲')
2025-09-05 17:31:04,647|line:588| ('at: ', '木而各子要吃笃栗子', '\u200b//@九号公司:\u200b恭喜@小小Shaun 中奖！后续记得查收私信哟～\u200b//@九号公司 :#互动抽奖# 谢谢粒粒的复工礼！小九也来加个码~关注【@微粒贷+@九号公司 】并转发该动态，抽一位小可爱获得【100元京东卡】~ #供电局福利社# 10月31日抽出！')
2025-09-05 17:31:04,647|line:588| ('at: ', '裙下愚臣情默默', '\u200b//@九号公司:\u200b恭喜@小小Shaun 中奖！后续记得查收私信哟～\u200b//@九号公司 :#互动抽奖# 谢谢粒粒的复工礼！小九也来加个码~关注【@微粒贷+@九号公司 】并转发该动态，抽一位小可爱获得【100元京东卡】~ #供电局福利社# 10月31日抽出！')
2025-09-05 17:31:04,647|line:588| ('at: ', '戊子毕宿', '')
2025-09-05 17:31:04,647|line:588| ('at: ', '九号电动', '\u200b恭喜@小小Shaun 中奖！后续记得查收私信哟～\u200b//@九号公司:#互动抽奖# 谢谢粒粒的复工礼！小九也来加个码~关注【@微粒贷+@九号公司 】并转发该动态，抽一位小可爱获得【100元京东卡】~ #供电局福利社# 10月31日抽出！')
