2025-09-08 16:34:20,794|line:233| processing article 42962494
2025-09-08 16:34:23,198|line:508| ==================================================2025-09-09 00:34==================================================
2025-09-08 16:34:23,198|line:520| https://t.bilibili.com/1104949292608520197
2025-09-08 16:34:23,198|line:522| 已有
2025-09-08 16:34:23,199|line:520| https://t.bilibili.com/1103132452712349700
2025-09-08 16:34:23,199|line:522| 已有
2025-09-08 16:34:23,199|line:520| https://t.bilibili.com/1109359141739036672
2025-09-08 16:34:24,529|line:527| 官方 或 预约 OUT！
2025-09-08 16:34:24,529|line:520| https://t.bilibili.com/1103456349132423172
2025-09-08 16:34:24,529|line:522| 已有
2025-09-08 16:34:24,529|line:520| https://t.bilibili.com/1102708075611029524
2025-09-08 16:34:24,530|line:522| 已有
2025-09-08 16:34:24,530|line:520| https://t.bilibili.com/1104893393612308489
2025-09-08 16:34:24,530|line:522| 已有
2025-09-08 16:34:24,530|line:520| https://t.bilibili.com/1108960268121014277
2025-09-08 16:34:24,530|line:522| 已有
2025-09-08 16:34:24,530|line:520| https://t.bilibili.com/1108976318405410836
2025-09-08 16:34:24,530|line:522| 已有
2025-09-08 16:34:24,531|line:520| https://t.bilibili.com/1109003539878772737
2025-09-08 16:34:29,042|line:527| 官方 或 预约 OUT！
2025-09-08 16:34:29,042|line:520| https://t.bilibili.com/1109453532194406407
2025-09-08 16:34:29,042|line:522| 已有
2025-09-08 16:34:29,042|line:520| https://t.bilibili.com/1104956972058279941
2025-09-08 16:34:29,042|line:522| 已有
2025-09-08 16:34:29,042|line:520| https://t.bilibili.com/1109107387925528576
2025-09-08 16:34:29,043|line:522| 已有
2025-09-08 16:34:29,043|line:520| https://t.bilibili.com/1104969719512825860
2025-09-08 16:34:29,043|line:522| 已有
2025-09-08 16:34:29,043|line:520| https://t.bilibili.com/1101174664948875305
2025-09-08 16:34:29,043|line:522| 已有
2025-09-08 16:34:29,043|line:520| https://t.bilibili.com/1105259664154558473
2025-09-08 16:34:29,043|line:522| 已有
2025-09-08 16:34:29,043|line:520| https://t.bilibili.com/1103788058037190663
2025-09-08 16:34:29,043|line:522| 已有
2025-09-08 16:34:29,044|line:520| https://t.bilibili.com/1106932137324445704
2025-09-08 16:34:30,568|line:527| 官方 或 预约 OUT！
2025-09-08 16:34:30,568|line:520| https://t.bilibili.com/1104949322706845700
2025-09-08 16:34:30,568|line:522| 已有
2025-09-08 16:34:30,569|line:520| https://t.bilibili.com/1104930824243904529
2025-09-08 16:34:30,569|line:522| 已有
2025-09-08 16:34:30,569|line:520| https://t.bilibili.com/1104931215123677193
2025-09-08 16:34:30,569|line:522| 已有
2025-09-08 16:34:30,569|line:520| https://t.bilibili.com/1108620433121345543
2025-09-08 16:34:34,073|line:527| 官方 或 预约 OUT！
2025-09-08 16:34:34,073|line:520| https://t.bilibili.com/1101164034840854560
2025-09-08 16:34:34,073|line:522| 已有
2025-09-08 16:34:34,073|line:520| https://t.bilibili.com/1105978014635655186
2025-09-08 16:34:34,073|line:522| 已有
2025-09-08 16:34:34,074|line:520| https://t.bilibili.com/1103128226505424900
2025-09-08 16:34:34,074|line:522| 已有
2025-09-08 16:34:34,074|line:520| https://t.bilibili.com/1108978835266732034
2025-09-08 16:34:34,074|line:522| 已有
2025-09-08 16:34:34,074|line:520| https://t.bilibili.com/1108616960651821057
2025-09-08 16:34:34,074|line:522| 已有
2025-09-08 16:34:34,074|line:520| https://t.bilibili.com/1107970553003638785
2025-09-08 16:34:34,074|line:522| 已有
2025-09-08 16:34:34,075|line:520| https://t.bilibili.com/1105260866732818453
2025-09-08 16:34:34,075|line:522| 已有
2025-09-08 16:34:34,075|line:520| https://t.bilibili.com/1109088528726228995
2025-09-08 16:34:36,336|line:527| 官方 或 预约 OUT！
2025-09-08 16:34:36,336|line:520| https://t.bilibili.com/1104937421362954276
2025-09-08 16:34:36,337|line:522| 已有
2025-09-08 16:34:36,337|line:520| https://t.bilibili.com/1108716077713457158
2025-09-08 16:34:39,691|line:527| 官方 或 预约 OUT！
2025-09-08 16:34:39,692|line:520| https://t.bilibili.com/1102638814983094274
2025-09-08 16:34:39,692|line:522| 已有
2025-09-08 16:34:39,692|line:520| https://t.bilibili.com/1107861628364259330
2025-09-08 16:34:43,047|line:527| 官方 或 预约 OUT！
2025-09-08 16:34:43,047|line:520| https://t.bilibili.com/1101294305556824082
2025-09-08 16:34:43,047|line:522| 已有
2025-09-08 16:34:43,047|line:520| https://t.bilibili.com/1106389867584028729
2025-09-08 16:34:43,047|line:522| 已有
2025-09-08 16:34:43,047|line:520| https://t.bilibili.com/1109091178680156160
2025-09-08 16:34:44,300|line:527| 官方 或 预约 OUT！
2025-09-08 16:34:44,301|line:520| https://t.bilibili.com/1103091135126962177
2025-09-08 16:34:44,301|line:522| 已有
2025-09-08 16:34:44,301|line:520| https://t.bilibili.com/1101165877440544838
2025-09-08 16:34:44,301|line:522| 已有
2025-09-08 16:34:44,301|line:520| https://t.bilibili.com/1107476240951934980
2025-09-08 16:34:44,301|line:522| 已有
2025-09-08 16:34:44,302|line:520| https://t.bilibili.com/1109002457584762932
2025-09-08 16:34:48,573|line:527| 官方 或 预约 OUT！
2025-09-08 16:34:48,573|line:520| https://t.bilibili.com/1108991471063662614
2025-09-08 16:34:50,821|line:527| 官方 或 预约 OUT！
2025-09-08 16:34:50,821|line:520| https://t.bilibili.com/1107462385342349353
2025-09-08 16:34:50,821|line:522| 已有
2025-09-08 16:34:50,822|line:520| https://t.bilibili.com/1107567027984269315
2025-09-08 16:34:50,822|line:522| 已有
2025-09-08 16:34:50,822|line:520| https://t.bilibili.com/1103769194555506691
2025-09-08 16:34:50,822|line:522| 已有
2025-09-08 16:34:50,822|line:520| https://t.bilibili.com/1108672419370893315
2025-09-08 16:34:50,822|line:522| 已有
2025-09-08 16:34:50,822|line:520| https://t.bilibili.com/1103780778050846720
2025-09-08 16:34:50,822|line:522| 已有
2025-09-08 16:34:50,822|line:520| https://t.bilibili.com/1108982855355072513
2025-09-08 16:34:50,823|line:522| 已有
2025-09-08 16:34:50,823|line:520| https://t.bilibili.com/1102281117203955717
2025-09-08 16:34:50,823|line:522| 已有
2025-09-08 16:34:50,823|line:520| https://t.bilibili.com/1101570540641976356
2025-09-08 16:34:50,823|line:522| 已有
2025-09-08 16:34:50,823|line:520| https://t.bilibili.com/1103131821411926021
2025-09-08 16:34:50,823|line:522| 已有
2025-09-08 16:34:50,823|line:520| https://t.bilibili.com/1101152696177524740
2025-09-08 16:34:50,823|line:522| 已有
2025-09-08 16:34:50,823|line:520| https://t.bilibili.com/1102337243820851205
2025-09-08 16:34:50,824|line:522| 已有
2025-09-08 16:34:50,824|line:520| https://t.bilibili.com/1101568264338669606
2025-09-08 16:34:50,824|line:522| 已有
2025-09-08 16:34:50,824|line:520| https://t.bilibili.com/1103127577924468742
2025-09-08 16:34:50,824|line:522| 已有
2025-09-08 16:34:50,824|line:520| https://t.bilibili.com/1107642864163094533
2025-09-08 16:34:50,824|line:522| 已有
2025-09-08 16:34:50,824|line:520| https://t.bilibili.com/1102648951074455585
2025-09-08 16:34:50,824|line:522| 已有
2025-09-08 16:34:50,825|line:520| https://t.bilibili.com/1104932748423856130
2025-09-08 16:34:50,825|line:522| 已有
2025-09-08 16:34:50,825|line:520| https://t.bilibili.com/1107484998358794248
2025-09-08 16:34:50,825|line:522| 已有
2025-09-08 16:34:50,825|line:520| https://t.bilibili.com/1100920385683062802
2025-09-08 16:34:50,825|line:522| 已有
2025-09-08 16:34:50,825|line:520| https://t.bilibili.com/1102361476028432386
2025-09-08 16:34:50,825|line:522| 已有
2025-09-08 16:34:50,825|line:520| https://t.bilibili.com/1104872271010332675
2025-09-08 16:34:50,825|line:522| 已有
2025-09-08 16:34:50,826|line:520| https://t.bilibili.com/1105329788097134594
2025-09-08 16:34:50,826|line:522| 已有
2025-09-08 16:34:50,826|line:520| https://t.bilibili.com/1102649174457843718
2025-09-08 16:34:50,826|line:522| 已有
2025-09-08 16:34:50,826|line:520| https://t.bilibili.com/1109073126978748553
2025-09-08 16:34:50,826|line:522| 已有
2025-09-08 16:34:50,826|line:520| https://t.bilibili.com/1102275937507999746
2025-09-08 16:34:50,826|line:522| 已有
2025-09-08 16:34:50,826|line:520| https://t.bilibili.com/1109040949070135313
2025-09-08 16:34:50,826|line:522| 已有
2025-09-08 16:34:50,827|line:520| https://t.bilibili.com/1109019049028747271
2025-09-08 16:34:54,075|line:527| 官方 或 预约 OUT！
2025-09-08 16:34:54,076|line:520| https://t.bilibili.com/1109140476367208456
2025-09-08 16:34:57,325|line:527| 官方 或 预约 OUT！
2025-09-08 16:34:57,326|line:520| https://t.bilibili.com/1101529983253217283
2025-09-08 16:34:57,326|line:522| 已有
2025-09-08 16:34:57,326|line:520| https://t.bilibili.com/1108979238962200599
2025-09-08 16:34:57,326|line:522| 已有
2025-09-08 16:34:57,326|line:520| https://t.bilibili.com/1102758575814475780
2025-09-08 16:34:57,326|line:522| 已有
2025-09-08 16:34:57,326|line:520| https://t.bilibili.com/1103466562574090258
2025-09-08 16:34:57,327|line:522| 已有
2025-09-08 16:34:57,327|line:520| https://t.bilibili.com/1101164477243457538
2025-09-08 16:34:57,327|line:522| 已有
2025-09-08 16:34:57,327|line:520| https://t.bilibili.com/1102303386588413959
2025-09-08 16:34:57,327|line:522| 已有
2025-09-08 16:34:57,327|line:520| https://t.bilibili.com/635932563238551585
2025-09-08 16:34:57,327|line:522| 已有
2025-09-08 16:34:57,327|line:520| https://t.bilibili.com/1108997526918266902
2025-09-08 16:34:58,566|line:527| 官方 或 预约 OUT！
2025-09-08 16:34:58,566|line:553| 执行结束
2025-09-08 16:34:58,566|line:559| ==================================================2025-09-09 00:34==================================================
2025-09-08 16:34:58,567|line:233| processing article 42973336
2025-09-08 16:35:02,165|line:508| ==================================================2025-09-09 00:35==================================================
2025-09-08 16:35:02,165|line:520| https://t.bilibili.com/1110129800595374098
2025-09-08 16:35:04,527|line:337| =========此为子动态=========
2025-09-08 16:35:07,976|line:388| *************原动态处理开始***************
2025-09-08 16:35:14,625|line:476| 转发成功 1110295921316331528
2025-09-08 16:35:17,948|line:495| 评论发送成功
2025-09-08 16:35:22,418|line:425| 383666009 === 已经关注了
2025-09-08 16:35:25,804|line:504| 动态-点赞 0
2025-09-08 16:35:25,804|line:397| *************原动态处理完成***************
2025-09-08 16:35:28,410|line:363| *********子动态开始*********
2025-09-08 16:35:36,669|line:476| 转发成功 1110296015844409380
2025-09-08 16:35:40,030|line:495| 评论发送成功
2025-09-08 16:35:43,000|line:425| 2091407755 === 已经关注了
2025-09-08 16:35:43,000|line:377| ----完成一个子动态----
2025-09-08 16:35:51,194|line:476| 转发成功 1110296080245850112
2025-09-08 16:35:54,527|line:495| 评论发送成功
2025-09-08 16:35:58,183|line:425| 388684610 === 已经关注了
2025-09-08 16:35:58,184|line:377| ----完成一个子动态----
2025-09-08 16:36:06,392|line:476| 转发成功 1110296144650436615
2025-09-08 16:36:09,737|line:495| 评论发送成功
2025-09-08 16:36:17,302|line:425| 343470950 === 已经关注了
2025-09-08 16:36:17,303|line:377| ----完成一个子动态----
2025-09-08 16:36:25,526|line:476| 转发成功 1110296226293612546
2025-09-08 16:36:28,870|line:495| 评论发送成功
2025-09-08 16:36:33,454|line:425| 571307144 === 已经关注了
2025-09-08 16:36:33,455|line:377| ----完成一个子动态----
2025-09-08 16:36:41,634|line:476| 转发成功 1110296294965903362
2025-09-08 16:36:44,977|line:495| 评论发送成功
2025-09-08 16:36:51,556|line:425| 26916676 === 已经关注了
2025-09-08 16:36:51,557|line:377| ----完成一个子动态----
2025-09-08 16:37:00,742|line:476| 转发成功 1110296376589156369
2025-09-08 16:37:04,103|line:495| 评论发送成功
2025-09-08 16:37:10,665|line:425| 1864084681 === 已经关注了
2025-09-08 16:37:10,665|line:377| ----完成一个子动态----
2025-09-08 16:37:19,887|line:476| 转发成功 1110296458175709209
2025-09-08 16:37:23,374|line:495| 评论发送成功
2025-09-08 16:37:29,975|line:425| 1494786563 === 已经关注了
2025-09-08 16:37:29,975|line:377| ----完成一个子动态----
2025-09-08 16:37:38,031|line:476| 转发成功 1110296535496654850
2025-09-08 16:37:41,402|line:495| 评论发送成功
2025-09-08 16:37:47,155|line:425| 242136088 === 已经关注了
2025-09-08 16:37:47,156|line:377| ----完成一个子动态----
2025-09-08 16:37:47,156|line:382| *********子动态结束*********
2025-09-08 16:37:50,156|line:520| https://t.bilibili.com/1107567126748594184
2025-09-08 16:37:53,477|line:527| 官方 或 预约 OUT！
2025-09-08 16:37:53,477|line:520| https://t.bilibili.com/1109863435325145108
2025-09-08 16:37:56,838|line:342| =========此为源动态=========
2025-09-08 16:38:00,127|line:363| *********子动态开始*********
2025-09-08 16:38:00,127|line:382| *********子动态结束*********
2025-09-08 16:38:00,127|line:538| -=-=-=-=处理回最初的动态-=-=-=-=
2025-09-08 16:38:12,317|line:476| 转发成功 1110296685812121602
2025-09-08 16:38:15,652|line:495| 评论发送成功
2025-09-08 16:38:19,089|line:425| 100680137 === 已经关注了
2025-09-08 16:38:22,400|line:504| 动态-点赞 0
2025-09-08 16:38:23,400|line:520| https://t.bilibili.com/1110160569705431093
2025-09-08 16:38:27,645|line:342| =========此为源动态=========
2025-09-08 16:38:29,086|line:363| *********子动态开始*********
2025-09-08 16:38:29,087|line:382| *********子动态结束*********
2025-09-08 16:38:29,087|line:538| -=-=-=-=处理回最初的动态-=-=-=-=
2025-09-08 16:38:36,215|line:476| 转发成功 1110296788893433859
2025-09-08 16:38:39,664|line:495| 评论发送成功
2025-09-08 16:38:41,989|line:425| 476645168 === 已经关注了
2025-09-08 16:38:45,353|line:504| 动态-点赞 0
2025-09-08 16:38:49,353|line:520| https://t.bilibili.com/1110080743448510469
2025-09-08 16:38:52,708|line:527| 官方 或 预约 OUT！
2025-09-08 16:38:52,708|line:520| https://t.bilibili.com/1110074056190722065
2025-09-08 16:38:55,058|line:337| =========此为子动态=========
2025-09-08 16:38:58,379|line:401| *************原动态已存在***************
2025-09-08 16:39:00,685|line:363| *********子动态开始*********
2025-09-08 16:39:08,802|line:476| 转发成功 1110296926376427545
2025-09-08 16:39:12,158|line:495| 评论发送成功
2025-09-08 16:39:20,797|line:425| 416514298 === 已经关注了
2025-09-08 16:39:20,798|line:377| ----完成一个子动态----
2025-09-08 16:39:30,033|line:476| 转发成功 1110297016570740739
2025-09-08 16:39:33,370|line:495| 评论发送成功
2025-09-08 16:39:39,157|line:425| 1864084681 === 已经关注了
2025-09-08 16:39:39,158|line:377| ----完成一个子动态----
2025-09-08 16:39:49,530|line:476| 转发成功 1110297102431289363
2025-09-08 16:39:52,861|line:495| 评论发送成功
2025-09-08 16:39:59,534|line:425| 1771385364 === 已经关注了
2025-09-08 16:39:59,535|line:377| ----完成一个子动态----
2025-09-08 16:40:07,820|line:476| 转发成功 1110297179780546579
2025-09-08 16:40:11,176|line:495| 评论发送成功
2025-09-08 16:40:18,281|line:425| 479384351 === 已经关注了
2025-09-08 16:40:18,281|line:377| ----完成一个子动态----
2025-09-08 16:40:26,361|line:476| 转发成功 1110297261333544967
2025-09-08 16:40:30,632|line:495| 评论发送成功
2025-09-08 16:40:37,476|line:425| 432158620 === 已经关注了
2025-09-08 16:40:37,477|line:377| ----完成一个子动态----
2025-09-08 16:40:48,021|line:476| 转发成功 1110297351528906753
2025-09-08 16:40:51,355|line:495| 评论发送成功
2025-09-08 16:40:59,054|line:425| 674121390 === 已经关注了
2025-09-08 16:40:59,055|line:377| ----完成一个子动态----
2025-09-08 16:41:09,310|line:476| 转发成功 1110297446066421764
2025-09-08 16:41:12,742|line:495| 评论发送成功
2025-09-08 16:41:15,432|line:425| 1129687681 === 已经关注了
2025-09-08 16:41:15,432|line:377| ----完成一个子动态----
2025-09-08 16:41:24,620|line:476| 转发成功 1110297510493028353
2025-09-08 16:41:28,152|line:495| 评论发送成功
2025-09-08 16:41:35,972|line:425| 628831867 === 已经关注了
2025-09-08 16:41:35,972|line:377| ----完成一个子动态----
2025-09-08 16:41:48,414|line:476| 转发成功 1110297613525057538
2025-09-08 16:41:51,894|line:495| 评论发送成功
2025-09-08 16:41:57,581|line:425| 359127917 === 已经关注了
2025-09-08 16:41:57,582|line:377| ----完成一个子动态----
2025-09-08 16:42:04,893|line:476| 转发成功 1110297682273894400
2025-09-08 16:42:08,502|line:495| 评论发送成功
2025-09-08 16:42:15,095|line:425| 493230543 === 已经关注了
2025-09-08 16:42:15,095|line:377| ----完成一个子动态----
2025-09-08 16:42:15,095|line:382| *********子动态结束*********
2025-09-08 16:42:19,096|line:520| https://t.bilibili.com/1110157382885834792
2025-09-08 16:42:20,534|line:342| =========此为源动态=========
2025-09-08 16:42:21,965|line:363| *********子动态开始*********
2025-09-08 16:42:21,966|line:382| *********子动态结束*********
2025-09-08 16:42:21,966|line:538| -=-=-=-=处理回最初的动态-=-=-=-=
2025-09-08 16:42:30,963|line:476| 转发成功 1110297793944092674
2025-09-08 16:42:34,307|line:495| 评论发送成功
2025-09-08 16:42:35,621|line:425| 108766164 === 已经关注了
2025-09-08 16:42:39,006|line:504| 动态-点赞 0
2025-09-08 16:42:42,006|line:520| https://t.bilibili.com/1110194272350502914
2025-09-08 16:42:44,255|line:342| =========此为源动态=========
2025-09-08 16:42:46,855|line:363| *********子动态开始*********
2025-09-08 16:42:46,856|line:382| *********子动态结束*********
2025-09-08 16:42:46,856|line:538| -=-=-=-=处理回最初的动态-=-=-=-=
2025-09-08 16:42:57,044|line:476| 转发成功 1110297905569202177
2025-09-08 16:43:00,372|line:495| 评论发送成功
2025-09-08 16:43:01,691|line:425| 384514636 === 已经关注了
2025-09-08 16:43:05,141|line:504| 动态-点赞 0
2025-09-08 16:43:07,142|line:520| https://t.bilibili.com/1110131093331247107
2025-09-08 16:43:07,142|line:522| 已有
2025-09-08 16:43:07,142|line:520| https://t.bilibili.com/1110130101193801737
2025-09-08 16:43:07,142|line:522| 已有
2025-09-08 16:43:07,142|line:520| https://t.bilibili.com/1110073562269483017
2025-09-08 16:43:08,716|line:527| 官方 或 预约 OUT！
2025-09-08 16:43:08,716|line:520| https://t.bilibili.com/1110160226119581701
2025-09-08 16:43:12,955|line:342| =========此为源动态=========
2025-09-08 16:43:15,254|line:363| *********子动态开始*********
2025-09-08 16:43:15,254|line:382| *********子动态结束*********
2025-09-08 16:43:15,255|line:538| -=-=-=-=处理回最初的动态-=-=-=-=
2025-09-08 16:43:26,353|line:476| 转发成功 1110298034442338309
2025-09-08 16:43:29,688|line:495| 评论发送成功
2025-09-08 16:43:34,018|line:425| 480520643 === 已经关注了
2025-09-08 16:43:37,305|line:504| 动态-点赞 0
2025-09-08 16:43:38,305|line:520| https://t.bilibili.com/1110177023771279362
2025-09-08 16:43:41,652|line:342| =========此为源动态=========
2025-09-08 16:43:43,313|line:363| *********子动态开始*********
2025-09-08 16:43:43,313|line:382| *********子动态结束*********
2025-09-08 16:43:43,313|line:538| -=-=-=-=处理回最初的动态-=-=-=-=
2025-09-08 16:43:50,802|line:476| 转发成功 1110298137515261958
2025-09-08 16:43:54,240|line:495| 评论发送成功
2025-09-08 16:43:57,573|line:425| 346469145 === 已经关注了
2025-09-08 16:44:00,860|line:504| 动态-点赞 0
2025-09-08 16:44:02,861|line:520| https://t.bilibili.com/1110070377536552978
2025-09-08 16:44:06,099|line:342| =========此为源动态=========
2025-09-08 16:44:07,689|line:363| *********子动态开始*********
2025-09-08 16:44:07,689|line:382| *********子动态结束*********
2025-09-08 16:44:07,689|line:538| -=-=-=-=处理回最初的动态-=-=-=-=
2025-09-08 16:44:17,848|line:476| 转发成功 1110298253499301908
2025-09-08 16:44:21,379|line:495| 评论发送成功
2025-09-08 16:44:22,708|line:425| 79955050 === 已经关注了
2025-09-08 16:44:25,977|line:504| 动态-点赞 0
2025-09-08 16:44:26,978|line:520| https://t.bilibili.com/1110155007753191427
2025-09-08 16:44:30,452|line:337| =========此为子动态=========
2025-09-08 16:44:31,777|line:388| *************原动态处理开始***************
2025-09-08 16:44:36,522|line:476| 转发成功 1110298335114166273
2025-09-08 16:44:39,872|line:495| 评论发送成功
2025-09-08 16:44:42,185|line:425| 26012012 === 已经关注了
2025-09-08 16:44:45,449|line:504| 动态-点赞 0
2025-09-08 16:44:45,449|line:397| *************原动态处理完成***************
2025-09-08 16:44:47,793|line:363| *********子动态开始*********
2025-09-08 16:44:56,843|line:476| 转发成功 1110298420981006345
2025-09-08 16:45:00,358|line:495| 评论发送成功
2025-09-08 16:45:09,312|line:425| 26012012 === 已经关注了
2025-09-08 16:45:09,312|line:377| ----完成一个子动态----
2025-09-08 16:45:09,313|line:382| *********子动态结束*********
2025-09-08 16:45:11,313|line:520| https://t.bilibili.com/1110170289213276180
2025-09-08 16:45:13,665|line:342| =========此为源动态=========
2025-09-08 16:45:17,320|line:363| *********子动态开始*********
2025-09-08 16:45:17,321|line:382| *********子动态结束*********
2025-09-08 16:45:17,321|line:538| -=-=-=-=处理回最初的动态-=-=-=-=
2025-09-08 16:45:24,276|line:476| 转发成功 1110298541285179399
2025-09-08 16:45:27,613|line:495| 评论发送成功
2025-09-08 16:45:28,956|line:425| 587272348 === 已经关注了
2025-09-08 16:45:32,240|line:504| 动态-点赞 0
2025-09-08 16:45:33,240|line:520| https://t.bilibili.com/1110088873816358914
2025-09-08 16:45:36,494|line:337| =========此为子动态=========
2025-09-08 16:45:38,842|line:401| *************原动态已存在***************
2025-09-08 16:45:42,130|line:363| *********子动态开始*********
2025-09-08 16:45:53,178|line:476| 转发成功 1110298661521195012
2025-09-08 16:45:56,658|line:495| 评论发送成功
2025-09-08 16:46:04,254|line:425| 2089637378 === 已经关注了
2025-09-08 16:46:04,255|line:377| ----完成一个子动态----
2025-09-08 16:46:04,255|line:382| *********子动态结束*********
2025-09-08 16:46:07,256|line:520| https://t.bilibili.com/1109106477356810277
2025-09-08 16:46:07,256|line:522| 已有
2025-09-08 16:46:07,256|line:520| https://t.bilibili.com/1108247896241733632
2025-09-08 16:46:10,610|line:527| 官方 或 预约 OUT！
2025-09-08 16:46:10,611|line:520| https://t.bilibili.com/1110085839450275846
2025-09-08 16:46:14,848|line:342| =========此为源动态=========
2025-09-08 16:46:18,213|line:363| *********子动态开始*********
2025-09-08 16:46:18,214|line:382| *********子动态结束*********
2025-09-08 16:46:18,214|line:538| -=-=-=-=处理回最初的动态-=-=-=-=
2025-09-08 16:46:26,321|line:476| 转发成功 1110298807570006019
2025-09-08 16:46:29,794|line:495| 评论发送成功
2025-09-08 16:46:33,126|line:425| 315819794 === 已经关注了
2025-09-08 16:46:36,393|line:504| 动态-点赞 0
2025-09-08 16:46:37,394|line:520| https://t.bilibili.com/1110069331760250885
2025-09-08 16:46:37,394|line:522| 已有
2025-09-08 16:46:37,394|line:520| https://t.bilibili.com/1110139956008845367
2025-09-08 16:46:41,795|line:342| =========此为源动态=========
2025-09-08 16:46:44,231|line:363| *********子动态开始*********
2025-09-08 16:46:44,232|line:382| *********子动态结束*********
2025-09-08 16:46:44,232|line:538| -=-=-=-=处理回最初的动态-=-=-=-=
2025-09-08 16:46:54,209|line:476| 转发成功 1110298927819653129
2025-09-08 16:46:57,663|line:495| 评论发送成功
2025-09-08 16:46:59,995|line:425| 3493277416294679 === 已经关注了
2025-09-08 16:47:03,383|line:504| 动态-点赞 0
2025-09-08 16:47:06,384|line:520| https://t.bilibili.com/1110075636726104072
2025-09-08 16:47:06,384|line:522| 已有
2025-09-08 16:47:06,384|line:520| https://t.bilibili.com/1110182443984355348
2025-09-08 16:47:08,809|line:342| =========此为源动态=========
2025-09-08 16:47:11,094|line:363| *********子动态开始*********
2025-09-08 16:47:11,095|line:382| *********子动态结束*********
2025-09-08 16:47:11,095|line:538| -=-=-=-=处理回最初的动态-=-=-=-=
2025-09-08 16:47:19,184|line:476| 转发成功 1110299035169718277
2025-09-08 16:47:22,675|line:495| 评论发送成功
2025-09-08 16:47:27,118|line:425| 99090477 === 已经关注了
2025-09-08 16:47:30,386|line:504| 动态-点赞 0
2025-09-08 16:47:32,387|line:520| https://t.bilibili.com/1110097936226713619
2025-09-08 16:47:34,817|line:342| =========此为源动态=========
2025-09-08 16:47:37,293|line:363| *********子动态开始*********
2025-09-08 16:47:37,293|line:382| *********子动态结束*********
2025-09-08 16:47:37,293|line:538| -=-=-=-=处理回最初的动态-=-=-=-=
2025-09-08 16:47:44,350|line:476| 转发成功 1110299142529220612
2025-09-08 16:47:47,823|line:495| 评论发送成功
2025-09-08 16:47:50,143|line:425| 2122458627 === 已经关注了
2025-09-08 16:47:53,605|line:504| 动态-点赞 0
2025-09-08 16:47:55,606|line:520| https://t.bilibili.com/1110184222137516033
2025-09-08 16:47:55,606|line:522| 已有
2025-09-08 16:47:55,606|line:520| https://t.bilibili.com/1110134838606692352
2025-09-08 16:47:58,966|line:527| 官方 或 预约 OUT！
2025-09-08 16:47:58,966|line:520| https://t.bilibili.com/1110132225111752711
2025-09-08 16:48:00,220|line:342| =========此为源动态=========
2025-09-08 16:48:03,673|line:363| *********子动态开始*********
2025-09-08 16:48:03,674|line:382| *********子动态结束*********
2025-09-08 16:48:03,674|line:538| -=-=-=-=处理回最初的动态-=-=-=-=
2025-09-08 16:48:11,820|line:476| 转发成功 1110299258493337600
2025-09-08 16:48:15,151|line:495| 评论发送成功
2025-09-08 16:48:19,490|line:425| 9535164 === 已经关注了
2025-09-08 16:48:22,750|line:504| 动态-点赞 0
2025-09-08 16:48:23,750|line:520| https://t.bilibili.com/1110101301330444291
2025-09-08 16:48:25,108|line:342| =========此为源动态=========
2025-09-08 16:48:28,395|line:363| *********子动态开始*********
2025-09-08 16:48:28,395|line:382| *********子动态结束*********
2025-09-08 16:48:28,395|line:538| -=-=-=-=处理回最初的动态-=-=-=-=
2025-09-08 16:48:36,499|line:476| 转发成功 1110299365880102929
2025-09-08 16:48:39,838|line:495| 评论发送成功
2025-09-08 16:48:43,206|line:425| 343470950 === 已经关注了
2025-09-08 16:48:46,580|line:504| 动态-点赞 0
2025-09-08 16:48:50,581|line:520| https://t.bilibili.com/1110172071675035672
2025-09-08 16:48:53,898|line:342| =========此为源动态=========
2025-09-08 16:48:55,353|line:363| *********子动态开始*********
2025-09-08 16:48:55,354|line:382| *********子动态结束*********
2025-09-08 16:48:55,354|line:538| -=-=-=-=处理回最初的动态-=-=-=-=
2025-09-08 16:49:07,438|line:476| 转发成功 1110299499058692096
2025-09-08 16:49:10,849|line:495| 评论发送成功
2025-09-08 16:49:15,289|line:425| 472780637 === 已经关注了
2025-09-08 16:49:18,569|line:504| 动态-点赞 0
2025-09-08 16:49:19,569|line:520| https://t.bilibili.com/1109122527676858373
2025-09-08 16:49:22,803|line:527| 官方 或 预约 OUT！
2025-09-08 16:49:22,804|line:520| https://t.bilibili.com/1110193645274791937
2025-09-08 16:49:22,804|line:522| 已有
2025-09-08 16:49:22,804|line:520| https://t.bilibili.com/1110101301347221508
2025-09-08 16:49:25,051|line:342| =========此为源动态=========
2025-09-08 16:49:26,493|line:363| *********子动态开始*********
2025-09-08 16:49:26,493|line:382| *********子动态结束*********
2025-09-08 16:49:26,493|line:538| -=-=-=-=处理回最初的动态-=-=-=-=
2025-09-08 16:49:37,570|line:476| 转发成功 1110299627877302274
2025-09-08 16:49:40,912|line:495| 评论发送成功
2025-09-08 16:49:45,580|line:425| 3494354823940360 === 已经关注了
2025-09-08 16:49:48,853|line:504| 动态-点赞 0
2025-09-08 16:49:50,853|line:520| https://t.bilibili.com/1107149179155644417
2025-09-08 16:49:53,307|line:527| 官方 或 预约 OUT！
2025-09-08 16:49:53,307|line:520| https://t.bilibili.com/1110063284446298128
2025-09-08 16:49:57,657|line:342| =========此为源动态=========
2025-09-08 16:50:01,102|line:363| *********子动态开始*********
2025-09-08 16:50:01,102|line:382| *********子动态结束*********
2025-09-08 16:50:01,102|line:538| -=-=-=-=处理回最初的动态-=-=-=-=
2025-09-08 16:50:11,179|line:476| 转发成功 1110299773919821829
2025-09-08 16:50:14,588|line:495| 评论发送成功
2025-09-08 16:50:16,021|line:425| 19456751 === 已经关注了
2025-09-08 16:50:19,396|line:504| 动态-点赞 0
2025-09-08 16:50:20,396|line:520| https://t.bilibili.com/1110085051294416901
2025-09-08 16:50:23,749|line:337| =========此为子动态=========
2025-09-08 16:50:27,201|line:388| *************原动态处理开始***************
2025-09-08 16:50:31,919|line:476| 转发成功 1110299859835944966
2025-09-08 16:50:35,322|line:495| 评论发送成功
2025-09-08 16:50:42,953|line:437| 关注 ==== 13388558 0
2025-09-08 16:50:46,344|line:504| 动态-点赞 0
2025-09-08 16:50:46,345|line:397| *************原动态处理完成***************
2025-09-08 16:50:48,830|line:363| *********子动态开始*********
2025-09-08 16:50:59,109|line:476| 转发成功 1110299975790624768
2025-09-08 16:51:02,510|line:495| 评论发送成功
2025-09-08 16:51:09,261|line:425| 396808737 === 已经关注了
2025-09-08 16:51:09,261|line:377| ----完成一个子动态----
2025-09-08 16:51:09,262|line:382| *********子动态结束*********
2025-09-08 16:51:10,262|line:520| https://t.bilibili.com/1110101715794788359
2025-09-08 16:51:14,522|line:527| 官方 或 预约 OUT！
2025-09-08 16:51:14,523|line:520| https://t.bilibili.com/1110070873629392897
2025-09-08 16:51:17,879|line:527| 官方 或 预约 OUT！
2025-09-08 16:51:17,879|line:520| https://t.bilibili.com/1110196205060620297
2025-09-08 16:51:22,243|line:342| =========此为源动态=========
2025-09-08 16:51:24,640|line:363| *********子动态开始*********
2025-09-08 16:51:24,641|line:382| *********子动态结束*********
2025-09-08 16:51:24,641|line:538| -=-=-=-=处理回最初的动态-=-=-=-=
2025-09-08 16:51:30,763|line:476| 转发成功 1110300113223286823
2025-09-08 16:51:34,088|line:495| 评论发送成功
2025-09-08 16:51:38,395|line:425| 1274986140 === 已经关注了
2025-09-08 16:51:41,660|line:504| 动态-点赞 0
2025-09-08 16:51:42,660|line:520| https://t.bilibili.com/1110133575862190089
2025-09-08 16:51:42,660|line:522| 已有
2025-09-08 16:51:42,660|line:520| https://t.bilibili.com/1110185081097420819
2025-09-08 16:51:42,661|line:522| 已有
2025-09-08 16:51:42,661|line:520| https://t.bilibili.com/1110130157079756817
2025-09-08 16:51:42,661|line:522| 已有
2025-09-08 16:51:42,661|line:520| https://t.bilibili.com/1110066363938897925
2025-09-08 16:51:42,661|line:522| 已有
2025-09-08 16:51:42,661|line:520| https://t.bilibili.com/1110085839442935813
2025-09-08 16:51:43,912|line:342| =========此为源动态=========
2025-09-08 16:51:47,350|line:363| *********子动态开始*********
2025-09-08 16:51:47,351|line:382| *********子动态结束*********
2025-09-08 16:51:47,351|line:538| -=-=-=-=处理回最初的动态-=-=-=-=
2025-09-08 16:51:56,824|line:476| 转发成功 1110300224911310865
2025-09-08 16:52:00,269|line:495| 评论发送成功
2025-09-08 16:52:01,713|line:425| 3493104514500656 === 已经关注了
2025-09-08 16:52:04,986|line:504| 动态-点赞 0
2025-09-08 16:52:05,987|line:520| https://t.bilibili.com/1110129706084073479
2025-09-08 16:52:05,987|line:522| 已有
2025-09-08 16:52:05,987|line:520| https://t.bilibili.com/1110109032294645765
2025-09-08 16:52:08,431|line:342| =========此为源动态=========
2025-09-08 16:52:12,885|line:363| *********子动态开始*********
2025-09-08 16:52:12,885|line:382| *********子动态结束*********
2025-09-08 16:52:12,886|line:538| -=-=-=-=处理回最初的动态-=-=-=-=
2025-09-08 16:52:24,184|line:476| 转发成功 1110300345151520769
2025-09-08 16:52:27,508|line:495| 评论发送成功
2025-09-08 16:52:30,957|line:425| 3494354823940360 === 已经关注了
2025-09-08 16:52:34,334|line:504| 动态-点赞 0
2025-09-08 16:52:36,334|line:520| https://t.bilibili.com/1110092971242422297
2025-09-08 16:52:36,334|line:522| 已有
2025-09-08 16:52:36,334|line:520| https://t.bilibili.com/1110128632376852482
2025-09-08 16:52:36,335|line:522| 已有
2025-09-08 16:52:36,335|line:520| https://t.bilibili.com/1110130247281410057
2025-09-08 16:52:36,335|line:522| 已有
2025-09-08 16:52:36,335|line:520| https://t.bilibili.com/1110146868807991337
2025-09-08 16:52:39,711|line:342| =========此为源动态=========
2025-09-08 16:52:42,104|line:363| *********子动态开始*********
2025-09-08 16:52:42,104|line:382| *********子动态结束*********
2025-09-08 16:52:42,104|line:538| -=-=-=-=处理回最初的动态-=-=-=-=
2025-09-08 16:52:51,110|line:476| 转发成功 1110300456797601798
2025-09-08 16:52:54,557|line:495| 评论发送成功
2025-09-08 16:52:59,199|line:425| 306455387 === 已经关注了
2025-09-08 16:53:02,535|line:504| 动态-点赞 0
2025-09-08 16:53:03,536|line:520| https://t.bilibili.com/1110093164519096340
2025-09-08 16:53:05,784|line:342| =========此为源动态=========
2025-09-08 16:53:10,159|line:363| *********子动态开始*********
2025-09-08 16:53:10,160|line:382| *********子动态结束*********
2025-09-08 16:53:10,160|line:538| -=-=-=-=处理回最初的动态-=-=-=-=
2025-09-08 16:53:19,453|line:476| 转发成功 1110300581347459091
2025-09-08 16:53:22,860|line:495| 评论发送成功
2025-09-08 16:53:25,263|line:425| 436170053 === 已经关注了
2025-09-08 16:53:28,640|line:504| 动态-点赞 0
2025-09-08 16:53:30,640|line:520| https://t.bilibili.com/1110091437911834628
2025-09-08 16:53:32,995|line:527| 官方 或 预约 OUT！
2025-09-08 16:53:32,995|line:520| https://t.bilibili.com/1110075490748596260
2025-09-08 16:53:37,346|line:527| 官方 或 预约 OUT！
2025-09-08 16:53:37,346|line:520| https://t.bilibili.com/1110096067883433989
2025-09-08 16:53:37,346|line:522| 已有
2025-09-08 16:53:37,346|line:520| https://t.bilibili.com/1110101301303181318
2025-09-08 16:53:39,769|line:342| =========此为源动态=========
2025-09-08 16:53:44,061|line:363| *********子动态开始*********
2025-09-08 16:53:44,061|line:382| *********子动态结束*********
2025-09-08 16:53:44,061|line:538| -=-=-=-=处理回最初的动态-=-=-=-=
2025-09-08 16:53:51,269|line:476| 转发成功 1110300718782218245
2025-09-08 16:53:54,825|line:495| 评论发送成功
2025-09-08 16:53:58,138|line:425| 2091407755 === 已经关注了
2025-09-08 16:54:01,405|line:504| 动态-点赞 0
2025-09-08 16:54:03,406|line:520| https://t.bilibili.com/1110103210460184584
2025-09-08 16:54:05,772|line:337| =========此为子动态=========
2025-09-08 16:54:07,113|line:388| *************原动态处理开始***************
2025-09-08 16:54:14,860|line:476| 转发成功 1110300817583243273
2025-09-08 16:54:18,220|line:495| 评论发送成功
2025-09-08 16:54:23,950|line:437| 关注 ==== 1205178967 0
2025-09-08 16:54:27,226|line:504| 动态-点赞 0
2025-09-08 16:54:27,227|line:397| *************原动态处理完成***************
2025-09-08 16:54:31,886|line:363| *********子动态开始*********
2025-09-08 16:54:55,415|line:476| 转发成功 1110300993650688001
2025-09-08 16:54:58,802|line:495| 评论发送成功
2025-09-08 16:55:04,387|line:425| 1129687681 === 已经关注了
2025-09-08 16:55:04,388|line:377| ----完成一个子动态----
2025-09-08 16:55:11,944|line:382| *********子动态结束*********
2025-09-08 16:55:14,945|line:520| https://t.bilibili.com/1110054595692855333
2025-09-08 16:55:18,181|line:342| =========此为源动态=========
2025-09-08 16:55:22,760|line:363| *********子动态开始*********
2025-09-08 16:55:22,761|line:382| *********子动态结束*********
2025-09-08 16:55:22,761|line:538| -=-=-=-=处理回最初的动态-=-=-=-=
2025-09-08 16:55:33,725|line:476| 转发成功 1110301156875173891
2025-09-08 16:55:37,178|line:495| 评论发送成功
2025-09-08 16:55:40,498|line:425| 3493105997187935 === 已经关注了
2025-09-08 16:55:43,876|line:504| 动态-点赞 0
2025-09-08 16:55:45,877|line:553| 执行结束
2025-09-08 16:55:45,877|line:559| ==================================================2025-09-09 00:55==================================================
2025-09-08 16:55:45,877|line:233| processing article 42969888
2025-09-08 16:55:50,028|line:508| ==================================================2025-09-09 00:55==================================================
2025-09-08 16:55:50,028|line:520| https://t.bilibili.com/1107567126748594184
2025-09-08 16:55:52,396|line:527| 官方 或 预约 OUT！
2025-09-08 16:55:52,396|line:520| https://t.bilibili.com/1098696223982878736
2025-09-08 16:55:54,654|line:527| 官方 或 预约 OUT！
2025-09-08 16:55:54,655|line:520| https://t.bilibili.com/1087840114324799538
2025-09-08 16:55:57,898|line:527| 官方 或 预约 OUT！
2025-09-08 16:55:57,898|line:520| https://t.bilibili.com/1105345542044516391
2025-09-08 16:55:59,138|line:527| 官方 或 预约 OUT！
2025-09-08 16:55:59,138|line:520| https://t.bilibili.com/1109106477356810277
2025-09-08 16:55:59,138|line:522| 已有
2025-09-08 16:55:59,138|line:520| https://t.bilibili.com/1108247896241733632
2025-09-08 16:56:01,385|line:527| 官方 或 预约 OUT！
2025-09-08 16:56:01,385|line:520| https://t.bilibili.com/1107875359382044690
2025-09-08 16:56:02,630|line:527| 官方 或 预约 OUT！
2025-09-08 16:56:02,630|line:520| https://t.bilibili.com/1106550499396550692
2025-09-08 16:56:06,882|line:527| 官方 或 预约 OUT！
2025-09-08 16:56:06,883|line:520| https://t.bilibili.com/1109122527676858373
2025-09-08 16:56:09,128|line:527| 官方 或 预约 OUT！
2025-09-08 16:56:09,129|line:520| https://t.bilibili.com/1094508197088067588
2025-09-08 16:56:10,375|line:527| 官方 或 预约 OUT！
2025-09-08 16:56:10,375|line:520| https://t.bilibili.com/1109837760008552455
2025-09-08 16:56:12,729|line:527| 官方 或 预约 OUT！
2025-09-08 16:56:12,729|line:520| https://t.bilibili.com/1108348179454099460
2025-09-08 16:56:16,084|line:527| 官方 或 预约 OUT！
2025-09-08 16:56:16,084|line:520| https://t.bilibili.com/1107149179155644417
2025-09-08 16:56:20,329|line:527| 官方 或 预约 OUT！
2025-09-08 16:56:20,330|line:520| https://t.bilibili.com/1106742239637274641
2025-09-08 16:56:22,576|line:527| 官方 或 预约 OUT！
2025-09-08 16:56:22,576|line:520| https://t.bilibili.com/1077448269163921411
2025-09-08 16:56:25,907|line:527| 官方 或 预约 OUT！
2025-09-08 16:56:25,907|line:520| https://t.bilibili.com/1106528010963517442
2025-09-08 16:56:30,151|line:527| 官方 或 预约 OUT！
2025-09-08 16:56:30,151|line:520| https://t.bilibili.com/1100210251503763479
2025-09-08 16:56:33,397|line:527| 官方 或 预约 OUT！
2025-09-08 16:56:33,397|line:520| https://t.bilibili.com/1099799214535213079
2025-09-08 16:56:34,944|line:527| 官方 或 预约 OUT！
2025-09-08 16:56:34,945|line:520| https://t.bilibili.com/1105690951906492424
2025-09-08 16:56:37,204|line:527| 官方 或 预约 OUT！
2025-09-08 16:56:37,205|line:553| 执行结束
2025-09-08 16:56:37,205|line:559| ==================================================2025-09-09 00:56==================================================
2025-09-08 16:56:37,205|line:233| processing article 42969845
2025-09-08 16:56:41,675|line:508| ==================================================2025-09-09 00:56==================================================
2025-09-08 16:56:41,675|line:520| https://t.bilibili.com/1107567126748594184
2025-09-08 16:56:43,913|line:527| 官方 或 预约 OUT！
2025-09-08 16:56:43,913|line:520| https://t.bilibili.com/1107503707246821392
2025-09-08 16:56:48,162|line:527| 官方 或 预约 OUT！
2025-09-08 16:56:48,163|line:520| https://t.bilibili.com/1107876141046169603
2025-09-08 16:56:49,516|line:527| 官方 或 预约 OUT！
2025-09-08 16:56:49,516|line:520| https://t.bilibili.com/1109607674302955528
2025-09-08 16:56:53,771|line:527| 官方 或 预约 OUT！
2025-09-08 16:56:53,771|line:520| https://t.bilibili.com/1101187060160528418
2025-09-08 16:56:56,016|line:527| 官方 或 预约 OUT！
2025-09-08 16:56:56,016|line:520| https://t.bilibili.com/1098696223982878736
2025-09-08 16:56:57,250|line:527| 官方 或 预约 OUT！
2025-09-08 16:56:57,251|line:520| https://t.bilibili.com/1107874809574850568
2025-09-08 16:56:58,504|line:527| 官方 或 预约 OUT！
2025-09-08 16:56:58,505|line:520| https://t.bilibili.com/1098698813817749512
2025-09-08 16:57:01,773|line:527| 官方 或 预约 OUT！
2025-09-08 16:57:01,773|line:520| https://t.bilibili.com/1087840114324799538
2025-09-08 16:57:06,130|line:527| 官方 或 预约 OUT！
2025-09-08 16:57:06,131|line:520| https://t.bilibili.com/1109089366254288903
2025-09-08 16:57:10,367|line:527| 官方 或 预约 OUT！
2025-09-08 16:57:10,368|line:520| https://t.bilibili.com/1109080918013771810
2025-09-08 16:57:12,613|line:527| 官方 或 预约 OUT！
2025-09-08 16:57:12,613|line:520| https://t.bilibili.com/1105345542044516391
2025-09-08 16:57:13,848|line:527| 官方 或 预约 OUT！
2025-09-08 16:57:13,848|line:520| https://t.bilibili.com/1109106477356810277
2025-09-08 16:57:13,848|line:522| 已有
2025-09-08 16:57:13,848|line:520| https://t.bilibili.com/1108247896241733632
2025-09-08 16:57:15,276|line:527| 官方 或 预约 OUT！
2025-09-08 16:57:15,277|line:520| https://t.bilibili.com/1103171841912995860
2025-09-08 16:57:18,515|line:527| 官方 或 预约 OUT！
2025-09-08 16:57:18,516|line:520| https://t.bilibili.com/1108648449195114545
2025-09-08 16:57:21,764|line:527| 官方 或 预约 OUT！
2025-09-08 16:57:21,765|line:520| https://t.bilibili.com/1107875359382044690
2025-09-08 16:57:25,312|line:527| 官方 或 预约 OUT！
2025-09-08 16:57:25,313|line:520| https://t.bilibili.com/1108605452262834176
2025-09-08 16:57:27,549|line:527| 官方 或 预约 OUT！
2025-09-08 16:57:27,549|line:520| https://t.bilibili.com/1100179057147904006
2025-09-08 16:57:31,793|line:527| 官方 或 预约 OUT！
2025-09-08 16:57:31,793|line:520| https://t.bilibili.com/1109730299892203553
2025-09-08 16:57:33,037|line:527| 官方 或 预约 OUT！
2025-09-08 16:57:33,037|line:520| https://t.bilibili.com/1106550499396550692
2025-09-08 16:57:35,350|line:527| 官方 或 预约 OUT！
2025-09-08 16:57:35,351|line:520| https://t.bilibili.com/1103159700024721410
2025-09-08 16:57:35,351|line:522| 已有
2025-09-08 16:57:35,351|line:520| https://t.bilibili.com/1109122527676858373
2025-09-08 16:57:39,608|line:527| 官方 或 预约 OUT！
2025-09-08 16:57:39,609|line:520| https://t.bilibili.com/1094508197088067588
2025-09-08 16:57:42,939|line:527| 官方 或 预约 OUT！
2025-09-08 16:57:42,939|line:520| https://t.bilibili.com/1109837760008552455
2025-09-08 16:57:47,320|line:527| 官方 或 预约 OUT！
2025-09-08 16:57:47,320|line:520| https://t.bilibili.com/1106760385842642950
2025-09-08 16:57:51,699|line:527| 官方 或 预约 OUT！
2025-09-08 16:57:51,700|line:520| https://t.bilibili.com/1105648281406406736
2025-09-08 16:57:54,148|line:527| 官方 或 预约 OUT！
2025-09-08 16:57:54,148|line:520| https://t.bilibili.com/1107149179155644417
2025-09-08 16:57:56,469|line:527| 官方 或 预约 OUT！
2025-09-08 16:57:56,470|line:520| https://t.bilibili.com/1106126800850780200
2025-09-08 16:57:59,705|line:527| 官方 或 预约 OUT！
2025-09-08 16:57:59,706|line:520| https://t.bilibili.com/1106120714910433283
2025-09-08 16:58:02,124|line:527| 官方 或 预约 OUT！
2025-09-08 16:58:02,124|line:520| https://t.bilibili.com/1108348179454099460
2025-09-08 16:58:03,431|line:527| 官方 或 预约 OUT！
2025-09-08 16:58:03,432|line:520| https://t.bilibili.com/1106440445124149252
2025-09-08 16:58:06,785|line:527| 官方 或 预约 OUT！
2025-09-08 16:58:06,785|line:520| https://t.bilibili.com/1107177573179195416
2025-09-08 16:58:09,038|line:527| 官方 或 预约 OUT！
2025-09-08 16:58:09,039|line:520| https://t.bilibili.com/1108622314324361224
2025-09-08 16:58:11,289|line:527| 官方 或 预约 OUT！
2025-09-08 16:58:11,290|line:520| https://t.bilibili.com/1109002457584762932
2025-09-08 16:58:12,687|line:527| 官方 或 预约 OUT！
2025-09-08 16:58:12,687|line:520| https://t.bilibili.com/1108601569607155714
2025-09-08 16:58:16,924|line:527| 官方 或 预约 OUT！
2025-09-08 16:58:16,925|line:520| https://t.bilibili.com/1106742239637274641
2025-09-08 16:58:21,158|line:527| 官方 或 预约 OUT！
2025-09-08 16:58:21,159|line:520| https://t.bilibili.com/1109038973361061896
2025-09-08 16:58:23,538|line:527| 官方 或 预约 OUT！
2025-09-08 16:58:23,539|line:520| https://t.bilibili.com/1106483240230715477
2025-09-08 16:58:27,787|line:527| 官方 或 预约 OUT！
2025-09-08 16:58:27,787|line:520| https://t.bilibili.com/1106019370858971137
2025-09-08 16:58:29,024|line:527| 官方 或 预约 OUT！
2025-09-08 16:58:29,024|line:520| https://t.bilibili.com/1104676922993934344
2025-09-08 16:58:30,379|line:527| 官方 或 预约 OUT！
2025-09-08 16:58:30,380|line:520| https://t.bilibili.com/1077448269163921411
2025-09-08 16:58:34,624|line:527| 官方 或 预约 OUT！
2025-09-08 16:58:34,625|line:520| https://t.bilibili.com/1106112150738305074
2025-09-08 16:58:36,866|line:527| 官方 或 预约 OUT！
2025-09-08 16:58:36,867|line:520| https://t.bilibili.com/1106528010963517442
2025-09-08 16:58:40,103|line:527| 官方 或 预约 OUT！
2025-09-08 16:58:40,103|line:520| https://t.bilibili.com/1107565945635733508
2025-09-08 16:58:44,362|line:527| 官方 或 预约 OUT！
2025-09-08 16:58:44,362|line:520| https://t.bilibili.com/1108714230883811366
2025-09-08 16:58:45,724|line:527| 官方 或 预约 OUT！
2025-09-08 16:58:45,724|line:520| https://t.bilibili.com/1108988339983220741
2025-09-08 16:58:50,081|line:527| 官方 或 预约 OUT！
2025-09-08 16:58:50,082|line:520| https://t.bilibili.com/1100210251503763479
2025-09-08 16:58:51,335|line:527| 官方 或 预约 OUT！
2025-09-08 16:58:51,335|line:520| https://t.bilibili.com/1108351817288253459
2025-09-08 16:58:54,586|line:527| 官方 或 预约 OUT！
2025-09-08 16:58:54,586|line:520| https://t.bilibili.com/1099799214535213079
2025-09-08 16:58:56,835|line:527| 官方 或 预约 OUT！
2025-09-08 16:58:56,835|line:520| https://t.bilibili.com/1108717516562104327
2025-09-08 16:59:00,137|line:527| 官方 或 预约 OUT！
2025-09-08 16:59:00,137|line:520| https://t.bilibili.com/1105648281388580867
2025-09-08 16:59:02,407|line:527| 官方 或 预约 OUT！
2025-09-08 16:59:02,407|line:520| https://t.bilibili.com/1107591977435660307
2025-09-08 16:59:03,649|line:527| 官方 或 预约 OUT！
2025-09-08 16:59:03,650|line:520| https://t.bilibili.com/1105370577401544728
2025-09-08 16:59:08,006|line:527| 官方 或 预约 OUT！
2025-09-08 16:59:08,006|line:520| https://t.bilibili.com/1105690951906492424
2025-09-08 16:59:10,256|line:527| 官方 或 预约 OUT！
2025-09-08 16:59:10,256|line:520| https://t.bilibili.com/1108768076901384233
2025-09-08 16:59:13,606|line:527| 官方 或 预约 OUT！
2025-09-08 16:59:13,606|line:520| https://t.bilibili.com/1106467945823862785
2025-09-08 16:59:15,852|line:527| 官方 或 预约 OUT！
2025-09-08 16:59:15,853|line:520| https://t.bilibili.com/1108709738332291097
2025-09-08 16:59:19,110|line:527| 官方 或 预约 OUT！
2025-09-08 16:59:19,111|line:520| https://t.bilibili.com/1105372544469303329
2025-09-08 16:59:21,360|line:527| 官方 或 预约 OUT！
2025-09-08 16:59:21,361|line:520| https://t.bilibili.com/1105741091306471430
2025-09-08 16:59:23,603|line:527| 官方 或 预约 OUT！
2025-09-08 16:59:23,603|line:553| 执行结束
2025-09-08 16:59:23,603|line:559| ==================================================2025-09-09 00:59==================================================
2025-09-08 16:59:23,603|line:233| processing article 42962636
2025-09-08 16:59:28,123|line:508| ==================================================2025-09-09 00:59==================================================
2025-09-08 16:59:28,123|line:520| https://t.bilibili.com/1104949292608520197
2025-09-08 16:59:28,124|line:522| 已有
2025-09-08 16:59:28,124|line:520| https://t.bilibili.com/1107567126748594184
2025-09-08 16:59:32,535|line:527| 官方 或 预约 OUT！
2025-09-08 16:59:32,535|line:520| https://t.bilibili.com/1104873245951131648
2025-09-08 16:59:32,535|line:522| 已有
2025-09-08 16:59:32,535|line:520| https://t.bilibili.com/1109119422382997526
2025-09-08 16:59:32,535|line:522| 已有
2025-09-08 16:59:32,536|line:520| https://t.bilibili.com/1107952099680845833
2025-09-08 16:59:32,536|line:522| 已有
2025-09-08 16:59:32,536|line:520| https://t.bilibili.com/1105427146388537361
2025-09-08 16:59:32,536|line:522| 已有
2025-09-08 16:59:32,536|line:520| https://t.bilibili.com/1106051136439189509
2025-09-08 16:59:32,536|line:522| 已有
2025-09-08 16:59:32,536|line:520| https://t.bilibili.com/1104956972058279941
2025-09-08 16:59:32,537|line:522| 已有
2025-09-08 16:59:32,537|line:520| https://t.bilibili.com/1107291342564753412
2025-09-08 16:59:32,537|line:522| 已有
2025-09-08 16:59:32,537|line:520| https://t.bilibili.com/1107469437722689539
2025-09-08 16:59:33,770|line:527| 官方 或 预约 OUT！
2025-09-08 16:59:33,770|line:520| https://t.bilibili.com/1100925720036638727
2025-09-08 16:59:33,770|line:522| 已有
2025-09-08 16:59:33,771|line:520| https://t.bilibili.com/1106385911957946377
2025-09-08 16:59:33,771|line:522| 已有
2025-09-08 16:59:33,771|line:520| https://t.bilibili.com/1103448085589131321
2025-09-08 16:59:33,771|line:522| 已有
2025-09-08 16:59:33,771|line:520| https://t.bilibili.com/1100063939143663624
2025-09-08 16:59:33,771|line:522| 已有
2025-09-08 16:59:33,771|line:520| https://t.bilibili.com/1099710952946794500
2025-09-08 16:59:33,771|line:522| 已有
2025-09-08 16:59:33,771|line:520| https://t.bilibili.com/1108766625233895426
2025-09-08 16:59:38,022|line:527| 官方 或 预约 OUT！
2025-09-08 16:59:38,023|line:520| https://t.bilibili.com/1099680093619355656
2025-09-08 16:59:40,380|line:527| 官方 或 预约 OUT！
2025-09-08 16:59:40,380|line:520| https://t.bilibili.com/1108672432307175444
2025-09-08 16:59:44,632|line:527| 官方 或 预约 OUT！
2025-09-08 16:59:44,632|line:520| https://t.bilibili.com/1099744226040610822
2025-09-08 16:59:44,632|line:522| 已有
2025-09-08 16:59:44,632|line:520| https://t.bilibili.com/1104949962675847168
2025-09-08 16:59:44,632|line:522| 已有
2025-09-08 16:59:44,632|line:520| https://t.bilibili.com/1105274309966823462
2025-09-08 16:59:44,632|line:522| 已有
2025-09-08 16:59:44,633|line:520| https://t.bilibili.com/1103874060470714368
2025-09-08 16:59:44,633|line:522| 已有
2025-09-08 16:59:44,633|line:520| https://t.bilibili.com/1100035149978927106
2025-09-08 16:59:44,633|line:522| 已有
2025-09-08 16:59:44,633|line:520| https://t.bilibili.com/1104872271010332675
2025-09-08 16:59:44,633|line:522| 已有
2025-09-08 16:59:44,633|line:520| https://t.bilibili.com/1108368391572291592
2025-09-08 16:59:44,633|line:522| 已有
2025-09-08 16:59:44,633|line:520| https://t.bilibili.com/1099745316953915397
2025-09-08 16:59:44,633|line:522| 已有
2025-09-08 16:59:44,634|line:520| https://t.bilibili.com/1098372529445142536
2025-09-08 16:59:46,883|line:527| 官方 或 预约 OUT！
2025-09-08 16:59:46,883|line:520| https://t.bilibili.com/1100883436084658209
2025-09-08 16:59:46,883|line:522| 已有
2025-09-08 16:59:46,883|line:520| https://t.bilibili.com/1103240874912907268
2025-09-08 16:59:48,131|line:342| =========此为源动态=========
2025-09-08 16:59:49,578|line:363| *********子动态开始*********
2025-09-08 16:59:49,578|line:382| *********子动态结束*********
2025-09-08 16:59:49,578|line:538| -=-=-=-=处理回最初的动态-=-=-=-=
2025-09-08 17:00:01,977|line:476| 转发成功 1110302307907534872
2025-09-08 17:00:05,318|line:495| 评论发送成功
2025-09-08 17:00:06,636|line:425| 455417154 === 已经关注了
2025-09-08 17:00:10,086|line:504| 动态-点赞 0
2025-09-08 17:00:14,086|line:520| https://t.bilibili.com/1107959572922892329
2025-09-08 17:00:14,086|line:522| 已有
2025-09-08 17:00:14,086|line:520| https://t.bilibili.com/1107975986157191177
2025-09-08 17:00:16,438|line:527| 官方 或 预约 OUT！
2025-09-08 17:00:16,439|line:520| https://t.bilibili.com/1098681951780339716
2025-09-08 17:00:16,439|line:522| 已有
2025-09-08 17:00:16,439|line:520| https://t.bilibili.com/1099044133500092422
2025-09-08 17:00:17,686|line:527| 官方 或 预约 OUT！
2025-09-08 17:00:17,686|line:520| https://t.bilibili.com/1106121088552665126
2025-09-08 17:00:19,948|line:527| 官方 或 预约 OUT！
2025-09-08 17:00:19,948|line:520| https://t.bilibili.com/1099677774301364257
2025-09-08 17:00:21,193|line:347| 'NoneType' object has no attribute 'get'
2025-09-08 17:00:21,193|line:348| error line:329
2025-09-08 17:00:21,194|line:534| *#*#*#*#*#*#*#*#*#*原动态处理失败*#*#*#*#*#*#*#*#*#
2025-09-08 17:00:21,194|line:520| https://t.bilibili.com/1104952479510953991
2025-09-08 17:00:23,440|line:342| =========此为源动态=========
2025-09-08 17:00:24,711|line:363| *********子动态开始*********
2025-09-08 17:00:24,712|line:382| *********子动态结束*********
2025-09-08 17:00:24,712|line:538| -=-=-=-=处理回最初的动态-=-=-=-=
2025-09-08 17:00:32,001|line:476| 转发成功 1110302436819468321
2025-09-08 17:00:35,447|line:495| 评论发送成功
2025-09-08 17:00:37,951|line:425| 8614818 === 已经关注了
2025-09-08 17:00:41,339|line:504| 动态-点赞 0
2025-09-08 17:00:44,339|line:520| https://t.bilibili.com/1105260866732818453
2025-09-08 17:00:44,339|line:522| 已有
2025-09-08 17:00:44,340|line:520| https://t.bilibili.com/1104937421362954276
2025-09-08 17:00:44,340|line:522| 已有
2025-09-08 17:00:44,340|line:520| https://t.bilibili.com/1098595876370120742
2025-09-08 17:00:44,340|line:522| 已有
2025-09-08 17:00:44,340|line:520| https://t.bilibili.com/1108587718362791940
2025-09-08 17:00:48,658|line:527| 官方 或 预约 OUT！
2025-09-08 17:00:48,658|line:520| https://t.bilibili.com/1109122527676858373
2025-09-08 17:00:50,892|line:527| 官方 或 预约 OUT！
2025-09-08 17:00:50,892|line:520| https://t.bilibili.com/1108703725436796937
2025-09-08 17:00:50,892|line:522| 已有
2025-09-08 17:00:50,892|line:520| https://t.bilibili.com/1107149179155644417
2025-09-08 17:00:55,217|line:527| 官方 或 预约 OUT！
2025-09-08 17:00:55,217|line:520| https://t.bilibili.com/1099676146525536281
2025-09-08 17:00:55,218|line:522| 已有
2025-09-08 17:00:55,218|line:520| https://t.bilibili.com/1105622567397359623
2025-09-08 17:00:55,218|line:522| 已有
2025-09-08 17:00:55,218|line:520| https://t.bilibili.com/1108316396634243095
2025-09-08 17:00:55,218|line:522| 已有
2025-09-08 17:00:55,218|line:520| https://t.bilibili.com/1107673444333387813
2025-09-08 17:00:55,218|line:522| 已有
2025-09-08 17:00:55,218|line:520| https://t.bilibili.com/1107971996151447572
2025-09-08 17:00:55,219|line:522| 已有
2025-09-08 17:00:55,219|line:520| https://t.bilibili.com/1104906119626620952
2025-09-08 17:00:55,219|line:522| 已有
2025-09-08 17:00:55,219|line:520| https://t.bilibili.com/1107929626289635335
2025-09-08 17:00:59,538|line:527| 官方 或 预约 OUT！
2025-09-08 17:00:59,539|line:520| https://t.bilibili.com/1108235655591231528
2025-09-08 17:00:59,539|line:522| 已有
2025-09-08 17:00:59,539|line:520| https://t.bilibili.com/1109017584452239360
2025-09-08 17:00:59,539|line:522| 已有
2025-09-08 17:00:59,539|line:520| https://t.bilibili.com/1099675755683512359
2025-09-08 17:00:59,539|line:522| 已有
2025-09-08 17:00:59,539|line:520| https://t.bilibili.com/1103930839927881728
2025-09-08 17:00:59,539|line:522| 已有
2025-09-08 17:00:59,539|line:520| https://t.bilibili.com/1108957122032304128
2025-09-08 17:00:59,540|line:522| 已有
2025-09-08 17:00:59,540|line:520| https://t.bilibili.com/1099679208828829699
2025-09-08 17:00:59,540|line:522| 已有
2025-09-08 17:00:59,540|line:520| https://t.bilibili.com/1098964590713110531
2025-09-08 17:00:59,540|line:522| 已有
2025-09-08 17:00:59,540|line:520| https://t.bilibili.com/1104947991284809730
2025-09-08 17:00:59,540|line:522| 已有
2025-09-08 17:00:59,540|line:520| https://t.bilibili.com/1099766190548451330
2025-09-08 17:01:03,973|line:527| 官方 或 预约 OUT！
2025-09-08 17:01:03,973|line:520| https://t.bilibili.com/1099784710452674563
2025-09-08 17:01:05,226|line:527| 官方 或 预约 OUT！
2025-09-08 17:01:05,227|line:520| https://t.bilibili.com/1104930824243904529
2025-09-08 17:01:05,227|line:522| 已有
2025-09-08 17:01:05,227|line:520| https://t.bilibili.com/1109155474364694532
2025-09-08 17:01:09,460|line:527| 官方 或 预约 OUT！
2025-09-08 17:01:09,460|line:520| https://t.bilibili.com/1103375382532325395
2025-09-08 17:01:09,460|line:522| 已有
2025-09-08 17:01:09,460|line:520| https://t.bilibili.com/1108247896241733632
2025-09-08 17:01:12,892|line:527| 官方 或 预约 OUT！
2025-09-08 17:01:12,893|line:520| https://t.bilibili.com/1108702935143940131
2025-09-08 17:01:12,893|line:522| 已有
2025-09-08 17:01:12,893|line:520| https://t.bilibili.com/1106436835239788579
2025-09-08 17:01:12,893|line:522| 已有
2025-09-08 17:01:12,893|line:520| https://t.bilibili.com/1099676116491173923
2025-09-08 17:01:12,893|line:522| 已有
2025-09-08 17:01:12,893|line:520| https://t.bilibili.com/1100207558565560326
2025-09-08 17:01:12,894|line:522| 已有
2025-09-08 17:01:12,894|line:520| https://t.bilibili.com/1099674827961139200
2025-09-08 17:01:12,894|line:522| 已有
2025-09-08 17:01:12,894|line:520| https://t.bilibili.com/1107567027984269315
2025-09-08 17:01:12,894|line:522| 已有
2025-09-08 17:01:12,894|line:520| https://t.bilibili.com/1106074355017711652
2025-09-08 17:01:12,894|line:522| 已有
2025-09-08 17:01:12,894|line:520| https://t.bilibili.com/1102669201869373445
2025-09-08 17:01:12,894|line:522| 已有
2025-09-08 17:01:12,894|line:520| https://t.bilibili.com/1099339831257858073
2025-09-08 17:01:12,895|line:522| 已有
2025-09-08 17:01:12,895|line:520| https://t.bilibili.com/1098193888891371528
2025-09-08 17:01:12,895|line:522| 已有
2025-09-08 17:01:12,895|line:520| https://t.bilibili.com/1109010231434674180
2025-09-08 17:01:12,895|line:522| 已有
2025-09-08 17:01:12,895|line:520| https://t.bilibili.com/1099685294810071061
2025-09-08 17:01:12,895|line:522| 已有
2025-09-08 17:01:12,895|line:520| https://t.bilibili.com/1105709557706915864
2025-09-08 17:01:12,895|line:522| 已有
2025-09-08 17:01:12,895|line:520| https://t.bilibili.com/1104158241269481474
2025-09-08 17:01:12,896|line:522| 已有
2025-09-08 17:01:12,896|line:520| https://t.bilibili.com/1100050190907211783
2025-09-08 17:01:12,896|line:522| 已有
2025-09-08 17:01:12,896|line:520| https://t.bilibili.com/1099687446600220676
2025-09-08 17:01:12,896|line:522| 已有
2025-09-08 17:01:12,896|line:520| https://t.bilibili.com/1103466562574090258
2025-09-08 17:01:12,896|line:522| 已有
2025-09-08 17:01:12,896|line:520| https://t.bilibili.com/1104255573822537733
2025-09-08 17:01:12,896|line:522| 已有
2025-09-08 17:01:12,897|line:520| https://t.bilibili.com/1109328207228698625
2025-09-08 17:01:12,897|line:522| 已有
2025-09-08 17:01:12,897|line:520| https://t.bilibili.com/1100920050697633830
2025-09-08 17:01:12,897|line:522| 已有
2025-09-08 17:01:12,897|line:520| https://t.bilibili.com/1104908035147431956
2025-09-08 17:01:17,137|line:527| 官方 或 预约 OUT！
2025-09-08 17:01:17,137|line:520| https://t.bilibili.com/1108413755013726216
2025-09-08 17:01:17,138|line:522| 已有
2025-09-08 17:01:17,138|line:520| https://t.bilibili.com/1100208460495060994
2025-09-08 17:01:17,138|line:522| 已有
2025-09-08 17:01:17,138|line:520| https://t.bilibili.com/1103004297365291017
2025-09-08 17:01:17,138|line:522| 已有
2025-09-08 17:01:17,138|line:520| https://t.bilibili.com/1104893393612308489
2025-09-08 17:01:17,138|line:522| 已有
2025-09-08 17:01:17,138|line:520| https://t.bilibili.com/1107874790285246499
2025-09-08 17:01:17,138|line:522| 已有
2025-09-08 17:01:17,138|line:520| https://t.bilibili.com/1108788258946416645
2025-09-08 17:01:17,139|line:522| 已有
2025-09-08 17:01:17,139|line:520| https://t.bilibili.com/1103081815053172736
2025-09-08 17:01:17,139|line:522| 已有
2025-09-08 17:01:17,139|line:520| https://t.bilibili.com/1109776601771409414
2025-09-08 17:01:17,139|line:522| 已有
2025-09-08 17:01:17,139|line:520| https://t.bilibili.com/1104931215123677193
2025-09-08 17:01:17,139|line:522| 已有
2025-09-08 17:01:17,139|line:520| https://t.bilibili.com/1099674514418040855
2025-09-08 17:01:17,139|line:522| 已有
2025-09-08 17:01:17,140|line:520| https://t.bilibili.com/1107576897819115542
2025-09-08 17:01:19,456|line:527| 官方 或 预约 OUT！
2025-09-08 17:01:19,456|line:520| https://t.bilibili.com/1109106477356810277
2025-09-08 17:01:19,456|line:522| 已有
2025-09-08 17:01:19,456|line:520| https://t.bilibili.com/1103019759274819625
2025-09-08 17:01:19,456|line:522| 已有
2025-09-08 17:01:19,456|line:520| https://t.bilibili.com/1109018969550880771
2025-09-08 17:01:19,457|line:522| 已有
2025-09-08 17:01:19,457|line:520| https://t.bilibili.com/1104976432513155097
2025-09-08 17:01:19,457|line:522| 已有
2025-09-08 17:01:19,457|line:520| https://t.bilibili.com/1106927764993212425
2025-09-08 17:01:19,457|line:522| 已有
2025-09-08 17:01:19,457|line:520| https://t.bilibili.com/1108694332341223474
2025-09-08 17:01:19,457|line:522| 已有
2025-09-08 17:01:19,457|line:520| https://t.bilibili.com/1100068981435269127
2025-09-08 17:01:19,457|line:522| 已有
2025-09-08 17:01:19,458|line:520| https://t.bilibili.com/1109086033342889993
2025-09-08 17:01:19,458|line:522| 已有
2025-09-08 17:01:19,458|line:520| https://t.bilibili.com/1100051883124326416
2025-09-08 17:01:21,807|line:527| 官方 或 预约 OUT！
2025-09-08 17:01:21,808|line:520| https://t.bilibili.com/1109118383054389257
2025-09-08 17:01:21,808|line:522| 已有
2025-09-08 17:01:21,808|line:520| https://t.bilibili.com/1105741050551468032
2025-09-08 17:01:21,808|line:522| 已有
2025-09-08 17:01:21,808|line:520| https://t.bilibili.com/1099081443885187075
2025-09-08 17:01:23,164|line:527| 官方 或 预约 OUT！
2025-09-08 17:01:23,164|line:520| https://t.bilibili.com/1099678324090732545
2025-09-08 17:01:23,164|line:522| 已有
2025-09-08 17:01:23,164|line:520| https://t.bilibili.com/1102756907235409945
2025-09-08 17:01:23,164|line:522| 已有
2025-09-08 17:01:23,164|line:520| https://t.bilibili.com/1105329788097134594
2025-09-08 17:01:23,165|line:522| 已有
2025-09-08 17:01:23,165|line:520| https://t.bilibili.com/1100512939314511881
2025-09-08 17:01:23,165|line:522| 已有
2025-09-08 17:01:23,165|line:520| https://t.bilibili.com/1106915614567432198
2025-09-08 17:01:23,165|line:522| 已有
2025-09-08 17:01:23,165|line:520| https://t.bilibili.com/1106851748420517890
2025-09-08 17:01:23,165|line:522| 已有
2025-09-08 17:01:23,165|line:520| https://t.bilibili.com/1100122389325283351
2025-09-08 17:01:23,165|line:522| 已有
2025-09-08 17:01:23,165|line:520| https://t.bilibili.com/1088179867698069528
2025-09-08 17:01:23,166|line:522| 已有
2025-09-08 17:01:23,166|line:520| https://t.bilibili.com/1099064976967991328
2025-09-08 17:01:27,480|line:527| 官方 或 预约 OUT！
2025-09-08 17:01:27,480|line:520| https://t.bilibili.com/1108694270067343360
2025-09-08 17:01:27,480|line:522| 已有
2025-09-08 17:01:27,480|line:553| 执行结束
2025-09-08 17:01:27,481|line:559| ==================================================2025-09-09 01:01==================================================
2025-09-08 17:01:27,481|line:233| processing article 42961629
2025-09-08 17:01:31,859|line:508| ==================================================2025-09-09 01:01==================================================
2025-09-08 17:01:31,859|line:520| https://t.bilibili.com/1109730216174944262
2025-09-08 17:01:31,859|line:522| 已有
2025-09-08 17:01:31,859|line:520| https://t.bilibili.com/1107567126748594184
2025-09-08 17:01:35,095|line:527| 官方 或 预约 OUT！
2025-09-08 17:01:35,096|line:520| https://t.bilibili.com/1109119422382997526
2025-09-08 17:01:35,096|line:522| 已有
2025-09-08 17:01:35,096|line:520| https://t.bilibili.com/1109776601771409414
2025-09-08 17:01:35,096|line:522| 已有
2025-09-08 17:01:35,096|line:520| https://t.bilibili.com/1109155474364694532
2025-09-08 17:01:37,343|line:527| 官方 或 预约 OUT！
2025-09-08 17:01:37,344|line:520| https://t.bilibili.com/1109799279250112517
2025-09-08 17:01:37,344|line:522| 已有
2025-09-08 17:01:37,344|line:520| https://t.bilibili.com/1109049893317509122
2025-09-08 17:01:37,344|line:522| 已有
2025-09-08 17:01:37,344|line:520| https://t.bilibili.com/1109106477356810277
2025-09-08 17:01:37,344|line:522| 已有
2025-09-08 17:01:37,345|line:520| https://t.bilibili.com/1108247896241733632
2025-09-08 17:01:39,705|line:527| 官方 或 预约 OUT！
2025-09-08 17:01:39,705|line:520| https://t.bilibili.com/1109018969550880771
2025-09-08 17:01:39,705|line:522| 已有
2025-09-08 17:01:39,706|line:520| https://t.bilibili.com/1109111740871737363
2025-09-08 17:01:39,706|line:522| 已有
2025-09-08 17:01:39,706|line:520| https://t.bilibili.com/1109722238260609058
2025-09-08 17:01:39,706|line:522| 已有
2025-09-08 17:01:39,706|line:520| https://t.bilibili.com/1109049893304926211
2025-09-08 17:01:39,706|line:522| 已有
2025-09-08 17:01:39,706|line:520| https://t.bilibili.com/1109517479992885255
2025-09-08 17:01:39,706|line:522| 已有
2025-09-08 17:01:39,706|line:520| https://t.bilibili.com/1109122527676858373
2025-09-08 17:01:43,943|line:527| 官方 或 预约 OUT！
2025-09-08 17:01:43,944|line:520| https://t.bilibili.com/1109782943333613577
2025-09-08 17:01:45,182|line:527| 官方 或 预约 OUT！
2025-09-08 17:01:45,182|line:520| https://t.bilibili.com/1107149179155644417
2025-09-08 17:01:46,421|line:527| 官方 或 预约 OUT！
2025-09-08 17:01:46,421|line:520| https://t.bilibili.com/1109036877411778584
2025-09-08 17:01:48,659|line:527| 官方 或 预约 OUT！
2025-09-08 17:01:48,659|line:520| https://t.bilibili.com/1109502378882629653
2025-09-08 17:01:48,659|line:522| 已有
2025-09-08 17:01:48,659|line:520| https://t.bilibili.com/1109118383054389257
2025-09-08 17:01:48,660|line:522| 已有
2025-09-08 17:01:48,660|line:520| https://t.bilibili.com/1109010231434674180
2025-09-08 17:01:48,660|line:522| 已有
2025-09-08 17:01:48,660|line:520| https://t.bilibili.com/1109785443012968487
2025-09-08 17:01:51,895|line:527| 官方 或 预约 OUT！
2025-09-08 17:01:51,895|line:520| https://t.bilibili.com/1109019049028747271
2025-09-08 17:01:55,153|line:527| 官方 或 预约 OUT！
2025-09-08 17:01:55,153|line:520| https://t.bilibili.com/1109452065460977668
2025-09-08 17:01:58,514|line:527| 官方 或 预约 OUT！
2025-09-08 17:01:58,515|line:520| https://t.bilibili.com/1109073126978748553
2025-09-08 17:01:58,515|line:522| 已有
2025-09-08 17:01:58,515|line:520| https://t.bilibili.com/1109746534898991105
2025-09-08 17:02:02,879|line:527| 官方 或 预约 OUT！
2025-09-08 17:02:02,879|line:520| https://t.bilibili.com/1109772506541064199
2025-09-08 17:02:04,121|line:527| 官方 或 预约 OUT！
2025-09-08 17:02:04,121|line:520| https://t.bilibili.com/1109765943857250322
2025-09-08 17:02:04,121|line:522| 已有
2025-09-08 17:02:04,121|line:520| https://t.bilibili.com/1109823805635690505
2025-09-08 17:02:08,395|line:527| 官方 或 预约 OUT！
2025-09-08 17:02:08,395|line:520| https://t.bilibili.com/1109065355225989140
2025-09-08 17:02:08,395|line:522| 已有
2025-09-08 17:02:08,395|line:520| https://t.bilibili.com/1109316986580500484
2025-09-08 17:02:08,395|line:522| 已有
2025-09-08 17:02:08,395|line:520| https://t.bilibili.com/1109070773298921544
2025-09-08 17:02:08,396|line:522| 已有
2025-09-08 17:02:08,396|line:520| https://t.bilibili.com/1109761139885998089
2025-09-08 17:02:08,396|line:522| 已有
2025-09-08 17:02:08,396|line:520| https://t.bilibili.com/1109006151263977474
2025-09-08 17:02:12,638|line:527| 官方 或 预约 OUT！
2025-09-08 17:02:12,638|line:553| 执行结束
2025-09-08 17:02:12,638|line:559| ==================================================2025-09-09 01:02==================================================
2025-09-08 17:02:12,638|line:233| processing article 42959831
2025-09-08 17:02:17,917|line:508| ==================================================2025-09-09 01:02==================================================
2025-09-08 17:02:17,917|line:520| https://t.bilibili.com/1107567126748594184
2025-09-08 17:02:22,271|line:527| 官方 或 预约 OUT！
2025-09-08 17:02:22,272|line:520| https://t.bilibili.com/1098696223982878736
2025-09-08 17:02:25,623|line:527| 官方 或 预约 OUT！
2025-09-08 17:02:25,623|line:520| https://t.bilibili.com/1087840114324799538
2025-09-08 17:02:27,895|line:527| 官方 或 预约 OUT！
2025-09-08 17:02:27,895|line:520| https://t.bilibili.com/1105345542044516391
2025-09-08 17:02:32,138|line:527| 官方 或 预约 OUT！
2025-09-08 17:02:32,139|line:520| https://t.bilibili.com/1109106477356810277
2025-09-08 17:02:32,139|line:522| 已有
2025-09-08 17:02:32,139|line:520| https://t.bilibili.com/1108247896241733632
2025-09-08 17:02:35,382|line:527| 官方 或 预约 OUT！
2025-09-08 17:02:35,382|line:520| https://t.bilibili.com/1107875359382044690
2025-09-08 17:02:37,650|line:527| 官方 或 预约 OUT！
2025-09-08 17:02:37,651|line:520| https://t.bilibili.com/1106550499396550692
2025-09-08 17:02:41,003|line:527| 官方 或 预约 OUT！
2025-09-08 17:02:41,003|line:520| https://t.bilibili.com/1109122527676858373
2025-09-08 17:02:42,269|line:527| 官方 或 预约 OUT！
2025-09-08 17:02:42,270|line:520| https://t.bilibili.com/1094508197088067588
2025-09-08 17:02:45,506|line:527| 官方 或 预约 OUT！
2025-09-08 17:02:45,506|line:520| https://t.bilibili.com/1108348179454099460
2025-09-08 17:02:48,755|line:527| 官方 或 预约 OUT！
2025-09-08 17:02:48,755|line:520| https://t.bilibili.com/1107149179155644417
2025-09-08 17:02:50,006|line:527| 官方 或 预约 OUT！
2025-09-08 17:02:50,006|line:520| https://t.bilibili.com/1106742239637274641
2025-09-08 17:02:52,255|line:527| 官方 或 预约 OUT！
2025-09-08 17:02:52,255|line:520| https://t.bilibili.com/1077448269163921411
2025-09-08 17:02:54,611|line:527| 官方 或 预约 OUT！
2025-09-08 17:02:54,612|line:520| https://t.bilibili.com/1106528010963517442
2025-09-08 17:02:58,042|line:527| 官方 或 预约 OUT！
2025-09-08 17:02:58,042|line:520| https://t.bilibili.com/1100210251503763479
2025-09-08 17:02:59,516|line:527| 官方 或 预约 OUT！
2025-09-08 17:02:59,516|line:520| https://t.bilibili.com/1098744701265117189
2025-09-08 17:03:00,871|line:527| 官方 或 预约 OUT！
2025-09-08 17:03:00,871|line:520| https://t.bilibili.com/1098336735230689281
2025-09-08 17:03:03,112|line:527| 官方 或 预约 OUT！
2025-09-08 17:03:03,113|line:520| https://t.bilibili.com/1105690951906492424
2025-09-08 17:03:06,352|line:527| 官方 或 预约 OUT！
2025-09-08 17:03:06,352|line:553| 执行结束
2025-09-08 17:03:06,353|line:559| ==================================================2025-09-09 01:03==================================================
2025-09-08 17:03:06,353|line:233| processing article 42959797
2025-09-08 17:03:11,558|line:508| ==================================================2025-09-09 01:03==================================================
2025-09-08 17:03:11,558|line:520| https://t.bilibili.com/1106822392301223968
2025-09-08 17:03:12,797|line:527| 官方 或 预约 OUT！
2025-09-08 17:03:12,798|line:520| https://t.bilibili.com/1109082266662862864
2025-09-08 17:03:16,049|line:527| 官方 或 预约 OUT！
2025-09-08 17:03:16,050|line:520| https://t.bilibili.com/1107567126748594184
2025-09-08 17:03:17,293|line:527| 官方 或 预约 OUT！
2025-09-08 17:03:17,294|line:520| https://t.bilibili.com/1107503707246821392
2025-09-08 17:03:20,555|line:527| 官方 或 预约 OUT！
2025-09-08 17:03:20,555|line:520| https://t.bilibili.com/1109607674302955528
2025-09-08 17:03:22,807|line:527| 官方 或 预约 OUT！
2025-09-08 17:03:22,808|line:520| https://t.bilibili.com/1101187060160528418
2025-09-08 17:03:24,241|line:527| 官方 或 预约 OUT！
2025-09-08 17:03:24,241|line:520| https://t.bilibili.com/1107874805328117795
2025-09-08 17:03:28,672|line:527| 官方 或 预约 OUT！
2025-09-08 17:03:28,672|line:520| https://t.bilibili.com/1103781250506686470
2025-09-08 17:03:32,024|line:527| 官方 或 预约 OUT！
2025-09-08 17:03:32,024|line:520| https://t.bilibili.com/1098696223982878736
2025-09-08 17:03:35,265|line:527| 官方 或 预约 OUT！
2025-09-08 17:03:35,265|line:520| https://t.bilibili.com/1107874809574850568
2025-09-08 17:03:38,628|line:527| 官方 或 预约 OUT！
2025-09-08 17:03:38,628|line:520| https://t.bilibili.com/1098698813817749512
2025-09-08 17:03:42,868|line:527| 官方 或 预约 OUT！
2025-09-08 17:03:42,869|line:520| https://t.bilibili.com/1087840114324799538
2025-09-08 17:03:44,103|line:527| 官方 或 预约 OUT！
2025-09-08 17:03:44,104|line:520| https://t.bilibili.com/1104913841950556177
2025-09-08 17:03:45,349|line:527| 官方 或 预约 OUT！
2025-09-08 17:03:45,350|line:520| https://t.bilibili.com/1105345542044516391
2025-09-08 17:03:46,731|line:527| 官方 或 预约 OUT！
2025-09-08 17:03:46,731|line:520| https://t.bilibili.com/1109106477356810277
2025-09-08 17:03:46,732|line:522| 已有
2025-09-08 17:03:46,732|line:520| https://t.bilibili.com/1108247896241733632
2025-09-08 17:03:49,088|line:527| 官方 或 预约 OUT！
2025-09-08 17:03:49,089|line:520| https://t.bilibili.com/1108988215442800664
2025-09-08 17:03:51,347|line:527| 官方 或 预约 OUT！
2025-09-08 17:03:51,348|line:520| https://t.bilibili.com/1107458060326010881
2025-09-08 17:03:52,593|line:527| 官方 或 预约 OUT！
2025-09-08 17:03:52,594|line:520| https://t.bilibili.com/1103171841912995860
2025-09-08 17:03:54,840|line:527| 官方 或 预约 OUT！
2025-09-08 17:03:54,841|line:520| https://t.bilibili.com/1107875359382044690
2025-09-08 17:03:58,081|line:527| 官方 或 预约 OUT！
2025-09-08 17:03:58,081|line:520| https://t.bilibili.com/1100179057147904006
2025-09-08 17:04:02,320|line:527| 官方 或 预约 OUT！
2025-09-08 17:04:02,320|line:520| https://t.bilibili.com/1109730299892203553
2025-09-08 17:04:03,567|line:527| 官方 或 预约 OUT！
2025-09-08 17:04:03,567|line:520| https://t.bilibili.com/1106550499396550692
2025-09-08 17:04:04,820|line:527| 官方 或 预约 OUT！
2025-09-08 17:04:04,821|line:520| https://t.bilibili.com/1103159700024721410
2025-09-08 17:04:04,821|line:522| 已有
2025-09-08 17:04:04,821|line:520| https://t.bilibili.com/1104906317206650898
2025-09-08 17:04:08,241|line:527| 官方 或 预约 OUT！
2025-09-08 17:04:08,242|line:520| https://t.bilibili.com/1109122527676858373
2025-09-08 17:04:11,488|line:527| 官方 或 预约 OUT！
2025-09-08 17:04:11,488|line:520| https://t.bilibili.com/1107503758812643332
2025-09-08 17:04:13,846|line:527| 官方 或 预约 OUT！
2025-09-08 17:04:13,846|line:520| https://t.bilibili.com/1094508197088067588
2025-09-08 17:04:15,089|line:527| 官方 或 预约 OUT！
2025-09-08 17:04:15,090|line:520| https://t.bilibili.com/1106760385842642950
2025-09-08 17:04:17,340|line:527| 官方 或 预约 OUT！
2025-09-08 17:04:17,341|line:520| https://t.bilibili.com/1098601880700846084
2025-09-08 17:04:18,590|line:527| 官方 或 预约 OUT！
2025-09-08 17:04:18,591|line:520| https://t.bilibili.com/1106085109605335047
2025-09-08 17:04:20,845|line:527| 官方 或 预约 OUT！
2025-09-08 17:04:20,846|line:520| https://t.bilibili.com/1107149179155644417
2025-09-08 17:04:23,153|line:527| 官方 或 预约 OUT！
2025-09-08 17:04:23,153|line:520| https://t.bilibili.com/1105648281406406736
2025-09-08 17:04:26,391|line:527| 官方 或 预约 OUT！
2025-09-08 17:04:26,391|line:520| https://t.bilibili.com/1106126800850780200
2025-09-08 17:04:28,715|line:527| 官方 或 预约 OUT！
2025-09-08 17:04:28,715|line:520| https://t.bilibili.com/1106120714910433283
2025-09-08 17:04:31,096|line:527| 官方 或 预约 OUT！
2025-09-08 17:04:31,096|line:520| https://t.bilibili.com/1108348179454099460
2025-09-08 17:04:33,455|line:527| 官方 或 预约 OUT！
2025-09-08 17:04:33,455|line:520| https://t.bilibili.com/1108703429063081989
2025-09-08 17:04:36,705|line:527| 官方 或 预约 OUT！
2025-09-08 17:04:36,705|line:520| https://t.bilibili.com/1107177573179195416
2025-09-08 17:04:39,061|line:527| 官方 或 预约 OUT！
2025-09-08 17:04:39,062|line:520| https://t.bilibili.com/1108622314324361224
2025-09-08 17:04:40,381|line:527| 官方 或 预约 OUT！
2025-09-08 17:04:40,382|line:520| https://t.bilibili.com/1107508882708627475
2025-09-08 17:04:41,739|line:527| 官方 或 预约 OUT！
2025-09-08 17:04:41,739|line:520| https://t.bilibili.com/1108601569607155714
2025-09-08 17:04:43,177|line:527| 官方 或 预约 OUT！
2025-09-08 17:04:43,177|line:520| https://t.bilibili.com/1109029717734850561
2025-09-08 17:04:47,528|line:527| 官方 或 预约 OUT！
2025-09-08 17:04:47,529|line:520| https://t.bilibili.com/1106742239637274641
2025-09-08 17:04:50,778|line:527| 官方 或 预约 OUT！
2025-09-08 17:04:50,778|line:520| https://t.bilibili.com/1109038973361061896
2025-09-08 17:04:53,040|line:527| 官方 或 预约 OUT！
2025-09-08 17:04:53,040|line:520| https://t.bilibili.com/1106483240230715477
2025-09-08 17:04:57,289|line:527| 官方 或 预约 OUT！
2025-09-08 17:04:57,290|line:520| https://t.bilibili.com/1104676922993934344
2025-09-08 17:04:58,538|line:527| 官方 或 预约 OUT！
2025-09-08 17:04:58,539|line:520| https://t.bilibili.com/1104163902024843272
2025-09-08 17:04:59,923|line:527| 官方 或 预约 OUT！
2025-09-08 17:04:59,923|line:520| https://t.bilibili.com/1077448269163921411
2025-09-08 17:05:04,279|line:527| 官方 或 预约 OUT！
2025-09-08 17:05:04,280|line:520| https://t.bilibili.com/1106112150738305074
2025-09-08 17:05:07,594|line:527| 官方 或 预约 OUT！
2025-09-08 17:05:07,594|line:520| https://t.bilibili.com/1106528010963517442
2025-09-08 17:05:08,857|line:527| 官方 或 预约 OUT！
2025-09-08 17:05:08,858|line:520| https://t.bilibili.com/1107565945635733508
2025-09-08 17:05:12,220|line:527| 官方 或 预约 OUT！
2025-09-08 17:05:12,220|line:520| https://t.bilibili.com/1108988339983220741
2025-09-08 17:05:14,472|line:527| 官方 或 预约 OUT！
2025-09-08 17:05:14,472|line:520| https://t.bilibili.com/1100210251503763479
2025-09-08 17:05:18,714|line:527| 官方 或 预约 OUT！
2025-09-08 17:05:18,715|line:520| https://t.bilibili.com/1108351817288253459
2025-09-08 17:05:21,262|line:527| 官方 或 预约 OUT！
2025-09-08 17:05:21,262|line:520| https://t.bilibili.com/1107550466577793025
2025-09-08 17:05:25,497|line:527| 官方 或 预约 OUT！
2025-09-08 17:05:25,497|line:520| https://t.bilibili.com/1098744701265117189
2025-09-08 17:05:29,851|line:527| 官方 或 预约 OUT！
2025-09-08 17:05:29,851|line:520| https://t.bilibili.com/1099687858884575234
2025-09-08 17:05:31,099|line:527| 官方 或 预约 OUT！
2025-09-08 17:05:31,099|line:520| https://t.bilibili.com/1108717516562104327
2025-09-08 17:05:34,464|line:527| 官方 或 预约 OUT！
2025-09-08 17:05:34,465|line:520| https://t.bilibili.com/1105648281388580867
2025-09-08 17:05:37,713|line:527| 官方 或 预约 OUT！
2025-09-08 17:05:37,713|line:520| https://t.bilibili.com/1098336735230689281
2025-09-08 17:05:42,073|line:527| 官方 或 预约 OUT！
2025-09-08 17:05:42,074|line:520| https://t.bilibili.com/1105370577401544728
2025-09-08 17:05:43,587|line:527| 官方 或 预约 OUT！
2025-09-08 17:05:43,587|line:520| https://t.bilibili.com/1105690951906492424
2025-09-08 17:05:44,937|line:527| 官方 或 预约 OUT！
2025-09-08 17:05:44,937|line:520| https://t.bilibili.com/1104535077391433799
2025-09-08 17:05:48,185|line:527| 官方 或 预约 OUT！
2025-09-08 17:05:48,185|line:520| https://t.bilibili.com/1108709738332291097
2025-09-08 17:05:52,486|line:527| 官方 或 预约 OUT！
2025-09-08 17:05:52,486|line:520| https://t.bilibili.com/1105372544469303329
2025-09-08 17:05:54,923|line:527| 官方 或 预约 OUT！
2025-09-08 17:05:54,923|line:520| https://t.bilibili.com/1105741091306471430
2025-09-08 17:05:59,193|line:527| 官方 或 预约 OUT！
2025-09-08 17:05:59,194|line:553| 执行结束
2025-09-08 17:05:59,194|line:559| ==================================================2025-09-09 01:05==================================================
2025-09-08 17:06:27,544|line:579| ('reply: ', '小闪闪bling', 'hhh腾子买库洛让我感觉他自己有点不太想出大世界了')
2025-09-08 17:06:27,544|line:579| ('reply: ', '我不是可洛蒂娅', '不是，这……')
2025-09-08 17:06:27,544|line:579| ('reply: ', '好像都是一个人', '你在说什么')
2025-09-08 17:06:27,545|line:579| ('reply: ', '目标咨询', '太宠粉了啊')
2025-09-08 17:06:27,545|line:579| ('reply: ', '数玩工场', '祝你成功')
2025-09-08 17:06:27,545|line:579| ('reply: ', '益家有小佰', '恭喜宝子，获得小电视月度会员1份和克刻冰冰猴喉糖随机口味1份～记得私信小佰提供信息哦~')
2025-09-08 17:06:27,545|line:579| ('reply: ', '圆环之理-Madoka', '是的')
2025-09-08 17:06:27,545|line:579| ('reply: ', '兰的三姨', '这就是银河巨星的实力！')
2025-09-08 17:06:27,545|line:579| ('reply: ', '花园百合铃音', '有男不玩，我只吃麻辣火锅，xxn滚[吃瓜]')
2025-09-08 17:06:27,545|line:579| ('reply: ', '是绝赞的阿鬼', '[tv_难过]')
2025-09-08 17:06:27,545|line:579| ('reply: ', '桃稚不幼稚', '还行')
2025-09-08 17:06:27,545|line:579| ('reply: ', '陌罔子吖', '佬，这个报名有啥条件不。最近太非了，想下次报来抽[脱单doge][脱单doge][脱单doge]')
2025-09-08 17:06:27,546|line:579| ('reply: ', '太二酸菜鱼', '恭喜成为本期欧皇[打call]获得【肥龙联名显眼包】1份，在收到本信息的两天内回复哥的私信哦~逾期哥就自己收啦！[脱单doge]')
2025-09-08 17:06:27,546|line:579| ('reply: ', '得一想二的松鼠', '中奖分我一半')
2025-09-08 17:06:27,546|line:579| ('reply: ', '佑凉Uriyoo', '谢谢！！！[UP_24967030_感恩]')
2025-09-08 17:06:27,546|line:579| ('reply: ', '岛莓祁', '好耶')
2025-09-08 17:06:27,546|line:579| ('reply: ', '苏酥_SUSU_', 'https://b23.tv/3HJcDkm')
2025-09-08 17:06:27,546|line:579| ('reply: ', '心想事成イ', 'I[UP_410636303_比心鸟][UP_410636303_比心鸟][UP_410636303_比心鸟]')
2025-09-08 17:06:27,546|line:579| ('reply: ', 'FWF第五人格娱乐赛', '加油[doge]')
2025-09-08 17:06:27,546|line:579| ('reply: ', '神奇猫咪_有钱哒', '好耶')
2025-09-08 17:06:31,817|line:588| ('at: ', '联想拯救者官方', '是我喜欢的奖品名单 直接开奖 上 趁现在没人偷摸开个奖 恭喜这些小伙伴 【拯救者7.1声卡H7游戏耳机】获奖名单 @泪水打湿猪脚饭o @xoomoon @小小Shaun @T山海连云T @超超超超薄脆饼干 @BerboomC 【拯救者C140氮化镓适配器】获奖名单 @改个天凉好个秋 @夜猫子牙不好 @LLL好久不见 @林殇倾慕婉 @今天也要拥抱微风 @洳不及我万一 @胜利の天平 【白金独角兽电竞鼠标】获奖名单 @底片上的诗旅人 【拯救者C170氮化镓适配器】获奖名单 @麦當劳无限好 @無名丶の辈 @任性的提莫 @广东有暖风 由于B站私信规则修改 我会私信中奖的小伙伴一条消息，还请注意查收并回复我您的收货地址与联系方式，奖品基本会在私信您信息后的三十个工作日内发货')
2025-09-08 17:06:31,817|line:588| ('at: ', 'Apexgaming艾湃电竞', '恭喜 @小小Shaun 获得饮料一份，三天内联系我，过时不候！')
2025-09-08 17:06:31,817|line:588| ('at: ', '喜欢白毛有什么不好', '1 @浪子游2fans6@被_____打下来的飞机@拉斯特臣后面一个点@专心致志的学生@猫猫头OmMeow@小小Shaun@龐門左道@啦啦痴痴腻@bili_66938050009@日月星辰668')
2025-09-08 17:06:31,817|line:588| ('at: ', 'iKF蓝牙耳机', '恭喜@小小Shaun 宝子成为苏泊尔福利动态幸运儿！\n注意：即日起72小时内回复信息确认领奖哦！逾期将自动视为放弃中奖资格。\n没有中奖的宝子们不要气馁，参与一下下置顶视频iKF Mars，增加欧气值，说不定下个幸运儿就是你！\n链接：\nhttps://www.bilibili.com/video/BV1Soo6YLEHZ/?spm_id_from=333.1387.list.card_archive.click&vd_source=21fb0967ccc75e6b3b2447ade2c740dd\n还没参与抽奖的宝子们，赶紧点击上方链接参与吧！还有特别福利惊喜等你哦~')
2025-09-08 17:06:31,818|line:588| ('at: ', 'wellymerck威利默克', '恭喜@小小Shaun\xa0 获得《我是你的小狗3 永远等你回家》1本，请于5天内联系威宝，凭关注+互动截图领取奖品，逾期作废~')
2025-09-08 17:06:31,818|line:588| ('at: ', '宁美NINGMEI', '恭喜@小小Shaun   中奖，请在12月1日24点前私信我：1. 奖品+中奖信息a. 实物奖：姓名电话地址，给文字！省市区路清晰，提交不清晰不发奖，信息错误致无法签收，概不负责；\n\nb. 现金红包给到支付宝实名+账号；\n\nc. 京东卡/猫超卡 等购物卡给到姓名+电话；2. 宁美和品牌方关注截图+转发截图！\n\n必须关注品牌方，否则奖品不予发放；如遇无法私信图片的情况，等待我回复后即可发送图片。PS： \n\n因后台收信有时会出问题，以回复“已登记”为准，没有回复即表示私信未收到。\n\n过期视为自动放弃，不会补发；奖品30个工作日内发送，勿催哦~\n\n不发全，不回复。其他小伙伴请继续努力！')
2025-09-08 17:06:31,818|line:588| ('at: ', '爱玛电动车官方账号', '#一“玛”当先榜# 快来看看10月都是谁和爱玛酱互动最多呀~ 💕恭喜@小小Shaun 和@甘瑞凯拉莎 排行第一！这两位小玛达将会获得【爱玛随机周边×1】，请5天内私信爱玛酱领奖哟~[鼓掌] 以后也请继续单推我无敌可爱美少女爱玛酱呀嘿嘿！(●´З｀●)')
2025-09-08 17:06:31,818|line:588| ('at: ', '爱玛电动车官方账号', '')
2025-09-08 17:06:31,818|line:588| ('at: ', '海露滴眼液', '互动榜出炉啦')
2025-09-08 17:06:31,818|line:588| ('at: ', '和蔼可亲桃白白', '\u200b//@九号公司:\u200b恭喜@小小Shaun 中奖！后续记得查收私信哟～\u200b//@九号公司:#互动抽奖# 谢谢粒粒的复工礼！小九也来加个码~关注【@微粒贷+@九号公司 】并转发该动态，抽一位小可爱获得【100元京东卡】~ #供电局福利社# 10月31日抽出！')
2025-09-08 17:06:31,818|line:588| ('at: ', '望大家身体健康快乐', '\u200b//@九号公司:\u200b恭喜@小小Shaun 中奖！后续记得查收私信哟～\u200b//@九号公司 :#互动抽奖# 谢谢粒粒的复工礼！小九也来加个码~关注【@微粒贷+@九号公司 】并转发该动态，抽一位小可爱获得【100元京东卡】~ #供电局福利社# 10月31日抽出！')
2025-09-08 17:06:31,818|line:588| ('at: ', 'MoMA_Reona', '//@九号公司:\u200b恭喜@小小Shaun 中奖！后续记得查收私信哟～\u200b//@九号公司:#互动抽奖# 谢谢粒粒的复工礼！小九也来加个码~关注【@微粒贷+@九号公司 】并转发该动态，抽一位小可爱获得【100元京东卡】~ #供电局福利社# 10月31日抽出！')
2025-09-08 17:06:31,819|line:588| ('at: ', '摸鱼二队', '\u200b//@九号公司:\u200b恭喜@小小Shaun 中奖！后续记得查收私信哟～\u200b//@九号公司 :#互动抽奖# 谢谢粒粒的复工礼！小九也来加个码~关注【@微粒贷+@九号公司 】并转发该动态，抽一位小可爱获得【100元京东卡】~ #供电局福利社# 10月31日抽出！')
2025-09-08 17:06:31,819|line:588| ('at: ', '文少嘅一些事一些情', '\u200b//@九号公司:\u200b恭喜@小小Shaun 中奖！后续记得查收私信哟～\u200b//@九号公司 :#互动抽奖# 谢谢粒粒的复工礼！小九也来加个码~关注【@微粒贷+@九号公司 】并转发该动态，抽一位小可爱获得【100元京东卡】~ #供电局福利社# 10月31日抽出！')
2025-09-08 17:06:31,819|line:588| ('at: ', 'Carry队友的嘟嘟酱丶', '\u200b//@九号公司:\u200b恭喜@小小Shaun 中奖！后续记得查收私信哟～\u200b//@九号公司 :#互动抽奖# 谢谢粒粒的复工礼！小九也来加个码~关注【@微粒贷+@九号公司 】并转发该动态，抽一位小可爱获得【100元京东卡】~ #供电局福利社# 10月31日抽出！')
2025-09-08 17:06:31,819|line:588| ('at: ', '蛤蟆zero', '//@九号公司:\u200b恭喜@小小Shaun 中奖！后续记得查收私信哟～\u200b//@九号公司:#互动抽奖# 谢谢粒粒的复工礼！小九也来加个码~关注【@微粒贷+@九号公司 】并转发该动态，抽一位小可爱获得【100元京东卡】~ #供电局福利社# 10月31日抽出！c冲冲冲')
2025-09-08 17:06:31,819|line:588| ('at: ', '木而各子要吃笃栗子', '\u200b//@九号公司:\u200b恭喜@小小Shaun 中奖！后续记得查收私信哟～\u200b//@九号公司 :#互动抽奖# 谢谢粒粒的复工礼！小九也来加个码~关注【@微粒贷+@九号公司 】并转发该动态，抽一位小可爱获得【100元京东卡】~ #供电局福利社# 10月31日抽出！')
2025-09-08 17:06:31,819|line:588| ('at: ', '裙下愚臣情默默', '\u200b//@九号公司:\u200b恭喜@小小Shaun 中奖！后续记得查收私信哟～\u200b//@九号公司 :#互动抽奖# 谢谢粒粒的复工礼！小九也来加个码~关注【@微粒贷+@九号公司 】并转发该动态，抽一位小可爱获得【100元京东卡】~ #供电局福利社# 10月31日抽出！')
2025-09-08 17:06:31,819|line:588| ('at: ', '戊子毕宿', '')
2025-09-08 17:06:31,819|line:588| ('at: ', '九号电动', '\u200b恭喜@小小Shaun 中奖！后续记得查收私信哟～\u200b//@九号公司:#互动抽奖# 谢谢粒粒的复工礼！小九也来加个码~关注【@微粒贷+@九号公司 】并转发该动态，抽一位小可爱获得【100元京东卡】~ #供电局福利社# 10月31日抽出！')
