2025-09-07 16:29:46,593|line:233| processing article 42962494
2025-09-07 16:29:49,883|line:508| ==================================================2025-09-08 00:29==================================================
2025-09-07 16:29:49,884|line:520| https://t.bilibili.com/1102275937507999746
2025-09-07 16:29:54,329|line:337| =========此为子动态=========
2025-09-07 16:29:57,801|line:388| *************原动态处理开始***************
2025-09-07 16:30:04,605|line:476| 转发成功 1109923504697901061
2025-09-07 16:30:08,113|line:495| 评论发送成功
2025-09-07 16:30:12,914|line:425| 2089637378 === 已经关注了
2025-09-07 16:30:16,198|line:504| 动态-点赞 0
2025-09-07 16:30:16,199|line:397| *************原动态处理完成***************
2025-09-07 16:30:17,803|line:363| *********子动态开始*********
2025-09-07 16:30:26,175|line:476| 转发成功 1109923599217590276
2025-09-07 16:30:29,496|line:495| 评论发送成功
2025-09-07 16:30:34,179|line:425| 99442306 === 已经关注了
2025-09-07 16:30:34,179|line:377| ----完成一个子动态----
2025-09-07 16:30:42,298|line:476| 转发成功 1109923667934969859
2025-09-07 16:30:45,743|line:495| 评论发送成功
2025-09-07 16:30:51,243|line:425| 1129687681 === 已经关注了
2025-09-07 16:30:51,243|line:377| ----完成一个子动态----
2025-09-07 16:31:00,374|line:476| 转发成功 1109923745205583873
2025-09-07 16:31:03,750|line:495| 评论发送成功
2025-09-07 16:31:12,431|line:425| 2089637378 === 已经关注了
2025-09-07 16:31:12,432|line:377| ----完成一个子动态----
2025-09-07 16:31:21,674|line:476| 转发成功 1109923835399897108
2025-09-07 16:31:25,153|line:495| 评论发送成功
2025-09-07 16:31:33,849|line:425| 476645168 === 已经关注了
2025-09-07 16:31:33,849|line:377| ----完成一个子动态----
2025-09-07 16:31:41,273|line:476| 转发成功 1109923921301340166
2025-09-07 16:31:44,609|line:495| 评论发送成功
2025-09-07 16:31:52,293|line:425| 212395881 === 已经关注了
2025-09-07 16:31:52,293|line:377| ----完成一个子动态----
2025-09-07 16:31:52,294|line:382| *********子动态结束*********
2025-09-07 16:31:55,294|line:520| https://t.bilibili.com/1102638814983094274
2025-09-07 16:31:56,538|line:337| =========此为子动态=========
2025-09-07 16:31:58,877|line:388| *************原动态处理开始***************
2025-09-07 16:32:06,643|line:476| 转发成功 1109924028704882697
2025-09-07 16:32:10,130|line:495| 评论发送成功
2025-09-07 16:32:14,809|line:437| 关注 ==== 3546829270551372 0
2025-09-07 16:32:18,081|line:504| 动态-点赞 0
2025-09-07 16:32:18,081|line:397| *************原动态处理完成***************
2025-09-07 16:32:22,725|line:363| *********子动态开始*********
2025-09-07 16:32:32,830|line:476| 转发成功 1109924140361449491
2025-09-07 16:32:36,174|line:495| 评论发送成功
2025-09-07 16:32:41,881|line:425| 396808737 === 已经关注了
2025-09-07 16:32:41,881|line:377| ----完成一个子动态----
2025-09-07 16:32:41,882|line:382| *********子动态结束*********
2025-09-07 16:32:42,882|line:520| https://t.bilibili.com/1109073126978748553
2025-09-07 16:32:47,199|line:342| =========此为源动态=========
2025-09-07 16:32:48,782|line:363| *********子动态开始*********
2025-09-07 16:32:48,782|line:382| *********子动态结束*********
2025-09-07 16:32:48,782|line:538| -=-=-=-=处理回最初的动态-=-=-=-=
2025-09-07 16:32:58,950|line:476| 转发成功 1109924252001239043
2025-09-07 16:33:02,535|line:495| 评论发送成功
2025-09-07 16:33:05,069|line:425| 238623328 === 已经关注了
2025-09-07 16:33:08,431|line:504| 动态-点赞 0
2025-09-07 16:33:12,431|line:520| https://t.bilibili.com/1109107387925528576
2025-09-07 16:33:15,778|line:342| =========此为源动态=========
2025-09-07 16:33:18,370|line:363| *********子动态开始*********
2025-09-07 16:33:18,370|line:382| *********子动态结束*********
2025-09-07 16:33:18,370|line:538| -=-=-=-=处理回最初的动态-=-=-=-=
2025-09-07 16:33:26,562|line:476| 转发成功 1109924372321140736
2025-09-07 16:33:29,825|line:495| 评论发送成功
2025-09-07 16:33:34,331|line:425| 429643625 === 已经关注了
2025-09-07 16:33:37,690|line:504| 动态-点赞 0
2025-09-07 16:33:39,691|line:520| https://t.bilibili.com/1108982855355072513
2025-09-07 16:33:39,691|line:522| 已有
2025-09-07 16:33:39,691|line:520| https://t.bilibili.com/1107970553003638785
2025-09-07 16:33:43,939|line:342| =========此为源动态=========
2025-09-07 16:33:46,234|line:363| *********子动态开始*********
2025-09-07 16:33:46,234|line:382| *********子动态结束*********
2025-09-07 16:33:46,234|line:538| -=-=-=-=处理回最初的动态-=-=-=-=
2025-09-07 16:33:56,827|line:476| 转发成功 1109924501156528128
2025-09-07 16:34:00,242|line:495| 评论发送成功
2025-09-07 16:34:01,686|line:425| 1576770770 === 已经关注了
2025-09-07 16:34:04,962|line:504| 动态-点赞 0
2025-09-07 16:34:08,962|line:520| https://t.bilibili.com/1107567027984269315
2025-09-07 16:34:08,963|line:522| 已有
2025-09-07 16:34:08,963|line:520| https://t.bilibili.com/1102758575814475780
2025-09-07 16:34:11,212|line:337| =========此为子动态=========
2025-09-07 16:34:15,569|line:401| *************原动态已存在***************
2025-09-07 16:34:17,173|line:363| *********子动态开始*********
2025-09-07 16:34:23,267|line:476| 转发成功 1109924617073459206
2025-09-07 16:34:26,648|line:495| 评论发送成功
2025-09-07 16:34:34,325|line:425| 212395881 === 已经关注了
2025-09-07 16:34:34,325|line:377| ----完成一个子动态----
2025-09-07 16:34:46,719|line:476| 转发成功 1109924715876581376
2025-09-07 16:34:50,139|line:495| 评论发送成功
2025-09-07 16:34:56,829|line:425| 1024366005 === 已经关注了
2025-09-07 16:34:56,830|line:377| ----完成一个子动态----
2025-09-07 16:35:06,040|line:476| 转发成功 1109924797508222999
2025-09-07 16:35:09,425|line:495| 评论发送成功
2025-09-07 16:35:11,984|line:425| 2089637378 === 已经关注了
2025-09-07 16:35:11,984|line:377| ----完成一个子动态----
2025-09-07 16:35:21,169|line:476| 转发成功 1109924861905469461
2025-09-07 16:35:24,500|line:495| 评论发送成功
2025-09-07 16:35:32,061|line:425| 242136088 === 已经关注了
2025-09-07 16:35:32,061|line:377| ----完成一个子动态----
2025-09-07 16:35:43,346|line:476| 转发成功 1109924960721174536
2025-09-07 16:35:46,677|line:495| 评论发送成功
2025-09-07 16:35:51,322|line:425| 479384351 === 已经关注了
2025-09-07 16:35:51,323|line:377| ----完成一个子动态----
2025-09-07 16:36:02,703|line:476| 转发成功 1109925042322407443
2025-09-07 16:36:06,260|line:495| 评论发送成功
2025-09-07 16:36:13,098|line:425| 416514298 === 已经关注了
2025-09-07 16:36:13,098|line:377| ----完成一个子动态----
2025-09-07 16:36:21,211|line:476| 转发成功 1109925123922591748
2025-09-07 16:36:24,713|line:495| 评论发送成功
2025-09-07 16:36:29,287|line:425| 627553716 === 已经关注了
2025-09-07 16:36:29,288|line:377| ----完成一个子动态----
2025-09-07 16:36:41,339|line:476| 转发成功 1109925209791528966
2025-09-07 16:36:44,695|line:495| 评论发送成功
2025-09-07 16:36:51,289|line:425| 1435278966 === 已经关注了
2025-09-07 16:36:51,290|line:377| ----完成一个子动态----
2025-09-07 16:37:01,645|line:476| 转发成功 1109925295729672198
2025-09-07 16:37:05,099|line:495| 评论发送成功
2025-09-07 16:37:12,701|line:425| 479444311 === 已经关注了
2025-09-07 16:37:12,701|line:377| ----完成一个子动态----
2025-09-07 16:37:12,702|line:382| *********子动态结束*********
2025-09-07 16:37:13,702|line:520| https://t.bilibili.com/1108960268121014277
2025-09-07 16:37:15,032|line:342| =========此为源动态=========
2025-09-07 16:37:17,318|line:363| *********子动态开始*********
2025-09-07 16:37:17,318|line:382| *********子动态结束*********
2025-09-07 16:37:17,318|line:538| -=-=-=-=处理回最初的动态-=-=-=-=
2025-09-07 16:37:25,355|line:476| 转发成功 1109925398814130194
2025-09-07 16:37:28,681|line:495| 评论发送成功
2025-09-07 16:37:33,117|line:425| 171617844 === 已经关注了
2025-09-07 16:37:36,375|line:504| 动态-点赞 0
2025-09-07 16:37:37,376|line:520| https://t.bilibili.com/1104937421362954276
2025-09-07 16:37:40,916|line:337| =========此为子动态=========
2025-09-07 16:37:44,511|line:388| *************原动态处理开始***************
2025-09-07 16:37:51,177|line:476| 转发成功 1109925510431899649
2025-09-07 16:37:54,512|line:495| 评论发送成功
2025-09-07 16:37:58,822|line:425| 1813205998 === 已经关注了
2025-09-07 16:38:02,090|line:504| 动态-点赞 0
2025-09-07 16:38:02,090|line:397| *************原动态处理完成***************
2025-09-07 16:38:03,681|line:363| *********子动态开始*********
2025-09-07 16:38:15,783|line:476| 转发成功 1109925613545717794
2025-09-07 16:38:19,136|line:495| 评论发送成功
2025-09-07 16:38:23,708|line:425| 88751999 === 已经关注了
2025-09-07 16:38:23,709|line:377| ----完成一个子动态----
2025-09-07 16:38:33,775|line:476| 转发成功 1109925690859323414
2025-09-07 16:38:37,148|line:495| 评论发送成功
2025-09-07 16:38:40,921|line:425| 1024366005 === 已经关注了
2025-09-07 16:38:40,922|line:377| ----完成一个子动态----
2025-09-07 16:38:50,184|line:476| 转发成功 1109925763853844519
2025-09-07 16:38:53,540|line:495| 评论发送成功
2025-09-07 16:38:59,222|line:425| 480520643 === 已经关注了
2025-09-07 16:38:59,223|line:377| ----完成一个子动态----
2025-09-07 16:39:09,477|line:476| 转发成功 1109925845450883080
2025-09-07 16:39:12,937|line:495| 评论发送成功
2025-09-07 16:39:20,579|line:425| 1345140518 === 已经关注了
2025-09-07 16:39:20,579|line:377| ----完成一个子动态----
2025-09-07 16:39:27,728|line:476| 转发成功 1109925922746662918
2025-09-07 16:39:31,251|line:495| 评论发送成功
2025-09-07 16:39:35,917|line:425| 1338030495 === 已经关注了
2025-09-07 16:39:35,917|line:377| ----完成一个子动态----
2025-09-07 16:39:45,049|line:476| 转发成功 1109925995774738439
2025-09-07 16:39:48,433|line:495| 评论发送成功
2025-09-07 16:39:51,241|line:425| 1129687681 === 已经关注了
2025-09-07 16:39:51,241|line:377| ----完成一个子动态----
2025-09-07 16:40:09,304|line:476| 转发成功 1109926103195058179
2025-09-07 16:40:12,818|line:495| 评论发送成功
2025-09-07 16:40:20,532|line:425| 1494786563 === 已经关注了
2025-09-07 16:40:20,533|line:377| ----完成一个子动态----
2025-09-07 16:40:27,861|line:476| 转发成功 1109926180490838037
2025-09-07 16:40:31,309|line:495| 评论发送成功
2025-09-07 16:40:37,000|line:425| 346469145 === 已经关注了
2025-09-07 16:40:37,000|line:377| ----完成一个子动态----
2025-09-07 16:40:45,161|line:476| 转发成功 1109926253469630465
2025-09-07 16:40:48,481|line:495| 评论发送成功
2025-09-07 16:40:57,033|line:425| 2140091933 === 已经关注了
2025-09-07 16:40:57,033|line:377| ----完成一个子动态----
2025-09-07 16:41:13,775|line:476| 转发成功 1109926378034167842
2025-09-07 16:41:17,110|line:495| 评论发送成功
2025-09-07 16:41:20,693|line:425| 479444311 === 已经关注了
2025-09-07 16:41:20,693|line:377| ----完成一个子动态----
2025-09-07 16:41:29,994|line:476| 转发成功 1109926446743158801
2025-09-07 16:41:33,390|line:495| 评论发送成功
2025-09-07 16:41:40,082|line:425| 242136088 === 已经关注了
2025-09-07 16:41:40,082|line:377| ----完成一个子动态----
2025-09-07 16:41:49,168|line:476| 转发成功 1109926528333905937
2025-09-07 16:41:52,512|line:495| 评论发送成功
2025-09-07 16:41:59,181|line:425| 505670427 === 已经关注了
2025-09-07 16:41:59,181|line:377| ----完成一个子动态----
2025-09-07 16:42:10,605|line:476| 转发成功 1109926622885052425
2025-09-07 16:42:13,953|line:495| 评论发送成功
2025-09-07 16:42:17,635|line:425| 1864084681 === 已经关注了
2025-09-07 16:42:17,635|line:377| ----完成一个子动态----
2025-09-07 16:42:28,710|line:476| 转发成功 1109926700187123730
2025-09-07 16:42:32,069|line:495| 评论发送成功
2025-09-07 16:42:39,647|line:425| 212395881 === 已经关注了
2025-09-07 16:42:39,647|line:377| ----完成一个子动态----
2025-09-07 16:42:47,968|line:476| 转发成功 1109926781779968006
2025-09-07 16:42:51,316|line:495| 评论发送成功
2025-09-07 16:42:55,901|line:425| 388684610 === 已经关注了
2025-09-07 16:42:55,901|line:377| ----完成一个子动态----
2025-09-07 16:43:06,292|line:382| *********子动态结束*********
2025-09-07 16:43:10,292|line:520| https://t.bilibili.com/1101568264338669606
2025-09-07 16:43:10,293|line:522| 已有
2025-09-07 16:43:10,293|line:520| https://t.bilibili.com/1103456349132423172
2025-09-07 16:43:13,699|line:337| =========此为子动态=========
2025-09-07 16:43:16,164|line:388| *************原动态处理开始***************
2025-09-07 16:43:20,994|line:476| 转发成功 1109926923512840210
2025-09-07 16:43:24,334|line:495| 评论发送成功
2025-09-07 16:43:27,724|line:425| 3663694 === 已经关注了
2025-09-07 16:43:30,994|line:504| 动态-点赞 0
2025-09-07 16:43:30,995|line:397| *************原动态处理完成***************
2025-09-07 16:43:34,281|line:363| *********子动态开始*********
2025-09-07 16:43:41,655|line:476| 转发成功 1109927013668356101
2025-09-07 16:43:44,983|line:495| 评论发送成功
2025-09-07 16:43:50,543|line:425| 396808737 === 已经关注了
2025-09-07 16:43:50,543|line:377| ----完成一个子动态----
2025-09-07 16:43:50,544|line:382| *********子动态结束*********
2025-09-07 16:43:51,544|line:520| https://t.bilibili.com/1105260866732818453
2025-09-07 16:43:51,545|line:522| 已有
2025-09-07 16:43:51,545|line:520| https://t.bilibili.com/1103131821411926021
2025-09-07 16:43:55,787|line:337| =========此为子动态=========
2025-09-07 16:43:57,117|line:401| *************原动态已存在***************
2025-09-07 16:44:01,794|line:363| *********子动态开始*********
2025-09-07 16:44:08,990|line:476| 转发成功 1109927129676513288
2025-09-07 16:44:12,327|line:495| 评论发送成功
2025-09-07 16:44:19,190|line:425| 1494786563 === 已经关注了
2025-09-07 16:44:19,190|line:377| ----完成一个子动态----
2025-09-07 16:44:30,205|line:476| 转发成功 1109927224173133824
2025-09-07 16:44:33,532|line:495| 评论发送成功
2025-09-07 16:44:37,096|line:425| 1345140518 === 已经关注了
2025-09-07 16:44:37,096|line:377| ----完成一个子动态----
2025-09-07 16:44:37,097|line:382| *********子动态结束*********
2025-09-07 16:44:38,097|line:520| https://t.bilibili.com/1109040949070135313
2025-09-07 16:44:38,098|line:522| 已有
2025-09-07 16:44:38,098|line:520| https://t.bilibili.com/1109002457584762932
2025-09-07 16:44:39,474|line:527| 官方 或 预约 OUT！
2025-09-07 16:44:39,474|line:520| https://t.bilibili.com/1105978014635655186
2025-09-07 16:44:40,795|line:342| =========此为源动态=========
2025-09-07 16:44:45,414|line:363| *********子动态开始*********
2025-09-07 16:44:45,414|line:382| *********子动态结束*********
2025-09-07 16:44:45,415|line:538| -=-=-=-=处理回最初的动态-=-=-=-=
2025-09-07 16:44:54,750|line:476| 转发成功 1109927327239766033
2025-09-07 16:44:58,091|line:495| 评论发送成功
2025-09-07 16:45:02,584|line:425| 323252394 === 已经关注了
2025-09-07 16:45:05,982|line:504| 动态-点赞 0
2025-09-07 16:45:08,982|line:520| https://t.bilibili.com/1104872271010332675
2025-09-07 16:45:08,982|line:522| 已有
2025-09-07 16:45:08,982|line:520| https://t.bilibili.com/1102708075611029524
2025-09-07 16:45:08,983|line:522| 已有
2025-09-07 16:45:08,983|line:520| https://t.bilibili.com/1105329788097134594
2025-09-07 16:45:08,983|line:522| 已有
2025-09-07 16:45:08,983|line:520| https://t.bilibili.com/1103466562574090258
2025-09-07 16:45:13,234|line:337| =========此为子动态=========
2025-09-07 16:45:14,553|line:388| *************原动态处理开始***************
2025-09-07 16:45:22,330|line:476| 转发成功 1109927447513530390
2025-09-07 16:45:25,670|line:495| 评论发送成功
2025-09-07 16:45:26,997|line:425| 1719393819 === 已经关注了
2025-09-07 16:45:30,275|line:504| 动态-点赞 0
2025-09-07 16:45:30,275|line:397| *************原动态处理完成***************
2025-09-07 16:45:34,754|line:363| *********子动态开始*********
2025-09-07 16:45:44,946|line:476| 转发成功 1109927541970305049
2025-09-07 16:45:48,279|line:495| 评论发送成功
2025-09-07 16:45:53,872|line:425| 1863894913 === 已经关注了
2025-09-07 16:45:53,872|line:377| ----完成一个子动态----
2025-09-07 16:46:31,521|line:382| *********子动态结束*********
2025-09-07 16:46:33,522|line:520| https://t.bilibili.com/1101570540641976356
2025-09-07 16:46:33,523|line:522| 已有
2025-09-07 16:46:33,523|line:520| https://t.bilibili.com/1104931215123677193
2025-09-07 16:46:33,523|line:522| 已有
2025-09-07 16:46:33,523|line:520| https://t.bilibili.com/1101165877440544838
2025-09-07 16:46:33,523|line:522| 已有
2025-09-07 16:46:33,523|line:520| https://t.bilibili.com/635932563238551585
2025-09-07 16:46:33,523|line:522| 已有
2025-09-07 16:46:33,524|line:520| https://t.bilibili.com/1103091135126962177
2025-09-07 16:46:33,524|line:522| 已有
2025-09-07 16:46:33,524|line:520| https://t.bilibili.com/1101174664948875305
2025-09-07 16:46:34,925|line:337| =========此为子动态=========
2025-09-07 16:46:39,270|line:388| *************原动态处理开始***************
2025-09-07 16:46:46,134|line:476| 转发成功 1109927803958067219
2025-09-07 16:46:49,580|line:495| 评论发送成功
2025-09-07 16:46:51,903|line:425| 670406059 === 已经关注了
2025-09-07 16:46:55,169|line:504| 动态-点赞 0
2025-09-07 16:46:55,169|line:397| *************原动态处理完成***************
2025-09-07 16:46:56,746|line:363| *********子动态开始*********
2025-09-07 16:47:03,946|line:476| 转发成功 1109927881295790088
2025-09-07 16:47:07,282|line:495| 评论发送成功
2025-09-07 16:47:13,078|line:425| 212395881 === 已经关注了
2025-09-07 16:47:13,078|line:377| ----完成一个子动态----
2025-09-07 16:47:22,161|line:476| 转发成功 1109927958571647009
2025-09-07 16:47:25,813|line:495| 评论发送成功
2025-09-07 16:47:30,402|line:425| 493230543 === 已经关注了
2025-09-07 16:47:30,403|line:377| ----完成一个子动态----
2025-09-07 16:47:36,559|line:476| 转发成功 1109928023037050898
2025-09-07 16:47:39,902|line:495| 评论发送成功
2025-09-07 16:47:44,460|line:425| 242136088 === 已经关注了
2025-09-07 16:47:44,460|line:377| ----完成一个子动态----
2025-09-07 16:47:53,496|line:476| 转发成功 1109928096038912003
2025-09-07 16:47:56,852|line:495| 评论发送成功
2025-09-07 16:48:00,422|line:425| 479444311 === 已经关注了
2025-09-07 16:48:00,423|line:377| ----完成一个子动态----
2025-09-07 16:48:08,549|line:476| 转发成功 1109928160462372872
2025-09-07 16:48:11,901|line:495| 评论发送成功
2025-09-07 16:48:14,470|line:425| 479384351 === 已经关注了
2025-09-07 16:48:14,470|line:377| ----完成一个子动态----
2025-09-07 16:48:21,545|line:476| 转发成功 1109928216266539017
2025-09-07 16:48:24,938|line:495| 评论发送成功
2025-09-07 16:48:29,608|line:425| 346469145 === 已经关注了
2025-09-07 16:48:29,608|line:377| ----完成一个子动态----
2025-09-07 16:48:29,609|line:382| *********子动态结束*********
2025-09-07 16:48:31,609|line:520| https://t.bilibili.com/1102648951074455585
2025-09-07 16:48:34,008|line:337| =========此为子动态=========
2025-09-07 16:48:37,407|line:401| *************原动态已存在***************
2025-09-07 16:48:39,891|line:363| *********子动态开始*********
2025-09-07 16:48:48,071|line:476| 转发成功 1109928327933591571
2025-09-07 16:48:51,477|line:495| 评论发送成功
2025-09-07 16:48:58,164|line:425| 37896119 === 已经关注了
2025-09-07 16:48:58,164|line:377| ----完成一个子动态----
2025-09-07 16:49:07,292|line:476| 转发成功 1109928413827694599
2025-09-07 16:49:10,645|line:495| 评论发送成功
2025-09-07 16:49:16,338|line:425| 346469145 === 已经关注了
2025-09-07 16:49:16,339|line:377| ----完成一个子动态----
2025-09-07 16:49:24,395|line:476| 转发成功 1109928486894567448
2025-09-07 16:49:27,769|line:495| 评论发送成功
2025-09-07 16:49:33,551|line:425| 674121390 === 已经关注了
2025-09-07 16:49:33,551|line:377| ----完成一个子动态----
2025-09-07 16:49:33,552|line:382| *********子动态结束*********
2025-09-07 16:49:36,553|line:520| https://t.bilibili.com/1103788058037190663
2025-09-07 16:49:40,966|line:337| =========此为子动态=========
2025-09-07 16:49:42,346|line:388| *************原动态处理开始***************
2025-09-07 16:49:49,991|line:476| 转发成功 1109928594264555522
2025-09-07 16:49:53,311|line:495| 评论发送成功
2025-09-07 16:49:54,611|line:425| 273212397 === 已经关注了
2025-09-07 16:49:57,892|line:504| 动态-点赞 0
2025-09-07 16:49:57,892|line:397| *************原动态处理完成***************
2025-09-07 16:50:01,463|line:363| *********子动态开始*********
2025-09-07 16:50:10,606|line:476| 转发成功 1109928684469354504
2025-09-07 16:50:14,114|line:495| 评论发送成功
2025-09-07 16:50:19,739|line:425| 1681276938 === 已经关注了
2025-09-07 16:50:19,740|line:377| ----完成一个子动态----
2025-09-07 16:50:28,100|line:476| 转发成功 1109928757451292726
2025-09-07 16:50:31,467|line:495| 评论发送成功
2025-09-07 16:50:34,032|line:425| 3546701923093477 === 已经关注了
2025-09-07 16:50:34,032|line:377| ----完成一个子动态----
2025-09-07 16:50:42,232|line:476| 转发成功 1109928821888385027
2025-09-07 16:50:45,706|line:495| 评论发送成功
2025-09-07 16:50:51,350|line:425| 1494786563 === 已经关注了
2025-09-07 16:50:51,350|line:377| ----完成一个子动态----
2025-09-07 16:50:51,351|line:382| *********子动态结束*********
2025-09-07 16:50:53,352|line:520| https://t.bilibili.com/1108976318405410836
2025-09-07 16:50:53,352|line:522| 已有
2025-09-07 16:50:53,352|line:520| https://t.bilibili.com/1109140476367208456
2025-09-07 16:50:55,605|line:527| 官方 或 预约 OUT！
2025-09-07 16:50:55,605|line:520| https://t.bilibili.com/1101152696177524740
2025-09-07 16:50:55,605|line:522| 已有
2025-09-07 16:50:55,606|line:520| https://t.bilibili.com/1101164034840854560
2025-09-07 16:50:55,606|line:522| 已有
2025-09-07 16:50:55,606|line:520| https://t.bilibili.com/1109019049028747271
2025-09-07 16:50:58,972|line:527| 官方 或 预约 OUT！
2025-09-07 16:50:58,972|line:520| https://t.bilibili.com/1100920385683062802
2025-09-07 16:50:58,973|line:522| 已有
2025-09-07 16:50:58,973|line:520| https://t.bilibili.com/1103132452712349700
2025-09-07 16:50:58,973|line:522| 已有
2025-09-07 16:50:58,973|line:520| https://t.bilibili.com/1106389867584028729
2025-09-07 16:51:01,239|line:342| =========此为源动态=========
2025-09-07 16:51:02,540|line:363| *********子动态开始*********
2025-09-07 16:51:02,540|line:382| *********子动态结束*********
2025-09-07 16:51:02,540|line:538| -=-=-=-=处理回最初的动态-=-=-=-=
2025-09-07 16:51:08,637|line:476| 转发成功 1109928933529223172
2025-09-07 16:51:12,089|line:495| 评论发送成功
2025-09-07 16:51:13,422|line:425| 34932803 === 已经关注了
2025-09-07 16:51:16,698|line:504| 动态-点赞 0
2025-09-07 16:51:17,698|line:520| https://t.bilibili.com/1103780778050846720
2025-09-07 16:51:17,699|line:522| 已有
2025-09-07 16:51:17,699|line:520| https://t.bilibili.com/1108979238962200599
2025-09-07 16:51:17,699|line:522| 已有
2025-09-07 16:51:17,699|line:520| https://t.bilibili.com/1103128226505424900
2025-09-07 16:51:17,699|line:522| 已有
2025-09-07 16:51:17,699|line:520| https://t.bilibili.com/1108620433121345543
2025-09-07 16:51:19,137|line:527| 官方 或 预约 OUT！
2025-09-07 16:51:19,137|line:520| https://t.bilibili.com/1105259664154558473
2025-09-07 16:51:23,389|line:337| =========此为子动态=========
2025-09-07 16:51:26,717|line:388| *************原动态处理开始***************
2025-09-07 16:51:34,530|line:476| 转发成功 1109929045245558793
2025-09-07 16:51:37,874|line:495| 评论发送成功
2025-09-07 16:51:40,193|line:425| 323252394 === 已经关注了
2025-09-07 16:51:43,457|line:504| 动态-点赞 0
2025-09-07 16:51:43,458|line:397| *************原动态处理完成***************
2025-09-07 16:51:44,909|line:363| *********子动态开始*********
2025-09-07 16:51:52,203|line:476| 转发成功 1109929118245322760
2025-09-07 16:51:55,523|line:495| 评论发送成功
2025-09-07 16:52:01,348|line:425| 63414376 === 已经关注了
2025-09-07 16:52:01,348|line:377| ----完成一个子动态----
2025-09-07 16:52:09,704|line:476| 转发成功 1109929195532713989
2025-09-07 16:52:13,049|line:495| 评论发送成功
2025-09-07 16:52:19,617|line:425| 2089637378 === 已经关注了
2025-09-07 16:52:19,617|line:377| ----完成一个子动态----
2025-09-07 16:52:29,996|line:476| 转发成功 1109929281470857222
2025-09-07 16:52:33,411|line:495| 评论发送成功
2025-09-07 16:52:40,984|line:425| 99442306 === 已经关注了
2025-09-07 16:52:40,984|line:377| ----完成一个子动态----
2025-09-07 16:52:40,985|line:382| *********子动态结束*********
2025-09-07 16:52:43,986|line:520| https://t.bilibili.com/1104930824243904529
2025-09-07 16:52:43,986|line:522| 已有
2025-09-07 16:52:43,986|line:520| https://t.bilibili.com/1102281117203955717
2025-09-07 16:52:43,986|line:522| 已有
2025-09-07 16:52:43,987|line:520| https://t.bilibili.com/1104949322706845700
2025-09-07 16:52:43,987|line:522| 已有
2025-09-07 16:52:43,987|line:520| https://t.bilibili.com/1101529983253217283
2025-09-07 16:52:43,987|line:522| 已有
2025-09-07 16:52:43,987|line:520| https://t.bilibili.com/1104969719512825860
2025-09-07 16:52:45,236|line:342| =========此为源动态=========
2025-09-07 16:52:47,704|line:363| *********子动态开始*********
2025-09-07 16:52:47,704|line:382| *********子动态结束*********
2025-09-07 16:52:47,705|line:538| -=-=-=-=处理回最初的动态-=-=-=-=
2025-09-07 16:52:55,754|line:476| 转发成功 1109929393093869574
2025-09-07 16:52:59,173|line:495| 评论发送成功
2025-09-07 16:53:02,598|line:425| 1024366005 === 已经关注了
2025-09-07 16:53:05,888|line:504| 动态-点赞 0
2025-09-07 16:53:09,889|line:520| https://t.bilibili.com/1104932748423856130
2025-09-07 16:53:14,207|line:337| =========此为子动态=========
2025-09-07 16:53:15,650|line:401| *************原动态已存在***************
2025-09-07 16:53:16,950|line:363| *********子动态开始*********
2025-09-07 16:53:28,241|line:476| 转发成功 1109929534874976256
2025-09-07 16:53:31,598|line:495| 评论发送成功
2025-09-07 16:53:38,354|line:425| 479444311 === 已经关注了
2025-09-07 16:53:38,354|line:377| ----完成一个子动态----
2025-09-07 16:53:47,552|line:476| 转发成功 1109929616458383369
2025-09-07 16:53:51,047|line:495| 评论发送成功
2025-09-07 16:53:55,600|line:425| 1345140518 === 已经关注了
2025-09-07 16:53:55,600|line:377| ----完成一个子动态----
2025-09-07 16:54:02,875|line:476| 转发成功 1109929680889184277
2025-09-07 16:54:06,319|line:495| 评论发送成功
2025-09-07 16:54:11,116|line:425| 88751999 === 已经关注了
2025-09-07 16:54:11,117|line:377| ----完成一个子动态----
2025-09-07 16:54:19,189|line:476| 转发成功 1109929753883705350
2025-09-07 16:54:22,550|line:495| 评论发送成功
2025-09-07 16:54:29,103|line:425| 2091407755 === 已经关注了
2025-09-07 16:54:29,103|line:377| ----完成一个子动态----
2025-09-07 16:54:37,172|line:476| 转发成功 1109929826908635144
2025-09-07 16:54:40,666|line:495| 评论发送成功
2025-09-07 16:54:47,353|line:425| 3546567483066493 === 已经关注了
2025-09-07 16:54:47,353|line:377| ----完成一个子动态----
2025-09-07 16:54:47,354|line:382| *********子动态结束*********
2025-09-07 16:54:49,354|line:520| https://t.bilibili.com/1109453532194406407
2025-09-07 16:54:49,355|line:522| 已有
2025-09-07 16:54:49,355|line:520| https://t.bilibili.com/1107642864163094533
2025-09-07 16:54:49,355|line:522| 已有
2025-09-07 16:54:49,355|line:520| https://t.bilibili.com/1102361476028432386
2025-09-07 16:54:49,355|line:522| 已有
2025-09-07 16:54:49,355|line:520| https://t.bilibili.com/1108991471063662614
2025-09-07 16:54:52,681|line:527| 官方 或 预约 OUT！
2025-09-07 16:54:52,681|line:520| https://t.bilibili.com/1107861628364259330
2025-09-07 16:54:56,921|line:527| 官方 或 预约 OUT！
2025-09-07 16:54:56,921|line:520| https://t.bilibili.com/1103127577924468742
2025-09-07 16:54:56,921|line:522| 已有
2025-09-07 16:54:56,922|line:520| https://t.bilibili.com/1106932137324445704
2025-09-07 16:54:58,170|line:527| 官方 或 预约 OUT！
2025-09-07 16:54:58,170|line:520| https://t.bilibili.com/1107462385342349353
2025-09-07 16:54:58,170|line:522| 已有
2025-09-07 16:54:58,171|line:520| https://t.bilibili.com/1108978835266732034
2025-09-07 16:54:58,171|line:522| 已有
2025-09-07 16:54:58,171|line:520| https://t.bilibili.com/1102337243820851205
2025-09-07 16:54:58,171|line:522| 已有
2025-09-07 16:54:58,171|line:520| https://t.bilibili.com/1101164477243457538
2025-09-07 16:54:58,171|line:522| 已有
2025-09-07 16:54:58,171|line:520| https://t.bilibili.com/1109003539878772737
2025-09-07 16:55:01,528|line:527| 官方 或 预约 OUT！
2025-09-07 16:55:01,528|line:520| https://t.bilibili.com/1102303386588413959
2025-09-07 16:55:01,528|line:522| 已有
2025-09-07 16:55:01,529|line:520| https://t.bilibili.com/1108997526918266902
2025-09-07 16:55:03,966|line:527| 官方 或 预约 OUT！
2025-09-07 16:55:03,966|line:520| https://t.bilibili.com/1104956972058279941
2025-09-07 16:55:03,966|line:522| 已有
2025-09-07 16:55:03,967|line:520| https://t.bilibili.com/1107484998358794248
2025-09-07 16:55:03,967|line:522| 已有
2025-09-07 16:55:03,967|line:520| https://t.bilibili.com/1108616960651821057
2025-09-07 16:55:03,967|line:522| 已有
2025-09-07 16:55:03,967|line:520| https://t.bilibili.com/1107476240951934980
2025-09-07 16:55:07,212|line:342| =========此为源动态=========
2025-09-07 16:55:08,568|line:363| *********子动态开始*********
2025-09-07 16:55:08,569|line:382| *********子动态结束*********
2025-09-07 16:55:08,569|line:538| -=-=-=-=处理回最初的动态-=-=-=-=
2025-09-07 16:55:17,707|line:476| 转发成功 1109930002983419922
2025-09-07 16:55:21,052|line:495| 评论发送成功
2025-09-07 16:55:23,370|line:425| 108766164 === 已经关注了
2025-09-07 16:55:26,714|line:504| 动态-点赞 0
2025-09-07 16:55:27,714|line:520| https://t.bilibili.com/1109088528726228995
2025-09-07 16:55:30,963|line:527| 官方 或 预约 OUT！
2025-09-07 16:55:30,963|line:520| https://t.bilibili.com/1109359141739036672
2025-09-07 16:55:34,318|line:527| 官方 或 预约 OUT！
2025-09-07 16:55:34,318|line:520| https://t.bilibili.com/1109091178680156160
2025-09-07 16:55:37,555|line:527| 官方 或 预约 OUT！
2025-09-07 16:55:37,556|line:520| https://t.bilibili.com/1104949292608520197
2025-09-07 16:55:40,914|line:337| =========此为子动态=========
2025-09-07 16:55:43,358|line:401| *************原动态已存在***************
2025-09-07 16:55:45,814|line:363| *********子动态开始*********
2025-09-07 16:56:04,918|line:476| 转发成功 1109930204869951489
2025-09-07 16:56:08,375|line:495| 评论发送成功
2025-09-07 16:56:15,018|line:425| 493230543 === 已经关注了
2025-09-07 16:56:15,019|line:377| ----完成一个子动态----
2025-09-07 16:56:15,019|line:382| *********子动态结束*********
2025-09-07 16:56:15,019|line:538| -=-=-=-=处理回最初的动态-=-=-=-=
2025-09-07 16:56:23,218|line:476| 转发成功 1109930286480621574
2025-09-07 16:56:26,645|line:495| 评论发送成功
2025-09-07 16:56:27,964|line:425| 631208134 === 已经关注了
2025-09-07 16:56:31,243|line:504| 动态-点赞 0
2025-09-07 16:56:32,243|line:520| https://t.bilibili.com/1104893393612308489
2025-09-07 16:56:32,244|line:522| 已有
2025-09-07 16:56:32,244|line:520| https://t.bilibili.com/1103769194555506691
2025-09-07 16:56:32,244|line:522| 已有
2025-09-07 16:56:32,244|line:520| https://t.bilibili.com/1108672419370893315
2025-09-07 16:56:32,244|line:522| 已有
2025-09-07 16:56:32,244|line:520| https://t.bilibili.com/1108716077713457158
2025-09-07 16:56:34,507|line:527| 官方 或 预约 OUT！
2025-09-07 16:56:34,507|line:520| https://t.bilibili.com/1102649174457843718
2025-09-07 16:56:34,507|line:522| 已有
2025-09-07 16:56:34,508|line:520| https://t.bilibili.com/1101294305556824082
2025-09-07 16:56:34,508|line:522| 已有
2025-09-07 16:56:34,508|line:553| 执行结束
2025-09-07 16:56:34,508|line:559| ==================================================2025-09-08 00:56==================================================
2025-09-07 16:56:34,508|line:233| processing article 42961629
2025-09-07 16:56:38,880|line:508| ==================================================2025-09-08 00:56==================================================
2025-09-07 16:56:38,880|line:520| https://t.bilibili.com/1109073126978748553
2025-09-07 16:56:38,881|line:522| 已有
2025-09-07 16:56:38,881|line:520| https://t.bilibili.com/1109006151263977474
2025-09-07 16:56:43,127|line:527| 官方 或 预约 OUT！
2025-09-07 16:56:43,127|line:520| https://t.bilibili.com/1109119422382997526
2025-09-07 16:56:44,364|line:337| =========此为子动态=========
2025-09-07 16:56:47,685|line:388| *************原动态处理开始***************
2025-09-07 16:56:54,376|line:476| 转发成功 1109930419579518978
2025-09-07 16:56:57,786|line:495| 评论发送成功
2025-09-07 16:57:02,235|line:425| 49648241 === 已经关注了
2025-09-07 16:57:05,594|line:504| 动态-点赞 0
2025-09-07 16:57:05,594|line:397| *************原动态处理完成***************
2025-09-07 16:57:10,270|line:363| *********子动态开始*********
2025-09-07 16:57:18,214|line:476| 转发成功 1109930522717454338
2025-09-07 16:57:21,673|line:495| 评论发送成功
2025-09-07 16:57:27,222|line:425| 49648241 === 已经关注了
2025-09-07 16:57:27,222|line:377| ----完成一个子动态----
2025-09-07 16:57:27,223|line:382| *********子动态结束*********
2025-09-07 16:57:28,224|line:520| https://t.bilibili.com/1109517479992885255
2025-09-07 16:57:30,461|line:342| =========此为源动态=========
2025-09-07 16:57:34,902|line:363| *********子动态开始*********
2025-09-07 16:57:34,902|line:382| *********子动态结束*********
2025-09-07 16:57:34,902|line:538| -=-=-=-=处理回最初的动态-=-=-=-=
2025-09-07 16:57:44,853|line:476| 转发成功 1109930634347806723
2025-09-07 16:57:48,191|line:495| 评论发送成功
2025-09-07 16:57:49,548|line:425| 5806214 === 已经关注了
2025-09-07 16:57:52,808|line:504| 动态-点赞 0
2025-09-07 16:57:55,808|line:520| https://t.bilibili.com/1109070773298921544
2025-09-07 16:57:57,160|line:342| =========此为源动态=========
2025-09-07 16:57:59,933|line:363| *********子动态开始*********
2025-09-07 16:57:59,934|line:382| *********子动态结束*********
2025-09-07 16:57:59,934|line:538| -=-=-=-=处理回最初的动态-=-=-=-=
2025-09-07 16:58:10,257|line:476| 转发成功 1109930746052608001
2025-09-07 16:58:13,712|line:495| 评论发送成功
2025-09-07 16:58:18,449|line:437| 关注 ==== 1069950297 0
2025-09-07 16:58:21,711|line:504| 动态-点赞 0
2025-09-07 16:58:23,711|line:520| https://t.bilibili.com/1109772506541064199
2025-09-07 16:58:27,964|line:527| 官方 或 预约 OUT！
2025-09-07 16:58:27,964|line:520| https://t.bilibili.com/1109502378882629653
2025-09-07 16:58:32,209|line:342| =========此为源动态=========
2025-09-07 16:58:33,486|line:363| *********子动态开始*********
2025-09-07 16:58:33,487|line:382| *********子动态结束*********
2025-09-07 16:58:33,487|line:538| -=-=-=-=处理回最初的动态-=-=-=-=
2025-09-07 16:58:41,686|line:476| 转发成功 1109930879178768418
2025-09-07 16:58:45,129|line:495| 评论发送成功
2025-09-07 16:58:46,460|line:425| 100680137 === 已经关注了
2025-09-07 16:58:49,735|line:504| 动态-点赞 0
2025-09-07 16:58:51,735|line:520| https://t.bilibili.com/1108247896241733632
2025-09-07 16:58:53,091|line:527| 官方 或 预约 OUT！
2025-09-07 16:58:53,091|line:520| https://t.bilibili.com/1109730216174944262
2025-09-07 16:58:57,332|line:342| =========此为源动态=========
2025-09-07 16:59:01,800|line:363| *********子动态开始*********
2025-09-07 16:59:01,801|line:382| *********子动态结束*********
2025-09-07 16:59:01,801|line:538| -=-=-=-=处理回最初的动态-=-=-=-=
2025-09-07 16:59:10,887|line:476| 转发成功 1109931003744354325
2025-09-07 16:59:14,263|line:495| 评论发送成功
2025-09-07 16:59:17,596|line:425| 3494354823940360 === 已经关注了
2025-09-07 16:59:21,007|line:504| 动态-点赞 0
2025-09-07 16:59:22,007|line:520| https://t.bilibili.com/1109111740871737363
2025-09-07 16:59:23,250|line:342| =========此为源动态=========
2025-09-07 16:59:26,643|line:363| *********子动态开始*********
2025-09-07 16:59:26,643|line:382| *********子动态结束*********
2025-09-07 16:59:26,643|line:538| -=-=-=-=处理回最初的动态-=-=-=-=
2025-09-07 16:59:35,782|line:476| 转发成功 1109931111125876738
2025-09-07 16:59:39,237|line:495| 评论发送成功
2025-09-07 16:59:43,549|line:425| 47994846 === 已经关注了
2025-09-07 16:59:46,823|line:504| 动态-点赞 0
2025-09-07 16:59:48,823|line:520| https://t.bilibili.com/1109106477356810277
2025-09-07 16:59:48,824|line:522| 已有
2025-09-07 16:59:48,824|line:520| https://t.bilibili.com/1109019049028747271
2025-09-07 16:59:50,179|line:527| 官方 或 预约 OUT！
2025-09-07 16:59:50,180|line:520| https://t.bilibili.com/1109765943857250322
2025-09-07 16:59:54,434|line:342| =========此为源动态=========
2025-09-07 16:59:56,721|line:363| *********子动态开始*********
2025-09-07 17:00:06,845|line:476| 转发成功 1109931244270911509
2025-09-07 17:00:10,190|line:495| 评论发送成功
2025-09-07 17:00:20,395|line:437| 关注 ==== 3546624963906339 0
2025-09-07 17:00:20,395|line:377| ----完成一个子动态----
2025-09-07 17:00:20,395|line:382| *********子动态结束*********
2025-09-07 17:00:20,395|line:538| -=-=-=-=处理回最初的动态-=-=-=-=
2025-09-07 17:00:28,475|line:476| 转发成功 1109931338700423172
2025-09-07 17:00:31,819|line:495| 评论发送成功
2025-09-07 17:00:36,156|line:425| 22492980 === 已经关注了
2025-09-07 17:00:39,415|line:504| 动态-点赞 0
2025-09-07 17:00:41,416|line:520| https://t.bilibili.com/1109036877411778584
2025-09-07 17:00:42,770|line:527| 官方 或 预约 OUT！
2025-09-07 17:00:42,770|line:520| https://t.bilibili.com/1109018969550880771
2025-09-07 17:00:45,336|line:342| =========此为源动态=========
2025-09-07 17:00:49,600|line:363| *********子动态开始*********
2025-09-07 17:00:49,600|line:382| *********子动态结束*********
2025-09-07 17:00:49,600|line:538| -=-=-=-=处理回最初的动态-=-=-=-=
2025-09-07 17:00:58,768|line:476| 转发成功 1109931467597676547
2025-09-07 17:01:02,337|line:495| 评论发送成功
2025-09-07 17:01:06,654|line:425| 456114439 === 已经关注了
2025-09-07 17:01:10,039|line:504| 动态-点赞 0
2025-09-07 17:01:14,040|line:520| https://t.bilibili.com/1109776601771409414
2025-09-07 17:01:16,282|line:342| =========此为源动态=========
2025-09-07 17:01:20,906|line:363| *********子动态开始*********
2025-09-07 17:01:20,907|line:382| *********子动态结束*********
2025-09-07 17:01:20,907|line:538| -=-=-=-=处理回最初的动态-=-=-=-=
2025-09-07 17:01:32,888|line:476| 转发成功 1109931613637050409
2025-09-07 17:01:36,247|line:495| 评论发送成功
2025-09-07 17:01:38,672|line:425| 701059628 === 已经关注了
2025-09-07 17:01:41,954|line:504| 动态-点赞 0
2025-09-07 17:01:45,954|line:520| https://t.bilibili.com/1109122527676858373
2025-09-07 17:01:47,425|line:527| 官方 或 预约 OUT！
2025-09-07 17:01:47,425|line:520| https://t.bilibili.com/1109761139885998089
2025-09-07 17:01:50,663|line:342| =========此为源动态=========
2025-09-07 17:01:53,930|line:363| *********子动态开始*********
2025-09-07 17:01:53,930|line:382| *********子动态结束*********
2025-09-07 17:01:53,930|line:538| -=-=-=-=处理回最初的动态-=-=-=-=
2025-09-07 17:02:02,119|line:476| 转发成功 1109931742451466240
2025-09-07 17:02:05,568|line:495| 评论发送成功
2025-09-07 17:02:09,956|line:425| 35365327 === 已经关注了
2025-09-07 17:02:13,228|line:504| 动态-点赞 0
2025-09-07 17:02:14,228|line:520| https://t.bilibili.com/1109155474364694532
2025-09-07 17:02:15,535|line:527| 官方 或 预约 OUT！
2025-09-07 17:02:15,535|line:520| https://t.bilibili.com/1109452065460977668
2025-09-07 17:02:19,836|line:527| 官方 或 预约 OUT！
2025-09-07 17:02:19,837|line:520| https://t.bilibili.com/1107567126748594184
2025-09-07 17:02:23,193|line:527| 官方 或 预约 OUT！
2025-09-07 17:02:23,194|line:520| https://t.bilibili.com/1109782943333613577
2025-09-07 17:02:26,543|line:527| 官方 或 预约 OUT！
2025-09-07 17:02:26,543|line:520| https://t.bilibili.com/1109785443012968487
2025-09-07 17:02:28,009|line:527| 官方 或 预约 OUT！
2025-09-07 17:02:28,009|line:520| https://t.bilibili.com/1109118383054389257
2025-09-07 17:02:31,365|line:337| =========此为子动态=========
2025-09-07 17:02:35,677|line:388| *************原动态处理开始***************
2025-09-07 17:02:43,626|line:476| 转发成功 1109931918541979665
2025-09-07 17:02:46,992|line:495| 评论发送成功
2025-09-07 17:02:51,328|line:425| 49648241 === 已经关注了
2025-09-07 17:02:54,607|line:504| 动态-点赞 0
2025-09-07 17:02:54,608|line:397| *************原动态处理完成***************
2025-09-07 17:02:56,046|line:363| *********子动态开始*********
2025-09-07 17:03:03,123|line:476| 转发成功 1109932004481171458
2025-09-07 17:03:06,645|line:495| 评论发送成功
2025-09-07 17:03:13,361|line:425| 49648241 === 已经关注了
2025-09-07 17:03:13,361|line:377| ----完成一个子动态----
2025-09-07 17:03:13,362|line:382| *********子动态结束*********
2025-09-07 17:03:14,363|line:520| https://t.bilibili.com/1109799279250112517
2025-09-07 17:03:18,665|line:342| =========此为源动态=========
2025-09-07 17:03:21,242|line:363| *********子动态开始*********
2025-09-07 17:03:21,242|line:382| *********子动态结束*********
2025-09-07 17:03:21,242|line:538| -=-=-=-=处理回最初的动态-=-=-=-=
2025-09-07 17:03:29,420|line:476| 转发成功 1109932116086358021
2025-09-07 17:03:32,802|line:495| 评论发送成功
2025-09-07 17:03:36,140|line:425| 340380931 === 已经关注了
2025-09-07 17:03:39,411|line:504| 动态-点赞 0
2025-09-07 17:03:40,411|line:520| https://t.bilibili.com/1109316986580500484
2025-09-07 17:03:44,721|line:342| =========此为源动态=========
2025-09-07 17:03:47,049|line:363| *********子动态开始*********
2025-09-07 17:03:47,050|line:382| *********子动态结束*********
2025-09-07 17:03:47,050|line:538| -=-=-=-=处理回最初的动态-=-=-=-=
2025-09-07 17:03:59,329|line:476| 转发成功 1109932244990951427
2025-09-07 17:04:02,733|line:495| 评论发送成功
2025-09-07 17:04:06,049|line:425| 33009791 === 已经关注了
2025-09-07 17:04:09,320|line:504| 动态-点赞 0
2025-09-07 17:04:12,320|line:520| https://t.bilibili.com/1109010231434674180
2025-09-07 17:04:15,755|line:342| =========此为源动态=========
2025-09-07 17:04:17,210|line:363| *********子动态开始*********
2025-09-07 17:04:17,210|line:382| *********子动态结束*********
2025-09-07 17:04:17,211|line:538| -=-=-=-=处理回最初的动态-=-=-=-=
2025-09-07 17:04:26,421|line:476| 转发成功 1109932360916271104
2025-09-07 17:04:29,762|line:495| 评论发送成功
2025-09-07 17:04:37,503|line:437| 关注 ==== 296842815 0
2025-09-07 17:04:40,778|line:504| 动态-点赞 0
2025-09-07 17:04:42,778|line:520| https://t.bilibili.com/1109746534898991105
2025-09-07 17:04:45,139|line:527| 官方 或 预约 OUT！
2025-09-07 17:04:45,139|line:520| https://t.bilibili.com/1109049893304926211
2025-09-07 17:04:49,685|line:342| =========此为源动态=========
2025-09-07 17:04:52,274|line:363| *********子动态开始*********
2025-09-07 17:04:52,274|line:382| *********子动态结束*********
2025-09-07 17:04:52,275|line:538| -=-=-=-=处理回最初的动态-=-=-=-=
2025-09-07 17:04:59,393|line:476| 转发成功 1109932502695280640
2025-09-07 17:05:02,768|line:495| 评论发送成功
2025-09-07 17:05:08,507|line:437| 关注 ==== 3546391223732410 0
2025-09-07 17:05:11,773|line:504| 动态-点赞 0
2025-09-07 17:05:14,774|line:520| https://t.bilibili.com/1109065355225989140
2025-09-07 17:05:19,129|line:342| =========此为源动态=========
2025-09-07 17:05:22,591|line:363| *********子动态开始*********
2025-09-07 17:05:22,592|line:382| *********子动态结束*********
2025-09-07 17:05:22,592|line:538| -=-=-=-=处理回最初的动态-=-=-=-=
2025-09-07 17:05:32,714|line:476| 转发成功 1109932644422909960
2025-09-07 17:05:36,161|line:495| 评论发送成功
2025-09-07 17:05:40,513|line:425| 489004577 === 已经关注了
2025-09-07 17:05:43,782|line:504| 动态-点赞 0
2025-09-07 17:05:47,782|line:520| https://t.bilibili.com/1109823805635690505
2025-09-07 17:05:51,173|line:527| 官方 或 预约 OUT！
2025-09-07 17:05:51,173|line:520| https://t.bilibili.com/1109049893317509122
2025-09-07 17:05:54,526|line:342| =========此为源动态=========
2025-09-07 17:05:55,810|line:363| *********子动态开始*********
2025-09-07 17:05:55,811|line:382| *********子动态结束*********
2025-09-07 17:05:55,811|line:538| -=-=-=-=处理回最初的动态-=-=-=-=
2025-09-07 17:06:05,292|line:476| 转发成功 1109932786143199250
2025-09-07 17:06:08,628|line:495| 评论发送成功
2025-09-07 17:06:12,990|line:425| 287886755 === 已经关注了
2025-09-07 17:06:16,256|line:504| 动态-点赞 0
2025-09-07 17:06:20,257|line:520| https://t.bilibili.com/1109722238260609058
2025-09-07 17:06:24,511|line:342| =========此为源动态=========
2025-09-07 17:06:25,963|line:363| *********子动态开始*********
2025-09-07 17:06:25,964|line:382| *********子动态结束*********
2025-09-07 17:06:25,964|line:538| -=-=-=-=处理回最初的动态-=-=-=-=
2025-09-07 17:06:37,133|line:476| 转发成功 1109932923580055553
2025-09-07 17:06:40,489|line:495| 评论发送成功
2025-09-07 17:06:48,133|line:437| 关注 ==== 503009672 0
2025-09-07 17:06:51,409|line:504| 动态-点赞 0
2025-09-07 17:06:54,409|line:520| https://t.bilibili.com/1107149179155644417
2025-09-07 17:06:58,784|line:527| 官方 或 预约 OUT！
2025-09-07 17:06:58,785|line:553| 执行结束
2025-09-07 17:06:58,785|line:559| ==================================================2025-09-08 01:06==================================================
2025-09-07 17:06:58,785|line:233| processing article 42959831
2025-09-07 17:07:01,119|line:508| ==================================================2025-09-08 01:07==================================================
2025-09-07 17:07:01,119|line:520| https://t.bilibili.com/1098744701265117189
2025-09-07 17:07:02,474|line:527| 官方 或 预约 OUT！
2025-09-07 17:07:02,474|line:520| https://t.bilibili.com/1105345542044516391
2025-09-07 17:07:05,914|line:527| 官方 或 预约 OUT！
2025-09-07 17:07:05,914|line:520| https://t.bilibili.com/1100210251503763479
2025-09-07 17:07:08,161|line:527| 官方 或 预约 OUT！
2025-09-07 17:07:08,161|line:520| https://t.bilibili.com/1094508197088067588
2025-09-07 17:07:09,414|line:527| 官方 或 预约 OUT！
2025-09-07 17:07:09,414|line:520| https://t.bilibili.com/1108247896241733632
2025-09-07 17:07:14,069|line:527| 官方 或 预约 OUT！
2025-09-07 17:07:14,070|line:520| https://t.bilibili.com/1077448269163921411
2025-09-07 17:07:17,317|line:527| 官方 或 预约 OUT！
2025-09-07 17:07:17,318|line:520| https://t.bilibili.com/1098336735230689281
2025-09-07 17:07:19,871|line:527| 官方 或 预约 OUT！
2025-09-07 17:07:19,872|line:520| https://t.bilibili.com/1109106477356810277
2025-09-07 17:07:19,872|line:522| 已有
2025-09-07 17:07:19,872|line:520| https://t.bilibili.com/1108348179454099460
2025-09-07 17:07:21,221|line:527| 官方 或 预约 OUT！
2025-09-07 17:07:21,222|line:520| https://t.bilibili.com/1105690951906492424
2025-09-07 17:07:25,472|line:527| 官方 或 预约 OUT！
2025-09-07 17:07:25,472|line:520| https://t.bilibili.com/1106742239637274641
2025-09-07 17:07:26,726|line:527| 官方 或 预约 OUT！
2025-09-07 17:07:26,726|line:520| https://t.bilibili.com/1087840114324799538
2025-09-07 17:07:29,974|line:527| 官方 或 预约 OUT！
2025-09-07 17:07:29,975|line:520| https://t.bilibili.com/1106550499396550692
2025-09-07 17:07:31,223|line:527| 官方 或 预约 OUT！
2025-09-07 17:07:31,223|line:520| https://t.bilibili.com/1098696223982878736
2025-09-07 17:07:35,535|line:527| 官方 或 预约 OUT！
2025-09-07 17:07:35,536|line:520| https://t.bilibili.com/1106528010963517442
2025-09-07 17:07:38,774|line:527| 官方 或 预约 OUT！
2025-09-07 17:07:38,775|line:520| https://t.bilibili.com/1109122527676858373
2025-09-07 17:07:40,199|line:527| 官方 或 预约 OUT！
2025-09-07 17:07:40,199|line:520| https://t.bilibili.com/1107567126748594184
2025-09-07 17:07:43,552|line:527| 官方 或 预约 OUT！
2025-09-07 17:07:43,552|line:520| https://t.bilibili.com/1107875359382044690
2025-09-07 17:07:46,805|line:527| 官方 或 预约 OUT！
2025-09-07 17:07:46,806|line:520| https://t.bilibili.com/1107149179155644417
2025-09-07 17:07:49,041|line:527| 官方 或 预约 OUT！
2025-09-07 17:07:49,041|line:553| 执行结束
2025-09-07 17:07:49,042|line:559| ==================================================2025-09-08 01:07==================================================
2025-09-07 17:07:49,042|line:233| processing article 42959797
2025-09-07 17:07:52,370|line:508| ==================================================2025-09-08 01:07==================================================
2025-09-07 17:07:52,370|line:520| https://t.bilibili.com/1098744701265117189
2025-09-07 17:07:56,735|line:527| 官方 或 预约 OUT！
2025-09-07 17:07:56,735|line:520| https://t.bilibili.com/1104535077391433799
2025-09-07 17:08:00,975|line:527| 官方 或 预约 OUT！
2025-09-07 17:08:00,975|line:520| https://t.bilibili.com/1100179057147904006
2025-09-07 17:08:03,211|line:527| 官方 或 预约 OUT！
2025-09-07 17:08:03,212|line:520| https://t.bilibili.com/1105741091306471430
2025-09-07 17:08:07,467|line:527| 官方 或 预约 OUT！
2025-09-07 17:08:07,467|line:520| https://t.bilibili.com/1107177573179195416
2025-09-07 17:08:10,703|line:527| 官方 或 预约 OUT！
2025-09-07 17:08:10,704|line:520| https://t.bilibili.com/1105345542044516391
2025-09-07 17:08:12,057|line:527| 官方 或 预约 OUT！
2025-09-07 17:08:12,057|line:520| https://t.bilibili.com/1107503707246821392
2025-09-07 17:08:16,322|line:527| 官方 或 预约 OUT！
2025-09-07 17:08:16,323|line:520| https://t.bilibili.com/1109038973361061896
2025-09-07 17:08:19,558|line:527| 官方 或 预约 OUT！
2025-09-07 17:08:19,558|line:520| https://t.bilibili.com/1107874809574850568
2025-09-07 17:08:20,809|line:527| 官方 或 预约 OUT！
2025-09-07 17:08:20,809|line:520| https://t.bilibili.com/1106112150738305074
2025-09-07 17:08:25,056|line:527| 官方 或 预约 OUT！
2025-09-07 17:08:25,057|line:520| https://t.bilibili.com/1100210251503763479
2025-09-07 17:08:28,303|line:527| 官方 或 预约 OUT！
2025-09-07 17:08:28,303|line:520| https://t.bilibili.com/1107149179155644417
2025-09-07 17:08:29,539|line:527| 官方 或 预约 OUT！
2025-09-07 17:08:29,539|line:520| https://t.bilibili.com/1108717516562104327
2025-09-07 17:08:32,122|line:527| 官方 或 预约 OUT！
2025-09-07 17:08:32,123|line:520| https://t.bilibili.com/1105372544469303329
2025-09-07 17:08:34,505|line:527| 官方 或 预约 OUT！
2025-09-07 17:08:34,505|line:520| https://t.bilibili.com/1108351817288253459
2025-09-07 17:08:38,864|line:527| 官方 或 预约 OUT！
2025-09-07 17:08:38,865|line:520| https://t.bilibili.com/1107565945635733508
2025-09-07 17:08:42,179|line:527| 官方 或 预约 OUT！
2025-09-07 17:08:42,179|line:520| https://t.bilibili.com/1108601569607155714
2025-09-07 17:08:45,422|line:527| 官方 或 预约 OUT！
2025-09-07 17:08:45,422|line:520| https://t.bilibili.com/1094508197088067588
2025-09-07 17:08:49,681|line:527| 官方 或 预约 OUT！
2025-09-07 17:08:49,681|line:520| https://t.bilibili.com/1108622314324361224
2025-09-07 17:08:51,925|line:527| 官方 或 预约 OUT！
2025-09-07 17:08:51,925|line:520| https://t.bilibili.com/1098601880700846084
2025-09-07 17:08:53,281|line:527| 官方 或 预约 OUT！
2025-09-07 17:08:53,281|line:520| https://t.bilibili.com/1108247896241733632
2025-09-07 17:08:56,512|line:527| 官方 或 预约 OUT！
2025-09-07 17:08:56,512|line:520| https://t.bilibili.com/1109082266662862864
2025-09-07 17:08:58,867|line:527| 官方 或 预约 OUT！
2025-09-07 17:08:58,867|line:520| https://t.bilibili.com/1106085109605335047
2025-09-07 17:09:00,104|line:527| 官方 或 预约 OUT！
2025-09-07 17:09:00,104|line:520| https://t.bilibili.com/1077448269163921411
2025-09-07 17:09:02,337|line:527| 官方 或 预约 OUT！
2025-09-07 17:09:02,338|line:520| https://t.bilibili.com/1105648281406406736
2025-09-07 17:09:06,617|line:527| 官方 或 预约 OUT！
2025-09-07 17:09:06,618|line:520| https://t.bilibili.com/1107508882708627475
2025-09-07 17:09:10,852|line:527| 官方 或 预约 OUT！
2025-09-07 17:09:10,853|line:520| https://t.bilibili.com/1109106477356810277
2025-09-07 17:09:10,853|line:522| 已有
2025-09-07 17:09:10,853|line:520| https://t.bilibili.com/1098336735230689281
2025-09-07 17:09:15,095|line:527| 官方 或 预约 OUT！
2025-09-07 17:09:15,095|line:520| https://t.bilibili.com/1101187060160528418
2025-09-07 17:09:16,525|line:527| 官方 或 预约 OUT！
2025-09-07 17:09:16,525|line:520| https://t.bilibili.com/1108348179454099460
2025-09-07 17:09:17,760|line:527| 官方 或 预约 OUT！
2025-09-07 17:09:17,760|line:520| https://t.bilibili.com/1105690951906492424
2025-09-07 17:09:19,118|line:527| 官方 或 预约 OUT！
2025-09-07 17:09:19,119|line:520| https://t.bilibili.com/1106742239637274641
2025-09-07 17:09:22,361|line:527| 官方 或 预约 OUT！
2025-09-07 17:09:22,362|line:520| https://t.bilibili.com/1108988215442800664
2025-09-07 17:09:24,610|line:527| 官方 或 预约 OUT！
2025-09-07 17:09:24,611|line:520| https://t.bilibili.com/1087840114324799538
2025-09-07 17:09:28,887|line:527| 官方 或 预约 OUT！
2025-09-07 17:09:28,887|line:520| https://t.bilibili.com/1106483240230715477
2025-09-07 17:09:30,135|line:527| 官方 或 预约 OUT！
2025-09-07 17:09:30,135|line:520| https://t.bilibili.com/1107874805328117795
2025-09-07 17:09:34,603|line:527| 官方 或 预约 OUT！
2025-09-07 17:09:34,604|line:520| https://t.bilibili.com/1106550499396550692
2025-09-07 17:09:36,845|line:527| 官方 或 预约 OUT！
2025-09-07 17:09:36,845|line:520| https://t.bilibili.com/1107550466577793025
2025-09-07 17:09:41,202|line:527| 官方 或 预约 OUT！
2025-09-07 17:09:41,203|line:520| https://t.bilibili.com/1098696223982878736
2025-09-07 17:09:43,489|line:527| 官方 或 预约 OUT！
2025-09-07 17:09:43,489|line:520| https://t.bilibili.com/1109730299892203553
2025-09-07 17:09:44,750|line:527| 官方 或 预约 OUT！
2025-09-07 17:09:44,751|line:520| https://t.bilibili.com/1106528010963517442
2025-09-07 17:09:48,993|line:527| 官方 或 预约 OUT！
2025-09-07 17:09:48,993|line:520| https://t.bilibili.com/1109122527676858373
2025-09-07 17:09:51,242|line:527| 官方 或 预约 OUT！
2025-09-07 17:09:51,242|line:520| https://t.bilibili.com/1099687858884575234
2025-09-07 17:09:53,491|line:527| 官方 或 预约 OUT！
2025-09-07 17:09:53,491|line:520| https://t.bilibili.com/1104163902024843272
2025-09-07 17:09:54,743|line:527| 官方 或 预约 OUT！
2025-09-07 17:09:54,743|line:520| https://t.bilibili.com/1107567126748594184
2025-09-07 17:09:57,091|line:527| 官方 或 预约 OUT！
2025-09-07 17:09:57,091|line:520| https://t.bilibili.com/1106126800850780200
2025-09-07 17:10:01,341|line:527| 官方 或 预约 OUT！
2025-09-07 17:10:01,341|line:520| https://t.bilibili.com/1107875359382044690
2025-09-07 17:10:04,600|line:527| 官方 或 预约 OUT！
2025-09-07 17:10:04,600|line:520| https://t.bilibili.com/1107503758812643332
2025-09-07 17:10:07,873|line:527| 官方 或 预约 OUT！
2025-09-07 17:10:07,873|line:520| https://t.bilibili.com/1109029717734850561
2025-09-07 17:10:11,125|line:527| 官方 或 预约 OUT！
2025-09-07 17:10:11,125|line:520| https://t.bilibili.com/1103159700024721410
2025-09-07 17:10:11,125|line:522| 已有
2025-09-07 17:10:11,126|line:520| https://t.bilibili.com/1106760385842642950
2025-09-07 17:10:12,482|line:527| 官方 或 预约 OUT！
2025-09-07 17:10:12,482|line:520| https://t.bilibili.com/1108988339983220741
2025-09-07 17:10:16,734|line:527| 官方 或 预约 OUT！
2025-09-07 17:10:16,734|line:520| https://t.bilibili.com/1104913841950556177
2025-09-07 17:10:20,054|line:527| 官方 或 预约 OUT！
2025-09-07 17:10:20,055|line:520| https://t.bilibili.com/1104676922993934344
2025-09-07 17:10:23,290|line:527| 官方 或 预约 OUT！
2025-09-07 17:10:23,290|line:520| https://t.bilibili.com/1108703429063081989
2025-09-07 17:10:25,719|line:527| 官方 或 预约 OUT！
2025-09-07 17:10:25,719|line:520| https://t.bilibili.com/1106822392301223968
2025-09-07 17:10:29,965|line:527| 官方 或 预约 OUT！
2025-09-07 17:10:29,966|line:520| https://t.bilibili.com/1103781250506686470
2025-09-07 17:10:33,216|line:527| 官方 或 预约 OUT！
2025-09-07 17:10:33,216|line:520| https://t.bilibili.com/1103171841912995860
2025-09-07 17:10:35,471|line:527| 官方 或 预约 OUT！
2025-09-07 17:10:35,471|line:520| https://t.bilibili.com/1109607674302955528
2025-09-07 17:10:37,710|line:527| 官方 或 预约 OUT！
2025-09-07 17:10:37,710|line:520| https://t.bilibili.com/1105648281388580867
2025-09-07 17:10:38,969|line:527| 官方 或 预约 OUT！
2025-09-07 17:10:38,969|line:520| https://t.bilibili.com/1098698813817749512
2025-09-07 17:10:41,218|line:527| 官方 或 预约 OUT！
2025-09-07 17:10:41,218|line:520| https://t.bilibili.com/1108709738332291097
2025-09-07 17:10:42,573|line:527| 官方 或 预约 OUT！
2025-09-07 17:10:42,573|line:520| https://t.bilibili.com/1104906317206650898
2025-09-07 17:10:44,818|line:527| 官方 或 预约 OUT！
2025-09-07 17:10:44,818|line:520| https://t.bilibili.com/1105370577401544728
2025-09-07 17:10:47,054|line:527| 官方 或 预约 OUT！
2025-09-07 17:10:47,055|line:520| https://t.bilibili.com/1106120714910433283
2025-09-07 17:10:50,407|line:527| 官方 或 预约 OUT！
2025-09-07 17:10:50,407|line:520| https://t.bilibili.com/1107458060326010881
2025-09-07 17:10:54,658|line:527| 官方 或 预约 OUT！
2025-09-07 17:10:54,659|line:553| 执行结束
2025-09-07 17:10:54,659|line:559| ==================================================2025-09-08 01:10==================================================
2025-09-07 17:10:54,659|line:233| processing article 42954719
2025-09-07 17:10:57,031|line:508| ==================================================2025-09-08 01:10==================================================
2025-09-07 17:10:57,031|line:520| https://t.bilibili.com/1088179867698069528
2025-09-07 17:10:59,278|line:342| =========此为源动态=========
2025-09-07 17:11:01,734|line:363| *********子动态开始*********
2025-09-07 17:11:01,735|line:382| *********子动态结束*********
2025-09-07 17:11:01,735|line:538| -=-=-=-=处理回最初的动态-=-=-=-=
2025-09-07 17:11:09,862|line:476| 转发成功 1109934091774459910
2025-09-07 17:11:13,197|line:495| 评论发送成功
2025-09-07 17:11:19,807|line:437| 关注 ==== 1879281116 0
2025-09-07 17:11:23,189|line:504| 动态-点赞 0
2025-09-07 17:11:26,190|line:520| https://t.bilibili.com/1103019759274819625
2025-09-07 17:11:26,190|line:522| 已有
2025-09-07 17:11:26,190|line:520| https://t.bilibili.com/1103843299905503232
2025-09-07 17:11:26,190|line:522| 已有
2025-09-07 17:11:26,191|line:520| https://t.bilibili.com/1104981758261067797
2025-09-07 17:11:26,191|line:522| 已有
2025-09-07 17:11:26,191|line:520| https://t.bilibili.com/1107666054842155015
2025-09-07 17:11:26,191|line:522| 已有
2025-09-07 17:11:26,191|line:520| https://t.bilibili.com/1108247896241733632
2025-09-07 17:11:30,430|line:527| 官方 或 预约 OUT！
2025-09-07 17:11:30,430|line:520| https://t.bilibili.com/1104618043300904996
2025-09-07 17:11:31,680|line:527| 官方 或 预约 OUT！
2025-09-07 17:11:31,680|line:520| https://t.bilibili.com/1106851748420517890
2025-09-07 17:11:31,681|line:522| 已有
2025-09-07 17:11:31,681|line:520| https://t.bilibili.com/1108235655591231528
2025-09-07 17:11:31,681|line:522| 已有
2025-09-07 17:11:31,681|line:520| https://t.bilibili.com/1107971996151447572
2025-09-07 17:11:31,681|line:522| 已有
2025-09-07 17:11:31,681|line:520| https://t.bilibili.com/1099679208828829699
2025-09-07 17:11:31,681|line:522| 已有
2025-09-07 17:11:31,681|line:520| https://t.bilibili.com/1099071629867089945
2025-09-07 17:11:33,030|line:527| 官方 或 预约 OUT！
2025-09-07 17:11:33,030|line:520| https://t.bilibili.com/1103448085589131321
2025-09-07 17:11:33,030|line:522| 已有
2025-09-07 17:11:33,030|line:520| https://t.bilibili.com/1104930824243904529
2025-09-07 17:11:33,030|line:522| 已有
2025-09-07 17:11:33,030|line:520| https://t.bilibili.com/1105632359907065865
2025-09-07 17:11:33,030|line:522| 已有
2025-09-07 17:11:33,031|line:520| https://t.bilibili.com/1108413755013726216
2025-09-07 17:11:33,031|line:522| 已有
2025-09-07 17:11:33,031|line:520| https://t.bilibili.com/1103843939828367365
2025-09-07 17:11:33,031|line:522| 已有
2025-09-07 17:11:33,031|line:520| https://t.bilibili.com/1103499187119456265
2025-09-07 17:11:33,031|line:522| 已有
2025-09-07 17:11:33,031|line:520| https://t.bilibili.com/1100208460495060994
2025-09-07 17:11:33,031|line:522| 已有
2025-09-07 17:11:33,031|line:520| https://t.bilibili.com/1106003902524817411
2025-09-07 17:11:33,031|line:522| 已有
2025-09-07 17:11:33,032|line:520| https://t.bilibili.com/1107959572922892329
2025-09-07 17:11:34,382|line:342| =========此为源动态=========
2025-09-07 17:11:38,872|line:363| *********子动态开始*********
2025-09-07 17:11:38,872|line:382| *********子动态结束*********
2025-09-07 17:11:38,872|line:538| -=-=-=-=处理回最初的动态-=-=-=-=
2025-09-07 17:11:46,949|line:476| 转发成功 1109934250727047171
2025-09-07 17:11:50,284|line:495| 评论发送成功
2025-09-07 17:11:52,632|line:425| 3493122310933354 === 已经关注了
2025-09-07 17:11:55,900|line:504| 动态-点赞 0
2025-09-07 17:11:56,901|line:520| https://t.bilibili.com/1105274309966823462
2025-09-07 17:11:56,901|line:522| 已有
2025-09-07 17:11:56,901|line:520| https://t.bilibili.com/1104976432513155097
2025-09-07 17:12:00,256|line:342| =========此为源动态=========
2025-09-07 17:12:02,723|line:363| *********子动态开始*********
2025-09-07 17:12:02,724|line:382| *********子动态结束*********
2025-09-07 17:12:02,724|line:538| -=-=-=-=处理回最初的动态-=-=-=-=
2025-09-07 17:12:10,850|line:476| 转发成功 1109934353824088068
2025-09-07 17:12:14,304|line:495| 评论发送成功
2025-09-07 17:12:19,092|line:437| 关注 ==== 1100547244 0
2025-09-07 17:12:22,365|line:504| 动态-点赞 0
2025-09-07 17:12:25,366|line:520| https://t.bilibili.com/1103876465612554242
2025-09-07 17:12:25,366|line:522| 已有
2025-09-07 17:12:25,366|line:520| https://t.bilibili.com/1109328207228698625
2025-09-07 17:12:25,366|line:522| 已有
2025-09-07 17:12:25,366|line:520| https://t.bilibili.com/1100207558565560326
2025-09-07 17:12:25,367|line:522| 已有
2025-09-07 17:12:25,367|line:520| https://t.bilibili.com/1104873245951131648
2025-09-07 17:12:25,367|line:522| 已有
2025-09-07 17:12:25,367|line:520| https://t.bilibili.com/1106129184594329624
2025-09-07 17:12:25,367|line:522| 已有
2025-09-07 17:12:25,367|line:520| https://t.bilibili.com/1107929626289635335
2025-09-07 17:12:28,791|line:527| 官方 或 预约 OUT！
2025-09-07 17:12:28,792|line:520| https://t.bilibili.com/1104906119626620952
2025-09-07 17:12:28,792|line:522| 已有
2025-09-07 17:12:28,792|line:520| https://t.bilibili.com/1100122389325283351
2025-09-07 17:12:28,792|line:522| 已有
2025-09-07 17:12:28,792|line:520| https://t.bilibili.com/1106927764993212425
2025-09-07 17:12:28,792|line:522| 已有
2025-09-07 17:12:28,792|line:520| https://t.bilibili.com/1107484998358794248
2025-09-07 17:12:28,792|line:522| 已有
2025-09-07 17:12:28,792|line:520| https://t.bilibili.com/1105622567397359623
2025-09-07 17:12:28,793|line:522| 已有
2025-09-07 17:12:28,793|line:520| https://t.bilibili.com/1106333122526445569
2025-09-07 17:12:28,793|line:522| 已有
2025-09-07 17:12:28,793|line:520| https://t.bilibili.com/1108694270067343360
2025-09-07 17:12:28,793|line:522| 已有
2025-09-07 17:12:28,793|line:520| https://t.bilibili.com/1104893393612308489
2025-09-07 17:12:28,793|line:522| 已有
2025-09-07 17:12:28,793|line:520| https://t.bilibili.com/1107149179155644417
2025-09-07 17:12:30,046|line:527| 官方 或 预约 OUT！
2025-09-07 17:12:30,046|line:520| https://t.bilibili.com/1107673444333387813
2025-09-07 17:12:30,046|line:522| 已有
2025-09-07 17:12:30,046|line:520| https://t.bilibili.com/1104937421362954276
2025-09-07 17:12:30,046|line:522| 已有
2025-09-07 17:12:30,046|line:520| https://t.bilibili.com/1107605094244810754
2025-09-07 17:12:30,047|line:522| 已有
2025-09-07 17:12:30,047|line:520| https://t.bilibili.com/1098595876370120742
2025-09-07 17:12:34,298|line:342| =========此为源动态=========
2025-09-07 17:12:38,592|line:363| *********子动态开始*********
2025-09-07 17:12:38,592|line:382| *********子动态结束*********
2025-09-07 17:12:38,592|line:538| -=-=-=-=处理回最初的动态-=-=-=-=
2025-09-07 17:12:46,694|line:476| 转发成功 1109934508391530505
2025-09-07 17:12:50,032|line:495| 评论发送成功
2025-09-07 17:12:51,371|line:425| 270695025 === 已经关注了
2025-09-07 17:12:54,749|line:504| 动态-点赞 0
2025-09-07 17:12:57,750|line:520| https://t.bilibili.com/1106121088552665126
2025-09-07 17:13:01,985|line:527| 官方 或 预约 OUT！
2025-09-07 17:13:01,985|line:520| https://t.bilibili.com/1102756907235409945
2025-09-07 17:13:05,223|line:342| =========此为源动态=========
2025-09-07 17:13:07,696|line:363| *********子动态开始*********
2025-09-07 17:13:07,696|line:382| *********子动态结束*********
2025-09-07 17:13:07,697|line:538| -=-=-=-=处理回最初的动态-=-=-=-=
2025-09-07 17:13:16,936|line:476| 转发成功 1109934637259423753
2025-09-07 17:13:20,286|line:495| 评论发送成功
2025-09-07 17:13:24,609|line:425| 1601764239 === 已经关注了
2025-09-07 17:13:27,884|line:504| 动态-点赞 0
2025-09-07 17:13:31,885|line:520| https://t.bilibili.com/1105260866732818453
2025-09-07 17:13:31,885|line:522| 已有
2025-09-07 17:13:31,885|line:520| https://t.bilibili.com/1099744226040610822
2025-09-07 17:13:31,885|line:522| 已有
2025-09-07 17:13:31,885|line:520| https://t.bilibili.com/1099766190548451330
2025-09-07 17:13:35,135|line:527| 官方 或 预约 OUT！
2025-09-07 17:13:35,135|line:520| https://t.bilibili.com/1104872271010332675
2025-09-07 17:13:35,135|line:522| 已有
2025-09-07 17:13:35,136|line:520| https://t.bilibili.com/1104871076975869985
2025-09-07 17:13:35,136|line:522| 已有
2025-09-07 17:13:35,136|line:520| https://t.bilibili.com/1100875748064886805
2025-09-07 17:13:36,556|line:527| 官方 或 预约 OUT！
2025-09-07 17:13:36,557|line:520| https://t.bilibili.com/1103874060470714368
2025-09-07 17:13:36,557|line:522| 已有
2025-09-07 17:13:36,557|line:520| https://t.bilibili.com/1099677774301364257
2025-09-07 17:13:40,996|line:347| 'NoneType' object has no attribute 'get'
2025-09-07 17:13:40,996|line:348| error line:329
2025-09-07 17:13:40,996|line:534| *#*#*#*#*#*#*#*#*#*原动态处理失败*#*#*#*#*#*#*#*#*#
2025-09-07 17:13:40,996|line:520| https://t.bilibili.com/1109106477356810277
2025-09-07 17:13:40,997|line:522| 已有
2025-09-07 17:13:40,997|line:520| https://t.bilibili.com/1100050190907211783
2025-09-07 17:13:40,997|line:522| 已有
2025-09-07 17:13:40,997|line:520| https://t.bilibili.com/1099044133500092422
2025-09-07 17:13:45,314|line:527| 官方 或 预约 OUT！
2025-09-07 17:13:45,315|line:520| https://t.bilibili.com/1107291342564753412
2025-09-07 17:13:45,315|line:522| 已有
2025-09-07 17:13:45,315|line:520| https://t.bilibili.com/1100051883124326416
2025-09-07 17:13:49,557|line:527| 官方 或 预约 OUT！
2025-09-07 17:13:49,558|line:520| https://t.bilibili.com/1106436835239788579
2025-09-07 17:13:51,988|line:342| =========此为源动态=========
2025-09-07 17:13:54,455|line:363| *********子动态开始*********
2025-09-07 17:13:54,456|line:382| *********子动态结束*********
2025-09-07 17:13:54,456|line:538| -=-=-=-=处理回最初的动态-=-=-=-=
2025-09-07 17:14:02,514|line:476| 转发成功 1109934834830016520
2025-09-07 17:14:05,831|line:495| 评论发送成功
2025-09-07 17:14:09,153|line:425| 621089888 === 已经关注了
2025-09-07 17:14:12,502|line:504| 动态-点赞 0
2025-09-07 17:14:13,503|line:520| https://t.bilibili.com/1099674514418040855
2025-09-07 17:14:13,503|line:522| 已有
2025-09-07 17:14:13,503|line:520| https://t.bilibili.com/1103930839927881728
2025-09-07 17:14:13,504|line:522| 已有
2025-09-07 17:14:13,504|line:520| https://t.bilibili.com/1099710952946794500
2025-09-07 17:14:13,504|line:522| 已有
2025-09-07 17:14:13,504|line:520| https://t.bilibili.com/1099674827961139200
2025-09-07 17:14:13,504|line:522| 已有
2025-09-07 17:14:13,504|line:520| https://t.bilibili.com/1106380680702459911
2025-09-07 17:14:13,504|line:522| 已有
2025-09-07 17:14:13,504|line:520| https://t.bilibili.com/1103832188828254212
2025-09-07 17:14:13,504|line:522| 已有
2025-09-07 17:14:13,505|line:520| https://t.bilibili.com/1098674970296320005
2025-09-07 17:14:13,505|line:522| 已有
2025-09-07 17:14:13,505|line:520| https://t.bilibili.com/1098367701895610377
2025-09-07 17:14:14,750|line:527| 官方 或 预约 OUT！
2025-09-07 17:14:14,750|line:520| https://t.bilibili.com/1108368391572291592
2025-09-07 17:14:14,751|line:522| 已有
2025-09-07 17:14:14,751|line:520| https://t.bilibili.com/1100920050697633830
2025-09-07 17:14:16,104|line:342| =========此为源动态=========
2025-09-07 17:14:17,541|line:363| *********子动态开始*********
2025-09-07 17:14:17,541|line:382| *********子动态结束*********
2025-09-07 17:14:17,541|line:538| -=-=-=-=处理回最初的动态-=-=-=-=
2025-09-07 17:14:28,677|line:476| 转发成功 1109934946475048962
2025-09-07 17:14:32,116|line:495| 评论发送成功
2025-09-07 17:14:36,467|line:425| 382768290 === 已经关注了
2025-09-07 17:14:39,737|line:504| 动态-点赞 0
2025-09-07 17:14:40,738|line:520| https://t.bilibili.com/1106359811397648386
2025-09-07 17:14:40,738|line:522| 已有
2025-09-07 17:14:40,738|line:520| https://t.bilibili.com/1104991731230703619
2025-09-07 17:14:40,738|line:522| 已有
2025-09-07 17:14:40,739|line:520| https://t.bilibili.com/1098677519410790419
2025-09-07 17:14:40,739|line:522| 已有
2025-09-07 17:14:40,739|line:520| https://t.bilibili.com/1104158241269481474
2025-09-07 17:14:40,739|line:522| 已有
2025-09-07 17:14:40,739|line:520| https://t.bilibili.com/1099685294810071061
2025-09-07 17:14:40,739|line:522| 已有
2025-09-07 17:14:40,739|line:520| https://t.bilibili.com/1100035149978927106
2025-09-07 17:14:40,739|line:522| 已有
2025-09-07 17:14:40,739|line:520| https://t.bilibili.com/1098193888891371528
2025-09-07 17:14:45,131|line:342| =========此为源动态=========
2025-09-07 17:14:47,779|line:363| *********子动态开始*********
2025-09-07 17:14:47,780|line:382| *********子动态结束*********
2025-09-07 17:14:47,780|line:538| -=-=-=-=处理回最初的动态-=-=-=-=
2025-09-07 17:14:55,247|line:476| 转发成功 1109935062437068801
2025-09-07 17:14:58,697|line:495| 评论发送成功
2025-09-07 17:15:03,021|line:425| 3493144779819764 === 已经关注了
2025-09-07 17:15:06,295|line:504| 动态-点赞 0
2025-09-07 17:15:09,295|line:520| https://t.bilibili.com/1108957122032304128
2025-09-07 17:15:09,296|line:522| 已有
2025-09-07 17:15:09,296|line:520| https://t.bilibili.com/1106915614567432198
2025-09-07 17:15:09,296|line:522| 已有
2025-09-07 17:15:09,296|line:520| https://t.bilibili.com/1108715781364908037
2025-09-07 17:15:09,296|line:522| 已有
2025-09-07 17:15:09,296|line:520| https://t.bilibili.com/1106096083268796423
2025-09-07 17:15:09,296|line:522| 已有
2025-09-07 17:15:09,296|line:520| https://t.bilibili.com/1105376057791348754
2025-09-07 17:15:09,297|line:522| 已有
2025-09-07 17:15:09,297|line:520| https://t.bilibili.com/1106074355017711652
2025-09-07 17:15:09,297|line:522| 已有
2025-09-07 17:15:09,297|line:520| https://t.bilibili.com/1104947991284809730
2025-09-07 17:15:09,297|line:522| 已有
2025-09-07 17:15:09,297|line:520| https://t.bilibili.com/1103874395479212054
2025-09-07 17:15:09,297|line:522| 已有
2025-09-07 17:15:09,297|line:520| https://t.bilibili.com/1107567027984269315
2025-09-07 17:15:09,297|line:522| 已有
2025-09-07 17:15:09,298|line:520| https://t.bilibili.com/1107975986157191177
2025-09-07 17:15:13,543|line:527| 官方 或 预约 OUT！
2025-09-07 17:15:13,544|line:520| https://t.bilibili.com/1107597492148502537
2025-09-07 17:15:13,544|line:522| 已有
2025-09-07 17:15:13,544|line:520| https://t.bilibili.com/1104913839846064135
2025-09-07 17:15:13,544|line:522| 已有
2025-09-07 17:15:13,544|line:520| https://t.bilibili.com/1105709557706915864
2025-09-07 17:15:13,544|line:522| 已有
2025-09-07 17:15:13,545|line:520| https://t.bilibili.com/1103825956836999170
2025-09-07 17:15:13,545|line:522| 已有
2025-09-07 17:15:13,545|line:520| https://t.bilibili.com/1100063939143663624
2025-09-07 17:15:13,545|line:522| 已有
2025-09-07 17:15:13,545|line:520| https://t.bilibili.com/1106051136439189509
2025-09-07 17:15:15,789|line:342| =========此为源动态=========
2025-09-07 17:15:20,374|line:363| *********子动态开始*********
2025-09-07 17:15:20,374|line:382| *********子动态结束*********
2025-09-07 17:15:20,374|line:538| -=-=-=-=处理回最初的动态-=-=-=-=
2025-09-07 17:15:30,522|line:476| 转发成功 1109935212757778466
2025-09-07 17:15:33,960|line:495| 评论发送成功
2025-09-07 17:15:39,683|line:437| 关注 ==== 408644019 0
2025-09-07 17:15:42,950|line:504| 动态-点赞 0
2025-09-07 17:15:46,951|line:520| https://t.bilibili.com/1106019364385062914
2025-09-07 17:15:46,951|line:522| 已有
2025-09-07 17:15:46,951|line:520| https://t.bilibili.com/1098964590713110531
2025-09-07 17:15:48,343|line:337| =========此为子动态=========
2025-09-07 17:15:51,810|line:388| *************原动态处理开始***************
2025-09-07 17:15:59,786|line:476| 转发成功 1109935337341190163
2025-09-07 17:16:03,159|line:495| 评论发送成功
2025-09-07 17:16:10,092|line:437| 关注 ==== 3546565746624875 0
2025-09-07 17:16:13,372|line:504| 动态-点赞 0
2025-09-07 17:16:13,373|line:397| *************原动态处理完成***************
2025-09-07 17:16:17,814|line:363| *********子动态开始*********
2025-09-07 17:16:29,201|line:476| 转发成功 1109935466179723273
2025-09-07 17:16:32,639|line:495| 评论发送成功
2025-09-07 17:16:39,195|line:425| 396808737 === 已经关注了
2025-09-07 17:16:39,196|line:377| ----完成一个子动态----
2025-09-07 17:16:39,196|line:382| *********子动态结束*********
2025-09-07 17:16:42,197|line:520| https://t.bilibili.com/1103827477226061856
2025-09-07 17:16:42,197|line:522| 已有
2025-09-07 17:16:42,197|line:520| https://t.bilibili.com/1107874790285246499
2025-09-07 17:16:42,197|line:522| 已有
2025-09-07 17:16:42,198|line:520| https://t.bilibili.com/1105354028872630281
2025-09-07 17:16:42,198|line:522| 已有
2025-09-07 17:16:42,198|line:520| https://t.bilibili.com/1107467062605774868
2025-09-07 17:16:42,198|line:522| 已有
2025-09-07 17:16:42,198|line:520| https://t.bilibili.com/1103375382532325395
2025-09-07 17:16:42,198|line:522| 已有
2025-09-07 17:16:42,198|line:520| https://t.bilibili.com/1100068981435269127
2025-09-07 17:16:42,198|line:522| 已有
2025-09-07 17:16:42,199|line:520| https://t.bilibili.com/1105712839019986944
2025-09-07 17:16:42,199|line:522| 已有
2025-09-07 17:16:42,199|line:520| https://t.bilibili.com/1107567126748594184
2025-09-07 17:16:44,557|line:527| 官方 或 预约 OUT！
2025-09-07 17:16:44,557|line:520| https://t.bilibili.com/1098196474482655252
2025-09-07 17:16:46,066|line:527| 官方 或 预约 OUT！
2025-09-07 17:16:46,066|line:520| https://t.bilibili.com/1105246783566512152
2025-09-07 17:16:46,066|line:522| 已有
2025-09-07 17:16:46,066|line:520| https://t.bilibili.com/1099064976967991328
2025-09-07 17:16:47,496|line:527| 官方 或 预约 OUT！
2025-09-07 17:16:47,497|line:520| https://t.bilibili.com/1100883436084658209
2025-09-07 17:16:47,497|line:522| 已有
2025-09-07 17:16:47,497|line:520| https://t.bilibili.com/1104955404360613893
2025-09-07 17:16:47,497|line:522| 已有
2025-09-07 17:16:47,497|line:520| https://t.bilibili.com/1108788258946416645
2025-09-07 17:16:47,497|line:522| 已有
2025-09-07 17:16:47,497|line:520| https://t.bilibili.com/1103004297365291017
2025-09-07 17:16:47,498|line:522| 已有
2025-09-07 17:16:47,498|line:520| https://t.bilibili.com/1105741050551468032
2025-09-07 17:16:49,045|line:342| =========此为源动态=========
2025-09-07 17:16:51,906|line:363| *********子动态开始*********
2025-09-07 17:16:51,906|line:382| *********子动态结束*********
2025-09-07 17:16:51,907|line:538| -=-=-=-=处理回最初的动态-=-=-=-=
2025-09-07 17:17:01,177|line:476| 转发成功 1109935603662716931
2025-09-07 17:17:04,523|line:495| 评论发送成功
2025-09-07 17:17:05,846|line:425| 544161405 === 已经关注了
2025-09-07 17:17:09,114|line:504| 动态-点赞 0
2025-09-07 17:17:13,115|line:520| https://t.bilibili.com/1107488262569590788
2025-09-07 17:17:13,115|line:522| 已有
2025-09-07 17:17:13,115|line:520| https://t.bilibili.com/1104949292608520197
2025-09-07 17:17:13,115|line:522| 已有
2025-09-07 17:17:13,116|line:520| https://t.bilibili.com/1099676116491173923
2025-09-07 17:17:13,116|line:522| 已有
2025-09-07 17:17:13,116|line:520| https://t.bilibili.com/1104949962675847168
2025-09-07 17:17:13,116|line:522| 已有
2025-09-07 17:17:13,116|line:520| https://t.bilibili.com/1099675755683512359
2025-09-07 17:17:13,116|line:522| 已有
2025-09-07 17:17:13,116|line:520| https://t.bilibili.com/1098372529445142536
2025-09-07 17:17:16,356|line:527| 官方 或 预约 OUT！
2025-09-07 17:17:16,357|line:520| https://t.bilibili.com/1104867454205558792
2025-09-07 17:17:16,357|line:522| 已有
2025-09-07 17:17:16,357|line:520| https://t.bilibili.com/1103949188048093222
2025-09-07 17:17:16,357|line:522| 已有
2025-09-07 17:17:16,357|line:520| https://t.bilibili.com/1102669201869373445
2025-09-07 17:17:17,598|line:342| =========此为源动态=========
2025-09-07 17:17:19,056|line:363| *********子动态开始*********
2025-09-07 17:17:19,057|line:382| *********子动态结束*********
2025-09-07 17:17:19,057|line:538| -=-=-=-=处理回最初的动态-=-=-=-=
2025-09-07 17:17:30,194|line:476| 转发成功 1109935728195796998
2025-09-07 17:17:33,549|line:495| 评论发送成功
2025-09-07 17:17:37,976|line:425| 279732952 === 已经关注了
2025-09-07 17:17:41,246|line:504| 动态-点赞 0
2025-09-07 17:17:42,247|line:520| https://t.bilibili.com/1105342793209872385
2025-09-07 17:17:42,247|line:522| 已有
2025-09-07 17:17:42,247|line:520| https://t.bilibili.com/1103771037071310855
2025-09-07 17:17:42,247|line:522| 已有
2025-09-07 17:17:42,248|line:520| https://t.bilibili.com/1105329788097134594
2025-09-07 17:17:42,248|line:522| 已有
2025-09-07 17:17:42,248|line:520| https://t.bilibili.com/1103466562574090258
2025-09-07 17:17:42,248|line:522| 已有
2025-09-07 17:17:42,248|line:520| https://t.bilibili.com/1104931215123677193
2025-09-07 17:17:42,248|line:522| 已有
2025-09-07 17:17:42,248|line:520| https://t.bilibili.com/1104159791749529609
2025-09-07 17:17:42,248|line:522| 已有
2025-09-07 17:17:42,249|line:520| https://t.bilibili.com/1104882858093182992
2025-09-07 17:17:42,249|line:522| 已有
2025-09-07 17:17:42,249|line:520| https://t.bilibili.com/1103081815053172736
2025-09-07 17:17:42,249|line:522| 已有
2025-09-07 17:17:42,249|line:520| https://t.bilibili.com/1099339831257858073
2025-09-07 17:17:42,249|line:522| 已有
2025-09-07 17:17:42,249|line:520| https://t.bilibili.com/1099676146525536281
2025-09-07 17:17:42,249|line:522| 已有
2025-09-07 17:17:42,249|line:520| https://t.bilibili.com/1099745316953915397
2025-09-07 17:17:42,249|line:522| 已有
2025-09-07 17:17:42,250|line:520| https://t.bilibili.com/1104255573822537733
2025-09-07 17:17:45,601|line:337| =========此为子动态=========
2025-09-07 17:17:48,983|line:401| *************原动态已存在***************
2025-09-07 17:17:50,451|line:363| *********子动态开始*********
2025-09-07 17:19:37,432|line:382| *********子动态结束*********
2025-09-07 17:19:37,433|line:538| -=-=-=-=处理回最初的动态-=-=-=-=
2025-09-07 17:19:47,647|line:476| 转发成功 1109936316598976515
2025-09-07 17:19:51,000|line:495| 评论发送成功
2025-09-07 17:19:54,322|line:425| 490785419 === 已经关注了
2025-09-07 17:19:57,694|line:504| 动态-点赞 0
2025-09-07 17:19:59,694|line:520| https://t.bilibili.com/1105427146388537361
2025-09-07 17:19:59,695|line:522| 已有
2025-09-07 17:19:59,695|line:520| https://t.bilibili.com/1100512939314511881
2025-09-07 17:20:00,934|line:342| =========此为源动态=========
2025-09-07 17:20:02,342|line:363| *********子动态开始*********
2025-09-07 17:20:02,343|line:382| *********子动态结束*********
2025-09-07 17:20:02,343|line:538| -=-=-=-=处理回最初的动态-=-=-=-=
2025-09-07 17:20:10,413|line:476| 转发成功 1109936415408390145
2025-09-07 17:20:13,926|line:495| 评论发送成功
2025-09-07 17:20:15,334|line:425| 382768290 === 已经关注了
2025-09-07 17:20:18,673|line:504| 动态-点赞 0
2025-09-07 17:20:20,674|line:520| https://t.bilibili.com/1107576897819115542
2025-09-07 17:20:24,023|line:527| 官方 或 预约 OUT！
2025-09-07 17:20:24,024|line:520| https://t.bilibili.com/1099678324090732545
2025-09-07 17:20:24,024|line:522| 已有
2025-09-07 17:20:24,024|line:520| https://t.bilibili.com/1107468402594676736
2025-09-07 17:20:24,024|line:522| 已有
2025-09-07 17:20:24,024|line:520| https://t.bilibili.com/1104908035147431956
2025-09-07 17:20:26,270|line:527| 官方 或 预约 OUT！
2025-09-07 17:20:26,271|line:520| https://t.bilibili.com/1099081443885187075
2025-09-07 17:20:30,629|line:527| 官方 或 预约 OUT！
2025-09-07 17:20:30,629|line:520| https://t.bilibili.com/1099687446600220676
2025-09-07 17:20:30,629|line:522| 已有
2025-09-07 17:20:30,629|line:520| https://t.bilibili.com/1109017584452239360
2025-09-07 17:20:30,630|line:522| 已有
2025-09-07 17:20:30,630|line:520| https://t.bilibili.com/1107952099680845833
2025-09-07 17:20:33,993|line:342| =========此为源动态=========
2025-09-07 17:20:38,782|line:363| *********子动态开始*********
2025-09-07 17:20:44,940|line:476| 转发成功 1109936561385898007
2025-09-07 17:20:48,281|line:495| 评论发送成功
2025-09-07 17:20:56,393|line:437| 关注 ==== 487501148 0
2025-09-07 17:20:56,393|line:377| ----完成一个子动态----
2025-09-07 17:21:05,625|line:476| 转发成功 1109936651623202823
2025-09-07 17:21:08,964|line:495| 评论发送成功
2025-09-07 17:21:15,523|line:425| 389707479 === 已经关注了
2025-09-07 17:21:15,524|line:377| ----完成一个子动态----
2025-09-07 17:21:15,524|line:382| *********子动态结束*********
2025-09-07 17:21:15,524|line:538| -=-=-=-=处理回最初的动态-=-=-=-=
2025-09-07 17:21:26,634|line:476| 转发成功 1109936741810176022
2025-09-07 17:21:30,116|line:495| 评论发送成功
2025-09-07 17:21:32,756|line:425| 521950960 === 已经关注了
2025-09-07 17:21:36,033|line:504| 动态-点赞 0
2025-09-07 17:21:38,034|line:520| https://t.bilibili.com/1104956972058279941
2025-09-07 17:21:38,034|line:522| 已有
2025-09-07 17:21:38,034|line:520| https://t.bilibili.com/1098681951780339716
2025-09-07 17:21:42,433|line:342| =========此为源动态=========
2025-09-07 17:21:43,882|line:363| *********子动态开始*********
2025-09-07 17:21:43,883|line:382| *********子动态结束*********
2025-09-07 17:21:43,883|line:538| -=-=-=-=处理回最初的动态-=-=-=-=
2025-09-07 17:21:51,950|line:476| 转发成功 1109936849164435461
2025-09-07 17:21:55,419|line:495| 评论发送成功
2025-09-07 17:21:58,741|line:425| 1930420310 === 已经关注了
2025-09-07 17:22:02,032|line:504| 动态-点赞 0
2025-09-07 17:22:03,032|line:520| https://t.bilibili.com/1106385911957946377
2025-09-07 17:22:03,033|line:522| 已有
2025-09-07 17:22:03,033|line:520| https://t.bilibili.com/1098675998940987433
2025-09-07 17:22:03,033|line:522| 已有
2025-09-07 17:22:03,033|line:520| https://t.bilibili.com/1098677579492098054
2025-09-07 17:22:03,033|line:522| 已有
2025-09-07 17:22:03,033|line:520| https://t.bilibili.com/1100925720036638727
2025-09-07 17:22:04,283|line:342| =========此为源动态=========
2025-09-07 17:22:05,865|line:363| *********子动态开始*********
2025-09-07 17:22:05,865|line:382| *********子动态结束*********
2025-09-07 17:22:05,866|line:538| -=-=-=-=处理回最初的动态-=-=-=-=
2025-09-07 17:22:13,033|line:476| 转发成功 1109936939396497414
2025-09-07 17:22:16,385|line:495| 评论发送成功
2025-09-07 17:22:17,716|line:425| 444854666 === 已经关注了
2025-09-07 17:22:21,109|line:504| 动态-点赞 0
2025-09-07 17:22:23,110|line:520| https://t.bilibili.com/1107462385342349353
2025-09-07 17:22:23,110|line:522| 已有
2025-09-07 17:22:23,110|line:520| https://t.bilibili.com/1107469437722689539
2025-09-07 17:22:25,431|line:527| 官方 或 预约 OUT！
2025-09-07 17:22:25,432|line:553| 执行结束
2025-09-07 17:22:25,432|line:559| ==================================================2025-09-08 01:22==================================================
2025-09-07 17:22:25,432|line:233| processing article 42953752
2025-09-07 17:22:30,871|line:508| ==================================================2025-09-08 01:22==================================================
2025-09-07 17:22:30,871|line:520| https://t.bilibili.com/1109114088089190405
2025-09-07 17:22:30,871|line:522| 已有
2025-09-07 17:22:30,871|line:520| https://t.bilibili.com/1109359130952335363
2025-09-07 17:22:30,871|line:522| 已有
2025-09-07 17:22:30,871|line:520| https://t.bilibili.com/1108247896241733632
2025-09-07 17:22:33,108|line:527| 官方 或 预约 OUT！
2025-09-07 17:22:33,109|line:520| https://t.bilibili.com/1109133153397637124
2025-09-07 17:22:33,109|line:522| 已有
2025-09-07 17:22:33,109|line:520| https://t.bilibili.com/1109106477356810277
2025-09-07 17:22:33,109|line:522| 已有
2025-09-07 17:22:33,109|line:520| https://t.bilibili.com/1109375226386317317
2025-09-07 17:22:33,109|line:522| 已有
2025-09-07 17:22:33,109|line:520| https://t.bilibili.com/1109439539203538949
2025-09-07 17:22:33,109|line:522| 已有
2025-09-07 17:22:33,109|line:520| https://t.bilibili.com/1109109724365717523
2025-09-07 17:22:33,110|line:522| 已有
2025-09-07 17:22:33,110|line:520| https://t.bilibili.com/1109363728721117205
2025-09-07 17:22:35,353|line:527| 官方 或 预约 OUT！
2025-09-07 17:22:35,353|line:520| https://t.bilibili.com/1109438577163370497
2025-09-07 17:22:35,353|line:522| 已有
2025-09-07 17:22:35,353|line:520| https://t.bilibili.com/1109453532194406407
2025-09-07 17:22:35,354|line:522| 已有
2025-09-07 17:22:35,354|line:520| https://t.bilibili.com/1109466786499133479
2025-09-07 17:22:39,606|line:527| 官方 或 预约 OUT！
2025-09-07 17:22:39,606|line:520| https://t.bilibili.com/1107567126748594184
2025-09-07 17:22:43,034|line:527| 官方 或 预约 OUT！
2025-09-07 17:22:43,034|line:520| https://t.bilibili.com/1109328207228698625
2025-09-07 17:22:43,034|line:522| 已有
2025-09-07 17:22:43,034|line:520| https://t.bilibili.com/1109366861939605522
2025-09-07 17:22:43,035|line:522| 已有
2025-09-07 17:22:43,035|line:520| https://t.bilibili.com/1109329399041228823
2025-09-07 17:22:43,035|line:522| 已有
2025-09-07 17:22:43,035|line:520| https://t.bilibili.com/1109145540097998884
2025-09-07 17:22:45,281|line:527| 官方 或 预约 OUT！
2025-09-07 17:22:45,281|line:520| https://t.bilibili.com/1109296104506130432
2025-09-07 17:22:46,530|line:527| 官方 或 预约 OUT！
2025-09-07 17:22:46,530|line:520| https://t.bilibili.com/1109343669118304265
2025-09-07 17:22:46,530|line:522| 已有
2025-09-07 17:22:46,530|line:520| https://t.bilibili.com/1109390054731546633
2025-09-07 17:22:46,530|line:522| 已有
2025-09-07 17:22:46,530|line:520| https://t.bilibili.com/1109333861518540825
2025-09-07 17:22:46,531|line:522| 已有
2025-09-07 17:22:46,531|line:520| https://t.bilibili.com/1107149179155644417
2025-09-07 17:22:50,769|line:527| 官方 或 预约 OUT！
2025-09-07 17:22:50,769|line:553| 执行结束
2025-09-07 17:22:50,770|line:559| ==================================================2025-09-08 01:22==================================================
2025-09-07 17:22:50,770|line:233| processing article 42951136
2025-09-07 17:22:54,242|line:508| ==================================================2025-09-08 01:22==================================================
2025-09-07 17:22:54,242|line:520| https://t.bilibili.com/1098744701265117189
2025-09-07 17:22:58,593|line:527| 官方 或 预约 OUT！
2025-09-07 17:22:58,593|line:520| https://t.bilibili.com/1098696223982878736
2025-09-07 17:23:02,846|line:527| 官方 或 预约 OUT！
2025-09-07 17:23:02,846|line:520| https://t.bilibili.com/1076461152482885636
2025-09-07 17:23:06,279|line:527| 官方 或 预约 OUT！
2025-09-07 17:23:06,279|line:520| https://t.bilibili.com/1109106477356810277
2025-09-07 17:23:06,279|line:522| 已有
2025-09-07 17:23:06,279|line:520| https://t.bilibili.com/1106090710238494722
2025-09-07 17:23:07,633|line:527| 官方 或 预约 OUT！
2025-09-07 17:23:07,633|line:520| https://t.bilibili.com/1098336735230689281
2025-09-07 17:23:11,885|line:527| 官方 或 预约 OUT！
2025-09-07 17:23:11,885|line:520| https://t.bilibili.com/1105276964294361125
2025-09-07 17:23:15,235|line:527| 官方 或 预约 OUT！
2025-09-07 17:23:15,235|line:520| https://t.bilibili.com/1107567126748594184
2025-09-07 17:23:16,673|line:527| 官方 或 预约 OUT！
2025-09-07 17:23:16,673|line:520| https://t.bilibili.com/1105633012739997702
2025-09-07 17:23:17,914|line:527| 官方 或 预约 OUT！
2025-09-07 17:23:17,915|line:520| https://t.bilibili.com/1109064726017474566
2025-09-07 17:23:21,276|line:527| 官方 或 预约 OUT！
2025-09-07 17:23:21,276|line:520| https://t.bilibili.com/1108247896241733632
2025-09-07 17:23:23,595|line:527| 官方 或 预约 OUT！
2025-09-07 17:23:23,595|line:520| https://t.bilibili.com/1107578104675565571
2025-09-07 17:23:24,872|line:527| 官方 或 预约 OUT！
2025-09-07 17:23:24,872|line:520| https://t.bilibili.com/1097930993913823234
2025-09-07 17:23:26,179|line:527| 官方 或 预约 OUT！
2025-09-07 17:23:26,179|line:520| https://t.bilibili.com/1107149179155644417
2025-09-07 17:23:29,463|line:527| 官方 或 预约 OUT！
2025-09-07 17:23:29,463|line:553| 执行结束
2025-09-07 17:23:29,463|line:559| ==================================================2025-09-08 01:23==================================================
2025-09-07 17:23:29,464|line:233| processing article 42951117
2025-09-07 17:23:32,894|line:508| ==================================================2025-09-08 01:23==================================================
2025-09-07 17:23:32,895|line:520| https://t.bilibili.com/1098744701265117189
2025-09-07 17:23:37,246|line:527| 官方 或 预约 OUT！
2025-09-07 17:23:37,246|line:520| https://t.bilibili.com/1104535077391433799
2025-09-07 17:23:41,497|line:527| 官方 或 预约 OUT！
2025-09-07 17:23:41,497|line:520| https://t.bilibili.com/1100179057147904006
2025-09-07 17:23:43,829|line:527| 官方 或 预约 OUT！
2025-09-07 17:23:43,829|line:520| https://t.bilibili.com/1107503707246821392
2025-09-07 17:23:47,089|line:527| 官方 或 预约 OUT！
2025-09-07 17:23:47,090|line:520| https://t.bilibili.com/1107874809574850568
2025-09-07 17:23:50,337|line:527| 官方 或 预约 OUT！
2025-09-07 17:23:50,337|line:520| https://t.bilibili.com/1107149179155644417
2025-09-07 17:23:51,584|line:527| 官方 或 预约 OUT！
2025-09-07 17:23:51,584|line:520| https://t.bilibili.com/1108717516562104327
2025-09-07 17:23:52,818|line:527| 官方 或 预约 OUT！
2025-09-07 17:23:52,819|line:520| https://t.bilibili.com/1109153567388729344
2025-09-07 17:23:57,065|line:527| 官方 或 预约 OUT！
2025-09-07 17:23:57,065|line:520| https://t.bilibili.com/1108247896241733632
2025-09-07 17:24:00,313|line:527| 官方 或 预约 OUT！
2025-09-07 17:24:00,313|line:520| https://t.bilibili.com/1098601880700846084
2025-09-07 17:24:01,638|line:527| 官方 或 预约 OUT！
2025-09-07 17:24:01,639|line:520| https://t.bilibili.com/1109082266662862864
2025-09-07 17:24:03,890|line:527| 官方 或 预约 OUT！
2025-09-07 17:24:03,890|line:520| https://t.bilibili.com/1106085109605335047
2025-09-07 17:24:07,137|line:527| 官方 或 预约 OUT！
2025-09-07 17:24:07,137|line:520| https://t.bilibili.com/1107508882708627475
2025-09-07 17:24:10,446|line:527| 官方 或 预约 OUT！
2025-09-07 17:24:10,446|line:520| https://t.bilibili.com/1109106477356810277
2025-09-07 17:24:10,446|line:522| 已有
2025-09-07 17:24:10,446|line:520| https://t.bilibili.com/1098336735230689281
2025-09-07 17:24:12,809|line:527| 官方 或 预约 OUT！
2025-09-07 17:24:12,809|line:520| https://t.bilibili.com/1109144986074480641
2025-09-07 17:24:14,239|line:527| 官方 或 预约 OUT！
2025-09-07 17:24:14,239|line:520| https://t.bilibili.com/1109087532271796243
2025-09-07 17:24:18,596|line:527| 官方 或 预约 OUT！
2025-09-07 17:24:18,596|line:520| https://t.bilibili.com/1109064726017474566
2025-09-07 17:24:21,844|line:527| 官方 或 预约 OUT！
2025-09-07 17:24:21,844|line:520| https://t.bilibili.com/1108988215442800664
2025-09-07 17:24:25,200|line:527| 官方 或 预约 OUT！
2025-09-07 17:24:25,200|line:520| https://t.bilibili.com/1107874805328117795
2025-09-07 17:24:27,549|line:527| 官方 或 预约 OUT！
2025-09-07 17:24:27,549|line:520| https://t.bilibili.com/1107550466577793025
2025-09-07 17:24:28,826|line:527| 官方 或 预约 OUT！
2025-09-07 17:24:28,826|line:520| https://t.bilibili.com/1098696223982878736
2025-09-07 17:24:33,181|line:527| 官方 或 预约 OUT！
2025-09-07 17:24:33,181|line:520| https://t.bilibili.com/1099687858884575234
2025-09-07 17:24:36,608|line:527| 官方 或 预约 OUT！
2025-09-07 17:24:36,608|line:520| https://t.bilibili.com/1108766230095855624
2025-09-07 17:24:39,959|line:527| 官方 或 预约 OUT！
2025-09-07 17:24:39,959|line:520| https://t.bilibili.com/1104163902024843272
2025-09-07 17:24:42,207|line:527| 官方 或 预约 OUT！
2025-09-07 17:24:42,207|line:520| https://t.bilibili.com/1107567126748594184
2025-09-07 17:24:46,471|line:527| 官方 或 预约 OUT！
2025-09-07 17:24:46,471|line:520| https://t.bilibili.com/1107503758812643332
2025-09-07 17:24:49,823|line:527| 官方 或 预约 OUT！
2025-09-07 17:24:49,823|line:520| https://t.bilibili.com/1109029717734850561
2025-09-07 17:24:53,064|line:527| 官方 或 预约 OUT！
2025-09-07 17:24:53,065|line:520| https://t.bilibili.com/1106760385842642950
2025-09-07 17:24:54,315|line:527| 官方 或 预约 OUT！
2025-09-07 17:24:54,315|line:520| https://t.bilibili.com/1104913841950556177
2025-09-07 17:24:55,557|line:527| 官方 或 预约 OUT！
2025-09-07 17:24:55,557|line:520| https://t.bilibili.com/1108703429063081989
2025-09-07 17:24:59,808|line:527| 官方 或 预约 OUT！
2025-09-07 17:24:59,808|line:520| https://t.bilibili.com/1106822392301223968
2025-09-07 17:25:02,049|line:527| 官方 或 预约 OUT！
2025-09-07 17:25:02,050|line:520| https://t.bilibili.com/1103781250506686470
2025-09-07 17:25:04,301|line:527| 官方 或 预约 OUT！
2025-09-07 17:25:04,301|line:520| https://t.bilibili.com/1108709738332291097
2025-09-07 17:25:07,567|line:527| 官方 或 预约 OUT！
2025-09-07 17:25:07,568|line:520| https://t.bilibili.com/1108665444339810312
2025-09-07 17:25:07,568|line:522| 已有
2025-09-07 17:25:07,568|line:520| https://t.bilibili.com/1104906317206650898
2025-09-07 17:25:09,849|line:527| 官方 或 预约 OUT！
2025-09-07 17:25:09,850|line:520| https://t.bilibili.com/1105370577401544728
2025-09-07 17:25:11,098|line:527| 官方 或 预约 OUT！
2025-09-07 17:25:11,098|line:520| https://t.bilibili.com/1107458060326010881
2025-09-07 17:25:13,720|line:527| 官方 或 预约 OUT！
2025-09-07 17:25:13,720|line:553| 执行结束
2025-09-07 17:25:13,720|line:559| ==================================================2025-09-08 01:25==================================================
2025-09-07 17:25:22,210|line:579| ('reply: ', '小闪闪bling', 'hhh腾子买库洛让我感觉他自己有点不太想出大世界了')
2025-09-07 17:25:22,211|line:579| ('reply: ', '我不是可洛蒂娅', '不是，这……')
2025-09-07 17:25:22,211|line:579| ('reply: ', '好像都是一个人', '你在说什么')
2025-09-07 17:25:22,211|line:579| ('reply: ', '目标咨询', '太宠粉了啊')
2025-09-07 17:25:22,211|line:579| ('reply: ', '数玩工场', '祝你成功')
2025-09-07 17:25:22,211|line:579| ('reply: ', '益家有小佰', '恭喜宝子，获得小电视月度会员1份和克刻冰冰猴喉糖随机口味1份～记得私信小佰提供信息哦~')
2025-09-07 17:25:22,211|line:579| ('reply: ', '圆环之理-Madoka', '是的')
2025-09-07 17:25:22,211|line:579| ('reply: ', '兰的三姨', '这就是银河巨星的实力！')
2025-09-07 17:25:22,212|line:579| ('reply: ', '花园百合铃音', '有男不玩，我只吃麻辣火锅，xxn滚[吃瓜]')
2025-09-07 17:25:22,212|line:579| ('reply: ', '是绝赞的阿鬼', '[tv_难过]')
2025-09-07 17:25:22,212|line:579| ('reply: ', '桃稚不幼稚', '还行')
2025-09-07 17:25:22,212|line:579| ('reply: ', '陌罔子吖', '佬，这个报名有啥条件不。最近太非了，想下次报来抽[脱单doge][脱单doge][脱单doge]')
2025-09-07 17:25:22,212|line:579| ('reply: ', '太二酸菜鱼', '恭喜成为本期欧皇[打call]获得【肥龙联名显眼包】1份，在收到本信息的两天内回复哥的私信哦~逾期哥就自己收啦！[脱单doge]')
2025-09-07 17:25:22,212|line:579| ('reply: ', '得一想二的松鼠', '中奖分我一半')
2025-09-07 17:25:22,212|line:579| ('reply: ', '佑凉Uriyoo', '谢谢！！！[UP_24967030_感恩]')
2025-09-07 17:25:22,212|line:579| ('reply: ', '岛莓祁', '好耶')
2025-09-07 17:25:22,212|line:579| ('reply: ', '苏酥_SUSU_', 'https://b23.tv/3HJcDkm')
2025-09-07 17:25:22,212|line:579| ('reply: ', '心想事成イ', 'I[UP_410636303_比心鸟][UP_410636303_比心鸟][UP_410636303_比心鸟]')
2025-09-07 17:25:22,213|line:579| ('reply: ', 'FWF第五人格娱乐赛', '加油[doge]')
2025-09-07 17:25:22,213|line:579| ('reply: ', '神奇猫咪_有钱哒', '好耶')
2025-09-07 17:25:26,478|line:588| ('at: ', '联想拯救者官方', '是我喜欢的奖品名单 直接开奖 上 趁现在没人偷摸开个奖 恭喜这些小伙伴 【拯救者7.1声卡H7游戏耳机】获奖名单 @泪水打湿猪脚饭o @xoomoon @小小Shaun @T山海连云T @超超超超薄脆饼干 @BerboomC 【拯救者C140氮化镓适配器】获奖名单 @改个天凉好个秋 @夜猫子牙不好 @LLL好久不见 @林殇倾慕婉 @今天也要拥抱微风 @洳不及我万一 @胜利の天平 【白金独角兽电竞鼠标】获奖名单 @底片上的诗旅人 【拯救者C170氮化镓适配器】获奖名单 @麦當劳无限好 @無名丶の辈 @任性的提莫 @广东有暖风 由于B站私信规则修改 我会私信中奖的小伙伴一条消息，还请注意查收并回复我您的收货地址与联系方式，奖品基本会在私信您信息后的三十个工作日内发货')
2025-09-07 17:25:26,479|line:588| ('at: ', 'Apexgaming艾湃电竞', '恭喜 @小小Shaun 获得饮料一份，三天内联系我，过时不候！')
2025-09-07 17:25:26,479|line:588| ('at: ', '喜欢白毛有什么不好', '1 @浪子游2fans6@被_____打下来的飞机@拉斯特臣后面一个点@专心致志的学生@猫猫头OmMeow@小小Shaun@龐門左道@啦啦痴痴腻@bili_66938050009@日月星辰668')
2025-09-07 17:25:26,479|line:588| ('at: ', 'iKF蓝牙耳机', '恭喜@小小Shaun 宝子成为苏泊尔福利动态幸运儿！\n注意：即日起72小时内回复信息确认领奖哦！逾期将自动视为放弃中奖资格。\n没有中奖的宝子们不要气馁，参与一下下置顶视频iKF Mars，增加欧气值，说不定下个幸运儿就是你！\n链接：\nhttps://www.bilibili.com/video/BV1Soo6YLEHZ/?spm_id_from=333.1387.list.card_archive.click&vd_source=21fb0967ccc75e6b3b2447ade2c740dd\n还没参与抽奖的宝子们，赶紧点击上方链接参与吧！还有特别福利惊喜等你哦~')
2025-09-07 17:25:26,479|line:588| ('at: ', 'wellymerck威利默克', '恭喜@小小Shaun\xa0 获得《我是你的小狗3 永远等你回家》1本，请于5天内联系威宝，凭关注+互动截图领取奖品，逾期作废~')
2025-09-07 17:25:26,479|line:588| ('at: ', '宁美NINGMEI', '恭喜@小小Shaun   中奖，请在12月1日24点前私信我：1. 奖品+中奖信息a. 实物奖：姓名电话地址，给文字！省市区路清晰，提交不清晰不发奖，信息错误致无法签收，概不负责；\n\nb. 现金红包给到支付宝实名+账号；\n\nc. 京东卡/猫超卡 等购物卡给到姓名+电话；2. 宁美和品牌方关注截图+转发截图！\n\n必须关注品牌方，否则奖品不予发放；如遇无法私信图片的情况，等待我回复后即可发送图片。PS： \n\n因后台收信有时会出问题，以回复“已登记”为准，没有回复即表示私信未收到。\n\n过期视为自动放弃，不会补发；奖品30个工作日内发送，勿催哦~\n\n不发全，不回复。其他小伙伴请继续努力！')
2025-09-07 17:25:26,479|line:588| ('at: ', '爱玛电动车官方账号', '#一“玛”当先榜# 快来看看10月都是谁和爱玛酱互动最多呀~ 💕恭喜@小小Shaun 和@甘瑞凯拉莎 排行第一！这两位小玛达将会获得【爱玛随机周边×1】，请5天内私信爱玛酱领奖哟~[鼓掌] 以后也请继续单推我无敌可爱美少女爱玛酱呀嘿嘿！(●´З｀●)')
2025-09-07 17:25:26,479|line:588| ('at: ', '爱玛电动车官方账号', '')
2025-09-07 17:25:26,479|line:588| ('at: ', '海露滴眼液', '互动榜出炉啦')
2025-09-07 17:25:26,480|line:588| ('at: ', '和蔼可亲桃白白', '\u200b//@九号公司:\u200b恭喜@小小Shaun 中奖！后续记得查收私信哟～\u200b//@九号公司:#互动抽奖# 谢谢粒粒的复工礼！小九也来加个码~关注【@微粒贷+@九号公司 】并转发该动态，抽一位小可爱获得【100元京东卡】~ #供电局福利社# 10月31日抽出！')
2025-09-07 17:25:26,480|line:588| ('at: ', '望大家身体健康快乐', '\u200b//@九号公司:\u200b恭喜@小小Shaun 中奖！后续记得查收私信哟～\u200b//@九号公司 :#互动抽奖# 谢谢粒粒的复工礼！小九也来加个码~关注【@微粒贷+@九号公司 】并转发该动态，抽一位小可爱获得【100元京东卡】~ #供电局福利社# 10月31日抽出！')
2025-09-07 17:25:26,480|line:588| ('at: ', 'MoMA_Reona', '//@九号公司:\u200b恭喜@小小Shaun 中奖！后续记得查收私信哟～\u200b//@九号公司:#互动抽奖# 谢谢粒粒的复工礼！小九也来加个码~关注【@微粒贷+@九号公司 】并转发该动态，抽一位小可爱获得【100元京东卡】~ #供电局福利社# 10月31日抽出！')
2025-09-07 17:25:26,480|line:588| ('at: ', '摸鱼二队', '\u200b//@九号公司:\u200b恭喜@小小Shaun 中奖！后续记得查收私信哟～\u200b//@九号公司 :#互动抽奖# 谢谢粒粒的复工礼！小九也来加个码~关注【@微粒贷+@九号公司 】并转发该动态，抽一位小可爱获得【100元京东卡】~ #供电局福利社# 10月31日抽出！')
2025-09-07 17:25:26,480|line:588| ('at: ', '文少嘅一些事一些情', '\u200b//@九号公司:\u200b恭喜@小小Shaun 中奖！后续记得查收私信哟～\u200b//@九号公司 :#互动抽奖# 谢谢粒粒的复工礼！小九也来加个码~关注【@微粒贷+@九号公司 】并转发该动态，抽一位小可爱获得【100元京东卡】~ #供电局福利社# 10月31日抽出！')
2025-09-07 17:25:26,480|line:588| ('at: ', 'Carry队友的嘟嘟酱丶', '\u200b//@九号公司:\u200b恭喜@小小Shaun 中奖！后续记得查收私信哟～\u200b//@九号公司 :#互动抽奖# 谢谢粒粒的复工礼！小九也来加个码~关注【@微粒贷+@九号公司 】并转发该动态，抽一位小可爱获得【100元京东卡】~ #供电局福利社# 10月31日抽出！')
2025-09-07 17:25:26,480|line:588| ('at: ', '蛤蟆zero', '//@九号公司:\u200b恭喜@小小Shaun 中奖！后续记得查收私信哟～\u200b//@九号公司:#互动抽奖# 谢谢粒粒的复工礼！小九也来加个码~关注【@微粒贷+@九号公司 】并转发该动态，抽一位小可爱获得【100元京东卡】~ #供电局福利社# 10月31日抽出！c冲冲冲')
2025-09-07 17:25:26,480|line:588| ('at: ', '木而各子要吃笃栗子', '\u200b//@九号公司:\u200b恭喜@小小Shaun 中奖！后续记得查收私信哟～\u200b//@九号公司 :#互动抽奖# 谢谢粒粒的复工礼！小九也来加个码~关注【@微粒贷+@九号公司 】并转发该动态，抽一位小可爱获得【100元京东卡】~ #供电局福利社# 10月31日抽出！')
2025-09-07 17:25:26,480|line:588| ('at: ', '裙下愚臣情默默', '\u200b//@九号公司:\u200b恭喜@小小Shaun 中奖！后续记得查收私信哟～\u200b//@九号公司 :#互动抽奖# 谢谢粒粒的复工礼！小九也来加个码~关注【@微粒贷+@九号公司 】并转发该动态，抽一位小可爱获得【100元京东卡】~ #供电局福利社# 10月31日抽出！')
2025-09-07 17:25:26,480|line:588| ('at: ', '戊子毕宿', '')
2025-09-07 17:25:26,481|line:588| ('at: ', '九号电动', '\u200b恭喜@小小Shaun 中奖！后续记得查收私信哟～\u200b//@九号公司:#互动抽奖# 谢谢粒粒的复工礼！小九也来加个码~关注【@微粒贷+@九号公司 】并转发该动态，抽一位小可爱获得【100元京东卡】~ #供电局福利社# 10月31日抽出！')
