2025-05-06 16:34:16,504|line:233| processing article 41572809
2025-05-06 16:34:18,509|line:508| ==================================================2025-05-07 00:34==================================================
2025-05-06 16:34:18,509|line:520| https://t.bilibili.com/1057007321460244497
2025-05-06 16:34:19,833|line:527| 官方 或 预约 OUT！
2025-05-06 16:34:19,834|line:520| https://t.bilibili.com/1058170342782009353
2025-05-06 16:34:19,834|line:522| 已有
2025-05-06 16:34:19,834|line:520| https://t.bilibili.com/1058167971952721945
2025-05-06 16:34:19,834|line:522| 已有
2025-05-06 16:34:19,834|line:520| https://t.bilibili.com/1056441210410893320
2025-05-06 16:34:19,835|line:522| 已有
2025-05-06 16:34:19,835|line:520| https://t.bilibili.com/1060836929076985921
2025-05-06 16:34:23,057|line:342| =========此为源动态=========
2025-05-06 16:34:24,638|line:363| *********子动态开始*********
2025-05-06 16:34:24,638|line:382| *********子动态结束*********
2025-05-06 16:34:24,638|line:538| -=-=-=-=处理回最初的动态-=-=-=-=
2025-05-06 16:34:32,562|line:476| 转发成功 1063910094145585152
2025-05-06 16:34:35,808|line:495| 评论发送成功
2025-05-06 16:34:41,615|line:425| 96646652 === 已经关注了
2025-05-06 16:34:44,868|line:504| 动态-点赞 0
2025-05-06 16:34:45,868|line:520| https://t.bilibili.com/1056988990549262342
2025-05-06 16:34:48,094|line:342| =========此为源动态=========
2025-05-06 16:34:51,572|line:363| *********子动态开始*********
2025-05-06 16:34:51,572|line:382| *********子动态结束*********
2025-05-06 16:34:51,573|line:538| -=-=-=-=处理回最初的动态-=-=-=-=
2025-05-06 16:34:58,623|line:476| 转发成功 1063910205790617607
2025-05-06 16:35:01,975|line:495| 评论发送成功
2025-05-06 16:35:06,609|line:437| 关注 ==== 500079057 0
2025-05-06 16:35:09,927|line:504| 动态-点赞 0
2025-05-06 16:35:10,927|line:520| https://t.bilibili.com/1053402579068780547
2025-05-06 16:35:15,160|line:342| =========此为源动态=========
2025-05-06 16:35:18,599|line:363| *********子动态开始*********
2025-05-06 16:35:18,599|line:382| *********子动态结束*********
2025-05-06 16:35:18,599|line:538| -=-=-=-=处理回最初的动态-=-=-=-=
2025-05-06 16:35:25,522|line:476| 转发成功 1063910321756831745
2025-05-06 16:35:28,998|line:495| 评论发送成功
2025-05-06 16:35:30,340|line:425| 473965081 === 已经关注了
2025-05-06 16:35:33,592|line:504| 动态-点赞 0
2025-05-06 16:35:34,592|line:520| https://t.bilibili.com/1058522014685331462
2025-05-06 16:35:34,592|line:522| 已有
2025-05-06 16:35:34,592|line:520| https://t.bilibili.com/1041578269963452419
2025-05-06 16:35:38,824|line:342| =========此为源动态=========
2025-05-06 16:35:43,501|line:363| *********子动态开始*********
2025-05-06 16:35:57,521|line:382| *********子动态结束*********
2025-05-06 16:35:57,522|line:538| -=-=-=-=处理回最初的动态-=-=-=-=
2025-05-06 16:36:05,463|line:476| 转发成功 1063910493553426435
2025-05-06 16:36:08,795|line:495| 评论发送成功
2025-05-06 16:36:14,410|line:437| 关注 ==== 478556453 0
2025-05-06 16:36:17,658|line:504| 动态-点赞 0
2025-05-06 16:36:21,658|line:520| https://t.bilibili.com/1062231313801543683
2025-05-06 16:36:23,890|line:342| =========此为源动态=========
2025-05-06 16:36:27,356|line:363| *********子动态开始*********
2025-05-06 16:36:27,356|line:382| *********子动态结束*********
2025-05-06 16:36:27,357|line:538| -=-=-=-=处理回最初的动态-=-=-=-=
2025-05-06 16:36:37,291|line:476| 转发成功 1063910631032225792
2025-05-06 16:36:40,617|line:495| 评论发送成功
2025-05-06 16:36:41,942|line:425| 571307144 === 已经关注了
2025-05-06 16:36:45,194|line:504| 动态-点赞 0
2025-05-06 16:36:48,195|line:520| https://t.bilibili.com/1058560128225116163
2025-05-06 16:36:48,195|line:522| 已有
2025-05-06 16:36:48,195|line:520| https://t.bilibili.com/1054180827117649944
2025-05-06 16:36:48,195|line:522| 已有
2025-05-06 16:36:48,195|line:520| https://t.bilibili.com/1058188574927618052
2025-05-06 16:36:48,196|line:522| 已有
2025-05-06 16:36:48,196|line:520| https://t.bilibili.com/1059725374339940359
2025-05-06 16:36:48,196|line:522| 已有
2025-05-06 16:36:48,196|line:520| https://t.bilibili.com/1061943755025678339
2025-05-06 16:36:51,418|line:527| 官方 或 预约 OUT！
2025-05-06 16:36:51,418|line:520| https://t.bilibili.com/1055630702851129349
2025-05-06 16:36:55,648|line:527| 官方 或 预约 OUT！
2025-05-06 16:36:55,648|line:520| https://t.bilibili.com/1061550177099186183
2025-05-06 16:36:59,967|line:342| =========此为源动态=========
2025-05-06 16:37:03,422|line:363| *********子动态开始*********
2025-05-06 16:37:03,423|line:382| *********子动态结束*********
2025-05-06 16:37:03,423|line:538| -=-=-=-=处理回最初的动态-=-=-=-=
2025-05-06 16:37:10,358|line:476| 转发成功 1063910772725252152
2025-05-06 16:37:13,678|line:495| 评论发送成功
2025-05-06 16:37:19,333|line:437| 关注 ==== 1916488462 0
2025-05-06 16:37:22,571|line:504| 动态-点赞 0
2025-05-06 16:37:24,572|line:520| https://t.bilibili.com/1057113688499027991
2025-05-06 16:37:24,572|line:522| 已有
2025-05-06 16:37:24,572|line:520| https://t.bilibili.com/1057376282814185474
2025-05-06 16:37:28,784|line:342| =========此为源动态=========
2025-05-06 16:37:33,101|line:363| *********子动态开始*********
2025-05-06 16:37:33,101|line:382| *********子动态结束*********
2025-05-06 16:37:33,102|line:538| -=-=-=-=处理回最初的动态-=-=-=-=
2025-05-06 16:37:43,142|line:476| 转发成功 1063910910205100039
2025-05-06 16:37:46,454|line:495| 评论发送成功
2025-05-06 16:37:49,749|line:425| 2070837133 === 已经关注了
2025-05-06 16:37:53,066|line:504| 动态-点赞 0
2025-05-06 16:37:54,066|line:520| https://t.bilibili.com/1059345136630104080
2025-05-06 16:37:57,351|line:527| 官方 或 预约 OUT！
2025-05-06 16:37:57,351|line:520| https://t.bilibili.com/1058146329609371648
2025-05-06 16:37:57,351|line:522| 已有
2025-05-06 16:37:57,351|line:520| https://t.bilibili.com/1056742345592012806
2025-05-06 16:37:57,351|line:522| 已有
2025-05-06 16:37:57,351|line:553| 执行结束
2025-05-06 16:37:57,351|line:559| ==================================================2025-05-07 00:37==================================================
2025-05-06 16:37:57,352|line:233| processing article 41566414
2025-05-06 16:38:02,332|line:508| ==================================================2025-05-07 00:38==================================================
2025-05-06 16:38:02,332|line:520| https://t.bilibili.com/1058944325975539735
2025-05-06 16:38:05,620|line:527| 官方 或 预约 OUT！
2025-05-06 16:38:05,620|line:520| https://t.bilibili.com/1061808265990504450
2025-05-06 16:38:10,075|line:527| 官方 或 预约 OUT！
2025-05-06 16:38:10,075|line:520| https://t.bilibili.com/1062011645577920520
2025-05-06 16:38:14,281|line:527| 官方 或 预约 OUT！
2025-05-06 16:38:14,282|line:520| https://t.bilibili.com/1059963568973152260
2025-05-06 16:38:16,706|line:342| =========此为源动态=========
2025-05-06 16:38:17,930|line:363| *********子动态开始*********
2025-05-06 16:38:17,930|line:382| *********子动态结束*********
2025-05-06 16:38:17,931|line:538| -=-=-=-=处理回最初的动态-=-=-=-=
2025-05-06 16:38:30,020|line:476| 转发成功 1063911112059125767
2025-05-06 16:38:33,369|line:495| 评论发送成功
2025-05-06 16:38:36,937|line:425| 165016731 === 已经关注了
2025-05-06 16:38:40,191|line:504| 动态-点赞 0
2025-05-06 16:38:42,192|line:520| https://t.bilibili.com/1061269960542650376
2025-05-06 16:38:44,419|line:342| =========此为源动态=========
2025-05-06 16:38:48,658|line:363| *********子动态开始*********
2025-05-06 16:38:51,221|line:380| 'data'
2025-05-06 16:38:51,222|line:381| error line:373
2025-05-06 16:38:51,222|line:382| *********子动态结束*********
2025-05-06 16:38:51,222|line:538| -=-=-=-=处理回最初的动态-=-=-=-=
2025-05-06 16:39:02,193|line:476| 转发成功 1063911253776269312
2025-05-06 16:39:05,546|line:495| 评论发送成功
2025-05-06 16:39:12,478|line:437| 关注 ==== 263173026 0
2025-05-06 16:39:15,710|line:504| 动态-点赞 0
2025-05-06 16:39:16,710|line:520| https://t.bilibili.com/1059393674052370437
2025-05-06 16:39:17,916|line:527| 官方 或 预约 OUT！
2025-05-06 16:39:17,916|line:520| https://t.bilibili.com/1061944931861397529
2025-05-06 16:39:17,916|line:522| 已有
2025-05-06 16:39:17,916|line:520| https://t.bilibili.com/1061816722753847315
2025-05-06 16:39:19,124|line:527| 官方 或 预约 OUT！
2025-05-06 16:39:19,124|line:520| https://t.bilibili.com/1060884010490658825
2025-05-06 16:39:20,485|line:527| 官方 或 预约 OUT！
2025-05-06 16:39:20,485|line:520| https://t.bilibili.com/1062779147666849828
2025-05-06 16:39:20,485|line:522| 已有
2025-05-06 16:39:20,485|line:520| https://t.bilibili.com/1062333175442702345
2025-05-06 16:39:22,715|line:527| 官方 或 预约 OUT！
2025-05-06 16:39:22,716|line:520| https://t.bilibili.com/1053346476017582084
2025-05-06 16:39:26,947|line:527| 官方 或 预约 OUT！
2025-05-06 16:39:26,948|line:553| 执行结束
2025-05-06 16:39:26,948|line:559| ==================================================2025-05-07 00:39==================================================
2025-05-06 16:39:26,948|line:233| processing article 41566345
2025-05-06 16:39:30,888|line:508| ==================================================2025-05-07 00:39==================================================
2025-05-06 16:39:30,888|line:520| https://t.bilibili.com/1061160237026771027
2025-05-06 16:39:30,888|line:522| 已有
2025-05-06 16:39:30,888|line:520| https://t.bilibili.com/1053399514565574658
2025-05-06 16:39:33,115|line:527| 官方 或 预约 OUT！
2025-05-06 16:39:33,115|line:520| https://t.bilibili.com/1061117343164268550
2025-05-06 16:39:33,115|line:522| 已有
2025-05-06 16:39:33,115|line:520| https://t.bilibili.com/1061466433835237397
2025-05-06 16:39:33,115|line:522| 已有
2025-05-06 16:39:33,116|line:520| https://t.bilibili.com/1061612424059158549
2025-05-06 16:39:35,534|line:527| 官方 或 预约 OUT！
2025-05-06 16:39:35,534|line:520| https://t.bilibili.com/1061217390178598912
2025-05-06 16:39:35,534|line:522| 已有
2025-05-06 16:39:35,535|line:520| https://t.bilibili.com/1061158531927900194
2025-05-06 16:39:35,535|line:522| 已有
2025-05-06 16:39:35,535|line:520| https://t.bilibili.com/1053126964574945281
2025-05-06 16:39:38,760|line:527| 官方 或 预约 OUT！
2025-05-06 16:39:38,760|line:520| https://t.bilibili.com/1061135558132105224
2025-05-06 16:39:38,760|line:522| 已有
2025-05-06 16:39:38,760|line:520| https://t.bilibili.com/1061149795948691476
2025-05-06 16:39:39,999|line:342| =========此为源动态=========
2025-05-06 16:39:41,453|line:363| *********子动态开始*********
2025-05-06 16:39:41,453|line:382| *********子动态结束*********
2025-05-06 16:39:41,453|line:538| -=-=-=-=处理回最初的动态-=-=-=-=
2025-05-06 16:39:49,550|line:476| 转发成功 1063911455651266565
2025-05-06 16:39:52,878|line:495| 评论发送成功
2025-05-06 16:39:55,183|line:425| 9426939 === 已经关注了
2025-05-06 16:39:58,578|line:504| 动态-点赞 0
2025-05-06 16:39:59,579|line:520| https://t.bilibili.com/1059007169923383304
2025-05-06 16:40:02,865|line:527| 官方 或 预约 OUT！
2025-05-06 16:40:02,865|line:520| https://t.bilibili.com/1059814529277362176
2025-05-06 16:40:04,153|line:342| =========此为源动态=========
2025-05-06 16:40:05,574|line:363| *********子动态开始*********
2025-05-06 16:40:05,574|line:382| *********子动态结束*********
2025-05-06 16:40:05,575|line:538| -=-=-=-=处理回最初的动态-=-=-=-=
2025-05-06 16:40:17,471|line:476| 转发成功 1063911575905107974
2025-05-06 16:40:20,792|line:495| 评论发送成功
2025-05-06 16:40:25,099|line:425| 383666009 === 已经关注了
2025-05-06 16:40:28,343|line:504| 动态-点赞 0
2025-05-06 16:40:29,343|line:520| https://t.bilibili.com/1061118416902946823
2025-05-06 16:40:29,344|line:522| 已有
2025-05-06 16:40:29,344|line:520| https://t.bilibili.com/1061832996438409233
2025-05-06 16:40:30,555|line:527| 官方 或 预约 OUT！
2025-05-06 16:40:30,556|line:520| https://t.bilibili.com/1061829304912969732
2025-05-06 16:40:30,556|line:522| 已有
2025-05-06 16:40:30,556|line:520| https://t.bilibili.com/1061525502493196291
2025-05-06 16:40:30,556|line:522| 已有
2025-05-06 16:40:30,556|line:520| https://t.bilibili.com/1061094927740436480
2025-05-06 16:40:30,557|line:522| 已有
2025-05-06 16:40:30,557|line:520| https://t.bilibili.com/1061183614548443136
2025-05-06 16:40:30,557|line:522| 已有
2025-05-06 16:40:30,557|line:520| https://t.bilibili.com/1060372153484967942
2025-05-06 16:40:31,990|line:342| =========此为源动态=========
2025-05-06 16:40:35,391|line:363| *********子动态开始*********
2025-05-06 16:40:35,392|line:382| *********子动态结束*********
2025-05-06 16:40:35,392|line:538| -=-=-=-=处理回最初的动态-=-=-=-=
2025-05-06 16:40:44,298|line:476| 转发成功 1063911691838816265
2025-05-06 16:40:47,759|line:495| 评论发送成功
2025-05-06 16:40:49,057|line:425| 1276013191 === 已经关注了
2025-05-06 16:40:52,290|line:504| 动态-点赞 0
2025-05-06 16:40:55,291|line:520| https://t.bilibili.com/1061102596438097941
2025-05-06 16:40:55,291|line:522| 已有
2025-05-06 16:40:55,291|line:520| https://t.bilibili.com/1061480650197958681
2025-05-06 16:40:59,650|line:527| 官方 或 预约 OUT！
2025-05-06 16:40:59,650|line:520| https://t.bilibili.com/1061110327380279299
2025-05-06 16:40:59,650|line:522| 已有
2025-05-06 16:40:59,650|line:520| https://t.bilibili.com/1061111879976353816
2025-05-06 16:40:59,650|line:522| 已有
2025-05-06 16:40:59,650|line:520| https://t.bilibili.com/1061206953390243843
2025-05-06 16:40:59,650|line:522| 已有
2025-05-06 16:40:59,651|line:520| https://t.bilibili.com/1061587779536814098
2025-05-06 16:41:03,934|line:527| 官方 或 预约 OUT！
2025-05-06 16:41:03,934|line:520| https://t.bilibili.com/1061230824790163492
2025-05-06 16:41:08,219|line:342| =========此为源动态=========
2025-05-06 16:41:10,627|line:363| *********子动态开始*********
2025-05-06 16:41:10,628|line:382| *********子动态结束*********
2025-05-06 16:41:10,628|line:538| -=-=-=-=处理回最初的动态-=-=-=-=
2025-05-06 16:41:20,843|line:476| 转发成功 1063911846486999049
2025-05-06 16:41:24,170|line:495| 评论发送成功
2025-05-06 16:41:26,486|line:425| 473519710 === 已经关注了
2025-05-06 16:41:29,714|line:504| 动态-点赞 0
2025-05-06 16:41:30,714|line:520| https://t.bilibili.com/1060808934501122067
2025-05-06 16:41:32,062|line:527| 官方 或 预约 OUT！
2025-05-06 16:41:32,062|line:520| https://t.bilibili.com/1061103036643934212
2025-05-06 16:41:34,293|line:527| 官方 或 预约 OUT！
2025-05-06 16:41:34,293|line:553| 执行结束
2025-05-06 16:41:34,293|line:559| ==================================================2025-05-07 00:41==================================================
2025-05-06 16:41:34,293|line:233| processing article 41559885
2025-05-06 16:41:37,417|line:508| ==================================================2025-05-07 00:41==================================================
2025-05-06 16:41:37,417|line:520| https://t.bilibili.com/1058944325975539735
2025-05-06 16:41:39,628|line:527| 官方 或 预约 OUT！
2025-05-06 16:41:39,628|line:520| https://t.bilibili.com/1061985905847304198
2025-05-06 16:41:39,628|line:522| 已有
2025-05-06 16:41:39,628|line:520| https://t.bilibili.com/1030492160511705094
2025-05-06 16:41:41,850|line:527| 官方 或 预约 OUT！
2025-05-06 16:41:41,851|line:520| https://t.bilibili.com/1053058580094124035
2025-05-06 16:41:44,068|line:527| 官方 或 预约 OUT！
2025-05-06 16:41:44,068|line:520| https://t.bilibili.com/1061239973118738435
2025-05-06 16:41:46,360|line:527| 官方 或 预约 OUT！
2025-05-06 16:41:46,361|line:520| https://t.bilibili.com/1061243817093496857
2025-05-06 16:41:48,806|line:527| 官方 或 预约 OUT！
2025-05-06 16:41:48,807|line:520| https://t.bilibili.com/1062779147666849828
2025-05-06 16:41:48,807|line:522| 已有
2025-05-06 16:41:48,807|line:520| https://t.bilibili.com/1061242451299139586
2025-05-06 16:41:52,014|line:527| 官方 或 预约 OUT！
2025-05-06 16:41:52,014|line:520| https://t.bilibili.com/1062010043539390484
2025-05-06 16:41:53,386|line:527| 官方 或 预约 OUT！
2025-05-06 16:41:53,386|line:520| https://t.bilibili.com/1059638049053343781
2025-05-06 16:41:53,386|line:522| 已有
2025-05-06 16:41:53,386|line:520| https://t.bilibili.com/1061244538653245448
2025-05-06 16:41:54,600|line:527| 官方 或 预约 OUT！
2025-05-06 16:41:54,600|line:520| https://t.bilibili.com/1061242777699876880
2025-05-06 16:41:58,976|line:527| 官方 或 预约 OUT！
2025-05-06 16:41:58,976|line:520| https://t.bilibili.com/1061657353707847687
2025-05-06 16:42:03,192|line:527| 官方 或 预约 OUT！
2025-05-06 16:42:03,192|line:520| https://t.bilibili.com/1059393674052370437
2025-05-06 16:42:05,400|line:527| 官方 或 预约 OUT！
2025-05-06 16:42:05,400|line:520| https://t.bilibili.com/1061944931861397529
2025-05-06 16:42:05,400|line:522| 已有
2025-05-06 16:42:05,400|line:520| https://t.bilibili.com/1061241759789482008
2025-05-06 16:42:08,606|line:527| 官方 或 预约 OUT！
2025-05-06 16:42:08,606|line:520| https://t.bilibili.com/1061401193254748178
2025-05-06 16:42:10,824|line:527| 官方 或 预约 OUT！
2025-05-06 16:42:10,825|line:520| https://t.bilibili.com/1060518208135495699
2025-05-06 16:42:15,039|line:527| 官方 或 预约 OUT！
2025-05-06 16:42:15,040|line:520| https://t.bilibili.com/1060483298665431080
2025-05-06 16:42:15,040|line:522| 已有
2025-05-06 16:42:15,040|line:553| 执行结束
2025-05-06 16:42:15,040|line:559| ==================================================2025-05-07 00:42==================================================
2025-05-06 16:42:15,040|line:233| processing article 41559848
2025-05-06 16:42:19,951|line:508| ==================================================2025-05-07 00:42==================================================
2025-05-06 16:42:19,951|line:520| https://t.bilibili.com/1059255805575954435
2025-05-06 16:42:19,951|line:522| 已有
2025-05-06 16:42:19,951|line:520| https://t.bilibili.com/1060708329133703187
2025-05-06 16:42:19,951|line:522| 已有
2025-05-06 16:42:19,951|line:520| https://t.bilibili.com/1058532391364067347
2025-05-06 16:42:19,952|line:522| 已有
2025-05-06 16:42:19,952|line:520| https://t.bilibili.com/1062338325053964288
2025-05-06 16:42:19,952|line:522| 已有
2025-05-06 16:42:19,952|line:520| https://t.bilibili.com/1056642532747771910
2025-05-06 16:42:19,952|line:522| 已有
2025-05-06 16:42:19,952|line:520| https://t.bilibili.com/1054483667428048919
2025-05-06 16:42:19,952|line:522| 已有
2025-05-06 16:42:19,952|line:520| https://t.bilibili.com/1060726685836509189
2025-05-06 16:42:19,952|line:522| 已有
2025-05-06 16:42:19,953|line:520| https://t.bilibili.com/1061995066989477910
2025-05-06 16:42:19,953|line:522| 已有
2025-05-06 16:42:19,953|line:520| https://t.bilibili.com/1060909322891952137
2025-05-06 16:42:19,953|line:522| 已有
2025-05-06 16:42:19,953|line:520| https://t.bilibili.com/1060499628122701875
2025-05-06 16:42:19,953|line:522| 已有
2025-05-06 16:42:19,953|line:520| https://t.bilibili.com/1060500435568164867
2025-05-06 16:42:23,174|line:527| 官方 或 预约 OUT！
2025-05-06 16:42:23,174|line:520| https://t.bilibili.com/1061581914792525833
2025-05-06 16:42:23,174|line:522| 已有
2025-05-06 16:42:23,174|line:520| https://t.bilibili.com/1058149376899153923
2025-05-06 16:42:23,174|line:522| 已有
2025-05-06 16:42:23,175|line:520| https://t.bilibili.com/1060716049361534997
2025-05-06 16:42:23,175|line:522| 已有
2025-05-06 16:42:23,175|line:520| https://t.bilibili.com/1060853997246611456
2025-05-06 16:42:23,175|line:522| 已有
2025-05-06 16:42:23,175|line:520| https://t.bilibili.com/1051556604275589120
2025-05-06 16:42:25,383|line:527| 官方 或 预约 OUT！
2025-05-06 16:42:25,383|line:520| https://t.bilibili.com/1061157677207388176
2025-05-06 16:42:27,596|line:527| 官方 或 预约 OUT！
2025-05-06 16:42:27,596|line:520| https://t.bilibili.com/1059819260214247429
2025-05-06 16:42:27,596|line:522| 已有
2025-05-06 16:42:27,596|line:520| https://t.bilibili.com/1060801091869868117
2025-05-06 16:42:27,596|line:522| 已有
2025-05-06 16:42:27,596|line:520| https://t.bilibili.com/1061938536652996647
2025-05-06 16:42:30,947|line:527| 官方 或 预约 OUT！
2025-05-06 16:42:30,947|line:520| https://t.bilibili.com/1061102596432855042
2025-05-06 16:42:30,947|line:522| 已有
2025-05-06 16:42:30,948|line:520| https://t.bilibili.com/1061835745203847172
2025-05-06 16:42:30,948|line:522| 已有
2025-05-06 16:42:30,948|line:520| https://t.bilibili.com/1060746081909866497
2025-05-06 16:42:33,181|line:527| 官方 或 预约 OUT！
2025-05-06 16:42:33,182|line:520| https://t.bilibili.com/1054785410370109440
2025-05-06 16:42:33,182|line:522| 已有
2025-05-06 16:42:33,182|line:520| https://t.bilibili.com/1061535728854368265
2025-05-06 16:42:33,182|line:522| 已有
2025-05-06 16:42:33,182|line:520| https://t.bilibili.com/1062050910178377752
2025-05-06 16:42:33,182|line:522| 已有
2025-05-06 16:42:33,182|line:520| https://t.bilibili.com/1061087136710656085
2025-05-06 16:42:33,182|line:522| 已有
2025-05-06 16:42:33,183|line:520| https://t.bilibili.com/1052562348158484485
2025-05-06 16:42:34,393|line:527| 官方 或 预约 OUT！
2025-05-06 16:42:34,393|line:553| 执行结束
2025-05-06 16:42:34,394|line:559| ==================================================2025-05-07 00:42==================================================
2025-05-06 16:42:34,394|line:233| processing article 41571090
2025-05-06 16:42:37,645|line:508| ==================================================2025-05-07 00:42==================================================
2025-05-06 16:42:37,645|line:520| https://t.bilibili.com/1063681344196837382
2025-05-06 16:42:38,861|line:337| =========此为子动态=========
2025-05-06 16:42:41,160|line:401| *************原动态已存在***************
2025-05-06 16:42:42,566|line:363| *********子动态开始*********
2025-05-06 16:42:50,467|line:476| 转发成功 1063912233034055686
2025-05-06 16:42:53,867|line:495| 评论发送成功
2025-05-06 16:43:00,392|line:425| 343198 === 已经关注了
2025-05-06 16:43:00,392|line:377| ----完成一个子动态----
2025-05-06 16:43:11,396|line:476| 转发成功 1063912323228368905
2025-05-06 16:43:14,709|line:495| 评论发送成功
2025-05-06 16:43:22,226|line:425| 346469145 === 已经关注了
2025-05-06 16:43:22,226|line:377| ----完成一个子动态----
2025-05-06 16:43:33,303|line:476| 转发成功 1063912417730232336
2025-05-06 16:43:36,615|line:495| 评论发送成功
2025-05-06 16:43:45,178|line:425| 479444311 === 已经关注了
2025-05-06 16:43:45,178|line:377| ----完成一个子动态----
2025-05-06 16:43:45,179|line:382| *********子动态结束*********
2025-05-06 16:43:47,180|line:520| https://t.bilibili.com/1063741447976517637
2025-05-06 16:43:49,623|line:342| =========此为源动态=========
2025-05-06 16:43:51,871|line:363| *********子动态开始*********
2025-05-06 16:43:51,871|line:382| *********子动态结束*********
2025-05-06 16:43:51,871|line:538| -=-=-=-=处理回最初的动态-=-=-=-=
2025-05-06 16:44:01,805|line:476| 转发成功 1063912537942130689
2025-05-06 16:44:05,235|line:495| 评论发送成功
2025-05-06 16:44:07,566|line:425| 383666009 === 已经关注了
2025-05-06 16:44:10,823|line:504| 动态-点赞 0
2025-05-06 16:44:14,823|line:520| https://t.bilibili.com/1063443858280415252
2025-05-06 16:44:14,823|line:522| 已有
2025-05-06 16:44:14,824|line:520| https://t.bilibili.com/1063509962092707845
2025-05-06 16:44:19,105|line:527| 官方 或 预约 OUT！
2025-05-06 16:44:19,105|line:520| https://t.bilibili.com/1063714655944310804
2025-05-06 16:44:21,320|line:342| =========此为源动态=========
2025-05-06 16:44:23,735|line:363| *********子动态开始*********
2025-05-06 16:44:23,735|line:382| *********子动态结束*********
2025-05-06 16:44:23,735|line:538| -=-=-=-=处理回最初的动态-=-=-=-=
2025-05-06 16:44:31,672|line:476| 转发成功 1063912666822606848
2025-05-06 16:44:34,976|line:495| 评论发送成功
2025-05-06 16:44:40,617|line:437| 关注 ==== 34932803 0
2025-05-06 16:44:43,857|line:504| 动态-点赞 0
2025-05-06 16:44:47,857|line:520| https://t.bilibili.com/1035593318931628032
2025-05-06 16:44:51,147|line:527| 官方 或 预约 OUT！
2025-05-06 16:44:51,147|line:520| https://t.bilibili.com/1063669268860633109
2025-05-06 16:44:52,362|line:342| =========此为源动态=========
2025-05-06 16:44:54,605|line:363| *********子动态开始*********
2025-05-06 16:44:54,606|line:382| *********子动态结束*********
2025-05-06 16:44:54,606|line:538| -=-=-=-=处理回最初的动态-=-=-=-=
2025-05-06 16:45:06,676|line:476| 转发成功 1063912817150656518
2025-05-06 16:45:09,979|line:495| 评论发送成功
2025-05-06 16:45:12,284|line:425| 351899011 === 已经关注了
2025-05-06 16:45:15,526|line:504| 动态-点赞 0
2025-05-06 16:45:18,526|line:520| https://t.bilibili.com/1063685055002443778
2025-05-06 16:45:21,738|line:337| =========此为子动态=========
2025-05-06 16:45:23,029|line:388| *************原动态处理开始***************
2025-05-06 16:45:28,592|line:476| 转发成功 1063912911620014085
2025-05-06 16:45:32,081|line:495| 评论发送成功
2025-05-06 16:45:34,379|line:425| 628831867 === 已经关注了
2025-05-06 16:45:37,611|line:504| 动态-点赞 0
2025-05-06 16:45:37,611|line:397| *************原动态处理完成***************
2025-05-06 16:45:39,860|line:363| *********子动态开始*********
2025-05-06 16:45:48,897|line:476| 转发成功 1063912997518311456
2025-05-06 16:45:52,366|line:495| 评论发送成功
2025-05-06 16:45:58,177|line:425| 396808737 === 已经关注了
2025-05-06 16:45:58,178|line:377| ----完成一个子动态----
2025-05-06 16:46:02,855|line:382| *********子动态结束*********
2025-05-06 16:46:06,855|line:520| https://t.bilibili.com/1063464517064720390
2025-05-06 16:46:09,160|line:527| 官方 或 预约 OUT！
2025-05-06 16:46:09,160|line:520| https://t.bilibili.com/1056020801838383104
2025-05-06 16:46:13,368|line:527| 官方 或 预约 OUT！
2025-05-06 16:46:13,368|line:520| https://t.bilibili.com/1063752541864460291
2025-05-06 16:46:15,657|line:527| 官方 或 预约 OUT！
2025-05-06 16:46:15,657|line:520| https://t.bilibili.com/1063756536180899844
2025-05-06 16:46:18,864|line:337| =========此为子动态=========
2025-05-06 16:46:21,170|line:401| *************原动态已存在***************
2025-05-06 16:46:23,592|line:363| *********子动态开始*********
2025-05-06 16:46:34,520|line:476| 转发成功 1063913195093098497
2025-05-06 16:46:37,837|line:495| 评论发送成功
2025-05-06 16:46:44,340|line:425| 1024366005 === 已经关注了
2025-05-06 16:46:44,340|line:377| ----完成一个子动态----
2025-05-06 16:46:54,321|line:476| 转发成功 1063913281018658824
2025-05-06 16:46:57,699|line:495| 评论发送成功
2025-05-06 16:47:03,218|line:425| 343198 === 已经关注了
2025-05-06 16:47:03,218|line:377| ----完成一个子动态----
2025-05-06 16:47:11,124|line:476| 转发成功 1063913349746524185
2025-05-06 16:47:14,434|line:495| 评论发送成功
2025-05-06 16:47:21,024|line:425| 1129687681 === 已经关注了
2025-05-06 16:47:21,024|line:377| ----完成一个子动态----
2025-05-06 16:47:28,957|line:476| 转发成功 1063913427016089603
2025-05-06 16:47:32,266|line:495| 评论发送成功
2025-05-06 16:47:37,782|line:425| 1681276938 === 已经关注了
2025-05-06 16:47:37,782|line:377| ----完成一个子动态----
2025-05-06 16:47:45,759|line:476| 转发成功 1063913500033679378
2025-05-06 16:47:49,059|line:495| 评论发送成功
2025-05-06 16:47:52,736|line:425| 63414376 === 已经关注了
2025-05-06 16:47:52,736|line:377| ----完成一个子动态----
2025-05-06 16:47:52,737|line:382| *********子动态结束*********
2025-05-06 16:47:56,737|line:520| https://t.bilibili.com/1063747705690390567
2025-05-06 16:47:57,960|line:342| =========此为源动态=========
2025-05-06 16:47:59,635|line:363| *********子动态开始*********
2025-05-06 16:47:59,635|line:382| *********子动态结束*********
2025-05-06 16:47:59,635|line:538| -=-=-=-=处理回最初的动态-=-=-=-=
2025-05-06 16:48:11,548|line:476| 转发成功 1063913611701780517
2025-05-06 16:48:15,027|line:495| 评论发送成功
2025-05-06 16:48:16,326|line:425| 488757623 === 已经关注了
2025-05-06 16:48:19,557|line:504| 动态-点赞 0
2025-05-06 16:48:21,558|line:520| https://t.bilibili.com/1063745072885923865
2025-05-06 16:48:25,780|line:342| =========此为源动态=========
2025-05-06 16:48:27,043|line:363| *********子动态开始*********
2025-05-06 16:48:27,043|line:382| *********子动态结束*********
2025-05-06 16:48:27,043|line:538| -=-=-=-=处理回最初的动态-=-=-=-=
2025-05-06 16:48:33,909|line:476| 转发成功 1063913706190012425
2025-05-06 16:48:37,363|line:495| 评论发送成功
2025-05-06 16:48:40,657|line:425| 436170053 === 已经关注了
2025-05-06 16:48:43,888|line:504| 动态-点赞 0
2025-05-06 16:48:45,888|line:520| https://t.bilibili.com/1063517405301440513
2025-05-06 16:48:45,888|line:522| 已有
2025-05-06 16:48:45,889|line:520| https://t.bilibili.com/1063789744861741075
2025-05-06 16:48:48,098|line:337| =========此为子动态=========
2025-05-06 16:48:52,390|line:401| *************原动态已存在***************
2025-05-06 16:48:54,710|line:363| *********子动态开始*********
2025-05-06 16:49:03,611|line:476| 转发成功 1063913835025399816
2025-05-06 16:49:06,918|line:495| 评论发送成功
2025-05-06 16:49:11,500|line:425| 479384351 === 已经关注了
2025-05-06 16:49:11,501|line:377| ----完成一个子动态----
2025-05-06 16:49:20,509|line:476| 转发成功 1063913908049281030
2025-05-06 16:49:23,820|line:495| 评论发送成功
2025-05-06 16:49:28,405|line:425| 333641046 === 已经关注了
2025-05-06 16:49:28,405|line:377| ----完成一个子动态----
2025-05-06 16:49:28,406|line:382| *********子动态结束*********
2025-05-06 16:49:31,407|line:520| https://t.bilibili.com/1063808539622899715
2025-05-06 16:49:35,770|line:342| =========此为源动态=========
2025-05-06 16:49:40,173|line:363| *********子动态开始*********
2025-05-06 16:49:40,173|line:382| *********子动态结束*********
2025-05-06 16:49:40,173|line:538| -=-=-=-=处理回最初的动态-=-=-=-=
2025-05-06 16:49:48,189|line:476| 转发成功 1063914028331433988
2025-05-06 16:49:51,495|line:495| 评论发送成功
2025-05-06 16:49:53,819|line:425| 401315430 === 已经关注了
2025-05-06 16:49:57,056|line:504| 动态-点赞 0
2025-05-06 16:50:01,056|line:520| https://t.bilibili.com/1063742861019709496
2025-05-06 16:50:01,056|line:522| 已有
2025-05-06 16:50:01,057|line:520| https://t.bilibili.com/1063692661430419461
2025-05-06 16:50:05,268|line:527| 官方 或 预约 OUT！
2025-05-06 16:50:05,268|line:520| https://t.bilibili.com/1063785346809987076
2025-05-06 16:50:07,479|line:342| =========此为源动态=========
2025-05-06 16:50:09,887|line:363| *********子动态开始*********
2025-05-06 16:50:09,887|line:382| *********子动态结束*********
2025-05-06 16:50:09,888|line:538| -=-=-=-=处理回最初的动态-=-=-=-=
2025-05-06 16:50:15,933|line:476| 转发成功 1063914144309182482
2025-05-06 16:50:19,245|line:495| 评论发送成功
2025-05-06 16:50:21,550|line:425| 35365327 === 已经关注了
2025-05-06 16:50:24,790|line:504| 动态-点赞 0
2025-05-06 16:50:28,791|line:520| https://t.bilibili.com/1063752219711504386
2025-05-06 16:50:28,791|line:522| 已有
2025-05-06 16:50:28,791|line:520| https://t.bilibili.com/1063715654540984327
2025-05-06 16:50:32,075|line:342| =========此为源动态=========
2025-05-06 16:50:33,323|line:363| *********子动态开始*********
2025-05-06 16:50:33,323|line:382| *********子动态结束*********
2025-05-06 16:50:33,323|line:538| -=-=-=-=处理回最初的动态-=-=-=-=
2025-05-06 16:50:41,446|line:476| 转发成功 1063914255960506370
2025-05-06 16:50:44,848|line:495| 评论发送成功
2025-05-06 16:50:48,166|line:425| 471130755 === 已经关注了
2025-05-06 16:50:51,401|line:504| 动态-点赞 0
2025-05-06 16:50:52,401|line:520| https://t.bilibili.com/1063769777565073433
2025-05-06 16:50:52,402|line:522| 已有
2025-05-06 16:50:52,402|line:520| https://t.bilibili.com/1063751695741222916
2025-05-06 16:50:56,691|line:337| =========此为子动态=========
2025-05-06 16:51:01,304|line:401| *************原动态已存在***************
2025-05-06 16:51:04,714|line:363| *********子动态开始*********
2025-05-06 16:51:12,631|line:476| 转发成功 1063914389078278151
2025-05-06 16:51:15,949|line:495| 评论发送成功
2025-05-06 16:51:23,472|line:425| 479444311 === 已经关注了
2025-05-06 16:51:23,472|line:377| ----完成一个子动态----
2025-05-06 16:51:23,473|line:382| *********子动态结束*********
2025-05-06 16:51:27,474|line:520| https://t.bilibili.com/1063676297605021713
2025-05-06 16:51:30,778|line:342| =========此为源动态=========
2025-05-06 16:51:35,296|line:363| *********子动态开始*********
2025-05-06 16:51:35,296|line:382| *********子动态结束*********
2025-05-06 16:51:35,296|line:538| -=-=-=-=处理回最初的动态-=-=-=-=
2025-05-06 16:51:42,265|line:476| 转发成功 1063914517927297031
2025-05-06 16:51:45,601|line:495| 评论发送成功
2025-05-06 16:51:47,099|line:425| 3546880040503732 === 已经关注了
2025-05-06 16:51:50,357|line:504| 动态-点赞 0
2025-05-06 16:51:51,358|line:520| https://t.bilibili.com/1063794641125507072
2025-05-06 16:51:51,358|line:522| 已有
2025-05-06 16:51:51,358|line:520| https://t.bilibili.com/1063810468052729859
2025-05-06 16:51:52,590|line:342| =========此为源动态=========
2025-05-06 16:51:53,858|line:363| *********子动态开始*********
2025-05-06 16:51:53,858|line:382| *********子动态结束*********
2025-05-06 16:51:53,858|line:538| -=-=-=-=处理回最初的动态-=-=-=-=
2025-05-06 16:51:59,817|line:476| 转发成功 1063914590983684098
2025-05-06 16:52:03,177|line:495| 评论发送成功
2025-05-06 16:52:07,490|line:425| 395606249 === 已经关注了
2025-05-06 16:52:10,741|line:504| 动态-点赞 0
2025-05-06 16:52:11,741|line:520| https://t.bilibili.com/1063769219195207717
2025-05-06 16:52:11,741|line:522| 已有
2025-05-06 16:52:11,742|line:520| https://t.bilibili.com/1063682830214627337
2025-05-06 16:52:14,974|line:342| =========此为源动态=========
2025-05-06 16:52:18,238|line:363| *********子动态开始*********
2025-05-06 16:52:18,238|line:382| *********子动态结束*********
2025-05-06 16:52:18,238|line:538| -=-=-=-=处理回最初的动态-=-=-=-=
2025-05-06 16:52:26,154|line:476| 转发成功 1063914706927878151
2025-05-06 16:52:29,495|line:495| 评论发送成功
2025-05-06 16:52:30,999|line:425| 402328562 === 已经关注了
2025-05-06 16:52:34,252|line:504| 动态-点赞 0
2025-05-06 16:52:36,253|line:520| https://t.bilibili.com/1063683942646808615
2025-05-06 16:52:39,548|line:342| =========此为源动态=========
2025-05-06 16:52:40,965|line:363| *********子动态开始*********
2025-05-06 16:52:40,966|line:382| *********子动态结束*********
2025-05-06 16:52:40,966|line:538| -=-=-=-=处理回最初的动态-=-=-=-=
2025-05-06 16:52:51,014|line:476| 转发成功 1063914810019676181
2025-05-06 16:52:54,347|line:495| 评论发送成功
2025-05-06 16:52:56,809|line:425| 1567835994 === 已经关注了
2025-05-06 16:53:00,036|line:504| 动态-点赞 0
2025-05-06 16:53:01,036|line:520| https://t.bilibili.com/1054380562444189712
2025-05-06 16:53:02,246|line:527| 官方 或 预约 OUT！
2025-05-06 16:53:02,246|line:520| https://t.bilibili.com/1063749028581212163
2025-05-06 16:53:04,533|line:342| =========此为源动态=========
2025-05-06 16:53:08,935|line:363| *********子动态开始*********
2025-05-06 16:53:08,935|line:382| *********子动态结束*********
2025-05-06 16:53:08,936|line:538| -=-=-=-=处理回最初的动态-=-=-=-=
2025-05-06 16:53:20,794|line:476| 转发成功 1063914938834092051
2025-05-06 16:53:24,113|line:495| 评论发送成功
2025-05-06 16:53:25,408|line:425| 103261012 === 已经关注了
2025-05-06 16:53:28,641|line:504| 动态-点赞 0
2025-05-06 16:53:32,642|line:520| https://t.bilibili.com/1063684876792758279
2025-05-06 16:53:36,923|line:527| 官方 或 预约 OUT！
2025-05-06 16:53:36,924|line:520| https://t.bilibili.com/1063507226217414672
2025-05-06 16:53:39,203|line:342| =========此为源动态=========
2025-05-06 16:53:41,425|line:363| *********子动态开始*********
2025-05-06 16:53:41,425|line:382| *********子动态结束*********
2025-05-06 16:53:41,425|line:538| -=-=-=-=处理回最初的动态-=-=-=-=
2025-05-06 16:53:47,571|line:476| 转发成功 1063915054805549065
2025-05-06 16:53:51,017|line:495| 评论发送成功
2025-05-06 16:53:53,467|line:425| 100680137 === 已经关注了
2025-05-06 16:53:56,820|line:504| 动态-点赞 0
2025-05-06 16:53:59,820|line:553| 执行结束
2025-05-06 16:53:59,821|line:559| ==================================================2025-05-07 00:53==================================================
2025-05-06 16:53:59,821|line:233| processing article 41570678
2025-05-06 16:54:02,914|line:508| ==================================================2025-05-07 00:54==================================================
2025-05-06 16:54:02,914|line:520| https://t.bilibili.com/1059757423398486039
2025-05-06 16:54:04,139|line:527| 官方 或 预约 OUT！
2025-05-06 16:54:04,139|line:520| https://t.bilibili.com/1063464517064720390
2025-05-06 16:54:07,349|line:527| 官方 或 预约 OUT！
2025-05-06 16:54:07,349|line:520| https://t.bilibili.com/1052990397502980120
2025-05-06 16:54:07,350|line:522| 已有
2025-05-06 16:54:07,350|line:520| https://t.bilibili.com/1056020801838383104
2025-05-06 16:54:09,563|line:527| 官方 或 预约 OUT！
2025-05-06 16:54:09,563|line:520| https://t.bilibili.com/1061222475402051623
2025-05-06 16:54:14,028|line:527| 官方 或 预约 OUT！
2025-05-06 16:54:14,028|line:520| https://t.bilibili.com/1062682807231315973
2025-05-06 16:54:15,312|line:527| 官方 或 预约 OUT！
2025-05-06 16:54:15,313|line:520| https://t.bilibili.com/1060381507938418708
2025-05-06 16:54:18,533|line:527| 官方 或 预约 OUT！
2025-05-06 16:54:18,533|line:520| https://t.bilibili.com/1063443858280415252
2025-05-06 16:54:18,533|line:522| 已有
2025-05-06 16:54:18,533|line:520| https://t.bilibili.com/1061134385640636432
2025-05-06 16:54:19,757|line:527| 官方 或 预约 OUT！
2025-05-06 16:54:19,758|line:520| https://t.bilibili.com/1059788454540345346
2025-05-06 16:54:23,970|line:527| 官方 或 预约 OUT！
2025-05-06 16:54:23,970|line:520| https://t.bilibili.com/1060129818513768513
2025-05-06 16:54:27,178|line:527| 官方 或 预约 OUT！
2025-05-06 16:54:27,178|line:520| https://t.bilibili.com/1054380562444189712
2025-05-06 16:54:28,387|line:527| 官方 或 预约 OUT！
2025-05-06 16:54:28,387|line:520| https://t.bilibili.com/1057150081886584837
2025-05-06 16:54:31,606|line:527| 官方 或 预约 OUT！
2025-05-06 16:54:31,606|line:520| https://t.bilibili.com/1061551036108374081
2025-05-06 16:54:32,814|line:527| 官方 或 预约 OUT！
2025-05-06 16:54:32,814|line:520| https://t.bilibili.com/1035593318931628032
2025-05-06 16:54:37,017|line:527| 官方 或 预约 OUT！
2025-05-06 16:54:37,017|line:520| https://t.bilibili.com/1056309861742018633
2025-05-06 16:54:41,308|line:527| 官方 或 预约 OUT！
2025-05-06 16:54:41,308|line:520| https://t.bilibili.com/1057901211563327488
2025-05-06 16:54:42,582|line:527| 官方 或 预约 OUT！
2025-05-06 16:54:42,582|line:520| https://t.bilibili.com/1059803839106908183
2025-05-06 16:54:44,788|line:527| 官方 或 预约 OUT！
2025-05-06 16:54:44,789|line:553| 执行结束
2025-05-06 16:54:44,789|line:559| ==================================================2025-05-07 00:54==================================================
2025-05-06 16:54:44,789|line:233| processing article 41570609
2025-05-06 16:54:47,842|line:508| ==================================================2025-05-07 00:54==================================================
2025-05-06 16:54:47,842|line:520| https://t.bilibili.com/1059757423398486039
2025-05-06 16:54:52,053|line:527| 官方 或 预约 OUT！
2025-05-06 16:54:52,053|line:520| https://t.bilibili.com/1061491855722545158
2025-05-06 16:54:53,266|line:527| 官方 或 预约 OUT！
2025-05-06 16:54:53,266|line:520| https://t.bilibili.com/1063443858280415252
2025-05-06 16:54:53,267|line:522| 已有
2025-05-06 16:54:53,267|line:520| https://t.bilibili.com/1058599865279315969
2025-05-06 16:54:56,483|line:527| 官方 或 预约 OUT！
2025-05-06 16:54:56,483|line:520| https://t.bilibili.com/1059680126895128584
2025-05-06 16:54:59,691|line:527| 官方 或 预约 OUT！
2025-05-06 16:54:59,691|line:520| https://t.bilibili.com/1062252511607390212
2025-05-06 16:55:00,908|line:527| 官方 或 预约 OUT！
2025-05-06 16:55:00,908|line:520| https://t.bilibili.com/1058899233113899047
2025-05-06 16:55:03,215|line:527| 官方 或 预约 OUT！
2025-05-06 16:55:03,215|line:520| https://t.bilibili.com/1035593318931628032
2025-05-06 16:55:07,796|line:527| 官方 或 预约 OUT！
2025-05-06 16:55:07,796|line:520| https://t.bilibili.com/1056309861742018633
2025-05-06 16:55:10,132|line:527| 官方 或 预约 OUT！
2025-05-06 16:55:10,133|line:520| https://t.bilibili.com/1059633762712682502
2025-05-06 16:55:13,468|line:527| 官方 或 预约 OUT！
2025-05-06 16:55:13,468|line:520| https://t.bilibili.com/1061919548567977993
2025-05-06 16:55:15,805|line:527| 官方 或 预约 OUT！
2025-05-06 16:55:15,805|line:520| https://t.bilibili.com/1061134385640636432
2025-05-06 16:55:18,152|line:527| 官方 或 预约 OUT！
2025-05-06 16:55:18,153|line:520| https://t.bilibili.com/1060381507938418708
2025-05-06 16:55:20,490|line:527| 官方 或 预约 OUT！
2025-05-06 16:55:20,490|line:520| https://t.bilibili.com/1059803839106908183
2025-05-06 16:55:22,896|line:527| 官方 或 预约 OUT！
2025-05-06 16:55:22,896|line:520| https://t.bilibili.com/1057113518864597000
2025-05-06 16:55:26,225|line:527| 官方 或 预约 OUT！
2025-05-06 16:55:26,225|line:520| https://t.bilibili.com/1063491854531559430
2025-05-06 16:55:27,574|line:527| 官方 或 预约 OUT！
2025-05-06 16:55:27,574|line:520| https://t.bilibili.com/1061525412330340376
2025-05-06 16:55:28,907|line:527| 官方 或 预约 OUT！
2025-05-06 16:55:28,907|line:520| https://t.bilibili.com/1061582088731361298
2025-05-06 16:55:31,239|line:527| 官方 或 预约 OUT！
2025-05-06 16:55:31,239|line:520| https://t.bilibili.com/1063464517064720390
2025-05-06 16:55:33,573|line:527| 官方 或 预约 OUT！
2025-05-06 16:55:33,573|line:520| https://t.bilibili.com/1052990397502980120
2025-05-06 16:55:33,573|line:522| 已有
2025-05-06 16:55:33,573|line:520| https://t.bilibili.com/1061845018046627841
2025-05-06 16:55:37,912|line:527| 官方 或 预约 OUT！
2025-05-06 16:55:37,912|line:520| https://t.bilibili.com/1060793524149026824
2025-05-06 16:55:40,245|line:527| 官方 或 预约 OUT！
2025-05-06 16:55:40,245|line:520| https://t.bilibili.com/1056020801838383104
2025-05-06 16:55:43,581|line:527| 官方 或 预约 OUT！
2025-05-06 16:55:43,581|line:520| https://t.bilibili.com/1061606917937299465
2025-05-06 16:55:46,915|line:527| 官方 或 预约 OUT！
2025-05-06 16:55:46,915|line:520| https://t.bilibili.com/1059699123490390018
2025-05-06 16:55:51,250|line:527| 官方 或 预约 OUT！
2025-05-06 16:55:51,250|line:520| https://t.bilibili.com/1061557070502821891
2025-05-06 16:55:54,585|line:527| 官方 或 预约 OUT！
2025-05-06 16:55:54,585|line:520| https://t.bilibili.com/1059788454540345346
2025-05-06 16:55:57,920|line:527| 官方 或 预约 OUT！
2025-05-06 16:55:57,920|line:520| https://t.bilibili.com/1057150081886584837
2025-05-06 16:55:59,273|line:527| 官方 或 预约 OUT！
2025-05-06 16:55:59,274|line:520| https://t.bilibili.com/1061210951981727747
2025-05-06 16:56:00,645|line:527| 官方 或 预约 OUT！
2025-05-06 16:56:00,645|line:520| https://t.bilibili.com/1057901211563327488
2025-05-06 16:56:03,978|line:527| 官方 或 预约 OUT！
2025-05-06 16:56:03,978|line:520| https://t.bilibili.com/1060375890086592547
2025-05-06 16:56:08,306|line:527| 官方 或 预约 OUT！
2025-05-06 16:56:08,307|line:520| https://t.bilibili.com/1061489407593283584
2025-05-06 16:56:10,645|line:527| 官方 或 预约 OUT！
2025-05-06 16:56:10,645|line:520| https://t.bilibili.com/1061482273689305091
2025-05-06 16:56:15,100|line:527| 官方 或 预约 OUT！
2025-05-06 16:56:15,100|line:520| https://t.bilibili.com/1063680197441617928
2025-05-06 16:56:17,435|line:527| 官方 或 预约 OUT！
2025-05-06 16:56:17,435|line:520| https://t.bilibili.com/1062682807231315973
2025-05-06 16:56:19,765|line:527| 官方 或 预约 OUT！
2025-05-06 16:56:19,766|line:520| https://t.bilibili.com/1061489175706992693
2025-05-06 16:56:24,115|line:527| 官方 或 预约 OUT！
2025-05-06 16:56:24,115|line:520| https://t.bilibili.com/1059247172710563881
2025-05-06 16:56:28,454|line:527| 官方 或 预约 OUT！
2025-05-06 16:56:28,455|line:520| https://t.bilibili.com/1061582011396784176
2025-05-06 16:56:32,791|line:527| 官方 或 预约 OUT！
2025-05-06 16:56:32,791|line:520| https://t.bilibili.com/1061551036108374081
2025-05-06 16:56:36,209|line:527| 官方 或 预约 OUT！
2025-05-06 16:56:36,209|line:520| https://t.bilibili.com/1061570629743935488
2025-05-06 16:56:37,556|line:527| 官方 或 预约 OUT！
2025-05-06 16:56:37,556|line:520| https://t.bilibili.com/1061581912623022121
2025-05-06 16:56:41,837|line:527| 官方 或 预约 OUT！
2025-05-06 16:56:41,838|line:520| https://t.bilibili.com/1061102963615858696
2025-05-06 16:56:46,131|line:527| 官方 或 预约 OUT！
2025-05-06 16:56:46,131|line:520| https://t.bilibili.com/1059741965787070516
2025-05-06 16:56:49,351|line:527| 官方 或 预约 OUT！
2025-05-06 16:56:49,351|line:520| https://t.bilibili.com/1058951116306251783
2025-05-06 16:56:50,567|line:527| 官方 或 预约 OUT！
2025-05-06 16:56:50,567|line:520| https://t.bilibili.com/1063473287347044359
2025-05-06 16:56:51,785|line:527| 官方 或 预约 OUT！
2025-05-06 16:56:51,786|line:520| https://t.bilibili.com/1059711196687499266
2025-05-06 16:56:54,997|line:527| 官方 或 预约 OUT！
2025-05-06 16:56:54,997|line:520| https://t.bilibili.com/1061906745315557379
2025-05-06 16:56:59,211|line:527| 官方 或 预约 OUT！
2025-05-06 16:56:59,211|line:520| https://t.bilibili.com/1061222475402051623
2025-05-06 16:57:03,494|line:527| 官方 或 预约 OUT！
2025-05-06 16:57:03,494|line:520| https://t.bilibili.com/1061459682122530823
2025-05-06 16:57:06,873|line:527| 官方 或 预约 OUT！
2025-05-06 16:57:06,873|line:520| https://t.bilibili.com/1059614821898518528
2025-05-06 16:57:09,090|line:527| 官方 或 预约 OUT！
2025-05-06 16:57:09,090|line:520| https://t.bilibili.com/1059772893843423232
2025-05-06 16:57:10,303|line:527| 官方 或 预约 OUT！
2025-05-06 16:57:10,304|line:520| https://t.bilibili.com/1058706019728752672
2025-05-06 16:57:12,514|line:527| 官方 或 预约 OUT！
2025-05-06 16:57:12,515|line:520| https://t.bilibili.com/1054380562444189712
2025-05-06 16:57:13,785|line:527| 官方 或 预约 OUT！
2025-05-06 16:57:13,786|line:520| https://t.bilibili.com/1060129818513768513
2025-05-06 16:57:17,001|line:527| 官方 或 预约 OUT！
2025-05-06 16:57:17,001|line:520| https://t.bilibili.com/1059695648883867681
2025-05-06 16:57:20,215|line:527| 官方 或 预约 OUT！
2025-05-06 16:57:20,215|line:520| https://t.bilibili.com/1059726499621372020
2025-05-06 16:57:21,424|line:527| 官方 或 预约 OUT！
2025-05-06 16:57:21,424|line:520| https://t.bilibili.com/1061489201432756273
2025-05-06 16:57:25,637|line:527| 官方 或 预约 OUT！
2025-05-06 16:57:25,637|line:553| 执行结束
2025-05-06 16:57:25,638|line:559| ==================================================2025-05-07 00:57==================================================
2025-05-06 16:57:25,638|line:233| processing article 41561120
2025-05-06 16:57:31,172|line:508| ==================================================2025-05-07 00:57==================================================
2025-05-06 16:57:31,172|line:520| https://t.bilibili.com/1063431596104744968
2025-05-06 16:57:31,173|line:522| 已有
2025-05-06 16:57:31,173|line:520| https://t.bilibili.com/1063128839611220017
2025-05-06 16:57:31,173|line:522| 已有
2025-05-06 16:57:31,173|line:520| https://t.bilibili.com/1063344569334104066
2025-05-06 16:57:31,173|line:522| 已有
2025-05-06 16:57:31,173|line:520| https://t.bilibili.com/1063443858280415252
2025-05-06 16:57:31,173|line:522| 已有
2025-05-06 16:57:31,173|line:520| https://t.bilibili.com/1035593318931628032
2025-05-06 16:57:32,390|line:527| 官方 或 预约 OUT！
2025-05-06 16:57:32,390|line:520| https://t.bilibili.com/1063353127073218614
2025-05-06 16:57:35,757|line:527| 官方 或 预约 OUT！
2025-05-06 16:57:35,757|line:520| https://t.bilibili.com/1063302467944448007
2025-05-06 16:57:35,757|line:522| 已有
2025-05-06 16:57:35,757|line:520| https://t.bilibili.com/1063464517064720390
2025-05-06 16:57:39,968|line:527| 官方 或 预约 OUT！
2025-05-06 16:57:39,969|line:520| https://t.bilibili.com/1056020801838383104
2025-05-06 16:57:43,248|line:527| 官方 或 预约 OUT！
2025-05-06 16:57:43,248|line:520| https://t.bilibili.com/1063324389447041031
2025-05-06 16:57:44,460|line:527| 官方 或 预约 OUT！
2025-05-06 16:57:44,461|line:520| https://t.bilibili.com/1063297915251851269
2025-05-06 16:57:45,673|line:527| 官方 或 预约 OUT！
2025-05-06 16:57:45,673|line:520| https://t.bilibili.com/1062303024720904196
2025-05-06 16:57:48,883|line:527| 官方 或 预约 OUT！
2025-05-06 16:57:48,884|line:520| https://t.bilibili.com/1057901211563327488
2025-05-06 16:57:53,097|line:527| 官方 或 预约 OUT！
2025-05-06 16:57:53,097|line:520| https://t.bilibili.com/1063444725849128960
2025-05-06 16:57:55,327|line:527| 官方 或 预约 OUT！
2025-05-06 16:57:55,327|line:520| https://t.bilibili.com/1063344807724711956
2025-05-06 16:57:57,543|line:527| 官方 或 预约 OUT！
2025-05-06 16:57:57,543|line:520| https://t.bilibili.com/1063303795047399430
2025-05-06 16:57:57,543|line:522| 已有
2025-05-06 16:57:57,544|line:520| https://t.bilibili.com/1063313922629566502
2025-05-06 16:58:00,755|line:527| 官方 或 预约 OUT！
2025-05-06 16:58:00,755|line:520| https://t.bilibili.com/1063424878822031362
2025-05-06 16:58:00,755|line:522| 已有
2025-05-06 16:58:00,755|line:520| https://t.bilibili.com/1063347689642524680
2025-05-06 16:58:02,968|line:527| 官方 或 预约 OUT！
2025-05-06 16:58:02,968|line:520| https://t.bilibili.com/1054380562444189712
2025-05-06 16:58:04,175|line:527| 官方 或 预约 OUT！
2025-05-06 16:58:04,176|line:520| https://t.bilibili.com/1063410056875212824
2025-05-06 16:58:04,176|line:522| 已有
2025-05-06 16:58:04,176|line:553| 执行结束
2025-05-06 16:58:04,176|line:559| ==================================================2025-05-07 00:58==================================================
2025-05-06 16:58:04,176|line:233| processing article 41559877
2025-05-06 16:58:06,176|line:508| ==================================================2025-05-07 00:58==================================================
2025-05-06 16:58:06,176|line:520| https://t.bilibili.com/1059747935793709076
2025-05-06 16:58:08,393|line:527| 官方 或 预约 OUT！
2025-05-06 16:58:08,393|line:520| https://t.bilibili.com/1063464517064720390
2025-05-06 16:58:09,671|line:527| 官方 或 预约 OUT！
2025-05-06 16:58:09,672|line:520| https://t.bilibili.com/1047169879301423113
2025-05-06 16:58:12,950|line:527| 官方 或 预约 OUT！
2025-05-06 16:58:12,950|line:520| https://t.bilibili.com/1056020801838383104
2025-05-06 16:58:16,164|line:527| 官方 或 预约 OUT！
2025-05-06 16:58:16,164|line:520| https://t.bilibili.com/1059355161072238617
2025-05-06 16:58:19,375|line:527| 官方 或 预约 OUT！
2025-05-06 16:58:19,375|line:520| https://t.bilibili.com/1061829564743811072
2025-05-06 16:58:23,589|line:527| 官方 或 预约 OUT！
2025-05-06 16:58:23,589|line:520| https://t.bilibili.com/1056631550515347456
2025-05-06 16:58:25,797|line:527| 官方 或 预约 OUT！
2025-05-06 16:58:25,797|line:520| https://t.bilibili.com/1063443858280415252
2025-05-06 16:58:25,797|line:522| 已有
2025-05-06 16:58:25,797|line:520| https://t.bilibili.com/1035593318931628032
2025-05-06 16:58:30,008|line:527| 官方 或 预约 OUT！
2025-05-06 16:58:30,008|line:520| https://t.bilibili.com/1054380562444189712
2025-05-06 16:58:31,216|line:527| 官方 或 预约 OUT！
2025-05-06 16:58:31,216|line:520| https://t.bilibili.com/1051085171439173649
2025-05-06 16:58:33,439|line:527| 官方 或 预约 OUT！
2025-05-06 16:58:33,439|line:520| https://t.bilibili.com/1055240470733520948
2025-05-06 16:58:34,654|line:527| 官方 或 预约 OUT！
2025-05-06 16:58:34,654|line:520| https://t.bilibili.com/1057901211563327488
2025-05-06 16:58:35,869|line:527| 官方 或 预约 OUT！
2025-05-06 16:58:35,870|line:520| https://t.bilibili.com/1059636915199803396
2025-05-06 16:58:38,143|line:527| 官方 或 预约 OUT！
2025-05-06 16:58:38,143|line:553| 执行结束
2025-05-06 16:58:38,143|line:559| ==================================================2025-05-07 00:58==================================================
2025-05-06 16:58:38,143|line:233| processing article 41559827
2025-05-06 16:58:41,061|line:508| ==================================================2025-05-07 00:58==================================================
2025-05-06 16:58:41,061|line:520| https://t.bilibili.com/1048874637715308576
2025-05-06 16:58:42,427|line:527| 官方 或 预约 OUT！
2025-05-06 16:58:42,428|line:520| https://t.bilibili.com/1060155506722603047
2025-05-06 16:58:44,638|line:527| 官方 或 预约 OUT！
2025-05-06 16:58:44,639|line:520| https://t.bilibili.com/1059770351238512692
2025-05-06 16:58:47,855|line:527| 官方 或 预约 OUT！
2025-05-06 16:58:47,855|line:520| https://t.bilibili.com/1063443858280415252
2025-05-06 16:58:47,855|line:522| 已有
2025-05-06 16:58:47,855|line:520| https://t.bilibili.com/1061486572926402583
2025-05-06 16:58:52,064|line:527| 官方 或 预约 OUT！
2025-05-06 16:58:52,064|line:520| https://t.bilibili.com/1060728489723822080
2025-05-06 16:58:54,273|line:527| 官方 或 预约 OUT！
2025-05-06 16:58:54,274|line:520| https://t.bilibili.com/1056631550515347456
2025-05-06 16:58:55,481|line:527| 官方 或 预约 OUT！
2025-05-06 16:58:55,482|line:520| https://t.bilibili.com/1061118154925670435
2025-05-06 16:58:57,691|line:527| 官方 或 预约 OUT！
2025-05-06 16:58:57,691|line:520| https://t.bilibili.com/1051085171439173649
2025-05-06 16:58:58,900|line:527| 官方 或 预约 OUT！
2025-05-06 16:58:58,900|line:520| https://t.bilibili.com/1059263669692530710
2025-05-06 16:59:02,117|line:527| 官方 或 预约 OUT！
2025-05-06 16:59:02,117|line:520| https://t.bilibili.com/1035593318931628032
2025-05-06 16:59:05,327|line:527| 官方 或 预约 OUT！
2025-05-06 16:59:05,327|line:520| https://t.bilibili.com/1059744727483547682
2025-05-06 16:59:09,539|line:527| 官方 或 预约 OUT！
2025-05-06 16:59:09,539|line:520| https://t.bilibili.com/1059747935793709076
2025-05-06 16:59:10,923|line:527| 官方 或 预约 OUT！
2025-05-06 16:59:10,923|line:520| https://t.bilibili.com/1061984509997613060
2025-05-06 16:59:12,133|line:527| 官方 或 预约 OUT！
2025-05-06 16:59:12,133|line:520| https://t.bilibili.com/1063464517064720390
2025-05-06 16:59:13,339|line:527| 官方 或 预约 OUT！
2025-05-06 16:59:13,340|line:520| https://t.bilibili.com/1061598826230448153
2025-05-06 16:59:14,548|line:527| 官方 或 预约 OUT！
2025-05-06 16:59:14,548|line:520| https://t.bilibili.com/1062386274118139940
2025-05-06 16:59:17,753|line:527| 官方 或 预约 OUT！
2025-05-06 16:59:17,753|line:520| https://t.bilibili.com/1056020801838383104
2025-05-06 16:59:21,039|line:527| 官方 或 预约 OUT！
2025-05-06 16:59:21,039|line:520| https://t.bilibili.com/1060020503038656520
2025-05-06 16:59:23,432|line:527| 官方 或 预约 OUT！
2025-05-06 16:59:23,432|line:520| https://t.bilibili.com/1060841447359512614
2025-05-06 16:59:27,637|line:527| 官方 或 预约 OUT！
2025-05-06 16:59:27,637|line:520| https://t.bilibili.com/1060113046697935012
2025-05-06 16:59:31,851|line:527| 官方 或 预约 OUT！
2025-05-06 16:59:31,851|line:520| https://t.bilibili.com/1059394898083446786
2025-05-06 16:59:34,243|line:527| 官方 或 预约 OUT！
2025-05-06 16:59:34,243|line:520| https://t.bilibili.com/1055240470733520948
2025-05-06 16:59:36,462|line:527| 官方 或 预约 OUT！
2025-05-06 16:59:36,462|line:520| https://t.bilibili.com/1057901211563327488
2025-05-06 16:59:40,749|line:527| 官方 或 预约 OUT！
2025-05-06 16:59:40,749|line:520| https://t.bilibili.com/1059636915199803396
2025-05-06 16:59:44,961|line:527| 官方 或 预约 OUT！
2025-05-06 16:59:44,961|line:520| https://t.bilibili.com/1060097662140809237
2025-05-06 16:59:47,239|line:527| 官方 或 预约 OUT！
2025-05-06 16:59:47,239|line:520| https://t.bilibili.com/1049229517987512357
2025-05-06 16:59:49,451|line:527| 官方 或 预约 OUT！
2025-05-06 16:59:49,451|line:520| https://t.bilibili.com/1058226877456449561
2025-05-06 16:59:51,729|line:527| 官方 或 预约 OUT！
2025-05-06 16:59:51,730|line:520| https://t.bilibili.com/1058520674661826594
2025-05-06 16:59:53,945|line:527| 官方 或 预约 OUT！
2025-05-06 16:59:53,945|line:520| https://t.bilibili.com/1061589673656188969
2025-05-06 16:59:55,160|line:527| 官方 或 预约 OUT！
2025-05-06 16:59:55,160|line:520| https://t.bilibili.com/1059387652474667024
2025-05-06 16:59:57,373|line:527| 官方 或 预约 OUT！
2025-05-06 16:59:57,373|line:520| https://t.bilibili.com/1047169879301423113
2025-05-06 17:00:01,587|line:527| 官方 或 预约 OUT！
2025-05-06 17:00:01,587|line:520| https://t.bilibili.com/1062691306946428977
2025-05-06 17:00:05,962|line:527| 官方 或 预约 OUT！
2025-05-06 17:00:05,962|line:520| https://t.bilibili.com/1062382490254049321
2025-05-06 17:00:07,170|line:527| 官方 或 预约 OUT！
2025-05-06 17:00:07,171|line:520| https://t.bilibili.com/1061521701476499520
2025-05-06 17:00:08,569|line:527| 官方 或 预约 OUT！
2025-05-06 17:00:08,569|line:520| https://t.bilibili.com/1058599697797611527
2025-05-06 17:00:11,784|line:527| 官方 或 预约 OUT！
2025-05-06 17:00:11,784|line:520| https://t.bilibili.com/1060802101194522642
2025-05-06 17:00:15,002|line:527| 官方 或 预约 OUT！
2025-05-06 17:00:15,002|line:520| https://t.bilibili.com/1059355530446766113
2025-05-06 17:00:16,219|line:527| 官方 或 预约 OUT！
2025-05-06 17:00:16,219|line:520| https://t.bilibili.com/1060528670699946000
2025-05-06 17:00:17,427|line:527| 官方 或 预约 OUT！
2025-05-06 17:00:17,427|line:520| https://t.bilibili.com/1059305579947753476
2025-05-06 17:00:19,635|line:527| 官方 或 预约 OUT！
2025-05-06 17:00:19,635|line:520| https://t.bilibili.com/1063098998136504339
2025-05-06 17:00:22,881|line:527| 官方 或 预约 OUT！
2025-05-06 17:00:22,881|line:520| https://t.bilibili.com/1061829564743811072
2025-05-06 17:00:24,163|line:527| 官方 或 预约 OUT！
2025-05-06 17:00:24,163|line:520| https://t.bilibili.com/1054380562444189712
2025-05-06 17:00:26,374|line:527| 官方 或 预约 OUT！
2025-05-06 17:00:26,374|line:520| https://t.bilibili.com/1059355161072238617
2025-05-06 17:00:27,585|line:527| 官方 或 预约 OUT！
2025-05-06 17:00:27,585|line:520| https://t.bilibili.com/1062714194876432393
2025-05-06 17:00:30,800|line:527| 官方 或 预约 OUT！
2025-05-06 17:00:30,800|line:553| 执行结束
2025-05-06 17:00:30,800|line:559| ==================================================2025-05-07 01:00==================================================
2025-05-06 17:00:36,887|line:579| ('reply: ', '好像都是一个人', '你在说什么')
2025-05-06 17:00:36,887|line:579| ('reply: ', '目标咨询', '太宠粉了啊')
2025-05-06 17:00:36,887|line:579| ('reply: ', '数玩工场', '祝你成功')
2025-05-06 17:00:36,888|line:579| ('reply: ', '益家有小佰', '恭喜宝子，获得小电视月度会员1份和克刻冰冰猴喉糖随机口味1份～记得私信小佰提供信息哦~')
2025-05-06 17:00:36,888|line:579| ('reply: ', '圆环之理-Madoka', '是的')
2025-05-06 17:00:36,888|line:579| ('reply: ', '兰的三姨', '这就是银河巨星的实力！')
2025-05-06 17:00:36,888|line:579| ('reply: ', '花园百合铃音', '有男不玩，我只吃麻辣火锅，xxn滚[吃瓜]')
2025-05-06 17:00:36,888|line:579| ('reply: ', '是绝赞的阿鬼', '[tv_难过]')
2025-05-06 17:00:36,888|line:579| ('reply: ', '桃稚不幼稚', '还行')
2025-05-06 17:00:36,888|line:579| ('reply: ', '陌罔子吖', '佬，这个报名有啥条件不。最近太非了，想下次报来抽[脱单doge][脱单doge][脱单doge]')
2025-05-06 17:00:36,888|line:579| ('reply: ', '太二酸菜鱼', '恭喜成为本期欧皇[打call]获得【肥龙联名显眼包】1份，在收到本信息的两天内回复哥的私信哦~逾期哥就自己收啦！[脱单doge]')
2025-05-06 17:00:36,889|line:579| ('reply: ', '得一想二的松鼠', '中奖分我一半')
2025-05-06 17:00:36,889|line:579| ('reply: ', '佑凉Uriyoo', '谢谢！！！[UP_24967030_感恩]')
2025-05-06 17:00:36,889|line:579| ('reply: ', '岛莓祁', '好耶')
2025-05-06 17:00:36,889|line:579| ('reply: ', '苏酥_SUSU_', 'https://b23.tv/3HJcDkm')
2025-05-06 17:00:36,889|line:579| ('reply: ', '心想事成イ', 'I[UP_410636303_比心鸟][UP_410636303_比心鸟][UP_410636303_比心鸟]')
2025-05-06 17:00:36,889|line:579| ('reply: ', 'FWF第五人格娱乐赛', '加油[doge]')
2025-05-06 17:00:36,889|line:579| ('reply: ', '神奇猫咪_有钱哒', '好耶')
2025-05-06 17:00:36,889|line:579| ('reply: ', '星夜染some', '好耶')
2025-05-06 17:00:36,889|line:579| ('reply: ', '羽田依', '[Cat2_Nyampage]')
2025-05-06 17:00:40,243|line:588| ('at: ', 'iKF蓝牙耳机', '恭喜@小小Shaun 宝子成为苏泊尔福利动态幸运儿！\n注意：即日起72小时内回复信息确认领奖哦！逾期将自动视为放弃中奖资格。\n没有中奖的宝子们不要气馁，参与一下下置顶视频iKF Mars，增加欧气值，说不定下个幸运儿就是你！\n链接：\nhttps://www.bilibili.com/video/BV1Soo6YLEHZ/?spm_id_from=333.1387.list.card_archive.click&vd_source=21fb0967ccc75e6b3b2447ade2c740dd\n还没参与抽奖的宝子们，赶紧点击上方链接参与吧！还有特别福利惊喜等你哦~')
2025-05-06 17:00:40,243|line:588| ('at: ', 'wellymerck威利默克', '恭喜@小小Shaun\xa0 获得《我是你的小狗3 永远等你回家》1本，请于5天内联系威宝，凭关注+互动截图领取奖品，逾期作废~')
2025-05-06 17:00:40,243|line:588| ('at: ', '宁美NINGMEI', '恭喜@小小Shaun   中奖，请在12月1日24点前私信我：1. 奖品+中奖信息a. 实物奖：姓名电话地址，给文字！省市区路清晰，提交不清晰不发奖，信息错误致无法签收，概不负责；\n\nb. 现金红包给到支付宝实名+账号；\n\nc. 京东卡/猫超卡 等购物卡给到姓名+电话；2. 宁美和品牌方关注截图+转发截图！\n\n必须关注品牌方，否则奖品不予发放；如遇无法私信图片的情况，等待我回复后即可发送图片。PS： \n\n因后台收信有时会出问题，以回复“已登记”为准，没有回复即表示私信未收到。\n\n过期视为自动放弃，不会补发；奖品30个工作日内发送，勿催哦~\n\n不发全，不回复。其他小伙伴请继续努力！')
2025-05-06 17:00:40,243|line:588| ('at: ', '爱玛电动车官方账号', '#一“玛”当先榜# 快来看看10月都是谁和爱玛酱互动最多呀~ 💕恭喜@小小Shaun 和@甘瑞凯拉莎 排行第一！这两位小玛达将会获得【爱玛随机周边×1】，请5天内私信爱玛酱领奖哟~[鼓掌] 以后也请继续单推我无敌可爱美少女爱玛酱呀嘿嘿！(●´З｀●)')
2025-05-06 17:00:40,243|line:588| ('at: ', '爱玛电动车官方账号', '')
2025-05-06 17:00:40,244|line:588| ('at: ', '海露滴眼液', '互动榜出炉啦')
2025-05-06 17:00:40,244|line:588| ('at: ', '和蔼可亲桃白白', '\u200b//@九号公司:\u200b恭喜@小小Shaun 中奖！后续记得查收私信哟～\u200b//@九号公司:#互动抽奖# 谢谢粒粒的复工礼！小九也来加个码~关注【@微粒贷+@九号公司 】并转发该动态，抽一位小可爱获得【100元京东卡】~ #供电局福利社# 10月31日抽出！')
2025-05-06 17:00:40,244|line:588| ('at: ', '望大家身体健康快乐', '\u200b//@九号公司:\u200b恭喜@小小Shaun 中奖！后续记得查收私信哟～\u200b//@九号公司 :#互动抽奖# 谢谢粒粒的复工礼！小九也来加个码~关注【@微粒贷+@九号公司 】并转发该动态，抽一位小可爱获得【100元京东卡】~ #供电局福利社# 10月31日抽出！')
2025-05-06 17:00:40,244|line:588| ('at: ', 'MoMA_Reona', '//@九号公司:\u200b恭喜@小小Shaun 中奖！后续记得查收私信哟～\u200b//@九号公司:#互动抽奖# 谢谢粒粒的复工礼！小九也来加个码~关注【@微粒贷+@九号公司 】并转发该动态，抽一位小可爱获得【100元京东卡】~ #供电局福利社# 10月31日抽出！')
2025-05-06 17:00:40,244|line:588| ('at: ', '摸鱼二队', '\u200b//@九号公司:\u200b恭喜@小小Shaun 中奖！后续记得查收私信哟～\u200b//@九号公司 :#互动抽奖# 谢谢粒粒的复工礼！小九也来加个码~关注【@微粒贷+@九号公司 】并转发该动态，抽一位小可爱获得【100元京东卡】~ #供电局福利社# 10月31日抽出！')
2025-05-06 17:00:40,244|line:588| ('at: ', '文少嘅一些事一些情', '\u200b//@九号公司:\u200b恭喜@小小Shaun 中奖！后续记得查收私信哟～\u200b//@九号公司 :#互动抽奖# 谢谢粒粒的复工礼！小九也来加个码~关注【@微粒贷+@九号公司 】并转发该动态，抽一位小可爱获得【100元京东卡】~ #供电局福利社# 10月31日抽出！')
2025-05-06 17:00:40,244|line:588| ('at: ', 'Carry队友的嘟嘟酱丶', '\u200b//@九号公司:\u200b恭喜@小小Shaun 中奖！后续记得查收私信哟～\u200b//@九号公司 :#互动抽奖# 谢谢粒粒的复工礼！小九也来加个码~关注【@微粒贷+@九号公司 】并转发该动态，抽一位小可爱获得【100元京东卡】~ #供电局福利社# 10月31日抽出！')
2025-05-06 17:00:40,244|line:588| ('at: ', '蛤蟆zero', '//@九号公司:\u200b恭喜@小小Shaun 中奖！后续记得查收私信哟～\u200b//@九号公司:#互动抽奖# 谢谢粒粒的复工礼！小九也来加个码~关注【@微粒贷+@九号公司 】并转发该动态，抽一位小可爱获得【100元京东卡】~ #供电局福利社# 10月31日抽出！c冲冲冲')
2025-05-06 17:00:40,244|line:588| ('at: ', '木而各子要吃笃栗子', '\u200b//@九号公司:\u200b恭喜@小小Shaun 中奖！后续记得查收私信哟～\u200b//@九号公司 :#互动抽奖# 谢谢粒粒的复工礼！小九也来加个码~关注【@微粒贷+@九号公司 】并转发该动态，抽一位小可爱获得【100元京东卡】~ #供电局福利社# 10月31日抽出！')
2025-05-06 17:00:40,245|line:588| ('at: ', '裙下愚臣情默默', '\u200b//@九号公司:\u200b恭喜@小小Shaun 中奖！后续记得查收私信哟～\u200b//@九号公司 :#互动抽奖# 谢谢粒粒的复工礼！小九也来加个码~关注【@微粒贷+@九号公司 】并转发该动态，抽一位小可爱获得【100元京东卡】~ #供电局福利社# 10月31日抽出！')
2025-05-06 17:00:40,245|line:588| ('at: ', '戊子毕宿', '')
2025-05-06 17:00:40,245|line:588| ('at: ', '九号电动', '\u200b恭喜@小小Shaun 中奖！后续记得查收私信哟～\u200b//@九号公司:#互动抽奖# 谢谢粒粒的复工礼！小九也来加个码~关注【@微粒贷+@九号公司 】并转发该动态，抽一位小可爱获得【100元京东卡】~ #供电局福利社# 10月31日抽出！')
2025-05-06 17:00:40,245|line:588| ('at: ', '优雅小宝', '')
2025-05-06 17:00:40,245|line:588| ('at: ', '我永远只爱一色彩羽', '//@九号公司:恭喜@小小Shaun 中奖！后续记得查收私信哟～\u200b//@九号公司:今晚8点，京东11.11现货开卖，抢先优惠不用等，全场直降，更有60元额外补贴助你大薅特薅！京东双十一，带你体验“飞”一般的购物速度！关注@京东戏精周报 x@九号公司 ，转发+评论本条动态，10月21日小编会抽取1名幸运粉丝送上【50元京东E卡】#京东11.11又便宜又好# #京东11.11现货开卖#')
2025-05-06 17:00:40,245|line:588| ('at: ', '戊子毕宿', '')
