2025-06-12 16:36:51,833|line:233| processing article 41988888
2025-06-12 16:36:53,824|line:508| ==================================================2025-06-13 00:36==================================================
2025-06-12 16:36:53,825|line:520| https://t.bilibili.com/1074155970539552771
2025-06-12 16:36:57,121|line:527| 官方 或 预约 OUT！
2025-06-12 16:36:57,121|line:520| https://t.bilibili.com/1065992564880965633
2025-06-12 16:36:59,343|line:527| 官方 或 预约 OUT！
2025-06-12 16:36:59,344|line:520| https://t.bilibili.com/1072968068482727957
2025-06-12 16:36:59,344|line:522| 已有
2025-06-12 16:36:59,344|line:520| https://t.bilibili.com/1076301190731399175
2025-06-12 16:36:59,344|line:522| 已有
2025-06-12 16:36:59,344|line:520| https://t.bilibili.com/1076094856197046278
2025-06-12 16:37:00,568|line:527| 官方 或 预约 OUT！
2025-06-12 16:37:00,568|line:520| https://t.bilibili.com/1075989758399741960
2025-06-12 16:37:00,568|line:522| 已有
2025-06-12 16:37:00,568|line:520| https://t.bilibili.com/1076396075150999553
2025-06-12 16:37:04,793|line:527| 官方 或 预约 OUT！
2025-06-12 16:37:04,794|line:520| https://t.bilibili.com/1075221659297775618
2025-06-12 16:37:06,110|line:527| 官方 或 预约 OUT！
2025-06-12 16:37:06,110|line:520| https://t.bilibili.com/1076463111017332745
2025-06-12 16:37:07,423|line:342| =========此为源动态=========
2025-06-12 16:37:11,679|line:363| *********子动态开始*********
2025-06-12 16:37:18,344|line:382| *********子动态结束*********
2025-06-12 16:37:18,345|line:538| -=-=-=-=处理回最初的动态-=-=-=-=
2025-06-12 16:37:29,333|line:476| 转发成功 1077641005821329410
2025-06-12 16:37:32,743|line:495| 评论发送成功
2025-06-12 16:37:35,185|line:425| 686127 === 已经关注了
2025-06-12 16:37:38,464|line:504| 动态-点赞 0
2025-06-12 16:37:41,465|line:520| https://t.bilibili.com/1074526338438660096
2025-06-12 16:37:42,690|line:527| 官方 或 预约 OUT！
2025-06-12 16:37:42,690|line:520| https://t.bilibili.com/1074525677062979603
2025-06-12 16:37:45,915|line:342| =========此为源动态=========
2025-06-12 16:37:48,172|line:363| *********子动态开始*********
2025-06-12 16:37:48,172|line:382| *********子动态结束*********
2025-06-12 16:37:48,173|line:538| -=-=-=-=处理回最初的动态-=-=-=-=
2025-06-12 16:38:00,131|line:476| 转发成功 1077641134643085353
2025-06-12 16:38:03,635|line:495| 评论发送成功
2025-06-12 16:38:07,971|line:425| 28153104 === 已经关注了
2025-06-12 16:38:11,254|line:504| 动态-点赞 0
2025-06-12 16:38:15,254|line:520| https://t.bilibili.com/1076366620252700695
2025-06-12 16:38:19,486|line:527| 官方 或 预约 OUT！
2025-06-12 16:38:19,486|line:520| https://t.bilibili.com/1075301202102583297
2025-06-12 16:38:22,708|line:527| 官方 或 预约 OUT！
2025-06-12 16:38:22,708|line:520| https://t.bilibili.com/1073038265436602371
2025-06-12 16:38:25,997|line:527| 官方 或 预约 OUT！
2025-06-12 16:38:25,997|line:553| 执行结束
2025-06-12 16:38:25,998|line:559| ==================================================2025-06-13 00:38==================================================
2025-06-12 16:38:25,998|line:233| processing article 41986687
2025-06-12 16:38:30,996|line:508| ==================================================2025-06-13 00:38==================================================
2025-06-12 16:38:30,997|line:520| https://t.bilibili.com/1072666669163216898
2025-06-12 16:38:34,396|line:527| 官方 或 预约 OUT！
2025-06-12 16:38:34,397|line:520| https://t.bilibili.com/1072310607770812489
2025-06-12 16:38:38,620|line:527| 官方 或 预约 OUT！
2025-06-12 16:38:38,620|line:520| https://t.bilibili.com/1072793447980597284
2025-06-12 16:38:42,854|line:527| 官方 或 预约 OUT！
2025-06-12 16:38:42,854|line:520| https://t.bilibili.com/1072624690180128817
2025-06-12 16:38:42,854|line:522| 已有
2025-06-12 16:38:42,855|line:520| https://t.bilibili.com/1072668266878468101
2025-06-12 16:38:42,855|line:522| 已有
2025-06-12 16:38:42,855|line:520| https://t.bilibili.com/1072619858304172056
2025-06-12 16:38:42,855|line:522| 已有
2025-06-12 16:38:42,855|line:520| https://t.bilibili.com/1072618393701449753
2025-06-12 16:38:42,855|line:522| 已有
2025-06-12 16:38:42,855|line:520| https://t.bilibili.com/1072663044183556132
2025-06-12 16:38:42,855|line:522| 已有
2025-06-12 16:38:42,855|line:520| https://t.bilibili.com/1075299965131030533
2025-06-12 16:38:42,856|line:522| 已有
2025-06-12 16:38:42,856|line:520| https://t.bilibili.com/1075332748643663889
2025-06-12 16:38:44,076|line:337| =========此为子动态=========
2025-06-12 16:38:45,406|line:388| *************原动态处理开始***************
2025-06-12 16:38:51,055|line:476| 转发成功 1077641353673834498
2025-06-12 16:38:54,448|line:495| 评论发送成功
2025-06-12 16:39:00,058|line:437| 关注 ==== 36836070 0
2025-06-12 16:39:03,306|line:504| 动态-点赞 0
2025-06-12 16:39:03,306|line:397| *************原动态处理完成***************
2025-06-12 16:39:05,589|line:363| *********子动态开始*********
2025-06-12 16:42:59,577|line:382| *********子动态结束*********
2025-06-12 16:42:59,578|line:538| -=-=-=-=处理回最初的动态-=-=-=-=
2025-06-12 16:43:07,553|line:476| 转发成功 1077642457490915332
2025-06-12 16:43:10,918|line:495| 评论发送成功
2025-06-12 16:43:14,238|line:425| 36836070 === 已经关注了
2025-06-12 16:43:17,573|line:504| 动态-点赞 0
2025-06-12 16:43:21,573|line:520| https://t.bilibili.com/1074196115633471493
2025-06-12 16:43:23,865|line:527| 官方 或 预约 OUT！
2025-06-12 16:43:23,866|line:520| https://t.bilibili.com/1071548109374357505
2025-06-12 16:43:25,091|line:527| 官方 或 预约 OUT！
2025-06-12 16:43:25,091|line:520| https://t.bilibili.com/1066429934238433289
2025-06-12 16:43:28,314|line:527| 官方 或 预约 OUT！
2025-06-12 16:43:28,314|line:520| https://t.bilibili.com/1076675772017541126
2025-06-12 16:43:28,315|line:522| 已有
2025-06-12 16:43:28,315|line:520| https://t.bilibili.com/1072621361537482755
2025-06-12 16:43:28,315|line:522| 已有
2025-06-12 16:43:28,315|line:520| https://t.bilibili.com/1073867254245883928
2025-06-12 16:43:28,315|line:522| 已有
2025-06-12 16:43:28,315|line:520| https://t.bilibili.com/1072661867414945811
2025-06-12 16:43:28,315|line:522| 已有
2025-06-12 16:43:28,315|line:520| https://t.bilibili.com/1076422089782591524
2025-06-12 16:43:28,316|line:522| 已有
2025-06-12 16:43:28,316|line:520| https://t.bilibili.com/1064981581097074691
2025-06-12 16:43:29,542|line:527| 官方 或 预约 OUT！
2025-06-12 16:43:29,542|line:520| https://t.bilibili.com/1072598505858531329
2025-06-12 16:43:29,542|line:522| 已有
2025-06-12 16:43:29,542|line:520| https://t.bilibili.com/1075331717847318531
2025-06-12 16:43:29,543|line:522| 已有
2025-06-12 16:43:29,543|line:520| https://t.bilibili.com/1072727211020124180
2025-06-12 16:43:29,543|line:522| 已有
2025-06-12 16:43:29,543|line:520| https://t.bilibili.com/1072621125348884486
2025-06-12 16:43:29,543|line:522| 已有
2025-06-12 16:43:29,543|line:520| https://t.bilibili.com/1077063994130300963
2025-06-12 16:43:29,543|line:522| 已有
2025-06-12 16:43:29,543|line:520| https://t.bilibili.com/1071870253373325333
2025-06-12 16:43:29,543|line:522| 已有
2025-06-12 16:43:29,543|line:520| https://t.bilibili.com/1072344920259297282
2025-06-12 16:43:32,803|line:527| 官方 或 预约 OUT！
2025-06-12 16:43:32,803|line:520| https://t.bilibili.com/1072701741871398921
2025-06-12 16:43:36,097|line:527| 官方 或 预约 OUT！
2025-06-12 16:43:36,098|line:520| https://t.bilibili.com/1072620210527141894
2025-06-12 16:43:36,098|line:522| 已有
2025-06-12 16:43:36,098|line:520| https://t.bilibili.com/1072679459561144360
2025-06-12 16:43:36,098|line:522| 已有
2025-06-12 16:43:36,098|line:520| https://t.bilibili.com/1072699008138346512
2025-06-12 16:43:36,098|line:522| 已有
2025-06-12 16:43:36,098|line:520| https://t.bilibili.com/1066290077235150857
2025-06-12 16:43:37,323|line:527| 官方 或 预约 OUT！
2025-06-12 16:43:37,323|line:520| https://t.bilibili.com/1072703945168650248
2025-06-12 16:43:41,764|line:527| 官方 或 预约 OUT！
2025-06-12 16:43:41,764|line:520| https://t.bilibili.com/1072707943780057091
2025-06-12 16:43:44,162|line:527| 官方 或 预约 OUT！
2025-06-12 16:43:44,162|line:520| https://t.bilibili.com/1072620747394908177
2025-06-12 16:43:44,162|line:522| 已有
2025-06-12 16:43:44,162|line:520| https://t.bilibili.com/1072680043686133762
2025-06-12 16:43:44,163|line:522| 已有
2025-06-12 16:43:44,163|line:520| https://t.bilibili.com/1074886518728818697
2025-06-12 16:43:48,449|line:342| =========此为源动态=========
2025-06-12 16:43:52,942|line:363| *********子动态开始*********
2025-06-12 16:43:52,942|line:382| *********子动态结束*********
2025-06-12 16:43:52,942|line:538| -=-=-=-=处理回最初的动态-=-=-=-=
2025-06-12 16:44:01,138|line:476| 转发成功 1077642685099016197
2025-06-12 16:44:04,474|line:495| 评论发送成功
2025-06-12 16:44:06,820|line:425| 388742853 === 已经关注了
2025-06-12 16:44:10,068|line:504| 动态-点赞 0
2025-06-12 16:44:14,068|line:520| https://t.bilibili.com/1076335606291759125
2025-06-12 16:44:17,296|line:527| 官方 或 预约 OUT！
2025-06-12 16:44:17,296|line:520| https://t.bilibili.com/1072717079194370049
2025-06-12 16:44:19,517|line:527| 官方 或 预约 OUT！
2025-06-12 16:44:19,517|line:553| 执行结束
2025-06-12 16:44:19,517|line:559| ==================================================2025-06-13 00:44==================================================
2025-06-12 16:44:19,517|line:233| processing article 41977281
2025-06-12 16:44:22,573|line:508| ==================================================2025-06-13 00:44==================================================
2025-06-12 16:44:22,573|line:520| https://t.bilibili.com/1074155970539552771
2025-06-12 16:44:24,790|line:527| 官方 或 预约 OUT！
2025-06-12 16:44:24,790|line:520| https://t.bilibili.com/1065992564880965633
2025-06-12 16:44:29,003|line:527| 官方 或 预约 OUT！
2025-06-12 16:44:29,003|line:520| https://t.bilibili.com/1075301202102583297
2025-06-12 16:44:31,215|line:527| 官方 或 预约 OUT！
2025-06-12 16:44:31,215|line:520| https://t.bilibili.com/1072968068482727957
2025-06-12 16:44:31,215|line:522| 已有
2025-06-12 16:44:31,215|line:520| https://t.bilibili.com/1076301190731399175
2025-06-12 16:44:31,215|line:522| 已有
2025-06-12 16:44:31,215|line:520| https://t.bilibili.com/1076094856197046278
2025-06-12 16:44:32,434|line:527| 官方 或 预约 OUT！
2025-06-12 16:44:32,434|line:520| https://t.bilibili.com/1075989758399741960
2025-06-12 16:44:32,434|line:522| 已有
2025-06-12 16:44:32,434|line:520| https://t.bilibili.com/1075221659297775618
2025-06-12 16:44:34,650|line:527| 官方 或 预约 OUT！
2025-06-12 16:44:34,651|line:520| https://t.bilibili.com/1074966005658157062
2025-06-12 16:44:35,866|line:527| 官方 或 预约 OUT！
2025-06-12 16:44:35,867|line:520| https://t.bilibili.com/1073003549240066052
2025-06-12 16:44:39,079|line:527| 官方 或 预约 OUT！
2025-06-12 16:44:39,080|line:520| https://t.bilibili.com/1074923683040985091
2025-06-12 16:44:41,295|line:527| 官方 或 预约 OUT！
2025-06-12 16:44:41,295|line:520| https://t.bilibili.com/1073038265436602371
2025-06-12 16:44:43,506|line:527| 官方 或 预约 OUT！
2025-06-12 16:44:43,506|line:553| 执行结束
2025-06-12 16:44:43,506|line:559| ==================================================2025-06-13 00:44==================================================
2025-06-12 16:44:43,506|line:233| processing article 41975654
2025-06-12 16:44:48,702|line:508| ==================================================2025-06-13 00:44==================================================
2025-06-12 16:44:48,703|line:520| https://t.bilibili.com/1072005690865745936
2025-06-12 16:44:49,917|line:527| 官方 或 预约 OUT！
2025-06-12 16:44:49,918|line:520| https://t.bilibili.com/1075219294935056393
2025-06-12 16:44:49,918|line:522| 已有
2025-06-12 16:44:49,918|line:520| https://t.bilibili.com/1069727492031381511
2025-06-12 16:44:49,918|line:522| 已有
2025-06-12 16:44:49,918|line:520| https://t.bilibili.com/1072701411167305751
2025-06-12 16:44:51,161|line:527| 官方 或 预约 OUT！
2025-06-12 16:44:51,162|line:520| https://t.bilibili.com/1041907964492906531
2025-06-12 16:44:54,383|line:527| 官方 或 预约 OUT！
2025-06-12 16:44:54,383|line:520| https://t.bilibili.com/1071996499672432665
2025-06-12 16:44:55,608|line:527| 官方 或 预约 OUT！
2025-06-12 16:44:55,608|line:520| https://t.bilibili.com/1071939376601104384
2025-06-12 16:44:55,609|line:522| 已有
2025-06-12 16:44:55,609|line:520| https://t.bilibili.com/1074801824120176681
2025-06-12 16:44:55,609|line:522| 已有
2025-06-12 16:44:55,609|line:520| https://t.bilibili.com/1075219294926667849
2025-06-12 16:44:55,609|line:522| 已有
2025-06-12 16:44:55,609|line:520| https://t.bilibili.com/1074942383354806272
2025-06-12 16:44:55,609|line:522| 已有
2025-06-12 16:44:55,609|line:520| https://t.bilibili.com/1067162685751164952
2025-06-12 16:44:55,609|line:522| 已有
2025-06-12 16:44:55,610|line:520| https://t.bilibili.com/1070055552375062549
2025-06-12 16:44:55,610|line:522| 已有
2025-06-12 16:44:55,610|line:520| https://t.bilibili.com/1070866775055269893
2025-06-12 16:44:55,610|line:522| 已有
2025-06-12 16:44:55,610|line:520| https://t.bilibili.com/1074109443192389650
2025-06-12 16:44:59,838|line:527| 官方 或 预约 OUT！
2025-06-12 16:44:59,838|line:520| https://t.bilibili.com/1072237941228568581
2025-06-12 16:44:59,838|line:522| 已有
2025-06-12 16:44:59,839|line:520| https://t.bilibili.com/1072699008107937801
2025-06-12 16:44:59,839|line:522| 已有
2025-06-12 16:44:59,839|line:520| https://t.bilibili.com/1074479351538384898
2025-06-12 16:44:59,839|line:522| 已有
2025-06-12 16:44:59,839|line:520| https://t.bilibili.com/1075319000464883750
2025-06-12 16:44:59,839|line:522| 已有
2025-06-12 16:44:59,839|line:520| https://t.bilibili.com/1073332172223414274
2025-06-12 16:44:59,839|line:522| 已有
2025-06-12 16:44:59,839|line:520| https://t.bilibili.com/1069626897482121222
2025-06-12 16:45:02,056|line:527| 官方 或 预约 OUT！
2025-06-12 16:45:02,056|line:520| https://t.bilibili.com/1075342485324038144
2025-06-12 16:45:02,056|line:522| 已有
2025-06-12 16:45:02,056|line:553| 执行结束
2025-06-12 16:45:02,056|line:559| ==================================================2025-06-13 00:45==================================================
2025-06-12 16:45:02,056|line:233| processing article 41988671
2025-06-12 16:45:05,307|line:508| ==================================================2025-06-13 00:45==================================================
2025-06-12 16:45:05,307|line:520| https://t.bilibili.com/1076796406892593157
2025-06-12 16:45:07,539|line:342| =========此为源动态=========
2025-06-12 16:45:08,836|line:363| *********子动态开始*********
2025-06-12 16:45:08,836|line:382| *********子动态结束*********
2025-06-12 16:45:08,836|line:538| -=-=-=-=处理回最初的动态-=-=-=-=
2025-06-12 16:45:17,762|line:476| 转发成功 1077643015835615255
2025-06-12 16:45:21,108|line:495| 评论发送成功
2025-06-12 16:45:24,649|line:425| 489004577 === 已经关注了
2025-06-12 16:45:28,018|line:504| 动态-点赞 0
2025-06-12 16:45:30,018|line:520| https://t.bilibili.com/1077431230991958035
2025-06-12 16:45:33,354|line:342| =========此为源动态=========
2025-06-12 16:45:36,924|line:363| *********子动态开始*********
2025-06-12 16:45:36,924|line:382| *********子动态结束*********
2025-06-12 16:45:36,924|line:538| -=-=-=-=处理回最初的动态-=-=-=-=
2025-06-12 16:45:45,198|line:476| 转发成功 1077643136120913920
2025-06-12 16:45:48,629|line:495| 评论发送成功
2025-06-12 16:45:50,044|line:425| 614205199 === 已经关注了
2025-06-12 16:45:53,401|line:504| 动态-点赞 0
2025-06-12 16:45:55,402|line:520| https://t.bilibili.com/1077420399075000338
2025-06-12 16:45:57,739|line:337| =========此为子动态=========
2025-06-12 16:45:59,159|line:388| *************原动态处理开始***************
2025-06-12 16:46:07,070|line:476| 转发成功 1077643226279575561
2025-06-12 16:46:10,399|line:495| 评论发送成功
2025-06-12 16:46:14,704|line:425| 3546740875594396 === 已经关注了
2025-06-12 16:46:17,973|line:504| 动态-点赞 0
2025-06-12 16:46:17,974|line:397| *************原动态处理完成***************
2025-06-12 16:46:19,430|line:363| *********子动态开始*********
2025-06-12 16:46:27,508|line:476| 转发成功 1077643316474937348
2025-06-12 16:46:30,872|line:495| 评论发送成功
2025-06-12 16:46:38,406|line:425| 1345140518 === 已经关注了
2025-06-12 16:46:38,406|line:377| ----完成一个子动态----
2025-06-12 16:46:49,428|line:476| 转发成功 1077643410948489222
2025-06-12 16:46:52,761|line:495| 评论发送成功
2025-06-12 16:46:55,288|line:425| 343470950 === 已经关注了
2025-06-12 16:46:55,288|line:377| ----完成一个子动态----
2025-06-12 16:47:02,359|line:476| 转发成功 1077643466822909958
2025-06-12 16:47:05,718|line:495| 评论发送成功
2025-06-12 16:47:12,256|line:425| 421669645 === 已经关注了
2025-06-12 16:47:12,256|line:377| ----完成一个子动态----
2025-06-12 16:47:23,578|line:476| 转发成功 1077643556987863047
2025-06-12 16:47:26,935|line:495| 评论发送成功
2025-06-12 16:47:32,478|line:425| 2091407755 === 已经关注了
2025-06-12 16:47:32,478|line:377| ----完成一个子动态----
2025-06-12 16:47:39,427|line:476| 转发成功 1077643625738797077
2025-06-12 16:47:42,800|line:495| 评论发送成功
2025-06-12 16:47:51,356|line:425| 212395881 === 已经关注了
2025-06-12 16:47:51,356|line:377| ----完成一个子动态----
2025-06-12 16:47:57,462|line:476| 转发成功 1077643703030382593
2025-06-12 16:48:00,844|line:495| 评论发送成功
2025-06-12 16:48:06,398|line:425| 505670427 === 已经关注了
2025-06-12 16:48:06,398|line:377| ----完成一个子动态----
2025-06-12 16:48:16,381|line:476| 转发成功 1077643784650489857
2025-06-12 16:48:19,724|line:495| 评论发送成功
2025-06-12 16:48:22,331|line:425| 63414376 === 已经关注了
2025-06-12 16:48:22,331|line:377| ----完成一个子动态----
2025-06-12 16:48:32,323|line:476| 转发成功 1077643853369966600
2025-06-12 16:48:35,654|line:495| 评论发送成功
2025-06-12 16:48:38,201|line:425| 477646977 === 已经关注了
2025-06-12 16:48:38,201|line:377| ----完成一个子动态----
2025-06-12 16:48:47,359|line:476| 转发成功 1077643917757775911
2025-06-12 16:48:50,769|line:495| 评论发送成功
2025-06-12 16:48:54,441|line:425| 544030731 === 已经关注了
2025-06-12 16:48:54,442|line:377| ----完成一个子动态----
2025-06-12 16:49:02,372|line:476| 转发成功 1077643982200111113
2025-06-12 16:49:05,837|line:495| 评论发送成功
2025-06-12 16:49:11,390|line:425| 1207226422 === 已经关注了
2025-06-12 16:49:11,391|line:377| ----完成一个子动态----
2025-06-12 16:49:27,936|line:476| 转发成功 1077644089561710610
2025-06-12 16:49:31,275|line:495| 评论发送成功
2025-06-12 16:49:35,811|line:425| 343198 === 已经关注了
2025-06-12 16:49:35,812|line:377| ----完成一个子动态----
2025-06-12 16:49:44,912|line:476| 转发成功 1077644162576154629
2025-06-12 16:49:48,252|line:495| 评论发送成功
2025-06-12 16:49:53,785|line:425| 1864084681 === 已经关注了
2025-06-12 16:49:53,785|line:377| ----完成一个子动态----
2025-06-12 16:50:04,792|line:476| 转发成功 1077644248467111945
2025-06-12 16:50:08,157|line:495| 评论发送成功
2025-06-12 16:50:13,698|line:425| 388684610 === 已经关注了
2025-06-12 16:50:13,698|line:377| ----完成一个子动态----
2025-06-12 16:50:26,328|line:476| 转发成功 1077644342975266821
2025-06-12 16:50:29,851|line:495| 评论发送成功
2025-06-12 16:50:37,396|line:425| 242136088 === 已经关注了
2025-06-12 16:50:37,396|line:377| ----完成一个子动态----
2025-06-12 16:50:37,397|line:382| *********子动态结束*********
2025-06-12 16:50:39,397|line:520| https://t.bilibili.com/1077445805954039846
2025-06-12 16:50:42,680|line:342| =========此为源动态=========
2025-06-12 16:50:45,117|line:363| *********子动态开始*********
2025-06-12 16:50:45,117|line:382| *********子动态结束*********
2025-06-12 16:50:45,117|line:538| -=-=-=-=处理回最初的动态-=-=-=-=
2025-06-12 16:50:53,373|line:476| 转发成功 1077644458944626691
2025-06-12 16:50:56,884|line:495| 评论发送成功
2025-06-12 16:51:01,310|line:425| 544161405 === 已经关注了
2025-06-12 16:51:04,673|line:504| 动态-点赞 0
2025-06-12 16:51:08,673|line:520| https://t.bilibili.com/1077421726230380566
2025-06-12 16:51:12,928|line:342| =========此为源动态=========
2025-06-12 16:51:17,540|line:363| *********子动态开始*********
2025-06-12 16:51:17,540|line:382| *********子动态结束*********
2025-06-12 16:51:17,541|line:538| -=-=-=-=处理回最初的动态-=-=-=-=
2025-06-12 16:51:28,787|line:476| 转发成功 1077644609291550727
2025-06-12 16:51:32,292|line:495| 评论发送成功
2025-06-12 16:51:37,106|line:437| 关注 ==== 195080 0
2025-06-12 16:51:40,536|line:504| 动态-点赞 0
2025-06-12 16:51:42,537|line:520| https://t.bilibili.com/1077434984792326153
2025-06-12 16:51:42,537|line:522| 已有
2025-06-12 16:51:42,537|line:520| https://t.bilibili.com/1077526368825114627
2025-06-12 16:51:45,753|line:342| =========此为源动态=========
2025-06-12 16:51:47,361|line:363| *********子动态开始*********
2025-06-12 16:51:47,361|line:382| *********子动态结束*********
2025-06-12 16:51:47,361|line:538| -=-=-=-=处理回最初的动态-=-=-=-=
2025-06-12 16:51:58,659|line:476| 转发成功 1077644738107015186
2025-06-12 16:52:02,116|line:495| 评论发送成功
2025-06-12 16:52:04,537|line:425| 287886755 === 已经关注了
2025-06-12 16:52:07,889|line:504| 动态-点赞 0
2025-06-12 16:52:09,889|line:520| https://t.bilibili.com/1077426046988451856
2025-06-12 16:52:09,889|line:522| 已有
2025-06-12 16:52:09,889|line:520| https://t.bilibili.com/1076677026154283031
2025-06-12 16:52:11,110|line:527| 官方 或 预约 OUT！
2025-06-12 16:52:11,110|line:520| https://t.bilibili.com/1077515880532803592
2025-06-12 16:52:15,354|line:337| =========此为子动态=========
2025-06-12 16:52:18,722|line:388| *************原动态处理开始***************
2025-06-12 16:52:24,334|line:476| 转发成功 1077644849818107904
2025-06-12 16:52:27,640|line:495| 评论发送成功
2025-06-12 16:52:29,928|line:425| 623410202 === 已经关注了
2025-06-12 16:52:33,166|line:504| 动态-点赞 0
2025-06-12 16:52:33,167|line:397| *************原动态处理完成***************
2025-06-12 16:52:37,778|line:363| *********子动态开始*********
2025-06-12 16:52:47,728|line:476| 转发成功 1077644948570898441
2025-06-12 16:52:51,176|line:495| 评论发送成功
2025-06-12 16:52:55,865|line:425| 407029461 === 已经关注了
2025-06-12 16:52:55,865|line:377| ----完成一个子动态----
2025-06-12 16:53:13,209|line:476| 转发成功 1077645060226416648
2025-06-12 16:53:16,542|line:495| 评论发送成功
2025-06-12 16:53:22,064|line:425| 212395881 === 已经关注了
2025-06-12 16:53:22,065|line:377| ----完成一个子动态----
2025-06-12 16:53:37,612|line:476| 转发成功 1077645163310874629
2025-06-12 16:53:40,948|line:495| 评论发送成功
2025-06-12 16:53:47,477|line:425| 388684610 === 已经关注了
2025-06-12 16:53:47,477|line:377| ----完成一个子动态----
2025-06-12 16:53:59,534|line:476| 转发成功 1077645257800155154
2025-06-12 16:54:02,925|line:495| 评论发送成功
2025-06-12 16:54:09,454|line:425| 63414376 === 已经关注了
2025-06-12 16:54:09,454|line:377| ----完成一个子动态----
2025-06-12 16:54:16,386|line:476| 转发成功 1077645330853396485
2025-06-12 16:54:19,775|line:495| 评论发送成功
2025-06-12 16:54:24,290|line:425| 526479088 === 已经关注了
2025-06-12 16:54:24,290|line:377| ----完成一个子动态----
2025-06-12 16:54:40,484|line:382| *********子动态结束*********
2025-06-12 16:54:42,485|line:520| https://t.bilibili.com/1075282875477131280
2025-06-12 16:54:45,801|line:342| =========此为源动态=========
2025-06-12 16:54:48,226|line:363| *********子动态开始*********
2025-06-12 16:54:48,227|line:382| *********子动态结束*********
2025-06-12 16:54:48,227|line:538| -=-=-=-=处理回最初的动态-=-=-=-=
2025-06-12 16:54:58,258|line:476| 转发成功 1077645511242022914
2025-06-12 16:55:01,647|line:495| 评论发送成功
2025-06-12 16:55:04,948|line:425| 699190660 === 已经关注了
2025-06-12 16:55:08,196|line:504| 动态-点赞 0
2025-06-12 16:55:10,196|line:520| https://t.bilibili.com/1077184785774805000
2025-06-12 16:55:14,423|line:527| 官方 或 预约 OUT！
2025-06-12 16:55:14,423|line:520| https://t.bilibili.com/1077404250029424646
2025-06-12 16:55:14,423|line:522| 已有
2025-06-12 16:55:14,423|line:520| https://t.bilibili.com/1077429620416970761
2025-06-12 16:55:14,423|line:522| 已有
2025-06-12 16:55:14,423|line:520| https://t.bilibili.com/1077427249595023368
2025-06-12 16:55:14,423|line:522| 已有
2025-06-12 16:55:14,424|line:520| https://t.bilibili.com/1076827573335359493
2025-06-12 16:55:18,645|line:342| =========此为源动态=========
2025-06-12 16:55:21,920|line:363| *********子动态开始*********
2025-06-12 16:55:21,920|line:382| *********子动态结束*********
2025-06-12 16:55:21,921|line:538| -=-=-=-=处理回最初的动态-=-=-=-=
2025-06-12 16:55:32,835|line:476| 转发成功 1077645657218482178
2025-06-12 16:55:36,175|line:495| 评论发送成功
2025-06-12 16:55:43,836|line:437| 关注 ==== 86865890 0
2025-06-12 16:55:47,112|line:504| 动态-点赞 0
2025-06-12 16:55:50,112|line:520| https://t.bilibili.com/1076811488715341833
2025-06-12 16:55:53,330|line:527| 官方 或 预约 OUT！
2025-06-12 16:55:53,331|line:520| https://t.bilibili.com/1077461643692081169
2025-06-12 16:55:56,543|line:342| =========此为源动态=========
2025-06-12 16:55:57,970|line:363| *********子动态开始*********
2025-06-12 16:55:57,970|line:382| *********子动态结束*********
2025-06-12 16:55:57,971|line:538| -=-=-=-=处理回最初的动态-=-=-=-=
2025-06-12 16:56:07,068|line:476| 转发成功 1077645803259953161
2025-06-12 16:56:10,393|line:495| 评论发送成功
2025-06-12 16:56:13,694|line:425| 472780637 === 已经关注了
2025-06-12 16:56:16,983|line:504| 动态-点赞 0
2025-06-12 16:56:20,984|line:520| https://t.bilibili.com/1077423981111279616
2025-06-12 16:56:20,984|line:522| 已有
2025-06-12 16:56:20,984|line:520| https://t.bilibili.com/1077470822032998441
2025-06-12 16:56:23,197|line:342| =========此为源动态=========
2025-06-12 16:56:24,608|line:363| *********子动态开始*********
2025-06-12 16:56:24,608|line:382| *********子动态结束*********
2025-06-12 16:56:24,608|line:538| -=-=-=-=处理回最初的动态-=-=-=-=
2025-06-12 16:56:30,477|line:476| 转发成功 1077645906374819849
2025-06-12 16:56:33,794|line:495| 评论发送成功
2025-06-12 16:56:37,108|line:425| 35046997 === 已经关注了
2025-06-12 16:56:40,368|line:504| 动态-点赞 0
2025-06-12 16:56:42,368|line:520| https://t.bilibili.com/1077438850296447010
2025-06-12 16:56:43,588|line:337| =========此为子动态=========
2025-06-12 16:56:44,892|line:388| *************原动态处理开始***************
2025-06-12 16:56:49,492|line:476| 转发成功 1077645987939352584
2025-06-12 16:56:52,797|line:495| 评论发送成功
2025-06-12 16:56:57,105|line:425| 26012012 === 已经关注了
2025-06-12 16:57:00,346|line:504| 动态-点赞 0
2025-06-12 16:57:00,346|line:397| *************原动态处理完成***************
2025-06-12 16:57:01,860|line:363| *********子动态开始*********
2025-06-12 16:57:11,840|line:476| 转发成功 1077646082430730244
2025-06-12 16:57:15,145|line:495| 评论发送成功
2025-06-12 16:57:20,665|line:425| 26012012 === 已经关注了
2025-06-12 16:57:20,665|line:377| ----完成一个子动态----
2025-06-12 16:57:20,666|line:382| *********子动态结束*********
2025-06-12 16:57:23,667|line:520| https://t.bilibili.com/1077419776352976903
2025-06-12 16:57:23,667|line:522| 已有
2025-06-12 16:57:23,667|line:520| https://t.bilibili.com/1077475744042450944
2025-06-12 16:57:25,024|line:342| =========此为源动态=========
2025-06-12 16:57:26,303|line:363| *********子动态开始*********
2025-06-12 16:57:26,303|line:382| *********子动态结束*********
2025-06-12 16:57:26,303|line:538| -=-=-=-=处理回最初的动态-=-=-=-=
2025-06-12 16:57:36,188|line:476| 转发成功 1077646189833224201
2025-06-12 16:57:39,599|line:495| 评论发送成功
2025-06-12 16:57:42,905|line:425| 394373125 === 已经关注了
2025-06-12 16:57:46,149|line:504| 动态-点赞 0
2025-06-12 16:57:48,150|line:520| https://t.bilibili.com/1077485197241352195
2025-06-12 16:57:48,150|line:522| 已有
2025-06-12 16:57:48,150|line:520| https://t.bilibili.com/1077445805987594246
2025-06-12 16:57:49,382|line:342| =========此为源动态=========
2025-06-12 16:57:52,017|line:363| *********子动态开始*********
2025-06-12 16:57:52,017|line:382| *********子动态结束*********
2025-06-12 16:57:52,017|line:538| -=-=-=-=处理回最初的动态-=-=-=-=
2025-06-12 16:58:00,984|line:476| 转发成功 1077646292895662084
2025-06-12 16:58:04,308|line:495| 评论发送成功
2025-06-12 16:58:08,622|line:425| 471130755 === 已经关注了
2025-06-12 16:58:11,862|line:504| 动态-点赞 0
2025-06-12 16:58:12,863|line:520| https://t.bilibili.com/1077446173205200901
2025-06-12 16:58:12,863|line:522| 已有
2025-06-12 16:58:12,863|line:520| https://t.bilibili.com/1076825614864875522
2025-06-12 16:58:14,090|line:342| =========此为源动态=========
2025-06-12 16:58:17,563|line:363| *********子动态开始*********
2025-06-12 16:58:17,563|line:382| *********子动态结束*********
2025-06-12 16:58:17,563|line:538| -=-=-=-=处理回最初的动态-=-=-=-=
2025-06-12 16:58:26,619|line:476| 转发成功 1077646404582637575
2025-06-12 16:58:29,958|line:495| 评论发送成功
2025-06-12 16:58:34,546|line:437| 关注 ==== 65521332 0
2025-06-12 16:58:37,817|line:504| 动态-点赞 0
2025-06-12 16:58:40,817|line:520| https://t.bilibili.com/1077412242934202387
2025-06-12 16:58:40,817|line:522| 已有
2025-06-12 16:58:40,817|line:520| https://t.bilibili.com/1077537531469234184
2025-06-12 16:58:43,041|line:527| 官方 或 预约 OUT！
2025-06-12 16:58:43,041|line:520| https://t.bilibili.com/1035593318931628032
2025-06-12 16:58:47,267|line:527| 官方 或 预约 OUT！
2025-06-12 16:58:47,267|line:520| https://t.bilibili.com/1076864355445768200
2025-06-12 16:58:48,558|line:342| =========此为源动态=========
2025-06-12 16:58:50,131|line:363| *********子动态开始*********
2025-06-12 16:58:50,131|line:382| *********子动态结束*********
2025-06-12 16:58:50,131|line:538| -=-=-=-=处理回最初的动态-=-=-=-=
2025-06-12 16:58:59,007|line:476| 转发成功 1077646542000619558
2025-06-12 16:59:02,382|line:495| 评论发送成功
2025-06-12 16:59:07,113|line:437| 关注 ==== 636774938 0
2025-06-12 16:59:10,531|line:504| 动态-点赞 0
2025-06-12 16:59:14,531|line:520| https://t.bilibili.com/1077190684936503301
2025-06-12 16:59:15,933|line:342| =========此为源动态=========
2025-06-12 16:59:18,304|line:363| *********子动态开始*********
2025-06-12 16:59:18,304|line:382| *********子动态结束*********
2025-06-12 16:59:18,304|line:538| -=-=-=-=处理回最初的动态-=-=-=-=
2025-06-12 16:59:28,543|line:476| 转发成功 1077646670846492677
2025-06-12 16:59:35,503|line:495| 评论发送成功
2025-06-12 16:59:39,926|line:425| 430040367 === 已经关注了
2025-06-12 16:59:43,479|line:504| 动态-点赞 0
2025-06-12 16:59:45,479|line:520| https://t.bilibili.com/1077425518714814468
2025-06-12 16:59:49,776|line:342| =========此为源动态=========
2025-06-12 16:59:54,044|line:363| *********子动态开始*********
2025-06-12 16:59:54,044|line:382| *********子动态结束*********
2025-06-12 16:59:54,044|line:538| -=-=-=-=处理回最初的动态-=-=-=-=
2025-06-12 17:00:05,337|line:476| 转发成功 1077646829791739913
2025-06-12 17:00:08,669|line:495| 评论发送成功
2025-06-12 17:00:11,989|line:425| 386615477 === 已经关注了
2025-06-12 17:00:15,244|line:504| 动态-点赞 0
2025-06-12 17:00:19,244|line:520| https://t.bilibili.com/1077427812199038994
2025-06-12 17:00:19,245|line:522| 已有
2025-06-12 17:00:19,245|line:520| https://t.bilibili.com/1077445805981302790
2025-06-12 17:00:20,470|line:342| =========此为源动态=========
2025-06-12 17:00:24,933|line:363| *********子动态开始*********
2025-06-12 17:00:24,933|line:382| *********子动态结束*********
2025-06-12 17:00:24,933|line:538| -=-=-=-=处理回最初的动态-=-=-=-=
2025-06-12 17:00:33,840|line:476| 转发成功 1077646950030901272
2025-06-12 17:00:37,262|line:495| 评论发送成功
2025-06-12 17:00:40,573|line:425| 3494354823940360 === 已经关注了
2025-06-12 17:00:43,826|line:504| 动态-点赞 0
2025-06-12 17:00:45,827|line:520| https://t.bilibili.com/1077411525677809669
2025-06-12 17:00:48,055|line:342| =========此为源动态=========
2025-06-12 17:00:51,336|line:363| *********子动态开始*********
2025-06-12 17:00:51,336|line:382| *********子动态结束*********
2025-06-12 17:00:51,337|line:538| -=-=-=-=处理回最初的动态-=-=-=-=
2025-06-12 17:01:02,283|line:476| 转发成功 1077647074587049986
2025-06-12 17:01:05,675|line:495| 评论发送成功
2025-06-12 17:01:08,979|line:425| 19456751 === 已经关注了
2025-06-12 17:01:12,224|line:504| 动态-点赞 0
2025-06-12 17:01:16,225|line:520| https://t.bilibili.com/1077506659236970517
2025-06-12 17:01:17,511|line:342| =========此为源动态=========
2025-06-12 17:01:21,011|line:363| *********子动态开始*********
2025-06-12 17:01:21,012|line:382| *********子动态结束*********
2025-06-12 17:01:21,012|line:538| -=-=-=-=处理回最初的动态-=-=-=-=
2025-06-12 17:01:27,891|line:476| 转发成功 1077647181953892370
2025-06-12 17:01:31,236|line:495| 评论发送成功
2025-06-12 17:01:32,548|line:425| 690588074 === 已经关注了
2025-06-12 17:01:35,793|line:504| 动态-点赞 0
2025-06-12 17:01:36,793|line:520| https://t.bilibili.com/1077069543209172996
2025-06-12 17:01:41,008|line:527| 官方 或 预约 OUT！
2025-06-12 17:01:41,008|line:520| https://t.bilibili.com/1077238421356806146
2025-06-12 17:01:43,392|line:342| =========此为源动态=========
2025-06-12 17:01:46,637|line:363| *********子动态开始*********
2025-06-12 17:01:46,637|line:382| *********子动态结束*********
2025-06-12 17:01:46,638|line:538| -=-=-=-=处理回最初的动态-=-=-=-=
2025-06-12 17:01:55,530|line:476| 转发成功 1077647302237093920
2025-06-12 17:01:58,862|line:495| 评论发送成功
2025-06-12 17:02:01,175|line:425| 100680137 === 已经关注了
2025-06-12 17:02:04,417|line:504| 动态-点赞 0
2025-06-12 17:02:07,417|line:520| https://t.bilibili.com/1077418298832846852
2025-06-12 17:02:09,644|line:342| =========此为源动态=========
2025-06-12 17:02:13,921|line:363| *********子动态开始*********
2025-06-12 17:02:13,921|line:382| *********子动态结束*********
2025-06-12 17:02:13,921|line:538| -=-=-=-=处理回最初的动态-=-=-=-=
2025-06-12 17:02:22,069|line:476| 转发成功 1077647413860106262
2025-06-12 17:02:25,554|line:495| 评论发送成功
2025-06-12 17:02:27,857|line:425| 614454413 === 已经关注了
2025-06-12 17:02:31,282|line:504| 动态-点赞 0
2025-06-12 17:02:32,282|line:520| https://t.bilibili.com/1077418410548133892
2025-06-12 17:02:32,282|line:522| 已有
2025-06-12 17:02:32,282|line:520| https://t.bilibili.com/1077425484309987349
2025-06-12 17:02:32,283|line:522| 已有
2025-06-12 17:02:32,283|line:520| https://t.bilibili.com/1077153061010407430
2025-06-12 17:02:34,578|line:342| =========此为源动态=========
2025-06-12 17:02:36,003|line:363| *********子动态开始*********
2025-06-12 17:02:36,003|line:382| *********子动态结束*********
2025-06-12 17:02:36,003|line:538| -=-=-=-=处理回最初的动态-=-=-=-=
2025-06-12 17:02:42,259|line:476| 转发成功 1077647504083779592
2025-06-12 17:02:45,578|line:495| 评论发送成功
2025-06-12 17:02:51,161|line:437| 关注 ==== 71322499 0
2025-06-12 17:02:54,471|line:504| 动态-点赞 0
2025-06-12 17:02:56,471|line:520| https://t.bilibili.com/1077500440096014372
2025-06-12 17:02:56,471|line:522| 已有
2025-06-12 17:02:56,472|line:520| https://t.bilibili.com/1077536487756529672
2025-06-12 17:02:56,472|line:522| 已有
2025-06-12 17:02:56,472|line:520| https://t.bilibili.com/1072352088554471426
2025-06-12 17:02:58,780|line:527| 官方 或 预约 OUT！
2025-06-12 17:02:58,780|line:520| https://t.bilibili.com/1077492958244110358
2025-06-12 17:02:58,780|line:522| 已有
2025-06-12 17:02:58,780|line:520| https://t.bilibili.com/1077424874462380051
2025-06-12 17:02:58,780|line:522| 已有
2025-06-12 17:02:58,780|line:520| https://t.bilibili.com/1077438669893140496
2025-06-12 17:03:00,016|line:527| 官方 或 预约 OUT！
2025-06-12 17:03:00,016|line:520| https://t.bilibili.com/1076753510925598724
2025-06-12 17:03:03,244|line:342| =========此为源动态=========
2025-06-12 17:03:06,528|line:363| *********子动态开始*********
2025-06-12 17:03:06,528|line:382| *********子动态结束*********
2025-06-12 17:03:06,528|line:538| -=-=-=-=处理回最初的动态-=-=-=-=
2025-06-12 17:03:16,454|line:476| 转发成功 1077647650112667649
2025-06-12 17:03:19,768|line:495| 评论发送成功
2025-06-12 17:03:25,356|line:437| 关注 ==== 3546897497197366 0
2025-06-12 17:03:28,628|line:504| 动态-点赞 0
2025-06-12 17:03:30,629|line:520| https://t.bilibili.com/1077489414939082772
2025-06-12 17:03:30,629|line:522| 已有
2025-06-12 17:03:30,629|line:520| https://t.bilibili.com/1077495002675806211
2025-06-12 17:03:32,864|line:337| =========此为子动态=========
2025-06-12 17:03:35,180|line:401| *************原动态已存在***************
2025-06-12 17:03:37,631|line:363| *********子动态开始*********
2025-06-12 17:04:20,507|line:382| *********子动态结束*********
2025-06-12 17:04:20,507|line:538| -=-=-=-=处理回最初的动态-=-=-=-=
2025-06-12 17:04:30,735|line:476| 转发成功 1077647967955976196
2025-06-12 17:04:34,317|line:495| 评论发送成功
2025-06-12 17:04:35,625|line:425| 485422279 === 已经关注了
2025-06-12 17:04:38,883|line:504| 动态-点赞 0
2025-06-12 17:04:39,884|line:520| https://t.bilibili.com/1076684001184317477
2025-06-12 17:04:41,225|line:342| =========此为源动态=========
2025-06-12 17:04:43,802|line:363| *********子动态开始*********
2025-06-12 17:04:43,802|line:382| *********子动态结束*********
2025-06-12 17:04:43,803|line:538| -=-=-=-=处理回最初的动态-=-=-=-=
2025-06-12 17:04:55,071|line:476| 转发成功 1077648071035191297
2025-06-12 17:04:58,499|line:495| 评论发送成功
2025-06-12 17:05:00,925|line:425| 3546391102097741 === 已经关注了
2025-06-12 17:05:04,313|line:504| 动态-点赞 0
2025-06-12 17:05:08,313|line:520| https://t.bilibili.com/1063443858280415252
2025-06-12 17:05:08,314|line:522| 已有
2025-06-12 17:05:08,314|line:520| https://t.bilibili.com/1077523115367464967
2025-06-12 17:05:10,653|line:342| =========此为源动态=========
2025-06-12 17:05:15,217|line:363| *********子动态开始*********
2025-06-12 17:05:15,217|line:382| *********子动态结束*********
2025-06-12 17:05:15,217|line:538| -=-=-=-=处理回最初的动态-=-=-=-=
2025-06-12 17:05:24,368|line:476| 转发成功 1077648199884210181
2025-06-12 17:05:27,706|line:495| 评论发送成功
2025-06-12 17:05:29,016|line:425| 236178045 === 已经关注了
2025-06-12 17:05:32,364|line:504| 动态-点赞 0
2025-06-12 17:05:36,365|line:520| https://t.bilibili.com/1077435268291624978
2025-06-12 17:05:36,365|line:522| 已有
2025-06-12 17:05:36,365|line:520| https://t.bilibili.com/1077507698622201859
2025-06-12 17:05:37,699|line:342| =========此为源动态=========
2025-06-12 17:05:41,258|line:363| *********子动态开始*********
2025-06-12 17:05:41,258|line:382| *********子动态结束*********
2025-06-12 17:05:41,258|line:538| -=-=-=-=处理回最初的动态-=-=-=-=
2025-06-12 17:05:48,400|line:476| 转发成功 1077648302943502336
2025-06-12 17:05:51,722|line:495| 评论发送成功
2025-06-12 17:05:55,019|line:425| 1864084681 === 已经关注了
2025-06-12 17:05:58,260|line:504| 动态-点赞 0
2025-06-12 17:06:01,260|line:520| https://t.bilibili.com/1077545786389037073
2025-06-12 17:06:03,595|line:342| =========此为源动态=========
2025-06-12 17:06:05,968|line:363| *********子动态开始*********
2025-06-12 17:06:05,969|line:382| *********子动态结束*********
2025-06-12 17:06:05,969|line:538| -=-=-=-=处理回最初的动态-=-=-=-=
2025-06-12 17:06:15,874|line:476| 转发成功 1077648418897133576
2025-06-12 17:06:19,226|line:495| 评论发送成功
2025-06-12 17:06:22,699|line:425| 397664175 === 已经关注了
2025-06-12 17:06:25,955|line:504| 动态-点赞 0
2025-06-12 17:06:26,956|line:520| https://t.bilibili.com/1076814340543217684
2025-06-12 17:06:30,258|line:342| =========此为源动态=========
2025-06-12 17:06:31,847|line:363| *********子动态开始*********
2025-06-12 17:06:31,847|line:382| *********子动态结束*********
2025-06-12 17:06:31,847|line:538| -=-=-=-=处理回最初的动态-=-=-=-=
2025-06-12 17:06:41,763|line:476| 转发成功 1077648530598789123
2025-06-12 17:06:45,158|line:495| 评论发送成功
2025-06-12 17:06:49,747|line:437| 关注 ==== 1433840 0
2025-06-12 17:06:52,983|line:504| 动态-点赞 0
2025-06-12 17:06:54,983|line:520| https://t.bilibili.com/1077075285609807879
2025-06-12 17:06:57,199|line:342| =========此为源动态=========
2025-06-12 17:07:00,461|line:363| *********子动态开始*********
2025-06-12 17:07:00,461|line:382| *********子动态结束*********
2025-06-12 17:07:00,461|line:538| -=-=-=-=处理回最初的动态-=-=-=-=
2025-06-12 17:07:10,627|line:476| 转发成功 1077648655139209224
2025-06-12 17:07:13,942|line:495| 评论发送成功
2025-06-12 17:07:17,246|line:425| 485703766 === 已经关注了
2025-06-12 17:07:20,517|line:504| 动态-点赞 0
2025-06-12 17:07:23,518|line:520| https://t.bilibili.com/1077424200164048904
2025-06-12 17:07:24,935|line:337| =========此为子动态=========
2025-06-12 17:07:27,256|line:401| *************原动态已存在***************
2025-06-12 17:07:28,757|line:363| *********子动态开始*********
2025-06-12 17:07:45,650|line:382| *********子动态结束*********
2025-06-12 17:07:45,651|line:538| -=-=-=-=处理回最初的动态-=-=-=-=
2025-06-12 17:07:54,580|line:476| 转发成功 1077648844124061713
2025-06-12 17:07:58,033|line:495| 评论发送成功
2025-06-12 17:08:00,511|line:425| 631208134 === 已经关注了
2025-06-12 17:08:03,755|line:504| 动态-点赞 0
2025-06-12 17:08:04,756|line:520| https://t.bilibili.com/1076678228733591552
2025-06-12 17:08:05,973|line:342| =========此为源动态=========
2025-06-12 17:08:08,418|line:363| *********子动态开始*********
2025-06-12 17:08:08,419|line:382| *********子动态结束*********
2025-06-12 17:08:08,419|line:538| -=-=-=-=处理回最初的动态-=-=-=-=
2025-06-12 17:08:17,326|line:476| 转发成功 1077648942887337990
2025-06-12 17:08:20,730|line:495| 评论发送成功
2025-06-12 17:08:25,037|line:425| 3546819634138053 === 已经关注了
2025-06-12 17:08:28,277|line:504| 动态-点赞 0
2025-06-12 17:08:31,277|line:520| https://t.bilibili.com/1074490243530358792
2025-06-12 17:08:33,687|line:527| 官方 或 预约 OUT！
2025-06-12 17:08:33,688|line:553| 执行结束
2025-06-12 17:08:33,688|line:559| ==================================================2025-06-13 01:08==================================================
2025-06-12 17:08:33,688|line:233| processing article 41986764
2025-06-12 17:08:36,776|line:508| ==================================================2025-06-13 01:08==================================================
2025-06-12 17:08:36,776|line:520| https://t.bilibili.com/1076105774016495651
2025-06-12 17:08:39,988|line:527| 官方 或 预约 OUT！
2025-06-12 17:08:39,988|line:520| https://t.bilibili.com/1075219614901731367
2025-06-12 17:08:44,213|line:527| 官方 或 预约 OUT！
2025-06-12 17:08:44,213|line:520| https://t.bilibili.com/1075312137108193297
2025-06-12 17:08:47,431|line:527| 官方 或 预约 OUT！
2025-06-12 17:08:47,431|line:520| https://t.bilibili.com/1075219657854550065
2025-06-12 17:08:50,821|line:527| 官方 或 预约 OUT！
2025-06-12 17:08:50,821|line:520| https://t.bilibili.com/1074772538885668870
2025-06-12 17:08:53,034|line:527| 官方 或 预约 OUT！
2025-06-12 17:08:53,035|line:520| https://t.bilibili.com/1077197138105991192
2025-06-12 17:08:54,260|line:527| 官方 或 预约 OUT！
2025-06-12 17:08:54,260|line:520| https://t.bilibili.com/1071869183914934278
2025-06-12 17:08:57,497|line:527| 官方 或 预约 OUT！
2025-06-12 17:08:57,498|line:520| https://t.bilibili.com/1072985939857375234
2025-06-12 17:08:59,716|line:527| 官方 或 预约 OUT！
2025-06-12 17:08:59,716|line:520| https://t.bilibili.com/1075347278484471809
2025-06-12 17:09:00,936|line:527| 官方 或 预约 OUT！
2025-06-12 17:09:00,936|line:520| https://t.bilibili.com/1075288338692308996
2025-06-12 17:09:03,154|line:527| 官方 或 预约 OUT！
2025-06-12 17:09:03,154|line:520| https://t.bilibili.com/1075625089851981847
2025-06-12 17:09:07,372|line:527| 官方 或 预约 OUT！
2025-06-12 17:09:07,372|line:520| https://t.bilibili.com/1075188489260105729
2025-06-12 17:09:11,584|line:527| 官方 或 预约 OUT！
2025-06-12 17:09:11,585|line:520| https://t.bilibili.com/1076689739244896279
2025-06-12 17:09:13,827|line:527| 官方 或 预约 OUT！
2025-06-12 17:09:13,827|line:520| https://t.bilibili.com/1074913568403488792
2025-06-12 17:09:17,046|line:527| 官方 或 预约 OUT！
2025-06-12 17:09:17,046|line:520| https://t.bilibili.com/1075685717659615257
2025-06-12 17:09:20,433|line:527| 官方 或 预约 OUT！
2025-06-12 17:09:20,433|line:520| https://t.bilibili.com/1075219958473949190
2025-06-12 17:09:21,662|line:527| 官方 或 预约 OUT！
2025-06-12 17:09:21,662|line:520| https://t.bilibili.com/1076332711519453184
2025-06-12 17:09:23,875|line:527| 官方 或 预约 OUT！
2025-06-12 17:09:23,875|line:520| https://t.bilibili.com/1075312034028978194
2025-06-12 17:09:28,093|line:527| 官方 或 预约 OUT！
2025-06-12 17:09:28,093|line:520| https://t.bilibili.com/1073021107061129224
2025-06-12 17:09:29,309|line:527| 官方 或 预约 OUT！
2025-06-12 17:09:29,309|line:520| https://t.bilibili.com/1076062025479618564
2025-06-12 17:09:31,605|line:527| 官方 或 预约 OUT！
2025-06-12 17:09:31,605|line:520| https://t.bilibili.com/1076054492104884224
2025-06-12 17:09:35,830|line:527| 官方 或 预约 OUT！
2025-06-12 17:09:35,830|line:520| https://t.bilibili.com/1035593318931628032
2025-06-12 17:09:38,051|line:527| 官方 或 预约 OUT！
2025-06-12 17:09:38,051|line:520| https://t.bilibili.com/1070111825064886276
2025-06-12 17:09:42,348|line:527| 官方 或 预约 OUT！
2025-06-12 17:09:42,348|line:520| https://t.bilibili.com/1075201073540497415
2025-06-12 17:09:44,567|line:527| 官方 或 预约 OUT！
2025-06-12 17:09:44,567|line:520| https://t.bilibili.com/1076726899299844114
2025-06-12 17:09:46,783|line:527| 官方 或 预约 OUT！
2025-06-12 17:09:46,783|line:520| https://t.bilibili.com/1072714102754770968
2025-06-12 17:09:50,022|line:527| 官方 或 预约 OUT！
2025-06-12 17:09:50,023|line:520| https://t.bilibili.com/1076858600212660264
2025-06-12 17:09:54,237|line:527| 官方 或 预约 OUT！
2025-06-12 17:09:54,238|line:520| https://t.bilibili.com/1075590498195865622
2025-06-12 17:09:58,456|line:527| 官方 或 预约 OUT！
2025-06-12 17:09:58,456|line:520| https://t.bilibili.com/1075364613016518728
2025-06-12 17:10:02,674|line:527| 官方 或 预约 OUT！
2025-06-12 17:10:02,675|line:520| https://t.bilibili.com/1074849818231177219
2025-06-12 17:10:05,889|line:527| 官方 或 预约 OUT！
2025-06-12 17:10:05,889|line:520| https://t.bilibili.com/1072994203381792786
2025-06-12 17:10:07,108|line:527| 官方 或 预约 OUT！
2025-06-12 17:10:07,108|line:520| https://t.bilibili.com/1069390584052973574
2025-06-12 17:10:10,323|line:527| 官方 或 预约 OUT！
2025-06-12 17:10:10,323|line:520| https://t.bilibili.com/1067396267560140801
2025-06-12 17:10:12,738|line:527| 官方 或 预约 OUT！
2025-06-12 17:10:12,739|line:520| https://t.bilibili.com/1071972306068176996
2025-06-12 17:10:14,954|line:527| 官方 或 预约 OUT！
2025-06-12 17:10:14,954|line:520| https://t.bilibili.com/1075259588151869448
2025-06-12 17:10:16,168|line:527| 官方 或 预约 OUT！
2025-06-12 17:10:16,169|line:520| https://t.bilibili.com/1074972838943784982
2025-06-12 17:10:20,394|line:527| 官方 或 预约 OUT！
2025-06-12 17:10:20,394|line:520| https://t.bilibili.com/1075594359408164869
2025-06-12 17:10:21,612|line:527| 官方 或 预约 OUT！
2025-06-12 17:10:21,612|line:520| https://t.bilibili.com/1077074890462330916
2025-06-12 17:10:22,828|line:527| 官方 或 预约 OUT！
2025-06-12 17:10:22,828|line:520| https://t.bilibili.com/1071968556574310404
2025-06-12 17:10:26,047|line:527| 官方 或 预约 OUT！
2025-06-12 17:10:26,048|line:520| https://t.bilibili.com/1072352088554471426
2025-06-12 17:10:30,263|line:527| 官方 或 预约 OUT！
2025-06-12 17:10:30,263|line:520| https://t.bilibili.com/1075947405727236115
2025-06-12 17:10:31,481|line:527| 官方 或 预约 OUT！
2025-06-12 17:10:31,481|line:520| https://t.bilibili.com/1073457716256571398
2025-06-12 17:10:33,867|line:527| 官方 或 预约 OUT！
2025-06-12 17:10:33,867|line:520| https://t.bilibili.com/1071634923531534343
2025-06-12 17:10:36,094|line:527| 官方 或 预约 OUT！
2025-06-12 17:10:36,094|line:520| https://t.bilibili.com/1072992786009030755
2025-06-12 17:10:37,317|line:527| 官方 或 预约 OUT！
2025-06-12 17:10:37,318|line:520| https://t.bilibili.com/1063443858280415252
2025-06-12 17:10:37,318|line:522| 已有
2025-06-12 17:10:37,318|line:520| https://t.bilibili.com/1071295883090329637
2025-06-12 17:10:38,535|line:527| 官方 或 预约 OUT！
2025-06-12 17:10:38,535|line:520| https://t.bilibili.com/1075961480322482281
2025-06-12 17:10:39,749|line:527| 官方 或 预约 OUT！
2025-06-12 17:10:39,749|line:520| https://t.bilibili.com/1075569122160410630
2025-06-12 17:10:40,964|line:527| 官方 或 预约 OUT！
2025-06-12 17:10:40,964|line:520| https://t.bilibili.com/1072977298395758615
2025-06-12 17:10:44,251|line:527| 官方 或 预约 OUT！
2025-06-12 17:10:44,251|line:520| https://t.bilibili.com/1075961484590186528
2025-06-12 17:10:46,636|line:527| 官方 或 预约 OUT！
2025-06-12 17:10:46,637|line:520| https://t.bilibili.com/1074490243530358792
2025-06-12 17:10:48,879|line:527| 官方 或 预约 OUT！
2025-06-12 17:10:48,880|line:553| 执行结束
2025-06-12 17:10:48,880|line:559| ==================================================2025-06-13 01:10==================================================
2025-06-12 17:10:48,880|line:233| processing article 41986782
2025-06-12 17:10:52,996|line:508| ==================================================2025-06-13 01:10==================================================
2025-06-12 17:10:52,996|line:520| https://t.bilibili.com/1075364613016518728
2025-06-12 17:10:54,410|line:527| 官方 或 预约 OUT！
2025-06-12 17:10:54,411|line:520| https://t.bilibili.com/1075219614901731367
2025-06-12 17:10:56,627|line:527| 官方 或 预约 OUT！
2025-06-12 17:10:56,627|line:520| https://t.bilibili.com/1067396267560140801
2025-06-12 17:10:58,840|line:527| 官方 或 预约 OUT！
2025-06-12 17:10:58,840|line:520| https://t.bilibili.com/1063443858280415252
2025-06-12 17:10:58,840|line:522| 已有
2025-06-12 17:10:58,840|line:520| https://t.bilibili.com/1071295883090329637
2025-06-12 17:11:01,227|line:527| 官方 或 预约 OUT！
2025-06-12 17:11:01,227|line:520| https://t.bilibili.com/1035593318931628032
2025-06-12 17:11:04,447|line:527| 官方 或 预约 OUT！
2025-06-12 17:11:04,447|line:520| https://t.bilibili.com/1075288338692308996
2025-06-12 17:11:05,660|line:527| 官方 或 预约 OUT！
2025-06-12 17:11:05,660|line:520| https://t.bilibili.com/1072352088554471426
2025-06-12 17:11:08,874|line:527| 官方 或 预约 OUT！
2025-06-12 17:11:08,874|line:520| https://t.bilibili.com/1075625089851981847
2025-06-12 17:11:13,091|line:527| 官方 或 预约 OUT！
2025-06-12 17:11:13,091|line:520| https://t.bilibili.com/1074490243530358792
2025-06-12 17:11:15,310|line:527| 官方 或 预约 OUT！
2025-06-12 17:11:15,310|line:553| 执行结束
2025-06-12 17:11:15,311|line:559| ==================================================2025-06-13 01:11==================================================
2025-06-12 17:11:15,311|line:233| processing article 41977213
2025-06-12 17:11:19,503|line:508| ==================================================2025-06-13 01:11==================================================
2025-06-12 17:11:19,503|line:520| https://t.bilibili.com/1072666669163216898
2025-06-12 17:11:23,720|line:527| 官方 或 预约 OUT！
2025-06-12 17:11:23,721|line:520| https://t.bilibili.com/1077142506135617555
2025-06-12 17:11:23,721|line:522| 已有
2025-06-12 17:11:23,721|line:520| https://t.bilibili.com/1077138236911910921
2025-06-12 17:11:23,721|line:522| 已有
2025-06-12 17:11:23,721|line:520| https://t.bilibili.com/1077148050916376614
2025-06-12 17:11:23,721|line:522| 已有
2025-06-12 17:11:23,721|line:520| https://t.bilibili.com/1077077119556649012
2025-06-12 17:11:26,010|line:527| 官方 或 预约 OUT！
2025-06-12 17:11:26,010|line:520| https://t.bilibili.com/1076868757805072423
2025-06-12 17:11:26,010|line:522| 已有
2025-06-12 17:11:26,011|line:520| https://t.bilibili.com/1077109748382302211
2025-06-12 17:11:27,232|line:527| 官方 或 预约 OUT！
2025-06-12 17:11:27,232|line:520| https://t.bilibili.com/1076827547561361442
2025-06-12 17:11:27,232|line:522| 已有
2025-06-12 17:11:27,232|line:520| https://t.bilibili.com/1074227438828912657
2025-06-12 17:11:27,232|line:522| 已有
2025-06-12 17:11:27,232|line:520| https://t.bilibili.com/1076840368084877319
2025-06-12 17:11:29,450|line:527| 官方 或 预约 OUT！
2025-06-12 17:11:29,450|line:520| https://t.bilibili.com/1073056089572900872
2025-06-12 17:11:32,666|line:527| 官方 或 预约 OUT！
2025-06-12 17:11:32,666|line:520| https://t.bilibili.com/1073370098912198672
2025-06-12 17:11:32,666|line:522| 已有
2025-06-12 17:11:32,667|line:520| https://t.bilibili.com/1077043691821989896
2025-06-12 17:11:36,901|line:527| 官方 或 预约 OUT！
2025-06-12 17:11:36,901|line:520| https://t.bilibili.com/1077075105210695720
2025-06-12 17:11:36,902|line:522| 已有
2025-06-12 17:11:36,902|line:520| https://t.bilibili.com/1077066128730095620
2025-06-12 17:11:36,902|line:522| 已有
2025-06-12 17:11:36,902|line:520| https://t.bilibili.com/1077115731323125794
2025-06-12 17:11:36,902|line:522| 已有
2025-06-12 17:11:36,902|line:520| https://t.bilibili.com/1035593318931628032
2025-06-12 17:11:41,117|line:527| 官方 或 预约 OUT！
2025-06-12 17:11:41,117|line:520| https://t.bilibili.com/1076368776339914792
2025-06-12 17:11:41,117|line:522| 已有
2025-06-12 17:11:41,117|line:520| https://t.bilibili.com/1077079112396308516
2025-06-12 17:11:45,335|line:527| 官方 或 预约 OUT！
2025-06-12 17:11:45,335|line:520| https://t.bilibili.com/1077164092654878727
2025-06-12 17:11:45,335|line:522| 已有
2025-06-12 17:11:45,335|line:520| https://t.bilibili.com/1068864811358486531
2025-06-12 17:11:45,335|line:522| 已有
2025-06-12 17:11:45,336|line:520| https://t.bilibili.com/1077189316995710981
2025-06-12 17:11:45,336|line:522| 已有
2025-06-12 17:11:45,336|line:520| https://t.bilibili.com/1077100269414645785
2025-06-12 17:11:45,336|line:522| 已有
2025-06-12 17:11:45,336|line:520| https://t.bilibili.com/1077073945565331465
2025-06-12 17:11:45,336|line:522| 已有
2025-06-12 17:11:45,336|line:520| https://t.bilibili.com/1077063994130300963
2025-06-12 17:11:45,336|line:522| 已有
2025-06-12 17:11:45,336|line:520| https://t.bilibili.com/1077160338814664707
2025-06-12 17:11:45,337|line:522| 已有
2025-06-12 17:11:45,337|line:520| https://t.bilibili.com/1076824493843808256
2025-06-12 17:11:45,337|line:522| 已有
2025-06-12 17:11:45,337|line:520| https://t.bilibili.com/1072352088554471426
2025-06-12 17:11:48,550|line:527| 官方 或 预约 OUT！
2025-06-12 17:11:48,550|line:520| https://t.bilibili.com/1077052174342553619
2025-06-12 17:11:48,550|line:522| 已有
2025-06-12 17:11:48,550|line:520| https://t.bilibili.com/1077170384773578759
2025-06-12 17:11:48,550|line:522| 已有
2025-06-12 17:11:48,550|line:520| https://t.bilibili.com/1077076062953799747
2025-06-12 17:11:49,769|line:527| 官方 或 预约 OUT！
2025-06-12 17:11:49,769|line:520| https://t.bilibili.com/1076872176583311377
2025-06-12 17:11:49,769|line:522| 已有
2025-06-12 17:11:49,769|line:520| https://t.bilibili.com/1077139143184613383
2025-06-12 17:11:49,769|line:522| 已有
2025-06-12 17:11:49,770|line:520| https://t.bilibili.com/1076780977266622536
2025-06-12 17:11:49,770|line:522| 已有
2025-06-12 17:11:49,770|line:520| https://t.bilibili.com/1063443858280415252
2025-06-12 17:11:49,770|line:522| 已有
2025-06-12 17:11:49,770|line:520| https://t.bilibili.com/1077152146155110421
2025-06-12 17:11:50,983|line:527| 官方 或 预约 OUT！
2025-06-12 17:11:50,983|line:520| https://t.bilibili.com/1074408716493651973
2025-06-12 17:11:50,983|line:522| 已有
2025-06-12 17:11:50,983|line:520| https://t.bilibili.com/1077153548461932567
2025-06-12 17:11:50,983|line:522| 已有
2025-06-12 17:11:50,983|line:520| https://t.bilibili.com/1076823609122488343
2025-06-12 17:11:50,984|line:522| 已有
2025-06-12 17:11:50,984|line:520| https://t.bilibili.com/1077028693783609344
2025-06-12 17:11:50,984|line:522| 已有
2025-06-12 17:11:50,984|line:520| https://t.bilibili.com/1077142849703641104
2025-06-12 17:11:50,984|line:522| 已有
2025-06-12 17:11:50,984|line:520| https://t.bilibili.com/1074490243530358792
2025-06-12 17:11:55,337|line:527| 官方 或 预约 OUT！
2025-06-12 17:11:55,337|line:553| 执行结束
2025-06-12 17:11:55,338|line:559| ==================================================2025-06-13 01:11==================================================
2025-06-12 17:11:55,338|line:233| processing article 41975177
2025-06-12 17:11:57,290|line:508| ==================================================2025-06-13 01:11==================================================
2025-06-12 17:11:57,290|line:520| https://t.bilibili.com/1072666669163216898
2025-06-12 17:12:01,515|line:527| 官方 或 预约 OUT！
2025-06-12 17:12:01,516|line:520| https://t.bilibili.com/1067025392841261056
2025-06-12 17:12:05,804|line:527| 官方 或 预约 OUT！
2025-06-12 17:12:05,804|line:520| https://t.bilibili.com/1076149393740005446
2025-06-12 17:12:09,041|line:527| 官方 或 预约 OUT！
2025-06-12 17:12:09,041|line:520| https://t.bilibili.com/1063443858280415252
2025-06-12 17:12:09,042|line:522| 已有
2025-06-12 17:12:09,042|line:520| https://t.bilibili.com/1071874552624054293
2025-06-12 17:12:12,271|line:527| 官方 或 预约 OUT！
2025-06-12 17:12:12,271|line:520| https://t.bilibili.com/1076021910482976775
2025-06-12 17:12:14,496|line:527| 官方 或 预约 OUT！
2025-06-12 17:12:14,496|line:520| https://t.bilibili.com/1071622511052980224
2025-06-12 17:12:18,753|line:527| 官方 或 预约 OUT！
2025-06-12 17:12:18,754|line:520| https://t.bilibili.com/1035593318931628032
2025-06-12 17:12:20,987|line:527| 官方 或 预约 OUT！
2025-06-12 17:12:20,987|line:520| https://t.bilibili.com/1072007567788474368
2025-06-12 17:12:25,218|line:527| 官方 或 预约 OUT！
2025-06-12 17:12:25,218|line:520| https://t.bilibili.com/1075046647994515462
2025-06-12 17:12:29,524|line:527| 官方 或 预约 OUT！
2025-06-12 17:12:29,524|line:520| https://t.bilibili.com/1076441425745281032
2025-06-12 17:12:32,749|line:527| 官方 或 预约 OUT！
2025-06-12 17:12:32,750|line:520| https://t.bilibili.com/1072352088554471426
2025-06-12 17:12:36,013|line:527| 官方 或 预约 OUT！
2025-06-12 17:12:36,014|line:520| https://t.bilibili.com/1072218248790933505
2025-06-12 17:12:39,242|line:527| 官方 或 预约 OUT！
2025-06-12 17:12:39,243|line:520| https://t.bilibili.com/1074490243530358792
2025-06-12 17:12:41,472|line:527| 官方 或 预约 OUT！
2025-06-12 17:12:41,473|line:553| 执行结束
2025-06-12 17:12:41,473|line:559| ==================================================2025-06-13 01:12==================================================
2025-06-12 17:12:41,473|line:233| processing article 41975110
2025-06-12 17:12:45,623|line:508| ==================================================2025-06-13 01:12==================================================
2025-06-12 17:12:45,623|line:520| https://t.bilibili.com/1072666669163216898
2025-06-12 17:12:46,853|line:527| 官方 或 预约 OUT！
2025-06-12 17:12:46,853|line:520| https://t.bilibili.com/1075362968046141472
2025-06-12 17:12:48,263|line:527| 官方 或 预约 OUT！
2025-06-12 17:12:48,263|line:520| https://t.bilibili.com/1075312137108193297
2025-06-12 17:12:49,486|line:527| 官方 或 预约 OUT！
2025-06-12 17:12:49,486|line:520| https://t.bilibili.com/1075219657854550065
2025-06-12 17:12:50,713|line:527| 官方 或 预约 OUT！
2025-06-12 17:12:50,713|line:520| https://t.bilibili.com/1074772538885668870
2025-06-12 17:12:54,939|line:527| 官方 或 预约 OUT！
2025-06-12 17:12:54,940|line:520| https://t.bilibili.com/1075219614901731367
2025-06-12 17:12:57,167|line:527| 官方 或 预约 OUT！
2025-06-12 17:12:57,167|line:520| https://t.bilibili.com/1071622511052980224
2025-06-12 17:13:00,410|line:527| 官方 或 预约 OUT！
2025-06-12 17:13:00,410|line:520| https://t.bilibili.com/1072985939857375234
2025-06-12 17:13:04,632|line:527| 官方 或 预约 OUT！
2025-06-12 17:13:04,632|line:520| https://t.bilibili.com/1075347278484471809
2025-06-12 17:13:07,859|line:527| 官方 或 预约 OUT！
2025-06-12 17:13:07,859|line:520| https://t.bilibili.com/1076441425745281032
2025-06-12 17:13:10,082|line:527| 官方 或 预约 OUT！
2025-06-12 17:13:10,083|line:520| https://t.bilibili.com/1075288338692308996
2025-06-12 17:13:13,307|line:527| 官方 或 预约 OUT！
2025-06-12 17:13:13,307|line:520| https://t.bilibili.com/1075625089851981847
2025-06-12 17:13:15,544|line:527| 官方 或 预约 OUT！
2025-06-12 17:13:15,545|line:520| https://t.bilibili.com/1077083785345892356
2025-06-12 17:13:19,773|line:527| 官方 或 预约 OUT！
2025-06-12 17:13:19,774|line:520| https://t.bilibili.com/1075188489260105729
2025-06-12 17:13:23,000|line:527| 官方 或 预约 OUT！
2025-06-12 17:13:23,000|line:520| https://t.bilibili.com/1064830647382573059
2025-06-12 17:13:26,453|line:527| 官方 或 预约 OUT！
2025-06-12 17:13:26,453|line:520| https://t.bilibili.com/1076149393740005446
2025-06-12 17:13:28,667|line:527| 官方 或 预约 OUT！
2025-06-12 17:13:28,668|line:520| https://t.bilibili.com/1074913568403488792
2025-06-12 17:13:31,890|line:527| 官方 或 预约 OUT！
2025-06-12 17:13:31,890|line:520| https://t.bilibili.com/1074603231246548992
2025-06-12 17:13:33,106|line:527| 官方 或 预约 OUT！
2025-06-12 17:13:33,106|line:520| https://t.bilibili.com/1071874552624054293
2025-06-12 17:13:35,327|line:527| 官方 或 预约 OUT！
2025-06-12 17:13:35,328|line:520| https://t.bilibili.com/1075219958473949190
2025-06-12 17:13:37,545|line:527| 官方 或 预约 OUT！
2025-06-12 17:13:37,545|line:520| https://t.bilibili.com/1076332711519453184
2025-06-12 17:13:38,761|line:527| 官方 或 预约 OUT！
2025-06-12 17:13:38,762|line:520| https://t.bilibili.com/1075312034028978194
2025-06-12 17:13:41,980|line:527| 官方 或 预约 OUT！
2025-06-12 17:13:41,981|line:520| https://t.bilibili.com/1073021107061129224
2025-06-12 17:13:45,198|line:527| 官方 或 预约 OUT！
2025-06-12 17:13:45,198|line:520| https://t.bilibili.com/1035593318931628032
2025-06-12 17:13:47,417|line:527| 官方 或 预约 OUT！
2025-06-12 17:13:47,417|line:520| https://t.bilibili.com/1070111825064886276
2025-06-12 17:13:49,663|line:527| 官方 或 预约 OUT！
2025-06-12 17:13:49,663|line:520| https://t.bilibili.com/1075201073540497415
2025-06-12 17:13:52,959|line:527| 官方 或 预约 OUT！
2025-06-12 17:13:52,959|line:520| https://t.bilibili.com/1074848508238888977
2025-06-12 17:13:54,171|line:527| 官方 或 预约 OUT！
2025-06-12 17:13:54,171|line:520| https://t.bilibili.com/1072714102754770968
2025-06-12 17:13:58,385|line:527| 官方 或 预约 OUT！
2025-06-12 17:13:58,385|line:520| https://t.bilibili.com/1076858600212660264
2025-06-12 17:13:59,602|line:527| 官方 或 预约 OUT！
2025-06-12 17:13:59,602|line:520| https://t.bilibili.com/1067025392841261056
2025-06-12 17:14:03,882|line:527| 官方 或 预约 OUT！
2025-06-12 17:14:03,883|line:520| https://t.bilibili.com/1075364613016518728
2025-06-12 17:14:07,106|line:527| 官方 或 预约 OUT！
2025-06-12 17:14:07,106|line:520| https://t.bilibili.com/1067396267560140801
2025-06-12 17:14:11,323|line:527| 官方 或 预约 OUT！
2025-06-12 17:14:11,323|line:520| https://t.bilibili.com/1075259588151869448
2025-06-12 17:14:14,543|line:527| 官方 或 预约 OUT！
2025-06-12 17:14:14,543|line:520| https://t.bilibili.com/1074972838943784982
2025-06-12 17:14:15,776|line:527| 官方 或 预约 OUT！
2025-06-12 17:14:15,776|line:520| https://t.bilibili.com/1077074890462330916
2025-06-12 17:14:19,992|line:527| 官方 或 预约 OUT！
2025-06-12 17:14:19,992|line:520| https://t.bilibili.com/1071968556574310404
2025-06-12 17:14:22,212|line:527| 官方 或 预约 OUT！
2025-06-12 17:14:22,212|line:520| https://t.bilibili.com/1072352088554471426
2025-06-12 17:14:26,426|line:527| 官方 或 预约 OUT！
2025-06-12 17:14:26,426|line:520| https://t.bilibili.com/1073018504294170631
2025-06-12 17:14:29,817|line:527| 官方 或 预约 OUT！
2025-06-12 17:14:29,817|line:520| https://t.bilibili.com/1074490243530358792
2025-06-12 17:14:34,031|line:527| 官方 或 预约 OUT！
2025-06-12 17:14:34,031|line:520| https://t.bilibili.com/1075621056902856738
2025-06-12 17:14:37,249|line:527| 官方 或 预约 OUT！
2025-06-12 17:14:37,249|line:520| https://t.bilibili.com/1072992786009030755
2025-06-12 17:14:38,463|line:527| 官方 或 预约 OUT！
2025-06-12 17:14:38,463|line:520| https://t.bilibili.com/1063443858280415252
2025-06-12 17:14:38,463|line:522| 已有
2025-06-12 17:14:38,463|line:520| https://t.bilibili.com/1075189107724910594
2025-06-12 17:14:41,681|line:527| 官方 或 预约 OUT！
2025-06-12 17:14:41,681|line:520| https://t.bilibili.com/1074832462258896898
2025-06-12 17:14:45,894|line:527| 官方 或 预约 OUT！
2025-06-12 17:14:45,894|line:520| https://t.bilibili.com/1071295883090329637
2025-06-12 17:14:47,107|line:527| 官方 或 预约 OUT！
2025-06-12 17:14:47,107|line:520| https://t.bilibili.com/1075961480322482281
2025-06-12 17:14:49,330|line:527| 官方 或 预约 OUT！
2025-06-12 17:14:49,330|line:520| https://t.bilibili.com/1075046647994515462
2025-06-12 17:14:51,629|line:527| 官方 或 预约 OUT！
2025-06-12 17:14:51,629|line:520| https://t.bilibili.com/1074960310539911169
2025-06-12 17:14:53,842|line:527| 官方 或 预约 OUT！
2025-06-12 17:14:53,842|line:520| https://t.bilibili.com/1076021910482976775
2025-06-12 17:14:55,060|line:527| 官方 或 预约 OUT！
2025-06-12 17:14:55,060|line:520| https://t.bilibili.com/1072218248790933505
2025-06-12 17:14:58,273|line:527| 官方 或 预约 OUT！
2025-06-12 17:14:58,273|line:520| https://t.bilibili.com/1072007567788474368
2025-06-12 17:14:59,502|line:527| 官方 或 预约 OUT！
2025-06-12 17:14:59,502|line:553| 执行结束
2025-06-12 17:14:59,503|line:559| ==================================================2025-06-13 01:14==================================================
2025-06-12 17:15:07,611|line:579| ('reply: ', '我不是可洛蒂娅', '不是，这……')
2025-06-12 17:15:07,611|line:579| ('reply: ', '好像都是一个人', '你在说什么')
2025-06-12 17:15:07,611|line:579| ('reply: ', '目标咨询', '太宠粉了啊')
2025-06-12 17:15:07,611|line:579| ('reply: ', '数玩工场', '祝你成功')
2025-06-12 17:15:07,611|line:579| ('reply: ', '益家有小佰', '恭喜宝子，获得小电视月度会员1份和克刻冰冰猴喉糖随机口味1份～记得私信小佰提供信息哦~')
2025-06-12 17:15:07,612|line:579| ('reply: ', '圆环之理-Madoka', '是的')
2025-06-12 17:15:07,612|line:579| ('reply: ', '兰的三姨', '这就是银河巨星的实力！')
2025-06-12 17:15:07,612|line:579| ('reply: ', '花园百合铃音', '有男不玩，我只吃麻辣火锅，xxn滚[吃瓜]')
2025-06-12 17:15:07,612|line:579| ('reply: ', '是绝赞的阿鬼', '[tv_难过]')
2025-06-12 17:15:07,612|line:579| ('reply: ', '桃稚不幼稚', '还行')
2025-06-12 17:15:07,612|line:579| ('reply: ', '陌罔子吖', '佬，这个报名有啥条件不。最近太非了，想下次报来抽[脱单doge][脱单doge][脱单doge]')
2025-06-12 17:15:07,612|line:579| ('reply: ', '太二酸菜鱼', '恭喜成为本期欧皇[打call]获得【肥龙联名显眼包】1份，在收到本信息的两天内回复哥的私信哦~逾期哥就自己收啦！[脱单doge]')
2025-06-12 17:15:07,612|line:579| ('reply: ', '得一想二的松鼠', '中奖分我一半')
2025-06-12 17:15:07,612|line:579| ('reply: ', '佑凉Uriyoo', '谢谢！！！[UP_24967030_感恩]')
2025-06-12 17:15:07,613|line:579| ('reply: ', '岛莓祁', '好耶')
2025-06-12 17:15:07,613|line:579| ('reply: ', '苏酥_SUSU_', 'https://b23.tv/3HJcDkm')
2025-06-12 17:15:07,613|line:579| ('reply: ', '心想事成イ', 'I[UP_410636303_比心鸟][UP_410636303_比心鸟][UP_410636303_比心鸟]')
2025-06-12 17:15:07,613|line:579| ('reply: ', 'FWF第五人格娱乐赛', '加油[doge]')
2025-06-12 17:15:07,613|line:579| ('reply: ', '神奇猫咪_有钱哒', '好耶')
2025-06-12 17:15:07,613|line:579| ('reply: ', '星夜染some', '好耶')
2025-06-12 17:15:09,867|line:588| ('at: ', '流量卡信息差揭秘', '1 @浪子游2fans6@被_____打下来的飞机@拉斯特臣后面一个点@专心致志的学生@猫猫头OmMeow@小小Shaun@龐門左道@啦啦痴痴腻@bili_66938050009@日月星辰668')
2025-06-12 17:15:09,867|line:588| ('at: ', 'iKF蓝牙耳机', '恭喜@小小Shaun 宝子成为苏泊尔福利动态幸运儿！\n注意：即日起72小时内回复信息确认领奖哦！逾期将自动视为放弃中奖资格。\n没有中奖的宝子们不要气馁，参与一下下置顶视频iKF Mars，增加欧气值，说不定下个幸运儿就是你！\n链接：\nhttps://www.bilibili.com/video/BV1Soo6YLEHZ/?spm_id_from=333.1387.list.card_archive.click&vd_source=21fb0967ccc75e6b3b2447ade2c740dd\n还没参与抽奖的宝子们，赶紧点击上方链接参与吧！还有特别福利惊喜等你哦~')
2025-06-12 17:15:09,867|line:588| ('at: ', 'wellymerck威利默克', '恭喜@小小Shaun\xa0 获得《我是你的小狗3 永远等你回家》1本，请于5天内联系威宝，凭关注+互动截图领取奖品，逾期作废~')
2025-06-12 17:15:09,867|line:588| ('at: ', '宁美NINGMEI', '恭喜@小小Shaun   中奖，请在12月1日24点前私信我：1. 奖品+中奖信息a. 实物奖：姓名电话地址，给文字！省市区路清晰，提交不清晰不发奖，信息错误致无法签收，概不负责；\n\nb. 现金红包给到支付宝实名+账号；\n\nc. 京东卡/猫超卡 等购物卡给到姓名+电话；2. 宁美和品牌方关注截图+转发截图！\n\n必须关注品牌方，否则奖品不予发放；如遇无法私信图片的情况，等待我回复后即可发送图片。PS： \n\n因后台收信有时会出问题，以回复“已登记”为准，没有回复即表示私信未收到。\n\n过期视为自动放弃，不会补发；奖品30个工作日内发送，勿催哦~\n\n不发全，不回复。其他小伙伴请继续努力！')
2025-06-12 17:15:09,867|line:588| ('at: ', '爱玛电动车官方账号', '#一“玛”当先榜# 快来看看10月都是谁和爱玛酱互动最多呀~ 💕恭喜@小小Shaun 和@甘瑞凯拉莎 排行第一！这两位小玛达将会获得【爱玛随机周边×1】，请5天内私信爱玛酱领奖哟~[鼓掌] 以后也请继续单推我无敌可爱美少女爱玛酱呀嘿嘿！(●´З｀●)')
2025-06-12 17:15:09,868|line:588| ('at: ', '爱玛电动车官方账号', '')
2025-06-12 17:15:09,868|line:588| ('at: ', '海露滴眼液', '互动榜出炉啦')
2025-06-12 17:15:09,868|line:588| ('at: ', '和蔼可亲桃白白', '\u200b//@九号公司:\u200b恭喜@小小Shaun 中奖！后续记得查收私信哟～\u200b//@九号公司:#互动抽奖# 谢谢粒粒的复工礼！小九也来加个码~关注【@微粒贷+@九号公司 】并转发该动态，抽一位小可爱获得【100元京东卡】~ #供电局福利社# 10月31日抽出！')
2025-06-12 17:15:09,868|line:588| ('at: ', '望大家身体健康快乐', '\u200b//@九号公司:\u200b恭喜@小小Shaun 中奖！后续记得查收私信哟～\u200b//@九号公司 :#互动抽奖# 谢谢粒粒的复工礼！小九也来加个码~关注【@微粒贷+@九号公司 】并转发该动态，抽一位小可爱获得【100元京东卡】~ #供电局福利社# 10月31日抽出！')
2025-06-12 17:15:09,868|line:588| ('at: ', 'MoMA_Reona', '//@九号公司:\u200b恭喜@小小Shaun 中奖！后续记得查收私信哟～\u200b//@九号公司:#互动抽奖# 谢谢粒粒的复工礼！小九也来加个码~关注【@微粒贷+@九号公司 】并转发该动态，抽一位小可爱获得【100元京东卡】~ #供电局福利社# 10月31日抽出！')
2025-06-12 17:15:09,868|line:588| ('at: ', '摸鱼二队', '\u200b//@九号公司:\u200b恭喜@小小Shaun 中奖！后续记得查收私信哟～\u200b//@九号公司 :#互动抽奖# 谢谢粒粒的复工礼！小九也来加个码~关注【@微粒贷+@九号公司 】并转发该动态，抽一位小可爱获得【100元京东卡】~ #供电局福利社# 10月31日抽出！')
2025-06-12 17:15:09,868|line:588| ('at: ', '文少嘅一些事一些情', '\u200b//@九号公司:\u200b恭喜@小小Shaun 中奖！后续记得查收私信哟～\u200b//@九号公司 :#互动抽奖# 谢谢粒粒的复工礼！小九也来加个码~关注【@微粒贷+@九号公司 】并转发该动态，抽一位小可爱获得【100元京东卡】~ #供电局福利社# 10月31日抽出！')
2025-06-12 17:15:09,868|line:588| ('at: ', 'Carry队友的嘟嘟酱丶', '\u200b//@九号公司:\u200b恭喜@小小Shaun 中奖！后续记得查收私信哟～\u200b//@九号公司 :#互动抽奖# 谢谢粒粒的复工礼！小九也来加个码~关注【@微粒贷+@九号公司 】并转发该动态，抽一位小可爱获得【100元京东卡】~ #供电局福利社# 10月31日抽出！')
2025-06-12 17:15:09,868|line:588| ('at: ', '蛤蟆zero', '//@九号公司:\u200b恭喜@小小Shaun 中奖！后续记得查收私信哟～\u200b//@九号公司:#互动抽奖# 谢谢粒粒的复工礼！小九也来加个码~关注【@微粒贷+@九号公司 】并转发该动态，抽一位小可爱获得【100元京东卡】~ #供电局福利社# 10月31日抽出！c冲冲冲')
2025-06-12 17:15:09,869|line:588| ('at: ', '木而各子要吃笃栗子', '\u200b//@九号公司:\u200b恭喜@小小Shaun 中奖！后续记得查收私信哟～\u200b//@九号公司 :#互动抽奖# 谢谢粒粒的复工礼！小九也来加个码~关注【@微粒贷+@九号公司 】并转发该动态，抽一位小可爱获得【100元京东卡】~ #供电局福利社# 10月31日抽出！')
2025-06-12 17:15:09,869|line:588| ('at: ', '裙下愚臣情默默', '\u200b//@九号公司:\u200b恭喜@小小Shaun 中奖！后续记得查收私信哟～\u200b//@九号公司 :#互动抽奖# 谢谢粒粒的复工礼！小九也来加个码~关注【@微粒贷+@九号公司 】并转发该动态，抽一位小可爱获得【100元京东卡】~ #供电局福利社# 10月31日抽出！')
2025-06-12 17:15:09,869|line:588| ('at: ', '戊子毕宿', '')
2025-06-12 17:15:09,869|line:588| ('at: ', '九号电动', '\u200b恭喜@小小Shaun 中奖！后续记得查收私信哟～\u200b//@九号公司:#互动抽奖# 谢谢粒粒的复工礼！小九也来加个码~关注【@微粒贷+@九号公司 】并转发该动态，抽一位小可爱获得【100元京东卡】~ #供电局福利社# 10月31日抽出！')
2025-06-12 17:15:09,869|line:588| ('at: ', '优雅小宝', '')
2025-06-12 17:15:09,869|line:588| ('at: ', '我永远只爱一色彩羽', '//@九号公司:恭喜@小小Shaun 中奖！后续记得查收私信哟～\u200b//@九号公司:今晚8点，京东11.11现货开卖，抢先优惠不用等，全场直降，更有60元额外补贴助你大薅特薅！京东双十一，带你体验“飞”一般的购物速度！关注@京东戏精周报 x@九号公司 ，转发+评论本条动态，10月21日小编会抽取1名幸运粉丝送上【50元京东E卡】#京东11.11又便宜又好# #京东11.11现货开卖#')
