2025-05-01 16:34:42,636|line:233| processing article 41523603
2025-05-01 16:34:45,636|line:508| ==================================================2025-05-02 00:34==================================================
2025-05-01 16:34:45,636|line:520| https://t.bilibili.com/1061880447207735303
2025-05-01 16:34:47,075|line:527| 官方 或 预约 OUT！
2025-05-01 16:34:47,075|line:520| https://t.bilibili.com/1060542092462260230
2025-05-01 16:34:51,303|line:527| 官方 或 预约 OUT！
2025-05-01 16:34:51,303|line:520| https://t.bilibili.com/1060417559869784071
2025-05-01 16:34:54,532|line:527| 官方 或 预约 OUT！
2025-05-01 16:34:54,532|line:520| https://t.bilibili.com/1059685044600176677
2025-05-01 16:34:55,832|line:527| 官方 或 预约 OUT！
2025-05-01 16:34:55,833|line:520| https://t.bilibili.com/1060549020217245714
2025-05-01 16:35:00,054|line:527| 官方 或 预约 OUT！
2025-05-01 16:35:00,055|line:520| https://t.bilibili.com/1059409011341787138
2025-05-01 16:35:03,284|line:527| 官方 或 预约 OUT！
2025-05-01 16:35:03,284|line:520| https://t.bilibili.com/1060509162948001832
2025-05-01 16:35:03,284|line:522| 已有
2025-05-01 16:35:03,284|line:520| https://t.bilibili.com/1046736968075968533
2025-05-01 16:35:04,517|line:527| 官方 或 预约 OUT！
2025-05-01 16:35:04,518|line:520| https://t.bilibili.com/1057530938108412004
2025-05-01 16:35:07,747|line:527| 官方 或 预约 OUT！
2025-05-01 16:35:07,747|line:520| https://t.bilibili.com/1060895039954092032
2025-05-01 16:35:10,049|line:342| =========此为源动态=========
2025-05-01 16:35:14,324|line:363| *********子动态开始*********
2025-05-01 16:35:20,137|line:382| *********子动态结束*********
2025-05-01 16:35:20,138|line:538| -=-=-=-=处理回最初的动态-=-=-=-=
2025-05-01 16:35:28,119|line:476| 转发成功 1062054904473845779
2025-05-01 16:35:31,502|line:495| 评论发送成功
2025-05-01 16:35:34,951|line:425| 686127 === 已经关注了
2025-05-01 16:35:38,197|line:504| 动态-点赞 0
2025-05-01 16:35:39,197|line:520| https://t.bilibili.com/1059886882315304969
2025-05-01 16:35:43,445|line:527| 官方 或 预约 OUT！
2025-05-01 16:35:43,445|line:520| https://t.bilibili.com/1058979798098903065
2025-05-01 16:35:45,672|line:527| 官方 或 预约 OUT！
2025-05-01 16:35:45,672|line:520| https://t.bilibili.com/1055969700359438336
2025-05-01 16:35:45,672|line:522| 已有
2025-05-01 16:35:45,673|line:520| https://t.bilibili.com/1058492744486354948
2025-05-01 16:35:50,074|line:527| 官方 或 预约 OUT！
2025-05-01 16:35:50,074|line:553| 执行结束
2025-05-01 16:35:50,074|line:559| ==================================================2025-05-02 00:35==================================================
2025-05-01 16:35:50,074|line:233| processing article 41523502
2025-05-01 16:35:54,033|line:508| ==================================================2025-05-02 00:35==================================================
2025-05-01 16:35:54,033|line:520| https://t.bilibili.com/1054803595257446403
2025-05-01 16:35:56,262|line:527| 官方 或 预约 OUT！
2025-05-01 16:35:56,262|line:520| https://t.bilibili.com/1057128892665430025
2025-05-01 16:35:58,489|line:342| =========此为源动态=========
2025-05-01 16:36:01,935|line:363| *********子动态开始*********
2025-05-01 16:36:01,935|line:382| *********子动态结束*********
2025-05-01 16:36:01,936|line:538| -=-=-=-=处理回最初的动态-=-=-=-=
2025-05-01 16:36:12,867|line:476| 转发成功 1062055097730596868
2025-05-01 16:36:16,349|line:495| 评论发送成功
2025-05-01 16:36:18,647|line:425| 1202960418 === 已经关注了
2025-05-01 16:36:21,879|line:504| 动态-点赞 0
2025-05-01 16:36:24,879|line:520| https://t.bilibili.com/1059395701268545537
2025-05-01 16:36:26,090|line:342| =========此为源动态=========
2025-05-01 16:36:30,496|line:363| *********子动态开始*********
2025-05-01 16:36:30,496|line:382| *********子动态结束*********
2025-05-01 16:36:30,496|line:538| -=-=-=-=处理回最初的动态-=-=-=-=
2025-05-01 16:36:40,344|line:476| 转发成功 1062055218014846976
2025-05-01 16:36:43,572|line:495| 评论发送成功
2025-05-01 16:36:46,861|line:425| 11256684 === 已经关注了
2025-05-01 16:36:50,267|line:504| 动态-点赞 0
2025-05-01 16:36:54,267|line:520| https://t.bilibili.com/1058559625754836997
2025-05-01 16:36:58,476|line:527| 官方 或 预约 OUT！
2025-05-01 16:36:58,476|line:520| https://t.bilibili.com/1059727332846075945
2025-05-01 16:36:58,476|line:522| 已有
2025-05-01 16:36:58,476|line:520| https://t.bilibili.com/1058246818983313463
2025-05-01 16:36:58,476|line:522| 已有
2025-05-01 16:36:58,476|line:520| https://t.bilibili.com/1061174247206944786
2025-05-01 16:37:02,681|line:342| =========此为源动态=========
2025-05-01 16:37:04,955|line:363| *********子动态开始*********
2025-05-01 16:37:04,955|line:382| *********子动态结束*********
2025-05-01 16:37:04,955|line:538| -=-=-=-=处理回最初的动态-=-=-=-=
2025-05-01 16:37:10,980|line:476| 转发成功 1062055346880643093
2025-05-01 16:37:14,302|line:495| 评论发送成功
2025-05-01 16:37:19,074|line:437| 关注 ==== 3546653627779824 您的账号异常，请稍后再试
2025-05-01 16:37:22,579|line:504| 动态-点赞 0
2025-05-01 16:37:24,579|line:553| 执行结束
2025-05-01 16:37:24,579|line:559| ==================================================2025-05-02 00:37==================================================
2025-05-01 16:37:24,580|line:233| processing article 41515298
2025-05-01 16:37:29,681|line:508| ==================================================2025-05-02 00:37==================================================
2025-05-01 16:37:29,681|line:520| https://t.bilibili.com/1058693255032471561
2025-05-01 16:37:34,063|line:527| 官方 或 预约 OUT！
2025-05-01 16:37:34,063|line:520| https://t.bilibili.com/1059685044600176677
2025-05-01 16:37:38,271|line:527| 官方 或 预约 OUT！
2025-05-01 16:37:38,271|line:520| https://t.bilibili.com/1058924934204489737
2025-05-01 16:37:41,482|line:527| 官方 或 预约 OUT！
2025-05-01 16:37:41,483|line:520| https://t.bilibili.com/1060142089276227634
2025-05-01 16:37:45,693|line:527| 官方 或 预约 OUT！
2025-05-01 16:37:45,693|line:520| https://t.bilibili.com/1059284504570494985
2025-05-01 16:37:45,693|line:522| 已有
2025-05-01 16:37:45,693|line:520| https://t.bilibili.com/1052989199203958789
2025-05-01 16:37:48,897|line:527| 官方 或 预约 OUT！
2025-05-01 16:37:48,898|line:520| https://t.bilibili.com/1060509162948001832
2025-05-01 16:37:48,898|line:522| 已有
2025-05-01 16:37:48,898|line:520| https://t.bilibili.com/1054079773002694693
2025-05-01 16:37:52,188|line:527| 官方 或 预约 OUT！
2025-05-01 16:37:52,188|line:520| https://t.bilibili.com/1059029941824258086
2025-05-01 16:37:55,394|line:527| 官方 或 预约 OUT！
2025-05-01 16:37:55,394|line:520| https://t.bilibili.com/1060013871614394388
2025-05-01 16:37:59,634|line:527| 官方 或 预约 OUT！
2025-05-01 16:37:59,634|line:520| https://t.bilibili.com/1046736968075968533
2025-05-01 16:38:01,210|line:527| 官方 或 预约 OUT！
2025-05-01 16:38:01,210|line:520| https://t.bilibili.com/1058228638355292164
2025-05-01 16:38:02,436|line:527| 官方 或 预约 OUT！
2025-05-01 16:38:02,437|line:520| https://t.bilibili.com/1054531749560713222
2025-05-01 16:38:04,665|line:527| 官方 或 预约 OUT！
2025-05-01 16:38:04,665|line:520| https://t.bilibili.com/1060035312052338695
2025-05-01 16:38:07,891|line:527| 官方 或 预约 OUT！
2025-05-01 16:38:07,891|line:520| https://t.bilibili.com/1056301340540534793
2025-05-01 16:38:07,891|line:522| 已有
2025-05-01 16:38:07,891|line:520| https://t.bilibili.com/1054551850034921512
2025-05-01 16:38:07,891|line:522| 已有
2025-05-01 16:38:07,892|line:520| https://t.bilibili.com/1059463548844900370
2025-05-01 16:38:12,120|line:527| 官方 或 预约 OUT！
2025-05-01 16:38:12,120|line:520| https://t.bilibili.com/1058978131655786501
2025-05-01 16:38:15,327|line:527| 官方 或 预约 OUT！
2025-05-01 16:38:15,327|line:520| https://t.bilibili.com/1059409011341787138
2025-05-01 16:38:17,541|line:527| 官方 或 预约 OUT！
2025-05-01 16:38:17,541|line:520| https://t.bilibili.com/1058119842576465936
2025-05-01 16:38:18,818|line:527| 官方 或 预约 OUT！
2025-05-01 16:38:18,818|line:520| https://t.bilibili.com/1057018505573957633
2025-05-01 16:38:22,023|line:527| 官方 或 预约 OUT！
2025-05-01 16:38:22,023|line:520| https://t.bilibili.com/1060823326920802342
2025-05-01 16:38:22,024|line:522| 已有
2025-05-01 16:38:22,024|line:520| https://t.bilibili.com/1055969700359438336
2025-05-01 16:38:22,024|line:522| 已有
2025-05-01 16:38:22,024|line:520| https://t.bilibili.com/1056359722012114948
2025-05-01 16:38:24,378|line:527| 官方 或 预约 OUT！
2025-05-01 16:38:24,378|line:520| https://t.bilibili.com/1060202781431824385
2025-05-01 16:38:26,585|line:527| 官方 或 预约 OUT！
2025-05-01 16:38:26,585|line:520| https://t.bilibili.com/1040773234145886213
2025-05-01 16:38:27,966|line:527| 官方 或 预约 OUT！
2025-05-01 16:38:27,967|line:520| https://t.bilibili.com/1054365843600703490
2025-05-01 16:38:31,176|line:527| 官方 或 预约 OUT！
2025-05-01 16:38:31,176|line:520| https://t.bilibili.com/1050826270821056533
2025-05-01 16:38:31,177|line:522| 已有
2025-05-01 16:38:31,177|line:520| https://t.bilibili.com/1058895672558747667
2025-05-01 16:38:33,419|line:527| 官方 或 预约 OUT！
2025-05-01 16:38:33,420|line:520| https://t.bilibili.com/1061266765114245123
2025-05-01 16:38:36,637|line:527| 官方 或 预约 OUT！
2025-05-01 16:38:36,637|line:520| https://t.bilibili.com/1058878784749436937
2025-05-01 16:38:36,637|line:522| 已有
2025-05-01 16:38:36,638|line:520| https://t.bilibili.com/1058492744486354948
2025-05-01 16:38:38,843|line:527| 官方 或 预约 OUT！
2025-05-01 16:38:38,843|line:553| 执行结束
2025-05-01 16:38:38,843|line:559| ==================================================2025-05-02 00:38==================================================
2025-05-01 16:38:38,843|line:233| processing article 41512302
2025-05-01 16:38:40,650|line:508| ==================================================2025-05-02 00:38==================================================
2025-05-01 16:38:40,650|line:520| https://t.bilibili.com/1047823788051267592
2025-05-01 16:38:40,650|line:522| 已有
2025-05-01 16:38:40,650|line:520| https://t.bilibili.com/1051057142496231432
2025-05-01 16:38:42,863|line:527| 官方 或 预约 OUT！
2025-05-01 16:38:42,863|line:520| https://t.bilibili.com/1051083994666369029
2025-05-01 16:38:46,073|line:527| 官方 或 预约 OUT！
2025-05-01 16:38:46,073|line:520| https://t.bilibili.com/1051110597694849045
2025-05-01 16:38:46,073|line:522| 已有
2025-05-01 16:38:46,073|line:520| https://t.bilibili.com/1055255451580497938
2025-05-01 16:38:47,280|line:527| 官方 或 预约 OUT！
2025-05-01 16:38:47,280|line:520| https://t.bilibili.com/1051244085253242912
2025-05-01 16:38:47,281|line:522| 已有
2025-05-01 16:38:47,281|line:520| https://t.bilibili.com/1053286614919282689
2025-05-01 16:38:47,281|line:522| 已有
2025-05-01 16:38:47,281|line:520| https://t.bilibili.com/1045218280500887590
2025-05-01 16:38:48,487|line:527| 官方 或 预约 OUT！
2025-05-01 16:38:48,487|line:520| https://t.bilibili.com/1059759888738025497
2025-05-01 16:38:50,764|line:527| 官方 或 预约 OUT！
2025-05-01 16:38:50,764|line:520| https://t.bilibili.com/1051239347877052421
2025-05-01 16:38:51,970|line:527| 官方 或 预约 OUT！
2025-05-01 16:38:51,971|line:520| https://t.bilibili.com/1050850687715377223
2025-05-01 16:38:55,178|line:527| 官方 或 预约 OUT！
2025-05-01 16:38:55,179|line:520| https://t.bilibili.com/1054967516941516819
2025-05-01 16:38:58,392|line:527| 官方 或 预约 OUT！
2025-05-01 16:38:58,392|line:520| https://t.bilibili.com/1059055200515391524
2025-05-01 16:39:02,726|line:527| 官方 或 预约 OUT！
2025-05-01 16:39:02,727|line:520| https://t.bilibili.com/1056387695126773785
2025-05-01 16:39:06,069|line:527| 官方 或 预约 OUT！
2025-05-01 16:39:06,070|line:520| https://t.bilibili.com/1057018505573957633
2025-05-01 16:39:08,398|line:527| 官方 或 预约 OUT！
2025-05-01 16:39:08,398|line:520| https://t.bilibili.com/1059634604535709719
2025-05-01 16:39:12,731|line:527| 官方 或 预约 OUT！
2025-05-01 16:39:12,731|line:520| https://t.bilibili.com/1052619935106203657
2025-05-01 16:39:12,732|line:522| 已有
2025-05-01 16:39:12,732|line:520| https://t.bilibili.com/1055612651094147092
2025-05-01 16:39:17,076|line:527| 官方 或 预约 OUT！
2025-05-01 16:39:17,077|line:520| https://t.bilibili.com/1057091824976396295
2025-05-01 16:39:17,077|line:522| 已有
2025-05-01 16:39:17,077|line:520| https://t.bilibili.com/1055255662046478371
2025-05-01 16:39:19,429|line:527| 官方 或 预约 OUT！
2025-05-01 16:39:19,430|line:553| 执行结束
2025-05-01 16:39:19,430|line:559| ==================================================2025-05-02 00:39==================================================
2025-05-01 16:39:19,430|line:233| processing article 41525734
2025-05-01 16:39:24,533|line:508| ==================================================2025-05-02 00:39==================================================
2025-05-01 16:39:24,533|line:520| https://t.bilibili.com/1061558320338305028
2025-05-01 16:39:27,739|line:337| =========此为子动态=========
2025-05-01 16:39:32,145|line:388| *************原动态处理开始***************
2025-05-01 16:39:37,773|line:476| 转发成功 1062055978246078466
2025-05-01 16:39:41,138|line:495| 评论发送成功
2025-05-01 16:39:45,436|line:425| 436170053 === 已经关注了
2025-05-01 16:39:48,687|line:504| 动态-点赞 0
2025-05-01 16:39:48,688|line:397| *************原动态处理完成***************
2025-05-01 16:39:52,262|line:363| *********子动态开始*********
2025-05-01 16:40:00,267|line:476| 转发成功 1062056076991528967
2025-05-01 16:40:03,604|line:495| 评论发送成功
2025-05-01 16:40:08,113|line:425| 505670427 === 已经关注了
2025-05-01 16:40:08,114|line:377| ----完成一个子动态----
2025-05-01 16:40:19,147|line:476| 转发成功 1062056158608490499
2025-05-01 16:40:22,489|line:495| 评论发送成功
2025-05-01 16:40:28,984|line:425| 1345140518 === 已经关注了
2025-05-01 16:40:28,984|line:377| ----完成一个子动态----
2025-05-01 16:40:35,942|line:476| 转发成功 1062056227334258727
2025-05-01 16:40:39,291|line:495| 评论发送成功
2025-05-01 16:40:42,797|line:425| 1681276938 === 已经关注了
2025-05-01 16:40:42,797|line:377| ----完成一个子动态----
2025-05-01 16:40:52,946|line:476| 转发成功 1062056300346605587
2025-05-01 16:40:56,247|line:495| 评论发送成功
2025-05-01 16:41:01,745|line:425| 3493279620401432 === 已经关注了
2025-05-01 16:41:01,745|line:377| ----完成一个子动态----
2025-05-01 16:41:08,785|line:476| 转发成功 1062056369044062224
2025-05-01 16:41:12,222|line:495| 评论发送成功
2025-05-01 16:41:15,800|line:425| 388684610 === 已经关注了
2025-05-01 16:41:15,800|line:377| ----完成一个子动态----
2025-05-01 16:41:15,801|line:382| *********子动态结束*********
2025-05-01 16:41:16,802|line:520| https://t.bilibili.com/1061627245981859890
2025-05-01 16:41:20,012|line:337| =========此为子动态=========
2025-05-01 16:41:24,404|line:401| *************原动态已存在***************
2025-05-01 16:41:27,957|line:363| *********子动态开始*********
2025-05-01 16:41:36,080|line:476| 转发成功 1062056485048025092
2025-05-01 16:41:39,493|line:495| 评论发送成功
2025-05-01 16:41:45,101|line:425| 493230543 === 已经关注了
2025-05-01 16:41:45,101|line:377| ----完成一个子动态----
2025-05-01 16:41:45,102|line:382| *********子动态结束*********
2025-05-01 16:41:47,102|line:520| https://t.bilibili.com/1035593318931628032
2025-05-01 16:41:50,308|line:527| 官方 或 预约 OUT！
2025-05-01 16:41:50,308|line:520| https://t.bilibili.com/1061573739285577729
2025-05-01 16:41:50,308|line:522| 已有
2025-05-01 16:41:50,308|line:520| https://t.bilibili.com/1061557727646449672
2025-05-01 16:41:53,515|line:342| =========此为源动态=========
2025-05-01 16:41:55,164|line:363| *********子动态开始*********
2025-05-01 16:41:55,164|line:382| *********子动态结束*********
2025-05-01 16:41:55,165|line:538| -=-=-=-=处理回最初的动态-=-=-=-=
2025-05-01 16:42:05,205|line:476| 转发成功 1062056613898092565
2025-05-01 16:42:08,537|line:495| 评论发送成功
2025-05-01 16:42:09,857|line:425| 258852214 === 已经关注了
2025-05-01 16:42:13,093|line:504| 动态-点赞 0
2025-05-01 16:42:17,093|line:520| https://t.bilibili.com/1061587393011777537
2025-05-01 16:42:17,093|line:522| 已有
2025-05-01 16:42:17,093|line:520| https://t.bilibili.com/1061564492218892297
2025-05-01 16:42:17,093|line:522| 已有
2025-05-01 16:42:17,094|line:520| https://t.bilibili.com/1056020801838383104
2025-05-01 16:42:20,307|line:527| 官方 或 预约 OUT！
2025-05-01 16:42:20,307|line:520| https://t.bilibili.com/1061547737594462231
2025-05-01 16:42:20,307|line:522| 已有
2025-05-01 16:42:20,307|line:520| https://t.bilibili.com/1057901211563327488
2025-05-01 16:42:21,518|line:527| 官方 或 预约 OUT！
2025-05-01 16:42:21,519|line:520| https://t.bilibili.com/1061569886695718919
2025-05-01 16:42:21,519|line:522| 已有
2025-05-01 16:42:21,519|line:520| https://t.bilibili.com/1061653660037021721
2025-05-01 16:42:25,726|line:342| =========此为源动态=========
2025-05-01 16:42:29,945|line:363| *********子动态开始*********
2025-05-01 16:42:29,945|line:382| *********子动态结束*********
2025-05-01 16:42:29,945|line:538| -=-=-=-=处理回最初的动态-=-=-=-=
2025-05-01 16:42:40,963|line:476| 转发成功 1062056764225093637
2025-05-01 16:42:44,324|line:495| 评论发送成功
2025-05-01 16:42:48,619|line:425| 100680137 === 已经关注了
2025-05-01 16:42:51,855|line:504| 动态-点赞 0
2025-05-01 16:42:53,855|line:520| https://t.bilibili.com/1061533388058394626
2025-05-01 16:42:53,856|line:522| 已有
2025-05-01 16:42:53,856|line:520| https://t.bilibili.com/1059725374339940359
2025-05-01 16:42:58,061|line:337| =========此为子动态=========
2025-05-01 16:43:01,366|line:401| *************原动态已存在***************
2025-05-01 16:43:02,779|line:363| *********子动态开始*********
2025-05-01 16:43:10,721|line:476| 转发成功 1062056893062578180
2025-05-01 16:43:14,116|line:495| 评论发送成功
2025-05-01 16:43:19,783|line:425| 493230543 === 已经关注了
2025-05-01 16:43:19,783|line:377| ----完成一个子动态----
2025-05-01 16:43:19,784|line:382| *********子动态结束*********
2025-05-01 16:43:21,784|line:520| https://t.bilibili.com/1054380562444189712
2025-05-01 16:43:23,001|line:527| 官方 或 预约 OUT！
2025-05-01 16:43:23,001|line:520| https://t.bilibili.com/1061561842251333683
2025-05-01 16:43:23,002|line:522| 已有
2025-05-01 16:43:23,002|line:520| https://t.bilibili.com/1061560712640331817
2025-05-01 16:43:23,002|line:522| 已有
2025-05-01 16:43:23,002|line:553| 执行结束
2025-05-01 16:43:23,002|line:559| ==================================================2025-05-02 00:43==================================================
2025-05-01 16:43:23,002|line:233| processing article 41525696
2025-05-01 16:43:28,258|line:508| ==================================================2025-05-02 00:43==================================================
2025-05-01 16:43:28,259|line:520| https://t.bilibili.com/1061597376672694280
2025-05-01 16:43:31,473|line:342| =========此为源动态=========
2025-05-01 16:43:35,902|line:363| *********子动态开始*********
2025-05-01 16:43:35,902|line:382| *********子动态结束*********
2025-05-01 16:43:35,902|line:538| -=-=-=-=处理回最初的动态-=-=-=-=
2025-05-01 16:43:42,766|line:476| 转发成功 1062057030517260295
2025-05-01 16:43:46,082|line:495| 评论发送成功
2025-05-01 16:43:50,375|line:425| 3850213 === 已经关注了
2025-05-01 16:43:53,617|line:504| 动态-点赞 0
2025-05-01 16:43:54,618|line:520| https://t.bilibili.com/1061605107614875714
2025-05-01 16:43:58,821|line:342| =========此为源动态=========
2025-05-01 16:44:02,072|line:363| *********子动态开始*********
2025-05-01 16:44:02,072|line:382| *********子动态结束*********
2025-05-01 16:44:02,073|line:538| -=-=-=-=处理回最初的动态-=-=-=-=
2025-05-01 16:44:12,210|line:476| 转发成功 1062057159327481857
2025-05-01 16:44:15,535|line:495| 评论发送成功
2025-05-01 16:44:17,826|line:425| 3546701923093477 === 已经关注了
2025-05-01 16:44:21,061|line:504| 动态-点赞 0
2025-05-01 16:44:25,062|line:520| https://t.bilibili.com/1061536716698943493
2025-05-01 16:44:27,363|line:342| =========此为源动态=========
2025-05-01 16:44:29,835|line:363| *********子动态开始*********
2025-05-01 16:44:29,835|line:382| *********子动态结束*********
2025-05-01 16:44:29,836|line:538| -=-=-=-=处理回最初的动态-=-=-=-=
2025-05-01 16:44:37,783|line:476| 转发成功 1062057266699567105
2025-05-01 16:44:41,266|line:495| 评论发送成功
2025-05-01 16:44:43,556|line:425| 9535164 === 已经关注了
2025-05-01 16:44:46,810|line:504| 动态-点赞 0
2025-05-01 16:44:48,810|line:520| https://t.bilibili.com/1061566452906065945
2025-05-01 16:44:52,096|line:342| =========此为源动态=========
2025-05-01 16:44:56,725|line:363| *********子动态开始*********
2025-05-01 16:44:56,725|line:382| *********子动态结束*********
2025-05-01 16:44:56,726|line:538| -=-=-=-=处理回最初的动态-=-=-=-=
2025-05-01 16:45:07,809|line:476| 转发成功 1062057395567460361
2025-05-01 16:45:11,121|line:495| 评论发送成功
2025-05-01 16:45:15,487|line:425| 3493118529768296 === 已经关注了
2025-05-01 16:45:18,719|line:504| 动态-点赞 0
2025-05-01 16:45:19,720|line:520| https://t.bilibili.com/1061620258093137959
2025-05-01 16:45:20,932|line:342| =========此为源动态=========
2025-05-01 16:45:25,349|line:363| *********子动态开始*********
2025-05-01 16:45:25,349|line:382| *********子动态结束*********
2025-05-01 16:45:25,349|line:538| -=-=-=-=处理回最初的动态-=-=-=-=
2025-05-01 16:45:33,367|line:476| 转发成功 1062057507228221442
2025-05-01 16:45:36,680|line:495| 评论发送成功
2025-05-01 16:45:39,988|line:425| 698926571 === 已经关注了
2025-05-01 16:45:43,316|line:504| 动态-点赞 0
2025-05-01 16:45:46,317|line:520| https://t.bilibili.com/1061817708456181760
2025-05-01 16:45:47,546|line:342| =========此为源动态=========
2025-05-01 16:45:48,806|line:363| *********子动态开始*********
2025-05-01 16:45:48,806|line:382| *********子动态结束*********
2025-05-01 16:45:48,806|line:538| -=-=-=-=处理回最初的动态-=-=-=-=
2025-05-01 16:45:59,787|line:476| 转发成功 1062057618920439813
2025-05-01 16:46:03,268|line:495| 评论发送成功
2025-05-01 16:46:07,588|line:425| 533316954 === 已经关注了
2025-05-01 16:46:10,841|line:504| 动态-点赞 0
2025-05-01 16:46:13,842|line:520| https://t.bilibili.com/1061829304872075288
2025-05-01 16:46:18,069|line:342| =========此为源动态=========
2025-05-01 16:46:22,523|line:363| *********子动态开始*********
2025-05-01 16:46:22,523|line:382| *********子动态结束*********
2025-05-01 16:46:22,524|line:538| -=-=-=-=处理回最初的动态-=-=-=-=
2025-05-01 16:46:34,591|line:476| 转发成功 1062057769221226517
2025-05-01 16:46:38,031|line:495| 评论发送成功
2025-05-01 16:46:40,446|line:425| 471130755 === 已经关注了
2025-05-01 16:46:43,743|line:504| 动态-点赞 0
2025-05-01 16:46:44,744|line:520| https://t.bilibili.com/1061849295814131732
2025-05-01 16:46:48,030|line:527| 官方 或 预约 OUT！
2025-05-01 16:46:48,030|line:520| https://t.bilibili.com/1061569440013877255
2025-05-01 16:46:49,235|line:342| =========此为源动态=========
2025-05-01 16:46:51,644|line:363| *********子动态开始*********
2025-05-01 16:46:51,644|line:382| *********子动态结束*********
2025-05-01 16:46:51,644|line:538| -=-=-=-=处理回最初的动态-=-=-=-=
2025-05-01 16:47:01,688|line:476| 转发成功 1062057885219946505
2025-05-01 16:47:04,999|line:495| 评论发送成功
2025-05-01 16:47:09,307|line:425| 614454413 === 已经关注了
2025-05-01 16:47:12,558|line:504| 动态-点赞 0
2025-05-01 16:47:16,559|line:520| https://t.bilibili.com/1061838356545011717
2025-05-01 16:47:18,932|line:527| 官方 或 预约 OUT！
2025-05-01 16:47:18,932|line:520| https://t.bilibili.com/1061496081985044505
2025-05-01 16:47:18,933|line:522| 已有
2025-05-01 16:47:18,933|line:520| https://t.bilibili.com/1061442871664574466
2025-05-01 16:47:22,148|line:342| =========此为源动态=========
2025-05-01 16:47:23,401|line:363| *********子动态开始*********
2025-05-01 16:47:23,401|line:382| *********子动态结束*********
2025-05-01 16:47:23,401|line:538| -=-=-=-=处理回最初的动态-=-=-=-=
2025-05-01 16:47:32,266|line:476| 转发成功 1062058018313601031
2025-05-01 16:47:35,587|line:495| 评论发送成功
2025-05-01 16:47:39,878|line:425| 351899011 === 已经关注了
2025-05-01 16:47:43,180|line:504| 动态-点赞 0
2025-05-01 16:47:44,180|line:520| https://t.bilibili.com/1035593318931628032
2025-05-01 16:47:46,386|line:527| 官方 或 预约 OUT！
2025-05-01 16:47:46,386|line:520| https://t.bilibili.com/1061564337617895442
2025-05-01 16:47:50,592|line:342| =========此为源动态=========
2025-05-01 16:47:52,012|line:363| *********子动态开始*********
2025-05-01 16:47:52,012|line:382| *********子动态结束*********
2025-05-01 16:47:52,012|line:538| -=-=-=-=处理回最初的动态-=-=-=-=
2025-05-01 16:48:01,969|line:476| 转发成功 1062058142878138377
2025-05-01 16:48:05,466|line:495| 评论发送成功
2025-05-01 16:48:06,889|line:425| 587272348 === 已经关注了
2025-05-01 16:48:10,264|line:504| 动态-点赞 0
2025-05-01 16:48:12,264|line:520| https://t.bilibili.com/1061588200453046278
2025-05-01 16:48:15,473|line:527| 官方 或 预约 OUT！
2025-05-01 16:48:15,474|line:520| https://t.bilibili.com/1061585799585202197
2025-05-01 16:48:19,840|line:527| 官方 或 预约 OUT！
2025-05-01 16:48:19,841|line:520| https://t.bilibili.com/1061581977042288710
2025-05-01 16:48:22,066|line:342| =========此为源动态=========
2025-05-01 16:48:26,521|line:363| *********子动态开始*********
2025-05-01 16:48:26,521|line:382| *********子动态结束*********
2025-05-01 16:48:26,521|line:538| -=-=-=-=处理回最初的动态-=-=-=-=
2025-05-01 16:48:34,783|line:476| 转发成功 1062058284623593476
2025-05-01 16:48:38,229|line:495| 评论发送成功
2025-05-01 16:48:39,641|line:425| 486445583 === 已经关注了
2025-05-01 16:48:43,003|line:504| 动态-点赞 0
2025-05-01 16:48:47,004|line:520| https://t.bilibili.com/1061829304893046802
2025-05-01 16:48:51,227|line:342| =========此为源动态=========
2025-05-01 16:48:52,564|line:363| *********子动态开始*********
2025-05-01 16:48:52,564|line:382| *********子动态结束*********
2025-05-01 16:48:52,565|line:538| -=-=-=-=处理回最初的动态-=-=-=-=
2025-05-01 16:49:03,941|line:476| 转发成功 1062058409179742215
2025-05-01 16:49:07,545|line:495| 评论发送成功
2025-05-01 16:49:09,950|line:425| 429717985 === 已经关注了
2025-05-01 16:49:13,303|line:504| 动态-点赞 0
2025-05-01 16:49:16,303|line:520| https://t.bilibili.com/1061588110246150215
2025-05-01 16:49:20,528|line:342| =========此为源动态=========
2025-05-01 16:49:21,979|line:363| *********子动态开始*********
2025-05-01 16:49:21,979|line:382| *********子动态结束*********
2025-05-01 16:49:21,980|line:538| -=-=-=-=处理回最初的动态-=-=-=-=
2025-05-01 16:49:31,254|line:476| 转发成功 1062058529423097863
2025-05-01 16:49:34,701|line:495| 评论发送成功
2025-05-01 16:49:39,077|line:425| 99442306 === 已经关注了
2025-05-01 16:49:42,312|line:504| 动态-点赞 0
2025-05-01 16:49:46,312|line:520| https://t.bilibili.com/1061628300415205415
2025-05-01 16:49:50,528|line:342| =========此为源动态=========
2025-05-01 16:49:51,798|line:363| *********子动态开始*********
2025-05-01 16:49:51,798|line:382| *********子动态结束*********
2025-05-01 16:49:51,798|line:538| -=-=-=-=处理回最初的动态-=-=-=-=
2025-05-01 16:49:57,871|line:476| 转发成功 1062058641095393286
2025-05-01 16:50:01,189|line:495| 评论发送成功
2025-05-01 16:50:05,481|line:425| 471130755 === 已经关注了
2025-05-01 16:50:08,713|line:504| 动态-点赞 0
2025-05-01 16:50:12,714|line:520| https://t.bilibili.com/1061443103572885521
2025-05-01 16:50:15,924|line:342| =========此为源动态=========
2025-05-01 16:50:20,160|line:363| *********子动态开始*********
2025-05-01 16:50:20,160|line:382| *********子动态结束*********
2025-05-01 16:50:20,161|line:538| -=-=-=-=处理回最初的动态-=-=-=-=
2025-05-01 16:50:29,181|line:476| 转发成功 1062058778533298177
2025-05-01 16:50:32,497|line:495| 评论发送成功
2025-05-01 16:50:35,806|line:425| 9535164 === 已经关注了
2025-05-01 16:50:39,037|line:504| 动态-点赞 0
2025-05-01 16:50:42,038|line:520| https://t.bilibili.com/1061566452909211656
2025-05-01 16:50:46,421|line:342| =========此为源动态=========
2025-05-01 16:50:47,685|line:363| *********子动态开始*********
2025-05-01 16:50:47,685|line:382| *********子动态结束*********
2025-05-01 16:50:47,685|line:538| -=-=-=-=处理回最初的动态-=-=-=-=
2025-05-01 16:50:53,671|line:476| 转发成功 1062058881637679107
2025-05-01 16:50:56,983|line:495| 评论发送成功
2025-05-01 16:50:59,269|line:425| 47994846 === 已经关注了
2025-05-01 16:51:02,506|line:504| 动态-点赞 0
2025-05-01 16:51:03,507|line:520| https://t.bilibili.com/1061844766770069524
2025-05-01 16:51:07,726|line:342| =========此为源动态=========
2025-05-01 16:51:12,230|line:363| *********子动态开始*********
2025-05-01 16:51:12,230|line:382| *********子动态结束*********
2025-05-01 16:51:12,230|line:538| -=-=-=-=处理回最初的动态-=-=-=-=
2025-05-01 16:51:22,192|line:476| 转发成功 1062059006190682114
2025-05-01 16:51:25,525|line:495| 评论发送成功
2025-05-01 16:51:28,856|line:425| 2038413965 === 已经关注了
2025-05-01 16:51:32,106|line:504| 动态-点赞 0
2025-05-01 16:51:36,107|line:520| https://t.bilibili.com/1056020801838383104
2025-05-01 16:51:37,332|line:527| 官方 或 预约 OUT！
2025-05-01 16:51:37,332|line:520| https://t.bilibili.com/1061523458145386501
2025-05-01 16:51:40,750|line:527| 官方 或 预约 OUT！
2025-05-01 16:51:40,751|line:520| https://t.bilibili.com/1061930715518599175
2025-05-01 16:51:44,983|line:527| 官方 或 预约 OUT！
2025-05-01 16:51:44,983|line:520| https://t.bilibili.com/1061844766795235336
2025-05-01 16:51:47,393|line:342| =========此为源动态=========
2025-05-01 16:51:51,890|line:363| *********子动态开始*********
2025-05-01 16:51:51,890|line:382| *********子动态结束*********
2025-05-01 16:51:51,891|line:538| -=-=-=-=处理回最初的动态-=-=-=-=
2025-05-01 16:52:02,813|line:476| 转发成功 1062059177965256708
2025-05-01 16:52:06,136|line:495| 评论发送成功
2025-05-01 16:52:10,464|line:425| 621089888 === 已经关注了
2025-05-01 16:52:13,737|line:504| 动态-点赞 0
2025-05-01 16:52:14,738|line:520| https://t.bilibili.com/1061527525443764245
2025-05-01 16:52:18,973|line:342| =========此为源动态=========
2025-05-01 16:52:23,402|line:363| *********子动态开始*********
2025-05-01 16:52:23,403|line:382| *********子动态结束*********
2025-05-01 16:52:23,403|line:538| -=-=-=-=处理回最初的动态-=-=-=-=
2025-05-01 16:52:35,398|line:476| 转发成功 1062059319712808962
2025-05-01 16:52:38,733|line:495| 评论发送成功
2025-05-01 16:52:46,342|line:437| 关注 ==== 390892 0
2025-05-01 16:52:49,575|line:504| 动态-点赞 0
2025-05-01 16:52:53,575|line:520| https://t.bilibili.com/1061597376637042694
2025-05-01 16:52:57,785|line:342| =========此为源动态=========
2025-05-01 16:52:59,196|line:363| *********子动态开始*********
2025-05-01 16:52:59,196|line:382| *********子动态结束*********
2025-05-01 16:52:59,196|line:538| -=-=-=-=处理回最初的动态-=-=-=-=
2025-05-01 16:53:06,265|line:476| 转发成功 1062059452854697989
2025-05-01 16:53:09,587|line:495| 评论发送成功
2025-05-01 16:53:13,888|line:425| 1242470427 === 已经关注了
2025-05-01 16:53:17,119|line:504| 动态-点赞 0
2025-05-01 16:53:20,120|line:520| https://t.bilibili.com/1061597327243870230
2025-05-01 16:53:23,327|line:342| =========此为源动态=========
2025-05-01 16:53:27,727|line:363| *********子动态开始*********
2025-05-01 16:53:27,727|line:382| *********子动态结束*********
2025-05-01 16:53:27,728|line:538| -=-=-=-=处理回最初的动态-=-=-=-=
2025-05-01 16:53:37,592|line:476| 转发成功 1062059586007072803
2025-05-01 16:53:40,892|line:495| 评论发送成功
2025-05-01 16:53:45,190|line:425| 334454303 === 已经关注了
2025-05-01 16:53:48,432|line:504| 动态-点赞 0
2025-05-01 16:53:50,432|line:520| https://t.bilibili.com/1061594170459684896
2025-05-01 16:53:52,718|line:527| 官方 或 预约 OUT！
2025-05-01 16:53:52,719|line:520| https://t.bilibili.com/1061593680829218839
2025-05-01 16:53:54,931|line:342| =========此为源动态=========
2025-05-01 16:53:56,353|line:363| *********子动态开始*********
2025-05-01 16:53:56,353|line:382| *********子动态结束*********
2025-05-01 16:53:56,353|line:538| -=-=-=-=处理回最初的动态-=-=-=-=
2025-05-01 16:54:04,294|line:476| 转发成功 1062059701965946899
2025-05-01 16:54:07,601|line:495| 评论发送成功
2025-05-01 16:54:10,933|line:425| 201189 === 已经关注了
2025-05-01 16:54:14,168|line:504| 动态-点赞 0
2025-05-01 16:54:15,168|line:520| https://t.bilibili.com/1061798587256537088
2025-05-01 16:54:16,385|line:527| 官方 或 预约 OUT！
2025-05-01 16:54:16,385|line:520| https://t.bilibili.com/1061552887256055817
2025-05-01 16:54:20,600|line:527| 官方 或 预约 OUT！
2025-05-01 16:54:20,600|line:520| https://t.bilibili.com/1061520067247734785
2025-05-01 16:54:21,811|line:342| =========此为源动态=========
2025-05-01 16:54:23,056|line:363| *********子动态开始*********
2025-05-01 16:54:23,056|line:382| *********子动态结束*********
2025-05-01 16:54:23,056|line:538| -=-=-=-=处理回最初的动态-=-=-=-=
2025-05-01 16:54:31,913|line:476| 转发成功 1062059817914335265
2025-05-01 16:54:35,225|line:495| 评论发送成功
2025-05-01 16:54:37,517|line:425| 22492980 === 已经关注了
2025-05-01 16:54:40,782|line:504| 动态-点赞 0
2025-05-01 16:54:43,782|line:520| https://t.bilibili.com/1061566914582544400
2025-05-01 16:54:46,012|line:342| =========此为源动态=========
2025-05-01 16:54:50,625|line:363| *********子动态开始*********
2025-05-01 16:54:50,626|line:382| *********子动态结束*********
2025-05-01 16:54:50,626|line:538| -=-=-=-=处理回最初的动态-=-=-=-=
2025-05-01 16:54:57,741|line:476| 转发成功 1062059929604456468
2025-05-01 16:55:01,237|line:495| 评论发送成功
2025-05-01 16:55:05,839|line:437| 关注 ==== 265029330 0
2025-05-01 16:55:09,158|line:504| 动态-点赞 0
2025-05-01 16:55:13,158|line:520| https://t.bilibili.com/1061798488518426633
2025-05-01 16:55:15,453|line:527| 官方 或 预约 OUT！
2025-05-01 16:55:15,453|line:520| https://t.bilibili.com/1061587779536814098
2025-05-01 16:55:16,679|line:527| 官方 或 预约 OUT！
2025-05-01 16:55:16,679|line:520| https://t.bilibili.com/1057901211563327488
2025-05-01 16:55:19,915|line:527| 官方 或 预约 OUT！
2025-05-01 16:55:19,916|line:520| https://t.bilibili.com/1061653660037021721
2025-05-01 16:55:19,916|line:522| 已有
2025-05-01 16:55:19,916|line:520| https://t.bilibili.com/1061829304865783849
2025-05-01 16:55:23,225|line:342| =========此为源动态=========
2025-05-01 16:55:24,686|line:363| *********子动态开始*********
2025-05-01 16:55:24,686|line:382| *********子动态结束*********
2025-05-01 16:55:24,687|line:538| -=-=-=-=处理回最初的动态-=-=-=-=
2025-05-01 16:55:32,609|line:476| 转发成功 1062060079905243143
2025-05-01 16:55:35,946|line:495| 评论发送成功
2025-05-01 16:55:40,259|line:425| 2026733267 === 已经关注了
2025-05-01 16:55:43,507|line:504| 动态-点赞 0
2025-05-01 16:55:44,508|line:520| https://t.bilibili.com/1061645048664293401
2025-05-01 16:55:45,811|line:527| 官方 或 预约 OUT！
2025-05-01 16:55:45,811|line:520| https://t.bilibili.com/1054380562444189712
2025-05-01 16:55:48,223|line:527| 官方 或 预约 OUT！
2025-05-01 16:55:48,223|line:520| https://t.bilibili.com/1061525502493196291
2025-05-01 16:55:52,450|line:342| =========此为源动态=========
2025-05-01 16:55:55,714|line:363| *********子动态开始*********
2025-05-01 16:55:55,715|line:382| *********子动态结束*********
2025-05-01 16:55:55,715|line:538| -=-=-=-=处理回最初的动态-=-=-=-=
2025-05-01 16:56:05,627|line:476| 转发成功 1062060221669572631
2025-05-01 16:56:08,940|line:495| 评论发送成功
2025-05-01 16:56:12,328|line:425| 1435278966 === 已经关注了
2025-05-01 16:56:15,596|line:504| 动态-点赞 0
2025-05-01 16:56:18,597|line:520| https://t.bilibili.com/1061589037949648905
2025-05-01 16:56:19,875|line:342| =========此为源动态=========
2025-05-01 16:56:22,319|line:363| *********子动态开始*********
2025-05-01 16:56:22,319|line:382| *********子动态结束*********
2025-05-01 16:56:22,319|line:538| -=-=-=-=处理回最初的动态-=-=-=-=
2025-05-01 16:56:32,222|line:476| 转发成功 1062060337625300999
2025-05-01 16:56:35,552|line:495| 评论发送成功
2025-05-01 16:56:38,865|line:425| 359423988 === 已经关注了
2025-05-01 16:56:42,290|line:504| 动态-点赞 0
2025-05-01 16:56:46,290|line:520| https://t.bilibili.com/1061535707379531785
2025-05-01 16:56:47,517|line:527| 官方 或 预约 OUT！
2025-05-01 16:56:47,517|line:520| https://t.bilibili.com/1061582410850762756
2025-05-01 16:56:50,936|line:342| =========此为源动态=========
2025-05-01 16:56:53,196|line:363| *********子动态开始*********
2025-05-01 16:56:53,196|line:382| *********子动态结束*********
2025-05-01 16:56:53,196|line:538| -=-=-=-=处理回最初的动态-=-=-=-=
2025-05-01 16:57:00,185|line:476| 转发成功 1062060457865510913
2025-05-01 16:57:03,521|line:495| 评论发送成功
2025-05-01 16:57:06,837|line:425| 231896831 === 已经关注了
2025-05-01 16:57:10,084|line:504| 动态-点赞 0
2025-05-01 16:57:14,085|line:553| 执行结束
2025-05-01 16:57:14,085|line:559| ==================================================2025-05-02 00:57==================================================
2025-05-01 16:57:14,085|line:233| processing article 41524674
2025-05-01 16:57:19,600|line:508| ==================================================2025-05-02 00:57==================================================
2025-05-01 16:57:19,600|line:520| https://t.bilibili.com/1058613579104649221
2025-05-01 16:57:21,957|line:527| 官方 或 预约 OUT！
2025-05-01 16:57:21,958|line:520| https://t.bilibili.com/1035593318931628032
2025-05-01 16:57:25,165|line:527| 官方 或 预约 OUT！
2025-05-01 16:57:25,165|line:520| https://t.bilibili.com/1059783438001766406
2025-05-01 16:57:28,377|line:527| 官方 或 预约 OUT！
2025-05-01 16:57:28,377|line:520| https://t.bilibili.com/1050397641716793350
2025-05-01 16:57:31,663|line:527| 官方 或 预约 OUT！
2025-05-01 16:57:31,664|line:520| https://t.bilibili.com/1039362084006002706
2025-05-01 16:57:34,899|line:527| 官方 或 预约 OUT！
2025-05-01 16:57:34,900|line:520| https://t.bilibili.com/1053036564091764744
2025-05-01 16:57:36,116|line:527| 官方 或 预约 OUT！
2025-05-01 16:57:36,116|line:520| https://t.bilibili.com/1056020801838383104
2025-05-01 16:57:39,334|line:527| 官方 或 预约 OUT！
2025-05-01 16:57:39,335|line:520| https://t.bilibili.com/1054067450741522452
2025-05-01 16:57:43,613|line:527| 官方 或 预约 OUT！
2025-05-01 16:57:43,613|line:520| https://t.bilibili.com/1057901211563327488
2025-05-01 16:57:45,834|line:527| 官方 或 预约 OUT！
2025-05-01 16:57:45,834|line:520| https://t.bilibili.com/1044216565293121559
2025-05-01 16:57:50,046|line:527| 官方 或 预约 OUT！
2025-05-01 16:57:50,046|line:520| https://t.bilibili.com/1051095908905648129
2025-05-01 16:57:54,259|line:527| 官方 或 预约 OUT！
2025-05-01 16:57:54,259|line:520| https://t.bilibili.com/1054380562444189712
2025-05-01 16:57:55,625|line:527| 官方 或 预约 OUT！
2025-05-01 16:57:55,626|line:553| 执行结束
2025-05-01 16:57:55,626|line:559| ==================================================2025-05-02 00:57==================================================
2025-05-01 16:57:55,626|line:233| processing article 41524634
2025-05-01 16:57:59,800|line:508| ==================================================2025-05-02 00:57==================================================
2025-05-01 16:57:59,800|line:520| https://t.bilibili.com/1061870027635949602
2025-05-01 16:58:03,006|line:527| 官方 或 预约 OUT！
2025-05-01 16:58:03,006|line:520| https://t.bilibili.com/1054067450741522452
2025-05-01 16:58:07,216|line:527| 官方 或 预约 OUT！
2025-05-01 16:58:07,216|line:520| https://t.bilibili.com/1061533048777998339
2025-05-01 16:58:09,586|line:527| 官方 或 预约 OUT！
2025-05-01 16:58:09,587|line:520| https://t.bilibili.com/1057114545357586454
2025-05-01 16:58:13,808|line:527| 官方 或 预约 OUT！
2025-05-01 16:58:13,808|line:520| https://t.bilibili.com/1035593318931628032
2025-05-01 16:58:18,082|line:527| 官方 或 预约 OUT！
2025-05-01 16:58:18,082|line:520| https://t.bilibili.com/1057960709751570441
2025-05-01 16:58:22,294|line:527| 官方 或 预约 OUT！
2025-05-01 16:58:22,294|line:520| https://t.bilibili.com/1061865152843874311
2025-05-01 16:58:24,504|line:527| 官方 或 预约 OUT！
2025-05-01 16:58:24,504|line:520| https://t.bilibili.com/1050397641716793350
2025-05-01 16:58:28,708|line:527| 官方 或 预约 OUT！
2025-05-01 16:58:28,709|line:520| https://t.bilibili.com/1058988907717197828
2025-05-01 16:58:29,931|line:527| 官方 或 预约 OUT！
2025-05-01 16:58:29,931|line:520| https://t.bilibili.com/1060782662140035091
2025-05-01 16:58:33,141|line:527| 官方 或 预约 OUT！
2025-05-01 16:58:33,141|line:520| https://t.bilibili.com/1057534868029702151
2025-05-01 16:58:35,357|line:527| 官方 或 预约 OUT！
2025-05-01 16:58:35,357|line:520| https://t.bilibili.com/1059633822829641766
2025-05-01 16:58:38,643|line:527| 官方 或 预约 OUT！
2025-05-01 16:58:38,644|line:520| https://t.bilibili.com/1060474970714406946
2025-05-01 16:58:39,857|line:527| 官方 或 预约 OUT！
2025-05-01 16:58:39,857|line:520| https://t.bilibili.com/1057827260775530515
2025-05-01 16:58:41,110|line:527| 官方 或 预约 OUT！
2025-05-01 16:58:41,110|line:520| https://t.bilibili.com/1059379388948152328
2025-05-01 16:58:42,485|line:527| 官方 或 预约 OUT！
2025-05-01 16:58:42,486|line:520| https://t.bilibili.com/1044154979728752665
2025-05-01 16:58:43,698|line:527| 官方 或 预约 OUT！
2025-05-01 16:58:43,698|line:520| https://t.bilibili.com/1059783438001766406
2025-05-01 16:58:45,984|line:527| 官方 或 预约 OUT！
2025-05-01 16:58:45,985|line:520| https://t.bilibili.com/1057131132482486293
2025-05-01 16:58:47,216|line:527| 官方 或 预约 OUT！
2025-05-01 16:58:47,216|line:520| https://t.bilibili.com/1053036564091764744
2025-05-01 16:58:48,438|line:527| 官方 或 预约 OUT！
2025-05-01 16:58:48,438|line:520| https://t.bilibili.com/1056020801838383104
2025-05-01 16:58:49,644|line:527| 官方 或 预约 OUT！
2025-05-01 16:58:49,644|line:520| https://t.bilibili.com/1061875860182663174
2025-05-01 16:58:54,020|line:527| 官方 或 预约 OUT！
2025-05-01 16:58:54,020|line:520| https://t.bilibili.com/1056401507740549123
2025-05-01 16:58:55,230|line:527| 官方 或 预约 OUT！
2025-05-01 16:58:55,230|line:520| https://t.bilibili.com/1059612399536963634
2025-05-01 16:58:57,448|line:527| 官方 或 预约 OUT！
2025-05-01 16:58:57,449|line:520| https://t.bilibili.com/1044216565293121559
2025-05-01 16:59:00,659|line:527| 官方 或 预约 OUT！
2025-05-01 16:59:00,659|line:520| https://t.bilibili.com/1051095908905648129
2025-05-01 16:59:02,874|line:527| 官方 或 预约 OUT！
2025-05-01 16:59:02,874|line:520| https://t.bilibili.com/1056819661491929142
2025-05-01 16:59:05,253|line:527| 官方 或 预约 OUT！
2025-05-01 16:59:05,254|line:520| https://t.bilibili.com/1059378255122923541
2025-05-01 16:59:06,468|line:527| 官方 或 预约 OUT！
2025-05-01 16:59:06,468|line:520| https://t.bilibili.com/1061147429407031304
2025-05-01 16:59:09,679|line:527| 官方 或 预约 OUT！
2025-05-01 16:59:09,679|line:520| https://t.bilibili.com/1059753888618381337
2025-05-01 16:59:10,893|line:527| 官方 或 预约 OUT！
2025-05-01 16:59:10,893|line:520| https://t.bilibili.com/1060098065858297865
2025-05-01 16:59:13,271|line:527| 官方 或 预约 OUT！
2025-05-01 16:59:13,271|line:520| https://t.bilibili.com/1058613579104649221
2025-05-01 16:59:14,501|line:527| 官方 或 预约 OUT！
2025-05-01 16:59:14,501|line:520| https://t.bilibili.com/1061880838073876486
2025-05-01 16:59:18,716|line:527| 官方 或 预约 OUT！
2025-05-01 16:59:18,716|line:520| https://t.bilibili.com/1039362084006002706
2025-05-01 16:59:19,928|line:527| 官方 或 预约 OUT！
2025-05-01 16:59:19,928|line:520| https://t.bilibili.com/1057901211563327488
2025-05-01 16:59:22,149|line:527| 官方 或 预约 OUT！
2025-05-01 16:59:22,149|line:520| https://t.bilibili.com/1058611341452902418
2025-05-01 16:59:26,387|line:527| 官方 或 预约 OUT！
2025-05-01 16:59:26,388|line:520| https://t.bilibili.com/1058188806842220553
2025-05-01 16:59:30,601|line:527| 官方 或 预约 OUT！
2025-05-01 16:59:30,601|line:520| https://t.bilibili.com/1054380562444189712
2025-05-01 16:59:31,808|line:527| 官方 或 预约 OUT！
2025-05-01 16:59:31,808|line:553| 执行结束
2025-05-01 16:59:31,808|line:559| ==================================================2025-05-02 00:59==================================================
2025-05-01 16:59:31,808|line:233| processing article 41517961
2025-05-01 16:59:35,017|line:508| ==================================================2025-05-02 00:59==================================================
2025-05-01 16:59:35,017|line:520| https://t.bilibili.com/1061135558132105224
2025-05-01 16:59:35,018|line:522| 已有
2025-05-01 16:59:35,018|line:520| https://t.bilibili.com/1061141145899237383
2025-05-01 16:59:35,018|line:522| 已有
2025-05-01 16:59:35,018|line:520| https://t.bilibili.com/1061489210044711000
2025-05-01 16:59:35,018|line:522| 已有
2025-05-01 16:59:35,018|line:520| https://t.bilibili.com/1061469311475908629
2025-05-01 16:59:38,298|line:527| 官方 或 预约 OUT！
2025-05-01 16:59:38,299|line:520| https://t.bilibili.com/1061529990763380743
2025-05-01 16:59:38,299|line:522| 已有
2025-05-01 16:59:38,299|line:520| https://t.bilibili.com/1061458219733352455
2025-05-01 16:59:38,299|line:522| 已有
2025-05-01 16:59:38,299|line:520| https://t.bilibili.com/1061489143447552006
2025-05-01 16:59:38,299|line:522| 已有
2025-05-01 16:59:38,299|line:520| https://t.bilibili.com/1061462731570282502
2025-05-01 16:59:38,299|line:522| 已有
2025-05-01 16:59:38,300|line:520| https://t.bilibili.com/1061489143488446467
2025-05-01 16:59:38,300|line:522| 已有
2025-05-01 16:59:38,300|line:520| https://t.bilibili.com/1035593318931628032
2025-05-01 16:59:42,513|line:527| 官方 或 预约 OUT！
2025-05-01 16:59:42,513|line:520| https://t.bilibili.com/1061118058302537732
2025-05-01 16:59:42,513|line:522| 已有
2025-05-01 16:59:42,513|line:520| https://t.bilibili.com/1061452015650996227
2025-05-01 16:59:42,513|line:522| 已有
2025-05-01 16:59:42,513|line:520| https://t.bilibili.com/1061458219708186629
2025-05-01 16:59:42,513|line:522| 已有
2025-05-01 16:59:42,514|line:520| https://t.bilibili.com/1061119159963746323
2025-05-01 16:59:44,723|line:527| 官方 或 预约 OUT！
2025-05-01 16:59:44,724|line:520| https://t.bilibili.com/1061489143489495046
2025-05-01 16:59:44,724|line:522| 已有
2025-05-01 16:59:44,724|line:520| https://t.bilibili.com/1050850687715377223
2025-05-01 16:59:48,930|line:527| 官方 或 预约 OUT！
2025-05-01 16:59:48,931|line:520| https://t.bilibili.com/1061474203443658774
2025-05-01 16:59:48,931|line:522| 已有
2025-05-01 16:59:48,931|line:520| https://t.bilibili.com/1061118058292051987
2025-05-01 16:59:48,931|line:522| 已有
2025-05-01 16:59:48,931|line:520| https://t.bilibili.com/1056020801838383104
2025-05-01 16:59:53,135|line:527| 官方 或 预约 OUT！
2025-05-01 16:59:53,135|line:520| https://t.bilibili.com/1061317617507106822
2025-05-01 16:59:53,135|line:522| 已有
2025-05-01 16:59:53,135|line:520| https://t.bilibili.com/1061120169262186499
2025-05-01 16:59:54,350|line:527| 官方 或 预约 OUT！
2025-05-01 16:59:54,350|line:520| https://t.bilibili.com/1061479529219883009
2025-05-01 16:59:55,558|line:527| 官方 或 预约 OUT！
2025-05-01 16:59:55,558|line:520| https://t.bilibili.com/1061466433835237397
2025-05-01 16:59:55,558|line:522| 已有
2025-05-01 16:59:55,559|line:520| https://t.bilibili.com/1061118416902946823
2025-05-01 16:59:55,559|line:522| 已有
2025-05-01 16:59:55,559|line:520| https://t.bilibili.com/1061458234744766501
2025-05-01 16:59:55,559|line:522| 已有
2025-05-01 16:59:55,559|line:520| https://t.bilibili.com/1061465950632542248
2025-05-01 16:59:55,559|line:522| 已有
2025-05-01 16:59:55,559|line:520| https://t.bilibili.com/1061402348626116609
2025-05-01 16:59:58,770|line:527| 官方 或 预约 OUT！
2025-05-01 16:59:58,770|line:520| https://t.bilibili.com/1061458219683020800
2025-05-01 16:59:58,770|line:522| 已有
2025-05-01 16:59:58,770|line:520| https://t.bilibili.com/1057901211563327488
2025-05-01 17:00:01,976|line:527| 官方 或 预约 OUT！
2025-05-01 17:00:01,977|line:520| https://t.bilibili.com/1061489332447084562
2025-05-01 17:00:03,194|line:527| 官方 或 预约 OUT！
2025-05-01 17:00:03,194|line:520| https://t.bilibili.com/1061458219713429524
2025-05-01 17:00:03,195|line:522| 已有
2025-05-01 17:00:03,195|line:520| https://t.bilibili.com/1054380562444189712
2025-05-01 17:00:07,420|line:527| 官方 或 预约 OUT！
2025-05-01 17:00:07,420|line:520| https://t.bilibili.com/1061548519252295682
2025-05-01 17:00:07,420|line:522| 已有
2025-05-01 17:00:07,420|line:520| https://t.bilibili.com/1061461391558311953
2025-05-01 17:00:07,420|line:522| 已有
2025-05-01 17:00:07,421|line:553| 执行结束
2025-05-01 17:00:07,421|line:559| ==================================================2025-05-02 01:00==================================================
2025-05-01 17:00:07,421|line:233| processing article 41516240
2025-05-01 17:00:11,516|line:508| ==================================================2025-05-02 01:00==================================================
2025-05-01 17:00:11,516|line:520| https://t.bilibili.com/1060005762716139544
2025-05-01 17:00:12,722|line:527| 官方 或 预约 OUT！
2025-05-01 17:00:12,722|line:520| https://t.bilibili.com/1061479383183654912
2025-05-01 17:00:17,011|line:527| 官方 或 预约 OUT！
2025-05-01 17:00:17,011|line:520| https://t.bilibili.com/1050671617655439379
2025-05-01 17:00:20,218|line:527| 官方 或 预约 OUT！
2025-05-01 17:00:20,218|line:520| https://t.bilibili.com/1056760983643488262
2025-05-01 17:00:22,426|line:527| 官方 或 预约 OUT！
2025-05-01 17:00:22,427|line:520| https://t.bilibili.com/1047379018430545938
2025-05-01 17:00:26,639|line:527| 官方 或 预约 OUT！
2025-05-01 17:00:26,639|line:520| https://t.bilibili.com/1059633870055407623
2025-05-01 17:00:29,856|line:527| 官方 或 预约 OUT！
2025-05-01 17:00:29,856|line:520| https://t.bilibili.com/1053034064434429952
2025-05-01 17:00:33,061|line:527| 官方 或 预约 OUT！
2025-05-01 17:00:33,061|line:520| https://t.bilibili.com/1038904064369229831
2025-05-01 17:00:37,273|line:527| 官方 或 预约 OUT！
2025-05-01 17:00:37,273|line:520| https://t.bilibili.com/1050705307403026439
2025-05-01 17:00:41,486|line:527| 官方 或 预约 OUT！
2025-05-01 17:00:41,486|line:520| https://t.bilibili.com/1050702335255248900
2025-05-01 17:00:43,694|line:527| 官方 或 预约 OUT！
2025-05-01 17:00:43,695|line:520| https://t.bilibili.com/1035593318931628032
2025-05-01 17:00:45,905|line:527| 官方 或 预约 OUT！
2025-05-01 17:00:45,905|line:520| https://t.bilibili.com/1059771347669876784
2025-05-01 17:00:50,115|line:527| 官方 或 预约 OUT！
2025-05-01 17:00:50,116|line:520| https://t.bilibili.com/1058532850904596536
2025-05-01 17:00:51,331|line:527| 官方 或 预约 OUT！
2025-05-01 17:00:51,332|line:520| https://t.bilibili.com/1056669926044991497
2025-05-01 17:00:55,550|line:527| 官方 或 预约 OUT！
2025-05-01 17:00:55,551|line:520| https://t.bilibili.com/1059942643892486145
2025-05-01 17:00:56,766|line:527| 官方 或 预约 OUT！
2025-05-01 17:00:56,767|line:520| https://t.bilibili.com/1050826807727620121
2025-05-01 17:00:59,157|line:527| 官方 或 预约 OUT！
2025-05-01 17:00:59,158|line:520| https://t.bilibili.com/1050850687715377223
2025-05-01 17:01:00,372|line:527| 官方 或 预约 OUT！
2025-05-01 17:01:00,372|line:520| https://t.bilibili.com/1056719567250784257
2025-05-01 17:01:02,584|line:527| 官方 或 预约 OUT！
2025-05-01 17:01:02,584|line:520| https://t.bilibili.com/1046362854894075922
2025-05-01 17:01:03,791|line:527| 官方 或 预约 OUT！
2025-05-01 17:01:03,791|line:520| https://t.bilibili.com/1054124062716985363
2025-05-01 17:01:05,010|line:527| 官方 或 预约 OUT！
2025-05-01 17:01:05,010|line:520| https://t.bilibili.com/1059278401409384473
2025-05-01 17:01:06,225|line:527| 官方 或 预约 OUT！
2025-05-01 17:01:06,225|line:520| https://t.bilibili.com/1056020801838383104
2025-05-01 17:01:07,434|line:527| 官方 或 预约 OUT！
2025-05-01 17:01:07,434|line:520| https://t.bilibili.com/1058153957510086672
2025-05-01 17:01:08,666|line:527| 官方 或 预约 OUT！
2025-05-01 17:01:08,667|line:520| https://t.bilibili.com/1051481021447405585
2025-05-01 17:01:12,876|line:527| 官方 或 预约 OUT！
2025-05-01 17:01:12,876|line:520| https://t.bilibili.com/1050542141598597142
2025-05-01 17:01:16,084|line:527| 官方 或 预约 OUT！
2025-05-01 17:01:16,084|line:520| https://t.bilibili.com/1046738827758010389
2025-05-01 17:01:20,368|line:527| 官方 或 预约 OUT！
2025-05-01 17:01:20,369|line:520| https://t.bilibili.com/1058189283597221891
2025-05-01 17:01:22,573|line:527| 官方 或 预约 OUT！
2025-05-01 17:01:22,574|line:520| https://t.bilibili.com/1050727673417957377
2025-05-01 17:01:24,782|line:527| 官方 或 预约 OUT！
2025-05-01 17:01:24,783|line:520| https://t.bilibili.com/1051559524809310241
2025-05-01 17:01:29,000|line:527| 官方 或 预约 OUT！
2025-05-01 17:01:29,001|line:520| https://t.bilibili.com/1051810840545591301
2025-05-01 17:01:32,231|line:527| 官方 或 预约 OUT！
2025-05-01 17:01:32,232|line:520| https://t.bilibili.com/1057901211563327488
2025-05-01 17:01:35,447|line:527| 官方 或 预约 OUT！
2025-05-01 17:01:35,447|line:520| https://t.bilibili.com/1059765755664400424
2025-05-01 17:01:39,659|line:527| 官方 或 预约 OUT！
2025-05-01 17:01:39,659|line:520| https://t.bilibili.com/1054380562444189712
2025-05-01 17:01:42,870|line:527| 官方 或 预约 OUT！
2025-05-01 17:01:42,870|line:520| https://t.bilibili.com/1044171558330826773
2025-05-01 17:01:45,094|line:527| 官方 或 预约 OUT！
2025-05-01 17:01:45,094|line:520| https://t.bilibili.com/1057438007928291366
2025-05-01 17:01:48,326|line:527| 官方 或 预约 OUT！
2025-05-01 17:01:48,326|line:520| https://t.bilibili.com/1050358381396623362
2025-05-01 17:01:50,542|line:527| 官方 或 预约 OUT！
2025-05-01 17:01:50,542|line:520| https://t.bilibili.com/1059262849318125570
2025-05-01 17:01:53,752|line:527| 官方 或 预约 OUT！
2025-05-01 17:01:53,752|line:520| https://t.bilibili.com/1054541756834512904
2025-05-01 17:01:55,957|line:527| 官方 或 预约 OUT！
2025-05-01 17:01:55,957|line:553| 执行结束
2025-05-01 17:01:55,957|line:559| ==================================================2025-05-02 01:01==================================================
2025-05-01 17:02:03,061|line:579| ('reply: ', '好像都是一个人', '你在说什么')
2025-05-01 17:02:03,061|line:579| ('reply: ', '目标咨询', '太宠粉了啊')
2025-05-01 17:02:03,061|line:579| ('reply: ', '数玩工场', '祝你成功')
2025-05-01 17:02:03,062|line:579| ('reply: ', '益家有小佰', '恭喜宝子，获得小电视月度会员1份和克刻冰冰猴喉糖随机口味1份～记得私信小佰提供信息哦~')
2025-05-01 17:02:03,062|line:579| ('reply: ', '圆环之理-Madoka', '是的')
2025-05-01 17:02:03,062|line:579| ('reply: ', '兰的三姨', '这就是银河巨星的实力！')
2025-05-01 17:02:03,062|line:579| ('reply: ', '花园百合铃音', '有男不玩，我只吃麻辣火锅，xxn滚[吃瓜]')
2025-05-01 17:02:03,062|line:579| ('reply: ', '是绝赞的阿鬼', '[tv_难过]')
2025-05-01 17:02:03,062|line:579| ('reply: ', '桃稚不幼稚', '还行')
2025-05-01 17:02:03,062|line:579| ('reply: ', '陌罔子吖', '佬，这个报名有啥条件不。最近太非了，想下次报来抽[脱单doge][脱单doge][脱单doge]')
2025-05-01 17:02:03,062|line:579| ('reply: ', '太二酸菜鱼', '恭喜成为本期欧皇[打call]获得【肥龙联名显眼包】1份，在收到本信息的两天内回复哥的私信哦~逾期哥就自己收啦！[脱单doge]')
2025-05-01 17:02:03,062|line:579| ('reply: ', '得一想二的松鼠', '中奖分我一半')
2025-05-01 17:02:03,063|line:579| ('reply: ', '佑凉Uriyoo', '谢谢！！！[UP_24967030_感恩]')
2025-05-01 17:02:03,063|line:579| ('reply: ', '岛莓祁', '好耶')
2025-05-01 17:02:03,063|line:579| ('reply: ', '苏酥_SUSU_', 'https://b23.tv/3HJcDkm')
2025-05-01 17:02:03,063|line:579| ('reply: ', '心想事成イ', 'I[UP_410636303_比心鸟][UP_410636303_比心鸟][UP_410636303_比心鸟]')
2025-05-01 17:02:03,063|line:579| ('reply: ', 'FWF第五人格娱乐赛', '加油[doge]')
2025-05-01 17:02:03,063|line:579| ('reply: ', '神奇猫咪_有钱哒', '好耶')
2025-05-01 17:02:03,063|line:579| ('reply: ', '星夜染some', '好耶')
2025-05-01 17:02:03,063|line:579| ('reply: ', '羽田依', '[Cat2_Nyampage]')
2025-05-01 17:02:06,314|line:588| ('at: ', 'iKF蓝牙耳机', '恭喜@小小Shaun 宝子成为苏泊尔福利动态幸运儿！\n注意：即日起72小时内回复信息确认领奖哦！逾期将自动视为放弃中奖资格。\n没有中奖的宝子们不要气馁，参与一下下置顶视频iKF Mars，增加欧气值，说不定下个幸运儿就是你！\n链接：\nhttps://www.bilibili.com/video/BV1Soo6YLEHZ/?spm_id_from=333.1387.list.card_archive.click&vd_source=21fb0967ccc75e6b3b2447ade2c740dd\n还没参与抽奖的宝子们，赶紧点击上方链接参与吧！还有特别福利惊喜等你哦~')
2025-05-01 17:02:06,314|line:588| ('at: ', 'wellymerck威利默克', '恭喜@小小Shaun\xa0 获得《我是你的小狗3 永远等你回家》1本，请于5天内联系威宝，凭关注+互动截图领取奖品，逾期作废~')
2025-05-01 17:02:06,314|line:588| ('at: ', '宁美NINGMEI', '恭喜@小小Shaun   中奖，请在12月1日24点前私信我：1. 奖品+中奖信息a. 实物奖：姓名电话地址，给文字！省市区路清晰，提交不清晰不发奖，信息错误致无法签收，概不负责；\n\nb. 现金红包给到支付宝实名+账号；\n\nc. 京东卡/猫超卡 等购物卡给到姓名+电话；2. 宁美和品牌方关注截图+转发截图！\n\n必须关注品牌方，否则奖品不予发放；如遇无法私信图片的情况，等待我回复后即可发送图片。PS： \n\n因后台收信有时会出问题，以回复“已登记”为准，没有回复即表示私信未收到。\n\n过期视为自动放弃，不会补发；奖品30个工作日内发送，勿催哦~\n\n不发全，不回复。其他小伙伴请继续努力！')
2025-05-01 17:02:06,315|line:588| ('at: ', '爱玛电动车官方账号', '#一“玛”当先榜# 快来看看10月都是谁和爱玛酱互动最多呀~ 💕恭喜@小小Shaun 和@甘瑞凯拉莎 排行第一！这两位小玛达将会获得【爱玛随机周边×1】，请5天内私信爱玛酱领奖哟~[鼓掌] 以后也请继续单推我无敌可爱美少女爱玛酱呀嘿嘿！(●´З｀●)')
2025-05-01 17:02:06,315|line:588| ('at: ', '爱玛电动车官方账号', '')
2025-05-01 17:02:06,315|line:588| ('at: ', '海露滴眼液', '互动榜出炉啦')
2025-05-01 17:02:06,315|line:588| ('at: ', '和蔼可亲桃白白', '\u200b//@九号公司:\u200b恭喜@小小Shaun 中奖！后续记得查收私信哟～\u200b//@九号公司:#互动抽奖# 谢谢粒粒的复工礼！小九也来加个码~关注【@微粒贷+@九号公司 】并转发该动态，抽一位小可爱获得【100元京东卡】~ #供电局福利社# 10月31日抽出！')
2025-05-01 17:02:06,315|line:588| ('at: ', '望大家身体健康快乐', '\u200b//@九号公司:\u200b恭喜@小小Shaun 中奖！后续记得查收私信哟～\u200b//@九号公司 :#互动抽奖# 谢谢粒粒的复工礼！小九也来加个码~关注【@微粒贷+@九号公司 】并转发该动态，抽一位小可爱获得【100元京东卡】~ #供电局福利社# 10月31日抽出！')
2025-05-01 17:02:06,315|line:588| ('at: ', 'MoMA_Reona', '//@九号公司:\u200b恭喜@小小Shaun 中奖！后续记得查收私信哟～\u200b//@九号公司:#互动抽奖# 谢谢粒粒的复工礼！小九也来加个码~关注【@微粒贷+@九号公司 】并转发该动态，抽一位小可爱获得【100元京东卡】~ #供电局福利社# 10月31日抽出！')
2025-05-01 17:02:06,315|line:588| ('at: ', '摸鱼二队', '\u200b//@九号公司:\u200b恭喜@小小Shaun 中奖！后续记得查收私信哟～\u200b//@九号公司 :#互动抽奖# 谢谢粒粒的复工礼！小九也来加个码~关注【@微粒贷+@九号公司 】并转发该动态，抽一位小可爱获得【100元京东卡】~ #供电局福利社# 10月31日抽出！')
2025-05-01 17:02:06,315|line:588| ('at: ', '文少嘅一些事一些情', '\u200b//@九号公司:\u200b恭喜@小小Shaun 中奖！后续记得查收私信哟～\u200b//@九号公司 :#互动抽奖# 谢谢粒粒的复工礼！小九也来加个码~关注【@微粒贷+@九号公司 】并转发该动态，抽一位小可爱获得【100元京东卡】~ #供电局福利社# 10月31日抽出！')
2025-05-01 17:02:06,315|line:588| ('at: ', 'Carry队友的嘟嘟酱丶', '\u200b//@九号公司:\u200b恭喜@小小Shaun 中奖！后续记得查收私信哟～\u200b//@九号公司 :#互动抽奖# 谢谢粒粒的复工礼！小九也来加个码~关注【@微粒贷+@九号公司 】并转发该动态，抽一位小可爱获得【100元京东卡】~ #供电局福利社# 10月31日抽出！')
2025-05-01 17:02:06,316|line:588| ('at: ', '蛤蟆zero', '//@九号公司:\u200b恭喜@小小Shaun 中奖！后续记得查收私信哟～\u200b//@九号公司:#互动抽奖# 谢谢粒粒的复工礼！小九也来加个码~关注【@微粒贷+@九号公司 】并转发该动态，抽一位小可爱获得【100元京东卡】~ #供电局福利社# 10月31日抽出！c冲冲冲')
2025-05-01 17:02:06,316|line:588| ('at: ', '木而各子要吃笃栗子', '\u200b//@九号公司:\u200b恭喜@小小Shaun 中奖！后续记得查收私信哟～\u200b//@九号公司 :#互动抽奖# 谢谢粒粒的复工礼！小九也来加个码~关注【@微粒贷+@九号公司 】并转发该动态，抽一位小可爱获得【100元京东卡】~ #供电局福利社# 10月31日抽出！')
2025-05-01 17:02:06,316|line:588| ('at: ', '裙下愚臣情默默', '\u200b//@九号公司:\u200b恭喜@小小Shaun 中奖！后续记得查收私信哟～\u200b//@九号公司 :#互动抽奖# 谢谢粒粒的复工礼！小九也来加个码~关注【@微粒贷+@九号公司 】并转发该动态，抽一位小可爱获得【100元京东卡】~ #供电局福利社# 10月31日抽出！')
2025-05-01 17:02:06,316|line:588| ('at: ', '戊子毕宿', '')
2025-05-01 17:02:06,316|line:588| ('at: ', '九号电动', '\u200b恭喜@小小Shaun 中奖！后续记得查收私信哟～\u200b//@九号公司:#互动抽奖# 谢谢粒粒的复工礼！小九也来加个码~关注【@微粒贷+@九号公司 】并转发该动态，抽一位小可爱获得【100元京东卡】~ #供电局福利社# 10月31日抽出！')
2025-05-01 17:02:06,316|line:588| ('at: ', '优雅小宝', '')
2025-05-01 17:02:06,316|line:588| ('at: ', '我永远只爱一色彩羽', '//@九号公司:恭喜@小小Shaun 中奖！后续记得查收私信哟～\u200b//@九号公司:今晚8点，京东11.11现货开卖，抢先优惠不用等，全场直降，更有60元额外补贴助你大薅特薅！京东双十一，带你体验“飞”一般的购物速度！关注@京东戏精周报 x@九号公司 ，转发+评论本条动态，10月21日小编会抽取1名幸运粉丝送上【50元京东E卡】#京东11.11又便宜又好# #京东11.11现货开卖#')
2025-05-01 17:02:06,316|line:588| ('at: ', '戊子毕宿', '')
