2025-05-08 16:36:21,930|line:233| processing article 41595089
2025-05-08 16:36:27,508|line:508| ==================================================2025-05-09 00:36==================================================
2025-05-08 16:36:27,509|line:520| https://t.bilibili.com/1054519203966484505
2025-05-08 16:36:28,978|line:527| 官方 或 预约 OUT！
2025-05-08 16:36:28,979|line:520| https://t.bilibili.com/1058125606402654217
2025-05-08 16:36:28,979|line:522| 已有
2025-05-08 16:36:28,979|line:520| https://t.bilibili.com/1058183051600723973
2025-05-08 16:36:28,979|line:522| 已有
2025-05-08 16:36:28,979|line:520| https://t.bilibili.com/1061853277241475079
2025-05-08 16:36:33,311|line:527| 官方 或 预约 OUT！
2025-05-08 16:36:33,311|line:520| https://t.bilibili.com/1058118992145678344
2025-05-08 16:36:33,311|line:522| 已有
2025-05-08 16:36:33,311|line:520| https://t.bilibili.com/1054423078313918544
2025-05-08 16:36:34,640|line:342| =========此为源动态=========
2025-05-08 16:36:36,199|line:363| *********子动态开始*********
2025-05-08 16:36:36,199|line:382| *********子动态结束*********
2025-05-08 16:36:36,200|line:538| -=-=-=-=处理回最初的动态-=-=-=-=
2025-05-08 16:36:45,500|line:476| 转发成功 1064652835712401426
2025-05-08 16:36:48,926|line:495| 评论发送成功
2025-05-08 16:37:00,326|line:437| 关注 ==== 401259484 0
2025-05-08 16:37:03,685|line:504| 动态-点赞 0
2025-05-08 16:37:06,685|line:520| https://t.bilibili.com/1058077558639165443
2025-05-08 16:37:06,686|line:522| 已有
2025-05-08 16:37:06,686|line:520| https://t.bilibili.com/1058102224590209025
2025-05-08 16:37:06,686|line:522| 已有
2025-05-08 16:37:06,686|line:520| https://t.bilibili.com/1060799270795345927
2025-05-08 16:37:06,686|line:522| 已有
2025-05-08 16:37:06,686|line:520| https://t.bilibili.com/1059711162308886535
2025-05-08 16:37:06,687|line:522| 已有
2025-05-08 16:37:06,687|line:520| https://t.bilibili.com/1058208739820044295
2025-05-08 16:37:06,687|line:522| 已有
2025-05-08 16:37:06,687|line:520| https://t.bilibili.com/1058505423241347075
2025-05-08 16:37:09,014|line:527| 官方 或 预约 OUT！
2025-05-08 16:37:09,015|line:520| https://t.bilibili.com/1061988693266399270
2025-05-08 16:37:13,348|line:527| 官方 或 预约 OUT！
2025-05-08 16:37:13,348|line:520| https://t.bilibili.com/1058945167759769607
2025-05-08 16:37:13,348|line:522| 已有
2025-05-08 16:37:13,348|line:520| https://t.bilibili.com/1054105813355855874
2025-05-08 16:37:16,669|line:342| =========此为源动态=========
2025-05-08 16:37:18,238|line:363| *********子动态开始*********
2025-05-08 16:37:18,239|line:382| *********子动态结束*********
2025-05-08 16:37:18,239|line:538| -=-=-=-=处理回最初的动态-=-=-=-=
2025-05-08 16:37:26,539|line:476| 转发成功 1064653011813400580
2025-05-08 16:37:29,975|line:495| 评论发送成功
2025-05-08 16:37:31,440|line:425| 3546668083448382 === 已经关注了
2025-05-08 16:37:34,793|line:504| 动态-点赞 0
2025-05-08 16:37:35,794|line:520| https://t.bilibili.com/1057779513676529688
2025-05-08 16:37:35,794|line:522| 已有
2025-05-08 16:37:35,794|line:520| https://t.bilibili.com/1057513002340712465
2025-05-08 16:37:35,794|line:522| 已有
2025-05-08 16:37:35,794|line:520| https://t.bilibili.com/1063344569376047105
2025-05-08 16:37:37,127|line:342| =========此为源动态=========
2025-05-08 16:37:39,485|line:363| *********子动态开始*********
2025-05-08 16:37:39,486|line:382| *********子动态结束*********
2025-05-08 16:37:39,486|line:538| -=-=-=-=处理回最初的动态-=-=-=-=
2025-05-08 16:37:48,848|line:476| 转发成功 1064653106324701220
2025-05-08 16:37:52,350|line:495| 评论发送成功
2025-05-08 16:37:55,766|line:425| 571307144 === 已经关注了
2025-05-08 16:37:59,289|line:504| 动态-点赞 0
2025-05-08 16:38:00,289|line:520| https://t.bilibili.com/1059741008040820770
2025-05-08 16:38:01,730|line:342| =========此为源动态=========
2025-05-08 16:38:03,301|line:363| *********子动态开始*********
2025-05-08 16:38:03,301|line:382| *********子动态结束*********
2025-05-08 16:38:03,302|line:538| -=-=-=-=处理回最初的动态-=-=-=-=
2025-05-08 16:38:11,563|line:476| 转发成功 1064653205073297416
2025-05-08 16:38:14,921|line:495| 评论发送成功
2025-05-08 16:38:18,351|line:425| 395606249 === 已经关注了
2025-05-08 16:38:21,712|line:504| 动态-点赞 0
2025-05-08 16:38:24,712|line:520| https://t.bilibili.com/1054597076024819797
2025-05-08 16:38:29,043|line:527| 官方 或 预约 OUT！
2025-05-08 16:38:29,043|line:520| https://t.bilibili.com/1058174083693281300
2025-05-08 16:38:29,043|line:522| 已有
2025-05-08 16:38:29,043|line:520| https://t.bilibili.com/1057043768563204117
2025-05-08 16:38:31,375|line:527| 官方 或 预约 OUT！
2025-05-08 16:38:31,375|line:520| https://t.bilibili.com/1059756641738555456
2025-05-08 16:38:35,714|line:342| =========此为源动态=========
2025-05-08 16:38:40,075|line:363| *********子动态开始*********
2025-05-08 16:38:40,076|line:382| *********子动态结束*********
2025-05-08 16:38:40,076|line:538| -=-=-=-=处理回最初的动态-=-=-=-=
2025-05-08 16:38:49,452|line:476| 转发成功 1064653368304074777
2025-05-08 16:38:52,811|line:495| 评论发送成功
2025-05-08 16:38:57,626|line:437| 关注 ==== 619185460 0
2025-05-08 16:39:01,002|line:504| 动态-点赞 0
2025-05-08 16:39:03,002|line:520| https://t.bilibili.com/1057036144979476485
2025-05-08 16:39:03,002|line:522| 已有
2025-05-08 16:39:03,003|line:520| https://t.bilibili.com/1058156929633746965
2025-05-08 16:39:04,325|line:527| 官方 或 预约 OUT！
2025-05-08 16:39:04,325|line:520| https://t.bilibili.com/1062572396487114758
2025-05-08 16:39:07,688|line:527| 官方 或 预约 OUT！
2025-05-08 16:39:07,689|line:520| https://t.bilibili.com/1061080367835906072
2025-05-08 16:39:12,016|line:342| =========此为源动态=========
2025-05-08 16:39:14,596|line:363| *********子动态开始*********
2025-05-08 16:39:14,596|line:382| *********子动态结束*********
2025-05-08 16:39:14,596|line:538| -=-=-=-=处理回最初的动态-=-=-=-=
2025-05-08 16:39:22,823|line:476| 转发成功 1064653510022266899
2025-05-08 16:39:26,172|line:495| 评论发送成功
2025-05-08 16:39:33,101|line:437| 关注 ==== 3537122409581253 0
2025-05-08 16:39:36,536|line:504| 动态-点赞 0
2025-05-08 16:39:38,536|line:520| https://t.bilibili.com/1058203272321433603
2025-05-08 16:39:38,536|line:522| 已有
2025-05-08 16:39:38,537|line:520| https://t.bilibili.com/1054198030635368450
2025-05-08 16:39:42,961|line:527| 官方 或 预约 OUT！
2025-05-08 16:39:42,962|line:520| https://t.bilibili.com/1061204393608609856
2025-05-08 16:39:45,320|line:342| =========此为源动态=========
2025-05-08 16:39:46,822|line:363| *********子动态开始*********
2025-05-08 16:39:46,822|line:382| *********子动态结束*********
2025-05-08 16:39:46,823|line:538| -=-=-=-=处理回最初的动态-=-=-=-=
2025-05-08 16:39:54,138|line:476| 转发成功 1064653643190370311
2025-05-08 16:39:57,515|line:495| 评论发送成功
2025-05-08 16:40:01,966|line:425| 1024366005 === 已经关注了
2025-05-08 16:40:05,350|line:504| 动态-点赞 0
2025-05-08 16:40:07,351|line:520| https://t.bilibili.com/1063022874161315841
2025-05-08 16:40:11,695|line:527| 官方 或 预约 OUT！
2025-05-08 16:40:11,695|line:520| https://t.bilibili.com/1057825710321696805
2025-05-08 16:40:11,695|line:522| 已有
2025-05-08 16:40:11,695|line:520| https://t.bilibili.com/1060808814193803268
2025-05-08 16:40:15,057|line:337| =========此为子动态=========
2025-05-08 16:40:18,482|line:388| *************原动态处理开始***************
2025-05-08 16:40:26,425|line:476| 转发成功 1064653784891785240
2025-05-08 16:40:29,891|line:495| 评论发送成功
2025-05-08 16:40:37,811|line:437| 关注 ==== 15778724 0
2025-05-08 16:40:41,190|line:504| 动态-点赞 0
2025-05-08 16:40:41,190|line:397| *************原动态处理完成***************
2025-05-08 16:40:43,895|line:363| *********子动态开始*********
2025-05-08 16:42:06,661|line:382| *********子动态结束*********
2025-05-08 16:42:06,661|line:538| -=-=-=-=处理回最初的动态-=-=-=-=
2025-05-08 16:42:17,041|line:476| 转发成功 1064654257319313417
2025-05-08 16:42:20,530|line:495| 评论发送成功
2025-05-08 16:42:21,989|line:425| 15778724 === 已经关注了
2025-05-08 16:42:25,369|line:504| 动态-点赞 0
2025-05-08 16:42:29,369|line:520| https://t.bilibili.com/1057012638631854103
2025-05-08 16:42:29,369|line:522| 已有
2025-05-08 16:42:29,369|line:520| https://t.bilibili.com/1062404854131982342
2025-05-08 16:42:30,742|line:527| 官方 或 预约 OUT！
2025-05-08 16:42:30,742|line:520| https://t.bilibili.com/1058252372370784262
2025-05-08 16:42:35,029|line:527| 官方 或 预约 OUT！
2025-05-08 16:42:35,029|line:520| https://t.bilibili.com/1058207103434358807
2025-05-08 16:42:35,029|line:522| 已有
2025-05-08 16:42:35,029|line:520| https://t.bilibili.com/1060436333186514948
2025-05-08 16:42:35,029|line:522| 已有
2025-05-08 16:42:35,029|line:520| https://t.bilibili.com/1056983716319985684
2025-05-08 16:42:35,029|line:522| 已有
2025-05-08 16:42:35,030|line:520| https://t.bilibili.com/1060065806364180529
2025-05-08 16:42:38,318|line:337| =========此为子动态=========
2025-05-08 16:42:41,790|line:388| *************原动态处理开始***************
2025-05-08 16:42:49,690|line:476| 转发成功 1064654399103565830
2025-05-08 16:42:53,138|line:495| 评论发送成功
2025-05-08 16:43:00,945|line:437| 关注 ==== 283624127 0
2025-05-08 16:43:04,409|line:504| 动态-点赞 0
2025-05-08 16:43:04,409|line:397| *************原动态处理完成***************
2025-05-08 16:43:07,943|line:363| *********子动态开始*********
2025-05-08 16:44:39,020|line:382| *********子动态结束*********
2025-05-08 16:44:39,020|line:538| -=-=-=-=处理回最初的动态-=-=-=-=
2025-05-08 16:44:47,269|line:476| 转发成功 1064654905889783812
2025-05-08 16:44:50,730|line:495| 评论发送成功
2025-05-08 16:44:53,156|line:425| 283624127 === 已经关注了
2025-05-08 16:44:56,522|line:504| 动态-点赞 0
2025-05-08 16:44:59,523|line:520| https://t.bilibili.com/1061603494834733081
2025-05-08 16:45:00,913|line:527| 官方 或 预约 OUT！
2025-05-08 16:45:00,913|line:520| https://t.bilibili.com/1062213388750290951
2025-05-08 16:45:04,269|line:527| 官方 或 预约 OUT！
2025-05-08 16:45:04,269|line:520| https://t.bilibili.com/1061619626744479764
2025-05-08 16:45:06,626|line:527| 官方 或 预约 OUT！
2025-05-08 16:45:06,627|line:520| https://t.bilibili.com/1059729145319129122
2025-05-08 16:45:08,973|line:527| 官方 或 预约 OUT！
2025-05-08 16:45:08,973|line:520| https://t.bilibili.com/1053014629681201175
2025-05-08 16:45:10,323|line:527| 官方 或 预约 OUT！
2025-05-08 16:45:10,323|line:520| https://t.bilibili.com/1059220264736260104
2025-05-08 16:45:10,324|line:522| 已有
2025-05-08 16:45:10,324|line:520| https://t.bilibili.com/1054784778969022480
2025-05-08 16:45:12,711|line:527| 官方 或 预约 OUT！
2025-05-08 16:45:12,711|line:520| https://t.bilibili.com/1059251154122178584
2025-05-08 16:45:12,711|line:522| 已有
2025-05-08 16:45:12,711|line:553| 执行结束
2025-05-08 16:45:12,712|line:559| ==================================================2025-05-09 00:45==================================================
2025-05-08 16:45:12,712|line:233| processing article 41592690
2025-05-08 16:45:16,035|line:508| ==================================================2025-05-09 00:45==================================================
2025-05-08 16:45:16,035|line:520| https://t.bilibili.com/1057195612845375526
2025-05-08 16:45:17,384|line:527| 官方 或 预约 OUT！
2025-05-08 16:45:17,384|line:520| https://t.bilibili.com/1062399932099461126
2025-05-08 16:45:19,733|line:527| 官方 或 预约 OUT！
2025-05-08 16:45:19,733|line:520| https://t.bilibili.com/1061563689072590857
2025-05-08 16:45:24,082|line:527| 官方 或 预约 OUT！
2025-05-08 16:45:24,083|line:520| https://t.bilibili.com/1064078920734736402
2025-05-08 16:45:28,431|line:527| 官方 或 预约 OUT！
2025-05-08 16:45:28,431|line:520| https://t.bilibili.com/1061845872735682577
2025-05-08 16:45:29,789|line:527| 官方 或 预约 OUT！
2025-05-08 16:45:29,790|line:520| https://t.bilibili.com/1062022039384096802
2025-05-08 16:45:32,151|line:527| 官方 或 预约 OUT！
2025-05-08 16:45:32,151|line:520| https://t.bilibili.com/1063875034292944934
2025-05-08 16:45:35,509|line:342| =========此为源动态=========
2025-05-08 16:45:39,264|line:363| *********子动态开始*********
2025-05-08 16:45:39,264|line:382| *********子动态结束*********
2025-05-08 16:45:39,264|line:538| -=-=-=-=处理回最初的动态-=-=-=-=
2025-05-08 16:45:50,682|line:476| 转发成功 1064655176486354947
2025-05-08 16:45:54,170|line:495| 评论发送成功
2025-05-08 16:45:56,757|line:425| 686127 === 已经关注了
2025-05-08 16:46:00,349|line:504| 动态-点赞 0
2025-05-08 16:46:03,349|line:520| https://t.bilibili.com/1062572396487114758
2025-05-08 16:46:07,700|line:527| 官方 或 预约 OUT！
2025-05-08 16:46:07,700|line:520| https://t.bilibili.com/1063386937032704041
2025-05-08 16:46:12,055|line:527| 官方 或 预约 OUT！
2025-05-08 16:46:12,056|line:520| https://t.bilibili.com/1062981234426118177
2025-05-08 16:46:14,643|line:342| =========此为源动态=========
2025-05-08 16:46:16,224|line:363| *********子动态开始*********
2025-05-08 16:46:16,224|line:382| *********子动态结束*********
2025-05-08 16:46:16,224|line:538| -=-=-=-=处理回最初的动态-=-=-=-=
2025-05-08 16:46:26,670|line:476| 转发成功 1064655331095740424
2025-05-08 16:46:30,206|line:495| 评论发送成功
2025-05-08 16:46:31,661|line:425| 515402130 === 已经关注了
2025-05-08 16:46:35,035|line:504| 动态-点赞 0
2025-05-08 16:46:39,035|line:520| https://t.bilibili.com/1059774543159099412
2025-05-08 16:46:41,440|line:527| 官方 或 预约 OUT！
2025-05-08 16:46:41,440|line:520| https://t.bilibili.com/1064227874455683077
2025-05-08 16:46:42,795|line:527| 官方 或 预约 OUT！
2025-05-08 16:46:42,796|line:520| https://t.bilibili.com/1061873759926878217
2025-05-08 16:46:45,150|line:527| 官方 或 预约 OUT！
2025-05-08 16:46:45,151|line:520| https://t.bilibili.com/1062011645577920520
2025-05-08 16:46:48,543|line:527| 官方 或 预约 OUT！
2025-05-08 16:46:48,544|line:520| https://t.bilibili.com/1064270691020308486
2025-05-08 16:46:52,092|line:527| 官方 或 预约 OUT！
2025-05-08 16:46:52,092|line:520| https://t.bilibili.com/1061269960542650376
2025-05-08 16:46:52,092|line:522| 已有
2025-05-08 16:46:52,092|line:520| https://t.bilibili.com/1061847552066846736
2025-05-08 16:46:53,420|line:527| 官方 或 预约 OUT！
2025-05-08 16:46:53,420|line:520| https://t.bilibili.com/1063392241339334662
2025-05-08 16:46:54,756|line:527| 官方 或 预约 OUT！
2025-05-08 16:46:54,756|line:520| https://t.bilibili.com/1062089049495306243
2025-05-08 16:46:58,081|line:527| 官方 或 预约 OUT！
2025-05-08 16:46:58,082|line:520| https://t.bilibili.com/1060884010490658825
2025-05-08 16:47:00,408|line:527| 官方 或 预约 OUT！
2025-05-08 16:47:00,408|line:520| https://t.bilibili.com/1062184251708932119
2025-05-08 16:47:00,408|line:522| 已有
2025-05-08 16:47:00,408|line:553| 执行结束
2025-05-08 16:47:00,409|line:559| ==================================================2025-05-09 00:47==================================================
2025-05-08 16:47:00,409|line:233| processing article 41583719
2025-05-08 16:47:02,914|line:508| ==================================================2025-05-09 00:47==================================================
2025-05-08 16:47:02,914|line:520| https://t.bilibili.com/1054117783474798600
2025-05-08 16:47:02,914|line:522| 已有
2025-05-08 16:47:02,915|line:520| https://t.bilibili.com/1063042824301182994
2025-05-08 16:47:02,915|line:522| 已有
2025-05-08 16:47:02,915|line:520| https://t.bilibili.com/1059743967263850537
2025-05-08 16:47:02,915|line:522| 已有
2025-05-08 16:47:02,915|line:520| https://t.bilibili.com/1061882294043672577
2025-05-08 16:47:02,915|line:522| 已有
2025-05-08 16:47:02,915|line:520| https://t.bilibili.com/1060799313741873153
2025-05-08 16:47:02,915|line:522| 已有
2025-05-08 16:47:02,916|line:520| https://t.bilibili.com/1056402184190558214
2025-05-08 16:47:02,916|line:522| 已有
2025-05-08 16:47:02,916|line:520| https://t.bilibili.com/1062799540157939721
2025-05-08 16:47:02,916|line:522| 已有
2025-05-08 16:47:02,916|line:520| https://t.bilibili.com/1061185637444485124
2025-05-08 16:47:02,916|line:522| 已有
2025-05-08 16:47:02,916|line:520| https://t.bilibili.com/1062231313836146696
2025-05-08 16:47:02,916|line:522| 已有
2025-05-08 16:47:02,916|line:520| https://t.bilibili.com/1054051978133372937
2025-05-08 16:47:02,916|line:522| 已有
2025-05-08 16:47:02,917|line:520| https://t.bilibili.com/1060804545031962641
2025-05-08 16:47:07,271|line:527| 官方 或 预约 OUT！
2025-05-08 16:47:07,271|line:520| https://t.bilibili.com/1064128179665371143
2025-05-08 16:47:07,271|line:522| 已有
2025-05-08 16:47:07,272|line:520| https://t.bilibili.com/1061202250393714692
2025-05-08 16:47:09,635|line:527| 官方 或 预约 OUT！
2025-05-08 16:47:09,635|line:520| https://t.bilibili.com/1057104301829128193
2025-05-08 16:47:11,284|line:527| 官方 或 预约 OUT！
2025-05-08 16:47:11,285|line:520| https://t.bilibili.com/1059989012349976612
2025-05-08 16:47:13,633|line:527| 官方 或 预约 OUT！
2025-05-08 16:47:13,633|line:520| https://t.bilibili.com/1063314283374313488
2025-05-08 16:47:13,633|line:522| 已有
2025-05-08 16:47:13,633|line:520| https://t.bilibili.com/1060834747218919479
2025-05-08 16:47:17,994|line:527| 官方 或 预约 OUT！
2025-05-08 16:47:17,994|line:520| https://t.bilibili.com/1061897987861512195
2025-05-08 16:47:21,346|line:527| 官方 或 预约 OUT！
2025-05-08 16:47:21,346|line:520| https://t.bilibili.com/1061804417679884294
2025-05-08 16:47:21,347|line:522| 已有
2025-05-08 16:47:21,347|line:520| https://t.bilibili.com/1062942609791516693
2025-05-08 16:47:21,347|line:522| 已有
2025-05-08 16:47:21,347|line:520| https://t.bilibili.com/1061860228652335141
2025-05-08 16:47:23,702|line:527| 官方 或 预约 OUT！
2025-05-08 16:47:23,702|line:553| 执行结束
2025-05-08 16:47:23,702|line:559| ==================================================2025-05-09 00:47==================================================
2025-05-08 16:47:23,702|line:233| processing article 41582116
2025-05-08 16:47:28,966|line:508| ==================================================2025-05-09 00:47==================================================
2025-05-08 16:47:28,966|line:520| https://t.bilibili.com/1061269960542650376
2025-05-08 16:47:28,966|line:522| 已有
2025-05-08 16:47:28,966|line:520| https://t.bilibili.com/1061845872735682577
2025-05-08 16:47:30,324|line:527| 官方 或 预约 OUT！
2025-05-08 16:47:30,324|line:520| https://t.bilibili.com/1062399932099461126
2025-05-08 16:47:31,688|line:527| 官方 或 预约 OUT！
2025-05-08 16:47:31,688|line:520| https://t.bilibili.com/1063392241339334662
2025-05-08 16:47:35,033|line:527| 官方 或 预约 OUT！
2025-05-08 16:47:35,033|line:520| https://t.bilibili.com/1063386937032704041
2025-05-08 16:47:39,393|line:527| 官方 或 预约 OUT！
2025-05-08 16:47:39,393|line:520| https://t.bilibili.com/1053346476017582084
2025-05-08 16:47:40,767|line:527| 官方 或 预约 OUT！
2025-05-08 16:47:40,767|line:520| https://t.bilibili.com/1061816722753847315
2025-05-08 16:47:45,110|line:527| 官方 或 预约 OUT！
2025-05-08 16:47:45,110|line:520| https://t.bilibili.com/1062089049495306243
2025-05-08 16:47:47,459|line:527| 官方 或 预约 OUT！
2025-05-08 16:47:47,459|line:520| https://t.bilibili.com/1059774543159099412
2025-05-08 16:47:51,834|line:527| 官方 或 预约 OUT！
2025-05-08 16:47:51,834|line:520| https://t.bilibili.com/1060884010490658825
2025-05-08 16:47:54,179|line:527| 官方 或 预约 OUT！
2025-05-08 16:47:54,179|line:520| https://t.bilibili.com/1059963568973152260
2025-05-08 16:47:54,179|line:522| 已有
2025-05-08 16:47:54,179|line:520| https://t.bilibili.com/1062184251708932119
2025-05-08 16:47:54,179|line:522| 已有
2025-05-08 16:47:54,180|line:520| https://t.bilibili.com/1061563689072590857
2025-05-08 16:47:57,536|line:527| 官方 或 预约 OUT！
2025-05-08 16:47:57,536|line:520| https://t.bilibili.com/1061808265990504450
2025-05-08 16:48:00,087|line:527| 官方 或 预约 OUT！
2025-05-08 16:48:00,087|line:520| https://t.bilibili.com/1062011645577920520
2025-05-08 16:48:02,618|line:527| 官方 或 预约 OUT！
2025-05-08 16:48:02,618|line:520| https://t.bilibili.com/1062333175442702345
2025-05-08 16:48:04,972|line:527| 官方 或 预约 OUT！
2025-05-08 16:48:04,972|line:553| 执行结束
2025-05-08 16:48:04,972|line:559| ==================================================2025-05-09 00:48==================================================
2025-05-08 16:48:04,973|line:233| processing article 41594517
2025-05-08 16:48:10,425|line:508| ==================================================2025-05-09 00:48==================================================
2025-05-08 16:48:10,425|line:520| https://t.bilibili.com/1064121462348054546
2025-05-08 16:48:11,798|line:527| 官方 或 预约 OUT！
2025-05-08 16:48:11,798|line:520| https://t.bilibili.com/1064083039597887494
2025-05-08 16:48:13,154|line:527| 官方 或 预约 OUT！
2025-05-08 16:48:13,155|line:520| https://t.bilibili.com/1061489880059609090
2025-05-08 16:48:16,688|line:527| 官方 或 预约 OUT！
2025-05-08 16:48:16,688|line:520| https://t.bilibili.com/1064192191877873669
2025-05-08 16:48:20,032|line:342| =========此为源动态=========
2025-05-08 16:48:22,599|line:363| *********子动态开始*********
2025-05-08 16:48:22,600|line:382| *********子动态结束*********
2025-05-08 16:48:22,600|line:538| -=-=-=-=处理回最初的动态-=-=-=-=
2025-05-08 16:48:33,941|line:476| 转发成功 1064655876552392724
2025-05-08 16:48:37,542|line:495| 评论发送成功
2025-05-08 16:48:39,966|line:425| 26987075 === 已经关注了
2025-05-08 16:48:43,317|line:504| 动态-点赞 0
2025-05-08 16:48:46,318|line:520| https://t.bilibili.com/1054380562444189712
2025-05-08 16:48:48,651|line:527| 官方 或 预约 OUT！
2025-05-08 16:48:48,651|line:520| https://t.bilibili.com/1064524536436752406
2025-05-08 16:48:51,977|line:527| 官方 或 预约 OUT！
2025-05-08 16:48:51,977|line:520| https://t.bilibili.com/1064538568126365735
2025-05-08 16:48:54,467|line:527| 官方 或 预约 OUT！
2025-05-08 16:48:54,467|line:520| https://t.bilibili.com/1064434634175021061
2025-05-08 16:48:57,073|line:527| 官方 或 预约 OUT！
2025-05-08 16:48:57,073|line:520| https://t.bilibili.com/1064411439231401989
2025-05-08 16:48:58,398|line:342| =========此为源动态=========
2025-05-08 16:49:01,918|line:363| *********子动态开始*********
2025-05-08 16:49:01,918|line:382| *********子动态结束*********
2025-05-08 16:49:01,919|line:538| -=-=-=-=处理回最初的动态-=-=-=-=
2025-05-08 16:49:13,290|line:476| 转发成功 1064656048347938824
2025-05-08 16:49:16,792|line:495| 评论发送成功
2025-05-08 16:49:20,231|line:425| 26012012 === 已经关注了
2025-05-08 16:49:23,584|line:504| 动态-点赞 0
2025-05-08 16:49:25,584|line:520| https://t.bilibili.com/1064518175619547155
2025-05-08 16:49:27,933|line:337| =========此为子动态=========
2025-05-08 16:49:31,357|line:388| *************原动态处理开始***************
2025-05-08 16:49:39,399|line:476| 转发成功 1064656160010797075
2025-05-08 16:49:42,837|line:495| 评论发送成功
2025-05-08 16:49:46,304|line:425| 26867299 === 已经关注了
2025-05-08 16:49:49,668|line:504| 动态-点赞 0
2025-05-08 16:49:49,668|line:397| *************原动态处理完成***************
2025-05-08 16:49:54,200|line:363| *********子动态开始*********
2025-05-08 16:50:01,571|line:476| 转发成功 1064656254527340564
2025-05-08 16:50:05,052|line:495| 评论发送成功
2025-05-08 16:50:08,822|line:425| 674121390 === 已经关注了
2025-05-08 16:50:08,822|line:377| ----完成一个子动态----
2025-05-08 16:50:18,168|line:476| 转发成功 1064656323234234387
2025-05-08 16:50:21,604|line:495| 评论发送成功
2025-05-08 16:50:27,342|line:425| 3493279620401432 === 已经关注了
2025-05-08 16:50:27,343|line:377| ----完成一个子动态----
2025-05-08 16:50:33,699|line:476| 转发成功 1064656391966294025
2025-05-08 16:50:37,138|line:495| 评论发送成功
2025-05-08 16:50:41,883|line:425| 407029461 === 已经关注了
2025-05-08 16:50:41,884|line:377| ----完成一个子动态----
2025-05-08 16:50:53,453|line:476| 转发成功 1064656477853057047
2025-05-08 16:50:56,878|line:495| 评论发送成功
2025-05-08 16:51:01,628|line:425| 1694196506 === 已经关注了
2025-05-08 16:51:01,629|line:377| ----完成一个子动态----
2025-05-08 16:51:11,099|line:476| 转发成功 1064656550845480962
2025-05-08 16:51:14,640|line:495| 评论发送成功
2025-05-08 16:51:18,404|line:425| 2000380121 === 已经关注了
2025-05-08 16:51:18,404|line:377| ----完成一个子动态----
2025-05-08 16:51:26,775|line:476| 转发成功 1064656619568103433
2025-05-08 16:51:30,215|line:495| 评论发送成功
2025-05-08 16:51:37,968|line:425| 476645168 === 已经关注了
2025-05-08 16:51:37,968|line:377| ----完成一个子动态----
2025-05-08 16:51:46,272|line:476| 转发成功 1064656705471643651
2025-05-08 16:51:49,725|line:495| 评论发送成功
2025-05-08 16:51:58,508|line:425| 477646977 === 已经关注了
2025-05-08 16:51:58,508|line:377| ----完成一个子动态----
2025-05-08 16:52:09,859|line:476| 转发成功 1064656804274765847
2025-05-08 16:52:13,277|line:495| 评论发送成功
2025-05-08 16:52:19,067|line:425| 63414376 === 已经关注了
2025-05-08 16:52:19,067|line:377| ----完成一个子动态----
2025-05-08 16:52:19,067|line:382| *********子动态结束*********
2025-05-08 16:52:20,068|line:520| https://t.bilibili.com/1064579005212000288
2025-05-08 16:52:23,499|line:342| =========此为源动态=========
2025-05-08 16:52:27,114|line:363| *********子动态开始*********
2025-05-08 16:52:27,114|line:382| *********子动态结束*********
2025-05-08 16:52:27,114|line:538| -=-=-=-=处理回最初的动态-=-=-=-=
2025-05-08 16:52:37,377|line:476| 转发成功 1064656924507635717
2025-05-08 16:52:40,848|line:495| 评论发送成功
2025-05-08 16:52:43,268|line:425| 268035532 === 已经关注了
2025-05-08 16:52:46,624|line:504| 动态-点赞 0
2025-05-08 16:52:49,625|line:520| https://t.bilibili.com/1064228183733174297
2025-05-08 16:52:52,166|line:337| =========此为子动态=========
2025-05-08 16:52:53,584|line:401| *************原动态已存在***************
2025-05-08 16:52:55,144|line:363| *********子动态开始*********
2025-05-08 16:53:05,502|line:476| 转发成功 1064657044756234240
2025-05-08 16:53:09,107|line:495| 评论发送成功
2025-05-08 16:53:14,911|line:425| 493230543 === 已经关注了
2025-05-08 16:53:14,912|line:377| ----完成一个子动态----
2025-05-08 16:53:25,155|line:476| 转发成功 1064657130669211648
2025-05-08 16:53:28,629|line:495| 评论发送成功
2025-05-08 16:53:34,374|line:425| 479444311 === 已经关注了
2025-05-08 16:53:34,374|line:377| ----完成一个子动态----
2025-05-08 16:53:42,783|line:476| 转发成功 1064657203707772952
2025-05-08 16:53:46,277|line:495| 评论发送成功
2025-05-08 16:53:51,166|line:425| 492967553 === 已经关注了
2025-05-08 16:53:51,166|line:377| ----完成一个子动态----
2025-05-08 16:53:51,166|line:382| *********子动态结束*********
2025-05-08 16:53:55,167|line:520| https://t.bilibili.com/1064516178434588693
2025-05-08 16:53:55,167|line:522| 已有
2025-05-08 16:53:55,167|line:520| https://t.bilibili.com/1064537490059165701
2025-05-08 16:53:58,557|line:342| =========此为源动态=========
2025-05-08 16:54:03,119|line:363| *********子动态开始*********
2025-05-08 16:54:03,119|line:382| *********子动态结束*********
2025-05-08 16:54:03,119|line:538| -=-=-=-=处理回最初的动态-=-=-=-=
2025-05-08 16:54:14,439|line:476| 转发成功 1064657341120512018
2025-05-08 16:54:17,899|line:495| 评论发送成功
2025-05-08 16:54:21,357|line:425| 436170053 === 已经关注了
2025-05-08 16:54:24,737|line:504| 动态-点赞 0
2025-05-08 16:54:26,738|line:520| https://t.bilibili.com/1064518931520159753
2025-05-08 16:54:26,738|line:522| 已有
2025-05-08 16:54:26,738|line:520| https://t.bilibili.com/1064221835773607955
2025-05-08 16:54:28,092|line:342| =========此为源动态=========
2025-05-08 16:54:29,477|line:363| *********子动态开始*********
2025-05-08 16:54:29,477|line:382| *********子动态结束*********
2025-05-08 16:54:29,477|line:538| -=-=-=-=处理回最初的动态-=-=-=-=
2025-05-08 16:54:38,830|line:476| 转发成功 1064657444234330116
2025-05-08 16:54:42,352|line:495| 评论发送成功
2025-05-08 16:54:46,820|line:425| 100680137 === 已经关注了
2025-05-08 16:54:50,199|line:504| 动态-点赞 0
2025-05-08 16:54:54,199|line:520| https://t.bilibili.com/1064527403325325316
2025-05-08 16:54:57,558|line:342| =========此为源动态=========
2025-05-08 16:55:00,138|line:363| *********子动态开始*********
2025-05-08 16:55:00,139|line:382| *********子动态结束*********
2025-05-08 16:55:00,139|line:538| -=-=-=-=处理回最初的动态-=-=-=-=
2025-05-08 16:55:09,440|line:476| 转发成功 1064657577356296195
2025-05-08 16:55:12,893|line:495| 评论发送成功
2025-05-08 16:55:15,521|line:425| 3493277416294679 === 已经关注了
2025-05-08 16:55:18,903|line:504| 动态-点赞 0
2025-05-08 16:55:21,904|line:520| https://t.bilibili.com/1064456392526528517
2025-05-08 16:55:26,247|line:342| =========此为源动态=========
2025-05-08 16:55:28,835|line:363| *********子动态开始*********
2025-05-08 16:55:28,835|line:382| *********子动态结束*********
2025-05-08 16:55:28,836|line:538| -=-=-=-=处理回最初的动态-=-=-=-=
2025-05-08 16:55:38,118|line:476| 转发成功 1064657697591263268
2025-05-08 16:55:41,600|line:495| 评论发送成功
2025-05-08 16:55:44,018|line:425| 34932803 === 已经关注了
2025-05-08 16:55:47,380|line:504| 动态-点赞 0
2025-05-08 16:55:51,381|line:520| https://t.bilibili.com/1064426901092696083
2025-05-08 16:55:55,785|line:527| 官方 或 预约 OUT！
2025-05-08 16:55:55,785|line:520| https://t.bilibili.com/1061835229795188743
2025-05-08 16:55:58,112|line:527| 官方 或 预约 OUT！
2025-05-08 16:55:58,112|line:520| https://t.bilibili.com/1063815957054488597
2025-05-08 16:56:00,463|line:342| =========此为源动态=========
2025-05-08 16:56:02,000|line:363| *********子动态开始*********
2025-05-08 16:56:02,000|line:382| *********子动态结束*********
2025-05-08 16:56:02,000|line:538| -=-=-=-=处理回最初的动态-=-=-=-=
2025-05-08 16:56:12,210|line:476| 转发成功 1064657847927701512
2025-05-08 16:56:15,702|line:495| 评论发送成功
2025-05-08 16:56:19,141|line:425| 3494370223327232 === 已经关注了
2025-05-08 16:56:22,630|line:504| 动态-点赞 0
2025-05-08 16:56:25,631|line:520| https://t.bilibili.com/1064083323070971939
2025-05-08 16:56:26,979|line:527| 官方 或 预约 OUT！
2025-05-08 16:56:26,979|line:520| https://t.bilibili.com/1064457824899170361
2025-05-08 16:56:28,328|line:342| =========此为源动态=========
2025-05-08 16:56:31,925|line:363| *********子动态开始*********
2025-05-08 16:56:31,926|line:382| *********子动态结束*********
2025-05-08 16:56:31,926|line:538| -=-=-=-=处理回最初的动态-=-=-=-=
2025-05-08 16:56:40,211|line:476| 转发成功 1064657968215097344
2025-05-08 16:56:43,673|line:495| 评论发送成功
2025-05-08 16:56:46,172|line:425| 471130755 === 已经关注了
2025-05-08 16:56:49,547|line:504| 动态-点赞 0
2025-05-08 16:56:52,548|line:520| https://t.bilibili.com/1064433083730624534
2025-05-08 16:56:55,907|line:527| 官方 或 预约 OUT！
2025-05-08 16:56:55,907|line:520| https://t.bilibili.com/1064543009103675430
2025-05-08 16:56:59,258|line:337| =========此为子动态=========
2025-05-08 16:57:01,691|line:388| *************原动态处理开始***************
2025-05-08 16:57:08,594|line:476| 转发成功 1064658088485715970
2025-05-08 16:57:12,054|line:495| 评论发送成功
2025-05-08 16:57:13,501|line:425| 258852214 === 已经关注了
2025-05-08 16:57:16,904|line:504| 动态-点赞 0
2025-05-08 16:57:16,905|line:397| *************原动态处理完成***************
2025-05-08 16:57:19,328|line:363| *********子动态开始*********
2025-05-08 16:57:28,673|line:476| 转发成功 1064658174371430407
2025-05-08 16:57:32,137|line:495| 评论发送成功
2025-05-08 16:57:40,001|line:425| 258852214 === 已经关注了
2025-05-08 16:57:40,001|line:377| ----完成一个子动态----
2025-05-08 16:57:40,002|line:382| *********子动态结束*********
2025-05-08 16:57:41,002|line:520| https://t.bilibili.com/1035593318931628032
2025-05-08 16:57:45,568|line:527| 官方 或 预约 OUT！
2025-05-08 16:57:45,568|line:520| https://t.bilibili.com/1064472099171598340
2025-05-08 16:57:46,925|line:527| 官方 或 预约 OUT！
2025-05-08 16:57:46,926|line:520| https://t.bilibili.com/1064550658457206872
2025-05-08 16:57:50,313|line:342| =========此为源动态=========
2025-05-08 16:57:55,048|line:363| *********子动态开始*********
2025-05-08 16:57:55,048|line:382| *********子动态结束*********
2025-05-08 16:57:55,049|line:538| -=-=-=-=处理回最初的动态-=-=-=-=
2025-05-08 16:58:05,417|line:476| 转发成功 1064658333255860230
2025-05-08 16:58:08,866|line:495| 评论发送成功
2025-05-08 16:58:11,283|line:425| 486445583 === 已经关注了
2025-05-08 16:58:14,641|line:504| 动态-点赞 0
2025-05-08 16:58:18,642|line:520| https://t.bilibili.com/1064570612887846930
2025-05-08 16:58:19,979|line:527| 官方 或 预约 OUT！
2025-05-08 16:58:19,980|line:520| https://t.bilibili.com/1064461690369736722
2025-05-08 16:58:21,322|line:342| =========此为源动态=========
2025-05-08 16:58:25,857|line:363| *********子动态开始*********
2025-05-08 16:58:25,858|line:382| *********子动态结束*********
2025-05-08 16:58:25,858|line:538| -=-=-=-=处理回最初的动态-=-=-=-=
2025-05-08 16:58:37,093|line:476| 转发成功 1064658466390409224
2025-05-08 16:58:40,521|line:495| 评论发送成功
2025-05-08 16:58:41,941|line:425| 3546816089950527 === 已经关注了
2025-05-08 16:58:45,309|line:504| 动态-点赞 0
2025-05-08 16:58:49,309|line:520| https://t.bilibili.com/1063782159914893318
2025-05-08 16:58:53,813|line:342| =========此为源动态=========
2025-05-08 16:58:57,326|line:363| *********子动态开始*********
2025-05-08 16:58:57,327|line:382| *********子动态结束*********
2025-05-08 16:58:57,327|line:538| -=-=-=-=处理回最初的动态-=-=-=-=
2025-05-08 16:59:07,768|line:476| 转发成功 1064658599545929736
2025-05-08 16:59:11,227|line:495| 评论发送成功
2025-05-08 16:59:14,645|line:425| 3494361113299785 === 已经关注了
2025-05-08 16:59:18,006|line:504| 动态-点赞 0
2025-05-08 16:59:19,007|line:520| https://t.bilibili.com/1063443858280415252
2025-05-08 16:59:19,007|line:522| 已有
2025-05-08 16:59:19,007|line:520| https://t.bilibili.com/1063464517064720390
2025-05-08 16:59:23,335|line:527| 官方 或 预约 OUT！
2025-05-08 16:59:23,335|line:520| https://t.bilibili.com/1064519133393059862
2025-05-08 16:59:23,335|line:522| 已有
2025-05-08 16:59:23,335|line:520| https://t.bilibili.com/1064524579415785480
2025-05-08 16:59:24,842|line:527| 官方 或 预约 OUT！
2025-05-08 16:59:24,842|line:520| https://t.bilibili.com/1064066383718907926
2025-05-08 16:59:28,186|line:527| 官方 或 预约 OUT！
2025-05-08 16:59:28,186|line:520| https://t.bilibili.com/1064514696692891669
2025-05-08 16:59:28,186|line:522| 已有
2025-05-08 16:59:28,186|line:520| https://t.bilibili.com/1064440269190987785
2025-05-08 16:59:32,522|line:342| =========此为源动态=========
2025-05-08 16:59:34,041|line:363| *********子动态开始*********
2025-05-08 16:59:34,041|line:382| *********子动态结束*********
2025-05-08 16:59:34,041|line:538| -=-=-=-=处理回最初的动态-=-=-=-=
2025-05-08 16:59:43,183|line:476| 转发成功 1064658749873979429
2025-05-08 16:59:46,568|line:495| 评论发送成功
2025-05-08 16:59:48,944|line:425| 526793830 === 已经关注了
2025-05-08 16:59:52,266|line:504| 动态-点赞 0
2025-05-08 16:59:55,267|line:520| https://t.bilibili.com/1064457824871907347
2025-05-08 16:59:58,556|line:342| =========此为源动态=========
2025-05-08 17:00:00,066|line:363| *********子动态开始*********
2025-05-08 17:00:00,066|line:382| *********子动态结束*********
2025-05-08 17:00:00,066|line:538| -=-=-=-=处理回最初的动态-=-=-=-=
2025-05-08 17:00:12,238|line:476| 转发成功 1064658878718803970
2025-05-08 17:00:15,664|line:495| 评论发送成功
2025-05-08 17:00:18,044|line:425| 287886755 === 已经关注了
2025-05-08 17:00:21,355|line:504| 动态-点赞 0
2025-05-08 17:00:23,355|line:520| https://t.bilibili.com/1064444267778277377
2025-05-08 17:00:25,643|line:342| =========此为源动态=========
2025-05-08 17:00:30,243|line:363| *********子动态开始*********
2025-05-08 17:00:30,243|line:382| *********子动态结束*********
2025-05-08 17:00:30,243|line:538| -=-=-=-=处理回最初的动态-=-=-=-=
2025-05-08 17:00:42,626|line:476| 转发成功 1064659007607668744
2025-05-08 17:00:46,091|line:495| 评论发送成功
2025-05-08 17:00:48,532|line:425| 1813205998 === 已经关注了
2025-05-08 17:00:51,920|line:504| 动态-点赞 0
2025-05-08 17:00:53,920|line:520| https://t.bilibili.com/1064550596186472471
2025-05-08 17:00:57,272|line:342| =========此为源动态=========
2025-05-08 17:01:00,670|line:363| *********子动态开始*********
2025-05-08 17:01:00,670|line:382| *********子动态结束*********
2025-05-08 17:01:00,670|line:538| -=-=-=-=处理回最初的动态-=-=-=-=
2025-05-08 17:01:10,994|line:476| 转发成功 1064659127829004297
2025-05-08 17:01:14,526|line:495| 评论发送成功
2025-05-08 17:01:15,978|line:425| 1923908090 === 已经关注了
2025-05-08 17:01:19,351|line:504| 动态-点赞 0
2025-05-08 17:01:21,351|line:520| https://t.bilibili.com/1064535134302109699
2025-05-08 17:01:24,690|line:342| =========此为源动态=========
2025-05-08 17:01:28,219|line:363| *********子动态开始*********
2025-05-08 17:01:28,219|line:382| *********子动态结束*********
2025-05-08 17:01:28,220|line:538| -=-=-=-=处理回最初的动态-=-=-=-=
2025-05-08 17:01:37,516|line:476| 转发成功 1064659243792072706
2025-05-08 17:01:41,009|line:495| 评论发送成功
2025-05-08 17:01:44,429|line:425| 3546746707774174 === 已经关注了
2025-05-08 17:01:47,789|line:504| 动态-点赞 0
2025-05-08 17:01:49,790|line:520| https://t.bilibili.com/1064200549873745929
2025-05-08 17:01:53,121|line:527| 官方 或 预约 OUT！
2025-05-08 17:01:53,121|line:520| https://t.bilibili.com/1064457824899170312
2025-05-08 17:01:55,511|line:342| =========此为源动态=========
2025-05-08 17:01:59,032|line:363| *********子动态开始*********
2025-05-08 17:01:59,033|line:382| *********子动态结束*********
2025-05-08 17:01:59,033|line:538| -=-=-=-=处理回最初的动态-=-=-=-=
2025-05-08 17:02:11,440|line:476| 转发成功 1064659389815717896
2025-05-08 17:02:14,856|line:495| 评论评论已提交，被up主精选后对所有人可见
2025-05-08 17:02:18,276|line:425| 3546816089950527 === 已经关注了
2025-05-08 17:02:21,652|line:504| 动态-点赞 0
2025-05-08 17:02:25,652|line:520| https://t.bilibili.com/1064541866650763273
2025-05-08 17:02:30,200|line:337| =========此为子动态=========
2025-05-08 17:02:34,671|line:388| *************原动态处理开始***************
2025-05-08 17:02:39,528|line:476| 转发成功 1064659510118842377
2025-05-08 17:02:42,978|line:495| 评论发送成功
2025-05-08 17:02:48,410|line:425| 571307144 === 已经关注了
2025-05-08 17:02:51,761|line:504| 动态-点赞 0
2025-05-08 17:02:51,761|line:397| *************原动态处理完成***************
2025-05-08 17:02:54,304|line:363| *********子动态开始*********
2025-05-08 17:03:03,625|line:476| 转发成功 1064659613168697366
2025-05-08 17:03:07,114|line:495| 评论发送成功
2025-05-08 17:03:11,934|line:425| 1024366005 === 已经关注了
2025-05-08 17:03:11,935|line:377| ----完成一个子动态----
2025-05-08 17:03:24,243|line:476| 转发成功 1064659703373496320
2025-05-08 17:03:27,732|line:495| 评论发送成功
2025-05-08 17:03:32,669|line:425| 1129687681 === 已经关注了
2025-05-08 17:03:32,670|line:377| ----完成一个子动态----
2025-05-08 17:03:32,670|line:382| *********子动态结束*********
2025-05-08 17:03:34,671|line:520| https://t.bilibili.com/1064522444793970696
2025-05-08 17:03:34,671|line:522| 已有
2025-05-08 17:03:34,671|line:520| https://t.bilibili.com/1064457824858275843
2025-05-08 17:03:36,012|line:342| =========此为源动态=========
2025-05-08 17:03:40,709|line:363| *********子动态开始*********
2025-05-08 17:03:40,709|line:382| *********子动态结束*********
2025-05-08 17:03:40,709|line:538| -=-=-=-=处理回最初的动态-=-=-=-=
2025-05-08 17:03:49,015|line:476| 转发成功 1064659806435934230
2025-05-08 17:03:52,610|line:495| 评论发送成功
2025-05-08 17:03:54,212|line:425| 3494354823940360 === 已经关注了
2025-05-08 17:03:57,573|line:504| 动态-点赞 0
2025-05-08 17:03:59,573|line:520| https://t.bilibili.com/1054784778969022480
2025-05-08 17:04:01,142|line:527| 官方 或 预约 OUT！
2025-05-08 17:04:01,142|line:520| https://t.bilibili.com/1064510652943433736
2025-05-08 17:04:02,499|line:342| =========此为源动态=========
2025-05-08 17:04:04,065|line:363| *********子动态开始*********
2025-05-08 17:04:04,066|line:382| *********子动态结束*********
2025-05-08 17:04:04,066|line:538| -=-=-=-=处理回最初的动态-=-=-=-=
2025-05-08 17:04:10,287|line:476| 转发成功 1064659900906340355
2025-05-08 17:04:13,739|line:495| 评论发送成功
2025-05-08 17:04:17,160|line:425| 1536750746 === 已经关注了
2025-05-08 17:04:20,581|line:504| 动态-点赞 0
2025-05-08 17:04:24,581|line:520| https://t.bilibili.com/1064438387981680697
2025-05-08 17:04:25,931|line:342| =========此为源动态=========
2025-05-08 17:04:28,497|line:363| *********子动态开始*********
2025-05-08 17:04:28,497|line:382| *********子动态结束*********
2025-05-08 17:04:28,498|line:538| -=-=-=-=处理回最初的动态-=-=-=-=
2025-05-08 17:04:37,843|line:476| 转发成功 1064660016883040281
2025-05-08 17:04:41,303|line:495| 评论发送成功
2025-05-08 17:04:42,772|line:425| 488757623 === 已经关注了
2025-05-08 17:04:46,140|line:504| 动态-点赞 0
2025-05-08 17:04:49,140|line:520| https://t.bilibili.com/1064514073937313830
2025-05-08 17:04:49,140|line:522| 已有
2025-05-08 17:04:49,141|line:520| https://t.bilibili.com/1064533461399764998
2025-05-08 17:04:51,494|line:342| =========此为源动态=========
2025-05-08 17:04:53,062|line:363| *********子动态开始*********
2025-05-08 17:04:53,063|line:382| *********子动态结束*********
2025-05-08 17:04:53,063|line:538| -=-=-=-=处理回最初的动态-=-=-=-=
2025-05-08 17:05:02,401|line:476| 转发成功 1064660124260368386
2025-05-08 17:05:05,876|line:495| 评论发送成功
2025-05-08 17:05:09,510|line:425| 351899011 === 已经关注了
2025-05-08 17:05:12,909|line:504| 动态-点赞 0
2025-05-08 17:05:15,910|line:520| https://t.bilibili.com/1056020801838383104
2025-05-08 17:05:17,274|line:527| 官方 或 预约 OUT！
2025-05-08 17:05:17,274|line:553| 执行结束
2025-05-08 17:05:17,274|line:559| ==================================================2025-05-09 01:05==================================================
2025-05-08 17:05:17,274|line:233| processing article 41592725
2025-05-08 17:05:21,658|line:508| ==================================================2025-05-09 01:05==================================================
2025-05-08 17:05:21,658|line:520| https://t.bilibili.com/1064083323070971939
2025-05-08 17:05:24,020|line:527| 官方 或 预约 OUT！
2025-05-08 17:05:24,020|line:520| https://t.bilibili.com/1054380562444189712
2025-05-08 17:05:25,370|line:527| 官方 或 预约 OUT！
2025-05-08 17:05:25,371|line:520| https://t.bilibili.com/1058584274559565840
2025-05-08 17:05:29,729|line:527| 官方 或 预约 OUT！
2025-05-08 17:05:29,729|line:520| https://t.bilibili.com/1035593318931628032
2025-05-08 17:05:34,160|line:527| 官方 或 预约 OUT！
2025-05-08 17:05:34,160|line:520| https://t.bilibili.com/1060723357221126181
2025-05-08 17:05:38,563|line:527| 官方 或 预约 OUT！
2025-05-08 17:05:38,564|line:520| https://t.bilibili.com/1057036149282832409
2025-05-08 17:05:39,938|line:527| 官方 或 预约 OUT！
2025-05-08 17:05:39,939|line:520| https://t.bilibili.com/1059329717646131200
2025-05-08 17:05:41,277|line:527| 官方 或 预约 OUT！
2025-05-08 17:05:41,277|line:520| https://t.bilibili.com/1063443858280415252
2025-05-08 17:05:41,277|line:522| 已有
2025-05-08 17:05:41,277|line:520| https://t.bilibili.com/1063464517064720390
2025-05-08 17:05:45,600|line:527| 官方 或 预约 OUT！
2025-05-08 17:05:45,600|line:520| https://t.bilibili.com/1064066383718907926
2025-05-08 17:05:47,939|line:527| 官方 或 预约 OUT！
2025-05-08 17:05:47,939|line:520| https://t.bilibili.com/1056020801838383104
2025-05-08 17:05:49,282|line:527| 官方 或 预约 OUT！
2025-05-08 17:05:49,282|line:553| 执行结束
2025-05-08 17:05:49,282|line:559| ==================================================2025-05-09 01:05==================================================
2025-05-08 17:05:49,282|line:233| processing article 41592695
2025-05-08 17:05:54,577|line:508| ==================================================2025-05-09 01:05==================================================
2025-05-08 17:05:54,577|line:520| https://t.bilibili.com/1054380562444189712
2025-05-08 17:05:56,937|line:527| 官方 或 预约 OUT！
2025-05-08 17:05:56,937|line:520| https://t.bilibili.com/1058584274559565840
2025-05-08 17:06:00,264|line:527| 官方 或 预约 OUT！
2025-05-08 17:06:00,264|line:520| https://t.bilibili.com/1059718648449466373
2025-05-08 17:06:04,594|line:527| 官方 或 预约 OUT！
2025-05-08 17:06:04,594|line:520| https://t.bilibili.com/1062381914694877207
2025-05-08 17:06:08,078|line:527| 官方 或 预约 OUT！
2025-05-08 17:06:08,079|line:520| https://t.bilibili.com/1061518647768383496
2025-05-08 17:06:10,411|line:527| 官方 或 预约 OUT！
2025-05-08 17:06:10,411|line:520| https://t.bilibili.com/1062231513562611715
2025-05-08 17:06:12,785|line:527| 官方 或 预约 OUT！
2025-05-08 17:06:12,785|line:520| https://t.bilibili.com/1061827503168946211
2025-05-08 17:06:15,113|line:527| 官方 或 预约 OUT！
2025-05-08 17:06:15,113|line:520| https://t.bilibili.com/1058131421784178697
2025-05-08 17:06:19,512|line:527| 官方 或 预约 OUT！
2025-05-08 17:06:19,512|line:520| https://t.bilibili.com/1053421689498501170
2025-05-08 17:06:23,856|line:527| 官方 或 预约 OUT！
2025-05-08 17:06:23,857|line:520| https://t.bilibili.com/1060005221555503126
2025-05-08 17:06:28,188|line:527| 官方 或 预约 OUT！
2025-05-08 17:06:28,188|line:520| https://t.bilibili.com/1061839267047669767
2025-05-08 17:06:31,513|line:527| 官方 或 预约 OUT！
2025-05-08 17:06:31,514|line:520| https://t.bilibili.com/1059279243212488721
2025-05-08 17:06:35,858|line:527| 官方 或 预约 OUT！
2025-05-08 17:06:35,858|line:520| https://t.bilibili.com/1064083323070971939
2025-05-08 17:06:37,193|line:527| 官方 或 预约 OUT！
2025-05-08 17:06:37,194|line:520| https://t.bilibili.com/1061867089874124823
2025-05-08 17:06:41,516|line:527| 官方 或 预约 OUT！
2025-05-08 17:06:41,517|line:520| https://t.bilibili.com/1035593318931628032
2025-05-08 17:06:45,853|line:527| 官方 或 预约 OUT！
2025-05-08 17:06:45,853|line:520| https://t.bilibili.com/1061676251598553090
2025-05-08 17:06:50,186|line:527| 官方 或 预约 OUT！
2025-05-08 17:06:50,187|line:520| https://t.bilibili.com/1062231423359909907
2025-05-08 17:06:53,569|line:527| 官方 或 预约 OUT！
2025-05-08 17:06:53,569|line:520| https://t.bilibili.com/1060723357221126181
2025-05-08 17:06:55,896|line:527| 官方 或 预约 OUT！
2025-05-08 17:06:55,897|line:520| https://t.bilibili.com/1057036149282832409
2025-05-08 17:07:00,233|line:527| 官方 或 预约 OUT！
2025-05-08 17:07:00,233|line:520| https://t.bilibili.com/1063443858280415252
2025-05-08 17:07:00,233|line:522| 已有
2025-05-08 17:07:00,233|line:520| https://t.bilibili.com/1063464517064720390
2025-05-08 17:07:02,561|line:527| 官方 或 预约 OUT！
2025-05-08 17:07:02,561|line:520| https://t.bilibili.com/1064066383718907926
2025-05-08 17:07:03,891|line:527| 官方 或 预约 OUT！
2025-05-08 17:07:03,891|line:520| https://t.bilibili.com/1059742189157875720
2025-05-08 17:07:08,249|line:527| 官方 或 预约 OUT！
2025-05-08 17:07:08,250|line:520| https://t.bilibili.com/1059329717646131200
2025-05-08 17:07:11,535|line:527| 官方 或 预约 OUT！
2025-05-08 17:07:11,535|line:520| https://t.bilibili.com/1056020801838383104
2025-05-08 17:07:14,825|line:527| 官方 或 预约 OUT！
2025-05-08 17:07:14,825|line:553| 执行结束
2025-05-08 17:07:14,825|line:559| ==================================================2025-05-09 01:07==================================================
2025-05-08 17:07:14,826|line:233| processing article 41582156
2025-05-08 17:07:19,316|line:508| ==================================================2025-05-09 01:07==================================================
2025-05-08 17:07:19,316|line:520| https://t.bilibili.com/1064063649941815301
2025-05-08 17:07:23,669|line:527| 官方 或 预约 OUT！
2025-05-08 17:07:23,669|line:520| https://t.bilibili.com/1064063523262300163
2025-05-08 17:07:26,952|line:527| 官方 或 预约 OUT！
2025-05-08 17:07:26,953|line:520| https://t.bilibili.com/1054380562444189712
2025-05-08 17:07:29,240|line:527| 官方 或 预约 OUT！
2025-05-08 17:07:29,240|line:520| https://t.bilibili.com/1064179510986932227
2025-05-08 17:07:29,240|line:522| 已有
2025-05-08 17:07:29,240|line:520| https://t.bilibili.com/1064150182801702934
2025-05-08 17:07:33,530|line:527| 官方 或 预约 OUT！
2025-05-08 17:07:33,530|line:520| https://t.bilibili.com/1063913276690137093
2025-05-08 17:07:34,825|line:527| 官方 或 预约 OUT！
2025-05-08 17:07:34,825|line:520| https://t.bilibili.com/1064171773599154208
2025-05-08 17:07:34,825|line:522| 已有
2025-05-08 17:07:34,825|line:520| https://t.bilibili.com/1063834425375064144
2025-05-08 17:07:39,114|line:527| 官方 或 预约 OUT！
2025-05-08 17:07:39,115|line:520| https://t.bilibili.com/1063780085476098049
2025-05-08 17:07:42,406|line:527| 官方 或 预约 OUT！
2025-05-08 17:07:42,406|line:520| https://t.bilibili.com/1064119293393764358
2025-05-08 17:07:42,406|line:522| 已有
2025-05-08 17:07:42,406|line:520| https://t.bilibili.com/1064146252909772819
2025-05-08 17:07:42,406|line:522| 已有
2025-05-08 17:07:42,407|line:520| https://t.bilibili.com/1063834068938915857
2025-05-08 17:07:42,407|line:522| 已有
2025-05-08 17:07:42,407|line:520| https://t.bilibili.com/1064059610531364872
2025-05-08 17:07:42,407|line:522| 已有
2025-05-08 17:07:42,407|line:520| https://t.bilibili.com/1063838089025159193
2025-05-08 17:07:46,712|line:527| 官方 或 预约 OUT！
2025-05-08 17:07:46,712|line:520| https://t.bilibili.com/1064162917382881280
2025-05-08 17:07:50,036|line:527| 官方 或 预约 OUT！
2025-05-08 17:07:50,037|line:520| https://t.bilibili.com/1063878004286947336
2025-05-08 17:07:50,037|line:522| 已有
2025-05-08 17:07:50,037|line:520| https://t.bilibili.com/1062385376425934851
2025-05-08 17:07:50,037|line:522| 已有
2025-05-08 17:07:50,037|line:520| https://t.bilibili.com/1054051978133372937
2025-05-08 17:07:50,037|line:522| 已有
2025-05-08 17:07:50,037|line:520| https://t.bilibili.com/1063815239780270099
2025-05-08 17:07:53,325|line:527| 官方 或 预约 OUT！
2025-05-08 17:07:53,325|line:520| https://t.bilibili.com/1064055815945584706
2025-05-08 17:07:53,325|line:522| 已有
2025-05-08 17:07:53,325|line:520| https://t.bilibili.com/1059632083380469794
2025-05-08 17:07:53,325|line:522| 已有
2025-05-08 17:07:53,325|line:520| https://t.bilibili.com/1063706435365371906
2025-05-08 17:07:53,325|line:522| 已有
2025-05-08 17:07:53,326|line:520| https://t.bilibili.com/1063384918407512067
2025-05-08 17:07:54,613|line:527| 官方 或 预约 OUT！
2025-05-08 17:07:54,613|line:520| https://t.bilibili.com/1064083323070971939
2025-05-08 17:07:58,902|line:527| 官方 或 预约 OUT！
2025-05-08 17:07:58,902|line:520| https://t.bilibili.com/1060814212986568704
2025-05-08 17:07:58,902|line:522| 已有
2025-05-08 17:07:58,902|line:520| https://t.bilibili.com/1064179511013146644
2025-05-08 17:07:58,903|line:522| 已有
2025-05-08 17:07:58,903|line:520| https://t.bilibili.com/1064086739685998616
2025-05-08 17:07:58,903|line:522| 已有
2025-05-08 17:07:58,903|line:520| https://t.bilibili.com/1064061461663318051
2025-05-08 17:07:58,903|line:522| 已有
2025-05-08 17:07:58,903|line:520| https://t.bilibili.com/1058156929633746965
2025-05-08 17:08:03,209|line:527| 官方 或 预约 OUT！
2025-05-08 17:08:03,209|line:520| https://t.bilibili.com/1064110836585332742
2025-05-08 17:08:03,210|line:522| 已有
2025-05-08 17:08:03,210|line:520| https://t.bilibili.com/1035593318931628032
2025-05-08 17:08:07,499|line:527| 官方 或 预约 OUT！
2025-05-08 17:08:07,500|line:520| https://t.bilibili.com/1064181269792817204
2025-05-08 17:08:07,500|line:522| 已有
2025-05-08 17:08:07,500|line:520| https://t.bilibili.com/1064138302938939395
2025-05-08 17:08:07,500|line:522| 已有
2025-05-08 17:08:07,500|line:520| https://t.bilibili.com/1064122570482122753
2025-05-08 17:08:07,500|line:522| 已有
2025-05-08 17:08:07,500|line:520| https://t.bilibili.com/1064129446732103687
2025-05-08 17:08:07,500|line:522| 已有
2025-05-08 17:08:07,500|line:520| https://t.bilibili.com/1063443858280415252
2025-05-08 17:08:07,501|line:522| 已有
2025-05-08 17:08:07,501|line:520| https://t.bilibili.com/1063464517064720390
2025-05-08 17:08:08,793|line:527| 官方 或 预约 OUT！
2025-05-08 17:08:08,794|line:520| https://t.bilibili.com/1064066383718907926
2025-05-08 17:08:12,087|line:527| 官方 或 预约 OUT！
2025-05-08 17:08:12,087|line:520| https://t.bilibili.com/1063825891271901209
2025-05-08 17:08:14,383|line:527| 官方 或 预约 OUT！
2025-05-08 17:08:14,383|line:520| https://t.bilibili.com/1064040354031861768
2025-05-08 17:08:14,383|line:522| 已有
2025-05-08 17:08:14,383|line:520| https://t.bilibili.com/1063503188917747716
2025-05-08 17:08:14,383|line:522| 已有
2025-05-08 17:08:14,383|line:520| https://t.bilibili.com/1064182244752490503
2025-05-08 17:08:14,383|line:522| 已有
2025-05-08 17:08:14,384|line:520| https://t.bilibili.com/1063820754537152515
2025-05-08 17:08:14,384|line:522| 已有
2025-05-08 17:08:14,384|line:520| https://t.bilibili.com/1063851493584535558
2025-05-08 17:08:14,384|line:522| 已有
2025-05-08 17:08:14,384|line:520| https://t.bilibili.com/1063818010037321732
2025-05-08 17:08:14,384|line:522| 已有
2025-05-08 17:08:14,384|line:520| https://t.bilibili.com/1064055815952924680
2025-05-08 17:08:14,384|line:522| 已有
2025-05-08 17:08:14,384|line:520| https://t.bilibili.com/1064179510977495061
2025-05-08 17:08:14,385|line:522| 已有
2025-05-08 17:08:14,385|line:520| https://t.bilibili.com/1056020801838383104
2025-05-08 17:08:16,670|line:527| 官方 或 预约 OUT！
2025-05-08 17:08:16,670|line:520| https://t.bilibili.com/1064150977361215489
2025-05-08 17:08:19,959|line:527| 官方 或 预约 OUT！
2025-05-08 17:08:19,959|line:553| 执行结束
2025-05-08 17:08:19,959|line:559| ==================================================2025-05-09 01:08==================================================
2025-05-08 17:08:19,959|line:233| processing article 41581745
2025-05-08 17:08:23,316|line:508| ==================================================2025-05-09 01:08==================================================
2025-05-08 17:08:23,317|line:520| https://t.bilibili.com/1055219270781239313
2025-05-08 17:08:27,606|line:527| 官方 或 预约 OUT！
2025-05-08 17:08:27,606|line:520| https://t.bilibili.com/1050389511307001874
2025-05-08 17:08:29,896|line:527| 官方 或 预约 OUT！
2025-05-08 17:08:29,896|line:520| https://t.bilibili.com/1057152976723902467
2025-05-08 17:08:31,192|line:527| 官方 或 预约 OUT！
2025-05-08 17:08:31,192|line:520| https://t.bilibili.com/1064083323070971939
2025-05-08 17:08:35,538|line:527| 官方 或 预约 OUT！
2025-05-08 17:08:35,539|line:520| https://t.bilibili.com/1054380562444189712
2025-05-08 17:08:37,830|line:527| 官方 或 预约 OUT！
2025-05-08 17:08:37,830|line:520| https://t.bilibili.com/1057043893116207145
2025-05-08 17:08:42,228|line:527| 官方 或 预约 OUT！
2025-05-08 17:08:42,228|line:520| https://t.bilibili.com/1061920317378658324
2025-05-08 17:08:45,556|line:527| 官方 或 预约 OUT！
2025-05-08 17:08:45,556|line:520| https://t.bilibili.com/1035593318931628032
2025-05-08 17:08:47,896|line:527| 官方 或 预约 OUT！
2025-05-08 17:08:47,896|line:520| https://t.bilibili.com/1061971371654905857
2025-05-08 17:08:51,226|line:527| 官方 或 预约 OUT！
2025-05-08 17:08:51,226|line:520| https://t.bilibili.com/1063443858280415252
2025-05-08 17:08:51,226|line:522| 已有
2025-05-08 17:08:51,226|line:520| https://t.bilibili.com/1063464517064720390
2025-05-08 17:08:52,603|line:527| 官方 或 预约 OUT！
2025-05-08 17:08:52,603|line:520| https://t.bilibili.com/1061860265158508674
2025-05-08 17:08:53,936|line:527| 官方 或 预约 OUT！
2025-05-08 17:08:53,937|line:520| https://t.bilibili.com/1064066383718907926
2025-05-08 17:08:58,299|line:527| 官方 或 预约 OUT！
2025-05-08 17:08:58,300|line:520| https://t.bilibili.com/1056020801838383104
2025-05-08 17:08:59,621|line:527| 官方 或 预约 OUT！
2025-05-08 17:08:59,621|line:553| 执行结束
2025-05-08 17:08:59,621|line:559| ==================================================2025-05-09 01:08==================================================
2025-05-08 17:08:59,622|line:233| processing article 41581636
2025-05-08 17:09:04,842|line:508| ==================================================2025-05-09 01:09==================================================
2025-05-08 17:09:04,842|line:520| https://t.bilibili.com/1057152976723902467
2025-05-08 17:09:09,171|line:527| 官方 或 预约 OUT！
2025-05-08 17:09:09,172|line:520| https://t.bilibili.com/1054380562444189712
2025-05-08 17:09:10,523|line:527| 官方 或 预约 OUT！
2025-05-08 17:09:10,523|line:520| https://t.bilibili.com/1061597181232807977
2025-05-08 17:09:13,859|line:527| 官方 或 预约 OUT！
2025-05-08 17:09:13,860|line:520| https://t.bilibili.com/1061830312042954759
2025-05-08 17:09:17,188|line:527| 官方 或 预约 OUT！
2025-05-08 17:09:17,188|line:520| https://t.bilibili.com/1060378492846211072
2025-05-08 17:09:19,517|line:527| 官方 或 预约 OUT！
2025-05-08 17:09:19,517|line:520| https://t.bilibili.com/1061860265158508674
2025-05-08 17:09:23,849|line:527| 官方 或 预约 OUT！
2025-05-08 17:09:23,850|line:520| https://t.bilibili.com/1055219270781239313
2025-05-08 17:09:26,250|line:527| 官方 或 预约 OUT！
2025-05-08 17:09:26,251|line:520| https://t.bilibili.com/1050389511307001874
2025-05-08 17:09:28,579|line:527| 官方 或 预约 OUT！
2025-05-08 17:09:28,579|line:520| https://t.bilibili.com/1061860351057854481
2025-05-08 17:09:29,921|line:527| 官方 或 预约 OUT！
2025-05-08 17:09:29,922|line:520| https://t.bilibili.com/1059328957433774098
2025-05-08 17:09:33,250|line:527| 官方 或 预约 OUT！
2025-05-08 17:09:33,250|line:520| https://t.bilibili.com/1061971371654905857
2025-05-08 17:09:35,613|line:527| 官方 或 预约 OUT！
2025-05-08 17:09:35,613|line:520| https://t.bilibili.com/1061860879312617475
2025-05-08 17:09:36,946|line:527| 官方 或 预约 OUT！
2025-05-08 17:09:36,946|line:520| https://t.bilibili.com/1064083323070971939
2025-05-08 17:09:41,331|line:527| 官方 或 预约 OUT！
2025-05-08 17:09:41,331|line:520| https://t.bilibili.com/1035593318931628032
2025-05-08 17:09:45,668|line:527| 官方 或 预约 OUT！
2025-05-08 17:09:45,668|line:520| https://t.bilibili.com/1059635008225935381
2025-05-08 17:09:48,002|line:527| 官方 或 预约 OUT！
2025-05-08 17:09:48,003|line:520| https://t.bilibili.com/1059695571550339140
2025-05-08 17:09:49,331|line:527| 官方 或 预约 OUT！
2025-05-08 17:09:49,331|line:520| https://t.bilibili.com/1057460178532696070
2025-05-08 17:09:53,669|line:527| 官方 或 预约 OUT！
2025-05-08 17:09:53,670|line:520| https://t.bilibili.com/1057043893116207145
2025-05-08 17:09:58,162|line:527| 官方 或 预约 OUT！
2025-05-08 17:09:58,163|line:520| https://t.bilibili.com/1061920317378658324
2025-05-08 17:10:02,550|line:527| 官方 或 预约 OUT！
2025-05-08 17:10:02,550|line:520| https://t.bilibili.com/1062000229559042117
2025-05-08 17:10:03,880|line:527| 官方 或 预约 OUT！
2025-05-08 17:10:03,881|line:520| https://t.bilibili.com/1061859938760916993
2025-05-08 17:10:07,373|line:527| 官方 或 预约 OUT！
2025-05-08 17:10:07,373|line:520| https://t.bilibili.com/1059616080313450500
2025-05-08 17:10:10,709|line:527| 官方 或 预约 OUT！
2025-05-08 17:10:10,709|line:520| https://t.bilibili.com/1059632688981344280
2025-05-08 17:10:13,056|line:527| 官方 或 预约 OUT！
2025-05-08 17:10:13,056|line:520| https://t.bilibili.com/1063443858280415252
2025-05-08 17:10:13,057|line:522| 已有
2025-05-08 17:10:13,057|line:520| https://t.bilibili.com/1063464517064720390
2025-05-08 17:10:15,551|line:527| 官方 或 预约 OUT！
2025-05-08 17:10:15,552|line:520| https://t.bilibili.com/1064066383718907926
2025-05-08 17:10:18,899|line:527| 官方 或 预约 OUT！
2025-05-08 17:10:18,899|line:520| https://t.bilibili.com/1062321660615458825
2025-05-08 17:10:22,246|line:527| 官方 或 预约 OUT！
2025-05-08 17:10:22,246|line:520| https://t.bilibili.com/1061953036447907881
2025-05-08 17:10:24,580|line:527| 官方 或 预约 OUT！
2025-05-08 17:10:24,581|line:520| https://t.bilibili.com/1059368947908870160
2025-05-08 17:10:25,921|line:527| 官方 或 预约 OUT！
2025-05-08 17:10:25,922|line:520| https://t.bilibili.com/1061864143484616738
2025-05-08 17:10:30,243|line:527| 官方 或 预约 OUT！
2025-05-08 17:10:30,244|line:520| https://t.bilibili.com/1063770597887049748
2025-05-08 17:10:33,643|line:527| 官方 或 预约 OUT！
2025-05-08 17:10:33,643|line:520| https://t.bilibili.com/1062239527965294626
2025-05-08 17:10:35,968|line:527| 官方 或 预约 OUT！
2025-05-08 17:10:35,968|line:520| https://t.bilibili.com/1056020801838383104
2025-05-08 17:10:40,300|line:527| 官方 或 预约 OUT！
2025-05-08 17:10:40,301|line:553| 执行结束
2025-05-08 17:10:40,301|line:559| ==================================================2025-05-09 01:10==================================================
2025-05-08 17:10:48,933|line:579| ('reply: ', '好像都是一个人', '你在说什么')
2025-05-08 17:10:48,934|line:579| ('reply: ', '目标咨询', '太宠粉了啊')
2025-05-08 17:10:48,934|line:579| ('reply: ', '数玩工场', '祝你成功')
2025-05-08 17:10:48,934|line:579| ('reply: ', '益家有小佰', '恭喜宝子，获得小电视月度会员1份和克刻冰冰猴喉糖随机口味1份～记得私信小佰提供信息哦~')
2025-05-08 17:10:48,934|line:579| ('reply: ', '圆环之理-Madoka', '是的')
2025-05-08 17:10:48,934|line:579| ('reply: ', '兰的三姨', '这就是银河巨星的实力！')
2025-05-08 17:10:48,934|line:579| ('reply: ', '花园百合铃音', '有男不玩，我只吃麻辣火锅，xxn滚[吃瓜]')
2025-05-08 17:10:48,934|line:579| ('reply: ', '是绝赞的阿鬼', '[tv_难过]')
2025-05-08 17:10:48,934|line:579| ('reply: ', '桃稚不幼稚', '还行')
2025-05-08 17:10:48,935|line:579| ('reply: ', '陌罔子吖', '佬，这个报名有啥条件不。最近太非了，想下次报来抽[脱单doge][脱单doge][脱单doge]')
2025-05-08 17:10:48,935|line:579| ('reply: ', '太二酸菜鱼', '恭喜成为本期欧皇[打call]获得【肥龙联名显眼包】1份，在收到本信息的两天内回复哥的私信哦~逾期哥就自己收啦！[脱单doge]')
2025-05-08 17:10:48,935|line:579| ('reply: ', '得一想二的松鼠', '中奖分我一半')
2025-05-08 17:10:48,935|line:579| ('reply: ', '佑凉Uriyoo', '谢谢！！！[UP_24967030_感恩]')
2025-05-08 17:10:48,935|line:579| ('reply: ', '岛莓祁', '好耶')
2025-05-08 17:10:48,935|line:579| ('reply: ', '苏酥_SUSU_', 'https://b23.tv/3HJcDkm')
2025-05-08 17:10:48,935|line:579| ('reply: ', '心想事成イ', 'I[UP_410636303_比心鸟][UP_410636303_比心鸟][UP_410636303_比心鸟]')
2025-05-08 17:10:48,935|line:579| ('reply: ', 'FWF第五人格娱乐赛', '加油[doge]')
2025-05-08 17:10:48,935|line:579| ('reply: ', '神奇猫咪_有钱哒', '好耶')
2025-05-08 17:10:48,935|line:579| ('reply: ', '星夜染some', '好耶')
2025-05-08 17:10:48,936|line:579| ('reply: ', '羽田依', '[Cat2_Nyampage]')
2025-05-08 17:10:52,349|line:588| ('at: ', '流量卡信息差揭秘', '1 @浪子游2fans6@被_____打下来的飞机@拉斯特臣后面一个点@专心致志的学生@猫猫头OmMeow@小小Shaun@龐門左道@啦啦痴痴腻@bili_66938050009@日月星辰668')
2025-05-08 17:10:52,349|line:588| ('at: ', 'iKF蓝牙耳机', '恭喜@小小Shaun 宝子成为苏泊尔福利动态幸运儿！\n注意：即日起72小时内回复信息确认领奖哦！逾期将自动视为放弃中奖资格。\n没有中奖的宝子们不要气馁，参与一下下置顶视频iKF Mars，增加欧气值，说不定下个幸运儿就是你！\n链接：\nhttps://www.bilibili.com/video/BV1Soo6YLEHZ/?spm_id_from=333.1387.list.card_archive.click&vd_source=21fb0967ccc75e6b3b2447ade2c740dd\n还没参与抽奖的宝子们，赶紧点击上方链接参与吧！还有特别福利惊喜等你哦~')
2025-05-08 17:10:52,349|line:588| ('at: ', 'wellymerck威利默克', '恭喜@小小Shaun\xa0 获得《我是你的小狗3 永远等你回家》1本，请于5天内联系威宝，凭关注+互动截图领取奖品，逾期作废~')
2025-05-08 17:10:52,349|line:588| ('at: ', '宁美NINGMEI', '恭喜@小小Shaun   中奖，请在12月1日24点前私信我：1. 奖品+中奖信息a. 实物奖：姓名电话地址，给文字！省市区路清晰，提交不清晰不发奖，信息错误致无法签收，概不负责；\n\nb. 现金红包给到支付宝实名+账号；\n\nc. 京东卡/猫超卡 等购物卡给到姓名+电话；2. 宁美和品牌方关注截图+转发截图！\n\n必须关注品牌方，否则奖品不予发放；如遇无法私信图片的情况，等待我回复后即可发送图片。PS： \n\n因后台收信有时会出问题，以回复“已登记”为准，没有回复即表示私信未收到。\n\n过期视为自动放弃，不会补发；奖品30个工作日内发送，勿催哦~\n\n不发全，不回复。其他小伙伴请继续努力！')
2025-05-08 17:10:52,349|line:588| ('at: ', '爱玛电动车官方账号', '#一“玛”当先榜# 快来看看10月都是谁和爱玛酱互动最多呀~ 💕恭喜@小小Shaun 和@甘瑞凯拉莎 排行第一！这两位小玛达将会获得【爱玛随机周边×1】，请5天内私信爱玛酱领奖哟~[鼓掌] 以后也请继续单推我无敌可爱美少女爱玛酱呀嘿嘿！(●´З｀●)')
2025-05-08 17:10:52,349|line:588| ('at: ', '爱玛电动车官方账号', '')
2025-05-08 17:10:52,349|line:588| ('at: ', '海露滴眼液', '互动榜出炉啦')
2025-05-08 17:10:52,350|line:588| ('at: ', '和蔼可亲桃白白', '\u200b//@九号公司:\u200b恭喜@小小Shaun 中奖！后续记得查收私信哟～\u200b//@九号公司:#互动抽奖# 谢谢粒粒的复工礼！小九也来加个码~关注【@微粒贷+@九号公司 】并转发该动态，抽一位小可爱获得【100元京东卡】~ #供电局福利社# 10月31日抽出！')
2025-05-08 17:10:52,350|line:588| ('at: ', '望大家身体健康快乐', '\u200b//@九号公司:\u200b恭喜@小小Shaun 中奖！后续记得查收私信哟～\u200b//@九号公司 :#互动抽奖# 谢谢粒粒的复工礼！小九也来加个码~关注【@微粒贷+@九号公司 】并转发该动态，抽一位小可爱获得【100元京东卡】~ #供电局福利社# 10月31日抽出！')
2025-05-08 17:10:52,350|line:588| ('at: ', 'MoMA_Reona', '//@九号公司:\u200b恭喜@小小Shaun 中奖！后续记得查收私信哟～\u200b//@九号公司:#互动抽奖# 谢谢粒粒的复工礼！小九也来加个码~关注【@微粒贷+@九号公司 】并转发该动态，抽一位小可爱获得【100元京东卡】~ #供电局福利社# 10月31日抽出！')
2025-05-08 17:10:52,350|line:588| ('at: ', '摸鱼二队', '\u200b//@九号公司:\u200b恭喜@小小Shaun 中奖！后续记得查收私信哟～\u200b//@九号公司 :#互动抽奖# 谢谢粒粒的复工礼！小九也来加个码~关注【@微粒贷+@九号公司 】并转发该动态，抽一位小可爱获得【100元京东卡】~ #供电局福利社# 10月31日抽出！')
2025-05-08 17:10:52,350|line:588| ('at: ', '文少嘅一些事一些情', '\u200b//@九号公司:\u200b恭喜@小小Shaun 中奖！后续记得查收私信哟～\u200b//@九号公司 :#互动抽奖# 谢谢粒粒的复工礼！小九也来加个码~关注【@微粒贷+@九号公司 】并转发该动态，抽一位小可爱获得【100元京东卡】~ #供电局福利社# 10月31日抽出！')
2025-05-08 17:10:52,350|line:588| ('at: ', 'Carry队友的嘟嘟酱丶', '\u200b//@九号公司:\u200b恭喜@小小Shaun 中奖！后续记得查收私信哟～\u200b//@九号公司 :#互动抽奖# 谢谢粒粒的复工礼！小九也来加个码~关注【@微粒贷+@九号公司 】并转发该动态，抽一位小可爱获得【100元京东卡】~ #供电局福利社# 10月31日抽出！')
2025-05-08 17:10:52,350|line:588| ('at: ', '蛤蟆zero', '//@九号公司:\u200b恭喜@小小Shaun 中奖！后续记得查收私信哟～\u200b//@九号公司:#互动抽奖# 谢谢粒粒的复工礼！小九也来加个码~关注【@微粒贷+@九号公司 】并转发该动态，抽一位小可爱获得【100元京东卡】~ #供电局福利社# 10月31日抽出！c冲冲冲')
2025-05-08 17:10:52,350|line:588| ('at: ', '木而各子要吃笃栗子', '\u200b//@九号公司:\u200b恭喜@小小Shaun 中奖！后续记得查收私信哟～\u200b//@九号公司 :#互动抽奖# 谢谢粒粒的复工礼！小九也来加个码~关注【@微粒贷+@九号公司 】并转发该动态，抽一位小可爱获得【100元京东卡】~ #供电局福利社# 10月31日抽出！')
2025-05-08 17:10:52,350|line:588| ('at: ', '裙下愚臣情默默', '\u200b//@九号公司:\u200b恭喜@小小Shaun 中奖！后续记得查收私信哟～\u200b//@九号公司 :#互动抽奖# 谢谢粒粒的复工礼！小九也来加个码~关注【@微粒贷+@九号公司 】并转发该动态，抽一位小可爱获得【100元京东卡】~ #供电局福利社# 10月31日抽出！')
2025-05-08 17:10:52,350|line:588| ('at: ', '戊子毕宿', '')
2025-05-08 17:10:52,351|line:588| ('at: ', '九号电动', '\u200b恭喜@小小Shaun 中奖！后续记得查收私信哟～\u200b//@九号公司:#互动抽奖# 谢谢粒粒的复工礼！小九也来加个码~关注【@微粒贷+@九号公司 】并转发该动态，抽一位小可爱获得【100元京东卡】~ #供电局福利社# 10月31日抽出！')
2025-05-08 17:10:52,351|line:588| ('at: ', '优雅小宝', '')
2025-05-08 17:10:52,351|line:588| ('at: ', '我永远只爱一色彩羽', '//@九号公司:恭喜@小小Shaun 中奖！后续记得查收私信哟～\u200b//@九号公司:今晚8点，京东11.11现货开卖，抢先优惠不用等，全场直降，更有60元额外补贴助你大薅特薅！京东双十一，带你体验“飞”一般的购物速度！关注@京东戏精周报 x@九号公司 ，转发+评论本条动态，10月21日小编会抽取1名幸运粉丝送上【50元京东E卡】#京东11.11又便宜又好# #京东11.11现货开卖#')
