2025-06-07 16:33:37,809|line:233| processing article 41935465
2025-06-07 16:33:40,280|line:508| ==================================================2025-06-08 00:33==================================================
2025-06-07 16:33:40,280|line:520| https://t.bilibili.com/1073504582914539523
2025-06-07 16:33:44,652|line:527| 官方 或 预约 OUT！
2025-06-07 16:33:44,652|line:520| https://t.bilibili.com/1071672285456236551
2025-06-07 16:33:44,652|line:522| 已有
2025-06-07 16:33:44,652|line:520| https://t.bilibili.com/1073818025363243017
2025-06-07 16:33:44,653|line:522| 已有
2025-06-07 16:33:44,653|line:520| https://t.bilibili.com/1073531748593172486
2025-06-07 16:33:46,104|line:527| 官方 或 预约 OUT！
2025-06-07 16:33:46,105|line:520| https://t.bilibili.com/1075243400415936521
2025-06-07 16:33:49,486|line:342| =========此为源动态=========
2025-06-07 16:33:54,040|line:347| 'items'
2025-06-07 16:33:54,040|line:348| error line:343
2025-06-07 16:33:54,040|line:534| *#*#*#*#*#*#*#*#*#*原动态处理失败*#*#*#*#*#*#*#*#*#
2025-06-07 16:33:54,040|line:520| https://t.bilibili.com/1074232369399988233
2025-06-07 16:33:57,423|line:342| =========此为源动态=========
2025-06-07 16:33:59,865|line:363| *********子动态开始*********
2025-06-07 16:33:59,865|line:382| *********子动态结束*********
2025-06-07 16:33:59,866|line:538| -=-=-=-=处理回最初的动态-=-=-=-=
2025-06-07 16:34:08,394|line:476| 转发成功 1075784716661030914
2025-06-07 16:34:11,940|line:495| 评论发送成功
2025-06-07 16:34:16,646|line:425| 686127 === 已经关注了
2025-06-07 16:34:20,037|line:504| 动态-点赞 0
2025-06-07 16:34:21,038|line:520| https://t.bilibili.com/1074439163500036128
2025-06-07 16:34:21,038|line:522| 已有
2025-06-07 16:34:21,038|line:520| https://t.bilibili.com/1073857418782310418
2025-06-07 16:34:25,403|line:527| 官方 或 预约 OUT！
2025-06-07 16:34:25,403|line:520| https://t.bilibili.com/1072033402024099911
2025-06-07 16:34:29,776|line:527| 官方 或 预约 OUT！
2025-06-07 16:34:29,776|line:520| https://t.bilibili.com/1074272029133242441
2025-06-07 16:34:32,151|line:527| 官方 或 预约 OUT！
2025-06-07 16:34:32,152|line:520| https://t.bilibili.com/1072401957419745283
2025-06-07 16:34:33,561|line:527| 官方 或 预约 OUT！
2025-06-07 16:34:33,561|line:520| https://t.bilibili.com/1073679972183310338
2025-06-07 16:34:35,925|line:527| 官方 或 预约 OUT！
2025-06-07 16:34:35,925|line:520| https://t.bilibili.com/1074893760017465350
2025-06-07 16:34:40,315|line:527| 官方 或 预约 OUT！
2025-06-07 16:34:40,315|line:520| https://t.bilibili.com/1075615593708650496
2025-06-07 16:34:41,692|line:527| 官方 或 预约 OUT！
2025-06-07 16:34:41,692|line:520| https://t.bilibili.com/1074977395922960386
2025-06-07 16:34:43,059|line:527| 官方 或 预约 OUT！
2025-06-07 16:34:43,060|line:553| 执行结束
2025-06-07 16:34:43,060|line:559| ==================================================2025-06-08 00:34==================================================
2025-06-07 16:34:43,060|line:233| processing article 41933359
2025-06-07 16:34:48,574|line:508| ==================================================2025-06-08 00:34==================================================
2025-06-07 16:34:48,574|line:520| https://t.bilibili.com/1064537490059165701
2025-06-07 16:34:48,574|line:522| 已有
2025-06-07 16:34:48,574|line:520| https://t.bilibili.com/1065366779539226662
2025-06-07 16:34:50,960|line:337| =========此为子动态=========
2025-06-07 16:34:55,448|line:388| *************原动态处理开始***************
2025-06-07 16:35:00,669|line:476| 转发成功 1075784939979407381
2025-06-07 16:35:04,159|line:495| 评论发送成功
2025-06-07 16:35:07,640|line:425| 201189 === 已经关注了
2025-06-07 16:35:11,035|line:504| 动态-点赞 0
2025-06-07 16:35:11,035|line:397| *************原动态处理完成***************
2025-06-07 16:35:15,758|line:363| *********子动态开始*********
2025-06-07 16:38:55,276|line:382| *********子动态结束*********
2025-06-07 16:38:55,276|line:538| -=-=-=-=处理回最初的动态-=-=-=-=
2025-06-07 16:39:02,856|line:476| 转发成功 1075785979376173095
2025-06-07 16:39:06,368|line:495| 评论发送成功
2025-06-07 16:39:10,853|line:425| 201189 === 已经关注了
2025-06-07 16:39:14,435|line:504| 动态-点赞 0
2025-06-07 16:39:18,436|line:520| https://t.bilibili.com/1073442898588991493
2025-06-07 16:39:20,939|line:527| 官方 或 预约 OUT！
2025-06-07 16:39:20,939|line:520| https://t.bilibili.com/1074249991693795347
2025-06-07 16:39:24,259|line:527| 官方 或 预约 OUT！
2025-06-07 16:39:24,259|line:520| https://t.bilibili.com/1073107328483459108
2025-06-07 16:39:28,586|line:342| =========此为源动态=========
2025-06-07 16:39:30,126|line:363| *********子动态开始*********
2025-06-07 16:39:30,126|line:382| *********子动态结束*********
2025-06-07 16:39:30,127|line:538| -=-=-=-=处理回最初的动态-=-=-=-=
2025-06-07 16:39:40,557|line:476| 转发成功 1075786142575493128
2025-06-07 16:39:44,075|line:495| 评论发送成功
2025-06-07 16:39:52,011|line:437| 关注 ==== 302301528 0
2025-06-07 16:39:55,438|line:504| 动态-点赞 0
2025-06-07 16:39:57,438|line:520| https://t.bilibili.com/1073723634858590215
2025-06-07 16:39:58,760|line:527| 官方 或 预约 OUT！
2025-06-07 16:39:58,760|line:520| https://t.bilibili.com/1064910817193885704
2025-06-07 16:39:58,760|line:522| 已有
2025-06-07 16:39:58,760|line:520| https://t.bilibili.com/1051544677149311010
2025-06-07 16:40:03,100|line:527| 官方 或 预约 OUT！
2025-06-07 16:40:03,101|line:520| https://t.bilibili.com/1074078442104815619
2025-06-07 16:40:03,101|line:522| 已有
2025-06-07 16:40:03,101|line:520| https://t.bilibili.com/1064908051281084421
2025-06-07 16:40:03,101|line:522| 已有
2025-06-07 16:40:03,101|line:520| https://t.bilibili.com/1064909889477804071
2025-06-07 16:40:03,101|line:522| 已有
2025-06-07 16:40:03,101|line:520| https://t.bilibili.com/1066341453664354324
2025-06-07 16:40:04,581|line:337| =========此为子动态=========
2025-06-07 16:40:08,183|line:401| *************原动态已存在***************
2025-06-07 16:40:12,739|line:363| *********子动态开始*********
2025-06-07 16:40:23,296|line:476| 转发成功 1075786327224483849
2025-06-07 16:40:26,778|line:495| 评论发送成功
2025-06-07 16:40:31,582|line:425| 479444311 === 已经关注了
2025-06-07 16:40:31,583|line:377| ----完成一个子动态----
2025-06-07 16:40:47,921|line:476| 转发成功 1075786430340399110
2025-06-07 16:40:51,376|line:495| 评论发送成功
2025-06-07 16:40:57,125|line:425| 1129687681 === 已经关注了
2025-06-07 16:40:57,126|line:377| ----完成一个子动态----
2025-06-07 16:41:09,542|line:476| 转发成功 1075786524811853827
2025-06-07 16:41:12,988|line:495| 评论发送成功
2025-06-07 16:41:18,899|line:425| 242136088 === 已经关注了
2025-06-07 16:41:18,899|line:377| ----完成一个子动态----
2025-06-07 16:41:29,268|line:476| 转发成功 1075786610718539785
2025-06-07 16:41:32,793|line:495| 评论发送成功
2025-06-07 16:41:38,627|line:425| 346469145 === 已经关注了
2025-06-07 16:41:38,628|line:377| ----完成一个子动态----
2025-06-07 16:41:38,628|line:382| *********子动态结束*********
2025-06-07 16:41:39,628|line:520| https://t.bilibili.com/1072263539244138497
2025-06-07 16:41:44,151|line:342| =========此为源动态=========
2025-06-07 16:41:47,770|line:363| *********子动态开始*********
2025-06-07 16:41:47,770|line:382| *********子动态结束*********
2025-06-07 16:41:47,771|line:538| -=-=-=-=处理回最初的动态-=-=-=-=
2025-06-07 16:41:57,199|line:476| 转发成功 1075786726669025298
2025-06-07 16:42:00,666|line:495| 评论发送成功
2025-06-07 16:42:03,124|line:425| 112025951 === 已经关注了
2025-06-07 16:42:06,524|line:504| 动态-点赞 0
2025-06-07 16:42:07,524|line:520| https://t.bilibili.com/1072606236807004199
2025-06-07 16:42:07,524|line:522| 已有
2025-06-07 16:42:07,525|line:520| https://t.bilibili.com/1064909073478058052
2025-06-07 16:42:07,525|line:522| 已有
2025-06-07 16:42:07,525|line:520| https://t.bilibili.com/1064908124273508354
2025-06-07 16:42:07,525|line:522| 已有
2025-06-07 16:42:07,525|line:520| https://t.bilibili.com/1072283201619099665
2025-06-07 16:42:10,934|line:527| 官方 或 预约 OUT！
2025-06-07 16:42:10,934|line:520| https://t.bilibili.com/1073496362340843528
2025-06-07 16:42:13,316|line:342| =========此为源动态=========
2025-06-07 16:42:15,045|line:363| *********子动态开始*********
2025-06-07 16:42:15,045|line:382| *********子动态结束*********
2025-06-07 16:42:15,045|line:538| -=-=-=-=处理回最初的动态-=-=-=-=
2025-06-07 16:42:25,424|line:476| 转发成功 1075786851207348241
2025-06-07 16:42:28,915|line:495| 评论发送成功
2025-06-07 16:42:32,373|line:425| 6280135 === 已经关注了
2025-06-07 16:42:35,762|line:504| 动态-点赞 0
2025-06-07 16:42:38,763|line:520| https://t.bilibili.com/1065915903998164993
2025-06-07 16:42:40,135|line:337| =========此为子动态=========
2025-06-07 16:42:41,607|line:401| *************原动态已存在***************
2025-06-07 16:42:45,183|line:363| *********子动态开始*********
2025-06-07 16:42:57,231|line:382| *********子动态结束*********
2025-06-07 16:42:57,232|line:538| -=-=-=-=处理回最初的动态-=-=-=-=
2025-06-07 16:43:05,746|line:476| 转发成功 1075787023031205911
2025-06-07 16:43:09,216|line:495| 评论发送成功
2025-06-07 16:43:12,681|line:425| 631208134 === 已经关注了
2025-06-07 16:43:16,175|line:504| 动态-点赞 0
2025-06-07 16:43:18,176|line:520| https://t.bilibili.com/1065289135102623753
2025-06-07 16:43:18,176|line:522| 已有
2025-06-07 16:43:18,176|line:520| https://t.bilibili.com/1065165770795778071
2025-06-07 16:43:18,176|line:522| 已有
2025-06-07 16:43:18,176|line:520| https://t.bilibili.com/1066792569064652800
2025-06-07 16:43:20,572|line:342| =========此为源动态=========
2025-06-07 16:43:25,174|line:363| *********子动态开始*********
2025-06-07 16:43:25,175|line:382| *********子动态结束*********
2025-06-07 16:43:25,175|line:538| -=-=-=-=处理回最初的动态-=-=-=-=
2025-06-07 16:43:36,705|line:476| 转发成功 1075787156147929097
2025-06-07 16:43:40,360|line:495| 评论发送成功
2025-06-07 16:43:48,277|line:437| 关注 ==== 323938301 0
2025-06-07 16:43:51,710|line:504| 动态-点赞 0
2025-06-07 16:43:54,711|line:520| https://t.bilibili.com/1072786756454055955
2025-06-07 16:43:59,103|line:337| =========此为子动态=========
2025-06-07 16:44:01,607|line:388| *************原动态处理开始***************
2025-06-07 16:44:06,653|line:476| 转发成功 1075787284999045136
2025-06-07 16:44:10,207|line:495| 评论发送成功
2025-06-07 16:44:13,700|line:425| 201189 === 已经关注了
2025-06-07 16:44:17,125|line:504| 动态-点赞 0
2025-06-07 16:44:17,126|line:397| *************原动态处理完成***************
2025-06-07 16:44:18,706|line:363| *********子动态开始*********
2025-06-07 16:48:36,387|line:382| *********子动态结束*********
2025-06-07 16:48:36,387|line:538| -=-=-=-=处理回最初的动态-=-=-=-=
2025-06-07 16:48:43,770|line:476| 转发成功 1075788474718617600
2025-06-07 16:48:47,279|line:495| 评论发送成功
2025-06-07 16:48:50,801|line:425| 201189 === 已经关注了
2025-06-07 16:48:54,280|line:504| 动态-点赞 0
2025-06-07 16:48:57,280|line:520| https://t.bilibili.com/1066455901613850649
2025-06-07 16:48:57,280|line:522| 已有
2025-06-07 16:48:57,281|line:520| https://t.bilibili.com/1051277925314199552
2025-06-07 16:49:00,876|line:527| 官方 或 预约 OUT！
2025-06-07 16:49:00,876|line:520| https://t.bilibili.com/1067097556882817065
2025-06-07 16:49:00,876|line:522| 已有
2025-06-07 16:49:00,876|line:520| https://t.bilibili.com/1065247254912172055
2025-06-07 16:49:00,876|line:522| 已有
2025-06-07 16:49:00,877|line:520| https://t.bilibili.com/1070489387027922952
2025-06-07 16:49:03,249|line:527| 官方 或 预约 OUT！
2025-06-07 16:49:03,249|line:520| https://t.bilibili.com/1065914615475470336
2025-06-07 16:49:03,249|line:522| 已有
2025-06-07 16:49:03,249|line:520| https://t.bilibili.com/1065166286170882067
2025-06-07 16:49:03,249|line:522| 已有
2025-06-07 16:49:03,249|line:520| https://t.bilibili.com/1064912977578164243
2025-06-07 16:49:03,250|line:522| 已有
2025-06-07 16:49:03,250|line:520| https://t.bilibili.com/1064909442848391187
2025-06-07 16:49:03,250|line:522| 已有
2025-06-07 16:49:03,250|line:520| https://t.bilibili.com/1065231926139289623
2025-06-07 16:49:03,250|line:522| 已有
2025-06-07 16:49:03,250|line:520| https://t.bilibili.com/1065230070739632144
2025-06-07 16:49:03,250|line:522| 已有
2025-06-07 16:49:03,250|line:553| 执行结束
2025-06-07 16:49:03,250|line:559| ==================================================2025-06-08 00:49==================================================
2025-06-07 16:49:03,251|line:233| processing article 41921191
2025-06-07 16:49:07,590|line:508| ==================================================2025-06-08 00:49==================================================
2025-06-07 16:49:07,591|line:520| https://t.bilibili.com/1073504582914539523
2025-06-07 16:49:10,997|line:527| 官方 或 预约 OUT！
2025-06-07 16:49:10,997|line:520| https://t.bilibili.com/1071672285456236551
2025-06-07 16:49:10,997|line:522| 已有
2025-06-07 16:49:10,997|line:520| https://t.bilibili.com/1073818025363243017
2025-06-07 16:49:10,998|line:522| 已有
2025-06-07 16:49:10,998|line:520| https://t.bilibili.com/1073531748593172486
2025-06-07 16:49:12,389|line:527| 官方 或 预约 OUT！
2025-06-07 16:49:12,390|line:520| https://t.bilibili.com/1073816474846494722
2025-06-07 16:49:12,390|line:522| 已有
2025-06-07 16:49:12,390|line:520| https://t.bilibili.com/1072791957640577026
2025-06-07 16:49:12,390|line:522| 已有
2025-06-07 16:49:12,390|line:520| https://t.bilibili.com/1074439163500036128
2025-06-07 16:49:12,390|line:522| 已有
2025-06-07 16:49:12,390|line:520| https://t.bilibili.com/1072949724714106886
2025-06-07 16:49:12,390|line:522| 已有
2025-06-07 16:49:12,390|line:520| https://t.bilibili.com/1074272029133242441
2025-06-07 16:49:14,783|line:527| 官方 或 预约 OUT！
2025-06-07 16:49:14,783|line:520| https://t.bilibili.com/1073679972183310338
2025-06-07 16:49:17,218|line:527| 官方 或 预约 OUT！
2025-06-07 16:49:17,218|line:520| https://t.bilibili.com/1073865527704682500
2025-06-07 16:49:21,607|line:347| 'NoneType' object has no attribute 'get'
2025-06-07 16:49:21,607|line:348| error line:329
2025-06-07 16:49:21,607|line:534| *#*#*#*#*#*#*#*#*#*原动态处理失败*#*#*#*#*#*#*#*#*#
2025-06-07 16:49:21,607|line:520| https://t.bilibili.com/1073713425707696144
2025-06-07 16:49:25,013|line:527| 官方 或 预约 OUT！
2025-06-07 16:49:25,013|line:520| https://t.bilibili.com/1070103707539996678
2025-06-07 16:49:29,402|line:527| 官方 或 预约 OUT！
2025-06-07 16:49:29,403|line:553| 执行结束
2025-06-07 16:49:29,403|line:559| ==================================================2025-06-08 00:49==================================================
2025-06-07 16:49:29,403|line:233| processing article 41920934
2025-06-07 16:49:32,016|line:508| ==================================================2025-06-08 00:49==================================================
2025-06-07 16:49:32,017|line:520| https://t.bilibili.com/1064151368230502402
2025-06-07 16:49:32,017|line:522| 已有
2025-06-07 16:49:32,017|line:520| https://t.bilibili.com/1071647872831717376
2025-06-07 16:49:33,396|line:527| 官方 或 预约 OUT！
2025-06-07 16:49:33,396|line:520| https://t.bilibili.com/1074820135712194565
2025-06-07 16:49:33,397|line:522| 已有
2025-06-07 16:49:33,397|line:520| https://t.bilibili.com/1072961860129521719
2025-06-07 16:49:33,397|line:522| 已有
2025-06-07 16:49:33,397|line:520| https://t.bilibili.com/1072746733821231136
2025-06-07 16:49:33,397|line:522| 已有
2025-06-07 16:49:33,397|line:520| https://t.bilibili.com/1073083474260262936
2025-06-07 16:49:35,791|line:527| 官方 或 预约 OUT！
2025-06-07 16:49:35,792|line:520| https://t.bilibili.com/1064194416662544386
2025-06-07 16:49:35,792|line:522| 已有
2025-06-07 16:49:35,792|line:520| https://t.bilibili.com/1072776317522411544
2025-06-07 16:49:35,792|line:522| 已有
2025-06-07 16:49:35,792|line:520| https://t.bilibili.com/1064119293393764358
2025-06-07 16:49:39,174|line:342| =========此为源动态=========
2025-06-07 16:49:41,777|line:363| *********子动态开始*********
2025-06-07 16:49:41,778|line:382| *********子动态结束*********
2025-06-07 16:49:41,778|line:538| -=-=-=-=处理回最初的动态-=-=-=-=
2025-06-07 16:49:52,293|line:476| 转发成功 1075788771070312454
2025-06-07 16:49:55,765|line:495| 评论发送成功
2025-06-07 16:50:00,336|line:425| 1845213301 === 已经关注了
2025-06-07 16:50:03,745|line:504| 动态-点赞 0
2025-06-07 16:50:07,746|line:520| https://t.bilibili.com/1070130310588399639
2025-06-07 16:50:11,134|line:527| 官方 或 预约 OUT！
2025-06-07 16:50:11,135|line:520| https://t.bilibili.com/1073313701675663369
2025-06-07 16:50:14,504|line:527| 官方 或 预约 OUT！
2025-06-07 16:50:14,504|line:520| https://t.bilibili.com/1071472779944001555
2025-06-07 16:50:16,908|line:527| 官方 或 预约 OUT！
2025-06-07 16:50:16,908|line:553| 执行结束
2025-06-07 16:50:16,908|line:559| ==================================================2025-06-08 00:50==================================================
2025-06-07 16:50:16,909|line:233| processing article 41934249
2025-06-07 16:50:20,605|line:508| ==================================================2025-06-08 00:50==================================================
2025-06-07 16:50:20,605|line:520| https://t.bilibili.com/1075390090765664293
2025-06-07 16:50:22,962|line:342| =========此为源动态=========
2025-06-07 16:50:26,375|line:363| *********子动态开始*********
2025-06-07 16:50:26,376|line:382| *********子动态结束*********
2025-06-07 16:50:26,376|line:538| -=-=-=-=处理回最初的动态-=-=-=-=
2025-06-07 16:50:32,740|line:476| 转发成功 1075788942900461569
2025-06-07 16:50:36,224|line:495| 评论发送成功
2025-06-07 16:50:37,997|line:425| 100680137 === 已经关注了
2025-06-07 16:50:41,547|line:504| 动态-点赞 0
2025-06-07 16:50:44,547|line:520| https://t.bilibili.com/1075543994439565314
2025-06-07 16:50:46,499|line:342| =========此为源动态=========
2025-06-07 16:50:50,151|line:363| *********子动态开始*********
2025-06-07 16:50:50,151|line:382| *********子动态结束*********
2025-06-07 16:50:50,151|line:538| -=-=-=-=处理回最初的动态-=-=-=-=
2025-06-07 16:51:02,649|line:476| 转发成功 1075789071759966211
2025-06-07 16:51:06,117|line:495| 评论发送成功
2025-06-07 16:51:10,588|line:425| 404066457 === 已经关注了
2025-06-07 16:51:13,980|line:504| 动态-点赞 0
2025-06-07 16:51:17,981|line:520| https://t.bilibili.com/1075578695625736215
2025-06-07 16:51:21,349|line:342| =========此为源动态=========
2025-06-07 16:51:25,925|line:363| *********子动态开始*********
2025-06-07 16:51:25,925|line:382| *********子动态结束*********
2025-06-07 16:51:25,925|line:538| -=-=-=-=处理回最初的动态-=-=-=-=
2025-06-07 16:51:35,425|line:476| 转发成功 1075789213493886985
2025-06-07 16:51:39,057|line:495| 评论发送成功
2025-06-07 16:51:41,640|line:425| 520152906 === 已经关注了
2025-06-07 16:51:45,051|line:504| 动态-点赞 0
2025-06-07 16:51:49,052|line:520| https://t.bilibili.com/1075305093356584983
2025-06-07 16:51:52,430|line:342| =========此为源动态=========
2025-06-07 16:51:56,006|line:363| *********子动态开始*********
2025-06-07 16:51:56,006|line:382| *********子动态结束*********
2025-06-07 16:51:56,007|line:538| -=-=-=-=处理回最初的动态-=-=-=-=
2025-06-07 16:52:08,465|line:476| 转发成功 1075789355217322008
2025-06-07 16:52:12,139|line:495| 评论发送成功
2025-06-07 16:52:15,729|line:425| 486358262 === 已经关注了
2025-06-07 16:52:19,143|line:504| 动态-点赞 0
2025-06-07 16:52:21,144|line:520| https://t.bilibili.com/1074940981031206951
2025-06-07 16:52:23,706|line:342| =========此为源动态=========
2025-06-07 16:52:27,509|line:363| *********子动态开始*********
2025-06-07 16:52:27,509|line:382| *********子动态结束*********
2025-06-07 16:52:27,509|line:538| -=-=-=-=处理回最初的动态-=-=-=-=
2025-06-07 16:52:34,960|line:476| 转发成功 1075789466852917266
2025-06-07 16:52:38,437|line:495| 评论发送成功
2025-06-07 16:52:39,894|line:425| 1094015124 === 已经关注了
2025-06-07 16:52:43,301|line:504| 动态-点赞 0
2025-06-07 16:52:45,301|line:520| https://t.bilibili.com/1075358668785975300
2025-06-07 16:52:48,681|line:337| =========此为子动态=========
2025-06-07 16:52:50,172|line:388| *************原动态处理开始***************
2025-06-07 16:52:57,324|line:476| 转发成功 1075789565653942275
2025-06-07 16:53:00,822|line:495| 评论发送成功
2025-06-07 16:53:08,732|line:437| 关注 ==== 1276011393 0
2025-06-07 16:53:12,143|line:504| 动态-点赞 0
2025-06-07 16:53:12,144|line:397| *************原动态处理完成***************
2025-06-07 16:53:13,731|line:363| *********子动态开始*********
2025-06-07 16:53:20,369|line:476| 转发成功 1075789664423510024
2025-06-07 16:53:23,864|line:495| 评论发送成功
2025-06-07 16:53:30,715|line:425| 171617844 === 已经关注了
2025-06-07 16:53:30,715|line:377| ----完成一个子动态----
2025-06-07 16:53:30,716|line:382| *********子动态结束*********
2025-06-07 16:53:32,717|line:520| https://t.bilibili.com/1075322341948391440
2025-06-07 16:53:35,099|line:527| 官方 或 预约 OUT！
2025-06-07 16:53:35,099|line:520| https://t.bilibili.com/1075559456311345172
2025-06-07 16:53:39,482|line:342| =========此为源动态=========
2025-06-07 16:53:43,153|line:363| *********子动态开始*********
2025-06-07 16:53:43,153|line:382| *********子动态结束*********
2025-06-07 16:53:43,154|line:538| -=-=-=-=处理回最初的动态-=-=-=-=
2025-06-07 16:53:53,687|line:476| 转发成功 1075789806182596609
2025-06-07 16:53:57,250|line:495| 评论发送成功
2025-06-07 16:53:58,708|line:425| 614454413 === 已经关注了
2025-06-07 16:54:02,105|line:504| 动态-点赞 0
2025-06-07 16:54:03,105|line:520| https://t.bilibili.com/1075335499539808260
2025-06-07 16:54:05,767|line:527| 官方 或 预约 OUT！
2025-06-07 16:54:05,768|line:520| https://t.bilibili.com/1074958510984265734
2025-06-07 16:54:08,316|line:342| =========此为源动态=========
2025-06-07 16:54:09,875|line:363| *********子动态开始*********
2025-06-07 16:54:09,876|line:382| *********子动态结束*********
2025-06-07 16:54:09,876|line:538| -=-=-=-=处理回最初的动态-=-=-=-=
2025-06-07 16:54:19,364|line:476| 转发成功 1075789917837066248
2025-06-07 16:54:22,849|line:495| 评论发送成功
2025-06-07 16:54:24,312|line:425| 2519817 === 已经关注了
2025-06-07 16:54:27,710|line:504| 动态-点赞 0
2025-06-07 16:54:28,710|line:520| https://t.bilibili.com/1074726028685869060
2025-06-07 16:54:30,191|line:527| 官方 或 预约 OUT！
2025-06-07 16:54:30,191|line:520| https://t.bilibili.com/1075603769681510417
2025-06-07 16:54:32,572|line:527| 官方 或 预约 OUT！
2025-06-07 16:54:32,572|line:520| https://t.bilibili.com/1074696105655009282
2025-06-07 16:54:36,103|line:527| 官方 或 预约 OUT！
2025-06-07 16:54:36,103|line:520| https://t.bilibili.com/1075590380090556418
2025-06-07 16:54:37,477|line:342| =========此为源动态=========
2025-06-07 16:54:38,947|line:363| *********子动态开始*********
2025-06-07 16:54:38,948|line:382| *********子动态结束*********
2025-06-07 16:54:38,948|line:538| -=-=-=-=处理回最初的动态-=-=-=-=
2025-06-07 16:54:48,546|line:476| 转发成功 1075790042417332230
2025-06-07 16:54:52,213|line:495| 评论发送成功
2025-06-07 16:54:53,680|line:425| 3546746707774174 === 已经关注了
2025-06-07 16:54:57,236|line:504| 动态-点赞 0
2025-06-07 16:54:59,236|line:520| https://t.bilibili.com/1075364935142211621
2025-06-07 16:55:00,604|line:337| =========此为子动态=========
2025-06-07 16:55:05,070|line:401| *************原动态已存在***************
2025-06-07 16:55:07,646|line:363| *********子动态开始*********
2025-06-07 16:55:15,298|line:476| 转发成功 1075790158335311881
2025-06-07 16:55:19,024|line:495| 评论发送成功
2025-06-07 16:55:23,025|line:425| 1129687681 === 已经关注了
2025-06-07 16:55:23,025|line:377| ----完成一个子动态----
2025-06-07 16:55:23,026|line:382| *********子动态结束*********
2025-06-07 16:55:24,027|line:520| https://t.bilibili.com/1075335072206290966
2025-06-07 16:55:26,412|line:527| 官方 或 预约 OUT！
2025-06-07 16:55:26,413|line:520| https://t.bilibili.com/1075623921669111832
2025-06-07 16:55:28,795|line:337| =========此为子动态=========
2025-06-07 16:55:33,317|line:388| *************原动态处理开始***************
2025-06-07 16:55:38,431|line:476| 转发成功 1075790257161502720
2025-06-07 16:55:41,906|line:495| 评论发送成功
2025-06-07 16:55:45,367|line:425| 401315430 === 已经关注了
2025-06-07 16:55:48,759|line:504| 动态-点赞 0
2025-06-07 16:55:48,759|line:397| *************原动态处理完成***************
2025-06-07 16:55:53,331|line:363| *********子动态开始*********
2025-06-07 16:56:04,799|line:476| 转发成功 1075790368837992464
2025-06-07 16:56:08,337|line:495| 评论发送成功
2025-06-07 16:56:15,189|line:425| 471130755 === 已经关注了
2025-06-07 16:56:15,189|line:377| ----完成一个子动态----
2025-06-07 16:58:29,531|line:382| *********子动态结束*********
2025-06-07 16:58:31,532|line:520| https://t.bilibili.com/1074925519154184192
2025-06-07 16:58:33,064|line:342| =========此为源动态=========
2025-06-07 16:58:35,927|line:363| *********子动态开始*********
2025-06-07 16:58:35,927|line:382| *********子动态结束*********
2025-06-07 16:58:35,928|line:538| -=-=-=-=处理回最初的动态-=-=-=-=
2025-06-07 16:58:43,407|line:476| 转发成功 1075791051683266577
2025-06-07 16:58:46,897|line:495| 评论发送成功
2025-06-07 16:58:48,368|line:425| 17236262 === 已经关注了
2025-06-07 16:58:51,772|line:504| 动态-点赞 0
2025-06-07 16:58:52,773|line:520| https://t.bilibili.com/1075541932891963413
2025-06-07 16:58:55,159|line:342| =========此为源动态=========
2025-06-07 16:58:57,634|line:363| *********子动态开始*********
2025-06-07 16:58:57,634|line:382| *********子动态结束*********
2025-06-07 16:58:57,635|line:538| -=-=-=-=处理回最初的动态-=-=-=-=
2025-06-07 16:59:08,198|line:476| 转发成功 1075791154777161728
2025-06-07 16:59:11,697|line:495| 评论发送成功
2025-06-07 16:59:14,166|line:425| 302951148 === 已经关注了
2025-06-07 16:59:17,577|line:504| 动态-点赞 0
2025-06-07 16:59:18,578|line:520| https://t.bilibili.com/1075577076412579845
2025-06-07 16:59:22,107|line:342| =========此为源动态=========
2025-06-07 16:59:26,677|line:363| *********子动态开始*********
2025-06-07 16:59:26,677|line:382| *********子动态结束*********
2025-06-07 16:59:26,678|line:538| -=-=-=-=处理回最初的动态-=-=-=-=
2025-06-07 16:59:38,189|line:476| 转发成功 1075791283660783624
2025-06-07 16:59:41,772|line:495| 评论发送成功
2025-06-07 16:59:45,346|line:425| 1842854433 === 已经关注了
2025-06-07 16:59:48,752|line:504| 动态-点赞 0
2025-06-07 16:59:51,752|line:520| https://t.bilibili.com/1075667382450520068
2025-06-07 16:59:53,213|line:527| 官方 或 预约 OUT！
2025-06-07 16:59:53,213|line:520| https://t.bilibili.com/1075567320425824256
2025-06-07 16:59:54,591|line:527| 官方 或 预约 OUT！
2025-06-07 16:59:54,591|line:520| https://t.bilibili.com/1075064433428922368
2025-06-07 16:59:57,051|line:527| 官方 或 预约 OUT！
2025-06-07 16:59:57,051|line:520| https://t.bilibili.com/1035593318931628032
2025-06-07 17:00:00,417|line:527| 官方 或 预约 OUT！
2025-06-07 17:00:00,417|line:520| https://t.bilibili.com/1074971644958605334
2025-06-07 17:00:02,905|line:342| =========此为源动态=========
2025-06-07 17:00:05,562|line:363| *********子动态开始*********
2025-06-07 17:00:05,562|line:382| *********子动态结束*********
2025-06-07 17:00:05,562|line:538| -=-=-=-=处理回最初的动态-=-=-=-=
2025-06-07 17:00:13,913|line:476| 转发成功 1075791438246051843
2025-06-07 17:00:17,418|line:495| 评论发送成功
2025-06-07 17:00:20,051|line:425| 2072586344 === 已经关注了
2025-06-07 17:00:23,467|line:504| 动态-点赞 0
2025-06-07 17:00:25,468|line:520| https://t.bilibili.com/1074573703380992016
2025-06-07 17:00:29,837|line:527| 官方 或 预约 OUT！
2025-06-07 17:00:29,838|line:520| https://t.bilibili.com/1072666669163216898
2025-06-07 17:00:32,218|line:527| 官方 或 预约 OUT！
2025-06-07 17:00:32,218|line:520| https://t.bilibili.com/1075536263487946754
2025-06-07 17:00:36,586|line:342| =========此为源动态=========
2025-06-07 17:00:39,008|line:363| *********子动态开始*********
2025-06-07 17:00:39,008|line:382| *********子动态结束*********
2025-06-07 17:00:39,009|line:538| -=-=-=-=处理回最初的动态-=-=-=-=
2025-06-07 17:00:50,458|line:476| 转发成功 1075791597199687682
2025-06-07 17:00:53,920|line:495| 评论发送成功
2025-06-07 17:00:57,395|line:425| 375694493 === 已经关注了
2025-06-07 17:01:01,022|line:504| 动态-点赞 0
2025-06-07 17:01:02,023|line:520| https://t.bilibili.com/1075658354387320834
2025-06-07 17:01:03,483|line:337| =========此为子动态=========
2025-06-07 17:01:06,109|line:401| *************原动态已存在***************
2025-06-07 17:01:10,675|line:363| *********子动态开始*********
2025-06-07 17:03:27,370|line:382| *********子动态结束*********
2025-06-07 17:03:27,371|line:538| -=-=-=-=处理回最初的动态-=-=-=-=
2025-06-07 17:03:34,877|line:476| 转发成功 1075792301543915520
2025-06-07 17:03:38,357|line:495| 评论发送成功
2025-06-07 17:03:39,844|line:425| 3494357252442916 === 已经关注了
2025-06-07 17:03:43,353|line:504| 动态-点赞 0
2025-06-07 17:03:46,353|line:520| https://t.bilibili.com/1075666106837893137
2025-06-07 17:03:50,878|line:342| =========此为源动态=========
2025-06-07 17:03:52,477|line:363| *********子动态开始*********
2025-06-07 17:03:52,477|line:382| *********子动态结束*********
2025-06-07 17:03:52,477|line:538| -=-=-=-=处理回最初的动态-=-=-=-=
2025-06-07 17:04:00,991|line:476| 转发成功 1075792413238231074
2025-06-07 17:04:04,510|line:495| 评论发送成功
2025-06-07 17:04:09,007|line:425| 383666009 === 已经关注了
2025-06-07 17:04:12,417|line:504| 动态-点赞 0
2025-06-07 17:04:16,418|line:520| https://t.bilibili.com/1074865331660390417
2025-06-07 17:04:18,787|line:527| 官方 或 预约 OUT！
2025-06-07 17:04:18,787|line:520| https://t.bilibili.com/1065346271089262596
2025-06-07 17:04:22,165|line:527| 官方 或 预约 OUT！
2025-06-07 17:04:22,166|line:520| https://t.bilibili.com/1075366197831139331
2025-06-07 17:04:24,538|line:527| 官方 或 预约 OUT！
2025-06-07 17:04:24,538|line:520| https://t.bilibili.com/1075575448650383360
2025-06-07 17:04:27,956|line:527| 官方 或 预约 OUT！
2025-06-07 17:04:27,956|line:520| https://t.bilibili.com/1075211563972952072
2025-06-07 17:04:30,335|line:342| =========此为源动态=========
2025-06-07 17:04:34,798|line:363| *********子动态开始*********
2025-06-07 17:04:34,798|line:382| *********子动态结束*********
2025-06-07 17:04:34,799|line:538| -=-=-=-=处理回最初的动态-=-=-=-=
2025-06-07 17:04:44,304|line:476| 转发成功 1075792602220986371
2025-06-07 17:04:47,788|line:495| 评论发送成功
2025-06-07 17:04:52,474|line:425| 231896831 === 已经关注了
2025-06-07 17:04:55,882|line:504| 动态-点赞 0
2025-06-07 17:04:59,882|line:520| https://t.bilibili.com/1074801824124370962
2025-06-07 17:05:01,256|line:342| =========此为源动态=========
2025-06-07 17:05:05,003|line:363| *********子动态开始*********
2025-06-07 17:05:05,003|line:382| *********子动态结束*********
2025-06-07 17:05:05,004|line:538| -=-=-=-=处理回最初的动态-=-=-=-=
2025-06-07 17:05:15,379|line:476| 转发成功 1075792735358681094
2025-06-07 17:05:18,885|line:495| 评论发送成功
2025-06-07 17:05:21,359|line:425| 1150915963 === 已经关注了
2025-06-07 17:05:24,762|line:504| 动态-点赞 0
2025-06-07 17:05:25,763|line:520| https://t.bilibili.com/1075559540073693192
2025-06-07 17:05:29,214|line:342| =========此为源动态=========
2025-06-07 17:05:32,802|line:363| *********子动态开始*********
2025-06-07 17:05:32,802|line:382| *********子动态结束*********
2025-06-07 17:05:32,802|line:538| -=-=-=-=处理回最初的动态-=-=-=-=
2025-06-07 17:05:43,302|line:476| 转发成功 1075792855612522505
2025-06-07 17:05:46,812|line:495| 评论发送成功
2025-06-07 17:05:48,305|line:425| 30973654 === 已经关注了
2025-06-07 17:05:51,711|line:504| 动态-点赞 0
2025-06-07 17:05:54,712|line:520| https://t.bilibili.com/1072352088554471426
2025-06-07 17:05:57,079|line:527| 官方 或 预约 OUT！
2025-06-07 17:05:57,079|line:520| https://t.bilibili.com/1075683303857586182
2025-06-07 17:06:01,464|line:342| =========此为源动态=========
2025-06-07 17:06:05,102|line:363| *********子动态开始*********
2025-06-07 17:06:05,102|line:382| *********子动态结束*********
2025-06-07 17:06:05,102|line:538| -=-=-=-=处理回最初的动态-=-=-=-=
2025-06-07 17:06:13,527|line:476| 转发成功 1075792984475172884
2025-06-07 17:06:16,992|line:495| 评论发送成功
2025-06-07 17:06:18,660|line:425| 1366468120 === 已经关注了
2025-06-07 17:06:22,095|line:504| 动态-点赞 0
2025-06-07 17:06:23,095|line:520| https://t.bilibili.com/1075514786550120448
2025-06-07 17:06:25,479|line:527| 官方 或 预约 OUT！
2025-06-07 17:06:25,479|line:520| https://t.bilibili.com/1075331717847318531
2025-06-07 17:06:27,885|line:342| =========此为源动态=========
2025-06-07 17:06:29,495|line:363| *********子动态开始*********
2025-06-07 17:06:29,495|line:382| *********子动态结束*********
2025-06-07 17:06:29,496|line:538| -=-=-=-=处理回最初的动态-=-=-=-=
2025-06-07 17:06:40,875|line:476| 转发成功 1075793100382666771
2025-06-07 17:06:44,374|line:495| 评论发送成功
2025-06-07 17:06:45,881|line:425| 1435278966 === 已经关注了
2025-06-07 17:06:49,339|line:504| 动态-点赞 0
2025-06-07 17:06:52,340|line:520| https://t.bilibili.com/1075585833859284993
2025-06-07 17:06:53,807|line:342| =========此为源动态=========
2025-06-07 17:06:57,296|line:363| *********子动态开始*********
2025-06-07 17:06:57,296|line:382| *********子动态结束*********
2025-06-07 17:06:57,296|line:538| -=-=-=-=处理回最初的动态-=-=-=-=
2025-06-07 17:07:08,739|line:476| 转发成功 1075793220666916886
2025-06-07 17:07:12,223|line:495| 评论发送成功
2025-06-07 17:07:16,676|line:425| 3494370223327232 === 已经关注了
2025-06-07 17:07:20,090|line:504| 动态-点赞 0
2025-06-07 17:07:21,091|line:520| https://t.bilibili.com/1075361073934106640
2025-06-07 17:07:25,575|line:527| 官方 或 预约 OUT！
2025-06-07 17:07:25,575|line:520| https://t.bilibili.com/1075188371182059527
2025-06-07 17:07:28,953|line:342| =========此为源动态=========
2025-06-07 17:07:30,519|line:363| *********子动态开始*********
2025-06-07 17:07:30,519|line:382| *********子动态结束*********
2025-06-07 17:07:30,520|line:538| -=-=-=-=处理回最初的动态-=-=-=-=
2025-06-07 17:07:39,759|line:476| 转发成功 1075793353815097344
2025-06-07 17:07:43,181|line:495| 评论发送成功
2025-06-07 17:07:45,628|line:425| 1094015124 === 已经关注了
2025-06-07 17:07:49,046|line:504| 动态-点赞 0
2025-06-07 17:07:50,046|line:520| https://t.bilibili.com/1075349460331003913
2025-06-07 17:07:54,375|line:527| 官方 或 预约 OUT！
2025-06-07 17:07:54,375|line:520| https://t.bilibili.com/1074848209733419012
2025-06-07 17:07:57,695|line:342| =========此为源动态=========
2025-06-07 17:08:02,085|line:363| *********子动态开始*********
2025-06-07 17:08:02,086|line:382| *********子动态结束*********
2025-06-07 17:08:02,086|line:538| -=-=-=-=处理回最初的动态-=-=-=-=
2025-06-07 17:08:12,521|line:476| 转发成功 1075793495544823808
2025-06-07 17:08:16,031|line:495| 评论发送成功
2025-06-07 17:08:19,491|line:425| 231896831 === 已经关注了
2025-06-07 17:08:22,966|line:504| 动态-点赞 0
2025-06-07 17:08:23,967|line:520| https://t.bilibili.com/1075345173969371145
2025-06-07 17:08:27,409|line:527| 官方 或 预约 OUT！
2025-06-07 17:08:27,409|line:520| https://t.bilibili.com/1075568142912061442
2025-06-07 17:08:30,784|line:342| =========此为源动态=========
2025-06-07 17:08:32,546|line:363| *********子动态开始*********
2025-06-07 17:08:32,547|line:382| *********子动态结束*********
2025-06-07 17:08:32,547|line:538| -=-=-=-=处理回最初的动态-=-=-=-=
2025-06-07 17:08:42,896|line:476| 转发成功 1075793624379162625
2025-06-07 17:08:46,560|line:495| 评论发送成功
2025-06-07 17:08:50,102|line:425| 1842854433 === 已经关注了
2025-06-07 17:08:53,513|line:504| 动态-点赞 0
2025-06-07 17:08:57,513|line:520| https://t.bilibili.com/1063443858280415252
2025-06-07 17:08:57,513|line:522| 已有
2025-06-07 17:08:57,513|line:553| 执行结束
2025-06-07 17:08:57,514|line:559| ==================================================2025-06-08 01:08==================================================
2025-06-07 17:08:57,514|line:233| processing article 41933135
2025-06-07 17:08:59,922|line:508| ==================================================2025-06-08 01:08==================================================
2025-06-07 17:08:59,922|line:520| https://t.bilibili.com/1072352088554471426
2025-06-07 17:09:03,301|line:527| 官方 或 预约 OUT！
2025-06-07 17:09:03,301|line:520| https://t.bilibili.com/1074486622905434113
2025-06-07 17:09:07,706|line:527| 官方 或 预约 OUT！
2025-06-07 17:09:07,706|line:520| https://t.bilibili.com/1042461366772826114
2025-06-07 17:09:12,281|line:527| 官方 或 预约 OUT！
2025-06-07 17:09:12,281|line:520| https://t.bilibili.com/1072376582766592017
2025-06-07 17:09:13,666|line:527| 官方 或 预约 OUT！
2025-06-07 17:09:13,666|line:520| https://t.bilibili.com/1065346271089262596
2025-06-07 17:09:16,107|line:527| 官方 或 预约 OUT！
2025-06-07 17:09:16,107|line:520| https://t.bilibili.com/1061641075808010307
2025-06-07 17:09:20,495|line:527| 官方 或 预约 OUT！
2025-06-07 17:09:20,496|line:520| https://t.bilibili.com/1073061677279215621
2025-06-07 17:09:24,883|line:527| 官方 或 预约 OUT！
2025-06-07 17:09:24,883|line:520| https://t.bilibili.com/1035593318931628032
2025-06-07 17:09:28,266|line:527| 官方 或 预约 OUT！
2025-06-07 17:09:28,267|line:520| https://t.bilibili.com/1072669679923757059
2025-06-07 17:09:30,671|line:527| 官方 或 预约 OUT！
2025-06-07 17:09:30,672|line:520| https://t.bilibili.com/1067826210926493699
2025-06-07 17:09:33,054|line:527| 官方 或 预约 OUT！
2025-06-07 17:09:33,054|line:520| https://t.bilibili.com/1072666669163216898
2025-06-07 17:09:35,435|line:527| 官方 或 预约 OUT！
2025-06-07 17:09:35,435|line:520| https://t.bilibili.com/1063712186350698497
2025-06-07 17:09:36,824|line:527| 官方 或 预约 OUT！
2025-06-07 17:09:36,825|line:520| https://t.bilibili.com/1063443858280415252
2025-06-07 17:09:36,825|line:522| 已有
2025-06-07 17:09:36,825|line:553| 执行结束
2025-06-07 17:09:36,825|line:559| ==================================================2025-06-08 01:09==================================================
2025-06-07 17:09:36,825|line:233| processing article 41933110
2025-06-07 17:09:39,315|line:508| ==================================================2025-06-08 01:09==================================================
2025-06-07 17:09:39,315|line:520| https://t.bilibili.com/1073361405879517193
2025-06-07 17:09:41,693|line:527| 官方 或 预约 OUT！
2025-06-07 17:09:41,694|line:520| https://t.bilibili.com/1060849955707551753
2025-06-07 17:09:44,078|line:527| 官方 或 预约 OUT！
2025-06-07 17:09:44,078|line:520| https://t.bilibili.com/1074475481739296776
2025-06-07 17:09:46,475|line:527| 官方 或 预约 OUT！
2025-06-07 17:09:46,475|line:520| https://t.bilibili.com/1073781823082856453
2025-06-07 17:09:50,928|line:527| 官方 或 预约 OUT！
2025-06-07 17:09:50,928|line:520| https://t.bilibili.com/1073812274366382089
2025-06-07 17:09:52,312|line:527| 官方 或 预约 OUT！
2025-06-07 17:09:52,312|line:520| https://t.bilibili.com/1069293298784403472
2025-06-07 17:09:56,710|line:527| 官方 或 预约 OUT！
2025-06-07 17:09:56,711|line:520| https://t.bilibili.com/1071589190737592320
2025-06-07 17:09:59,183|line:527| 官方 或 预约 OUT！
2025-06-07 17:09:59,183|line:520| https://t.bilibili.com/1073348959080022053
2025-06-07 17:10:01,569|line:527| 官方 或 预约 OUT！
2025-06-07 17:10:01,569|line:520| https://t.bilibili.com/1060820599631249412
2025-06-07 17:10:02,964|line:527| 官方 或 预约 OUT！
2025-06-07 17:10:02,964|line:520| https://t.bilibili.com/1067826210926493699
2025-06-07 17:10:04,348|line:527| 官方 或 预约 OUT！
2025-06-07 17:10:04,348|line:520| https://t.bilibili.com/1070750898981961735
2025-06-07 17:10:06,728|line:527| 官方 或 预约 OUT！
2025-06-07 17:10:06,728|line:520| https://t.bilibili.com/1073178612066156548
2025-06-07 17:10:11,108|line:527| 官方 或 预约 OUT！
2025-06-07 17:10:11,109|line:520| https://t.bilibili.com/1072765560773672994
2025-06-07 17:10:14,734|line:527| 官方 或 预约 OUT！
2025-06-07 17:10:14,734|line:520| https://t.bilibili.com/1071137377356873746
2025-06-07 17:10:19,192|line:527| 官方 或 预约 OUT！
2025-06-07 17:10:19,193|line:520| https://t.bilibili.com/1074486622905434113
2025-06-07 17:10:23,565|line:527| 官方 或 预约 OUT！
2025-06-07 17:10:23,565|line:520| https://t.bilibili.com/1075217196820463616
2025-06-07 17:10:26,951|line:527| 官方 或 预约 OUT！
2025-06-07 17:10:26,951|line:520| https://t.bilibili.com/1072067671545085952
2025-06-07 17:10:30,387|line:527| 官方 或 预约 OUT！
2025-06-07 17:10:30,387|line:520| https://t.bilibili.com/1069575770149486609
2025-06-07 17:10:31,837|line:527| 官方 或 预约 OUT！
2025-06-07 17:10:31,837|line:520| https://t.bilibili.com/1072376582766592017
2025-06-07 17:10:36,213|line:527| 官方 或 预约 OUT！
2025-06-07 17:10:36,213|line:520| https://t.bilibili.com/1064543292584099842
2025-06-07 17:10:39,588|line:527| 官方 或 预约 OUT！
2025-06-07 17:10:39,588|line:520| https://t.bilibili.com/1074833256830992385
2025-06-07 17:10:42,131|line:527| 官方 或 预约 OUT！
2025-06-07 17:10:42,131|line:520| https://t.bilibili.com/1073061677279215621
2025-06-07 17:10:44,685|line:527| 官方 或 预约 OUT！
2025-06-07 17:10:44,685|line:520| https://t.bilibili.com/1073733006446821395
2025-06-07 17:10:47,052|line:527| 官方 或 预约 OUT！
2025-06-07 17:10:47,053|line:520| https://t.bilibili.com/1064135945005039637
2025-06-07 17:10:47,053|line:522| 已有
2025-06-07 17:10:47,053|line:520| https://t.bilibili.com/1072669679923757059
2025-06-07 17:10:48,437|line:527| 官方 或 预约 OUT！
2025-06-07 17:10:48,437|line:520| https://t.bilibili.com/1071294053431115796
2025-06-07 17:10:49,972|line:527| 官方 或 预约 OUT！
2025-06-07 17:10:49,972|line:520| https://t.bilibili.com/1073742777534119944
2025-06-07 17:10:52,352|line:527| 官方 或 预约 OUT！
2025-06-07 17:10:52,352|line:520| https://t.bilibili.com/1035593318931628032
2025-06-07 17:10:53,720|line:527| 官方 或 预约 OUT！
2025-06-07 17:10:53,721|line:520| https://t.bilibili.com/1071499975658045460
2025-06-07 17:10:58,170|line:527| 官方 或 预约 OUT！
2025-06-07 17:10:58,170|line:520| https://t.bilibili.com/1072666669163216898
2025-06-07 17:10:59,547|line:527| 官方 或 预约 OUT！
2025-06-07 17:10:59,547|line:520| https://t.bilibili.com/1073735287063969795
2025-06-07 17:11:03,168|line:527| 官方 或 预约 OUT！
2025-06-07 17:11:03,169|line:520| https://t.bilibili.com/1072735637749104643
2025-06-07 17:11:05,593|line:527| 官方 或 预约 OUT！
2025-06-07 17:11:05,593|line:520| https://t.bilibili.com/1073815959448322068
2025-06-07 17:11:08,984|line:527| 官方 或 预约 OUT！
2025-06-07 17:11:08,985|line:520| https://t.bilibili.com/1073734990764703816
2025-06-07 17:11:12,356|line:527| 官方 或 预约 OUT！
2025-06-07 17:11:12,356|line:520| https://t.bilibili.com/1074090577523376132
2025-06-07 17:11:13,737|line:527| 官方 或 预约 OUT！
2025-06-07 17:11:13,738|line:520| https://t.bilibili.com/1065346271089262596
2025-06-07 17:11:18,135|line:527| 官方 或 预约 OUT！
2025-06-07 17:11:18,135|line:520| https://t.bilibili.com/1072977989889687559
2025-06-07 17:11:22,500|line:527| 官方 或 预约 OUT！
2025-06-07 17:11:22,500|line:520| https://t.bilibili.com/1073365636463198241
2025-06-07 17:11:26,875|line:527| 官方 或 预约 OUT！
2025-06-07 17:11:26,875|line:520| https://t.bilibili.com/1061526434526265345
2025-06-07 17:11:29,241|line:527| 官方 或 预约 OUT！
2025-06-07 17:11:29,241|line:520| https://t.bilibili.com/1073333209411878920
2025-06-07 17:11:33,622|line:527| 官方 或 预约 OUT！
2025-06-07 17:11:33,622|line:520| https://t.bilibili.com/1075347136796688402
2025-06-07 17:11:37,158|line:527| 官方 或 预约 OUT！
2025-06-07 17:11:37,159|line:520| https://t.bilibili.com/1071253633507524647
2025-06-07 17:11:41,530|line:527| 官方 或 预约 OUT！
2025-06-07 17:11:41,530|line:520| https://t.bilibili.com/1072352088554471426
2025-06-07 17:11:43,890|line:527| 官方 或 预约 OUT！
2025-06-07 17:11:43,890|line:520| https://t.bilibili.com/1071230221629259783
2025-06-07 17:11:45,433|line:527| 官方 或 预约 OUT！
2025-06-07 17:11:45,433|line:520| https://t.bilibili.com/1073735196891676688
2025-06-07 17:11:47,808|line:527| 官方 或 预约 OUT！
2025-06-07 17:11:47,808|line:520| https://t.bilibili.com/1042461366772826114
2025-06-07 17:11:50,177|line:527| 官方 或 预约 OUT！
2025-06-07 17:11:50,177|line:520| https://t.bilibili.com/1073348443688140804
2025-06-07 17:11:54,585|line:527| 官方 或 预约 OUT！
2025-06-07 17:11:54,586|line:520| https://t.bilibili.com/1061641075808010307
2025-06-07 17:11:57,137|line:527| 官方 或 预约 OUT！
2025-06-07 17:11:57,137|line:520| https://t.bilibili.com/1071594834323570693
2025-06-07 17:11:58,584|line:527| 官方 或 预约 OUT！
2025-06-07 17:11:58,584|line:520| https://t.bilibili.com/1073039730049810432
2025-06-07 17:12:01,045|line:527| 官方 或 预约 OUT！
2025-06-07 17:12:01,045|line:520| https://t.bilibili.com/1072374362251722825
2025-06-07 17:12:02,412|line:527| 官方 或 预约 OUT！
2025-06-07 17:12:02,413|line:520| https://t.bilibili.com/1071972331860000869
2025-06-07 17:12:05,953|line:527| 官方 或 预约 OUT！
2025-06-07 17:12:05,954|line:520| https://t.bilibili.com/1070766296434475057
2025-06-07 17:12:07,326|line:527| 官方 或 预约 OUT！
2025-06-07 17:12:07,326|line:520| https://t.bilibili.com/1075222582722035718
2025-06-07 17:12:10,708|line:527| 官方 或 预约 OUT！
2025-06-07 17:12:10,708|line:520| https://t.bilibili.com/1072668150921691158
2025-06-07 17:12:14,069|line:527| 官方 或 预约 OUT！
2025-06-07 17:12:14,069|line:520| https://t.bilibili.com/1064901153560461315
2025-06-07 17:12:18,442|line:527| 官方 或 预约 OUT！
2025-06-07 17:12:18,443|line:520| https://t.bilibili.com/1063712186350698497
2025-06-07 17:12:19,885|line:527| 官方 或 预约 OUT！
2025-06-07 17:12:19,885|line:520| https://t.bilibili.com/1063443858280415252
2025-06-07 17:12:19,885|line:522| 已有
2025-06-07 17:12:19,885|line:553| 执行结束
2025-06-07 17:12:19,885|line:559| ==================================================2025-06-08 01:12==================================================
2025-06-07 17:12:19,886|line:233| processing article 41926037
2025-06-07 17:12:22,572|line:508| ==================================================2025-06-08 01:12==================================================
2025-06-07 17:12:22,572|line:520| https://t.bilibili.com/1075281142444195856
2025-06-07 17:12:22,572|line:522| 已有
2025-06-07 17:12:22,572|line:520| https://t.bilibili.com/1075274792359165955
2025-06-07 17:12:22,572|line:522| 已有
2025-06-07 17:12:22,573|line:520| https://t.bilibili.com/1075007379090702338
2025-06-07 17:12:22,573|line:522| 已有
2025-06-07 17:12:22,573|line:520| https://t.bilibili.com/1075034476049858581
2025-06-07 17:12:24,108|line:527| 官方 或 预约 OUT！
2025-06-07 17:12:24,108|line:520| https://t.bilibili.com/1075315538689785881
2025-06-07 17:12:26,488|line:527| 官方 或 预约 OUT！
2025-06-07 17:12:26,489|line:520| https://t.bilibili.com/1075319000464883750
2025-06-07 17:12:26,489|line:522| 已有
2025-06-07 17:12:26,489|line:520| https://t.bilibili.com/1075232242105581575
2025-06-07 17:12:26,489|line:522| 已有
2025-06-07 17:12:26,489|line:520| https://t.bilibili.com/1075293222072221698
2025-06-07 17:12:29,875|line:527| 官方 或 预约 OUT！
2025-06-07 17:12:29,876|line:520| https://t.bilibili.com/1074827737817939985
2025-06-07 17:12:31,443|line:527| 官方 或 预约 OUT！
2025-06-07 17:12:31,444|line:520| https://t.bilibili.com/1075219294935056393
2025-06-07 17:12:31,444|line:522| 已有
2025-06-07 17:12:31,444|line:520| https://t.bilibili.com/1075219294917230594
2025-06-07 17:12:31,444|line:522| 已有
2025-06-07 17:12:31,444|line:520| https://t.bilibili.com/1075188371185205248
2025-06-07 17:12:31,444|line:522| 已有
2025-06-07 17:12:31,444|line:520| https://t.bilibili.com/1075188371176816644
2025-06-07 17:12:31,444|line:522| 已有
2025-06-07 17:12:31,445|line:520| https://t.bilibili.com/1075296604328558599
2025-06-07 17:12:35,823|line:527| 官方 或 预约 OUT！
2025-06-07 17:12:35,823|line:520| https://t.bilibili.com/1075287307910643750
2025-06-07 17:12:35,823|line:522| 已有
2025-06-07 17:12:35,823|line:520| https://t.bilibili.com/1075224279248797769
2025-06-07 17:12:35,823|line:522| 已有
2025-06-07 17:12:35,823|line:520| https://t.bilibili.com/1075281142475653124
2025-06-07 17:12:35,823|line:522| 已有
2025-06-07 17:12:35,823|line:520| https://t.bilibili.com/1075281142447341606
2025-06-07 17:12:35,824|line:522| 已有
2025-06-07 17:12:35,824|line:520| https://t.bilibili.com/1075188371175768070
2025-06-07 17:12:35,824|line:522| 已有
2025-06-07 17:12:35,824|line:520| https://t.bilibili.com/1075265717094318080
2025-06-07 17:12:40,278|line:527| 官方 或 预约 OUT！
2025-06-07 17:12:40,278|line:520| https://t.bilibili.com/1075266666276847653
2025-06-07 17:12:40,278|line:522| 已有
2025-06-07 17:12:40,279|line:520| https://t.bilibili.com/1075218901924577284
2025-06-07 17:12:40,279|line:522| 已有
2025-06-07 17:12:40,279|line:520| https://t.bilibili.com/1075284722294194211
2025-06-07 17:12:41,662|line:527| 官方 或 预约 OUT！
2025-06-07 17:12:41,662|line:520| https://t.bilibili.com/1075207365636128769
2025-06-07 17:12:41,662|line:522| 已有
2025-06-07 17:12:41,662|line:520| https://t.bilibili.com/1075189550145339424
2025-06-07 17:12:41,662|line:522| 已有
2025-06-07 17:12:41,662|line:520| https://t.bilibili.com/1075196297510649876
2025-06-07 17:12:41,662|line:522| 已有
2025-06-07 17:12:41,662|line:520| https://t.bilibili.com/1075281142431612937
2025-06-07 17:12:41,663|line:522| 已有
2025-06-07 17:12:41,663|line:520| https://t.bilibili.com/1075198402039382053
2025-06-07 17:12:41,663|line:522| 已有
2025-06-07 17:12:41,663|line:520| https://t.bilibili.com/1074820015447867399
2025-06-07 17:12:41,663|line:522| 已有
2025-06-07 17:12:41,663|line:520| https://t.bilibili.com/1074911906261630982
2025-06-07 17:12:46,044|line:527| 官方 或 预约 OUT！
2025-06-07 17:12:46,045|line:520| https://t.bilibili.com/1074881708364398615
2025-06-07 17:12:46,045|line:522| 已有
2025-06-07 17:12:46,045|line:520| https://t.bilibili.com/1075219294904647684
2025-06-07 17:12:46,045|line:522| 已有
2025-06-07 17:12:46,045|line:520| https://t.bilibili.com/1035593318931628032
2025-06-07 17:12:48,437|line:527| 官方 或 预约 OUT！
2025-06-07 17:12:48,437|line:520| https://t.bilibili.com/1075299965131030533
2025-06-07 17:12:48,437|line:522| 已有
2025-06-07 17:12:48,437|line:520| https://t.bilibili.com/1074952369164255237
2025-06-07 17:12:51,024|line:527| 官方 或 预约 OUT！
2025-06-07 17:12:51,024|line:520| https://t.bilibili.com/1075307760493527047
2025-06-07 17:12:51,024|line:522| 已有
2025-06-07 17:12:51,024|line:520| https://t.bilibili.com/1072666669163216898
2025-06-07 17:12:55,590|line:527| 官方 或 预约 OUT！
2025-06-07 17:12:55,590|line:520| https://t.bilibili.com/1075033814635380736
2025-06-07 17:12:55,590|line:522| 已有
2025-06-07 17:12:55,590|line:520| https://t.bilibili.com/1075203833019236369
2025-06-07 17:12:55,590|line:522| 已有
2025-06-07 17:12:55,591|line:520| https://t.bilibili.com/1065346271089262596
2025-06-07 17:12:58,000|line:527| 官方 或 预约 OUT！
2025-06-07 17:12:58,000|line:520| https://t.bilibili.com/1075256182246998040
2025-06-07 17:12:58,000|line:522| 已有
2025-06-07 17:12:58,001|line:520| https://t.bilibili.com/1075310805622194182
2025-06-07 17:12:58,001|line:522| 已有
2025-06-07 17:12:58,001|line:520| https://t.bilibili.com/1075207305540141077
2025-06-07 17:12:58,001|line:522| 已有
2025-06-07 17:12:58,001|line:520| https://t.bilibili.com/1075245423368601605
2025-06-07 17:12:58,001|line:522| 已有
2025-06-07 17:12:58,001|line:520| https://t.bilibili.com/1075281142446293012
2025-06-07 17:12:58,002|line:522| 已有
2025-06-07 17:12:58,002|line:520| https://t.bilibili.com/1075213365740044295
2025-06-07 17:13:01,582|line:527| 官方 或 预约 OUT！
2025-06-07 17:13:01,582|line:520| https://t.bilibili.com/1075327528118255637
2025-06-07 17:13:01,582|line:522| 已有
2025-06-07 17:13:01,582|line:520| https://t.bilibili.com/1072352088554471426
2025-06-07 17:13:04,156|line:527| 官方 或 预约 OUT！
2025-06-07 17:13:04,156|line:520| https://t.bilibili.com/1075219294926667849
2025-06-07 17:13:04,156|line:522| 已有
2025-06-07 17:13:04,156|line:520| https://t.bilibili.com/1075283051554013188
2025-06-07 17:13:04,156|line:522| 已有
2025-06-07 17:13:04,156|line:520| https://t.bilibili.com/1075219163908145152
2025-06-07 17:13:06,536|line:527| 官方 或 预约 OUT！
2025-06-07 17:13:06,536|line:520| https://t.bilibili.com/1075219404421070850
2025-06-07 17:13:06,536|line:522| 已有
2025-06-07 17:13:06,537|line:520| https://t.bilibili.com/1075299595804737553
2025-06-07 17:13:06,537|line:522| 已有
2025-06-07 17:13:06,537|line:520| https://t.bilibili.com/1075290632177582105
2025-06-07 17:13:06,537|line:522| 已有
2025-06-07 17:13:06,537|line:520| https://t.bilibili.com/1075265680549347328
2025-06-07 17:13:06,537|line:522| 已有
2025-06-07 17:13:06,537|line:520| https://t.bilibili.com/1075250218699587609
2025-06-07 17:13:06,537|line:522| 已有
2025-06-07 17:13:06,538|line:520| https://t.bilibili.com/1074866237905829891
2025-06-07 17:13:09,111|line:527| 官方 或 预约 OUT！
2025-06-07 17:13:09,111|line:520| https://t.bilibili.com/1075281142475653143
2025-06-07 17:13:09,111|line:522| 已有
2025-06-07 17:13:09,111|line:520| https://t.bilibili.com/1075281142436855845
2025-06-07 17:13:09,112|line:522| 已有
2025-06-07 17:13:09,112|line:520| https://t.bilibili.com/1075306463463735305
2025-06-07 17:13:09,112|line:522| 已有
2025-06-07 17:13:09,112|line:520| https://t.bilibili.com/1075265897459875863
2025-06-07 17:13:09,112|line:522| 已有
2025-06-07 17:13:09,112|line:520| https://t.bilibili.com/1075297377432109061
2025-06-07 17:13:13,502|line:527| 官方 或 预约 OUT！
2025-06-07 17:13:13,502|line:520| https://t.bilibili.com/1075021281904033796
2025-06-07 17:13:13,502|line:522| 已有
2025-06-07 17:13:13,502|line:520| https://t.bilibili.com/1075031551197052934
2025-06-07 17:13:13,502|line:522| 已有
2025-06-07 17:13:13,503|line:520| https://t.bilibili.com/1063443858280415252
2025-06-07 17:13:13,503|line:522| 已有
2025-06-07 17:13:13,503|line:553| 执行结束
2025-06-07 17:13:13,503|line:559| ==================================================2025-06-08 01:13==================================================
2025-06-07 17:13:13,503|line:233| processing article 41924309
2025-06-07 17:13:18,881|line:508| ==================================================2025-06-08 01:13==================================================
2025-06-07 17:13:18,881|line:520| https://t.bilibili.com/1072352088554471426
2025-06-07 17:13:23,305|line:527| 官方 或 预约 OUT！
2025-06-07 17:13:23,305|line:520| https://t.bilibili.com/1071880831863095301
2025-06-07 17:13:26,698|line:527| 官方 或 预约 OUT！
2025-06-07 17:13:26,699|line:520| https://t.bilibili.com/1073032669092118548
2025-06-07 17:13:30,272|line:527| 官方 或 预约 OUT！
2025-06-07 17:13:30,272|line:520| https://t.bilibili.com/1068929940256194582
2025-06-07 17:13:32,848|line:527| 官方 或 预约 OUT！
2025-06-07 17:13:32,848|line:520| https://t.bilibili.com/1065346271089262596
2025-06-07 17:13:36,239|line:527| 官方 或 预约 OUT！
2025-06-07 17:13:36,239|line:520| https://t.bilibili.com/1035593318931628032
2025-06-07 17:13:37,619|line:527| 官方 或 预约 OUT！
2025-06-07 17:13:37,619|line:520| https://t.bilibili.com/1067514052721246209
2025-06-07 17:13:41,026|line:527| 官方 或 预约 OUT！
2025-06-07 17:13:41,027|line:520| https://t.bilibili.com/1070098815567003654
2025-06-07 17:13:42,491|line:527| 官方 或 预约 OUT！
2025-06-07 17:13:42,492|line:520| https://t.bilibili.com/1072666669163216898
2025-06-07 17:13:46,886|line:527| 官方 或 预约 OUT！
2025-06-07 17:13:46,887|line:520| https://t.bilibili.com/1063443858280415252
2025-06-07 17:13:46,887|line:522| 已有
2025-06-07 17:13:46,887|line:553| 执行结束
2025-06-07 17:13:46,887|line:559| ==================================================2025-06-08 01:13==================================================
2025-06-07 17:13:46,887|line:233| processing article 41924285
2025-06-07 17:13:51,350|line:508| ==================================================2025-06-08 01:13==================================================
2025-06-07 17:13:51,351|line:520| https://t.bilibili.com/1073361405879517193
2025-06-07 17:13:52,843|line:527| 官方 或 预约 OUT！
2025-06-07 17:13:52,843|line:520| https://t.bilibili.com/1074475481739296776
2025-06-07 17:13:54,332|line:527| 官方 或 预约 OUT！
2025-06-07 17:13:54,332|line:520| https://t.bilibili.com/1072961892313464884
2025-06-07 17:13:55,713|line:527| 官方 或 预约 OUT！
2025-06-07 17:13:55,713|line:520| https://t.bilibili.com/1073781823082856453
2025-06-07 17:13:58,108|line:527| 官方 或 预约 OUT！
2025-06-07 17:13:58,109|line:520| https://t.bilibili.com/1069293298784403472
2025-06-07 17:14:02,476|line:527| 官方 或 预约 OUT！
2025-06-07 17:14:02,476|line:520| https://t.bilibili.com/1073348407148412933
2025-06-07 17:14:04,889|line:527| 官方 或 预约 OUT！
2025-06-07 17:14:04,889|line:520| https://t.bilibili.com/1073348959080022053
2025-06-07 17:14:07,209|line:527| 官方 或 预约 OUT！
2025-06-07 17:14:07,209|line:520| https://t.bilibili.com/1067826210926493699
2025-06-07 17:14:10,527|line:527| 官方 或 预约 OUT！
2025-06-07 17:14:10,527|line:520| https://t.bilibili.com/1073178612066156548
2025-06-07 17:14:14,866|line:527| 官方 或 预约 OUT！
2025-06-07 17:14:14,866|line:520| https://t.bilibili.com/1071137377356873746
2025-06-07 17:14:16,198|line:527| 官方 或 预约 OUT！
2025-06-07 17:14:16,198|line:520| https://t.bilibili.com/1071880831863095301
2025-06-07 17:14:19,528|line:527| 官方 或 预约 OUT！
2025-06-07 17:14:19,528|line:520| https://t.bilibili.com/1074486622905434113
2025-06-07 17:14:21,850|line:527| 官方 或 预约 OUT！
2025-06-07 17:14:21,850|line:520| https://t.bilibili.com/1072067671545085952
2025-06-07 17:14:23,210|line:527| 官方 或 预约 OUT！
2025-06-07 17:14:23,211|line:520| https://t.bilibili.com/1068929940256194582
2025-06-07 17:14:24,535|line:527| 官方 或 预约 OUT！
2025-06-07 17:14:24,535|line:520| https://t.bilibili.com/1072714137141772295
2025-06-07 17:14:26,864|line:527| 官方 或 预约 OUT！
2025-06-07 17:14:26,864|line:520| https://t.bilibili.com/1072376582766592017
2025-06-07 17:14:28,186|line:527| 官方 或 预约 OUT！
2025-06-07 17:14:28,186|line:520| https://t.bilibili.com/1073085716235288600
2025-06-07 17:14:32,505|line:527| 官方 或 预约 OUT！
2025-06-07 17:14:32,505|line:520| https://t.bilibili.com/1073061677279215621
2025-06-07 17:14:33,903|line:527| 官方 或 预约 OUT！
2025-06-07 17:14:33,903|line:520| https://t.bilibili.com/1035593318931628032
2025-06-07 17:14:36,218|line:527| 官方 或 预约 OUT！
2025-06-07 17:14:36,218|line:520| https://t.bilibili.com/1072669679923757059
2025-06-07 17:14:39,551|line:527| 官方 或 预约 OUT！
2025-06-07 17:14:39,551|line:520| https://t.bilibili.com/1071294053431115796
2025-06-07 17:14:40,871|line:527| 官方 或 预约 OUT！
2025-06-07 17:14:40,871|line:520| https://t.bilibili.com/1067514052721246209
2025-06-07 17:14:45,196|line:527| 官方 或 预约 OUT！
2025-06-07 17:14:45,196|line:520| https://t.bilibili.com/1072714536563245104
2025-06-07 17:14:49,517|line:527| 官方 或 预约 OUT！
2025-06-07 17:14:49,517|line:520| https://t.bilibili.com/1072666669163216898
2025-06-07 17:14:53,831|line:527| 官方 或 预约 OUT！
2025-06-07 17:14:53,831|line:520| https://t.bilibili.com/1073363957110014098
2025-06-07 17:14:56,151|line:527| 官方 或 预约 OUT！
2025-06-07 17:14:56,151|line:520| https://t.bilibili.com/1071499975658045460
2025-06-07 17:15:00,474|line:527| 官方 或 预约 OUT！
2025-06-07 17:15:00,475|line:520| https://t.bilibili.com/1072993425999003656
2025-06-07 17:15:04,797|line:527| 官方 或 预约 OUT！
2025-06-07 17:15:04,797|line:520| https://t.bilibili.com/1064901153560461315
2025-06-07 17:15:07,115|line:527| 官方 或 预约 OUT！
2025-06-07 17:15:07,115|line:520| https://t.bilibili.com/1073815959448322068
2025-06-07 17:15:08,436|line:527| 官方 或 预约 OUT！
2025-06-07 17:15:08,436|line:520| https://t.bilibili.com/1073032669092118548
2025-06-07 17:15:12,756|line:527| 官方 或 预约 OUT！
2025-06-07 17:15:12,756|line:520| https://t.bilibili.com/1075281513978789911
2025-06-07 17:15:14,082|line:527| 官方 或 预约 OUT！
2025-06-07 17:15:14,082|line:520| https://t.bilibili.com/1074492287967297545
2025-06-07 17:15:17,496|line:527| 官方 或 预约 OUT！
2025-06-07 17:15:17,497|line:520| https://t.bilibili.com/1065346271089262596
2025-06-07 17:15:18,820|line:527| 官方 或 预约 OUT！
2025-06-07 17:15:18,820|line:520| https://t.bilibili.com/1073441206356148241
2025-06-07 17:15:21,142|line:527| 官方 或 预约 OUT！
2025-06-07 17:15:21,143|line:520| https://t.bilibili.com/1072996728797397025
2025-06-07 17:15:24,462|line:527| 官方 或 预约 OUT！
2025-06-07 17:15:24,463|line:520| https://t.bilibili.com/1072977989889687559
2025-06-07 17:15:26,782|line:527| 官方 或 预约 OUT！
2025-06-07 17:15:26,782|line:520| https://t.bilibili.com/1073363905577746483
2025-06-07 17:15:30,179|line:527| 官方 或 预约 OUT！
2025-06-07 17:15:30,179|line:520| https://t.bilibili.com/1073363884111298598
2025-06-07 17:15:31,502|line:527| 官方 或 预约 OUT！
2025-06-07 17:15:31,502|line:520| https://t.bilibili.com/1073065431132012581
2025-06-07 17:15:33,250|line:527| 官方 或 预约 OUT！
2025-06-07 17:15:33,251|line:520| https://t.bilibili.com/1073365636463198241
2025-06-07 17:15:35,707|line:527| 官方 或 预约 OUT！
2025-06-07 17:15:35,708|line:520| https://t.bilibili.com/1073332986100842544
2025-06-07 17:15:38,110|line:527| 官方 或 预约 OUT！
2025-06-07 17:15:38,110|line:520| https://t.bilibili.com/1070098815567003654
2025-06-07 17:15:39,501|line:527| 官方 或 预约 OUT！
2025-06-07 17:15:39,501|line:520| https://t.bilibili.com/1072352088554471426
2025-06-07 17:15:40,872|line:527| 官方 或 预约 OUT！
2025-06-07 17:15:40,872|line:520| https://t.bilibili.com/1073364171836358672
2025-06-07 17:15:45,295|line:527| 官方 或 预约 OUT！
2025-06-07 17:15:45,295|line:520| https://t.bilibili.com/1069654307956064263
2025-06-07 17:15:47,683|line:527| 官方 或 预约 OUT！
2025-06-07 17:15:47,683|line:520| https://t.bilibili.com/1042461366772826114
2025-06-07 17:15:52,269|line:527| 官方 或 预约 OUT！
2025-06-07 17:15:52,269|line:520| https://t.bilibili.com/1073348443688140804
2025-06-07 17:15:54,649|line:527| 官方 或 预约 OUT！
2025-06-07 17:15:54,650|line:520| https://t.bilibili.com/1061641075808010307
2025-06-07 17:15:59,056|line:527| 官方 或 预约 OUT！
2025-06-07 17:15:59,057|line:520| https://t.bilibili.com/1071594834323570693
2025-06-07 17:16:02,450|line:527| 官方 或 预约 OUT！
2025-06-07 17:16:02,451|line:520| https://t.bilibili.com/1073039330561228800
2025-06-07 17:16:04,859|line:527| 官方 或 预约 OUT！
2025-06-07 17:16:04,859|line:520| https://t.bilibili.com/1070395340139528192
2025-06-07 17:16:08,248|line:527| 官方 或 预约 OUT！
2025-06-07 17:16:08,248|line:520| https://t.bilibili.com/1072668150921691158
2025-06-07 17:16:09,645|line:527| 官方 或 预约 OUT！
2025-06-07 17:16:09,645|line:520| https://t.bilibili.com/1071879556249419908
2025-06-07 17:16:14,032|line:527| 官方 或 预约 OUT！
2025-06-07 17:16:14,032|line:520| https://t.bilibili.com/1063712186350698497
2025-06-07 17:16:18,405|line:527| 官方 或 预约 OUT！
2025-06-07 17:16:18,405|line:520| https://t.bilibili.com/1063443858280415252
2025-06-07 17:16:18,405|line:522| 已有
2025-06-07 17:16:18,405|line:553| 执行结束
2025-06-07 17:16:18,406|line:559| ==================================================2025-06-08 01:16==================================================
2025-06-07 17:16:25,010|line:579| ('reply: ', '我真不是谷恒条野', '不是，这……')
2025-06-07 17:16:25,011|line:579| ('reply: ', '好像都是一个人', '你在说什么')
2025-06-07 17:16:25,011|line:579| ('reply: ', '目标咨询', '太宠粉了啊')
2025-06-07 17:16:25,011|line:579| ('reply: ', '数玩工场', '祝你成功')
2025-06-07 17:16:25,011|line:579| ('reply: ', '益家有小佰', '恭喜宝子，获得小电视月度会员1份和克刻冰冰猴喉糖随机口味1份～记得私信小佰提供信息哦~')
2025-06-07 17:16:25,011|line:579| ('reply: ', '圆环之理-Madoka', '是的')
2025-06-07 17:16:25,011|line:579| ('reply: ', '兰的三姨', '这就是银河巨星的实力！')
2025-06-07 17:16:25,011|line:579| ('reply: ', '花园百合铃音', '有男不玩，我只吃麻辣火锅，xxn滚[吃瓜]')
2025-06-07 17:16:25,011|line:579| ('reply: ', '是绝赞的阿鬼', '[tv_难过]')
2025-06-07 17:16:25,012|line:579| ('reply: ', '桃稚不幼稚', '还行')
2025-06-07 17:16:25,012|line:579| ('reply: ', '陌罔子吖', '佬，这个报名有啥条件不。最近太非了，想下次报来抽[脱单doge][脱单doge][脱单doge]')
2025-06-07 17:16:25,012|line:579| ('reply: ', '太二酸菜鱼', '恭喜成为本期欧皇[打call]获得【肥龙联名显眼包】1份，在收到本信息的两天内回复哥的私信哦~逾期哥就自己收啦！[脱单doge]')
2025-06-07 17:16:25,012|line:579| ('reply: ', '得一想二的松鼠', '中奖分我一半')
2025-06-07 17:16:25,012|line:579| ('reply: ', '佑凉Uriyoo', '谢谢！！！[UP_24967030_感恩]')
2025-06-07 17:16:25,012|line:579| ('reply: ', '岛莓祁', '好耶')
2025-06-07 17:16:25,012|line:579| ('reply: ', '苏酥_SUSU_', 'https://b23.tv/3HJcDkm')
2025-06-07 17:16:25,012|line:579| ('reply: ', '心想事成イ', 'I[UP_410636303_比心鸟][UP_410636303_比心鸟][UP_410636303_比心鸟]')
2025-06-07 17:16:25,012|line:579| ('reply: ', 'FWF第五人格娱乐赛', '加油[doge]')
2025-06-07 17:16:25,012|line:579| ('reply: ', '神奇猫咪_有钱哒', '好耶')
2025-06-07 17:16:25,013|line:579| ('reply: ', '星夜染some', '好耶')
2025-06-07 17:16:29,504|line:588| ('at: ', '流量卡信息差揭秘', '1 @浪子游2fans6@被_____打下来的飞机@拉斯特臣后面一个点@专心致志的学生@猫猫头OmMeow@小小Shaun@龐門左道@啦啦痴痴腻@bili_66938050009@日月星辰668')
2025-06-07 17:16:29,504|line:588| ('at: ', 'iKF蓝牙耳机', '恭喜@小小Shaun 宝子成为苏泊尔福利动态幸运儿！\n注意：即日起72小时内回复信息确认领奖哦！逾期将自动视为放弃中奖资格。\n没有中奖的宝子们不要气馁，参与一下下置顶视频iKF Mars，增加欧气值，说不定下个幸运儿就是你！\n链接：\nhttps://www.bilibili.com/video/BV1Soo6YLEHZ/?spm_id_from=333.1387.list.card_archive.click&vd_source=21fb0967ccc75e6b3b2447ade2c740dd\n还没参与抽奖的宝子们，赶紧点击上方链接参与吧！还有特别福利惊喜等你哦~')
2025-06-07 17:16:29,504|line:588| ('at: ', 'wellymerck威利默克', '恭喜@小小Shaun\xa0 获得《我是你的小狗3 永远等你回家》1本，请于5天内联系威宝，凭关注+互动截图领取奖品，逾期作废~')
2025-06-07 17:16:29,504|line:588| ('at: ', '宁美NINGMEI', '恭喜@小小Shaun   中奖，请在12月1日24点前私信我：1. 奖品+中奖信息a. 实物奖：姓名电话地址，给文字！省市区路清晰，提交不清晰不发奖，信息错误致无法签收，概不负责；\n\nb. 现金红包给到支付宝实名+账号；\n\nc. 京东卡/猫超卡 等购物卡给到姓名+电话；2. 宁美和品牌方关注截图+转发截图！\n\n必须关注品牌方，否则奖品不予发放；如遇无法私信图片的情况，等待我回复后即可发送图片。PS： \n\n因后台收信有时会出问题，以回复“已登记”为准，没有回复即表示私信未收到。\n\n过期视为自动放弃，不会补发；奖品30个工作日内发送，勿催哦~\n\n不发全，不回复。其他小伙伴请继续努力！')
2025-06-07 17:16:29,504|line:588| ('at: ', '爱玛电动车官方账号', '#一“玛”当先榜# 快来看看10月都是谁和爱玛酱互动最多呀~ 💕恭喜@小小Shaun 和@甘瑞凯拉莎 排行第一！这两位小玛达将会获得【爱玛随机周边×1】，请5天内私信爱玛酱领奖哟~[鼓掌] 以后也请继续单推我无敌可爱美少女爱玛酱呀嘿嘿！(●´З｀●)')
2025-06-07 17:16:29,505|line:588| ('at: ', '爱玛电动车官方账号', '')
2025-06-07 17:16:29,505|line:588| ('at: ', '海露滴眼液', '互动榜出炉啦')
2025-06-07 17:16:29,505|line:588| ('at: ', '和蔼可亲桃白白', '\u200b//@九号公司:\u200b恭喜@小小Shaun 中奖！后续记得查收私信哟～\u200b//@九号公司:#互动抽奖# 谢谢粒粒的复工礼！小九也来加个码~关注【@微粒贷+@九号公司 】并转发该动态，抽一位小可爱获得【100元京东卡】~ #供电局福利社# 10月31日抽出！')
2025-06-07 17:16:29,505|line:588| ('at: ', '望大家身体健康快乐', '\u200b//@九号公司:\u200b恭喜@小小Shaun 中奖！后续记得查收私信哟～\u200b//@九号公司 :#互动抽奖# 谢谢粒粒的复工礼！小九也来加个码~关注【@微粒贷+@九号公司 】并转发该动态，抽一位小可爱获得【100元京东卡】~ #供电局福利社# 10月31日抽出！')
2025-06-07 17:16:29,505|line:588| ('at: ', 'MoMA_Reona', '//@九号公司:\u200b恭喜@小小Shaun 中奖！后续记得查收私信哟～\u200b//@九号公司:#互动抽奖# 谢谢粒粒的复工礼！小九也来加个码~关注【@微粒贷+@九号公司 】并转发该动态，抽一位小可爱获得【100元京东卡】~ #供电局福利社# 10月31日抽出！')
2025-06-07 17:16:29,505|line:588| ('at: ', '摸鱼二队', '\u200b//@九号公司:\u200b恭喜@小小Shaun 中奖！后续记得查收私信哟～\u200b//@九号公司 :#互动抽奖# 谢谢粒粒的复工礼！小九也来加个码~关注【@微粒贷+@九号公司 】并转发该动态，抽一位小可爱获得【100元京东卡】~ #供电局福利社# 10月31日抽出！')
2025-06-07 17:16:29,505|line:588| ('at: ', '文少嘅一些事一些情', '\u200b//@九号公司:\u200b恭喜@小小Shaun 中奖！后续记得查收私信哟～\u200b//@九号公司 :#互动抽奖# 谢谢粒粒的复工礼！小九也来加个码~关注【@微粒贷+@九号公司 】并转发该动态，抽一位小可爱获得【100元京东卡】~ #供电局福利社# 10月31日抽出！')
2025-06-07 17:16:29,505|line:588| ('at: ', 'Carry队友的嘟嘟酱丶', '\u200b//@九号公司:\u200b恭喜@小小Shaun 中奖！后续记得查收私信哟～\u200b//@九号公司 :#互动抽奖# 谢谢粒粒的复工礼！小九也来加个码~关注【@微粒贷+@九号公司 】并转发该动态，抽一位小可爱获得【100元京东卡】~ #供电局福利社# 10月31日抽出！')
2025-06-07 17:16:29,506|line:588| ('at: ', '蛤蟆zero', '//@九号公司:\u200b恭喜@小小Shaun 中奖！后续记得查收私信哟～\u200b//@九号公司:#互动抽奖# 谢谢粒粒的复工礼！小九也来加个码~关注【@微粒贷+@九号公司 】并转发该动态，抽一位小可爱获得【100元京东卡】~ #供电局福利社# 10月31日抽出！c冲冲冲')
2025-06-07 17:16:29,506|line:588| ('at: ', '木而各子要吃笃栗子', '\u200b//@九号公司:\u200b恭喜@小小Shaun 中奖！后续记得查收私信哟～\u200b//@九号公司 :#互动抽奖# 谢谢粒粒的复工礼！小九也来加个码~关注【@微粒贷+@九号公司 】并转发该动态，抽一位小可爱获得【100元京东卡】~ #供电局福利社# 10月31日抽出！')
2025-06-07 17:16:29,506|line:588| ('at: ', '裙下愚臣情默默', '\u200b//@九号公司:\u200b恭喜@小小Shaun 中奖！后续记得查收私信哟～\u200b//@九号公司 :#互动抽奖# 谢谢粒粒的复工礼！小九也来加个码~关注【@微粒贷+@九号公司 】并转发该动态，抽一位小可爱获得【100元京东卡】~ #供电局福利社# 10月31日抽出！')
2025-06-07 17:16:29,506|line:588| ('at: ', '戊子毕宿', '')
2025-06-07 17:16:29,506|line:588| ('at: ', '九号电动', '\u200b恭喜@小小Shaun 中奖！后续记得查收私信哟～\u200b//@九号公司:#互动抽奖# 谢谢粒粒的复工礼！小九也来加个码~关注【@微粒贷+@九号公司 】并转发该动态，抽一位小可爱获得【100元京东卡】~ #供电局福利社# 10月31日抽出！')
2025-06-07 17:16:29,506|line:588| ('at: ', '优雅小宝', '')
2025-06-07 17:16:29,506|line:588| ('at: ', '我永远只爱一色彩羽', '//@九号公司:恭喜@小小Shaun 中奖！后续记得查收私信哟～\u200b//@九号公司:今晚8点，京东11.11现货开卖，抢先优惠不用等，全场直降，更有60元额外补贴助你大薅特薅！京东双十一，带你体验“飞”一般的购物速度！关注@京东戏精周报 x@九号公司 ，转发+评论本条动态，10月21日小编会抽取1名幸运粉丝送上【50元京东E卡】#京东11.11又便宜又好# #京东11.11现货开卖#')
