2025-07-06 16:34:09,807|line:233| processing article 42237989
2025-07-06 16:34:12,064|line:508| ==================================================2025-07-07 00:34==================================================
2025-07-06 16:34:12,065|line:520| https://t.bilibili.com/1085741726435377172
2025-07-06 16:34:13,631|line:527| 官方 或 预约 OUT！
2025-07-06 16:34:13,631|line:520| https://t.bilibili.com/1084588467584761862
2025-07-06 16:34:13,632|line:522| 已有
2025-07-06 16:34:13,632|line:520| https://t.bilibili.com/1085690294173696017
2025-07-06 16:34:18,051|line:337| =========此为子动态=========
2025-07-06 16:34:20,473|line:388| *************原动态处理开始***************
2025-07-06 16:34:26,358|line:476| 转发成功 1086546264003182611
2025-07-06 16:34:29,792|line:495| 评论发送成功
2025-07-06 16:34:31,519|line:425| 429643625 === 已经关注了
2025-07-06 16:34:34,967|line:504| 动态-点赞 0
2025-07-06 16:34:34,967|line:397| *************原动态处理完成***************
2025-07-06 16:34:38,618|line:363| *********子动态开始*********
2025-07-06 16:34:48,090|line:476| 转发成功 1086546354211127382
2025-07-06 16:34:51,559|line:495| 评论发送成功
2025-07-06 16:34:56,419|line:425| 526479088 === 已经关注了
2025-07-06 16:34:56,419|line:377| ----完成一个子动态----
2025-07-06 16:35:05,800|line:476| 转发成功 1086546431512150016
2025-07-06 16:35:09,282|line:495| 评论发送成功
2025-07-06 16:35:16,080|line:425| 432158620 === 已经关注了
2025-07-06 16:35:16,080|line:377| ----完成一个子动态----
2025-07-06 16:35:26,379|line:476| 转发成功 1086546521705414664
2025-07-06 16:35:29,877|line:495| 评论发送成功
2025-07-06 16:35:33,807|line:425| 1024366005 === 已经关注了
2025-07-06 16:35:33,807|line:377| ----完成一个子动态----
2025-07-06 16:35:42,093|line:476| 转发成功 1086546586136215561
2025-07-06 16:35:45,570|line:495| 评论发送成功
2025-07-06 16:35:53,394|line:425| 1536750746 === 已经关注了
2025-07-06 16:35:53,394|line:377| ----完成一个子动态----
2025-07-06 16:35:53,394|line:382| *********子动态结束*********
2025-07-06 16:35:57,395|line:520| https://t.bilibili.com/1085702685170073633
2025-07-06 16:35:58,737|line:527| 官方 或 预约 OUT！
2025-07-06 16:35:58,738|line:520| https://t.bilibili.com/1085687407957770249
2025-07-06 16:36:01,130|line:342| =========此为源动态=========
2025-07-06 16:36:03,681|line:363| *********子动态开始*********
2025-07-06 16:36:03,681|line:382| *********子动态结束*********
2025-07-06 16:36:03,681|line:538| -=-=-=-=处理回最初的动态-=-=-=-=
2025-07-06 16:36:13,247|line:476| 转发成功 1086546723585654790
2025-07-06 16:36:16,748|line:495| 评论发送成功
2025-07-06 16:36:21,164|line:425| 162827591 === 已经关注了
2025-07-06 16:36:24,520|line:504| 动态-点赞 0
2025-07-06 16:36:25,520|line:520| https://t.bilibili.com/635932563238551585
2025-07-06 16:36:27,865|line:342| =========此为源动态=========
2025-07-06 16:36:29,255|line:363| *********子动态开始*********
2025-07-06 16:36:29,255|line:382| *********子动态结束*********
2025-07-06 16:36:29,255|line:538| -=-=-=-=处理回最初的动态-=-=-=-=
2025-07-06 16:36:36,531|line:476| 转发成功 1086546822337396741
2025-07-06 16:36:39,975|line:495| 评论发送成功
2025-07-06 16:36:41,392|line:425| 226257459 === 已经关注了
2025-07-06 16:36:44,755|line:504| 动态-点赞 0
2025-07-06 16:36:47,756|line:520| https://t.bilibili.com/1085645239987732482
2025-07-06 16:36:50,093|line:337| =========此为子动态=========
2025-07-06 16:36:53,514|line:401| *************原动态已存在***************
2025-07-06 16:36:58,057|line:363| *********子动态开始*********
2025-07-06 16:37:06,543|line:476| 转发成功 1086546951181172741
2025-07-06 16:37:10,053|line:495| 评论发送成功
2025-07-06 16:37:18,840|line:425| 436170053 === 已经关注了
2025-07-06 16:37:18,840|line:377| ----完成一个子动态----
2025-07-06 16:37:29,161|line:476| 转发成功 1086547049981149186
2025-07-06 16:37:32,705|line:495| 评论发送成功
2025-07-06 16:37:37,533|line:425| 1221637505 === 已经关注了
2025-07-06 16:37:37,533|line:377| ----完成一个子动态----
2025-07-06 16:37:47,896|line:476| 转发成功 1086547127286366212
2025-07-06 16:37:51,436|line:495| 评论发送成功
2025-07-06 16:37:57,279|line:425| 346469145 === 已经关注了
2025-07-06 16:37:57,280|line:377| ----完成一个子动态----
2025-07-06 16:38:07,672|line:476| 转发成功 1086547213176274952
2025-07-06 16:38:11,195|line:495| 评论发送成功
2025-07-06 16:38:17,994|line:425| 526479088 === 已经关注了
2025-07-06 16:38:17,994|line:377| ----完成一个子动态----
2025-07-06 16:38:25,464|line:476| 转发成功 1086547290505609234
2025-07-06 16:38:28,893|line:495| 评论发送成功
2025-07-06 16:38:32,779|line:425| 407029461 === 已经关注了
2025-07-06 16:38:32,779|line:377| ----完成一个子动态----
2025-07-06 16:38:32,780|line:382| *********子动态结束*********
2025-07-06 16:38:34,780|line:520| https://t.bilibili.com/1085610240293994533
2025-07-06 16:38:36,109|line:527| 官方 或 预约 OUT！
2025-07-06 16:38:36,109|line:520| https://t.bilibili.com/1085708917191737361
2025-07-06 16:38:40,447|line:342| =========此为源动态=========
2025-07-06 16:38:42,011|line:363| *********子动态开始*********
2025-07-06 16:38:42,012|line:382| *********子动态结束*********
2025-07-06 16:38:42,012|line:538| -=-=-=-=处理回最初的动态-=-=-=-=
2025-07-06 16:38:51,522|line:476| 转发成功 1086547402181050371
2025-07-06 16:38:54,843|line:495| 评论发送成功
2025-07-06 16:38:59,589|line:437| 关注 ==== 3546556598847987 0
2025-07-06 16:39:02,920|line:504| 动态-点赞 0
2025-07-06 16:39:04,920|line:520| https://t.bilibili.com/1086027633786880000
2025-07-06 16:39:06,224|line:342| =========此为源动态=========
2025-07-06 16:39:09,624|line:363| *********子动态开始*********
2025-07-06 16:39:09,624|line:382| *********子动态结束*********
2025-07-06 16:39:09,624|line:538| -=-=-=-=处理回最初的动态-=-=-=-=
2025-07-06 16:39:19,916|line:476| 转发成功 1086547522428600345
2025-07-06 16:39:23,326|line:495| 评论发送成功
2025-07-06 16:39:24,731|line:425| 211546822 === 已经关注了
2025-07-06 16:39:28,065|line:504| 动态-点赞 0
2025-07-06 16:39:32,065|line:520| https://t.bilibili.com/1085962487773265957
2025-07-06 16:39:36,467|line:342| =========此为源动态=========
2025-07-06 16:39:41,024|line:363| *********子动态开始*********
2025-07-06 16:39:41,024|line:382| *********子动态结束*********
2025-07-06 16:39:41,025|line:538| -=-=-=-=处理回最初的动态-=-=-=-=
2025-07-06 16:39:51,358|line:476| 转发成功 1086547659840290817
2025-07-06 16:39:54,672|line:495| 评论发送成功
2025-07-06 16:39:58,069|line:425| 166491016 === 已经关注了
2025-07-06 16:40:01,407|line:504| 动态-点赞 0
2025-07-06 16:40:04,408|line:520| https://t.bilibili.com/1085980848756359188
2025-07-06 16:40:06,709|line:527| 官方 或 预约 OUT！
2025-07-06 16:40:06,710|line:520| https://t.bilibili.com/1085980938918166528
2025-07-06 16:40:09,009|line:342| =========此为源动态=========
2025-07-06 16:40:12,521|line:363| *********子动态开始*********
2025-07-06 16:40:12,521|line:382| *********子动态结束*********
2025-07-06 16:40:12,521|line:538| -=-=-=-=处理回最初的动态-=-=-=-=
2025-07-06 16:40:20,694|line:476| 转发成功 1086547784435236882
2025-07-06 16:40:24,185|line:495| 评论发送成功
2025-07-06 16:40:27,598|line:425| 399259929 === 已经关注了
2025-07-06 16:40:30,933|line:504| 动态-点赞 0
2025-07-06 16:40:34,933|line:520| https://t.bilibili.com/1085762728811823126
2025-07-06 16:40:36,408|line:342| =========此为源动态=========
2025-07-06 16:40:39,939|line:363| *********子动态开始*********
2025-07-06 16:40:39,939|line:382| *********子动态结束*********
2025-07-06 16:40:39,939|line:538| -=-=-=-=处理回最初的动态-=-=-=-=
2025-07-06 16:40:49,347|line:476| 转发成功 1086547908947345412
2025-07-06 16:40:52,835|line:495| 评论发送成功
2025-07-06 16:40:57,394|line:425| 571307144 === 已经关注了
2025-07-06 16:41:00,777|line:504| 动态-点赞 0
2025-07-06 16:41:03,777|line:520| https://t.bilibili.com/1085709819104460804
2025-07-06 16:41:05,235|line:337| =========此为子动态=========
2025-07-06 16:41:07,666|line:388| *************原动态处理开始***************
2025-07-06 16:41:13,556|line:476| 转发成功 1086548012070600713
2025-07-06 16:41:17,019|line:495| 评论发送成功
2025-07-06 16:41:20,442|line:425| 1024366005 === 已经关注了
2025-07-06 16:41:23,838|line:504| 动态-点赞 0
2025-07-06 16:41:23,838|line:397| *************原动态处理完成***************
2025-07-06 16:41:26,379|line:363| *********子动态开始*********
2025-07-06 16:41:35,735|line:476| 转发成功 1086548106518986777
2025-07-06 16:41:39,210|line:495| 评论发送成功
2025-07-06 16:41:42,047|line:425| 346469145 === 已经关注了
2025-07-06 16:41:42,047|line:377| ----完成一个子动态----
2025-07-06 16:42:13,785|line:476| 转发成功 1086548269735084033
2025-07-06 16:42:17,277|line:495| 评论发送成功
2025-07-06 16:42:21,021|line:425| 505670427 === 已经关注了
2025-07-06 16:42:21,021|line:377| ----完成一个子动态----
2025-07-06 16:43:38,013|line:476| 转发成功 1086548630499754016
2025-07-06 16:43:41,517|line:495| 评论发送成功
2025-07-06 16:43:49,262|line:425| 242136088 === 已经关注了
2025-07-06 16:43:49,262|line:377| ----完成一个子动态----
2025-07-06 16:44:30,197|line:382| *********子动态结束*********
2025-07-06 16:44:31,198|line:520| https://t.bilibili.com/1085743375711207433
2025-07-06 16:44:34,508|line:527| 官方 或 预约 OUT！
2025-07-06 16:44:34,508|line:520| https://t.bilibili.com/1085660925232414754
2025-07-06 16:44:34,508|line:522| 已有
2025-07-06 16:44:34,508|line:520| https://t.bilibili.com/1085739883894407187
2025-07-06 16:44:38,800|line:527| 官方 或 预约 OUT！
2025-07-06 16:44:38,800|line:520| https://t.bilibili.com/1085717912960892937
2025-07-06 16:44:41,087|line:342| =========此为源动态=========
2025-07-06 16:44:42,428|line:363| *********子动态开始*********
2025-07-06 16:44:42,428|line:382| *********子动态结束*********
2025-07-06 16:44:42,428|line:538| -=-=-=-=处理回最初的动态-=-=-=-=
2025-07-06 16:44:49,643|line:476| 转发成功 1086548939777245205
2025-07-06 16:44:53,077|line:495| 评论发送成功
2025-07-06 16:44:55,466|line:425| 1815256098 === 已经关注了
2025-07-06 16:44:58,782|line:504| 动态-点赞 0
2025-07-06 16:45:02,782|line:520| https://t.bilibili.com/1083089820327084035
2025-07-06 16:45:02,783|line:522| 已有
2025-07-06 16:45:02,783|line:520| https://t.bilibili.com/1086027157080113205
2025-07-06 16:45:05,116|line:527| 官方 或 预约 OUT！
2025-07-06 16:45:05,116|line:520| https://t.bilibili.com/1085948937130475524
2025-07-06 16:45:06,424|line:342| =========此为源动态=========
2025-07-06 16:45:07,744|line:363| *********子动态开始*********
2025-07-06 16:45:07,744|line:382| *********子动态结束*********
2025-07-06 16:45:07,744|line:538| -=-=-=-=处理回最初的动态-=-=-=-=
2025-07-06 16:45:17,848|line:476| 转发成功 1086549060042620928
2025-07-06 16:45:21,266|line:495| 评论发送成功
2025-07-06 16:45:24,630|line:425| 1297094521 === 已经关注了
2025-07-06 16:45:27,978|line:504| 动态-点赞 0
2025-07-06 16:45:28,978|line:520| https://t.bilibili.com/1085700537696911369
2025-07-06 16:45:31,318|line:342| =========此为源动态=========
2025-07-06 16:45:33,877|line:363| *********子动态开始*********
2025-07-06 16:45:33,877|line:382| *********子动态结束*********
2025-07-06 16:45:33,877|line:538| -=-=-=-=处理回最初的动态-=-=-=-=
2025-07-06 16:45:45,294|line:476| 转发成功 1086549180312190979
2025-07-06 16:45:48,753|line:495| 评论发送成功
2025-07-06 16:45:50,180|line:425| 3546379639065219 === 已经关注了
2025-07-06 16:45:53,578|line:504| 动态-点赞 0
2025-07-06 16:45:55,578|line:520| https://t.bilibili.com/1085679127270260775
2025-07-06 16:45:58,963|line:527| 官方 或 预约 OUT！
2025-07-06 16:45:58,963|line:520| https://t.bilibili.com/1086041064191557635
2025-07-06 16:46:03,297|line:527| 官方 或 预约 OUT！
2025-07-06 16:46:03,297|line:520| https://t.bilibili.com/1085733647572533250
2025-07-06 16:46:04,621|line:527| 官方 或 预约 OUT！
2025-07-06 16:46:04,621|line:520| https://t.bilibili.com/1086037718394208279
2025-07-06 16:46:09,026|line:342| =========此为源动态=========
2025-07-06 16:46:11,357|line:363| *********子动态开始*********
2025-07-06 16:46:11,357|line:382| *********子动态结束*********
2025-07-06 16:46:11,358|line:538| -=-=-=-=处理回最初的动态-=-=-=-=
2025-07-06 16:46:20,521|line:476| 转发成功 1086549330630803456
2025-07-06 16:46:24,061|line:495| 评论发送成功
2025-07-06 16:46:28,452|line:425| 238623328 === 已经关注了
2025-07-06 16:46:31,777|line:504| 动态-点赞 0
2025-07-06 16:46:35,777|line:520| https://t.bilibili.com/1085723563035459591
2025-07-06 16:46:38,082|line:342| =========此为源动态=========
2025-07-06 16:46:41,422|line:363| *********子动态开始*********
2025-07-06 16:46:41,422|line:382| *********子动态结束*********
2025-07-06 16:46:41,422|line:538| -=-=-=-=处理回最初的动态-=-=-=-=
2025-07-06 16:46:50,574|line:476| 转发成功 1086549459470385175
2025-07-06 16:46:53,896|line:495| 评论发送成功
2025-07-06 16:46:57,284|line:425| 47994846 === 已经关注了
2025-07-06 16:47:00,621|line:504| 动态-点赞 0
2025-07-06 16:47:02,622|line:520| https://t.bilibili.com/1085988536701681683
2025-07-06 16:47:04,083|line:527| 官方 或 预约 OUT！
2025-07-06 16:47:04,083|line:520| https://t.bilibili.com/1085980814348386344
2025-07-06 16:47:06,378|line:527| 官方 或 预约 OUT！
2025-07-06 16:47:06,379|line:520| https://t.bilibili.com/1084544345386778633
2025-07-06 16:47:10,851|line:527| 官方 或 预约 OUT！
2025-07-06 16:47:10,851|line:520| https://t.bilibili.com/1085719216526458898
2025-07-06 16:47:12,154|line:527| 官方 或 预约 OUT！
2025-07-06 16:47:12,154|line:520| https://t.bilibili.com/1085710188459065428
2025-07-06 16:47:14,452|line:527| 官方 或 预约 OUT！
2025-07-06 16:47:14,452|line:520| https://t.bilibili.com/1085953150514364432
2025-07-06 16:47:18,930|line:337| =========此为子动态=========
2025-07-06 16:47:20,328|line:388| *************原动态处理开始***************
2025-07-06 16:47:28,124|line:476| 转发成功 1086549618392563783
2025-07-06 16:47:31,532|line:495| 评论发送成功
2025-07-06 16:47:34,913|line:425| 109778207 === 已经关注了
2025-07-06 16:47:38,238|line:504| 动态-点赞 0
2025-07-06 16:47:38,238|line:397| *************原动态处理完成***************
2025-07-06 16:47:40,817|line:363| *********子动态开始*********
2025-07-06 16:47:50,270|line:476| 转发成功 1086549717141159945
2025-07-06 16:47:53,673|line:495| 评论发送成功
2025-07-06 16:47:57,562|line:425| 493230543 === 已经关注了
2025-07-06 16:47:57,562|line:377| ----完成一个子动态----
2025-07-06 16:48:08,809|line:476| 转发成功 1086549794471542805
2025-07-06 16:48:12,237|line:495| 评论发送成功
2025-07-06 16:48:15,956|line:425| 397664175 === 已经关注了
2025-07-06 16:48:15,956|line:377| ----完成一个子动态----
2025-07-06 16:48:24,273|line:476| 转发成功 1086549863203602441
2025-07-06 16:48:27,761|line:495| 评论发送成功
2025-07-06 16:48:35,476|line:425| 479444311 === 已经关注了
2025-07-06 16:48:35,476|line:377| ----完成一个子动态----
2025-07-06 16:48:35,477|line:382| *********子动态结束*********
2025-07-06 16:48:36,477|line:520| https://t.bilibili.com/1085634068800864260
2025-07-06 16:48:40,781|line:342| =========此为源动态=========
2025-07-06 16:48:42,159|line:363| *********子动态开始*********
2025-07-06 16:48:42,159|line:382| *********子动态结束*********
2025-07-06 16:48:42,159|line:538| -=-=-=-=处理回最初的动态-=-=-=-=
2025-07-06 16:48:50,469|line:476| 转发成功 1086549974860169216
2025-07-06 16:48:53,913|line:495| 评论发送成功
2025-07-06 16:48:55,466|line:425| 40488476 === 已经关注了
2025-07-06 16:48:58,789|line:504| 动态-点赞 0
2025-07-06 16:48:59,789|line:520| https://t.bilibili.com/1085640631495163926
2025-07-06 16:49:03,084|line:527| 官方 或 预约 OUT！
2025-07-06 16:49:03,084|line:520| https://t.bilibili.com/1085965532869427200
2025-07-06 16:49:05,547|line:527| 官方 或 预约 OUT！
2025-07-06 16:49:05,548|line:520| https://t.bilibili.com/1085585346657255432
2025-07-06 16:49:05,548|line:522| 已有
2025-07-06 16:49:05,548|line:520| https://t.bilibili.com/1084607494306660361
2025-07-06 16:49:05,548|line:522| 已有
2025-07-06 16:49:05,548|line:520| https://t.bilibili.com/1085612675569811461
2025-07-06 16:49:09,851|line:342| =========此为源动态=========
2025-07-06 16:49:13,479|line:363| *********子动态开始*********
2025-07-06 16:49:13,479|line:382| *********子动态结束*********
2025-07-06 16:49:13,479|line:538| -=-=-=-=处理回最初的动态-=-=-=-=
2025-07-06 16:49:25,786|line:476| 转发成功 1086550125184024593
2025-07-06 16:49:29,262|line:495| 评论发送成功
2025-07-06 16:49:33,692|line:425| 315819794 === 已经关注了
2025-07-06 16:49:37,104|line:504| 动态-点赞 0
2025-07-06 16:49:41,105|line:520| https://t.bilibili.com/1085740656962306049
2025-07-06 16:49:45,611|line:527| 官方 或 预约 OUT！
2025-07-06 16:49:45,611|line:520| https://t.bilibili.com/1085980765010788369
2025-07-06 16:49:47,972|line:342| =========此为源动态=========
2025-07-06 16:49:49,375|line:363| *********子动态开始*********
2025-07-06 16:49:49,375|line:382| *********子动态结束*********
2025-07-06 16:49:49,376|line:538| -=-=-=-=处理回最初的动态-=-=-=-=
2025-07-06 16:49:59,684|line:476| 转发成功 1086550271206621207
2025-07-06 16:50:03,147|line:495| 评论发送成功
2025-07-06 16:50:07,569|line:425| 2026733267 === 已经关注了
2025-07-06 16:50:10,937|line:504| 动态-点赞 0
2025-07-06 16:50:13,938|line:520| https://t.bilibili.com/1085729537317142533
2025-07-06 16:50:17,270|line:527| 官方 或 预约 OUT！
2025-07-06 16:50:17,270|line:520| https://t.bilibili.com/1085758515480363029
2025-07-06 16:50:18,632|line:342| =========此为源动态=========
2025-07-06 16:50:22,991|line:363| *********子动态开始*********
2025-07-06 16:50:22,991|line:382| *********子动态结束*********
2025-07-06 16:50:22,991|line:538| -=-=-=-=处理回最初的动态-=-=-=-=
2025-07-06 16:50:32,456|line:476| 转发成功 1086550412940541957
2025-07-06 16:50:36,127|line:495| 评论发送成功
2025-07-06 16:50:40,548|line:425| 302951148 === 已经关注了
2025-07-06 16:50:43,973|line:504| 动态-点赞 0
2025-07-06 16:50:44,974|line:520| https://t.bilibili.com/1085721071922970647
2025-07-06 16:50:47,396|line:527| 官方 或 预约 OUT！
2025-07-06 16:50:47,396|line:520| https://t.bilibili.com/1085799051349196823
2025-07-06 16:50:50,691|line:527| 官方 或 预约 OUT！
2025-07-06 16:50:50,691|line:520| https://t.bilibili.com/1085714053978914857
2025-07-06 16:50:51,993|line:342| =========此为源动态=========
2025-07-06 16:50:55,539|line:363| *********子动态开始*********
2025-07-06 16:50:55,540|line:382| *********子动态结束*********
2025-07-06 16:50:55,540|line:538| -=-=-=-=处理回最初的动态-=-=-=-=
2025-07-06 16:51:07,775|line:476| 转发成功 1086550563243425801
2025-07-06 16:51:11,176|line:495| 评论发送成功
2025-07-06 16:51:15,576|line:425| 349976981 === 已经关注了
2025-07-06 16:51:18,943|line:504| 动态-点赞 0
2025-07-06 16:51:21,943|line:520| https://t.bilibili.com/1085675695593488387
2025-07-06 16:51:21,944|line:522| 已有
2025-07-06 16:51:21,944|line:520| https://t.bilibili.com/1085705910695755780
2025-07-06 16:51:25,436|line:527| 官方 或 预约 OUT！
2025-07-06 16:51:25,436|line:520| https://t.bilibili.com/1086001112393187332
2025-07-06 16:51:26,738|line:342| =========此为源动态=========
2025-07-06 16:51:28,246|line:363| *********子动态开始*********
2025-07-06 16:51:28,247|line:382| *********子动态结束*********
2025-07-06 16:51:28,247|line:538| -=-=-=-=处理回最初的动态-=-=-=-=
2025-07-06 16:51:36,400|line:476| 转发成功 1086550687832080384
2025-07-06 16:51:39,871|line:495| 评论发送成功
2025-07-06 16:51:44,797|line:437| 关注 ==== 3546696762002254 0
2025-07-06 16:51:48,291|line:504| 动态-点赞 0
2025-07-06 16:51:49,291|line:520| https://t.bilibili.com/1085949860534812724
2025-07-06 16:51:50,593|line:527| 官方 或 预约 OUT！
2025-07-06 16:51:50,593|line:520| https://t.bilibili.com/1086095698281103376
2025-07-06 16:51:51,888|line:342| =========此为源动态=========
2025-07-06 16:51:56,233|line:363| *********子动态开始*********
2025-07-06 16:51:56,234|line:382| *********子动态结束*********
2025-07-06 16:51:56,234|line:538| -=-=-=-=处理回最初的动态-=-=-=-=
2025-07-06 16:52:04,395|line:476| 转发成功 1086550808075436041
2025-07-06 16:52:07,838|line:495| 评论发送成功
2025-07-06 16:52:09,213|line:425| 302951148 === 已经关注了
2025-07-06 16:52:12,580|line:504| 动态-点赞 0
2025-07-06 16:52:14,581|line:520| https://t.bilibili.com/1086007997236248580
2025-07-06 16:52:18,952|line:527| 官方 或 预约 OUT！
2025-07-06 16:52:18,953|line:520| https://t.bilibili.com/1085774836321484823
2025-07-06 16:52:22,333|line:527| 官方 或 预约 OUT！
2025-07-06 16:52:22,333|line:520| https://t.bilibili.com/1085704682336157703
2025-07-06 16:52:24,674|line:342| =========此为源动态=========
2025-07-06 16:52:28,447|line:363| *********子动态开始*********
2025-07-06 16:52:28,447|line:382| *********子动态结束*********
2025-07-06 16:52:28,447|line:538| -=-=-=-=处理回最初的动态-=-=-=-=
2025-07-06 16:52:38,722|line:476| 转发成功 1086550954091741191
2025-07-06 16:52:42,038|line:495| 评论发送成功
2025-07-06 16:52:44,409|line:425| 3546740875594396 === 已经关注了
2025-07-06 16:52:47,790|line:504| 动态-点赞 0
2025-07-06 16:52:49,790|line:520| https://t.bilibili.com/1086062006429024274
2025-07-06 16:52:53,094|line:527| 官方 或 预约 OUT！
2025-07-06 16:52:53,094|line:520| https://t.bilibili.com/1085708165578752008
2025-07-06 16:52:55,435|line:527| 官方 或 预约 OUT！
2025-07-06 16:52:55,436|line:520| https://t.bilibili.com/1083491438439694359
2025-07-06 16:52:58,763|line:527| 官方 或 预约 OUT！
2025-07-06 16:52:58,764|line:520| https://t.bilibili.com/1085981544511701024
2025-07-06 16:53:00,236|line:527| 官方 或 预约 OUT！
2025-07-06 16:53:00,236|line:520| https://t.bilibili.com/1085694335769378819
2025-07-06 16:53:02,533|line:527| 官方 或 预约 OUT！
2025-07-06 16:53:02,533|line:520| https://t.bilibili.com/1085702451124764693
2025-07-06 16:53:05,842|line:342| =========此为源动态=========
2025-07-06 16:53:07,205|line:363| *********子动态开始*********
2025-07-06 16:53:07,205|line:382| *********子动态结束*********
2025-07-06 16:53:07,206|line:538| -=-=-=-=处理回最初的动态-=-=-=-=
2025-07-06 16:53:19,461|line:476| 转发成功 1086551130220003329
2025-07-06 16:53:22,858|line:495| 评论发送成功
2025-07-06 16:53:27,255|line:425| 3546642129094759 === 已经关注了
2025-07-06 16:53:30,760|line:504| 动态-点赞 0
2025-07-06 16:53:32,760|line:520| https://t.bilibili.com/1086036034793242676
2025-07-06 16:53:34,063|line:527| 官方 或 预约 OUT！
2025-07-06 16:53:34,063|line:520| https://t.bilibili.com/1085666281048244233
2025-07-06 16:53:36,392|line:527| 官方 或 预约 OUT！
2025-07-06 16:53:36,393|line:520| https://t.bilibili.com/1085730984708538376
2025-07-06 16:53:39,866|line:527| 官方 或 预约 OUT！
2025-07-06 16:53:39,867|line:520| https://t.bilibili.com/1085690878332239875
2025-07-06 16:53:39,867|line:522| 已有
2025-07-06 16:53:39,867|line:520| https://t.bilibili.com/1085684719319777284
2025-07-06 16:53:41,169|line:337| =========此为子动态=========
2025-07-06 16:53:44,676|line:401| *************原动态已存在***************
2025-07-06 16:53:48,043|line:363| *********子动态开始*********
2025-07-06 16:56:08,923|line:382| *********子动态结束*********
2025-07-06 16:56:08,923|line:538| -=-=-=-=处理回最初的动态-=-=-=-=
2025-07-06 16:56:16,086|line:476| 转发成功 1086551886139490329
2025-07-06 16:56:19,501|line:495| 评论发送成功
2025-07-06 16:56:20,896|line:425| 485422279 === 已经关注了
2025-07-06 16:56:24,224|line:504| 动态-点赞 0
2025-07-06 16:56:28,224|line:520| https://t.bilibili.com/1086013864134311943
2025-07-06 16:56:32,616|line:342| =========此为源动态=========
2025-07-06 16:56:36,037|line:363| *********子动态开始*********
2025-07-06 16:56:36,037|line:382| *********子动态结束*********
2025-07-06 16:56:36,037|line:538| -=-=-=-=处理回最初的动态-=-=-=-=
2025-07-06 16:56:44,187|line:476| 转发成功 1086552010689347590
2025-07-06 16:56:47,711|line:495| 评论发送成功
2025-07-06 16:56:52,123|line:425| 238623328 === 已经关注了
2025-07-06 16:56:55,487|line:504| 动态-点赞 0
2025-07-06 16:56:58,488|line:520| https://t.bilibili.com/1083383168784924674
2025-07-06 16:56:58,488|line:522| 已有
2025-07-06 16:56:58,488|line:520| https://t.bilibili.com/1085992535357128744
2025-07-06 16:57:01,875|line:527| 官方 或 预约 OUT！
2025-07-06 16:57:01,875|line:520| https://t.bilibili.com/1085956517742510104
2025-07-06 16:57:04,210|line:342| =========此为源动态=========
2025-07-06 16:57:07,776|line:363| *********子动态开始*********
2025-07-06 16:57:07,777|line:382| *********子动态结束*********
2025-07-06 16:57:07,777|line:538| -=-=-=-=处理回最初的动态-=-=-=-=
2025-07-06 16:57:18,063|line:476| 转发成功 1086552152427462674
2025-07-06 16:57:21,495|line:495| 评论发送成功
2025-07-06 16:57:24,918|line:425| 166491016 === 已经关注了
2025-07-06 16:57:28,486|line:504| 动态-点赞 0
2025-07-06 16:57:29,487|line:520| https://t.bilibili.com/1085733377034682392
2025-07-06 16:57:30,880|line:342| =========此为源动态=========
2025-07-06 16:57:35,270|line:363| *********子动态开始*********
2025-07-06 16:57:35,270|line:382| *********子动态结束*********
2025-07-06 16:57:35,270|line:538| -=-=-=-=处理回最初的动态-=-=-=-=
2025-07-06 16:57:44,439|line:476| 转发成功 1086552268349636609
2025-07-06 16:57:47,762|line:495| 评论发送成功
2025-07-06 16:57:52,192|line:425| 476645168 === 已经关注了
2025-07-06 16:57:55,560|line:504| 动态-点赞 0
2025-07-06 16:57:56,560|line:553| 执行结束
2025-07-06 16:57:56,561|line:559| ==================================================2025-07-07 00:57==================================================
2025-07-06 16:57:56,561|line:233| processing article 42237200
2025-07-06 16:58:01,623|line:508| ==================================================2025-07-07 00:58==================================================
2025-07-06 16:58:01,623|line:520| https://t.bilibili.com/1083098899899482112
2025-07-06 16:58:04,144|line:342| =========此为源动态=========
2025-07-06 16:58:08,522|line:363| *********子动态开始*********
2025-07-06 16:58:15,308|line:382| *********子动态结束*********
2025-07-06 16:58:15,309|line:538| -=-=-=-=处理回最初的动态-=-=-=-=
2025-07-06 16:58:24,632|line:476| 转发成功 1086552440152522761
2025-07-06 16:58:28,043|line:495| 评论发送成功
2025-07-06 16:58:29,414|line:425| 3546665342470199 === 已经关注了
2025-07-06 16:58:32,741|line:504| 动态-点赞 0
2025-07-06 16:58:33,741|line:520| https://t.bilibili.com/1082354953621602356
2025-07-06 16:58:38,207|line:342| =========此为源动态=========
2025-07-06 16:58:39,702|line:363| *********子动态开始*********
2025-07-06 16:58:39,702|line:382| *********子动态结束*********
2025-07-06 16:58:39,703|line:538| -=-=-=-=处理回最初的动态-=-=-=-=
2025-07-06 16:58:48,977|line:476| 转发成功 1086552543228592153
2025-07-06 16:58:52,454|line:495| 评论发送成功
2025-07-06 16:58:53,863|line:425| 112025951 === 已经关注了
2025-07-06 16:58:57,226|line:504| 动态-点赞 0
2025-07-06 16:58:59,226|line:520| https://t.bilibili.com/1084287688872296489
2025-07-06 16:58:59,227|line:522| 已有
2025-07-06 16:58:59,227|line:520| https://t.bilibili.com/1084935215345827844
2025-07-06 16:59:01,726|line:342| =========此为源动态=========
2025-07-06 16:59:03,282|line:363| *********子动态开始*********
2025-07-06 16:59:03,282|line:382| *********子动态结束*********
2025-07-06 16:59:03,283|line:538| -=-=-=-=处理回最初的动态-=-=-=-=
2025-07-06 16:59:11,584|line:476| 转发成功 1086552642047442948
2025-07-06 16:59:15,063|line:495| 评论发送成功
2025-07-06 16:59:18,478|line:425| 187878266 === 已经关注了
2025-07-06 16:59:21,840|line:504| 动态-点赞 0
2025-07-06 16:59:23,841|line:520| https://t.bilibili.com/1075955278368735257
2025-07-06 16:59:27,174|line:527| 官方 或 预约 OUT！
2025-07-06 16:59:27,175|line:520| https://t.bilibili.com/1079288327613448195
2025-07-06 16:59:31,506|line:527| 官方 或 预约 OUT！
2025-07-06 16:59:31,506|line:520| https://t.bilibili.com/1076038774661578761
2025-07-06 16:59:31,506|line:522| 已有
2025-07-06 16:59:31,507|line:520| https://t.bilibili.com/1081621439764758536
2025-07-06 16:59:31,507|line:522| 已有
2025-07-06 16:59:31,507|line:520| https://t.bilibili.com/1072010954354458641
2025-07-06 16:59:35,881|line:342| =========此为源动态=========
2025-07-06 16:59:39,417|line:363| *********子动态开始*********
2025-07-06 16:59:39,417|line:382| *********子动态结束*********
2025-07-06 16:59:39,417|line:538| -=-=-=-=处理回最初的动态-=-=-=-=
2025-07-06 16:59:48,842|line:476| 转发成功 1086552800912998402
2025-07-06 16:59:52,310|line:495| 评论发送成功
2025-07-06 16:59:56,725|line:425| 200935985 === 已经关注了
2025-07-06 17:00:00,121|line:504| 动态-点赞 0
2025-07-06 17:00:04,122|line:520| https://t.bilibili.com/1080492670825005081
2025-07-06 17:00:05,453|line:527| 官方 或 预约 OUT！
2025-07-06 17:00:05,453|line:520| https://t.bilibili.com/1085276263645446162
2025-07-06 17:00:07,794|line:342| =========此为源动态=========
2025-07-06 17:00:11,338|line:363| *********子动态开始*********
2025-07-06 17:00:11,338|line:382| *********子动态结束*********
2025-07-06 17:00:11,338|line:538| -=-=-=-=处理回最初的动态-=-=-=-=
2025-07-06 17:00:17,615|line:476| 转发成功 1086552925485924360
2025-07-06 17:00:21,135|line:495| 评论发送成功
2025-07-06 17:00:23,550|line:425| 397664175 === 已经关注了
2025-07-06 17:00:26,884|line:504| 动态-点赞 0
2025-07-06 17:00:29,884|line:520| https://t.bilibili.com/1084861223784153110
2025-07-06 17:00:34,223|line:342| =========此为源动态=========
2025-07-06 17:00:35,722|line:363| *********子动态开始*********
2025-07-06 17:00:35,722|line:382| *********子动态结束*********
2025-07-06 17:00:35,723|line:538| -=-=-=-=处理回最初的动态-=-=-=-=
2025-07-06 17:00:44,907|line:476| 转发成功 1086553041455284249
2025-07-06 17:00:48,318|line:495| 评论发送成功
2025-07-06 17:00:49,733|line:425| 1676248821 === 已经关注了
2025-07-06 17:00:53,232|line:504| 动态-点赞 0
2025-07-06 17:00:57,233|line:520| https://t.bilibili.com/1083756394976378902
2025-07-06 17:01:00,558|line:337| =========此为子动态=========
2025-07-06 17:01:01,967|line:388| *************原动态处理开始***************
2025-07-06 17:01:08,856|line:476| 转发成功 1086553144546033673
2025-07-06 17:01:12,269|line:495| 评论发送成功
2025-07-06 17:01:20,108|line:437| 关注 ==== 3546872845175600 0
2025-07-06 17:01:23,446|line:504| 动态-点赞 0
2025-07-06 17:01:23,446|line:397| *************原动态处理完成***************
2025-07-06 17:01:25,959|line:363| *********子动态开始*********
2025-07-06 17:01:34,201|line:476| 转发成功 1086553256215183364
2025-07-06 17:01:37,631|line:495| 评论发送成功
2025-07-06 17:01:43,408|line:425| 3546872845175600 === 已经关注了
2025-07-06 17:01:43,409|line:377| ----完成一个子动态----
2025-07-06 17:01:43,409|line:382| *********子动态结束*********
2025-07-06 17:01:46,410|line:520| https://t.bilibili.com/1075256182246998040
2025-07-06 17:01:46,410|line:522| 已有
2025-07-06 17:01:46,410|line:553| 执行结束
2025-07-06 17:01:46,411|line:559| ==================================================2025-07-07 01:01==================================================
2025-07-06 17:01:46,411|line:233| processing article 42230285
2025-07-06 17:01:50,588|line:508| ==================================================2025-07-07 01:01==================================================
2025-07-06 17:01:50,588|line:520| https://t.bilibili.com/1075322341948391440
2025-07-06 17:01:52,928|line:527| 官方 或 预约 OUT！
2025-07-06 17:01:52,929|line:520| https://t.bilibili.com/1072721756424241153
2025-07-06 17:01:56,313|line:527| 官方 或 预约 OUT！
2025-07-06 17:01:56,313|line:520| https://t.bilibili.com/1082783761008951298
2025-07-06 17:02:00,651|line:527| 官方 或 预约 OUT！
2025-07-06 17:02:00,652|line:520| https://t.bilibili.com/1074819152174120965
2025-07-06 17:02:00,652|line:522| 已有
2025-07-06 17:02:00,652|line:520| https://t.bilibili.com/1084884635669758009
2025-07-06 17:02:02,992|line:342| =========此为源动态=========
2025-07-06 17:02:05,429|line:363| *********子动态开始*********
2025-07-06 17:02:05,429|line:382| *********子动态结束*********
2025-07-06 17:02:05,430|line:538| -=-=-=-=处理回最初的动态-=-=-=-=
2025-07-06 17:02:12,666|line:476| 转发成功 1086553419401920518
2025-07-06 17:02:15,989|line:495| 评论发送成功
2025-07-06 17:02:20,728|line:437| 关注 ==== 54043889 0
2025-07-06 17:02:24,277|line:504| 动态-点赞 0
2025-07-06 17:02:27,277|line:520| https://t.bilibili.com/1075575448650383360
2025-07-06 17:02:29,616|line:527| 官方 或 预约 OUT！
2025-07-06 17:02:29,616|line:520| https://t.bilibili.com/1081873172067778567
2025-07-06 17:02:31,927|line:342| =========此为源动态=========
2025-07-06 17:02:34,262|line:363| *********子动态开始*********
2025-07-06 17:02:34,263|line:382| *********子动态结束*********
2025-07-06 17:02:34,263|line:538| -=-=-=-=处理回最初的动态-=-=-=-=
2025-07-06 17:02:42,430|line:476| 转发成功 1086553548245696516
2025-07-06 17:02:45,868|line:495| 评论发送成功
2025-07-06 17:02:50,245|line:425| 320772050 === 已经关注了
2025-07-06 17:02:53,770|line:504| 动态-点赞 0
2025-07-06 17:02:55,770|line:520| https://t.bilibili.com/1082783176876621831
2025-07-06 17:02:59,071|line:527| 官方 或 预约 OUT！
2025-07-06 17:02:59,071|line:553| 执行结束
2025-07-06 17:02:59,072|line:559| ==================================================2025-07-07 01:02==================================================
2025-07-06 17:02:59,072|line:233| processing article 42237284
2025-07-06 17:03:01,379|line:508| ==================================================2025-07-07 01:03==================================================
2025-07-06 17:03:01,379|line:520| https://t.bilibili.com/1086312003573645330
2025-07-06 17:03:04,679|line:342| =========此为源动态=========
2025-07-06 17:03:07,059|line:363| *********子动态开始*********
2025-07-06 17:03:07,059|line:382| *********子动态结束*********
2025-07-06 17:03:07,059|line:538| -=-=-=-=处理回最初的动态-=-=-=-=
2025-07-06 17:03:18,375|line:476| 转发成功 1086553702912753667
2025-07-06 17:03:21,791|line:495| 评论发送成功
2025-07-06 17:03:26,586|line:437| 关注 ==== 598612262 0
2025-07-06 17:03:29,926|line:504| 动态-点赞 0
2025-07-06 17:03:33,927|line:520| https://t.bilibili.com/1085705068913623049
2025-07-06 17:03:35,399|line:342| =========此为源动态=========
2025-07-06 17:03:37,901|line:363| *********子动态开始*********
2025-07-06 17:03:37,901|line:382| *********子动态结束*********
2025-07-06 17:03:37,902|line:538| -=-=-=-=处理回最初的动态-=-=-=-=
2025-07-06 17:03:46,253|line:476| 转发成功 1086553823139332097
2025-07-06 17:03:49,788|line:495| 评论发送成功
2025-07-06 17:03:54,216|line:425| 36081646 === 已经关注了
2025-07-06 17:03:57,585|line:504| 动态-点赞 0
2025-07-06 17:03:59,585|line:520| https://t.bilibili.com/1086114478074888214
2025-07-06 17:04:02,979|line:342| =========此为源动态=========
2025-07-06 17:04:07,483|line:363| *********子动态开始*********
2025-07-06 17:04:07,483|line:382| *********子动态结束*********
2025-07-06 17:04:07,483|line:538| -=-=-=-=处理回最初的动态-=-=-=-=
2025-07-06 17:04:13,925|line:476| 转发成功 1086553939089817616
2025-07-06 17:04:17,370|line:495| 评论发送成功
2025-07-06 17:04:20,773|line:425| 100680137 === 已经关注了
2025-07-06 17:04:24,094|line:504| 动态-点赞 0
2025-07-06 17:04:28,095|line:520| https://t.bilibili.com/1083056877927923717
2025-07-06 17:04:28,095|line:522| 已有
2025-07-06 17:04:28,095|line:520| https://t.bilibili.com/1085934379328340023
2025-07-06 17:04:30,395|line:342| =========此为源动态=========
2025-07-06 17:04:31,899|line:363| *********子动态开始*********
2025-07-06 17:04:31,899|line:382| *********子动态结束*********
2025-07-06 17:04:31,900|line:538| -=-=-=-=处理回最初的动态-=-=-=-=
2025-07-06 17:04:41,024|line:476| 转发成功 1086554055062323203
2025-07-06 17:04:44,522|line:495| 评论发送成功
2025-07-06 17:04:47,954|line:425| 433865481 === 已经关注了
2025-07-06 17:04:51,304|line:504| 动态-点赞 0
2025-07-06 17:04:55,304|line:520| https://t.bilibili.com/1085985057794949137
2025-07-06 17:04:59,606|line:342| =========此为源动态=========
2025-07-06 17:05:04,168|line:363| *********子动态开始*********
2025-07-06 17:05:04,168|line:382| *********子动态结束*********
2025-07-06 17:05:04,168|line:538| -=-=-=-=处理回最初的动态-=-=-=-=
2025-07-06 17:05:14,452|line:476| 转发成功 1086554201097502723
2025-07-06 17:05:17,918|line:495| 评论发送成功
2025-07-06 17:05:20,304|line:425| 1845213301 === 已经关注了
2025-07-06 17:05:23,629|line:504| 动态-点赞 0
2025-07-06 17:05:25,630|line:520| https://t.bilibili.com/1035593318931628032
2025-07-06 17:05:29,955|line:527| 官方 或 预约 OUT！
2025-07-06 17:05:29,955|line:520| https://t.bilibili.com/1086372300641534004
2025-07-06 17:05:34,296|line:342| =========此为源动态=========
2025-07-06 17:05:36,800|line:363| *********子动态开始*********
2025-07-06 17:05:36,800|line:382| *********子动态结束*********
2025-07-06 17:05:36,800|line:538| -=-=-=-=处理回最初的动态-=-=-=-=
2025-07-06 17:05:47,071|line:476| 转发成功 1086554338560573463
2025-07-06 17:05:50,535|line:495| 评论发送成功
2025-07-06 17:05:55,330|line:437| 关注 ==== 3546820108093745 0
2025-07-06 17:05:58,659|line:504| 动态-点赞 0
2025-07-06 17:06:01,660|line:520| https://t.bilibili.com/1086149572215963654
2025-07-06 17:06:04,272|line:342| =========此为源动态=========
2025-07-06 17:06:06,760|line:363| *********子动态开始*********
2025-07-06 17:06:06,760|line:382| *********子动态结束*********
2025-07-06 17:06:06,761|line:538| -=-=-=-=处理回最初的动态-=-=-=-=
2025-07-06 17:06:16,024|line:476| 转发成功 1086554463096799248
2025-07-06 17:06:19,437|line:495| 评论发送成功
2025-07-06 17:06:25,204|line:437| 关注 ==== 3546865815522079 0
2025-07-06 17:06:28,576|line:504| 动态-点赞 0
2025-07-06 17:06:32,576|line:520| https://t.bilibili.com/1086038238105174036
2025-07-06 17:06:33,874|line:527| 官方 或 预约 OUT！
2025-07-06 17:06:33,874|line:520| https://t.bilibili.com/1085679127270260775
2025-07-06 17:06:36,176|line:527| 官方 或 预约 OUT！
2025-07-06 17:06:36,176|line:520| https://t.bilibili.com/1086037718394208279
2025-07-06 17:06:36,176|line:522| 已有
2025-07-06 17:06:36,176|line:520| https://t.bilibili.com/1086117226844520489
2025-07-06 17:06:39,480|line:342| =========此为源动态=========
2025-07-06 17:06:42,032|line:363| *********子动态开始*********
2025-07-06 17:06:42,032|line:382| *********子动态结束*********
2025-07-06 17:06:42,032|line:538| -=-=-=-=处理回最初的动态-=-=-=-=
2025-07-06 17:06:50,253|line:476| 转发成功 1086554613424848902
2025-07-06 17:06:53,687|line:495| 评论发送成功
2025-07-06 17:06:59,507|line:437| 关注 ==== 21675989 0
2025-07-06 17:07:02,885|line:504| 动态-点赞 0
2025-07-06 17:07:04,885|line:520| https://t.bilibili.com/1086413210228097028
2025-07-06 17:07:09,185|line:527| 官方 或 预约 OUT！
2025-07-06 17:07:09,185|line:520| https://t.bilibili.com/1085609679790276649
2025-07-06 17:07:11,654|line:342| =========此为源动态=========
2025-07-06 17:07:14,167|line:363| *********子动态开始*********
2025-07-06 17:07:14,167|line:382| *********子动态结束*********
2025-07-06 17:07:14,168|line:538| -=-=-=-=处理回最初的动态-=-=-=-=
2025-07-06 17:07:24,522|line:476| 转发成功 1086554759468417025
2025-07-06 17:07:27,946|line:495| 评论发送成功
2025-07-06 17:07:33,707|line:437| 关注 ==== 1740827542 0
2025-07-06 17:07:37,206|line:504| 动态-点赞 0
2025-07-06 17:07:38,206|line:520| https://t.bilibili.com/1086087814917914631
2025-07-06 17:07:39,507|line:342| =========此为源动态=========
2025-07-06 17:07:41,843|line:363| *********子动态开始*********
2025-07-06 17:07:41,843|line:382| *********子动态结束*********
2025-07-06 17:07:41,843|line:538| -=-=-=-=处理回最初的动态-=-=-=-=
2025-07-06 17:07:50,124|line:476| 转发成功 1086554871127080969
2025-07-06 17:07:53,526|line:495| 评论发送成功
2025-07-06 17:07:57,899|line:425| 12147390 === 已经关注了
2025-07-06 17:08:01,225|line:504| 动态-点赞 0
2025-07-06 17:08:02,226|line:520| https://t.bilibili.com/1086444621466173475
2025-07-06 17:08:05,546|line:342| =========此为源动态=========
2025-07-06 17:08:08,078|line:363| *********子动态开始*********
2025-07-06 17:08:08,078|line:382| *********子动态结束*********
2025-07-06 17:08:08,078|line:538| -=-=-=-=处理回最初的动态-=-=-=-=
2025-07-06 17:08:14,246|line:476| 转发成功 1086554974185324549
2025-07-06 17:08:17,647|line:495| 评论发送成功
2025-07-06 17:08:19,019|line:425| 326499679 === 已经关注了
2025-07-06 17:08:22,339|line:504| 动态-点赞 0
2025-07-06 17:08:23,340|line:520| https://t.bilibili.com/1084544345386778633
2025-07-06 17:08:25,630|line:527| 官方 或 预约 OUT！
2025-07-06 17:08:25,630|line:520| https://t.bilibili.com/1086076587837751313
2025-07-06 17:08:26,915|line:527| 官方 或 预约 OUT！
2025-07-06 17:08:26,915|line:520| https://t.bilibili.com/1078255074420981765
2025-07-06 17:08:30,202|line:527| 官方 或 预约 OUT！
2025-07-06 17:08:30,202|line:520| https://t.bilibili.com/1086179551087689750
2025-07-06 17:08:31,488|line:527| 官方 或 预约 OUT！
2025-07-06 17:08:31,488|line:520| https://t.bilibili.com/1086382773930819609
2025-07-06 17:08:32,778|line:342| =========此为源动态=========
2025-07-06 17:08:36,144|line:363| *********子动态开始*********
2025-07-06 17:08:36,145|line:382| *********子动态结束*********
2025-07-06 17:08:36,145|line:538| -=-=-=-=处理回最初的动态-=-=-=-=
2025-07-06 17:08:45,360|line:476| 转发成功 1086555107367059465
2025-07-06 17:08:48,781|line:495| 评论发送成功
2025-07-06 17:08:52,151|line:425| 406948276 === 已经关注了
2025-07-06 17:08:55,468|line:504| 动态-点赞 0
2025-07-06 17:08:59,469|line:520| https://t.bilibili.com/1086352084260880390
2025-07-06 17:09:03,800|line:342| =========此为源动态=========
2025-07-06 17:09:06,319|line:363| *********子动态开始*********
2025-07-06 17:09:06,319|line:382| *********子动态结束*********
2025-07-06 17:09:06,319|line:538| -=-=-=-=处理回最初的动态-=-=-=-=
2025-07-06 17:09:16,494|line:476| 转发成功 1086555240456519687
2025-07-06 17:09:20,181|line:495| 评论发送成功
2025-07-06 17:09:21,565|line:425| 406948276 === 已经关注了
2025-07-06 17:09:25,066|line:504| 动态-点赞 0
2025-07-06 17:09:27,067|line:520| https://t.bilibili.com/1086441260639584261
2025-07-06 17:09:30,550|line:527| 官方 或 预约 OUT！
2025-07-06 17:09:30,550|line:520| https://t.bilibili.com/1086050968373559301
2025-07-06 17:09:33,848|line:342| =========此为源动态=========
2025-07-06 17:09:37,395|line:363| *********子动态开始*********
2025-07-06 17:09:37,395|line:382| *********子动态结束*********
2025-07-06 17:09:37,396|line:538| -=-=-=-=处理回最初的动态-=-=-=-=
2025-07-06 17:09:48,572|line:476| 转发成功 1086555377922736131
2025-07-06 17:09:52,011|line:495| 评论发送成功
2025-07-06 17:09:57,808|line:437| 关注 ==== 3493144779819764 0
2025-07-06 17:10:01,169|line:504| 动态-点赞 0
2025-07-06 17:10:03,169|line:520| https://t.bilibili.com/1086413697695350801
2025-07-06 17:10:06,477|line:342| =========此为源动态=========
2025-07-06 17:10:11,010|line:363| *********子动态开始*********
2025-07-06 17:10:11,010|line:382| *********子动态结束*********
2025-07-06 17:10:11,010|line:538| -=-=-=-=处理回最初的动态-=-=-=-=
2025-07-06 17:10:20,208|line:476| 转发成功 1086555515367981059
2025-07-06 17:10:23,630|line:495| 评论发送成功
2025-07-06 17:10:27,077|line:425| 3850213 === 已经关注了
2025-07-06 17:10:30,403|line:504| 动态-点赞 0
2025-07-06 17:10:34,403|line:520| https://t.bilibili.com/1086341819250245650
2025-07-06 17:10:38,697|line:527| 官方 或 预约 OUT！
2025-07-06 17:10:38,697|line:520| https://t.bilibili.com/1086351850165239812
2025-07-06 17:10:42,002|line:342| =========此为源动态=========
2025-07-06 17:10:46,512|line:363| *********子动态开始*********
2025-07-06 17:10:46,512|line:382| *********子动态结束*********
2025-07-06 17:10:46,513|line:538| -=-=-=-=处理回最初的动态-=-=-=-=
2025-07-06 17:10:56,776|line:476| 转发成功 1086555669992046596
2025-07-06 17:11:00,189|line:495| 评论发送成功
2025-07-06 17:11:01,566|line:425| 3494354823940360 === 已经关注了
2025-07-06 17:11:04,889|line:504| 动态-点赞 0
2025-07-06 17:11:06,889|line:520| https://t.bilibili.com/1086413697702690816
2025-07-06 17:11:11,496|line:342| =========此为源动态=========
2025-07-06 17:11:16,022|line:363| *********子动态开始*********
2025-07-06 17:11:16,023|line:382| *********子动态结束*********
2025-07-06 17:11:16,023|line:538| -=-=-=-=处理回最初的动态-=-=-=-=
2025-07-06 17:11:25,316|line:476| 转发成功 1086555794513592345
2025-07-06 17:11:28,735|line:495| 评论发送成功
2025-07-06 17:11:36,596|line:437| 关注 ==== 149592 0
2025-07-06 17:11:39,926|line:504| 动态-点赞 0
2025-07-06 17:11:42,926|line:520| https://t.bilibili.com/1084579074511208489
2025-07-06 17:11:45,387|line:527| 官方 或 预约 OUT！
2025-07-06 17:11:45,388|line:520| https://t.bilibili.com/1086344752746463282
2025-07-06 17:11:48,752|line:527| 官方 或 预约 OUT！
2025-07-06 17:11:48,752|line:520| https://t.bilibili.com/1080141707549343768
2025-07-06 17:11:52,102|line:527| 官方 或 预约 OUT！
2025-07-06 17:11:52,102|line:520| https://t.bilibili.com/1086351979015307283
2025-07-06 17:11:53,404|line:527| 官方 或 预约 OUT！
2025-07-06 17:11:53,405|line:520| https://t.bilibili.com/1086095698281103376
2025-07-06 17:11:53,405|line:522| 已有
2025-07-06 17:11:53,405|line:520| https://t.bilibili.com/1086337537177288708
2025-07-06 17:11:54,705|line:342| =========此为源动态=========
2025-07-06 17:11:59,282|line:363| *********子动态开始*********
2025-07-06 17:11:59,282|line:382| *********子动态结束*********
2025-07-06 17:11:59,283|line:538| -=-=-=-=处理回最初的动态-=-=-=-=
2025-07-06 17:12:07,763|line:476| 转发成功 1086555974921093123
2025-07-06 17:12:11,169|line:495| 评论发送成功
2025-07-06 17:12:17,909|line:437| 关注 ==== 84736704 0
2025-07-06 17:12:21,451|line:504| 动态-点赞 0
2025-07-06 17:12:24,451|line:520| https://t.bilibili.com/1086444911337668609
2025-07-06 17:12:26,757|line:342| =========此为源动态=========
2025-07-06 17:12:28,330|line:363| *********子动态开始*********
2025-07-06 17:12:28,330|line:382| *********子动态结束*********
2025-07-06 17:12:28,331|line:538| -=-=-=-=处理回最初的动态-=-=-=-=
2025-07-06 17:12:36,520|line:476| 转发成功 1086556099497164803
2025-07-06 17:12:39,928|line:495| 评论发送成功
2025-07-06 17:12:44,683|line:437| 关注 ==== 444815994 0
2025-07-06 17:12:48,006|line:504| 动态-点赞 0
2025-07-06 17:12:51,006|line:520| https://t.bilibili.com/1086444692303773697
2025-07-06 17:12:54,363|line:342| =========此为源动态=========
2025-07-06 17:12:55,745|line:363| *********子动态开始*********
2025-07-06 17:12:55,745|line:382| *********子动态结束*********
2025-07-06 17:12:55,745|line:538| -=-=-=-=处理回最初的动态-=-=-=-=
2025-07-06 17:13:04,997|line:476| 转发成功 1086556219742617622
2025-07-06 17:13:08,399|line:495| 评论发送成功
2025-07-06 17:13:12,962|line:425| 86865890 === 已经关注了
2025-07-06 17:13:16,290|line:504| 动态-点赞 0
2025-07-06 17:13:20,290|line:520| https://t.bilibili.com/1086059055817949207
2025-07-06 17:13:24,713|line:527| 官方 或 预约 OUT！
2025-07-06 17:13:24,713|line:520| https://t.bilibili.com/1086320926420631557
2025-07-06 17:13:29,225|line:342| =========此为源动态=========
2025-07-06 17:13:31,816|line:363| *********子动态开始*********
2025-07-06 17:13:31,816|line:382| *********子动态结束*********
2025-07-06 17:13:31,816|line:538| -=-=-=-=处理回最初的动态-=-=-=-=
2025-07-06 17:13:41,099|line:476| 转发成功 1086556374360391680
2025-07-06 17:13:44,529|line:495| 评论发送成功
2025-07-06 17:13:45,928|line:425| 444815994 === 已经关注了
2025-07-06 17:13:49,259|line:504| 动态-点赞 0
2025-07-06 17:13:53,259|line:520| https://t.bilibili.com/1085967912315912194
2025-07-06 17:13:55,630|line:527| 官方 或 预约 OUT！
2025-07-06 17:13:55,631|line:520| https://t.bilibili.com/1085958725358845969
2025-07-06 17:13:57,972|line:342| =========此为源动态=========
2025-07-06 17:14:01,704|line:363| *********子动态开始*********
2025-07-06 17:14:01,704|line:382| *********子动态结束*********
2025-07-06 17:14:01,704|line:538| -=-=-=-=处理回最初的动态-=-=-=-=
2025-07-06 17:14:11,879|line:476| 转发成功 1086556507513815042
2025-07-06 17:14:15,328|line:495| 评论发送成功
2025-07-06 17:14:17,722|line:425| 292015564 === 已经关注了
2025-07-06 17:14:21,061|line:504| 动态-点赞 0
2025-07-06 17:14:24,062|line:520| https://t.bilibili.com/1086337459883606035
2025-07-06 17:14:28,394|line:527| 官方 或 预约 OUT！
2025-07-06 17:14:28,394|line:520| https://t.bilibili.com/1086013864134311943
2025-07-06 17:14:28,394|line:522| 已有
2025-07-06 17:14:28,394|line:520| https://t.bilibili.com/1085665529391218688
2025-07-06 17:14:29,919|line:527| 官方 或 预约 OUT！
2025-07-06 17:14:29,919|line:520| https://t.bilibili.com/1086114143045419010
2025-07-06 17:14:32,248|line:527| 官方 或 预约 OUT！
2025-07-06 17:14:32,249|line:520| https://t.bilibili.com/1086354708450246681
2025-07-06 17:14:36,612|line:342| =========此为源动态=========
2025-07-06 17:14:39,161|line:363| *********子动态开始*********
2025-07-06 17:14:39,161|line:382| *********子动态结束*********
2025-07-06 17:14:39,161|line:538| -=-=-=-=处理回最初的动态-=-=-=-=
2025-07-06 17:14:48,403|line:476| 转发成功 1086556666434945028
2025-07-06 17:14:52,183|line:495| 评论发送成功
2025-07-06 17:14:56,789|line:425| 3493118529768296 === 已经关注了
2025-07-06 17:15:00,116|line:504| 动态-点赞 0
2025-07-06 17:15:03,116|line:520| https://t.bilibili.com/1086023764062240769
2025-07-06 17:15:06,724|line:342| =========此为源动态=========
2025-07-06 17:15:09,276|line:363| *********子动态开始*********
2025-07-06 17:15:09,276|line:382| *********子动态结束*********
2025-07-06 17:15:09,277|line:538| -=-=-=-=处理回最初的动态-=-=-=-=
2025-07-06 17:15:17,605|line:476| 转发成功 1086556790942859266
2025-07-06 17:15:21,036|line:495| 评论发送成功
2025-07-06 17:15:25,858|line:437| 关注 ==== 25359540 0
2025-07-06 17:15:29,349|line:504| 动态-点赞 0
2025-07-06 17:15:30,349|line:553| 执行结束
2025-07-06 17:15:30,350|line:559| ==================================================2025-07-07 01:15==================================================
2025-07-06 17:15:30,350|line:233| processing article 42236637
2025-07-06 17:15:35,750|line:508| ==================================================2025-07-07 01:15==================================================
2025-07-06 17:15:35,750|line:520| https://t.bilibili.com/1084460816868048928
2025-07-06 17:15:35,750|line:522| 已有
2025-07-06 17:15:35,750|line:520| https://t.bilibili.com/1083056877927923717
2025-07-06 17:15:35,750|line:522| 已有
2025-07-06 17:15:35,750|line:520| https://t.bilibili.com/1084094494779899913
2025-07-06 17:15:35,751|line:522| 已有
2025-07-06 17:15:35,751|line:520| https://t.bilibili.com/1081621439764758536
2025-07-06 17:15:35,751|line:522| 已有
2025-07-06 17:15:35,751|line:520| https://t.bilibili.com/1035593318931628032
2025-07-06 17:15:37,085|line:527| 官方 或 预约 OUT！
2025-07-06 17:15:37,085|line:520| https://t.bilibili.com/1084235472825221136
2025-07-06 17:15:37,085|line:522| 已有
2025-07-06 17:15:37,085|line:520| https://t.bilibili.com/1084929357003096080
2025-07-06 17:15:41,423|line:342| =========此为源动态=========
2025-07-06 17:15:44,824|line:363| *********子动态开始*********
2025-07-06 17:15:44,824|line:382| *********子动态结束*********
2025-07-06 17:15:44,825|line:538| -=-=-=-=处理回最初的动态-=-=-=-=
2025-07-06 17:15:52,198|line:476| 转发成功 1086556941309706259
2025-07-06 17:15:55,688|line:495| 评论发送成功
2025-07-06 17:15:57,106|line:425| 679151170 === 已经关注了
2025-07-06 17:16:00,477|line:504| 动态-点赞 0
2025-07-06 17:16:03,477|line:520| https://t.bilibili.com/1085679127270260775
2025-07-06 17:16:07,848|line:527| 官方 或 预约 OUT！
2025-07-06 17:16:07,848|line:520| https://t.bilibili.com/1080756819896303635
2025-07-06 17:16:10,205|line:527| 官方 或 预约 OUT！
2025-07-06 17:16:10,205|line:520| https://t.bilibili.com/1084287688872296489
2025-07-06 17:16:10,205|line:522| 已有
2025-07-06 17:16:10,206|line:520| https://t.bilibili.com/1084935215345827844
2025-07-06 17:16:10,206|line:522| 已有
2025-07-06 17:16:10,206|line:520| https://t.bilibili.com/1081891687684374569
2025-07-06 17:16:14,549|line:527| 官方 或 预约 OUT！
2025-07-06 17:16:14,549|line:520| https://t.bilibili.com/1080768635313586182
2025-07-06 17:16:16,923|line:527| 官方 或 预约 OUT！
2025-07-06 17:16:16,923|line:520| https://t.bilibili.com/1084544345386778633
2025-07-06 17:16:18,256|line:527| 官方 或 预约 OUT！
2025-07-06 17:16:18,256|line:520| https://t.bilibili.com/1084480962412150785
2025-07-06 17:16:18,257|line:522| 已有
2025-07-06 17:16:18,257|line:520| https://t.bilibili.com/1084533384608219161
2025-07-06 17:16:22,589|line:342| =========此为源动态=========
2025-07-06 17:16:24,013|line:363| *********子动态开始*********
2025-07-06 17:16:24,013|line:382| *********子动态结束*********
2025-07-06 17:16:24,014|line:538| -=-=-=-=处理回最初的动态-=-=-=-=
2025-07-06 17:16:33,322|line:476| 转发成功 1086557117363519488
2025-07-06 17:16:36,914|line:495| 评论发送成功
2025-07-06 17:16:41,937|line:437| 关注 ==== 3546822108776758 0
2025-07-06 17:16:45,298|line:504| 动态-点赞 0
2025-07-06 17:16:49,298|line:520| https://t.bilibili.com/1085291115623481348
2025-07-06 17:16:50,629|line:527| 官方 或 预约 OUT！
2025-07-06 17:16:50,629|line:520| https://t.bilibili.com/1086087814917914631
2025-07-06 17:16:50,630|line:522| 已有
2025-07-06 17:16:50,630|line:520| https://t.bilibili.com/1084190143745622021
2025-07-06 17:16:53,966|line:527| 官方 或 预约 OUT！
2025-07-06 17:16:53,966|line:520| https://t.bilibili.com/1082996621727236097
2025-07-06 17:16:53,966|line:522| 已有
2025-07-06 17:16:53,966|line:520| https://t.bilibili.com/1078255074420981765
2025-07-06 17:16:57,333|line:527| 官方 或 预约 OUT！
2025-07-06 17:16:57,334|line:520| https://t.bilibili.com/1084465500494233602
2025-07-06 17:16:57,334|line:522| 已有
2025-07-06 17:16:57,334|line:520| https://t.bilibili.com/1084461495478124552
2025-07-06 17:17:00,674|line:527| 官方 或 预约 OUT！
2025-07-06 17:17:00,675|line:520| https://t.bilibili.com/1084211335092240384
2025-07-06 17:17:00,675|line:522| 已有
2025-07-06 17:17:00,675|line:520| https://t.bilibili.com/1084571377883676697
2025-07-06 17:17:04,182|line:527| 官方 或 预约 OUT！
2025-07-06 17:17:04,182|line:520| https://t.bilibili.com/1084567787311988776
2025-07-06 17:17:04,182|line:522| 已有
2025-07-06 17:17:04,182|line:520| https://t.bilibili.com/1083111707509784585
2025-07-06 17:17:07,514|line:527| 官方 或 预约 OUT！
2025-07-06 17:17:07,514|line:520| https://t.bilibili.com/1084960280777064470
2025-07-06 17:17:08,849|line:342| =========此为源动态=========
2025-07-06 17:17:10,375|line:363| *********子动态开始*********
2025-07-06 17:17:10,375|line:382| *********子动态结束*********
2025-07-06 17:17:10,375|line:538| -=-=-=-=处理回最初的动态-=-=-=-=
2025-07-06 17:17:21,633|line:476| 转发成功 1086557323521949704
2025-07-06 17:17:25,071|line:495| 评论发送成功
2025-07-06 17:17:27,497|line:425| 1094015124 === 已经关注了
2025-07-06 17:17:30,858|line:504| 动态-点赞 0
2025-07-06 17:17:32,858|line:520| https://t.bilibili.com/1083115650289762305
2025-07-06 17:17:32,858|line:522| 已有
2025-07-06 17:17:32,859|line:520| https://t.bilibili.com/1076038774661578761
2025-07-06 17:17:32,859|line:522| 已有
2025-07-06 17:17:32,859|line:520| https://t.bilibili.com/1084575818919706627
2025-07-06 17:17:35,200|line:527| 官方 或 预约 OUT！
2025-07-06 17:17:35,201|line:520| https://t.bilibili.com/1084570059373805607
2025-07-06 17:17:36,524|line:527| 官方 或 预约 OUT！
2025-07-06 17:17:36,525|line:520| https://t.bilibili.com/1085276263645446162
2025-07-06 17:17:36,525|line:522| 已有
2025-07-06 17:17:36,525|line:520| https://t.bilibili.com/1076680442828029956
2025-07-06 17:17:36,525|line:522| 已有
2025-07-06 17:17:36,525|line:520| https://t.bilibili.com/1084579074511208489
2025-07-06 17:17:38,894|line:527| 官方 或 预约 OUT！
2025-07-06 17:17:38,894|line:520| https://t.bilibili.com/1080141707549343768
2025-07-06 17:17:42,192|line:527| 官方 或 预约 OUT！
2025-07-06 17:17:42,192|line:520| https://t.bilibili.com/1081571983177547777
2025-07-06 17:17:42,192|line:522| 已有
2025-07-06 17:17:42,192|line:520| https://t.bilibili.com/1084149448907423765
2025-07-06 17:17:43,493|line:527| 官方 或 预约 OUT！
2025-07-06 17:17:43,494|line:520| https://t.bilibili.com/1083009066392879122
2025-07-06 17:17:43,494|line:522| 已有
2025-07-06 17:17:43,494|line:520| https://t.bilibili.com/1085268820488093699
2025-07-06 17:17:47,799|line:342| =========此为源动态=========
2025-07-06 17:17:51,301|line:363| *********子动态开始*********
2025-07-06 17:17:51,301|line:382| *********子动态结束*********
2025-07-06 17:17:51,301|line:538| -=-=-=-=处理回最初的动态-=-=-=-=
2025-07-06 17:18:01,576|line:476| 转发成功 1086557495330078721
2025-07-06 17:18:05,093|line:495| 评论发送成功
2025-07-06 17:18:07,507|line:425| 37896119 === 已经关注了
2025-07-06 17:18:10,819|line:504| 动态-点赞 0
2025-07-06 17:18:12,820|line:520| https://t.bilibili.com/1075955278368735257
2025-07-06 17:18:17,127|line:527| 官方 或 预约 OUT！
2025-07-06 17:18:17,127|line:520| https://t.bilibili.com/1079288327613448195
2025-07-06 17:18:18,428|line:527| 官方 或 预约 OUT！
2025-07-06 17:18:18,429|line:520| https://t.bilibili.com/1083117333916942360
2025-07-06 17:18:18,429|line:522| 已有
2025-07-06 17:18:18,429|line:520| https://t.bilibili.com/1080492670825005081
2025-07-06 17:18:21,735|line:527| 官方 或 预约 OUT！
2025-07-06 17:18:21,735|line:520| https://t.bilibili.com/1075575448650383360
2025-07-06 17:18:26,034|line:527| 官方 或 预约 OUT！
2025-07-06 17:18:26,035|line:520| https://t.bilibili.com/1083106471950942216
2025-07-06 17:18:29,338|line:527| 官方 或 预约 OUT！
2025-07-06 17:18:29,339|line:520| https://t.bilibili.com/1084265022209654788
2025-07-06 17:18:30,633|line:527| 官方 或 预约 OUT！
2025-07-06 17:18:30,633|line:520| https://t.bilibili.com/1083098977205747751
2025-07-06 17:18:30,633|line:522| 已有
2025-07-06 17:18:30,633|line:520| https://t.bilibili.com/1085665529391218688
2025-07-06 17:18:34,932|line:527| 官方 或 预约 OUT！
2025-07-06 17:18:34,932|line:520| https://t.bilibili.com/1081896416430784515
2025-07-06 17:18:36,274|line:342| =========此为源动态=========
2025-07-06 17:18:37,641|line:363| *********子动态开始*********
2025-07-06 17:18:37,641|line:382| *********子动态结束*********
2025-07-06 17:18:37,641|line:538| -=-=-=-=处理回最初的动态-=-=-=-=
2025-07-06 17:18:45,795|line:476| 转发成功 1086557684346388481
2025-07-06 17:18:49,211|line:495| 评论发送成功
2025-07-06 17:18:52,893|line:425| 20467627 === 已经关注了
2025-07-06 17:18:56,209|line:504| 动态-点赞 0
2025-07-06 17:19:00,209|line:520| https://t.bilibili.com/1075599573505802263
2025-07-06 17:19:02,512|line:527| 官方 或 预约 OUT！
2025-07-06 17:19:02,512|line:553| 执行结束
2025-07-06 17:19:02,512|line:559| ==================================================2025-07-07 01:19==================================================
2025-07-06 17:19:02,512|line:233| processing article 42236453
2025-07-06 17:19:04,767|line:508| ==================================================2025-07-07 01:19==================================================
2025-07-06 17:19:04,767|line:520| https://t.bilibili.com/1080341122862022681
2025-07-06 17:19:08,074|line:527| 官方 或 预约 OUT！
2025-07-06 17:19:08,075|line:520| https://t.bilibili.com/1075295872033488896
2025-07-06 17:19:12,658|line:527| 官方 或 预约 OUT！
2025-07-06 17:19:12,658|line:520| https://t.bilibili.com/1085679127270260775
2025-07-06 17:19:15,954|line:527| 官方 或 预约 OUT！
2025-07-06 17:19:15,954|line:520| https://t.bilibili.com/1035593318931628032
2025-07-06 17:19:18,256|line:527| 官方 或 预约 OUT！
2025-07-06 17:19:18,257|line:520| https://t.bilibili.com/1078255074420981765
2025-07-06 17:19:22,600|line:527| 官方 或 预约 OUT！
2025-07-06 17:19:22,600|line:520| https://t.bilibili.com/1084544345386778633
2025-07-06 17:19:26,911|line:527| 官方 或 预约 OUT！
2025-07-06 17:19:26,911|line:520| https://t.bilibili.com/1083056877927923717
2025-07-06 17:19:26,911|line:522| 已有
2025-07-06 17:19:26,911|line:520| https://t.bilibili.com/1084164902217580544
2025-07-06 17:19:29,238|line:527| 官方 或 预约 OUT！
2025-07-06 17:19:29,239|line:520| https://t.bilibili.com/1084579074511208489
2025-07-06 17:19:33,581|line:527| 官方 或 预约 OUT！
2025-07-06 17:19:33,581|line:520| https://t.bilibili.com/1080141707549343768
2025-07-06 17:19:37,883|line:527| 官方 或 预约 OUT！
2025-07-06 17:19:37,883|line:520| https://t.bilibili.com/1085665529391218688
2025-07-06 17:19:41,186|line:527| 官方 或 预约 OUT！
2025-07-06 17:19:41,186|line:553| 执行结束
2025-07-06 17:19:41,186|line:559| ==================================================2025-07-07 01:19==================================================
2025-07-06 17:19:41,186|line:233| processing article 42236430
2025-07-06 17:19:46,441|line:508| ==================================================2025-07-07 01:19==================================================
2025-07-06 17:19:46,441|line:520| https://t.bilibili.com/1079301238299820041
2025-07-06 17:19:49,738|line:527| 官方 或 预约 OUT！
2025-07-06 17:19:49,738|line:520| https://t.bilibili.com/1075685880849498132
2025-07-06 17:19:53,035|line:527| 官方 或 预约 OUT！
2025-07-06 17:19:53,035|line:520| https://t.bilibili.com/1085331376686760024
2025-07-06 17:19:56,339|line:527| 官方 或 预约 OUT！
2025-07-06 17:19:56,339|line:520| https://t.bilibili.com/1084852144201269250
2025-07-06 17:19:57,639|line:527| 官方 或 预约 OUT！
2025-07-06 17:19:57,639|line:520| https://t.bilibili.com/1083056877927923717
2025-07-06 17:19:57,639|line:522| 已有
2025-07-06 17:19:57,639|line:520| https://t.bilibili.com/1084666270890065922
2025-07-06 17:19:59,945|line:527| 官方 或 预约 OUT！
2025-07-06 17:19:59,945|line:520| https://t.bilibili.com/1035593318931628032
2025-07-06 17:20:04,293|line:527| 官方 或 预约 OUT！
2025-07-06 17:20:04,293|line:520| https://t.bilibili.com/1085323714463006761
2025-07-06 17:20:05,596|line:527| 官方 或 预约 OUT！
2025-07-06 17:20:05,596|line:520| https://t.bilibili.com/1084188176605511685
2025-07-06 17:20:07,909|line:527| 官方 或 预约 OUT！
2025-07-06 17:20:07,909|line:520| https://t.bilibili.com/1078574598563299333
2025-07-06 17:20:09,208|line:527| 官方 或 预约 OUT！
2025-07-06 17:20:09,208|line:520| https://t.bilibili.com/1085679127270260775
2025-07-06 17:20:10,504|line:527| 官方 或 预约 OUT！
2025-07-06 17:20:10,504|line:520| https://t.bilibili.com/1075329823789809701
2025-07-06 17:20:12,807|line:527| 官方 或 预约 OUT！
2025-07-06 17:20:12,807|line:520| https://t.bilibili.com/1084814494529486850
2025-07-06 17:20:16,107|line:527| 官方 或 预约 OUT！
2025-07-06 17:20:16,107|line:520| https://t.bilibili.com/1084131646283710465
2025-07-06 17:20:17,401|line:527| 官方 或 预约 OUT！
2025-07-06 17:20:17,401|line:520| https://t.bilibili.com/1084544345386778633
2025-07-06 17:20:20,758|line:527| 官方 或 预约 OUT！
2025-07-06 17:20:20,758|line:520| https://t.bilibili.com/1084218116850843729
2025-07-06 17:20:25,063|line:527| 官方 或 预约 OUT！
2025-07-06 17:20:25,063|line:520| https://t.bilibili.com/1078255074420981765
2025-07-06 17:20:28,405|line:527| 官方 或 预约 OUT！
2025-07-06 17:20:28,405|line:520| https://t.bilibili.com/1085975729158488087
2025-07-06 17:20:32,753|line:527| 官方 或 预约 OUT！
2025-07-06 17:20:32,753|line:520| https://t.bilibili.com/1081527835240169489
2025-07-06 17:20:36,056|line:527| 官方 或 预约 OUT！
2025-07-06 17:20:36,056|line:520| https://t.bilibili.com/1084557964738560051
2025-07-06 17:20:40,369|line:527| 官方 或 预约 OUT！
2025-07-06 17:20:40,370|line:520| https://t.bilibili.com/1084972553647161346
2025-07-06 17:20:43,707|line:527| 官方 或 预约 OUT！
2025-07-06 17:20:43,707|line:520| https://t.bilibili.com/1085260380864774165
2025-07-06 17:20:46,009|line:527| 官方 或 预约 OUT！
2025-07-06 17:20:46,009|line:520| https://t.bilibili.com/1084944919823384581
2025-07-06 17:20:48,329|line:527| 官方 或 预约 OUT！
2025-07-06 17:20:48,329|line:520| https://t.bilibili.com/1085223852181553152
2025-07-06 17:20:49,617|line:527| 官方 或 预约 OUT！
2025-07-06 17:20:49,617|line:520| https://t.bilibili.com/1084164902217580544
2025-07-06 17:20:53,935|line:527| 官方 或 预约 OUT！
2025-07-06 17:20:53,935|line:520| https://t.bilibili.com/1084579074511208489
2025-07-06 17:20:58,236|line:527| 官方 或 预约 OUT！
2025-07-06 17:20:58,237|line:520| https://t.bilibili.com/1080141707549343768
2025-07-06 17:21:02,538|line:527| 官方 或 预约 OUT！
2025-07-06 17:21:02,538|line:520| https://t.bilibili.com/1080341122862022681
2025-07-06 17:21:04,878|line:527| 官方 或 预约 OUT！
2025-07-06 17:21:04,878|line:520| https://t.bilibili.com/1075295872033488896
2025-07-06 17:21:08,260|line:527| 官方 或 预约 OUT！
2025-07-06 17:21:08,261|line:520| https://t.bilibili.com/1085978220202819641
2025-07-06 17:21:09,559|line:527| 官方 或 预约 OUT！
2025-07-06 17:21:09,559|line:520| https://t.bilibili.com/1077533700345823239
2025-07-06 17:21:13,903|line:527| 官方 或 预约 OUT！
2025-07-06 17:21:13,903|line:520| https://t.bilibili.com/1081999001757155335
2025-07-06 17:21:17,206|line:527| 官方 或 预约 OUT！
2025-07-06 17:21:17,206|line:520| https://t.bilibili.com/1084126646905077765
2025-07-06 17:21:21,512|line:527| 官方 或 预约 OUT！
2025-07-06 17:21:21,512|line:520| https://t.bilibili.com/1084257046418685961
2025-07-06 17:21:25,825|line:527| 官方 或 预约 OUT！
2025-07-06 17:21:25,826|line:520| https://t.bilibili.com/1085703926401990677
2025-07-06 17:21:27,131|line:527| 官方 或 预约 OUT！
2025-07-06 17:21:27,131|line:520| https://t.bilibili.com/1086446814055366661
2025-07-06 17:21:30,447|line:527| 官方 或 预约 OUT！
2025-07-06 17:21:30,448|line:520| https://t.bilibili.com/1085665529391218688
2025-07-06 17:21:33,747|line:527| 官方 或 预约 OUT！
2025-07-06 17:21:33,747|line:520| https://t.bilibili.com/1081899775132958768
2025-07-06 17:21:35,051|line:527| 官方 或 预约 OUT！
2025-07-06 17:21:35,051|line:553| 执行结束
2025-07-06 17:21:35,051|line:559| ==================================================2025-07-07 01:21==================================================
2025-07-06 17:21:35,051|line:233| processing article 42229344
2025-07-06 17:21:40,609|line:508| ==================================================2025-07-07 01:21==================================================
2025-07-06 17:21:40,610|line:520| https://t.bilibili.com/1085609679817539588
2025-07-06 17:21:42,945|line:342| =========此为源动态=========
2025-07-06 17:21:45,314|line:363| *********子动态开始*********
2025-07-06 17:21:45,314|line:382| *********子动态结束*********
2025-07-06 17:21:45,315|line:538| -=-=-=-=处理回最初的动态-=-=-=-=
2025-07-06 17:21:52,615|line:476| 转发成功 1086558487491641351
2025-07-06 17:21:56,059|line:495| 评论发送成功
2025-07-06 17:21:57,483|line:425| 1312702972 === 已经关注了
2025-07-06 17:22:00,842|line:504| 动态-点赞 0
2025-07-06 17:22:04,843|line:520| https://t.bilibili.com/1085756870461751299
2025-07-06 17:22:09,169|line:527| 官方 或 预约 OUT！
2025-07-06 17:22:09,169|line:520| https://t.bilibili.com/1085331365951438852
2025-07-06 17:22:13,508|line:342| =========此为源动态=========
2025-07-06 17:22:17,939|line:363| *********子动态开始*********
2025-07-06 17:22:17,939|line:382| *********子动态结束*********
2025-07-06 17:22:17,939|line:538| -=-=-=-=处理回最初的动态-=-=-=-=
2025-07-06 17:22:27,249|line:476| 转发成功 1086558637814448131
2025-07-06 17:22:30,689|line:495| 评论发送成功
2025-07-06 17:22:32,121|line:425| 384514636 === 已经关注了
2025-07-06 17:22:35,479|line:504| 动态-点赞 0
2025-07-06 17:22:36,479|line:520| https://t.bilibili.com/1085684126646796305
2025-07-06 17:22:38,904|line:342| =========此为源动态=========
2025-07-06 17:22:42,312|line:363| *********子动态开始*********
2025-07-06 17:22:42,312|line:382| *********子动态结束*********
2025-07-06 17:22:42,313|line:538| -=-=-=-=处理回最初的动态-=-=-=-=
2025-07-06 17:22:51,641|line:476| 转发成功 1086558740902051840
2025-07-06 17:22:55,096|line:495| 评论发送成功
2025-07-06 17:22:58,584|line:425| 511182965 === 已经关注了
2025-07-06 17:23:02,152|line:504| 动态-点赞 0
2025-07-06 17:23:03,153|line:520| https://t.bilibili.com/1085705403879129123
2025-07-06 17:23:05,486|line:527| 官方 或 预约 OUT！
2025-07-06 17:23:05,487|line:520| https://t.bilibili.com/1085645239987732482
2025-07-06 17:23:05,487|line:522| 已有
2025-07-06 17:23:05,487|line:520| https://t.bilibili.com/1085688277691793457
2025-07-06 17:23:07,873|line:342| =========此为源动态=========
2025-07-06 17:23:09,409|line:363| *********子动态开始*********
2025-07-06 17:23:09,409|line:382| *********子动态结束*********
2025-07-06 17:23:09,409|line:538| -=-=-=-=处理回最初的动态-=-=-=-=
2025-07-06 17:23:17,679|line:476| 转发成功 1086558852570152966
2025-07-06 17:23:21,126|line:495| 评论发送成功
2025-07-06 17:23:27,966|line:437| 关注 ==== 3493292593383796 0
2025-07-06 17:23:31,328|line:504| 动态-点赞 0
2025-07-06 17:23:34,328|line:520| https://t.bilibili.com/1086027633786880000
2025-07-06 17:23:34,328|line:522| 已有
2025-07-06 17:23:34,329|line:520| https://t.bilibili.com/1083056877927923717
2025-07-06 17:23:34,329|line:522| 已有
2025-07-06 17:23:34,329|line:520| https://t.bilibili.com/1086036335406350356
2025-07-06 17:23:35,765|line:527| 官方 或 预约 OUT！
2025-07-06 17:23:35,765|line:520| https://t.bilibili.com/1085980938918166528
2025-07-06 17:23:35,766|line:522| 已有
2025-07-06 17:23:35,766|line:520| https://t.bilibili.com/1085762728811823126
2025-07-06 17:23:35,766|line:522| 已有
2025-07-06 17:23:35,766|line:520| https://t.bilibili.com/1035593318931628032
2025-07-06 17:23:38,100|line:527| 官方 或 预约 OUT！
2025-07-06 17:23:38,100|line:520| https://t.bilibili.com/1085751501757874182
2025-07-06 17:23:41,470|line:527| 官方 或 预约 OUT！
2025-07-06 17:23:41,470|line:520| https://t.bilibili.com/1085980764971991048
2025-07-06 17:23:45,804|line:342| =========此为源动态=========
2025-07-06 17:23:47,349|line:363| *********子动态开始*********
2025-07-06 17:23:47,349|line:382| *********子动态结束*********
2025-07-06 17:23:47,349|line:538| -=-=-=-=处理回最初的动态-=-=-=-=
2025-07-06 17:23:54,771|line:476| 转发成功 1086559011471360003
2025-07-06 17:23:58,201|line:495| 评论发送成功
2025-07-06 17:23:59,673|line:425| 9535164 === 已经关注了
2025-07-06 17:24:03,029|line:504| 动态-点赞 0
2025-07-06 17:24:07,029|line:520| https://t.bilibili.com/1085707706007814167
2025-07-06 17:24:08,364|line:342| =========此为源动态=========
2025-07-06 17:24:09,908|line:363| *********子动态开始*********
2025-07-06 17:24:09,908|line:382| *********子动态结束*********
2025-07-06 17:24:09,909|line:538| -=-=-=-=处理回最初的动态-=-=-=-=
2025-07-06 17:24:19,172|line:476| 转发成功 1086559118858125321
2025-07-06 17:24:22,622|line:495| 评论发送成功
2025-07-06 17:24:27,037|line:425| 71322499 === 已经关注了
2025-07-06 17:24:30,490|line:504| 动态-点赞 0
2025-07-06 17:24:32,490|line:520| https://t.bilibili.com/1085717912960892937
2025-07-06 17:24:32,490|line:522| 已有
2025-07-06 17:24:32,491|line:520| https://t.bilibili.com/1086073536279216134
2025-07-06 17:24:35,817|line:342| =========此为源动态=========
2025-07-06 17:24:40,366|line:363| *********子动态开始*********
2025-07-06 17:24:40,366|line:382| *********子动态结束*********
2025-07-06 17:24:40,366|line:538| -=-=-=-=处理回最初的动态-=-=-=-=
2025-07-06 17:24:47,877|line:476| 转发成功 1086559239083655173
2025-07-06 17:24:51,326|line:495| 评论发送成功
2025-07-06 17:24:54,774|line:425| 444815994 === 已经关注了
2025-07-06 17:24:58,136|line:504| 动态-点赞 0
2025-07-06 17:25:00,136|line:520| https://t.bilibili.com/1085679127270260775
2025-07-06 17:25:04,464|line:527| 官方 或 预约 OUT！
2025-07-06 17:25:04,464|line:520| https://t.bilibili.com/1085331200587857944
2025-07-06 17:25:07,922|line:342| =========此为源动态=========
2025-07-06 17:25:11,478|line:363| *********子动态开始*********
2025-07-06 17:25:11,478|line:382| *********子动态结束*********
2025-07-06 17:25:11,478|line:538| -=-=-=-=处理回最初的动态-=-=-=-=
2025-07-06 17:25:18,737|line:476| 转发成功 1086559372225544193
2025-07-06 17:25:22,203|line:495| 评论发送成功
2025-07-06 17:25:23,618|line:425| 477765137 === 已经关注了
2025-07-06 17:25:26,968|line:504| 动态-点赞 0
2025-07-06 17:25:30,969|line:520| https://t.bilibili.com/1085656065479016505
2025-07-06 17:25:32,305|line:342| =========此为源动态=========
2025-07-06 17:25:36,743|line:363| *********子动态开始*********
2025-07-06 17:25:36,743|line:382| *********子动态结束*********
2025-07-06 17:25:36,743|line:538| -=-=-=-=处理回最初的动态-=-=-=-=
2025-07-06 17:25:45,052|line:476| 转发成功 1086559483884208165
2025-07-06 17:25:48,507|line:495| 评论发送成功
2025-07-06 17:25:50,980|line:425| 9426939 === 已经关注了
2025-07-06 17:25:54,387|line:504| 动态-点赞 0
2025-07-06 17:25:57,387|line:520| https://t.bilibili.com/1085729537317142533
2025-07-06 17:26:00,892|line:527| 官方 或 预约 OUT！
2025-07-06 17:26:00,892|line:520| https://t.bilibili.com/1085733647572533250
2025-07-06 17:26:03,219|line:527| 官方 或 预约 OUT！
2025-07-06 17:26:03,220|line:520| https://t.bilibili.com/1085738603964792841
2025-07-06 17:26:05,575|line:342| =========此为源动态=========
2025-07-06 17:26:08,285|line:363| *********子动态开始*********
2025-07-06 17:26:08,285|line:382| *********子动态结束*********
2025-07-06 17:26:08,286|line:538| -=-=-=-=处理回最初的动态-=-=-=-=
2025-07-06 17:26:16,576|line:476| 转发成功 1086559621363007489
2025-07-06 17:26:20,019|line:495| 评论发送成功
2025-07-06 17:26:23,436|line:425| 100680137 === 已经关注了
2025-07-06 17:26:26,965|line:504| 动态-点赞 0
2025-07-06 17:26:28,965|line:520| https://t.bilibili.com/1084544345386778633
2025-07-06 17:26:32,303|line:527| 官方 或 预约 OUT！
2025-07-06 17:26:32,304|line:520| https://t.bilibili.com/1084642859021238297
2025-07-06 17:26:34,646|line:342| =========此为源动态=========
2025-07-06 17:26:37,076|line:363| *********子动态开始*********
2025-07-06 17:26:37,076|line:382| *********子动态结束*********
2025-07-06 17:26:37,076|line:538| -=-=-=-=处理回最初的动态-=-=-=-=
2025-07-06 17:26:48,247|line:476| 转发成功 1086559758791475204
2025-07-06 17:26:51,652|line:495| 评论发送成功
2025-07-06 17:26:55,073|line:425| 380830367 === 已经关注了
2025-07-06 17:26:58,421|line:504| 动态-点赞 0
2025-07-06 17:27:00,422|line:520| https://t.bilibili.com/1085754877633626133
2025-07-06 17:27:04,716|line:342| =========此为源动态=========
2025-07-06 17:27:08,220|line:363| *********子动态开始*********
2025-07-06 17:27:08,220|line:382| *********子动态结束*********
2025-07-06 17:27:08,220|line:538| -=-=-=-=处理回最初的动态-=-=-=-=
2025-07-06 17:27:18,363|line:476| 转发成功 1086559887643639815
2025-07-06 17:27:21,808|line:495| 评论发送成功
2025-07-06 17:27:26,205|line:425| 326499679 === 已经关注了
2025-07-06 17:27:29,526|line:504| 动态-点赞 0
2025-07-06 17:27:32,526|line:520| https://t.bilibili.com/1085980764998205448
2025-07-06 17:27:36,839|line:342| =========此为源动态=========
2025-07-06 17:27:38,353|line:363| *********子动态开始*********
2025-07-06 17:27:38,353|line:382| *********子动态结束*********
2025-07-06 17:27:38,354|line:538| -=-=-=-=处理回最初的动态-=-=-=-=
2025-07-06 17:27:47,516|line:476| 转发成功 1086560012187205650
2025-07-06 17:27:50,950|line:495| 评论发送成功
2025-07-06 17:27:54,331|line:425| 3493118529768296 === 已经关注了
2025-07-06 17:27:57,659|line:504| 动态-点赞 0
2025-07-06 17:27:59,659|line:520| https://t.bilibili.com/1085346718301552688
2025-07-06 17:28:03,954|line:527| 官方 或 预约 OUT！
2025-07-06 17:28:03,954|line:520| https://t.bilibili.com/1085953150514364432
2025-07-06 17:28:03,954|line:522| 已有
2025-07-06 17:28:03,954|line:520| https://t.bilibili.com/1085729786430488679
2025-07-06 17:28:07,302|line:527| 官方 或 预约 OUT！
2025-07-06 17:28:07,302|line:520| https://t.bilibili.com/1078255074420981765
2025-07-06 17:28:09,631|line:527| 官方 或 预约 OUT！
2025-07-06 17:28:09,631|line:520| https://t.bilibili.com/1085695924923006978
2025-07-06 17:28:10,941|line:342| =========此为源动态=========
2025-07-06 17:28:15,534|line:363| *********子动态开始*********
2025-07-06 17:28:15,535|line:382| *********子动态结束*********
2025-07-06 17:28:15,535|line:538| -=-=-=-=处理回最初的动态-=-=-=-=
2025-07-06 17:28:23,864|line:476| 转发成功 1086560166812319760
2025-07-06 17:28:27,343|line:495| 评论发送成功
2025-07-06 17:28:30,768|line:425| 2519817 === 已经关注了
2025-07-06 17:28:34,137|line:504| 动态-点赞 0
2025-07-06 17:28:36,137|line:520| https://t.bilibili.com/1085653542140641285
2025-07-06 17:28:37,462|line:342| =========此为源动态=========
2025-07-06 17:28:38,826|line:363| *********子动态开始*********
2025-07-06 17:28:38,826|line:382| *********子动态结束*********
2025-07-06 17:28:38,827|line:538| -=-=-=-=处理回最初的动态-=-=-=-=
2025-07-06 17:28:47,071|line:476| 转发成功 1086560265579790354
2025-07-06 17:28:50,668|line:495| 评论发送成功
2025-07-06 17:28:58,541|line:437| 关注 ==== 1323620 0
2025-07-06 17:29:01,920|line:504| 动态-点赞 0
2025-07-06 17:29:05,921|line:520| https://t.bilibili.com/1085702487618355256
2025-07-06 17:29:07,262|line:527| 官方 或 预约 OUT！
2025-07-06 17:29:07,262|line:520| https://t.bilibili.com/1085980764996108291
2025-07-06 17:29:09,637|line:342| =========此为源动态=========
2025-07-06 17:29:12,178|line:363| *********子动态开始*********
2025-07-06 17:29:12,178|line:382| *********子动态结束*********
2025-07-06 17:29:12,178|line:538| -=-=-=-=处理回最初的动态-=-=-=-=
2025-07-06 17:29:23,439|line:476| 转发成功 1086560424498823171
2025-07-06 17:29:26,878|line:495| 评论发送成功
2025-07-06 17:29:30,296|line:425| 3494354823940360 === 已经关注了
2025-07-06 17:29:33,914|line:504| 动态-点赞 0
2025-07-06 17:29:35,915|line:520| https://t.bilibili.com/1085586486966878217
2025-07-06 17:29:38,199|line:342| =========此为源动态=========
2025-07-06 17:29:39,741|line:363| *********子动态开始*********
2025-07-06 17:29:39,741|line:382| *********子动态结束*********
2025-07-06 17:29:39,741|line:538| -=-=-=-=处理回最初的动态-=-=-=-=
2025-07-06 17:29:48,923|line:476| 转发成功 1086560531884539928
2025-07-06 17:29:52,467|line:495| 评论发送成功
2025-07-06 17:29:57,179|line:437| 关注 ==== 3546876561328226 0
2025-07-06 17:30:00,538|line:504| 动态-点赞 0
2025-07-06 17:30:01,539|line:520| https://t.bilibili.com/1085693592745279493
2025-07-06 17:30:04,862|line:342| =========此为源动态=========
2025-07-06 17:30:09,346|line:363| *********子动态开始*********
2025-07-06 17:30:09,346|line:382| *********子动态结束*********
2025-07-06 17:30:09,346|line:538| -=-=-=-=处理回最初的动态-=-=-=-=
2025-07-06 17:30:18,521|line:476| 转发成功 1086560660708392985
2025-07-06 17:30:21,916|line:495| 评论发送成功
2025-07-06 17:30:29,711|line:437| 关注 ==== 82759 0
2025-07-06 17:30:33,035|line:504| 动态-点赞 0
2025-07-06 17:30:35,036|line:520| https://t.bilibili.com/1085980765010788369
2025-07-06 17:30:35,036|line:522| 已有
2025-07-06 17:30:35,036|line:520| https://t.bilibili.com/1085609679800762368
2025-07-06 17:30:39,339|line:342| =========此为源动态=========
2025-07-06 17:30:43,690|line:363| *********子动态开始*********
2025-07-06 17:30:43,690|line:382| *********子动态结束*********
2025-07-06 17:30:43,690|line:538| -=-=-=-=处理回最初的动态-=-=-=-=
2025-07-06 17:30:52,865|line:476| 转发成功 1086560806745669633
2025-07-06 17:30:56,274|line:495| 评论发送成功
2025-07-06 17:31:00,719|line:425| 1202960418 === 已经关注了
2025-07-06 17:31:04,043|line:504| 动态-点赞 0
2025-07-06 17:31:07,043|line:520| https://t.bilibili.com/1085758515480363029
2025-07-06 17:31:07,044|line:522| 已有
2025-07-06 17:31:07,044|line:520| https://t.bilibili.com/1085799051349196823
2025-07-06 17:31:10,369|line:527| 官方 或 预约 OUT！
2025-07-06 17:31:10,369|line:520| https://t.bilibili.com/1085609679783985185
2025-07-06 17:31:13,669|line:342| =========此为源动态=========
2025-07-06 17:31:15,062|line:363| *********子动态开始*********
2025-07-06 17:31:15,062|line:382| *********子动态结束*********
2025-07-06 17:31:15,062|line:538| -=-=-=-=处理回最初的动态-=-=-=-=
2025-07-06 17:31:26,480|line:476| 转发成功 1086560952779800584
2025-07-06 17:31:29,877|line:495| 评论发送成功
2025-07-06 17:31:31,269|line:425| 384514636 === 已经关注了
2025-07-06 17:31:34,595|line:504| 动态-点赞 0
2025-07-06 17:31:37,596|line:520| https://t.bilibili.com/1085609679806005255
2025-07-06 17:31:40,919|line:342| =========此为源动态=========
2025-07-06 17:31:42,264|line:363| *********子动态开始*********
2025-07-06 17:31:42,264|line:382| *********子动态结束*********
2025-07-06 17:31:42,264|line:538| -=-=-=-=处理回最初的动态-=-=-=-=
2025-07-06 17:31:50,444|line:476| 转发成功 1086561055895715860
2025-07-06 17:31:53,861|line:495| 评论发送成功
2025-07-06 17:31:58,243|line:425| 287886755 === 已经关注了
2025-07-06 17:32:01,609|line:504| 动态-点赞 0
2025-07-06 17:32:03,609|line:520| https://t.bilibili.com/1085665529391218688
2025-07-06 17:32:07,021|line:527| 官方 或 预约 OUT！
2025-07-06 17:32:07,021|line:520| https://t.bilibili.com/1084579074511208489
2025-07-06 17:32:09,315|line:527| 官方 或 预约 OUT！
2025-07-06 17:32:09,316|line:520| https://t.bilibili.com/1080141707549343768
2025-07-06 17:32:12,609|line:527| 官方 或 预约 OUT！
2025-07-06 17:32:12,609|line:520| https://t.bilibili.com/1085646210651389954
2025-07-06 17:32:13,910|line:527| 官方 或 预约 OUT！
2025-07-06 17:32:13,910|line:520| https://t.bilibili.com/1085638995137789969
2025-07-06 17:32:16,254|line:342| =========此为源动态=========
2025-07-06 17:32:18,805|line:363| *********子动态开始*********
2025-07-06 17:32:18,805|line:382| *********子动态结束*********
2025-07-06 17:32:18,806|line:538| -=-=-=-=处理回最初的动态-=-=-=-=
2025-07-06 17:32:25,340|line:476| 转发成功 1086561206167142404
2025-07-06 17:32:28,782|line:495| 评论发送成功
2025-07-06 17:32:32,173|line:425| 108766164 === 已经关注了
2025-07-06 17:32:35,493|line:504| 动态-点赞 0
2025-07-06 17:32:39,493|line:520| https://t.bilibili.com/1085943327897944072
2025-07-06 17:32:43,795|line:342| =========此为源动态=========
2025-07-06 17:32:48,184|line:363| *********子动态开始*********
2025-07-06 17:32:48,184|line:382| *********子动态结束*********
2025-07-06 17:32:48,184|line:538| -=-=-=-=处理回最初的动态-=-=-=-=
2025-07-06 17:32:58,349|line:476| 转发成功 1086561347912597508
2025-07-06 17:33:01,767|line:495| 评论发送成功
2025-07-06 17:33:03,160|line:425| 33009791 === 已经关注了
2025-07-06 17:33:06,505|line:504| 动态-点赞 0
2025-07-06 17:33:09,505|line:520| https://t.bilibili.com/1085735305470803969
2025-07-06 17:33:11,806|line:342| =========此为源动态=========
2025-07-06 17:33:14,375|line:363| *********子动态开始*********
2025-07-06 17:33:14,375|line:382| *********子动态结束*********
2025-07-06 17:33:14,375|line:538| -=-=-=-=处理回最初的动态-=-=-=-=
2025-07-06 17:33:21,598|line:476| 转发成功 1086561446730399751
2025-07-06 17:33:24,987|line:495| 评论发送成功
2025-07-06 17:33:31,731|line:437| 关注 ==== 15319615 0
2025-07-06 17:33:35,057|line:504| 动态-点赞 0
2025-07-06 17:33:38,058|line:520| https://t.bilibili.com/1085748555427086339
2025-07-06 17:33:40,681|line:527| 官方 或 预约 OUT！
2025-07-06 17:33:40,682|line:520| https://t.bilibili.com/1085606001158127621
2025-07-06 17:33:42,976|line:527| 官方 或 预约 OUT！
2025-07-06 17:33:42,976|line:520| https://t.bilibili.com/1085705721706709017
2025-07-06 17:33:47,282|line:527| 官方 或 预约 OUT！
2025-07-06 17:33:47,283|line:520| https://t.bilibili.com/1086007997236248580
2025-07-06 17:33:48,791|line:527| 官方 或 预约 OUT！
2025-07-06 17:33:48,792|line:520| https://t.bilibili.com/1086062006429024274
2025-07-06 17:33:52,094|line:527| 官方 或 预约 OUT！
2025-07-06 17:33:52,094|line:520| https://t.bilibili.com/1085702451124764693
2025-07-06 17:33:52,094|line:522| 已有
2025-07-06 17:33:52,094|line:520| https://t.bilibili.com/1085375086560542726
2025-07-06 17:33:56,567|line:527| 官方 或 预约 OUT！
2025-07-06 17:33:56,568|line:520| https://t.bilibili.com/1085709819104460804
2025-07-06 17:33:56,568|line:522| 已有
2025-07-06 17:33:56,568|line:520| https://t.bilibili.com/1085590397570252804
2025-07-06 17:34:00,885|line:527| 官方 或 预约 OUT！
2025-07-06 17:34:00,885|line:520| https://t.bilibili.com/1085708165578752008
2025-07-06 17:34:03,184|line:527| 官方 或 预约 OUT！
2025-07-06 17:34:03,184|line:520| https://t.bilibili.com/1085702451123716098
2025-07-06 17:34:04,485|line:342| =========此为源动态=========
2025-07-06 17:34:07,205|line:363| *********子动态开始*********
2025-07-06 17:34:07,206|line:382| *********子动态结束*********
2025-07-06 17:34:07,206|line:538| -=-=-=-=处理回最初的动态-=-=-=-=
2025-07-06 17:34:18,620|line:476| 转发成功 1086561691513126916
2025-07-06 17:34:22,246|line:495| 评论发送成功
2025-07-06 17:34:23,624|line:425| 3494354823940360 === 已经关注了
2025-07-06 17:34:26,982|line:504| 动态-点赞 0
2025-07-06 17:34:28,982|line:553| 执行结束
2025-07-06 17:34:28,983|line:559| ==================================================2025-07-07 01:34==================================================
2025-07-06 17:34:28,983|line:233| processing article 42228647
2025-07-06 17:34:32,192|line:508| ==================================================2025-07-07 01:34==================================================
2025-07-06 17:34:32,193|line:520| https://t.bilibili.com/1085679127270260775
2025-07-06 17:34:34,494|line:527| 官方 或 预约 OUT！
2025-07-06 17:34:34,494|line:520| https://t.bilibili.com/1077846661706809368
2025-07-06 17:34:37,805|line:527| 官方 或 预约 OUT！
2025-07-06 17:34:37,806|line:520| https://t.bilibili.com/1035593318931628032
2025-07-06 17:34:40,104|line:527| 官方 或 预约 OUT！
2025-07-06 17:34:40,104|line:520| https://t.bilibili.com/1074599163919859718
2025-07-06 17:34:41,404|line:527| 官方 或 预约 OUT！
2025-07-06 17:34:41,404|line:520| https://t.bilibili.com/1084860360460075027
2025-07-06 17:34:43,705|line:527| 官方 或 预约 OUT！
2025-07-06 17:34:43,705|line:520| https://t.bilibili.com/1075996909489881095
2025-07-06 17:34:46,003|line:527| 官方 或 预约 OUT！
2025-07-06 17:34:46,003|line:520| https://t.bilibili.com/1078255074420981765
2025-07-06 17:34:49,301|line:527| 官方 或 预约 OUT！
2025-07-06 17:34:49,301|line:520| https://t.bilibili.com/1084544345386778633
2025-07-06 17:34:51,596|line:527| 官方 或 预约 OUT！
2025-07-06 17:34:51,596|line:520| https://t.bilibili.com/1083056877927923717
2025-07-06 17:34:51,597|line:522| 已有
2025-07-06 17:34:51,597|line:520| https://t.bilibili.com/1080436196258086914
2025-07-06 17:34:52,951|line:527| 官方 或 预约 OUT！
2025-07-06 17:34:52,951|line:520| https://t.bilibili.com/1077152131139502086
2025-07-06 17:34:56,253|line:527| 官方 或 预约 OUT！
2025-07-06 17:34:56,254|line:520| https://t.bilibili.com/1084207173299339269
2025-07-06 17:34:58,558|line:527| 官方 或 预约 OUT！
2025-07-06 17:34:58,558|line:520| https://t.bilibili.com/1082304502778822689
2025-07-06 17:35:02,078|line:527| 官方 或 预约 OUT！
2025-07-06 17:35:02,078|line:520| https://t.bilibili.com/1077446177508556820
2025-07-06 17:35:04,378|line:527| 官方 或 预约 OUT！
2025-07-06 17:35:04,378|line:520| https://t.bilibili.com/1084579074511208489
2025-07-06 17:35:06,680|line:527| 官方 或 预约 OUT！
2025-07-06 17:35:06,680|line:520| https://t.bilibili.com/1080141707549343768
2025-07-06 17:35:10,978|line:527| 官方 或 预约 OUT！
2025-07-06 17:35:10,978|line:520| https://t.bilibili.com/1085665529391218688
2025-07-06 17:35:15,317|line:527| 官方 或 预约 OUT！
2025-07-06 17:35:15,318|line:553| 执行结束
2025-07-06 17:35:15,318|line:559| ==================================================2025-07-07 01:35==================================================
2025-07-06 17:35:15,318|line:233| processing article 42228622
2025-07-06 17:35:18,584|line:508| ==================================================2025-07-07 01:35==================================================
2025-07-06 17:35:18,584|line:520| https://t.bilibili.com/1074599163919859718
2025-07-06 17:35:20,882|line:527| 官方 或 预约 OUT！
2025-07-06 17:35:20,882|line:520| https://t.bilibili.com/1085331376686760024
2025-07-06 17:35:25,182|line:527| 官方 或 预约 OUT！
2025-07-06 17:35:25,182|line:520| https://t.bilibili.com/1083056877927923717
2025-07-06 17:35:25,182|line:522| 已有
2025-07-06 17:35:25,182|line:520| https://t.bilibili.com/1084666270890065922
2025-07-06 17:35:27,510|line:527| 官方 或 预约 OUT！
2025-07-06 17:35:27,510|line:520| https://t.bilibili.com/1035593318931628032
2025-07-06 17:35:30,808|line:527| 官方 或 预约 OUT！
2025-07-06 17:35:30,808|line:520| https://t.bilibili.com/1078279147755667474
2025-07-06 17:35:34,114|line:527| 官方 或 预约 OUT！
2025-07-06 17:35:34,114|line:520| https://t.bilibili.com/1084188176605511685
2025-07-06 17:35:37,409|line:527| 官方 或 预约 OUT！
2025-07-06 17:35:37,409|line:520| https://t.bilibili.com/1085679127270260775
2025-07-06 17:35:40,727|line:527| 官方 或 预约 OUT！
2025-07-06 17:35:40,728|line:520| https://t.bilibili.com/1084860360460075027
2025-07-06 17:35:42,200|line:527| 官方 或 预约 OUT！
2025-07-06 17:35:42,200|line:520| https://t.bilibili.com/1081976208331112455
2025-07-06 17:35:44,508|line:527| 官方 或 预约 OUT！
2025-07-06 17:35:44,508|line:520| https://t.bilibili.com/1084814494529486850
2025-07-06 17:35:48,852|line:527| 官方 或 预约 OUT！
2025-07-06 17:35:48,852|line:520| https://t.bilibili.com/1084131646283710465
2025-07-06 17:35:50,200|line:527| 官方 或 预约 OUT！
2025-07-06 17:35:50,200|line:520| https://t.bilibili.com/1084544345386778633
2025-07-06 17:35:54,495|line:527| 官方 或 预约 OUT！
2025-07-06 17:35:54,496|line:520| https://t.bilibili.com/1084218116850843729
2025-07-06 17:35:58,017|line:527| 官方 或 预约 OUT！
2025-07-06 17:35:58,017|line:520| https://t.bilibili.com/1084207173299339269
2025-07-06 17:36:02,397|line:527| 官方 或 预约 OUT！
2025-07-06 17:36:02,398|line:520| https://t.bilibili.com/1082304502778822689
2025-07-06 17:36:04,950|line:527| 官方 或 预约 OUT！
2025-07-06 17:36:04,950|line:520| https://t.bilibili.com/1078255074420981765
2025-07-06 17:36:09,274|line:527| 官方 或 预约 OUT！
2025-07-06 17:36:09,274|line:520| https://t.bilibili.com/1085975729158488087
2025-07-06 17:36:13,615|line:527| 官方 或 预约 OUT！
2025-07-06 17:36:13,616|line:520| https://t.bilibili.com/1082364112607903762
2025-07-06 17:36:17,989|line:527| 官方 或 预约 OUT！
2025-07-06 17:36:17,989|line:520| https://t.bilibili.com/1075996909489881095
2025-07-06 17:36:21,334|line:527| 官方 或 预约 OUT！
2025-07-06 17:36:21,334|line:520| https://t.bilibili.com/1085223852181553152
2025-07-06 17:36:24,665|line:527| 官方 或 预约 OUT！
2025-07-06 17:36:24,666|line:520| https://t.bilibili.com/1084568611939418119
2025-07-06 17:36:27,009|line:527| 官方 或 预约 OUT！
2025-07-06 17:36:27,009|line:520| https://t.bilibili.com/1077152131139502086
2025-07-06 17:36:31,347|line:527| 官方 或 预约 OUT！
2025-07-06 17:36:31,347|line:520| https://t.bilibili.com/1085665529391218688
2025-07-06 17:36:33,670|line:527| 官方 或 预约 OUT！
2025-07-06 17:36:33,670|line:520| https://t.bilibili.com/1077446177508556820
2025-07-06 17:36:35,999|line:527| 官方 或 预约 OUT！
2025-07-06 17:36:35,999|line:520| https://t.bilibili.com/1084579074511208489
2025-07-06 17:36:40,325|line:527| 官方 或 预约 OUT！
2025-07-06 17:36:40,325|line:520| https://t.bilibili.com/1080141707549343768
2025-07-06 17:36:42,653|line:527| 官方 或 预约 OUT！
2025-07-06 17:36:42,654|line:520| https://t.bilibili.com/1084164902217580544
2025-07-06 17:36:45,031|line:527| 官方 或 预约 OUT！
2025-07-06 17:36:45,031|line:520| https://t.bilibili.com/1080341122862022681
2025-07-06 17:36:46,357|line:527| 官方 或 预约 OUT！
2025-07-06 17:36:46,358|line:520| https://t.bilibili.com/1075295872033488896
2025-07-06 17:36:47,689|line:527| 官方 或 预约 OUT！
2025-07-06 17:36:47,689|line:520| https://t.bilibili.com/1084126646905077765
2025-07-06 17:36:51,031|line:527| 官方 或 预约 OUT！
2025-07-06 17:36:51,032|line:520| https://t.bilibili.com/1085703926401990677
2025-07-06 17:36:55,372|line:527| 官方 或 预约 OUT！
2025-07-06 17:36:55,372|line:520| https://t.bilibili.com/1080436196258086914
2025-07-06 17:36:57,761|line:527| 官方 或 预约 OUT！
2025-07-06 17:36:57,761|line:520| https://t.bilibili.com/1084539818495442978
2025-07-06 17:37:00,272|line:527| 官方 或 预约 OUT！
2025-07-06 17:37:00,272|line:520| https://t.bilibili.com/1077846661706809368
2025-07-06 17:37:02,608|line:527| 官方 或 预约 OUT！
2025-07-06 17:37:02,608|line:553| 执行结束
2025-07-06 17:37:02,608|line:559| ==================================================2025-07-07 01:37==================================================
2025-07-06 17:37:02,608|line:233| processing article 42228279
2025-07-06 17:37:05,150|line:508| ==================================================2025-07-07 01:37==================================================
2025-07-06 17:37:05,150|line:520| https://t.bilibili.com/1083056877927923717
2025-07-06 17:37:05,150|line:522| 已有
2025-07-06 17:37:05,150|line:520| https://t.bilibili.com/1081621439764758536
2025-07-06 17:37:05,150|line:522| 已有
2025-07-06 17:37:05,150|line:520| https://t.bilibili.com/1035593318931628032
2025-07-06 17:37:06,485|line:527| 官方 或 预约 OUT！
2025-07-06 17:37:06,485|line:520| https://t.bilibili.com/1084235472825221136
2025-07-06 17:37:06,485|line:522| 已有
2025-07-06 17:37:06,485|line:520| https://t.bilibili.com/1084929357003096080
2025-07-06 17:37:06,485|line:522| 已有
2025-07-06 17:37:06,486|line:520| https://t.bilibili.com/1085679127270260775
2025-07-06 17:37:10,846|line:527| 官方 或 预约 OUT！
2025-07-06 17:37:10,846|line:520| https://t.bilibili.com/1075322341948391440
2025-07-06 17:37:15,356|line:527| 官方 或 预约 OUT！
2025-07-06 17:37:15,356|line:520| https://t.bilibili.com/1084287688872296489
2025-07-06 17:37:15,356|line:522| 已有
2025-07-06 17:37:15,356|line:520| https://t.bilibili.com/1084935215345827844
2025-07-06 17:37:15,357|line:522| 已有
2025-07-06 17:37:15,357|line:520| https://t.bilibili.com/1084544345386778633
2025-07-06 17:37:19,693|line:527| 官方 或 预约 OUT！
2025-07-06 17:37:19,693|line:520| https://t.bilibili.com/1084480962412150785
2025-07-06 17:37:19,694|line:522| 已有
2025-07-06 17:37:19,694|line:520| https://t.bilibili.com/1084250754285305857
2025-07-06 17:37:19,694|line:522| 已有
2025-07-06 17:37:19,694|line:520| https://t.bilibili.com/1082996621727236097
2025-07-06 17:37:19,694|line:522| 已有
2025-07-06 17:37:19,694|line:520| https://t.bilibili.com/1078255074420981765
2025-07-06 17:37:22,025|line:527| 官方 或 预约 OUT！
2025-07-06 17:37:22,025|line:520| https://t.bilibili.com/1084465500494233602
2025-07-06 17:37:22,026|line:522| 已有
2025-07-06 17:37:22,026|line:520| https://t.bilibili.com/1084211335092240384
2025-07-06 17:37:22,026|line:522| 已有
2025-07-06 17:37:22,026|line:520| https://t.bilibili.com/1084567787311988776
2025-07-06 17:37:22,026|line:522| 已有
2025-07-06 17:37:22,026|line:520| https://t.bilibili.com/1084460383064817668
2025-07-06 17:37:26,360|line:527| 官方 或 预约 OUT！
2025-07-06 17:37:26,360|line:520| https://t.bilibili.com/1085276263645446162
2025-07-06 17:37:26,360|line:522| 已有
2025-07-06 17:37:26,360|line:520| https://t.bilibili.com/1084579074511208489
2025-07-06 17:37:28,746|line:527| 官方 或 预约 OUT！
2025-07-06 17:37:28,746|line:520| https://t.bilibili.com/1080141707549343768
2025-07-06 17:37:30,075|line:527| 官方 或 预约 OUT！
2025-07-06 17:37:30,075|line:520| https://t.bilibili.com/1081571983177547777
2025-07-06 17:37:30,076|line:522| 已有
2025-07-06 17:37:30,076|line:520| https://t.bilibili.com/1083437613939949570
2025-07-06 17:37:34,401|line:342| =========此为源动态=========
2025-07-06 17:37:38,939|line:363| *********子动态开始*********
2025-07-06 17:37:38,939|line:382| *********子动态结束*********
2025-07-06 17:37:38,940|line:538| -=-=-=-=处理回最初的动态-=-=-=-=
2025-07-06 17:37:47,346|line:476| 转发成功 1086562589184360455
2025-07-06 17:37:50,745|line:495| 评论发送成功
2025-07-06 17:37:58,555|line:437| 关注 ==== 3546733640419413 0
2025-07-06 17:38:01,879|line:504| 动态-点赞 0
2025-07-06 17:38:03,880|line:520| https://t.bilibili.com/1084149448907423765
2025-07-06 17:38:07,177|line:527| 官方 或 预约 OUT！
2025-07-06 17:38:07,177|line:520| https://t.bilibili.com/1081266198682796070
2025-07-06 17:38:10,483|line:342| =========此为源动态=========
2025-07-06 17:38:13,019|line:363| *********子动态开始*********
2025-07-06 17:38:13,020|line:382| *********子动态结束*********
2025-07-06 17:38:13,020|line:538| -=-=-=-=处理回最初的动态-=-=-=-=
2025-07-06 17:38:22,200|line:476| 转发成功 1086562739484098567
2025-07-06 17:38:25,658|line:495| 评论发送成功
2025-07-06 17:38:27,040|line:425| 8492486 === 已经关注了
2025-07-06 17:38:30,367|line:504| 动态-点赞 0
2025-07-06 17:38:33,367|line:520| https://t.bilibili.com/1075955278368735257
2025-07-06 17:38:35,691|line:527| 官方 或 预约 OUT！
2025-07-06 17:38:35,692|line:520| https://t.bilibili.com/1084196805228363779
2025-07-06 17:38:39,990|line:527| 官方 或 预约 OUT！
2025-07-06 17:38:39,990|line:520| https://t.bilibili.com/1079288327613448195
2025-07-06 17:38:43,388|line:527| 官方 或 预约 OUT！
2025-07-06 17:38:43,388|line:520| https://t.bilibili.com/1080492670825005081
2025-07-06 17:38:44,691|line:527| 官方 或 预约 OUT！
2025-07-06 17:38:44,691|line:520| https://t.bilibili.com/1075575448650383360
2025-07-06 17:38:48,990|line:527| 官方 或 预约 OUT！
2025-07-06 17:38:48,991|line:520| https://t.bilibili.com/1085665529391218688
2025-07-06 17:38:53,468|line:527| 官方 或 预约 OUT！
2025-07-06 17:38:53,468|line:520| https://t.bilibili.com/1075599573505802263
2025-07-06 17:38:56,767|line:527| 官方 或 预约 OUT！
2025-07-06 17:38:56,767|line:553| 执行结束
2025-07-06 17:38:56,767|line:559| ==================================================2025-07-07 01:38==================================================
2025-07-06 17:39:04,041|line:579| ('reply: ', '小闪闪bling', 'hhh腾子买库洛让我感觉他自己有点不太想出大世界了')
2025-07-06 17:39:04,041|line:579| ('reply: ', '我不是可洛蒂娅', '不是，这……')
2025-07-06 17:39:04,041|line:579| ('reply: ', '好像都是一个人', '你在说什么')
2025-07-06 17:39:04,041|line:579| ('reply: ', '目标咨询', '太宠粉了啊')
2025-07-06 17:39:04,041|line:579| ('reply: ', '数玩工场', '祝你成功')
2025-07-06 17:39:04,041|line:579| ('reply: ', '益家有小佰', '恭喜宝子，获得小电视月度会员1份和克刻冰冰猴喉糖随机口味1份～记得私信小佰提供信息哦~')
2025-07-06 17:39:04,041|line:579| ('reply: ', '圆环之理-Madoka', '是的')
2025-07-06 17:39:04,041|line:579| ('reply: ', '兰的三姨', '这就是银河巨星的实力！')
2025-07-06 17:39:04,041|line:579| ('reply: ', '花园百合铃音', '有男不玩，我只吃麻辣火锅，xxn滚[吃瓜]')
2025-07-06 17:39:04,042|line:579| ('reply: ', '是绝赞的阿鬼', '[tv_难过]')
2025-07-06 17:39:04,042|line:579| ('reply: ', '桃稚不幼稚', '还行')
2025-07-06 17:39:04,042|line:579| ('reply: ', '陌罔子吖', '佬，这个报名有啥条件不。最近太非了，想下次报来抽[脱单doge][脱单doge][脱单doge]')
2025-07-06 17:39:04,042|line:579| ('reply: ', '太二酸菜鱼', '恭喜成为本期欧皇[打call]获得【肥龙联名显眼包】1份，在收到本信息的两天内回复哥的私信哦~逾期哥就自己收啦！[脱单doge]')
2025-07-06 17:39:04,042|line:579| ('reply: ', '得一想二的松鼠', '中奖分我一半')
2025-07-06 17:39:04,042|line:579| ('reply: ', '佑凉Uriyoo', '谢谢！！！[UP_24967030_感恩]')
2025-07-06 17:39:04,042|line:579| ('reply: ', '岛莓祁', '好耶')
2025-07-06 17:39:04,042|line:579| ('reply: ', '苏酥_SUSU_', 'https://b23.tv/3HJcDkm')
2025-07-06 17:39:04,042|line:579| ('reply: ', '心想事成イ', 'I[UP_410636303_比心鸟][UP_410636303_比心鸟][UP_410636303_比心鸟]')
2025-07-06 17:39:04,042|line:579| ('reply: ', 'FWF第五人格娱乐赛', '加油[doge]')
2025-07-06 17:39:04,042|line:579| ('reply: ', '神奇猫咪_有钱哒', '好耶')
2025-07-06 17:39:07,370|line:588| ('at: ', '喜欢白毛有什么不好', '1 @浪子游2fans6@被_____打下来的飞机@拉斯特臣后面一个点@专心致志的学生@猫猫头OmMeow@小小Shaun@龐門左道@啦啦痴痴腻@bili_66938050009@日月星辰668')
2025-07-06 17:39:07,370|line:588| ('at: ', 'iKF蓝牙耳机', '恭喜@小小Shaun 宝子成为苏泊尔福利动态幸运儿！\n注意：即日起72小时内回复信息确认领奖哦！逾期将自动视为放弃中奖资格。\n没有中奖的宝子们不要气馁，参与一下下置顶视频iKF Mars，增加欧气值，说不定下个幸运儿就是你！\n链接：\nhttps://www.bilibili.com/video/BV1Soo6YLEHZ/?spm_id_from=333.1387.list.card_archive.click&vd_source=21fb0967ccc75e6b3b2447ade2c740dd\n还没参与抽奖的宝子们，赶紧点击上方链接参与吧！还有特别福利惊喜等你哦~')
2025-07-06 17:39:07,370|line:588| ('at: ', 'wellymerck威利默克', '恭喜@小小Shaun\xa0 获得《我是你的小狗3 永远等你回家》1本，请于5天内联系威宝，凭关注+互动截图领取奖品，逾期作废~')
2025-07-06 17:39:07,370|line:588| ('at: ', '宁美NINGMEI', '恭喜@小小Shaun   中奖，请在12月1日24点前私信我：1. 奖品+中奖信息a. 实物奖：姓名电话地址，给文字！省市区路清晰，提交不清晰不发奖，信息错误致无法签收，概不负责；\n\nb. 现金红包给到支付宝实名+账号；\n\nc. 京东卡/猫超卡 等购物卡给到姓名+电话；2. 宁美和品牌方关注截图+转发截图！\n\n必须关注品牌方，否则奖品不予发放；如遇无法私信图片的情况，等待我回复后即可发送图片。PS： \n\n因后台收信有时会出问题，以回复“已登记”为准，没有回复即表示私信未收到。\n\n过期视为自动放弃，不会补发；奖品30个工作日内发送，勿催哦~\n\n不发全，不回复。其他小伙伴请继续努力！')
2025-07-06 17:39:07,370|line:588| ('at: ', '爱玛电动车官方账号', '#一“玛”当先榜# 快来看看10月都是谁和爱玛酱互动最多呀~ 💕恭喜@小小Shaun 和@甘瑞凯拉莎 排行第一！这两位小玛达将会获得【爱玛随机周边×1】，请5天内私信爱玛酱领奖哟~[鼓掌] 以后也请继续单推我无敌可爱美少女爱玛酱呀嘿嘿！(●´З｀●)')
2025-07-06 17:39:07,370|line:588| ('at: ', '爱玛电动车官方账号', '')
2025-07-06 17:39:07,371|line:588| ('at: ', '海露滴眼液', '互动榜出炉啦')
2025-07-06 17:39:07,371|line:588| ('at: ', '和蔼可亲桃白白', '\u200b//@九号公司:\u200b恭喜@小小Shaun 中奖！后续记得查收私信哟～\u200b//@九号公司:#互动抽奖# 谢谢粒粒的复工礼！小九也来加个码~关注【@微粒贷+@九号公司 】并转发该动态，抽一位小可爱获得【100元京东卡】~ #供电局福利社# 10月31日抽出！')
2025-07-06 17:39:07,371|line:588| ('at: ', '望大家身体健康快乐', '\u200b//@九号公司:\u200b恭喜@小小Shaun 中奖！后续记得查收私信哟～\u200b//@九号公司 :#互动抽奖# 谢谢粒粒的复工礼！小九也来加个码~关注【@微粒贷+@九号公司 】并转发该动态，抽一位小可爱获得【100元京东卡】~ #供电局福利社# 10月31日抽出！')
2025-07-06 17:39:07,371|line:588| ('at: ', 'MoMA_Reona', '//@九号公司:\u200b恭喜@小小Shaun 中奖！后续记得查收私信哟～\u200b//@九号公司:#互动抽奖# 谢谢粒粒的复工礼！小九也来加个码~关注【@微粒贷+@九号公司 】并转发该动态，抽一位小可爱获得【100元京东卡】~ #供电局福利社# 10月31日抽出！')
2025-07-06 17:39:07,371|line:588| ('at: ', '摸鱼二队', '\u200b//@九号公司:\u200b恭喜@小小Shaun 中奖！后续记得查收私信哟～\u200b//@九号公司 :#互动抽奖# 谢谢粒粒的复工礼！小九也来加个码~关注【@微粒贷+@九号公司 】并转发该动态，抽一位小可爱获得【100元京东卡】~ #供电局福利社# 10月31日抽出！')
2025-07-06 17:39:07,371|line:588| ('at: ', '文少嘅一些事一些情', '\u200b//@九号公司:\u200b恭喜@小小Shaun 中奖！后续记得查收私信哟～\u200b//@九号公司 :#互动抽奖# 谢谢粒粒的复工礼！小九也来加个码~关注【@微粒贷+@九号公司 】并转发该动态，抽一位小可爱获得【100元京东卡】~ #供电局福利社# 10月31日抽出！')
2025-07-06 17:39:07,371|line:588| ('at: ', 'Carry队友的嘟嘟酱丶', '\u200b//@九号公司:\u200b恭喜@小小Shaun 中奖！后续记得查收私信哟～\u200b//@九号公司 :#互动抽奖# 谢谢粒粒的复工礼！小九也来加个码~关注【@微粒贷+@九号公司 】并转发该动态，抽一位小可爱获得【100元京东卡】~ #供电局福利社# 10月31日抽出！')
2025-07-06 17:39:07,371|line:588| ('at: ', '蛤蟆zero', '//@九号公司:\u200b恭喜@小小Shaun 中奖！后续记得查收私信哟～\u200b//@九号公司:#互动抽奖# 谢谢粒粒的复工礼！小九也来加个码~关注【@微粒贷+@九号公司 】并转发该动态，抽一位小可爱获得【100元京东卡】~ #供电局福利社# 10月31日抽出！c冲冲冲')
2025-07-06 17:39:07,372|line:588| ('at: ', '木而各子要吃笃栗子', '\u200b//@九号公司:\u200b恭喜@小小Shaun 中奖！后续记得查收私信哟～\u200b//@九号公司 :#互动抽奖# 谢谢粒粒的复工礼！小九也来加个码~关注【@微粒贷+@九号公司 】并转发该动态，抽一位小可爱获得【100元京东卡】~ #供电局福利社# 10月31日抽出！')
2025-07-06 17:39:07,372|line:588| ('at: ', '裙下愚臣情默默', '\u200b//@九号公司:\u200b恭喜@小小Shaun 中奖！后续记得查收私信哟～\u200b//@九号公司 :#互动抽奖# 谢谢粒粒的复工礼！小九也来加个码~关注【@微粒贷+@九号公司 】并转发该动态，抽一位小可爱获得【100元京东卡】~ #供电局福利社# 10月31日抽出！')
2025-07-06 17:39:07,372|line:588| ('at: ', '戊子毕宿', '')
2025-07-06 17:39:07,372|line:588| ('at: ', '九号电动', '\u200b恭喜@小小Shaun 中奖！后续记得查收私信哟～\u200b//@九号公司:#互动抽奖# 谢谢粒粒的复工礼！小九也来加个码~关注【@微粒贷+@九号公司 】并转发该动态，抽一位小可爱获得【100元京东卡】~ #供电局福利社# 10月31日抽出！')
2025-07-06 17:39:07,372|line:588| ('at: ', '优雅小宝', '')
2025-07-06 17:39:07,372|line:588| ('at: ', '我永远只爱一色彩羽', '//@九号公司:恭喜@小小Shaun 中奖！后续记得查收私信哟～\u200b//@九号公司:今晚8点，京东11.11现货开卖，抢先优惠不用等，全场直降，更有60元额外补贴助你大薅特薅！京东双十一，带你体验“飞”一般的购物速度！关注@京东戏精周报 x@九号公司 ，转发+评论本条动态，10月21日小编会抽取1名幸运粉丝送上【50元京东E卡】#京东11.11又便宜又好# #京东11.11现货开卖#')
