2025-04-01 16:34:06,555|line:234| processing article 41190524
2025-04-01 16:34:12,267|line:509| ==================================================2025-04-02 00:34==================================================
2025-04-01 16:34:12,267|line:521| https://t.bilibili.com/1050368319971917861
2025-04-01 16:34:12,267|line:523| 已有
2025-04-01 16:34:12,267|line:521| https://t.bilibili.com/1048841323806720000
2025-04-01 16:34:12,267|line:523| 已有
2025-04-01 16:34:12,267|line:521| https://t.bilibili.com/1050378099600916481
2025-04-01 16:34:13,926|line:528| 官方 或 预约 OUT！
2025-04-01 16:34:13,926|line:521| https://t.bilibili.com/1050386139757674497
2025-04-01 16:34:13,926|line:523| 已有
2025-04-01 16:34:13,926|line:521| https://t.bilibili.com/1050325932930236422
2025-04-01 16:34:13,926|line:523| 已有
2025-04-01 16:34:13,926|line:521| https://t.bilibili.com/1050381071717236755
2025-04-01 16:34:13,927|line:523| 已有
2025-04-01 16:34:13,927|line:521| https://t.bilibili.com/1046274936932401173
2025-04-01 16:34:13,927|line:523| 已有
2025-04-01 16:34:13,927|line:521| https://t.bilibili.com/1050364548962320388
2025-04-01 16:34:15,433|line:528| 官方 或 预约 OUT！
2025-04-01 16:34:15,433|line:521| https://t.bilibili.com/1050388450434351121
2025-04-01 16:34:15,433|line:523| 已有
2025-04-01 16:34:15,433|line:521| https://t.bilibili.com/1050482016348274707
2025-04-01 16:34:16,892|line:528| 官方 或 预约 OUT！
2025-04-01 16:34:16,892|line:521| https://t.bilibili.com/1050096783509684248
2025-04-01 16:34:16,892|line:523| 已有
2025-04-01 16:34:16,892|line:521| https://t.bilibili.com/1050466176508887042
2025-04-01 16:34:16,892|line:523| 已有
2025-04-01 16:34:16,892|line:521| https://t.bilibili.com/1050474581705359363
2025-04-01 16:34:20,427|line:528| 官方 或 预约 OUT！
2025-04-01 16:34:20,427|line:521| https://t.bilibili.com/1050339466345971752
2025-04-01 16:34:20,427|line:523| 已有
2025-04-01 16:34:20,427|line:521| https://t.bilibili.com/1050450648016879648
2025-04-01 16:34:20,427|line:523| 已有
2025-04-01 16:34:20,427|line:521| https://t.bilibili.com/1050350070652731412
2025-04-01 16:34:22,882|line:528| 官方 或 预约 OUT！
2025-04-01 16:34:22,882|line:521| https://t.bilibili.com/1050335210043867141
2025-04-01 16:34:22,882|line:523| 已有
2025-04-01 16:34:22,882|line:521| https://t.bilibili.com/635932563238551585
2025-04-01 16:34:22,883|line:523| 已有
2025-04-01 16:34:22,883|line:521| https://t.bilibili.com/1050470123580686338
2025-04-01 16:34:27,343|line:528| 官方 或 预约 OUT！
2025-04-01 16:34:27,343|line:521| https://t.bilibili.com/1050356603270725664
2025-04-01 16:34:30,896|line:528| 官方 或 预约 OUT！
2025-04-01 16:34:30,897|line:521| https://t.bilibili.com/1050441802565287938
2025-04-01 16:34:30,897|line:523| 已有
2025-04-01 16:34:30,897|line:521| https://t.bilibili.com/1050385899237408786
2025-04-01 16:34:30,897|line:523| 已有
2025-04-01 16:34:30,897|line:521| https://t.bilibili.com/1050072319381209089
2025-04-01 16:34:33,345|line:528| 官方 或 预约 OUT！
2025-04-01 16:34:33,345|line:521| https://t.bilibili.com/1050325664475906072
2025-04-01 16:34:33,345|line:523| 已有
2025-04-01 16:34:33,345|line:521| https://t.bilibili.com/1050386384591781890
2025-04-01 16:34:33,345|line:523| 已有
2025-04-01 16:34:33,345|line:521| https://t.bilibili.com/1050354889570385928
2025-04-01 16:34:33,345|line:523| 已有
2025-04-01 16:34:33,345|line:521| https://t.bilibili.com/1050473121468907553
2025-04-01 16:34:33,346|line:523| 已有
2025-04-01 16:34:33,346|line:521| https://t.bilibili.com/1050078280788475909
2025-04-01 16:34:34,801|line:528| 官方 或 预约 OUT！
2025-04-01 16:34:34,801|line:521| https://t.bilibili.com/1050474865175298056
2025-04-01 16:34:34,801|line:523| 已有
2025-04-01 16:34:34,802|line:521| https://t.bilibili.com/1047865019723677701
2025-04-01 16:34:34,802|line:523| 已有
2025-04-01 16:34:34,802|line:521| https://t.bilibili.com/1050384370231148548
2025-04-01 16:34:34,802|line:523| 已有
2025-04-01 16:34:34,802|line:521| https://t.bilibili.com/1050377000100823044
2025-04-01 16:34:38,243|line:528| 官方 或 预约 OUT！
2025-04-01 16:34:38,243|line:521| https://t.bilibili.com/1050444074582016003
2025-04-01 16:34:40,778|line:528| 官方 或 预约 OUT！
2025-04-01 16:34:40,778|line:521| https://t.bilibili.com/1050360795139932181
2025-04-01 16:34:40,778|line:523| 已有
2025-04-01 16:34:40,778|line:521| https://t.bilibili.com/1050388240032333842
2025-04-01 16:34:43,265|line:528| 官方 或 预约 OUT！
2025-04-01 16:34:43,265|line:521| https://t.bilibili.com/1049330950055395331
2025-04-01 16:34:43,265|line:523| 已有
2025-04-01 16:34:43,266|line:521| https://t.bilibili.com/1050374732362285065
2025-04-01 16:34:44,855|line:528| 官方 或 预约 OUT！
2025-04-01 16:34:44,855|line:521| https://t.bilibili.com/1050309191128842244
2025-04-01 16:34:46,307|line:528| 官方 或 预约 OUT！
2025-04-01 16:34:46,308|line:521| https://t.bilibili.com/1050392981672034307
2025-04-01 16:34:46,308|line:523| 已有
2025-04-01 16:34:46,308|line:521| https://t.bilibili.com/1050397375416238104
2025-04-01 16:34:46,308|line:523| 已有
2025-04-01 16:34:46,308|line:521| https://t.bilibili.com/1050384623664627720
2025-04-01 16:34:46,308|line:523| 已有
2025-04-01 16:34:46,308|line:521| https://t.bilibili.com/1050372056566202402
2025-04-01 16:34:48,750|line:528| 官方 或 预约 OUT！
2025-04-01 16:34:48,750|line:521| https://t.bilibili.com/1050380191230066692
2025-04-01 16:34:48,751|line:523| 已有
2025-04-01 16:34:48,751|line:521| https://t.bilibili.com/1050389511307001874
2025-04-01 16:34:52,201|line:528| 官方 或 预约 OUT！
2025-04-01 16:34:52,201|line:521| https://t.bilibili.com/1050381234927042564
2025-04-01 16:34:52,201|line:523| 已有
2025-04-01 16:34:52,201|line:521| https://t.bilibili.com/1050388888552472599
2025-04-01 16:34:52,201|line:523| 已有
2025-04-01 16:34:52,201|line:521| https://t.bilibili.com/1050432138849026050
2025-04-01 16:34:52,202|line:523| 已有
2025-04-01 16:34:52,202|line:521| https://t.bilibili.com/1050131138967764994
2025-04-01 16:34:52,202|line:523| 已有
2025-04-01 16:34:52,202|line:521| https://t.bilibili.com/1050355727124660225
2025-04-01 16:34:52,202|line:523| 已有
2025-04-01 16:34:52,202|line:521| https://t.bilibili.com/1050421577565339672
2025-04-01 16:34:54,828|line:528| 官方 或 预约 OUT！
2025-04-01 16:34:54,828|line:521| https://t.bilibili.com/1046337033597878275
2025-04-01 16:34:54,828|line:523| 已有
2025-04-01 16:34:54,828|line:521| https://t.bilibili.com/1050388549215453206
2025-04-01 16:34:54,828|line:523| 已有
2025-04-01 16:34:54,828|line:521| https://t.bilibili.com/1050384327297204230
2025-04-01 16:34:54,828|line:523| 已有
2025-04-01 16:34:54,829|line:521| https://t.bilibili.com/1045532745138176032
2025-04-01 16:34:54,829|line:523| 已有
2025-04-01 16:34:54,829|line:554| 执行结束
2025-04-01 16:34:58,773|line:560| ==================================================2025-04-02 00:34==================================================
2025-04-01 16:34:58,774|line:234| processing article 41199117
2025-04-01 16:35:00,970|line:509| ==================================================2025-04-02 00:35==================================================
2025-04-01 16:35:00,970|line:521| https://t.bilibili.com/1049691806770397185
2025-04-01 16:35:02,425|line:343| =========此为源动态=========
2025-04-01 16:35:06,909|line:364| *********子动态开始*********
2025-04-01 16:35:19,046|line:383| *********子动态结束*********
2025-04-01 16:35:19,046|line:539| -=-=-=-=处理回最初的动态-=-=-=-=
2025-04-01 16:35:27,598|line:477| 转发成功 1050922349283508240
2025-04-01 16:35:31,184|line:496| 评论发送成功
2025-04-01 16:35:37,147|line:426| 686127 === 已经关注了
2025-04-01 16:35:40,678|line:505| 动态-点赞 0
2025-04-01 16:35:43,678|line:521| https://t.bilibili.com/1049367472309796865
2025-04-01 16:35:47,138|line:343| =========此为源动态=========
2025-04-01 16:35:50,593|line:364| *********子动态开始*********
2025-04-01 16:36:19,628|line:383| *********子动态结束*********
2025-04-01 16:36:19,628|line:539| -=-=-=-=处理回最初的动态-=-=-=-=
2025-04-01 16:36:31,258|line:477| 转发成功 1050922624106889223
2025-04-01 16:36:34,858|line:496| 评论发送成功
2025-04-01 16:36:38,360|line:426| 686127 === 已经关注了
2025-04-01 16:36:41,983|line:505| 动态-点赞 0
2025-04-01 16:36:45,983|line:521| https://t.bilibili.com/1046027018532028424
2025-04-01 16:36:47,408|line:528| 官方 或 预约 OUT！
2025-04-01 16:36:47,409|line:521| https://t.bilibili.com/1046269933334298648
2025-04-01 16:36:49,835|line:343| =========此为源动态=========
2025-04-01 16:36:54,432|line:364| *********子动态开始*********
2025-04-01 16:36:54,432|line:383| *********子动态结束*********
2025-04-01 16:36:54,432|line:539| -=-=-=-=处理回最初的动态-=-=-=-=
2025-04-01 16:37:03,905|line:477| 转发成功 1050922761555279881
2025-04-01 16:37:07,421|line:496| 评论发送成功
2025-04-01 16:37:12,566|line:438| 关注 ==== 518509854 0
2025-04-01 16:37:16,242|line:505| 动态-点赞 0
2025-04-01 16:37:18,243|line:521| https://t.bilibili.com/1048949803908595747
2025-04-01 16:37:19,831|line:343| =========此为源动态=========
2025-04-01 16:37:21,507|line:364| *********子动态开始*********
2025-04-01 16:37:21,507|line:383| *********子动态结束*********
2025-04-01 16:37:21,508|line:539| -=-=-=-=处理回最初的动态-=-=-=-=
2025-04-01 16:37:31,998|line:477| 转发成功 1050922881850015746
2025-04-01 16:37:35,532|line:496| 评论发送成功
2025-04-01 16:37:42,547|line:438| 关注 ==== 7947131 0
2025-04-01 16:37:45,993|line:505| 动态-点赞 0
2025-04-01 16:37:49,993|line:521| https://t.bilibili.com/1044197023201361953
2025-04-01 16:37:51,423|line:528| 官方 或 预约 OUT！
2025-04-01 16:37:51,423|line:521| https://t.bilibili.com/1029219239570964504
2025-04-01 16:37:54,839|line:528| 官方 或 预约 OUT！
2025-04-01 16:37:54,840|line:521| https://t.bilibili.com/1039237491317538823
2025-04-01 16:37:59,262|line:528| 官方 或 预约 OUT！
2025-04-01 16:37:59,262|line:521| https://t.bilibili.com/1049217333129641991
2025-04-01 16:38:02,706|line:528| 官方 或 预约 OUT！
2025-04-01 16:38:02,706|line:521| https://t.bilibili.com/1049246165275508736
2025-04-01 16:38:06,128|line:528| 官方 或 预约 OUT！
2025-04-01 16:38:06,129|line:521| https://t.bilibili.com/1039257200904634371
2025-04-01 16:38:08,533|line:528| 官方 或 预约 OUT！
2025-04-01 16:38:08,533|line:521| https://t.bilibili.com/1049714548628520976
2025-04-01 16:38:10,030|line:528| 官方 或 预约 OUT！
2025-04-01 16:38:10,030|line:521| https://t.bilibili.com/1049700370935185414
2025-04-01 16:38:14,459|line:528| 官方 或 预约 OUT！
2025-04-01 16:38:14,460|line:521| https://t.bilibili.com/1040796654636105766
2025-04-01 16:38:17,076|line:528| 官方 或 预约 OUT！
2025-04-01 16:38:17,077|line:554| 执行结束
2025-04-01 16:38:20,607|line:560| ==================================================2025-04-02 00:38==================================================
2025-04-01 16:38:20,607|line:234| processing article 41198865
2025-04-01 16:38:23,828|line:509| ==================================================2025-04-02 00:38==================================================
2025-04-01 16:38:23,828|line:521| https://t.bilibili.com/1039039673685508117
2025-04-01 16:38:28,255|line:343| =========此为源动态=========
2025-04-01 16:38:31,875|line:364| *********子动态开始*********
2025-04-01 16:38:31,875|line:383| *********子动态结束*********
2025-04-01 16:38:31,876|line:539| -=-=-=-=处理回最初的动态-=-=-=-=
2025-04-01 16:38:42,407|line:477| 转发成功 1050923186800033813
2025-04-01 16:38:45,972|line:496| 评论发送成功
2025-04-01 16:38:50,510|line:426| 2873935 === 已经关注了
2025-04-01 16:38:53,982|line:505| 动态-点赞 0
2025-04-01 16:38:54,983|line:521| https://t.bilibili.com/1048612094956535814
2025-04-01 16:38:56,560|line:343| =========此为源动态=========
2025-04-01 16:39:01,186|line:364| *********子动态开始*********
2025-04-01 16:39:01,187|line:383| *********子动态结束*********
2025-04-01 16:39:01,187|line:539| -=-=-=-=处理回最初的动态-=-=-=-=
2025-04-01 16:39:10,840|line:477| 转发成功 1050923307030806530
2025-04-01 16:39:14,377|line:496| 评论发送成功
2025-04-01 16:39:22,407|line:438| 关注 ==== 1471387192 0
2025-04-01 16:39:25,848|line:505| 动态-点赞 0
2025-04-01 16:39:29,849|line:521| https://t.bilibili.com/1046334937646497792
2025-04-01 16:39:32,301|line:343| =========此为源动态=========
2025-04-01 16:39:33,756|line:364| *********子动态开始*********
2025-04-01 16:39:33,756|line:383| *********子动态结束*********
2025-04-01 16:39:33,756|line:539| -=-=-=-=处理回最初的动态-=-=-=-=
2025-04-01 16:39:45,379|line:477| 转发成功 1050923457348370471
2025-04-01 16:39:48,961|line:496| 评论发送成功
2025-04-01 16:39:53,453|line:426| 1024366005 === 已经关注了
2025-04-01 16:39:56,894|line:505| 动态-点赞 0
2025-04-01 16:39:58,894|line:521| https://t.bilibili.com/1048841205682536470
2025-04-01 16:40:00,459|line:343| =========此为源动态=========
2025-04-01 16:40:04,071|line:364| *********子动态开始*********
2025-04-01 16:40:04,071|line:383| *********子动态结束*********
2025-04-01 16:40:04,072|line:539| -=-=-=-=处理回最初的动态-=-=-=-=
2025-04-01 16:40:12,640|line:477| 转发成功 1050923573331361800
2025-04-01 16:40:16,191|line:496| 评论发送成功
2025-04-01 16:40:18,687|line:426| 505566286 === 已经关注了
2025-04-01 16:40:22,134|line:505| 动态-点赞 0
2025-04-01 16:40:23,135|line:521| https://t.bilibili.com/1041960994492907521
2025-04-01 16:40:25,559|line:528| 官方 或 预约 OUT！
2025-04-01 16:40:25,559|line:521| https://t.bilibili.com/1043678139600863233
2025-04-01 16:40:29,991|line:343| =========此为源动态=========
2025-04-01 16:40:32,461|line:364| *********子动态开始*********
2025-04-01 16:40:32,461|line:383| *********子动态结束*********
2025-04-01 16:40:32,461|line:539| -=-=-=-=处理回最初的动态-=-=-=-=
2025-04-01 16:40:42,191|line:477| 转发成功 1050923702156263425
2025-04-01 16:40:45,658|line:496| 评论发送成功
2025-04-01 16:40:50,182|line:426| 2000380121 === 已经关注了
2025-04-01 16:40:53,646|line:505| 动态-点赞 0
2025-04-01 16:40:56,647|line:521| https://t.bilibili.com/1048189414309625862
2025-04-01 16:40:59,073|line:528| 官方 或 预约 OUT！
2025-04-01 16:40:59,073|line:521| https://t.bilibili.com/1041543315338559488
2025-04-01 16:41:00,490|line:343| =========此为源动态=========
2025-04-01 16:41:02,084|line:364| *********子动态开始*********
2025-04-01 16:41:02,084|line:383| *********子动态结束*********
2025-04-01 16:41:02,085|line:539| -=-=-=-=处理回最初的动态-=-=-=-=
2025-04-01 16:41:10,650|line:477| 转发成功 1050923822445756421
2025-04-01 16:41:14,247|line:496| 评论发送成功
2025-04-01 16:41:17,780|line:426| 618447026 === 已经关注了
2025-04-01 16:41:21,273|line:505| 动态-点赞 0
2025-04-01 16:41:23,274|line:521| https://t.bilibili.com/1041776486983401475
2025-04-01 16:41:23,274|line:523| 已有
2025-04-01 16:41:23,274|line:554| 执行结束
2025-04-01 16:41:26,785|line:560| ==================================================2025-04-02 00:41==================================================
2025-04-01 16:41:26,785|line:234| processing article 41187195
2025-04-01 16:41:32,211|line:509| ==================================================2025-04-02 00:41==================================================
2025-04-01 16:41:32,211|line:521| https://t.bilibili.com/1033880679231782918
2025-04-01 16:41:36,800|line:348| 'NoneType' object has no attribute 'get'
2025-04-01 16:41:36,801|line:349| error line:330
2025-04-01 16:41:36,801|line:535| *#*#*#*#*#*#*#*#*#*原动态处理失败*#*#*#*#*#*#*#*#*#
2025-04-01 16:41:36,801|line:521| https://t.bilibili.com/1045260538674675712
2025-04-01 16:41:36,801|line:523| 已有
2025-04-01 16:41:36,801|line:521| https://t.bilibili.com/1046011964672704512
2025-04-01 16:41:36,801|line:523| 已有
2025-04-01 16:41:36,801|line:521| https://t.bilibili.com/1044771178684612612
2025-04-01 16:41:38,278|line:528| 官方 或 预约 OUT！
2025-04-01 16:41:38,278|line:521| https://t.bilibili.com/1045505038281080837
2025-04-01 16:41:38,278|line:523| 已有
2025-04-01 16:41:38,278|line:521| https://t.bilibili.com/1044929035928338436
2025-04-01 16:41:42,706|line:528| 官方 或 预约 OUT！
2025-04-01 16:41:42,706|line:521| https://t.bilibili.com/1048167217950097412
2025-04-01 16:41:42,706|line:523| 已有
2025-04-01 16:41:42,706|line:521| https://t.bilibili.com/1045602542620246016
2025-04-01 16:41:46,127|line:528| 官方 或 预约 OUT！
2025-04-01 16:41:46,128|line:521| https://t.bilibili.com/1047443524544364568
2025-04-01 16:41:46,128|line:523| 已有
2025-04-01 16:41:46,128|line:521| https://t.bilibili.com/1047790682441252871
2025-04-01 16:41:46,128|line:523| 已有
2025-04-01 16:41:46,128|line:521| https://t.bilibili.com/1046033830388957202
2025-04-01 16:41:46,128|line:523| 已有
2025-04-01 16:41:46,128|line:521| https://t.bilibili.com/1045582910329978880
2025-04-01 16:41:47,527|line:528| 官方 或 预约 OUT！
2025-04-01 16:41:47,527|line:521| https://t.bilibili.com/1048646046676156423
2025-04-01 16:41:47,527|line:523| 已有
2025-04-01 16:41:47,527|line:521| https://t.bilibili.com/1041805185977942016
2025-04-01 16:41:47,527|line:523| 已有
2025-04-01 16:41:47,527|line:521| https://t.bilibili.com/1039727160546295817
2025-04-01 16:41:51,934|line:528| 官方 或 预约 OUT！
2025-04-01 16:41:51,934|line:521| https://t.bilibili.com/1039380376259133465
2025-04-01 16:41:56,370|line:528| 官方 或 预约 OUT！
2025-04-01 16:41:56,370|line:521| https://t.bilibili.com/1048501162354933842
2025-04-01 16:41:56,371|line:523| 已有
2025-04-01 16:41:56,371|line:521| https://t.bilibili.com/1044097616136110102
2025-04-01 16:41:58,938|line:528| 官方 或 预约 OUT！
2025-04-01 16:41:58,939|line:521| https://t.bilibili.com/1039778657166426135
2025-04-01 16:42:00,342|line:528| 官方 或 预约 OUT！
2025-04-01 16:42:00,342|line:521| https://t.bilibili.com/1045176237051346949
2025-04-01 16:42:03,826|line:528| 官方 或 预约 OUT！
2025-04-01 16:42:03,826|line:521| https://t.bilibili.com/1047838562728280065
2025-04-01 16:42:07,296|line:528| 官方 或 预约 OUT！
2025-04-01 16:42:07,296|line:521| https://t.bilibili.com/1039380913154162723
2025-04-01 16:42:10,726|line:528| 官方 或 预约 OUT！
2025-04-01 16:42:10,726|line:521| https://t.bilibili.com/1045255788475449350
2025-04-01 16:42:13,142|line:528| 官方 或 预约 OUT！
2025-04-01 16:42:13,142|line:521| https://t.bilibili.com/1043348213066629139
2025-04-01 16:42:13,142|line:523| 已有
2025-04-01 16:42:13,142|line:521| https://t.bilibili.com/1048244123639742466
2025-04-01 16:42:13,142|line:523| 已有
2025-04-01 16:42:13,142|line:521| https://t.bilibili.com/1040015026424905737
2025-04-01 16:42:16,547|line:528| 官方 或 预约 OUT！
2025-04-01 16:42:16,547|line:521| https://t.bilibili.com/1043408016197550121
2025-04-01 16:42:16,547|line:523| 已有
2025-04-01 16:42:16,547|line:521| https://t.bilibili.com/1042711011760537655
2025-04-01 16:42:21,136|line:528| 官方 或 预约 OUT！
2025-04-01 16:42:21,136|line:521| https://t.bilibili.com/1039394188870811653
2025-04-01 16:42:22,547|line:528| 官方 或 预约 OUT！
2025-04-01 16:42:22,547|line:521| https://t.bilibili.com/1044835023392342021
2025-04-01 16:42:25,952|line:528| 官方 或 预约 OUT！
2025-04-01 16:42:25,953|line:521| https://t.bilibili.com/1045579135042191379
2025-04-01 16:42:25,953|line:523| 已有
2025-04-01 16:42:25,953|line:554| 执行结束
2025-04-01 16:42:29,472|line:560| ==================================================2025-04-02 00:42==================================================
2025-04-01 16:42:29,472|line:234| processing article 41203419
2025-04-01 16:42:32,143|line:509| ==================================================2025-04-02 00:42==================================================
2025-04-01 16:42:32,143|line:521| https://t.bilibili.com/1050702674555568182
2025-04-01 16:42:35,567|line:343| =========此为源动态=========
2025-04-01 16:42:39,054|line:364| *********子动态开始*********
2025-04-01 16:42:39,054|line:383| *********子动态结束*********
2025-04-01 16:42:39,054|line:539| -=-=-=-=处理回最初的动态-=-=-=-=
2025-04-01 16:42:46,761|line:477| 转发成功 1050924234729062408
2025-04-01 16:42:50,321|line:496| 评论发送成功
2025-04-01 16:42:53,872|line:426| 472727109 === 已经关注了
2025-04-01 16:42:57,341|line:505| 动态-点赞 0
2025-04-01 16:42:59,342|line:521| https://t.bilibili.com/1050727673430540291
2025-04-01 16:43:01,780|line:343| =========此为源动态=========
2025-04-01 16:43:03,388|line:364| *********子动态开始*********
2025-04-01 16:43:03,388|line:383| *********子动态结束*********
2025-04-01 16:43:03,388|line:539| -=-=-=-=处理回最初的动态-=-=-=-=
2025-04-01 16:43:12,988|line:477| 转发成功 1050924346438057986
2025-04-01 16:43:16,590|line:496| 评论发送成功
2025-04-01 16:43:21,191|line:426| 198427927 === 已经关注了
2025-04-01 16:43:24,662|line:505| 动态-点赞 0
2025-04-01 16:43:26,663|line:521| https://t.bilibili.com/1050727673434734611
2025-04-01 16:43:31,108|line:343| =========此为源动态=========
2025-04-01 16:43:33,742|line:364| *********子动态开始*********
2025-04-01 16:43:33,742|line:383| *********子动态结束*********
2025-04-01 16:43:33,742|line:539| -=-=-=-=处理回最初的动态-=-=-=-=
2025-04-01 16:43:43,365|line:477| 转发成功 1050924479564218377
2025-04-01 16:43:46,933|line:496| 评论发送成功
2025-04-01 16:43:51,444|line:426| 373471445 === 已经关注了
2025-04-01 16:43:54,911|line:505| 动态-点赞 0
2025-04-01 16:43:58,911|line:521| https://t.bilibili.com/1050714855100645380
2025-04-01 16:44:02,305|line:338| =========此为子动态=========
2025-04-01 16:44:06,848|line:402| *************原动态已存在***************
2025-04-01 16:44:11,503|line:364| *********子动态开始*********
2025-04-01 16:44:21,133|line:477| 转发成功 1050924638478008321
2025-04-01 16:44:24,752|line:496| 评论发送成功
2025-04-01 16:44:32,675|line:426| 212395881 === 已经关注了
2025-04-01 16:44:32,675|line:378| ----完成一个子动态----
2025-04-01 16:44:45,299|line:477| 转发成功 1050924745817587720
2025-04-01 16:44:48,828|line:496| 评论发送成功
2025-04-01 16:44:57,789|line:426| 627553716 === 已经关注了
2025-04-01 16:44:57,790|line:378| ----完成一个子动态----
2025-04-01 16:45:09,439|line:477| 转发成功 1050924848928260099
2025-04-01 16:45:12,968|line:496| 评论发送成功
2025-04-01 16:45:21,923|line:426| 477646977 === 已经关注了
2025-04-01 16:45:21,923|line:378| ----完成一个子动态----
2025-04-01 16:45:30,637|line:477| 转发成功 1050924939104747523
2025-04-01 16:45:34,190|line:496| 评论发送成功
2025-04-01 16:45:40,175|line:426| 1129687681 === 已经关注了
2025-04-01 16:45:40,175|line:378| ----完成一个子动态----
2025-04-01 16:45:50,878|line:477| 转发成功 1050925025017724947
2025-04-01 16:45:54,516|line:496| 评论发送成功
2025-04-01 16:46:03,560|line:426| 544030731 === 已经关注了
2025-04-01 16:46:03,561|line:378| ----完成一个子动态----
2025-04-01 16:46:14,214|line:477| 转发成功 1050925128099037203
2025-04-01 16:46:17,836|line:496| 评论发送成功
2025-04-01 16:46:24,001|line:426| 1024366005 === 已经关注了
2025-04-01 16:46:24,001|line:378| ----完成一个子动态----
2025-04-01 16:46:36,233|line:205| post_HTTPSConnectionPool(host='api.bilibili.com', port=443): Read timed out. (read timeout=5)
2025-04-01 16:46:39,794|line:477| 转发成功 1050925235500482569
2025-04-01 16:46:43,433|line:496| 评论发送成功
2025-04-01 16:46:53,193|line:438| 关注 ==== 79955050 0
2025-04-01 16:46:53,193|line:378| ----完成一个子动态----
2025-04-01 16:47:01,995|line:477| 转发成功 1050925329933139989
2025-04-01 16:47:05,538|line:496| 评论发送成功
2025-04-01 16:47:11,535|line:426| 346469145 === 已经关注了
2025-04-01 16:47:11,535|line:378| ----完成一个子动态----
2025-04-01 16:47:22,239|line:477| 转发成功 1050925420158910465
2025-04-01 16:47:25,816|line:496| 评论发送成功
2025-04-01 16:47:31,795|line:426| 343198 === 已经关注了
2025-04-01 16:47:31,795|line:378| ----完成一个子动态----
2025-04-01 16:47:31,795|line:383| *********子动态结束*********
2025-04-01 16:47:33,796|line:521| https://t.bilibili.com/1050712359739326513
2025-04-01 16:47:38,329|line:343| =========此为源动态=========
2025-04-01 16:47:40,989|line:364| *********子动态开始*********
2025-04-01 16:47:40,990|line:383| *********子动态结束*********
2025-04-01 16:47:40,990|line:539| -=-=-=-=处理回最初的动态-=-=-=-=
2025-04-01 16:47:49,568|line:477| 转发成功 1050925536135610388
2025-04-01 16:47:53,101|line:496| 评论发送成功
2025-04-01 16:48:00,174|line:438| 关注 ==== 1779174270 0
2025-04-01 16:48:03,643|line:505| 动态-点赞 0
2025-04-01 16:48:04,643|line:521| https://t.bilibili.com/1050712211511574535
2025-04-01 16:48:06,092|line:343| =========此为源动态=========
2025-04-01 16:48:08,747|line:364| *********子动态开始*********
2025-04-01 16:48:08,748|line:383| *********子动态结束*********
2025-04-01 16:48:08,748|line:539| -=-=-=-=处理回最初的动态-=-=-=-=
2025-04-01 16:48:20,396|line:477| 转发成功 1050925669286936599
2025-04-01 16:48:24,030|line:496| 评论发送成功
2025-04-01 16:48:25,525|line:426| 2038413965 === 已经关注了
2025-04-01 16:48:28,955|line:505| 动态-点赞 0
2025-04-01 16:48:30,955|line:521| https://t.bilibili.com/1050719942471581705
2025-04-01 16:48:32,402|line:343| =========此为源动态=========
2025-04-01 16:48:35,065|line:364| *********子动态开始*********
2025-04-01 16:48:35,065|line:383| *********子动态结束*********
2025-04-01 16:48:35,065|line:539| -=-=-=-=处理回最初的动态-=-=-=-=
2025-04-01 16:48:45,521|line:477| 转发成功 1050925776631758852
2025-04-01 16:48:49,018|line:496| 评论发送成功
2025-04-01 16:48:53,542|line:426| 432158620 === 已经关注了
2025-04-01 16:48:56,968|line:505| 动态-点赞 0
2025-04-01 16:48:57,968|line:521| https://t.bilibili.com/1050727190257205283
2025-04-01 16:49:00,591|line:343| =========此为源动态=========
2025-04-01 16:49:04,229|line:364| *********子动态开始*********
2025-04-01 16:49:04,229|line:383| *********子动态结束*********
2025-04-01 16:49:04,230|line:539| -=-=-=-=处理回最初的动态-=-=-=-=
2025-04-01 16:49:13,785|line:477| 转发成功 1050925896909717527
2025-04-01 16:49:17,378|line:496| 评论发送成功
2025-04-01 16:49:25,356|line:438| 关注 ==== 3546593890404826 0
2025-04-01 16:49:28,956|line:505| 动态-点赞 0
2025-04-01 16:49:32,957|line:521| https://t.bilibili.com/1050702167735795721
2025-04-01 16:49:37,558|line:343| =========此为源动态=========
2025-04-01 16:49:41,164|line:364| *********子动态开始*********
2025-04-01 16:49:41,164|line:383| *********子动态结束*********
2025-04-01 16:49:41,165|line:539| -=-=-=-=处理回最初的动态-=-=-=-=
2025-04-01 16:49:49,649|line:477| 转发成功 1050926051517005826
2025-04-01 16:49:53,176|line:496| 评论发送成功
2025-04-01 16:49:56,895|line:426| 436170053 === 已经关注了
2025-04-01 16:50:00,428|line:505| 动态-点赞 0
2025-04-01 16:50:01,428|line:521| https://t.bilibili.com/1050702927958638627
2025-04-01 16:50:04,883|line:338| =========此为子动态=========
2025-04-01 16:50:06,424|line:389| *************原动态处理开始***************
2025-04-01 16:50:11,499|line:477| 转发成功 1050926146026209282
2025-04-01 16:50:15,043|line:496| 评论发送成功
2025-04-01 16:50:18,638|line:426| 2140091933 === 已经关注了
2025-04-01 16:50:22,107|line:505| 动态-点赞 0
2025-04-01 16:50:22,107|line:398| *************原动态处理完成***************
2025-04-01 16:50:23,774|line:364| *********子动态开始*********
2025-04-01 16:50:33,448|line:477| 转发成功 1050926240487178247
2025-04-01 16:50:36,991|line:496| 评论发送成功
2025-04-01 16:50:43,031|line:426| 3546701923093477 === 已经关注了
2025-04-01 16:50:43,031|line:378| ----完成一个子动态----
2025-04-01 16:50:51,779|line:477| 转发成功 1050926317807075330
2025-04-01 16:50:55,455|line:496| 评论发送成功
2025-04-01 16:50:59,417|line:426| 627553716 === 已经关注了
2025-04-01 16:50:59,417|line:378| ----完成一个子动态----
2025-04-01 16:51:10,053|line:477| 转发成功 1050926395140603921
2025-04-01 16:51:13,749|line:496| 评论发送成功
2025-04-01 16:51:17,720|line:426| 63414376 === 已经关注了
2025-04-01 16:51:17,720|line:378| ----完成一个子动态----
2025-04-01 16:51:26,419|line:477| 转发成功 1050926468130930706
2025-04-01 16:51:29,914|line:496| 评论发送成功
2025-04-01 16:51:35,779|line:426| 1494786563 === 已经关注了
2025-04-01 16:51:35,779|line:378| ----完成一个子动态----
2025-04-01 16:51:44,427|line:477| 转发成功 1050926545458167812
2025-04-01 16:51:47,915|line:496| 评论发送成功
2025-04-01 16:51:53,762|line:426| 212395881 === 已经关注了
2025-04-01 16:51:53,762|line:378| ----完成一个子动态----
2025-04-01 16:52:12,255|line:477| 转发成功 1050926665699426313
2025-04-01 16:52:15,750|line:496| 评论发送成功
2025-04-01 16:52:23,613|line:426| 505670427 === 已经关注了
2025-04-01 16:52:23,613|line:378| ----完成一个子动态----
2025-04-01 16:52:31,554|line:383| *********子动态结束*********
2025-04-01 16:52:33,555|line:521| https://t.bilibili.com/1050719948939198545
2025-04-01 16:52:37,273|line:343| =========此为源动态=========
2025-04-01 16:52:39,877|line:364| *********子动态开始*********
2025-04-01 16:52:39,877|line:383| *********子动态结束*********
2025-04-01 16:52:39,878|line:539| -=-=-=-=处理回最初的动态-=-=-=-=
2025-04-01 16:52:50,373|line:477| 转发成功 1050926828878823447
2025-04-01 16:52:53,941|line:496| 评论发送成功
2025-04-01 16:52:56,433|line:426| 404066457 === 已经关注了
2025-04-01 16:52:59,890|line:505| 动态-点赞 0
2025-04-01 16:53:00,890|line:521| https://t.bilibili.com/1050727739980513283
2025-04-01 16:53:05,336|line:343| =========此为源动态=========
2025-04-01 16:53:06,949|line:364| *********子动态开始*********
2025-04-01 16:53:06,949|line:383| *********子动态结束*********
2025-04-01 16:53:06,949|line:539| -=-=-=-=处理回最初的动态-=-=-=-=
2025-04-01 16:53:18,492|line:477| 转发成功 1050926949184045058
2025-04-01 16:53:22,028|line:496| 评论发送成功
2025-04-01 16:53:24,537|line:426| 97495251 === 已经关注了
2025-04-01 16:53:28,023|line:505| 动态-点赞 0
2025-04-01 16:53:31,024|line:521| https://t.bilibili.com/1050708824940347395
2025-04-01 16:53:31,024|line:523| 已有
2025-04-01 16:53:31,024|line:521| https://t.bilibili.com/1050736385755971606
2025-04-01 16:53:32,450|line:343| =========此为源动态=========
2025-04-01 16:53:36,047|line:364| *********子动态开始*********
2025-04-01 16:53:36,047|line:383| *********子动态结束*********
2025-04-01 16:53:36,047|line:539| -=-=-=-=处理回最初的动态-=-=-=-=
2025-04-01 16:53:43,576|line:477| 转发成功 1050927056560324611
2025-04-01 16:53:47,146|line:496| 评论发送成功
2025-04-01 16:53:50,643|line:426| 488941099 === 已经关注了
2025-04-01 16:53:54,091|line:505| 动态-点赞 0
2025-04-01 16:53:58,091|line:521| https://t.bilibili.com/1050727694905376768
2025-04-01 16:54:01,507|line:528| 官方 或 预约 OUT！
2025-04-01 16:54:01,507|line:521| https://t.bilibili.com/1050888002384953378
2025-04-01 16:54:04,985|line:528| 官方 或 预约 OUT！
2025-04-01 16:54:04,985|line:521| https://t.bilibili.com/1050712024733974530
2025-04-01 16:54:09,562|line:343| =========此为源动态=========
2025-04-01 16:54:12,080|line:364| *********子动态开始*********
2025-04-01 16:54:12,081|line:383| *********子动态结束*********
2025-04-01 16:54:12,081|line:539| -=-=-=-=处理回最初的动态-=-=-=-=
2025-04-01 16:54:23,731|line:477| 转发成功 1050927228354822149
2025-04-01 16:54:27,325|line:496| 评论发送成功
2025-04-01 16:54:28,801|line:426| 480772617 === 已经关注了
2025-04-01 16:54:32,246|line:505| 动态-点赞 0
2025-04-01 16:54:35,247|line:521| https://t.bilibili.com/1050850687715377223
2025-04-01 16:54:39,668|line:528| 官方 或 预约 OUT！
2025-04-01 16:54:39,668|line:521| https://t.bilibili.com/1050718501500616711
2025-04-01 16:54:39,668|line:523| 已有
2025-04-01 16:54:39,669|line:521| https://t.bilibili.com/1050711509329510402
2025-04-01 16:54:44,093|line:528| 官方 或 预约 OUT！
2025-04-01 16:54:44,093|line:521| https://t.bilibili.com/1050699109713838089
2025-04-01 16:54:45,501|line:338| =========此为子动态=========
2025-04-01 16:54:48,003|line:402| *************原动态已存在***************
2025-04-01 16:54:50,624|line:364| *********子动态开始*********
2025-04-01 16:54:59,311|line:477| 转发成功 1050927382973644807
2025-04-01 16:55:02,891|line:496| 评论发送成功
2025-04-01 16:55:06,756|line:426| 212395881 === 已经关注了
2025-04-01 16:55:06,756|line:378| ----完成一个子动态----
2025-04-01 16:55:15,178|line:477| 转发成功 1050927451687878660
2025-04-01 16:55:18,665|line:496| 评论发送成功
2025-04-01 16:55:21,566|line:426| 421669645 === 已经关注了
2025-04-01 16:55:21,567|line:378| ----完成一个子动态----
2025-04-01 16:55:21,567|line:383| *********子动态结束*********
2025-04-01 16:55:25,568|line:521| https://t.bilibili.com/1050811612111306760
2025-04-01 16:55:30,177|line:338| =========此为子动态=========
2025-04-01 16:55:32,709|line:389| *************原动态处理开始***************
2025-04-01 16:55:37,835|line:477| 转发成功 1050927546182402057
2025-04-01 16:55:41,323|line:496| 评论发送成功
2025-04-01 16:55:43,778|line:426| 2124352378 === 已经关注了
2025-04-01 16:55:47,201|line:505| 动态-点赞 0
2025-04-01 16:55:47,202|line:398| *************原动态处理完成***************
2025-04-01 16:55:51,662|line:364| *********子动态开始*********
2025-04-01 16:56:04,099|line:477| 转发成功 1050927657815900166
2025-04-01 16:56:07,596|line:496| 评论发送成功
2025-04-01 16:56:12,467|line:426| 480520643 === 已经关注了
2025-04-01 16:56:12,468|line:378| ----完成一个子动态----
2025-04-01 16:56:19,935|line:477| 转发成功 1050927726577319941
2025-04-01 16:56:23,424|line:496| 评论发送成功
2025-04-01 16:56:34,005|line:438| 关注 ==== 1681276938 0
2025-04-01 16:56:34,006|line:378| ----完成一个子动态----
2025-04-01 16:56:50,586|line:477| 转发成功 1050927859694043158
2025-04-01 16:56:54,109|line:496| 评论发送成功
2025-04-01 16:56:59,023|line:426| 388684610 === 已经关注了
2025-04-01 16:56:59,023|line:378| ----完成一个子动态----
2025-04-01 16:57:05,532|line:477| 转发成功 1050927924120649728
2025-04-01 16:57:09,045|line:496| 评论发送成功
2025-04-01 16:57:15,114|line:426| 1864084681 === 已经关注了
2025-04-01 16:57:15,114|line:378| ----完成一个子动态----
2025-04-01 16:57:22,694|line:477| 转发成功 1050927997147676675
2025-04-01 16:57:26,225|line:496| 评论发送成功
2025-04-01 16:57:30,359|line:426| 1494786563 === 已经关注了
2025-04-01 16:57:30,359|line:378| ----完成一个子动态----
2025-04-01 16:57:43,895|line:477| 转发成功 1050928087326261248
2025-04-01 16:57:47,415|line:496| 评论发送成功
2025-04-01 16:57:54,347|line:426| 1221637505 === 已经关注了
2025-04-01 16:57:54,347|line:378| ----完成一个子动态----
2025-04-01 16:58:02,012|line:477| 转发成功 1050928164662935558
2025-04-01 16:58:05,615|line:496| 评论发送成功
2025-04-01 16:58:13,524|line:426| 476645168 === 已经关注了
2025-04-01 16:58:13,524|line:378| ----完成一个子动态----
2025-04-01 16:58:22,001|line:477| 转发成功 1050928250551795721
2025-04-01 16:58:25,526|line:496| 评论发送成功
2025-04-01 16:58:31,514|line:426| 488941099 === 已经关注了
2025-04-01 16:58:31,514|line:378| ----完成一个子动态----
2025-04-01 16:59:05,626|line:383| *********子动态结束*********
2025-04-01 16:59:09,626|line:521| https://t.bilibili.com/1050719942471581696
2025-04-01 16:59:11,109|line:343| =========此为源动态=========
2025-04-01 16:59:14,609|line:364| *********子动态开始*********
2025-04-01 16:59:14,610|line:383| *********子动态结束*********
2025-04-01 16:59:14,610|line:539| -=-=-=-=处理回最初的动态-=-=-=-=
2025-04-01 16:59:22,273|line:477| 转发成功 1050928512558432262
2025-04-01 16:59:25,792|line:496| 评论发送成功
2025-04-01 16:59:30,769|line:438| 关注 ==== 2034014779 0
2025-04-01 16:59:34,206|line:505| 动态-点赞 0
2025-04-01 16:59:35,207|line:521| https://t.bilibili.com/1050720597466677280
2025-04-01 16:59:35,207|line:523| 已有
2025-04-01 16:59:35,207|line:521| https://t.bilibili.com/1050698096146644994
2025-04-01 16:59:39,713|line:343| =========此为源动态=========
2025-04-01 16:59:43,386|line:364| *********子动态开始*********
2025-04-01 16:59:43,386|line:383| *********子动态结束*********
2025-04-01 16:59:43,386|line:539| -=-=-=-=处理回最初的动态-=-=-=-=
2025-04-01 16:59:50,801|line:477| 转发成功 1050928632803885075
2025-04-01 16:59:54,315|line:496| 评论发送成功
2025-04-01 16:59:55,839|line:426| 402328562 === 已经关注了
2025-04-01 16:59:59,266|line:505| 动态-点赞 0
2025-04-01 17:00:03,266|line:521| https://t.bilibili.com/1050907084924649474
2025-04-01 17:00:07,863|line:343| =========此为源动态=========
2025-04-01 17:00:10,272|line:364| *********子动态开始*********
2025-04-01 17:00:10,272|line:383| *********子动态结束*********
2025-04-01 17:00:10,272|line:539| -=-=-=-=处理回最初的动态-=-=-=-=
2025-04-01 17:00:20,761|line:477| 转发成功 1050928761656049672
2025-04-01 17:00:24,187|line:550| 'NoneType' object is not subscriptable
2025-04-01 17:00:24,187|line:551| error line:543
2025-04-01 17:00:25,187|line:521| https://t.bilibili.com/1050711741250404356
2025-04-01 17:00:25,188|line:523| 已有
2025-04-01 17:00:25,188|line:521| https://t.bilibili.com/1050719051278450697
2025-04-01 17:00:25,188|line:523| 已有
2025-04-01 17:00:25,188|line:521| https://t.bilibili.com/1050708013198868484
2025-04-01 17:00:29,592|line:528| 官方 或 预约 OUT！
2025-04-01 17:00:29,592|line:521| https://t.bilibili.com/1050693418889510951
2025-04-01 17:00:29,592|line:523| 已有
2025-04-01 17:00:29,592|line:521| https://t.bilibili.com/1035593318931628032
2025-04-01 17:00:30,997|line:528| 官方 或 预约 OUT！
2025-04-01 17:00:30,997|line:521| https://t.bilibili.com/1050712321084620818
2025-04-01 17:00:34,383|line:343| =========此为源动态=========
2025-04-01 17:00:37,042|line:364| *********子动态开始*********
2025-04-01 17:00:37,042|line:383| *********子动态结束*********
2025-04-01 17:00:37,043|line:539| -=-=-=-=处理回最初的动态-=-=-=-=
2025-04-01 17:00:46,454|line:477| 转发成功 1050928873297936392
2025-04-01 17:00:49,958|line:496| 评论发送成功
2025-04-01 17:00:52,528|line:426| 618447026 === 已经关注了
2025-04-01 17:00:55,956|line:505| 动态-点赞 0
2025-04-01 17:00:58,956|line:554| 执行结束
2025-04-01 17:01:03,608|line:560| ==================================================2025-04-02 01:01==================================================
2025-04-01 17:01:03,609|line:234| processing article 41203117
2025-04-01 17:01:07,130|line:509| ==================================================2025-04-02 01:01==================================================
2025-04-01 17:01:07,131|line:521| https://t.bilibili.com/1050454996711112704
2025-04-01 17:01:10,584|line:343| =========此为源动态=========
2025-04-01 17:01:13,245|line:364| *********子动态开始*********
2025-04-01 17:01:13,245|line:383| *********子动态结束*********
2025-04-01 17:01:13,245|line:539| -=-=-=-=处理回最初的动态-=-=-=-=
2025-04-01 17:01:21,880|line:477| 转发成功 1050929023622840322
2025-04-01 17:01:25,471|line:496| 评论发送成功
2025-04-01 17:01:30,181|line:426| 109778207 === 已经关注了
2025-04-01 17:01:33,638|line:505| 动态-点赞 0
2025-04-01 17:01:37,638|line:521| https://t.bilibili.com/1050695046718816257
2025-04-01 17:01:37,638|line:523| 已有
2025-04-01 17:01:37,639|line:521| https://t.bilibili.com/1050543640524357650
2025-04-01 17:01:40,086|line:528| 官方 或 预约 OUT！
2025-04-01 17:01:40,086|line:521| https://t.bilibili.com/1050812380924084243
2025-04-01 17:01:40,086|line:523| 已有
2025-04-01 17:01:40,087|line:521| https://t.bilibili.com/1050466176508887042
2025-04-01 17:01:40,087|line:523| 已有
2025-04-01 17:01:40,087|line:521| https://t.bilibili.com/1050474581705359363
2025-04-01 17:01:42,535|line:528| 官方 或 预约 OUT！
2025-04-01 17:01:42,535|line:521| https://t.bilibili.com/1050464821442510849
2025-04-01 17:01:43,967|line:343| =========此为源动态=========
2025-04-01 17:01:46,631|line:364| *********子动态开始*********
2025-04-01 17:01:46,632|line:383| *********子动态结束*********
2025-04-01 17:01:46,632|line:539| -=-=-=-=处理回最初的动态-=-=-=-=
2025-04-01 17:01:54,267|line:477| 转发成功 1050929165349421063
2025-04-01 17:01:57,833|line:496| 评论发送成功
2025-04-01 17:02:02,428|line:426| 287886755 === 已经关注了
2025-04-01 17:02:05,905|line:505| 动态-点赞 0
2025-04-01 17:02:09,905|line:521| https://t.bilibili.com/1048861486499233825
2025-04-01 17:02:12,422|line:338| =========此为子动态=========
2025-04-01 17:02:15,954|line:402| *************原动态已存在***************
2025-04-01 17:02:19,624|line:364| *********子动态开始*********
2025-04-01 17:02:38,414|line:477| 转发成功 1050929354366779401
2025-04-01 17:02:41,950|line:496| 评论发送成功
2025-04-01 17:02:50,065|line:426| 1681276938 === 已经关注了
2025-04-01 17:02:50,065|line:378| ----完成一个子动态----
2025-04-01 17:03:11,819|line:477| 转发成功 1050929496097554441
2025-04-01 17:03:15,366|line:496| 评论发送成功
2025-04-01 17:03:21,265|line:426| 1681276938 === 已经关注了
2025-04-01 17:03:21,266|line:378| ----完成一个子动态----
2025-04-01 17:03:28,216|line:383| *********子动态结束*********
2025-04-01 17:03:29,216|line:521| https://t.bilibili.com/1050888002384953378
2025-04-01 17:03:30,648|line:528| 官方 或 预约 OUT！
2025-04-01 17:03:30,649|line:521| https://t.bilibili.com/1050813527674060852
2025-04-01 17:03:33,103|line:338| =========此为子动态=========
2025-04-01 17:03:35,607|line:402| *************原动态已存在***************
2025-04-01 17:03:39,270|line:364| *********子动态开始*********
2025-04-01 17:05:10,652|line:383| *********子动态结束*********
2025-04-01 17:05:10,653|line:539| -=-=-=-=处理回最初的动态-=-=-=-=
2025-04-01 17:05:21,256|line:477| 转发成功 1050930054428622849
2025-04-01 17:05:24,954|line:496| 评论发送成功
2025-04-01 17:05:27,488|line:426| 631208134 === 已经关注了
2025-04-01 17:05:31,133|line:505| 动态-点赞 0
2025-04-01 17:05:32,133|line:521| https://t.bilibili.com/1050850687715377223
2025-04-01 17:05:33,791|line:528| 官方 或 预约 OUT！
2025-04-01 17:05:33,792|line:521| https://t.bilibili.com/1050361954818850855
2025-04-01 17:05:33,792|line:523| 已有
2025-04-01 17:05:33,792|line:521| https://t.bilibili.com/1050354889570385928
2025-04-01 17:05:33,792|line:523| 已有
2025-04-01 17:05:33,792|line:521| https://t.bilibili.com/1050474865175298056
2025-04-01 17:05:33,792|line:523| 已有
2025-04-01 17:05:33,792|line:521| https://t.bilibili.com/1050823491984556037
2025-04-01 17:05:35,454|line:343| =========此为源动态=========
2025-04-01 17:05:37,947|line:364| *********子动态开始*********
2025-04-01 17:05:37,947|line:383| *********子动态结束*********
2025-04-01 17:05:37,947|line:539| -=-=-=-=处理回最初的动态-=-=-=-=
2025-04-01 17:05:46,795|line:477| 转发成功 1050930161812242439
2025-04-01 17:05:50,358|line:496| 评论发送成功
2025-04-01 17:05:53,877|line:426| 2000380121 === 已经关注了
2025-04-01 17:05:57,376|line:505| 动态-点赞 0
2025-04-01 17:05:59,376|line:521| https://t.bilibili.com/1050356588246728720
2025-04-01 17:06:01,860|line:343| =========此为源动态=========
2025-04-01 17:06:03,463|line:364| *********子动态开始*********
2025-04-01 17:06:03,463|line:383| *********子动态结束*********
2025-04-01 17:06:03,464|line:539| -=-=-=-=处理回最初的动态-=-=-=-=
2025-04-01 17:06:13,276|line:477| 转发成功 1050930277787893763
2025-04-01 17:06:16,828|line:496| 评论发送成功
2025-04-01 17:06:18,462|line:426| 287886755 === 已经关注了
2025-04-01 17:06:21,940|line:505| 动态-点赞 0
2025-04-01 17:06:23,941|line:521| https://t.bilibili.com/1050899061953003572
2025-04-01 17:06:27,426|line:343| =========此为源动态=========
2025-04-01 17:06:31,069|line:364| *********子动态开始*********
2025-04-01 17:06:31,069|line:383| *********子动态结束*********
2025-04-01 17:06:31,069|line:539| -=-=-=-=处理回最初的动态-=-=-=-=
2025-04-01 17:06:39,847|line:477| 转发成功 1050930389457043462
2025-04-01 17:06:43,360|line:550| 'NoneType' object is not subscriptable
2025-04-01 17:06:43,361|line:551| error line:543
2025-04-01 17:06:44,361|line:521| https://t.bilibili.com/1050384370231148548
2025-04-01 17:06:44,361|line:523| 已有
2025-04-01 17:06:44,361|line:521| https://t.bilibili.com/1050377000100823044
2025-04-01 17:06:46,834|line:528| 官方 或 预约 OUT！
2025-04-01 17:06:46,834|line:521| https://t.bilibili.com/1050360795139932181
2025-04-01 17:06:46,834|line:523| 已有
2025-04-01 17:06:46,835|line:521| https://t.bilibili.com/1050719231650299909
2025-04-01 17:06:49,242|line:528| 官方 或 预约 OUT！
2025-04-01 17:06:49,242|line:521| https://t.bilibili.com/1050457981696606215
2025-04-01 17:06:51,664|line:528| 官方 或 预约 OUT！
2025-04-01 17:06:51,664|line:521| https://t.bilibili.com/1050727739979464743
2025-04-01 17:06:51,664|line:523| 已有
2025-04-01 17:06:51,664|line:521| https://t.bilibili.com/1050498238428217345
2025-04-01 17:06:53,069|line:528| 官方 或 预约 OUT！
2025-04-01 17:06:53,069|line:521| https://t.bilibili.com/1050372176829480977
2025-04-01 17:06:55,474|line:343| =========此为源动态=========
2025-04-01 17:06:57,987|line:364| *********子动态开始*********
2025-04-01 17:06:57,988|line:383| *********子动态结束*********
2025-04-01 17:06:57,988|line:539| -=-=-=-=处理回最初的动态-=-=-=-=
2025-04-01 17:07:04,549|line:477| 转发成功 1050930496797671430
2025-04-01 17:07:08,172|line:496| 评论发送成功
2025-04-01 17:07:10,699|line:426| 30973654 === 已经关注了
2025-04-01 17:07:14,173|line:505| 动态-点赞 0
2025-04-01 17:07:17,173|line:521| https://t.bilibili.com/1050864242643697686
2025-04-01 17:07:17,174|line:523| 已有
2025-04-01 17:07:17,174|line:521| https://t.bilibili.com/1050518938037780480
2025-04-01 17:07:19,611|line:343| =========此为源动态=========
2025-04-01 17:07:23,350|line:364| *********子动态开始*********
2025-04-01 17:07:23,350|line:383| *********子动态结束*********
2025-04-01 17:07:23,350|line:539| -=-=-=-=处理回最初的动态-=-=-=-=
2025-04-01 17:07:34,029|line:477| 转发成功 1050930621383180289
2025-04-01 17:07:37,599|line:496| 评论发送成功
2025-04-01 17:07:40,143|line:426| 652239032 === 已经关注了
2025-04-01 17:07:43,615|line:505| 动态-点赞 0
2025-04-01 17:07:45,615|line:521| https://t.bilibili.com/1050384623664627720
2025-04-01 17:07:45,616|line:523| 已有
2025-04-01 17:07:45,616|line:521| https://t.bilibili.com/1042650684629975045
2025-04-01 17:07:45,616|line:523| 已有
2025-04-01 17:07:45,616|line:521| https://t.bilibili.com/1050380191230066692
2025-04-01 17:07:45,616|line:523| 已有
2025-04-01 17:07:45,616|line:521| https://t.bilibili.com/1050381234927042564
2025-04-01 17:07:45,616|line:523| 已有
2025-04-01 17:07:45,616|line:521| https://t.bilibili.com/1050510302982963254
2025-04-01 17:07:49,039|line:343| =========此为源动态=========
2025-04-01 17:07:50,649|line:364| *********子动态开始*********
2025-04-01 17:07:50,649|line:383| *********子动态结束*********
2025-04-01 17:07:50,650|line:539| -=-=-=-=处理回最初的动态-=-=-=-=
2025-04-01 17:08:01,221|line:477| 转发成功 1050930741631778821
2025-04-01 17:08:04,770|line:496| 评论发送成功
2025-04-01 17:08:08,303|line:426| 520816683 === 已经关注了
2025-04-01 17:08:11,778|line:505| 动态-点赞 0
2025-04-01 17:08:12,778|line:521| https://t.bilibili.com/1035593318931628032
2025-04-01 17:08:14,349|line:528| 官方 或 预约 OUT！
2025-04-01 17:08:14,349|line:521| https://t.bilibili.com/1050384327297204230
2025-04-01 17:08:14,349|line:523| 已有
2025-04-01 17:08:14,349|line:554| 执行结束
2025-04-01 17:08:18,120|line:560| ==================================================2025-04-02 01:08==================================================
2025-04-01 17:08:18,120|line:234| processing article 41202869
2025-04-01 17:08:20,479|line:509| ==================================================2025-04-02 01:08==================================================
2025-04-01 17:08:20,480|line:521| https://t.bilibili.com/1050432229062213636
2025-04-01 17:08:23,083|line:343| =========此为源动态=========
2025-04-01 17:08:27,705|line:364| *********子动态开始*********
2025-04-01 17:08:27,705|line:383| *********子动态结束*********
2025-04-01 17:08:27,705|line:539| -=-=-=-=处理回最初的动态-=-=-=-=
2025-04-01 17:08:40,187|line:477| 转发成功 1050930909119774720
2025-04-01 17:08:43,698|line:496| 评论发送成功
2025-04-01 17:08:47,196|line:426| 287886755 === 已经关注了
2025-04-01 17:08:50,624|line:505| 动态-点赞 0
2025-04-01 17:08:52,624|line:521| https://t.bilibili.com/1050704594438455299
2025-04-01 17:08:52,624|line:523| 已有
2025-04-01 17:08:52,625|line:521| https://t.bilibili.com/1050343280309436456
2025-04-01 17:08:55,497|line:343| =========此为源动态=========
2025-04-01 17:08:59,152|line:364| *********子动态开始*********
2025-04-01 17:08:59,152|line:383| *********子动态结束*********
2025-04-01 17:08:59,152|line:539| -=-=-=-=处理回最初的动态-=-=-=-=
2025-04-01 17:09:11,723|line:477| 转发成功 1050931042280538119
2025-04-01 17:09:15,332|line:496| 评论发送成功
2025-04-01 17:09:16,928|line:426| 218413290 === 已经关注了
2025-04-01 17:09:20,398|line:505| 动态-点赞 0
2025-04-01 17:09:21,399|line:521| https://t.bilibili.com/1050386139757674497
2025-04-01 17:09:21,399|line:523| 已有
2025-04-01 17:09:21,399|line:521| https://t.bilibili.com/1050325932930236422
2025-04-01 17:09:21,399|line:523| 已有
2025-04-01 17:09:21,399|line:521| https://t.bilibili.com/1050417677724549120
2025-04-01 17:09:26,038|line:343| =========此为源动态=========
2025-04-01 17:09:29,644|line:364| *********子动态开始*********
2025-04-01 17:09:29,644|line:383| *********子动态结束*********
2025-04-01 17:09:29,644|line:539| -=-=-=-=处理回最初的动态-=-=-=-=
2025-04-01 17:09:39,273|line:477| 转发成功 1050931162553253889
2025-04-01 17:09:42,785|line:496| 评论发送成功
2025-04-01 17:09:45,298|line:426| 35365327 === 已经关注了
2025-04-01 17:09:48,810|line:505| 动态-点赞 0
2025-04-01 17:09:52,810|line:521| https://t.bilibili.com/1050406738427117569
2025-04-01 17:09:55,285|line:343| =========此为源动态=========
2025-04-01 17:09:58,950|line:364| *********子动态开始*********
2025-04-01 17:09:58,950|line:383| *********子动态结束*********
2025-04-01 17:09:58,950|line:539| -=-=-=-=处理回最初的动态-=-=-=-=
2025-04-01 17:10:06,686|line:477| 转发成功 1050931278517370888
2025-04-01 17:10:10,359|line:496| 评论发送成功
2025-04-01 17:10:13,887|line:426| 402328562 === 已经关注了
2025-04-01 17:10:17,357|line:505| 动态-点赞 0
2025-04-01 17:10:21,357|line:521| https://t.bilibili.com/1050386539220041734
2025-04-01 17:10:25,916|line:528| 官方 或 预约 OUT！
2025-04-01 17:10:25,916|line:521| https://t.bilibili.com/1050388450434351121
2025-04-01 17:10:25,916|line:523| 已有
2025-04-01 17:10:25,917|line:521| https://t.bilibili.com/1050096783509684248
2025-04-01 17:10:25,917|line:523| 已有
2025-04-01 17:10:25,917|line:521| https://t.bilibili.com/1050819321604866048
2025-04-01 17:10:25,917|line:523| 已有
2025-04-01 17:10:25,917|line:521| https://t.bilibili.com/1050319142559678465
2025-04-01 17:10:27,394|line:343| =========此为源动态=========
2025-04-01 17:10:32,162|line:364| *********子动态开始*********
2025-04-01 17:10:32,162|line:383| *********子动态结束*********
2025-04-01 17:10:32,162|line:539| -=-=-=-=处理回最初的动态-=-=-=-=
2025-04-01 17:10:41,620|line:477| 转发成功 1050931428835983382
2025-04-01 17:10:45,117|line:496| 评论发送成功
2025-04-01 17:10:46,612|line:426| 1750535730 === 已经关注了
2025-04-01 17:10:50,125|line:505| 动态-点赞 0
2025-04-01 17:10:52,126|line:521| https://t.bilibili.com/1050449701010145301
2025-04-01 17:10:55,534|line:343| =========此为源动态=========
2025-04-01 17:11:00,216|line:364| *********子动态开始*********
2025-04-01 17:11:00,217|line:383| *********子动态结束*********
2025-04-01 17:11:00,217|line:539| -=-=-=-=处理回最初的动态-=-=-=-=
2025-04-01 17:11:10,695|line:477| 转发成功 1050931553359626245
2025-04-01 17:11:14,198|line:496| 评论发送成功
2025-04-01 17:11:16,716|line:426| 351899011 === 已经关注了
2025-04-01 17:11:20,224|line:505| 动态-点赞 0
2025-04-01 17:11:22,224|line:521| https://t.bilibili.com/1050341126377046023
2025-04-01 17:11:25,654|line:343| =========此为源动态=========
2025-04-01 17:11:30,172|line:364| *********子动态开始*********
2025-04-01 17:11:30,172|line:383| *********子动态结束*********
2025-04-01 17:11:30,172|line:539| -=-=-=-=处理回最初的动态-=-=-=-=
2025-04-01 17:11:41,715|line:477| 转发成功 1050931686528778243
2025-04-01 17:11:45,470|line:496| 评论发送成功
2025-04-01 17:11:48,998|line:426| 2026733267 === 已经关注了
2025-04-01 17:11:52,470|line:505| 动态-点赞 0
2025-04-01 17:11:54,471|line:521| https://t.bilibili.com/1050450648016879648
2025-04-01 17:11:54,471|line:523| 已有
2025-04-01 17:11:54,471|line:521| https://t.bilibili.com/1050888002384953378
2025-04-01 17:11:58,900|line:528| 官方 或 预约 OUT！
2025-04-01 17:11:58,901|line:521| https://t.bilibili.com/1050385899237408786
2025-04-01 17:11:58,901|line:523| 已有
2025-04-01 17:11:58,901|line:521| https://t.bilibili.com/1050325664475906072
2025-04-01 17:11:58,901|line:523| 已有
2025-04-01 17:11:58,901|line:521| https://t.bilibili.com/1050850687715377223
2025-04-01 17:12:03,348|line:528| 官方 或 预约 OUT！
2025-04-01 17:12:03,349|line:521| https://t.bilibili.com/1050317686575202305
2025-04-01 17:12:04,801|line:343| =========此为源动态=========
2025-04-01 17:12:08,343|line:364| *********子动态开始*********
2025-04-01 17:12:08,343|line:383| *********子动态结束*********
2025-04-01 17:12:08,343|line:539| -=-=-=-=处理回最初的动态-=-=-=-=
2025-04-01 17:12:18,056|line:477| 转发成功 1050931841124532229
2025-04-01 17:12:21,618|line:496| 评论发送成功
2025-04-01 17:12:24,304|line:426| 472727109 === 已经关注了
2025-04-01 17:12:27,797|line:505| 动态-点赞 0
2025-04-01 17:12:29,798|line:521| https://t.bilibili.com/1050319902804541443
2025-04-01 17:12:32,230|line:338| =========此为子动态=========
2025-04-01 17:12:36,737|line:402| *************原动态已存在***************
2025-04-01 17:12:41,562|line:364| *********子动态开始*********
2025-04-01 17:12:52,153|line:477| 转发成功 1050931991467261955
2025-04-01 17:12:55,746|line:496| 评论发送成功
2025-04-01 17:13:02,940|line:426| 674121390 === 已经关注了
2025-04-01 17:13:02,940|line:378| ----完成一个子动态----
2025-04-01 17:13:02,941|line:383| *********子动态结束*********
2025-04-01 17:13:04,941|line:521| https://t.bilibili.com/1050420825907265553
2025-04-01 17:13:08,366|line:528| 官方 或 预约 OUT！
2025-04-01 17:13:08,366|line:521| https://t.bilibili.com/1050386427548794880
2025-04-01 17:13:10,816|line:343| =========此为源动态=========
2025-04-01 17:13:14,491|line:364| *********子动态开始*********
2025-04-01 17:13:14,491|line:383| *********子动态结束*********
2025-04-01 17:13:14,492|line:539| -=-=-=-=处理回最初的动态-=-=-=-=
2025-04-01 17:13:23,375|line:477| 转发成功 1050932124621733892
2025-04-01 17:13:26,893|line:496| 评论发送成功
2025-04-01 17:13:31,386|line:426| 2250815 === 已经关注了
2025-04-01 17:13:34,887|line:505| 动态-点赞 0
2025-04-01 17:13:37,888|line:521| https://t.bilibili.com/1050346870896853001
2025-04-01 17:13:42,348|line:343| =========此为源动态=========
2025-04-01 17:13:44,851|line:364| *********子动态开始*********
2025-04-01 17:13:44,851|line:383| *********子动态结束*********
2025-04-01 17:13:44,851|line:539| -=-=-=-=处理回最初的动态-=-=-=-=
2025-04-01 17:13:55,315|line:477| 转发成功 1050932262023987205
2025-04-01 17:13:58,893|line:496| 评论发送成功
2025-04-01 17:14:01,413|line:426| 407029461 === 已经关注了
2025-04-01 17:14:04,837|line:505| 动态-点赞 0
2025-04-01 17:14:08,837|line:521| https://t.bilibili.com/1050386393188007957
2025-04-01 17:14:12,328|line:528| 官方 或 预约 OUT！
2025-04-01 17:14:12,328|line:521| https://t.bilibili.com/1050111992025579525
2025-04-01 17:14:16,792|line:528| 官方 或 预约 OUT！
2025-04-01 17:14:16,792|line:521| https://t.bilibili.com/1050442730284515328
2025-04-01 17:14:21,261|line:528| 官方 或 预约 OUT！
2025-04-01 17:14:21,262|line:521| https://t.bilibili.com/1050437314326560773
2025-04-01 17:14:24,712|line:343| =========此为源动态=========
2025-04-01 17:14:27,341|line:364| *********子动态开始*********
2025-04-01 17:14:27,341|line:383| *********子动态结束*********
2025-04-01 17:14:27,341|line:539| -=-=-=-=处理回最初的动态-=-=-=-=
2025-04-01 17:14:37,794|line:477| 转发成功 1050932442439876630
2025-04-01 17:14:41,297|line:496| 评论发送成功
2025-04-01 17:14:45,798|line:426| 396826032 === 已经关注了
2025-04-01 17:14:49,352|line:505| 动态-点赞 0
2025-04-01 17:14:51,353|line:521| https://t.bilibili.com/1050515147719704576
2025-04-01 17:14:54,867|line:343| =========此为源动态=========
2025-04-01 17:14:56,387|line:364| *********子动态开始*********
2025-04-01 17:14:56,387|line:383| *********子动态结束*********
2025-04-01 17:14:56,388|line:539| -=-=-=-=处理回最初的动态-=-=-=-=
2025-04-01 17:15:06,003|line:477| 转发成功 1050932562673795094
2025-04-01 17:15:09,569|line:496| 评论发送成功
2025-04-01 17:15:11,100|line:426| 100680137 === 已经关注了
2025-04-01 17:15:14,554|line:505| 动态-点赞 0
2025-04-01 17:15:17,554|line:521| https://t.bilibili.com/1050388888552472599
2025-04-01 17:15:17,554|line:523| 已有
2025-04-01 17:15:17,554|line:521| https://t.bilibili.com/1035593318931628032
2025-04-01 17:15:22,015|line:528| 官方 或 预约 OUT！
2025-04-01 17:15:22,015|line:521| https://t.bilibili.com/1050402973913448455
2025-04-01 17:15:24,540|line:343| =========此为源动态=========
2025-04-01 17:15:26,178|line:364| *********子动态开始*********
2025-04-01 17:15:26,178|line:383| *********子动态结束*********
2025-04-01 17:15:26,178|line:539| -=-=-=-=处理回最初的动态-=-=-=-=
2025-04-01 17:15:35,884|line:477| 转发成功 1050932691551125508
2025-04-01 17:15:39,429|line:496| 评论发送成功
2025-04-01 17:15:43,039|line:426| 287886755 === 已经关注了
2025-04-01 17:15:46,599|line:505| 动态-点赞 0
2025-04-01 17:15:49,599|line:521| https://t.bilibili.com/1050327015246266389
2025-04-01 17:15:52,275|line:343| =========此为源动态=========
2025-04-01 17:15:55,877|line:364| *********子动态开始*********
2025-04-01 17:15:55,877|line:383| *********子动态结束*********
2025-04-01 17:15:55,878|line:539| -=-=-=-=处理回最初的动态-=-=-=-=
2025-04-01 17:16:05,650|line:477| 转发成功 1050932820380221449
2025-04-01 17:16:09,196|line:496| 评论发送成功
2025-04-01 17:16:12,890|line:426| 1274986140 === 已经关注了
2025-04-01 17:16:16,342|line:505| 动态-点赞 0
2025-04-01 17:16:19,343|line:521| https://t.bilibili.com/1050386384591781890
2025-04-01 17:16:19,343|line:523| 已有
2025-04-01 17:16:19,343|line:554| 执行结束
2025-04-01 17:16:23,652|line:560| ==================================================2025-04-02 01:16==================================================
2025-04-01 17:16:23,652|line:234| processing article 41201481
2025-04-01 17:16:26,986|line:509| ==================================================2025-04-02 01:16==================================================
2025-04-01 17:16:26,986|line:521| https://t.bilibili.com/1045894896784769030
2025-04-01 17:16:30,390|line:528| 官方 或 预约 OUT！
2025-04-01 17:16:30,391|line:521| https://t.bilibili.com/1048117331867205649
2025-04-01 17:16:33,810|line:528| 官方 或 预约 OUT！
2025-04-01 17:16:33,810|line:521| https://t.bilibili.com/1047743695482257409
2025-04-01 17:16:36,217|line:528| 官方 或 预约 OUT！
2025-04-01 17:16:36,217|line:521| https://t.bilibili.com/1048180416356286467
2025-04-01 17:16:40,621|line:528| 官方 或 预约 OUT！
2025-04-01 17:16:40,621|line:521| https://t.bilibili.com/1048501271916445751
2025-04-01 17:16:42,065|line:528| 官方 或 预约 OUT！
2025-04-01 17:16:42,065|line:521| https://t.bilibili.com/1049616683517345799
2025-04-01 17:16:45,472|line:528| 官方 或 预约 OUT！
2025-04-01 17:16:45,472|line:521| https://t.bilibili.com/1039953359259303944
2025-04-01 17:16:48,890|line:528| 官方 或 预约 OUT！
2025-04-01 17:16:48,890|line:521| https://t.bilibili.com/1048099834161004549
2025-04-01 17:16:50,310|line:528| 官方 或 预约 OUT！
2025-04-01 17:16:50,310|line:521| https://t.bilibili.com/1050727924673544194
2025-04-01 17:16:53,787|line:528| 官方 或 预约 OUT！
2025-04-01 17:16:53,787|line:521| https://t.bilibili.com/1050888002384953378
2025-04-01 17:16:56,190|line:528| 官方 或 预约 OUT！
2025-04-01 17:16:56,190|line:521| https://t.bilibili.com/1043427128822988804
2025-04-01 17:17:00,610|line:528| 官方 或 预约 OUT！
2025-04-01 17:17:00,610|line:521| https://t.bilibili.com/1035884311543283720
2025-04-01 17:17:02,013|line:528| 官方 或 预约 OUT！
2025-04-01 17:17:02,013|line:521| https://t.bilibili.com/1050850687715377223
2025-04-01 17:17:05,420|line:528| 官方 或 预约 OUT！
2025-04-01 17:17:05,420|line:521| https://t.bilibili.com/1048606236584443923
2025-04-01 17:17:06,841|line:528| 官方 或 预约 OUT！
2025-04-01 17:17:06,841|line:521| https://t.bilibili.com/1045996558664859669
2025-04-01 17:17:09,245|line:528| 官方 或 预约 OUT！
2025-04-01 17:17:09,246|line:521| https://t.bilibili.com/1047852220737912839
2025-04-01 17:17:12,658|line:528| 官方 或 预约 OUT！
2025-04-01 17:17:12,658|line:521| https://t.bilibili.com/1048880092297560066
2025-04-01 17:17:17,092|line:528| 官方 或 预约 OUT！
2025-04-01 17:17:17,092|line:521| https://t.bilibili.com/1048877090129051673
2025-04-01 17:17:20,585|line:528| 官方 或 预约 OUT！
2025-04-01 17:17:20,585|line:521| https://t.bilibili.com/1045625250116534278
2025-04-01 17:17:25,011|line:528| 官方 或 预约 OUT！
2025-04-01 17:17:25,011|line:521| https://t.bilibili.com/1047752379948072963
2025-04-01 17:17:27,418|line:528| 官方 或 预约 OUT！
2025-04-01 17:17:27,418|line:521| https://t.bilibili.com/1045907055835086852
2025-04-01 17:17:31,927|line:528| 官方 或 预约 OUT！
2025-04-01 17:17:31,927|line:521| https://t.bilibili.com/1047001769963421735
2025-04-01 17:17:33,331|line:528| 官方 或 预约 OUT！
2025-04-01 17:17:33,332|line:521| https://t.bilibili.com/1035593318931628032
2025-04-01 17:17:36,735|line:528| 官方 或 预约 OUT！
2025-04-01 17:17:36,735|line:521| https://t.bilibili.com/1050459965981982724
2025-04-01 17:17:39,157|line:528| 官方 或 预约 OUT！
2025-04-01 17:17:39,157|line:554| 执行结束
2025-04-01 17:17:42,805|line:560| ==================================================2025-04-02 01:17==================================================
2025-04-01 17:17:42,805|line:234| processing article 41190307
2025-04-01 17:17:45,158|line:509| ==================================================2025-04-02 01:17==================================================
2025-04-01 17:17:45,158|line:521| https://t.bilibili.com/1049657008961093632
2025-04-01 17:17:45,158|line:523| 已有
2025-04-01 17:17:45,159|line:521| https://t.bilibili.com/1049708477664985089
2025-04-01 17:17:45,159|line:523| 已有
2025-04-01 17:17:45,159|line:521| https://t.bilibili.com/1049274256500719657
2025-04-01 17:17:45,159|line:523| 已有
2025-04-01 17:17:45,159|line:521| https://t.bilibili.com/1049269753198149637
2025-04-01 17:17:45,159|line:523| 已有
2025-04-01 17:17:45,159|line:521| https://t.bilibili.com/1049323839724453893
2025-04-01 17:17:49,750|line:528| 官方 或 预约 OUT！
2025-04-01 17:17:49,750|line:521| https://t.bilibili.com/1050067766710632503
2025-04-01 17:17:51,197|line:528| 官方 或 预约 OUT！
2025-04-01 17:17:51,197|line:521| https://t.bilibili.com/1049300518083493907
2025-04-01 17:17:51,198|line:523| 已有
2025-04-01 17:17:51,198|line:521| https://t.bilibili.com/1049776975977119761
2025-04-01 17:17:51,198|line:523| 已有
2025-04-01 17:17:51,198|line:521| https://t.bilibili.com/1049946940681224211
2025-04-01 17:17:51,198|line:523| 已有
2025-04-01 17:17:51,198|line:521| https://t.bilibili.com/1049985500916482073
2025-04-01 17:17:51,198|line:523| 已有
2025-04-01 17:17:51,198|line:521| https://t.bilibili.com/1049606199490641920
2025-04-01 17:17:51,199|line:523| 已有
2025-04-01 17:17:51,199|line:521| https://t.bilibili.com/1049322701592723472
2025-04-01 17:17:51,199|line:523| 已有
2025-04-01 17:17:51,199|line:521| https://t.bilibili.com/1049306050000322568
2025-04-01 17:17:52,722|line:528| 官方 或 预约 OUT！
2025-04-01 17:17:52,723|line:521| https://t.bilibili.com/1049762858407034919
2025-04-01 17:17:52,723|line:523| 已有
2025-04-01 17:17:52,723|line:521| https://t.bilibili.com/1049290875868282905
2025-04-01 17:17:52,723|line:523| 已有
2025-04-01 17:17:52,723|line:521| https://t.bilibili.com/1049304963328507911
2025-04-01 17:17:52,723|line:523| 已有
2025-04-01 17:17:52,723|line:521| https://t.bilibili.com/1049289718342090775
2025-04-01 17:17:52,724|line:523| 已有
2025-04-01 17:17:52,724|line:521| https://t.bilibili.com/1049638544863133703
2025-04-01 17:17:55,173|line:528| 官方 或 预约 OUT！
2025-04-01 17:17:55,174|line:521| https://t.bilibili.com/1049289718392422434
2025-04-01 17:17:55,174|line:523| 已有
2025-04-01 17:17:55,174|line:521| https://t.bilibili.com/1049308150205775878
2025-04-01 17:17:55,174|line:523| 已有
2025-04-01 17:17:55,174|line:521| https://t.bilibili.com/1050078109004464163
2025-04-01 17:17:55,174|line:523| 已有
2025-04-01 17:17:55,174|line:521| https://t.bilibili.com/1049761896356380674
2025-04-01 17:17:55,174|line:523| 已有
2025-04-01 17:17:55,175|line:521| https://t.bilibili.com/1049769756128706564
2025-04-01 17:17:56,616|line:528| 官方 或 预约 OUT！
2025-04-01 17:17:56,616|line:521| https://t.bilibili.com/1049301372790374406
2025-04-01 17:17:58,060|line:528| 官方 或 预约 OUT！
2025-04-01 17:17:58,060|line:521| https://t.bilibili.com/1049296850133188610
2025-04-01 17:17:58,060|line:523| 已有
2025-04-01 17:17:58,060|line:521| https://t.bilibili.com/1035593318931628032
2025-04-01 17:17:59,505|line:528| 官方 或 预约 OUT！
2025-04-01 17:17:59,505|line:521| https://t.bilibili.com/1049308115844988928
2025-04-01 17:18:02,961|line:528| 官方 或 预约 OUT！
2025-04-01 17:18:02,962|line:521| https://t.bilibili.com/1049776812745293864
2025-04-01 17:18:05,574|line:528| 官方 或 预约 OUT！
2025-04-01 17:18:05,574|line:521| https://t.bilibili.com/1050132496193159191
2025-04-01 17:18:07,199|line:528| 官方 或 预约 OUT！
2025-04-01 17:18:07,199|line:521| https://t.bilibili.com/1050143091850215425
2025-04-01 17:18:08,702|line:528| 官方 或 预约 OUT！
2025-04-01 17:18:08,702|line:521| https://t.bilibili.com/1049657502852972567
2025-04-01 17:18:08,702|line:523| 已有
2025-04-01 17:18:08,702|line:521| https://t.bilibili.com/1049324711616446486
2025-04-01 17:18:08,703|line:523| 已有
2025-04-01 17:18:08,703|line:554| 执行结束
2025-04-01 17:18:12,378|line:560| ==================================================2025-04-02 01:18==================================================
2025-04-01 17:18:12,379|line:234| processing article 41188864
2025-04-01 17:18:14,768|line:509| ==================================================2025-04-02 01:18==================================================
2025-04-01 17:18:14,768|line:521| https://t.bilibili.com/1049328972193595429
2025-04-01 17:18:16,216|line:528| 官方 或 预约 OUT！
2025-04-01 17:18:16,216|line:521| https://t.bilibili.com/1049347410507071494
2025-04-01 17:18:17,838|line:528| 官方 或 预约 OUT！
2025-04-01 17:18:17,838|line:521| https://t.bilibili.com/1046259526584500225
2025-04-01 17:18:21,280|line:528| 官方 或 预约 OUT！
2025-04-01 17:18:21,281|line:521| https://t.bilibili.com/1039764247542759428
2025-04-01 17:18:23,731|line:528| 官方 或 预约 OUT！
2025-04-01 17:18:23,731|line:521| https://t.bilibili.com/1048230766267334658
2025-04-01 17:18:27,187|line:528| 官方 或 预约 OUT！
2025-04-01 17:18:27,187|line:521| https://t.bilibili.com/1039998245962514441
2025-04-01 17:18:29,639|line:528| 官方 或 预约 OUT！
2025-04-01 17:18:29,639|line:521| https://t.bilibili.com/1047020315634302982
2025-04-01 17:18:34,270|line:528| 官方 或 预约 OUT！
2025-04-01 17:18:34,270|line:521| https://t.bilibili.com/1048222854906118212
2025-04-01 17:18:38,721|line:528| 官方 或 预约 OUT！
2025-04-01 17:18:38,721|line:521| https://t.bilibili.com/1036382184153284616
2025-04-01 17:18:42,170|line:528| 官方 或 预约 OUT！
2025-04-01 17:18:42,171|line:521| https://t.bilibili.com/1039283769572327444
2025-04-01 17:18:44,620|line:528| 官方 或 预约 OUT！
2025-04-01 17:18:44,620|line:521| https://t.bilibili.com/1048504158139711493
2025-04-01 17:18:46,073|line:528| 官方 或 预约 OUT！
2025-04-01 17:18:46,073|line:521| https://t.bilibili.com/1044152256712146945
2025-04-01 17:18:48,582|line:528| 官方 或 预约 OUT！
2025-04-01 17:18:48,582|line:521| https://t.bilibili.com/1049625410848948227
2025-04-01 17:18:53,030|line:528| 官方 或 预约 OUT！
2025-04-01 17:18:53,030|line:521| https://t.bilibili.com/1024771706434093097
2025-04-01 17:18:56,485|line:528| 官方 或 预约 OUT！
2025-04-01 17:18:56,486|line:521| https://t.bilibili.com/1046328495182970896
2025-04-01 17:18:59,956|line:528| 官方 或 预约 OUT！
2025-04-01 17:18:59,956|line:521| https://t.bilibili.com/1039201898918313993
2025-04-01 17:19:01,432|line:528| 官方 或 预约 OUT！
2025-04-01 17:19:01,432|line:521| https://t.bilibili.com/1048501203195920416
2025-04-01 17:19:02,884|line:528| 官方 或 预约 OUT！
2025-04-01 17:19:02,884|line:521| https://t.bilibili.com/1048593987356590100
2025-04-01 17:19:04,336|line:528| 官方 或 预约 OUT！
2025-04-01 17:19:04,336|line:521| https://t.bilibili.com/1048229718263857168
2025-04-01 17:19:07,761|line:528| 官方 或 预约 OUT！
2025-04-01 17:19:07,761|line:521| https://t.bilibili.com/1048136616301821959
2025-04-01 17:19:09,241|line:528| 官方 或 预约 OUT！
2025-04-01 17:19:09,241|line:521| https://t.bilibili.com/1017158619191312434
2025-04-01 17:19:10,681|line:348| 'NoneType' object has no attribute 'get'
2025-04-01 17:19:10,682|line:349| error line:330
2025-04-01 17:19:10,682|line:535| *#*#*#*#*#*#*#*#*#*原动态处理失败*#*#*#*#*#*#*#*#*#
2025-04-01 17:19:10,682|line:521| https://t.bilibili.com/1040052658890604546
2025-04-01 17:19:14,134|line:528| 官方 或 预约 OUT！
2025-04-01 17:19:14,134|line:521| https://t.bilibili.com/1046744363957223475
2025-04-01 17:19:18,581|line:528| 官方 或 预约 OUT！
2025-04-01 17:19:18,581|line:521| https://t.bilibili.com/1045848781711474693
2025-04-01 17:19:21,169|line:528| 官方 或 预约 OUT！
2025-04-01 17:19:21,169|line:521| https://t.bilibili.com/1039202826597695489
2025-04-01 17:19:25,579|line:528| 官方 或 预约 OUT！
2025-04-01 17:19:25,580|line:521| https://t.bilibili.com/1045952148697776151
2025-04-01 17:19:30,007|line:528| 官方 或 预约 OUT！
2025-04-01 17:19:30,007|line:521| https://t.bilibili.com/1041630513944592388
2025-04-01 17:19:33,426|line:528| 官方 或 预约 OUT！
2025-04-01 17:19:33,426|line:521| https://t.bilibili.com/1039250423451484163
2025-04-01 17:19:37,877|line:528| 官方 或 预约 OUT！
2025-04-01 17:19:37,877|line:521| https://t.bilibili.com/1035593318931628032
2025-04-01 17:19:40,287|line:528| 官方 或 预约 OUT！
2025-04-01 17:19:40,288|line:521| https://t.bilibili.com/1041130021409783808
2025-04-01 17:19:41,728|line:528| 官方 或 预约 OUT！
2025-04-01 17:19:41,728|line:521| https://t.bilibili.com/1045603015073988629
2025-04-01 17:19:46,202|line:528| 官方 或 预约 OUT！
2025-04-01 17:19:46,203|line:554| 执行结束
2025-04-01 17:19:50,144|line:560| ==================================================2025-04-02 01:19==================================================
2025-04-01 17:19:51,742|line:580| ('reply: ', '数玩工场', '祝你成功')
2025-04-01 17:19:51,742|line:580| ('reply: ', '益家有小佰', '恭喜宝子，获得小电视月度会员1份和克刻冰冰猴喉糖随机口味1份～记得私信小佰提供信息哦~')
2025-04-01 17:19:51,742|line:580| ('reply: ', '圆环之理-Madoka', '是的')
2025-04-01 17:19:51,742|line:580| ('reply: ', '兰的三姨', '这就是银河巨星的实力！')
2025-04-01 17:19:51,742|line:580| ('reply: ', '花园百合铃音', '有男不玩，我只吃麻辣火锅，xxn滚[吃瓜]')
2025-04-01 17:19:51,742|line:580| ('reply: ', '是绝赞的阿鬼', '[tv_难过]')
2025-04-01 17:19:51,742|line:580| ('reply: ', '桃稚不幼稚', '还行')
2025-04-01 17:19:51,742|line:580| ('reply: ', '陌罔子吖', '佬，这个报名有啥条件不。最近太非了，想下次报来抽[脱单doge][脱单doge][脱单doge]')
2025-04-01 17:19:51,742|line:580| ('reply: ', '太二酸菜鱼', '恭喜成为本期欧皇[打call]获得【肥龙联名显眼包】1份，在收到本信息的两天内回复哥的私信哦~逾期哥就自己收啦！[脱单doge]')
2025-04-01 17:19:51,743|line:580| ('reply: ', '得一想二的松鼠', '中奖分我一半')
2025-04-01 17:19:51,743|line:580| ('reply: ', '佑凉Uriyoo', '谢谢！！！[UP_24967030_感恩]')
2025-04-01 17:19:51,743|line:580| ('reply: ', '岛莓祁', '好耶')
2025-04-01 17:19:51,743|line:580| ('reply: ', '苏酥_SUSU_', 'https://b23.tv/3HJcDkm')
2025-04-01 17:19:51,743|line:580| ('reply: ', '心想事成イ', 'I[UP_410636303_比心鸟][UP_410636303_比心鸟][UP_410636303_比心鸟]')
2025-04-01 17:19:51,743|line:580| ('reply: ', 'FWF第五人格娱乐赛', '加油[doge]')
2025-04-01 17:19:51,743|line:580| ('reply: ', '神奇猫咪_有钱哒', '好耶')
2025-04-01 17:19:51,743|line:580| ('reply: ', '星夜染some', '好耶')
2025-04-01 17:19:51,743|line:580| ('reply: ', '羽田依', '[Cat2_Nyampage]')
2025-04-01 17:19:51,743|line:580| ('reply: ', '鱼饼儿_', '来啦！')
2025-04-01 17:19:51,743|line:580| ('reply: ', '虎噜稀理哗啦', '欢迎、')
2025-04-01 17:19:53,252|line:589| ('at: ', 'iKF蓝牙耳机', '恭喜@小小Shaun 宝子成为苏泊尔福利动态幸运儿！\n注意：即日起72小时内回复信息确认领奖哦！逾期将自动视为放弃中奖资格。\n没有中奖的宝子们不要气馁，参与一下下置顶视频iKF Mars，增加欧气值，说不定下个幸运儿就是你！\n链接：\nhttps://www.bilibili.com/video/BV1Soo6YLEHZ/?spm_id_from=333.1387.list.card_archive.click&vd_source=21fb0967ccc75e6b3b2447ade2c740dd\n还没参与抽奖的宝子们，赶紧点击上方链接参与吧！还有特别福利惊喜等你哦~')
2025-04-01 17:19:53,253|line:589| ('at: ', 'wellymerck威利默克', '恭喜@小小Shaun\xa0 获得《我是你的小狗3 永远等你回家》1本，请于5天内联系威宝，凭关注+互动截图领取奖品，逾期作废~')
2025-04-01 17:19:53,253|line:589| ('at: ', '宁美NINGMEI', '恭喜@小小Shaun   中奖，请在12月1日24点前私信我：1. 奖品+中奖信息a. 实物奖：姓名电话地址，给文字！省市区路清晰，提交不清晰不发奖，信息错误致无法签收，概不负责；\n\nb. 现金红包给到支付宝实名+账号；\n\nc. 京东卡/猫超卡 等购物卡给到姓名+电话；2. 宁美和品牌方关注截图+转发截图！\n\n必须关注品牌方，否则奖品不予发放；如遇无法私信图片的情况，等待我回复后即可发送图片。PS： \n\n因后台收信有时会出问题，以回复“已登记”为准，没有回复即表示私信未收到。\n\n过期视为自动放弃，不会补发；奖品30个工作日内发送，勿催哦~\n\n不发全，不回复。其他小伙伴请继续努力！')
2025-04-01 17:19:53,253|line:589| ('at: ', '爱玛电动车官方账号', '#一“玛”当先榜# 快来看看10月都是谁和爱玛酱互动最多呀~ 💕恭喜@小小Shaun 和@甘瑞凯拉莎 排行第一！这两位小玛达将会获得【爱玛随机周边×1】，请5天内私信爱玛酱领奖哟~[鼓掌] 以后也请继续单推我无敌可爱美少女爱玛酱呀嘿嘿！(●´З｀●)')
2025-04-01 17:19:53,253|line:589| ('at: ', '爱玛电动车官方账号', '')
2025-04-01 17:19:53,253|line:589| ('at: ', '海露滴眼液', '互动榜出炉啦')
2025-04-01 17:19:53,253|line:589| ('at: ', '和蔼可亲桃白白', '\u200b//@九号公司:\u200b恭喜@小小Shaun 中奖！后续记得查收私信哟～\u200b//@九号公司:#互动抽奖# 谢谢粒粒的复工礼！小九也来加个码~关注【@微粒贷+@九号公司 】并转发该动态，抽一位小可爱获得【100元京东卡】~ #供电局福利社# 10月31日抽出！')
2025-04-01 17:19:53,253|line:589| ('at: ', '望大家身体健康快乐', '\u200b//@九号公司:\u200b恭喜@小小Shaun 中奖！后续记得查收私信哟～\u200b//@九号公司 :#互动抽奖# 谢谢粒粒的复工礼！小九也来加个码~关注【@微粒贷+@九号公司 】并转发该动态，抽一位小可爱获得【100元京东卡】~ #供电局福利社# 10月31日抽出！')
2025-04-01 17:19:53,253|line:589| ('at: ', 'MoMA_Reona', '//@九号公司:\u200b恭喜@小小Shaun 中奖！后续记得查收私信哟～\u200b//@九号公司:#互动抽奖# 谢谢粒粒的复工礼！小九也来加个码~关注【@微粒贷+@九号公司 】并转发该动态，抽一位小可爱获得【100元京东卡】~ #供电局福利社# 10月31日抽出！')
2025-04-01 17:19:53,253|line:589| ('at: ', '摸鱼二队', '\u200b//@九号公司:\u200b恭喜@小小Shaun 中奖！后续记得查收私信哟～\u200b//@九号公司 :#互动抽奖# 谢谢粒粒的复工礼！小九也来加个码~关注【@微粒贷+@九号公司 】并转发该动态，抽一位小可爱获得【100元京东卡】~ #供电局福利社# 10月31日抽出！')
2025-04-01 17:19:53,254|line:589| ('at: ', '文少嘅一些事一些情', '\u200b//@九号公司:\u200b恭喜@小小Shaun 中奖！后续记得查收私信哟～\u200b//@九号公司 :#互动抽奖# 谢谢粒粒的复工礼！小九也来加个码~关注【@微粒贷+@九号公司 】并转发该动态，抽一位小可爱获得【100元京东卡】~ #供电局福利社# 10月31日抽出！')
2025-04-01 17:19:53,254|line:589| ('at: ', 'Carry队友的嘟嘟酱丶', '\u200b//@九号公司:\u200b恭喜@小小Shaun 中奖！后续记得查收私信哟～\u200b//@九号公司 :#互动抽奖# 谢谢粒粒的复工礼！小九也来加个码~关注【@微粒贷+@九号公司 】并转发该动态，抽一位小可爱获得【100元京东卡】~ #供电局福利社# 10月31日抽出！')
2025-04-01 17:19:53,254|line:589| ('at: ', '蛤蟆zero', '//@九号公司:\u200b恭喜@小小Shaun 中奖！后续记得查收私信哟～\u200b//@九号公司:#互动抽奖# 谢谢粒粒的复工礼！小九也来加个码~关注【@微粒贷+@九号公司 】并转发该动态，抽一位小可爱获得【100元京东卡】~ #供电局福利社# 10月31日抽出！c冲冲冲')
2025-04-01 17:19:53,254|line:589| ('at: ', '木而各子要吃笃栗子', '\u200b//@九号公司:\u200b恭喜@小小Shaun 中奖！后续记得查收私信哟～\u200b//@九号公司 :#互动抽奖# 谢谢粒粒的复工礼！小九也来加个码~关注【@微粒贷+@九号公司 】并转发该动态，抽一位小可爱获得【100元京东卡】~ #供电局福利社# 10月31日抽出！')
2025-04-01 17:19:53,254|line:589| ('at: ', '裙下愚臣情默默', '\u200b//@九号公司:\u200b恭喜@小小Shaun 中奖！后续记得查收私信哟～\u200b//@九号公司 :#互动抽奖# 谢谢粒粒的复工礼！小九也来加个码~关注【@微粒贷+@九号公司 】并转发该动态，抽一位小可爱获得【100元京东卡】~ #供电局福利社# 10月31日抽出！')
2025-04-01 17:19:53,254|line:589| ('at: ', '戊子毕宿', '')
2025-04-01 17:19:53,254|line:589| ('at: ', '九号电动', '\u200b恭喜@小小Shaun 中奖！后续记得查收私信哟～\u200b//@九号公司:#互动抽奖# 谢谢粒粒的复工礼！小九也来加个码~关注【@微粒贷+@九号公司 】并转发该动态，抽一位小可爱获得【100元京东卡】~ #供电局福利社# 10月31日抽出！')
2025-04-01 17:19:53,254|line:589| ('at: ', '优雅小宝', '')
2025-04-01 17:19:53,254|line:589| ('at: ', '我永远只爱一色彩羽', '//@九号公司:恭喜@小小Shaun 中奖！后续记得查收私信哟～\u200b//@九号公司:今晚8点，京东11.11现货开卖，抢先优惠不用等，全场直降，更有60元额外补贴助你大薅特薅！京东双十一，带你体验“飞”一般的购物速度！关注@京东戏精周报 x@九号公司 ，转发+评论本条动态，10月21日小编会抽取1名幸运粉丝送上【50元京东E卡】#京东11.11又便宜又好# #京东11.11现货开卖#')
2025-04-01 17:19:53,254|line:589| ('at: ', '戊子毕宿', '')
