2025-05-03 16:32:30,450|line:233| processing article 41532602
2025-05-03 16:32:32,525|line:508| ==================================================2025-05-04 00:32==================================================
2025-05-03 16:32:32,525|line:520| https://t.bilibili.com/1061882869557755906
2025-05-03 16:32:37,119|line:527| 官方 或 预约 OUT！
2025-05-03 16:32:37,119|line:520| https://t.bilibili.com/1061489626665975813
2025-05-03 16:32:41,475|line:527| 官方 或 预约 OUT！
2025-05-03 16:32:41,475|line:520| https://t.bilibili.com/1061829304912969732
2025-05-03 16:32:41,475|line:522| 已有
2025-05-03 16:32:41,475|line:520| https://t.bilibili.com/1061590837565063204
2025-05-03 16:32:43,808|line:527| 官方 或 预约 OUT！
2025-05-03 16:32:43,809|line:520| https://t.bilibili.com/1061462731570282502
2025-05-03 16:32:43,809|line:522| 已有
2025-05-03 16:32:43,809|line:520| https://t.bilibili.com/1061566452909211656
2025-05-03 16:32:43,809|line:522| 已有
2025-05-03 16:32:43,809|line:520| https://t.bilibili.com/1059992821989113859
2025-05-03 16:32:46,209|line:527| 官方 或 预约 OUT！
2025-05-03 16:32:46,210|line:520| https://t.bilibili.com/1061829304865783849
2025-05-03 16:32:46,210|line:522| 已有
2025-05-03 16:32:46,210|line:520| https://t.bilibili.com/1061557727646449672
2025-05-03 16:32:46,210|line:522| 已有
2025-05-03 16:32:46,210|line:520| https://t.bilibili.com/1061458219708186629
2025-05-03 16:32:46,210|line:522| 已有
2025-05-03 16:32:46,211|line:520| https://t.bilibili.com/1061581977042288710
2025-05-03 16:32:46,211|line:522| 已有
2025-05-03 16:32:46,211|line:520| https://t.bilibili.com/1061536948621934632
2025-05-03 16:32:46,211|line:522| 已有
2025-05-03 16:32:46,211|line:520| https://t.bilibili.com/1061849295814131732
2025-05-03 16:32:50,547|line:527| 官方 或 预约 OUT！
2025-05-03 16:32:50,547|line:520| https://t.bilibili.com/1061829304872075288
2025-05-03 16:32:50,547|line:522| 已有
2025-05-03 16:32:50,548|line:520| https://t.bilibili.com/1061475861273772050
2025-05-03 16:32:50,548|line:522| 已有
2025-05-03 16:32:50,548|line:520| https://t.bilibili.com/1061248000374865939
2025-05-03 16:32:53,947|line:527| 官方 或 预约 OUT！
2025-05-03 16:32:53,947|line:520| https://t.bilibili.com/1061817708456181760
2025-05-03 16:32:53,948|line:522| 已有
2025-05-03 16:32:53,948|line:520| https://t.bilibili.com/1061466433835237397
2025-05-03 16:32:53,948|line:522| 已有
2025-05-03 16:32:53,948|line:520| https://t.bilibili.com/1061203835227209729
2025-05-03 16:32:57,281|line:527| 官方 或 预约 OUT！
2025-05-03 16:32:57,281|line:520| https://t.bilibili.com/1061570818727739399
2025-05-03 16:33:01,619|line:527| 官方 或 预约 OUT！
2025-05-03 16:33:01,619|line:520| https://t.bilibili.com/1061581914788331558
2025-05-03 16:33:01,620|line:522| 已有
2025-05-03 16:33:01,620|line:520| https://t.bilibili.com/1061864680411103234
2025-05-03 16:33:05,958|line:527| 官方 或 预约 OUT！
2025-05-03 16:33:05,958|line:520| https://t.bilibili.com/1061593680829218839
2025-05-03 16:33:05,958|line:522| 已有
2025-05-03 16:33:05,958|line:520| https://t.bilibili.com/1061489407593283584
2025-05-03 16:33:10,309|line:527| 官方 或 预约 OUT！
2025-05-03 16:33:10,309|line:520| https://t.bilibili.com/1061585799585202197
2025-05-03 16:33:12,640|line:527| 官方 或 预约 OUT！
2025-05-03 16:33:12,640|line:520| https://t.bilibili.com/1061479529219883009
2025-05-03 16:33:15,971|line:527| 官方 或 预约 OUT！
2025-05-03 16:33:15,971|line:520| https://t.bilibili.com/1061489210044711000
2025-05-03 16:33:15,971|line:522| 已有
2025-05-03 16:33:15,971|line:520| https://t.bilibili.com/635932563238551585
2025-05-03 16:33:15,971|line:522| 已有
2025-05-03 16:33:15,972|line:520| https://t.bilibili.com/1061840546975186952
2025-05-03 16:33:15,972|line:522| 已有
2025-05-03 16:33:15,972|line:520| https://t.bilibili.com/1061489201432756273
2025-05-03 16:33:17,308|line:527| 官方 或 预约 OUT！
2025-05-03 16:33:17,308|line:520| https://t.bilibili.com/1061458219696652292
2025-05-03 16:33:17,308|line:522| 已有
2025-05-03 16:33:17,308|line:520| https://t.bilibili.com/1061535887758721044
2025-05-03 16:33:21,637|line:527| 官方 或 预约 OUT！
2025-05-03 16:33:21,637|line:520| https://t.bilibili.com/1056742345592012806
2025-05-03 16:33:21,637|line:522| 已有
2025-05-03 16:33:21,637|line:520| https://t.bilibili.com/1059734273533149202
2025-05-03 16:33:21,638|line:522| 已有
2025-05-03 16:33:21,638|line:520| https://t.bilibili.com/1061550990985003032
2025-05-03 16:33:21,638|line:522| 已有
2025-05-03 16:33:21,638|line:520| https://t.bilibili.com/1061543425447297032
2025-05-03 16:33:21,638|line:522| 已有
2025-05-03 16:33:21,638|line:520| https://t.bilibili.com/1056642532747771910
2025-05-03 16:33:21,639|line:522| 已有
2025-05-03 16:33:21,639|line:520| https://t.bilibili.com/1061493986048344083
2025-05-03 16:33:24,974|line:527| 官方 或 预约 OUT！
2025-05-03 16:33:24,974|line:520| https://t.bilibili.com/1061569886695718919
2025-05-03 16:33:24,975|line:522| 已有
2025-05-03 16:33:24,975|line:520| https://t.bilibili.com/1061620258093137959
2025-05-03 16:33:24,975|line:522| 已有
2025-05-03 16:33:24,975|line:520| https://t.bilibili.com/1061536302202093573
2025-05-03 16:33:24,975|line:522| 已有
2025-05-03 16:33:24,975|line:520| https://t.bilibili.com/1061489143502077957
2025-05-03 16:33:24,975|line:522| 已有
2025-05-03 16:33:24,975|line:520| https://t.bilibili.com/1061582410850762756
2025-05-03 16:33:24,975|line:522| 已有
2025-05-03 16:33:24,976|line:520| https://t.bilibili.com/1061548519252295682
2025-05-03 16:33:24,976|line:522| 已有
2025-05-03 16:33:24,976|line:520| https://t.bilibili.com/1058548587673157637
2025-05-03 16:33:29,308|line:527| 官方 或 预约 OUT！
2025-05-03 16:33:29,308|line:520| https://t.bilibili.com/1061551036108374081
2025-05-03 16:33:33,654|line:527| 官方 或 预约 OUT！
2025-05-03 16:33:33,654|line:520| https://t.bilibili.com/1061452015650996227
2025-05-03 16:33:33,654|line:522| 已有
2025-05-03 16:33:33,655|line:520| https://t.bilibili.com/1061533388058394626
2025-05-03 16:33:33,655|line:522| 已有
2025-05-03 16:33:33,655|line:520| https://t.bilibili.com/1059732950683222022
2025-05-03 16:33:34,987|line:527| 官方 或 预约 OUT！
2025-05-03 16:33:34,987|line:520| https://t.bilibili.com/1058968856669716482
2025-05-03 16:33:34,987|line:522| 已有
2025-05-03 16:33:34,987|line:520| https://t.bilibili.com/1061496081985044505
2025-05-03 16:33:34,987|line:522| 已有
2025-05-03 16:33:34,988|line:520| https://t.bilibili.com/1060731511265820681
2025-05-03 16:33:34,988|line:522| 已有
2025-05-03 16:33:34,988|line:520| https://t.bilibili.com/1061504663329701907
2025-05-03 16:33:34,988|line:522| 已有
2025-05-03 16:33:34,988|line:520| https://t.bilibili.com/1059725971376046083
2025-05-03 16:33:37,315|line:527| 官方 或 预约 OUT！
2025-05-03 16:33:37,315|line:520| https://t.bilibili.com/1061602970868645890
2025-05-03 16:33:38,649|line:527| 官方 或 预约 OUT！
2025-05-03 16:33:38,650|line:520| https://t.bilibili.com/1061658302926028806
2025-05-03 16:33:42,982|line:527| 官方 或 预约 OUT！
2025-05-03 16:33:42,982|line:520| https://t.bilibili.com/1061844766795235336
2025-05-03 16:33:42,982|line:522| 已有
2025-05-03 16:33:42,983|line:520| https://t.bilibili.com/1061674731148673059
2025-05-03 16:33:45,314|line:527| 官方 或 预约 OUT！
2025-05-03 16:33:45,315|line:520| https://t.bilibili.com/1061645048664293401
2025-05-03 16:33:47,649|line:527| 官方 或 预约 OUT！
2025-05-03 16:33:47,649|line:520| https://t.bilibili.com/1061829304893046802
2025-05-03 16:33:47,649|line:522| 已有
2025-05-03 16:33:47,649|line:520| https://t.bilibili.com/1061588110246150215
2025-05-03 16:33:47,649|line:522| 已有
2025-05-03 16:33:47,649|line:520| https://t.bilibili.com/1061852504154701844
2025-05-03 16:33:48,983|line:527| 官方 或 预约 OUT！
2025-05-03 16:33:48,983|line:520| https://t.bilibili.com/1061534740985675799
2025-05-03 16:33:48,983|line:522| 已有
2025-05-03 16:33:48,983|line:520| https://t.bilibili.com/1061564337617895442
2025-05-03 16:33:48,983|line:522| 已有
2025-05-03 16:33:48,984|line:520| https://t.bilibili.com/1061608519921303588
2025-05-03 16:33:51,386|line:527| 官方 或 预约 OUT！
2025-05-03 16:33:51,387|line:520| https://t.bilibili.com/1061844253516234776
2025-05-03 16:33:51,387|line:522| 已有
2025-05-03 16:33:51,387|line:520| https://t.bilibili.com/1059819270930694212
2025-05-03 16:33:54,725|line:527| 官方 或 预约 OUT！
2025-05-03 16:33:54,726|line:520| https://t.bilibili.com/1061612424059158549
2025-05-03 16:33:58,057|line:527| 官方 或 预约 OUT！
2025-05-03 16:33:58,057|line:520| https://t.bilibili.com/1056639689439576065
2025-05-03 16:33:58,057|line:522| 已有
2025-05-03 16:33:58,057|line:520| https://t.bilibili.com/1061897987861512195
2025-05-03 16:34:01,387|line:527| 官方 或 预约 OUT！
2025-05-03 16:34:01,388|line:520| https://t.bilibili.com/1061566452860977155
2025-05-03 16:34:01,388|line:522| 已有
2025-05-03 16:34:01,388|line:520| https://t.bilibili.com/1061616594457722896
2025-05-03 16:34:01,388|line:522| 已有
2025-05-03 16:34:01,388|line:520| https://t.bilibili.com/1061461391558311953
2025-05-03 16:34:01,388|line:522| 已有
2025-05-03 16:34:01,388|line:520| https://t.bilibili.com/1061587779536814098
2025-05-03 16:34:05,728|line:527| 官方 或 预约 OUT！
2025-05-03 16:34:05,728|line:520| https://t.bilibili.com/1061666566448349191
2025-05-03 16:34:07,055|line:527| 官方 或 预约 OUT！
2025-05-03 16:34:07,056|line:520| https://t.bilibili.com/1061582011396784176
2025-05-03 16:34:08,310|line:527| 官方 或 预约 OUT！
2025-05-03 16:34:08,310|line:520| https://t.bilibili.com/1061520305613176834
2025-05-03 16:34:08,311|line:522| 已有
2025-05-03 16:34:08,311|line:520| https://t.bilibili.com/1061718827610406915
2025-05-03 16:34:09,531|line:527| 官方 或 预约 OUT！
2025-05-03 16:34:09,531|line:520| https://t.bilibili.com/1061860265158508674
2025-05-03 16:34:11,779|line:527| 官方 或 预约 OUT！
2025-05-03 16:34:11,779|line:520| https://t.bilibili.com/1058609842519801878
2025-05-03 16:34:15,009|line:527| 官方 或 预约 OUT！
2025-05-03 16:34:15,009|line:520| https://t.bilibili.com/1059718757944918072
2025-05-03 16:34:15,009|line:522| 已有
2025-05-03 16:34:15,009|line:520| https://t.bilibili.com/1051809264294690848
2025-05-03 16:34:16,237|line:527| 官方 或 预约 OUT！
2025-05-03 16:34:16,237|line:520| https://t.bilibili.com/1061581914797768745
2025-05-03 16:34:16,238|line:522| 已有
2025-05-03 16:34:16,238|line:520| https://t.bilibili.com/1061859938760916993
2025-05-03 16:34:17,465|line:527| 官方 或 预约 OUT！
2025-05-03 16:34:17,465|line:520| https://t.bilibili.com/1061844807555481604
2025-05-03 16:34:19,690|line:527| 官方 或 预约 OUT！
2025-05-03 16:34:19,690|line:520| https://t.bilibili.com/1061564492218892297
2025-05-03 16:34:19,690|line:522| 已有
2025-05-03 16:34:19,690|line:520| https://t.bilibili.com/1061615415489200150
2025-05-03 16:34:19,690|line:522| 已有
2025-05-03 16:34:19,690|line:520| https://t.bilibili.com/1061535529136291842
2025-05-03 16:34:19,691|line:522| 已有
2025-05-03 16:34:19,691|line:520| https://t.bilibili.com/1061892327076790279
2025-05-03 16:34:21,916|line:527| 官方 或 预约 OUT！
2025-05-03 16:34:21,917|line:520| https://t.bilibili.com/1061905903493578776
2025-05-03 16:34:23,149|line:527| 官方 或 预约 OUT！
2025-05-03 16:34:23,150|line:520| https://t.bilibili.com/1061496988208463876
2025-05-03 16:34:25,566|line:527| 官方 或 预约 OUT！
2025-05-03 16:34:25,566|line:520| https://t.bilibili.com/1061547737594462231
2025-05-03 16:34:25,567|line:522| 已有
2025-05-03 16:34:25,567|line:520| https://t.bilibili.com/1058589729153351689
2025-05-03 16:34:25,567|line:522| 已有
2025-05-03 16:34:25,567|line:520| https://t.bilibili.com/1061862081948549120
2025-05-03 16:34:26,980|line:527| 官方 或 预约 OUT！
2025-05-03 16:34:26,980|line:520| https://t.bilibili.com/1061628300415205415
2025-05-03 16:34:26,980|line:522| 已有
2025-05-03 16:34:26,980|line:520| https://t.bilibili.com/1061798587256537088
2025-05-03 16:34:29,212|line:527| 官方 或 预约 OUT！
2025-05-03 16:34:29,212|line:520| https://t.bilibili.com/1061621202990137348
2025-05-03 16:34:30,459|line:527| 官方 或 预约 OUT！
2025-05-03 16:34:30,459|line:520| https://t.bilibili.com/1061860252268363777
2025-05-03 16:34:32,690|line:527| 官方 或 预约 OUT！
2025-05-03 16:34:32,690|line:520| https://t.bilibili.com/1061597376637042694
2025-05-03 16:34:32,690|line:522| 已有
2025-05-03 16:34:32,690|line:520| https://t.bilibili.com/1061482737503830033
2025-05-03 16:34:32,690|line:522| 已有
2025-05-03 16:34:32,691|line:553| 执行结束
2025-05-03 16:34:32,691|line:559| ==================================================2025-05-04 00:34==================================================
2025-05-03 16:34:32,691|line:233| processing article 41544189
2025-05-03 16:34:34,711|line:508| ==================================================2025-05-04 00:34==================================================
2025-05-03 16:34:34,712|line:520| https://t.bilibili.com/1047805377644593159
2025-05-03 16:34:35,918|line:342| =========此为源动态=========
2025-05-03 16:34:39,555|line:363| *********子动态开始*********
2025-05-03 16:34:39,556|line:382| *********子动态结束*********
2025-05-03 16:34:39,556|line:538| -=-=-=-=处理回最初的动态-=-=-=-=
2025-05-03 16:34:47,459|line:476| 转发成功 1062796903046971395
2025-05-03 16:34:50,779|line:495| 评论发送成功
2025-05-03 16:34:53,859|line:425| 287886755 === 已经关注了
2025-05-03 16:34:57,102|line:504| 动态-点赞 0
2025-05-03 16:35:00,102|line:520| https://t.bilibili.com/1045997930902716421
2025-05-03 16:35:03,315|line:342| =========此为源动态=========
2025-05-03 16:35:06,754|line:363| *********子动态开始*********
2025-05-03 16:35:06,755|line:382| *********子动态结束*********
2025-05-03 16:35:06,755|line:538| -=-=-=-=处理回最初的动态-=-=-=-=
2025-05-03 16:35:14,607|line:476| 转发成功 1062797019005845508
2025-05-03 16:35:17,919|line:495| 评论发送成功
2025-05-03 16:35:20,216|line:425| 287886755 === 已经关注了
2025-05-03 16:35:23,468|line:504| 动态-点赞 0
2025-05-03 16:35:24,468|line:520| https://t.bilibili.com/1056248886102851588
2025-05-03 16:35:24,468|line:522| 已有
2025-05-03 16:35:24,468|line:520| https://t.bilibili.com/1050356588246728720
2025-05-03 16:35:28,679|line:342| =========此为源动态=========
2025-05-03 16:35:30,120|line:363| *********子动态开始*********
2025-05-03 16:35:30,121|line:382| *********子动态结束*********
2025-05-03 16:35:30,121|line:538| -=-=-=-=处理回最初的动态-=-=-=-=
2025-05-03 16:35:39,084|line:476| 转发成功 1062797122085060630
2025-05-03 16:35:42,413|line:495| 评论发送成功
2025-05-03 16:35:44,706|line:425| 287886755 === 已经关注了
2025-05-03 16:35:47,940|line:504| 动态-点赞 0
2025-05-03 16:35:50,940|line:520| https://t.bilibili.com/1060865683877789713
2025-05-03 16:35:50,940|line:522| 已有
2025-05-03 16:35:50,941|line:520| https://t.bilibili.com/1051907610453737496
2025-05-03 16:35:55,257|line:527| 官方 或 预约 OUT！
2025-05-03 16:35:55,257|line:520| https://t.bilibili.com/1058894156437389316
2025-05-03 16:35:56,464|line:342| =========此为源动态=========
2025-05-03 16:35:58,899|line:363| *********子动态开始*********
2025-05-03 16:35:58,899|line:382| *********子动态结束*********
2025-05-03 16:35:58,899|line:538| -=-=-=-=处理回最初的动态-=-=-=-=
2025-05-03 16:36:07,808|line:476| 转发成功 1062797246612897815
2025-05-03 16:36:11,124|line:495| 评论发送成功
2025-05-03 16:36:15,429|line:425| 287886755 === 已经关注了
2025-05-03 16:36:18,769|line:504| 动态-点赞 0
2025-05-03 16:36:21,769|line:520| https://t.bilibili.com/1057144354547695621
2025-05-03 16:36:24,158|line:342| =========此为源动态=========
2025-05-03 16:36:26,610|line:363| *********子动态开始*********
2025-05-03 16:36:26,611|line:382| *********子动态结束*********
2025-05-03 16:36:26,611|line:538| -=-=-=-=处理回最初的动态-=-=-=-=
2025-05-03 16:36:37,673|line:476| 转发成功 1062797375474499602
2025-05-03 16:36:41,051|line:495| 评论发送成功
2025-05-03 16:36:44,345|line:425| 287886755 === 已经关注了
2025-05-03 16:36:47,594|line:504| 动态-点赞 0
2025-05-03 16:36:49,594|line:520| https://t.bilibili.com/1056263420249112579
2025-05-03 16:36:49,594|line:522| 已有
2025-05-03 16:36:49,595|line:520| https://t.bilibili.com/1061179983147302918
2025-05-03 16:36:52,815|line:527| 官方 或 预约 OUT！
2025-05-03 16:36:52,815|line:520| https://t.bilibili.com/1058597771469127686
2025-05-03 16:36:57,029|line:342| =========此为源动态=========
2025-05-03 16:36:59,476|line:363| *********子动态开始*********
2025-05-03 16:36:59,476|line:382| *********子动态结束*********
2025-05-03 16:36:59,476|line:538| -=-=-=-=处理回最初的动态-=-=-=-=
2025-05-03 16:37:09,488|line:476| 转发成功 1062797512916598819
2025-05-03 16:37:12,787|line:495| 评论发送成功
2025-05-03 16:37:14,087|line:425| 287886755 === 已经关注了
2025-05-03 16:37:17,320|line:504| 动态-点赞 0
2025-05-03 16:37:20,320|line:520| https://t.bilibili.com/1057038451390545928
2025-05-03 16:37:24,532|line:527| 官方 或 预约 OUT！
2025-05-03 16:37:24,532|line:520| https://t.bilibili.com/1049324711616446486
2025-05-03 16:37:27,828|line:342| =========此为源动态=========
2025-05-03 16:37:31,308|line:363| *********子动态开始*********
2025-05-03 16:37:31,308|line:382| *********子动态结束*********
2025-05-03 16:37:31,309|line:538| -=-=-=-=处理回最初的动态-=-=-=-=
2025-05-03 16:37:38,240|line:476| 转发成功 1062797637495816193
2025-05-03 16:37:41,570|line:495| 评论发送成功
2025-05-03 16:37:44,912|line:425| 287886755 === 已经关注了
2025-05-03 16:37:48,162|line:504| 动态-点赞 0
2025-05-03 16:37:52,162|line:520| https://t.bilibili.com/1057110319108718593
2025-05-03 16:37:52,162|line:522| 已有
2025-05-03 16:37:52,162|line:520| https://t.bilibili.com/1056250367843500036
2025-05-03 16:37:52,162|line:522| 已有
2025-05-03 16:37:52,163|line:520| https://t.bilibili.com/1060808376146984960
2025-05-03 16:37:55,394|line:527| 官方 或 预约 OUT！
2025-05-03 16:37:55,395|line:520| https://t.bilibili.com/1046336498839846932
2025-05-03 16:37:59,624|line:342| =========此为源动态=========
2025-05-03 16:38:04,101|line:363| *********子动态开始*********
2025-05-03 16:38:04,102|line:382| *********子动态结束*********
2025-05-03 16:38:04,102|line:538| -=-=-=-=处理回最初的动态-=-=-=-=
2025-05-03 16:38:13,033|line:476| 转发成功 1062797783489052677
2025-05-03 16:38:16,388|line:495| 评论发送成功
2025-05-03 16:38:19,715|line:425| 287886755 === 已经关注了
2025-05-03 16:38:22,967|line:504| 动态-点赞 0
2025-05-03 16:38:23,968|line:520| https://t.bilibili.com/1046755371968888833
2025-05-03 16:38:26,203|line:527| 官方 或 预约 OUT！
2025-05-03 16:38:26,203|line:520| https://t.bilibili.com/1056340944416145408
2025-05-03 16:38:26,203|line:522| 已有
2025-05-03 16:38:26,203|line:520| https://t.bilibili.com/1049289718392422434
2025-05-03 16:38:28,432|line:342| =========此为源动态=========
2025-05-03 16:38:31,928|line:363| *********子动态开始*********
2025-05-03 16:38:31,928|line:382| *********子动态结束*********
2025-05-03 16:38:31,928|line:538| -=-=-=-=处理回最初的动态-=-=-=-=
2025-05-03 16:38:38,919|line:476| 转发成功 1062797895160299556
2025-05-03 16:38:42,327|line:495| 评论发送成功
2025-05-03 16:38:44,642|line:425| 287886755 === 已经关注了
2025-05-03 16:38:47,886|line:504| 动态-点赞 0
2025-05-03 16:38:50,886|line:520| https://t.bilibili.com/1050464821442510849
2025-05-03 16:38:54,254|line:342| =========此为源动态=========
2025-05-03 16:38:56,697|line:363| *********子动态开始*********
2025-05-03 16:38:56,697|line:382| *********子动态结束*********
2025-05-03 16:38:56,697|line:538| -=-=-=-=处理回最初的动态-=-=-=-=
2025-05-03 16:39:06,736|line:476| 转发成功 1062798015447695376
2025-05-03 16:39:10,126|line:495| 评论发送成功
2025-05-03 16:39:11,429|line:425| 287886755 === 已经关注了
2025-05-03 16:39:14,661|line:504| 动态-点赞 0
2025-05-03 16:39:18,661|line:520| https://t.bilibili.com/1057052719256174610
2025-05-03 16:39:21,875|line:342| =========此为源动态=========
2025-05-03 16:39:25,158|line:363| *********子动态开始*********
2025-05-03 16:39:25,158|line:382| *********子动态结束*********
2025-05-03 16:39:25,159|line:538| -=-=-=-=处理回最初的动态-=-=-=-=
2025-05-03 16:39:31,023|line:476| 转发成功 1062798118530056195
2025-05-03 16:39:34,353|line:495| 评论发送成功
2025-05-03 16:39:37,641|line:425| 287886755 === 已经关注了
2025-05-03 16:39:40,950|line:504| 动态-点赞 0
2025-05-03 16:39:41,950|line:520| https://t.bilibili.com/1056742345647587333
2025-05-03 16:39:45,231|line:342| =========此为源动态=========
2025-05-03 16:39:46,677|line:363| *********子动态开始*********
2025-05-03 16:39:46,678|line:382| *********子动态结束*********
2025-05-03 16:39:46,678|line:538| -=-=-=-=处理回最初的动态-=-=-=-=
2025-05-03 16:39:55,569|line:476| 转发成功 1062798225904238596
2025-05-03 16:39:58,887|line:495| 评论发送成功
2025-05-03 16:40:03,191|line:425| 287886755 === 已经关注了
2025-05-03 16:40:06,435|line:504| 动态-点赞 0
2025-05-03 16:40:07,436|line:520| https://t.bilibili.com/1056685100171788307
2025-05-03 16:40:09,651|line:337| =========此为子动态=========
2025-05-03 16:40:12,941|line:401| *************原动态已存在***************
2025-05-03 16:40:14,358|line:363| *********子动态开始*********
2025-05-03 16:40:14,358|line:382| *********子动态结束*********
2025-05-03 16:40:14,358|line:538| -=-=-=-=处理回最初的动态-=-=-=-=
2025-05-03 16:40:22,375|line:476| 转发成功 1062798341861015558
2025-05-03 16:40:25,664|line:495| 评论发送成功
2025-05-03 16:40:29,958|line:425| 631208134 === 已经关注了
2025-05-03 16:40:33,196|line:504| 动态-点赞 0
2025-05-03 16:40:36,196|line:520| https://t.bilibili.com/1059371232824131587
2025-05-03 16:40:40,423|line:527| 官方 或 预约 OUT！
2025-05-03 16:40:40,423|line:520| https://t.bilibili.com/1051547153206345735
2025-05-03 16:40:44,648|line:342| =========此为源动态=========
2025-05-03 16:40:48,100|line:363| *********子动态开始*********
2025-05-03 16:40:48,100|line:382| *********子动态结束*********
2025-05-03 16:40:48,100|line:538| -=-=-=-=处理回最初的动态-=-=-=-=
2025-05-03 16:40:56,961|line:476| 转发成功 1062798487858446343
2025-05-03 16:41:00,333|line:495| 评论发送成功
2025-05-03 16:41:04,736|line:425| 287886755 === 已经关注了
2025-05-03 16:41:07,972|line:504| 动态-点赞 0
2025-05-03 16:41:08,973|line:520| https://t.bilibili.com/1051627157685534721
2025-05-03 16:41:11,182|line:342| =========此为源动态=========
2025-05-03 16:41:14,785|line:363| *********子动态开始*********
2025-05-03 16:41:14,785|line:382| *********子动态结束*********
2025-05-03 16:41:14,785|line:538| -=-=-=-=处理回最初的动态-=-=-=-=
2025-05-03 16:41:20,780|line:476| 转发成功 1062798590946050086
2025-05-03 16:41:24,110|line:495| 评论发送成功
2025-05-03 16:41:30,664|line:437| 关注 ==== 3546587003357439 0
2025-05-03 16:41:33,903|line:504| 动态-点赞 0
2025-05-03 16:41:37,903|line:520| https://t.bilibili.com/1056286063338717189
2025-05-03 16:41:37,903|line:522| 已有
2025-05-03 16:41:37,903|line:520| https://t.bilibili.com/1056266366606114854
2025-05-03 16:41:37,904|line:522| 已有
2025-05-03 16:41:37,904|line:520| https://t.bilibili.com/1061529213355425811
2025-05-03 16:41:39,129|line:337| =========此为子动态=========
2025-05-03 16:41:41,662|line:388| *************原动态处理开始***************
2025-05-03 16:41:46,246|line:476| 转发成功 1062798702634074116
2025-05-03 16:41:49,571|line:495| 评论发送成功
2025-05-03 16:41:53,868|line:425| 348632860 === 已经关注了
2025-05-03 16:41:57,184|line:504| 动态-点赞 0
2025-05-03 16:41:57,185|line:397| *************原动态处理完成***************
2025-05-03 16:42:01,451|line:363| *********子动态开始*********
2025-05-03 16:42:08,694|line:476| 转发成功 1062798797087703065
2025-05-03 16:42:12,240|line:495| 评论发送成功
2025-05-03 16:42:18,747|line:425| 348632860 === 已经关注了
2025-05-03 16:42:18,748|line:377| ----完成一个子动态----
2025-05-03 16:42:18,748|line:382| *********子动态结束*********
2025-05-03 16:42:19,749|line:520| https://t.bilibili.com/1054183404079153161
2025-05-03 16:42:19,749|line:522| 已有
2025-05-03 16:42:19,749|line:520| https://t.bilibili.com/1060051327996919847
2025-05-03 16:42:21,995|line:527| 官方 或 预约 OUT！
2025-05-03 16:42:21,995|line:520| https://t.bilibili.com/1046756999775125504
2025-05-03 16:42:26,204|line:527| 官方 或 预约 OUT！
2025-05-03 16:42:26,204|line:520| https://t.bilibili.com/1049325330115854343
2025-05-03 16:42:28,423|line:342| =========此为源动态=========
2025-05-03 16:42:31,074|line:363| *********子动态开始*********
2025-05-03 16:42:31,075|line:382| *********子动态结束*********
2025-05-03 16:42:31,075|line:538| -=-=-=-=处理回最初的动态-=-=-=-=
2025-05-03 16:42:42,106|line:476| 转发成功 1062798938832109572
2025-05-03 16:42:45,433|line:495| 评论发送成功
2025-05-03 16:42:48,725|line:425| 287886755 === 已经关注了
2025-05-03 16:42:51,956|line:504| 动态-点赞 0
2025-05-03 16:42:54,957|line:520| https://t.bilibili.com/1059760859401682951
2025-05-03 16:42:54,957|line:522| 已有
2025-05-03 16:42:54,957|line:520| https://t.bilibili.com/1050402973913448455
2025-05-03 16:42:56,238|line:342| =========此为源动态=========
2025-05-03 16:42:59,311|line:363| *********子动态开始*********
2025-05-03 16:42:59,312|line:382| *********子动态结束*********
2025-05-03 16:42:59,312|line:538| -=-=-=-=处理回最初的动态-=-=-=-=
2025-05-03 16:43:08,209|line:476| 转发成功 1062799050514890768
2025-05-03 16:43:11,574|line:495| 评论发送成功
2025-05-03 16:43:15,863|line:425| 287886755 === 已经关注了
2025-05-03 16:43:19,265|line:504| 动态-点赞 0
2025-05-03 16:43:23,266|line:520| https://t.bilibili.com/1056639689439576065
2025-05-03 16:43:23,266|line:522| 已有
2025-05-03 16:43:23,266|line:520| https://t.bilibili.com/1027340230008504336
2025-05-03 16:43:27,497|line:527| 官方 或 预约 OUT！
2025-05-03 16:43:27,498|line:520| https://t.bilibili.com/1061187510097412101
2025-05-03 16:43:31,717|line:342| =========此为源动态=========
2025-05-03 16:43:33,121|line:363| *********子动态开始*********
2025-05-03 16:43:33,121|line:382| *********子动态结束*********
2025-05-03 16:43:33,122|line:538| -=-=-=-=处理回最初的动态-=-=-=-=
2025-05-03 16:43:44,121|line:476| 转发成功 1062799209425534980
2025-05-03 16:43:47,564|line:495| 评论发送成功
2025-05-03 16:43:54,143|line:437| 关注 ==== 3546879277140318 0
2025-05-03 16:43:57,397|line:504| 动态-点赞 0
2025-05-03 16:44:01,398|line:520| https://t.bilibili.com/1052289323510005769
2025-05-03 16:44:03,606|line:342| =========此为源动态=========
2025-05-03 16:44:08,046|line:363| *********子动态开始*********
2025-05-03 16:44:08,046|line:382| *********子动态结束*********
2025-05-03 16:44:08,046|line:538| -=-=-=-=处理回最初的动态-=-=-=-=
2025-05-03 16:44:15,998|line:476| 转发成功 1062799342596784128
2025-05-03 16:44:19,348|line:495| 评论发送成功
2025-05-03 16:44:20,668|line:425| 287886755 === 已经关注了
2025-05-03 16:44:23,918|line:504| 动态-点赞 0
2025-05-03 16:44:26,919|line:520| https://t.bilibili.com/1060532102358892563
2025-05-03 16:44:30,274|line:527| 官方 或 预约 OUT！
2025-05-03 16:44:30,274|line:520| https://t.bilibili.com/1058195762542804992
2025-05-03 16:44:31,505|line:342| =========此为源动态=========
2025-05-03 16:44:32,967|line:363| *********子动态开始*********
2025-05-03 16:44:32,968|line:382| *********子动态结束*********
2025-05-03 16:44:32,968|line:538| -=-=-=-=处理回最初的动态-=-=-=-=
2025-05-03 16:44:43,963|line:476| 转发成功 1062799462828605493
2025-05-03 16:44:47,294|line:495| 评论发送成功
2025-05-03 16:44:49,678|line:425| 287886755 === 已经关注了
2025-05-03 16:44:52,933|line:504| 动态-点赞 0
2025-05-03 16:44:54,934|line:520| https://t.bilibili.com/1060785174710583304
2025-05-03 16:44:57,164|line:527| 官方 或 预约 OUT！
2025-05-03 16:44:57,164|line:520| https://t.bilibili.com/1050758597212897289
2025-05-03 16:45:00,579|line:342| =========此为源动态=========
2025-05-03 16:45:01,879|line:363| *********子动态开始*********
2025-05-03 16:45:01,880|line:382| *********子动态结束*********
2025-05-03 16:45:01,880|line:538| -=-=-=-=处理回最初的动态-=-=-=-=
2025-05-03 16:45:10,791|line:476| 转发成功 1062799578815791121
2025-05-03 16:45:14,122|line:495| 评论发送成功
2025-05-03 16:45:15,616|line:425| 287886755 === 已经关注了
2025-05-03 16:45:18,855|line:504| 动态-点赞 0
2025-05-03 16:45:22,855|line:520| https://t.bilibili.com/1060812550861488132
2025-05-03 16:45:25,164|line:527| 官方 或 预约 OUT！
2025-05-03 16:45:25,164|line:520| https://t.bilibili.com/1056041726912757812
2025-05-03 16:45:25,164|line:522| 已有
2025-05-03 16:45:25,164|line:520| https://t.bilibili.com/1062271332167712801
2025-05-03 16:45:26,390|line:342| =========此为源动态=========
2025-05-03 16:45:30,835|line:363| *********子动态开始*********
2025-05-03 16:45:30,835|line:382| *********子动态结束*********
2025-05-03 16:45:30,836|line:538| -=-=-=-=处理回最初的动态-=-=-=-=
2025-05-03 16:45:40,821|line:476| 转发成功 1062799707639644201
2025-05-03 16:45:44,156|line:495| 评论发送成功
2025-05-03 16:45:46,463|line:425| 3546823897647547 === 已经关注了
2025-05-03 16:45:49,781|line:504| 动态-点赞 0
2025-05-03 16:45:51,781|line:520| https://t.bilibili.com/1056323498284154898
2025-05-03 16:45:51,781|line:522| 已有
2025-05-03 16:45:51,782|line:520| https://t.bilibili.com/1056799200224739336
2025-05-03 16:45:55,075|line:527| 官方 或 预约 OUT！
2025-05-03 16:45:55,075|line:553| 执行结束
2025-05-03 16:45:55,075|line:559| ==================================================2025-05-04 00:45==================================================
2025-05-03 16:45:55,075|line:233| processing article 41542476
2025-05-03 16:45:58,065|line:508| ==================================================2025-05-04 00:45==================================================
2025-05-03 16:45:58,065|line:520| https://t.bilibili.com/1061274289886461969
2025-05-03 16:45:59,297|line:527| 官方 或 预约 OUT！
2025-05-03 16:45:59,298|line:520| https://t.bilibili.com/1061504087816667161
2025-05-03 16:46:00,657|line:527| 官方 或 预约 OUT！
2025-05-03 16:46:00,658|line:520| https://t.bilibili.com/1061493513612427265
2025-05-03 16:46:03,892|line:527| 官方 或 预约 OUT！
2025-05-03 16:46:03,892|line:520| https://t.bilibili.com/1061941169459560469
2025-05-03 16:46:05,119|line:527| 官方 或 预约 OUT！
2025-05-03 16:46:05,119|line:520| https://t.bilibili.com/1061848419625074706
2025-05-03 16:46:08,360|line:527| 官方 或 预约 OUT！
2025-05-03 16:46:08,360|line:520| https://t.bilibili.com/1060153720038227977
2025-05-03 16:46:11,588|line:342| =========此为源动态=========
2025-05-03 16:46:12,817|line:363| *********子动态开始*********
2025-05-03 16:46:12,817|line:382| *********子动态结束*********
2025-05-03 16:46:12,817|line:538| -=-=-=-=处理回最初的动态-=-=-=-=
2025-05-03 16:46:21,847|line:476| 转发成功 1062799883760566280
2025-05-03 16:46:25,218|line:495| 评论发送成功
2025-05-03 16:46:28,537|line:425| 150896 === 已经关注了
2025-05-03 16:46:31,787|line:504| 动态-点赞 0
2025-05-03 16:46:33,788|line:520| https://t.bilibili.com/1059391990424141844
2025-05-03 16:46:37,013|line:527| 官方 或 预约 OUT！
2025-05-03 16:46:37,014|line:520| https://t.bilibili.com/1061080616908357641
2025-05-03 16:46:40,445|line:342| =========此为源动态=========
2025-05-03 16:46:42,867|line:363| *********子动态开始*********
2025-05-03 16:46:42,867|line:382| *********子动态结束*********
2025-05-03 16:46:42,867|line:538| -=-=-=-=处理回最初的动态-=-=-=-=
2025-05-03 16:46:54,828|line:476| 转发成功 1062800025504972820
2025-05-03 16:46:58,157|line:495| 评论发送成功
2025-05-03 16:46:59,548|line:425| 150896 === 已经关注了
2025-05-03 16:47:02,798|line:504| 动态-点赞 0
2025-05-03 16:47:04,799|line:520| https://t.bilibili.com/1060111685161844739
2025-05-03 16:47:06,310|line:527| 官方 或 预约 OUT！
2025-05-03 16:47:06,310|line:520| https://t.bilibili.com/1061536209867636754
2025-05-03 16:47:08,516|line:527| 官方 或 预约 OUT！
2025-05-03 16:47:08,516|line:520| https://t.bilibili.com/1060778126691270680
2025-05-03 16:47:12,730|line:527| 官方 或 预约 OUT！
2025-05-03 16:47:12,730|line:520| https://t.bilibili.com/1053466859674796034
2025-05-03 16:47:15,939|line:527| 官方 或 预约 OUT！
2025-05-03 16:47:15,939|line:520| https://t.bilibili.com/1058320344534745091
2025-05-03 16:47:17,147|line:527| 官方 或 预约 OUT！
2025-05-03 16:47:17,148|line:520| https://t.bilibili.com/1061528350074339334
2025-05-03 16:47:21,358|line:342| =========此为源动态=========
2025-05-03 16:47:24,587|line:363| *********子动态开始*********
2025-05-03 16:47:24,587|line:382| *********子动态结束*********
2025-05-03 16:47:24,587|line:538| -=-=-=-=处理回最初的动态-=-=-=-=
2025-05-03 16:47:33,484|line:476| 转发成功 1062800192968851456
2025-05-03 16:47:36,784|line:495| 评论发送成功
2025-05-03 16:47:43,350|line:437| 关注 ==== 3493145618680771 0
2025-05-03 16:47:46,591|line:504| 动态-点赞 0
2025-05-03 16:47:47,592|line:520| https://t.bilibili.com/1060689104872669188
2025-05-03 16:47:50,800|line:527| 官方 或 预约 OUT！
2025-05-03 16:47:50,800|line:520| https://t.bilibili.com/1061860321018249399
2025-05-03 16:47:52,003|line:527| 官方 或 预约 OUT！
2025-05-03 16:47:52,004|line:520| https://t.bilibili.com/1060920955799339016
2025-05-03 16:47:55,400|line:527| 官方 或 预约 OUT！
2025-05-03 16:47:55,400|line:520| https://t.bilibili.com/1059634763456839703
2025-05-03 16:47:58,693|line:527| 官方 或 预约 OUT！
2025-05-03 16:47:58,693|line:520| https://t.bilibili.com/1061927438435483649
2025-05-03 16:48:02,899|line:527| 官方 或 预约 OUT！
2025-05-03 16:48:02,899|line:520| https://t.bilibili.com/1059778906829094998
2025-05-03 16:48:05,106|line:527| 官方 或 预约 OUT！
2025-05-03 16:48:05,106|line:520| https://t.bilibili.com/1059263669651636231
2025-05-03 16:48:07,489|line:527| 官方 或 预约 OUT！
2025-05-03 16:48:07,489|line:520| https://t.bilibili.com/1061220628583940117
2025-05-03 16:48:07,489|line:522| 已有
2025-05-03 16:48:07,489|line:520| https://t.bilibili.com/1061916486267830307
2025-05-03 16:48:08,698|line:527| 官方 或 预约 OUT！
2025-05-03 16:48:08,698|line:520| https://t.bilibili.com/1062222717449666583
2025-05-03 16:48:09,910|line:342| =========此为源动态=========
2025-05-03 16:48:11,116|line:347| 'items'
2025-05-03 16:48:11,117|line:348| error line:343
2025-05-03 16:48:11,117|line:534| *#*#*#*#*#*#*#*#*#*原动态处理失败*#*#*#*#*#*#*#*#*#
2025-05-03 16:48:11,117|line:520| https://t.bilibili.com/1061134510188396569
2025-05-03 16:48:15,327|line:527| 官方 或 预约 OUT！
2025-05-03 16:48:15,327|line:520| https://t.bilibili.com/1051511614478483473
2025-05-03 16:48:18,540|line:527| 官方 或 预约 OUT！
2025-05-03 16:48:18,540|line:520| https://t.bilibili.com/1061864912307880006
2025-05-03 16:48:19,748|line:527| 官方 或 预约 OUT！
2025-05-03 16:48:19,748|line:520| https://t.bilibili.com/1057141676664946695
2025-05-03 16:48:21,957|line:527| 官方 或 预约 OUT！
2025-05-03 16:48:21,957|line:520| https://t.bilibili.com/1060332154449297415
2025-05-03 16:48:26,181|line:342| =========此为源动态=========
2025-05-03 16:48:30,394|line:347| 'items'
2025-05-03 16:48:30,394|line:348| error line:343
2025-05-03 16:48:30,394|line:534| *#*#*#*#*#*#*#*#*#*原动态处理失败*#*#*#*#*#*#*#*#*#
2025-05-03 16:48:30,395|line:520| https://t.bilibili.com/1060432545033748513
2025-05-03 16:48:33,604|line:342| =========此为源动态=========
2025-05-03 16:48:37,867|line:363| *********子动态开始*********
2025-05-03 16:48:37,867|line:382| *********子动态结束*********
2025-05-03 16:48:37,868|line:538| -=-=-=-=处理回最初的动态-=-=-=-=
2025-05-03 16:48:43,767|line:476| 转发成功 1062800493613416451
2025-05-03 16:48:47,186|line:495| 评论发送成功
2025-05-03 16:48:55,088|line:437| 关注 ==== 457027794 0
2025-05-03 16:48:58,342|line:504| 动态-点赞 0
2025-05-03 16:49:02,342|line:553| 执行结束
2025-05-03 16:49:02,343|line:559| ==================================================2025-05-04 00:49==================================================
2025-05-03 16:49:02,343|line:233| processing article 41535395
2025-05-03 16:49:06,279|line:508| ==================================================2025-05-04 00:49==================================================
2025-05-03 16:49:06,279|line:520| https://t.bilibili.com/1060524946926600209
2025-05-03 16:49:06,279|line:522| 已有
2025-05-03 16:49:06,279|line:520| https://t.bilibili.com/1061581813864988673
2025-05-03 16:49:07,561|line:527| 官方 或 预约 OUT！
2025-05-03 16:49:07,562|line:520| https://t.bilibili.com/1058966097161617441
2025-05-03 16:49:07,562|line:522| 已有
2025-05-03 16:49:07,562|line:520| https://t.bilibili.com/1051881303781146627
2025-05-03 16:49:07,562|line:522| 已有
2025-05-03 16:49:07,562|line:520| https://t.bilibili.com/1059368256395018280
2025-05-03 16:49:07,562|line:522| 已有
2025-05-03 16:49:07,562|line:553| 执行结束
2025-05-03 16:49:07,563|line:559| ==================================================2025-05-04 00:49==================================================
2025-05-03 16:49:07,563|line:233| processing article 41533566
2025-05-03 16:49:11,553|line:508| ==================================================2025-05-04 00:49==================================================
2025-05-03 16:49:11,553|line:520| https://t.bilibili.com/1057530938108412004
2025-05-03 16:49:15,794|line:527| 官方 或 预约 OUT！
2025-05-03 16:49:15,794|line:520| https://t.bilibili.com/1059886882315304969
2025-05-03 16:49:19,014|line:527| 官方 或 预约 OUT！
2025-05-03 16:49:19,014|line:520| https://t.bilibili.com/1060689104872669188
2025-05-03 16:49:23,378|line:527| 官方 或 预约 OUT！
2025-05-03 16:49:23,379|line:520| https://t.bilibili.com/1051511614478483473
2025-05-03 16:49:26,658|line:527| 官方 或 预约 OUT！
2025-05-03 16:49:26,658|line:520| https://t.bilibili.com/1058979798098903065
2025-05-03 16:49:28,914|line:527| 官方 或 预约 OUT！
2025-05-03 16:49:28,914|line:520| https://t.bilibili.com/1060778126691270680
2025-05-03 16:49:31,144|line:527| 官方 或 预约 OUT！
2025-05-03 16:49:31,144|line:520| https://t.bilibili.com/1061848419625074706
2025-05-03 16:49:33,563|line:527| 官方 或 预约 OUT！
2025-05-03 16:49:33,563|line:520| https://t.bilibili.com/1060542092462260230
2025-05-03 16:49:37,801|line:527| 官方 或 预约 OUT！
2025-05-03 16:49:37,802|line:520| https://t.bilibili.com/1060417559869784071
2025-05-03 16:49:39,030|line:527| 官方 或 预约 OUT！
2025-05-03 16:49:39,030|line:520| https://t.bilibili.com/1060895039954092032
2025-05-03 16:49:39,030|line:522| 已有
2025-05-03 16:49:39,031|line:520| https://t.bilibili.com/1059263669651636231
2025-05-03 16:49:43,261|line:527| 官方 或 预约 OUT！
2025-05-03 16:49:43,261|line:520| https://t.bilibili.com/1060549020217245714
2025-05-03 16:49:44,488|line:527| 官方 或 预约 OUT！
2025-05-03 16:49:44,488|line:520| https://t.bilibili.com/1059778906829094998
2025-05-03 16:49:46,781|line:527| 官方 或 预约 OUT！
2025-05-03 16:49:46,782|line:520| https://t.bilibili.com/1061220628583940117
2025-05-03 16:49:46,782|line:522| 已有
2025-05-03 16:49:46,782|line:520| https://t.bilibili.com/1057141676664946695
2025-05-03 16:49:50,010|line:527| 官方 或 预约 OUT！
2025-05-03 16:49:50,010|line:520| https://t.bilibili.com/1061080616908357641
2025-05-03 16:49:50,010|line:522| 已有
2025-05-03 16:49:50,010|line:520| https://t.bilibili.com/1061528556244303872
2025-05-03 16:49:50,010|line:522| 已有
2025-05-03 16:49:50,010|line:520| https://t.bilibili.com/1061954466701377536
2025-05-03 16:49:53,258|line:527| 官方 或 预约 OUT！
2025-05-03 16:49:53,258|line:553| 执行结束
2025-05-03 16:49:53,258|line:559| ==================================================2025-05-04 00:49==================================================
2025-05-03 16:49:53,258|line:233| processing article 41543835
2025-05-03 16:49:57,452|line:508| ==================================================2025-05-04 00:49==================================================
2025-05-03 16:49:57,452|line:520| https://t.bilibili.com/1054380562444189712
2025-05-03 16:49:58,682|line:527| 官方 或 预约 OUT！
2025-05-03 16:49:58,682|line:520| https://t.bilibili.com/1062732199366754307
2025-05-03 16:49:59,917|line:342| =========此为源动态=========
2025-05-03 16:50:03,361|line:363| *********子动态开始*********
2025-05-03 16:50:03,362|line:382| *********子动态结束*********
2025-05-03 16:50:03,362|line:538| -=-=-=-=处理回最初的动态-=-=-=-=
2025-05-03 16:50:13,306|line:476| 转发成功 1062800880163618824
2025-05-03 16:50:16,760|line:495| 评论发送成功
2025-05-03 16:50:19,064|line:425| 25876049 === 已经关注了
2025-05-03 16:50:22,504|line:504| 动态-点赞 0
2025-05-03 16:50:24,504|line:520| https://t.bilibili.com/1059345136630104080
2025-05-03 16:50:25,733|line:527| 官方 或 预约 OUT！
2025-05-03 16:50:25,733|line:520| https://t.bilibili.com/1062392729419382790
2025-05-03 16:50:27,145|line:337| =========此为子动态=========
2025-05-03 16:50:30,450|line:401| *************原动态已存在***************
2025-05-03 16:50:32,886|line:363| *********子动态开始*********
2025-05-03 16:50:38,896|line:476| 转发成功 1062800987569258531
2025-05-03 16:50:42,221|line:495| 评论发送成功
2025-05-03 16:50:46,757|line:425| 1024366005 === 已经关注了
2025-05-03 16:50:46,758|line:377| ----完成一个子动态----
2025-05-03 16:50:46,758|line:382| *********子动态结束*********
2025-05-03 16:50:48,759|line:520| https://t.bilibili.com/1062603015322599477
2025-05-03 16:50:51,984|line:342| =========此为源动态=========
2025-05-03 16:50:54,281|line:363| *********子动态开始*********
2025-05-03 16:50:54,281|line:382| *********子动态结束*********
2025-05-03 16:50:54,281|line:538| -=-=-=-=处理回最初的动态-=-=-=-=
2025-05-03 16:51:02,281|line:476| 转发成功 1062801090613870598
2025-05-03 16:51:05,619|line:495| 评论发送成功
2025-05-03 16:51:13,238|line:437| 关注 ==== 198987606 0
2025-05-03 16:51:16,490|line:504| 动态-点赞 0
2025-05-03 16:51:20,490|line:520| https://t.bilibili.com/1062339546993131539
2025-05-03 16:51:22,904|line:342| =========此为源动态=========
2025-05-03 16:51:25,472|line:363| *********子动态开始*********
2025-05-03 16:51:25,473|line:382| *********子动态结束*********
2025-05-03 16:51:25,473|line:538| -=-=-=-=处理回最初的动态-=-=-=-=
2025-05-03 16:51:34,716|line:476| 转发成功 1062801228087427088
2025-05-03 16:51:38,195|line:495| 评论发送成功
2025-05-03 16:51:40,609|line:425| 3461569216252442 === 已经关注了
2025-05-03 16:51:43,968|line:504| 动态-点赞 0
2025-05-03 16:51:47,968|line:520| https://t.bilibili.com/1062571524616093843
2025-05-03 16:51:50,295|line:342| =========此为源动态=========
2025-05-03 16:51:54,724|line:363| *********子动态开始*********
2025-05-03 16:51:54,724|line:382| *********子动态结束*********
2025-05-03 16:51:54,724|line:538| -=-=-=-=处理回最初的动态-=-=-=-=
2025-05-03 16:52:02,915|line:476| 转发成功 1062801348349657108
2025-05-03 16:52:06,373|line:495| 评论发送成功
2025-05-03 16:52:07,700|line:425| 351899011 === 已经关注了
2025-05-03 16:52:10,930|line:504| 动态-点赞 0
2025-05-03 16:52:11,931|line:520| https://t.bilibili.com/1062631606908354561
2025-05-03 16:52:15,137|line:342| =========此为源动态=========
2025-05-03 16:52:17,551|line:363| *********子动态开始*********
2025-05-03 16:52:17,551|line:382| *********子动态结束*********
2025-05-03 16:52:17,551|line:538| -=-=-=-=处理回最初的动态-=-=-=-=
2025-05-03 16:52:26,474|line:476| 转发成功 1062801451433066505
2025-05-03 16:52:29,931|line:495| 评论发送成功
2025-05-03 16:52:37,530|line:437| 关注 ==== 37905599 0
2025-05-03 16:52:40,792|line:504| 动态-点赞 0
2025-05-03 16:52:42,793|line:520| https://t.bilibili.com/1056020801838383104
2025-05-03 16:52:45,006|line:527| 官方 或 预约 OUT！
2025-05-03 16:52:45,007|line:520| https://t.bilibili.com/1062407615761350690
2025-05-03 16:52:49,221|line:527| 官方 或 预约 OUT！
2025-05-03 16:52:49,221|line:520| https://t.bilibili.com/1061862343920582707
2025-05-03 16:52:53,427|line:527| 官方 或 预约 OUT！
2025-05-03 16:52:53,428|line:520| https://t.bilibili.com/1062594597218156546
2025-05-03 16:52:54,643|line:527| 官方 或 预约 OUT！
2025-05-03 16:52:54,644|line:520| https://t.bilibili.com/1035593318931628032
2025-05-03 16:52:56,853|line:527| 官方 或 预约 OUT！
2025-05-03 16:52:56,853|line:520| https://t.bilibili.com/1062338325053964288
2025-05-03 16:52:59,083|line:342| =========此为源动态=========
2025-05-03 16:53:01,341|line:363| *********子动态开始*********
2025-05-03 16:53:01,341|line:382| *********子动态结束*********
2025-05-03 16:53:01,342|line:538| -=-=-=-=处理回最初的动态-=-=-=-=
2025-05-03 16:53:09,250|line:476| 转发成功 1062801631783944201
2025-05-03 16:53:12,587|line:495| 评论发送成功
2025-05-03 16:53:13,876|line:425| 386837540 === 已经关注了
2025-05-03 16:53:17,119|line:504| 动态-点赞 0
2025-05-03 16:53:19,119|line:520| https://t.bilibili.com/1062300892301099063
2025-05-03 16:53:23,426|line:342| =========此为源动态=========
2025-05-03 16:53:27,830|line:363| *********子动态开始*********
2025-05-03 16:53:27,831|line:382| *********子动态结束*********
2025-05-03 16:53:27,831|line:538| -=-=-=-=处理回最初的动态-=-=-=-=
2025-05-03 16:53:34,692|line:476| 转发成功 1062801743486648323
2025-05-03 16:53:38,053|line:495| 评论发送成功
2025-05-03 16:53:44,634|line:437| 关注 ==== 588486221 0
2025-05-03 16:53:47,866|line:504| 动态-点赞 0
2025-05-03 16:53:48,866|line:520| https://t.bilibili.com/1062622757150261253
2025-05-03 16:53:50,076|line:342| =========此为源动态=========
2025-05-03 16:53:52,483|line:363| *********子动态开始*********
2025-05-03 16:53:52,483|line:382| *********子动态结束*********
2025-05-03 16:53:52,483|line:538| -=-=-=-=处理回最初的动态-=-=-=-=
2025-05-03 16:54:00,374|line:476| 转发成功 1062801855125389321
2025-05-03 16:54:03,693|line:495| 评论发送成功
2025-05-03 16:54:05,982|line:425| 302951148 === 已经关注了
2025-05-03 16:54:09,215|line:504| 动态-点赞 0
2025-05-03 16:54:10,216|line:520| https://t.bilibili.com/1057901211563327488
2025-05-03 16:54:13,430|line:527| 官方 或 预约 OUT！
2025-05-03 16:54:13,431|line:520| https://t.bilibili.com/1062275837630349331
2025-05-03 16:54:15,674|line:342| =========此为源动态=========
2025-05-03 16:54:20,273|line:363| *********子动态开始*********
2025-05-03 16:54:20,273|line:382| *********子动态结束*********
2025-05-03 16:54:20,273|line:538| -=-=-=-=处理回最初的动态-=-=-=-=
2025-05-03 16:54:31,182|line:476| 转发成功 1062801988258889728
2025-05-03 16:54:34,478|line:495| 评论发送成功
2025-05-03 16:54:36,854|line:425| 587272348 === 已经关注了
2025-05-03 16:54:40,090|line:504| 动态-点赞 0
2025-05-03 16:54:44,090|line:520| https://t.bilibili.com/1062362939511537668
2025-05-03 16:54:46,304|line:342| =========此为源动态=========
2025-05-03 16:54:47,521|line:363| *********子动态开始*********
2025-05-03 16:54:47,521|line:382| *********子动态结束*********
2025-05-03 16:54:47,521|line:538| -=-=-=-=处理回最初的动态-=-=-=-=
2025-05-03 16:54:54,577|line:476| 转发成功 1062802087076691974
2025-05-03 16:54:57,898|line:495| 评论发送成功
2025-05-03 16:54:59,366|line:425| 100680137 === 已经关注了
2025-05-03 16:55:02,601|line:504| 动态-点赞 0
2025-05-03 16:55:04,602|line:520| https://t.bilibili.com/1062345300132233221
2025-05-03 16:55:08,859|line:527| 官方 或 预约 OUT！
2025-05-03 16:55:08,859|line:520| https://t.bilibili.com/1062335052320342023
2025-05-03 16:55:12,082|line:527| 官方 或 预约 OUT！
2025-05-03 16:55:12,082|line:520| https://t.bilibili.com/1060909322891952137
2025-05-03 16:55:12,082|line:522| 已有
2025-05-03 16:55:12,083|line:520| https://t.bilibili.com/1062572396487114758
2025-05-03 16:55:16,305|line:527| 官方 或 预约 OUT！
2025-05-03 16:55:16,305|line:520| https://t.bilibili.com/1062545759118819331
2025-05-03 16:55:19,530|line:342| =========此为源动态=========
2025-05-03 16:55:21,966|line:363| *********子动态开始*********
2025-05-03 16:55:21,966|line:382| *********子动态结束*********
2025-05-03 16:55:21,966|line:538| -=-=-=-=处理回最初的动态-=-=-=-=
2025-05-03 16:55:29,880|line:476| 转发成功 1062802237371187208
2025-05-03 16:55:33,224|line:495| 评论发送成功
2025-05-03 16:55:40,825|line:437| 关注 ==== 566067 0
2025-05-03 16:55:44,098|line:504| 动态-点赞 0
2025-05-03 16:55:46,098|line:520| https://t.bilibili.com/1060003138450227235
2025-05-03 16:55:50,449|line:342| =========此为源动态=========
2025-05-03 16:55:54,871|line:363| *********子动态开始*********
2025-05-03 16:55:54,872|line:382| *********子动态结束*********
2025-05-03 16:55:54,872|line:538| -=-=-=-=处理回最初的动态-=-=-=-=
2025-05-03 16:56:06,822|line:476| 转发成功 1062802396319580169
2025-05-03 16:56:10,143|line:495| 评论发送成功
2025-05-03 16:56:14,719|line:437| 关注 ==== 30932661 0
2025-05-03 16:56:17,951|line:504| 动态-点赞 0
2025-05-03 16:56:20,952|line:553| 执行结束
2025-05-03 16:56:20,952|line:559| ==================================================2025-05-04 00:56==================================================
2025-05-03 16:56:20,952|line:233| processing article 41541989
2025-05-03 16:56:23,019|line:508| ==================================================2025-05-04 00:56==================================================
2025-05-03 16:56:23,019|line:520| https://t.bilibili.com/1057901211563327488
2025-05-03 16:56:25,332|line:527| 官方 或 预约 OUT！
2025-05-03 16:56:25,332|line:520| https://t.bilibili.com/1054380562444189712
2025-05-03 16:56:27,548|line:527| 官方 或 预约 OUT！
2025-05-03 16:56:27,548|line:520| https://t.bilibili.com/1056020801838383104
2025-05-03 16:56:28,757|line:527| 官方 或 预约 OUT！
2025-05-03 16:56:28,757|line:520| https://t.bilibili.com/1051809264294690848
2025-05-03 16:56:32,967|line:527| 官方 或 预约 OUT！
2025-05-03 16:56:32,967|line:520| https://t.bilibili.com/1061850811948072964
2025-05-03 16:56:37,195|line:527| 官方 或 预约 OUT！
2025-05-03 16:56:37,195|line:520| https://t.bilibili.com/1052896286171201536
2025-05-03 16:56:38,424|line:527| 官方 或 预约 OUT！
2025-05-03 16:56:38,424|line:520| https://t.bilibili.com/1035593318931628032
2025-05-03 16:56:39,725|line:527| 官方 或 预约 OUT！
2025-05-03 16:56:39,726|line:520| https://t.bilibili.com/1052189248665419784
2025-05-03 16:56:41,933|line:527| 官方 或 预约 OUT！
2025-05-03 16:56:41,933|line:553| 执行结束
2025-05-03 16:56:41,934|line:559| ==================================================2025-05-04 00:56==================================================
2025-05-03 16:56:41,934|line:233| processing article 41541981
2025-05-03 16:56:45,298|line:508| ==================================================2025-05-04 00:56==================================================
2025-05-03 16:56:45,298|line:520| https://t.bilibili.com/1057901211563327488
2025-05-03 16:56:48,504|line:527| 官方 或 预约 OUT！
2025-05-03 16:56:48,505|line:520| https://t.bilibili.com/1054380562444189712
2025-05-03 16:56:52,715|line:527| 官方 或 预约 OUT！
2025-05-03 16:56:52,715|line:520| https://t.bilibili.com/1056020801838383104
2025-05-03 16:56:53,928|line:527| 官方 或 预约 OUT！
2025-05-03 16:56:53,928|line:520| https://t.bilibili.com/1051809264294690848
2025-05-03 16:56:58,140|line:527| 官方 或 预约 OUT！
2025-05-03 16:56:58,140|line:520| https://t.bilibili.com/1059248847712157698
2025-05-03 16:56:59,417|line:527| 官方 或 预约 OUT！
2025-05-03 16:56:59,417|line:520| https://t.bilibili.com/1061850811948072964
2025-05-03 16:57:01,624|line:527| 官方 或 预约 OUT！
2025-05-03 16:57:01,625|line:520| https://t.bilibili.com/1060087337028943872
2025-05-03 16:57:03,832|line:527| 官方 或 预约 OUT！
2025-05-03 16:57:03,832|line:520| https://t.bilibili.com/1059262939537604614
2025-05-03 16:57:06,041|line:527| 官方 或 预约 OUT！
2025-05-03 16:57:06,041|line:520| https://t.bilibili.com/1062393674340499481
2025-05-03 16:57:08,328|line:527| 官方 或 预约 OUT！
2025-05-03 16:57:08,328|line:520| https://t.bilibili.com/1052896286171201536
2025-05-03 16:57:11,565|line:527| 官方 或 预约 OUT！
2025-05-03 16:57:11,566|line:520| https://t.bilibili.com/1061546002393071624
2025-05-03 16:57:13,775|line:527| 官方 或 预约 OUT！
2025-05-03 16:57:13,775|line:520| https://t.bilibili.com/1052189248665419784
2025-05-03 16:57:17,981|line:527| 官方 或 预约 OUT！
2025-05-03 16:57:17,981|line:520| https://t.bilibili.com/1035593318931628032
2025-05-03 16:57:21,424|line:527| 官方 或 预约 OUT！
2025-05-03 16:57:21,424|line:520| https://t.bilibili.com/1059293773076365330
2025-05-03 16:57:23,825|line:527| 官方 或 预约 OUT！
2025-05-03 16:57:23,826|line:520| https://t.bilibili.com/1059819283787284485
2025-05-03 16:57:25,107|line:527| 官方 或 预约 OUT！
2025-05-03 16:57:25,107|line:520| https://t.bilibili.com/1060376006065389590
2025-05-03 16:57:28,314|line:527| 官方 或 预约 OUT！
2025-05-03 16:57:28,314|line:553| 执行结束
2025-05-03 16:57:28,314|line:559| ==================================================2025-05-04 00:57==================================================
2025-05-03 16:57:28,314|line:233| processing article 41533608
2025-05-03 16:57:32,446|line:508| ==================================================2025-05-04 00:57==================================================
2025-05-03 16:57:32,446|line:520| https://t.bilibili.com/1054380562444189712
2025-05-03 16:57:36,656|line:527| 官方 或 预约 OUT！
2025-05-03 16:57:36,656|line:520| https://t.bilibili.com/1061937538064711687
2025-05-03 16:57:36,656|line:522| 已有
2025-05-03 16:57:36,656|line:520| https://t.bilibili.com/1062041186358788096
2025-05-03 16:57:39,866|line:527| 官方 或 预约 OUT！
2025-05-03 16:57:39,867|line:520| https://t.bilibili.com/1061862805657878537
2025-05-03 16:57:39,867|line:522| 已有
2025-05-03 16:57:39,867|line:520| https://t.bilibili.com/1062017529706184705
2025-05-03 16:57:39,867|line:522| 已有
2025-05-03 16:57:39,867|line:520| https://t.bilibili.com/1056020801838383104
2025-05-03 16:57:42,154|line:527| 官方 或 预约 OUT！
2025-05-03 16:57:42,154|line:520| https://t.bilibili.com/1061910907136770087
2025-05-03 16:57:42,155|line:522| 已有
2025-05-03 16:57:42,155|line:520| https://t.bilibili.com/1062005014157852677
2025-05-03 16:57:42,155|line:522| 已有
2025-05-03 16:57:42,155|line:520| https://t.bilibili.com/1035593318931628032
2025-05-03 16:57:45,365|line:527| 官方 或 预约 OUT！
2025-05-03 16:57:45,366|line:520| https://t.bilibili.com/1061861517154058256
2025-05-03 16:57:45,366|line:522| 已有
2025-05-03 16:57:45,366|line:520| https://t.bilibili.com/1062248852310982659
2025-05-03 16:57:47,579|line:527| 官方 或 预约 OUT！
2025-05-03 16:57:47,579|line:520| https://t.bilibili.com/1062041087582928917
2025-05-03 16:57:47,579|line:522| 已有
2025-05-03 16:57:47,579|line:520| https://t.bilibili.com/1062240228014555152
2025-05-03 16:57:50,790|line:527| 官方 或 预约 OUT！
2025-05-03 16:57:50,790|line:520| https://t.bilibili.com/1057901211563327488
2025-05-03 16:57:55,000|line:527| 官方 或 预约 OUT！
2025-05-03 16:57:55,000|line:520| https://t.bilibili.com/1062004090750369814
2025-05-03 16:57:55,000|line:522| 已有
2025-05-03 16:57:55,001|line:520| https://t.bilibili.com/1061860228656529416
2025-05-03 16:57:55,001|line:522| 已有
2025-05-03 16:57:55,001|line:520| https://t.bilibili.com/1062200510316019747
2025-05-03 16:57:58,215|line:527| 官方 或 预约 OUT！
2025-05-03 16:57:58,215|line:520| https://t.bilibili.com/1062262237590192131
2025-05-03 16:57:58,215|line:522| 已有
2025-05-03 16:57:58,215|line:520| https://t.bilibili.com/1061929405515825152
2025-05-03 16:58:01,424|line:527| 官方 或 预约 OUT！
2025-05-03 16:58:01,424|line:520| https://t.bilibili.com/1061897987861512195
2025-05-03 16:58:03,636|line:527| 官方 或 预约 OUT！
2025-05-03 16:58:03,636|line:520| https://t.bilibili.com/1062324085125545987
2025-05-03 16:58:03,636|line:522| 已有
2025-05-03 16:58:03,636|line:520| https://t.bilibili.com/1061988693266399270
2025-05-03 16:58:04,849|line:527| 官方 或 预约 OUT！
2025-05-03 16:58:04,849|line:520| https://t.bilibili.com/1061863623808253958
2025-05-03 16:58:08,064|line:527| 官方 或 预约 OUT！
2025-05-03 16:58:08,064|line:520| https://t.bilibili.com/1062258722140585984
2025-05-03 16:58:08,065|line:522| 已有
2025-05-03 16:58:08,065|line:520| https://t.bilibili.com/1061844955737096196
2025-05-03 16:58:09,280|line:527| 官方 或 预约 OUT！
2025-05-03 16:58:09,280|line:520| https://t.bilibili.com/1061641243277131796
2025-05-03 16:58:13,574|line:527| 官方 或 预约 OUT！
2025-05-03 16:58:13,574|line:520| https://t.bilibili.com/1061985038237696001
2025-05-03 16:58:16,808|line:527| 官方 或 预约 OUT！
2025-05-03 16:58:16,808|line:553| 执行结束
2025-05-03 16:58:16,808|line:559| ==================================================2025-05-04 00:58==================================================
2025-05-03 16:58:16,808|line:233| processing article 41533348
2025-05-03 16:58:19,025|line:508| ==================================================2025-05-04 00:58==================================================
2025-05-03 16:58:19,025|line:520| https://t.bilibili.com/1058845790840029189
2025-05-03 16:58:23,236|line:527| 官方 或 预约 OUT！
2025-05-03 16:58:23,236|line:520| https://t.bilibili.com/1057901211563327488
2025-05-03 16:58:25,444|line:527| 官方 或 预约 OUT！
2025-05-03 16:58:25,444|line:520| https://t.bilibili.com/1051498334429118472
2025-05-03 16:58:25,445|line:522| 已有
2025-05-03 16:58:25,445|line:520| https://t.bilibili.com/1061246222296154115
2025-05-03 16:58:28,834|line:527| 官方 或 预约 OUT！
2025-05-03 16:58:28,835|line:520| https://t.bilibili.com/1054380562444189712
2025-05-03 16:58:31,046|line:527| 官方 或 预约 OUT！
2025-05-03 16:58:31,047|line:520| https://t.bilibili.com/1056020801838383104
2025-05-03 16:58:34,253|line:527| 官方 或 预约 OUT！
2025-05-03 16:58:34,253|line:520| https://t.bilibili.com/1035593318931628032
2025-05-03 16:58:38,631|line:527| 官方 或 预约 OUT！
2025-05-03 16:58:38,631|line:520| https://t.bilibili.com/1060558447698771970
2025-05-03 16:58:40,009|line:527| 官方 或 预约 OUT！
2025-05-03 16:58:40,010|line:520| https://t.bilibili.com/1061839357274488834
2025-05-03 16:58:44,220|line:527| 官方 或 预约 OUT！
2025-05-03 16:58:44,220|line:553| 执行结束
2025-05-03 16:58:44,220|line:559| ==================================================2025-05-04 00:58==================================================
2025-05-03 16:58:44,220|line:233| processing article 41533318
2025-05-03 16:58:47,219|line:508| ==================================================2025-05-04 00:58==================================================
2025-05-03 16:58:47,219|line:520| https://t.bilibili.com/1060010770623889409
2025-05-03 16:58:51,532|line:527| 官方 或 预约 OUT！
2025-05-03 16:58:51,532|line:520| https://t.bilibili.com/1061246222296154115
2025-05-03 16:58:52,761|line:527| 官方 或 预约 OUT！
2025-05-03 16:58:52,762|line:520| https://t.bilibili.com/1054380562444189712
2025-05-03 16:58:54,027|line:527| 官方 或 预约 OUT！
2025-05-03 16:58:54,027|line:520| https://t.bilibili.com/1061245595221491712
2025-05-03 16:58:57,260|line:527| 官方 或 预约 OUT！
2025-05-03 16:58:57,261|line:520| https://t.bilibili.com/1051498334429118472
2025-05-03 16:58:57,261|line:522| 已有
2025-05-03 16:58:57,261|line:520| https://t.bilibili.com/1060864116203192372
2025-05-03 16:58:58,489|line:527| 官方 或 预约 OUT！
2025-05-03 16:58:58,489|line:520| https://t.bilibili.com/1056020801838383104
2025-05-03 16:59:01,717|line:527| 官方 或 预约 OUT！
2025-05-03 16:59:01,717|line:520| https://t.bilibili.com/1061310509318406148
2025-05-03 16:59:03,946|line:527| 官方 或 预约 OUT！
2025-05-03 16:59:03,946|line:520| https://t.bilibili.com/1035593318931628032
2025-05-03 16:59:06,173|line:527| 官方 或 预约 OUT！
2025-05-03 16:59:06,173|line:520| https://t.bilibili.com/1058590455002824708
2025-05-03 16:59:07,586|line:527| 官方 或 预约 OUT！
2025-05-03 16:59:07,586|line:520| https://t.bilibili.com/1058845790840029189
2025-05-03 16:59:10,817|line:527| 官方 或 预约 OUT！
2025-05-03 16:59:10,818|line:520| https://t.bilibili.com/1057901211563327488
2025-05-03 16:59:15,107|line:527| 官方 或 预约 OUT！
2025-05-03 16:59:15,107|line:520| https://t.bilibili.com/1059728969268461588
2025-05-03 16:59:18,338|line:527| 官方 或 预约 OUT！
2025-05-03 16:59:18,338|line:520| https://t.bilibili.com/1060558447698771970
2025-05-03 16:59:22,567|line:527| 官方 或 预约 OUT！
2025-05-03 16:59:22,567|line:520| https://t.bilibili.com/1059726967802167300
2025-05-03 16:59:24,891|line:527| 官方 或 预约 OUT！
2025-05-03 16:59:24,892|line:520| https://t.bilibili.com/1058938068194557956
2025-05-03 16:59:29,123|line:527| 官方 或 预约 OUT！
2025-05-03 16:59:29,123|line:520| https://t.bilibili.com/1061839357274488834
2025-05-03 16:59:32,347|line:527| 官方 或 预约 OUT！
2025-05-03 16:59:32,347|line:520| https://t.bilibili.com/1059680603603992595
2025-05-03 16:59:33,750|line:527| 官方 或 预约 OUT！
2025-05-03 16:59:33,751|line:520| https://t.bilibili.com/1060008734842945576
2025-05-03 16:59:37,974|line:527| 官方 或 预约 OUT！
2025-05-03 16:59:37,975|line:520| https://t.bilibili.com/1062129233166336004
2025-05-03 16:59:42,204|line:527| 官方 或 预约 OUT！
2025-05-03 16:59:42,204|line:553| 执行结束
2025-05-03 16:59:42,205|line:559| ==================================================2025-05-04 00:59==================================================
2025-05-03 16:59:49,432|line:579| ('reply: ', '好像都是一个人', '你在说什么')
2025-05-03 16:59:49,432|line:579| ('reply: ', '目标咨询', '太宠粉了啊')
2025-05-03 16:59:49,432|line:579| ('reply: ', '数玩工场', '祝你成功')
2025-05-03 16:59:49,433|line:579| ('reply: ', '益家有小佰', '恭喜宝子，获得小电视月度会员1份和克刻冰冰猴喉糖随机口味1份～记得私信小佰提供信息哦~')
2025-05-03 16:59:49,433|line:579| ('reply: ', '圆环之理-Madoka', '是的')
2025-05-03 16:59:49,433|line:579| ('reply: ', '兰的三姨', '这就是银河巨星的实力！')
2025-05-03 16:59:49,433|line:579| ('reply: ', '花园百合铃音', '有男不玩，我只吃麻辣火锅，xxn滚[吃瓜]')
2025-05-03 16:59:49,433|line:579| ('reply: ', '是绝赞的阿鬼', '[tv_难过]')
2025-05-03 16:59:49,433|line:579| ('reply: ', '桃稚不幼稚', '还行')
2025-05-03 16:59:49,433|line:579| ('reply: ', '陌罔子吖', '佬，这个报名有啥条件不。最近太非了，想下次报来抽[脱单doge][脱单doge][脱单doge]')
2025-05-03 16:59:49,433|line:579| ('reply: ', '太二酸菜鱼', '恭喜成为本期欧皇[打call]获得【肥龙联名显眼包】1份，在收到本信息的两天内回复哥的私信哦~逾期哥就自己收啦！[脱单doge]')
2025-05-03 16:59:49,433|line:579| ('reply: ', '得一想二的松鼠', '中奖分我一半')
2025-05-03 16:59:49,434|line:579| ('reply: ', '佑凉Uriyoo', '谢谢！！！[UP_24967030_感恩]')
2025-05-03 16:59:49,434|line:579| ('reply: ', '岛莓祁', '好耶')
2025-05-03 16:59:49,434|line:579| ('reply: ', '苏酥_SUSU_', 'https://b23.tv/3HJcDkm')
2025-05-03 16:59:49,434|line:579| ('reply: ', '心想事成イ', 'I[UP_410636303_比心鸟][UP_410636303_比心鸟][UP_410636303_比心鸟]')
2025-05-03 16:59:49,434|line:579| ('reply: ', 'FWF第五人格娱乐赛', '加油[doge]')
2025-05-03 16:59:49,434|line:579| ('reply: ', '神奇猫咪_有钱哒', '好耶')
2025-05-03 16:59:49,434|line:579| ('reply: ', '星夜染some', '好耶')
2025-05-03 16:59:49,434|line:579| ('reply: ', '羽田依', '[Cat2_Nyampage]')
2025-05-03 16:59:51,678|line:588| ('at: ', 'iKF蓝牙耳机', '恭喜@小小Shaun 宝子成为苏泊尔福利动态幸运儿！\n注意：即日起72小时内回复信息确认领奖哦！逾期将自动视为放弃中奖资格。\n没有中奖的宝子们不要气馁，参与一下下置顶视频iKF Mars，增加欧气值，说不定下个幸运儿就是你！\n链接：\nhttps://www.bilibili.com/video/BV1Soo6YLEHZ/?spm_id_from=333.1387.list.card_archive.click&vd_source=21fb0967ccc75e6b3b2447ade2c740dd\n还没参与抽奖的宝子们，赶紧点击上方链接参与吧！还有特别福利惊喜等你哦~')
2025-05-03 16:59:51,679|line:588| ('at: ', 'wellymerck威利默克', '恭喜@小小Shaun\xa0 获得《我是你的小狗3 永远等你回家》1本，请于5天内联系威宝，凭关注+互动截图领取奖品，逾期作废~')
2025-05-03 16:59:51,679|line:588| ('at: ', '宁美NINGMEI', '恭喜@小小Shaun   中奖，请在12月1日24点前私信我：1. 奖品+中奖信息a. 实物奖：姓名电话地址，给文字！省市区路清晰，提交不清晰不发奖，信息错误致无法签收，概不负责；\n\nb. 现金红包给到支付宝实名+账号；\n\nc. 京东卡/猫超卡 等购物卡给到姓名+电话；2. 宁美和品牌方关注截图+转发截图！\n\n必须关注品牌方，否则奖品不予发放；如遇无法私信图片的情况，等待我回复后即可发送图片。PS： \n\n因后台收信有时会出问题，以回复“已登记”为准，没有回复即表示私信未收到。\n\n过期视为自动放弃，不会补发；奖品30个工作日内发送，勿催哦~\n\n不发全，不回复。其他小伙伴请继续努力！')
2025-05-03 16:59:51,679|line:588| ('at: ', '爱玛电动车官方账号', '#一“玛”当先榜# 快来看看10月都是谁和爱玛酱互动最多呀~ 💕恭喜@小小Shaun 和@甘瑞凯拉莎 排行第一！这两位小玛达将会获得【爱玛随机周边×1】，请5天内私信爱玛酱领奖哟~[鼓掌] 以后也请继续单推我无敌可爱美少女爱玛酱呀嘿嘿！(●´З｀●)')
2025-05-03 16:59:51,679|line:588| ('at: ', '爱玛电动车官方账号', '')
2025-05-03 16:59:51,679|line:588| ('at: ', '海露滴眼液', '互动榜出炉啦')
2025-05-03 16:59:51,679|line:588| ('at: ', '和蔼可亲桃白白', '\u200b//@九号公司:\u200b恭喜@小小Shaun 中奖！后续记得查收私信哟～\u200b//@九号公司:#互动抽奖# 谢谢粒粒的复工礼！小九也来加个码~关注【@微粒贷+@九号公司 】并转发该动态，抽一位小可爱获得【100元京东卡】~ #供电局福利社# 10月31日抽出！')
2025-05-03 16:59:51,679|line:588| ('at: ', '望大家身体健康快乐', '\u200b//@九号公司:\u200b恭喜@小小Shaun 中奖！后续记得查收私信哟～\u200b//@九号公司 :#互动抽奖# 谢谢粒粒的复工礼！小九也来加个码~关注【@微粒贷+@九号公司 】并转发该动态，抽一位小可爱获得【100元京东卡】~ #供电局福利社# 10月31日抽出！')
2025-05-03 16:59:51,679|line:588| ('at: ', 'MoMA_Reona', '//@九号公司:\u200b恭喜@小小Shaun 中奖！后续记得查收私信哟～\u200b//@九号公司:#互动抽奖# 谢谢粒粒的复工礼！小九也来加个码~关注【@微粒贷+@九号公司 】并转发该动态，抽一位小可爱获得【100元京东卡】~ #供电局福利社# 10月31日抽出！')
2025-05-03 16:59:51,679|line:588| ('at: ', '摸鱼二队', '\u200b//@九号公司:\u200b恭喜@小小Shaun 中奖！后续记得查收私信哟～\u200b//@九号公司 :#互动抽奖# 谢谢粒粒的复工礼！小九也来加个码~关注【@微粒贷+@九号公司 】并转发该动态，抽一位小可爱获得【100元京东卡】~ #供电局福利社# 10月31日抽出！')
2025-05-03 16:59:51,680|line:588| ('at: ', '文少嘅一些事一些情', '\u200b//@九号公司:\u200b恭喜@小小Shaun 中奖！后续记得查收私信哟～\u200b//@九号公司 :#互动抽奖# 谢谢粒粒的复工礼！小九也来加个码~关注【@微粒贷+@九号公司 】并转发该动态，抽一位小可爱获得【100元京东卡】~ #供电局福利社# 10月31日抽出！')
2025-05-03 16:59:51,680|line:588| ('at: ', 'Carry队友的嘟嘟酱丶', '\u200b//@九号公司:\u200b恭喜@小小Shaun 中奖！后续记得查收私信哟～\u200b//@九号公司 :#互动抽奖# 谢谢粒粒的复工礼！小九也来加个码~关注【@微粒贷+@九号公司 】并转发该动态，抽一位小可爱获得【100元京东卡】~ #供电局福利社# 10月31日抽出！')
2025-05-03 16:59:51,680|line:588| ('at: ', '蛤蟆zero', '//@九号公司:\u200b恭喜@小小Shaun 中奖！后续记得查收私信哟～\u200b//@九号公司:#互动抽奖# 谢谢粒粒的复工礼！小九也来加个码~关注【@微粒贷+@九号公司 】并转发该动态，抽一位小可爱获得【100元京东卡】~ #供电局福利社# 10月31日抽出！c冲冲冲')
2025-05-03 16:59:51,680|line:588| ('at: ', '木而各子要吃笃栗子', '\u200b//@九号公司:\u200b恭喜@小小Shaun 中奖！后续记得查收私信哟～\u200b//@九号公司 :#互动抽奖# 谢谢粒粒的复工礼！小九也来加个码~关注【@微粒贷+@九号公司 】并转发该动态，抽一位小可爱获得【100元京东卡】~ #供电局福利社# 10月31日抽出！')
2025-05-03 16:59:51,680|line:588| ('at: ', '裙下愚臣情默默', '\u200b//@九号公司:\u200b恭喜@小小Shaun 中奖！后续记得查收私信哟～\u200b//@九号公司 :#互动抽奖# 谢谢粒粒的复工礼！小九也来加个码~关注【@微粒贷+@九号公司 】并转发该动态，抽一位小可爱获得【100元京东卡】~ #供电局福利社# 10月31日抽出！')
2025-05-03 16:59:51,680|line:588| ('at: ', '戊子毕宿', '')
2025-05-03 16:59:51,680|line:588| ('at: ', '九号电动', '\u200b恭喜@小小Shaun 中奖！后续记得查收私信哟～\u200b//@九号公司:#互动抽奖# 谢谢粒粒的复工礼！小九也来加个码~关注【@微粒贷+@九号公司 】并转发该动态，抽一位小可爱获得【100元京东卡】~ #供电局福利社# 10月31日抽出！')
2025-05-03 16:59:51,680|line:588| ('at: ', '优雅小宝', '')
2025-05-03 16:59:51,680|line:588| ('at: ', '我永远只爱一色彩羽', '//@九号公司:恭喜@小小Shaun 中奖！后续记得查收私信哟～\u200b//@九号公司:今晚8点，京东11.11现货开卖，抢先优惠不用等，全场直降，更有60元额外补贴助你大薅特薅！京东双十一，带你体验“飞”一般的购物速度！关注@京东戏精周报 x@九号公司 ，转发+评论本条动态，10月21日小编会抽取1名幸运粉丝送上【50元京东E卡】#京东11.11又便宜又好# #京东11.11现货开卖#')
2025-05-03 16:59:51,681|line:588| ('at: ', '戊子毕宿', '')
