2025-10-01 16:34:39,055|line:233| processing article 43229065
2025-10-01 16:34:43,982|line:508| ==================================================2025-10-02 00:34==================================================
2025-10-01 16:34:43,982|line:520| https://t.bilibili.com/1118738220690964513
2025-10-01 16:34:46,391|line:527| 官方 或 预约 OUT！
2025-10-01 16:34:46,391|line:520| https://t.bilibili.com/1118651722225418295
2025-10-01 16:34:47,747|line:342| =========此为源动态=========
2025-10-01 16:34:50,291|line:363| *********子动态开始*********
2025-10-01 16:34:50,292|line:382| *********子动态结束*********
2025-10-01 16:34:50,292|line:538| -=-=-=-=处理回最初的动态-=-=-=-=
2025-10-01 16:34:58,613|line:476| 转发成功 1118830811641020437
2025-10-01 16:35:02,104|line:495| 评论发送成功
2025-10-01 16:35:05,769|line:425| 561722366 === 已经关注了
2025-10-01 16:35:09,264|line:504| 动态-点赞 0
2025-10-01 16:35:12,264|line:520| https://t.bilibili.com/1118401551118893060
2025-10-01 16:35:15,612|line:527| 官方 或 预约 OUT！
2025-10-01 16:35:15,613|line:520| https://t.bilibili.com/1113515570556305417
2025-10-01 16:35:18,984|line:527| 官方 或 预约 OUT！
2025-10-01 16:35:18,984|line:520| https://t.bilibili.com/1118637808676765700
2025-10-01 16:35:21,337|line:527| 官方 或 预约 OUT！
2025-10-01 16:35:21,337|line:520| https://t.bilibili.com/1118593106627788824
2025-10-01 16:35:23,932|line:527| 官方 或 预约 OUT！
2025-10-01 16:35:23,933|line:520| https://t.bilibili.com/1118613172733870086
2025-10-01 16:35:25,303|line:527| 官方 或 预约 OUT！
2025-10-01 16:35:25,303|line:520| https://t.bilibili.com/1118732897086341144
2025-10-01 16:35:26,682|line:342| =========此为源动态=========
2025-10-01 16:35:31,372|line:363| *********子动态开始*********
2025-10-01 16:35:31,373|line:382| *********子动态结束*********
2025-10-01 16:35:31,373|line:538| -=-=-=-=处理回最初的动态-=-=-=-=
2025-10-01 16:35:38,711|line:476| 转发成功 1118830983380992052
2025-10-01 16:35:42,159|line:495| 评论发送成功
2025-10-01 16:35:45,754|line:425| 397287828 === 已经关注了
2025-10-01 16:35:49,144|line:504| 动态-点赞 0
2025-10-01 16:35:51,145|line:520| https://t.bilibili.com/1118400163844456486
2025-10-01 16:35:52,620|line:342| =========此为源动态=========
2025-10-01 16:35:54,144|line:363| *********子动态开始*********
2025-10-01 16:35:54,144|line:382| *********子动态结束*********
2025-10-01 16:35:54,145|line:538| -=-=-=-=处理回最初的动态-=-=-=-=
2025-10-01 16:36:00,554|line:476| 转发成功 1118831077901729808
2025-10-01 16:36:03,985|line:495| 评论发送成功
2025-10-01 16:36:08,620|line:425| 3494361474009190 === 已经关注了
2025-10-01 16:36:12,011|line:504| 动态-点赞 0
2025-10-01 16:36:16,011|line:520| https://t.bilibili.com/1118574412785778711
2025-10-01 16:36:19,381|line:342| =========此为源动态=========
2025-10-01 16:36:20,970|line:363| *********子动态开始*********
2025-10-01 16:36:20,970|line:382| *********子动态结束*********
2025-10-01 16:36:20,970|line:538| -=-=-=-=处理回最初的动态-=-=-=-=
2025-10-01 16:36:29,183|line:476| 转发成功 1118831202471510018
2025-10-01 16:36:32,634|line:495| 评论发送成功
2025-10-01 16:36:35,091|line:425| 2124352378 === 已经关注了
2025-10-01 16:36:38,495|line:504| 动态-点赞 0
2025-10-01 16:36:42,496|line:520| https://t.bilibili.com/1118678370355249153
2025-10-01 16:36:44,807|line:337| =========此为子动态=========
2025-10-01 16:36:46,267|line:388| *************原动态处理开始***************
2025-10-01 16:36:54,214|line:476| 转发成功 1118831309862469636
2025-10-01 16:36:57,675|line:495| 评论发送成功
2025-10-01 16:37:00,130|line:425| 622557681 === 已经关注了
2025-10-01 16:37:03,511|line:504| 动态-点赞 0
2025-10-01 16:37:03,511|line:397| *************原动态处理完成***************
2025-10-01 16:37:06,117|line:363| *********子动态开始*********
2025-10-01 16:37:17,714|line:476| 转发成功 1118831408585900034
2025-10-01 16:37:21,121|line:495| 评论发送成功
2025-10-01 16:37:24,876|line:425| 505670427 === 已经关注了
2025-10-01 16:37:24,876|line:377| ----完成一个子动态----
2025-10-01 16:37:34,263|line:476| 转发成功 1118831481641238534
2025-10-01 16:37:37,720|line:495| 评论发送成功
2025-10-01 16:37:45,565|line:425| 88751999 === 已经关注了
2025-10-01 16:37:45,566|line:377| ----完成一个子动态----
2025-10-01 16:37:54,959|line:476| 转发成功 1118831567542681601
2025-10-01 16:37:58,427|line:495| 评论发送成功
2025-10-01 16:38:04,321|line:425| 1563299793 === 已经关注了
2025-10-01 16:38:04,321|line:377| ----完成一个子动态----
2025-10-01 16:38:14,605|line:476| 转发成功 1118831653406375940
2025-10-01 16:38:18,024|line:495| 评论发送成功
2025-10-01 16:38:22,753|line:425| 386055742 === 已经关注了
2025-10-01 16:38:22,753|line:377| ----完成一个子动态----
2025-10-01 16:38:22,753|line:382| *********子动态结束*********
2025-10-01 16:38:25,754|line:520| https://t.bilibili.com/1118608267870732289
2025-10-01 16:38:30,319|line:527| 官方 或 预约 OUT！
2025-10-01 16:38:30,319|line:520| https://t.bilibili.com/1118289027283288103
2025-10-01 16:38:31,671|line:342| =========此为源动态=========
2025-10-01 16:38:36,429|line:363| *********子动态开始*********
2025-10-01 16:38:36,429|line:382| *********子动态结束*********
2025-10-01 16:38:36,430|line:538| -=-=-=-=处理回最初的动态-=-=-=-=
2025-10-01 16:38:42,689|line:476| 转发成功 1118831773679091714
2025-10-01 16:38:46,201|line:495| 评论发送成功
2025-10-01 16:38:50,848|line:425| 92337361 === 已经关注了
2025-10-01 16:38:54,226|line:504| 动态-点赞 0
2025-10-01 16:38:55,226|line:520| https://t.bilibili.com/1118620798475567104
2025-10-01 16:38:59,594|line:342| =========此为源动态=========
2025-10-01 16:39:04,168|line:363| *********子动态开始*********
2025-10-01 16:39:04,168|line:382| *********子动态结束*********
2025-10-01 16:39:04,168|line:538| -=-=-=-=处理回最初的动态-=-=-=-=
2025-10-01 16:39:13,517|line:476| 转发成功 1118831906843000839
2025-10-01 16:39:17,045|line:495| 评论发送成功
2025-10-01 16:39:20,552|line:425| 2038413965 === 已经关注了
2025-10-01 16:39:24,083|line:504| 动态-点赞 0
2025-10-01 16:39:27,083|line:520| https://t.bilibili.com/1118717729398849553
2025-10-01 16:39:29,433|line:527| 官方 或 预约 OUT！
2025-10-01 16:39:29,433|line:520| https://t.bilibili.com/1118731546356875285
2025-10-01 16:39:32,816|line:527| 官方 或 预约 OUT！
2025-10-01 16:39:32,817|line:520| https://t.bilibili.com/1118663372303237124
2025-10-01 16:39:32,817|line:522| 已有
2025-10-01 16:39:32,817|line:520| https://t.bilibili.com/1118605336579670034
2025-10-01 16:39:35,196|line:342| =========此为源动态=========
2025-10-01 16:39:37,741|line:363| *********子动态开始*********
2025-10-01 16:39:37,741|line:382| *********子动态结束*********
2025-10-01 16:39:37,741|line:538| -=-=-=-=处理回最初的动态-=-=-=-=
2025-10-01 16:39:45,127|line:476| 转发成功 1118832039961821203
2025-10-01 16:39:48,578|line:495| 评论发送成功
2025-10-01 16:39:49,956|line:425| 3546590228777012 === 已经关注了
2025-10-01 16:39:53,331|line:504| 动态-点赞 0
2025-10-01 16:39:56,331|line:520| https://t.bilibili.com/1118346279154352130
2025-10-01 16:39:56,331|line:522| 已有
2025-10-01 16:39:56,332|line:520| https://t.bilibili.com/1118626083422339074
2025-10-01 16:39:58,630|line:342| =========此为源动态=========
2025-10-01 16:40:02,215|line:363| *********子动态开始*********
2025-10-01 16:40:02,215|line:382| *********子动态结束*********
2025-10-01 16:40:02,215|line:538| -=-=-=-=处理回最初的动态-=-=-=-=
2025-10-01 16:40:10,576|line:476| 转发成功 1118832151667671047
2025-10-01 16:40:14,069|line:495| 评论发送成功
2025-10-01 16:40:16,708|line:425| 520816683 === 已经关注了
2025-10-01 16:40:20,086|line:504| 动态-点赞 0
2025-10-01 16:40:24,087|line:520| https://t.bilibili.com/1118459322739720201
2025-10-01 16:40:26,395|line:342| =========此为源动态=========
2025-10-01 16:40:29,749|line:363| *********子动态开始*********
2025-10-01 16:40:29,749|line:382| *********子动态结束*********
2025-10-01 16:40:29,750|line:538| -=-=-=-=处理回最初的动态-=-=-=-=
2025-10-01 16:40:40,114|line:476| 转发成功 1118832276230111248
2025-10-01 16:40:43,763|line:495| 评论发送成功
2025-10-01 16:40:45,237|line:425| 1323620 === 已经关注了
2025-10-01 16:40:48,644|line:504| 动态-点赞 0
2025-10-01 16:40:52,644|line:520| https://t.bilibili.com/1118251858637357091
2025-10-01 16:40:57,100|line:527| 官方 或 预约 OUT！
2025-10-01 16:40:57,100|line:520| https://t.bilibili.com/1118609947242790933
2025-10-01 16:40:58,464|line:342| =========此为源动态=========
2025-10-01 16:41:03,030|line:363| *********子动态开始*********
2025-10-01 16:41:03,030|line:382| *********子动态结束*********
2025-10-01 16:41:03,031|line:538| -=-=-=-=处理回最初的动态-=-=-=-=
2025-10-01 16:41:14,333|line:476| 转发成功 1118832426541383683
2025-10-01 16:41:17,781|line:495| 评论发送成功
2025-10-01 16:41:19,234|line:425| 873668 === 已经关注了
2025-10-01 16:41:22,648|line:504| 动态-点赞 0
2025-10-01 16:41:26,649|line:520| https://t.bilibili.com/1118692307495813126
2025-10-01 16:41:26,649|line:522| 已有
2025-10-01 16:41:26,649|line:520| https://t.bilibili.com/1118319291770339351
2025-10-01 16:41:30,961|line:342| =========此为源动态=========
2025-10-01 16:41:35,562|line:363| *********子动态开始*********
2025-10-01 16:41:35,562|line:382| *********子动态结束*********
2025-10-01 16:41:35,563|line:538| -=-=-=-=处理回最初的动态-=-=-=-=
2025-10-01 16:41:43,156|line:476| 转发成功 1118832546788933648
2025-10-01 16:41:46,596|line:495| 评论发送成功
2025-10-01 16:41:47,990|line:425| 238623328 === 已经关注了
2025-10-01 16:41:51,327|line:504| 动态-点赞 0
2025-10-01 16:41:53,328|line:520| https://t.bilibili.com/1118383963236204550
2025-10-01 16:41:57,728|line:342| =========此为源动态=========
2025-10-01 16:42:02,363|line:363| *********子动态开始*********
2025-10-01 16:42:02,363|line:382| *********子动态结束*********
2025-10-01 16:42:02,364|line:538| -=-=-=-=处理回最初的动态-=-=-=-=
2025-10-01 16:42:09,674|line:476| 转发成功 1118832662744662016
2025-10-01 16:42:13,132|line:495| 评论发送成功
2025-10-01 16:42:15,517|line:425| 238623328 === 已经关注了
2025-10-01 16:42:19,084|line:504| 动态-点赞 0
2025-10-01 16:42:23,085|line:520| https://t.bilibili.com/1118623420539469843
2025-10-01 16:42:25,483|line:527| 官方 或 预约 OUT！
2025-10-01 16:42:25,483|line:520| https://t.bilibili.com/1118605336585961481
2025-10-01 16:42:29,903|line:342| =========此为源动态=========
2025-10-01 16:42:34,319|line:363| *********子动态开始*********
2025-10-01 16:42:34,319|line:382| *********子动态结束*********
2025-10-01 16:42:34,319|line:538| -=-=-=-=处理回最初的动态-=-=-=-=
2025-10-01 16:42:43,659|line:476| 转发成功 1118832808776695828
2025-10-01 16:42:47,124|line:495| 评论发送成功
2025-10-01 16:42:48,590|line:425| 429643625 === 已经关注了
2025-10-01 16:42:52,228|line:504| 动态-点赞 0
2025-10-01 16:42:54,229|line:520| https://t.bilibili.com/1118404244037173273
2025-10-01 16:42:57,583|line:527| 官方 或 预约 OUT！
2025-10-01 16:42:57,584|line:520| https://t.bilibili.com/1118411098819657737
2025-10-01 16:42:59,946|line:342| =========此为源动态=========
2025-10-01 16:43:02,469|line:363| *********子动态开始*********
2025-10-01 16:43:02,469|line:382| *********子动态结束*********
2025-10-01 16:43:02,469|line:538| -=-=-=-=处理回最初的动态-=-=-=-=
2025-10-01 16:43:09,010|line:476| 转发成功 1118832916140392450
2025-10-01 16:43:12,495|line:495| 评论发送成功
2025-10-01 16:43:14,948|line:425| 2072586344 === 已经关注了
2025-10-01 16:43:18,348|line:504| 动态-点赞 0
2025-10-01 16:43:22,349|line:520| https://t.bilibili.com/1118627599499657253
2025-10-01 16:43:26,710|line:342| =========此为源动态=========
2025-10-01 16:43:31,264|line:363| *********子动态开始*********
2025-10-01 16:43:31,264|line:382| *********子动态结束*********
2025-10-01 16:43:31,264|line:538| -=-=-=-=处理回最初的动态-=-=-=-=
2025-10-01 16:43:40,736|line:476| 转发成功 1118833053563617287
2025-10-01 16:43:44,219|line:495| 评论发送成功
2025-10-01 16:43:45,680|line:425| 125086406 === 已经关注了
2025-10-01 16:43:49,055|line:504| 动态-点赞 0
2025-10-01 16:43:52,056|line:520| https://t.bilibili.com/1118347395897229314
2025-10-01 16:43:54,547|line:337| =========此为子动态=========
2025-10-01 16:43:59,009|line:401| *************原动态已存在***************
2025-10-01 16:44:00,691|line:363| *********子动态开始*********
2025-10-01 16:44:07,018|line:476| 转发成功 1118833165236961304
2025-10-01 16:44:10,447|line:495| 评论发送成功
2025-10-01 16:44:16,288|line:425| 212395881 === 已经关注了
2025-10-01 16:44:16,289|line:377| ----完成一个子动态----
2025-10-01 16:44:24,849|line:476| 转发成功 1118833242573635587
2025-10-01 16:44:28,294|line:495| 评论发送成功
2025-10-01 16:44:34,044|line:425| 2091407755 === 已经关注了
2025-10-01 16:44:34,044|line:377| ----完成一个子动态----
2025-10-01 16:44:41,302|line:476| 转发成功 1118833315591225353
2025-10-01 16:44:44,700|line:495| 评论发送成功
2025-10-01 16:44:50,519|line:425| 505670427 === 已经关注了
2025-10-01 16:44:50,519|line:377| ----完成一个子动态----
2025-10-01 16:44:59,846|line:476| 转发成功 1118833392887005190
2025-10-01 16:45:03,297|line:495| 评论发送成功
2025-10-01 16:45:09,057|line:425| 26916676 === 已经关注了
2025-10-01 16:45:09,058|line:377| ----完成一个子动态----
2025-10-01 16:45:19,497|line:476| 转发成功 1118833478784253961
2025-10-01 16:45:22,890|line:495| 评论发送成功
2025-10-01 16:45:30,680|line:425| 388684610 === 已经关注了
2025-10-01 16:45:30,681|line:377| ----完成一个子动态----
2025-10-01 16:45:30,681|line:382| *********子动态结束*********
2025-10-01 16:45:34,682|line:520| https://t.bilibili.com/1118348619933548551
2025-10-01 16:45:34,682|line:522| 已有
2025-10-01 16:45:34,682|line:520| https://t.bilibili.com/1118407418018004994
2025-10-01 16:45:39,292|line:527| 官方 或 预约 OUT！
2025-10-01 16:45:39,293|line:520| https://t.bilibili.com/1118729031597948976
2025-10-01 16:45:42,678|line:342| =========此为源动态=========
2025-10-01 16:45:46,213|line:363| *********子动态开始*********
2025-10-01 16:45:46,214|line:382| *********子动态结束*********
2025-10-01 16:45:46,214|line:538| -=-=-=-=处理回最初的动态-=-=-=-=
2025-10-01 16:45:53,550|line:476| 转发成功 1118833624813142019
2025-10-01 16:45:56,996|line:495| 评论发送成功
2025-10-01 16:46:01,629|line:425| 3850213 === 已经关注了
2025-10-01 16:46:04,954|line:504| 动态-点赞 0
2025-10-01 16:46:05,955|line:520| https://t.bilibili.com/1118349070905114646
2025-10-01 16:46:05,955|line:522| 已有
2025-10-01 16:46:05,955|line:520| https://t.bilibili.com/1118412924168175624
2025-10-01 16:46:09,320|line:342| =========此为源动态=========
2025-10-01 16:46:10,695|line:363| *********子动态开始*********
2025-10-01 16:46:10,696|line:382| *********子动态结束*********
2025-10-01 16:46:10,696|line:538| -=-=-=-=处理回最初的动态-=-=-=-=
2025-10-01 16:46:20,166|line:476| 转发成功 1118833736505360417
2025-10-01 16:46:23,549|line:549| 'NoneType' object is not subscriptable
2025-10-01 16:46:23,549|line:550| error line:542
2025-10-01 16:46:25,550|line:520| https://t.bilibili.com/1118607913568436226
2025-10-01 16:46:28,920|line:342| =========此为源动态=========
2025-10-01 16:46:31,644|line:363| *********子动态开始*********
2025-10-01 16:46:31,645|line:382| *********子动态结束*********
2025-10-01 16:46:31,645|line:538| -=-=-=-=处理回最初的动态-=-=-=-=
2025-10-01 16:46:42,209|line:476| 转发成功 1118833835293802500
2025-10-01 16:46:45,689|line:495| 评论发送成功
2025-10-01 16:46:48,135|line:425| 436170053 === 已经关注了
2025-10-01 16:46:51,527|line:504| 动态-点赞 0
2025-10-01 16:46:52,528|line:520| https://t.bilibili.com/1118620839267270688
2025-10-01 16:46:53,908|line:342| =========此为源动态=========
2025-10-01 16:46:57,251|line:363| *********子动态开始*********
2025-10-01 16:46:57,251|line:382| *********子动态结束*********
2025-10-01 16:46:57,252|line:538| -=-=-=-=处理回最初的动态-=-=-=-=
2025-10-01 16:47:05,394|line:476| 转发成功 1118833934026670087
2025-10-01 16:47:08,889|line:495| 评论发送成功
2025-10-01 16:47:12,269|line:425| 108766164 === 已经关注了
2025-10-01 16:47:15,598|line:504| 动态-点赞 0
2025-10-01 16:47:17,598|line:520| https://t.bilibili.com/1116120906280730627
2025-10-01 16:47:22,005|line:527| 官方 或 预约 OUT！
2025-10-01 16:47:22,006|line:520| https://t.bilibili.com/1118442147170746389
2025-10-01 16:47:23,373|line:527| 官方 或 预约 OUT！
2025-10-01 16:47:23,373|line:520| https://t.bilibili.com/1118293567070011428
2025-10-01 16:47:27,718|line:342| =========此为源动态=========
2025-10-01 16:47:30,245|line:363| *********子动态开始*********
2025-10-01 16:47:30,245|line:382| *********子动态结束*********
2025-10-01 16:47:30,245|line:538| -=-=-=-=处理回最初的动态-=-=-=-=
2025-10-01 16:47:39,560|line:476| 转发成功 1118834080073383952
2025-10-01 16:47:43,068|line:495| 评论发送成功
2025-10-01 16:47:47,510|line:425| 473519710 === 已经关注了
2025-10-01 16:47:50,960|line:504| 动态-点赞 0
2025-10-01 16:47:52,960|line:520| https://t.bilibili.com/1118313766288621569
2025-10-01 16:47:56,316|line:342| =========此为源动态=========
2025-10-01 16:47:57,908|line:363| *********子动态开始*********
2025-10-01 16:47:57,909|line:382| *********子动态结束*********
2025-10-01 16:47:57,909|line:538| -=-=-=-=处理回最初的动态-=-=-=-=
2025-10-01 16:48:07,200|line:476| 转发成功 1118834200336662536
2025-10-01 16:48:10,611|line:495| 评论发送成功
2025-10-01 16:48:11,986|line:425| 10401635 === 已经关注了
2025-10-01 16:48:15,347|line:504| 动态-点赞 0
2025-10-01 16:48:18,347|line:520| https://t.bilibili.com/1118718442396975107
2025-10-01 16:48:19,697|line:342| =========此为源动态=========
2025-10-01 16:48:23,285|line:363| *********子动态开始*********
2025-10-01 16:48:23,285|line:382| *********子动态结束*********
2025-10-01 16:48:23,286|line:538| -=-=-=-=处理回最初的动态-=-=-=-=
2025-10-01 16:48:31,509|line:476| 转发成功 1118834303403294742
2025-10-01 16:48:35,029|line:495| 评论发送成功
2025-10-01 16:48:38,485|line:425| 1010203255 === 已经关注了
2025-10-01 16:48:41,924|line:504| 动态-点赞 0
2025-10-01 16:48:44,924|line:520| https://t.bilibili.com/1118313757700784128
2025-10-01 16:48:47,230|line:342| =========此为源动态=========
2025-10-01 16:48:48,766|line:363| *********子动态开始*********
2025-10-01 16:48:48,767|line:382| *********子动态结束*********
2025-10-01 16:48:48,767|line:538| -=-=-=-=处理回最初的动态-=-=-=-=
2025-10-01 16:49:01,182|line:476| 转发成功 1118834432271187969
2025-10-01 16:49:04,590|line:495| 评论发送成功
2025-10-01 16:49:06,055|line:425| 238623328 === 已经关注了
2025-10-01 16:49:09,397|line:504| 动态-点赞 0
2025-10-01 16:49:10,397|line:520| https://t.bilibili.com/1107149179155644417
2025-10-01 16:49:14,701|line:527| 官方 或 预约 OUT！
2025-10-01 16:49:14,702|line:520| https://t.bilibili.com/1118636447149064195
2025-10-01 16:49:18,000|line:527| 官方 或 预约 OUT！
2025-10-01 16:49:18,000|line:520| https://t.bilibili.com/1118605594243104817
2025-10-01 16:49:21,432|line:342| =========此为源动态=========
2025-10-01 16:49:23,852|line:363| *********子动态开始*********
2025-10-01 16:49:23,852|line:382| *********子动态结束*********
2025-10-01 16:49:23,853|line:538| -=-=-=-=处理回最初的动态-=-=-=-=
2025-10-01 16:49:31,134|line:476| 转发成功 1118834556853551136
2025-10-01 16:49:34,602|line:495| 评论发送成功
2025-10-01 16:49:36,071|line:425| 587272348 === 已经关注了
2025-10-01 16:49:39,479|line:504| 动态-点赞 0
2025-10-01 16:49:41,479|line:520| https://t.bilibili.com/1118589874704744448
2025-10-01 16:49:42,850|line:342| =========此为源动态=========
2025-10-01 16:49:46,439|line:363| *********子动态开始*********
2025-10-01 16:49:46,439|line:382| *********子动态结束*********
2025-10-01 16:49:46,440|line:538| -=-=-=-=处理回最初的动态-=-=-=-=
2025-10-01 16:49:56,673|line:476| 转发成功 1118834668475514888
2025-10-01 16:50:00,230|line:495| 评论发送成功
2025-10-01 16:50:02,708|line:425| 2072586344 === 已经关注了
2025-10-01 16:50:06,042|line:504| 动态-点赞 0
2025-10-01 16:50:10,043|line:520| https://t.bilibili.com/1117328805726257160
2025-10-01 16:50:11,414|line:342| =========此为源动态=========
2025-10-01 16:50:15,813|line:363| *********子动态开始*********
2025-10-01 16:50:15,814|line:382| *********子动态结束*********
2025-10-01 16:50:15,814|line:538| -=-=-=-=处理回最初的动态-=-=-=-=
2025-10-01 16:50:22,991|line:476| 转发成功 1118834780157247495
2025-10-01 16:50:26,482|line:495| 评论发送成功
2025-10-01 16:50:33,223|line:437| 关注 ==== 5636332 0
2025-10-01 16:50:36,540|line:504| 动态-点赞 0
2025-10-01 16:50:39,540|line:520| https://t.bilibili.com/1118595129552142345
2025-10-01 16:50:43,977|line:527| 官方 或 预约 OUT！
2025-10-01 16:50:43,977|line:520| https://t.bilibili.com/1118574412791021576
2025-10-01 16:50:46,332|line:342| =========此为源动态=========
2025-10-01 16:50:49,752|line:363| *********子动态开始*********
2025-10-01 16:50:49,753|line:382| *********子动态结束*********
2025-10-01 16:50:49,753|line:538| -=-=-=-=处理回最初的动态-=-=-=-=
2025-10-01 16:50:56,205|line:476| 转发成功 1118834926190329861
2025-10-01 16:50:59,687|line:495| 评论发送成功
2025-10-01 16:51:01,129|line:425| 1813205998 === 已经关注了
2025-10-01 16:51:04,519|line:504| 动态-点赞 0
2025-10-01 16:51:06,520|line:520| https://t.bilibili.com/1118337315604791298
2025-10-01 16:51:08,843|line:342| =========此为源动态=========
2025-10-01 16:51:10,384|line:363| *********子动态开始*********
2025-10-01 16:51:10,385|line:382| *********子动态结束*********
2025-10-01 16:51:10,385|line:538| -=-=-=-=处理回最初的动态-=-=-=-=
2025-10-01 16:51:18,685|line:476| 转发成功 1118835020711067652
2025-10-01 16:51:22,210|line:495| 评论发送成功
2025-10-01 16:51:29,052|line:437| 关注 ==== 434624234 0
2025-10-01 16:51:32,452|line:504| 动态-点赞 0
2025-10-01 16:51:34,453|line:520| https://t.bilibili.com/1118366336639041552
2025-10-01 16:51:37,815|line:342| =========此为源动态=========
2025-10-01 16:51:40,406|line:363| *********子动态开始*********
2025-10-01 16:51:40,406|line:382| *********子动态结束*********
2025-10-01 16:51:40,406|line:538| -=-=-=-=处理回最初的动态-=-=-=-=
2025-10-01 16:51:49,747|line:476| 转发成功 1118835153849810949
2025-10-01 16:51:53,203|line:495| 评论发送成功
2025-10-01 16:51:55,652|line:425| 696523981 === 已经关注了
2025-10-01 16:51:59,064|line:504| 动态-点赞 0
2025-10-01 16:52:02,064|line:520| https://t.bilibili.com/1118636260350492675
2025-10-01 16:52:03,447|line:342| =========此为源动态=========
2025-10-01 16:52:05,976|line:363| *********子动态开始*********
2025-10-01 16:52:05,976|line:382| *********子动态结束*********
2025-10-01 16:52:05,977|line:538| -=-=-=-=处理回最初的动态-=-=-=-=
2025-10-01 16:52:17,178|line:476| 转发成功 1118835274077437953
2025-10-01 16:52:20,691|line:495| 评论发送成功
2025-10-01 16:52:24,113|line:425| 256497773 === 已经关注了
2025-10-01 16:52:27,518|line:504| 动态-点赞 0
2025-10-01 16:52:30,518|line:520| https://t.bilibili.com/1118327022690500609
2025-10-01 16:52:34,079|line:342| =========此为源动态=========
2025-10-01 16:52:38,442|line:363| *********子动态开始*********
2025-10-01 16:52:38,442|line:382| *********子动态结束*********
2025-10-01 16:52:38,442|line:538| -=-=-=-=处理回最初的动态-=-=-=-=
2025-10-01 16:52:46,721|line:476| 转发成功 1118835398607372310
2025-10-01 16:52:50,183|line:495| 评论发送成功
2025-10-01 16:52:51,647|line:425| 489004577 === 已经关注了
2025-10-01 16:52:55,030|line:504| 动态-点赞 0
2025-10-01 16:52:59,030|line:520| https://t.bilibili.com/1118404332114411526
2025-10-01 16:53:03,418|line:342| =========此为源动态=========
2025-10-01 16:53:06,851|line:363| *********子动态开始*********
2025-10-01 16:53:06,852|line:382| *********子动态结束*********
2025-10-01 16:53:06,852|line:538| -=-=-=-=处理回最初的动态-=-=-=-=
2025-10-01 16:53:16,293|line:476| 转发成功 1118835527475265538
2025-10-01 16:53:19,736|line:495| 评论发送成功
2025-10-01 16:53:22,129|line:425| 232472043 === 已经关注了
2025-10-01 16:53:25,525|line:504| 动态-点赞 0
2025-10-01 16:53:28,525|line:520| https://t.bilibili.com/1118574412814090243
2025-10-01 16:53:32,930|line:342| =========此为源动态=========
2025-10-01 16:53:37,347|line:363| *********子动态开始*********
2025-10-01 16:53:37,347|line:382| *********子动态结束*********
2025-10-01 16:53:37,347|line:538| -=-=-=-=处理回最初的动态-=-=-=-=
2025-10-01 16:53:45,714|line:476| 转发成功 1118835652066017284
2025-10-01 16:53:49,177|line:495| 评论发送成功
2025-10-01 16:53:51,635|line:425| 1813205998 === 已经关注了
2025-10-01 16:53:55,036|line:504| 动态-点赞 0
2025-10-01 16:53:58,036|line:520| https://t.bilibili.com/1118476055887216643
2025-10-01 16:54:00,587|line:527| 官方 或 预约 OUT！
2025-10-01 16:54:00,587|line:520| https://t.bilibili.com/1118425143394172928
2025-10-01 16:54:03,893|line:527| 官方 或 预约 OUT！
2025-10-01 16:54:03,893|line:520| https://t.bilibili.com/1118616393935224889
2025-10-01 16:54:03,893|line:522| 已有
2025-10-01 16:54:03,893|line:520| https://t.bilibili.com/1118605594277707798
2025-10-01 16:54:08,310|line:342| =========此为源动态=========
2025-10-01 16:54:10,887|line:363| *********子动态开始*********
2025-10-01 16:54:10,888|line:382| *********子动态结束*********
2025-10-01 16:54:10,888|line:538| -=-=-=-=处理回最初的动态-=-=-=-=
2025-10-01 16:54:20,227|line:476| 转发成功 1118835802339540999
2025-10-01 16:54:23,870|line:495| 评论发送成功
2025-10-01 16:54:25,266|line:425| 409005847 === 已经关注了
2025-10-01 16:54:28,599|line:504| 动态-点赞 0
2025-10-01 16:54:30,600|line:520| https://t.bilibili.com/1118666786786508817
2025-10-01 16:54:32,988|line:527| 官方 或 预约 OUT！
2025-10-01 16:54:32,988|line:520| https://t.bilibili.com/1118348177534091284
2025-10-01 16:54:32,988|line:522| 已有
2025-10-01 16:54:32,988|line:520| https://t.bilibili.com/1118613335932141576
2025-10-01 16:54:36,368|line:342| =========此为源动态=========
2025-10-01 16:54:38,804|line:363| *********子动态开始*********
2025-10-01 16:54:38,804|line:382| *********子动态结束*********
2025-10-01 16:54:38,805|line:538| -=-=-=-=处理回最初的动态-=-=-=-=
2025-10-01 16:54:50,162|line:476| 转发成功 1118835931208482817
2025-10-01 16:54:53,654|line:495| 评论发送成功
2025-10-01 16:54:58,324|line:425| 297991412 === 已经关注了
2025-10-01 16:55:01,850|line:504| 动态-点赞 0
2025-10-01 16:55:02,850|line:520| https://t.bilibili.com/1117605375811518473
2025-10-01 16:55:06,224|line:527| 官方 或 预约 OUT！
2025-10-01 16:55:06,224|line:520| https://t.bilibili.com/1118620798459838482
2025-10-01 16:55:09,847|line:342| =========此为源动态=========
2025-10-01 16:55:14,373|line:363| *********子动态开始*********
2025-10-01 16:55:14,374|line:382| *********子动态结束*********
2025-10-01 16:55:14,374|line:538| -=-=-=-=处理回最初的动态-=-=-=-=
2025-10-01 16:55:23,711|line:476| 转发成功 1118836072972812292
2025-10-01 16:55:27,203|line:495| 评论发送成功
2025-10-01 16:55:28,662|line:425| 179236818 === 已经关注了
2025-10-01 16:55:32,063|line:504| 动态-点赞 0
2025-10-01 16:55:35,064|line:520| https://t.bilibili.com/1118346171781218326
2025-10-01 16:55:39,378|line:337| =========此为子动态=========
2025-10-01 16:55:43,767|line:401| *************原动态已存在***************
2025-10-01 16:55:47,303|line:363| *********子动态开始*********
2025-10-01 16:55:58,648|line:476| 转发成功 1118836223272550418
2025-10-01 16:56:02,126|line:495| 评论发送成功
2025-10-01 16:56:09,972|line:425| 212395881 === 已经关注了
2025-10-01 16:56:09,972|line:377| ----完成一个子动态----
2025-10-01 16:56:09,973|line:382| *********子动态结束*********
2025-10-01 16:56:10,974|line:520| https://t.bilibili.com/1117959654827098115
2025-10-01 16:56:14,409|line:342| =========此为源动态=========
2025-10-01 16:56:15,946|line:363| *********子动态开始*********
2025-10-01 16:56:15,946|line:382| *********子动态结束*********
2025-10-01 16:56:15,946|line:538| -=-=-=-=处理回最初的动态-=-=-=-=
2025-10-01 16:56:26,142|line:476| 转发成功 1118836339205210112
2025-10-01 16:56:29,608|line:495| 评论发送成功
2025-10-01 16:56:31,092|line:425| 491771904 === 已经关注了
2025-10-01 16:56:34,962|line:504| 动态-点赞 0
2025-10-01 16:56:38,962|line:520| https://t.bilibili.com/1118398896789258244
2025-10-01 16:56:38,962|line:522| 已有
2025-10-01 16:56:38,962|line:520| https://t.bilibili.com/1118296098937503745
2025-10-01 16:56:40,318|line:527| 官方 或 预约 OUT！
2025-10-01 16:56:40,318|line:520| https://t.bilibili.com/1118605336557649926
2025-10-01 16:56:41,692|line:342| =========此为源动态=========
2025-10-01 16:56:45,259|line:363| *********子动态开始*********
2025-10-01 16:56:45,259|line:382| *********子动态结束*********
2025-10-01 16:56:45,260|line:538| -=-=-=-=处理回最初的动态-=-=-=-=
2025-10-01 16:56:55,541|line:476| 转发成功 1118836468097220663
2025-10-01 16:56:59,004|line:495| 评论发送成功
2025-10-01 16:57:00,391|line:425| 651410600 === 已经关注了
2025-10-01 16:57:03,769|line:504| 动态-点赞 0
2025-10-01 16:57:04,769|line:520| https://t.bilibili.com/1118266113587675153
2025-10-01 16:57:07,140|line:342| =========此为源动态=========
2025-10-01 16:57:11,660|line:363| *********子动态开始*********
2025-10-01 16:57:11,660|line:382| *********子动态结束*********
2025-10-01 16:57:11,660|line:538| -=-=-=-=处理回最初的动态-=-=-=-=
2025-10-01 16:57:20,932|line:476| 转发成功 1118836575445188629
2025-10-01 16:57:24,404|line:495| 评论发送成功
2025-10-01 16:57:27,828|line:425| 573693898 === 已经关注了
2025-10-01 16:57:31,229|line:504| 动态-点赞 0
2025-10-01 16:57:35,229|line:520| https://t.bilibili.com/1117600314229260290
2025-10-01 16:57:38,779|line:342| =========此为源动态=========
2025-10-01 16:57:41,362|line:363| *********子动态开始*********
2025-10-01 16:57:41,362|line:382| *********子动态结束*********
2025-10-01 16:57:41,362|line:538| -=-=-=-=处理回最初的动态-=-=-=-=
2025-10-01 16:57:50,611|line:476| 转发成功 1118836704298401797
2025-10-01 16:57:54,020|line:495| 评论发送成功
2025-10-01 16:58:00,847|line:437| 关注 ==== 3546893441304576 0
2025-10-01 16:58:04,293|line:504| 动态-点赞 0
2025-10-01 16:58:06,294|line:520| https://t.bilibili.com/1118715547592163369
2025-10-01 16:58:10,657|line:527| 官方 或 预约 OUT！
2025-10-01 16:58:10,657|line:520| https://t.bilibili.com/1118730687318327305
2025-10-01 16:58:12,060|line:342| =========此为源动态=========
2025-10-01 16:58:14,631|line:363| *********子动态开始*********
2025-10-01 16:58:14,632|line:382| *********子动态结束*********
2025-10-01 16:58:14,632|line:538| -=-=-=-=处理回最初的动态-=-=-=-=
2025-10-01 16:58:26,043|line:476| 转发成功 1118836854611771392
2025-10-01 16:58:29,501|line:495| 评论发送成功
2025-10-01 16:58:37,408|line:437| 关注 ==== 1123381680 0
2025-10-01 16:58:40,773|line:504| 动态-点赞 0
2025-10-01 16:58:42,773|line:520| https://t.bilibili.com/1116790191055437833
2025-10-01 16:58:46,223|line:342| =========此为源动态=========
2025-10-01 16:58:47,845|line:363| *********子动态开始*********
2025-10-01 16:58:47,845|line:382| *********子动态结束*********
2025-10-01 16:58:47,846|line:538| -=-=-=-=处理回最初的动态-=-=-=-=
2025-10-01 16:58:58,248|line:476| 转发成功 1118836996375052293
2025-10-01 16:59:01,717|line:495| 评论发送成功
2025-10-01 16:59:09,528|line:437| 关注 ==== 3546649844517433 0
2025-10-01 16:59:12,856|line:504| 动态-点赞 0
2025-10-01 16:59:15,857|line:520| https://t.bilibili.com/1118350737379688455
2025-10-01 16:59:15,857|line:522| 已有
2025-10-01 16:59:15,857|line:520| https://t.bilibili.com/1118376361155624960
2025-10-01 16:59:20,228|line:342| =========此为源动态=========
2025-10-01 16:59:24,820|line:363| *********子动态开始*********
2025-10-01 16:59:24,820|line:382| *********子动态结束*********
2025-10-01 16:59:24,821|line:538| -=-=-=-=处理回最初的动态-=-=-=-=
2025-10-01 16:59:33,142|line:476| 转发成功 1118837146719879172
2025-10-01 16:59:36,624|line:495| 评论发送成功
2025-10-01 16:59:38,065|line:425| 177560641 === 已经关注了
2025-10-01 16:59:41,458|line:504| 动态-点赞 0
2025-10-01 16:59:45,458|line:520| https://t.bilibili.com/1118576983350968329
2025-10-01 16:59:48,830|line:527| 官方 或 预约 OUT！
2025-10-01 16:59:48,830|line:520| https://t.bilibili.com/1118438530773680135
2025-10-01 16:59:50,178|line:527| 官方 或 预约 OUT！
2025-10-01 16:59:50,179|line:520| https://t.bilibili.com/1118744493520060440
2025-10-01 16:59:52,570|line:342| =========此为源动态=========
2025-10-01 16:59:54,142|line:363| *********子动态开始*********
2025-10-01 16:59:54,142|line:382| *********子动态结束*********
2025-10-01 16:59:54,142|line:538| -=-=-=-=处理回最初的动态-=-=-=-=
2025-10-01 17:00:03,621|line:476| 转发成功 1118837275533246468
2025-10-01 17:00:07,070|line:495| 评论发送成功
2025-10-01 17:00:08,640|line:425| 3850213 === 已经关注了
2025-10-01 17:00:12,040|line:504| 动态-点赞 0
2025-10-01 17:00:13,040|line:520| https://t.bilibili.com/1115712948814217219
2025-10-01 17:00:15,422|line:527| 官方 或 预约 OUT！
2025-10-01 17:00:15,423|line:520| https://t.bilibili.com/1118621758357766152
2025-10-01 17:00:17,787|line:527| 官方 或 预约 OUT！
2025-10-01 17:00:17,788|line:520| https://t.bilibili.com/1118589679275343905
2025-10-01 17:00:19,139|line:527| 官方 或 预约 OUT！
2025-10-01 17:00:19,139|line:520| https://t.bilibili.com/1118605594239959046
2025-10-01 17:00:20,441|line:342| =========此为源动态=========
2025-10-01 17:00:23,994|line:363| *********子动态开始*********
2025-10-01 17:00:23,994|line:382| *********子动态结束*********
2025-10-01 17:00:23,994|line:538| -=-=-=-=处理回最初的动态-=-=-=-=
2025-10-01 17:00:36,317|line:476| 转发成功 1118837417282895878
2025-10-01 17:00:39,787|line:495| 评论发送成功
2025-10-01 17:00:43,238|line:425| 1588219408 === 已经关注了
2025-10-01 17:00:46,608|line:504| 动态-点赞 0
2025-10-01 17:00:48,608|line:553| 执行结束
2025-10-01 17:00:48,609|line:559| ==================================================2025-10-02 01:00==================================================
2025-10-01 17:00:48,609|line:233| processing article 43227224
2025-10-01 17:00:51,230|line:508| ==================================================2025-10-02 01:00==================================================
2025-10-01 17:00:51,230|line:520| https://t.bilibili.com/1085689589830516741
2025-10-01 17:00:53,699|line:527| 官方 或 预约 OUT！
2025-10-01 17:00:53,699|line:520| https://t.bilibili.com/1116039185935892484
2025-10-01 17:00:58,089|line:527| 官方 或 预约 OUT！
2025-10-01 17:00:58,089|line:520| https://t.bilibili.com/1110550423928832041
2025-10-01 17:01:00,445|line:527| 官方 或 预约 OUT！
2025-10-01 17:01:00,445|line:520| https://t.bilibili.com/1116410756437377042
2025-10-01 17:01:01,754|line:527| 官方 或 预约 OUT！
2025-10-01 17:01:01,754|line:520| https://t.bilibili.com/1114208323015540742
2025-10-01 17:01:03,131|line:527| 官方 或 预约 OUT！
2025-10-01 17:01:03,132|line:520| https://t.bilibili.com/1117153571070017542
2025-10-01 17:01:04,430|line:527| 官方 或 预约 OUT！
2025-10-01 17:01:04,431|line:520| https://t.bilibili.com/1107149179155644417
2025-10-01 17:01:08,807|line:527| 官方 或 预约 OUT！
2025-10-01 17:01:08,807|line:520| https://t.bilibili.com/1118632994003746820
2025-10-01 17:01:13,167|line:527| 官方 或 预约 OUT！
2025-10-01 17:01:13,167|line:520| https://t.bilibili.com/1118261324740034561
2025-10-01 17:01:14,671|line:527| 官方 或 预约 OUT！
2025-10-01 17:01:14,671|line:520| https://t.bilibili.com/1111390678431039489
2025-10-01 17:01:17,065|line:527| 官方 或 预约 OUT！
2025-10-01 17:01:17,066|line:520| https://t.bilibili.com/1118401551118893060
2025-10-01 17:01:19,365|line:527| 官方 或 预约 OUT！
2025-10-01 17:01:19,366|line:520| https://t.bilibili.com/1116067348060569605
2025-10-01 17:01:20,742|line:527| 官方 或 预约 OUT！
2025-10-01 17:01:20,742|line:520| https://t.bilibili.com/1113515570556305417
2025-10-01 17:01:23,107|line:527| 官方 或 预约 OUT！
2025-10-01 17:01:23,108|line:520| https://t.bilibili.com/1118585564714500101
2025-10-01 17:01:25,465|line:527| 官方 或 预约 OUT！
2025-10-01 17:01:25,466|line:520| https://t.bilibili.com/1107470416938532866
2025-10-01 17:01:27,767|line:527| 官方 或 预约 OUT！
2025-10-01 17:01:27,768|line:520| https://t.bilibili.com/1118425143394172928
2025-10-01 17:01:30,081|line:527| 官方 或 预约 OUT！
2025-10-01 17:01:30,082|line:553| 执行结束
2025-10-01 17:01:30,082|line:559| ==================================================2025-10-02 01:01==================================================
2025-10-01 17:01:30,082|line:233| processing article 43227191
2025-10-01 17:01:33,437|line:508| ==================================================2025-10-02 01:01==================================================
2025-10-01 17:01:33,437|line:520| https://t.bilibili.com/1116783014181863445
2025-10-01 17:01:37,751|line:527| 官方 或 预约 OUT！
2025-10-01 17:01:37,751|line:520| https://t.bilibili.com/1116502634412376115
2025-10-01 17:01:41,127|line:527| 官方 或 预约 OUT！
2025-10-01 17:01:41,127|line:520| https://t.bilibili.com/1116833909506572359
2025-10-01 17:01:45,473|line:527| 官方 或 预约 OUT！
2025-10-01 17:01:45,474|line:520| https://t.bilibili.com/1117226903309123622
2025-10-01 17:01:50,032|line:527| 官方 或 预约 OUT！
2025-10-01 17:01:50,032|line:520| https://t.bilibili.com/1116819624439054359
2025-10-01 17:01:51,337|line:527| 官方 或 预约 OUT！
2025-10-01 17:01:51,337|line:520| https://t.bilibili.com/1118117430441279497
2025-10-01 17:01:55,721|line:527| 官方 或 预约 OUT！
2025-10-01 17:01:55,722|line:520| https://t.bilibili.com/1116537758669602854
2025-10-01 17:01:59,163|line:527| 官方 或 预约 OUT！
2025-10-01 17:01:59,163|line:520| https://t.bilibili.com/1114554411464523793
2025-10-01 17:02:00,468|line:527| 官方 或 预约 OUT！
2025-10-01 17:02:00,469|line:520| https://t.bilibili.com/1116780102162579478
2025-10-01 17:02:05,035|line:527| 官方 或 预约 OUT！
2025-10-01 17:02:05,036|line:520| https://t.bilibili.com/1116878182074548227
2025-10-01 17:02:08,429|line:527| 官方 或 预约 OUT！
2025-10-01 17:02:08,429|line:520| https://t.bilibili.com/1115667585365442689
2025-10-01 17:02:12,833|line:527| 官方 或 预约 OUT！
2025-10-01 17:02:12,833|line:520| https://t.bilibili.com/1117621146983858196
2025-10-01 17:02:15,128|line:527| 官方 或 预约 OUT！
2025-10-01 17:02:15,128|line:520| https://t.bilibili.com/1117995380338851842
2025-10-01 17:02:16,492|line:527| 官方 或 预约 OUT！
2025-10-01 17:02:16,492|line:520| https://t.bilibili.com/1085689589830516741
2025-10-01 17:02:18,988|line:527| 官方 或 预约 OUT！
2025-10-01 17:02:18,988|line:520| https://t.bilibili.com/1115795257596837927
2025-10-01 17:02:21,361|line:527| 官方 或 预约 OUT！
2025-10-01 17:02:21,361|line:520| https://t.bilibili.com/1116039185935892484
2025-10-01 17:02:25,725|line:527| 官方 或 预约 OUT！
2025-10-01 17:02:25,726|line:520| https://t.bilibili.com/1117136477059285057
2025-10-01 17:02:27,113|line:527| 官方 或 预约 OUT！
2025-10-01 17:02:27,113|line:520| https://t.bilibili.com/1117153571070017542
2025-10-01 17:02:28,428|line:527| 官方 或 预约 OUT！
2025-10-01 17:02:28,428|line:520| https://t.bilibili.com/1114208323015540742
2025-10-01 17:02:29,727|line:527| 官方 或 预约 OUT！
2025-10-01 17:02:29,727|line:520| https://t.bilibili.com/1107149179155644417
2025-10-01 17:02:31,032|line:527| 官方 或 预约 OUT！
2025-10-01 17:02:31,033|line:520| https://t.bilibili.com/1118261324740034561
2025-10-01 17:02:33,362|line:527| 官方 或 预约 OUT！
2025-10-01 17:02:33,363|line:520| https://t.bilibili.com/1114183042814967815
2025-10-01 17:02:34,668|line:527| 官方 或 预约 OUT！
2025-10-01 17:02:34,669|line:520| https://t.bilibili.com/1118644865271332872
2025-10-01 17:02:36,029|line:527| 官方 或 预约 OUT！
2025-10-01 17:02:36,029|line:520| https://t.bilibili.com/1118401551118893060
2025-10-01 17:02:38,407|line:527| 官方 或 预约 OUT！
2025-10-01 17:02:38,408|line:520| https://t.bilibili.com/1116067348060569605
2025-10-01 17:02:39,777|line:527| 官方 或 预约 OUT！
2025-10-01 17:02:39,777|line:520| https://t.bilibili.com/1113515570556305417
2025-10-01 17:02:41,151|line:527| 官方 或 预约 OUT！
2025-10-01 17:02:41,152|line:520| https://t.bilibili.com/1118585564714500101
2025-10-01 17:02:42,530|line:527| 官方 或 预约 OUT！
2025-10-01 17:02:42,530|line:520| https://t.bilibili.com/1116046521777782806
2025-10-01 17:02:43,906|line:527| 官方 或 预约 OUT！
2025-10-01 17:02:43,906|line:520| https://t.bilibili.com/1117510500023795720
2025-10-01 17:02:48,211|line:527| 官方 或 预约 OUT！
2025-10-01 17:02:48,211|line:520| https://t.bilibili.com/1117198350379122711
2025-10-01 17:02:51,516|line:527| 官方 或 预约 OUT！
2025-10-01 17:02:51,516|line:520| https://t.bilibili.com/1107470416938532866
2025-10-01 17:02:52,875|line:527| 官方 或 预约 OUT！
2025-10-01 17:02:52,876|line:520| https://t.bilibili.com/1117523067104395297
2025-10-01 17:02:56,228|line:527| 官方 或 预约 OUT！
2025-10-01 17:02:56,229|line:520| https://t.bilibili.com/1116892299595350039
2025-10-01 17:03:00,623|line:527| 官方 或 预约 OUT！
2025-10-01 17:03:00,624|line:520| https://t.bilibili.com/1116748624368238631
2025-10-01 17:03:03,996|line:527| 官方 或 预约 OUT！
2025-10-01 17:03:03,997|line:520| https://t.bilibili.com/1110550423928832041
2025-10-01 17:03:05,367|line:527| 官方 或 预约 OUT！
2025-10-01 17:03:05,368|line:520| https://t.bilibili.com/1116410756437377042
2025-10-01 17:03:07,742|line:527| 官方 或 预约 OUT！
2025-10-01 17:03:07,743|line:520| https://t.bilibili.com/1118357909968781352
2025-10-01 17:03:12,091|line:527| 官方 或 预约 OUT！
2025-10-01 17:03:12,092|line:520| https://t.bilibili.com/1114925530977665043
2025-10-01 17:03:16,486|line:527| 官方 或 预约 OUT！
2025-10-01 17:03:16,487|line:520| https://t.bilibili.com/1118632994003746820
2025-10-01 17:03:19,861|line:527| 官方 或 预约 OUT！
2025-10-01 17:03:19,861|line:520| https://t.bilibili.com/1111390678431039489
2025-10-01 17:03:23,214|line:527| 官方 或 预约 OUT！
2025-10-01 17:03:23,214|line:520| https://t.bilibili.com/1117151938980347912
2025-10-01 17:03:25,595|line:527| 官方 或 预约 OUT！
2025-10-01 17:03:25,595|line:520| https://t.bilibili.com/1116788580464721943
2025-10-01 17:03:27,984|line:527| 官方 或 预约 OUT！
2025-10-01 17:03:27,984|line:520| https://t.bilibili.com/1109127187680722947
2025-10-01 17:03:30,291|line:527| 官方 或 预约 OUT！
2025-10-01 17:03:30,291|line:520| https://t.bilibili.com/1116409755700559945
2025-10-01 17:03:32,655|line:527| 官方 或 预约 OUT！
2025-10-01 17:03:32,656|line:520| https://t.bilibili.com/1116410412841041923
2025-10-01 17:03:37,053|line:527| 官方 或 预约 OUT！
2025-10-01 17:03:37,053|line:520| https://t.bilibili.com/1116455462749863945
2025-10-01 17:03:41,441|line:527| 官方 或 预约 OUT！
2025-10-01 17:03:41,441|line:520| https://t.bilibili.com/1117136567303929858
2025-10-01 17:03:43,855|line:527| 官方 或 预约 OUT！
2025-10-01 17:03:43,856|line:520| https://t.bilibili.com/1118276464511287299
2025-10-01 17:03:47,239|line:527| 官方 或 预约 OUT！
2025-10-01 17:03:47,239|line:520| https://t.bilibili.com/1118425143394172928
2025-10-01 17:03:51,589|line:527| 官方 或 预约 OUT！
2025-10-01 17:03:51,589|line:520| https://t.bilibili.com/1108964099202482176
2025-10-01 17:03:55,944|line:527| 官方 或 预约 OUT！
2025-10-01 17:03:55,945|line:520| https://t.bilibili.com/1116039980531056645
2025-10-01 17:03:58,252|line:527| 官方 或 预约 OUT！
2025-10-01 17:03:58,253|line:520| https://t.bilibili.com/1114184473070534656
2025-10-01 17:04:02,660|line:527| 官方 或 预约 OUT！
2025-10-01 17:04:02,660|line:520| https://t.bilibili.com/1107969921679097876
2025-10-01 17:04:05,025|line:527| 官方 或 预约 OUT！
2025-10-01 17:04:05,025|line:520| https://t.bilibili.com/1117522448638541848
2025-10-01 17:04:06,419|line:527| 官方 或 预约 OUT！
2025-10-01 17:04:06,419|line:520| https://t.bilibili.com/1114250357813280776
2025-10-01 17:04:08,766|line:527| 官方 或 预约 OUT！
2025-10-01 17:04:08,766|line:520| https://t.bilibili.com/1117945807826321463
2025-10-01 17:04:12,070|line:527| 官方 或 预约 OUT！
2025-10-01 17:04:12,071|line:520| https://t.bilibili.com/1118673083254702085
2025-10-01 17:04:13,457|line:527| 官方 或 预约 OUT！
2025-10-01 17:04:13,458|line:520| https://t.bilibili.com/1114170883743678472
2025-10-01 17:04:16,821|line:527| 官方 或 预约 OUT！
2025-10-01 17:04:16,821|line:520| https://t.bilibili.com/1118301010242043922
2025-10-01 17:04:18,334|line:527| 官方 或 预约 OUT！
2025-10-01 17:04:18,334|line:520| https://t.bilibili.com/1114183352052613126
2025-10-01 17:04:19,633|line:527| 官方 或 预约 OUT！
2025-10-01 17:04:19,633|line:520| https://t.bilibili.com/1117538571930042392
2025-10-01 17:04:23,007|line:527| 官方 或 预约 OUT！
2025-10-01 17:04:23,007|line:520| https://t.bilibili.com/1114554377070182436
2025-10-01 17:04:27,348|line:527| 官方 或 预约 OUT！
2025-10-01 17:04:27,348|line:520| https://t.bilibili.com/1116817038883422232
2025-10-01 17:04:29,715|line:527| 官方 或 预约 OUT！
2025-10-01 17:04:29,716|line:553| 执行结束
2025-10-01 17:04:29,716|line:559| ==================================================2025-10-02 01:04==================================================
2025-10-01 17:04:29,716|line:233| processing article 43222363
2025-10-01 17:04:35,143|line:508| ==================================================2025-10-02 01:04==================================================
2025-10-01 17:04:35,144|line:520| https://t.bilibili.com/1115774985317646341
2025-10-01 17:04:36,514|line:527| 官方 或 预约 OUT！
2025-10-01 17:04:36,515|line:520| https://t.bilibili.com/1115799067225489408
2025-10-01 17:04:39,882|line:527| 官方 或 预约 OUT！
2025-10-01 17:04:39,882|line:520| https://t.bilibili.com/1117523131482767376
2025-10-01 17:04:43,260|line:342| =========此为源动态=========
2025-10-01 17:04:46,606|line:363| *********子动态开始*********
2025-10-01 17:04:46,607|line:382| *********子动态结束*********
2025-10-01 17:04:46,607|line:538| -=-=-=-=处理回最初的动态-=-=-=-=
2025-10-01 17:04:54,392|line:476| 转发成功 1118838525398089730
2025-10-01 17:04:57,914|line:495| 评论发送成功
2025-10-01 17:05:02,428|line:425| 30973654 === 已经关注了
2025-10-01 17:05:05,765|line:504| 动态-点赞 0
2025-10-01 17:05:08,765|line:520| https://t.bilibili.com/1111644133062082562
2025-10-01 17:05:11,234|line:527| 官方 或 预约 OUT！
2025-10-01 17:05:11,234|line:520| https://t.bilibili.com/1117505066901700617
2025-10-01 17:05:11,234|line:522| 已有
2025-10-01 17:05:11,235|line:520| https://t.bilibili.com/1117526202415841313
2025-10-01 17:05:13,587|line:527| 官方 或 预约 OUT！
2025-10-01 17:05:13,587|line:520| https://t.bilibili.com/1108601621146763270
2025-10-01 17:05:13,587|line:522| 已有
2025-10-01 17:05:13,587|line:520| https://t.bilibili.com/1107149179155644417
2025-10-01 17:05:14,933|line:527| 官方 或 预约 OUT！
2025-10-01 17:05:14,934|line:520| https://t.bilibili.com/1117997819894956071
2025-10-01 17:05:14,934|line:522| 已有
2025-10-01 17:05:14,934|line:520| https://t.bilibili.com/1117250650188546057
2025-10-01 17:05:17,241|line:527| 官方 或 预约 OUT！
2025-10-01 17:05:17,242|line:520| https://t.bilibili.com/1118401551118893060
2025-10-01 17:05:21,646|line:527| 官方 或 预约 OUT！
2025-10-01 17:05:21,646|line:520| https://t.bilibili.com/1113515570556305417
2025-10-01 17:05:25,012|line:527| 官方 或 预约 OUT！
2025-10-01 17:05:25,012|line:520| https://t.bilibili.com/1113882777376260099
2025-10-01 17:05:25,012|line:522| 已有
2025-10-01 17:05:25,012|line:520| https://t.bilibili.com/1117072894414815239
2025-10-01 17:05:25,012|line:522| 已有
2025-10-01 17:05:25,013|line:520| https://t.bilibili.com/1113524057384419329
2025-10-01 17:05:28,358|line:527| 官方 或 预约 OUT！
2025-10-01 17:05:28,358|line:520| https://t.bilibili.com/1118341056485654533
2025-10-01 17:05:30,657|line:342| =========此为源动态=========
2025-10-01 17:05:34,030|line:363| *********子动态开始*********
2025-10-01 17:05:34,030|line:382| *********子动态结束*********
2025-10-01 17:05:34,031|line:538| -=-=-=-=处理回最初的动态-=-=-=-=
2025-10-01 17:05:43,345|line:476| 转发成功 1118838735859875849
2025-10-01 17:05:46,790|line:495| 评论发送成功
2025-10-01 17:05:52,620|line:437| 关注 ==== 137543719 0
2025-10-01 17:05:55,994|line:504| 动态-点赞 0
2025-10-01 17:05:56,995|line:520| https://t.bilibili.com/1117298985736863746
2025-10-01 17:05:56,995|line:522| 已有
2025-10-01 17:05:56,995|line:520| https://t.bilibili.com/1118425143394172928
2025-10-01 17:05:58,354|line:527| 官方 或 预约 OUT！
2025-10-01 17:05:58,354|line:553| 执行结束
2025-10-01 17:05:58,355|line:559| ==================================================2025-10-02 01:05==================================================
2025-10-01 17:05:58,355|line:233| processing article 43220847
2025-10-01 17:06:04,007|line:508| ==================================================2025-10-02 01:06==================================================
2025-10-01 17:06:04,007|line:520| https://t.bilibili.com/1118244544270303235
2025-10-01 17:06:04,008|line:522| 已有
2025-10-01 17:06:04,008|line:520| https://t.bilibili.com/1118259641064620036
2025-10-01 17:06:07,382|line:337| =========此为子动态=========
2025-10-01 17:06:09,841|line:401| *************原动态已存在***************
2025-10-01 17:06:14,190|line:363| *********子动态开始*********
2025-10-01 17:06:26,732|line:476| 转发成功 1118838920520400897
2025-10-01 17:06:30,154|line:495| 评论发送成功
2025-10-01 17:06:33,958|line:425| 26012012 === 已经关注了
2025-10-01 17:06:33,959|line:377| ----完成一个子动态----
2025-10-01 17:06:33,960|line:382| *********子动态结束*********
2025-10-01 17:06:37,960|line:520| https://t.bilibili.com/1118335262614618121
2025-10-01 17:06:40,333|line:527| 官方 或 预约 OUT！
2025-10-01 17:06:40,333|line:520| https://t.bilibili.com/1117932744718942248
2025-10-01 17:06:40,333|line:522| 已有
2025-10-01 17:06:40,333|line:520| https://t.bilibili.com/1117986861267025922
2025-10-01 17:06:40,334|line:522| 已有
2025-10-01 17:06:40,334|line:520| https://t.bilibili.com/1118296796864446468
2025-10-01 17:06:40,334|line:522| 已有
2025-10-01 17:06:40,334|line:520| https://t.bilibili.com/1118354688733872131
2025-10-01 17:06:44,627|line:527| 官方 或 预约 OUT！
2025-10-01 17:06:44,627|line:520| https://t.bilibili.com/1118034138111148053
2025-10-01 17:06:44,627|line:522| 已有
2025-10-01 17:06:44,628|line:520| https://t.bilibili.com/1117894089979723782
2025-10-01 17:06:44,628|line:522| 已有
2025-10-01 17:06:44,628|line:520| https://t.bilibili.com/1113515570556305417
2025-10-01 17:06:47,936|line:527| 官方 或 预约 OUT！
2025-10-01 17:06:47,936|line:520| https://t.bilibili.com/1118265175183458308
2025-10-01 17:06:47,937|line:522| 已有
2025-10-01 17:06:47,937|line:520| https://t.bilibili.com/1118343257656393732
2025-10-01 17:06:47,937|line:522| 已有
2025-10-01 17:06:47,937|line:520| https://t.bilibili.com/1118237586421186560
2025-10-01 17:06:47,937|line:522| 已有
2025-10-01 17:06:47,937|line:520| https://t.bilibili.com/1118216360679178249
2025-10-01 17:06:47,937|line:522| 已有
2025-10-01 17:06:47,937|line:520| https://t.bilibili.com/1118265175161438208
2025-10-01 17:06:47,937|line:522| 已有
2025-10-01 17:06:47,937|line:520| https://t.bilibili.com/1107567126748594184
2025-10-01 17:06:51,305|line:527| 官方 或 预约 OUT！
2025-10-01 17:06:51,305|line:520| https://t.bilibili.com/1118345214024482818
2025-10-01 17:06:53,680|line:527| 官方 或 预约 OUT！
2025-10-01 17:06:53,680|line:520| https://t.bilibili.com/1118343362875752481
2025-10-01 17:06:53,680|line:522| 已有
2025-10-01 17:06:53,680|line:520| https://t.bilibili.com/1118327022703083544
2025-10-01 17:06:53,680|line:522| 已有
2025-10-01 17:06:53,680|line:520| https://t.bilibili.com/1117918990065205253
2025-10-01 17:06:53,681|line:522| 已有
2025-10-01 17:06:53,681|line:520| https://t.bilibili.com/1118339907582951430
2025-10-01 17:06:53,681|line:522| 已有
2025-10-01 17:06:53,681|line:520| https://t.bilibili.com/1117988078932197417
2025-10-01 17:06:57,990|line:527| 官方 或 预约 OUT！
2025-10-01 17:06:57,991|line:520| https://t.bilibili.com/1118357946479149059
2025-10-01 17:06:57,991|line:522| 已有
2025-10-01 17:06:57,991|line:520| https://t.bilibili.com/1118070688273399842
2025-10-01 17:07:02,614|line:527| 官方 或 预约 OUT！
2025-10-01 17:07:02,614|line:520| https://t.bilibili.com/1118347550479351814
2025-10-01 17:07:02,614|line:522| 已有
2025-10-01 17:07:02,614|line:520| https://t.bilibili.com/1118356295068418072
2025-10-01 17:07:02,614|line:522| 已有
2025-10-01 17:07:02,614|line:520| https://t.bilibili.com/1118357946455031811
2025-10-01 17:07:02,615|line:522| 已有
2025-10-01 17:07:02,615|line:520| https://t.bilibili.com/1118331886737817609
2025-10-01 17:07:02,615|line:522| 已有
2025-10-01 17:07:02,615|line:520| https://t.bilibili.com/1118234030195605509
2025-10-01 17:07:02,615|line:522| 已有
2025-10-01 17:07:02,615|line:520| https://t.bilibili.com/1118359069598416931
2025-10-01 17:07:02,615|line:522| 已有
2025-10-01 17:07:02,615|line:520| https://t.bilibili.com/1118387167259787305
2025-10-01 17:07:02,616|line:522| 已有
2025-10-01 17:07:02,616|line:520| https://t.bilibili.com/1118330967607476232
2025-10-01 17:07:02,616|line:522| 已有
2025-10-01 17:07:02,616|line:520| https://t.bilibili.com/1117893963290771481
2025-10-01 17:07:04,025|line:527| 官方 或 预约 OUT！
2025-10-01 17:07:04,025|line:520| https://t.bilibili.com/1118234251362304064
2025-10-01 17:07:04,025|line:522| 已有
2025-10-01 17:07:04,026|line:520| https://t.bilibili.com/1118388870224805896
2025-10-01 17:07:04,026|line:522| 已有
2025-10-01 17:07:04,026|line:520| https://t.bilibili.com/1118257635314892825
2025-10-01 17:07:04,026|line:522| 已有
2025-10-01 17:07:04,026|line:520| https://t.bilibili.com/1118309016049549316
2025-10-01 17:07:04,026|line:522| 已有
2025-10-01 17:07:04,026|line:520| https://t.bilibili.com/1117923276405866499
2025-10-01 17:07:04,026|line:522| 已有
2025-10-01 17:07:04,026|line:520| https://t.bilibili.com/1118306159881617427
2025-10-01 17:07:04,026|line:522| 已有
2025-10-01 17:07:04,027|line:520| https://t.bilibili.com/1118360353812512784
2025-10-01 17:07:04,027|line:522| 已有
2025-10-01 17:07:04,027|line:520| https://t.bilibili.com/1118348963517300745
2025-10-01 17:07:04,027|line:522| 已有
2025-10-01 17:07:04,027|line:520| https://t.bilibili.com/1118349375826821141
2025-10-01 17:07:04,027|line:522| 已有
2025-10-01 17:07:04,027|line:520| https://t.bilibili.com/1117928271476949017
2025-10-01 17:07:04,027|line:522| 已有
2025-10-01 17:07:04,027|line:520| https://t.bilibili.com/1118079632558522376
2025-10-01 17:07:04,027|line:522| 已有
2025-10-01 17:07:04,028|line:520| https://t.bilibili.com/1118260774945423367
2025-10-01 17:07:05,337|line:527| 官方 或 预约 OUT！
2025-10-01 17:07:05,337|line:520| https://t.bilibili.com/1118272906115153926
2025-10-01 17:07:05,338|line:522| 已有
2025-10-01 17:07:05,338|line:520| https://t.bilibili.com/1118304111204237316
2025-10-01 17:07:05,338|line:522| 已有
2025-10-01 17:07:05,338|line:520| https://t.bilibili.com/1118318748420276228
2025-10-01 17:07:05,338|line:522| 已有
2025-10-01 17:07:05,338|line:520| https://t.bilibili.com/1118348512574046211
2025-10-01 17:07:05,338|line:522| 已有
2025-10-01 17:07:05,338|line:520| https://t.bilibili.com/1108247896241733632
2025-10-01 17:07:06,702|line:347| 'NoneType' object has no attribute 'get'
2025-10-01 17:07:06,702|line:348| error line:329
2025-10-01 17:07:06,702|line:534| *#*#*#*#*#*#*#*#*#*原动态处理失败*#*#*#*#*#*#*#*#*#
2025-10-01 17:07:06,702|line:520| https://t.bilibili.com/1118017785029459989
2025-10-01 17:07:06,702|line:522| 已有
2025-10-01 17:07:06,702|line:520| https://t.bilibili.com/1118306709655257091
2025-10-01 17:07:06,703|line:522| 已有
2025-10-01 17:07:06,703|line:520| https://t.bilibili.com/1118265175176118294
2025-10-01 17:07:06,703|line:522| 已有
2025-10-01 17:07:06,703|line:520| https://t.bilibili.com/1118303432556412936
2025-10-01 17:07:06,703|line:522| 已有
2025-10-01 17:07:06,703|line:520| https://t.bilibili.com/1118265175126835203
2025-10-01 17:07:06,703|line:522| 已有
2025-10-01 17:07:06,703|line:520| https://t.bilibili.com/1118349307139850263
2025-10-01 17:07:06,703|line:522| 已有
2025-10-01 17:07:06,704|line:520| https://t.bilibili.com/1118324031273041936
2025-10-01 17:07:06,704|line:522| 已有
2025-10-01 17:07:06,704|line:520| https://t.bilibili.com/1118347979961401348
2025-10-01 17:07:06,704|line:522| 已有
2025-10-01 17:07:06,704|line:520| https://t.bilibili.com/1118296098952183857
2025-10-01 17:07:06,704|line:522| 已有
2025-10-01 17:07:06,704|line:520| https://t.bilibili.com/1118308526439006212
2025-10-01 17:07:06,704|line:522| 已有
2025-10-01 17:07:06,704|line:520| https://t.bilibili.com/1112711045884936210
2025-10-01 17:07:06,704|line:522| 已有
2025-10-01 17:07:06,705|line:520| https://t.bilibili.com/1118294219893506054
2025-10-01 17:07:06,705|line:522| 已有
2025-10-01 17:07:06,705|line:520| https://t.bilibili.com/1118337169567514624
2025-10-01 17:07:09,118|line:527| 官方 或 预约 OUT！
2025-10-01 17:07:09,118|line:520| https://t.bilibili.com/1118262162219859974
2025-10-01 17:07:09,118|line:522| 已有
2025-10-01 17:07:09,119|line:520| https://t.bilibili.com/1118358652950937632
2025-10-01 17:07:09,119|line:522| 已有
2025-10-01 17:07:09,119|line:520| https://t.bilibili.com/1112049088327581763
2025-10-01 17:07:13,427|line:527| 官方 或 预约 OUT！
2025-10-01 17:07:13,428|line:520| https://t.bilibili.com/1118250089094053904
2025-10-01 17:07:13,428|line:522| 已有
2025-10-01 17:07:13,428|line:520| https://t.bilibili.com/1118348430920384520
2025-10-01 17:07:13,428|line:522| 已有
2025-10-01 17:07:13,428|line:520| https://t.bilibili.com/1118002323174457351
2025-10-01 17:07:13,428|line:522| 已有
2025-10-01 17:07:13,428|line:520| https://t.bilibili.com/1118265175154098177
2025-10-01 17:07:13,429|line:522| 已有
2025-10-01 17:07:13,429|line:520| https://t.bilibili.com/1117956253202513927
2025-10-01 17:07:13,429|line:522| 已有
2025-10-01 17:07:13,429|line:520| https://t.bilibili.com/1107149179155644417
2025-10-01 17:07:14,725|line:527| 官方 或 预约 OUT！
2025-10-01 17:07:14,725|line:520| https://t.bilibili.com/1118325397031747593
2025-10-01 17:07:14,726|line:522| 已有
2025-10-01 17:07:14,726|line:520| https://t.bilibili.com/1118005812853211140
2025-10-01 17:07:19,095|line:527| 官方 或 预约 OUT！
2025-10-01 17:07:19,096|line:520| https://t.bilibili.com/1118266100738424838
2025-10-01 17:07:19,096|line:522| 已有
2025-10-01 17:07:19,096|line:520| https://t.bilibili.com/1118038059454038020
2025-10-01 17:07:19,096|line:522| 已有
2025-10-01 17:07:19,096|line:520| https://t.bilibili.com/1118319291744124960
2025-10-01 17:07:19,096|line:522| 已有
2025-10-01 17:07:19,096|line:520| https://t.bilibili.com/1118356471141105702
2025-10-01 17:07:20,452|line:527| 官方 或 预约 OUT！
2025-10-01 17:07:20,452|line:520| https://t.bilibili.com/1118323661878591490
2025-10-01 17:07:20,452|line:522| 已有
2025-10-01 17:07:20,452|line:520| https://t.bilibili.com/1117981894126862376
2025-10-01 17:07:20,453|line:522| 已有
2025-10-01 17:07:20,453|line:520| https://t.bilibili.com/1117942410543890467
2025-10-01 17:07:20,453|line:522| 已有
2025-10-01 17:07:20,453|line:520| https://t.bilibili.com/1118311318107979780
2025-10-01 17:07:20,453|line:522| 已有
2025-10-01 17:07:20,453|line:520| https://t.bilibili.com/1118360345183780884
2025-10-01 17:07:20,453|line:522| 已有
2025-10-01 17:07:20,453|line:520| https://t.bilibili.com/1118046099637010434
2025-10-01 17:07:20,453|line:522| 已有
2025-10-01 17:07:20,454|line:520| https://t.bilibili.com/1118346377938599957
2025-10-01 17:07:20,454|line:522| 已有
2025-10-01 17:07:20,454|line:520| https://t.bilibili.com/1117986861307920387
2025-10-01 17:07:20,454|line:522| 已有
2025-10-01 17:07:20,454|line:520| https://t.bilibili.com/1118370623067783175
2025-10-01 17:07:20,454|line:522| 已有
2025-10-01 17:07:20,454|line:520| https://t.bilibili.com/1118265175129980946
2025-10-01 17:07:20,454|line:522| 已有
2025-10-01 17:07:20,454|line:520| https://t.bilibili.com/1118260006177734656
2025-10-01 17:07:21,764|line:527| 官方 或 预约 OUT！
2025-10-01 17:07:21,764|line:520| https://t.bilibili.com/1117986972974972936
2025-10-01 17:07:21,764|line:522| 已有
2025-10-01 17:07:21,764|line:520| https://t.bilibili.com/1118364769020018692
2025-10-01 17:07:21,765|line:522| 已有
2025-10-01 17:07:21,765|line:520| https://t.bilibili.com/1118263012653793284
2025-10-01 17:07:21,765|line:522| 已有
2025-10-01 17:07:21,765|line:520| https://t.bilibili.com/1115393141260681221
2025-10-01 17:07:26,137|line:527| 官方 或 预约 OUT！
2025-10-01 17:07:26,137|line:520| https://t.bilibili.com/1118234753873477637
2025-10-01 17:07:26,137|line:522| 已有
2025-10-01 17:07:26,137|line:520| https://t.bilibili.com/1118230400937754630
2025-10-01 17:07:26,137|line:522| 已有
2025-10-01 17:07:26,137|line:520| https://t.bilibili.com/1118234287894691881
2025-10-01 17:07:26,138|line:522| 已有
2025-10-01 17:07:26,138|line:520| https://t.bilibili.com/1118248869300273153
2025-10-01 17:07:26,138|line:522| 已有
2025-10-01 17:07:26,138|line:520| https://t.bilibili.com/1118348800301203491
2025-10-01 17:07:26,138|line:522| 已有
2025-10-01 17:07:26,138|line:520| https://t.bilibili.com/1118349878336946182
2025-10-01 17:07:26,138|line:522| 已有
2025-10-01 17:07:26,138|line:520| https://t.bilibili.com/1118256310361522180
2025-10-01 17:07:26,138|line:522| 已有
2025-10-01 17:07:26,138|line:520| https://t.bilibili.com/1118002323190186021
2025-10-01 17:07:26,139|line:522| 已有
2025-10-01 17:07:26,139|line:520| https://t.bilibili.com/1118249713301192711
2025-10-01 17:07:26,139|line:522| 已有
2025-10-01 17:07:26,139|line:520| https://t.bilibili.com/1118314122761469984
2025-10-01 17:07:26,139|line:522| 已有
2025-10-01 17:07:26,139|line:520| https://t.bilibili.com/1118361479085555746
2025-10-01 17:07:28,492|line:527| 官方 或 预约 OUT！
2025-10-01 17:07:28,493|line:520| https://t.bilibili.com/1117989006592704521
2025-10-01 17:07:31,985|line:527| 官方 或 预约 OUT！
2025-10-01 17:07:31,985|line:520| https://t.bilibili.com/1118330387781648400
2025-10-01 17:07:31,985|line:522| 已有
2025-10-01 17:07:31,985|line:520| https://t.bilibili.com/1118043088835575810
2025-10-01 17:07:31,985|line:522| 已有
2025-10-01 17:07:31,985|line:520| https://t.bilibili.com/1118342484592689160
2025-10-01 17:07:31,985|line:522| 已有
2025-10-01 17:07:31,985|line:520| https://t.bilibili.com/1117934713955155969
2025-10-01 17:07:31,986|line:522| 已有
2025-10-01 17:07:31,986|line:520| https://t.bilibili.com/1117292736604536869
2025-10-01 17:07:31,986|line:522| 已有
2025-10-01 17:07:31,986|line:520| https://t.bilibili.com/1118353357302399010
2025-10-01 17:07:31,986|line:522| 已有
2025-10-01 17:07:31,986|line:520| https://t.bilibili.com/1118234251381178385
2025-10-01 17:07:31,986|line:522| 已有
2025-10-01 17:07:31,986|line:520| https://t.bilibili.com/1117961974117826581
2025-10-01 17:07:31,986|line:522| 已有
2025-10-01 17:07:31,986|line:520| https://t.bilibili.com/1118229911359717384
2025-10-01 17:07:31,987|line:522| 已有
2025-10-01 17:07:31,987|line:520| https://t.bilibili.com/1117997819894956071
2025-10-01 17:07:31,987|line:522| 已有
2025-10-01 17:07:31,987|line:520| https://t.bilibili.com/1118290298598850564
2025-10-01 17:07:31,987|line:522| 已有
2025-10-01 17:07:31,987|line:520| https://t.bilibili.com/1118293060263870488
2025-10-01 17:07:31,987|line:522| 已有
2025-10-01 17:07:31,987|line:520| https://t.bilibili.com/1117863166250844166
2025-10-01 17:07:31,987|line:522| 已有
2025-10-01 17:07:31,987|line:520| https://t.bilibili.com/1118349740946227207
2025-10-01 17:07:31,988|line:522| 已有
2025-10-01 17:07:31,988|line:553| 执行结束
2025-10-01 17:07:31,988|line:559| ==================================================2025-10-02 01:07==================================================
2025-10-01 17:07:31,988|line:233| processing article 43217165
2025-10-01 17:07:35,275|line:508| ==================================================2025-10-02 01:07==================================================
2025-10-01 17:07:35,275|line:520| https://t.bilibili.com/1085364989093478402
2025-10-01 17:07:37,656|line:527| 官方 或 预约 OUT！
2025-10-01 17:07:37,656|line:520| https://t.bilibili.com/1115393141260681221
2025-10-01 17:07:39,005|line:527| 官方 或 预约 OUT！
2025-10-01 17:07:39,006|line:520| https://t.bilibili.com/1107582850623864837
2025-10-01 17:07:40,306|line:527| 官方 或 预约 OUT！
2025-10-01 17:07:40,306|line:520| https://t.bilibili.com/1112711045884936210
2025-10-01 17:07:40,307|line:522| 已有
2025-10-01 17:07:40,307|line:520| https://t.bilibili.com/1107113445058150419
2025-10-01 17:07:43,702|line:527| 官方 或 预约 OUT！
2025-10-01 17:07:43,703|line:520| https://t.bilibili.com/1108341642501292057
2025-10-01 17:07:47,044|line:527| 官方 或 预约 OUT！
2025-10-01 17:07:47,044|line:520| https://t.bilibili.com/1112049088327581763
2025-10-01 17:07:48,396|line:527| 官方 或 预约 OUT！
2025-10-01 17:07:48,397|line:520| https://t.bilibili.com/1107300392068186130
2025-10-01 17:07:49,764|line:527| 官方 或 预约 OUT！
2025-10-01 17:07:49,764|line:520| https://t.bilibili.com/1091920646786514953
2025-10-01 17:07:54,141|line:527| 官方 或 预约 OUT！
2025-10-01 17:07:54,141|line:520| https://t.bilibili.com/1109473838837530674
2025-10-01 17:07:57,513|line:527| 官方 或 预约 OUT！
2025-10-01 17:07:57,514|line:520| https://t.bilibili.com/1108210869331820550
2025-10-01 17:07:59,818|line:527| 官方 或 预约 OUT！
2025-10-01 17:07:59,819|line:520| https://t.bilibili.com/1107510081008697365
2025-10-01 17:08:02,183|line:527| 官方 或 预约 OUT！
2025-10-01 17:08:02,183|line:520| https://t.bilibili.com/1085689589830516741
2025-10-01 17:08:06,587|line:527| 官方 或 预约 OUT！
2025-10-01 17:08:06,587|line:520| https://t.bilibili.com/1116039185935892484
2025-10-01 17:08:09,918|line:527| 官方 或 预约 OUT！
2025-10-01 17:08:09,919|line:520| https://t.bilibili.com/1117153571070017542
2025-10-01 17:08:14,272|line:527| 官方 或 预约 OUT！
2025-10-01 17:08:14,272|line:520| https://t.bilibili.com/1114208323015540742
2025-10-01 17:08:18,693|line:527| 官方 或 预约 OUT！
2025-10-01 17:08:18,693|line:520| https://t.bilibili.com/1107149179155644417
2025-10-01 17:08:22,039|line:527| 官方 或 预约 OUT！
2025-10-01 17:08:22,039|line:520| https://t.bilibili.com/1118261324740034561
2025-10-01 17:08:24,422|line:527| 官方 或 预约 OUT！
2025-10-01 17:08:24,422|line:520| https://t.bilibili.com/1116067348060569605
2025-10-01 17:08:25,783|line:527| 官方 或 预约 OUT！
2025-10-01 17:08:25,783|line:520| https://t.bilibili.com/1113515570556305417
2025-10-01 17:08:29,151|line:527| 官方 或 预约 OUT！
2025-10-01 17:08:29,151|line:520| https://t.bilibili.com/1107470416938532866
2025-10-01 17:08:30,507|line:527| 官方 或 预约 OUT！
2025-10-01 17:08:30,507|line:520| https://t.bilibili.com/1107509337944752131
2025-10-01 17:08:32,879|line:527| 官方 或 预约 OUT！
2025-10-01 17:08:32,880|line:520| https://t.bilibili.com/1101791821680345092
2025-10-01 17:08:34,236|line:527| 官方 或 预约 OUT！
2025-10-01 17:08:34,237|line:520| https://t.bilibili.com/1110550423928832041
2025-10-01 17:08:37,618|line:527| 官方 或 预约 OUT！
2025-10-01 17:08:37,619|line:520| https://t.bilibili.com/1116410756437377042
2025-10-01 17:08:40,003|line:527| 官方 或 预约 OUT！
2025-10-01 17:08:40,003|line:520| https://t.bilibili.com/1107567126748594184
2025-10-01 17:08:44,407|line:527| 官方 或 预约 OUT！
2025-10-01 17:08:44,408|line:520| https://t.bilibili.com/1107602577414946822
2025-10-01 17:08:47,705|line:527| 官方 或 预约 OUT！
2025-10-01 17:08:47,706|line:520| https://t.bilibili.com/1107953231406825505
2025-10-01 17:08:50,062|line:527| 官方 或 预约 OUT！
2025-10-01 17:08:50,063|line:520| https://t.bilibili.com/1098963942140542983
2025-10-01 17:08:52,369|line:527| 官方 或 预约 OUT！
2025-10-01 17:08:52,370|line:520| https://t.bilibili.com/1108247896241733632
2025-10-01 17:08:55,022|line:347| 'NoneType' object has no attribute 'get'
2025-10-01 17:08:55,022|line:348| error line:329
2025-10-01 17:08:55,022|line:534| *#*#*#*#*#*#*#*#*#*原动态处理失败*#*#*#*#*#*#*#*#*#
2025-10-01 17:08:55,023|line:520| https://t.bilibili.com/1107426745722601473
2025-10-01 17:08:58,389|line:527| 官方 或 预约 OUT！
2025-10-01 17:08:58,389|line:553| 执行结束
2025-10-01 17:08:58,389|line:559| ==================================================2025-10-02 01:08==================================================
2025-10-01 17:08:58,389|line:233| processing article 43217127
2025-10-01 17:09:00,797|line:508| ==================================================2025-10-02 01:09==================================================
2025-10-01 17:09:00,797|line:520| https://t.bilibili.com/1085364989093478402
2025-10-01 17:09:02,367|line:527| 官方 或 预约 OUT！
2025-10-01 17:09:02,367|line:520| https://t.bilibili.com/1116783014181863445
2025-10-01 17:09:06,683|line:527| 官方 或 预约 OUT！
2025-10-01 17:09:06,683|line:520| https://t.bilibili.com/1115393141260681221
2025-10-01 17:09:10,066|line:527| 官方 或 预约 OUT！
2025-10-01 17:09:10,067|line:520| https://t.bilibili.com/1107582850623864837
2025-10-01 17:09:12,376|line:527| 官方 或 预约 OUT！
2025-10-01 17:09:12,377|line:520| https://t.bilibili.com/1112711045884936210
2025-10-01 17:09:12,377|line:522| 已有
2025-10-01 17:09:12,377|line:520| https://t.bilibili.com/1107113445058150419
2025-10-01 17:09:14,693|line:527| 官方 或 预约 OUT！
2025-10-01 17:09:14,693|line:520| https://t.bilibili.com/1108341642501292057
2025-10-01 17:09:15,996|line:527| 官方 或 预约 OUT！
2025-10-01 17:09:15,996|line:520| https://t.bilibili.com/1117818586574880770
2025-10-01 17:09:19,440|line:527| 官方 或 预约 OUT！
2025-10-01 17:09:19,441|line:520| https://t.bilibili.com/1107426745722601473
2025-10-01 17:09:22,793|line:527| 官方 或 预约 OUT！
2025-10-01 17:09:22,794|line:520| https://t.bilibili.com/1116502634412376115
2025-10-01 17:09:26,357|line:527| 官方 或 预约 OUT！
2025-10-01 17:09:26,357|line:520| https://t.bilibili.com/1116833909506572359
2025-10-01 17:09:27,723|line:527| 官方 或 预约 OUT！
2025-10-01 17:09:27,723|line:520| https://t.bilibili.com/1116819624439054359
2025-10-01 17:09:29,088|line:527| 官方 或 预约 OUT！
2025-10-01 17:09:29,088|line:520| https://t.bilibili.com/1118117430441279497
2025-10-01 17:09:31,389|line:527| 官方 或 预约 OUT！
2025-10-01 17:09:31,389|line:520| https://t.bilibili.com/1112049088327581763
2025-10-01 17:09:33,757|line:527| 官方 或 预约 OUT！
2025-10-01 17:09:33,757|line:520| https://t.bilibili.com/1107300392068186130
2025-10-01 17:09:38,128|line:527| 官方 或 预约 OUT！
2025-10-01 17:09:38,129|line:520| https://t.bilibili.com/1091920646786514953
2025-10-01 17:09:40,504|line:527| 官方 或 预约 OUT！
2025-10-01 17:09:40,504|line:520| https://t.bilibili.com/1116537758669602854
2025-10-01 17:09:44,805|line:527| 官方 或 预约 OUT！
2025-10-01 17:09:44,805|line:520| https://t.bilibili.com/1115667585365442689
2025-10-01 17:09:46,163|line:527| 官方 或 预约 OUT！
2025-10-01 17:09:46,164|line:520| https://t.bilibili.com/1114554411464523793
2025-10-01 17:09:47,507|line:527| 官方 或 预约 OUT！
2025-10-01 17:09:47,508|line:520| https://t.bilibili.com/1116780102162579478
2025-10-01 17:09:49,868|line:527| 官方 或 预约 OUT！
2025-10-01 17:09:49,869|line:520| https://t.bilibili.com/1109473838837530674
2025-10-01 17:09:54,432|line:527| 官方 或 预约 OUT！
2025-10-01 17:09:54,433|line:520| https://t.bilibili.com/1108210869331820550
2025-10-01 17:09:55,731|line:527| 官方 或 预约 OUT！
2025-10-01 17:09:55,731|line:520| https://t.bilibili.com/1117995380338851842
2025-10-01 17:09:57,099|line:527| 官方 或 预约 OUT！
2025-10-01 17:09:57,099|line:520| https://t.bilibili.com/1107510081008697365
2025-10-01 17:10:00,405|line:527| 官方 或 预约 OUT！
2025-10-01 17:10:00,406|line:520| https://t.bilibili.com/1098692113704419337
2025-10-01 17:10:03,707|line:527| 官方 或 预约 OUT！
2025-10-01 17:10:03,708|line:520| https://t.bilibili.com/1115795257596837927
2025-10-01 17:10:07,093|line:527| 官方 或 预约 OUT！
2025-10-01 17:10:07,093|line:520| https://t.bilibili.com/1085689589830516741
2025-10-01 17:10:08,389|line:527| 官方 或 预约 OUT！
2025-10-01 17:10:08,389|line:520| https://t.bilibili.com/1116039185935892484
2025-10-01 17:10:12,773|line:527| 官方 或 预约 OUT！
2025-10-01 17:10:12,774|line:520| https://t.bilibili.com/1115764832054804482
2025-10-01 17:10:15,170|line:527| 官方 或 预约 OUT！
2025-10-01 17:10:15,170|line:520| https://t.bilibili.com/1117153571070017542
2025-10-01 17:10:18,559|line:527| 官方 或 预约 OUT！
2025-10-01 17:10:18,559|line:520| https://t.bilibili.com/1114208323015540742
2025-10-01 17:10:22,946|line:527| 官方 或 预约 OUT！
2025-10-01 17:10:22,946|line:520| https://t.bilibili.com/1116420106568597509
2025-10-01 17:10:26,249|line:527| 官方 或 预约 OUT！
2025-10-01 17:10:26,249|line:520| https://t.bilibili.com/1107149179155644417
2025-10-01 17:10:30,593|line:527| 官方 或 预约 OUT！
2025-10-01 17:10:30,594|line:520| https://t.bilibili.com/1118261324740034561
2025-10-01 17:10:34,199|line:527| 官方 或 预约 OUT！
2025-10-01 17:10:34,199|line:520| https://t.bilibili.com/1114183042814967815
2025-10-01 17:10:35,573|line:527| 官方 或 预约 OUT！
2025-10-01 17:10:35,574|line:520| https://t.bilibili.com/1116067348060569605
2025-10-01 17:10:39,955|line:527| 官方 或 预约 OUT！
2025-10-01 17:10:39,955|line:520| https://t.bilibili.com/1113515570556305417
2025-10-01 17:10:41,250|line:527| 官方 或 预约 OUT！
2025-10-01 17:10:41,251|line:520| https://t.bilibili.com/1108335728325034005
2025-10-01 17:10:44,551|line:527| 官方 或 预约 OUT！
2025-10-01 17:10:44,551|line:520| https://t.bilibili.com/1116046521777782806
2025-10-01 17:10:47,931|line:527| 官方 或 预约 OUT！
2025-10-01 17:10:47,931|line:520| https://t.bilibili.com/1117510500023795720
2025-10-01 17:10:51,294|line:527| 官方 或 预约 OUT！
2025-10-01 17:10:51,294|line:520| https://t.bilibili.com/1117198350379122711
2025-10-01 17:10:54,665|line:527| 官方 或 预约 OUT！
2025-10-01 17:10:54,665|line:520| https://t.bilibili.com/1107470416938532866
2025-10-01 17:10:57,041|line:527| 官方 或 预约 OUT！
2025-10-01 17:10:57,041|line:520| https://t.bilibili.com/1116892299595350039
2025-10-01 17:11:01,398|line:527| 官方 或 预约 OUT！
2025-10-01 17:11:01,398|line:520| https://t.bilibili.com/1107509337944752131
2025-10-01 17:11:04,958|line:527| 官方 或 预约 OUT！
2025-10-01 17:11:04,959|line:520| https://t.bilibili.com/1116748624368238631
2025-10-01 17:11:07,514|line:527| 官方 或 预约 OUT！
2025-10-01 17:11:07,514|line:520| https://t.bilibili.com/1101791821680345092
2025-10-01 17:11:09,815|line:527| 官方 或 预约 OUT！
2025-10-01 17:11:09,815|line:520| https://t.bilibili.com/1110550423928832041
2025-10-01 17:11:13,187|line:527| 官方 或 预约 OUT！
2025-10-01 17:11:13,188|line:520| https://t.bilibili.com/1116410756437377042
2025-10-01 17:11:14,536|line:527| 官方 或 预约 OUT！
2025-10-01 17:11:14,536|line:520| https://t.bilibili.com/1107567126748594184
2025-10-01 17:11:18,833|line:527| 官方 或 预约 OUT！
2025-10-01 17:11:18,834|line:520| https://t.bilibili.com/1117151938980347912
2025-10-01 17:11:20,208|line:527| 官方 或 预约 OUT！
2025-10-01 17:11:20,208|line:520| https://t.bilibili.com/1116788580464721943
2025-10-01 17:11:23,628|line:527| 官方 或 预约 OUT！
2025-10-01 17:11:23,628|line:520| https://t.bilibili.com/1107602577414946822
2025-10-01 17:11:27,003|line:527| 官方 或 预约 OUT！
2025-10-01 17:11:27,003|line:520| https://t.bilibili.com/1116409755700559945
2025-10-01 17:11:29,320|line:527| 官方 或 预约 OUT！
2025-10-01 17:11:29,321|line:520| https://t.bilibili.com/1116786901079031815
2025-10-01 17:11:30,679|line:527| 官方 或 预约 OUT！
2025-10-01 17:11:30,680|line:520| https://t.bilibili.com/1116410412841041923
2025-10-01 17:11:34,993|line:527| 官方 或 预约 OUT！
2025-10-01 17:11:34,993|line:520| https://t.bilibili.com/1108666415028633621
2025-10-01 17:11:37,424|line:527| 官方 或 预约 OUT！
2025-10-01 17:11:37,425|line:520| https://t.bilibili.com/1107953231406825505
2025-10-01 17:11:40,807|line:527| 官方 或 预约 OUT！
2025-10-01 17:11:40,807|line:520| https://t.bilibili.com/1116934553464733699
2025-10-01 17:11:43,109|line:527| 官方 或 预约 OUT！
2025-10-01 17:11:43,110|line:520| https://t.bilibili.com/1097943466533453840
2025-10-01 17:11:46,511|line:527| 官方 或 预约 OUT！
2025-10-01 17:11:46,512|line:520| https://t.bilibili.com/1098963942140542983
2025-10-01 17:11:51,008|line:527| 官方 或 预约 OUT！
2025-10-01 17:11:51,008|line:520| https://t.bilibili.com/1116455462749863945
2025-10-01 17:11:53,315|line:527| 官方 或 预约 OUT！
2025-10-01 17:11:53,315|line:520| https://t.bilibili.com/1117136567303929858
2025-10-01 17:11:55,913|line:527| 官方 或 预约 OUT！
2025-10-01 17:11:55,914|line:520| https://t.bilibili.com/1116039980531056645
2025-10-01 17:11:58,217|line:527| 官方 或 预约 OUT！
2025-10-01 17:11:58,217|line:520| https://t.bilibili.com/1114184473070534656
2025-10-01 17:12:01,596|line:527| 官方 或 预约 OUT！
2025-10-01 17:12:01,596|line:520| https://t.bilibili.com/1114250357813280776
2025-10-01 17:12:03,941|line:527| 官方 或 预约 OUT！
2025-10-01 17:12:03,942|line:520| https://t.bilibili.com/1117945807826321463
2025-10-01 17:12:07,242|line:527| 官方 或 预约 OUT！
2025-10-01 17:12:07,243|line:520| https://t.bilibili.com/1108247896241733632
2025-10-01 17:12:10,602|line:347| 'NoneType' object has no attribute 'get'
2025-10-01 17:12:10,603|line:348| error line:329
2025-10-01 17:12:10,603|line:534| *#*#*#*#*#*#*#*#*#*原动态处理失败*#*#*#*#*#*#*#*#*#
2025-10-01 17:12:10,603|line:520| https://t.bilibili.com/1114170883743678472
2025-10-01 17:12:13,970|line:527| 官方 或 预约 OUT！
2025-10-01 17:12:13,970|line:520| https://t.bilibili.com/1114183352052613126
2025-10-01 17:12:17,294|line:527| 官方 或 预约 OUT！
2025-10-01 17:12:17,295|line:520| https://t.bilibili.com/1117538571930042392
2025-10-01 17:12:19,647|line:527| 官方 或 预约 OUT！
2025-10-01 17:12:19,647|line:520| https://t.bilibili.com/1113425775660367879
2025-10-01 17:12:24,030|line:527| 官方 或 预约 OUT！
2025-10-01 17:12:24,030|line:520| https://t.bilibili.com/1114554377070182436
2025-10-01 17:12:26,387|line:527| 官方 或 预约 OUT！
2025-10-01 17:12:26,388|line:520| https://t.bilibili.com/1114223703283990534
2025-10-01 17:12:29,689|line:527| 官方 或 预约 OUT！
2025-10-01 17:12:29,690|line:520| https://t.bilibili.com/1116817038883422232
2025-10-01 17:12:31,066|line:527| 官方 或 预约 OUT！
2025-10-01 17:12:31,066|line:553| 执行结束
2025-10-01 17:12:31,067|line:559| ==================================================2025-10-02 01:12==================================================
2025-10-01 17:12:39,492|line:579| ('reply: ', '小闪闪bling', 'hhh腾子买库洛让我感觉他自己有点不太想出大世界了')
2025-10-01 17:12:39,493|line:579| ('reply: ', '我不是可洛蒂娅', '不是，这……')
2025-10-01 17:12:39,493|line:579| ('reply: ', '好像都是一个人', '你在说什么')
2025-10-01 17:12:39,493|line:579| ('reply: ', '目标咨询', '太宠粉了啊')
2025-10-01 17:12:39,493|line:579| ('reply: ', '数玩工场', '祝你成功')
2025-10-01 17:12:39,493|line:579| ('reply: ', '益家有小佰', '恭喜宝子，获得小电视月度会员1份和克刻冰冰猴喉糖随机口味1份～记得私信小佰提供信息哦~')
2025-10-01 17:12:39,493|line:579| ('reply: ', '圆环之理-Madoka', '是的')
2025-10-01 17:12:39,493|line:579| ('reply: ', '兰的三姨', '这就是银河巨星的实力！')
2025-10-01 17:12:39,493|line:579| ('reply: ', '花园百合铃音', '有男不玩，我只吃麻辣火锅，xxn滚[吃瓜]')
2025-10-01 17:12:39,494|line:579| ('reply: ', '是绝赞的阿鬼', '[tv_难过]')
2025-10-01 17:12:39,494|line:579| ('reply: ', '桃稚不幼稚', '还行')
2025-10-01 17:12:39,494|line:579| ('reply: ', '陌罔子吖', '佬，这个报名有啥条件不。最近太非了，想下次报来抽[脱单doge][脱单doge][脱单doge]')
2025-10-01 17:12:39,494|line:579| ('reply: ', '太二酸菜鱼', '恭喜成为本期欧皇[打call]获得【肥龙联名显眼包】1份，在收到本信息的两天内回复哥的私信哦~逾期哥就自己收啦！[脱单doge]')
2025-10-01 17:12:39,494|line:579| ('reply: ', '得一想二的松鼠', '中奖分我一半')
2025-10-01 17:12:39,494|line:579| ('reply: ', '佑凉Uriyoo', '谢谢！！！[UP_24967030_感恩]')
2025-10-01 17:12:39,494|line:579| ('reply: ', '岛莓祁', '好耶')
2025-10-01 17:12:39,494|line:579| ('reply: ', '苏酥_SUSU_', 'https://b23.tv/3HJcDkm')
2025-10-01 17:12:39,494|line:579| ('reply: ', '心想事成イ', 'I[UP_410636303_比心鸟][UP_410636303_比心鸟][UP_410636303_比心鸟]')
2025-10-01 17:12:39,494|line:579| ('reply: ', 'FWF第五人格娱乐赛', '加油[doge]')
2025-10-01 17:12:39,495|line:579| ('reply: ', '神奇猫咪_有钱哒', '好耶')
2025-10-01 17:12:43,897|line:588| ('at: ', '联想拯救者官方', '是我喜欢的奖品名单 直接开奖 上 趁现在没人偷摸开个奖 恭喜这些小伙伴 【拯救者7.1声卡H7游戏耳机】获奖名单 @泪水打湿猪脚饭o @xoomoon @小小Shaun @T山海连云T @超超超超薄脆饼干 @BerboomC 【拯救者C140氮化镓适配器】获奖名单 @改个天凉好个秋 @夜猫子牙不好 @LLL好久不见 @林殇倾慕婉 @今天也要拥抱微风 @洳不及我万一 @胜利の天平 【白金独角兽电竞鼠标】获奖名单 @底片上的诗旅人 【拯救者C170氮化镓适配器】获奖名单 @麦當劳无限好 @無名丶の辈 @任性的提莫 @广东有暖风 由于B站私信规则修改 我会私信中奖的小伙伴一条消息，还请注意查收并回复我您的收货地址与联系方式，奖品基本会在私信您信息后的三十个工作日内发货')
2025-10-01 17:12:43,897|line:588| ('at: ', 'Apexgaming艾湃电竞', '恭喜 @小小Shaun 获得饮料一份，三天内联系我，过时不候！')
2025-10-01 17:12:43,897|line:588| ('at: ', '喜欢白毛有什么不好', '1 @浪子游2fans6@被_____打下来的飞机@拉斯特臣后面一个点@专心致志的学生@猫猫头OmMeow@小小Shaun@龐門左道@啦啦痴痴腻@bili_66938050009@日月星辰668')
2025-10-01 17:12:43,897|line:588| ('at: ', 'iKF蓝牙耳机', '恭喜@小小Shaun 宝子成为苏泊尔福利动态幸运儿！\n注意：即日起72小时内回复信息确认领奖哦！逾期将自动视为放弃中奖资格。\n没有中奖的宝子们不要气馁，参与一下下置顶视频iKF Mars，增加欧气值，说不定下个幸运儿就是你！\n链接：\nhttps://www.bilibili.com/video/BV1Soo6YLEHZ/?spm_id_from=333.1387.list.card_archive.click&vd_source=21fb0967ccc75e6b3b2447ade2c740dd\n还没参与抽奖的宝子们，赶紧点击上方链接参与吧！还有特别福利惊喜等你哦~')
2025-10-01 17:12:43,898|line:588| ('at: ', 'wellymerck威利默克', '恭喜@小小Shaun\xa0 获得《我是你的小狗3 永远等你回家》1本，请于5天内联系威宝，凭关注+互动截图领取奖品，逾期作废~')
2025-10-01 17:12:43,898|line:588| ('at: ', '宁美NINGMEI', '恭喜@小小Shaun   中奖，请在12月1日24点前私信我：1. 奖品+中奖信息a. 实物奖：姓名电话地址，给文字！省市区路清晰，提交不清晰不发奖，信息错误致无法签收，概不负责；\n\nb. 现金红包给到支付宝实名+账号；\n\nc. 京东卡/猫超卡 等购物卡给到姓名+电话；2. 宁美和品牌方关注截图+转发截图！\n\n必须关注品牌方，否则奖品不予发放；如遇无法私信图片的情况，等待我回复后即可发送图片。PS： \n\n因后台收信有时会出问题，以回复“已登记”为准，没有回复即表示私信未收到。\n\n过期视为自动放弃，不会补发；奖品30个工作日内发送，勿催哦~\n\n不发全，不回复。其他小伙伴请继续努力！')
2025-10-01 17:12:43,898|line:588| ('at: ', '爱玛电动车官方账号', '#一“玛”当先榜# 快来看看10月都是谁和爱玛酱互动最多呀~ 💕恭喜@小小Shaun 和@甘瑞凯拉莎 排行第一！这两位小玛达将会获得【爱玛随机周边×1】，请5天内私信爱玛酱领奖哟~[鼓掌] 以后也请继续单推我无敌可爱美少女爱玛酱呀嘿嘿！(●´З｀●)')
2025-10-01 17:12:43,898|line:588| ('at: ', '爱玛电动车官方账号', '')
2025-10-01 17:12:43,898|line:588| ('at: ', '海露滴眼液', '互动榜出炉啦')
2025-10-01 17:12:43,898|line:588| ('at: ', '和蔼可亲桃白白', '\u200b//@九号公司:\u200b恭喜@小小Shaun 中奖！后续记得查收私信哟～\u200b//@九号公司:#互动抽奖# 谢谢粒粒的复工礼！小九也来加个码~关注【@微粒贷+@九号公司 】并转发该动态，抽一位小可爱获得【100元京东卡】~ #供电局福利社# 10月31日抽出！')
2025-10-01 17:12:43,898|line:588| ('at: ', '望大家身体健康快乐', '\u200b//@九号公司:\u200b恭喜@小小Shaun 中奖！后续记得查收私信哟～\u200b//@九号公司 :#互动抽奖# 谢谢粒粒的复工礼！小九也来加个码~关注【@微粒贷+@九号公司 】并转发该动态，抽一位小可爱获得【100元京东卡】~ #供电局福利社# 10月31日抽出！')
2025-10-01 17:12:43,898|line:588| ('at: ', 'MoMA_Reona', '//@九号公司:\u200b恭喜@小小Shaun 中奖！后续记得查收私信哟～\u200b//@九号公司:#互动抽奖# 谢谢粒粒的复工礼！小九也来加个码~关注【@微粒贷+@九号公司 】并转发该动态，抽一位小可爱获得【100元京东卡】~ #供电局福利社# 10月31日抽出！')
2025-10-01 17:12:43,898|line:588| ('at: ', '摸鱼二队', '\u200b//@九号公司:\u200b恭喜@小小Shaun 中奖！后续记得查收私信哟～\u200b//@九号公司 :#互动抽奖# 谢谢粒粒的复工礼！小九也来加个码~关注【@微粒贷+@九号公司 】并转发该动态，抽一位小可爱获得【100元京东卡】~ #供电局福利社# 10月31日抽出！')
2025-10-01 17:12:43,898|line:588| ('at: ', '文少嘅一些事一些情', '\u200b//@九号公司:\u200b恭喜@小小Shaun 中奖！后续记得查收私信哟～\u200b//@九号公司 :#互动抽奖# 谢谢粒粒的复工礼！小九也来加个码~关注【@微粒贷+@九号公司 】并转发该动态，抽一位小可爱获得【100元京东卡】~ #供电局福利社# 10月31日抽出！')
2025-10-01 17:12:43,899|line:588| ('at: ', 'Carry队友的嘟嘟酱丶', '\u200b//@九号公司:\u200b恭喜@小小Shaun 中奖！后续记得查收私信哟～\u200b//@九号公司 :#互动抽奖# 谢谢粒粒的复工礼！小九也来加个码~关注【@微粒贷+@九号公司 】并转发该动态，抽一位小可爱获得【100元京东卡】~ #供电局福利社# 10月31日抽出！')
2025-10-01 17:12:43,899|line:588| ('at: ', '蛤蟆zero', '//@九号公司:\u200b恭喜@小小Shaun 中奖！后续记得查收私信哟～\u200b//@九号公司:#互动抽奖# 谢谢粒粒的复工礼！小九也来加个码~关注【@微粒贷+@九号公司 】并转发该动态，抽一位小可爱获得【100元京东卡】~ #供电局福利社# 10月31日抽出！c冲冲冲')
2025-10-01 17:12:43,899|line:588| ('at: ', '木而各子要吃笃栗子', '\u200b//@九号公司:\u200b恭喜@小小Shaun 中奖！后续记得查收私信哟～\u200b//@九号公司 :#互动抽奖# 谢谢粒粒的复工礼！小九也来加个码~关注【@微粒贷+@九号公司 】并转发该动态，抽一位小可爱获得【100元京东卡】~ #供电局福利社# 10月31日抽出！')
2025-10-01 17:12:43,899|line:588| ('at: ', '裙下愚臣情默默', '\u200b//@九号公司:\u200b恭喜@小小Shaun 中奖！后续记得查收私信哟～\u200b//@九号公司 :#互动抽奖# 谢谢粒粒的复工礼！小九也来加个码~关注【@微粒贷+@九号公司 】并转发该动态，抽一位小可爱获得【100元京东卡】~ #供电局福利社# 10月31日抽出！')
2025-10-01 17:12:43,899|line:588| ('at: ', '戊子毕宿', '')
2025-10-01 17:12:43,899|line:588| ('at: ', '九号电动', '\u200b恭喜@小小Shaun 中奖！后续记得查收私信哟～\u200b//@九号公司:#互动抽奖# 谢谢粒粒的复工礼！小九也来加个码~关注【@微粒贷+@九号公司 】并转发该动态，抽一位小可爱获得【100元京东卡】~ #供电局福利社# 10月31日抽出！')
