2025-06-11 16:37:21,141|line:233| processing article 41977281
2025-06-11 16:37:24,348|line:508| ==================================================2025-06-12 00:37==================================================
2025-06-11 16:37:24,348|line:520| https://t.bilibili.com/1072968068482727957
2025-06-11 16:37:28,850|line:342| =========此为源动态=========
2025-06-11 16:37:30,475|line:363| *********子动态开始*********
2025-06-11 16:37:30,475|line:382| *********子动态结束*********
2025-06-11 16:37:30,475|line:538| -=-=-=-=处理回最初的动态-=-=-=-=
2025-06-11 16:37:41,903|line:476| 转发成功 1077269972157202455
2025-06-11 16:37:45,520|line:495| 评论发送成功
2025-06-11 16:37:50,829|line:425| 165016731 === 已经关注了
2025-06-11 16:37:54,256|line:504| 动态-点赞 0
2025-06-11 16:37:57,257|line:520| https://t.bilibili.com/1075221659297775618
2025-06-11 16:37:58,607|line:527| 官方 或 预约 OUT！
2025-06-11 16:37:58,607|line:520| https://t.bilibili.com/1075301202102583297
2025-06-11 16:38:00,954|line:527| 官方 或 预约 OUT！
2025-06-11 16:38:00,955|line:520| https://t.bilibili.com/1073038265436602371
2025-06-11 16:38:04,290|line:527| 官方 或 预约 OUT！
2025-06-11 16:38:04,290|line:520| https://t.bilibili.com/1065992564880965633
2025-06-11 16:38:05,653|line:527| 官方 或 预约 OUT！
2025-06-11 16:38:05,653|line:520| https://t.bilibili.com/1073003549240066052
2025-06-11 16:38:08,988|line:527| 官方 或 预约 OUT！
2025-06-11 16:38:08,988|line:520| https://t.bilibili.com/1075989758399741960
2025-06-11 16:38:10,493|line:342| =========此为源动态=========
2025-06-11 16:38:14,031|line:363| *********子动态开始*********
2025-06-11 16:38:14,031|line:382| *********子动态结束*********
2025-06-11 16:38:14,031|line:538| -=-=-=-=处理回最初的动态-=-=-=-=
2025-06-11 16:38:23,349|line:476| 转发成功 1077270152568897542
2025-06-11 16:38:27,007|line:495| 评论发送成功
2025-06-11 16:38:31,828|line:437| 关注 ==== 3546656452643140 0
2025-06-11 16:38:35,183|line:504| 动态-点赞 0
2025-06-11 16:38:39,183|line:520| https://t.bilibili.com/1076301190731399175
2025-06-11 16:38:42,517|line:342| =========此为源动态=========
2025-06-11 16:38:44,065|line:363| *********子动态开始*********
2025-06-11 16:38:44,065|line:382| *********子动态结束*********
2025-06-11 16:38:44,065|line:538| -=-=-=-=处理回最初的动态-=-=-=-=
2025-06-11 16:38:51,712|line:476| 转发成功 1077270272836370434
2025-06-11 16:38:55,152|line:495| 评论发送成功
2025-06-11 16:39:01,033|line:437| 关注 ==== 11399495 0
2025-06-11 16:39:04,409|line:504| 动态-点赞 0
2025-06-11 16:39:06,410|line:520| https://t.bilibili.com/1074155970539552771
2025-06-11 16:39:09,782|line:527| 官方 或 预约 OUT！
2025-06-11 16:39:09,782|line:520| https://t.bilibili.com/1074966005658157062
2025-06-11 16:39:14,133|line:527| 官方 或 预约 OUT！
2025-06-11 16:39:14,133|line:520| https://t.bilibili.com/1076094856197046278
2025-06-11 16:39:18,485|line:527| 官方 或 预约 OUT！
2025-06-11 16:39:18,486|line:520| https://t.bilibili.com/1074923683040985091
2025-06-11 16:39:22,880|line:527| 官方 或 预约 OUT！
2025-06-11 16:39:22,880|line:553| 执行结束
2025-06-11 16:39:22,880|line:559| ==================================================2025-06-12 00:39==================================================
2025-06-11 16:39:22,881|line:233| processing article 41975654
2025-06-11 16:39:28,114|line:508| ==================================================2025-06-12 00:39==================================================
2025-06-11 16:39:28,114|line:520| https://t.bilibili.com/1074109443192389650
2025-06-11 16:39:32,459|line:527| 官方 或 预约 OUT！
2025-06-11 16:39:32,459|line:520| https://t.bilibili.com/1071996499672432665
2025-06-11 16:39:36,816|line:527| 官方 或 预约 OUT！
2025-06-11 16:39:36,816|line:520| https://t.bilibili.com/1072237941228568581
2025-06-11 16:39:36,816|line:522| 已有
2025-06-11 16:39:36,816|line:520| https://t.bilibili.com/1075319000464883750
2025-06-11 16:39:36,816|line:522| 已有
2025-06-11 16:39:36,817|line:520| https://t.bilibili.com/1075219294935056393
2025-06-11 16:39:36,817|line:522| 已有
2025-06-11 16:39:36,817|line:520| https://t.bilibili.com/1074801824120176681
2025-06-11 16:39:36,817|line:522| 已有
2025-06-11 16:39:36,817|line:520| https://t.bilibili.com/1072701411167305751
2025-06-11 16:39:38,183|line:527| 官方 或 预约 OUT！
2025-06-11 16:39:38,184|line:520| https://t.bilibili.com/1069727492031381511
2025-06-11 16:39:40,521|line:342| =========此为源动态=========
2025-06-11 16:39:44,950|line:363| *********子动态开始*********
2025-06-11 16:39:44,950|line:382| *********子动态结束*********
2025-06-11 16:39:44,950|line:538| -=-=-=-=处理回最初的动态-=-=-=-=
2025-06-11 16:39:57,249|line:476| 转发成功 1077270556272754692
2025-06-11 16:40:00,753|line:495| 评论发送成功
2025-06-11 16:40:02,217|line:425| 1930420310 === 已经关注了
2025-06-11 16:40:05,593|line:504| 动态-点赞 0
2025-06-11 16:40:06,593|line:520| https://t.bilibili.com/1041907964492906531
2025-06-11 16:40:09,952|line:527| 官方 或 预约 OUT！
2025-06-11 16:40:09,952|line:520| https://t.bilibili.com/1075342485324038144
2025-06-11 16:40:14,299|line:342| =========此为源动态=========
2025-06-11 16:40:16,863|line:363| *********子动态开始*********
2025-06-11 16:40:16,863|line:382| *********子动态结束*********
2025-06-11 16:40:16,863|line:538| -=-=-=-=处理回最初的动态-=-=-=-=
2025-06-11 16:40:23,367|line:476| 转发成功 1077270667932467208
2025-06-11 16:40:26,787|line:495| 评论发送成功
2025-06-11 16:40:29,410|line:425| 427983019 === 已经关注了
2025-06-11 16:40:32,817|line:504| 动态-点赞 0
2025-06-11 16:40:33,817|line:520| https://t.bilibili.com/1070055552375062549
2025-06-11 16:40:38,307|line:342| =========此为源动态=========
2025-06-11 16:40:41,847|line:363| *********子动态开始*********
2025-06-11 16:40:41,848|line:382| *********子动态结束*********
2025-06-11 16:40:41,848|line:538| -=-=-=-=处理回最初的动态-=-=-=-=
2025-06-11 16:40:53,102|line:476| 转发成功 1077270792519024643
2025-06-11 16:40:56,586|line:495| 评论发送成功
2025-06-11 16:41:04,462|line:437| 关注 ==== 1917691550 0
2025-06-11 16:41:07,844|line:504| 动态-点赞 0
2025-06-11 16:41:11,844|line:520| https://t.bilibili.com/1075219294926667849
2025-06-11 16:41:11,844|line:522| 已有
2025-06-11 16:41:11,845|line:520| https://t.bilibili.com/1069626897482121222
2025-06-11 16:41:15,179|line:527| 官方 或 预约 OUT！
2025-06-11 16:41:15,180|line:520| https://t.bilibili.com/1072005690865745936
2025-06-11 16:41:17,515|line:527| 官方 或 预约 OUT！
2025-06-11 16:41:17,515|line:520| https://t.bilibili.com/1074479351538384898
2025-06-11 16:41:17,515|line:522| 已有
2025-06-11 16:41:17,515|line:520| https://t.bilibili.com/1073332172223414274
2025-06-11 16:41:17,515|line:522| 已有
2025-06-11 16:41:17,515|line:520| https://t.bilibili.com/1074942383354806272
2025-06-11 16:41:18,854|line:342| =========此为源动态=========
2025-06-11 16:41:20,453|line:363| *********子动态开始*********
2025-06-11 16:41:20,454|line:382| *********子动态结束*********
2025-06-11 16:41:20,454|line:538| -=-=-=-=处理回最初的动态-=-=-=-=
2025-06-11 16:41:30,787|line:476| 转发成功 1077270955700518928
2025-06-11 16:41:34,263|line:495| 评论发送成功
2025-06-11 16:41:37,850|line:425| 102236507 === 已经关注了
2025-06-11 16:41:41,225|line:504| 动态-点赞 0
2025-06-11 16:41:43,225|line:520| https://t.bilibili.com/1072699008107937801
2025-06-11 16:41:43,225|line:522| 已有
2025-06-11 16:41:43,226|line:520| https://t.bilibili.com/1071939376601104384
2025-06-11 16:41:47,561|line:342| =========此为源动态=========
2025-06-11 16:41:52,090|line:363| *********子动态开始*********
2025-06-11 16:41:52,090|line:382| *********子动态结束*********
2025-06-11 16:41:52,090|line:538| -=-=-=-=处理回最初的动态-=-=-=-=
2025-06-11 16:42:01,400|line:476| 转发成功 1077271088841359379
2025-06-11 16:42:04,788|line:495| 评论发送成功
2025-06-11 16:42:09,220|line:425| 1024366005 === 已经关注了
2025-06-11 16:42:12,775|line:504| 动态-点赞 0
2025-06-11 16:42:13,775|line:520| https://t.bilibili.com/1067162685751164952
2025-06-11 16:42:17,234|line:342| =========此为源动态=========
2025-06-11 16:42:20,793|line:363| *********子动态开始*********
2025-06-11 16:42:20,793|line:382| *********子动态结束*********
2025-06-11 16:42:20,794|line:538| -=-=-=-=处理回最初的动态-=-=-=-=
2025-06-11 16:42:33,208|line:476| 转发成功 1077271226265632770
2025-06-11 16:42:36,559|line:495| 评论发送成功
2025-06-11 16:42:38,983|line:425| 619185460 === 已经关注了
2025-06-11 16:42:42,346|line:504| 动态-点赞 0
2025-06-11 16:42:44,346|line:520| https://t.bilibili.com/1070866775055269893
2025-06-11 16:42:46,702|line:342| =========此为源动态=========
2025-06-11 16:42:48,129|line:363| *********子动态开始*********
2025-06-11 16:42:48,130|line:382| *********子动态结束*********
2025-06-11 16:42:48,130|line:538| -=-=-=-=处理回最初的动态-=-=-=-=
2025-06-11 16:42:58,351|line:476| 转发成功 1077271333651349507
2025-06-11 16:43:01,801|line:495| 评论发送成功
2025-06-11 16:43:05,225|line:425| 1242470427 === 已经关注了
2025-06-11 16:43:08,585|line:504| 动态-点赞 0
2025-06-11 16:43:12,585|line:553| 执行结束
2025-06-11 16:43:12,586|line:559| ==================================================2025-06-12 00:43==================================================
2025-06-11 16:43:12,586|line:233| processing article 41964563
2025-06-11 16:43:17,882|line:508| ==================================================2025-06-12 00:43==================================================
2025-06-11 16:43:17,882|line:520| https://t.bilibili.com/1074862990889582613
2025-06-11 16:43:20,232|line:527| 官方 或 预约 OUT！
2025-06-11 16:43:20,232|line:520| https://t.bilibili.com/1073003549240066052
2025-06-11 16:43:22,573|line:527| 官方 或 预约 OUT！
2025-06-11 16:43:22,574|line:520| https://t.bilibili.com/1074196476367732744
2025-06-11 16:43:22,574|line:522| 已有
2025-06-11 16:43:22,574|line:520| https://t.bilibili.com/1070353876521058322
2025-06-11 16:43:23,943|line:527| 官方 或 预约 OUT！
2025-06-11 16:43:23,943|line:520| https://t.bilibili.com/1075003960285200387
2025-06-11 16:43:23,944|line:522| 已有
2025-06-11 16:43:23,944|line:520| https://t.bilibili.com/1074966005658157062
2025-06-11 16:43:26,281|line:527| 官方 或 预约 OUT！
2025-06-11 16:43:26,281|line:520| https://t.bilibili.com/1074923683040985091
2025-06-11 16:43:30,657|line:527| 官方 或 预约 OUT！
2025-06-11 16:43:30,657|line:553| 执行结束
2025-06-11 16:43:30,658|line:559| ==================================================2025-06-12 00:43==================================================
2025-06-11 16:43:30,658|line:233| processing article 41964062
2025-06-11 16:43:33,121|line:508| ==================================================2025-06-12 00:43==================================================
2025-06-11 16:43:33,121|line:520| https://t.bilibili.com/1071473368348229655
2025-06-11 16:43:33,122|line:522| 已有
2025-06-11 16:43:33,122|line:520| https://t.bilibili.com/1075189550145339424
2025-06-11 16:43:33,122|line:522| 已有
2025-06-11 16:43:33,122|line:520| https://t.bilibili.com/1071602144351617026
2025-06-11 16:43:34,466|line:527| 官方 或 预约 OUT！
2025-06-11 16:43:34,466|line:520| https://t.bilibili.com/1073476747258757126
2025-06-11 16:43:37,828|line:527| 官方 或 预约 OUT！
2025-06-11 16:43:37,829|line:520| https://t.bilibili.com/1065346271089262596
2025-06-11 16:43:42,359|line:527| 官方 或 预约 OUT！
2025-06-11 16:43:42,359|line:520| https://t.bilibili.com/1071973461441642497
2025-06-11 16:43:46,713|line:527| 官方 或 预约 OUT！
2025-06-11 16:43:46,713|line:520| https://t.bilibili.com/1074493417556279315
2025-06-11 16:43:48,111|line:527| 官方 或 预约 OUT！
2025-06-11 16:43:48,111|line:520| https://t.bilibili.com/1070145222738968599
2025-06-11 16:43:49,460|line:527| 官方 或 预约 OUT！
2025-06-11 16:43:49,460|line:520| https://t.bilibili.com/1069359241577365505
2025-06-11 16:43:49,460|line:522| 已有
2025-06-11 16:43:49,460|line:520| https://t.bilibili.com/1074446200811290681
2025-06-11 16:43:49,460|line:522| 已有
2025-06-11 16:43:49,460|line:520| https://t.bilibili.com/1065566972243083269
2025-06-11 16:43:52,818|line:527| 官方 或 预约 OUT！
2025-06-11 16:43:52,819|line:520| https://t.bilibili.com/1065607718615646208
2025-06-11 16:43:55,176|line:527| 官方 或 预约 OUT！
2025-06-11 16:43:55,176|line:520| https://t.bilibili.com/1074087852380258307
2025-06-11 16:43:57,512|line:527| 官方 或 预约 OUT！
2025-06-11 16:43:57,512|line:520| https://t.bilibili.com/1065682975035752489
2025-06-11 16:44:00,083|line:527| 官方 或 预约 OUT！
2025-06-11 16:44:00,083|line:520| https://t.bilibili.com/1071502690089959432
2025-06-11 16:44:00,083|line:522| 已有
2025-06-11 16:44:00,084|line:553| 执行结束
2025-06-11 16:44:00,084|line:559| ==================================================2025-06-12 00:44==================================================
2025-06-11 16:44:00,084|line:233| processing article 41977213
2025-06-11 16:44:05,496|line:508| ==================================================2025-06-12 00:44==================================================
2025-06-11 16:44:05,496|line:520| https://t.bilibili.com/1077100269414645785
2025-06-11 16:44:08,000|line:342| =========此为源动态=========
2025-06-11 16:44:12,534|line:363| *********子动态开始*********
2025-06-11 16:44:12,534|line:382| *********子动态结束*********
2025-06-11 16:44:12,535|line:538| -=-=-=-=处理回最初的动态-=-=-=-=
2025-06-11 16:44:21,839|line:476| 转发成功 1077271690139926550
2025-06-11 16:44:25,389|line:495| 评论发送成功
2025-06-11 16:44:29,817|line:425| 26012012 === 已经关注了
2025-06-11 16:44:33,177|line:504| 动态-点赞 0
2025-06-11 16:44:36,177|line:520| https://t.bilibili.com/1077079112396308516
2025-06-11 16:44:38,506|line:527| 官方 或 预约 OUT！
2025-06-11 16:44:38,507|line:520| https://t.bilibili.com/1077043691821989896
2025-06-11 16:44:42,835|line:527| 官方 或 预约 OUT！
2025-06-11 16:44:42,836|line:520| https://t.bilibili.com/1077148050916376614
2025-06-11 16:44:47,188|line:342| =========此为源动态=========
2025-06-11 16:44:50,556|line:363| *********子动态开始*********
2025-06-11 16:44:50,556|line:382| *********子动态结束*********
2025-06-11 16:44:50,556|line:538| -=-=-=-=处理回最初的动态-=-=-=-=
2025-06-11 16:45:00,871|line:476| 转发成功 1077271857658331141
2025-06-11 16:45:04,307|line:495| 评论发送成功
2025-06-11 16:45:08,724|line:425| 35046997 === 已经关注了
2025-06-11 16:45:12,094|line:504| 动态-点赞 0
2025-06-11 16:45:16,094|line:520| https://t.bilibili.com/1077028693783609344
2025-06-11 16:45:19,627|line:337| =========此为子动态=========
2025-06-11 16:45:21,069|line:401| *************原动态已存在***************
2025-06-11 16:45:25,646|line:363| *********子动态开始*********
2025-06-11 16:45:34,067|line:476| 转发成功 1077271999413223425
2025-06-11 16:45:37,534|line:495| 评论发送成功
2025-06-11 16:45:45,339|line:425| 505670427 === 已经关注了
2025-06-11 16:45:45,339|line:377| ----完成一个子动态----
2025-06-11 16:45:55,644|line:476| 转发成功 1077272093869998085
2025-06-11 16:45:59,115|line:495| 评论发送成功
2025-06-11 16:46:06,034|line:425| 618447026 === 已经关注了
2025-06-11 16:46:06,034|line:377| ----完成一个子动态----
2025-06-11 16:46:15,330|line:476| 转发成功 1077272179748372482
2025-06-11 16:46:18,758|line:495| 评论发送成功
2025-06-11 16:46:26,506|line:425| 1694196506 === 已经关注了
2025-06-11 16:46:26,506|line:377| ----完成一个子动态----
2025-06-11 16:46:33,901|line:476| 转发成功 1077272257089241110
2025-06-11 16:46:37,354|line:495| 评论发送成功
2025-06-11 16:46:46,106|line:425| 432158620 === 已经关注了
2025-06-11 16:46:46,107|line:377| ----完成一个子动态----
2025-06-11 16:46:46,108|line:382| *********子动态结束*********
2025-06-11 16:46:49,108|line:520| https://t.bilibili.com/1076872176583311377
2025-06-11 16:46:50,578|line:342| =========此为源动态=========
2025-06-11 16:46:52,142|line:363| *********子动态开始*********
2025-06-11 16:46:52,142|line:382| *********子动态结束*********
2025-06-11 16:46:52,142|line:538| -=-=-=-=处理回最初的动态-=-=-=-=
2025-06-11 16:47:01,548|line:476| 转发成功 1077272377327353864
2025-06-11 16:47:04,910|line:549| 'NoneType' object is not subscriptable
2025-06-11 16:47:04,910|line:550| error line:542
2025-06-11 16:47:06,910|line:520| https://t.bilibili.com/1077164092654878727
2025-06-11 16:47:11,440|line:342| =========此为源动态=========
2025-06-11 16:47:14,874|line:363| *********子动态开始*********
2025-06-11 16:47:14,874|line:382| *********子动态结束*********
2025-06-11 16:47:14,874|line:538| -=-=-=-=处理回最初的动态-=-=-=-=
2025-06-11 16:47:22,221|line:476| 转发成功 1077272467562561536
2025-06-11 16:47:25,710|line:495| 评论发送成功
2025-06-11 16:47:30,284|line:425| 103261012 === 已经关注了
2025-06-11 16:47:33,668|line:504| 动态-点赞 0
2025-06-11 16:47:34,669|line:520| https://t.bilibili.com/1077052174342553619
2025-06-11 16:47:34,669|line:522| 已有
2025-06-11 16:47:34,669|line:520| https://t.bilibili.com/1073370098912198672
2025-06-11 16:47:37,044|line:342| =========此为源动态=========
2025-06-11 16:47:41,672|line:363| *********子动态开始*********
2025-06-11 16:47:41,673|line:382| *********子动态结束*********
2025-06-11 16:47:41,673|line:538| -=-=-=-=处理回最初的动态-=-=-=-=
2025-06-11 16:47:51,002|line:476| 转发成功 1077272587797528601
2025-06-11 16:47:54,466|line:495| 评论发送成功
2025-06-11 16:47:58,891|line:425| 401315430 === 已经关注了
2025-06-11 16:48:02,321|line:504| 动态-点赞 0
2025-06-11 16:48:06,322|line:520| https://t.bilibili.com/1072352088554471426
2025-06-11 16:48:08,678|line:527| 官方 或 预约 OUT！
2025-06-11 16:48:08,678|line:520| https://t.bilibili.com/1068864811358486531
2025-06-11 16:48:12,034|line:342| =========此为源动态=========
2025-06-11 16:48:14,593|line:363| *********子动态开始*********
2025-06-11 16:48:14,593|line:382| *********子动态结束*********
2025-06-11 16:48:14,594|line:538| -=-=-=-=处理回最初的动态-=-=-=-=
2025-06-11 16:48:26,460|line:476| 转发成功 1077272742411108352
2025-06-11 16:48:29,922|line:495| 评论发送成功
2025-06-11 16:48:34,574|line:425| 3546728693238418 === 已经关注了
2025-06-11 16:48:37,925|line:504| 动态-点赞 0
2025-06-11 16:48:39,926|line:520| https://t.bilibili.com/1076368776339914792
2025-06-11 16:48:42,257|line:342| =========此为源动态=========
2025-06-11 16:48:46,629|line:363| *********子动态开始*********
2025-06-11 16:48:46,630|line:382| *********子动态结束*********
2025-06-11 16:48:46,630|line:538| -=-=-=-=处理回最初的动态-=-=-=-=
2025-06-11 16:48:56,923|line:476| 转发成功 1077272871238107143
2025-06-11 16:49:00,364|line:495| 评论发送成功
2025-06-11 16:49:04,832|line:425| 270695025 === 已经关注了
2025-06-11 16:49:08,361|line:504| 动态-点赞 0
2025-06-11 16:49:10,362|line:520| https://t.bilibili.com/1077077119556649012
2025-06-11 16:49:12,693|line:527| 官方 或 预约 OUT！
2025-06-11 16:49:12,693|line:520| https://t.bilibili.com/1077139143184613383
2025-06-11 16:49:15,025|line:342| =========此为源动态=========
2025-06-11 16:49:18,411|line:363| *********子动态开始*********
2025-06-11 16:49:18,411|line:382| *********子动态结束*********
2025-06-11 16:49:18,411|line:538| -=-=-=-=处理回最初的动态-=-=-=-=
2025-06-11 16:49:28,809|line:476| 转发成功 1077273008691740677
2025-06-11 16:49:32,248|line:495| 评论发送成功
2025-06-11 16:49:36,660|line:425| 9535164 === 已经关注了
2025-06-11 16:49:40,018|line:504| 动态-点赞 0
2025-06-11 16:49:44,019|line:520| https://t.bilibili.com/1074227438828912657
2025-06-11 16:49:48,354|line:337| =========此为子动态=========
2025-06-11 16:49:50,793|line:388| *************原动态处理开始***************
2025-06-11 16:49:56,684|line:476| 转发成功 1077273128953970708
2025-06-11 16:50:00,122|line:495| 评论发送成功
2025-06-11 16:50:03,543|line:425| 346592292 === 已经关注了
2025-06-11 16:50:06,903|line:504| 动态-点赞 0
2025-06-11 16:50:06,904|line:397| *************原动态处理完成***************
2025-06-11 16:50:09,318|line:363| *********子动态开始*********
2025-06-11 16:54:30,971|line:382| *********子动态结束*********
2025-06-11 16:54:30,972|line:538| -=-=-=-=处理回最初的动态-=-=-=-=
2025-06-11 16:54:39,310|line:476| 转发成功 1077274344423424007
2025-06-11 16:54:42,758|line:495| 评论发送成功
2025-06-11 16:54:45,175|line:425| 346592292 === 已经关注了
2025-06-11 16:54:48,539|line:504| 动态-点赞 0
2025-06-11 16:54:49,539|line:520| https://t.bilibili.com/1076824493843808256
2025-06-11 16:54:53,940|line:337| =========此为子动态=========
2025-06-11 16:54:56,351|line:388| *************原动态处理开始***************
2025-06-11 16:55:02,252|line:476| 转发成功 1077274443241226246
2025-06-11 16:55:05,716|line:495| 评论发送成功
2025-06-11 16:55:10,129|line:425| 3546686492248249 === 已经关注了
2025-06-11 16:55:13,515|line:504| 动态-点赞 0
2025-06-11 16:55:13,515|line:397| *************原动态处理完成***************
2025-06-11 16:55:18,048|line:363| *********子动态开始*********
2025-06-11 16:55:26,305|line:476| 转发成功 1077274546288984071
2025-06-11 16:55:29,808|line:495| 评论发送成功
2025-06-11 16:55:36,566|line:425| 389552703 === 已经关注了
2025-06-11 16:55:36,566|line:377| ----完成一个子动态----
2025-06-11 16:55:36,567|line:382| *********子动态结束*********
2025-06-11 16:55:38,568|line:520| https://t.bilibili.com/1077138236911910921
2025-06-11 16:55:40,906|line:337| =========此为子动态=========
2025-06-11 16:55:45,337|line:388| *************原动态处理开始***************
2025-06-11 16:55:52,144|line:476| 转发成功 1077274653664215075
2025-06-11 16:55:55,598|line:495| 评论发送成功
2025-06-11 16:56:03,602|line:437| 关注 ==== 3546757206116480 0
2025-06-11 16:56:06,973|line:504| 动态-点赞 0
2025-06-11 16:56:06,974|line:397| *************原动态处理完成***************
2025-06-11 16:56:08,507|line:363| *********子动态开始*********
2025-06-11 16:56:15,794|line:476| 转发成功 1077274756739235848
2025-06-11 16:56:19,285|line:495| 评论发送成功
2025-06-11 16:56:27,034|line:425| 92337361 === 已经关注了
2025-06-11 16:56:27,034|line:377| ----完成一个子动态----
2025-06-11 16:56:27,035|line:382| *********子动态结束*********
2025-06-11 16:56:30,035|line:520| https://t.bilibili.com/1077066128730095620
2025-06-11 16:56:34,408|line:342| =========此为源动态=========
2025-06-11 16:56:37,969|line:363| *********子动态开始*********
2025-06-11 16:56:37,969|line:382| *********子动态结束*********
2025-06-11 16:56:37,969|line:538| -=-=-=-=处理回最初的动态-=-=-=-=
2025-06-11 16:56:46,343|line:476| 转发成功 1077274889925165057
2025-06-11 16:56:49,787|line:495| 评论发送成功
2025-06-11 16:56:53,277|line:425| 526479088 === 已经关注了
2025-06-11 16:56:56,869|line:504| 动态-点赞 0
2025-06-11 16:56:58,869|line:520| https://t.bilibili.com/1076840368084877319
2025-06-11 16:57:03,222|line:527| 官方 或 预约 OUT！
2025-06-11 16:57:03,222|line:520| https://t.bilibili.com/1076780977266622536
2025-06-11 16:57:05,568|line:337| =========此为子动态=========
2025-06-11 16:57:07,989|line:401| *************原动态已存在***************
2025-06-11 16:57:09,563|line:363| *********子动态开始*********
2025-06-11 16:57:18,959|line:476| 转发成功 1077275027364118529
2025-06-11 16:57:22,653|line:495| 评论发送成功
2025-06-11 16:57:31,457|line:425| 505670427 === 已经关注了
2025-06-11 16:57:31,457|line:377| ----完成一个子动态----
2025-06-11 16:57:40,810|line:476| 转发成功 1077275121854447641
2025-06-11 16:57:44,243|line:495| 评论发送成功
2025-06-11 16:57:49,027|line:425| 1494786563 === 已经关注了
2025-06-11 16:57:49,027|line:377| ----完成一个子动态----
2025-06-11 16:57:57,429|line:476| 转发成功 1077275194868891653
2025-06-11 16:58:00,914|line:495| 评论发送成功
2025-06-11 16:58:05,766|line:425| 1024366005 === 已经关注了
2025-06-11 16:58:05,767|line:377| ----完成一个子动态----
2025-06-11 16:58:16,015|line:476| 转发成功 1077275272135311397
2025-06-11 16:58:19,493|line:495| 评论发送成功
2025-06-11 16:58:24,243|line:425| 373471445 === 已经关注了
2025-06-11 16:58:24,243|line:377| ----完成一个子动态----
2025-06-11 16:58:31,709|line:476| 转发成功 1077275340846399506
2025-06-11 16:58:35,151|line:495| 评论发送成功
2025-06-11 16:58:40,932|line:425| 1382351145 === 已经关注了
2025-06-11 16:58:40,933|line:377| ----完成一个子动态----
2025-06-11 16:58:40,933|line:382| *********子动态结束*********
2025-06-11 16:58:44,934|line:520| https://t.bilibili.com/1077152146155110421
2025-06-11 16:58:49,365|line:527| 官方 或 预约 OUT！
2025-06-11 16:58:49,365|line:520| https://t.bilibili.com/1077142506135617555
2025-06-11 16:58:50,715|line:342| =========此为源动态=========
2025-06-11 16:58:55,263|line:363| *********子动态开始*********
2025-06-11 16:58:55,263|line:382| *********子动态结束*********
2025-06-11 16:58:55,263|line:538| -=-=-=-=处理回最初的动态-=-=-=-=
2025-06-11 16:59:05,500|line:476| 转发成功 1077275486900453397
2025-06-11 16:59:08,959|line:495| 评论发送成功
2025-06-11 16:59:12,385|line:425| 2122458627 === 已经关注了
2025-06-11 16:59:15,762|line:504| 动态-点赞 0
2025-06-11 16:59:17,763|line:520| https://t.bilibili.com/1076823609122488343
2025-06-11 16:59:17,763|line:522| 已有
2025-06-11 16:59:17,763|line:520| https://t.bilibili.com/1077076062953799747
2025-06-11 16:59:21,326|line:527| 官方 或 预约 OUT！
2025-06-11 16:59:21,326|line:520| https://t.bilibili.com/1077189316995710981
2025-06-11 16:59:22,663|line:342| =========此为源动态=========
2025-06-11 16:59:24,355|line:363| *********子动态开始*********
2025-06-11 16:59:24,356|line:382| *********子动态结束*********
2025-06-11 16:59:24,356|line:538| -=-=-=-=处理回最初的动态-=-=-=-=
2025-06-11 16:59:35,576|line:476| 转发成功 1077275615765200931
2025-06-11 16:59:39,010|line:495| 评论发送成功
2025-06-11 16:59:43,437|line:425| 351899011 === 已经关注了
2025-06-11 16:59:46,795|line:504| 动态-点赞 0
2025-06-11 16:59:47,795|line:520| https://t.bilibili.com/1077160338814664707
2025-06-11 16:59:51,160|line:342| =========此为源动态=========
2025-06-11 16:59:53,702|line:363| *********子动态开始*********
2025-06-11 16:59:53,702|line:382| *********子动态结束*********
2025-06-11 16:59:53,703|line:538| -=-=-=-=处理回最初的动态-=-=-=-=
2025-06-11 17:00:05,319|line:476| 转发成功 1077275744573325328
2025-06-11 17:00:08,788|line:495| 评论发送成功
2025-06-11 17:00:11,219|line:425| 476645168 === 已经关注了
2025-06-11 17:00:14,599|line:504| 动态-点赞 0
2025-06-11 17:00:16,599|line:520| https://t.bilibili.com/1077115731323125794
2025-06-11 17:00:21,057|line:337| =========此为子动态=========
2025-06-11 17:00:23,522|line:401| *************原动态已存在***************
2025-06-11 17:00:25,092|line:363| *********子动态开始*********
2025-06-11 17:00:35,671|line:476| 转发成功 1077275873425489926
2025-06-11 17:00:39,126|line:495| 评论发送成功
2025-06-11 17:00:43,942|line:425| 1345140518 === 已经关注了
2025-06-11 17:00:43,942|line:377| ----完成一个子动态----
2025-06-11 17:00:43,943|line:382| *********子动态结束*********
2025-06-11 17:00:46,944|line:520| https://t.bilibili.com/1072666669163216898
2025-06-11 17:00:49,293|line:527| 官方 或 预约 OUT！
2025-06-11 17:00:49,293|line:520| https://t.bilibili.com/1077109748382302211
2025-06-11 17:00:53,658|line:527| 官方 或 预约 OUT！
2025-06-11 17:00:53,658|line:520| https://t.bilibili.com/1074408716493651973
2025-06-11 17:00:58,122|line:342| =========此为源动态=========
2025-06-11 17:00:59,675|line:363| *********子动态开始*********
2025-06-11 17:00:59,676|line:382| *********子动态结束*********
2025-06-11 17:00:59,676|line:538| -=-=-=-=处理回最初的动态-=-=-=-=
2025-06-11 17:01:10,085|line:476| 转发成功 1077276019480592407
2025-06-11 17:01:13,725|line:495| 评论发送成功
2025-06-11 17:01:20,572|line:437| 关注 ==== 11866282 0
2025-06-11 17:01:23,938|line:504| 动态-点赞 0
2025-06-11 17:01:26,938|line:520| https://t.bilibili.com/1077063994130300963
2025-06-11 17:01:31,437|line:342| =========此为源动态=========
2025-06-11 17:01:32,975|line:363| *********子动态开始*********
2025-06-11 17:01:32,976|line:382| *********子动态结束*********
2025-06-11 17:01:32,976|line:538| -=-=-=-=处理回最初的动态-=-=-=-=
2025-06-11 17:01:40,322|line:476| 转发成功 1077276152646598658
2025-06-11 17:01:43,775|line:495| 评论发送成功
2025-06-11 17:01:48,214|line:425| 17131900 === 已经关注了
2025-06-11 17:01:51,775|line:504| 动态-点赞 0
2025-06-11 17:01:52,776|line:520| https://t.bilibili.com/1076827547561361442
2025-06-11 17:01:54,111|line:342| =========此为源动态=========
2025-06-11 17:01:55,636|line:363| *********子动态开始*********
2025-06-11 17:01:55,637|line:382| *********子动态结束*********
2025-06-11 17:01:55,637|line:538| -=-=-=-=处理回最初的动态-=-=-=-=
2025-06-11 17:02:05,905|line:476| 转发成功 1077276259981983749
2025-06-11 17:02:09,354|line:495| 评论发送成功
2025-06-11 17:02:13,772|line:425| 351899011 === 已经关注了
2025-06-11 17:02:17,158|line:504| 动态-点赞 0
2025-06-11 17:02:20,158|line:520| https://t.bilibili.com/1077153548461932567
2025-06-11 17:02:22,490|line:342| =========此为源动态=========
2025-06-11 17:02:26,206|line:363| *********子动态开始*********
2025-06-11 17:02:26,206|line:382| *********子动态结束*********
2025-06-11 17:02:26,206|line:538| -=-=-=-=处理回最初的动态-=-=-=-=
2025-06-11 17:02:34,524|line:476| 转发成功 1077276384568541193
2025-06-11 17:02:37,958|line:495| 评论发送成功
2025-06-11 17:02:41,429|line:425| 597014012 === 已经关注了
2025-06-11 17:02:44,804|line:504| 动态-点赞 0
2025-06-11 17:02:45,804|line:520| https://t.bilibili.com/1073056089572900872
2025-06-11 17:02:48,185|line:527| 官方 或 预约 OUT！
2025-06-11 17:02:48,185|line:520| https://t.bilibili.com/1077075105210695720
2025-06-11 17:02:48,185|line:522| 已有
2025-06-11 17:02:48,186|line:520| https://t.bilibili.com/1063443858280415252
2025-06-11 17:02:48,186|line:522| 已有
2025-06-11 17:02:48,186|line:520| https://t.bilibili.com/1077073945565331465
2025-06-11 17:02:49,542|line:342| =========此为源动态=========
2025-06-11 17:02:52,163|line:363| *********子动态开始*********
2025-06-11 17:02:52,163|line:382| *********子动态结束*********
2025-06-11 17:02:52,163|line:538| -=-=-=-=处理回最初的动态-=-=-=-=
2025-06-11 17:03:03,484|line:476| 转发成功 1077276509121544193
2025-06-11 17:03:07,109|line:495| 评论发送成功
2025-06-11 17:03:08,580|line:425| 1845213301 === 已经关注了
2025-06-11 17:03:11,956|line:504| 动态-点赞 0
2025-06-11 17:03:12,957|line:520| https://t.bilibili.com/1077170384773578759
2025-06-11 17:03:12,957|line:522| 已有
2025-06-11 17:03:12,957|line:520| https://t.bilibili.com/1077142849703641104
2025-06-11 17:03:17,328|line:342| =========此为源动态=========
2025-06-11 17:03:20,953|line:363| *********子动态开始*********
2025-06-11 17:03:20,953|line:382| *********子动态结束*********
2025-06-11 17:03:20,953|line:538| -=-=-=-=处理回最初的动态-=-=-=-=
2025-06-11 17:03:32,491|line:476| 转发成功 1077276633629458434
2025-06-11 17:03:35,936|line:495| 评论发送成功
2025-06-11 17:03:40,425|line:425| 187878266 === 已经关注了
2025-06-11 17:03:43,798|line:504| 动态-点赞 0
2025-06-11 17:03:47,798|line:520| https://t.bilibili.com/1076868757805072423
2025-06-11 17:03:50,146|line:342| =========此为源动态=========
2025-06-11 17:03:53,581|line:363| *********子动态开始*********
2025-06-11 17:03:53,581|line:382| *********子动态结束*********
2025-06-11 17:03:53,582|line:538| -=-=-=-=处理回最初的动态-=-=-=-=
2025-06-11 17:04:02,965|line:476| 转发成功 1077276762478477347
2025-06-11 17:04:06,438|line:495| 评论发送成功
2025-06-11 17:04:08,051|line:425| 429643625 === 已经关注了
2025-06-11 17:04:11,450|line:504| 动态-点赞 0
2025-06-11 17:04:15,450|line:520| https://t.bilibili.com/1074490243530358792
2025-06-11 17:04:18,820|line:527| 官方 或 预约 OUT！
2025-06-11 17:04:18,821|line:520| https://t.bilibili.com/1035593318931628032
2025-06-11 17:04:22,228|line:527| 官方 或 预约 OUT！
2025-06-11 17:04:22,229|line:553| 执行结束
2025-06-11 17:04:22,229|line:559| ==================================================2025-06-12 01:04==================================================
2025-06-11 17:04:22,229|line:233| processing article 41975177
2025-06-11 17:04:26,466|line:508| ==================================================2025-06-12 01:04==================================================
2025-06-11 17:04:26,466|line:520| https://t.bilibili.com/1072352088554471426
2025-06-11 17:04:29,797|line:527| 官方 或 预约 OUT！
2025-06-11 17:04:29,797|line:520| https://t.bilibili.com/1063443858280415252
2025-06-11 17:04:29,797|line:522| 已有
2025-06-11 17:04:29,798|line:520| https://t.bilibili.com/1072666669163216898
2025-06-11 17:04:32,300|line:527| 官方 或 预约 OUT！
2025-06-11 17:04:32,300|line:520| https://t.bilibili.com/1075046647994515462
2025-06-11 17:04:33,633|line:527| 官方 或 预约 OUT！
2025-06-11 17:04:33,633|line:520| https://t.bilibili.com/1071874552624054293
2025-06-11 17:04:37,975|line:527| 官方 或 预约 OUT！
2025-06-11 17:04:37,975|line:520| https://t.bilibili.com/1067025392841261056
2025-06-11 17:04:42,506|line:527| 官方 或 预约 OUT！
2025-06-11 17:04:42,506|line:520| https://t.bilibili.com/1071622511052980224
2025-06-11 17:04:43,872|line:527| 官方 或 预约 OUT！
2025-06-11 17:04:43,872|line:520| https://t.bilibili.com/1072007567788474368
2025-06-11 17:04:48,217|line:527| 官方 或 预约 OUT！
2025-06-11 17:04:48,217|line:520| https://t.bilibili.com/1076021910482976775
2025-06-11 17:04:49,545|line:527| 官方 或 预约 OUT！
2025-06-11 17:04:49,545|line:520| https://t.bilibili.com/1076441425745281032
2025-06-11 17:04:50,882|line:527| 官方 或 预约 OUT！
2025-06-11 17:04:50,882|line:520| https://t.bilibili.com/1035593318931628032
2025-06-11 17:04:54,380|line:527| 官方 或 预约 OUT！
2025-06-11 17:04:54,380|line:520| https://t.bilibili.com/1074490243530358792
2025-06-11 17:04:58,711|line:527| 官方 或 预约 OUT！
2025-06-11 17:04:58,711|line:520| https://t.bilibili.com/1076149393740005446
2025-06-11 17:05:03,044|line:527| 官方 或 预约 OUT！
2025-06-11 17:05:03,044|line:520| https://t.bilibili.com/1072218248790933505
2025-06-11 17:05:07,375|line:527| 官方 或 预约 OUT！
2025-06-11 17:05:07,375|line:553| 执行结束
2025-06-11 17:05:07,375|line:559| ==================================================2025-06-12 01:05==================================================
2025-06-11 17:05:07,376|line:233| processing article 41975110
2025-06-11 17:05:12,676|line:508| ==================================================2025-06-12 01:05==================================================
2025-06-11 17:05:12,676|line:520| https://t.bilibili.com/1075259588151869448
2025-06-11 17:05:17,176|line:527| 官方 或 预约 OUT！
2025-06-11 17:05:17,177|line:520| https://t.bilibili.com/1074603231246548992
2025-06-11 17:05:20,514|line:527| 官方 或 预约 OUT！
2025-06-11 17:05:20,515|line:520| https://t.bilibili.com/1073018504294170631
2025-06-11 17:05:22,015|line:527| 官方 或 预约 OUT！
2025-06-11 17:05:22,016|line:520| https://t.bilibili.com/1070111825064886276
2025-06-11 17:05:24,362|line:527| 官方 或 预约 OUT！
2025-06-11 17:05:24,362|line:520| https://t.bilibili.com/1064830647382573059
2025-06-11 17:05:26,702|line:527| 官方 或 预约 OUT！
2025-06-11 17:05:26,702|line:520| https://t.bilibili.com/1076021910482976775
2025-06-11 17:05:31,058|line:527| 官方 或 预约 OUT！
2025-06-11 17:05:31,058|line:520| https://t.bilibili.com/1071874552624054293
2025-06-11 17:05:35,610|line:527| 官方 或 预约 OUT！
2025-06-11 17:05:35,611|line:520| https://t.bilibili.com/1072007567788474368
2025-06-11 17:05:37,954|line:527| 官方 或 预约 OUT！
2025-06-11 17:05:37,955|line:520| https://t.bilibili.com/1076149393740005446
2025-06-11 17:05:40,477|line:527| 官方 或 预约 OUT！
2025-06-11 17:05:40,477|line:520| https://t.bilibili.com/1072218248790933505
2025-06-11 17:05:42,817|line:527| 官方 或 预约 OUT！
2025-06-11 17:05:42,817|line:520| https://t.bilibili.com/1075219958473949190
2025-06-11 17:05:47,153|line:527| 官方 或 预约 OUT！
2025-06-11 17:05:47,153|line:520| https://t.bilibili.com/1076332711519453184
2025-06-11 17:05:50,486|line:527| 官方 或 预约 OUT！
2025-06-11 17:05:50,486|line:520| https://t.bilibili.com/1072352088554471426
2025-06-11 17:05:54,818|line:527| 官方 或 预约 OUT！
2025-06-11 17:05:54,819|line:520| https://t.bilibili.com/1075312137108193297
2025-06-11 17:05:56,156|line:527| 官方 或 预约 OUT！
2025-06-11 17:05:56,156|line:520| https://t.bilibili.com/1075312034028978194
2025-06-11 17:05:58,567|line:527| 官方 或 预约 OUT！
2025-06-11 17:05:58,568|line:520| https://t.bilibili.com/1075189107724910594
2025-06-11 17:06:02,940|line:527| 官方 或 预约 OUT！
2025-06-11 17:06:02,940|line:520| https://t.bilibili.com/1075961480322482281
2025-06-11 17:06:06,276|line:527| 官方 或 预约 OUT！
2025-06-11 17:06:06,276|line:520| https://t.bilibili.com/1074960310539911169
2025-06-11 17:06:09,608|line:527| 官方 或 预约 OUT！
2025-06-11 17:06:09,608|line:520| https://t.bilibili.com/1075288338692308996
2025-06-11 17:06:11,947|line:527| 官方 或 预约 OUT！
2025-06-11 17:06:11,947|line:520| https://t.bilibili.com/1075625089851981847
2025-06-11 17:06:13,285|line:527| 官方 或 预约 OUT！
2025-06-11 17:06:13,286|line:520| https://t.bilibili.com/1071622511052980224
2025-06-11 17:06:14,806|line:527| 官方 或 预约 OUT！
2025-06-11 17:06:14,807|line:520| https://t.bilibili.com/1075621056902856738
2025-06-11 17:06:18,145|line:527| 官方 或 预约 OUT！
2025-06-11 17:06:18,145|line:520| https://t.bilibili.com/1072992786009030755
2025-06-11 17:06:22,488|line:527| 官方 或 预约 OUT！
2025-06-11 17:06:22,488|line:520| https://t.bilibili.com/1075201073540497415
2025-06-11 17:06:26,893|line:527| 官方 或 预约 OUT！
2025-06-11 17:06:26,893|line:520| https://t.bilibili.com/1074848508238888977
2025-06-11 17:06:28,234|line:527| 官方 或 预约 OUT！
2025-06-11 17:06:28,235|line:520| https://t.bilibili.com/1075188489260105729
2025-06-11 17:06:31,566|line:527| 官方 或 预约 OUT！
2025-06-11 17:06:31,567|line:520| https://t.bilibili.com/1074913568403488792
2025-06-11 17:06:32,932|line:527| 官方 或 预约 OUT！
2025-06-11 17:06:32,932|line:520| https://t.bilibili.com/1076858600212660264
2025-06-11 17:06:34,270|line:527| 官方 或 预约 OUT！
2025-06-11 17:06:34,270|line:520| https://t.bilibili.com/1072666669163216898
2025-06-11 17:06:37,616|line:527| 官方 或 预约 OUT！
2025-06-11 17:06:37,616|line:520| https://t.bilibili.com/1075046647994515462
2025-06-11 17:06:38,951|line:527| 官方 或 预约 OUT！
2025-06-11 17:06:38,951|line:520| https://t.bilibili.com/1077083785345892356
2025-06-11 17:06:40,290|line:527| 官方 或 预约 OUT！
2025-06-11 17:06:40,290|line:520| https://t.bilibili.com/1075219657854550065
2025-06-11 17:06:43,627|line:527| 官方 或 预约 OUT！
2025-06-11 17:06:43,627|line:520| https://t.bilibili.com/1071968556574310404
2025-06-11 17:06:44,956|line:527| 官方 或 预约 OUT！
2025-06-11 17:06:44,956|line:520| https://t.bilibili.com/1073021107061129224
2025-06-11 17:06:48,300|line:527| 官方 或 预约 OUT！
2025-06-11 17:06:48,300|line:520| https://t.bilibili.com/1074972838943784982
2025-06-11 17:06:50,633|line:527| 官方 或 预约 OUT！
2025-06-11 17:06:50,634|line:520| https://t.bilibili.com/1075219614901731367
2025-06-11 17:06:52,967|line:527| 官方 或 预约 OUT！
2025-06-11 17:06:52,967|line:520| https://t.bilibili.com/1075347278484471809
2025-06-11 17:06:57,304|line:527| 官方 或 预约 OUT！
2025-06-11 17:06:57,305|line:520| https://t.bilibili.com/1067025392841261056
2025-06-11 17:06:59,637|line:527| 官方 或 预约 OUT！
2025-06-11 17:06:59,637|line:520| https://t.bilibili.com/1074832462258896898
2025-06-11 17:07:03,037|line:527| 官方 或 预约 OUT！
2025-06-11 17:07:03,037|line:520| https://t.bilibili.com/1063443858280415252
2025-06-11 17:07:03,037|line:522| 已有
2025-06-11 17:07:03,038|line:520| https://t.bilibili.com/1075364613016518728
2025-06-11 17:07:06,540|line:527| 官方 或 预约 OUT！
2025-06-11 17:07:06,540|line:520| https://t.bilibili.com/1071295883090329637
2025-06-11 17:07:10,872|line:527| 官方 或 预约 OUT！
2025-06-11 17:07:10,872|line:520| https://t.bilibili.com/1067396267560140801
2025-06-11 17:07:15,203|line:527| 官方 或 预约 OUT！
2025-06-11 17:07:15,203|line:520| https://t.bilibili.com/1075362968046141472
2025-06-11 17:07:18,538|line:527| 官方 或 预约 OUT！
2025-06-11 17:07:18,538|line:520| https://t.bilibili.com/1072985939857375234
2025-06-11 17:07:20,877|line:527| 官方 或 预约 OUT！
2025-06-11 17:07:20,878|line:520| https://t.bilibili.com/1072714102754770968
2025-06-11 17:07:22,209|line:527| 官方 或 预约 OUT！
2025-06-11 17:07:22,209|line:520| https://t.bilibili.com/1076441425745281032
2025-06-11 17:07:23,559|line:527| 官方 或 预约 OUT！
2025-06-11 17:07:23,559|line:520| https://t.bilibili.com/1077074890462330916
2025-06-11 17:07:27,986|line:527| 官方 或 预约 OUT！
2025-06-11 17:07:27,986|line:520| https://t.bilibili.com/1074772538885668870
2025-06-11 17:07:29,535|line:527| 官方 或 预约 OUT！
2025-06-11 17:07:29,536|line:520| https://t.bilibili.com/1074490243530358792
2025-06-11 17:07:33,937|line:527| 官方 或 预约 OUT！
2025-06-11 17:07:33,937|line:520| https://t.bilibili.com/1035593318931628032
2025-06-11 17:07:35,440|line:527| 官方 或 预约 OUT！
2025-06-11 17:07:35,440|line:553| 执行结束
2025-06-11 17:07:35,441|line:559| ==================================================2025-06-12 01:07==================================================
2025-06-11 17:07:35,441|line:233| processing article 41966211
2025-06-11 17:07:40,004|line:508| ==================================================2025-06-12 01:07==================================================
2025-06-11 17:07:40,004|line:520| https://t.bilibili.com/1076471707376549939
2025-06-11 17:07:40,004|line:522| 已有
2025-06-11 17:07:40,004|line:520| https://t.bilibili.com/1076666181359763474
2025-06-11 17:07:40,004|line:522| 已有
2025-06-11 17:07:40,004|line:520| https://t.bilibili.com/1076442808690147353
2025-06-11 17:07:40,005|line:522| 已有
2025-06-11 17:07:40,005|line:520| https://t.bilibili.com/1076776136842674195
2025-06-11 17:07:40,005|line:522| 已有
2025-06-11 17:07:40,005|line:520| https://t.bilibili.com/1076761392218898435
2025-06-11 17:07:42,336|line:527| 官方 或 预约 OUT！
2025-06-11 17:07:42,336|line:520| https://t.bilibili.com/1076745105656774673
2025-06-11 17:07:42,336|line:522| 已有
2025-06-11 17:07:42,336|line:520| https://t.bilibili.com/1076796443408203800
2025-06-11 17:07:42,336|line:522| 已有
2025-06-11 17:07:42,336|line:520| https://t.bilibili.com/1076680442828029956
2025-06-11 17:07:42,336|line:522| 已有
2025-06-11 17:07:42,337|line:520| https://t.bilibili.com/1072352088554471426
2025-06-11 17:07:43,734|line:527| 官方 或 预约 OUT！
2025-06-11 17:07:43,734|line:520| https://t.bilibili.com/1076789558568288260
2025-06-11 17:07:46,070|line:527| 官方 或 预约 OUT！
2025-06-11 17:07:46,070|line:520| https://t.bilibili.com/1076724335226388521
2025-06-11 17:07:46,070|line:522| 已有
2025-06-11 17:07:46,070|line:520| https://t.bilibili.com/1076687918164082692
2025-06-11 17:07:46,070|line:522| 已有
2025-06-11 17:07:46,070|line:520| https://t.bilibili.com/1076790602263166984
2025-06-11 17:07:46,070|line:522| 已有
2025-06-11 17:07:46,071|line:520| https://t.bilibili.com/1065346271089262596
2025-06-11 17:07:48,400|line:527| 官方 或 预约 OUT！
2025-06-11 17:07:48,400|line:520| https://t.bilibili.com/1076455367201783810
2025-06-11 17:07:50,732|line:527| 官方 或 预约 OUT！
2025-06-11 17:07:50,732|line:520| https://t.bilibili.com/1076464180482015236
2025-06-11 17:07:50,732|line:522| 已有
2025-06-11 17:07:50,732|line:520| https://t.bilibili.com/1076804236641042484
2025-06-11 17:07:53,072|line:527| 官方 或 预约 OUT！
2025-06-11 17:07:53,072|line:520| https://t.bilibili.com/1076737525065711633
2025-06-11 17:07:53,073|line:522| 已有
2025-06-11 17:07:53,073|line:520| https://t.bilibili.com/1076760477396107266
2025-06-11 17:07:53,073|line:522| 已有
2025-06-11 17:07:53,073|line:520| https://t.bilibili.com/1076488457789898760
2025-06-11 17:07:53,073|line:522| 已有
2025-06-11 17:07:53,073|line:520| https://t.bilibili.com/1076454791647854595
2025-06-11 17:07:53,073|line:522| 已有
2025-06-11 17:07:53,073|line:520| https://t.bilibili.com/1076447305531392005
2025-06-11 17:07:53,073|line:522| 已有
2025-06-11 17:07:53,074|line:520| https://t.bilibili.com/1076793681746329618
2025-06-11 17:07:57,421|line:527| 官方 或 预约 OUT！
2025-06-11 17:07:57,421|line:520| https://t.bilibili.com/1076675772017541126
2025-06-11 17:07:57,421|line:522| 已有
2025-06-11 17:07:57,421|line:520| https://t.bilibili.com/1076456245528887303
2025-06-11 17:07:57,421|line:522| 已有
2025-06-11 17:07:57,421|line:520| https://t.bilibili.com/1076738714759069716
2025-06-11 17:08:01,769|line:527| 官方 或 预约 OUT！
2025-06-11 17:08:01,769|line:520| https://t.bilibili.com/1072666669163216898
2025-06-11 17:08:05,102|line:527| 官方 或 预约 OUT！
2025-06-11 17:08:05,102|line:520| https://t.bilibili.com/1076701674963206147
2025-06-11 17:08:05,102|line:522| 已有
2025-06-11 17:08:05,103|line:520| https://t.bilibili.com/1076781277914333191
2025-06-11 17:08:05,103|line:522| 已有
2025-06-11 17:08:05,103|line:520| https://t.bilibili.com/1076796086951084040
2025-06-11 17:08:09,430|line:527| 官方 或 预约 OUT！
2025-06-11 17:08:09,430|line:520| https://t.bilibili.com/1076468501172977682
2025-06-11 17:08:09,430|line:522| 已有
2025-06-11 17:08:09,430|line:520| https://t.bilibili.com/1076771455292669953
2025-06-11 17:08:09,430|line:522| 已有
2025-06-11 17:08:09,431|line:520| https://t.bilibili.com/1076727625172385794
2025-06-11 17:08:10,930|line:527| 官方 或 预约 OUT！
2025-06-11 17:08:10,930|line:520| https://t.bilibili.com/1076780945035493401
2025-06-11 17:08:10,930|line:522| 已有
2025-06-11 17:08:10,931|line:520| https://t.bilibili.com/1076672711840759810
2025-06-11 17:08:10,931|line:522| 已有
2025-06-11 17:08:10,931|line:520| https://t.bilibili.com/1063443858280415252
2025-06-11 17:08:10,931|line:522| 已有
2025-06-11 17:08:10,931|line:520| https://t.bilibili.com/1076705518953693186
2025-06-11 17:08:12,263|line:527| 官方 或 预约 OUT！
2025-06-11 17:08:12,263|line:520| https://t.bilibili.com/1076655577065586691
2025-06-11 17:08:12,263|line:522| 已有
2025-06-11 17:08:12,264|line:520| https://t.bilibili.com/1076442072112693287
2025-06-11 17:08:12,264|line:522| 已有
2025-06-11 17:08:12,264|line:520| https://t.bilibili.com/1076740372641611783
2025-06-11 17:08:12,264|line:522| 已有
2025-06-11 17:08:12,264|line:520| https://t.bilibili.com/1076787273699164217
2025-06-11 17:08:12,264|line:522| 已有
2025-06-11 17:08:12,264|line:520| https://t.bilibili.com/1076811868791635970
2025-06-11 17:08:12,264|line:522| 已有
2025-06-11 17:08:12,264|line:520| https://t.bilibili.com/1076736030418141187
2025-06-11 17:08:12,265|line:522| 已有
2025-06-11 17:08:12,265|line:520| https://t.bilibili.com/1076425766293471234
2025-06-11 17:08:12,265|line:522| 已有
2025-06-11 17:08:12,265|line:520| https://t.bilibili.com/1035593318931628032
2025-06-11 17:08:13,610|line:527| 官方 或 预约 OUT！
2025-06-11 17:08:13,611|line:553| 执行结束
2025-06-11 17:08:13,611|line:559| ==================================================2025-06-12 01:08==================================================
2025-06-11 17:08:13,611|line:233| processing article 41964239
2025-06-11 17:08:17,894|line:508| ==================================================2025-06-12 01:08==================================================
2025-06-11 17:08:17,894|line:520| https://t.bilibili.com/1071864249018482713
2025-06-11 17:08:21,229|line:527| 官方 或 预约 OUT！
2025-06-11 17:08:21,230|line:520| https://t.bilibili.com/1072352088554471426
2025-06-11 17:08:25,561|line:527| 官方 或 预约 OUT！
2025-06-11 17:08:25,561|line:520| https://t.bilibili.com/1063443858280415252
2025-06-11 17:08:25,561|line:522| 已有
2025-06-11 17:08:25,561|line:520| https://t.bilibili.com/1072666669163216898
2025-06-11 17:08:29,890|line:527| 官方 或 预约 OUT！
2025-06-11 17:08:29,890|line:520| https://t.bilibili.com/1065940557131415556
2025-06-11 17:08:34,271|line:527| 官方 或 预约 OUT！
2025-06-11 17:08:34,271|line:520| https://t.bilibili.com/1065346271089262596
2025-06-11 17:08:37,600|line:527| 官方 或 预约 OUT！
2025-06-11 17:08:37,600|line:520| https://t.bilibili.com/1066015551528108036
2025-06-11 17:08:41,960|line:527| 官方 或 预约 OUT！
2025-06-11 17:08:41,961|line:520| https://t.bilibili.com/1075220284894609431
2025-06-11 17:08:43,304|line:527| 官方 或 预约 OUT！
2025-06-11 17:08:43,304|line:520| https://t.bilibili.com/1071850917448384529
2025-06-11 17:08:47,800|line:527| 官方 或 预约 OUT！
2025-06-11 17:08:47,800|line:520| https://t.bilibili.com/1071979178016899079
2025-06-11 17:08:52,131|line:527| 官方 或 预约 OUT！
2025-06-11 17:08:52,131|line:520| https://t.bilibili.com/1065644204347097096
2025-06-11 17:08:56,638|line:347| 'NoneType' object has no attribute 'get'
2025-06-11 17:08:56,638|line:348| error line:329
2025-06-11 17:08:56,639|line:534| *#*#*#*#*#*#*#*#*#*原动态处理失败*#*#*#*#*#*#*#*#*#
2025-06-11 17:08:56,639|line:520| https://t.bilibili.com/1035593318931628032
2025-06-11 17:09:00,068|line:527| 官方 或 预约 OUT！
2025-06-11 17:09:00,068|line:553| 执行结束
2025-06-11 17:09:00,069|line:559| ==================================================2025-06-12 01:09==================================================
2025-06-11 17:09:00,069|line:233| processing article 41964182
2025-06-11 17:09:04,447|line:508| ==================================================2025-06-12 01:09==================================================
2025-06-11 17:09:04,447|line:520| https://t.bilibili.com/1074226300649996293
2025-06-11 17:09:06,785|line:527| 官方 或 预约 OUT！
2025-06-11 17:09:06,785|line:520| https://t.bilibili.com/1074603231246548992
2025-06-11 17:09:11,119|line:527| 官方 或 预约 OUT！
2025-06-11 17:09:11,119|line:520| https://t.bilibili.com/1073018504294170631
2025-06-11 17:09:14,554|line:527| 官方 或 预约 OUT！
2025-06-11 17:09:14,554|line:520| https://t.bilibili.com/1064830647382573059
2025-06-11 17:09:17,886|line:527| 官方 或 预约 OUT！
2025-06-11 17:09:17,886|line:520| https://t.bilibili.com/1075220284894609431
2025-06-11 17:09:22,394|line:527| 官方 或 预约 OUT！
2025-06-11 17:09:22,394|line:520| https://t.bilibili.com/1076021910482976775
2025-06-11 17:09:25,727|line:527| 官方 或 预约 OUT！
2025-06-11 17:09:25,727|line:520| https://t.bilibili.com/1076149393740005446
2025-06-11 17:09:27,056|line:527| 官方 或 预约 OUT！
2025-06-11 17:09:27,057|line:520| https://t.bilibili.com/1071874552624054293
2025-06-11 17:09:28,393|line:527| 官方 或 预约 OUT！
2025-06-11 17:09:28,394|line:520| https://t.bilibili.com/1072007567788474368
2025-06-11 17:09:29,736|line:527| 官方 或 预约 OUT！
2025-06-11 17:09:29,737|line:520| https://t.bilibili.com/1072218248790933505
2025-06-11 17:09:33,088|line:527| 官方 或 预约 OUT！
2025-06-11 17:09:33,089|line:520| https://t.bilibili.com/1072352088554471426
2025-06-11 17:09:34,416|line:527| 官方 或 预约 OUT！
2025-06-11 17:09:34,417|line:520| https://t.bilibili.com/1075189107724910594
2025-06-11 17:09:35,753|line:527| 官方 或 预约 OUT！
2025-06-11 17:09:35,753|line:520| https://t.bilibili.com/1065346271089262596
2025-06-11 17:09:38,092|line:527| 官方 或 预约 OUT！
2025-06-11 17:09:38,092|line:520| https://t.bilibili.com/1074960310539911169
2025-06-11 17:09:41,427|line:527| 官方 或 预约 OUT！
2025-06-11 17:09:41,427|line:520| https://t.bilibili.com/1071622511052980224
2025-06-11 17:09:44,793|line:527| 官方 或 预约 OUT！
2025-06-11 17:09:44,794|line:520| https://t.bilibili.com/1075621056902856738
2025-06-11 17:09:49,154|line:527| 官方 或 预约 OUT！
2025-06-11 17:09:49,154|line:520| https://t.bilibili.com/1076671812087054345
2025-06-11 17:09:50,491|line:527| 官方 或 预约 OUT！
2025-06-11 17:09:50,491|line:520| https://t.bilibili.com/1074848508238888977
2025-06-11 17:09:52,826|line:527| 官方 或 预约 OUT！
2025-06-11 17:09:52,826|line:520| https://t.bilibili.com/1065644204347097096
2025-06-11 17:09:55,169|line:347| 'NoneType' object has no attribute 'get'
2025-06-11 17:09:55,169|line:348| error line:329
2025-06-11 17:09:55,169|line:534| *#*#*#*#*#*#*#*#*#*原动态处理失败*#*#*#*#*#*#*#*#*#
2025-06-11 17:09:55,169|line:520| https://t.bilibili.com/1071864249018482713
2025-06-11 17:09:58,505|line:527| 官方 或 预约 OUT！
2025-06-11 17:09:58,505|line:520| https://t.bilibili.com/1072666669163216898
2025-06-11 17:10:00,848|line:527| 官方 或 预约 OUT！
2025-06-11 17:10:00,848|line:520| https://t.bilibili.com/1075046647994515462
2025-06-11 17:10:04,179|line:527| 官方 或 预约 OUT！
2025-06-11 17:10:04,179|line:520| https://t.bilibili.com/1066015551528108036
2025-06-11 17:10:06,735|line:527| 官方 或 预约 OUT！
2025-06-11 17:10:06,736|line:520| https://t.bilibili.com/1074832462258896898
2025-06-11 17:10:09,069|line:527| 官方 或 预约 OUT！
2025-06-11 17:10:09,069|line:520| https://t.bilibili.com/1067025392841261056
2025-06-11 17:10:10,399|line:527| 官方 或 预约 OUT！
2025-06-11 17:10:10,399|line:520| https://t.bilibili.com/1063443858280415252
2025-06-11 17:10:10,399|line:522| 已有
2025-06-11 17:10:10,400|line:520| https://t.bilibili.com/1065940557131415556
2025-06-11 17:10:11,742|line:527| 官方 或 预约 OUT！
2025-06-11 17:10:11,742|line:520| https://t.bilibili.com/1074941717652701205
2025-06-11 17:10:14,075|line:527| 官方 或 预约 OUT！
2025-06-11 17:10:14,075|line:520| https://t.bilibili.com/1075362968046141472
2025-06-11 17:10:17,418|line:527| 官方 或 预约 OUT！
2025-06-11 17:10:17,418|line:520| https://t.bilibili.com/1076441425745281032
2025-06-11 17:10:18,749|line:527| 官方 或 预约 OUT！
2025-06-11 17:10:18,749|line:520| https://t.bilibili.com/1071850917448384529
2025-06-11 17:10:23,084|line:527| 官方 或 预约 OUT！
2025-06-11 17:10:23,084|line:520| https://t.bilibili.com/1071979178016899079
2025-06-11 17:10:27,418|line:527| 官方 或 预约 OUT！
2025-06-11 17:10:27,418|line:520| https://t.bilibili.com/1073414663498104849
2025-06-11 17:10:28,796|line:527| 官方 或 预约 OUT！
2025-06-11 17:10:28,796|line:520| https://t.bilibili.com/1035593318931628032
2025-06-11 17:10:33,221|line:527| 官方 或 预约 OUT！
2025-06-11 17:10:33,221|line:520| https://t.bilibili.com/1065003781774639141
2025-06-11 17:10:37,557|line:527| 官方 或 预约 OUT！
2025-06-11 17:10:37,557|line:553| 执行结束
2025-06-11 17:10:37,557|line:559| ==================================================2025-06-12 01:10==================================================
2025-06-11 17:10:43,275|line:579| ('reply: ', '我不是可洛蒂娅', '不是，这……')
2025-06-11 17:10:43,276|line:579| ('reply: ', '好像都是一个人', '你在说什么')
2025-06-11 17:10:43,276|line:579| ('reply: ', '目标咨询', '太宠粉了啊')
2025-06-11 17:10:43,276|line:579| ('reply: ', '数玩工场', '祝你成功')
2025-06-11 17:10:43,276|line:579| ('reply: ', '益家有小佰', '恭喜宝子，获得小电视月度会员1份和克刻冰冰猴喉糖随机口味1份～记得私信小佰提供信息哦~')
2025-06-11 17:10:43,276|line:579| ('reply: ', '圆环之理-Madoka', '是的')
2025-06-11 17:10:43,276|line:579| ('reply: ', '兰的三姨', '这就是银河巨星的实力！')
2025-06-11 17:10:43,276|line:579| ('reply: ', '花园百合铃音', '有男不玩，我只吃麻辣火锅，xxn滚[吃瓜]')
2025-06-11 17:10:43,276|line:579| ('reply: ', '是绝赞的阿鬼', '[tv_难过]')
2025-06-11 17:10:43,276|line:579| ('reply: ', '桃稚不幼稚', '还行')
2025-06-11 17:10:43,277|line:579| ('reply: ', '陌罔子吖', '佬，这个报名有啥条件不。最近太非了，想下次报来抽[脱单doge][脱单doge][脱单doge]')
2025-06-11 17:10:43,277|line:579| ('reply: ', '太二酸菜鱼', '恭喜成为本期欧皇[打call]获得【肥龙联名显眼包】1份，在收到本信息的两天内回复哥的私信哦~逾期哥就自己收啦！[脱单doge]')
2025-06-11 17:10:43,277|line:579| ('reply: ', '得一想二的松鼠', '中奖分我一半')
2025-06-11 17:10:43,277|line:579| ('reply: ', '佑凉Uriyoo', '谢谢！！！[UP_24967030_感恩]')
2025-06-11 17:10:43,277|line:579| ('reply: ', '岛莓祁', '好耶')
2025-06-11 17:10:43,277|line:579| ('reply: ', '苏酥_SUSU_', 'https://b23.tv/3HJcDkm')
2025-06-11 17:10:43,277|line:579| ('reply: ', '心想事成イ', 'I[UP_410636303_比心鸟][UP_410636303_比心鸟][UP_410636303_比心鸟]')
2025-06-11 17:10:43,277|line:579| ('reply: ', 'FWF第五人格娱乐赛', '加油[doge]')
2025-06-11 17:10:43,277|line:579| ('reply: ', '神奇猫咪_有钱哒', '好耶')
2025-06-11 17:10:43,278|line:579| ('reply: ', '星夜染some', '好耶')
2025-06-11 17:10:46,632|line:588| ('at: ', '流量卡信息差揭秘', '1 @浪子游2fans6@被_____打下来的飞机@拉斯特臣后面一个点@专心致志的学生@猫猫头OmMeow@小小Shaun@龐門左道@啦啦痴痴腻@bili_66938050009@日月星辰668')
2025-06-11 17:10:46,632|line:588| ('at: ', 'iKF蓝牙耳机', '恭喜@小小Shaun 宝子成为苏泊尔福利动态幸运儿！\n注意：即日起72小时内回复信息确认领奖哦！逾期将自动视为放弃中奖资格。\n没有中奖的宝子们不要气馁，参与一下下置顶视频iKF Mars，增加欧气值，说不定下个幸运儿就是你！\n链接：\nhttps://www.bilibili.com/video/BV1Soo6YLEHZ/?spm_id_from=333.1387.list.card_archive.click&vd_source=21fb0967ccc75e6b3b2447ade2c740dd\n还没参与抽奖的宝子们，赶紧点击上方链接参与吧！还有特别福利惊喜等你哦~')
2025-06-11 17:10:46,632|line:588| ('at: ', 'wellymerck威利默克', '恭喜@小小Shaun\xa0 获得《我是你的小狗3 永远等你回家》1本，请于5天内联系威宝，凭关注+互动截图领取奖品，逾期作废~')
2025-06-11 17:10:46,632|line:588| ('at: ', '宁美NINGMEI', '恭喜@小小Shaun   中奖，请在12月1日24点前私信我：1. 奖品+中奖信息a. 实物奖：姓名电话地址，给文字！省市区路清晰，提交不清晰不发奖，信息错误致无法签收，概不负责；\n\nb. 现金红包给到支付宝实名+账号；\n\nc. 京东卡/猫超卡 等购物卡给到姓名+电话；2. 宁美和品牌方关注截图+转发截图！\n\n必须关注品牌方，否则奖品不予发放；如遇无法私信图片的情况，等待我回复后即可发送图片。PS： \n\n因后台收信有时会出问题，以回复“已登记”为准，没有回复即表示私信未收到。\n\n过期视为自动放弃，不会补发；奖品30个工作日内发送，勿催哦~\n\n不发全，不回复。其他小伙伴请继续努力！')
2025-06-11 17:10:46,632|line:588| ('at: ', '爱玛电动车官方账号', '#一“玛”当先榜# 快来看看10月都是谁和爱玛酱互动最多呀~ 💕恭喜@小小Shaun 和@甘瑞凯拉莎 排行第一！这两位小玛达将会获得【爱玛随机周边×1】，请5天内私信爱玛酱领奖哟~[鼓掌] 以后也请继续单推我无敌可爱美少女爱玛酱呀嘿嘿！(●´З｀●)')
2025-06-11 17:10:46,632|line:588| ('at: ', '爱玛电动车官方账号', '')
2025-06-11 17:10:46,632|line:588| ('at: ', '海露滴眼液', '互动榜出炉啦')
2025-06-11 17:10:46,632|line:588| ('at: ', '和蔼可亲桃白白', '\u200b//@九号公司:\u200b恭喜@小小Shaun 中奖！后续记得查收私信哟～\u200b//@九号公司:#互动抽奖# 谢谢粒粒的复工礼！小九也来加个码~关注【@微粒贷+@九号公司 】并转发该动态，抽一位小可爱获得【100元京东卡】~ #供电局福利社# 10月31日抽出！')
2025-06-11 17:10:46,633|line:588| ('at: ', '望大家身体健康快乐', '\u200b//@九号公司:\u200b恭喜@小小Shaun 中奖！后续记得查收私信哟～\u200b//@九号公司 :#互动抽奖# 谢谢粒粒的复工礼！小九也来加个码~关注【@微粒贷+@九号公司 】并转发该动态，抽一位小可爱获得【100元京东卡】~ #供电局福利社# 10月31日抽出！')
2025-06-11 17:10:46,633|line:588| ('at: ', 'MoMA_Reona', '//@九号公司:\u200b恭喜@小小Shaun 中奖！后续记得查收私信哟～\u200b//@九号公司:#互动抽奖# 谢谢粒粒的复工礼！小九也来加个码~关注【@微粒贷+@九号公司 】并转发该动态，抽一位小可爱获得【100元京东卡】~ #供电局福利社# 10月31日抽出！')
2025-06-11 17:10:46,633|line:588| ('at: ', '摸鱼二队', '\u200b//@九号公司:\u200b恭喜@小小Shaun 中奖！后续记得查收私信哟～\u200b//@九号公司 :#互动抽奖# 谢谢粒粒的复工礼！小九也来加个码~关注【@微粒贷+@九号公司 】并转发该动态，抽一位小可爱获得【100元京东卡】~ #供电局福利社# 10月31日抽出！')
2025-06-11 17:10:46,633|line:588| ('at: ', '文少嘅一些事一些情', '\u200b//@九号公司:\u200b恭喜@小小Shaun 中奖！后续记得查收私信哟～\u200b//@九号公司 :#互动抽奖# 谢谢粒粒的复工礼！小九也来加个码~关注【@微粒贷+@九号公司 】并转发该动态，抽一位小可爱获得【100元京东卡】~ #供电局福利社# 10月31日抽出！')
2025-06-11 17:10:46,633|line:588| ('at: ', 'Carry队友的嘟嘟酱丶', '\u200b//@九号公司:\u200b恭喜@小小Shaun 中奖！后续记得查收私信哟～\u200b//@九号公司 :#互动抽奖# 谢谢粒粒的复工礼！小九也来加个码~关注【@微粒贷+@九号公司 】并转发该动态，抽一位小可爱获得【100元京东卡】~ #供电局福利社# 10月31日抽出！')
2025-06-11 17:10:46,633|line:588| ('at: ', '蛤蟆zero', '//@九号公司:\u200b恭喜@小小Shaun 中奖！后续记得查收私信哟～\u200b//@九号公司:#互动抽奖# 谢谢粒粒的复工礼！小九也来加个码~关注【@微粒贷+@九号公司 】并转发该动态，抽一位小可爱获得【100元京东卡】~ #供电局福利社# 10月31日抽出！c冲冲冲')
2025-06-11 17:10:46,633|line:588| ('at: ', '木而各子要吃笃栗子', '\u200b//@九号公司:\u200b恭喜@小小Shaun 中奖！后续记得查收私信哟～\u200b//@九号公司 :#互动抽奖# 谢谢粒粒的复工礼！小九也来加个码~关注【@微粒贷+@九号公司 】并转发该动态，抽一位小可爱获得【100元京东卡】~ #供电局福利社# 10月31日抽出！')
2025-06-11 17:10:46,633|line:588| ('at: ', '裙下愚臣情默默', '\u200b//@九号公司:\u200b恭喜@小小Shaun 中奖！后续记得查收私信哟～\u200b//@九号公司 :#互动抽奖# 谢谢粒粒的复工礼！小九也来加个码~关注【@微粒贷+@九号公司 】并转发该动态，抽一位小可爱获得【100元京东卡】~ #供电局福利社# 10月31日抽出！')
2025-06-11 17:10:46,633|line:588| ('at: ', '戊子毕宿', '')
2025-06-11 17:10:46,633|line:588| ('at: ', '九号电动', '\u200b恭喜@小小Shaun 中奖！后续记得查收私信哟～\u200b//@九号公司:#互动抽奖# 谢谢粒粒的复工礼！小九也来加个码~关注【@微粒贷+@九号公司 】并转发该动态，抽一位小可爱获得【100元京东卡】~ #供电局福利社# 10月31日抽出！')
2025-06-11 17:10:46,634|line:588| ('at: ', '优雅小宝', '')
2025-06-11 17:10:46,634|line:588| ('at: ', '我永远只爱一色彩羽', '//@九号公司:恭喜@小小Shaun 中奖！后续记得查收私信哟～\u200b//@九号公司:今晚8点，京东11.11现货开卖，抢先优惠不用等，全场直降，更有60元额外补贴助你大薅特薅！京东双十一，带你体验“飞”一般的购物速度！关注@京东戏精周报 x@九号公司 ，转发+评论本条动态，10月21日小编会抽取1名幸运粉丝送上【50元京东E卡】#京东11.11又便宜又好# #京东11.11现货开卖#')
