2025-04-03 16:35:00,696|line:234| processing article 41225899
2025-04-03 16:35:06,179|line:509| ==================================================2025-04-04 00:35==================================================
2025-04-03 16:35:06,179|line:521| https://t.bilibili.com/1050810087425179668
2025-04-03 16:35:06,179|line:523| 已有
2025-04-03 16:35:06,180|line:521| https://t.bilibili.com/1051516233702178823
2025-04-03 16:35:09,751|line:528| 官方 或 预约 OUT！
2025-04-03 16:35:09,751|line:521| https://t.bilibili.com/1051136925816061959
2025-04-03 16:35:11,236|line:528| 官方 或 预约 OUT！
2025-04-03 16:35:11,237|line:521| https://t.bilibili.com/1046337033597878275
2025-04-03 16:35:11,237|line:523| 已有
2025-04-03 16:35:11,237|line:521| https://t.bilibili.com/1051528837265883157
2025-04-03 16:35:13,688|line:343| =========此为源动态=========
2025-04-03 16:35:15,288|line:364| *********子动态开始*********
2025-04-03 16:35:15,288|line:383| *********子动态结束*********
2025-04-03 16:35:15,288|line:539| -=-=-=-=处理回最初的动态-=-=-=-=
2025-04-03 16:35:25,928|line:477| 转发成功 1051664511032885248
2025-04-03 16:35:29,447|line:496| 评论发送成功
2025-04-03 16:35:31,228|line:426| 3493136779184802 === 已经关注了
2025-04-03 16:35:34,665|line:505| 动态-点赞 0
2025-04-03 16:35:35,665|line:521| https://t.bilibili.com/1051472848091086900
2025-04-03 16:35:37,160|line:343| =========此为源动态=========
2025-04-03 16:35:41,966|line:364| *********子动态开始*********
2025-04-03 16:35:41,966|line:383| *********子动态结束*********
2025-04-03 16:35:41,967|line:539| -=-=-=-=处理回最初的动态-=-=-=-=
2025-04-03 16:35:50,645|line:477| 转发成功 1051664618408116230
2025-04-03 16:35:54,205|line:496| 评论发送成功
2025-04-03 16:35:57,717|line:426| 357515451 === 已经关注了
2025-04-03 16:36:01,164|line:505| 动态-点赞 0
2025-04-03 16:36:04,164|line:521| https://t.bilibili.com/1051106465936310277
2025-04-03 16:36:04,165|line:523| 已有
2025-04-03 16:36:04,165|line:521| https://t.bilibili.com/1051533986957885447
2025-04-03 16:36:06,747|line:343| =========此为源动态=========
2025-04-03 16:36:11,259|line:364| *********子动态开始*********
2025-04-03 16:36:11,260|line:383| *********子动态结束*********
2025-04-03 16:36:11,260|line:539| -=-=-=-=处理回最初的动态-=-=-=-=
2025-04-03 16:36:21,738|line:477| 转发成功 1051664751519596562
2025-04-03 16:36:25,269|line:496| 评论发送成功
2025-04-03 16:36:28,762|line:426| 109778207 === 已经关注了
2025-04-03 16:36:32,375|line:505| 动态-点赞 0
2025-04-03 16:36:33,376|line:521| https://t.bilibili.com/635932563238551585
2025-04-03 16:36:33,376|line:523| 已有
2025-04-03 16:36:33,376|line:521| https://t.bilibili.com/1051143617376157729
2025-04-03 16:36:33,376|line:523| 已有
2025-04-03 16:36:33,376|line:521| https://t.bilibili.com/1051187855548743685
2025-04-03 16:36:33,377|line:523| 已有
2025-04-03 16:36:33,377|line:521| https://t.bilibili.com/1051485694335123481
2025-04-03 16:36:37,792|line:338| =========此为子动态=========
2025-04-03 16:36:41,367|line:402| *************原动态已存在***************
2025-04-03 16:36:44,177|line:364| *********子动态开始*********
2025-04-03 16:36:55,679|line:477| 转发成功 1051664897571553304
2025-04-03 16:36:59,222|line:496| 评论发送成功
2025-04-03 16:37:03,164|line:426| 1129687681 === 已经关注了
2025-04-03 16:37:03,165|line:378| ----完成一个子动态----
2025-04-03 16:37:03,165|line:383| *********子动态结束*********
2025-04-03 16:37:07,166|line:521| https://t.bilibili.com/1051476902545457153
2025-04-03 16:37:11,685|line:343| =========此为源动态=========
2025-04-03 16:37:13,198|line:364| *********子动态开始*********
2025-04-03 16:37:13,198|line:383| *********子动态结束*********
2025-04-03 16:37:13,198|line:539| -=-=-=-=处理回最初的动态-=-=-=-=
2025-04-03 16:37:22,738|line:477| 转发成功 1051665013508407296
2025-04-03 16:37:26,271|line:496| 评论发送成功
2025-04-03 16:37:27,800|line:426| 171086 === 已经关注了
2025-04-03 16:37:31,248|line:505| 动态-点赞 0
2025-04-03 16:37:34,249|line:521| https://t.bilibili.com/1050356603270725664
2025-04-03 16:37:37,691|line:528| 官方 或 预约 OUT！
2025-04-03 16:37:37,691|line:521| https://t.bilibili.com/1051076873614786561
2025-04-03 16:37:37,692|line:523| 已有
2025-04-03 16:37:37,692|line:521| https://t.bilibili.com/1051559374501183524
2025-04-03 16:37:41,113|line:528| 官方 或 预约 OUT！
2025-04-03 16:37:41,114|line:521| https://t.bilibili.com/1051506533527977987
2025-04-03 16:37:43,540|line:338| =========此为子动态=========
2025-04-03 16:37:48,066|line:402| *************原动态已存在***************
2025-04-03 16:37:49,683|line:364| *********子动态开始*********
2025-04-03 16:37:59,195|line:477| 转发成功 1051665172458897409
2025-04-03 16:38:02,787|line:496| 评论发送成功
2025-04-03 16:38:09,873|line:426| 627553716 === 已经关注了
2025-04-03 16:38:09,873|line:378| ----完成一个子动态----
2025-04-03 16:38:16,660|line:477| 转发成功 1051665245429301251
2025-04-03 16:38:20,214|line:496| 评论发送成功
2025-04-03 16:38:24,323|line:426| 346469145 === 已经关注了
2025-04-03 16:38:24,323|line:378| ----完成一个子动态----
2025-04-03 16:38:24,324|line:383| *********子动态结束*********
2025-04-03 16:38:26,324|line:521| https://t.bilibili.com/1051423458106277895
2025-04-03 16:38:28,922|line:343| =========此为源动态=========
2025-04-03 16:38:33,444|line:364| *********子动态开始*********
2025-04-03 16:38:33,444|line:383| *********子动态结束*********
2025-04-03 16:38:33,444|line:539| -=-=-=-=处理回最初的动态-=-=-=-=
2025-04-03 16:38:45,003|line:477| 转发成功 1051665365717745668
2025-04-03 16:38:48,543|line:496| 评论发送成功
2025-04-03 16:38:52,035|line:426| 47994846 === 已经关注了
2025-04-03 16:38:55,496|line:505| 动态-点赞 0
2025-04-03 16:38:56,497|line:521| https://t.bilibili.com/1051168785878220803
2025-04-03 16:38:58,209|line:528| 官方 或 预约 OUT！
2025-04-03 16:38:58,210|line:521| https://t.bilibili.com/1051060724506296325
2025-04-03 16:38:58,210|line:523| 已有
2025-04-03 16:38:58,210|line:521| https://t.bilibili.com/1051091027653296134
2025-04-03 16:38:58,210|line:523| 已有
2025-04-03 16:38:58,210|line:521| https://t.bilibili.com/1051521995392417796
2025-04-03 16:38:59,659|line:528| 官方 或 预约 OUT！
2025-04-03 16:38:59,659|line:521| https://t.bilibili.com/1051455449174376452
2025-04-03 16:39:03,105|line:343| =========此为源动态=========
2025-04-03 16:39:07,913|line:364| *********子动态开始*********
2025-04-03 16:39:07,913|line:383| *********子动态结束*********
2025-04-03 16:39:07,913|line:539| -=-=-=-=处理回最初的动态-=-=-=-=
2025-04-03 16:39:18,490|line:477| 转发成功 1051665511724613633
2025-04-03 16:39:22,115|line:496| 评论发送成功
2025-04-03 16:39:25,654|line:426| 238623328 === 已经关注了
2025-04-03 16:39:29,146|line:505| 动态-点赞 0
2025-04-03 16:39:30,147|line:521| https://t.bilibili.com/1050712175045246995
2025-04-03 16:39:34,601|line:528| 官方 或 预约 OUT！
2025-04-03 16:39:34,602|line:521| https://t.bilibili.com/1041401948627009544
2025-04-03 16:39:39,057|line:528| 官方 或 预约 OUT！
2025-04-03 16:39:39,057|line:521| https://t.bilibili.com/1051172273394810882
2025-04-03 16:39:42,504|line:528| 官方 或 预约 OUT！
2025-04-03 16:39:42,504|line:521| https://t.bilibili.com/1045962486675668998
2025-04-03 16:39:46,951|line:528| 官方 或 预约 OUT！
2025-04-03 16:39:46,951|line:521| https://t.bilibili.com/1051183798930112518
2025-04-03 16:39:48,402|line:343| =========此为源动态=========
2025-04-03 16:39:51,138|line:364| *********子动态开始*********
2025-04-03 16:39:51,138|line:383| *********子动态结束*********
2025-04-03 16:39:51,138|line:539| -=-=-=-=处理回最初的动态-=-=-=-=
2025-04-03 16:39:58,914|line:477| 转发成功 1051665683512819728
2025-04-03 16:40:02,457|line:496| 评论发送成功
2025-04-03 16:40:06,990|line:426| 17236262 === 已经关注了
2025-04-03 16:40:10,454|line:505| 动态-点赞 0
2025-04-03 16:40:13,454|line:521| https://t.bilibili.com/1051458631751434262
2025-04-03 16:40:17,962|line:343| =========此为源动态=========
2025-04-03 16:40:22,694|line:364| *********子动态开始*********
2025-04-03 16:40:22,694|line:383| *********子动态结束*********
2025-04-03 16:40:22,695|line:539| -=-=-=-=处理回最初的动态-=-=-=-=
2025-04-03 16:40:31,438|line:477| 转发成功 1051665825249886210
2025-04-03 16:40:34,992|line:496| 评论发送成功
2025-04-03 16:40:37,524|line:426| 17236262 === 已经关注了
2025-04-03 16:40:41,021|line:505| 动态-点赞 0
2025-04-03 16:40:44,021|line:521| https://t.bilibili.com/1051487618469986305
2025-04-03 16:40:47,464|line:528| 官方 或 预约 OUT！
2025-04-03 16:40:47,465|line:521| https://t.bilibili.com/1046400380074721280
2025-04-03 16:40:49,911|line:528| 官方 或 预约 OUT！
2025-04-03 16:40:49,911|line:521| https://t.bilibili.com/1051067834840383494
2025-04-03 16:40:54,419|line:343| =========此为源动态=========
2025-04-03 16:40:57,902|line:364| *********子动态开始*********
2025-04-03 16:40:57,902|line:383| *********子动态结束*********
2025-04-03 16:40:57,903|line:539| -=-=-=-=处理回最初的动态-=-=-=-=
2025-04-03 16:41:10,911|line:477| 转发成功 1051665992760950800
2025-04-03 16:41:14,483|line:496| 评论发送成功
2025-04-03 16:41:19,198|line:426| 238623328 === 已经关注了
2025-04-03 16:41:22,676|line:505| 动态-点赞 0
2025-04-03 16:41:24,676|line:521| https://t.bilibili.com/1051472981235073028
2025-04-03 16:41:28,192|line:343| =========此为源动态=========
2025-04-03 16:41:30,860|line:364| *********子动态开始*********
2025-04-03 16:41:30,860|line:383| *********子动态结束*********
2025-04-03 16:41:30,860|line:539| -=-=-=-=处理回最初的动态-=-=-=-=
2025-04-03 16:41:38,493|line:477| 转发成功 1051666113059880966
2025-04-03 16:41:42,153|line:496| 评论发送成功
2025-04-03 16:41:44,701|line:426| 3546574533691447 === 已经关注了
2025-04-03 16:41:48,179|line:505| 动态-点赞 0
2025-04-03 16:41:49,179|line:521| https://t.bilibili.com/1050828175639052338
2025-04-03 16:41:49,179|line:523| 已有
2025-04-03 16:41:49,180|line:521| https://t.bilibili.com/1051223742162665478
2025-04-03 16:41:53,615|line:343| =========此为源动态=========
2025-04-03 16:41:57,350|line:364| *********子动态开始*********
2025-04-03 16:41:57,350|line:383| *********子动态结束*********
2025-04-03 16:41:57,350|line:539| -=-=-=-=处理回最初的动态-=-=-=-=
2025-04-03 16:42:09,063|line:477| 转发成功 1051666241866956821
2025-04-03 16:42:12,592|line:496| 评论发送成功
2025-04-03 16:42:16,169|line:426| 268035532 === 已经关注了
2025-04-03 16:42:19,598|line:505| 动态-点赞 0
2025-04-03 16:42:21,599|line:521| https://t.bilibili.com/1047865019723677701
2025-04-03 16:42:21,599|line:523| 已有
2025-04-03 16:42:21,599|line:521| https://t.bilibili.com/1050760742541721605
2025-04-03 16:42:26,313|line:343| =========此为源动态=========
2025-04-03 16:42:31,039|line:364| *********子动态开始*********
2025-04-03 16:42:31,040|line:383| *********子动态结束*********
2025-04-03 16:42:31,040|line:539| -=-=-=-=处理回最初的动态-=-=-=-=
2025-04-03 16:42:38,589|line:477| 转发成功 1051666370745335830
2025-04-03 16:42:42,035|line:496| 评论发送成功
2025-04-03 16:42:43,532|line:426| 1024366005 === 已经关注了
2025-04-03 16:42:46,971|line:505| 动态-点赞 0
2025-04-03 16:42:47,971|line:521| https://t.bilibili.com/1051182439584497668
2025-04-03 16:42:52,565|line:528| 官方 或 预约 OUT！
2025-04-03 16:42:52,565|line:521| https://t.bilibili.com/1051470833751425048
2025-04-03 16:42:53,976|line:528| 官方 或 预约 OUT！
2025-04-03 16:42:53,976|line:521| https://t.bilibili.com/1051549942786555907
2025-04-03 16:42:56,405|line:343| =========此为源动态=========
2025-04-03 16:43:00,924|line:364| *********子动态开始*********
2025-04-03 16:43:00,925|line:383| *********子动态结束*********
2025-04-03 16:43:00,925|line:539| -=-=-=-=处理回最初的动态-=-=-=-=
2025-04-03 16:43:12,418|line:477| 转发成功 1051666516750106647
2025-04-03 16:43:15,942|line:496| 评论发送成功
2025-04-03 16:43:19,463|line:426| 601210376 === 已经关注了
2025-04-03 16:43:22,928|line:505| 动态-点赞 0
2025-04-03 16:43:23,928|line:521| https://t.bilibili.com/1051191529882779653
2025-04-03 16:43:23,929|line:523| 已有
2025-04-03 16:43:23,929|line:521| https://t.bilibili.com/1044093209510150146
2025-04-03 16:43:25,354|line:338| =========此为子动态=========
2025-04-03 16:43:29,843|line:402| *************原动态已存在***************
2025-04-03 16:43:32,455|line:364| *********子动态开始*********
2025-04-03 16:43:44,047|line:477| 转发成功 1051666649888849920
2025-04-03 16:43:47,611|line:496| 评论发送成功
2025-04-03 16:43:52,554|line:426| 346469145 === 已经关注了
2025-04-03 16:43:52,554|line:378| ----完成一个子动态----
2025-04-03 16:43:52,554|line:383| *********子动态结束*********
2025-04-03 16:43:56,555|line:521| https://t.bilibili.com/1051195908601937936
2025-04-03 16:43:59,207|line:528| 官方 或 预约 OUT！
2025-04-03 16:43:59,207|line:521| https://t.bilibili.com/1051562662325911557
2025-04-03 16:44:02,638|line:528| 官方 或 预约 OUT！
2025-04-03 16:44:02,638|line:521| https://t.bilibili.com/1051470064974299177
2025-04-03 16:44:06,064|line:528| 官方 或 预约 OUT！
2025-04-03 16:44:06,064|line:521| https://t.bilibili.com/1050072319381209089
2025-04-03 16:44:08,488|line:528| 官方 或 预约 OUT！
2025-04-03 16:44:08,488|line:521| https://t.bilibili.com/1050712211511574535
2025-04-03 16:44:08,488|line:523| 已有
2025-04-03 16:44:08,488|line:521| https://t.bilibili.com/1051432041616244736
2025-04-03 16:44:08,488|line:523| 已有
2025-04-03 16:44:08,488|line:521| https://t.bilibili.com/1051194882111045670
2025-04-03 16:44:09,915|line:343| =========此为源动态=========
2025-04-03 16:44:13,439|line:364| *********子动态开始*********
2025-04-03 16:44:13,440|line:383| *********子动态结束*********
2025-04-03 16:44:13,440|line:539| -=-=-=-=处理回最初的动态-=-=-=-=
2025-04-03 16:44:21,100|line:477| 转发成功 1051666808802639881
2025-04-03 16:44:24,694|line:496| 评论发送成功
2025-04-03 16:44:29,299|line:426| 238623328 === 已经关注了
2025-04-03 16:44:32,935|line:505| 动态-点赞 0
2025-04-03 16:44:34,935|line:521| https://t.bilibili.com/1051235044330307592
2025-04-03 16:44:39,365|line:528| 官方 或 预约 OUT！
2025-04-03 16:44:39,366|line:521| https://t.bilibili.com/1051532724213383192
2025-04-03 16:44:40,794|line:338| =========此为子动态=========
2025-04-03 16:44:44,369|line:402| *************原动态已存在***************
2025-04-03 16:44:48,996|line:364| *********子动态开始*********
2025-04-03 16:45:01,409|line:477| 转发成功 1051666984906784768
2025-04-03 16:45:04,894|line:496| 评论发送成功
2025-04-03 16:45:10,768|line:426| 1536750746 === 已经关注了
2025-04-03 16:45:10,768|line:378| ----完成一个子动态----
2025-04-03 16:45:10,769|line:383| *********子动态结束*********
2025-04-03 16:45:14,769|line:521| https://t.bilibili.com/1051555483280736278
2025-04-03 16:45:17,126|line:343| =========此为源动态=========
2025-04-03 16:45:21,734|line:364| *********子动态开始*********
2025-04-03 16:45:21,734|line:383| *********子动态结束*********
2025-04-03 16:45:21,734|line:539| -=-=-=-=处理回最初的动态-=-=-=-=
2025-04-03 16:45:31,357|line:477| 转发成功 1051667113764192260
2025-04-03 16:45:34,896|line:496| 评论发送成功
2025-04-03 16:45:38,340|line:426| 102734471 === 已经关注了
2025-04-03 16:45:41,719|line:505| 动态-点赞 0
2025-04-03 16:45:42,719|line:521| https://t.bilibili.com/1051561517721321508
2025-04-03 16:45:44,094|line:528| 官方 或 预约 OUT！
2025-04-03 16:45:44,095|line:521| https://t.bilibili.com/1050712827846721537
2025-04-03 16:45:46,546|line:528| 官方 或 预约 OUT！
2025-04-03 16:45:46,546|line:521| https://t.bilibili.com/1037454749139468297
2025-04-03 16:45:47,905|line:528| 官方 或 预约 OUT！
2025-04-03 16:45:47,905|line:521| https://t.bilibili.com/1051433660839886853
2025-04-03 16:45:52,289|line:528| 官方 或 预约 OUT！
2025-04-03 16:45:52,289|line:521| https://t.bilibili.com/1050712209401839617
2025-04-03 16:45:55,715|line:528| 官方 或 预约 OUT！
2025-04-03 16:45:55,715|line:521| https://t.bilibili.com/1051184548439654402
2025-04-03 16:45:59,074|line:343| =========此为源动态=========
2025-04-03 16:46:02,529|line:364| *********子动态开始*********
2025-04-03 16:46:02,529|line:383| *********子动态结束*********
2025-04-03 16:46:02,530|line:539| -=-=-=-=处理回最初的动态-=-=-=-=
2025-04-03 16:46:09,844|line:477| 转发成功 1051667276991823880
2025-04-03 16:46:13,347|line:496| 评论发送成功
2025-04-03 16:46:16,878|line:426| 40488476 === 已经关注了
2025-04-03 16:46:20,494|line:505| 动态-点赞 0
2025-04-03 16:46:22,495|line:521| https://t.bilibili.com/1046675966627151889
2025-04-03 16:46:26,977|line:343| =========此为源动态=========
2025-04-03 16:46:28,438|line:364| *********子动态开始*********
2025-04-03 16:46:28,438|line:383| *********子动态结束*********
2025-04-03 16:46:28,438|line:539| -=-=-=-=处理回最初的动态-=-=-=-=
2025-04-03 16:46:38,094|line:477| 转发成功 1051667397246713856
2025-04-03 16:46:41,536|line:496| 评论发送成功
2025-04-03 16:46:46,096|line:426| 1024366005 === 已经关注了
2025-04-03 16:46:49,622|line:505| 动态-点赞 0
2025-04-03 16:46:53,623|line:521| https://t.bilibili.com/1051557476131930119
2025-04-03 16:46:56,042|line:343| =========此为源动态=========
2025-04-03 16:46:59,577|line:364| *********子动态开始*********
2025-04-03 16:46:59,577|line:383| *********子动态结束*********
2025-04-03 16:46:59,577|line:539| -=-=-=-=处理回最初的动态-=-=-=-=
2025-04-03 16:47:09,313|line:477| 转发成功 1051667534660501506
2025-04-03 16:47:12,877|line:496| 评论发送成功
2025-04-03 16:47:14,379|line:426| 1309317001 === 已经关注了
2025-04-03 16:47:17,835|line:505| 动态-点赞 0
2025-04-03 16:47:18,836|line:521| https://t.bilibili.com/1050482016348274707
2025-04-03 16:47:20,263|line:528| 官方 或 预约 OUT！
2025-04-03 16:47:20,264|line:521| https://t.bilibili.com/1046396282682212390
2025-04-03 16:47:24,690|line:528| 官方 或 预约 OUT！
2025-04-03 16:47:24,690|line:521| https://t.bilibili.com/1051508921550766081
2025-04-03 16:47:28,131|line:343| =========此为源动态=========
2025-04-03 16:47:29,753|line:364| *********子动态开始*********
2025-04-03 16:47:29,754|line:383| *********子动态结束*********
2025-04-03 16:47:29,754|line:539| -=-=-=-=处理回最初的动态-=-=-=-=
2025-04-03 16:47:39,275|line:477| 转发成功 1051667663534686256
2025-04-03 16:47:42,835|line:496| 评论发送成功
2025-04-03 16:47:45,510|line:426| 1750535730 === 已经关注了
2025-04-03 16:47:49,018|line:505| 动态-点赞 0
2025-04-03 16:47:52,018|line:521| https://t.bilibili.com/1051150970335002647
2025-04-03 16:47:54,444|line:343| =========此为源动态=========
2025-04-03 16:47:58,068|line:364| *********子动态开始*********
2025-04-03 16:49:29,260|line:383| *********子动态结束*********
2025-04-03 16:49:29,260|line:539| -=-=-=-=处理回最初的动态-=-=-=-=
2025-04-03 16:49:37,944|line:477| 转发成功 1051668170339778562
2025-04-03 16:49:41,499|line:496| 评论发送成功
2025-04-03 16:49:48,532|line:438| 关注 ==== 505706074 0
2025-04-03 16:49:52,028|line:505| 动态-点赞 0
2025-04-03 16:49:54,028|line:521| https://t.bilibili.com/1051170598364905479
2025-04-03 16:49:54,028|line:523| 已有
2025-04-03 16:49:54,029|line:521| https://t.bilibili.com/1051575222952525843
2025-04-03 16:49:55,620|line:343| =========此为源动态=========
2025-04-03 16:49:58,261|line:364| *********子动态开始*********
2025-04-03 16:49:58,262|line:383| *********子动态结束*********
2025-04-03 16:49:58,262|line:539| -=-=-=-=处理回最初的动态-=-=-=-=
2025-04-03 16:50:10,882|line:477| 转发成功 1051668312049582083
2025-04-03 16:50:14,424|line:496| 评论发送成功
2025-04-03 16:50:17,951|line:426| 1024366005 === 已经关注了
2025-04-03 16:50:21,423|line:505| 动态-点赞 0
2025-04-03 16:50:22,424|line:521| https://t.bilibili.com/1046380524416794627
2025-04-03 16:50:24,869|line:528| 官方 或 预约 OUT！
2025-04-03 16:50:24,869|line:521| https://t.bilibili.com/1051160775758970898
2025-04-03 16:50:28,318|line:528| 官方 或 预约 OUT！
2025-04-03 16:50:28,318|line:521| https://t.bilibili.com/1050712321084620818
2025-04-03 16:50:28,319|line:523| 已有
2025-04-03 16:50:28,319|line:521| https://t.bilibili.com/1050823479125868547
2025-04-03 16:50:30,765|line:343| =========此为源动态=========
2025-04-03 16:50:35,337|line:364| *********子动态开始*********
2025-04-03 16:50:35,337|line:383| *********子动态结束*********
2025-04-03 16:50:35,337|line:539| -=-=-=-=处理回最初的动态-=-=-=-=
2025-04-03 16:50:48,099|line:477| 转发成功 1051668470947643394
2025-04-03 16:50:51,569|line:496| 评论发送成功
2025-04-03 16:50:53,102|line:426| 3546740875594396 === 已经关注了
2025-04-03 16:50:56,587|line:505| 动态-点赞 0
2025-04-03 16:50:58,588|line:521| https://t.bilibili.com/1051164207481880582
2025-04-03 16:50:58,588|line:523| 已有
2025-04-03 16:50:58,588|line:521| https://t.bilibili.com/1051521948191817733
2025-04-03 16:51:03,037|line:343| =========此为源动态=========
2025-04-03 16:51:05,686|line:364| *********子动态开始*********
2025-04-03 16:51:05,686|line:383| *********子动态结束*********
2025-04-03 16:51:05,687|line:539| -=-=-=-=处理回最初的动态-=-=-=-=
2025-04-03 16:51:16,324|line:477| 转发成功 1051668595503792131
2025-04-03 16:51:19,865|line:496| 评论发送成功
2025-04-03 16:51:22,445|line:426| 3546740875594396 === 已经关注了
2025-04-03 16:51:25,934|line:505| 动态-点赞 0
2025-04-03 16:51:27,934|line:521| https://t.bilibili.com/1051447593682337800
2025-04-03 16:51:30,601|line:343| =========此为源动态=========
2025-04-03 16:51:32,175|line:364| *********子动态开始*********
2025-04-03 16:51:32,176|line:383| *********子动态结束*********
2025-04-03 16:51:32,176|line:539| -=-=-=-=处理回最初的动态-=-=-=-=
2025-04-03 16:51:39,752|line:477| 转发成功 1051668694337323016
2025-04-03 16:51:43,298|line:496| 评论发送成功
2025-04-03 16:51:46,842|line:426| 433865481 === 已经关注了
2025-04-03 16:51:50,328|line:505| 动态-点赞 0
2025-04-03 16:51:54,328|line:521| https://t.bilibili.com/1051139889333010435
2025-04-03 16:51:54,329|line:523| 已有
2025-04-03 16:51:54,329|line:521| https://t.bilibili.com/1051544677149311010
2025-04-03 16:51:55,772|line:528| 官方 或 预约 OUT！
2025-04-03 16:51:55,772|line:521| https://t.bilibili.com/1051593545284059141
2025-04-03 16:51:58,224|line:343| =========此为源动态=========
2025-04-03 16:51:59,773|line:364| *********子动态开始*********
2025-04-03 16:51:59,773|line:383| *********子动态结束*********
2025-04-03 16:51:59,774|line:539| -=-=-=-=处理回最初的动态-=-=-=-=
2025-04-03 16:52:11,300|line:477| 转发成功 1051668831769985032
2025-04-03 16:52:14,831|line:496| 评论发送成功
2025-04-03 16:52:18,373|line:426| 476645168 === 已经关注了
2025-04-03 16:52:22,068|line:505| 动态-点赞 0
2025-04-03 16:52:23,068|line:554| 执行结束
2025-04-03 16:52:27,107|line:560| ==================================================2025-04-04 00:52==================================================
2025-04-03 16:52:27,107|line:234| processing article 41226230
2025-04-03 16:52:29,505|line:509| ==================================================2025-04-04 00:52==================================================
2025-04-03 16:52:29,506|line:521| https://t.bilibili.com/1050160052672921605
2025-04-03 16:52:31,977|line:528| 官方 或 预约 OUT！
2025-04-03 16:52:31,977|line:521| https://t.bilibili.com/1050547548928868353
2025-04-03 16:52:36,429|line:528| 官方 或 预约 OUT！
2025-04-03 16:52:36,429|line:521| https://t.bilibili.com/1049638879896797185
2025-04-03 16:52:40,878|line:528| 官方 或 预约 OUT！
2025-04-03 16:52:40,878|line:521| https://t.bilibili.com/1048951487542067209
2025-04-03 16:52:43,490|line:528| 官方 或 预约 OUT！
2025-04-03 16:52:43,491|line:521| https://t.bilibili.com/1049798446487175169
2025-04-03 16:52:46,936|line:528| 官方 或 预约 OUT！
2025-04-03 16:52:46,937|line:521| https://t.bilibili.com/1049744858184417282
2025-04-03 16:52:51,380|line:528| 官方 或 预约 OUT！
2025-04-03 16:52:51,380|line:521| https://t.bilibili.com/1049335702441951234
2025-04-03 16:52:54,942|line:528| 官方 或 预约 OUT！
2025-04-03 16:52:54,943|line:521| https://t.bilibili.com/1049779192187584534
2025-04-03 16:52:56,411|line:343| =========此为源动态=========
2025-04-03 16:52:58,003|line:348| 'items'
2025-04-03 16:52:58,003|line:349| error line:344
2025-04-03 16:52:58,004|line:535| *#*#*#*#*#*#*#*#*#*原动态处理失败*#*#*#*#*#*#*#*#*#
2025-04-03 16:52:58,004|line:521| https://t.bilibili.com/1050793693504602120
2025-04-03 16:53:02,612|line:528| 官方 或 预约 OUT！
2025-04-03 16:53:02,612|line:521| https://t.bilibili.com/1049627317850079272
2025-04-03 16:53:07,010|line:528| 官方 或 预约 OUT！
2025-04-03 16:53:07,011|line:521| https://t.bilibili.com/1049797888160301074
2025-04-03 16:53:11,515|line:528| 官方 或 预约 OUT！
2025-04-03 16:53:11,515|line:521| https://t.bilibili.com/1050449103988719634
2025-04-03 16:53:13,934|line:528| 官方 或 预约 OUT！
2025-04-03 16:53:13,934|line:521| https://t.bilibili.com/1049814943496404995
2025-04-03 16:53:16,359|line:528| 官方 或 预约 OUT！
2025-04-03 16:53:16,359|line:521| https://t.bilibili.com/1050419863842979858
2025-04-03 16:53:17,789|line:528| 官方 或 预约 OUT！
2025-04-03 16:53:17,790|line:521| https://t.bilibili.com/1049695869778001945
2025-04-03 16:53:19,179|line:528| 官方 或 预约 OUT！
2025-04-03 16:53:19,180|line:521| https://t.bilibili.com/1046400994249801765
2025-04-03 16:53:22,723|line:528| 官方 或 预约 OUT！
2025-04-03 16:53:22,723|line:521| https://t.bilibili.com/1048906033934630916
2025-04-03 16:53:27,158|line:528| 官方 或 预约 OUT！
2025-04-03 16:53:27,159|line:521| https://t.bilibili.com/1050979210355539972
2025-04-03 16:53:29,551|line:528| 官方 或 预约 OUT！
2025-04-03 16:53:29,551|line:521| https://t.bilibili.com/1048263382264709127
2025-04-03 16:53:34,161|line:343| =========此为源动态=========
2025-04-03 16:53:36,579|line:348| 'items'
2025-04-03 16:53:36,579|line:349| error line:344
2025-04-03 16:53:36,580|line:535| *#*#*#*#*#*#*#*#*#*原动态处理失败*#*#*#*#*#*#*#*#*#
2025-04-03 16:53:36,580|line:521| https://t.bilibili.com/1048130800893034513
2025-04-03 16:53:38,132|line:528| 官方 或 预约 OUT！
2025-04-03 16:53:38,132|line:521| https://t.bilibili.com/1049001777334059029
2025-04-03 16:53:39,521|line:528| 官方 或 预约 OUT！
2025-04-03 16:53:39,521|line:554| 执行结束
2025-04-03 16:53:42,883|line:560| ==================================================2025-04-04 00:53==================================================
2025-04-03 16:53:42,883|line:234| processing article 41225518
2025-04-03 16:53:47,288|line:509| ==================================================2025-04-04 00:53==================================================
2025-04-03 16:53:47,288|line:521| https://t.bilibili.com/1050758597196120072
2025-04-03 16:53:47,288|line:523| 已有
2025-04-03 16:53:47,288|line:521| https://t.bilibili.com/1051191529882779653
2025-04-03 16:53:47,289|line:523| 已有
2025-04-03 16:53:47,289|line:521| https://t.bilibili.com/1048609395577978885
2025-04-03 16:53:47,289|line:523| 已有
2025-04-03 16:53:47,289|line:521| https://t.bilibili.com/1051447593682337800
2025-04-03 16:53:47,289|line:523| 已有
2025-04-03 16:53:47,289|line:521| https://t.bilibili.com/1051179935594446905
2025-04-03 16:53:50,728|line:343| =========此为源动态=========
2025-04-03 16:53:53,329|line:364| *********子动态开始*********
2025-04-03 16:53:53,330|line:383| *********子动态结束*********
2025-04-03 16:53:53,330|line:539| -=-=-=-=处理回最初的动态-=-=-=-=
2025-04-03 16:54:00,040|line:477| 转发成功 1051669295597092889
2025-04-03 16:54:03,631|line:496| 评论发送成功
2025-04-03 16:54:07,207|line:426| 597014012 === 已经关注了
2025-04-03 16:54:10,899|line:505| 动态-点赞 0
2025-04-03 16:54:11,899|line:521| https://t.bilibili.com/1049322701592723472
2025-04-03 16:54:11,900|line:523| 已有
2025-04-03 16:54:11,900|line:554| 执行结束
2025-04-03 16:54:15,375|line:560| ==================================================2025-04-04 00:54==================================================
2025-04-03 16:54:15,375|line:234| processing article 41211286
2025-04-03 16:54:20,751|line:509| ==================================================2025-04-04 00:54==================================================
2025-04-03 16:54:20,751|line:521| https://t.bilibili.com/1040078480265445392
2025-04-03 16:54:24,177|line:528| 官方 或 预约 OUT！
2025-04-03 16:54:24,177|line:521| https://t.bilibili.com/1042670664793718804
2025-04-03 16:54:24,177|line:523| 已有
2025-04-03 16:54:24,177|line:521| https://t.bilibili.com/1042649108360200195
2025-04-03 16:54:24,177|line:523| 已有
2025-04-03 16:54:24,177|line:521| https://t.bilibili.com/1042646462682365954
2025-04-03 16:54:24,178|line:523| 已有
2025-04-03 16:54:24,178|line:521| https://t.bilibili.com/1047927700499464217
2025-04-03 16:54:24,178|line:523| 已有
2025-04-03 16:54:24,178|line:521| https://t.bilibili.com/1042653016791973895
2025-04-03 16:54:24,178|line:523| 已有
2025-04-03 16:54:24,178|line:521| https://t.bilibili.com/1051076873614786561
2025-04-03 16:54:24,178|line:523| 已有
2025-04-03 16:54:24,178|line:521| https://t.bilibili.com/1041481467825225735
2025-04-03 16:54:24,178|line:523| 已有
2025-04-03 16:54:24,178|line:521| https://t.bilibili.com/1042648562924519441
2025-04-03 16:54:24,179|line:523| 已有
2025-04-03 16:54:24,179|line:521| https://t.bilibili.com/1040445601193394212
2025-04-03 16:54:24,179|line:523| 已有
2025-04-03 16:54:24,179|line:521| https://t.bilibili.com/1042749649245438007
2025-04-03 16:54:24,179|line:523| 已有
2025-04-03 16:54:24,179|line:521| https://t.bilibili.com/1048171938120204313
2025-04-03 16:54:24,179|line:523| 已有
2025-04-03 16:54:24,179|line:521| https://t.bilibili.com/1042646909349527570
2025-04-03 16:54:24,179|line:523| 已有
2025-04-03 16:54:24,180|line:521| https://t.bilibili.com/1042684868283072518
2025-04-03 16:54:24,180|line:523| 已有
2025-04-03 16:54:24,180|line:521| https://t.bilibili.com/1045626766270398484
2025-04-03 16:54:24,180|line:523| 已有
2025-04-03 16:54:24,180|line:521| https://t.bilibili.com/1046347663608381440
2025-04-03 16:54:28,575|line:528| 官方 或 预约 OUT！
2025-04-03 16:54:28,576|line:521| https://t.bilibili.com/1042908283903410179
2025-04-03 16:54:28,576|line:523| 已有
2025-04-03 16:54:28,576|line:554| 执行结束
2025-04-03 16:54:32,200|line:560| ==================================================2025-04-04 00:54==================================================
2025-04-03 16:54:32,200|line:234| processing article 41224685
2025-04-03 16:54:36,542|line:509| ==================================================2025-04-04 00:54==================================================
2025-04-03 16:54:36,542|line:521| https://t.bilibili.com/1050722543100493824
2025-04-03 16:54:40,938|line:528| 官方 或 预约 OUT！
2025-04-03 16:54:40,938|line:521| https://t.bilibili.com/1049067563314577413
2025-04-03 16:54:42,413|line:528| 官方 或 预约 OUT！
2025-04-03 16:54:42,413|line:521| https://t.bilibili.com/1048941493181480967
2025-04-03 16:54:46,887|line:528| 官方 或 预约 OUT！
2025-04-03 16:54:46,887|line:521| https://t.bilibili.com/1035593318931628032
2025-04-03 16:54:51,474|line:528| 官方 或 预约 OUT！
2025-04-03 16:54:51,474|line:521| https://t.bilibili.com/1048532822727327746
2025-04-03 16:54:55,864|line:528| 官方 或 预约 OUT！
2025-04-03 16:54:55,864|line:521| https://t.bilibili.com/1049300286157357112
2025-04-03 16:54:58,261|line:528| 官方 或 预约 OUT！
2025-04-03 16:54:58,261|line:521| https://t.bilibili.com/1050850687715377223
2025-04-03 16:55:00,669|line:528| 官方 或 预约 OUT！
2025-04-03 16:55:00,669|line:521| https://t.bilibili.com/1050845744204873729
2025-04-03 16:55:02,233|line:528| 官方 或 预约 OUT！
2025-04-03 16:55:02,233|line:521| https://t.bilibili.com/1050819781152735240
2025-04-03 16:55:03,676|line:528| 官方 或 预约 OUT！
2025-04-03 16:55:03,676|line:521| https://t.bilibili.com/1050888002384953378
2025-04-03 16:55:06,065|line:528| 官方 或 预约 OUT！
2025-04-03 16:55:06,065|line:521| https://t.bilibili.com/1049349734078087169
2025-04-03 16:55:09,461|line:528| 官方 或 预约 OUT！
2025-04-03 16:55:09,461|line:521| https://t.bilibili.com/1050496782432206851
2025-04-03 16:55:10,912|line:528| 官方 或 预约 OUT！
2025-04-03 16:55:10,913|line:521| https://t.bilibili.com/1050486113732395017
2025-04-03 16:55:13,478|line:528| 官方 或 预约 OUT！
2025-04-03 16:55:13,478|line:521| https://t.bilibili.com/1047802373364252711
2025-04-03 16:55:15,959|line:528| 官方 或 预约 OUT！
2025-04-03 16:55:15,960|line:554| 执行结束
2025-04-03 16:55:19,613|line:560| ==================================================2025-04-04 00:55==================================================
2025-04-03 16:55:19,614|line:234| processing article 41214202
2025-04-03 16:55:22,808|line:509| ==================================================2025-04-04 00:55==================================================
2025-04-03 16:55:22,808|line:521| https://t.bilibili.com/1051136925816061959
2025-04-03 16:55:24,251|line:528| 官方 或 预约 OUT！
2025-04-03 16:55:24,251|line:521| https://t.bilibili.com/1050790193094721538
2025-04-03 16:55:24,251|line:523| 已有
2025-04-03 16:55:24,251|line:521| https://t.bilibili.com/1050758854880526340
2025-04-03 16:55:24,251|line:523| 已有
2025-04-03 16:55:24,251|line:521| https://t.bilibili.com/1050765741849051143
2025-04-03 16:55:24,252|line:523| 已有
2025-04-03 16:55:24,252|line:521| https://t.bilibili.com/1051106465936310277
2025-04-03 16:55:24,252|line:523| 已有
2025-04-03 16:55:24,252|line:521| https://t.bilibili.com/1051143617376157729
2025-04-03 16:55:24,252|line:523| 已有
2025-04-03 16:55:24,252|line:521| https://t.bilibili.com/1050838855107739669
2025-04-03 16:55:28,681|line:528| 官方 或 预约 OUT！
2025-04-03 16:55:28,682|line:521| https://t.bilibili.com/1051076873614786561
2025-04-03 16:55:28,682|line:523| 已有
2025-04-03 16:55:28,682|line:521| https://t.bilibili.com/1050758597212897289
2025-04-03 16:55:28,682|line:523| 已有
2025-04-03 16:55:28,682|line:521| https://t.bilibili.com/1050776363306319872
2025-04-03 16:55:30,365|line:528| 官方 或 预约 OUT！
2025-04-03 16:55:30,365|line:521| https://t.bilibili.com/1051060724506296325
2025-04-03 16:55:30,365|line:523| 已有
2025-04-03 16:55:30,365|line:521| https://t.bilibili.com/1050766124126306313
2025-04-03 16:55:30,366|line:523| 已有
2025-04-03 16:55:30,366|line:521| https://t.bilibili.com/1051091027653296134
2025-04-03 16:55:30,366|line:523| 已有
2025-04-03 16:55:30,366|line:521| https://t.bilibili.com/1051153087766462465
2025-04-03 16:55:30,366|line:523| 已有
2025-04-03 16:55:30,366|line:521| https://t.bilibili.com/1035593318931628032
2025-04-03 16:55:34,821|line:528| 官方 或 预约 OUT！
2025-04-03 16:55:34,822|line:521| https://t.bilibili.com/1050790412172656657
2025-04-03 16:55:34,822|line:523| 已有
2025-04-03 16:55:34,822|line:521| https://t.bilibili.com/1051203437677510660
2025-04-03 16:55:34,822|line:523| 已有
2025-04-03 16:55:34,822|line:521| https://t.bilibili.com/1050790094306279425
2025-04-03 16:55:34,822|line:523| 已有
2025-04-03 16:55:34,822|line:521| https://t.bilibili.com/1050888002384953378
2025-04-03 16:55:39,249|line:528| 官方 或 预约 OUT！
2025-04-03 16:55:39,250|line:521| https://t.bilibili.com/1051172273394810882
2025-04-03 16:55:42,713|line:528| 官方 或 预约 OUT！
2025-04-03 16:55:42,713|line:521| https://t.bilibili.com/1051162343454539810
2025-04-03 16:55:42,713|line:523| 已有
2025-04-03 16:55:42,714|line:521| https://t.bilibili.com/1051133794777563161
2025-04-03 16:55:46,179|line:528| 官方 或 预约 OUT！
2025-04-03 16:55:46,179|line:521| https://t.bilibili.com/1051001746042650632
2025-04-03 16:55:46,179|line:523| 已有
2025-04-03 16:55:46,179|line:521| https://t.bilibili.com/1051191529882779653
2025-04-03 16:55:46,180|line:523| 已有
2025-04-03 16:55:46,180|line:521| https://t.bilibili.com/1050850687715377223
2025-04-03 16:55:48,671|line:528| 官方 或 预约 OUT！
2025-04-03 16:55:48,671|line:521| https://t.bilibili.com/1051156948979810304
2025-04-03 16:55:48,671|line:523| 已有
2025-04-03 16:55:48,671|line:521| https://t.bilibili.com/1050758597196120072
2025-04-03 16:55:48,671|line:523| 已有
2025-04-03 16:55:48,672|line:521| https://t.bilibili.com/1051170598364905479
2025-04-03 16:55:48,672|line:523| 已有
2025-04-03 16:55:48,672|line:521| https://t.bilibili.com/1050833692524544019
2025-04-03 16:55:52,111|line:528| 官方 或 预约 OUT！
2025-04-03 16:55:52,111|line:521| https://t.bilibili.com/1050779734886055984
2025-04-03 16:55:52,111|line:523| 已有
2025-04-03 16:55:52,111|line:521| https://t.bilibili.com/1051164207481880582
2025-04-03 16:55:52,111|line:523| 已有
2025-04-03 16:55:52,111|line:521| https://t.bilibili.com/1050339466345971752
2025-04-03 16:55:52,111|line:523| 已有
2025-04-03 16:55:52,112|line:521| https://t.bilibili.com/1051139889333010435
2025-04-03 16:55:52,112|line:523| 已有
2025-04-03 16:55:52,112|line:521| https://t.bilibili.com/1050783703415914519
2025-04-03 16:55:52,112|line:523| 已有
2025-04-03 16:55:52,112|line:554| 执行结束
2025-04-03 16:55:55,828|line:560| ==================================================2025-04-04 00:55==================================================
2025-04-03 16:55:55,828|line:234| processing article 41212800
2025-04-03 16:55:59,153|line:509| ==================================================2025-04-04 00:55==================================================
2025-04-03 16:55:59,153|line:521| https://t.bilibili.com/1049304563941638168
2025-04-03 16:56:02,588|line:528| 官方 或 预约 OUT！
2025-04-03 16:56:02,589|line:521| https://t.bilibili.com/1049367223222665222
2025-04-03 16:56:04,035|line:528| 官方 或 预约 OUT！
2025-04-03 16:56:04,036|line:521| https://t.bilibili.com/1045891628314656818
2025-04-03 16:56:08,499|line:528| 官方 或 预约 OUT！
2025-04-03 16:56:08,500|line:521| https://t.bilibili.com/1050824874992336897
2025-04-03 16:56:11,937|line:528| 官方 或 预约 OUT！
2025-04-03 16:56:11,937|line:521| https://t.bilibili.com/1046730701712392199
2025-04-03 16:56:15,395|line:528| 官方 或 预约 OUT！
2025-04-03 16:56:15,395|line:521| https://t.bilibili.com/1050819446152626192
2025-04-03 16:56:16,843|line:528| 官方 或 预约 OUT！
2025-04-03 16:56:16,843|line:521| https://t.bilibili.com/1048856916660322325
2025-04-03 16:56:20,284|line:528| 官方 或 预约 OUT！
2025-04-03 16:56:20,284|line:521| https://t.bilibili.com/1043344351928778755
2025-04-03 16:56:22,743|line:528| 官方 或 预约 OUT！
2025-04-03 16:56:22,743|line:521| https://t.bilibili.com/1035593318931628032
2025-04-03 16:56:26,173|line:528| 官方 或 预约 OUT！
2025-04-03 16:56:26,173|line:521| https://t.bilibili.com/1046738587240890389
2025-04-03 16:56:30,616|line:528| 官方 或 预约 OUT！
2025-04-03 16:56:30,616|line:521| https://t.bilibili.com/1050888002384953378
2025-04-03 16:56:35,050|line:528| 官方 或 预约 OUT！
2025-04-03 16:56:35,051|line:521| https://t.bilibili.com/1048470519924391958
2025-04-03 16:56:37,482|line:528| 官方 或 预约 OUT！
2025-04-03 16:56:37,483|line:521| https://t.bilibili.com/1046723082434117701
2025-04-03 16:56:40,994|line:528| 官方 或 预约 OUT！
2025-04-03 16:56:40,994|line:521| https://t.bilibili.com/1050774512200581129
2025-04-03 16:56:45,451|line:528| 官方 或 预约 OUT！
2025-04-03 16:56:45,451|line:521| https://t.bilibili.com/1050850687715377223
2025-04-03 16:56:49,901|line:528| 官方 或 预约 OUT！
2025-04-03 16:56:49,902|line:521| https://t.bilibili.com/1050749721661931536
2025-04-03 16:56:54,367|line:528| 官方 或 预约 OUT！
2025-04-03 16:56:54,367|line:521| https://t.bilibili.com/1046645747226771526
2025-04-03 16:56:57,753|line:528| 官方 或 预约 OUT！
2025-04-03 16:56:57,754|line:521| https://t.bilibili.com/1048869844528660514
2025-04-03 16:57:00,163|line:528| 官方 或 预约 OUT！
2025-04-03 16:57:00,163|line:521| https://t.bilibili.com/1049382500418191384
2025-04-03 16:57:03,547|line:528| 官方 或 预约 OUT！
2025-04-03 16:57:03,548|line:554| 执行结束
2025-04-03 16:57:07,307|line:560| ==================================================2025-04-04 00:57==================================================
2025-04-03 16:57:07,307|line:234| processing article 41210011
2025-04-03 16:57:09,631|line:509| ==================================================2025-04-04 00:57==================================================
2025-04-03 16:57:09,632|line:521| https://t.bilibili.com/1050692757454061570
2025-04-03 16:57:09,632|line:523| 已有
2025-04-03 16:57:09,632|line:521| https://t.bilibili.com/1050810087425179668
2025-04-03 16:57:09,632|line:523| 已有
2025-04-03 16:57:09,632|line:521| https://t.bilibili.com/1050812904877588548
2025-04-03 16:57:09,632|line:523| 已有
2025-04-03 16:57:09,632|line:521| https://t.bilibili.com/1050693715287343107
2025-04-03 16:57:09,632|line:523| 已有
2025-04-03 16:57:09,632|line:521| https://t.bilibili.com/1050691718090850312
2025-04-03 16:57:09,632|line:523| 已有
2025-04-03 16:57:09,633|line:521| https://t.bilibili.com/1050733675636850708
2025-04-03 16:57:09,633|line:523| 已有
2025-04-03 16:57:09,633|line:521| https://t.bilibili.com/1050812033038024709
2025-04-03 16:57:09,633|line:523| 已有
2025-04-03 16:57:09,633|line:521| https://t.bilibili.com/1050698001648975891
2025-04-03 16:57:09,633|line:523| 已有
2025-04-03 16:57:09,633|line:521| https://t.bilibili.com/1050812786768084995
2025-04-03 16:57:13,044|line:528| 官方 或 预约 OUT！
2025-04-03 16:57:13,044|line:521| https://t.bilibili.com/1050805311414206468
2025-04-03 16:57:13,044|line:523| 已有
2025-04-03 16:57:13,044|line:521| https://t.bilibili.com/1035593318931628032
2025-04-03 16:57:14,452|line:528| 官方 或 预约 OUT！
2025-04-03 16:57:14,453|line:521| https://t.bilibili.com/1050814884857511943
2025-04-03 16:57:14,453|line:523| 已有
2025-04-03 16:57:14,453|line:521| https://t.bilibili.com/1050736016366764037
2025-04-03 16:57:14,453|line:523| 已有
2025-04-03 16:57:14,453|line:521| https://t.bilibili.com/1050819355910078473
2025-04-03 16:57:14,453|line:523| 已有
2025-04-03 16:57:14,453|line:521| https://t.bilibili.com/1050888002384953378
2025-04-03 16:57:17,898|line:528| 官方 或 预约 OUT！
2025-04-03 16:57:17,898|line:521| https://t.bilibili.com/1050691533400965145
2025-04-03 16:57:22,318|line:528| 官方 或 预约 OUT！
2025-04-03 16:57:22,319|line:521| https://t.bilibili.com/1050810422427385859
2025-04-03 16:57:23,708|line:528| 官方 或 预约 OUT！
2025-04-03 16:57:23,709|line:521| https://t.bilibili.com/1050813514795450377
2025-04-03 16:57:23,709|line:523| 已有
2025-04-03 16:57:23,709|line:521| https://t.bilibili.com/1050828175639052338
2025-04-03 16:57:23,709|line:523| 已有
2025-04-03 16:57:23,709|line:521| https://t.bilibili.com/1050850687715377223
2025-04-03 16:57:28,135|line:528| 官方 或 预约 OUT！
2025-04-03 16:57:28,135|line:521| https://t.bilibili.com/1050697413201756200
2025-04-03 16:57:31,630|line:528| 官方 或 预约 OUT！
2025-04-03 16:57:31,630|line:521| https://t.bilibili.com/1050692005886165008
2025-04-03 16:57:36,069|line:528| 官方 或 预约 OUT！
2025-04-03 16:57:36,069|line:521| https://t.bilibili.com/1050432138849026050
2025-04-03 16:57:36,069|line:523| 已有
2025-04-03 16:57:36,070|line:521| https://t.bilibili.com/1050802932012810258
2025-04-03 16:57:36,070|line:523| 已有
2025-04-03 16:57:36,070|line:521| https://t.bilibili.com/1050801214025891877
2025-04-03 16:57:36,070|line:523| 已有
2025-04-03 16:57:36,070|line:521| https://t.bilibili.com/1050812157570056196
2025-04-03 16:57:36,070|line:523| 已有
2025-04-03 16:57:36,070|line:521| https://t.bilibili.com/1050829487762046976
2025-04-03 16:57:36,070|line:523| 已有
2025-04-03 16:57:36,071|line:521| https://t.bilibili.com/1050806282032775191
2025-04-03 16:57:39,672|line:528| 官方 或 预约 OUT！
2025-04-03 16:57:39,672|line:521| https://t.bilibili.com/1050916125852827670
2025-04-03 16:57:39,672|line:523| 已有
2025-04-03 16:57:39,672|line:521| https://t.bilibili.com/1050804982819848196
2025-04-03 16:57:39,672|line:523| 已有
2025-04-03 16:57:39,672|line:521| https://t.bilibili.com/1050696811905286195
2025-04-03 16:57:39,672|line:523| 已有
2025-04-03 16:57:39,673|line:521| https://t.bilibili.com/1050812737392738307
2025-04-03 16:57:39,673|line:523| 已有
2025-04-03 16:57:39,673|line:521| https://t.bilibili.com/1050823762587418633
2025-04-03 16:57:39,673|line:523| 已有
2025-04-03 16:57:39,673|line:521| https://t.bilibili.com/1050733791589433381
2025-04-03 16:57:39,673|line:523| 已有
2025-04-03 16:57:39,673|line:554| 执行结束
2025-04-03 16:57:43,349|line:560| ==================================================2025-04-04 00:57==================================================
2025-04-03 16:57:46,899|line:580| ('reply: ', '数玩工场', '祝你成功')
2025-04-03 16:57:46,899|line:580| ('reply: ', '益家有小佰', '恭喜宝子，获得小电视月度会员1份和克刻冰冰猴喉糖随机口味1份～记得私信小佰提供信息哦~')
2025-04-03 16:57:46,899|line:580| ('reply: ', '圆环之理-Madoka', '是的')
2025-04-03 16:57:46,899|line:580| ('reply: ', '兰的三姨', '这就是银河巨星的实力！')
2025-04-03 16:57:46,899|line:580| ('reply: ', '花园百合铃音', '有男不玩，我只吃麻辣火锅，xxn滚[吃瓜]')
2025-04-03 16:57:46,899|line:580| ('reply: ', '是绝赞的阿鬼', '[tv_难过]')
2025-04-03 16:57:46,899|line:580| ('reply: ', '桃稚不幼稚', '还行')
2025-04-03 16:57:46,899|line:580| ('reply: ', '陌罔子吖', '佬，这个报名有啥条件不。最近太非了，想下次报来抽[脱单doge][脱单doge][脱单doge]')
2025-04-03 16:57:46,900|line:580| ('reply: ', '太二酸菜鱼', '恭喜成为本期欧皇[打call]获得【肥龙联名显眼包】1份，在收到本信息的两天内回复哥的私信哦~逾期哥就自己收啦！[脱单doge]')
2025-04-03 16:57:46,900|line:580| ('reply: ', '得一想二的松鼠', '中奖分我一半')
2025-04-03 16:57:46,900|line:580| ('reply: ', '佑凉Uriyoo', '谢谢！！！[UP_24967030_感恩]')
2025-04-03 16:57:46,900|line:580| ('reply: ', '岛莓祁', '好耶')
2025-04-03 16:57:46,900|line:580| ('reply: ', '苏酥_SUSU_', 'https://b23.tv/3HJcDkm')
2025-04-03 16:57:46,900|line:580| ('reply: ', '心想事成イ', 'I[UP_410636303_比心鸟][UP_410636303_比心鸟][UP_410636303_比心鸟]')
2025-04-03 16:57:46,900|line:580| ('reply: ', 'FWF第五人格娱乐赛', '加油[doge]')
2025-04-03 16:57:46,900|line:580| ('reply: ', '神奇猫咪_有钱哒', '好耶')
2025-04-03 16:57:46,900|line:580| ('reply: ', '星夜染some', '好耶')
2025-04-03 16:57:46,900|line:580| ('reply: ', '羽田依', '[Cat2_Nyampage]')
2025-04-03 16:57:46,901|line:580| ('reply: ', '鱼饼儿_', '来啦！')
2025-04-03 16:57:46,901|line:580| ('reply: ', '虎噜稀理哗啦', '欢迎、')
2025-04-03 16:57:51,369|line:589| ('at: ', 'iKF蓝牙耳机', '恭喜@小小Shaun 宝子成为苏泊尔福利动态幸运儿！\n注意：即日起72小时内回复信息确认领奖哦！逾期将自动视为放弃中奖资格。\n没有中奖的宝子们不要气馁，参与一下下置顶视频iKF Mars，增加欧气值，说不定下个幸运儿就是你！\n链接：\nhttps://www.bilibili.com/video/BV1Soo6YLEHZ/?spm_id_from=333.1387.list.card_archive.click&vd_source=21fb0967ccc75e6b3b2447ade2c740dd\n还没参与抽奖的宝子们，赶紧点击上方链接参与吧！还有特别福利惊喜等你哦~')
2025-04-03 16:57:51,369|line:589| ('at: ', 'wellymerck威利默克', '恭喜@小小Shaun\xa0 获得《我是你的小狗3 永远等你回家》1本，请于5天内联系威宝，凭关注+互动截图领取奖品，逾期作废~')
2025-04-03 16:57:51,369|line:589| ('at: ', '宁美NINGMEI', '恭喜@小小Shaun   中奖，请在12月1日24点前私信我：1. 奖品+中奖信息a. 实物奖：姓名电话地址，给文字！省市区路清晰，提交不清晰不发奖，信息错误致无法签收，概不负责；\n\nb. 现金红包给到支付宝实名+账号；\n\nc. 京东卡/猫超卡 等购物卡给到姓名+电话；2. 宁美和品牌方关注截图+转发截图！\n\n必须关注品牌方，否则奖品不予发放；如遇无法私信图片的情况，等待我回复后即可发送图片。PS： \n\n因后台收信有时会出问题，以回复“已登记”为准，没有回复即表示私信未收到。\n\n过期视为自动放弃，不会补发；奖品30个工作日内发送，勿催哦~\n\n不发全，不回复。其他小伙伴请继续努力！')
2025-04-03 16:57:51,369|line:589| ('at: ', '爱玛电动车官方账号', '#一“玛”当先榜# 快来看看10月都是谁和爱玛酱互动最多呀~ 💕恭喜@小小Shaun 和@甘瑞凯拉莎 排行第一！这两位小玛达将会获得【爱玛随机周边×1】，请5天内私信爱玛酱领奖哟~[鼓掌] 以后也请继续单推我无敌可爱美少女爱玛酱呀嘿嘿！(●´З｀●)')
2025-04-03 16:57:51,369|line:589| ('at: ', '爱玛电动车官方账号', '')
2025-04-03 16:57:51,369|line:589| ('at: ', '海露滴眼液', '互动榜出炉啦')
2025-04-03 16:57:51,370|line:589| ('at: ', '和蔼可亲桃白白', '\u200b//@九号公司:\u200b恭喜@小小Shaun 中奖！后续记得查收私信哟～\u200b//@九号公司:#互动抽奖# 谢谢粒粒的复工礼！小九也来加个码~关注【@微粒贷+@九号公司 】并转发该动态，抽一位小可爱获得【100元京东卡】~ #供电局福利社# 10月31日抽出！')
2025-04-03 16:57:51,370|line:589| ('at: ', '望大家身体健康快乐', '\u200b//@九号公司:\u200b恭喜@小小Shaun 中奖！后续记得查收私信哟～\u200b//@九号公司 :#互动抽奖# 谢谢粒粒的复工礼！小九也来加个码~关注【@微粒贷+@九号公司 】并转发该动态，抽一位小可爱获得【100元京东卡】~ #供电局福利社# 10月31日抽出！')
2025-04-03 16:57:51,370|line:589| ('at: ', 'MoMA_Reona', '//@九号公司:\u200b恭喜@小小Shaun 中奖！后续记得查收私信哟～\u200b//@九号公司:#互动抽奖# 谢谢粒粒的复工礼！小九也来加个码~关注【@微粒贷+@九号公司 】并转发该动态，抽一位小可爱获得【100元京东卡】~ #供电局福利社# 10月31日抽出！')
2025-04-03 16:57:51,370|line:589| ('at: ', '摸鱼二队', '\u200b//@九号公司:\u200b恭喜@小小Shaun 中奖！后续记得查收私信哟～\u200b//@九号公司 :#互动抽奖# 谢谢粒粒的复工礼！小九也来加个码~关注【@微粒贷+@九号公司 】并转发该动态，抽一位小可爱获得【100元京东卡】~ #供电局福利社# 10月31日抽出！')
2025-04-03 16:57:51,370|line:589| ('at: ', '文少嘅一些事一些情', '\u200b//@九号公司:\u200b恭喜@小小Shaun 中奖！后续记得查收私信哟～\u200b//@九号公司 :#互动抽奖# 谢谢粒粒的复工礼！小九也来加个码~关注【@微粒贷+@九号公司 】并转发该动态，抽一位小可爱获得【100元京东卡】~ #供电局福利社# 10月31日抽出！')
2025-04-03 16:57:51,370|line:589| ('at: ', 'Carry队友的嘟嘟酱丶', '\u200b//@九号公司:\u200b恭喜@小小Shaun 中奖！后续记得查收私信哟～\u200b//@九号公司 :#互动抽奖# 谢谢粒粒的复工礼！小九也来加个码~关注【@微粒贷+@九号公司 】并转发该动态，抽一位小可爱获得【100元京东卡】~ #供电局福利社# 10月31日抽出！')
2025-04-03 16:57:51,370|line:589| ('at: ', '蛤蟆zero', '//@九号公司:\u200b恭喜@小小Shaun 中奖！后续记得查收私信哟～\u200b//@九号公司:#互动抽奖# 谢谢粒粒的复工礼！小九也来加个码~关注【@微粒贷+@九号公司 】并转发该动态，抽一位小可爱获得【100元京东卡】~ #供电局福利社# 10月31日抽出！c冲冲冲')
2025-04-03 16:57:51,370|line:589| ('at: ', '木而各子要吃笃栗子', '\u200b//@九号公司:\u200b恭喜@小小Shaun 中奖！后续记得查收私信哟～\u200b//@九号公司 :#互动抽奖# 谢谢粒粒的复工礼！小九也来加个码~关注【@微粒贷+@九号公司 】并转发该动态，抽一位小可爱获得【100元京东卡】~ #供电局福利社# 10月31日抽出！')
2025-04-03 16:57:51,370|line:589| ('at: ', '裙下愚臣情默默', '\u200b//@九号公司:\u200b恭喜@小小Shaun 中奖！后续记得查收私信哟～\u200b//@九号公司 :#互动抽奖# 谢谢粒粒的复工礼！小九也来加个码~关注【@微粒贷+@九号公司 】并转发该动态，抽一位小可爱获得【100元京东卡】~ #供电局福利社# 10月31日抽出！')
2025-04-03 16:57:51,370|line:589| ('at: ', '戊子毕宿', '')
2025-04-03 16:57:51,371|line:589| ('at: ', '九号电动', '\u200b恭喜@小小Shaun 中奖！后续记得查收私信哟～\u200b//@九号公司:#互动抽奖# 谢谢粒粒的复工礼！小九也来加个码~关注【@微粒贷+@九号公司 】并转发该动态，抽一位小可爱获得【100元京东卡】~ #供电局福利社# 10月31日抽出！')
2025-04-03 16:57:51,371|line:589| ('at: ', '优雅小宝', '')
2025-04-03 16:57:51,371|line:589| ('at: ', '我永远只爱一色彩羽', '//@九号公司:恭喜@小小Shaun 中奖！后续记得查收私信哟～\u200b//@九号公司:今晚8点，京东11.11现货开卖，抢先优惠不用等，全场直降，更有60元额外补贴助你大薅特薅！京东双十一，带你体验“飞”一般的购物速度！关注@京东戏精周报 x@九号公司 ，转发+评论本条动态，10月21日小编会抽取1名幸运粉丝送上【50元京东E卡】#京东11.11又便宜又好# #京东11.11现货开卖#')
2025-04-03 16:57:51,371|line:589| ('at: ', '戊子毕宿', '')
