2025-05-02 16:34:57,994|line:233| processing article 41532602
2025-05-02 16:35:03,401|line:508| ==================================================2025-05-03 00:35==================================================
2025-05-02 16:35:03,402|line:520| https://t.bilibili.com/1061860265158508674
2025-05-02 16:35:07,651|line:527| 官方 或 预约 OUT！
2025-05-02 16:35:07,651|line:520| https://t.bilibili.com/1058548587673157637
2025-05-02 16:35:08,861|line:527| 官方 或 预约 OUT！
2025-05-02 16:35:08,861|line:520| https://t.bilibili.com/1061844807555481604
2025-05-02 16:35:12,072|line:527| 官方 或 预约 OUT！
2025-05-02 16:35:12,072|line:520| https://t.bilibili.com/1061550990985003032
2025-05-02 16:35:16,333|line:342| =========此为源动态=========
2025-05-02 16:35:19,736|line:363| *********子动态开始*********
2025-05-02 16:35:19,736|line:382| *********子动态结束*********
2025-05-02 16:35:19,736|line:538| -=-=-=-=处理回最初的动态-=-=-=-=
2025-05-02 16:35:27,610|line:476| 转发成功 1062425989645074449
2025-05-02 16:35:31,077|line:495| 评论发送成功
2025-05-02 16:35:33,506|line:425| 238623328 === 已经关注了
2025-05-02 16:35:36,735|line:504| 动态-点赞 0
2025-05-02 16:35:37,735|line:520| https://t.bilibili.com/1061817708456181760
2025-05-02 16:35:37,736|line:522| 已有
2025-05-02 16:35:37,736|line:520| https://t.bilibili.com/1061666566448349191
2025-05-02 16:35:41,951|line:527| 官方 或 预约 OUT！
2025-05-02 16:35:41,952|line:520| https://t.bilibili.com/1059732950683222022
2025-05-02 16:35:43,154|line:527| 官方 或 预约 OUT！
2025-05-02 16:35:43,154|line:520| https://t.bilibili.com/1059718757944918072
2025-05-02 16:35:43,154|line:522| 已有
2025-05-02 16:35:43,154|line:520| https://t.bilibili.com/1061840546975186952
2025-05-02 16:35:45,364|line:342| =========此为源动态=========
2025-05-02 16:35:46,621|line:363| *********子动态开始*********
2025-05-02 16:35:46,621|line:382| *********子动态结束*********
2025-05-02 16:35:46,621|line:538| -=-=-=-=处理回最初的动态-=-=-=-=
2025-05-02 16:35:57,443|line:476| 转发成功 1062426118510870534
2025-05-02 16:36:00,882|line:495| 评论发送成功
2025-05-02 16:36:02,175|line:425| 380830367 === 已经关注了
2025-05-02 16:36:05,406|line:504| 动态-点赞 0
2025-05-02 16:36:09,406|line:520| https://t.bilibili.com/1061536302202093573
2025-05-02 16:36:13,742|line:342| =========此为源动态=========
2025-05-02 16:36:18,155|line:363| *********子动态开始*********
2025-05-02 16:36:18,155|line:382| *********子动态结束*********
2025-05-02 16:36:18,156|line:538| -=-=-=-=处理回最初的动态-=-=-=-=
2025-05-02 16:36:26,148|line:476| 转发成功 1062426243055484930
2025-05-02 16:36:29,485|line:495| 评论发送成功
2025-05-02 16:36:31,791|line:425| 108766164 === 已经关注了
2025-05-02 16:36:35,023|line:504| 动态-点赞 0
2025-05-02 16:36:39,024|line:520| https://t.bilibili.com/1061547737594462231
2025-05-02 16:36:39,024|line:522| 已有
2025-05-02 16:36:39,024|line:520| https://t.bilibili.com/1061882869557755906
2025-05-02 16:36:43,238|line:527| 官方 或 预约 OUT！
2025-05-02 16:36:43,238|line:520| https://t.bilibili.com/1061489407593283584
2025-05-02 16:36:47,452|line:527| 官方 或 预约 OUT！
2025-05-02 16:36:47,452|line:520| https://t.bilibili.com/1061534740985675799
2025-05-02 16:36:47,452|line:522| 已有
2025-05-02 16:36:47,452|line:520| https://t.bilibili.com/1061621202990137348
2025-05-02 16:36:48,669|line:527| 官方 或 预约 OUT！
2025-05-02 16:36:48,669|line:520| https://t.bilibili.com/1061496988208463876
2025-05-02 16:36:51,058|line:527| 官方 或 预约 OUT！
2025-05-02 16:36:51,058|line:520| https://t.bilibili.com/1061504663329701907
2025-05-02 16:36:53,266|line:342| =========此为源动态=========
2025-05-02 16:36:55,509|line:363| *********子动态开始*********
2025-05-02 16:36:55,509|line:382| *********子动态结束*********
2025-05-02 16:36:55,509|line:538| -=-=-=-=处理回最初的动态-=-=-=-=
2025-05-02 16:37:04,387|line:476| 转发成功 1062426406285213696
2025-05-02 16:37:07,700|line:495| 评论发送成功
2025-05-02 16:37:10,146|line:425| 30973654 === 已经关注了
2025-05-02 16:37:13,383|line:504| 动态-点赞 0
2025-05-02 16:37:14,384|line:520| https://t.bilibili.com/1061852504154701844
2025-05-02 16:37:16,608|line:527| 官方 或 预约 OUT！
2025-05-02 16:37:16,608|line:520| https://t.bilibili.com/1061489143502077957
2025-05-02 16:37:20,812|line:342| =========此为源动态=========
2025-05-02 16:37:23,065|line:363| *********子动态开始*********
2025-05-02 16:37:23,065|line:382| *********子动态结束*********
2025-05-02 16:37:23,065|line:538| -=-=-=-=处理回最初的动态-=-=-=-=
2025-05-02 16:37:32,073|line:476| 转发成功 1062426522256670742
2025-05-02 16:37:35,383|line:495| 评论发送成功
2025-05-02 16:37:36,673|line:425| 238623328 === 已经关注了
2025-05-02 16:37:39,901|line:504| 动态-点赞 0
2025-05-02 16:37:42,902|line:520| https://t.bilibili.com/1061536948621934632
2025-05-02 16:37:44,165|line:342| =========此为源动态=========
2025-05-02 16:37:47,412|line:363| *********子动态开始*********
2025-05-02 16:37:47,412|line:382| *********子动态结束*********
2025-05-02 16:37:47,412|line:538| -=-=-=-=处理回最初的动态-=-=-=-=
2025-05-02 16:37:59,441|line:476| 转发成功 1062426642482200583
2025-05-02 16:38:02,806|line:495| 评论发送成功
2025-05-02 16:38:05,103|line:425| 40488476 === 已经关注了
2025-05-02 16:38:08,410|line:504| 动态-点赞 0
2025-05-02 16:38:10,410|line:520| https://t.bilibili.com/1061548519252295682
2025-05-02 16:38:10,410|line:522| 已有
2025-05-02 16:38:10,410|line:520| https://t.bilibili.com/1061489201432756273
2025-05-02 16:38:12,818|line:527| 官方 或 预约 OUT！
2025-05-02 16:38:12,818|line:520| https://t.bilibili.com/1061829304912969732
2025-05-02 16:38:15,026|line:342| =========此为源动态=========
2025-05-02 16:38:16,279|line:363| *********子动态开始*********
2025-05-02 16:38:16,280|line:382| *********子动态结束*********
2025-05-02 16:38:16,280|line:538| -=-=-=-=处理回最初的动态-=-=-=-=
2025-05-02 16:38:26,478|line:476| 转发成功 1062426758465191940
2025-05-02 16:38:29,794|line:495| 评论发送成功
2025-05-02 16:38:32,081|line:425| 3537119918164083 === 已经关注了
2025-05-02 16:38:35,307|line:504| 动态-点赞 0
2025-05-02 16:38:36,307|line:520| https://t.bilibili.com/1061462731570282502
2025-05-02 16:38:36,307|line:522| 已有
2025-05-02 16:38:36,308|line:520| https://t.bilibili.com/1061535529136291842
2025-05-02 16:38:39,513|line:342| =========此为源动态=========
2025-05-02 16:38:42,927|line:363| *********子动态开始*********
2025-05-02 16:38:42,928|line:382| *********子动态结束*********
2025-05-02 16:38:42,928|line:538| -=-=-=-=处理回最初的动态-=-=-=-=
2025-05-02 16:38:51,997|line:476| 转发成功 1062426865818402834
2025-05-02 16:38:55,312|line:495| 评论发送成功
2025-05-02 16:38:59,616|line:425| 238623328 === 已经关注了
2025-05-02 16:39:02,857|line:504| 动态-点赞 0
2025-05-02 16:39:03,858|line:520| https://t.bilibili.com/1061551036108374081
2025-05-02 16:39:08,068|line:527| 官方 或 预约 OUT！
2025-05-02 16:39:08,068|line:520| https://t.bilibili.com/1061535887758721044
2025-05-02 16:39:12,274|line:527| 官方 或 预约 OUT！
2025-05-02 16:39:12,274|line:520| https://t.bilibili.com/1061581914788331558
2025-05-02 16:39:14,474|line:342| =========此为源动态=========
2025-05-02 16:39:18,881|line:363| *********子动态开始*********
2025-05-02 16:39:18,881|line:382| *********子动态结束*********
2025-05-02 16:39:18,881|line:538| -=-=-=-=处理回最初的动态-=-=-=-=
2025-05-02 16:39:28,763|line:476| 转发成功 1062427024726949908
2025-05-02 16:39:32,235|line:495| 评论发送成功
2025-05-02 16:39:34,528|line:425| 238623328 === 已经关注了
2025-05-02 16:39:37,763|line:504| 动态-点赞 0
2025-05-02 16:39:40,763|line:520| https://t.bilibili.com/1061597376637042694
2025-05-02 16:39:40,763|line:522| 已有
2025-05-02 16:39:40,764|line:520| https://t.bilibili.com/1061864680411103234
2025-05-02 16:39:42,025|line:527| 官方 或 预约 OUT！
2025-05-02 16:39:42,025|line:520| https://t.bilibili.com/1056642532747771910
2025-05-02 16:39:42,025|line:522| 已有
2025-05-02 16:39:42,025|line:520| https://t.bilibili.com/1059734273533149202
2025-05-02 16:39:42,025|line:522| 已有
2025-05-02 16:39:42,025|line:520| https://t.bilibili.com/1061645048664293401
2025-05-02 16:39:46,270|line:527| 官方 或 预约 OUT！
2025-05-02 16:39:46,270|line:520| https://t.bilibili.com/1061798587256537088
2025-05-02 16:39:49,490|line:527| 官方 或 预约 OUT！
2025-05-02 16:39:49,490|line:520| https://t.bilibili.com/1058589729153351689
2025-05-02 16:39:49,490|line:522| 已有
2025-05-02 16:39:49,490|line:520| https://t.bilibili.com/1061569886695718919
2025-05-02 16:39:49,490|line:522| 已有
2025-05-02 16:39:49,491|line:520| https://t.bilibili.com/1061860252268363777
2025-05-02 16:39:50,715|line:527| 官方 或 预约 OUT！
2025-05-02 16:39:50,715|line:520| https://t.bilibili.com/1059992821989113859
2025-05-02 16:39:52,936|line:527| 官方 或 预约 OUT！
2025-05-02 16:39:52,936|line:520| https://t.bilibili.com/1061479529219883009
2025-05-02 16:39:54,167|line:527| 官方 或 预约 OUT！
2025-05-02 16:39:54,167|line:520| https://t.bilibili.com/1061616594457722896
2025-05-02 16:39:57,396|line:342| =========此为源动态=========
2025-05-02 16:39:58,836|line:363| *********子动态开始*********
2025-05-02 16:39:58,836|line:382| *********子动态结束*********
2025-05-02 16:39:58,836|line:538| -=-=-=-=处理回最初的动态-=-=-=-=
2025-05-02 16:40:10,877|line:476| 转发成功 1062427205117673488
2025-05-02 16:40:14,200|line:495| 评论发送成功
2025-05-02 16:40:18,793|line:437| 关注 ==== 477631979 0
2025-05-02 16:40:22,041|line:504| 动态-点赞 0
2025-05-02 16:40:23,042|line:520| https://t.bilibili.com/1061475861273772050
2025-05-02 16:40:25,268|line:342| =========此为源动态=========
2025-05-02 16:40:27,535|line:363| *********子动态开始*********
2025-05-02 16:40:27,535|line:382| *********子动态结束*********
2025-05-02 16:40:27,535|line:538| -=-=-=-=处理回最初的动态-=-=-=-=
2025-05-02 16:40:38,607|line:476| 转发成功 1062427325416603671
2025-05-02 16:40:41,942|line:495| 评论发送成功
2025-05-02 16:40:43,246|line:425| 9535164 === 已经关注了
2025-05-02 16:40:46,505|line:504| 动态-点赞 0
2025-05-02 16:40:48,505|line:520| https://t.bilibili.com/1056742345592012806
2025-05-02 16:40:52,724|line:342| =========此为源动态=========
2025-05-02 16:40:55,154|line:363| *********子动态开始*********
2025-05-02 16:40:55,155|line:382| *********子动态结束*********
2025-05-02 16:40:55,155|line:538| -=-=-=-=处理回最初的动态-=-=-=-=
2025-05-02 16:41:04,250|line:476| 转发成功 1062427437051150339
2025-05-02 16:41:07,639|line:495| 评论发送成功
2025-05-02 16:41:08,949|line:425| 1930420310 === 已经关注了
2025-05-02 16:41:12,204|line:504| 动态-点赞 0
2025-05-02 16:41:15,204|line:520| https://t.bilibili.com/1060731511265820681
2025-05-02 16:41:15,204|line:522| 已有
2025-05-02 16:41:15,204|line:520| https://t.bilibili.com/1061582011396784176
2025-05-02 16:41:16,577|line:527| 官方 或 预约 OUT！
2025-05-02 16:41:16,578|line:520| https://t.bilibili.com/1061612424059158549
2025-05-02 16:41:17,984|line:527| 官方 或 预约 OUT！
2025-05-02 16:41:17,984|line:520| https://t.bilibili.com/1061587779536814098
2025-05-02 16:41:21,191|line:527| 官方 或 预约 OUT！
2025-05-02 16:41:21,192|line:520| https://t.bilibili.com/1061496081985044505
2025-05-02 16:41:21,192|line:522| 已有
2025-05-02 16:41:21,192|line:520| https://t.bilibili.com/1061718827610406915
2025-05-02 16:41:24,397|line:527| 官方 或 预约 OUT！
2025-05-02 16:41:24,397|line:520| https://t.bilibili.com/1061905903493578776
2025-05-02 16:41:26,779|line:527| 官方 或 预约 OUT！
2025-05-02 16:41:26,780|line:520| https://t.bilibili.com/1061581977042288710
2025-05-02 16:41:26,780|line:522| 已有
2025-05-02 16:41:26,780|line:520| https://t.bilibili.com/1061859938760916993
2025-05-02 16:41:29,984|line:527| 官方 或 预约 OUT！
2025-05-02 16:41:29,984|line:520| https://t.bilibili.com/1056639689439576065
2025-05-02 16:41:32,189|line:337| =========此为子动态=========
2025-05-02 16:41:33,485|line:401| *************原动态已存在***************
2025-05-02 16:41:35,948|line:363| *********子动态开始*********
2025-05-02 16:41:46,004|line:476| 转发成功 1062427613132226566
2025-05-02 16:41:49,338|line:495| 评论发送成功
2025-05-02 16:41:53,829|line:425| 242136088 === 已经关注了
2025-05-02 16:41:53,829|line:377| ----完成一个子动态----
2025-05-02 16:41:53,829|line:382| *********子动态结束*********
2025-05-02 16:41:55,830|line:520| https://t.bilibili.com/1061557727646449672
2025-05-02 16:41:55,830|line:522| 已有
2025-05-02 16:41:55,831|line:520| https://t.bilibili.com/1061590837565063204
2025-05-02 16:41:58,168|line:527| 官方 或 预约 OUT！
2025-05-02 16:41:58,168|line:520| https://t.bilibili.com/1061566452909211656
2025-05-02 16:41:58,168|line:522| 已有
2025-05-02 16:41:58,168|line:520| https://t.bilibili.com/1061520305613176834
2025-05-02 16:42:02,371|line:342| =========此为源动态=========
2025-05-02 16:42:05,608|line:363| *********子动态开始*********
2025-05-02 16:42:05,608|line:382| *********子动态结束*********
2025-05-02 16:42:05,608|line:538| -=-=-=-=处理回最初的动态-=-=-=-=
2025-05-02 16:42:14,686|line:476| 转发成功 1062427737722978360
2025-05-02 16:42:17,990|line:495| 评论发送成功
2025-05-02 16:42:22,286|line:425| 238623328 === 已经关注了
2025-05-02 16:42:25,580|line:504| 动态-点赞 0
2025-05-02 16:42:29,580|line:520| https://t.bilibili.com/1061628300415205415
2025-05-02 16:42:29,580|line:522| 已有
2025-05-02 16:42:29,581|line:520| https://t.bilibili.com/1061615415489200150
2025-05-02 16:42:32,786|line:342| =========此为源动态=========
2025-05-02 16:42:34,025|line:363| *********子动态开始*********
2025-05-02 16:42:34,025|line:382| *********子动态结束*********
2025-05-02 16:42:34,025|line:538| -=-=-=-=处理回最初的动态-=-=-=-=
2025-05-02 16:42:44,886|line:476| 转发成功 1062427866567802886
2025-05-02 16:42:48,198|line:495| 评论发送成功
2025-05-02 16:42:51,500|line:425| 3546379639065219 === 已经关注了
2025-05-02 16:42:54,899|line:504| 动态-点赞 0
2025-05-02 16:42:57,900|line:520| https://t.bilibili.com/1061581914797768745
2025-05-02 16:43:00,110|line:342| =========此为源动态=========
2025-05-02 16:43:04,351|line:363| *********子动态开始*********
2025-05-02 16:43:04,351|line:382| *********子动态结束*********
2025-05-02 16:43:04,351|line:538| -=-=-=-=处理回最初的动态-=-=-=-=
2025-05-02 16:43:13,209|line:476| 转发成功 1062427991132340231
2025-05-02 16:43:16,542|line:495| 评论发送成功
2025-05-02 16:43:19,846|line:425| 485131373 === 已经关注了
2025-05-02 16:43:23,086|line:504| 动态-点赞 0
2025-05-02 16:43:24,087|line:520| https://t.bilibili.com/1061570818727739399
2025-05-02 16:43:28,409|line:527| 官方 或 预约 OUT！
2025-05-02 16:43:28,409|line:520| https://t.bilibili.com/1061844766795235336
2025-05-02 16:43:28,409|line:522| 已有
2025-05-02 16:43:28,409|line:520| https://t.bilibili.com/1061608519921303588
2025-05-02 16:43:32,632|line:527| 官方 或 预约 OUT！
2025-05-02 16:43:32,633|line:520| https://t.bilibili.com/1061862081948549120
2025-05-02 16:43:36,857|line:527| 官方 或 预约 OUT！
2025-05-02 16:43:36,857|line:520| https://t.bilibili.com/1051809264294690848
2025-05-02 16:43:40,084|line:527| 官方 或 预约 OUT！
2025-05-02 16:43:40,085|line:520| https://t.bilibili.com/635932563238551585
2025-05-02 16:43:40,085|line:522| 已有
2025-05-02 16:43:40,085|line:520| https://t.bilibili.com/1061849295814131732
2025-05-02 16:43:41,317|line:527| 官方 或 预约 OUT！
2025-05-02 16:43:41,317|line:520| https://t.bilibili.com/1061489210044711000
2025-05-02 16:43:41,317|line:522| 已有
2025-05-02 16:43:41,318|line:520| https://t.bilibili.com/1061582410850762756
2025-05-02 16:43:41,318|line:522| 已有
2025-05-02 16:43:41,318|line:520| https://t.bilibili.com/1061533388058394626
2025-05-02 16:43:41,318|line:522| 已有
2025-05-02 16:43:41,318|line:520| https://t.bilibili.com/1059819270930694212
2025-05-02 16:43:43,546|line:527| 官方 或 预约 OUT！
2025-05-02 16:43:43,546|line:520| https://t.bilibili.com/1061588110246150215
2025-05-02 16:43:43,546|line:522| 已有
2025-05-02 16:43:43,546|line:520| https://t.bilibili.com/1061829304893046802
2025-05-02 16:43:43,547|line:522| 已有
2025-05-02 16:43:43,547|line:520| https://t.bilibili.com/1061593680829218839
2025-05-02 16:43:43,547|line:522| 已有
2025-05-02 16:43:43,547|line:520| https://t.bilibili.com/1061897987861512195
2025-05-02 16:43:44,773|line:527| 官方 或 预约 OUT！
2025-05-02 16:43:44,773|line:520| https://t.bilibili.com/1061829304872075288
2025-05-02 16:43:44,773|line:522| 已有
2025-05-02 16:43:44,773|line:520| https://t.bilibili.com/1061602970868645890
2025-05-02 16:43:45,993|line:527| 官方 或 预约 OUT！
2025-05-02 16:43:45,993|line:520| https://t.bilibili.com/1061585799585202197
2025-05-02 16:43:49,212|line:527| 官方 或 预约 OUT！
2025-05-02 16:43:49,212|line:520| https://t.bilibili.com/1061248000374865939
2025-05-02 16:43:52,464|line:527| 官方 或 预约 OUT！
2025-05-02 16:43:52,464|line:520| https://t.bilibili.com/1061458219708186629
2025-05-02 16:43:52,464|line:522| 已有
2025-05-02 16:43:52,464|line:520| https://t.bilibili.com/1061489626665975813
2025-05-02 16:43:53,692|line:527| 官方 或 预约 OUT！
2025-05-02 16:43:53,692|line:520| https://t.bilibili.com/1061466433835237397
2025-05-02 16:43:53,692|line:522| 已有
2025-05-02 16:43:53,692|line:520| https://t.bilibili.com/1059725971376046083
2025-05-02 16:43:56,918|line:527| 官方 或 预约 OUT！
2025-05-02 16:43:56,918|line:520| https://t.bilibili.com/1061458219696652292
2025-05-02 16:44:00,142|line:342| =========此为源动态=========
2025-05-02 16:44:01,649|line:363| *********子动态开始*********
2025-05-02 16:44:01,649|line:382| *********子动态结束*********
2025-05-02 16:44:01,650|line:538| -=-=-=-=处理回最初的动态-=-=-=-=
2025-05-02 16:44:10,816|line:476| 转发成功 1062428235945476115
2025-05-02 16:44:14,180|line:495| 评论发送成功
2025-05-02 16:44:16,494|line:425| 238623328 === 已经关注了
2025-05-02 16:44:19,740|line:504| 动态-点赞 0
2025-05-02 16:44:21,740|line:520| https://t.bilibili.com/1061566452860977155
2025-05-02 16:44:26,120|line:342| =========此为源动态=========
2025-05-02 16:44:27,464|line:363| *********子动态开始*********
2025-05-02 16:44:27,464|line:382| *********子动态结束*********
2025-05-02 16:44:27,464|line:538| -=-=-=-=处理回最初的动态-=-=-=-=
2025-05-02 16:44:34,338|line:476| 转发成功 1062428339018399749
2025-05-02 16:44:37,756|line:495| 评论发送成功
2025-05-02 16:44:42,077|line:425| 432158620 === 已经关注了
2025-05-02 16:44:45,473|line:504| 动态-点赞 0
2025-05-02 16:44:47,473|line:520| https://t.bilibili.com/1061564492218892297
2025-05-02 16:44:47,474|line:522| 已有
2025-05-02 16:44:47,474|line:520| https://t.bilibili.com/1061493986048344083
2025-05-02 16:44:50,783|line:527| 官方 或 预约 OUT！
2025-05-02 16:44:50,784|line:520| https://t.bilibili.com/1061482737503830033
2025-05-02 16:44:55,084|line:342| =========此为源动态=========
2025-05-02 16:44:59,659|line:363| *********子动态开始*********
2025-05-02 16:44:59,659|line:382| *********子动态结束*********
2025-05-02 16:44:59,659|line:538| -=-=-=-=处理回最初的动态-=-=-=-=
2025-05-02 16:45:10,543|line:476| 转发成功 1062428493648756737
2025-05-02 16:45:13,871|line:495| 评论发送成功
2025-05-02 16:45:18,167|line:425| 315523348 === 已经关注了
2025-05-02 16:45:21,419|line:504| 动态-点赞 0
2025-05-02 16:45:23,419|line:520| https://t.bilibili.com/1061461391558311953
2025-05-02 16:45:23,419|line:522| 已有
2025-05-02 16:45:23,419|line:520| https://t.bilibili.com/1058609842519801878
2025-05-02 16:45:26,720|line:527| 官方 或 预约 OUT！
2025-05-02 16:45:26,720|line:520| https://t.bilibili.com/1061564337617895442
2025-05-02 16:45:26,721|line:522| 已有
2025-05-02 16:45:26,721|line:520| https://t.bilibili.com/1061543425447297032
2025-05-02 16:45:31,089|line:342| =========此为源动态=========
2025-05-02 16:45:33,627|line:363| *********子动态开始*********
2025-05-02 16:45:33,628|line:382| *********子动态结束*********
2025-05-02 16:45:33,628|line:538| -=-=-=-=处理回最初的动态-=-=-=-=
2025-05-02 16:45:43,801|line:476| 转发成功 1062428635343880194
2025-05-02 16:45:47,210|line:495| 评论发送成功
2025-05-02 16:45:49,597|line:425| 436170053 === 已经关注了
2025-05-02 16:45:52,942|line:504| 动态-点赞 0
2025-05-02 16:45:55,942|line:520| https://t.bilibili.com/1058968856669716482
2025-05-02 16:45:55,942|line:522| 已有
2025-05-02 16:45:55,942|line:520| https://t.bilibili.com/1061892327076790279
2025-05-02 16:45:58,202|line:527| 官方 或 预约 OUT！
2025-05-02 16:45:58,202|line:520| https://t.bilibili.com/1061829304865783849
2025-05-02 16:45:58,202|line:522| 已有
2025-05-02 16:45:58,202|line:520| https://t.bilibili.com/1061844253516234776
2025-05-02 16:45:59,426|line:342| =========此为源动态=========
2025-05-02 16:46:01,662|line:363| *********子动态开始*********
2025-05-02 16:46:01,662|line:382| *********子动态结束*********
2025-05-02 16:46:01,663|line:538| -=-=-=-=处理回最初的动态-=-=-=-=
2025-05-02 16:46:11,568|line:476| 转发成功 1062428755621838850
2025-05-02 16:46:14,792|line:495| 评论发送成功
2025-05-02 16:46:18,069|line:425| 3546740875594396 === 已经关注了
2025-05-02 16:46:21,311|line:504| 动态-点赞 0
2025-05-02 16:46:25,311|line:520| https://t.bilibili.com/1061203835227209729
2025-05-02 16:46:29,522|line:527| 官方 或 预约 OUT！
2025-05-02 16:46:29,523|line:520| https://t.bilibili.com/1061674731148673059
2025-05-02 16:46:32,731|line:527| 官方 或 预约 OUT！
2025-05-02 16:46:32,731|line:520| https://t.bilibili.com/1061658302926028806
2025-05-02 16:46:35,945|line:527| 官方 或 预约 OUT！
2025-05-02 16:46:35,945|line:520| https://t.bilibili.com/1061452015650996227
2025-05-02 16:46:35,945|line:522| 已有
2025-05-02 16:46:35,946|line:520| https://t.bilibili.com/1061620258093137959
2025-05-02 16:46:35,946|line:522| 已有
2025-05-02 16:46:35,946|line:553| 执行结束
2025-05-02 16:46:35,946|line:559| ==================================================2025-05-03 00:46==================================================
2025-05-02 16:46:35,946|line:233| processing article 41535395
2025-05-02 16:46:39,970|line:508| ==================================================2025-05-03 00:46==================================================
2025-05-02 16:46:39,971|line:520| https://t.bilibili.com/1051881303781146627
2025-05-02 16:46:41,344|line:342| =========此为源动态=========
2025-05-02 16:46:45,582|line:363| *********子动态开始*********
2025-05-02 16:46:45,582|line:382| *********子动态结束*********
2025-05-02 16:46:45,582|line:538| -=-=-=-=处理回最初的动态-=-=-=-=
2025-05-02 16:46:52,430|line:476| 转发成功 1062428931699769353
2025-05-02 16:46:55,768|line:495| 评论发送成功
2025-05-02 16:46:57,072|line:425| 200935985 === 已经关注了
2025-05-02 16:47:00,305|line:504| 动态-点赞 0
2025-05-02 16:47:01,305|line:520| https://t.bilibili.com/1058966097161617441
2025-05-02 16:47:01,305|line:522| 已有
2025-05-02 16:47:01,305|line:520| https://t.bilibili.com/1059368256395018280
2025-05-02 16:47:01,306|line:522| 已有
2025-05-02 16:47:01,306|line:520| https://t.bilibili.com/1060524946926600209
2025-05-02 16:47:05,685|line:342| =========此为源动态=========
2025-05-02 16:47:09,096|line:363| *********子动态开始*********
2025-05-02 16:47:09,096|line:382| *********子动态结束*********
2025-05-02 16:47:09,096|line:538| -=-=-=-=处理回最初的动态-=-=-=-=
2025-05-02 16:47:17,076|line:476| 转发成功 1062429034778984482
2025-05-02 16:47:20,388|line:495| 评论发送成功
2025-05-02 16:47:25,966|line:437| 关注 ==== 37849514 0
2025-05-02 16:47:29,216|line:504| 动态-点赞 0
2025-05-02 16:47:32,217|line:520| https://t.bilibili.com/1061581813864988673
2025-05-02 16:47:34,422|line:527| 官方 或 预约 OUT！
2025-05-02 16:47:34,423|line:553| 执行结束
2025-05-02 16:47:34,423|line:559| ==================================================2025-05-03 00:47==================================================
2025-05-02 16:47:34,423|line:233| processing article 41533566
2025-05-02 16:47:39,516|line:508| ==================================================2025-05-03 00:47==================================================
2025-05-02 16:47:39,516|line:520| https://t.bilibili.com/1059778906829094998
2025-05-02 16:47:41,735|line:527| 官方 或 预约 OUT！
2025-05-02 16:47:41,735|line:520| https://t.bilibili.com/1061220628583940117
2025-05-02 16:47:46,170|line:342| =========此为源动态=========
2025-05-02 16:47:50,452|line:363| *********子动态开始*********
2025-05-02 16:47:54,357|line:382| *********子动态结束*********
2025-05-02 16:47:54,357|line:538| -=-=-=-=处理回最初的动态-=-=-=-=
2025-05-02 16:48:02,566|line:476| 转发成功 1062429232336994305
2025-05-02 16:48:06,203|line:495| 评论发送成功
2025-05-02 16:48:09,590|line:425| 686127 === 已经关注了
2025-05-02 16:48:12,917|line:504| 动态-点赞 0
2025-05-02 16:48:13,917|line:520| https://t.bilibili.com/1060778126691270680
2025-05-02 16:48:17,316|line:527| 官方 或 预约 OUT！
2025-05-02 16:48:17,316|line:520| https://t.bilibili.com/1058979798098903065
2025-05-02 16:48:21,627|line:527| 官方 或 预约 OUT！
2025-05-02 16:48:21,627|line:520| https://t.bilibili.com/1059886882315304969
2025-05-02 16:48:25,948|line:527| 官方 或 预约 OUT！
2025-05-02 16:48:25,949|line:520| https://t.bilibili.com/1051511614478483473
2025-05-02 16:48:29,255|line:527| 官方 或 预约 OUT！
2025-05-02 16:48:29,255|line:520| https://t.bilibili.com/1060689104872669188
2025-05-02 16:48:31,570|line:527| 官方 或 预约 OUT！
2025-05-02 16:48:31,570|line:520| https://t.bilibili.com/1061848419625074706
2025-05-02 16:48:33,950|line:527| 官方 或 预约 OUT！
2025-05-02 16:48:33,950|line:520| https://t.bilibili.com/1059263669651636231
2025-05-02 16:48:36,270|line:527| 官方 或 预约 OUT！
2025-05-02 16:48:36,270|line:520| https://t.bilibili.com/1057141676664946695
2025-05-02 16:48:40,576|line:527| 官方 或 预约 OUT！
2025-05-02 16:48:40,577|line:520| https://t.bilibili.com/1060542092462260230
2025-05-02 16:48:42,890|line:527| 官方 或 预约 OUT！
2025-05-02 16:48:42,890|line:520| https://t.bilibili.com/1060549020217245714
2025-05-02 16:48:47,192|line:527| 官方 或 预约 OUT！
2025-05-02 16:48:47,192|line:520| https://t.bilibili.com/1060895039954092032
2025-05-02 16:48:47,192|line:522| 已有
2025-05-02 16:48:47,192|line:520| https://t.bilibili.com/1057530938108412004
2025-05-02 16:48:50,500|line:527| 官方 或 预约 OUT！
2025-05-02 16:48:50,501|line:520| https://t.bilibili.com/1061528556244303872
2025-05-02 16:48:52,805|line:342| =========此为源动态=========
2025-05-02 16:48:56,118|line:363| *********子动态开始*********
2025-05-02 16:48:56,118|line:382| *********子动态结束*********
2025-05-02 16:48:56,118|line:538| -=-=-=-=处理回最初的动态-=-=-=-=
2025-05-02 16:49:04,258|line:476| 转发成功 1062429498640695296
2025-05-02 16:49:07,682|line:495| 评论发送成功
2025-05-02 16:49:10,105|line:425| 19490796 === 已经关注了
2025-05-02 16:49:13,507|line:504| 动态-点赞 0
2025-05-02 16:49:16,507|line:520| https://t.bilibili.com/1060417559869784071
2025-05-02 16:49:18,813|line:527| 官方 或 预约 OUT！
2025-05-02 16:49:18,813|line:520| https://t.bilibili.com/1061080616908357641
2025-05-02 16:49:22,122|line:342| =========此为源动态=========
2025-05-02 16:49:26,651|line:347| 'items'
2025-05-02 16:49:26,651|line:348| error line:343
2025-05-02 16:49:26,652|line:534| *#*#*#*#*#*#*#*#*#*原动态处理失败*#*#*#*#*#*#*#*#*#
2025-05-02 16:49:26,652|line:520| https://t.bilibili.com/1061954466701377536
2025-05-02 16:49:27,865|line:527| 官方 或 预约 OUT！
2025-05-02 16:49:27,865|line:553| 执行结束
2025-05-02 16:49:27,866|line:559| ==================================================2025-05-03 00:49==================================================
2025-05-02 16:49:27,866|line:233| processing article 41527476
2025-05-02 16:49:32,131|line:508| ==================================================2025-05-03 00:49==================================================
2025-05-02 16:49:32,131|line:520| https://t.bilibili.com/1058196314479656968
2025-05-02 16:49:32,132|line:522| 已有
2025-05-02 16:49:32,132|line:520| https://t.bilibili.com/1051562346654203923
2025-05-02 16:49:33,339|line:337| =========此为子动态=========
2025-05-02 16:49:35,692|line:388| *************原动态处理开始***************
2025-05-02 16:49:41,307|line:476| 转发成功 1062429657577553923
2025-05-02 16:49:44,664|line:495| 评论发送成功
2025-05-02 16:49:47,966|line:425| 3546816089950527 === 已经关注了
2025-05-02 16:49:51,226|line:504| 动态-点赞 0
2025-05-02 16:49:51,227|line:397| *************原动态处理完成***************
2025-05-02 16:49:55,629|line:363| *********子动态开始*********
2025-05-02 16:49:55,629|line:382| *********子动态结束*********
2025-05-02 16:49:55,630|line:538| -=-=-=-=处理回最初的动态-=-=-=-=
2025-05-02 16:50:05,643|line:476| 转发成功 1062429760648380420
2025-05-02 16:50:08,989|line:495| 评论发送成功
2025-05-02 16:50:10,322|line:425| 383768376 === 已经关注了
2025-05-02 16:50:13,574|line:504| 动态-点赞 0
2025-05-02 16:50:14,574|line:520| https://t.bilibili.com/1060081873830543365
2025-05-02 16:50:17,778|line:342| =========此为源动态=========
2025-05-02 16:50:20,051|line:363| *********子动态开始*********
2025-05-02 16:50:20,051|line:382| *********子动态结束*********
2025-05-02 16:50:20,051|line:538| -=-=-=-=处理回最初的动态-=-=-=-=
2025-05-02 16:50:29,017|line:476| 转发成功 1062429859428433925
2025-05-02 16:50:32,364|line:495| 评论发送成功
2025-05-02 16:50:35,670|line:425| 3494370223327232 === 已经关注了
2025-05-02 16:50:38,912|line:504| 动态-点赞 0
2025-05-02 16:50:41,912|line:520| https://t.bilibili.com/1057154346822664197
2025-05-02 16:50:44,127|line:342| =========此为源动态=========
2025-05-02 16:50:47,609|line:363| *********子动态开始*********
2025-05-02 16:50:47,609|line:382| *********子动态结束*********
2025-05-02 16:50:47,609|line:538| -=-=-=-=处理回最初的动态-=-=-=-=
2025-05-02 16:50:54,547|line:476| 转发成功 1062429971093389334
2025-05-02 16:50:57,865|line:495| 评论发送成功
2025-05-02 16:51:02,271|line:425| 3493265269590447 === 已经关注了
2025-05-02 16:51:05,503|line:504| 动态-点赞 0
2025-05-02 16:51:09,503|line:553| 执行结束
2025-05-02 16:51:09,504|line:559| ==================================================2025-05-03 00:51==================================================
2025-05-02 16:51:09,504|line:233| processing article 41523603
2025-05-02 16:51:13,409|line:508| ==================================================2025-05-03 00:51==================================================
2025-05-02 16:51:13,409|line:520| https://t.bilibili.com/1059409011341787138
2025-05-02 16:51:14,732|line:527| 官方 或 预约 OUT！
2025-05-02 16:51:14,732|line:520| https://t.bilibili.com/1046736968075968533
2025-05-02 16:51:16,114|line:527| 官方 或 预约 OUT！
2025-05-02 16:51:16,114|line:520| https://t.bilibili.com/1058979798098903065
2025-05-02 16:51:19,317|line:527| 官方 或 预约 OUT！
2025-05-02 16:51:19,317|line:520| https://t.bilibili.com/1059886882315304969
2025-05-02 16:51:20,531|line:527| 官方 或 预约 OUT！
2025-05-02 16:51:20,531|line:520| https://t.bilibili.com/1061880447207735303
2025-05-02 16:51:23,756|line:527| 官方 或 预约 OUT！
2025-05-02 16:51:23,756|line:520| https://t.bilibili.com/1060542092462260230
2025-05-02 16:51:25,967|line:527| 官方 或 预约 OUT！
2025-05-02 16:51:25,967|line:520| https://t.bilibili.com/1060549020217245714
2025-05-02 16:51:27,179|line:527| 官方 或 预约 OUT！
2025-05-02 16:51:27,179|line:520| https://t.bilibili.com/1059685044600176677
2025-05-02 16:51:30,414|line:527| 官方 或 预约 OUT！
2025-05-02 16:51:30,414|line:520| https://t.bilibili.com/1055969700359438336
2025-05-02 16:51:30,414|line:522| 已有
2025-05-02 16:51:30,414|line:520| https://t.bilibili.com/1060509162948001832
2025-05-02 16:51:30,414|line:522| 已有
2025-05-02 16:51:30,414|line:520| https://t.bilibili.com/1057530938108412004
2025-05-02 16:51:31,625|line:527| 官方 或 预约 OUT！
2025-05-02 16:51:31,625|line:520| https://t.bilibili.com/1060895039954092032
2025-05-02 16:51:31,625|line:522| 已有
2025-05-02 16:51:31,625|line:520| https://t.bilibili.com/1058492744486354948
2025-05-02 16:51:33,842|line:527| 官方 或 预约 OUT！
2025-05-02 16:51:33,842|line:520| https://t.bilibili.com/1060417559869784071
2025-05-02 16:51:38,061|line:527| 官方 或 预约 OUT！
2025-05-02 16:51:38,061|line:553| 执行结束
2025-05-02 16:51:38,062|line:559| ==================================================2025-05-03 00:51==================================================
2025-05-02 16:51:38,062|line:233| processing article 41523502
2025-05-02 16:51:39,884|line:508| ==================================================2025-05-03 00:51==================================================
2025-05-02 16:51:39,884|line:520| https://t.bilibili.com/1054803595257446403
2025-05-02 16:51:41,262|line:527| 官方 或 预约 OUT！
2025-05-02 16:51:41,262|line:520| https://t.bilibili.com/1059395701268545537
2025-05-02 16:51:41,262|line:522| 已有
2025-05-02 16:51:41,263|line:520| https://t.bilibili.com/1061174247206944786
2025-05-02 16:51:41,263|line:522| 已有
2025-05-02 16:51:41,263|line:520| https://t.bilibili.com/1059727332846075945
2025-05-02 16:51:41,263|line:522| 已有
2025-05-02 16:51:41,263|line:520| https://t.bilibili.com/1057128892665430025
2025-05-02 16:51:41,263|line:522| 已有
2025-05-02 16:51:41,263|line:520| https://t.bilibili.com/1058559625754836997
2025-05-02 16:51:45,480|line:527| 官方 或 预约 OUT！
2025-05-02 16:51:45,480|line:520| https://t.bilibili.com/1058246818983313463
2025-05-02 16:51:45,480|line:522| 已有
2025-05-02 16:51:45,480|line:553| 执行结束
2025-05-02 16:51:45,480|line:559| ==================================================2025-05-03 00:51==================================================
2025-05-02 16:51:45,480|line:233| processing article 41533608
2025-05-02 16:51:48,524|line:508| ==================================================2025-05-03 00:51==================================================
2025-05-02 16:51:48,524|line:520| https://t.bilibili.com/1061985038237696001
2025-05-02 16:51:49,738|line:527| 官方 或 预约 OUT！
2025-05-02 16:51:49,738|line:520| https://t.bilibili.com/1061937538064711687
2025-05-02 16:51:51,940|line:342| =========此为源动态=========
2025-05-02 16:51:56,394|line:363| *********子动态开始*********
2025-05-02 16:51:56,394|line:382| *********子动态结束*********
2025-05-02 16:51:56,394|line:538| -=-=-=-=处理回最初的动态-=-=-=-=
2025-05-02 16:52:06,298|line:476| 转发成功 1062430280312160279
2025-05-02 16:52:09,634|line:495| 评论发送成功
2025-05-02 16:52:10,934|line:425| 432158620 === 已经关注了
2025-05-02 16:52:14,169|line:504| 动态-点赞 0
2025-05-02 16:52:18,169|line:520| https://t.bilibili.com/1061862805657878537
2025-05-02 16:52:22,380|line:342| =========此为源动态=========
2025-05-02 16:52:25,614|line:363| *********子动态开始*********
2025-05-02 16:52:25,615|line:382| *********子动态结束*********
2025-05-02 16:52:25,615|line:538| -=-=-=-=处理回最初的动态-=-=-=-=
2025-05-02 16:52:31,677|line:476| 转发成功 1062430387681099777
2025-05-02 16:52:34,992|line:495| 评论发送成功
2025-05-02 16:52:38,285|line:425| 3494354823940360 === 已经关注了
2025-05-02 16:52:41,522|line:504| 动态-点赞 0
2025-05-02 16:52:45,522|line:520| https://t.bilibili.com/1061897987861512195
2025-05-02 16:52:49,821|line:527| 官方 或 预约 OUT！
2025-05-02 16:52:49,821|line:520| https://t.bilibili.com/1061929405515825152
2025-05-02 16:52:53,043|line:527| 官方 或 预约 OUT！
2025-05-02 16:52:53,043|line:520| https://t.bilibili.com/1062258722140585984
2025-05-02 16:52:54,263|line:342| =========此为源动态=========
2025-05-02 16:52:56,702|line:363| *********子动态开始*********
2025-05-02 16:52:56,702|line:382| *********子动态结束*********
2025-05-02 16:52:56,702|line:538| -=-=-=-=处理回最初的动态-=-=-=-=
2025-05-02 16:53:05,570|line:476| 转发成功 1062430533752979460
2025-05-02 16:53:08,874|line:495| 评论发送成功
2025-05-02 16:53:13,157|line:425| 520152906 === 已经关注了
2025-05-02 16:53:16,391|line:504| 动态-点赞 0
2025-05-02 16:53:18,392|line:520| https://t.bilibili.com/1062005014157852677
2025-05-02 16:53:19,799|line:342| =========此为源动态=========
2025-05-02 16:53:21,022|line:363| *********子动态开始*********
2025-05-02 16:53:21,023|line:382| *********子动态结束*********
2025-05-02 16:53:21,023|line:538| -=-=-=-=处理回最初的动态-=-=-=-=
2025-05-02 16:53:30,018|line:476| 转发成功 1062430636796543015
2025-05-02 16:53:33,335|line:495| 评论发送成功
2025-05-02 16:53:37,629|line:425| 100680137 === 已经关注了
2025-05-02 16:53:40,860|line:504| 动态-点赞 0
2025-05-02 16:53:41,861|line:520| https://t.bilibili.com/1061641243277131796
2025-05-02 16:53:46,158|line:527| 官方 或 预约 OUT！
2025-05-02 16:53:46,159|line:520| https://t.bilibili.com/1062041087582928917
2025-05-02 16:53:49,380|line:342| =========此为源动态=========
2025-05-02 16:53:52,641|line:363| *********子动态开始*********
2025-05-02 16:53:52,641|line:382| *********子动态结束*********
2025-05-02 16:53:52,641|line:538| -=-=-=-=处理回最初的动态-=-=-=-=
2025-05-02 16:54:01,668|line:476| 转发成功 1062430774280585218
2025-05-02 16:54:05,013|line:495| 评论发送成功
2025-05-02 16:54:09,468|line:425| 383768376 === 已经关注了
2025-05-02 16:54:12,694|line:504| 动态-点赞 0
2025-05-02 16:54:13,695|line:520| https://t.bilibili.com/1061910907136770087
2025-05-02 16:54:15,917|line:342| =========此为源动态=========
2025-05-02 16:54:19,221|line:363| *********子动态开始*********
2025-05-02 16:54:19,221|line:382| *********子动态结束*********
2025-05-02 16:54:19,221|line:538| -=-=-=-=处理回最初的动态-=-=-=-=
2025-05-02 16:54:28,110|line:476| 转发成功 1062430890243653635
2025-05-02 16:54:31,419|line:495| 评论发送成功
2025-05-02 16:54:34,925|line:425| 401315430 === 已经关注了
2025-05-02 16:54:38,161|line:504| 动态-点赞 0
2025-05-02 16:54:39,161|line:520| https://t.bilibili.com/1054380562444189712
2025-05-02 16:54:40,387|line:527| 官方 或 预约 OUT！
2025-05-02 16:54:40,387|line:520| https://t.bilibili.com/1057901211563327488
2025-05-02 16:54:44,614|line:527| 官方 或 预约 OUT！
2025-05-02 16:54:44,614|line:520| https://t.bilibili.com/1061861517154058256
2025-05-02 16:54:47,838|line:342| =========此为源动态=========
2025-05-02 16:54:49,470|line:363| *********子动态开始*********
2025-05-02 16:54:49,470|line:382| *********子动态结束*********
2025-05-02 16:54:49,470|line:538| -=-=-=-=处理回最初的动态-=-=-=-=
2025-05-02 16:54:59,499|line:476| 转发成功 1062431023351988224
2025-05-02 16:55:02,901|line:495| 评论发送成功
2025-05-02 16:55:06,351|line:425| 3494354823940360 === 已经关注了
2025-05-02 16:55:09,595|line:504| 动态-点赞 0
2025-05-02 16:55:10,596|line:520| https://t.bilibili.com/1061860228656529416
2025-05-02 16:55:12,823|line:342| =========此为源动态=========
2025-05-02 16:55:14,452|line:363| *********子动态开始*********
2025-05-02 16:55:14,452|line:382| *********子动态结束*********
2025-05-02 16:55:14,452|line:538| -=-=-=-=处理回最初的动态-=-=-=-=
2025-05-02 16:55:23,309|line:476| 转发成功 1062431126417571845
2025-05-02 16:55:26,614|line:495| 评论发送成功
2025-05-02 16:55:27,894|line:425| 3494354823940360 === 已经关注了
2025-05-02 16:55:31,300|line:504| 动态-点赞 0
2025-05-02 16:55:35,300|line:520| https://t.bilibili.com/1062200510316019747
2025-05-02 16:55:38,539|line:527| 官方 或 预约 OUT！
2025-05-02 16:55:38,540|line:520| https://t.bilibili.com/1062004090750369814
2025-05-02 16:55:41,762|line:342| =========此为源动态=========
2025-05-02 16:55:45,990|line:363| *********子动态开始*********
2025-05-02 16:55:45,990|line:382| *********子动态结束*********
2025-05-02 16:55:45,990|line:538| -=-=-=-=处理回最初的动态-=-=-=-=
2025-05-02 16:55:58,151|line:476| 转发成功 1062431276792807424
2025-05-02 16:56:01,478|line:495| 评论发送成功
2025-05-02 16:56:03,787|line:425| 100680137 === 已经关注了
2025-05-02 16:56:07,032|line:504| 动态-点赞 0
2025-05-02 16:56:09,032|line:520| https://t.bilibili.com/1061863623808253958
2025-05-02 16:56:13,264|line:527| 官方 或 预约 OUT！
2025-05-02 16:56:13,264|line:520| https://t.bilibili.com/1062017529706184705
2025-05-02 16:56:15,491|line:342| =========此为源动态=========
2025-05-02 16:56:19,752|line:363| *********子动态开始*********
2025-05-02 16:56:19,752|line:382| *********子动态结束*********
2025-05-02 16:56:19,753|line:538| -=-=-=-=处理回最初的动态-=-=-=-=
2025-05-02 16:56:29,704|line:476| 转发成功 1062431409909530641
2025-05-02 16:56:33,020|line:495| 评论发送成功
2025-05-02 16:56:36,305|line:425| 302951148 === 已经关注了
2025-05-02 16:56:39,559|line:504| 动态-点赞 0
2025-05-02 16:56:42,559|line:520| https://t.bilibili.com/1062248852310982659
2025-05-02 16:56:43,783|line:527| 官方 或 预约 OUT！
2025-05-02 16:56:43,783|line:520| https://t.bilibili.com/1061844955737096196
2025-05-02 16:56:48,005|line:527| 官方 或 预约 OUT！
2025-05-02 16:56:48,006|line:520| https://t.bilibili.com/1062324085125545987
2025-05-02 16:56:52,229|line:342| =========此为源动态=========
2025-05-02 16:56:55,852|line:363| *********子动态开始*********
2025-05-02 16:56:55,852|line:382| *********子动态结束*********
2025-05-02 16:56:55,852|line:538| -=-=-=-=处理回最初的动态-=-=-=-=
2025-05-02 16:57:06,892|line:476| 转发成功 1062431568848486407
2025-05-02 16:57:10,256|line:495| 评论发送成功
2025-05-02 16:57:14,652|line:425| 287886755 === 已经关注了
2025-05-02 16:57:17,881|line:504| 动态-点赞 0
2025-05-02 16:57:18,881|line:520| https://t.bilibili.com/1062240228014555152
2025-05-02 16:57:22,128|line:527| 官方 或 预约 OUT！
2025-05-02 16:57:22,128|line:520| https://t.bilibili.com/1062041186358788096
2025-05-02 16:57:25,494|line:527| 官方 或 预约 OUT！
2025-05-02 16:57:25,494|line:520| https://t.bilibili.com/1056020801838383104
2025-05-02 16:57:26,700|line:527| 官方 或 预约 OUT！
2025-05-02 16:57:26,700|line:520| https://t.bilibili.com/1035593318931628032
2025-05-02 16:57:27,910|line:527| 官方 或 预约 OUT！
2025-05-02 16:57:27,911|line:520| https://t.bilibili.com/1062262237590192131
2025-05-02 16:57:29,119|line:342| =========此为源动态=========
2025-05-02 16:57:30,409|line:363| *********子动态开始*********
2025-05-02 16:57:30,409|line:382| *********子动态结束*********
2025-05-02 16:57:30,409|line:538| -=-=-=-=处理回最初的动态-=-=-=-=
2025-05-02 16:57:40,404|line:476| 转发成功 1062431714871083016
2025-05-02 16:57:43,711|line:495| 评论发送成功
2025-05-02 16:57:47,052|line:425| 410857229 === 已经关注了
2025-05-02 16:57:50,279|line:504| 动态-点赞 0
2025-05-02 16:57:52,280|line:520| https://t.bilibili.com/1061988693266399270
2025-05-02 16:57:53,762|line:527| 官方 或 预约 OUT！
2025-05-02 16:57:53,762|line:553| 执行结束
2025-05-02 16:57:53,763|line:559| ==================================================2025-05-03 00:57==================================================
2025-05-02 16:57:53,763|line:233| processing article 41533348
2025-05-02 16:57:57,844|line:508| ==================================================2025-05-03 00:57==================================================
2025-05-02 16:57:57,845|line:520| https://t.bilibili.com/1054380562444189712
2025-05-02 16:58:01,051|line:527| 官方 或 预约 OUT！
2025-05-02 16:58:01,051|line:520| https://t.bilibili.com/1057901211563327488
2025-05-02 16:58:05,259|line:527| 官方 或 预约 OUT！
2025-05-02 16:58:05,259|line:520| https://t.bilibili.com/1051498334429118472
2025-05-02 16:58:05,259|line:522| 已有
2025-05-02 16:58:05,259|line:520| https://t.bilibili.com/1056020801838383104
2025-05-02 16:58:09,473|line:527| 官方 或 预约 OUT！
2025-05-02 16:58:09,473|line:520| https://t.bilibili.com/1035593318931628032
2025-05-02 16:58:11,683|line:527| 官方 或 预约 OUT！
2025-05-02 16:58:11,683|line:520| https://t.bilibili.com/1061839357274488834
2025-05-02 16:58:12,895|line:527| 官方 或 预约 OUT！
2025-05-02 16:58:12,895|line:520| https://t.bilibili.com/1058845790840029189
2025-05-02 16:58:14,168|line:527| 官方 或 预约 OUT！
2025-05-02 16:58:14,168|line:520| https://t.bilibili.com/1061246222296154115
2025-05-02 16:58:18,375|line:527| 官方 或 预约 OUT！
2025-05-02 16:58:18,375|line:520| https://t.bilibili.com/1060558447698771970
2025-05-02 16:58:22,583|line:527| 官方 或 预约 OUT！
2025-05-02 16:58:22,583|line:553| 执行结束
2025-05-02 16:58:22,583|line:559| ==================================================2025-05-03 00:58==================================================
2025-05-02 16:58:22,583|line:233| processing article 41533318
2025-05-02 16:58:27,801|line:508| ==================================================2025-05-03 00:58==================================================
2025-05-02 16:58:27,801|line:520| https://t.bilibili.com/1060864116203192372
2025-05-02 16:58:31,006|line:527| 官方 或 预约 OUT！
2025-05-02 16:58:31,006|line:520| https://t.bilibili.com/1059680603603992595
2025-05-02 16:58:33,274|line:527| 官方 或 预约 OUT！
2025-05-02 16:58:33,274|line:520| https://t.bilibili.com/1059726967802167300
2025-05-02 16:58:34,479|line:527| 官方 或 预约 OUT！
2025-05-02 16:58:34,480|line:520| https://t.bilibili.com/1059728969268461588
2025-05-02 16:58:36,709|line:527| 官方 或 预约 OUT！
2025-05-02 16:58:36,710|line:520| https://t.bilibili.com/1062129233166336004
2025-05-02 16:58:37,914|line:527| 官方 或 预约 OUT！
2025-05-02 16:58:37,914|line:520| https://t.bilibili.com/1061245595221491712
2025-05-02 16:58:40,124|line:527| 官方 或 预约 OUT！
2025-05-02 16:58:40,124|line:520| https://t.bilibili.com/1054380562444189712
2025-05-02 16:58:44,347|line:527| 官方 或 预约 OUT！
2025-05-02 16:58:44,348|line:520| https://t.bilibili.com/1057901211563327488
2025-05-02 16:58:48,560|line:527| 官方 或 预约 OUT！
2025-05-02 16:58:48,560|line:520| https://t.bilibili.com/1060008734842945576
2025-05-02 16:58:49,773|line:527| 官方 或 预约 OUT！
2025-05-02 16:58:49,773|line:520| https://t.bilibili.com/1058845790840029189
2025-05-02 16:58:52,983|line:527| 官方 或 预约 OUT！
2025-05-02 16:58:52,983|line:520| https://t.bilibili.com/1061839357274488834
2025-05-02 16:58:54,190|line:527| 官方 或 预约 OUT！
2025-05-02 16:58:54,190|line:520| https://t.bilibili.com/1061246222296154115
2025-05-02 16:58:58,392|line:527| 官方 或 预约 OUT！
2025-05-02 16:58:58,392|line:520| https://t.bilibili.com/1060010770623889409
2025-05-02 16:59:01,600|line:527| 官方 或 预约 OUT！
2025-05-02 16:59:01,600|line:520| https://t.bilibili.com/1051498334429118472
2025-05-02 16:59:01,600|line:522| 已有
2025-05-02 16:59:01,600|line:520| https://t.bilibili.com/1061310509318406148
2025-05-02 16:59:05,970|line:527| 官方 或 预约 OUT！
2025-05-02 16:59:05,971|line:520| https://t.bilibili.com/1060558447698771970
2025-05-02 16:59:09,174|line:527| 官方 或 预约 OUT！
2025-05-02 16:59:09,175|line:520| https://t.bilibili.com/1058938068194557956
2025-05-02 16:59:10,401|line:527| 官方 或 预约 OUT！
2025-05-02 16:59:10,401|line:520| https://t.bilibili.com/1058590455002824708
2025-05-02 16:59:13,618|line:527| 官方 或 预约 OUT！
2025-05-02 16:59:13,618|line:520| https://t.bilibili.com/1056020801838383104
2025-05-02 16:59:14,824|line:527| 官方 或 预约 OUT！
2025-05-02 16:59:14,825|line:520| https://t.bilibili.com/1035593318931628032
2025-05-02 16:59:17,034|line:527| 官方 或 预约 OUT！
2025-05-02 16:59:17,034|line:553| 执行结束
2025-05-02 16:59:17,034|line:559| ==================================================2025-05-03 00:59==================================================
2025-05-02 16:59:17,035|line:233| processing article 41525734
2025-05-02 16:59:22,362|line:508| ==================================================2025-05-03 00:59==================================================
2025-05-02 16:59:22,362|line:520| https://t.bilibili.com/1059725374339940359
2025-05-02 16:59:22,362|line:522| 已有
2025-05-02 16:59:22,362|line:520| https://t.bilibili.com/1061573739285577729
2025-05-02 16:59:22,362|line:522| 已有
2025-05-02 16:59:22,363|line:520| https://t.bilibili.com/1061564492218892297
2025-05-02 16:59:22,363|line:522| 已有
2025-05-02 16:59:22,363|line:520| https://t.bilibili.com/1061561842251333683
2025-05-02 16:59:22,363|line:522| 已有
2025-05-02 16:59:22,363|line:520| https://t.bilibili.com/1061558320338305028
2025-05-02 16:59:22,363|line:522| 已有
2025-05-02 16:59:22,363|line:520| https://t.bilibili.com/1054380562444189712
2025-05-02 16:59:25,647|line:527| 官方 或 预约 OUT！
2025-05-02 16:59:25,647|line:520| https://t.bilibili.com/1061560712640331817
2025-05-02 16:59:25,647|line:522| 已有
2025-05-02 16:59:25,648|line:520| https://t.bilibili.com/1057901211563327488
2025-05-02 16:59:28,858|line:527| 官方 或 预约 OUT！
2025-05-02 16:59:28,858|line:520| https://t.bilibili.com/1061557727646449672
2025-05-02 16:59:28,858|line:522| 已有
2025-05-02 16:59:28,858|line:520| https://t.bilibili.com/1061533388058394626
2025-05-02 16:59:28,859|line:522| 已有
2025-05-02 16:59:28,859|line:520| https://t.bilibili.com/1061569886695718919
2025-05-02 16:59:28,859|line:522| 已有
2025-05-02 16:59:28,859|line:520| https://t.bilibili.com/1061653660037021721
2025-05-02 16:59:28,859|line:522| 已有
2025-05-02 16:59:28,859|line:520| https://t.bilibili.com/1056020801838383104
2025-05-02 16:59:32,244|line:527| 官方 或 预约 OUT！
2025-05-02 16:59:32,245|line:520| https://t.bilibili.com/1035593318931628032
2025-05-02 16:59:34,453|line:527| 官方 或 预约 OUT！
2025-05-02 16:59:34,453|line:520| https://t.bilibili.com/1061587393011777537
2025-05-02 16:59:34,453|line:522| 已有
2025-05-02 16:59:34,453|line:520| https://t.bilibili.com/1061547737594462231
2025-05-02 16:59:34,454|line:522| 已有
2025-05-02 16:59:34,454|line:520| https://t.bilibili.com/1061627245981859890
2025-05-02 16:59:34,454|line:522| 已有
2025-05-02 16:59:34,454|line:553| 执行结束
2025-05-02 16:59:34,454|line:559| ==================================================2025-05-03 00:59==================================================
2025-05-02 16:59:34,454|line:233| processing article 41525696
2025-05-02 16:59:38,817|line:508| ==================================================2025-05-03 00:59==================================================
2025-05-02 16:59:38,818|line:520| https://t.bilibili.com/1061589037949648905
2025-05-02 16:59:38,818|line:522| 已有
2025-05-02 16:59:38,818|line:520| https://t.bilibili.com/1061581977042288710
2025-05-02 16:59:38,818|line:522| 已有
2025-05-02 16:59:38,818|line:520| https://t.bilibili.com/1061829304872075288
2025-05-02 16:59:38,818|line:522| 已有
2025-05-02 16:59:38,818|line:520| https://t.bilibili.com/1061566452909211656
2025-05-02 16:59:38,818|line:522| 已有
2025-05-02 16:59:38,819|line:520| https://t.bilibili.com/1061817708456181760
2025-05-02 16:59:38,819|line:522| 已有
2025-05-02 16:59:38,819|line:520| https://t.bilibili.com/1061597327243870230
2025-05-02 16:59:38,819|line:522| 已有
2025-05-02 16:59:38,819|line:520| https://t.bilibili.com/1061597376637042694
2025-05-02 16:59:38,819|line:522| 已有
2025-05-02 16:59:38,819|line:520| https://t.bilibili.com/1061628300415205415
2025-05-02 16:59:38,819|line:522| 已有
2025-05-02 16:59:38,819|line:520| https://t.bilibili.com/1061844766770069524
2025-05-02 16:59:38,819|line:522| 已有
2025-05-02 16:59:38,820|line:520| https://t.bilibili.com/1061645048664293401
2025-05-02 16:59:41,025|line:527| 官方 或 预约 OUT！
2025-05-02 16:59:41,025|line:520| https://t.bilibili.com/1061594170459684896
2025-05-02 16:59:43,229|line:527| 官方 或 预约 OUT！
2025-05-02 16:59:43,229|line:520| https://t.bilibili.com/1061798587256537088
2025-05-02 16:59:47,440|line:527| 官方 或 预约 OUT！
2025-05-02 16:59:47,440|line:520| https://t.bilibili.com/1061569440013877255
2025-05-02 16:59:47,440|line:522| 已有
2025-05-02 16:59:47,440|line:520| https://t.bilibili.com/1061585799585202197
2025-05-02 16:59:51,644|line:527| 官方 或 预约 OUT！
2025-05-02 16:59:51,644|line:520| https://t.bilibili.com/1054380562444189712
2025-05-02 16:59:53,855|line:527| 官方 或 预约 OUT！
2025-05-02 16:59:53,855|line:520| https://t.bilibili.com/1057901211563327488
2025-05-02 16:59:55,227|line:527| 官方 或 预约 OUT！
2025-05-02 16:59:55,227|line:520| https://t.bilibili.com/1061588200453046278
2025-05-02 16:59:57,436|line:527| 官方 或 预约 OUT！
2025-05-02 16:59:57,436|line:520| https://t.bilibili.com/1061443103572885521
2025-05-02 16:59:57,436|line:522| 已有
2025-05-02 16:59:57,436|line:520| https://t.bilibili.com/1061844766795235336
2025-05-02 16:59:57,436|line:522| 已有
2025-05-02 16:59:57,437|line:520| https://t.bilibili.com/1061496081985044505
2025-05-02 16:59:57,437|line:522| 已有
2025-05-02 16:59:57,437|line:520| https://t.bilibili.com/1061930715518599175
2025-05-02 17:00:00,648|line:527| 官方 或 预约 OUT！
2025-05-02 17:00:00,648|line:520| https://t.bilibili.com/1061525502493196291
2025-05-02 17:00:00,648|line:522| 已有
2025-05-02 17:00:00,648|line:520| https://t.bilibili.com/1061597376672694280
2025-05-02 17:00:00,648|line:522| 已有
2025-05-02 17:00:00,648|line:520| https://t.bilibili.com/1061566914582544400
2025-05-02 17:00:00,648|line:522| 已有
2025-05-02 17:00:00,649|line:520| https://t.bilibili.com/1061564337617895442
2025-05-02 17:00:00,649|line:522| 已有
2025-05-02 17:00:00,649|line:520| https://t.bilibili.com/1061536716698943493
2025-05-02 17:00:00,649|line:522| 已有
2025-05-02 17:00:00,649|line:520| https://t.bilibili.com/1061552887256055817
2025-05-02 17:00:01,854|line:527| 官方 或 预约 OUT！
2025-05-02 17:00:01,855|line:520| https://t.bilibili.com/1061849295814131732
2025-05-02 17:00:04,061|line:527| 官方 或 预约 OUT！
2025-05-02 17:00:04,061|line:520| https://t.bilibili.com/1061829304893046802
2025-05-02 17:00:04,061|line:522| 已有
2025-05-02 17:00:04,062|line:520| https://t.bilibili.com/1061829304865783849
2025-05-02 17:00:04,062|line:522| 已有
2025-05-02 17:00:04,062|line:520| https://t.bilibili.com/1061838356545011717
2025-05-02 17:00:07,268|line:527| 官方 或 预约 OUT！
2025-05-02 17:00:07,269|line:520| https://t.bilibili.com/1061582410850762756
2025-05-02 17:00:07,269|line:522| 已有
2025-05-02 17:00:07,269|line:520| https://t.bilibili.com/1061535707379531785
2025-05-02 17:00:10,478|line:527| 官方 或 预约 OUT！
2025-05-02 17:00:10,478|line:520| https://t.bilibili.com/1061527525443764245
2025-05-02 17:00:10,478|line:522| 已有
2025-05-02 17:00:10,478|line:520| https://t.bilibili.com/1061588110246150215
2025-05-02 17:00:10,479|line:522| 已有
2025-05-02 17:00:10,479|line:520| https://t.bilibili.com/1061605107614875714
2025-05-02 17:00:10,479|line:522| 已有
2025-05-02 17:00:10,479|line:520| https://t.bilibili.com/1061442871664574466
2025-05-02 17:00:10,479|line:522| 已有
2025-05-02 17:00:10,479|line:520| https://t.bilibili.com/1061520067247734785
2025-05-02 17:00:10,479|line:522| 已有
2025-05-02 17:00:10,479|line:520| https://t.bilibili.com/1061566452906065945
2025-05-02 17:00:10,479|line:522| 已有
2025-05-02 17:00:10,480|line:520| https://t.bilibili.com/1061798488518426633
2025-05-02 17:00:14,697|line:527| 官方 或 预约 OUT！
2025-05-02 17:00:14,698|line:520| https://t.bilibili.com/1056020801838383104
2025-05-02 17:00:16,924|line:527| 官方 或 预约 OUT！
2025-05-02 17:00:16,925|line:520| https://t.bilibili.com/1061523458145386501
2025-05-02 17:00:18,134|line:527| 官方 或 预约 OUT！
2025-05-02 17:00:18,135|line:520| https://t.bilibili.com/1061653660037021721
2025-05-02 17:00:18,135|line:522| 已有
2025-05-02 17:00:18,135|line:520| https://t.bilibili.com/1035593318931628032
2025-05-02 17:00:22,343|line:527| 官方 或 预约 OUT！
2025-05-02 17:00:22,344|line:520| https://t.bilibili.com/1061587779536814098
2025-05-02 17:00:23,602|line:527| 官方 或 预约 OUT！
2025-05-02 17:00:23,602|line:520| https://t.bilibili.com/1061593680829218839
2025-05-02 17:00:23,602|line:522| 已有
2025-05-02 17:00:23,603|line:520| https://t.bilibili.com/1061620258093137959
2025-05-02 17:00:23,603|line:522| 已有
2025-05-02 17:00:23,603|line:553| 执行结束
2025-05-02 17:00:23,603|line:559| ==================================================2025-05-03 01:00==================================================
2025-05-02 17:00:23,603|line:233| processing article 41524674
2025-05-02 17:00:25,814|line:508| ==================================================2025-05-03 01:00==================================================
2025-05-02 17:00:25,814|line:520| https://t.bilibili.com/1054067450741522452
2025-05-02 17:00:30,020|line:527| 官方 或 预约 OUT！
2025-05-02 17:00:30,020|line:520| https://t.bilibili.com/1059783438001766406
2025-05-02 17:00:33,228|line:527| 官方 或 预约 OUT！
2025-05-02 17:00:33,228|line:520| https://t.bilibili.com/1053036564091764744
2025-05-02 17:00:35,464|line:527| 官方 或 预约 OUT！
2025-05-02 17:00:35,464|line:520| https://t.bilibili.com/1054380562444189712
2025-05-02 17:00:38,855|line:527| 官方 或 预约 OUT！
2025-05-02 17:00:38,855|line:520| https://t.bilibili.com/1057901211563327488
2025-05-02 17:00:41,107|line:527| 官方 或 预约 OUT！
2025-05-02 17:00:41,107|line:520| https://t.bilibili.com/1056020801838383104
2025-05-02 17:00:45,315|line:527| 官方 或 预约 OUT！
2025-05-02 17:00:45,315|line:520| https://t.bilibili.com/1039362084006002706
2025-05-02 17:00:47,527|line:527| 官方 或 预约 OUT！
2025-05-02 17:00:47,527|line:520| https://t.bilibili.com/1035593318931628032
2025-05-02 17:00:49,906|line:527| 官方 或 预约 OUT！
2025-05-02 17:00:49,907|line:520| https://t.bilibili.com/1050397641716793350
2025-05-02 17:00:52,111|line:527| 官方 或 预约 OUT！
2025-05-02 17:00:52,111|line:520| https://t.bilibili.com/1051095908905648129
2025-05-02 17:00:55,315|line:527| 官方 或 预约 OUT！
2025-05-02 17:00:55,315|line:520| https://t.bilibili.com/1058613579104649221
2025-05-02 17:00:57,802|line:527| 官方 或 预约 OUT！
2025-05-02 17:00:57,802|line:520| https://t.bilibili.com/1044216565293121559
2025-05-02 17:01:02,112|line:527| 官方 或 预约 OUT！
2025-05-02 17:01:02,112|line:553| 执行结束
2025-05-02 17:01:02,112|line:559| ==================================================2025-05-03 01:01==================================================
2025-05-02 17:01:02,112|line:233| processing article 41524634
2025-05-02 17:01:06,101|line:508| ==================================================2025-05-03 01:01==================================================
2025-05-02 17:01:06,101|line:520| https://t.bilibili.com/1058188806842220553
2025-05-02 17:01:08,331|line:527| 官方 或 预约 OUT！
2025-05-02 17:01:08,331|line:520| https://t.bilibili.com/1061880838073876486
2025-05-02 17:01:10,560|line:527| 官方 或 预约 OUT！
2025-05-02 17:01:10,560|line:520| https://t.bilibili.com/1050397641716793350
2025-05-02 17:01:11,797|line:527| 官方 或 预约 OUT！
2025-05-02 17:01:11,797|line:520| https://t.bilibili.com/1051095908905648129
2025-05-02 17:01:13,034|line:527| 官方 或 预约 OUT！
2025-05-02 17:01:13,035|line:520| https://t.bilibili.com/1057131132482486293
2025-05-02 17:01:16,316|line:527| 官方 或 预约 OUT！
2025-05-02 17:01:16,316|line:520| https://t.bilibili.com/1058613579104649221
2025-05-02 17:01:19,555|line:527| 官方 或 预约 OUT！
2025-05-02 17:01:19,555|line:520| https://t.bilibili.com/1061147429407031304
2025-05-02 17:01:20,784|line:527| 官方 或 预约 OUT！
2025-05-02 17:01:20,784|line:520| https://t.bilibili.com/1060474970714406946
2025-05-02 17:01:22,007|line:527| 官方 或 预约 OUT！
2025-05-02 17:01:22,007|line:520| https://t.bilibili.com/1060098065858297865
2025-05-02 17:01:24,228|line:527| 官方 或 预约 OUT！
2025-05-02 17:01:24,229|line:520| https://t.bilibili.com/1058611341452902418
2025-05-02 17:01:26,458|line:527| 官方 或 预约 OUT！
2025-05-02 17:01:26,458|line:520| https://t.bilibili.com/1054380562444189712
2025-05-02 17:01:29,678|line:527| 官方 或 预约 OUT！
2025-05-02 17:01:29,678|line:520| https://t.bilibili.com/1057901211563327488
2025-05-02 17:01:31,897|line:527| 官方 或 预约 OUT！
2025-05-02 17:01:31,897|line:520| https://t.bilibili.com/1058988907717197828
2025-05-02 17:01:33,143|line:527| 官方 或 预约 OUT！
2025-05-02 17:01:33,143|line:520| https://t.bilibili.com/1039362084006002706
2025-05-02 17:01:34,374|line:527| 官方 或 预约 OUT！
2025-05-02 17:01:34,374|line:520| https://t.bilibili.com/1044154979728752665
2025-05-02 17:01:37,600|line:527| 官方 或 预约 OUT！
2025-05-02 17:01:37,600|line:520| https://t.bilibili.com/1059753888618381337
2025-05-02 17:01:40,828|line:527| 官方 或 预约 OUT！
2025-05-02 17:01:40,828|line:520| https://t.bilibili.com/1054067450741522452
2025-05-02 17:01:42,054|line:527| 官方 或 预约 OUT！
2025-05-02 17:01:42,054|line:520| https://t.bilibili.com/1057114545357586454
2025-05-02 17:01:46,358|line:527| 官方 或 预约 OUT！
2025-05-02 17:01:46,359|line:520| https://t.bilibili.com/1057827260775530515
2025-05-02 17:01:48,591|line:527| 官方 或 预约 OUT！
2025-05-02 17:01:48,591|line:520| https://t.bilibili.com/1056401507740549123
2025-05-02 17:01:52,824|line:527| 官方 或 预约 OUT！
2025-05-02 17:01:52,824|line:520| https://t.bilibili.com/1056819661491929142
2025-05-02 17:01:54,052|line:527| 官方 或 预约 OUT！
2025-05-02 17:01:54,052|line:520| https://t.bilibili.com/1059379388948152328
2025-05-02 17:01:58,273|line:527| 官方 或 预约 OUT！
2025-05-02 17:01:58,273|line:520| https://t.bilibili.com/1059612399536963634
2025-05-02 17:02:00,498|line:527| 官方 或 预约 OUT！
2025-05-02 17:02:00,499|line:520| https://t.bilibili.com/1060782662140035091
2025-05-02 17:02:03,782|line:527| 官方 或 预约 OUT！
2025-05-02 17:02:03,782|line:520| https://t.bilibili.com/1061865152843874311
2025-05-02 17:02:07,022|line:527| 官方 或 预约 OUT！
2025-05-02 17:02:07,022|line:520| https://t.bilibili.com/1061875860182663174
2025-05-02 17:02:09,268|line:527| 官方 或 预约 OUT！
2025-05-02 17:02:09,268|line:520| https://t.bilibili.com/1057960709751570441
2025-05-02 17:02:13,699|line:527| 官方 或 预约 OUT！
2025-05-02 17:02:13,699|line:520| https://t.bilibili.com/1053036564091764744
2025-05-02 17:02:17,929|line:527| 官方 或 预约 OUT！
2025-05-02 17:02:17,929|line:520| https://t.bilibili.com/1057534868029702151
2025-05-02 17:02:22,153|line:527| 官方 或 预约 OUT！
2025-05-02 17:02:22,154|line:520| https://t.bilibili.com/1059378255122923541
2025-05-02 17:02:23,382|line:527| 官方 或 预约 OUT！
2025-05-02 17:02:23,382|line:520| https://t.bilibili.com/1061870027635949602
2025-05-02 17:02:24,608|line:527| 官方 或 预约 OUT！
2025-05-02 17:02:24,608|line:520| https://t.bilibili.com/1056020801838383104
2025-05-02 17:02:25,831|line:527| 官方 或 预约 OUT！
2025-05-02 17:02:25,831|line:520| https://t.bilibili.com/1035593318931628032
2025-05-02 17:02:30,060|line:527| 官方 或 预约 OUT！
2025-05-02 17:02:30,060|line:520| https://t.bilibili.com/1059783438001766406
2025-05-02 17:02:34,291|line:527| 官方 或 预约 OUT！
2025-05-02 17:02:34,291|line:520| https://t.bilibili.com/1059633822829641766
2025-05-02 17:02:38,556|line:527| 官方 或 预约 OUT！
2025-05-02 17:02:38,557|line:520| https://t.bilibili.com/1044216565293121559
2025-05-02 17:02:41,774|line:527| 官方 或 预约 OUT！
2025-05-02 17:02:41,774|line:520| https://t.bilibili.com/1061533048777998339
2025-05-02 17:02:43,987|line:527| 官方 或 预约 OUT！
2025-05-02 17:02:43,987|line:553| 执行结束
2025-05-02 17:02:43,988|line:559| ==================================================2025-05-03 01:02==================================================
2025-05-02 17:02:51,015|line:579| ('reply: ', '好像都是一个人', '你在说什么')
2025-05-02 17:02:51,015|line:579| ('reply: ', '目标咨询', '太宠粉了啊')
2025-05-02 17:02:51,015|line:579| ('reply: ', '数玩工场', '祝你成功')
2025-05-02 17:02:51,015|line:579| ('reply: ', '益家有小佰', '恭喜宝子，获得小电视月度会员1份和克刻冰冰猴喉糖随机口味1份～记得私信小佰提供信息哦~')
2025-05-02 17:02:51,016|line:579| ('reply: ', '圆环之理-Madoka', '是的')
2025-05-02 17:02:51,016|line:579| ('reply: ', '兰的三姨', '这就是银河巨星的实力！')
2025-05-02 17:02:51,016|line:579| ('reply: ', '花园百合铃音', '有男不玩，我只吃麻辣火锅，xxn滚[吃瓜]')
2025-05-02 17:02:51,016|line:579| ('reply: ', '是绝赞的阿鬼', '[tv_难过]')
2025-05-02 17:02:51,016|line:579| ('reply: ', '桃稚不幼稚', '还行')
2025-05-02 17:02:51,016|line:579| ('reply: ', '陌罔子吖', '佬，这个报名有啥条件不。最近太非了，想下次报来抽[脱单doge][脱单doge][脱单doge]')
2025-05-02 17:02:51,016|line:579| ('reply: ', '太二酸菜鱼', '恭喜成为本期欧皇[打call]获得【肥龙联名显眼包】1份，在收到本信息的两天内回复哥的私信哦~逾期哥就自己收啦！[脱单doge]')
2025-05-02 17:02:51,016|line:579| ('reply: ', '得一想二的松鼠', '中奖分我一半')
2025-05-02 17:02:51,016|line:579| ('reply: ', '佑凉Uriyoo', '谢谢！！！[UP_24967030_感恩]')
2025-05-02 17:02:51,017|line:579| ('reply: ', '岛莓祁', '好耶')
2025-05-02 17:02:51,017|line:579| ('reply: ', '苏酥_SUSU_', 'https://b23.tv/3HJcDkm')
2025-05-02 17:02:51,017|line:579| ('reply: ', '心想事成イ', 'I[UP_410636303_比心鸟][UP_410636303_比心鸟][UP_410636303_比心鸟]')
2025-05-02 17:02:51,017|line:579| ('reply: ', 'FWF第五人格娱乐赛', '加油[doge]')
2025-05-02 17:02:51,017|line:579| ('reply: ', '神奇猫咪_有钱哒', '好耶')
2025-05-02 17:02:51,017|line:579| ('reply: ', '星夜染some', '好耶')
2025-05-02 17:02:51,017|line:579| ('reply: ', '羽田依', '[Cat2_Nyampage]')
2025-05-02 17:02:54,245|line:588| ('at: ', 'iKF蓝牙耳机', '恭喜@小小Shaun 宝子成为苏泊尔福利动态幸运儿！\n注意：即日起72小时内回复信息确认领奖哦！逾期将自动视为放弃中奖资格。\n没有中奖的宝子们不要气馁，参与一下下置顶视频iKF Mars，增加欧气值，说不定下个幸运儿就是你！\n链接：\nhttps://www.bilibili.com/video/BV1Soo6YLEHZ/?spm_id_from=333.1387.list.card_archive.click&vd_source=21fb0967ccc75e6b3b2447ade2c740dd\n还没参与抽奖的宝子们，赶紧点击上方链接参与吧！还有特别福利惊喜等你哦~')
2025-05-02 17:02:54,245|line:588| ('at: ', 'wellymerck威利默克', '恭喜@小小Shaun\xa0 获得《我是你的小狗3 永远等你回家》1本，请于5天内联系威宝，凭关注+互动截图领取奖品，逾期作废~')
2025-05-02 17:02:54,245|line:588| ('at: ', '宁美NINGMEI', '恭喜@小小Shaun   中奖，请在12月1日24点前私信我：1. 奖品+中奖信息a. 实物奖：姓名电话地址，给文字！省市区路清晰，提交不清晰不发奖，信息错误致无法签收，概不负责；\n\nb. 现金红包给到支付宝实名+账号；\n\nc. 京东卡/猫超卡 等购物卡给到姓名+电话；2. 宁美和品牌方关注截图+转发截图！\n\n必须关注品牌方，否则奖品不予发放；如遇无法私信图片的情况，等待我回复后即可发送图片。PS： \n\n因后台收信有时会出问题，以回复“已登记”为准，没有回复即表示私信未收到。\n\n过期视为自动放弃，不会补发；奖品30个工作日内发送，勿催哦~\n\n不发全，不回复。其他小伙伴请继续努力！')
2025-05-02 17:02:54,245|line:588| ('at: ', '爱玛电动车官方账号', '#一“玛”当先榜# 快来看看10月都是谁和爱玛酱互动最多呀~ 💕恭喜@小小Shaun 和@甘瑞凯拉莎 排行第一！这两位小玛达将会获得【爱玛随机周边×1】，请5天内私信爱玛酱领奖哟~[鼓掌] 以后也请继续单推我无敌可爱美少女爱玛酱呀嘿嘿！(●´З｀●)')
2025-05-02 17:02:54,245|line:588| ('at: ', '爱玛电动车官方账号', '')
2025-05-02 17:02:54,245|line:588| ('at: ', '海露滴眼液', '互动榜出炉啦')
2025-05-02 17:02:54,246|line:588| ('at: ', '和蔼可亲桃白白', '\u200b//@九号公司:\u200b恭喜@小小Shaun 中奖！后续记得查收私信哟～\u200b//@九号公司:#互动抽奖# 谢谢粒粒的复工礼！小九也来加个码~关注【@微粒贷+@九号公司 】并转发该动态，抽一位小可爱获得【100元京东卡】~ #供电局福利社# 10月31日抽出！')
2025-05-02 17:02:54,246|line:588| ('at: ', '望大家身体健康快乐', '\u200b//@九号公司:\u200b恭喜@小小Shaun 中奖！后续记得查收私信哟～\u200b//@九号公司 :#互动抽奖# 谢谢粒粒的复工礼！小九也来加个码~关注【@微粒贷+@九号公司 】并转发该动态，抽一位小可爱获得【100元京东卡】~ #供电局福利社# 10月31日抽出！')
2025-05-02 17:02:54,246|line:588| ('at: ', 'MoMA_Reona', '//@九号公司:\u200b恭喜@小小Shaun 中奖！后续记得查收私信哟～\u200b//@九号公司:#互动抽奖# 谢谢粒粒的复工礼！小九也来加个码~关注【@微粒贷+@九号公司 】并转发该动态，抽一位小可爱获得【100元京东卡】~ #供电局福利社# 10月31日抽出！')
2025-05-02 17:02:54,246|line:588| ('at: ', '摸鱼二队', '\u200b//@九号公司:\u200b恭喜@小小Shaun 中奖！后续记得查收私信哟～\u200b//@九号公司 :#互动抽奖# 谢谢粒粒的复工礼！小九也来加个码~关注【@微粒贷+@九号公司 】并转发该动态，抽一位小可爱获得【100元京东卡】~ #供电局福利社# 10月31日抽出！')
2025-05-02 17:02:54,246|line:588| ('at: ', '文少嘅一些事一些情', '\u200b//@九号公司:\u200b恭喜@小小Shaun 中奖！后续记得查收私信哟～\u200b//@九号公司 :#互动抽奖# 谢谢粒粒的复工礼！小九也来加个码~关注【@微粒贷+@九号公司 】并转发该动态，抽一位小可爱获得【100元京东卡】~ #供电局福利社# 10月31日抽出！')
2025-05-02 17:02:54,246|line:588| ('at: ', 'Carry队友的嘟嘟酱丶', '\u200b//@九号公司:\u200b恭喜@小小Shaun 中奖！后续记得查收私信哟～\u200b//@九号公司 :#互动抽奖# 谢谢粒粒的复工礼！小九也来加个码~关注【@微粒贷+@九号公司 】并转发该动态，抽一位小可爱获得【100元京东卡】~ #供电局福利社# 10月31日抽出！')
2025-05-02 17:02:54,246|line:588| ('at: ', '蛤蟆zero', '//@九号公司:\u200b恭喜@小小Shaun 中奖！后续记得查收私信哟～\u200b//@九号公司:#互动抽奖# 谢谢粒粒的复工礼！小九也来加个码~关注【@微粒贷+@九号公司 】并转发该动态，抽一位小可爱获得【100元京东卡】~ #供电局福利社# 10月31日抽出！c冲冲冲')
2025-05-02 17:02:54,246|line:588| ('at: ', '木而各子要吃笃栗子', '\u200b//@九号公司:\u200b恭喜@小小Shaun 中奖！后续记得查收私信哟～\u200b//@九号公司 :#互动抽奖# 谢谢粒粒的复工礼！小九也来加个码~关注【@微粒贷+@九号公司 】并转发该动态，抽一位小可爱获得【100元京东卡】~ #供电局福利社# 10月31日抽出！')
2025-05-02 17:02:54,246|line:588| ('at: ', '裙下愚臣情默默', '\u200b//@九号公司:\u200b恭喜@小小Shaun 中奖！后续记得查收私信哟～\u200b//@九号公司 :#互动抽奖# 谢谢粒粒的复工礼！小九也来加个码~关注【@微粒贷+@九号公司 】并转发该动态，抽一位小可爱获得【100元京东卡】~ #供电局福利社# 10月31日抽出！')
2025-05-02 17:02:54,246|line:588| ('at: ', '戊子毕宿', '')
2025-05-02 17:02:54,247|line:588| ('at: ', '九号电动', '\u200b恭喜@小小Shaun 中奖！后续记得查收私信哟～\u200b//@九号公司:#互动抽奖# 谢谢粒粒的复工礼！小九也来加个码~关注【@微粒贷+@九号公司 】并转发该动态，抽一位小可爱获得【100元京东卡】~ #供电局福利社# 10月31日抽出！')
2025-05-02 17:02:54,247|line:588| ('at: ', '优雅小宝', '')
2025-05-02 17:02:54,247|line:588| ('at: ', '我永远只爱一色彩羽', '//@九号公司:恭喜@小小Shaun 中奖！后续记得查收私信哟～\u200b//@九号公司:今晚8点，京东11.11现货开卖，抢先优惠不用等，全场直降，更有60元额外补贴助你大薅特薅！京东双十一，带你体验“飞”一般的购物速度！关注@京东戏精周报 x@九号公司 ，转发+评论本条动态，10月21日小编会抽取1名幸运粉丝送上【50元京东E卡】#京东11.11又便宜又好# #京东11.11现货开卖#')
2025-05-02 17:02:54,247|line:588| ('at: ', '戊子毕宿', '')
