2025-06-08 16:32:52,455|line:233| processing article 41942726
2025-06-08 16:32:55,848|line:508| ==================================================2025-06-09 00:32==================================================
2025-06-08 16:32:55,848|line:520| https://t.bilibili.com/1070353876521058322
2025-06-08 16:32:58,309|line:527| 官方 或 预约 OUT！
2025-06-08 16:32:58,310|line:520| https://t.bilibili.com/1074862990889582613
2025-06-08 16:33:01,661|line:527| 官方 或 预约 OUT！
2025-06-08 16:33:01,661|line:520| https://t.bilibili.com/1075243400415936521
2025-06-08 16:33:04,168|line:342| =========此为源动态=========
2025-06-08 16:33:07,572|line:363| *********子动态开始*********
2025-06-08 16:33:07,573|line:382| *********子动态结束*********
2025-06-08 16:33:07,573|line:538| -=-=-=-=处理回最初的动态-=-=-=-=
2025-06-08 16:33:16,850|line:476| 转发成功 1076155578485571600
2025-06-08 16:33:20,291|line:495| 评论发送成功
2025-06-08 16:33:24,843|line:425| 10669467 === 已经关注了
2025-06-08 16:33:28,199|line:504| 动态-点赞 0
2025-06-08 16:33:29,200|line:520| https://t.bilibili.com/1072401957419745283
2025-06-08 16:33:33,527|line:527| 官方 或 预约 OUT！
2025-06-08 16:33:33,527|line:520| https://t.bilibili.com/1075003960285200387
2025-06-08 16:33:34,948|line:342| =========此为源动态=========
2025-06-08 16:33:38,358|line:363| *********子动态开始*********
2025-06-08 16:33:42,165|line:382| *********子动态结束*********
2025-06-08 16:33:42,166|line:538| -=-=-=-=处理回最初的动态-=-=-=-=
2025-06-08 16:33:53,427|line:476| 转发成功 1076155737361612822
2025-06-08 16:33:57,019|line:495| 评论发送成功
2025-06-08 16:33:58,599|line:425| 686127 === 已经关注了
2025-06-08 16:34:01,948|line:504| 动态-点赞 0
2025-06-08 16:34:03,949|line:520| https://t.bilibili.com/1074977395922960386
2025-06-08 16:34:07,284|line:527| 官方 或 预约 OUT！
2025-06-08 16:34:07,284|line:520| https://t.bilibili.com/1074196476367732744
2025-06-08 16:34:08,782|line:342| =========此为源动态=========
2025-06-08 16:34:11,122|line:363| *********子动态开始*********
2025-06-08 16:34:11,122|line:382| *********子动态结束*********
2025-06-08 16:34:11,122|line:538| -=-=-=-=处理回最初的动态-=-=-=-=
2025-06-08 16:34:19,482|line:476| 转发成功 1076155849036005378
2025-06-08 16:34:22,928|line:495| 评论发送成功
2025-06-08 16:34:27,725|line:437| 关注 ==== 37678583 0
2025-06-08 16:34:31,098|line:504| 动态-点赞 0
2025-06-08 16:34:35,099|line:520| https://t.bilibili.com/1073857418782310418
2025-06-08 16:34:37,431|line:527| 官方 或 预约 OUT！
2025-06-08 16:34:37,431|line:520| https://t.bilibili.com/1072033402024099911
2025-06-08 16:34:38,753|line:527| 官方 或 预约 OUT！
2025-06-08 16:34:38,753|line:520| https://t.bilibili.com/1074893760017465350
2025-06-08 16:34:40,084|line:527| 官方 或 预约 OUT！
2025-06-08 16:34:40,084|line:553| 执行结束
2025-06-08 16:34:40,084|line:559| ==================================================2025-06-09 00:34==================================================
2025-06-08 16:34:40,084|line:233| processing article 41942255
2025-06-08 16:34:43,341|line:508| ==================================================2025-06-09 00:34==================================================
2025-06-08 16:34:43,341|line:520| https://t.bilibili.com/1071477431347445769
2025-06-08 16:34:43,341|line:522| 已有
2025-06-08 16:34:43,341|line:520| https://t.bilibili.com/1071196682257956869
2025-06-08 16:34:43,341|line:522| 已有
2025-06-08 16:34:43,341|line:520| https://t.bilibili.com/1070864724229357575
2025-06-08 16:34:47,663|line:527| 官方 或 预约 OUT！
2025-06-08 16:34:47,664|line:520| https://t.bilibili.com/1064948187717959721
2025-06-08 16:34:51,009|line:527| 官方 或 预约 OUT！
2025-06-08 16:34:51,009|line:520| https://t.bilibili.com/1072243636359397382
2025-06-08 16:34:51,009|line:522| 已有
2025-06-08 16:34:51,009|line:520| https://t.bilibili.com/1067504745549135874
2025-06-08 16:34:51,009|line:522| 已有
2025-06-08 16:34:51,010|line:520| https://t.bilibili.com/1064510652943433736
2025-06-08 16:34:51,010|line:522| 已有
2025-06-08 16:34:51,010|line:520| https://t.bilibili.com/1071229822231904257
2025-06-08 16:34:51,010|line:522| 已有
2025-06-08 16:34:51,010|line:520| https://t.bilibili.com/1070744082863620102
2025-06-08 16:34:52,338|line:337| =========此为子动态=========
2025-06-08 16:34:56,761|line:388| *************原动态处理开始***************
2025-06-08 16:35:02,578|line:476| 转发成功 1076156033724841985
2025-06-08 16:35:06,072|line:495| 评论发送成功
2025-06-08 16:35:09,497|line:425| 396808737 === 已经关注了
2025-06-08 16:35:13,015|line:504| 动态-点赞 0
2025-06-08 16:35:13,016|line:397| *************原动态处理完成***************
2025-06-08 16:35:17,393|line:363| *********子动态开始*********
2025-06-08 16:35:28,816|line:476| 转发成功 1076156145393991689
2025-06-08 16:35:32,244|line:495| 评论发送成功
2025-06-08 16:35:39,991|line:425| 396808737 === 已经关注了
2025-06-08 16:35:39,991|line:377| ----完成一个子动态----
2025-06-08 16:35:39,992|line:382| *********子动态结束*********
2025-06-08 16:35:42,992|line:520| https://t.bilibili.com/1071109829412519938
2025-06-08 16:35:42,993|line:522| 已有
2025-06-08 16:35:42,993|line:520| https://t.bilibili.com/1064431537546592262
2025-06-08 16:35:45,484|line:527| 官方 或 预约 OUT！
2025-06-08 16:35:45,484|line:520| https://t.bilibili.com/1071145958670073861
2025-06-08 16:35:45,484|line:522| 已有
2025-06-08 16:35:45,485|line:520| https://t.bilibili.com/1071938599197343777
2025-06-08 16:35:45,485|line:522| 已有
2025-06-08 16:35:45,485|line:520| https://t.bilibili.com/1067530364994453513
2025-06-08 16:35:49,838|line:527| 官方 或 预约 OUT！
2025-06-08 16:35:49,838|line:520| https://t.bilibili.com/1071106434264989705
2025-06-08 16:35:49,838|line:522| 已有
2025-06-08 16:35:49,838|line:520| https://t.bilibili.com/1071229152200228883
2025-06-08 16:35:49,838|line:522| 已有
2025-06-08 16:35:49,838|line:520| https://t.bilibili.com/1073159160178147383
2025-06-08 16:35:49,838|line:522| 已有
2025-06-08 16:35:49,839|line:520| https://t.bilibili.com/1073704030467784722
2025-06-08 16:35:49,839|line:522| 已有
2025-06-08 16:35:49,839|line:520| https://t.bilibili.com/1067767412874543106
2025-06-08 16:35:49,839|line:522| 已有
2025-06-08 16:35:49,839|line:520| https://t.bilibili.com/1074555200624132105
2025-06-08 16:35:51,394|line:337| =========此为子动态=========
2025-06-08 16:35:55,816|line:401| *************原动态已存在***************
2025-06-08 16:35:58,355|line:363| *********子动态开始*********
2025-06-08 16:36:08,544|line:476| 转发成功 1076156317191634948
2025-06-08 16:36:11,919|line:495| 评论发送成功
2025-06-08 16:36:15,586|line:425| 627553716 === 已经关注了
2025-06-08 16:36:15,586|line:377| ----完成一个子动态----
2025-06-08 16:36:22,757|line:476| 转发成功 1076156377348440071
2025-06-08 16:36:26,175|line:495| 评论发送成功
2025-06-08 16:36:31,906|line:425| 493230543 === 已经关注了
2025-06-08 16:36:31,906|line:377| ----完成一个子动态----
2025-06-08 16:36:40,074|line:476| 转发成功 1076156450368127017
2025-06-08 16:36:43,459|line:495| 评论发送成功
2025-06-08 16:36:48,131|line:425| 2026733267 === 已经关注了
2025-06-08 16:36:48,131|line:377| ----完成一个子动态----
2025-06-08 16:36:59,311|line:476| 转发成功 1076156536239161353
2025-06-08 16:37:02,722|line:495| 评论发送成功
2025-06-08 16:37:07,389|line:425| 1494786563 === 已经关注了
2025-06-08 16:37:07,389|line:377| ----完成一个子动态----
2025-06-08 16:37:07,389|line:382| *********子动态结束*********
2025-06-08 16:37:09,390|line:520| https://t.bilibili.com/1071522837789933573
2025-06-08 16:37:09,390|line:522| 已有
2025-06-08 16:37:09,390|line:520| https://t.bilibili.com/1071227743470878756
2025-06-08 16:37:09,390|line:522| 已有
2025-06-08 16:37:09,391|line:520| https://t.bilibili.com/1062041186358788096
2025-06-08 16:37:13,674|line:527| 官方 或 预约 OUT！
2025-06-08 16:37:13,674|line:520| https://t.bilibili.com/1071141015149084674
2025-06-08 16:37:13,674|line:522| 已有
2025-06-08 16:37:13,674|line:520| https://t.bilibili.com/1073418438785892373
2025-06-08 16:37:17,961|line:527| 官方 或 预约 OUT！
2025-06-08 16:37:17,961|line:520| https://t.bilibili.com/1068893420124110903
2025-06-08 16:37:20,240|line:342| =========此为源动态=========
2025-06-08 16:37:24,798|line:363| *********子动态开始*********
2025-06-08 16:37:24,798|line:382| *********子动态结束*********
2025-06-08 16:37:24,798|line:538| -=-=-=-=处理回最初的动态-=-=-=-=
2025-06-08 16:37:37,178|line:476| 转发成功 1076156699444772871
2025-06-08 16:37:40,659|line:495| 评论发送成功
2025-06-08 16:37:42,108|line:425| 480772617 === 已经关注了
2025-06-08 16:37:45,482|line:504| 动态-点赞 0
2025-06-08 16:37:49,482|line:520| https://t.bilibili.com/1070121501608378393
2025-06-08 16:37:53,833|line:527| 官方 或 预约 OUT！
2025-06-08 16:37:53,833|line:520| https://t.bilibili.com/1071116082915311621
2025-06-08 16:37:53,833|line:522| 已有
2025-06-08 16:37:53,833|line:520| https://t.bilibili.com/1071227146464133127
2025-06-08 16:37:53,833|line:522| 已有
2025-06-08 16:37:53,834|line:520| https://t.bilibili.com/1071941375913623554
2025-06-08 16:37:56,188|line:342| =========此为源动态=========
2025-06-08 16:37:58,702|line:363| *********子动态开始*********
2025-06-08 16:37:58,702|line:382| *********子动态结束*********
2025-06-08 16:37:58,702|line:538| -=-=-=-=处理回最初的动态-=-=-=-=
2025-06-08 16:38:05,168|line:476| 转发成功 1076156815410987017
2025-06-08 16:38:08,622|line:495| 评论发送成功
2025-06-08 16:38:13,251|line:425| 1276013191 === 已经关注了
2025-06-08 16:38:16,823|line:504| 动态-点赞 0
2025-06-08 16:38:19,823|line:520| https://t.bilibili.com/1071113527367827456
2025-06-08 16:38:19,823|line:522| 已有
2025-06-08 16:38:19,823|line:520| https://t.bilibili.com/1073302032284123154
2025-06-08 16:38:21,450|line:342| =========此为源动态=========
2025-06-08 16:38:24,972|line:363| *********子动态开始*********
2025-06-08 16:38:24,972|line:382| *********子动态结束*********
2025-06-08 16:38:24,973|line:538| -=-=-=-=处理回最初的动态-=-=-=-=
2025-06-08 16:38:33,247|line:476| 转发成功 1076156939950358536
2025-06-08 16:38:36,619|line:495| 评论发送成功
2025-06-08 16:38:40,048|line:425| 1497838690 === 已经关注了
2025-06-08 16:38:43,437|line:504| 动态-点赞 0
2025-06-08 16:38:47,438|line:520| https://t.bilibili.com/1064813448134656002
2025-06-08 16:38:47,438|line:522| 已有
2025-06-08 16:38:47,438|line:520| https://t.bilibili.com/1071482761423880201
2025-06-08 16:38:47,438|line:522| 已有
2025-06-08 16:38:47,438|line:520| https://t.bilibili.com/1073394792822472710
2025-06-08 16:38:48,763|line:342| =========此为源动态=========
2025-06-08 16:38:53,177|line:363| *********子动态开始*********
2025-06-08 16:38:53,177|line:382| *********子动态结束*********
2025-06-08 16:38:53,178|line:538| -=-=-=-=处理回最初的动态-=-=-=-=
2025-06-08 16:39:03,450|line:476| 转发成功 1076157068801474566
2025-06-08 16:39:06,915|line:495| 评论发送成功
2025-06-08 16:39:10,363|line:425| 456114439 === 已经关注了
2025-06-08 16:39:13,754|line:504| 动态-点赞 0
2025-06-08 16:39:16,754|line:520| https://t.bilibili.com/1073441661647847432
2025-06-08 16:39:18,253|line:527| 官方 或 预约 OUT！
2025-06-08 16:39:18,253|line:520| https://t.bilibili.com/1071225729093468176
2025-06-08 16:39:18,253|line:522| 已有
2025-06-08 16:39:18,253|line:520| https://t.bilibili.com/1071463885057294358
2025-06-08 16:39:18,253|line:522| 已有
2025-06-08 16:39:18,254|line:520| https://t.bilibili.com/1074631054071955488
2025-06-08 16:39:18,254|line:522| 已有
2025-06-08 16:39:18,254|line:520| https://t.bilibili.com/1067054967988158472
2025-06-08 16:39:18,254|line:522| 已有
2025-06-08 16:39:18,254|line:520| https://t.bilibili.com/1070744125854187520
2025-06-08 16:39:22,581|line:337| =========此为子动态=========
2025-06-08 16:39:24,245|line:388| *************原动态处理开始***************
2025-06-08 16:39:32,351|line:476| 转发成功 1076157193401663494
2025-06-08 16:39:35,763|line:347| 'NoneType' object is not subscriptable
2025-06-08 16:39:35,763|line:348| error line:339
2025-06-08 16:39:35,763|line:534| *#*#*#*#*#*#*#*#*#*原动态处理失败*#*#*#*#*#*#*#*#*#
2025-06-08 16:39:35,763|line:520| https://t.bilibili.com/1073083701880946711
2025-06-08 16:39:40,144|line:527| 官方 或 预约 OUT！
2025-06-08 16:39:40,144|line:520| https://t.bilibili.com/1073046700739788801
2025-06-08 16:39:42,465|line:342| =========此为源动态=========
2025-06-08 16:39:46,005|line:363| *********子动态开始*********
2025-06-08 16:39:46,005|line:382| *********子动态结束*********
2025-06-08 16:39:46,005|line:538| -=-=-=-=处理回最初的动态-=-=-=-=
2025-06-08 16:39:55,324|line:476| 转发成功 1076157292170182656
2025-06-08 16:39:58,825|line:495| 评论发送成功
2025-06-08 16:40:03,691|line:437| 关注 ==== 253553776 0
2025-06-08 16:40:07,264|line:504| 动态-点赞 0
2025-06-08 16:40:08,264|line:520| https://t.bilibili.com/1067446664715829253
2025-06-08 16:40:08,264|line:522| 已有
2025-06-08 16:40:08,264|line:520| https://t.bilibili.com/1071482035603767300
2025-06-08 16:40:08,265|line:522| 已有
2025-06-08 16:40:08,265|line:520| https://t.bilibili.com/1071239064984748038
2025-06-08 16:40:08,265|line:522| 已有
2025-06-08 16:40:08,265|line:520| https://t.bilibili.com/1071236840205320209
2025-06-08 16:40:08,265|line:522| 已有
2025-06-08 16:40:08,265|line:520| https://t.bilibili.com/1068506409223585797
2025-06-08 16:40:08,265|line:522| 已有
2025-06-08 16:40:08,265|line:520| https://t.bilibili.com/1074268389186207744
2025-06-08 16:40:08,266|line:522| 已有
2025-06-08 16:40:08,266|line:553| 执行结束
2025-06-08 16:40:08,266|line:559| ==================================================2025-06-09 00:40==================================================
2025-06-08 16:40:08,266|line:233| processing article 41935465
2025-06-08 16:40:11,513|line:508| ==================================================2025-06-09 00:40==================================================
2025-06-08 16:40:11,513|line:520| https://t.bilibili.com/1073857418782310418
2025-06-08 16:40:12,997|line:527| 官方 或 预约 OUT！
2025-06-08 16:40:12,997|line:520| https://t.bilibili.com/1074439163500036128
2025-06-08 16:40:12,998|line:522| 已有
2025-06-08 16:40:12,998|line:520| https://t.bilibili.com/1075243400415936521
2025-06-08 16:40:12,998|line:522| 已有
2025-06-08 16:40:12,998|line:520| https://t.bilibili.com/1074272029133242441
2025-06-08 16:40:16,340|line:527| 官方 或 预约 OUT！
2025-06-08 16:40:16,341|line:520| https://t.bilibili.com/1075615593708650496
2025-06-08 16:40:19,698|line:527| 官方 或 预约 OUT！
2025-06-08 16:40:19,698|line:520| https://t.bilibili.com/1072401957419745283
2025-06-08 16:40:22,060|line:527| 官方 或 预约 OUT！
2025-06-08 16:40:22,060|line:520| https://t.bilibili.com/1074977395922960386
2025-06-08 16:40:26,409|line:527| 官方 或 预约 OUT！
2025-06-08 16:40:26,409|line:520| https://t.bilibili.com/1073504582914539523
2025-06-08 16:40:28,762|line:527| 官方 或 预约 OUT！
2025-06-08 16:40:28,762|line:520| https://t.bilibili.com/1071672285456236551
2025-06-08 16:40:28,762|line:522| 已有
2025-06-08 16:40:28,762|line:520| https://t.bilibili.com/1073818025363243017
2025-06-08 16:40:28,762|line:522| 已有
2025-06-08 16:40:28,762|line:520| https://t.bilibili.com/1073531748593172486
2025-06-08 16:40:32,165|line:527| 官方 或 预约 OUT！
2025-06-08 16:40:32,165|line:520| https://t.bilibili.com/1073679972183310338
2025-06-08 16:40:36,521|line:527| 官方 或 预约 OUT！
2025-06-08 16:40:36,521|line:520| https://t.bilibili.com/1074232369399988233
2025-06-08 16:40:36,522|line:522| 已有
2025-06-08 16:40:36,522|line:520| https://t.bilibili.com/1072033402024099911
2025-06-08 16:40:39,872|line:527| 官方 或 预约 OUT！
2025-06-08 16:40:39,872|line:520| https://t.bilibili.com/1074893760017465350
2025-06-08 16:40:41,225|line:527| 官方 或 预约 OUT！
2025-06-08 16:40:41,225|line:553| 执行结束
2025-06-08 16:40:41,226|line:559| ==================================================2025-06-09 00:40==================================================
2025-06-08 16:40:41,226|line:233| processing article 41933359
2025-06-08 16:40:46,492|line:508| ==================================================2025-06-09 00:40==================================================
2025-06-08 16:40:46,493|line:520| https://t.bilibili.com/1073442898588991493
2025-06-08 16:40:47,840|line:527| 官方 或 预约 OUT！
2025-06-08 16:40:47,841|line:520| https://t.bilibili.com/1065230070739632144
2025-06-08 16:40:47,841|line:522| 已有
2025-06-08 16:40:47,841|line:520| https://t.bilibili.com/1066341453664354324
2025-06-08 16:40:47,841|line:522| 已有
2025-06-08 16:40:47,841|line:520| https://t.bilibili.com/1064908051281084421
2025-06-08 16:40:47,841|line:522| 已有
2025-06-08 16:40:47,841|line:520| https://t.bilibili.com/1072606236807004199
2025-06-08 16:40:47,841|line:522| 已有
2025-06-08 16:40:47,841|line:520| https://t.bilibili.com/1065289135102623753
2025-06-08 16:40:47,841|line:522| 已有
2025-06-08 16:40:47,842|line:520| https://t.bilibili.com/1064910817193885704
2025-06-08 16:40:47,842|line:522| 已有
2025-06-08 16:40:47,842|line:520| https://t.bilibili.com/1073723634858590215
2025-06-08 16:40:50,194|line:527| 官方 或 预约 OUT！
2025-06-08 16:40:50,194|line:520| https://t.bilibili.com/1051544677149311010
2025-06-08 16:40:51,539|line:527| 官方 或 预约 OUT！
2025-06-08 16:40:51,539|line:520| https://t.bilibili.com/1065915903998164993
2025-06-08 16:40:51,539|line:522| 已有
2025-06-08 16:40:51,539|line:520| https://t.bilibili.com/1067097556882817065
2025-06-08 16:40:51,540|line:522| 已有
2025-06-08 16:40:51,540|line:520| https://t.bilibili.com/1064909073478058052
2025-06-08 16:40:51,540|line:522| 已有
2025-06-08 16:40:51,540|line:520| https://t.bilibili.com/1066792569064652800
2025-06-08 16:40:51,540|line:522| 已有
2025-06-08 16:40:51,540|line:520| https://t.bilibili.com/1072786756454055955
2025-06-08 16:40:51,540|line:522| 已有
2025-06-08 16:40:51,540|line:520| https://t.bilibili.com/1064537490059165701
2025-06-08 16:40:53,891|line:342| =========此为源动态=========
2025-06-08 16:40:57,467|line:363| *********子动态开始*********
2025-06-08 16:40:57,468|line:382| *********子动态结束*********
2025-06-08 16:40:57,468|line:538| -=-=-=-=处理回最初的动态-=-=-=-=
2025-06-08 16:41:07,928|line:476| 转发成功 1076157601384759301
2025-06-08 16:41:11,395|line:495| 评论发送成功
2025-06-08 16:41:14,805|line:425| 436170053 === 已经关注了
2025-06-08 16:41:18,155|line:504| 动态-点赞 0
2025-06-08 16:41:20,156|line:520| https://t.bilibili.com/1072263539244138497
2025-06-08 16:41:20,156|line:522| 已有
2025-06-08 16:41:20,156|line:520| https://t.bilibili.com/1064912977578164243
2025-06-08 16:41:20,156|line:522| 已有
2025-06-08 16:41:20,156|line:520| https://t.bilibili.com/1073107328483459108
2025-06-08 16:41:20,156|line:522| 已有
2025-06-08 16:41:20,156|line:520| https://t.bilibili.com/1065366779539226662
2025-06-08 16:41:20,156|line:522| 已有
2025-06-08 16:41:20,157|line:520| https://t.bilibili.com/1065231926139289623
2025-06-08 16:41:20,157|line:522| 已有
2025-06-08 16:41:20,157|line:520| https://t.bilibili.com/1065247254912172055
2025-06-08 16:41:20,157|line:522| 已有
2025-06-08 16:41:20,157|line:520| https://t.bilibili.com/1064909889477804071
2025-06-08 16:41:20,157|line:522| 已有
2025-06-08 16:41:20,157|line:520| https://t.bilibili.com/1065166286170882067
2025-06-08 16:41:20,157|line:522| 已有
2025-06-08 16:41:20,157|line:520| https://t.bilibili.com/1074249991693795347
2025-06-08 16:41:21,481|line:527| 官方 或 预约 OUT！
2025-06-08 16:41:21,481|line:520| https://t.bilibili.com/1065165770795778071
2025-06-08 16:41:21,481|line:522| 已有
2025-06-08 16:41:21,481|line:520| https://t.bilibili.com/1064908124273508354
2025-06-08 16:41:21,482|line:522| 已有
2025-06-08 16:41:21,482|line:520| https://t.bilibili.com/1074078442104815619
2025-06-08 16:41:21,482|line:522| 已有
2025-06-08 16:41:21,482|line:520| https://t.bilibili.com/1072283201619099665
2025-06-08 16:41:25,849|line:527| 官方 或 预约 OUT！
2025-06-08 16:41:25,850|line:520| https://t.bilibili.com/1066455901613850649
2025-06-08 16:41:25,850|line:522| 已有
2025-06-08 16:41:25,850|line:520| https://t.bilibili.com/1065914615475470336
2025-06-08 16:41:25,850|line:522| 已有
2025-06-08 16:41:25,850|line:520| https://t.bilibili.com/1070489387027922952
2025-06-08 16:41:30,176|line:527| 官方 或 预约 OUT！
2025-06-08 16:41:30,176|line:520| https://t.bilibili.com/1051277925314199552
2025-06-08 16:41:32,498|line:527| 官方 或 预约 OUT！
2025-06-08 16:41:32,498|line:520| https://t.bilibili.com/1064909442848391187
2025-06-08 16:41:32,498|line:522| 已有
2025-06-08 16:41:32,498|line:520| https://t.bilibili.com/1073496362340843528
2025-06-08 16:41:32,499|line:522| 已有
2025-06-08 16:41:32,499|line:553| 执行结束
2025-06-08 16:41:32,499|line:559| ==================================================2025-06-09 00:41==================================================
2025-06-08 16:41:32,499|line:233| processing article 41943526
2025-06-08 16:41:36,872|line:508| ==================================================2025-06-09 00:41==================================================
2025-06-08 16:41:36,872|line:520| https://t.bilibili.com/1063443858280415252
2025-06-08 16:41:36,872|line:522| 已有
2025-06-08 16:41:36,872|line:520| https://t.bilibili.com/1075966320710778965
2025-06-08 16:41:40,201|line:527| 官方 或 预约 OUT！
2025-06-08 16:41:40,201|line:520| https://t.bilibili.com/1076038774675210272
2025-06-08 16:41:43,530|line:342| =========此为源动态=========
2025-06-08 16:41:46,056|line:363| *********子动态开始*********
2025-06-08 16:41:46,056|line:382| *********子动态结束*********
2025-06-08 16:41:46,057|line:538| -=-=-=-=处理回最初的动态-=-=-=-=
2025-06-08 16:41:56,323|line:476| 转发成功 1076157811874856969
2025-06-08 16:41:59,743|line:495| 评论发送成功
2025-06-08 16:42:03,155|line:425| 1930420310 === 已经关注了
2025-06-08 16:42:06,507|line:504| 动态-点赞 0
2025-06-08 16:42:08,508|line:520| https://t.bilibili.com/1075955278368735257
2025-06-08 16:42:09,996|line:527| 官方 或 预约 OUT！
2025-06-08 16:42:09,996|line:520| https://t.bilibili.com/1076038774661578761
2025-06-08 16:42:12,328|line:342| =========此为源动态=========
2025-06-08 16:42:15,905|line:363| *********子动态开始*********
2025-06-08 16:42:15,905|line:382| *********子动态结束*********
2025-06-08 16:42:15,905|line:538| -=-=-=-=处理回最初的动态-=-=-=-=
2025-06-08 16:42:27,117|line:476| 转发成功 1076157940677738517
2025-06-08 16:42:30,553|line:495| 评论发送成功
2025-06-08 16:42:33,013|line:425| 473965081 === 已经关注了
2025-06-08 16:42:36,479|line:504| 动态-点赞 0
2025-06-08 16:42:39,480|line:520| https://t.bilibili.com/1072352088554471426
2025-06-08 16:42:42,828|line:527| 官方 或 预约 OUT！
2025-06-08 16:42:42,829|line:520| https://t.bilibili.com/1075599573505802263
2025-06-08 16:42:46,231|line:527| 官方 或 预约 OUT！
2025-06-08 16:42:46,231|line:520| https://t.bilibili.com/1076063657601794050
2025-06-08 16:42:49,607|line:527| 官方 或 预约 OUT！
2025-06-08 16:42:49,607|line:520| https://t.bilibili.com/1076087271329890312
2025-06-08 16:42:52,954|line:527| 官方 或 预约 OUT！
2025-06-08 16:42:52,954|line:520| https://t.bilibili.com/1075725673722544137
2025-06-08 16:42:56,308|line:527| 官方 或 预约 OUT！
2025-06-08 16:42:56,308|line:520| https://t.bilibili.com/1072666669163216898
2025-06-08 16:43:00,731|line:527| 官方 或 预约 OUT！
2025-06-08 16:43:00,731|line:520| https://t.bilibili.com/1065346271089262596
2025-06-08 16:43:03,232|line:527| 官方 或 预约 OUT！
2025-06-08 16:43:03,232|line:520| https://t.bilibili.com/1076009755715043335
2025-06-08 16:43:06,558|line:527| 官方 或 预约 OUT！
2025-06-08 16:43:06,558|line:520| https://t.bilibili.com/1076064632534204416
2025-06-08 16:43:08,888|line:527| 官方 或 预约 OUT！
2025-06-08 16:43:08,888|line:520| https://t.bilibili.com/1076012564669792272
2025-06-08 16:43:10,216|line:342| =========此为源动态=========
2025-06-08 16:43:13,757|line:363| *********子动态开始*********
2025-06-08 16:43:22,131|line:476| 转发成功 1076158181239947271
2025-06-08 16:43:25,587|line:495| 评论发送成功
2025-06-08 16:43:33,430|line:425| 396808737 === 已经关注了
2025-06-08 16:43:33,430|line:377| ----完成一个子动态----
2025-06-08 16:43:33,431|line:382| *********子动态结束*********
2025-06-08 16:43:33,431|line:538| -=-=-=-=处理回最初的动态-=-=-=-=
2025-06-08 16:43:42,756|line:476| 转发成功 1076158267146633225
2025-06-08 16:43:46,266|line:495| 评论发送成功
2025-06-08 16:43:50,704|line:425| 396808737 === 已经关注了
2025-06-08 16:43:54,074|line:504| 动态-点赞 0
2025-06-08 16:43:55,075|line:520| https://t.bilibili.com/1075731407507030023
2025-06-08 16:43:59,401|line:342| =========此为源动态=========
2025-06-08 16:44:03,921|line:363| *********子动态开始*********
2025-06-08 16:44:03,921|line:382| *********子动态结束*********
2025-06-08 16:44:03,921|line:538| -=-=-=-=处理回最初的动态-=-=-=-=
2025-06-08 16:44:16,370|line:476| 转发成功 1076158413155598341
2025-06-08 16:44:19,832|line:495| 评论发送成功
2025-06-08 16:44:24,299|line:425| 100680137 === 已经关注了
2025-06-08 16:44:27,673|line:504| 动态-点赞 0
2025-06-08 16:44:31,674|line:520| https://t.bilibili.com/1035593318931628032
2025-06-08 16:44:33,020|line:527| 官方 或 预约 OUT！
2025-06-08 16:44:33,020|line:520| https://t.bilibili.com/1075773459546505219
2025-06-08 16:44:37,373|line:527| 官方 或 预约 OUT！
2025-06-08 16:44:37,373|line:520| https://t.bilibili.com/1075936711238746132
2025-06-08 16:44:40,720|line:342| =========此为源动态=========
2025-06-08 16:44:44,479|line:363| *********子动态开始*********
2025-06-08 16:44:44,480|line:382| *********子动态结束*********
2025-06-08 16:44:44,480|line:538| -=-=-=-=处理回最初的动态-=-=-=-=
2025-06-08 16:44:51,851|line:476| 转发成功 1076158563492036611
2025-06-08 16:44:55,319|line:495| 评论发送成功
2025-06-08 16:44:59,766|line:425| 873668 === 已经关注了
2025-06-08 16:45:03,138|line:504| 动态-点赞 0
2025-06-08 16:45:07,139|line:553| 执行结束
2025-06-08 16:45:07,139|line:559| ==================================================2025-06-09 00:45==================================================
2025-06-08 16:45:07,139|line:233| processing article 41941763
2025-06-08 16:45:12,510|line:508| ==================================================2025-06-09 00:45==================================================
2025-06-08 16:45:12,510|line:520| https://t.bilibili.com/1073734990764703816
2025-06-08 16:45:14,839|line:527| 官方 或 预约 OUT！
2025-06-08 16:45:14,840|line:520| https://t.bilibili.com/1064135945005039637
2025-06-08 16:45:14,840|line:522| 已有
2025-06-08 16:45:14,840|line:520| https://t.bilibili.com/1063443858280415252
2025-06-08 16:45:14,840|line:522| 已有
2025-06-08 16:45:14,840|line:520| https://t.bilibili.com/1071972331860000869
2025-06-08 16:45:18,170|line:527| 官方 或 预约 OUT！
2025-06-08 16:45:18,170|line:520| https://t.bilibili.com/1069575770149486609
2025-06-08 16:45:20,667|line:527| 官方 或 预约 OUT！
2025-06-08 16:45:20,667|line:520| https://t.bilibili.com/1071589190737592320
2025-06-08 16:45:25,016|line:527| 官方 或 预约 OUT！
2025-06-08 16:45:25,016|line:520| https://t.bilibili.com/1035593318931628032
2025-06-08 16:45:29,346|line:527| 官方 或 预约 OUT！
2025-06-08 16:45:29,346|line:520| https://t.bilibili.com/1072735637749104643
2025-06-08 16:45:31,676|line:527| 官方 或 预约 OUT！
2025-06-08 16:45:31,676|line:520| https://t.bilibili.com/1072666669163216898
2025-06-08 16:45:33,006|line:527| 官方 或 预约 OUT！
2025-06-08 16:45:33,006|line:520| https://t.bilibili.com/1065346271089262596
2025-06-08 16:45:36,331|line:527| 官方 或 预约 OUT！
2025-06-08 16:45:36,332|line:520| https://t.bilibili.com/1072352088554471426
2025-06-08 16:45:38,763|line:527| 官方 或 预约 OUT！
2025-06-08 16:45:38,763|line:553| 执行结束
2025-06-08 16:45:38,764|line:559| ==================================================2025-06-09 00:45==================================================
2025-06-08 16:45:38,764|line:233| processing article 41941735
2025-06-08 16:45:43,033|line:508| ==================================================2025-06-09 00:45==================================================
2025-06-08 16:45:43,034|line:520| https://t.bilibili.com/1074106075883503705
2025-06-08 16:45:47,362|line:527| 官方 或 预约 OUT！
2025-06-08 16:45:47,362|line:520| https://t.bilibili.com/1071508591376072704
2025-06-08 16:45:51,738|line:527| 官方 或 预约 OUT！
2025-06-08 16:45:51,739|line:520| https://t.bilibili.com/1072992783895101459
2025-06-08 16:45:55,070|line:527| 官方 或 预约 OUT！
2025-06-08 16:45:55,070|line:520| https://t.bilibili.com/1063443858280415252
2025-06-08 16:45:55,070|line:522| 已有
2025-06-08 16:45:55,071|line:520| https://t.bilibili.com/1075347136796688402
2025-06-08 16:45:56,426|line:527| 官方 或 预约 OUT！
2025-06-08 16:45:56,426|line:520| https://t.bilibili.com/1074090577523376132
2025-06-08 16:45:58,775|line:527| 官方 或 预约 OUT！
2025-06-08 16:45:58,775|line:520| https://t.bilibili.com/1068911136895664148
2025-06-08 16:46:01,106|line:527| 官方 或 预约 OUT！
2025-06-08 16:46:01,106|line:520| https://t.bilibili.com/1061526434526265345
2025-06-08 16:46:02,447|line:527| 官方 或 预约 OUT！
2025-06-08 16:46:02,447|line:520| https://t.bilibili.com/1073735196891676688
2025-06-08 16:46:06,772|line:527| 官方 或 预约 OUT！
2025-06-08 16:46:06,772|line:520| https://t.bilibili.com/1060849955707551753
2025-06-08 16:46:08,107|line:527| 官方 或 预约 OUT！
2025-06-08 16:46:08,107|line:520| https://t.bilibili.com/1071871730858852353
2025-06-08 16:46:11,436|line:527| 官方 或 预约 OUT！
2025-06-08 16:46:11,436|line:520| https://t.bilibili.com/1073039730049810432
2025-06-08 16:46:15,764|line:527| 官方 或 预约 OUT！
2025-06-08 16:46:15,764|line:520| https://t.bilibili.com/1074833256830992385
2025-06-08 16:46:20,092|line:527| 官方 或 预约 OUT！
2025-06-08 16:46:20,092|line:520| https://t.bilibili.com/1073735287063969795
2025-06-08 16:46:23,420|line:527| 官方 或 预约 OUT！
2025-06-08 16:46:23,420|line:520| https://t.bilibili.com/1069575770149486609
2025-06-08 16:46:24,747|line:527| 官方 或 预约 OUT！
2025-06-08 16:46:24,747|line:520| https://t.bilibili.com/1071589190737592320
2025-06-08 16:46:29,093|line:527| 官方 或 预约 OUT！
2025-06-08 16:46:29,093|line:520| https://t.bilibili.com/1071544969718661124
2025-06-08 16:46:31,467|line:527| 官方 或 预约 OUT！
2025-06-08 16:46:31,467|line:520| https://t.bilibili.com/1074110177602437127
2025-06-08 16:46:33,795|line:527| 官方 或 预约 OUT！
2025-06-08 16:46:33,795|line:520| https://t.bilibili.com/1075688994718613508
2025-06-08 16:46:36,125|line:527| 官方 或 预约 OUT！
2025-06-08 16:46:36,125|line:520| https://t.bilibili.com/1072735637749104643
2025-06-08 16:46:38,456|line:527| 官方 或 预约 OUT！
2025-06-08 16:46:38,456|line:520| https://t.bilibili.com/1072352088554471426
2025-06-08 16:46:42,778|line:527| 官方 或 预约 OUT！
2025-06-08 16:46:42,778|line:520| https://t.bilibili.com/1073859196884090917
2025-06-08 16:46:45,105|line:527| 官方 或 预约 OUT！
2025-06-08 16:46:45,106|line:520| https://t.bilibili.com/1074852588494520336
2025-06-08 16:46:46,432|line:527| 官方 或 预约 OUT！
2025-06-08 16:46:46,432|line:520| https://t.bilibili.com/1074090871733878801
2025-06-08 16:46:50,763|line:527| 官方 或 预约 OUT！
2025-06-08 16:46:50,763|line:520| https://t.bilibili.com/1072236511006556168
2025-06-08 16:46:53,105|line:527| 官方 或 预约 OUT！
2025-06-08 16:46:53,105|line:520| https://t.bilibili.com/1070127613374103572
2025-06-08 16:46:55,484|line:527| 官方 或 预约 OUT！
2025-06-08 16:46:55,484|line:520| https://t.bilibili.com/1068525337144459281
2025-06-08 16:46:56,838|line:527| 官方 或 预约 OUT！
2025-06-08 16:46:56,838|line:520| https://t.bilibili.com/1072293672704278537
2025-06-08 16:46:59,167|line:527| 官方 或 预约 OUT！
2025-06-08 16:46:59,168|line:520| https://t.bilibili.com/1073734990764703816
2025-06-08 16:47:03,498|line:527| 官方 或 预约 OUT！
2025-06-08 16:47:03,499|line:520| https://t.bilibili.com/1072765560773672994
2025-06-08 16:47:06,827|line:527| 官方 或 预约 OUT！
2025-06-08 16:47:06,827|line:520| https://t.bilibili.com/1070518936382996546
2025-06-08 16:47:10,303|line:527| 官方 或 预约 OUT！
2025-06-08 16:47:10,303|line:520| https://t.bilibili.com/1074110023005634567
2025-06-08 16:47:14,649|line:527| 官方 或 预约 OUT！
2025-06-08 16:47:14,650|line:520| https://t.bilibili.com/1065331200012320784
2025-06-08 16:47:18,045|line:527| 官方 或 预约 OUT！
2025-06-08 16:47:18,045|line:520| https://t.bilibili.com/1064859458015854592
2025-06-08 16:47:21,398|line:527| 官方 或 预约 OUT！
2025-06-08 16:47:21,398|line:520| https://t.bilibili.com/1071972331860000869
2025-06-08 16:47:24,743|line:527| 官方 或 预约 OUT！
2025-06-08 16:47:24,743|line:520| https://t.bilibili.com/1074245688103010305
2025-06-08 16:47:28,092|line:527| 官方 或 预约 OUT！
2025-06-08 16:47:28,092|line:520| https://t.bilibili.com/1072374362251722825
2025-06-08 16:47:29,616|line:527| 官方 或 预约 OUT！
2025-06-08 16:47:29,617|line:520| https://t.bilibili.com/1064543292584099842
2025-06-08 16:47:32,974|line:527| 官方 或 预约 OUT！
2025-06-08 16:47:32,974|line:520| https://t.bilibili.com/1067933576549367810
2025-06-08 16:47:35,502|line:527| 官方 或 预约 OUT！
2025-06-08 16:47:35,502|line:520| https://t.bilibili.com/1070397410324250631
2025-06-08 16:47:37,903|line:527| 官方 或 预约 OUT！
2025-06-08 16:47:37,903|line:520| https://t.bilibili.com/1073733006446821395
2025-06-08 16:47:39,249|line:527| 官方 或 预约 OUT！
2025-06-08 16:47:39,249|line:520| https://t.bilibili.com/1072666669163216898
2025-06-08 16:47:40,601|line:527| 官方 或 预约 OUT！
2025-06-08 16:47:40,601|line:520| https://t.bilibili.com/1065346271089262596
2025-06-08 16:47:43,965|line:527| 官方 或 预约 OUT！
2025-06-08 16:47:43,965|line:520| https://t.bilibili.com/1069310117850120194
2025-06-08 16:47:48,379|line:527| 官方 或 预约 OUT！
2025-06-08 16:47:48,380|line:520| https://t.bilibili.com/1070750898981961735
2025-06-08 16:47:49,734|line:527| 官方 或 预约 OUT！
2025-06-08 16:47:49,734|line:520| https://t.bilibili.com/1075222582722035718
2025-06-08 16:47:54,087|line:527| 官方 或 预约 OUT！
2025-06-08 16:47:54,087|line:520| https://t.bilibili.com/1071230221629259783
2025-06-08 16:47:57,442|line:527| 官方 或 预约 OUT！
2025-06-08 16:47:57,442|line:520| https://t.bilibili.com/1073411227514830851
2025-06-08 16:48:00,796|line:527| 官方 或 预约 OUT！
2025-06-08 16:48:00,797|line:520| https://t.bilibili.com/1072977337020055569
2025-06-08 16:48:05,164|line:527| 官方 或 预约 OUT！
2025-06-08 16:48:05,165|line:520| https://t.bilibili.com/1043337960980742147
2025-06-08 16:48:06,520|line:527| 官方 或 预约 OUT！
2025-06-08 16:48:06,520|line:520| https://t.bilibili.com/1066369907805913091
2025-06-08 16:48:10,866|line:527| 官方 或 预约 OUT！
2025-06-08 16:48:10,866|line:520| https://t.bilibili.com/1064135945005039637
2025-06-08 16:48:10,866|line:522| 已有
2025-06-08 16:48:10,866|line:520| https://t.bilibili.com/1070766296434475057
2025-06-08 16:48:14,226|line:527| 官方 或 预约 OUT！
2025-06-08 16:48:14,226|line:520| https://t.bilibili.com/1071253633507524647
2025-06-08 16:48:16,580|line:527| 官方 或 预约 OUT！
2025-06-08 16:48:16,580|line:520| https://t.bilibili.com/1075683222244818969
2025-06-08 16:48:20,925|line:527| 官方 或 预约 OUT！
2025-06-08 16:48:20,925|line:520| https://t.bilibili.com/1073742777534119944
2025-06-08 16:48:23,279|line:527| 官方 或 预约 OUT！
2025-06-08 16:48:23,279|line:520| https://t.bilibili.com/1073363918459502646
2025-06-08 16:48:24,627|line:527| 官方 或 预约 OUT！
2025-06-08 16:48:24,628|line:520| https://t.bilibili.com/1060820599631249412
2025-06-08 16:48:25,988|line:527| 官方 或 预约 OUT！
2025-06-08 16:48:25,988|line:520| https://t.bilibili.com/1065191991536517123
2025-06-08 16:48:29,338|line:527| 官方 或 预约 OUT！
2025-06-08 16:48:29,338|line:520| https://t.bilibili.com/1071851372712820744
2025-06-08 16:48:30,700|line:527| 官方 或 预约 OUT！
2025-06-08 16:48:30,700|line:520| https://t.bilibili.com/1073812274366382089
2025-06-08 16:48:35,044|line:527| 官方 或 预约 OUT！
2025-06-08 16:48:35,045|line:520| https://t.bilibili.com/1073333209411878920
2025-06-08 16:48:37,394|line:527| 官方 或 预约 OUT！
2025-06-08 16:48:37,394|line:520| https://t.bilibili.com/1065237801668182023
2025-06-08 16:48:38,753|line:527| 官方 或 预约 OUT！
2025-06-08 16:48:38,753|line:520| https://t.bilibili.com/1035593318931628032
2025-06-08 16:48:43,165|line:527| 官方 或 预约 OUT！
2025-06-08 16:48:43,166|line:520| https://t.bilibili.com/1053810014700961795
2025-06-08 16:48:47,522|line:527| 官方 或 预约 OUT！
2025-06-08 16:48:47,523|line:520| https://t.bilibili.com/1075217196820463616
2025-06-08 16:48:51,877|line:527| 官方 或 预约 OUT！
2025-06-08 16:48:51,877|line:553| 执行结束
2025-06-08 16:48:51,877|line:559| ==================================================2025-06-09 00:48==================================================
2025-06-08 16:48:51,877|line:233| processing article 41934249
2025-06-08 16:48:55,366|line:508| ==================================================2025-06-09 00:48==================================================
2025-06-08 16:48:55,366|line:520| https://t.bilibili.com/1075331717847318531
2025-06-08 16:48:55,366|line:522| 已有
2025-06-08 16:48:55,366|line:520| https://t.bilibili.com/1063443858280415252
2025-06-08 16:48:55,367|line:522| 已有
2025-06-08 16:48:55,367|line:520| https://t.bilibili.com/1074958510984265734
2025-06-08 16:48:55,367|line:522| 已有
2025-06-08 16:48:55,367|line:520| https://t.bilibili.com/1075366197831139331
2025-06-08 16:48:57,721|line:527| 官方 或 预约 OUT！
2025-06-08 16:48:57,721|line:520| https://t.bilibili.com/1075335072206290966
2025-06-08 16:49:01,135|line:527| 官方 或 预约 OUT！
2025-06-08 16:49:01,135|line:520| https://t.bilibili.com/1075568142912061442
2025-06-08 16:49:01,135|line:522| 已有
2025-06-08 16:49:01,136|line:520| https://t.bilibili.com/1075666106837893137
2025-06-08 16:49:01,136|line:522| 已有
2025-06-08 16:49:01,136|line:520| https://t.bilibili.com/1075559456311345172
2025-06-08 16:49:01,136|line:522| 已有
2025-06-08 16:49:01,136|line:520| https://t.bilibili.com/1075585833859284993
2025-06-08 16:49:01,136|line:522| 已有
2025-06-08 16:49:01,136|line:520| https://t.bilibili.com/1075514786550120448
2025-06-08 16:49:03,659|line:527| 官方 或 预约 OUT！
2025-06-08 16:49:03,660|line:520| https://t.bilibili.com/1074726028685869060
2025-06-08 16:49:05,011|line:527| 官方 或 预约 OUT！
2025-06-08 16:49:05,011|line:520| https://t.bilibili.com/1075390090765664293
2025-06-08 16:49:05,011|line:522| 已有
2025-06-08 16:49:05,011|line:520| https://t.bilibili.com/1075578695625736215
2025-06-08 16:49:05,011|line:522| 已有
2025-06-08 16:49:05,011|line:520| https://t.bilibili.com/1074848209733419012
2025-06-08 16:49:05,011|line:522| 已有
2025-06-08 16:49:05,012|line:520| https://t.bilibili.com/1075577076412579845
2025-06-08 16:49:05,012|line:522| 已有
2025-06-08 16:49:05,012|line:520| https://t.bilibili.com/1075211563972952072
2025-06-08 16:49:05,012|line:522| 已有
2025-06-08 16:49:05,012|line:520| https://t.bilibili.com/1075322341948391440
2025-06-08 16:49:07,369|line:527| 官方 或 预约 OUT！
2025-06-08 16:49:07,369|line:520| https://t.bilibili.com/1072352088554471426
2025-06-08 16:49:09,832|line:527| 官方 或 预约 OUT！
2025-06-08 16:49:09,832|line:520| https://t.bilibili.com/1075536263487946754
2025-06-08 16:49:09,832|line:522| 已有
2025-06-08 16:49:09,832|line:520| https://t.bilibili.com/1075361073934106640
2025-06-08 16:49:11,157|line:527| 官方 或 预约 OUT！
2025-06-08 16:49:11,157|line:520| https://t.bilibili.com/1074925519154184192
2025-06-08 16:49:11,158|line:522| 已有
2025-06-08 16:49:11,158|line:520| https://t.bilibili.com/1075543994439565314
2025-06-08 16:49:11,158|line:522| 已有
2025-06-08 16:49:11,158|line:520| https://t.bilibili.com/1075623921669111832
2025-06-08 16:49:11,158|line:522| 已有
2025-06-08 16:49:11,158|line:520| https://t.bilibili.com/1074801824124370962
2025-06-08 16:49:11,158|line:522| 已有
2025-06-08 16:49:11,158|line:520| https://t.bilibili.com/1074940981031206951
2025-06-08 16:49:11,158|line:522| 已有
2025-06-08 16:49:11,159|line:520| https://t.bilibili.com/1075345173969371145
2025-06-08 16:49:14,498|line:527| 官方 或 预约 OUT！
2025-06-08 16:49:14,498|line:520| https://t.bilibili.com/1072666669163216898
2025-06-08 16:49:15,888|line:527| 官方 或 预约 OUT！
2025-06-08 16:49:15,888|line:520| https://t.bilibili.com/1065346271089262596
2025-06-08 16:49:18,219|line:527| 官方 或 预约 OUT！
2025-06-08 16:49:18,219|line:520| https://t.bilibili.com/1075349460331003913
2025-06-08 16:49:22,551|line:527| 官方 或 预约 OUT！
2025-06-08 16:49:22,551|line:520| https://t.bilibili.com/1075575448650383360
2025-06-08 16:49:26,922|line:527| 官方 或 预约 OUT！
2025-06-08 16:49:26,922|line:520| https://t.bilibili.com/1075559540073693192
2025-06-08 16:49:26,922|line:522| 已有
2025-06-08 16:49:26,922|line:520| https://t.bilibili.com/1075590380090556418
2025-06-08 16:49:26,923|line:522| 已有
2025-06-08 16:49:26,923|line:520| https://t.bilibili.com/1075064433428922368
2025-06-08 16:49:29,316|line:527| 官方 或 预约 OUT！
2025-06-08 16:49:29,316|line:520| https://t.bilibili.com/1075358668785975300
2025-06-08 16:49:29,316|line:522| 已有
2025-06-08 16:49:29,317|line:520| https://t.bilibili.com/1075567320425824256
2025-06-08 16:49:32,669|line:527| 官方 或 预约 OUT！
2025-06-08 16:49:32,669|line:520| https://t.bilibili.com/1074573703380992016
2025-06-08 16:49:37,013|line:527| 官方 或 预约 OUT！
2025-06-08 16:49:37,013|line:520| https://t.bilibili.com/1075305093356584983
2025-06-08 16:49:37,013|line:522| 已有
2025-06-08 16:49:37,013|line:520| https://t.bilibili.com/1075364935142211621
2025-06-08 16:49:37,013|line:522| 已有
2025-06-08 16:49:37,014|line:520| https://t.bilibili.com/1075683303857586182
2025-06-08 16:49:37,014|line:522| 已有
2025-06-08 16:49:37,014|line:520| https://t.bilibili.com/1074971644958605334
2025-06-08 16:49:37,014|line:522| 已有
2025-06-08 16:49:37,014|line:520| https://t.bilibili.com/1075667382450520068
2025-06-08 16:49:41,375|line:527| 官方 或 预约 OUT！
2025-06-08 16:49:41,375|line:520| https://t.bilibili.com/1075603769681510417
2025-06-08 16:49:44,728|line:527| 官方 或 预约 OUT！
2025-06-08 16:49:44,728|line:520| https://t.bilibili.com/1075335499539808260
2025-06-08 16:49:49,101|line:527| 官方 或 预约 OUT！
2025-06-08 16:49:49,101|line:520| https://t.bilibili.com/1075541932891963413
2025-06-08 16:49:49,102|line:522| 已有
2025-06-08 16:49:49,102|line:520| https://t.bilibili.com/1075188371182059527
2025-06-08 16:49:49,102|line:522| 已有
2025-06-08 16:49:49,102|line:520| https://t.bilibili.com/1074865331660390417
2025-06-08 16:49:53,455|line:527| 官方 或 预约 OUT！
2025-06-08 16:49:53,455|line:520| https://t.bilibili.com/1035593318931628032
2025-06-08 16:49:56,811|line:527| 官方 或 预约 OUT！
2025-06-08 16:49:56,811|line:520| https://t.bilibili.com/1074696105655009282
2025-06-08 16:50:00,165|line:527| 官方 或 预约 OUT！
2025-06-08 16:50:00,165|line:520| https://t.bilibili.com/1075658354387320834
2025-06-08 16:50:00,165|line:522| 已有
2025-06-08 16:50:00,165|line:553| 执行结束
2025-06-08 16:50:00,165|line:559| ==================================================2025-06-09 00:50==================================================
2025-06-08 16:50:00,165|line:233| processing article 41933135
2025-06-08 16:50:02,653|line:508| ==================================================2025-06-09 00:50==================================================
2025-06-08 16:50:02,653|line:520| https://t.bilibili.com/1072669679923757059
2025-06-08 16:50:05,018|line:527| 官方 或 预约 OUT！
2025-06-08 16:50:05,018|line:520| https://t.bilibili.com/1063712186350698497
2025-06-08 16:50:06,556|line:527| 官方 或 预约 OUT！
2025-06-08 16:50:06,556|line:520| https://t.bilibili.com/1074486622905434113
2025-06-08 16:50:08,967|line:527| 官方 或 预约 OUT！
2025-06-08 16:50:08,967|line:520| https://t.bilibili.com/1063443858280415252
2025-06-08 16:50:08,967|line:522| 已有
2025-06-08 16:50:08,967|line:520| https://t.bilibili.com/1067826210926493699
2025-06-08 16:50:12,558|line:527| 官方 或 预约 OUT！
2025-06-08 16:50:12,558|line:520| https://t.bilibili.com/1042461366772826114
2025-06-08 16:50:14,909|line:527| 官方 或 预约 OUT！
2025-06-08 16:50:14,909|line:520| https://t.bilibili.com/1073061677279215621
2025-06-08 16:50:17,261|line:527| 官方 或 预约 OUT！
2025-06-08 16:50:17,261|line:520| https://t.bilibili.com/1072376582766592017
2025-06-08 16:50:19,613|line:527| 官方 或 预约 OUT！
2025-06-08 16:50:19,613|line:520| https://t.bilibili.com/1072666669163216898
2025-06-08 16:50:23,966|line:527| 官方 或 预约 OUT！
2025-06-08 16:50:23,967|line:520| https://t.bilibili.com/1065346271089262596
2025-06-08 16:50:27,342|line:527| 官方 或 预约 OUT！
2025-06-08 16:50:27,343|line:520| https://t.bilibili.com/1072352088554471426
2025-06-08 16:50:30,696|line:527| 官方 或 预约 OUT！
2025-06-08 16:50:30,696|line:520| https://t.bilibili.com/1035593318931628032
2025-06-08 16:50:34,047|line:527| 官方 或 预约 OUT！
2025-06-08 16:50:34,048|line:520| https://t.bilibili.com/1061641075808010307
2025-06-08 16:50:36,404|line:527| 官方 或 预约 OUT！
2025-06-08 16:50:36,405|line:553| 执行结束
2025-06-08 16:50:36,405|line:559| ==================================================2025-06-09 00:50==================================================
2025-06-08 16:50:36,405|line:233| processing article 41933110
2025-06-08 16:50:38,953|line:508| ==================================================2025-06-09 00:50==================================================
2025-06-08 16:50:38,953|line:520| https://t.bilibili.com/1072669679923757059
2025-06-08 16:50:41,305|line:527| 官方 或 预约 OUT！
2025-06-08 16:50:41,305|line:520| https://t.bilibili.com/1064901153560461315
2025-06-08 16:50:44,699|line:527| 官方 或 预约 OUT！
2025-06-08 16:50:44,700|line:520| https://t.bilibili.com/1073365636463198241
2025-06-08 16:50:48,052|line:527| 官方 或 预约 OUT！
2025-06-08 16:50:48,053|line:520| https://t.bilibili.com/1063443858280415252
2025-06-08 16:50:48,053|line:522| 已有
2025-06-08 16:50:48,053|line:520| https://t.bilibili.com/1073178612066156548
2025-06-08 16:50:51,450|line:527| 官方 或 预约 OUT！
2025-06-08 16:50:51,450|line:520| https://t.bilibili.com/1075347136796688402
2025-06-08 16:50:54,808|line:527| 官方 或 预约 OUT！
2025-06-08 16:50:54,808|line:520| https://t.bilibili.com/1074090577523376132
2025-06-08 16:50:58,157|line:527| 官方 或 预约 OUT！
2025-06-08 16:50:58,157|line:520| https://t.bilibili.com/1061526434526265345
2025-06-08 16:51:00,519|line:527| 官方 或 预约 OUT！
2025-06-08 16:51:00,519|line:520| https://t.bilibili.com/1073781823082856453
2025-06-08 16:51:01,848|line:527| 官方 或 预约 OUT！
2025-06-08 16:51:01,848|line:520| https://t.bilibili.com/1073735196891676688
2025-06-08 16:51:05,175|line:527| 官方 或 预约 OUT！
2025-06-08 16:51:05,175|line:520| https://t.bilibili.com/1060849955707551753
2025-06-08 16:51:08,551|line:527| 官方 或 预约 OUT！
2025-06-08 16:51:08,551|line:520| https://t.bilibili.com/1073039730049810432
2025-06-08 16:51:11,883|line:527| 官方 或 预约 OUT！
2025-06-08 16:51:11,884|line:520| https://t.bilibili.com/1069293298784403472
2025-06-08 16:51:14,212|line:527| 官方 或 预约 OUT！
2025-06-08 16:51:14,212|line:520| https://t.bilibili.com/1071499975658045460
2025-06-08 16:51:17,541|line:527| 官方 或 预约 OUT！
2025-06-08 16:51:17,541|line:520| https://t.bilibili.com/1074833256830992385
2025-06-08 16:51:21,864|line:527| 官方 或 预约 OUT！
2025-06-08 16:51:21,864|line:520| https://t.bilibili.com/1063712186350698497
2025-06-08 16:51:26,189|line:527| 官方 或 预约 OUT！
2025-06-08 16:51:26,190|line:520| https://t.bilibili.com/1073348959080022053
2025-06-08 16:51:27,518|line:527| 官方 或 预约 OUT！
2025-06-08 16:51:27,518|line:520| https://t.bilibili.com/1073735287063969795
2025-06-08 16:51:30,849|line:527| 官方 或 预约 OUT！
2025-06-08 16:51:30,849|line:520| https://t.bilibili.com/1067826210926493699
2025-06-08 16:51:34,175|line:527| 官方 或 预约 OUT！
2025-06-08 16:51:34,175|line:520| https://t.bilibili.com/1069575770149486609
2025-06-08 16:51:36,501|line:527| 官方 或 预约 OUT！
2025-06-08 16:51:36,501|line:520| https://t.bilibili.com/1071589190737592320
2025-06-08 16:51:40,827|line:527| 官方 或 预约 OUT！
2025-06-08 16:51:40,827|line:520| https://t.bilibili.com/1075217196820463616
2025-06-08 16:51:43,162|line:527| 官方 或 预约 OUT！
2025-06-08 16:51:43,162|line:520| https://t.bilibili.com/1072376582766592017
2025-06-08 16:51:45,519|line:527| 官方 或 预约 OUT！
2025-06-08 16:51:45,519|line:520| https://t.bilibili.com/1072352088554471426
2025-06-08 16:51:48,056|line:527| 官方 或 预约 OUT！
2025-06-08 16:51:48,056|line:520| https://t.bilibili.com/1072735637749104643
2025-06-08 16:51:51,397|line:527| 官方 或 预约 OUT！
2025-06-08 16:51:51,397|line:520| https://t.bilibili.com/1073361405879517193
2025-06-08 16:51:53,720|line:527| 官方 或 预约 OUT！
2025-06-08 16:51:53,720|line:520| https://t.bilibili.com/1072067671545085952
2025-06-08 16:51:56,078|line:527| 官方 或 预约 OUT！
2025-06-08 16:51:56,078|line:520| https://t.bilibili.com/1073815959448322068
2025-06-08 16:51:59,404|line:527| 官方 或 预约 OUT！
2025-06-08 16:51:59,404|line:520| https://t.bilibili.com/1074475481739296776
2025-06-08 16:52:00,730|line:527| 官方 或 预约 OUT！
2025-06-08 16:52:00,730|line:520| https://t.bilibili.com/1071294053431115796
2025-06-08 16:52:02,058|line:527| 官方 或 预约 OUT！
2025-06-08 16:52:02,058|line:520| https://t.bilibili.com/1073734990764703816
2025-06-08 16:52:03,386|line:527| 官方 或 预约 OUT！
2025-06-08 16:52:03,386|line:520| https://t.bilibili.com/1071594834323570693
2025-06-08 16:52:05,714|line:527| 官方 或 预约 OUT！
2025-06-08 16:52:05,714|line:520| https://t.bilibili.com/1074486622905434113
2025-06-08 16:52:07,207|line:527| 官方 或 预约 OUT！
2025-06-08 16:52:07,207|line:520| https://t.bilibili.com/1072765560773672994
2025-06-08 16:52:10,536|line:527| 官方 或 预约 OUT！
2025-06-08 16:52:10,536|line:520| https://t.bilibili.com/1071137377356873746
2025-06-08 16:52:14,890|line:527| 官方 或 预约 OUT！
2025-06-08 16:52:14,890|line:520| https://t.bilibili.com/1042461366772826114
2025-06-08 16:52:19,388|line:527| 官方 或 预约 OUT！
2025-06-08 16:52:19,388|line:520| https://t.bilibili.com/1073348443688140804
2025-06-08 16:52:22,737|line:527| 官方 或 预约 OUT！
2025-06-08 16:52:22,737|line:520| https://t.bilibili.com/1072374362251722825
2025-06-08 16:52:24,087|line:527| 官方 或 预约 OUT！
2025-06-08 16:52:24,087|line:520| https://t.bilibili.com/1071972331860000869
2025-06-08 16:52:27,587|line:527| 官方 或 预约 OUT！
2025-06-08 16:52:27,588|line:520| https://t.bilibili.com/1064543292584099842
2025-06-08 16:52:32,021|line:527| 官方 或 预约 OUT！
2025-06-08 16:52:32,021|line:520| https://t.bilibili.com/1073061677279215621
2025-06-08 16:52:35,386|line:527| 官方 或 预约 OUT！
2025-06-08 16:52:35,386|line:520| https://t.bilibili.com/1073733006446821395
2025-06-08 16:52:36,742|line:527| 官方 或 预约 OUT！
2025-06-08 16:52:36,742|line:520| https://t.bilibili.com/1072666669163216898
2025-06-08 16:52:41,088|line:527| 官方 或 预约 OUT！
2025-06-08 16:52:41,088|line:520| https://t.bilibili.com/1065346271089262596
2025-06-08 16:52:45,442|line:527| 官方 或 预约 OUT！
2025-06-08 16:52:45,442|line:520| https://t.bilibili.com/1070750898981961735
2025-06-08 16:52:47,792|line:527| 官方 或 预约 OUT！
2025-06-08 16:52:47,792|line:520| https://t.bilibili.com/1075222582722035718
2025-06-08 16:52:49,140|line:527| 官方 或 预约 OUT！
2025-06-08 16:52:49,140|line:520| https://t.bilibili.com/1071230221629259783
2025-06-08 16:52:52,495|line:527| 官方 或 预约 OUT！
2025-06-08 16:52:52,495|line:520| https://t.bilibili.com/1072977989889687559
2025-06-08 16:52:53,851|line:527| 官方 或 预约 OUT！
2025-06-08 16:52:53,851|line:520| https://t.bilibili.com/1064135945005039637
2025-06-08 16:52:53,851|line:522| 已有
2025-06-08 16:52:53,851|line:520| https://t.bilibili.com/1070766296434475057
2025-06-08 16:52:56,198|line:527| 官方 或 预约 OUT！
2025-06-08 16:52:56,198|line:520| https://t.bilibili.com/1071253633507524647
2025-06-08 16:52:57,552|line:527| 官方 或 预约 OUT！
2025-06-08 16:52:57,553|line:520| https://t.bilibili.com/1072668150921691158
2025-06-08 16:53:00,932|line:527| 官方 或 预约 OUT！
2025-06-08 16:53:00,932|line:520| https://t.bilibili.com/1073742777534119944
2025-06-08 16:53:05,287|line:527| 官方 或 预约 OUT！
2025-06-08 16:53:05,287|line:520| https://t.bilibili.com/1060820599631249412
2025-06-08 16:53:08,645|line:527| 官方 或 预约 OUT！
2025-06-08 16:53:08,645|line:520| https://t.bilibili.com/1035593318931628032
2025-06-08 16:53:13,000|line:527| 官方 或 预约 OUT！
2025-06-08 16:53:13,000|line:520| https://t.bilibili.com/1073812274366382089
2025-06-08 16:53:16,352|line:527| 官方 或 预约 OUT！
2025-06-08 16:53:16,352|line:520| https://t.bilibili.com/1073333209411878920
2025-06-08 16:53:18,816|line:527| 官方 或 预约 OUT！
2025-06-08 16:53:18,816|line:520| https://t.bilibili.com/1061641075808010307
2025-06-08 16:53:23,169|line:527| 官方 或 预约 OUT！
2025-06-08 16:53:23,169|line:553| 执行结束
2025-06-08 16:53:23,169|line:559| ==================================================2025-06-09 00:53==================================================
2025-06-08 16:53:29,606|line:579| ('reply: ', '我真不是谷恒条野', '不是，这……')
2025-06-08 16:53:29,607|line:579| ('reply: ', '好像都是一个人', '你在说什么')
2025-06-08 16:53:29,607|line:579| ('reply: ', '目标咨询', '太宠粉了啊')
2025-06-08 16:53:29,607|line:579| ('reply: ', '数玩工场', '祝你成功')
2025-06-08 16:53:29,607|line:579| ('reply: ', '益家有小佰', '恭喜宝子，获得小电视月度会员1份和克刻冰冰猴喉糖随机口味1份～记得私信小佰提供信息哦~')
2025-06-08 16:53:29,607|line:579| ('reply: ', '圆环之理-Madoka', '是的')
2025-06-08 16:53:29,607|line:579| ('reply: ', '兰的三姨', '这就是银河巨星的实力！')
2025-06-08 16:53:29,607|line:579| ('reply: ', '花园百合铃音', '有男不玩，我只吃麻辣火锅，xxn滚[吃瓜]')
2025-06-08 16:53:29,607|line:579| ('reply: ', '是绝赞的阿鬼', '[tv_难过]')
2025-06-08 16:53:29,607|line:579| ('reply: ', '桃稚不幼稚', '还行')
2025-06-08 16:53:29,608|line:579| ('reply: ', '陌罔子吖', '佬，这个报名有啥条件不。最近太非了，想下次报来抽[脱单doge][脱单doge][脱单doge]')
2025-06-08 16:53:29,608|line:579| ('reply: ', '太二酸菜鱼', '恭喜成为本期欧皇[打call]获得【肥龙联名显眼包】1份，在收到本信息的两天内回复哥的私信哦~逾期哥就自己收啦！[脱单doge]')
2025-06-08 16:53:29,608|line:579| ('reply: ', '得一想二的松鼠', '中奖分我一半')
2025-06-08 16:53:29,608|line:579| ('reply: ', '佑凉Uriyoo', '谢谢！！！[UP_24967030_感恩]')
2025-06-08 16:53:29,608|line:579| ('reply: ', '岛莓祁', '好耶')
2025-06-08 16:53:29,608|line:579| ('reply: ', '苏酥_SUSU_', 'https://b23.tv/3HJcDkm')
2025-06-08 16:53:29,608|line:579| ('reply: ', '心想事成イ', 'I[UP_410636303_比心鸟][UP_410636303_比心鸟][UP_410636303_比心鸟]')
2025-06-08 16:53:29,608|line:579| ('reply: ', 'FWF第五人格娱乐赛', '加油[doge]')
2025-06-08 16:53:29,608|line:579| ('reply: ', '神奇猫咪_有钱哒', '好耶')
2025-06-08 16:53:29,609|line:579| ('reply: ', '星夜染some', '好耶')
2025-06-08 16:53:32,916|line:588| ('at: ', '流量卡信息差揭秘', '1 @浪子游2fans6@被_____打下来的飞机@拉斯特臣后面一个点@专心致志的学生@猫猫头OmMeow@小小Shaun@龐門左道@啦啦痴痴腻@bili_66938050009@日月星辰668')
2025-06-08 16:53:32,916|line:588| ('at: ', 'iKF蓝牙耳机', '恭喜@小小Shaun 宝子成为苏泊尔福利动态幸运儿！\n注意：即日起72小时内回复信息确认领奖哦！逾期将自动视为放弃中奖资格。\n没有中奖的宝子们不要气馁，参与一下下置顶视频iKF Mars，增加欧气值，说不定下个幸运儿就是你！\n链接：\nhttps://www.bilibili.com/video/BV1Soo6YLEHZ/?spm_id_from=333.1387.list.card_archive.click&vd_source=21fb0967ccc75e6b3b2447ade2c740dd\n还没参与抽奖的宝子们，赶紧点击上方链接参与吧！还有特别福利惊喜等你哦~')
2025-06-08 16:53:32,917|line:588| ('at: ', 'wellymerck威利默克', '恭喜@小小Shaun\xa0 获得《我是你的小狗3 永远等你回家》1本，请于5天内联系威宝，凭关注+互动截图领取奖品，逾期作废~')
2025-06-08 16:53:32,917|line:588| ('at: ', '宁美NINGMEI', '恭喜@小小Shaun   中奖，请在12月1日24点前私信我：1. 奖品+中奖信息a. 实物奖：姓名电话地址，给文字！省市区路清晰，提交不清晰不发奖，信息错误致无法签收，概不负责；\n\nb. 现金红包给到支付宝实名+账号；\n\nc. 京东卡/猫超卡 等购物卡给到姓名+电话；2. 宁美和品牌方关注截图+转发截图！\n\n必须关注品牌方，否则奖品不予发放；如遇无法私信图片的情况，等待我回复后即可发送图片。PS： \n\n因后台收信有时会出问题，以回复“已登记”为准，没有回复即表示私信未收到。\n\n过期视为自动放弃，不会补发；奖品30个工作日内发送，勿催哦~\n\n不发全，不回复。其他小伙伴请继续努力！')
2025-06-08 16:53:32,917|line:588| ('at: ', '爱玛电动车官方账号', '#一“玛”当先榜# 快来看看10月都是谁和爱玛酱互动最多呀~ 💕恭喜@小小Shaun 和@甘瑞凯拉莎 排行第一！这两位小玛达将会获得【爱玛随机周边×1】，请5天内私信爱玛酱领奖哟~[鼓掌] 以后也请继续单推我无敌可爱美少女爱玛酱呀嘿嘿！(●´З｀●)')
2025-06-08 16:53:32,917|line:588| ('at: ', '爱玛电动车官方账号', '')
2025-06-08 16:53:32,917|line:588| ('at: ', '海露滴眼液', '互动榜出炉啦')
2025-06-08 16:53:32,917|line:588| ('at: ', '和蔼可亲桃白白', '\u200b//@九号公司:\u200b恭喜@小小Shaun 中奖！后续记得查收私信哟～\u200b//@九号公司:#互动抽奖# 谢谢粒粒的复工礼！小九也来加个码~关注【@微粒贷+@九号公司 】并转发该动态，抽一位小可爱获得【100元京东卡】~ #供电局福利社# 10月31日抽出！')
2025-06-08 16:53:32,917|line:588| ('at: ', '望大家身体健康快乐', '\u200b//@九号公司:\u200b恭喜@小小Shaun 中奖！后续记得查收私信哟～\u200b//@九号公司 :#互动抽奖# 谢谢粒粒的复工礼！小九也来加个码~关注【@微粒贷+@九号公司 】并转发该动态，抽一位小可爱获得【100元京东卡】~ #供电局福利社# 10月31日抽出！')
2025-06-08 16:53:32,917|line:588| ('at: ', 'MoMA_Reona', '//@九号公司:\u200b恭喜@小小Shaun 中奖！后续记得查收私信哟～\u200b//@九号公司:#互动抽奖# 谢谢粒粒的复工礼！小九也来加个码~关注【@微粒贷+@九号公司 】并转发该动态，抽一位小可爱获得【100元京东卡】~ #供电局福利社# 10月31日抽出！')
2025-06-08 16:53:32,917|line:588| ('at: ', '摸鱼二队', '\u200b//@九号公司:\u200b恭喜@小小Shaun 中奖！后续记得查收私信哟～\u200b//@九号公司 :#互动抽奖# 谢谢粒粒的复工礼！小九也来加个码~关注【@微粒贷+@九号公司 】并转发该动态，抽一位小可爱获得【100元京东卡】~ #供电局福利社# 10月31日抽出！')
2025-06-08 16:53:32,918|line:588| ('at: ', '文少嘅一些事一些情', '\u200b//@九号公司:\u200b恭喜@小小Shaun 中奖！后续记得查收私信哟～\u200b//@九号公司 :#互动抽奖# 谢谢粒粒的复工礼！小九也来加个码~关注【@微粒贷+@九号公司 】并转发该动态，抽一位小可爱获得【100元京东卡】~ #供电局福利社# 10月31日抽出！')
2025-06-08 16:53:32,918|line:588| ('at: ', 'Carry队友的嘟嘟酱丶', '\u200b//@九号公司:\u200b恭喜@小小Shaun 中奖！后续记得查收私信哟～\u200b//@九号公司 :#互动抽奖# 谢谢粒粒的复工礼！小九也来加个码~关注【@微粒贷+@九号公司 】并转发该动态，抽一位小可爱获得【100元京东卡】~ #供电局福利社# 10月31日抽出！')
2025-06-08 16:53:32,918|line:588| ('at: ', '蛤蟆zero', '//@九号公司:\u200b恭喜@小小Shaun 中奖！后续记得查收私信哟～\u200b//@九号公司:#互动抽奖# 谢谢粒粒的复工礼！小九也来加个码~关注【@微粒贷+@九号公司 】并转发该动态，抽一位小可爱获得【100元京东卡】~ #供电局福利社# 10月31日抽出！c冲冲冲')
2025-06-08 16:53:32,918|line:588| ('at: ', '木而各子要吃笃栗子', '\u200b//@九号公司:\u200b恭喜@小小Shaun 中奖！后续记得查收私信哟～\u200b//@九号公司 :#互动抽奖# 谢谢粒粒的复工礼！小九也来加个码~关注【@微粒贷+@九号公司 】并转发该动态，抽一位小可爱获得【100元京东卡】~ #供电局福利社# 10月31日抽出！')
2025-06-08 16:53:32,918|line:588| ('at: ', '裙下愚臣情默默', '\u200b//@九号公司:\u200b恭喜@小小Shaun 中奖！后续记得查收私信哟～\u200b//@九号公司 :#互动抽奖# 谢谢粒粒的复工礼！小九也来加个码~关注【@微粒贷+@九号公司 】并转发该动态，抽一位小可爱获得【100元京东卡】~ #供电局福利社# 10月31日抽出！')
2025-06-08 16:53:32,918|line:588| ('at: ', '戊子毕宿', '')
2025-06-08 16:53:32,918|line:588| ('at: ', '九号电动', '\u200b恭喜@小小Shaun 中奖！后续记得查收私信哟～\u200b//@九号公司:#互动抽奖# 谢谢粒粒的复工礼！小九也来加个码~关注【@微粒贷+@九号公司 】并转发该动态，抽一位小可爱获得【100元京东卡】~ #供电局福利社# 10月31日抽出！')
2025-06-08 16:53:32,918|line:588| ('at: ', '优雅小宝', '')
2025-06-08 16:53:32,918|line:588| ('at: ', '我永远只爱一色彩羽', '//@九号公司:恭喜@小小Shaun 中奖！后续记得查收私信哟～\u200b//@九号公司:今晚8点，京东11.11现货开卖，抢先优惠不用等，全场直降，更有60元额外补贴助你大薅特薅！京东双十一，带你体验“飞”一般的购物速度！关注@京东戏精周报 x@九号公司 ，转发+评论本条动态，10月21日小编会抽取1名幸运粉丝送上【50元京东E卡】#京东11.11又便宜又好# #京东11.11现货开卖#')
