2025-09-21 16:30:25,102|line:233| processing article 43116322
2025-09-21 16:30:28,925|line:508| ==================================================2025-09-22 00:30==================================================
2025-09-21 16:30:28,925|line:520| https://t.bilibili.com/1114229623869145097
2025-09-21 16:30:33,457|line:342| =========此为源动态=========
2025-09-21 16:30:37,931|line:363| *********子动态开始*********
2025-09-21 16:30:37,932|line:382| *********子动态结束*********
2025-09-21 16:30:37,932|line:538| -=-=-=-=处理回最初的动态-=-=-=-=
2025-09-21 16:30:46,270|line:476| 转发成功 1115118877552934915
2025-09-21 16:30:49,708|line:495| 评论发送成功
2025-09-21 16:30:56,870|line:425| 323060342 === 已经关注了
2025-09-21 16:31:00,285|line:504| 动态-点赞 0
2025-09-21 16:31:01,285|line:520| https://t.bilibili.com/1111638665549840408
2025-09-21 16:31:01,285|line:522| 已有
2025-09-21 16:31:01,286|line:520| https://t.bilibili.com/1114554248226406441
2025-09-21 16:31:03,659|line:527| 官方 或 预约 OUT！
2025-09-21 16:31:03,659|line:520| https://t.bilibili.com/1113158371019587585
2025-09-21 16:31:08,049|line:342| =========此为源动态=========
2025-09-21 16:31:12,807|line:363| *********子动态开始*********
2025-09-21 16:31:12,808|line:382| *********子动态结束*********
2025-09-21 16:31:12,808|line:538| -=-=-=-=处理回最初的动态-=-=-=-=
2025-09-21 16:31:23,640|line:476| 转发成功 1115119036447850504
2025-09-21 16:31:27,102|line:495| 评论发送成功
2025-09-21 16:31:28,631|line:425| 519781260 === 已经关注了
2025-09-21 16:31:32,007|line:504| 动态-点赞 0
2025-09-21 16:31:33,008|line:520| https://t.bilibili.com/1113075478142386182
2025-09-21 16:31:33,008|line:522| 已有
2025-09-21 16:31:33,008|line:520| https://t.bilibili.com/1112774598506577924
2025-09-21 16:31:36,359|line:342| =========此为源动态=========
2025-09-21 16:31:38,711|line:363| *********子动态开始*********
2025-09-21 16:31:38,711|line:382| *********子动态结束*********
2025-09-21 16:31:38,711|line:538| -=-=-=-=处理回最初的动态-=-=-=-=
2025-09-21 16:31:47,958|line:476| 转发成功 1115119139516579842
2025-09-21 16:31:51,348|line:495| 评论发送成功
2025-09-21 16:31:54,764|line:425| 3546740875594396 === 已经关注了
2025-09-21 16:31:58,186|line:504| 动态-点赞 0
2025-09-21 16:31:59,186|line:520| https://t.bilibili.com/1110436070382632962
2025-09-21 16:32:00,549|line:337| =========此为子动态=========
2025-09-21 16:32:01,962|line:388| *************原动态处理开始***************
2025-09-21 16:32:08,921|line:476| 转发成功 1115119229694115872
2025-09-21 16:32:12,409|line:495| 评论发送成功
2025-09-21 16:32:15,891|line:425| 488757623 === 已经关注了
2025-09-21 16:32:19,410|line:504| 动态-点赞 0
2025-09-21 16:32:19,410|line:397| *************原动态处理完成***************
2025-09-21 16:32:23,990|line:363| *********子动态开始*********
2025-09-21 16:32:33,484|line:476| 转发成功 1115119337128067079
2025-09-21 16:32:36,912|line:495| 评论发送成功
2025-09-21 16:32:45,612|line:425| 615879202 === 已经关注了
2025-09-21 16:32:45,613|line:377| ----完成一个子动态----
2025-09-21 16:32:55,056|line:476| 转发成功 1115119427275194400
2025-09-21 16:32:58,514|line:495| 评论发送成功
2025-09-21 16:33:05,480|line:425| 476645168 === 已经关注了
2025-09-21 16:33:05,481|line:377| ----完成一个子动态----
2025-09-21 16:33:11,911|line:476| 转发成功 1115119500324241424
2025-09-21 16:33:15,470|line:495| 评论发送成功
2025-09-21 16:33:24,244|line:425| 2091407755 === 已经关注了
2025-09-21 16:33:24,244|line:377| ----完成一个子动态----
2025-09-21 16:33:33,725|line:476| 转发成功 1115119594807230471
2025-09-21 16:33:37,225|line:495| 评论发送成功
2025-09-21 16:33:41,973|line:425| 1338030495 === 已经关注了
2025-09-21 16:33:41,973|line:377| ----完成一个子动态----
2025-09-21 16:33:52,831|line:476| 转发成功 1115119676411609112
2025-09-21 16:33:56,280|line:495| 评论发送成功
2025-09-21 16:34:02,106|line:425| 1930420310 === 已经关注了
2025-09-21 16:34:02,107|line:377| ----完成一个子动态----
2025-09-21 16:34:10,471|line:476| 转发成功 1115119753719971841
2025-09-21 16:34:13,967|line:495| 评论发送成功
2025-09-21 16:34:20,702|line:425| 493230543 === 已经关注了
2025-09-21 16:34:20,703|line:377| ----完成一个子动态----
2025-09-21 16:34:29,351|line:476| 转发成功 1115119835315961864
2025-09-21 16:34:32,765|line:495| 评论发送成功
2025-09-21 16:34:38,517|line:425| 1681276938 === 已经关注了
2025-09-21 16:34:38,517|line:377| ----完成一个子动态----
2025-09-21 16:34:47,261|line:476| 转发成功 1115119912593915926
2025-09-21 16:34:50,704|line:495| 评论发送成功
2025-09-21 16:34:56,735|line:425| 3461565898558001 === 已经关注了
2025-09-21 16:34:56,735|line:377| ----完成一个子动态----
2025-09-21 16:35:07,419|line:476| 转发成功 1115119998557224980
2025-09-21 16:35:10,865|line:495| 评论发送成功
2025-09-21 16:35:13,681|line:425| 699204462 === 已经关注了
2025-09-21 16:35:13,681|line:377| ----完成一个子动态----
2025-09-21 16:35:26,176|line:476| 转发成功 1115120080152166409
2025-09-21 16:35:29,648|line:495| 评论发送成功
2025-09-21 16:35:37,405|line:425| 627553716 === 已经关注了
2025-09-21 16:35:37,405|line:377| ----完成一个子动态----
2025-09-21 16:35:48,127|line:476| 转发成功 1115120170338091045
2025-09-21 16:35:51,610|line:495| 评论发送成功
2025-09-21 16:35:57,343|line:425| 618447026 === 已经关注了
2025-09-21 16:35:57,344|line:377| ----完成一个子动态----
2025-09-21 16:36:03,796|line:476| 转发成功 1115120239073296385
2025-09-21 16:36:07,274|line:495| 评论发送成功
2025-09-21 16:36:14,023|line:425| 352104082 === 已经关注了
2025-09-21 16:36:14,023|line:377| ----完成一个子动态----
2025-09-21 16:36:22,461|line:476| 转发成功 1115120320657752066
2025-09-21 16:36:25,878|line:495| 评论发送成功
2025-09-21 16:36:33,615|line:425| 3546701923093477 === 已经关注了
2025-09-21 16:36:33,615|line:377| ----完成一个子动态----
2025-09-21 16:36:44,097|line:476| 转发成功 1115120410869891128
2025-09-21 16:36:47,577|line:495| 评论发送成功
2025-09-21 16:36:52,392|line:425| 505670427 === 已经关注了
2025-09-21 16:36:52,392|line:377| ----完成一个子动态----
2025-09-21 16:36:59,837|line:476| 转发成功 1115120479529598980
2025-09-21 16:37:03,304|line:495| 评论发送成功
2025-09-21 16:37:07,046|line:425| 1864084681 === 已经关注了
2025-09-21 16:37:07,046|line:377| ----完成一个子动态----
2025-09-21 16:37:18,504|line:476| 转发成功 1115120561181163558
2025-09-21 16:37:21,967|line:495| 评论发送成功
2025-09-21 16:37:29,748|line:425| 346469145 === 已经关注了
2025-09-21 16:37:29,748|line:377| ----完成一个子动态----
2025-09-21 16:37:43,104|line:476| 转发成功 1115120664269815845
2025-09-21 16:37:46,512|line:495| 评论发送成功
2025-09-21 16:37:53,454|line:425| 2089637378 === 已经关注了
2025-09-21 16:37:53,455|line:377| ----完成一个子动态----
2025-09-21 16:38:01,060|line:476| 转发成功 1115120741525749781
2025-09-21 16:38:04,521|line:495| 评论发送成功
2025-09-21 16:38:08,241|line:425| 2063667208 === 已经关注了
2025-09-21 16:38:08,241|line:377| ----完成一个子动态----
2025-09-21 16:38:15,738|line:476| 转发成功 1115120806007930936
2025-09-21 16:38:19,167|line:495| 评论发送成功
2025-09-21 16:38:23,979|line:425| 63414376 === 已经关注了
2025-09-21 16:38:23,979|line:377| ----完成一个子动态----
2025-09-21 16:38:36,334|line:476| 转发成功 1115120896151912456
2025-09-21 16:38:39,753|line:495| 评论发送成功
2025-09-21 16:38:44,586|line:425| 479444311 === 已经关注了
2025-09-21 16:38:44,586|line:377| ----完成一个子动态----
2025-09-21 16:38:58,142|line:476| 转发成功 1115120986391314450
2025-09-21 16:39:01,548|line:495| 评论发送成功
2025-09-21 16:39:06,347|line:425| 187878266 === 已经关注了
2025-09-21 16:39:06,347|line:377| ----完成一个子动态----
2025-09-21 16:39:06,347|line:382| *********子动态结束*********
2025-09-21 16:39:07,348|line:520| https://t.bilibili.com/1114523399661551616
2025-09-21 16:39:08,825|line:342| =========此为源动态=========
2025-09-21 16:39:13,396|line:363| *********子动态开始*********
2025-09-21 16:39:13,396|line:382| *********子动态结束*********
2025-09-21 16:39:13,397|line:538| -=-=-=-=处理回最初的动态-=-=-=-=
2025-09-21 16:39:23,922|line:476| 转发成功 1115121098029006851
2025-09-21 16:39:27,414|line:495| 评论发送成功
2025-09-21 16:39:28,820|line:425| 1536750746 === 已经关注了
2025-09-21 16:39:32,229|line:504| 动态-点赞 0
2025-09-21 16:39:34,229|line:520| https://t.bilibili.com/1111241462685630497
2025-09-21 16:39:34,230|line:522| 已有
2025-09-21 16:39:34,230|line:520| https://t.bilibili.com/1112652668685254665
2025-09-21 16:39:37,593|line:342| =========此为源动态=========
2025-09-21 16:39:42,358|line:363| *********子动态开始*********
2025-09-21 16:39:42,358|line:382| *********子动态结束*********
2025-09-21 16:39:42,359|line:538| -=-=-=-=处理回最初的动态-=-=-=-=
2025-09-21 16:39:49,683|line:476| 转发成功 1115121209690816520
2025-09-21 16:39:53,198|line:495| 评论发送成功
2025-09-21 16:39:56,587|line:425| 3546870206958303 === 已经关注了
2025-09-21 16:39:59,941|line:504| 动态-点赞 0
2025-09-21 16:40:01,941|line:520| https://t.bilibili.com/1114219315988529161
2025-09-21 16:40:05,267|line:342| =========此为源动态=========
2025-09-21 16:40:08,637|line:363| *********子动态开始*********
2025-09-21 16:40:08,637|line:382| *********子动态结束*********
2025-09-21 16:40:08,638|line:538| -=-=-=-=处理回最初的动态-=-=-=-=
2025-09-21 16:40:17,886|line:476| 转发成功 1115121329997086758
2025-09-21 16:40:21,327|line:495| 评论发送成功
2025-09-21 16:40:24,761|line:425| 287886755 === 已经关注了
2025-09-21 16:40:28,163|line:504| 动态-点赞 0
2025-09-21 16:40:29,164|line:520| https://t.bilibili.com/1113441280488112131
2025-09-21 16:40:31,499|line:527| 官方 或 预约 OUT！
2025-09-21 16:40:31,499|line:520| https://t.bilibili.com/1114673588232781859
2025-09-21 16:40:32,858|line:342| =========此为源动态=========
2025-09-21 16:40:35,261|line:363| *********子动态开始*********
2025-09-21 16:40:35,262|line:382| *********子动态结束*********
2025-09-21 16:40:35,262|line:538| -=-=-=-=处理回最初的动态-=-=-=-=
2025-09-21 16:40:41,659|line:476| 转发成功 1115121433031213056
2025-09-21 16:40:45,165|line:495| 评论发送成功
2025-09-21 16:40:48,721|line:425| 238623328 === 已经关注了
2025-09-21 16:40:52,094|line:504| 动态-点赞 0
2025-09-21 16:40:54,094|line:520| https://t.bilibili.com/1114276346665631746
2025-09-21 16:40:58,473|line:527| 官方 或 预约 OUT！
2025-09-21 16:40:58,473|line:520| https://t.bilibili.com/1114276009557884947
2025-09-21 16:41:01,843|line:342| =========此为源动态=========
2025-09-21 16:41:04,386|line:363| *********子动态开始*********
2025-09-21 16:41:04,387|line:382| *********子动态结束*********
2025-09-21 16:41:04,387|line:538| -=-=-=-=处理回最初的动态-=-=-=-=
2025-09-21 16:41:13,631|line:476| 转发成功 1115121570470166531
2025-09-21 16:41:17,083|line:495| 评论发送成功
2025-09-21 16:41:18,485|line:425| 17236262 === 已经关注了
2025-09-21 16:41:21,820|line:504| 动态-点赞 0
2025-09-21 16:41:23,820|line:520| https://t.bilibili.com/1107642864163094533
2025-09-21 16:41:23,821|line:522| 已有
2025-09-21 16:41:23,821|line:520| https://t.bilibili.com/1111647611966717956
2025-09-21 16:41:23,821|line:522| 已有
2025-09-21 16:41:23,821|line:520| https://t.bilibili.com/1114274727513292832
2025-09-21 16:41:28,141|line:342| =========此为源动态=========
2025-09-21 16:41:30,564|line:363| *********子动态开始*********
2025-09-21 16:41:30,565|line:382| *********子动态结束*********
2025-09-21 16:41:30,565|line:538| -=-=-=-=处理回最初的动态-=-=-=-=
2025-09-21 16:41:39,842|line:476| 转发成功 1115121682171822117
2025-09-21 16:41:43,220|line:495| 评论发送成功
2025-09-21 16:41:45,847|line:425| 3546740875594396 === 已经关注了
2025-09-21 16:41:49,399|line:504| 动态-点赞 0
2025-09-21 16:41:52,399|line:520| https://t.bilibili.com/1111641590406840337
2025-09-21 16:41:52,400|line:522| 已有
2025-09-21 16:41:52,400|line:520| https://t.bilibili.com/1111644364971442177
2025-09-21 16:41:52,400|line:522| 已有
2025-09-21 16:41:52,400|line:520| https://t.bilibili.com/1113069997774602304
2025-09-21 16:41:56,761|line:527| 官方 或 预约 OUT！
2025-09-21 16:41:56,761|line:520| https://t.bilibili.com/1114214288717774902
2025-09-21 16:41:58,067|line:527| 官方 或 预约 OUT！
2025-09-21 16:41:58,068|line:520| https://t.bilibili.com/1114269431816519698
2025-09-21 16:42:00,610|line:527| 官方 或 预约 OUT！
2025-09-21 16:42:00,611|line:520| https://t.bilibili.com/1114550077868736518
2025-09-21 16:42:02,998|line:527| 官方 或 预约 OUT！
2025-09-21 16:42:02,999|line:520| https://t.bilibili.com/1113100865658421250
2025-09-21 16:42:02,999|line:522| 已有
2025-09-21 16:42:02,999|line:520| https://t.bilibili.com/635932563238551585
2025-09-21 16:42:02,999|line:522| 已有
2025-09-21 16:42:02,999|line:520| https://t.bilibili.com/1114183356384280632
2025-09-21 16:42:06,328|line:527| 官方 或 预约 OUT！
2025-09-21 16:42:06,328|line:520| https://t.bilibili.com/1113197300605255686
2025-09-21 16:42:10,630|line:527| 官方 或 预约 OUT！
2025-09-21 16:42:10,630|line:520| https://t.bilibili.com/1114210354509905924
2025-09-21 16:42:12,963|line:342| =========此为源动态=========
2025-09-21 16:42:16,404|line:363| *********子动态开始*********
2025-09-21 16:42:16,405|line:382| *********子动态结束*********
2025-09-21 16:42:16,405|line:538| -=-=-=-=处理回最初的动态-=-=-=-=
2025-09-21 16:42:26,756|line:476| 转发成功 1115121884000682008
2025-09-21 16:42:30,174|line:495| 评论发送成功
2025-09-21 16:42:32,586|line:425| 3546740875594396 === 已经关注了
2025-09-21 16:42:36,014|line:504| 动态-点赞 0
2025-09-21 16:42:37,015|line:520| https://t.bilibili.com/1113471991673782293
2025-09-21 16:42:37,015|line:522| 已有
2025-09-21 16:42:37,016|line:520| https://t.bilibili.com/1094999567089270788
2025-09-21 16:42:38,383|line:527| 官方 或 预约 OUT！
2025-09-21 16:42:38,383|line:520| https://t.bilibili.com/1110843533924761671
2025-09-21 16:42:38,383|line:522| 已有
2025-09-21 16:42:38,383|line:520| https://t.bilibili.com/1114600709077073937
2025-09-21 16:42:42,705|line:342| =========此为源动态=========
2025-09-21 16:42:44,105|line:363| *********子动态开始*********
2025-09-21 16:42:44,106|line:382| *********子动态结束*********
2025-09-21 16:42:44,106|line:538| -=-=-=-=处理回最初的动态-=-=-=-=
2025-09-21 16:42:52,436|line:476| 转发成功 1115121995709677572
2025-09-21 16:42:55,857|line:495| 评论发送成功
2025-09-21 16:42:57,296|line:425| 1276013191 === 已经关注了
2025-09-21 16:43:00,681|line:504| 动态-点赞 0
2025-09-21 16:43:03,682|line:520| https://t.bilibili.com/1110814710453764104
2025-09-21 16:43:07,203|line:337| =========此为子动态=========
2025-09-21 16:43:08,641|line:401| *************原动态已存在***************
2025-09-21 16:43:12,226|line:363| *********子动态开始*********
2025-09-21 16:43:21,490|line:476| 转发成功 1115122120251146256
2025-09-21 16:43:24,947|line:495| 评论发送成功
2025-09-21 16:43:29,806|line:425| 476645168 === 已经关注了
2025-09-21 16:43:29,807|line:377| ----完成一个子动态----
2025-09-21 16:43:43,883|line:476| 转发成功 1115122214747766822
2025-09-21 16:43:47,403|line:495| 评论发送成功
2025-09-21 16:43:50,136|line:425| 63414376 === 已经关注了
2025-09-21 16:43:50,136|line:377| ----完成一个子动态----
2025-09-21 16:44:32,654|line:382| *********子动态结束*********
2025-09-21 16:44:32,654|line:538| -=-=-=-=处理回最初的动态-=-=-=-=
2025-09-21 16:44:45,152|line:476| 转发成功 1115122481044127747
2025-09-21 16:44:48,547|line:495| 评论发送成功
2025-09-21 16:44:50,985|line:425| 631208134 === 已经关注了
2025-09-21 16:44:54,319|line:504| 动态-点赞 0
2025-09-21 16:44:58,320|line:520| https://t.bilibili.com/1115009162618601472
2025-09-21 16:44:59,739|line:342| =========此为源动态=========
2025-09-21 16:45:01,461|line:363| *********子动态开始*********
2025-09-21 16:45:01,462|line:382| *********子动态结束*********
2025-09-21 16:45:01,462|line:538| -=-=-=-=处理回最初的动态-=-=-=-=
2025-09-21 16:45:09,766|line:476| 转发成功 1115122584110759975
2025-09-21 16:45:13,140|line:495| 评论发送成功
2025-09-21 16:45:15,535|line:425| 3546740875594396 === 已经关注了
2025-09-21 16:45:18,935|line:504| 动态-点赞 0
2025-09-21 16:45:22,936|line:520| https://t.bilibili.com/1113533839216476161
2025-09-21 16:45:27,294|line:342| =========此为源动态=========
2025-09-21 16:45:30,820|line:363| *********子动态开始*********
2025-09-21 16:45:30,821|line:382| *********子动态结束*********
2025-09-21 16:45:30,821|line:538| -=-=-=-=处理回最初的动态-=-=-=-=
2025-09-21 16:45:37,126|line:476| 转发成功 1115122700052856834
2025-09-21 16:45:40,607|line:495| 评论发送成功
2025-09-21 16:45:43,020|line:425| 1094015124 === 已经关注了
2025-09-21 16:45:46,361|line:504| 动态-点赞 0
2025-09-21 16:45:48,361|line:520| https://t.bilibili.com/1111650077264314371
2025-09-21 16:45:48,362|line:522| 已有
2025-09-21 16:45:48,362|line:520| https://t.bilibili.com/1111647929800589321
2025-09-21 16:45:48,362|line:522| 已有
2025-09-21 16:45:48,362|line:520| https://t.bilibili.com/1114215779087155202
2025-09-21 16:45:50,990|line:337| =========此为子动态=========
2025-09-21 16:45:52,447|line:401| *************原动态已存在***************
2025-09-21 16:45:53,979|line:363| *********子动态开始*********
2025-09-21 16:46:06,298|line:476| 转发成功 1115122828908167185
2025-09-21 16:46:09,884|line:495| 评论发送成功
2025-09-21 16:46:15,671|line:425| 346469145 === 已经关注了
2025-09-21 16:46:15,671|line:377| ----完成一个子动态----
2025-09-21 16:46:15,672|line:382| *********子动态结束*********
2025-09-21 16:46:17,673|line:520| https://t.bilibili.com/1110454328321114114
2025-09-21 16:46:17,673|line:522| 已有
2025-09-21 16:46:17,673|line:520| https://t.bilibili.com/1110810415458156548
2025-09-21 16:46:17,673|line:522| 已有
2025-09-21 16:46:17,673|line:520| https://t.bilibili.com/1114628314987757570
2025-09-21 16:46:19,978|line:342| =========此为源动态=========
2025-09-21 16:46:24,491|line:363| *********子动态开始*********
2025-09-21 16:46:24,491|line:382| *********子动态结束*********
2025-09-21 16:46:24,492|line:538| -=-=-=-=处理回最初的动态-=-=-=-=
2025-09-21 16:46:33,835|line:476| 转发成功 1115122944868089859
2025-09-21 16:46:37,237|line:495| 评论发送成功
2025-09-21 16:46:38,669|line:425| 357515451 === 已经关注了
2025-09-21 16:46:42,003|line:504| 动态-点赞 0
2025-09-21 16:46:45,004|line:520| https://t.bilibili.com/1114249803762499588
2025-09-21 16:46:49,580|line:337| =========此为子动态=========
2025-09-21 16:46:51,049|line:388| *************原动态处理开始***************
2025-09-21 16:46:58,955|line:476| 转发成功 1115123052240175141
2025-09-21 16:47:02,390|line:495| 评论发送成功
2025-09-21 16:47:04,826|line:425| 3493094662081152 === 已经关注了
2025-09-21 16:47:08,173|line:504| 动态-点赞 0
2025-09-21 16:47:08,174|line:397| *************原动态处理完成***************
2025-09-21 16:47:11,610|line:363| *********子动态开始*********
2025-09-21 16:47:22,018|line:476| 转发成功 1115123151043297297
2025-09-21 16:47:25,436|line:495| 评论发送成功
2025-09-21 16:47:31,409|line:425| 125086406 === 已经关注了
2025-09-21 16:47:31,410|line:377| ----完成一个子动态----
2025-09-21 16:47:31,410|line:382| *********子动态结束*********
2025-09-21 16:47:34,411|line:520| https://t.bilibili.com/1114237354860609536
2025-09-21 16:47:37,752|line:342| =========此为源动态=========
2025-09-21 16:47:40,106|line:363| *********子动态开始*********
2025-09-21 16:47:40,107|line:382| *********子动态结束*********
2025-09-21 16:47:40,107|line:538| -=-=-=-=处理回最初的动态-=-=-=-=
2025-09-21 16:47:50,717|line:476| 转发成功 1115123275582668804
2025-09-21 16:47:54,127|line:495| 评论发送成功
2025-09-21 16:47:55,610|line:425| 631208134 === 已经关注了
2025-09-21 16:47:58,955|line:504| 动态-点赞 0
2025-09-21 16:47:59,956|line:520| https://t.bilibili.com/1114615571804061697
2025-09-21 16:48:02,337|line:342| =========此为源动态=========
2025-09-21 16:48:04,753|line:363| *********子动态开始*********
2025-09-21 16:48:04,754|line:382| *********子动态结束*********
2025-09-21 16:48:04,754|line:538| -=-=-=-=处理回最初的动态-=-=-=-=
2025-09-21 16:48:16,030|line:476| 转发成功 1115123382940074007
2025-09-21 16:48:19,426|line:495| 评论发送成功
2025-09-21 16:48:21,814|line:425| 238623328 === 已经关注了
2025-09-21 16:48:25,232|line:504| 动态-点赞 0
2025-09-21 16:48:29,232|line:520| https://t.bilibili.com/1114531158528360448
2025-09-21 16:48:33,628|line:342| =========此为源动态=========
2025-09-21 16:48:37,011|line:363| *********子动态开始*********
2025-09-21 16:48:37,011|line:382| *********子动态结束*********
2025-09-21 16:48:37,012|line:538| -=-=-=-=处理回最初的动态-=-=-=-=
2025-09-21 16:48:47,320|line:476| 转发成功 1115123520416776192
2025-09-21 16:48:50,815|line:495| 评论发送成功
2025-09-21 16:48:52,214|line:425| 3493259242375305 === 已经关注了
2025-09-21 16:48:55,564|line:504| 动态-点赞 0
2025-09-21 16:48:59,564|line:520| https://t.bilibili.com/1114681937638719495
2025-09-21 16:49:00,913|line:527| 官方 或 预约 OUT！
2025-09-21 16:49:00,914|line:520| https://t.bilibili.com/1114183274741104729
2025-09-21 16:49:04,273|line:527| 官方 或 预约 OUT！
2025-09-21 16:49:04,274|line:520| https://t.bilibili.com/1114953654441345026
2025-09-21 16:49:06,807|line:527| 官方 或 预约 OUT！
2025-09-21 16:49:06,807|line:520| https://t.bilibili.com/1107236242440847396
2025-09-21 16:49:10,171|line:527| 官方 或 预约 OUT！
2025-09-21 16:49:10,171|line:520| https://t.bilibili.com/1114198700125585433
2025-09-21 16:49:13,472|line:342| =========此为源动态=========
2025-09-21 16:49:14,818|line:363| *********子动态开始*********
2025-09-21 16:49:14,819|line:382| *********子动态结束*********
2025-09-21 16:49:14,819|line:538| -=-=-=-=处理回最初的动态-=-=-=-=
2025-09-21 16:49:23,093|line:476| 转发成功 1115123670753214465
2025-09-21 16:49:26,497|line:495| 评论发送成功
2025-09-21 16:49:28,940|line:425| 79955050 === 已经关注了
2025-09-21 16:49:32,293|line:504| 动态-点赞 0
2025-09-21 16:49:35,294|line:520| https://t.bilibili.com/1114167776350568481
2025-09-21 16:49:36,689|line:342| =========此为源动态=========
2025-09-21 16:49:38,084|line:363| *********子动态开始*********
2025-09-21 16:49:38,085|line:382| *********子动态结束*********
2025-09-21 16:49:38,085|line:538| -=-=-=-=处理回最初的动态-=-=-=-=
2025-09-21 16:49:47,445|line:476| 转发成功 1115123778111668224
2025-09-21 16:49:50,923|line:495| 评论发送成功
2025-09-21 16:49:53,335|line:425| 1750535730 === 已经关注了
2025-09-21 16:49:56,708|line:504| 动态-点赞 0
2025-09-21 16:50:00,709|line:520| https://t.bilibili.com/1111616565804007448
2025-09-21 16:50:00,709|line:522| 已有
2025-09-21 16:50:00,710|line:520| https://t.bilibili.com/1110905016417255432
2025-09-21 16:50:00,710|line:522| 已有
2025-09-21 16:50:00,710|line:520| https://t.bilibili.com/1114654844992356361
2025-09-21 16:50:04,073|line:342| =========此为源动态=========
2025-09-21 16:50:07,601|line:363| *********子动态开始*********
2025-09-21 16:50:07,601|line:382| *********子动态结束*********
2025-09-21 16:50:07,602|line:538| -=-=-=-=处理回最初的动态-=-=-=-=
2025-09-21 16:50:15,924|line:476| 转发成功 1115123898340343808
2025-09-21 16:50:19,410|line:495| 评论发送成功
2025-09-21 16:50:23,922|line:425| 238623328 === 已经关注了
2025-09-21 16:50:27,269|line:504| 动态-点赞 0
2025-09-21 16:50:30,269|line:520| https://t.bilibili.com/1113502915394273303
2025-09-21 16:50:30,270|line:522| 已有
2025-09-21 16:50:30,270|line:520| https://t.bilibili.com/1114285374713102340
2025-09-21 16:50:31,590|line:337| =========此为子动态=========
2025-09-21 16:50:33,091|line:388| *************原动态处理开始***************
2025-09-21 16:50:40,952|line:476| 转发成功 1115124005741789191
2025-09-21 16:50:44,381|line:495| 评论发送成功
2025-09-21 16:50:47,870|line:425| 430040367 === 已经关注了
2025-09-21 16:50:51,270|line:504| 动态-点赞 0
2025-09-21 16:50:51,271|line:397| *************原动态处理完成***************
2025-09-21 16:50:55,863|line:363| *********子动态开始*********
2025-09-21 16:51:03,365|line:476| 转发成功 1115124104536522777
2025-09-21 16:51:06,848|line:495| 评论发送成功
2025-09-21 16:51:09,568|line:425| 430040367 === 已经关注了
2025-09-21 16:51:09,568|line:377| ----完成一个子动态----
2025-09-21 16:51:09,569|line:382| *********子动态结束*********
2025-09-21 16:51:11,570|line:520| https://t.bilibili.com/1111217324947406851
2025-09-21 16:51:11,570|line:522| 已有
2025-09-21 16:51:11,570|line:520| https://t.bilibili.com/1113425605977702403
2025-09-21 16:51:15,934|line:342| =========此为源动态=========
2025-09-21 16:51:20,499|line:363| *********子动态开始*********
2025-09-21 16:51:20,500|line:382| *********子动态结束*********
2025-09-21 16:51:20,500|line:538| -=-=-=-=处理回最初的动态-=-=-=-=
2025-09-21 16:51:29,852|line:476| 转发成功 1115124216172118036
2025-09-21 16:51:33,315|line:495| 评论发送成功
2025-09-21 16:51:37,700|line:425| 527094538 === 已经关注了
2025-09-21 16:51:41,033|line:504| 动态-点赞 0
2025-09-21 16:51:43,033|line:520| https://t.bilibili.com/1114183238217105412
2025-09-21 16:51:45,343|line:342| =========此为源动态=========
2025-09-21 16:51:49,731|line:363| *********子动态开始*********
2025-09-21 16:51:49,731|line:382| *********子动态结束*********
2025-09-21 16:51:49,731|line:538| -=-=-=-=处理回最初的动态-=-=-=-=
2025-09-21 16:51:57,068|line:476| 转发成功 1115124332171886610
2025-09-21 16:52:00,546|line:495| 评论发送成功
2025-09-21 16:52:01,959|line:425| 9535164 === 已经关注了
2025-09-21 16:52:05,337|line:504| 动态-点赞 0
2025-09-21 16:52:06,338|line:520| https://t.bilibili.com/1114183238249611265
2025-09-21 16:52:09,728|line:342| =========此为源动态=========
2025-09-21 16:52:13,264|line:363| *********子动态开始*********
2025-09-21 16:52:13,264|line:382| *********子动态结束*********
2025-09-21 16:52:13,265|line:538| -=-=-=-=处理回最初的动态-=-=-=-=
2025-09-21 16:52:23,902|line:476| 转发成功 1115124448130760743
2025-09-21 16:52:27,304|line:495| 评论发送成功
2025-09-21 16:52:31,729|line:425| 323060342 === 已经关注了
2025-09-21 16:52:35,116|line:504| 动态-点赞 0
2025-09-21 16:52:37,117|line:520| https://t.bilibili.com/1114513862686670855
2025-09-21 16:52:38,463|line:342| =========此为源动态=========
2025-09-21 16:52:41,848|line:363| *********子动态开始*********
2025-09-21 16:52:41,848|line:382| *********子动态结束*********
2025-09-21 16:52:41,849|line:538| -=-=-=-=处理回最初的动态-=-=-=-=
2025-09-21 16:52:52,186|line:476| 转发成功 1115124572676423680
2025-09-21 16:52:55,566|line:495| 评论发送成功
2025-09-21 16:52:58,969|line:425| 3546740875594396 === 已经关注了
2025-09-21 16:53:02,333|line:504| 动态-点赞 0
2025-09-21 16:53:03,334|line:520| https://t.bilibili.com/1114169234527617027
2025-09-21 16:53:07,689|line:342| =========此为源动态=========
2025-09-21 16:53:09,082|line:363| *********子动态开始*********
2025-09-21 16:53:09,082|line:382| *********子动态结束*********
2025-09-21 16:53:09,083|line:538| -=-=-=-=处理回最初的动态-=-=-=-=
2025-09-21 16:53:19,442|line:476| 转发成功 1115124688647880705
2025-09-21 16:53:22,882|line:495| 评论发送成功
2025-09-21 16:53:25,359|line:425| 380800207 === 已经关注了
2025-09-21 16:53:28,691|line:504| 动态-点赞 0
2025-09-21 16:53:30,692|line:520| https://t.bilibili.com/1114627335742554115
2025-09-21 16:53:34,103|line:342| =========此为源动态=========
2025-09-21 16:53:36,739|line:363| *********子动态开始*********
2025-09-21 16:53:36,740|line:382| *********子动态结束*********
2025-09-21 16:53:36,740|line:538| -=-=-=-=处理回最初的动态-=-=-=-=
2025-09-21 16:53:45,143|line:476| 转发成功 1115124800327516164
2025-09-21 16:53:48,550|line:495| 评论发送成功
2025-09-21 16:53:51,233|line:425| 238623328 === 已经关注了
2025-09-21 16:53:54,615|line:504| 动态-点赞 0
2025-09-21 16:53:56,615|line:520| https://t.bilibili.com/1114261786782072899
2025-09-21 16:53:58,971|line:342| =========此为源动态=========
2025-09-21 16:54:01,568|line:363| *********子动态开始*********
2025-09-21 16:54:01,568|line:382| *********子动态结束*********
2025-09-21 16:54:01,568|line:538| -=-=-=-=处理回最初的动态-=-=-=-=
2025-09-21 16:54:07,883|line:476| 转发成功 1115124894810505220
2025-09-21 16:54:11,336|line:495| 评论发送成功
2025-09-21 16:54:12,781|line:425| 1309317001 === 已经关注了
2025-09-21 16:54:16,164|line:504| 动态-点赞 0
2025-09-21 16:54:19,164|line:520| https://t.bilibili.com/1111622855795146791
2025-09-21 16:54:19,165|line:522| 已有
2025-09-21 16:54:19,165|line:520| https://t.bilibili.com/1114276009566273544
2025-09-21 16:54:23,491|line:342| =========此为源动态=========
2025-09-21 16:54:24,845|line:363| *********子动态开始*********
2025-09-21 16:54:24,845|line:382| *********子动态结束*********
2025-09-21 16:54:24,845|line:538| -=-=-=-=处理回最初的动态-=-=-=-=
2025-09-21 16:54:32,202|line:476| 转发成功 1115124997876088832
2025-09-21 16:54:35,658|line:495| 评论发送成功
2025-09-21 16:54:39,066|line:425| 79955050 === 已经关注了
2025-09-21 16:54:42,461|line:504| 动态-点赞 0
2025-09-21 16:54:43,462|line:520| https://t.bilibili.com/1114555416481628162
2025-09-21 16:54:44,866|line:527| 官方 或 预约 OUT！
2025-09-21 16:54:44,866|line:520| https://t.bilibili.com/1114291471435956224
2025-09-21 16:54:47,176|line:342| =========此为源动态=========
2025-09-21 16:54:48,581|line:363| *********子动态开始*********
2025-09-21 16:54:48,581|line:382| *********子动态结束*********
2025-09-21 16:54:48,582|line:538| -=-=-=-=处理回最初的动态-=-=-=-=
2025-09-21 16:54:58,997|line:476| 转发成功 1115125113812942865
2025-09-21 16:55:02,492|line:495| 评论发送成功
2025-09-21 16:55:03,899|line:425| 3850213 === 已经关注了
2025-09-21 16:55:07,236|line:504| 动态-点赞 0
2025-09-21 16:55:11,237|line:520| https://t.bilibili.com/1114728546645835792
2025-09-21 16:55:14,543|line:342| =========此为源动态=========
2025-09-21 16:55:18,333|line:363| *********子动态开始*********
2025-09-21 16:55:18,333|line:382| *********子动态结束*********
2025-09-21 16:55:18,333|line:538| -=-=-=-=处理回最初的动态-=-=-=-=
2025-09-21 16:55:26,639|line:476| 转发成功 1115125234121310217
2025-09-21 16:55:30,214|line:495| 评论发送成功
2025-09-21 16:55:31,603|line:425| 238623328 === 已经关注了
2025-09-21 16:55:34,996|line:504| 动态-点赞 0
2025-09-21 16:55:36,997|line:520| https://t.bilibili.com/1114523399673085984
2025-09-21 16:55:41,375|line:342| =========此为源动态=========
2025-09-21 16:55:45,713|line:363| *********子动态开始*********
2025-09-21 16:55:45,713|line:382| *********子动态结束*********
2025-09-21 16:55:45,714|line:538| -=-=-=-=处理回最初的动态-=-=-=-=
2025-09-21 16:55:54,085|line:476| 转发成功 1115125350043484177
2025-09-21 16:55:57,568|line:495| 评论发送成功
2025-09-21 16:55:58,973|line:425| 79955050 === 已经关注了
2025-09-21 16:56:02,310|line:504| 动态-点赞 0
2025-09-21 16:56:05,311|line:520| https://t.bilibili.com/1114866604054675458
2025-09-21 16:56:09,617|line:527| 官方 或 预约 OUT！
2025-09-21 16:56:09,617|line:520| https://t.bilibili.com/1114238057065742345
2025-09-21 16:56:10,978|line:527| 官方 或 预约 OUT！
2025-09-21 16:56:10,979|line:520| https://t.bilibili.com/1114317733016633362
2025-09-21 16:56:14,285|line:342| =========此为源动态=========
2025-09-21 16:56:16,678|line:363| *********子动态开始*********
2025-09-21 16:56:16,679|line:382| *********子动态结束*********
2025-09-21 16:56:16,679|line:538| -=-=-=-=处理回最初的动态-=-=-=-=
2025-09-21 16:56:27,874|line:476| 转发成功 1115125496093343767
2025-09-21 16:56:31,253|line:495| 评论发送成功
2025-09-21 16:56:33,706|line:425| 480940351 === 已经关注了
2025-09-21 16:56:37,145|line:504| 动态-点赞 0
2025-09-21 16:56:40,146|line:520| https://t.bilibili.com/1114523399660503042
2025-09-21 16:56:43,543|line:342| =========此为源动态=========
2025-09-21 16:56:48,108|line:363| *********子动态开始*********
2025-09-21 16:56:48,108|line:382| *********子动态结束*********
2025-09-21 16:56:48,109|line:538| -=-=-=-=处理回最初的动态-=-=-=-=
2025-09-21 16:56:56,298|line:476| 转发成功 1115125620630618118
2025-09-21 16:56:59,751|line:495| 评论发送成功
2025-09-21 16:57:03,241|line:425| 79955050 === 已经关注了
2025-09-21 16:57:06,583|line:504| 动态-点赞 0
2025-09-21 16:57:10,584|line:520| https://t.bilibili.com/1112778150412025875
2025-09-21 16:57:13,890|line:527| 官方 或 预约 OUT！
2025-09-21 16:57:13,891|line:520| https://t.bilibili.com/1114182175212699667
2025-09-21 16:57:18,303|line:527| 官方 或 预约 OUT！
2025-09-21 16:57:18,303|line:520| https://t.bilibili.com/1107906746972635152
2025-09-21 16:57:22,693|line:337| =========此为子动态=========
2025-09-21 16:57:25,144|line:388| *************原动态处理开始***************
2025-09-21 16:57:33,037|line:476| 转发成功 1115125775241052181
2025-09-21 16:57:36,448|line:495| 评论发送成功
2025-09-21 16:57:43,257|line:437| 关注 ==== 12999007 0
2025-09-21 16:57:46,657|line:504| 动态-点赞 0
2025-09-21 16:57:46,657|line:397| *************原动态处理完成***************
2025-09-21 16:57:48,045|line:363| *********子动态开始*********
2025-09-21 16:57:56,552|line:476| 转发成功 1115125878313975810
2025-09-21 16:58:00,014|line:495| 评论发送成功
2025-09-21 16:58:05,798|line:425| 396808737 === 已经关注了
2025-09-21 16:58:05,798|line:377| ----完成一个子动态----
2025-09-21 16:58:05,799|line:382| *********子动态结束*********
2025-09-21 16:58:08,800|line:520| https://t.bilibili.com/1114554323395674118
2025-09-21 16:58:10,381|line:342| =========此为源动态=========
2025-09-21 16:58:14,022|line:363| *********子动态开始*********
2025-09-21 16:58:14,022|line:382| *********子动态结束*********
2025-09-21 16:58:14,022|line:538| -=-=-=-=处理回最初的动态-=-=-=-=
2025-09-21 16:58:24,605|line:476| 转发成功 1115125998562574342
2025-09-21 16:58:28,028|line:495| 评论发送成功
2025-09-21 16:58:29,434|line:425| 1536750746 === 已经关注了
2025-09-21 16:58:32,825|line:504| 动态-点赞 0
2025-09-21 16:58:33,826|line:520| https://t.bilibili.com/1114276174909931545
2025-09-21 16:58:35,219|line:342| =========此为源动态=========
2025-09-21 16:58:36,602|line:363| *********子动态开始*********
2025-09-21 16:58:36,602|line:382| *********子动态结束*********
2025-09-21 16:58:36,603|line:538| -=-=-=-=处理回最初的动态-=-=-=-=
2025-09-21 16:58:47,971|line:476| 转发成功 1115126097386668037
2025-09-21 16:58:51,346|line:495| 评论发送成功
2025-09-21 16:58:53,752|line:425| 471130916 === 已经关注了
2025-09-21 16:58:57,143|line:504| 动态-点赞 0
2025-09-21 16:59:01,143|line:520| https://t.bilibili.com/1114215688885501954
2025-09-21 16:59:05,470|line:342| =========此为源动态=========
2025-09-21 16:59:06,857|line:363| *********子动态开始*********
2025-09-21 16:59:20,976|line:476| 转发成功 1115126239089131523
2025-09-21 16:59:24,396|line:495| 评论发送成功
2025-09-21 16:59:29,187|line:425| 383768376 === 已经关注了
2025-09-21 16:59:29,187|line:377| ----完成一个子动态----
2025-09-21 16:59:29,188|line:382| *********子动态结束*********
2025-09-21 16:59:29,188|line:538| -=-=-=-=处理回最初的动态-=-=-=-=
2025-09-21 16:59:38,418|line:476| 转发成功 1115126316444680196
2025-09-21 16:59:41,958|line:495| 评论发送成功
2025-09-21 16:59:43,409|line:425| 174501086 === 已经关注了
2025-09-21 16:59:46,766|line:504| 动态-点赞 0
2025-09-21 16:59:50,767|line:520| https://t.bilibili.com/1114894617942163459
2025-09-21 16:59:55,184|line:527| 官方 或 预约 OUT！
2025-09-21 16:59:55,184|line:520| https://t.bilibili.com/1114183416468734036
2025-09-21 16:59:59,542|line:527| 官方 或 预约 OUT！
2025-09-21 16:59:59,542|line:520| https://t.bilibili.com/1107296191632113665
2025-09-21 17:00:03,901|line:527| 官方 或 预约 OUT！
2025-09-21 17:00:03,901|line:520| https://t.bilibili.com/1111658370837774340
2025-09-21 17:00:03,901|line:522| 已有
2025-09-21 17:00:03,901|line:520| https://t.bilibili.com/1114662365482188819
2025-09-21 17:00:07,260|line:527| 官方 或 预约 OUT！
2025-09-21 17:00:07,261|line:520| https://t.bilibili.com/1111339344951509032
2025-09-21 17:00:07,261|line:522| 已有
2025-09-21 17:00:07,261|line:520| https://t.bilibili.com/1114678467312484360
2025-09-21 17:00:10,585|line:527| 官方 或 预约 OUT！
2025-09-21 17:00:10,585|line:520| https://t.bilibili.com/1110079081287778329
2025-09-21 17:00:11,951|line:342| =========此为源动态=========
2025-09-21 17:00:14,703|line:363| *********子动态开始*********
2025-09-21 17:00:14,703|line:382| *********子动态结束*********
2025-09-21 17:00:14,703|line:538| -=-=-=-=处理回最初的动态-=-=-=-=
2025-09-21 17:00:27,018|line:476| 转发成功 1115126522567458816
2025-09-21 17:00:30,520|line:495| 评论发送成功
2025-09-21 17:00:34,968|line:425| 1864084681 === 已经关注了
2025-09-21 17:00:38,386|line:504| 动态-点赞 0
2025-09-21 17:00:41,387|line:520| https://t.bilibili.com/1114569860430430211
2025-09-21 17:00:42,737|line:342| =========此为源动态=========
2025-09-21 17:00:46,347|line:363| *********子动态开始*********
2025-09-21 17:00:46,348|line:382| *********子动态结束*********
2025-09-21 17:00:46,348|line:538| -=-=-=-=处理回最初的动态-=-=-=-=
2025-09-21 17:00:53,641|line:476| 转发成功 1115126638564081671
2025-09-21 17:00:57,070|line:495| 评论发送成功
2025-09-21 17:01:00,460|line:425| 238623328 === 已经关注了
2025-09-21 17:01:03,795|line:504| 动态-点赞 0
2025-09-21 17:01:05,796|line:520| https://t.bilibili.com/1114152314465157121
2025-09-21 17:01:08,237|line:342| =========此为源动态=========
2025-09-21 17:01:10,591|line:363| *********子动态开始*********
2025-09-21 17:01:10,592|line:382| *********子动态结束*********
2025-09-21 17:01:10,592|line:538| -=-=-=-=处理回最初的动态-=-=-=-=
2025-09-21 17:01:19,857|line:476| 转发成功 1115126750243717126
2025-09-21 17:01:23,379|line:495| 评论发送成功
2025-09-21 17:01:26,867|line:425| 429643625 === 已经关注了
2025-09-21 17:01:30,279|line:504| 动态-点赞 0
2025-09-21 17:01:34,279|line:520| https://t.bilibili.com/1114695144667349017
2025-09-21 17:01:38,605|line:342| =========此为源动态=========
2025-09-21 17:01:40,182|line:363| *********子动态开始*********
2025-09-21 17:01:40,182|line:382| *********子动态结束*********
2025-09-21 17:01:40,182|line:538| -=-=-=-=处理回最初的动态-=-=-=-=
2025-09-21 17:01:49,601|line:476| 转发成功 1115126879085395972
2025-09-21 17:01:53,073|line:495| 评论发送成功
2025-09-21 17:01:57,523|line:425| 238623328 === 已经关注了
2025-09-21 17:02:00,858|line:504| 动态-点赞 0
2025-09-21 17:02:04,859|line:520| https://t.bilibili.com/1114675804409692176
2025-09-21 17:02:09,208|line:342| =========此为源动态=========
2025-09-21 17:02:11,577|line:363| *********子动态开始*********
2025-09-21 17:02:11,577|line:382| *********子动态结束*********
2025-09-21 17:02:11,578|line:538| -=-=-=-=处理回最初的动态-=-=-=-=
2025-09-21 17:02:18,903|line:476| 转发成功 1115127003636301865
2025-09-21 17:02:22,282|line:495| 评论发送成功
2025-09-21 17:02:25,745|line:425| 238623328 === 已经关注了
2025-09-21 17:02:29,142|line:504| 动态-点赞 0
2025-09-21 17:02:33,142|line:520| https://t.bilibili.com/1114697433896452101
2025-09-21 17:02:36,473|line:527| 官方 或 预约 OUT！
2025-09-21 17:02:36,473|line:520| https://t.bilibili.com/1105622764988923906
2025-09-21 17:02:39,969|line:337| =========此为子动态=========
2025-09-21 17:02:42,437|line:388| *************原动态处理开始***************
2025-09-21 17:02:50,292|line:476| 转发成功 1115127141023875081
2025-09-21 17:02:53,779|line:495| 评论发送成功
2025-09-21 17:02:59,588|line:437| 关注 ==== 116100610 0
2025-09-21 17:03:02,937|line:504| 动态-点赞 0
2025-09-21 17:03:02,937|line:397| *************原动态处理完成***************
2025-09-21 17:03:04,526|line:363| *********子动态开始*********
2025-09-21 17:03:15,026|line:476| 转发成功 1115127244137693187
2025-09-21 17:03:18,452|line:495| 评论发送成功
2025-09-21 17:03:23,234|line:425| 396808737 === 已经关注了
2025-09-21 17:03:23,234|line:377| ----完成一个子动态----
2025-09-21 17:03:23,235|line:382| *********子动态结束*********
2025-09-21 17:03:24,236|line:520| https://t.bilibili.com/1114248897575780357
2025-09-21 17:03:26,558|line:527| 官方 或 预约 OUT！
2025-09-21 17:03:26,558|line:520| https://t.bilibili.com/1114223499296112664
2025-09-21 17:03:27,867|line:342| =========此为源动态=========
2025-09-21 17:03:29,410|line:363| *********子动态开始*********
2025-09-21 17:03:35,736|line:476| 转发成功 1115127334358220800
2025-09-21 17:03:39,210|line:495| 评论发送成功
2025-09-21 17:03:45,090|line:425| 3546642129094759 === 已经关注了
2025-09-21 17:03:45,091|line:377| ----完成一个子动态----
2025-09-21 17:03:45,091|line:382| *********子动态结束*********
2025-09-21 17:03:45,092|line:538| -=-=-=-=处理回最初的动态-=-=-=-=
2025-09-21 17:03:54,445|line:476| 转发成功 1115127415942676487
2025-09-21 17:03:57,994|line:495| 评论发送成功
2025-09-21 17:04:02,619|line:425| 187878266 === 已经关注了
2025-09-21 17:04:05,968|line:504| 动态-点赞 0
2025-09-21 17:04:08,969|line:520| https://t.bilibili.com/1103458728556888070
2025-09-21 17:04:10,365|line:342| =========此为源动态=========
2025-09-21 17:04:13,757|line:363| *********子动态开始*********
2025-09-21 17:04:13,757|line:382| *********子动态结束*********
2025-09-21 17:04:13,758|line:538| -=-=-=-=处理回最初的动态-=-=-=-=
2025-09-21 17:04:22,081|line:476| 转发成功 1115127531917279241
2025-09-21 17:04:25,552|line:495| 评论发送成功
2025-09-21 17:04:27,043|line:425| 430040367 === 已经关注了
2025-09-21 17:04:30,447|line:504| 动态-点赞 0
2025-09-21 17:04:33,447|line:520| https://t.bilibili.com/1114183238251708452
2025-09-21 17:04:35,906|line:342| =========此为源动态=========
2025-09-21 17:04:40,295|line:363| *********子动态开始*********
2025-09-21 17:04:40,295|line:382| *********子动态结束*********
2025-09-21 17:04:40,296|line:538| -=-=-=-=处理回最初的动态-=-=-=-=
2025-09-21 17:04:49,679|line:476| 转发成功 1115127652124983299
2025-09-21 17:04:53,161|line:495| 评论发送成功
2025-09-21 17:04:57,623|line:425| 348632860 === 已经关注了
2025-09-21 17:05:01,009|line:504| 动态-点赞 0
2025-09-21 17:05:03,010|line:553| 执行结束
2025-09-21 17:05:03,010|line:559| ==================================================2025-09-22 01:05==================================================
2025-09-21 17:05:03,010|line:233| processing article 43116287
2025-09-21 17:05:07,397|line:508| ==================================================2025-09-22 01:05==================================================
2025-09-21 17:05:07,398|line:520| https://t.bilibili.com/1114685438002462789
2025-09-21 17:05:08,716|line:342| =========此为源动态=========
2025-09-21 17:05:11,247|line:363| *********子动态开始*********
2025-09-21 17:05:11,248|line:382| *********子动态结束*********
2025-09-21 17:05:11,248|line:538| -=-=-=-=处理回最初的动态-=-=-=-=
2025-09-21 17:05:20,563|line:476| 转发成功 1115127785268969473
2025-09-21 17:05:24,050|line:495| 评论发送成功
2025-09-21 17:05:31,864|line:437| 关注 ==== 2035778904 0
2025-09-21 17:05:35,210|line:504| 动态-点赞 0
2025-09-21 17:05:39,211|line:520| https://t.bilibili.com/1114647094728065063
2025-09-21 17:05:41,724|line:342| =========此为源动态=========
2025-09-21 17:05:43,344|line:363| *********子动态开始*********
2025-09-21 17:05:43,344|line:382| *********子动态结束*********
2025-09-21 17:05:43,345|line:538| -=-=-=-=处理回最初的动态-=-=-=-=
2025-09-21 17:05:49,667|line:476| 转发成功 1115127909866012672
2025-09-21 17:05:53,055|line:495| 评论发送成功
2025-09-21 17:05:54,459|line:425| 3494354823940360 === 已经关注了
2025-09-21 17:05:57,847|line:504| 动态-点赞 0
2025-09-21 17:06:01,847|line:520| https://t.bilibili.com/1114614038511222793
2025-09-21 17:06:06,153|line:342| =========此为源动态=========
2025-09-21 17:06:10,912|line:363| *********子动态开始*********
2025-09-21 17:06:10,913|line:382| *********子动态结束*********
2025-09-21 17:06:10,913|line:538| -=-=-=-=处理回最初的动态-=-=-=-=
2025-09-21 17:06:21,462|line:476| 转发成功 1115128047274557474
2025-09-21 17:06:24,876|line:495| 评论发送成功
2025-09-21 17:06:27,499|line:425| 43222392 === 已经关注了
2025-09-21 17:06:30,883|line:504| 动态-点赞 0
2025-09-21 17:06:32,884|line:520| https://t.bilibili.com/1115021983073959955
2025-09-21 17:06:35,243|line:527| 官方 或 预约 OUT！
2025-09-21 17:06:35,244|line:520| https://t.bilibili.com/1114605049102729240
2025-09-21 17:06:38,567|line:342| =========此为源动态=========
2025-09-21 17:06:40,101|line:363| *********子动态开始*********
2025-09-21 17:06:40,101|line:382| *********子动态结束*********
2025-09-21 17:06:40,101|line:538| -=-=-=-=处理回最初的动态-=-=-=-=
2025-09-21 17:06:47,483|line:476| 转发成功 1115128158960484353
2025-09-21 17:06:50,951|line:495| 评论发送成功
2025-09-21 17:06:52,361|line:425| 43222392 === 已经关注了
2025-09-21 17:06:55,709|line:504| 动态-点赞 0
2025-09-21 17:06:59,709|line:520| https://t.bilibili.com/1114681937638719495
2025-09-21 17:07:03,131|line:527| 官方 或 预约 OUT！
2025-09-21 17:07:03,131|line:520| https://t.bilibili.com/1109124245670068244
2025-09-21 17:07:06,489|line:527| 官方 或 预约 OUT！
2025-09-21 17:07:06,489|line:520| https://t.bilibili.com/1114718788430856225
2025-09-21 17:07:08,796|line:342| =========此为源动态=========
2025-09-21 17:07:13,408|line:363| *********子动态开始*********
2025-09-21 17:07:13,409|line:382| *********子动态结束*********
2025-09-21 17:07:13,409|line:538| -=-=-=-=处理回最初的动态-=-=-=-=
2025-09-21 17:07:25,700|line:476| 转发成功 1115128322190213142
2025-09-21 17:07:29,159|line:495| 评论发送成功
2025-09-21 17:07:30,616|line:425| 43222392 === 已经关注了
2025-09-21 17:07:34,006|line:504| 动态-点赞 0
2025-09-21 17:07:36,007|line:520| https://t.bilibili.com/1114603318264463363
2025-09-21 17:07:39,312|line:342| =========此为源动态=========
2025-09-21 17:07:40,844|line:363| *********子动态开始*********
2025-09-21 17:07:40,844|line:382| *********子动态结束*********
2025-09-21 17:07:40,845|line:538| -=-=-=-=处理回最初的动态-=-=-=-=
2025-09-21 17:07:48,065|line:476| 转发成功 1115128416658522133
2025-09-21 17:07:51,498|line:495| 评论发送成功
2025-09-21 17:07:53,910|line:425| 43222392 === 已经关注了
2025-09-21 17:07:57,247|line:504| 动态-点赞 0
2025-09-21 17:08:00,247|line:520| https://t.bilibili.com/1114718066884739091
2025-09-21 17:08:03,606|line:342| =========此为源动态=========
2025-09-21 17:08:05,207|line:363| *********子动态开始*********
2025-09-21 17:08:05,208|line:382| *********子动态结束*********
2025-09-21 17:08:05,208|line:538| -=-=-=-=处理回最初的动态-=-=-=-=
2025-09-21 17:08:15,495|line:476| 转发成功 1115128536907120647
2025-09-21 17:08:18,930|line:495| 评论发送成功
2025-09-21 17:08:26,790|line:437| 关注 ==== 646328648 0
2025-09-21 17:08:30,152|line:504| 动态-点赞 0
2025-09-21 17:08:34,153|line:520| https://t.bilibili.com/1111706830949580820
2025-09-21 17:08:37,465|line:527| 官方 或 预约 OUT！
2025-09-21 17:08:37,465|line:520| https://t.bilibili.com/1113515570556305417
2025-09-21 17:08:40,815|line:527| 官方 或 预约 OUT！
2025-09-21 17:08:40,815|line:520| https://t.bilibili.com/1110170662883819525
2025-09-21 17:08:44,144|line:527| 官方 或 预约 OUT！
2025-09-21 17:08:44,145|line:520| https://t.bilibili.com/1114654183525449737
2025-09-21 17:08:47,500|line:342| =========此为源动态=========
2025-09-21 17:08:52,270|line:363| *********子动态开始*********
2025-09-21 17:08:52,271|line:382| *********子动态结束*********
2025-09-21 17:08:52,271|line:538| -=-=-=-=处理回最初的动态-=-=-=-=
2025-09-21 17:09:01,625|line:476| 转发成功 1115128734506024982
2025-09-21 17:09:05,137|line:495| 评论发送成功
2025-09-21 17:09:07,562|line:425| 5806214 === 已经关注了
2025-09-21 17:09:11,091|line:504| 动态-点赞 0
2025-09-21 17:09:14,092|line:520| https://t.bilibili.com/1114631632858382341
2025-09-21 17:09:15,485|line:342| =========此为源动态=========
2025-09-21 17:09:17,062|line:363| *********子动态开始*********
2025-09-21 17:09:17,062|line:382| *********子动态结束*********
2025-09-21 17:09:17,062|line:538| -=-=-=-=处理回最初的动态-=-=-=-=
2025-09-21 17:09:27,393|line:476| 转发成功 1115128846160494594
2025-09-21 17:09:30,839|line:495| 评论发送成功
2025-09-21 17:09:34,305|line:425| 3493118529768296 === 已经关注了
2025-09-21 17:09:37,641|line:504| 动态-点赞 0
2025-09-21 17:09:38,641|line:520| https://t.bilibili.com/1114631632811196432
2025-09-21 17:09:40,951|line:342| =========此为源动态=========
2025-09-21 17:09:42,370|line:363| *********子动态开始*********
2025-09-21 17:09:42,370|line:382| *********子动态结束*********
2025-09-21 17:09:42,370|line:538| -=-=-=-=处理回最初的动态-=-=-=-=
2025-09-21 17:09:51,802|line:476| 转发成功 1115128949256486945
2025-09-21 17:09:55,239|line:495| 评论发送成功
2025-09-21 17:09:58,641|line:425| 79955050 === 已经关注了
2025-09-21 17:10:02,037|line:504| 动态-点赞 0
2025-09-21 17:10:03,038|line:520| https://t.bilibili.com/1114682341375082498
2025-09-21 17:10:04,434|line:342| =========此为源动态=========
2025-09-21 17:10:07,956|line:363| *********子动态开始*********
2025-09-21 17:10:07,956|line:382| *********子动态结束*********
2025-09-21 17:10:07,956|line:538| -=-=-=-=处理回最初的动态-=-=-=-=
2025-09-21 17:10:17,328|line:476| 转发成功 1115129060898373636
2025-09-21 17:10:20,672|line:549| 'NoneType' object is not subscriptable
2025-09-21 17:10:20,673|line:550| error line:542
2025-09-21 17:10:24,673|line:520| https://t.bilibili.com/1114569903419949075
2025-09-21 17:10:26,983|line:342| =========此为源动态=========
2025-09-21 17:10:30,531|line:363| *********子动态开始*********
2025-09-21 17:10:30,531|line:382| *********子动态结束*********
2025-09-21 17:10:30,531|line:538| -=-=-=-=处理回最初的动态-=-=-=-=
2025-09-21 17:10:40,879|line:476| 转发成功 1115129159689961491
2025-09-21 17:10:44,518|line:495| 评论发送成功
2025-09-21 17:10:45,971|line:425| 39279965 === 已经关注了
2025-09-21 17:10:49,303|line:504| 动态-点赞 0
2025-09-21 17:10:50,304|line:520| https://t.bilibili.com/1114894617942163459
2025-09-21 17:10:53,612|line:527| 官方 或 预约 OUT！
2025-09-21 17:10:53,612|line:520| https://t.bilibili.com/1114925408616185877
2025-09-21 17:10:57,917|line:342| =========此为源动态=========
2025-09-21 17:10:59,493|line:363| *********子动态开始*********
2025-09-21 17:10:59,494|line:382| *********子动态结束*********
2025-09-21 17:10:59,494|line:538| -=-=-=-=处理回最初的动态-=-=-=-=
2025-09-21 17:11:07,825|line:476| 转发成功 1115129275664564227
2025-09-21 17:11:11,271|line:495| 评论发送成功
2025-09-21 17:11:15,737|line:425| 3494354823940360 === 已经关注了
2025-09-21 17:11:19,173|line:504| 动态-点赞 0
2025-09-21 17:11:20,174|line:520| https://t.bilibili.com/1103465772264456200
2025-09-21 17:11:23,539|line:527| 官方 或 预约 OUT！
2025-09-21 17:11:23,539|line:520| https://t.bilibili.com/1107567126748594184
2025-09-21 17:11:27,863|line:527| 官方 或 预约 OUT！
2025-09-21 17:11:27,863|line:520| https://t.bilibili.com/1114683342077296707
2025-09-21 17:11:29,244|line:527| 官方 或 预约 OUT！
2025-09-21 17:11:29,244|line:520| https://t.bilibili.com/1114686370036580385
2025-09-21 17:11:33,711|line:342| =========此为源动态=========
2025-09-21 17:11:35,305|line:363| *********子动态开始*********
2025-09-21 17:11:35,305|line:382| *********子动态结束*********
2025-09-21 17:11:35,306|line:538| -=-=-=-=处理回最初的动态-=-=-=-=
2025-09-21 17:11:43,646|line:476| 转发成功 1115129430297018369
2025-09-21 17:11:47,072|line:495| 评论发送成功
2025-09-21 17:11:51,512|line:425| 3493259242375305 === 已经关注了
2025-09-21 17:11:54,918|line:504| 动态-点赞 0
2025-09-21 17:11:56,919|line:520| https://t.bilibili.com/1114645791218073620
2025-09-21 17:11:59,279|line:337| =========此为子动态=========
2025-09-21 17:12:00,691|line:388| *************原动态处理开始***************
2025-09-21 17:12:06,503|line:476| 转发成功 1115129529044566019
2025-09-21 17:12:10,023|line:495| 评论发送成功
2025-09-21 17:12:12,658|line:425| 1864084681 === 已经关注了
2025-09-21 17:12:16,046|line:504| 动态-点赞 0
2025-09-21 17:12:16,046|line:397| *************原动态处理完成***************
2025-09-21 17:12:20,644|line:363| *********子动态开始*********
2025-09-21 17:12:31,049|line:476| 转发成功 1115129632151044119
2025-09-21 17:12:34,526|line:495| 评论发送成功
2025-09-21 17:12:39,355|line:425| 493230543 === 已经关注了
2025-09-21 17:12:39,356|line:377| ----完成一个子动态----
2025-09-21 17:12:46,586|line:476| 转发成功 1115129700870520834
2025-09-21 17:12:49,986|line:495| 评论发送成功
2025-09-21 17:12:54,798|line:425| 1813205998 === 已经关注了
2025-09-21 17:12:54,799|line:377| ----完成一个子动态----
2025-09-21 17:13:03,283|line:476| 转发成功 1115129773901742086
2025-09-21 17:13:06,736|line:495| 评论发送成功
2025-09-21 17:13:09,482|line:425| 3546590228777012 === 已经关注了
2025-09-21 17:13:09,483|line:377| ----完成一个子动态----
2025-09-21 17:13:20,897|line:476| 转发成功 1115129846878437378
2025-09-21 17:13:24,327|line:495| 评论发送成功
2025-09-21 17:13:31,163|line:425| 323252394 === 已经关注了
2025-09-21 17:13:31,164|line:377| ----完成一个子动态----
2025-09-21 17:13:41,685|line:476| 转发成功 1115129937090576400
2025-09-21 17:13:45,147|line:495| 评论发送成功
2025-09-21 17:13:50,986|line:425| 212395881 === 已经关注了
2025-09-21 17:13:50,986|line:377| ----完成一个子动态----
2025-09-21 17:14:01,541|line:476| 转发成功 1115130023002505270
2025-09-21 17:14:05,049|line:495| 评论发送成功
2025-09-21 17:14:11,798|line:425| 1345140518 === 已经关注了
2025-09-21 17:14:11,798|line:377| ----完成一个子动态----
2025-09-21 17:14:20,249|line:476| 转发成功 1115130104606883859
2025-09-21 17:14:23,732|line:495| 评论发送成功
2025-09-21 17:14:28,596|line:425| 476645168 === 已经关注了
2025-09-21 17:14:28,597|line:377| ----完成一个子动态----
2025-09-21 17:14:38,996|line:476| 转发成功 1115130181900566532
2025-09-21 17:14:42,478|line:495| 评论发送成功
2025-09-21 17:14:49,198|line:425| 2124352378 === 已经关注了
2025-09-21 17:14:49,199|line:377| ----完成一个子动态----
2025-09-21 17:14:58,685|line:476| 转发成功 1115130267804106777
2025-09-21 17:15:02,078|line:495| 评论发送成功
2025-09-21 17:15:09,874|line:425| 2007250903 === 已经关注了
2025-09-21 17:15:09,874|line:377| ----完成一个子动态----
2025-09-21 17:15:20,228|line:476| 转发成功 1115130362290241540
2025-09-21 17:15:23,707|line:495| 评论发送成功
2025-09-21 17:15:27,492|line:425| 1681276938 === 已经关注了
2025-09-21 17:15:27,493|line:377| ----完成一个子动态----
2025-09-21 17:15:38,809|line:476| 转发成功 1115130439579729959
2025-09-21 17:15:42,328|line:495| 评论发送成功
2025-09-21 17:15:48,043|line:425| 436170053 === 已经关注了
2025-09-21 17:15:48,044|line:377| ----完成一个子动态----
2025-09-21 17:15:48,044|line:382| *********子动态结束*********
2025-09-21 17:15:49,044|line:520| https://t.bilibili.com/1115038903078748169
2025-09-21 17:15:52,436|line:527| 官方 或 预约 OUT！
2025-09-21 17:15:52,436|line:520| https://t.bilibili.com/1114959998123769859
2025-09-21 17:15:55,741|line:527| 官方 或 预约 OUT！
2025-09-21 17:15:55,741|line:520| https://t.bilibili.com/1109122527676858373
2025-09-21 17:15:59,145|line:527| 官方 或 预约 OUT！
2025-09-21 17:15:59,145|line:520| https://t.bilibili.com/1114913427765067785
2025-09-21 17:16:03,448|line:527| 官方 或 预约 OUT！
2025-09-21 17:16:03,448|line:520| https://t.bilibili.com/1114642028768002055
2025-09-21 17:16:07,774|line:527| 官方 或 预约 OUT！
2025-09-21 17:16:07,774|line:520| https://t.bilibili.com/1112711045884936210
2025-09-21 17:16:07,775|line:522| 已有
2025-09-21 17:16:07,775|line:520| https://t.bilibili.com/1114617534628233222
2025-09-21 17:16:12,147|line:337| =========此为子动态=========
2025-09-21 17:16:14,551|line:401| *************原动态已存在***************
2025-09-21 17:16:19,172|line:363| *********子动态开始*********
2025-09-21 17:16:29,595|line:476| 转发成功 1115130658626207747
2025-09-21 17:16:33,023|line:495| 评论发送成功
2025-09-21 17:16:37,789|line:425| 1129687681 === 已经关注了
2025-09-21 17:16:37,789|line:377| ----完成一个子动态----
2025-09-21 17:16:37,790|line:382| *********子动态结束*********
2025-09-21 17:16:39,791|line:520| https://t.bilibili.com/1114831943667548161
2025-09-21 17:16:41,177|line:527| 官方 或 预约 OUT！
2025-09-21 17:16:41,177|line:520| https://t.bilibili.com/1108247896241733632
2025-09-21 17:16:45,554|line:527| 官方 或 预约 OUT！
2025-09-21 17:16:45,554|line:520| https://t.bilibili.com/1114569851900264488
2025-09-21 17:16:47,880|line:527| 官方 或 预约 OUT！
2025-09-21 17:16:47,880|line:520| https://t.bilibili.com/1114950433192804357
2025-09-21 17:16:49,470|line:527| 官方 或 预约 OUT！
2025-09-21 17:16:49,471|line:520| https://t.bilibili.com/1107149179155644417
2025-09-21 17:16:50,790|line:527| 官方 或 预约 OUT！
2025-09-21 17:16:50,790|line:520| https://t.bilibili.com/1115018179906633729
2025-09-21 17:16:55,386|line:342| =========此为源动态=========
2025-09-21 17:16:58,162|line:363| *********子动态开始*********
2025-09-21 17:16:58,163|line:382| *********子动态结束*********
2025-09-21 17:16:58,163|line:538| -=-=-=-=处理回最初的动态-=-=-=-=
2025-09-21 17:17:07,399|line:476| 转发成功 1115130821838110723
2025-09-21 17:17:10,891|line:495| 评论发送成功
2025-09-21 17:17:15,336|line:425| 79955050 === 已经关注了
2025-09-21 17:17:18,681|line:504| 动态-点赞 0
2025-09-21 17:17:20,682|line:520| https://t.bilibili.com/1114656554392485891
2025-09-21 17:17:21,994|line:527| 官方 或 预约 OUT！
2025-09-21 17:17:21,995|line:553| 执行结束
2025-09-21 17:17:21,995|line:559| ==================================================2025-09-22 01:17==================================================
2025-09-21 17:17:21,995|line:233| processing article 43113795
2025-09-21 17:17:26,220|line:508| ==================================================2025-09-22 01:17==================================================
2025-09-21 17:17:26,221|line:520| https://t.bilibili.com/1099721548631113762
2025-09-21 17:17:30,764|line:527| 官方 或 预约 OUT！
2025-09-21 17:17:30,764|line:520| https://t.bilibili.com/1106500175242723328
2025-09-21 17:17:33,127|line:527| 官方 或 预约 OUT！
2025-09-21 17:17:33,127|line:520| https://t.bilibili.com/1114574481843552257
2025-09-21 17:17:35,497|line:527| 官方 或 预约 OUT！
2025-09-21 17:17:35,497|line:520| https://t.bilibili.com/1110189792705904642
2025-09-21 17:17:36,840|line:527| 官方 或 预约 OUT！
2025-09-21 17:17:36,840|line:520| https://t.bilibili.com/1109821894402506773
2025-09-21 17:17:39,167|line:527| 官方 或 预约 OUT！
2025-09-21 17:17:39,167|line:520| https://t.bilibili.com/1109124245670068244
2025-09-21 17:17:40,523|line:527| 官方 或 预约 OUT！
2025-09-21 17:17:40,523|line:520| https://t.bilibili.com/1083025155307864067
2025-09-21 17:17:44,853|line:527| 官方 或 预约 OUT！
2025-09-21 17:17:44,854|line:520| https://t.bilibili.com/1095371408167403575
2025-09-21 17:17:48,181|line:527| 官方 或 预约 OUT！
2025-09-21 17:17:48,181|line:520| https://t.bilibili.com/1110086868063485954
2025-09-21 17:17:52,631|line:527| 官方 或 预约 OUT！
2025-09-21 17:17:52,631|line:520| https://t.bilibili.com/1113515570556305417
2025-09-21 17:17:55,992|line:527| 官方 或 预约 OUT！
2025-09-21 17:17:55,992|line:520| https://t.bilibili.com/1113162880742588437
2025-09-21 17:17:57,379|line:527| 官方 或 预约 OUT！
2025-09-21 17:17:57,380|line:520| https://t.bilibili.com/1105054892962086919
2025-09-21 17:18:00,740|line:527| 官方 或 预约 OUT！
2025-09-21 17:18:00,740|line:520| https://t.bilibili.com/1113141453139214344
2025-09-21 17:18:02,113|line:527| 官方 或 预约 OUT！
2025-09-21 17:18:02,114|line:520| https://t.bilibili.com/1107258610613747746
2025-09-21 17:18:05,473|line:527| 官方 或 预约 OUT！
2025-09-21 17:18:05,474|line:520| https://t.bilibili.com/1112690610395938822
2025-09-21 17:18:09,843|line:527| 官方 或 预约 OUT！
2025-09-21 17:18:09,843|line:520| https://t.bilibili.com/1103465772264456200
2025-09-21 17:18:12,184|line:527| 官方 或 预约 OUT！
2025-09-21 17:18:12,184|line:520| https://t.bilibili.com/1109771978274766865
2025-09-21 17:18:13,629|line:527| 官方 或 预约 OUT！
2025-09-21 17:18:13,629|line:520| https://t.bilibili.com/1107567126748594184
2025-09-21 17:18:14,938|line:527| 官方 或 预约 OUT！
2025-09-21 17:18:14,938|line:520| https://t.bilibili.com/1106102349626081288
2025-09-21 17:18:19,248|line:527| 官方 或 预约 OUT！
2025-09-21 17:18:19,248|line:520| https://t.bilibili.com/1107988518858129429
2025-09-21 17:18:20,573|line:527| 官方 或 预约 OUT！
2025-09-21 17:18:20,573|line:520| https://t.bilibili.com/1112698998503768065
2025-09-21 17:18:23,896|line:527| 官方 或 预约 OUT！
2025-09-21 17:18:23,896|line:520| https://t.bilibili.com/1114526734679539729
2025-09-21 17:18:26,235|line:527| 官方 或 预约 OUT！
2025-09-21 17:18:26,236|line:520| https://t.bilibili.com/1105291867829829652
2025-09-21 17:18:30,558|line:527| 官方 或 预约 OUT！
2025-09-21 17:18:30,558|line:520| https://t.bilibili.com/1105713753886818329
2025-09-21 17:18:31,929|line:527| 官方 或 预约 OUT！
2025-09-21 17:18:31,930|line:520| https://t.bilibili.com/1114336858464059416
2025-09-21 17:18:36,279|line:527| 官方 或 预约 OUT！
2025-09-21 17:18:36,279|line:520| https://t.bilibili.com/1109122527676858373
2025-09-21 17:18:39,604|line:527| 官方 或 预约 OUT！
2025-09-21 17:18:39,605|line:520| https://t.bilibili.com/1105294049673216041
2025-09-21 17:18:41,993|line:527| 官方 或 预约 OUT！
2025-09-21 17:18:41,993|line:520| https://t.bilibili.com/1109422256237314057
2025-09-21 17:18:45,316|line:527| 官方 或 预约 OUT！
2025-09-21 17:18:45,317|line:520| https://t.bilibili.com/1112711045884936210
2025-09-21 17:18:45,317|line:522| 已有
2025-09-21 17:18:45,317|line:520| https://t.bilibili.com/1106513042987810821
2025-09-21 17:18:48,684|line:527| 官方 或 预约 OUT！
2025-09-21 17:18:48,685|line:520| https://t.bilibili.com/1108247896241733632
2025-09-21 17:18:50,016|line:527| 官方 或 预约 OUT！
2025-09-21 17:18:50,016|line:520| https://t.bilibili.com/1104148495969812486
2025-09-21 17:18:51,394|line:527| 官方 或 预约 OUT！
2025-09-21 17:18:51,395|line:520| https://t.bilibili.com/1107149179155644417
2025-09-21 17:18:55,740|line:527| 官方 或 预约 OUT！
2025-09-21 17:18:55,740|line:553| 执行结束
2025-09-21 17:18:55,741|line:559| ==================================================2025-09-22 01:18==================================================
2025-09-21 17:18:55,741|line:233| processing article 43113732
2025-09-21 17:19:01,176|line:508| ==================================================2025-09-22 01:19==================================================
2025-09-21 17:19:01,176|line:520| https://t.bilibili.com/1105261738618519569
2025-09-21 17:19:04,535|line:527| 官方 或 预约 OUT！
2025-09-21 17:19:04,535|line:520| https://t.bilibili.com/1114574481843552257
2025-09-21 17:19:06,853|line:527| 官方 或 预约 OUT！
2025-09-21 17:19:06,853|line:520| https://t.bilibili.com/1108624706629533704
2025-09-21 17:19:08,214|line:527| 官方 或 预约 OUT！
2025-09-21 17:19:08,214|line:520| https://t.bilibili.com/1112700261226250276
2025-09-21 17:19:10,573|line:527| 官方 或 预约 OUT！
2025-09-21 17:19:10,574|line:520| https://t.bilibili.com/1113067734313205768
2025-09-21 17:19:11,938|line:527| 官方 或 预约 OUT！
2025-09-21 17:19:11,938|line:520| https://t.bilibili.com/1105054892962086919
2025-09-21 17:19:14,293|line:527| 官方 或 预约 OUT！
2025-09-21 17:19:14,293|line:520| https://t.bilibili.com/1114168044808044550
2025-09-21 17:19:15,607|line:527| 官方 或 预约 OUT！
2025-09-21 17:19:15,607|line:520| https://t.bilibili.com/1112690610395938822
2025-09-21 17:19:19,916|line:527| 官方 或 预约 OUT！
2025-09-21 17:19:19,916|line:520| https://t.bilibili.com/1104313925225152512
2025-09-21 17:19:23,231|line:527| 官方 或 预约 OUT！
2025-09-21 17:19:23,231|line:520| https://t.bilibili.com/1112702060817547266
2025-09-21 17:19:27,620|line:527| 官方 或 预约 OUT！
2025-09-21 17:19:27,621|line:520| https://t.bilibili.com/1110147710583832581
2025-09-21 17:19:29,925|line:527| 官方 或 预约 OUT！
2025-09-21 17:19:29,925|line:520| https://t.bilibili.com/1109771978274766865
2025-09-21 17:19:32,237|line:527| 官方 或 预约 OUT！
2025-09-21 17:19:32,238|line:520| https://t.bilibili.com/1106102349626081288
2025-09-21 17:19:35,548|line:527| 官方 或 预约 OUT！
2025-09-21 17:19:35,548|line:520| https://t.bilibili.com/1113456729471844356
2025-09-21 17:19:38,873|line:527| 官方 或 预约 OUT！
2025-09-21 17:19:38,873|line:520| https://t.bilibili.com/1114736118655352841
2025-09-21 17:19:41,239|line:527| 官方 或 预约 OUT！
2025-09-21 17:19:41,239|line:520| https://t.bilibili.com/1113441280488112131
2025-09-21 17:19:44,594|line:527| 官方 或 预约 OUT！
2025-09-21 17:19:44,595|line:520| https://t.bilibili.com/1105291867829829652
2025-09-21 17:19:45,962|line:527| 官方 或 预约 OUT！
2025-09-21 17:19:45,962|line:520| https://t.bilibili.com/1109122527676858373
2025-09-21 17:19:47,264|line:527| 官方 或 预约 OUT！
2025-09-21 17:19:47,265|line:520| https://t.bilibili.com/1111335097274990592
2025-09-21 17:19:48,612|line:527| 官方 或 预约 OUT！
2025-09-21 17:19:48,613|line:520| https://t.bilibili.com/1108247896241733632
2025-09-21 17:19:50,976|line:527| 官方 或 预约 OUT！
2025-09-21 17:19:50,976|line:520| https://t.bilibili.com/1104148495969812486
2025-09-21 17:19:52,338|line:527| 官方 或 预约 OUT！
2025-09-21 17:19:52,338|line:520| https://t.bilibili.com/1108709751260184662
2025-09-21 17:19:56,702|line:527| 官方 或 预约 OUT！
2025-09-21 17:19:56,702|line:520| https://t.bilibili.com/1107149179155644417
2025-09-21 17:20:01,012|line:527| 官方 或 预约 OUT！
2025-09-21 17:20:01,012|line:520| https://t.bilibili.com/1113425453519994883
2025-09-21 17:20:02,336|line:527| 官方 或 预约 OUT！
2025-09-21 17:20:02,336|line:520| https://t.bilibili.com/1114148880634609699
2025-09-21 17:20:05,746|line:527| 官方 或 预约 OUT！
2025-09-21 17:20:05,747|line:520| https://t.bilibili.com/1114269431816519698
2025-09-21 17:20:08,107|line:527| 官方 或 预约 OUT！
2025-09-21 17:20:08,107|line:520| https://t.bilibili.com/1106500175242723328
2025-09-21 17:20:10,461|line:527| 官方 或 预约 OUT！
2025-09-21 17:20:10,462|line:520| https://t.bilibili.com/1114165454896627751
2025-09-21 17:20:14,787|line:527| 官方 或 预约 OUT！
2025-09-21 17:20:14,788|line:520| https://t.bilibili.com/1114282458437648405
2025-09-21 17:20:17,372|line:527| 官方 或 预约 OUT！
2025-09-21 17:20:17,372|line:520| https://t.bilibili.com/1110189792705904642
2025-09-21 17:20:20,697|line:527| 官方 或 预约 OUT！
2025-09-21 17:20:20,698|line:520| https://t.bilibili.com/1113812172393152512
2025-09-21 17:20:22,020|line:527| 官方 或 预约 OUT！
2025-09-21 17:20:22,021|line:520| https://t.bilibili.com/1083025155307864067
2025-09-21 17:20:26,380|line:527| 官方 或 预约 OUT！
2025-09-21 17:20:26,380|line:520| https://t.bilibili.com/1112749593214320645
2025-09-21 17:20:28,773|line:527| 官方 或 预约 OUT！
2025-09-21 17:20:28,774|line:520| https://t.bilibili.com/1113938212528586802
2025-09-21 17:20:30,142|line:527| 官方 或 预约 OUT！
2025-09-21 17:20:30,143|line:520| https://t.bilibili.com/1108725320483078144
2025-09-21 17:20:34,471|line:527| 官方 或 预约 OUT！
2025-09-21 17:20:34,471|line:520| https://t.bilibili.com/1112699410801754117
2025-09-21 17:20:38,864|line:527| 官方 或 预约 OUT！
2025-09-21 17:20:38,864|line:520| https://t.bilibili.com/1111308361050095637
2025-09-21 17:20:43,227|line:527| 官方 或 预约 OUT！
2025-09-21 17:20:43,227|line:520| https://t.bilibili.com/1111570311166296066
2025-09-21 17:20:45,592|line:527| 官方 或 预约 OUT！
2025-09-21 17:20:45,593|line:520| https://t.bilibili.com/1113141453139214344
2025-09-21 17:20:46,941|line:527| 官方 或 预约 OUT！
2025-09-21 17:20:46,942|line:520| https://t.bilibili.com/1114183356384280632
2025-09-21 17:20:49,296|line:527| 官方 或 预约 OUT！
2025-09-21 17:20:49,297|line:520| https://t.bilibili.com/1103465772264456200
2025-09-21 17:20:53,604|line:527| 官方 或 预约 OUT！
2025-09-21 17:20:53,604|line:520| https://t.bilibili.com/1111720957097017369
2025-09-21 17:20:56,962|line:527| 官方 或 预约 OUT！
2025-09-21 17:20:56,963|line:520| https://t.bilibili.com/1114166339694493701
2025-09-21 17:20:59,287|line:527| 官方 或 预约 OUT！
2025-09-21 17:20:59,287|line:520| https://t.bilibili.com/1108997526918266902
2025-09-21 17:21:03,640|line:527| 官方 或 预约 OUT！
2025-09-21 17:21:03,640|line:520| https://t.bilibili.com/1107567126748594184
2025-09-21 17:21:05,002|line:527| 官方 或 预约 OUT！
2025-09-21 17:21:05,002|line:520| https://t.bilibili.com/1107988518858129429
2025-09-21 17:21:09,366|line:527| 官方 或 预约 OUT！
2025-09-21 17:21:09,366|line:520| https://t.bilibili.com/1112698998503768065
2025-09-21 17:21:11,721|line:527| 官方 或 预约 OUT！
2025-09-21 17:21:11,722|line:520| https://t.bilibili.com/1114526734679539729
2025-09-21 17:21:13,088|line:527| 官方 或 预约 OUT！
2025-09-21 17:21:13,088|line:520| https://t.bilibili.com/1113534107613134848
2025-09-21 17:21:17,412|line:527| 官方 或 预约 OUT！
2025-09-21 17:21:17,413|line:520| https://t.bilibili.com/1112711045884936210
2025-09-21 17:21:17,413|line:522| 已有
2025-09-21 17:21:17,413|line:520| https://t.bilibili.com/1114184966949830674
2025-09-21 17:21:21,785|line:527| 官方 或 预约 OUT！
2025-09-21 17:21:21,785|line:520| https://t.bilibili.com/1111645696427032580
2025-09-21 17:21:23,191|line:527| 官方 或 预约 OUT！
2025-09-21 17:21:23,191|line:520| https://t.bilibili.com/1105003482262274088
2025-09-21 17:21:25,499|line:527| 官方 或 预约 OUT！
2025-09-21 17:21:25,500|line:520| https://t.bilibili.com/1113117740618481669
2025-09-21 17:21:26,810|line:527| 官方 或 预约 OUT！
2025-09-21 17:21:26,810|line:520| https://t.bilibili.com/1099721548631113762
2025-09-21 17:21:29,199|line:527| 官方 或 预约 OUT！
2025-09-21 17:21:29,200|line:520| https://t.bilibili.com/1112698723609083904
2025-09-21 17:21:30,541|line:527| 官方 或 预约 OUT！
2025-09-21 17:21:30,541|line:520| https://t.bilibili.com/1112328213929918466
2025-09-21 17:21:34,852|line:527| 官方 或 预约 OUT！
2025-09-21 17:21:34,853|line:520| https://t.bilibili.com/1114183274741104729
2025-09-21 17:21:37,218|line:527| 官方 或 预约 OUT！
2025-09-21 17:21:37,218|line:520| https://t.bilibili.com/1110086868063485954
2025-09-21 17:21:40,547|line:527| 官方 或 预约 OUT！
2025-09-21 17:21:40,548|line:520| https://t.bilibili.com/1095371408167403575
2025-09-21 17:21:43,878|line:527| 官方 或 预约 OUT！
2025-09-21 17:21:43,879|line:520| https://t.bilibili.com/1113515570556305417
2025-09-21 17:21:46,214|line:527| 官方 或 预约 OUT！
2025-09-21 17:21:46,215|line:520| https://t.bilibili.com/1106476982443442178
2025-09-21 17:21:48,523|line:527| 官方 或 预约 OUT！
2025-09-21 17:21:48,523|line:520| https://t.bilibili.com/1113443818817978373
2025-09-21 17:21:52,898|line:527| 官方 或 预约 OUT！
2025-09-21 17:21:52,899|line:520| https://t.bilibili.com/1114118485153153032
2025-09-21 17:21:57,341|line:527| 官方 或 预约 OUT！
2025-09-21 17:21:57,342|line:520| https://t.bilibili.com/1107258610613747746
2025-09-21 17:22:00,667|line:527| 官方 或 预约 OUT！
2025-09-21 17:22:00,667|line:520| https://t.bilibili.com/1113152796156231701
2025-09-21 17:22:04,006|line:527| 官方 或 预约 OUT！
2025-09-21 17:22:04,006|line:520| https://t.bilibili.com/1113425642536304705
2025-09-21 17:22:06,425|line:527| 官方 或 预约 OUT！
2025-09-21 17:22:06,426|line:520| https://t.bilibili.com/1112698934023684096
2025-09-21 17:22:09,781|line:527| 官方 或 预约 OUT！
2025-09-21 17:22:09,782|line:520| https://t.bilibili.com/1114336858464059416
2025-09-21 17:22:13,140|line:527| 官方 或 预约 OUT！
2025-09-21 17:22:13,140|line:520| https://t.bilibili.com/1113420995374350336
2025-09-21 17:22:14,471|line:347| 'NoneType' object has no attribute 'get'
2025-09-21 17:22:14,471|line:348| error line:329
2025-09-21 17:22:14,471|line:534| *#*#*#*#*#*#*#*#*#*原动态处理失败*#*#*#*#*#*#*#*#*#
2025-09-21 17:22:14,472|line:520| https://t.bilibili.com/1105294049673216041
2025-09-21 17:22:17,776|line:527| 官方 或 预约 OUT！
2025-09-21 17:22:17,776|line:520| https://t.bilibili.com/1113074060767526933
2025-09-21 17:22:19,311|line:527| 官方 或 预约 OUT！
2025-09-21 17:22:19,312|line:520| https://t.bilibili.com/1113203090208587794
2025-09-21 17:22:23,631|line:527| 官方 或 预约 OUT！
2025-09-21 17:22:23,631|line:520| https://t.bilibili.com/1113131862468853793
2025-09-21 17:22:24,954|line:527| 官方 或 预约 OUT！
2025-09-21 17:22:24,955|line:520| https://t.bilibili.com/1107249415140147216
2025-09-21 17:22:27,290|line:527| 官方 或 预约 OUT！
2025-09-21 17:22:27,290|line:520| https://t.bilibili.com/1109821894402506773
2025-09-21 17:22:29,617|line:527| 官方 或 预约 OUT！
2025-09-21 17:22:29,617|line:520| https://t.bilibili.com/1109124245670068244
2025-09-21 17:22:32,963|line:527| 官方 或 预约 OUT！
2025-09-21 17:22:32,963|line:520| https://t.bilibili.com/1111251040473186306
2025-09-21 17:22:37,284|line:527| 官方 或 预约 OUT！
2025-09-21 17:22:37,284|line:520| https://t.bilibili.com/1113410257920458773
2025-09-21 17:22:41,684|line:527| 官方 或 预约 OUT！
2025-09-21 17:22:41,684|line:520| https://t.bilibili.com/1112760764411674641
2025-09-21 17:22:44,014|line:527| 官方 或 预约 OUT！
2025-09-21 17:22:44,014|line:520| https://t.bilibili.com/1111307042526593040
2025-09-21 17:22:48,321|line:527| 官方 或 预约 OUT！
2025-09-21 17:22:48,322|line:520| https://t.bilibili.com/1111301596508061697
2025-09-21 17:22:50,655|line:527| 官方 或 预约 OUT！
2025-09-21 17:22:50,655|line:520| https://t.bilibili.com/1113162880742588437
2025-09-21 17:22:55,020|line:527| 官方 或 预约 OUT！
2025-09-21 17:22:55,021|line:520| https://t.bilibili.com/1111238645143044105
2025-09-21 17:22:58,357|line:527| 官方 或 预约 OUT！
2025-09-21 17:22:58,357|line:520| https://t.bilibili.com/1099475240864448519
2025-09-21 17:22:59,714|line:527| 官方 或 预约 OUT！
2025-09-21 17:22:59,714|line:520| https://t.bilibili.com/1112684962537013249
2025-09-21 17:23:04,047|line:527| 官方 或 预约 OUT！
2025-09-21 17:23:04,047|line:520| https://t.bilibili.com/1112369656058871809
2025-09-21 17:23:06,445|line:527| 官方 或 预约 OUT！
2025-09-21 17:23:06,446|line:520| https://t.bilibili.com/1110964235411652613
2025-09-21 17:23:07,755|line:527| 官方 或 预约 OUT！
2025-09-21 17:23:07,755|line:520| https://t.bilibili.com/1113425994684825600
2025-09-21 17:23:09,115|line:527| 官方 或 预约 OUT！
2025-09-21 17:23:09,116|line:520| https://t.bilibili.com/1105771207639171074
2025-09-21 17:23:13,483|line:527| 官方 或 预约 OUT！
2025-09-21 17:23:13,483|line:520| https://t.bilibili.com/1105713753886818329
2025-09-21 17:23:17,819|line:527| 官方 或 预约 OUT！
2025-09-21 17:23:17,819|line:520| https://t.bilibili.com/1109422256237314057
2025-09-21 17:23:21,128|line:527| 官方 或 预约 OUT！
2025-09-21 17:23:21,128|line:520| https://t.bilibili.com/1112697834547707906
2025-09-21 17:23:25,522|line:527| 官方 或 预约 OUT！
2025-09-21 17:23:25,523|line:520| https://t.bilibili.com/1110163168188956727
2025-09-21 17:23:26,932|line:527| 官方 或 预约 OUT！
2025-09-21 17:23:26,932|line:520| https://t.bilibili.com/1114152522763730960
2025-09-21 17:23:30,306|line:527| 官方 或 预约 OUT！
2025-09-21 17:23:30,306|line:520| https://t.bilibili.com/1106513042987810821
2025-09-21 17:23:34,632|line:527| 官方 或 预约 OUT！
2025-09-21 17:23:34,632|line:553| 执行结束
2025-09-21 17:23:34,632|line:559| ==================================================2025-09-22 01:23==================================================
2025-09-21 17:23:34,632|line:233| processing article 43108053
2025-09-21 17:23:39,626|line:508| ==================================================2025-09-22 01:23==================================================
2025-09-21 17:23:39,627|line:233| processing article 43105805
2025-09-21 17:23:42,609|line:508| ==================================================2025-09-22 01:23==================================================
2025-09-21 17:23:42,609|line:233| processing article 43103658
2025-09-21 17:23:44,518|line:508| ==================================================2025-09-22 01:23==================================================
2025-09-21 17:23:44,518|line:233| processing article 43103650
2025-09-21 17:23:49,444|line:508| ==================================================2025-09-22 01:23==================================================
2025-09-21 17:23:56,341|line:579| ('reply: ', '小闪闪bling', 'hhh腾子买库洛让我感觉他自己有点不太想出大世界了')
2025-09-21 17:23:56,342|line:579| ('reply: ', '我不是可洛蒂娅', '不是，这……')
2025-09-21 17:23:56,342|line:579| ('reply: ', '好像都是一个人', '你在说什么')
2025-09-21 17:23:56,342|line:579| ('reply: ', '目标咨询', '太宠粉了啊')
2025-09-21 17:23:56,342|line:579| ('reply: ', '数玩工场', '祝你成功')
2025-09-21 17:23:56,342|line:579| ('reply: ', '益家有小佰', '恭喜宝子，获得小电视月度会员1份和克刻冰冰猴喉糖随机口味1份～记得私信小佰提供信息哦~')
2025-09-21 17:23:56,342|line:579| ('reply: ', '圆环之理-Madoka', '是的')
2025-09-21 17:23:56,342|line:579| ('reply: ', '兰的三姨', '这就是银河巨星的实力！')
2025-09-21 17:23:56,343|line:579| ('reply: ', '花园百合铃音', '有男不玩，我只吃麻辣火锅，xxn滚[吃瓜]')
2025-09-21 17:23:56,343|line:579| ('reply: ', '是绝赞的阿鬼', '[tv_难过]')
2025-09-21 17:23:56,343|line:579| ('reply: ', '桃稚不幼稚', '还行')
2025-09-21 17:23:56,343|line:579| ('reply: ', '陌罔子吖', '佬，这个报名有啥条件不。最近太非了，想下次报来抽[脱单doge][脱单doge][脱单doge]')
2025-09-21 17:23:56,343|line:579| ('reply: ', '太二酸菜鱼', '恭喜成为本期欧皇[打call]获得【肥龙联名显眼包】1份，在收到本信息的两天内回复哥的私信哦~逾期哥就自己收啦！[脱单doge]')
2025-09-21 17:23:56,343|line:579| ('reply: ', '得一想二的松鼠', '中奖分我一半')
2025-09-21 17:23:56,343|line:579| ('reply: ', '佑凉Uriyoo', '谢谢！！！[UP_24967030_感恩]')
2025-09-21 17:23:56,343|line:579| ('reply: ', '岛莓祁', '好耶')
2025-09-21 17:23:56,343|line:579| ('reply: ', '苏酥_SUSU_', 'https://b23.tv/3HJcDkm')
2025-09-21 17:23:56,343|line:579| ('reply: ', '心想事成イ', 'I[UP_410636303_比心鸟][UP_410636303_比心鸟][UP_410636303_比心鸟]')
2025-09-21 17:23:56,344|line:579| ('reply: ', 'FWF第五人格娱乐赛', '加油[doge]')
2025-09-21 17:23:56,344|line:579| ('reply: ', '神奇猫咪_有钱哒', '好耶')
2025-09-21 17:23:59,761|line:588| ('at: ', '联想拯救者官方', '是我喜欢的奖品名单 直接开奖 上 趁现在没人偷摸开个奖 恭喜这些小伙伴 【拯救者7.1声卡H7游戏耳机】获奖名单 @泪水打湿猪脚饭o @xoomoon @小小Shaun @T山海连云T @超超超超薄脆饼干 @BerboomC 【拯救者C140氮化镓适配器】获奖名单 @改个天凉好个秋 @夜猫子牙不好 @LLL好久不见 @林殇倾慕婉 @今天也要拥抱微风 @洳不及我万一 @胜利の天平 【白金独角兽电竞鼠标】获奖名单 @底片上的诗旅人 【拯救者C170氮化镓适配器】获奖名单 @麦當劳无限好 @無名丶の辈 @任性的提莫 @广东有暖风 由于B站私信规则修改 我会私信中奖的小伙伴一条消息，还请注意查收并回复我您的收货地址与联系方式，奖品基本会在私信您信息后的三十个工作日内发货')
2025-09-21 17:23:59,761|line:588| ('at: ', 'Apexgaming艾湃电竞', '恭喜 @小小Shaun 获得饮料一份，三天内联系我，过时不候！')
2025-09-21 17:23:59,761|line:588| ('at: ', '喜欢白毛有什么不好', '1 @浪子游2fans6@被_____打下来的飞机@拉斯特臣后面一个点@专心致志的学生@猫猫头OmMeow@小小Shaun@龐門左道@啦啦痴痴腻@bili_66938050009@日月星辰668')
2025-09-21 17:23:59,761|line:588| ('at: ', 'iKF蓝牙耳机', '恭喜@小小Shaun 宝子成为苏泊尔福利动态幸运儿！\n注意：即日起72小时内回复信息确认领奖哦！逾期将自动视为放弃中奖资格。\n没有中奖的宝子们不要气馁，参与一下下置顶视频iKF Mars，增加欧气值，说不定下个幸运儿就是你！\n链接：\nhttps://www.bilibili.com/video/BV1Soo6YLEHZ/?spm_id_from=333.1387.list.card_archive.click&vd_source=21fb0967ccc75e6b3b2447ade2c740dd\n还没参与抽奖的宝子们，赶紧点击上方链接参与吧！还有特别福利惊喜等你哦~')
2025-09-21 17:23:59,761|line:588| ('at: ', 'wellymerck威利默克', '恭喜@小小Shaun\xa0 获得《我是你的小狗3 永远等你回家》1本，请于5天内联系威宝，凭关注+互动截图领取奖品，逾期作废~')
2025-09-21 17:23:59,762|line:588| ('at: ', '宁美NINGMEI', '恭喜@小小Shaun   中奖，请在12月1日24点前私信我：1. 奖品+中奖信息a. 实物奖：姓名电话地址，给文字！省市区路清晰，提交不清晰不发奖，信息错误致无法签收，概不负责；\n\nb. 现金红包给到支付宝实名+账号；\n\nc. 京东卡/猫超卡 等购物卡给到姓名+电话；2. 宁美和品牌方关注截图+转发截图！\n\n必须关注品牌方，否则奖品不予发放；如遇无法私信图片的情况，等待我回复后即可发送图片。PS： \n\n因后台收信有时会出问题，以回复“已登记”为准，没有回复即表示私信未收到。\n\n过期视为自动放弃，不会补发；奖品30个工作日内发送，勿催哦~\n\n不发全，不回复。其他小伙伴请继续努力！')
2025-09-21 17:23:59,762|line:588| ('at: ', '爱玛电动车官方账号', '#一“玛”当先榜# 快来看看10月都是谁和爱玛酱互动最多呀~ 💕恭喜@小小Shaun 和@甘瑞凯拉莎 排行第一！这两位小玛达将会获得【爱玛随机周边×1】，请5天内私信爱玛酱领奖哟~[鼓掌] 以后也请继续单推我无敌可爱美少女爱玛酱呀嘿嘿！(●´З｀●)')
2025-09-21 17:23:59,762|line:588| ('at: ', '爱玛电动车官方账号', '')
2025-09-21 17:23:59,762|line:588| ('at: ', '海露滴眼液', '互动榜出炉啦')
2025-09-21 17:23:59,762|line:588| ('at: ', '和蔼可亲桃白白', '\u200b//@九号公司:\u200b恭喜@小小Shaun 中奖！后续记得查收私信哟～\u200b//@九号公司:#互动抽奖# 谢谢粒粒的复工礼！小九也来加个码~关注【@微粒贷+@九号公司 】并转发该动态，抽一位小可爱获得【100元京东卡】~ #供电局福利社# 10月31日抽出！')
2025-09-21 17:23:59,762|line:588| ('at: ', '望大家身体健康快乐', '\u200b//@九号公司:\u200b恭喜@小小Shaun 中奖！后续记得查收私信哟～\u200b//@九号公司 :#互动抽奖# 谢谢粒粒的复工礼！小九也来加个码~关注【@微粒贷+@九号公司 】并转发该动态，抽一位小可爱获得【100元京东卡】~ #供电局福利社# 10月31日抽出！')
2025-09-21 17:23:59,762|line:588| ('at: ', 'MoMA_Reona', '//@九号公司:\u200b恭喜@小小Shaun 中奖！后续记得查收私信哟～\u200b//@九号公司:#互动抽奖# 谢谢粒粒的复工礼！小九也来加个码~关注【@微粒贷+@九号公司 】并转发该动态，抽一位小可爱获得【100元京东卡】~ #供电局福利社# 10月31日抽出！')
2025-09-21 17:23:59,762|line:588| ('at: ', '摸鱼二队', '\u200b//@九号公司:\u200b恭喜@小小Shaun 中奖！后续记得查收私信哟～\u200b//@九号公司 :#互动抽奖# 谢谢粒粒的复工礼！小九也来加个码~关注【@微粒贷+@九号公司 】并转发该动态，抽一位小可爱获得【100元京东卡】~ #供电局福利社# 10月31日抽出！')
2025-09-21 17:23:59,762|line:588| ('at: ', '文少嘅一些事一些情', '\u200b//@九号公司:\u200b恭喜@小小Shaun 中奖！后续记得查收私信哟～\u200b//@九号公司 :#互动抽奖# 谢谢粒粒的复工礼！小九也来加个码~关注【@微粒贷+@九号公司 】并转发该动态，抽一位小可爱获得【100元京东卡】~ #供电局福利社# 10月31日抽出！')
2025-09-21 17:23:59,762|line:588| ('at: ', 'Carry队友的嘟嘟酱丶', '\u200b//@九号公司:\u200b恭喜@小小Shaun 中奖！后续记得查收私信哟～\u200b//@九号公司 :#互动抽奖# 谢谢粒粒的复工礼！小九也来加个码~关注【@微粒贷+@九号公司 】并转发该动态，抽一位小可爱获得【100元京东卡】~ #供电局福利社# 10月31日抽出！')
2025-09-21 17:23:59,763|line:588| ('at: ', '蛤蟆zero', '//@九号公司:\u200b恭喜@小小Shaun 中奖！后续记得查收私信哟～\u200b//@九号公司:#互动抽奖# 谢谢粒粒的复工礼！小九也来加个码~关注【@微粒贷+@九号公司 】并转发该动态，抽一位小可爱获得【100元京东卡】~ #供电局福利社# 10月31日抽出！c冲冲冲')
2025-09-21 17:23:59,763|line:588| ('at: ', '木而各子要吃笃栗子', '\u200b//@九号公司:\u200b恭喜@小小Shaun 中奖！后续记得查收私信哟～\u200b//@九号公司 :#互动抽奖# 谢谢粒粒的复工礼！小九也来加个码~关注【@微粒贷+@九号公司 】并转发该动态，抽一位小可爱获得【100元京东卡】~ #供电局福利社# 10月31日抽出！')
2025-09-21 17:23:59,763|line:588| ('at: ', '裙下愚臣情默默', '\u200b//@九号公司:\u200b恭喜@小小Shaun 中奖！后续记得查收私信哟～\u200b//@九号公司 :#互动抽奖# 谢谢粒粒的复工礼！小九也来加个码~关注【@微粒贷+@九号公司 】并转发该动态，抽一位小可爱获得【100元京东卡】~ #供电局福利社# 10月31日抽出！')
2025-09-21 17:23:59,763|line:588| ('at: ', '戊子毕宿', '')
2025-09-21 17:23:59,763|line:588| ('at: ', '九号电动', '\u200b恭喜@小小Shaun 中奖！后续记得查收私信哟～\u200b//@九号公司:#互动抽奖# 谢谢粒粒的复工礼！小九也来加个码~关注【@微粒贷+@九号公司 】并转发该动态，抽一位小可爱获得【100元京东卡】~ #供电局福利社# 10月31日抽出！')
