2025-04-09 16:35:15,081|line:233| processing article 41285707
2025-04-09 16:35:18,973|line:508| ==================================================2025-04-10 00:35==================================================
2025-04-09 16:35:18,974|line:520| https://t.bilibili.com/1053487619375104003
2025-04-09 16:35:22,564|line:342| =========此为源动态=========
2025-04-09 16:35:26,844|line:363| *********子动态开始*********
2025-04-09 16:35:26,844|line:382| *********子动态结束*********
2025-04-09 16:35:26,844|line:538| -=-=-=-=处理回最初的动态-=-=-=-=
2025-04-09 16:35:33,761|line:476| 转发成功 1053891056436772900
2025-04-09 16:35:37,066|line:495| 评论发送成功
2025-04-09 16:35:38,495|line:425| 652239032 === 已经关注了
2025-04-09 16:35:41,726|line:504| 动态-点赞 0
2025-04-09 16:35:43,727|line:520| https://t.bilibili.com/1045891851651907593
2025-04-09 16:35:45,940|line:337| =========此为子动态=========
2025-04-09 16:35:47,211|line:388| *************原动态处理开始***************
2025-04-09 16:35:52,986|line:476| 转发成功 1053891138012839944
2025-04-09 16:35:56,284|line:495| 评论发送成功
2025-04-09 16:36:00,569|line:425| 268035532 === 已经关注了
2025-04-09 16:36:03,803|line:504| 动态-点赞 0
2025-04-09 16:36:03,804|line:397| *************原动态处理完成***************
2025-04-09 16:36:07,213|line:363| *********子动态开始*********
2025-04-09 16:36:16,387|line:476| 转发成功 1053891241095200774
2025-04-09 16:36:19,741|line:495| 评论发送成功
2025-04-09 16:36:26,247|line:425| 1024366005 === 已经关注了
2025-04-09 16:36:26,248|line:377| ----完成一个子动态----
2025-04-09 16:36:32,161|line:476| 转发成功 1053891309823066117
2025-04-09 16:36:35,469|line:495| 评论发送成功
2025-04-09 16:36:41,060|line:425| 346469145 === 已经关注了
2025-04-09 16:36:41,060|line:377| ----完成一个子动态----
2025-04-09 16:36:41,061|line:382| *********子动态结束*********
2025-04-09 16:36:45,062|line:520| https://t.bilibili.com/1053306893645119525
2025-04-09 16:36:46,276|line:342| =========此为源动态=========
2025-04-09 16:36:47,547|line:363| *********子动态开始*********
2025-04-09 16:36:47,548|line:382| *********子动态结束*********
2025-04-09 16:36:47,548|line:538| -=-=-=-=处理回最初的动态-=-=-=-=
2025-04-09 16:36:54,410|line:476| 转发成功 1053891404288229379
2025-04-09 16:36:57,726|line:495| 评论发送成功
2025-04-09 16:37:02,182|line:425| 211546822 === 已经关注了
2025-04-09 16:37:05,449|line:504| 动态-点赞 0
2025-04-09 16:37:09,449|line:520| https://t.bilibili.com/1053426517022867461
2025-04-09 16:37:12,658|line:527| 官方 或 预约 OUT！
2025-04-09 16:37:12,658|line:520| https://t.bilibili.com/1053326487277535250
2025-04-09 16:37:15,878|line:527| 官方 或 预约 OUT！
2025-04-09 16:37:15,878|line:520| https://t.bilibili.com/1044025280313688067
2025-04-09 16:37:20,087|line:527| 官方 或 预约 OUT！
2025-04-09 16:37:20,087|line:520| https://t.bilibili.com/1053373444143448068
2025-04-09 16:37:22,299|line:527| 官方 或 预约 OUT！
2025-04-09 16:37:22,299|line:520| https://t.bilibili.com/1053402579068780547
2025-04-09 16:37:26,519|line:342| =========此为源动态=========
2025-04-09 16:37:30,950|line:363| *********子动态开始*********
2025-04-09 16:37:30,951|line:382| *********子动态结束*********
2025-04-09 16:37:30,951|line:538| -=-=-=-=处理回最初的动态-=-=-=-=
2025-04-09 16:37:40,806|line:476| 转发成功 1053891601880842260
2025-04-09 16:37:44,112|line:495| 评论发送成功
2025-04-09 16:37:45,442|line:425| 473965081 === 已经关注了
2025-04-09 16:37:48,855|line:504| 动态-点赞 0
2025-04-09 16:37:52,855|line:520| https://t.bilibili.com/1051521995392417796
2025-04-09 16:37:54,070|line:527| 官方 或 预约 OUT！
2025-04-09 16:37:54,070|line:520| https://t.bilibili.com/1052212024880136213
2025-04-09 16:37:57,283|line:527| 官方 或 预约 OUT！
2025-04-09 16:37:57,283|line:520| https://t.bilibili.com/1053133415617921024
2025-04-09 16:37:58,499|line:527| 官方 或 预约 OUT！
2025-04-09 16:37:58,499|line:520| https://t.bilibili.com/1050346870896853001
2025-04-09 16:37:58,500|line:522| 已有
2025-04-09 16:37:58,500|line:520| https://t.bilibili.com/1053291831146577926
2025-04-09 16:38:01,721|line:342| =========此为源动态=========
2025-04-09 16:38:06,143|line:363| *********子动态开始*********
2025-04-09 16:38:06,143|line:382| *********子动态结束*********
2025-04-09 16:38:06,143|line:538| -=-=-=-=处理回最初的动态-=-=-=-=
2025-04-09 16:38:16,989|line:476| 转发成功 1053891756516442115
2025-04-09 16:38:20,454|line:495| 评论发送成功
2025-04-09 16:38:24,893|line:425| 2140091933 === 已经关注了
2025-04-09 16:38:28,135|line:504| 动态-点赞 0
2025-04-09 16:38:29,136|line:520| https://t.bilibili.com/1053108839791984708
2025-04-09 16:38:32,343|line:527| 官方 或 预约 OUT！
2025-04-09 16:38:32,343|line:520| https://t.bilibili.com/1043419410729009156
2025-04-09 16:38:36,549|line:527| 官方 或 预约 OUT！
2025-04-09 16:38:36,550|line:520| https://t.bilibili.com/1053307890082775042
2025-04-09 16:38:38,753|line:342| =========此为源动态=========
2025-04-09 16:38:40,999|line:363| *********子动态开始*********
2025-04-09 16:38:40,999|line:382| *********子动态结束*********
2025-04-09 16:38:40,999|line:538| -=-=-=-=处理回最初的动态-=-=-=-=
2025-04-09 16:38:49,875|line:476| 转发成功 1053891898228342852
2025-04-09 16:38:53,195|line:495| 评论发送成功
2025-04-09 16:38:57,480|line:425| 526479088 === 已经关注了
2025-04-09 16:39:00,711|line:504| 动态-点赞 0
2025-04-09 16:39:01,711|line:520| https://t.bilibili.com/1053458291205603334
2025-04-09 16:39:02,923|line:342| =========此为源动态=========
2025-04-09 16:39:04,155|line:363| *********子动态开始*********
2025-04-09 16:39:04,155|line:382| *********子动态结束*********
2025-04-09 16:39:04,155|line:538| -=-=-=-=处理回最初的动态-=-=-=-=
2025-04-09 16:39:14,209|line:476| 转发成功 1053892005586796553
2025-04-09 16:39:17,523|line:495| 评论发送成功
2025-04-09 16:39:20,808|line:425| 430040367 === 已经关注了
2025-04-09 16:39:24,041|line:504| 动态-点赞 0
2025-04-09 16:39:26,041|line:520| https://t.bilibili.com/1047865019723677701
2025-04-09 16:39:26,041|line:522| 已有
2025-04-09 16:39:26,042|line:520| https://t.bilibili.com/1053325344798408710
2025-04-09 16:39:29,252|line:527| 官方 或 预约 OUT！
2025-04-09 16:39:29,252|line:520| https://t.bilibili.com/1053418040956289031
2025-04-09 16:39:33,533|line:342| =========此为源动态=========
2025-04-09 16:39:38,113|line:363| *********子动态开始*********
2025-04-09 16:39:38,113|line:382| *********子动态结束*********
2025-04-09 16:39:38,114|line:538| -=-=-=-=处理回最初的动态-=-=-=-=
2025-04-09 16:39:44,940|line:476| 转发成功 1053892134427426817
2025-04-09 16:39:48,252|line:495| 评论发送成功
2025-04-09 16:39:49,534|line:425| 1923908090 === 已经关注了
2025-04-09 16:39:53,171|line:504| 动态-点赞 0
2025-04-09 16:39:55,171|line:520| https://t.bilibili.com/1053364721047044100
2025-04-09 16:39:59,566|line:342| =========此为源动态=========
2025-04-09 16:40:01,005|line:363| *********子动态开始*********
2025-04-09 16:40:12,056|line:476| 转发成功 1053892250441875461
2025-04-09 16:40:15,371|line:495| 评论发送成功
2025-04-09 16:40:21,948|line:425| 521950960 === 已经关注了
2025-04-09 16:40:21,948|line:377| ----完成一个子动态----
2025-04-09 16:40:28,829|line:476| 转发成功 1053892323435347969
2025-04-09 16:40:32,337|line:495| 评论发送成功
2025-04-09 16:40:36,904|line:425| 258852214 === 已经关注了
2025-04-09 16:40:36,905|line:377| ----完成一个子动态----
2025-04-09 16:40:45,124|line:476| 转发成功 1053892396422529028
2025-04-09 16:40:48,577|line:495| 评论发送成功
2025-04-09 16:40:54,083|line:425| 63414376 === 已经关注了
2025-04-09 16:40:54,083|line:377| ----完成一个子动态----
2025-04-09 16:41:00,163|line:476| 转发成功 1053892460900515849
2025-04-09 16:41:03,493|line:495| 评论发送成功
2025-04-09 16:41:06,006|line:425| 628831867 === 已经关注了
2025-04-09 16:41:06,007|line:377| ----完成一个子动态----
2025-04-09 16:41:06,007|line:382| *********子动态结束*********
2025-04-09 16:41:06,007|line:538| -=-=-=-=处理回最初的动态-=-=-=-=
2025-04-09 16:41:14,855|line:476| 转发成功 1053892520998600710
2025-04-09 16:41:18,179|line:495| 评论发送成功
2025-04-09 16:41:24,821|line:437| 关注 ==== 3546880040503732 0
2025-04-09 16:41:28,062|line:504| 动态-点赞 0
2025-04-09 16:41:29,062|line:520| https://t.bilibili.com/1053329626884997142
2025-04-09 16:41:33,432|line:527| 官方 或 预约 OUT！
2025-04-09 16:41:33,432|line:520| https://t.bilibili.com/1053295975802601477
2025-04-09 16:41:34,642|line:342| =========此为源动态=========
2025-04-09 16:41:38,064|line:363| *********子动态开始*********
2025-04-09 16:41:38,064|line:382| *********子动态结束*********
2025-04-09 16:41:38,064|line:538| -=-=-=-=处理回最初的动态-=-=-=-=
2025-04-09 16:41:47,929|line:476| 转发成功 1053892662732521474
2025-04-09 16:41:51,248|line:495| 评论发送成功
2025-04-09 16:41:54,542|line:425| 477316442 === 已经关注了
2025-04-09 16:41:57,789|line:504| 动态-点赞 0
2025-04-09 16:42:01,790|line:520| https://t.bilibili.com/1043335615930695687
2025-04-09 16:42:03,001|line:342| =========此为源动态=========
2025-04-09 16:42:07,296|line:363| *********子动态开始*********
2025-04-09 16:42:07,296|line:382| *********子动态结束*********
2025-04-09 16:42:07,297|line:538| -=-=-=-=处理回最初的动态-=-=-=-=
2025-04-09 16:42:18,337|line:476| 转发成功 1053892795907964936
2025-04-09 16:42:21,760|line:495| 评论发送成功
2025-04-09 16:42:23,049|line:425| 652205462 === 已经关注了
2025-04-09 16:42:26,273|line:504| 动态-点赞 0
2025-04-09 16:42:30,273|line:520| https://t.bilibili.com/1046030480311320616
2025-04-09 16:42:33,484|line:527| 官方 或 预约 OUT！
2025-04-09 16:42:33,484|line:520| https://t.bilibili.com/1053326723512270853
2025-04-09 16:42:37,697|line:342| =========此为源动态=========
2025-04-09 16:42:39,940|line:363| *********子动态开始*********
2025-04-09 16:42:39,940|line:382| *********子动态结束*********
2025-04-09 16:42:39,941|line:538| -=-=-=-=处理回最初的动态-=-=-=-=
2025-04-09 16:42:46,881|line:476| 转发成功 1053892916135591943
2025-04-09 16:42:50,185|line:495| 评论发送成功
2025-04-09 16:42:52,470|line:425| 703405 === 已经关注了
2025-04-09 16:42:55,703|line:504| 动态-点赞 0
2025-04-09 16:42:58,704|line:520| https://t.bilibili.com/1053348443158740992
2025-04-09 16:43:02,086|line:342| =========此为源动态=========
2025-04-09 16:43:05,501|line:363| *********子动态开始*********
2025-04-09 16:43:05,502|line:382| *********子动态结束*********
2025-04-09 16:43:05,502|line:538| -=-=-=-=处理回最初的动态-=-=-=-=
2025-04-09 16:43:16,356|line:476| 转发成功 1053893044963639299
2025-04-09 16:43:19,850|line:495| 评论发送成功
2025-04-09 16:43:23,166|line:425| 357430679 === 已经关注了
2025-04-09 16:43:26,406|line:504| 动态-点赞 0
2025-04-09 16:43:30,407|line:520| https://t.bilibili.com/1052213373466312704
2025-04-09 16:43:33,616|line:527| 官方 或 预约 OUT！
2025-04-09 16:43:33,617|line:520| https://t.bilibili.com/1053426057482338304
2025-04-09 16:43:37,829|line:342| =========此为源动态=========
2025-04-09 16:43:40,074|line:363| *********子动态开始*********
2025-04-09 16:43:40,074|line:382| *********子动态结束*********
2025-04-09 16:43:40,074|line:538| -=-=-=-=处理回最初的动态-=-=-=-=
2025-04-09 16:43:48,085|line:476| 转发成功 1053893178126499864
2025-04-09 16:43:51,392|line:495| 评论发送成功
2025-04-09 16:43:55,951|line:437| 关注 ==== 3493259242375305 0
2025-04-09 16:43:59,180|line:504| 动态-点赞 0
2025-04-09 16:44:00,180|line:520| https://t.bilibili.com/1045964084378337281
2025-04-09 16:44:00,181|line:522| 已有
2025-04-09 16:44:00,181|line:520| https://t.bilibili.com/1050780426329653251
2025-04-09 16:44:04,392|line:527| 官方 或 预约 OUT！
2025-04-09 16:44:04,392|line:520| https://t.bilibili.com/1053325288994242568
2025-04-09 16:44:05,600|line:527| 官方 或 预约 OUT！
2025-04-09 16:44:05,600|line:520| https://t.bilibili.com/1052206179391897605
2025-04-09 16:44:09,816|line:342| =========此为源动态=========
2025-04-09 16:44:11,075|line:363| *********子动态开始*********
2025-04-09 16:44:11,076|line:382| *********子动态结束*********
2025-04-09 16:44:11,076|line:538| -=-=-=-=处理回最初的动态-=-=-=-=
2025-04-09 16:44:22,298|line:476| 转发成功 1053893328443015169
2025-04-09 16:44:25,869|line:495| 评论发送成功
2025-04-09 16:44:30,297|line:425| 40488476 === 已经关注了
2025-04-09 16:44:33,650|line:504| 动态-点赞 0
2025-04-09 16:44:37,650|line:520| https://t.bilibili.com/1053305446202343446
2025-04-09 16:44:38,982|line:337| =========此为子动态=========
2025-04-09 16:44:43,385|line:401| *************原动态已存在***************
2025-04-09 16:44:47,941|line:363| *********子动态开始*********
2025-04-09 16:44:57,212|line:476| 转发成功 1053893478768967688
2025-04-09 16:45:00,664|line:495| 评论发送成功
2025-04-09 16:45:05,491|line:425| 479444311 === 已经关注了
2025-04-09 16:45:05,491|line:377| ----完成一个子动态----
2025-04-09 16:45:13,748|line:476| 转发成功 1053893547492638723
2025-04-09 16:45:17,196|line:495| 评论发送成功
2025-04-09 16:45:25,957|line:425| 1345140518 === 已经关注了
2025-04-09 16:45:25,957|line:377| ----完成一个子动态----
2025-04-09 16:45:25,958|line:382| *********子动态结束*********
2025-04-09 16:45:27,958|line:520| https://t.bilibili.com/1044459149307412486
2025-04-09 16:45:29,416|line:337| =========此为子动态=========
2025-04-09 16:45:33,815|line:388| *************原动态处理开始***************
2025-04-09 16:45:41,771|line:476| 转发成功 1053893667748577280
2025-04-09 16:45:45,168|line:495| 评论发送成功
2025-04-09 16:45:48,453|line:425| 599062482 === 已经关注了
2025-04-09 16:45:51,681|line:504| 动态-点赞 0
2025-04-09 16:45:51,682|line:397| *************原动态处理完成***************
2025-04-09 16:45:53,101|line:363| *********子动态开始*********
2025-04-09 16:45:59,983|line:476| 转发成功 1053893745084203008
2025-04-09 16:46:03,310|line:495| 评论发送成功
2025-04-09 16:46:10,811|line:425| 3546740875594396 === 已经关注了
2025-04-09 16:46:10,811|line:377| ----完成一个子动态----
2025-04-09 16:46:10,812|line:382| *********子动态结束*********
2025-04-09 16:46:12,812|line:520| https://t.bilibili.com/1044171558330826773
2025-04-09 16:46:16,257|line:527| 官方 或 预约 OUT！
2025-04-09 16:46:16,257|line:520| https://t.bilibili.com/1043780338338234377
2025-04-09 16:46:18,638|line:527| 官方 或 预约 OUT！
2025-04-09 16:46:18,639|line:520| https://t.bilibili.com/1053293806849359881
2025-04-09 16:46:22,858|line:342| =========此为源动态=========
2025-04-09 16:46:24,271|line:363| *********子动态开始*********
2025-04-09 16:46:24,271|line:382| *********子动态结束*********
2025-04-09 16:46:24,272|line:538| -=-=-=-=处理回最初的动态-=-=-=-=
2025-04-09 16:46:32,207|line:476| 转发成功 1053893886825463812
2025-04-09 16:46:35,512|line:495| 评论发送成功
2025-04-09 16:46:38,817|line:425| 125086406 === 已经关注了
2025-04-09 16:46:42,051|line:504| 动态-点赞 0
2025-04-09 16:46:44,051|line:520| https://t.bilibili.com/1053325269665841176
2025-04-09 16:46:46,260|line:342| =========此为源动态=========
2025-04-09 16:46:49,509|line:363| *********子动态开始*********
2025-04-09 16:46:49,509|line:382| *********子动态结束*********
2025-04-09 16:46:49,509|line:538| -=-=-=-=处理回最初的动态-=-=-=-=
2025-04-09 16:46:58,334|line:476| 转发成功 1053893998464204806
2025-04-09 16:47:01,672|line:495| 评论发送成功
2025-04-09 16:47:04,965|line:425| 9535164 === 已经关注了
2025-04-09 16:47:08,202|line:504| 动态-点赞 0
2025-04-09 16:47:12,202|line:520| https://t.bilibili.com/1052211591059079204
2025-04-09 16:47:13,410|line:342| =========此为源动态=========
2025-04-09 16:47:14,668|line:363| *********子动态开始*********
2025-04-09 16:47:14,668|line:382| *********子动态结束*********
2025-04-09 16:47:14,668|line:538| -=-=-=-=处理回最初的动态-=-=-=-=
2025-04-09 16:47:23,906|line:476| 转发成功 1053894105841532934
2025-04-09 16:47:27,392|line:495| 评论发送成功
2025-04-09 16:47:31,681|line:425| 1824814640 === 已经关注了
2025-04-09 16:47:35,069|line:504| 动态-点赞 0
2025-04-09 16:47:38,069|line:520| https://t.bilibili.com/1053398518160424962
2025-04-09 16:47:38,069|line:522| 已有
2025-04-09 16:47:38,069|line:520| https://t.bilibili.com/1053354971489107971
2025-04-09 16:47:42,281|line:342| =========此为源动态=========
2025-04-09 16:47:46,695|line:363| *********子动态开始*********
2025-04-09 16:47:57,569|line:476| 转发成功 1053894251856789528
2025-04-09 16:48:00,945|line:495| 评论发送成功
2025-04-09 16:48:06,455|line:425| 505670427 === 已经关注了
2025-04-09 16:48:06,455|line:377| ----完成一个子动态----
2025-04-09 16:48:06,456|line:382| *********子动态结束*********
2025-04-09 16:48:06,456|line:538| -=-=-=-=处理回最初的动态-=-=-=-=
2025-04-09 16:48:15,295|line:476| 转发成功 1053894329182978049
2025-04-09 16:48:18,640|line:495| 评论发送成功
2025-04-09 16:48:22,924|line:425| 520152906 === 已经关注了
2025-04-09 16:48:26,181|line:504| 动态-点赞 0
2025-04-09 16:48:27,181|line:520| https://t.bilibili.com/1051559524809310241
2025-04-09 16:48:29,468|line:527| 官方 或 预约 OUT！
2025-04-09 16:48:29,468|line:520| https://t.bilibili.com/1053479993679544341
2025-04-09 16:48:30,678|line:527| 官方 或 预约 OUT！
2025-04-09 16:48:30,678|line:520| https://t.bilibili.com/1053325499446591527
2025-04-09 16:48:33,891|line:527| 官方 或 预约 OUT！
2025-04-09 16:48:33,891|line:520| https://t.bilibili.com/1053374479242100744
2025-04-09 16:48:35,098|line:342| =========此为源动态=========
2025-04-09 16:48:38,339|line:363| *********子动态开始*********
2025-04-09 16:48:38,339|line:382| *********子动态结束*********
2025-04-09 16:48:38,339|line:538| -=-=-=-=处理回最初的动态-=-=-=-=
2025-04-09 16:48:50,380|line:476| 转发成功 1053894479501590529
2025-04-09 16:48:53,680|line:495| 评论发送成功
2025-04-09 16:48:55,964|line:425| 1024366005 === 已经关注了
2025-04-09 16:48:59,199|line:504| 动态-点赞 0
2025-04-09 16:49:02,199|line:520| https://t.bilibili.com/635932563238551585
2025-04-09 16:49:02,199|line:522| 已有
2025-04-09 16:49:02,199|line:520| https://t.bilibili.com/1051809264294690848
2025-04-09 16:49:05,418|line:527| 官方 或 预约 OUT！
2025-04-09 16:49:05,418|line:520| https://t.bilibili.com/1053295116798656533
2025-04-09 16:49:06,634|line:342| =========此为源动态=========
2025-04-09 16:49:08,873|line:363| *********子动态开始*********
2025-04-09 16:49:08,873|line:382| *********子动态结束*********
2025-04-09 16:49:08,873|line:538| -=-=-=-=处理回最初的动态-=-=-=-=
2025-04-09 16:49:15,740|line:476| 转发成功 1053894586874724372
2025-04-09 16:49:18,971|line:495| 评论发送成功
2025-04-09 16:49:22,255|line:425| 3546740875594396 === 已经关注了
2025-04-09 16:49:25,659|line:504| 动态-点赞 0
2025-04-09 16:49:28,660|line:520| https://t.bilibili.com/1053403448808046617
2025-04-09 16:49:30,863|line:342| =========此为源动态=========
2025-04-09 16:49:33,091|line:363| *********子动态开始*********
2025-04-09 16:49:33,091|line:382| *********子动态结束*********
2025-04-09 16:49:33,091|line:538| -=-=-=-=处理回最初的动态-=-=-=-=
2025-04-09 16:49:39,903|line:476| 转发成功 1053894689936113670
2025-04-09 16:49:43,123|line:495| 评论发送成功
2025-04-09 16:49:45,409|line:425| 40488476 === 已经关注了
2025-04-09 16:49:48,817|line:504| 动态-点赞 0
2025-04-09 16:49:52,817|line:553| 执行结束
2025-04-09 16:49:52,818|line:559| ==================================================2025-04-10 00:49==================================================
2025-04-09 16:49:52,818|line:233| processing article 41286283
2025-04-09 16:49:55,775|line:508| ==================================================2025-04-10 00:49==================================================
2025-04-09 16:49:55,776|line:520| https://t.bilibili.com/1052233658601046018
2025-04-09 16:49:58,985|line:527| 官方 或 预约 OUT！
2025-04-09 16:49:58,985|line:520| https://t.bilibili.com/1051844272558440472
2025-04-09 16:50:01,343|line:527| 官方 或 预约 OUT！
2025-04-09 16:50:01,343|line:520| https://t.bilibili.com/1052697223011237909
2025-04-09 16:50:02,561|line:527| 官方 或 预约 OUT！
2025-04-09 16:50:02,561|line:520| https://t.bilibili.com/1052231055844573232
2025-04-09 16:50:03,780|line:342| =========此为源动态=========
2025-04-09 16:50:07,017|line:363| *********子动态开始*********
2025-04-09 16:50:07,017|line:382| *********子动态结束*********
2025-04-09 16:50:07,017|line:538| -=-=-=-=处理回最初的动态-=-=-=-=
2025-04-09 16:50:15,984|line:476| 转发成功 1053894844557033481
2025-04-09 16:50:19,309|line:495| 评论发送成功
2025-04-09 16:50:24,872|line:437| 关注 ==== 4011478 0
2025-04-09 16:50:28,108|line:504| 动态-点赞 0
2025-04-09 16:50:32,109|line:520| https://t.bilibili.com/1052687177087975446
2025-04-09 16:50:33,333|line:342| =========此为源动态=========
2025-04-09 16:50:34,570|line:363| *********子动态开始*********
2025-04-09 16:50:37,146|line:382| *********子动态结束*********
2025-04-09 16:50:37,146|line:538| -=-=-=-=处理回最初的动态-=-=-=-=
2025-04-09 16:50:45,986|line:476| 转发成功 1053894973403955225
2025-04-09 16:50:49,364|line:495| 评论发送成功
2025-04-09 16:50:51,664|line:425| 686127 === 已经关注了
2025-04-09 16:50:55,065|line:504| 动态-点赞 0
2025-04-09 16:50:58,065|line:520| https://t.bilibili.com/1052724874035855368
2025-04-09 16:51:01,286|line:527| 官方 或 预约 OUT！
2025-04-09 16:51:01,287|line:520| https://t.bilibili.com/1052595724349341714
2025-04-09 16:51:04,505|line:527| 官方 或 预约 OUT！
2025-04-09 16:51:04,505|line:520| https://t.bilibili.com/1052004599424090117
2025-04-09 16:51:05,736|line:342| =========此为源动态=========
2025-04-09 16:51:09,963|line:363| *********子动态开始*********
2025-04-09 16:51:09,963|line:382| *********子动态结束*********
2025-04-09 16:51:09,964|line:538| -=-=-=-=处理回最初的动态-=-=-=-=
2025-04-09 16:51:18,799|line:476| 转发成功 1053895115155701799
2025-04-09 16:51:22,123|line:495| 评论发送成功
2025-04-09 16:51:23,421|line:425| 150896 === 已经关注了
2025-04-09 16:51:26,681|line:504| 动态-点赞 0
2025-04-09 16:51:28,682|line:520| https://t.bilibili.com/1052280323406036997
2025-04-09 16:51:31,906|line:342| =========此为源动态=========
2025-04-09 16:51:33,147|line:363| *********子动态开始*********
2025-04-09 16:51:59,587|line:382| *********子动态结束*********
2025-04-09 16:51:59,587|line:538| -=-=-=-=处理回最初的动态-=-=-=-=
2025-04-09 16:52:08,435|line:476| 转发成功 1053895329885192196
2025-04-09 16:52:11,910|line:495| 评论发送成功
2025-04-09 16:52:16,209|line:425| 686127 === 已经关注了
2025-04-09 16:52:19,442|line:504| 动态-点赞 0
2025-04-09 16:52:22,442|line:520| https://t.bilibili.com/1047115200074874888
2025-04-09 16:52:26,828|line:527| 官方 或 预约 OUT！
2025-04-09 16:52:26,828|line:520| https://t.bilibili.com/1051509286618791956
2025-04-09 16:52:29,042|line:342| =========此为源动态=========
2025-04-09 16:52:32,264|line:363| *********子动态开始*********
2025-04-09 16:52:32,264|line:382| *********子动态结束*********
2025-04-09 16:52:32,265|line:538| -=-=-=-=处理回最初的动态-=-=-=-=
2025-04-09 16:52:42,205|line:476| 转发成功 1053895471634841625
2025-04-09 16:52:45,516|line:495| 评论发送成功
2025-04-09 16:52:53,071|line:437| 关注 ==== 645851000 0
2025-04-09 16:52:56,302|line:504| 动态-点赞 0
2025-04-09 16:52:59,303|line:520| https://t.bilibili.com/1052731818949738498
2025-04-09 16:53:01,512|line:342| =========此为源动态=========
2025-04-09 16:53:02,983|line:363| *********子动态开始*********
2025-04-09 16:53:02,983|line:382| *********子动态结束*********
2025-04-09 16:53:02,983|line:538| -=-=-=-=处理回最初的动态-=-=-=-=
2025-04-09 16:53:15,052|line:476| 转发成功 1053895613363519526
2025-04-09 16:53:18,367|line:495| 评论发送成功
2025-04-09 16:53:21,653|line:425| 11155588 === 已经关注了
2025-04-09 16:53:24,883|line:504| 动态-点赞 0
2025-04-09 16:53:27,884|line:553| 执行结束
2025-04-09 16:53:27,884|line:559| ==================================================2025-04-10 00:53==================================================
2025-04-09 16:53:27,884|line:233| processing article 41283427
2025-04-09 16:53:32,784|line:508| ==================================================2025-04-10 00:53==================================================
2025-04-09 16:53:32,784|line:520| https://t.bilibili.com/1050814884857511943
2025-04-09 16:53:32,784|line:522| 已有
2025-04-09 16:53:32,785|line:520| https://t.bilibili.com/1046259191571808281
2025-04-09 16:53:36,239|line:342| =========此为源动态=========
2025-04-09 16:53:37,509|line:363| *********子动态开始*********
2025-04-09 16:53:47,447|line:476| 转发成功 1053895755101634568
2025-04-09 16:53:50,788|line:495| 评论发送成功
2025-04-09 16:53:56,287|line:425| 479384351 === 已经关注了
2025-04-09 16:53:56,287|line:377| ----完成一个子动态----
2025-04-09 16:54:07,381|line:476| 转发成功 1053895841027194884
2025-04-09 16:54:10,873|line:495| 评论发送成功
2025-04-09 16:54:16,368|line:425| 346469145 === 已经关注了
2025-04-09 16:54:16,368|line:377| ----完成一个子动态----
2025-04-09 16:54:33,908|line:476| 转发成功 1053895952683761665
2025-04-09 16:54:37,253|line:495| 评论发送成功
2025-04-09 16:54:45,757|line:425| 492967553 === 已经关注了
2025-04-09 16:54:45,757|line:377| ----完成一个子动态----
2025-04-09 16:54:54,743|line:476| 转发成功 1053896042856054784
2025-04-09 16:54:58,071|line:495| 评论发送成功
2025-04-09 16:55:05,570|line:425| 628831867 === 已经关注了
2025-04-09 16:55:05,570|line:377| ----完成一个子动态----
2025-04-09 16:55:15,609|line:476| 转发成功 1053896133063999488
2025-04-09 16:55:18,939|line:495| 评论发送成功
2025-04-09 16:55:22,568|line:425| 480520643 === 已经关注了
2025-04-09 16:55:22,568|line:377| ----完成一个子动态----
2025-04-09 16:55:32,553|line:476| 转发成功 1053896206073200646
2025-04-09 16:55:35,897|line:495| 评论发送成功
2025-04-09 16:55:42,432|line:425| 37896119 === 已经关注了
2025-04-09 16:55:42,432|line:377| ----完成一个子动态----
2025-04-09 16:55:48,424|line:476| 转发成功 1053896274779045922
2025-04-09 16:55:51,767|line:495| 评论发送成功
2025-04-09 16:55:57,276|line:425| 432158620 === 已经关注了
2025-04-09 16:55:57,276|line:377| ----完成一个子动态----
2025-04-09 16:56:05,282|line:476| 转发成功 1053896347812364297
2025-04-09 16:56:08,637|line:495| 评论发送成功
2025-04-09 16:56:15,168|line:425| 674121390 === 已经关注了
2025-04-09 16:56:15,169|line:377| ----完成一个子动态----
2025-04-09 16:56:29,820|line:476| 转发成功 1053896450913599490
2025-04-09 16:56:33,273|line:495| 评论发送成功
2025-04-09 16:56:35,793|line:425| 3546701923093477 === 已经关注了
2025-04-09 16:56:35,793|line:377| ----完成一个子动态----
2025-04-09 16:56:45,807|line:476| 转发成功 1053896519603716103
2025-04-09 16:56:49,117|line:495| 评论发送成功
2025-04-09 16:56:57,615|line:425| 2140091933 === 已经关注了
2025-04-09 16:56:57,615|line:377| ----完成一个子动态----
2025-04-09 16:57:10,248|line:476| 转发成功 1053896622711242753
2025-04-09 16:57:13,597|line:495| 评论发送成功
2025-04-09 16:57:19,246|line:425| 480772617 === 已经关注了
2025-04-09 16:57:19,246|line:377| ----完成一个子动态----
2025-04-09 16:57:30,234|line:476| 转发成功 1053896712906604551
2025-04-09 16:57:33,536|line:495| 评论发送成功
2025-04-09 16:57:39,104|line:425| 99442306 === 已经关注了
2025-04-09 16:57:39,104|line:377| ----完成一个子动态----
2025-04-09 16:57:49,147|line:476| 转发成功 1053896790180364292
2025-04-09 16:57:52,477|line:495| 评论发送成功
2025-04-09 16:57:57,998|line:425| 488941099 === 已经关注了
2025-04-09 16:57:57,998|line:377| ----完成一个子动态----
2025-04-09 16:58:18,827|line:382| *********子动态结束*********
2025-04-09 16:58:18,828|line:538| -=-=-=-=处理回最初的动态-=-=-=-=
2025-04-09 16:58:30,770|line:476| 转发成功 1053896970595205169
2025-04-09 16:58:34,072|line:495| 评论发送成功
2025-04-09 16:58:36,363|line:425| 476645168 === 已经关注了
2025-04-09 16:58:39,610|line:504| 动态-点赞 0
2025-04-09 16:58:40,610|line:520| https://t.bilibili.com/1043056378664452121
2025-04-09 16:58:44,899|line:527| 官方 或 预约 OUT！
2025-04-09 16:58:44,900|line:520| https://t.bilibili.com/1045146996927627271
2025-04-09 16:58:47,102|line:527| 官方 或 预约 OUT！
2025-04-09 16:58:47,103|line:520| https://t.bilibili.com/1046299542828351495
2025-04-09 16:58:47,103|line:522| 已有
2025-04-09 16:58:47,103|line:520| https://t.bilibili.com/1046353307200651270
2025-04-09 16:58:47,103|line:522| 已有
2025-04-09 16:58:47,103|line:520| https://t.bilibili.com/1046265651213107232
2025-04-09 16:58:47,103|line:522| 已有
2025-04-09 16:58:47,103|line:520| https://t.bilibili.com/1049583968696926208
2025-04-09 16:58:48,310|line:342| =========此为源动态=========
2025-04-09 16:58:52,554|line:363| *********子动态开始*********
2025-04-09 16:58:52,554|line:382| *********子动态结束*********
2025-04-09 16:58:52,554|line:538| -=-=-=-=处理回最初的动态-=-=-=-=
2025-04-09 16:59:02,401|line:476| 转发成功 1053897108047790086
2025-04-09 16:59:05,740|line:495| 评论发送成功
2025-04-09 16:59:10,028|line:425| 430040367 === 已经关注了
2025-04-09 16:59:13,259|line:504| 动态-点赞 0
2025-04-09 16:59:17,260|line:520| https://t.bilibili.com/1046360488380727298
2025-04-09 16:59:17,260|line:522| 已有
2025-04-09 16:59:17,260|line:520| https://t.bilibili.com/1041466005913600021
2025-04-09 16:59:20,654|line:342| =========此为源动态=========
2025-04-09 16:59:25,067|line:363| *********子动态开始*********
2025-04-09 16:59:25,067|line:382| *********子动态结束*********
2025-04-09 16:59:25,067|line:538| -=-=-=-=处理回最初的动态-=-=-=-=
2025-04-09 16:59:34,038|line:476| 转发成功 1053897241159270425
2025-04-09 16:59:37,507|line:495| 评论发送成功
2025-04-09 16:59:38,916|line:425| 287886755 === 已经关注了
2025-04-09 16:59:42,276|line:504| 动态-点赞 0
2025-04-09 16:59:45,277|line:520| https://t.bilibili.com/1046786613578825735
2025-04-09 16:59:45,277|line:522| 已有
2025-04-09 16:59:45,277|line:520| https://t.bilibili.com/1048606820716773382
2025-04-09 16:59:47,611|line:342| =========此为源动态=========
2025-04-09 16:59:49,177|line:363| *********子动态开始*********
2025-04-09 16:59:49,177|line:382| *********子动态结束*********
2025-04-09 16:59:49,177|line:538| -=-=-=-=处理回最初的动态-=-=-=-=
2025-04-09 16:59:58,269|line:476| 转发成功 1053897344265748496
2025-04-09 17:00:01,498|line:495| 评论发送成功
2025-04-09 17:00:03,817|line:425| 1024366005 === 已经关注了
2025-04-09 17:00:07,056|line:504| 动态-点赞 0
2025-04-09 17:00:08,056|line:520| https://t.bilibili.com/1049769756128706564
2025-04-09 17:00:11,269|line:527| 官方 或 预约 OUT！
2025-04-09 17:00:11,269|line:520| https://t.bilibili.com/1043738389385314340
2025-04-09 17:00:12,488|line:342| =========此为源动态=========
2025-04-09 17:00:15,897|line:363| *********子动态开始*********
2025-04-09 17:00:15,897|line:382| *********子动态结束*********
2025-04-09 17:00:15,898|line:538| -=-=-=-=处理回最初的动态-=-=-=-=
2025-04-09 17:00:24,765|line:476| 转发成功 1053897460241399809
2025-04-09 17:00:28,084|line:495| 评论发送成功
2025-04-09 17:00:30,383|line:425| 37896119 === 已经关注了
2025-04-09 17:00:33,612|line:504| 动态-点赞 0
2025-04-09 17:00:35,613|line:520| https://t.bilibili.com/1046321829416796166
2025-04-09 17:00:37,824|line:337| =========此为子动态=========
2025-04-09 17:00:41,127|line:401| *************原动态已存在***************
2025-04-09 17:00:42,534|line:363| *********子动态开始*********
2025-04-09 17:01:04,903|line:382| *********子动态结束*********
2025-04-09 17:01:04,904|line:538| -=-=-=-=处理回最初的动态-=-=-=-=
2025-04-09 17:01:16,863|line:476| 转发成功 1053897683546144772
2025-04-09 17:01:20,206|line:495| 评论发送成功
2025-04-09 17:01:24,502|line:425| 485422279 === 已经关注了
2025-04-09 17:01:27,729|line:504| 动态-点赞 0
2025-04-09 17:01:29,729|line:520| https://t.bilibili.com/1041069999233433602
2025-04-09 17:01:31,101|line:342| =========此为源动态=========
2025-04-09 17:01:34,507|line:363| *********子动态开始*********
2025-04-09 17:01:34,507|line:382| *********子动态结束*********
2025-04-09 17:01:34,508|line:538| -=-=-=-=处理回最初的动态-=-=-=-=
2025-04-09 17:01:42,424|line:476| 转发成功 1053897795202711552
2025-04-09 17:01:45,721|line:495| 评论发送成功
2025-04-09 17:01:49,009|line:425| 397339091 === 已经关注了
2025-04-09 17:01:52,237|line:504| 动态-点赞 0
2025-04-09 17:01:53,238|line:520| https://t.bilibili.com/1047019430861602817
2025-04-09 17:01:55,519|line:527| 官方 或 预约 OUT！
2025-04-09 17:01:55,519|line:520| https://t.bilibili.com/1046268644830478352
2025-04-09 17:01:55,519|line:522| 已有
2025-04-09 17:01:55,519|line:520| https://t.bilibili.com/1030325846463741971
2025-04-09 17:01:57,725|line:527| 官方 或 预约 OUT！
2025-04-09 17:01:57,725|line:520| https://t.bilibili.com/1050437314326560773
2025-04-09 17:01:57,725|line:522| 已有
2025-04-09 17:01:57,725|line:520| https://t.bilibili.com/1050865707226497030
2025-04-09 17:01:59,934|line:527| 官方 或 预约 OUT！
2025-04-09 17:01:59,934|line:520| https://t.bilibili.com/1042692590601764868
2025-04-09 17:02:04,145|line:527| 官方 或 预约 OUT！
2025-04-09 17:02:04,146|line:520| https://t.bilibili.com/1049708477664985089
2025-04-09 17:02:04,146|line:522| 已有
2025-04-09 17:02:04,146|line:520| https://t.bilibili.com/1046607311579119616
2025-04-09 17:02:07,400|line:342| =========此为源动态=========
2025-04-09 17:02:09,628|line:363| *********子动态开始*********
2025-04-09 17:02:09,628|line:382| *********子动态结束*********
2025-04-09 17:02:09,628|line:538| -=-=-=-=处理回最初的动态-=-=-=-=
2025-04-09 17:02:19,677|line:476| 转发成功 1053897954159493123
2025-04-09 17:02:23,145|line:495| 评论发送成功
2025-04-09 17:02:27,451|line:425| 37896119 === 已经关注了
2025-04-09 17:02:30,680|line:504| 动态-点赞 0
2025-04-09 17:02:33,680|line:520| https://t.bilibili.com/1051562615087562753
2025-04-09 17:02:34,887|line:342| =========此为源动态=========
2025-04-09 17:02:36,559|line:363| *********子动态开始*********
2025-04-09 17:02:42,109|line:382| *********子动态结束*********
2025-04-09 17:02:42,110|line:538| -=-=-=-=处理回最初的动态-=-=-=-=
2025-04-09 17:02:52,996|line:476| 转发成功 1053898095863005189
2025-04-09 17:02:56,225|line:549| 'NoneType' object is not subscriptable
2025-04-09 17:02:56,225|line:550| error line:542
2025-04-09 17:02:58,226|line:520| https://t.bilibili.com/1051810091075895301
2025-04-09 17:03:02,603|line:527| 官方 或 预约 OUT！
2025-04-09 17:03:02,603|line:520| https://t.bilibili.com/1046264878143111176
2025-04-09 17:03:02,603|line:522| 已有
2025-04-09 17:03:02,603|line:520| https://t.bilibili.com/1046306994607095810
2025-04-09 17:03:06,811|line:337| =========此为子动态=========
2025-04-09 17:03:08,121|line:401| *************原动态已存在***************
2025-04-09 17:03:10,523|line:363| *********子动态开始*********
2025-04-09 17:03:14,194|line:382| *********子动态结束*********
2025-04-09 17:03:14,194|line:538| -=-=-=-=处理回最初的动态-=-=-=-=
2025-04-09 17:03:21,229|line:476| 转发成功 1053898220411813888
2025-04-09 17:03:24,556|line:495| 评论发送成功
2025-04-09 17:03:28,852|line:425| 1899220593 === 已经关注了
2025-04-09 17:03:32,094|line:504| 动态-点赞 0
2025-04-09 17:03:35,095|line:520| https://t.bilibili.com/1041660583019020288
2025-04-09 17:03:39,307|line:527| 官方 或 预约 OUT！
2025-04-09 17:03:39,307|line:520| https://t.bilibili.com/1046273416497201153
2025-04-09 17:03:39,308|line:522| 已有
2025-04-09 17:03:39,308|line:520| https://t.bilibili.com/1044075561526231059
2025-04-09 17:03:43,517|line:342| =========此为源动态=========
2025-04-09 17:03:47,916|line:363| *********子动态开始*********
2025-04-09 17:03:47,917|line:382| *********子动态结束*********
2025-04-09 17:03:47,917|line:538| -=-=-=-=处理回最初的动态-=-=-=-=
2025-04-09 17:03:58,767|line:476| 转发成功 1053898379337138177
2025-04-09 17:04:02,069|line:495| 评论发送成功
2025-04-09 17:04:04,371|line:425| 287886755 === 已经关注了
2025-04-09 17:04:07,600|line:504| 动态-点赞 0
2025-04-09 17:04:10,600|line:520| https://t.bilibili.com/1045144256742686727
2025-04-09 17:04:13,820|line:527| 官方 或 预约 OUT！
2025-04-09 17:04:13,820|line:520| https://t.bilibili.com/1045614944362430469
2025-04-09 17:04:15,040|line:342| =========此为源动态=========
2025-04-09 17:04:18,439|line:363| *********子动态开始*********
2025-04-09 17:04:18,439|line:382| *********子动态结束*********
2025-04-09 17:04:18,439|line:538| -=-=-=-=处理回最初的动态-=-=-=-=
2025-04-09 17:04:26,304|line:476| 转发成功 1053898499572105218
2025-04-09 17:04:29,654|line:495| 评论发送成功
2025-04-09 17:04:32,982|line:425| 1930420310 === 已经关注了
2025-04-09 17:04:36,217|line:504| 动态-点赞 0
2025-04-09 17:04:40,217|line:520| https://t.bilibili.com/1044107477391507491
2025-04-09 17:04:44,594|line:342| =========此为源动态=========
2025-04-09 17:04:46,014|line:363| *********子动态开始*********
2025-04-09 17:04:46,014|line:382| *********子动态结束*********
2025-04-09 17:04:46,014|line:538| -=-=-=-=处理回最初的动态-=-=-=-=
2025-04-09 17:04:54,060|line:476| 转发成功 1053898615576068096
2025-04-09 17:04:57,376|line:495| 评论发送成功
2025-04-09 17:05:01,668|line:425| 287886755 === 已经关注了
2025-04-09 17:05:05,070|line:504| 动态-点赞 0
2025-04-09 17:05:09,070|line:520| https://t.bilibili.com/1046358096094429191
2025-04-09 17:05:11,361|line:342| =========此为源动态=========
2025-04-09 17:05:14,764|line:363| *********子动态开始*********
2025-04-09 17:05:14,764|line:382| *********子动态结束*********
2025-04-09 17:05:14,765|line:538| -=-=-=-=处理回最初的动态-=-=-=-=
2025-04-09 17:05:20,934|line:476| 转发成功 1053898731547525122
2025-04-09 17:05:24,251|line:495| 评论发送成功
2025-04-09 17:05:27,634|line:425| 699204462 === 已经关注了
2025-04-09 17:05:30,861|line:504| 动态-点赞 0
2025-04-09 17:05:31,861|line:520| https://t.bilibili.com/1048955009416298512
2025-04-09 17:05:34,145|line:342| =========此为源动态=========
2025-04-09 17:05:37,394|line:363| *********子动态开始*********
2025-04-09 17:05:37,394|line:382| *********子动态结束*********
2025-04-09 17:05:37,395|line:538| -=-=-=-=处理回最初的动态-=-=-=-=
2025-04-09 17:05:47,302|line:476| 转发成功 1053898847495913472
2025-04-09 17:05:50,532|line:495| 评论发送成功
2025-04-09 17:05:54,830|line:425| 348632860 === 已经关注了
2025-04-09 17:05:58,072|line:504| 动态-点赞 0
2025-04-09 17:06:00,073|line:520| https://t.bilibili.com/1051561517721321508
2025-04-09 17:06:03,290|line:527| 官方 或 预约 OUT！
2025-04-09 17:06:03,290|line:520| https://t.bilibili.com/1051528837265883157
2025-04-09 17:06:03,290|line:522| 已有
2025-04-09 17:06:03,290|line:520| https://t.bilibili.com/1051826981021155331
2025-04-09 17:06:07,501|line:527| 官方 或 预约 OUT！
2025-04-09 17:06:07,501|line:520| https://t.bilibili.com/1042672322665775112
2025-04-09 17:06:08,710|line:527| 官方 或 预约 OUT！
2025-04-09 17:06:08,710|line:520| https://t.bilibili.com/1049189216149307432
2025-04-09 17:06:08,711|line:522| 已有
2025-04-09 17:06:08,711|line:520| https://t.bilibili.com/1051505893598822407
2025-04-09 17:06:12,919|line:342| =========此为源动态=========
2025-04-09 17:06:16,319|line:363| *********子动态开始*********
2025-04-09 17:06:16,319|line:382| *********子动态结束*********
2025-04-09 17:06:16,319|line:538| -=-=-=-=处理回最初的动态-=-=-=-=
2025-04-09 17:06:23,157|line:476| 转发成功 1053899002131513352
2025-04-09 17:06:26,632|line:495| 评论发送成功
2025-04-09 17:06:30,085|line:425| 9426939 === 已经关注了
2025-04-09 17:06:33,319|line:504| 动态-点赞 0
2025-04-09 17:06:35,319|line:520| https://t.bilibili.com/1049289718342090775
2025-04-09 17:06:35,319|line:522| 已有
2025-04-09 17:06:35,320|line:520| https://t.bilibili.com/1046273300551958532
2025-04-09 17:06:35,320|line:522| 已有
2025-04-09 17:06:35,320|line:520| https://t.bilibili.com/1049611263270715411
2025-04-09 17:06:37,533|line:527| 官方 或 预约 OUT！
2025-04-09 17:06:37,533|line:520| https://t.bilibili.com/1046312513628536840
2025-04-09 17:06:37,533|line:522| 已有
2025-04-09 17:06:37,533|line:520| https://t.bilibili.com/1050802932012810258
2025-04-09 17:06:37,533|line:522| 已有
2025-04-09 17:06:37,533|line:520| https://t.bilibili.com/1046337501712613384
2025-04-09 17:06:37,534|line:522| 已有
2025-04-09 17:06:37,534|line:520| https://t.bilibili.com/1046303885032947735
2025-04-09 17:06:37,534|line:522| 已有
2025-04-09 17:06:37,534|line:520| https://t.bilibili.com/1046355828384202775
2025-04-09 17:06:39,746|line:342| =========此为源动态=========
2025-04-09 17:06:41,172|line:363| *********子动态开始*********
2025-04-09 17:06:41,172|line:382| *********子动态结束*********
2025-04-09 17:06:41,173|line:538| -=-=-=-=处理回最初的动态-=-=-=-=
2025-04-09 17:06:52,152|line:476| 转发成功 1053899126689759236
2025-04-09 17:06:55,455|line:495| 评论发送成功
2025-04-09 17:06:59,755|line:425| 698926571 === 已经关注了
2025-04-09 17:07:02,995|line:504| 动态-点赞 0
2025-04-09 17:07:04,995|line:520| https://t.bilibili.com/1044429522650267664
2025-04-09 17:07:08,217|line:527| 官方 或 预约 OUT！
2025-04-09 17:07:08,217|line:520| https://t.bilibili.com/1051618778186514437
2025-04-09 17:07:09,424|line:527| 官方 或 预约 OUT！
2025-04-09 17:07:09,424|line:520| https://t.bilibili.com/1043738902656974850
2025-04-09 17:07:13,641|line:342| =========此为源动态=========
2025-04-09 17:07:17,877|line:363| *********子动态开始*********
2025-04-09 17:07:17,877|line:382| *********子动态结束*********
2025-04-09 17:07:17,877|line:538| -=-=-=-=处理回最初的动态-=-=-=-=
2025-04-09 17:07:25,833|line:476| 转发成功 1053899268398514176
2025-04-09 17:07:29,148|line:495| 评论发送成功
2025-04-09 17:07:31,448|line:425| 287886755 === 已经关注了
2025-04-09 17:07:34,698|line:504| 动态-点赞 0
2025-04-09 17:07:37,698|line:520| https://t.bilibili.com/1046267137255014401
2025-04-09 17:07:37,699|line:522| 已有
2025-04-09 17:07:37,699|line:520| https://t.bilibili.com/1046262417141530628
2025-04-09 17:07:37,699|line:522| 已有
2025-04-09 17:07:37,699|line:520| https://t.bilibili.com/1042668182292135943
2025-04-09 17:07:39,061|line:527| 官方 或 预约 OUT！
2025-04-09 17:07:39,061|line:553| 执行结束
2025-04-09 17:07:39,061|line:559| ==================================================2025-04-10 01:07==================================================
2025-04-09 17:07:39,061|line:233| processing article 41274991
2025-04-09 17:07:41,180|line:508| ==================================================2025-04-10 01:07==================================================
2025-04-09 17:07:41,180|line:520| https://t.bilibili.com/1050675882575790084
2025-04-09 17:07:41,180|line:522| 已有
2025-04-09 17:07:41,180|line:520| https://t.bilibili.com/1052595724349341714
2025-04-09 17:07:43,402|line:527| 官方 或 预约 OUT！
2025-04-09 17:07:43,402|line:520| https://t.bilibili.com/1052004599424090117
2025-04-09 17:07:43,402|line:522| 已有
2025-04-09 17:07:43,402|line:520| https://t.bilibili.com/1053030903309139970
2025-04-09 17:07:47,631|line:527| 官方 或 预约 OUT！
2025-04-09 17:07:47,631|line:520| https://t.bilibili.com/1052280323406036997
2025-04-09 17:07:47,631|line:522| 已有
2025-04-09 17:07:47,631|line:520| https://t.bilibili.com/1052696445643128834
2025-04-09 17:07:47,632|line:522| 已有
2025-04-09 17:07:47,632|line:520| https://t.bilibili.com/1047115200074874888
2025-04-09 17:07:50,854|line:527| 官方 或 预约 OUT！
2025-04-09 17:07:50,854|line:520| https://t.bilibili.com/1052731818949738498
2025-04-09 17:07:50,854|line:522| 已有
2025-04-09 17:07:50,854|line:553| 执行结束
2025-04-09 17:07:50,854|line:559| ==================================================2025-04-10 01:07==================================================
2025-04-09 17:07:50,854|line:233| processing article 41274778
2025-04-09 17:07:54,853|line:508| ==================================================2025-04-10 01:07==================================================
2025-04-09 17:07:54,854|line:520| https://t.bilibili.com/1053291483285684228
2025-04-09 17:07:56,075|line:337| =========此为子动态=========
2025-04-09 17:07:58,406|line:401| *************原动态已存在***************
2025-04-09 17:08:02,848|line:363| *********子动态开始*********
2025-04-09 17:08:11,945|line:476| 转发成功 1053899465967009799
2025-04-09 17:08:15,288|line:495| 评论发送成功
2025-04-09 17:08:17,797|line:425| 242136088 === 已经关注了
2025-04-09 17:08:17,797|line:377| ----完成一个子动态----
2025-04-09 17:08:23,752|line:476| 转发成功 1053899517479354369
2025-04-09 17:08:27,099|line:495| 评论发送成功
2025-04-09 17:08:32,613|line:425| 432158620 === 已经关注了
2025-04-09 17:08:32,613|line:377| ----完成一个子动态----
2025-04-09 17:08:32,613|line:382| *********子动态结束*********
2025-04-09 17:08:35,614|line:520| https://t.bilibili.com/1050714855100645380
2025-04-09 17:08:35,614|line:522| 已有
2025-04-09 17:08:35,614|line:520| https://t.bilibili.com/1050388450434351121
2025-04-09 17:08:35,615|line:522| 已有
2025-04-09 17:08:35,615|line:520| https://t.bilibili.com/1051844525983531012
2025-04-09 17:08:35,615|line:522| 已有
2025-04-09 17:08:35,615|line:520| https://t.bilibili.com/1050386165552644114
2025-04-09 17:08:35,615|line:522| 已有
2025-04-09 17:08:35,615|line:520| https://t.bilibili.com/1050361954818850855
2025-04-09 17:08:35,615|line:522| 已有
2025-04-09 17:08:35,616|line:520| https://t.bilibili.com/1050368319971917861
2025-04-09 17:08:35,616|line:522| 已有
2025-04-09 17:08:35,616|line:520| https://t.bilibili.com/1050346870896853001
2025-04-09 17:08:35,616|line:522| 已有
2025-04-09 17:08:35,616|line:520| https://t.bilibili.com/1048950478200635401
2025-04-09 17:08:35,616|line:522| 已有
2025-04-09 17:08:35,616|line:520| https://t.bilibili.com/1050384370231148548
2025-04-09 17:08:35,616|line:522| 已有
2025-04-09 17:08:35,616|line:520| https://t.bilibili.com/1050386384591781890
2025-04-09 17:08:35,617|line:522| 已有
2025-04-09 17:08:35,617|line:520| https://t.bilibili.com/1050354889570385928
2025-04-09 17:08:35,617|line:522| 已有
2025-04-09 17:08:35,617|line:520| https://t.bilibili.com/1050718501500616711
2025-04-09 17:08:35,617|line:522| 已有
2025-04-09 17:08:35,617|line:520| https://t.bilibili.com/1050695046718816257
2025-04-09 17:08:35,617|line:522| 已有
2025-04-09 17:08:35,617|line:520| https://t.bilibili.com/1051593545284059141
2025-04-09 17:08:35,617|line:522| 已有
2025-04-09 17:08:35,617|line:520| https://t.bilibili.com/1050385899237408786
2025-04-09 17:08:35,618|line:522| 已有
2025-04-09 17:08:35,618|line:520| https://t.bilibili.com/1050384623664627720
2025-04-09 17:08:35,618|line:522| 已有
2025-04-09 17:08:35,618|line:520| https://t.bilibili.com/1050698001648975891
2025-04-09 17:08:35,618|line:522| 已有
2025-04-09 17:08:35,618|line:520| https://t.bilibili.com/1050386139757674497
2025-04-09 17:08:35,618|line:522| 已有
2025-04-09 17:08:35,618|line:520| https://t.bilibili.com/1050381234927042564
2025-04-09 17:08:35,618|line:522| 已有
2025-04-09 17:08:35,619|line:520| https://t.bilibili.com/1050380191230066692
2025-04-09 17:08:35,619|line:522| 已有
2025-04-09 17:08:35,619|line:520| https://t.bilibili.com/1050727190257205283
2025-04-09 17:08:35,619|line:522| 已有
2025-04-09 17:08:35,619|line:520| https://t.bilibili.com/1051161428636991493
2025-04-09 17:08:39,852|line:527| 官方 或 预约 OUT！
2025-04-09 17:08:39,852|line:520| https://t.bilibili.com/1050360795139932181
2025-04-09 17:08:39,852|line:522| 已有
2025-04-09 17:08:39,852|line:553| 执行结束
2025-04-09 17:08:39,853|line:559| ==================================================2025-04-10 01:08==================================================
2025-04-09 17:08:39,853|line:233| processing article 41287137
2025-04-09 17:08:42,217|line:508| ==================================================2025-04-10 01:08==================================================
2025-04-09 17:08:42,217|line:520| https://t.bilibili.com/1053418040904908807
2025-04-09 17:08:44,430|line:342| =========此为源动态=========
2025-04-09 17:08:48,862|line:363| *********子动态开始*********
2025-04-09 17:08:48,862|line:382| *********子动态结束*********
2025-04-09 17:08:48,862|line:538| -=-=-=-=处理回最初的动态-=-=-=-=
2025-04-09 17:08:55,765|line:476| 转发成功 1053899654964445185
2025-04-09 17:08:59,103|line:495| 评论发送成功
2025-04-09 17:09:04,673|line:437| 关注 ==== 3494354823940360 0
2025-04-09 17:09:07,979|line:504| 动态-点赞 0
2025-04-09 17:09:08,979|line:520| https://t.bilibili.com/1053487619375104003
2025-04-09 17:09:08,979|line:522| 已有
2025-04-09 17:09:08,980|line:520| https://t.bilibili.com/1053402579054100481
2025-04-09 17:09:10,380|line:342| =========此为源动态=========
2025-04-09 17:09:14,928|line:363| *********子动态开始*********
2025-04-09 17:09:14,928|line:382| *********子动态结束*********
2025-04-09 17:09:14,928|line:538| -=-=-=-=处理回最初的动态-=-=-=-=
2025-04-09 17:09:22,872|line:476| 转发成功 1053899770909687808
2025-04-09 17:09:26,382|line:495| 评论发送成功
2025-04-09 17:09:27,756|line:425| 3493277416294679 === 已经关注了
2025-04-09 17:09:30,992|line:504| 动态-点赞 0
2025-04-09 17:09:31,992|line:520| https://t.bilibili.com/1053380505087508484
2025-04-09 17:09:35,328|line:342| =========此为源动态=========
2025-04-09 17:09:36,872|line:363| *********子动态开始*********
2025-04-09 17:09:36,872|line:382| *********子动态结束*********
2025-04-09 17:09:36,872|line:538| -=-=-=-=处理回最初的动态-=-=-=-=
2025-04-09 17:09:46,739|line:476| 转发成功 1053899874014068741
2025-04-09 17:09:50,065|line:495| 评论发送成功
2025-04-09 17:09:53,362|line:425| 690588074 === 已经关注了
2025-04-09 17:09:56,599|line:504| 动态-点赞 0
2025-04-09 17:09:58,600|line:520| https://t.bilibili.com/1053402579068780547
2025-04-09 17:09:58,600|line:522| 已有
2025-04-09 17:09:58,600|line:520| https://t.bilibili.com/1053388502288302096
2025-04-09 17:10:00,936|line:342| =========此为源动态=========
2025-04-09 17:10:04,505|line:363| *********子动态开始*********
2025-04-09 17:10:04,505|line:382| *********子动态结束*********
2025-04-09 17:10:04,505|line:538| -=-=-=-=处理回最初的动态-=-=-=-=
2025-04-09 17:10:14,400|line:476| 转发成功 1053899994234355719
2025-04-09 17:10:17,718|line:495| 评论发送成功
2025-04-09 17:10:20,010|line:425| 5493822 === 已经关注了
2025-04-09 17:10:23,247|line:504| 动态-点赞 0
2025-04-09 17:10:27,247|line:520| https://t.bilibili.com/1053505333967716358
2025-04-09 17:10:29,577|line:342| =========此为源动态=========
2025-04-09 17:10:33,986|line:363| *********子动态开始*********
2025-04-09 17:10:33,986|line:382| *********子动态结束*********
2025-04-09 17:10:33,986|line:538| -=-=-=-=处理回最初的动态-=-=-=-=
2025-04-09 17:10:41,978|line:476| 转发成功 1053900110198472707
2025-04-09 17:10:45,205|line:549| 'NoneType' object is not subscriptable
2025-04-09 17:10:45,205|line:550| error line:542
2025-04-09 17:10:49,205|line:520| https://t.bilibili.com/1053370012474015748
2025-04-09 17:10:49,205|line:522| 已有
2025-04-09 17:10:49,206|line:520| https://t.bilibili.com/1050888002384953378
2025-04-09 17:10:51,574|line:527| 官方 或 预约 OUT！
2025-04-09 17:10:51,575|line:520| https://t.bilibili.com/1053403813871878152
2025-04-09 17:10:54,944|line:337| =========此为子动态=========
2025-04-09 17:10:58,238|line:388| *************原动态处理开始***************
2025-04-09 17:11:04,811|line:476| 转发成功 1053900209000546329
2025-04-09 17:11:08,199|line:495| 评论发送成功
2025-04-09 17:11:09,664|line:425| 946974 === 已经关注了
2025-04-09 17:11:12,924|line:504| 动态-点赞 0
2025-04-09 17:11:12,924|line:397| *************原动态处理完成***************
2025-04-09 17:11:17,684|line:363| *********子动态开始*********
2025-04-09 17:11:28,655|line:476| 转发成功 1053900312088150022
2025-04-09 17:11:31,960|line:495| 评论发送成功
2025-04-09 17:11:38,467|line:425| 434328742 === 已经关注了
2025-04-09 17:11:38,467|line:377| ----完成一个子动态----
2025-04-09 17:11:38,468|line:382| *********子动态结束*********
2025-04-09 17:11:39,469|line:520| https://t.bilibili.com/1053348443158740992
2025-04-09 17:11:39,469|line:522| 已有
2025-04-09 17:11:39,469|line:520| https://t.bilibili.com/1053426057482338304
2025-04-09 17:11:39,469|line:522| 已有
2025-04-09 17:11:39,469|line:520| https://t.bilibili.com/1053372984579850240
2025-04-09 17:11:40,689|line:527| 官方 或 预约 OUT！
2025-04-09 17:11:40,689|line:520| https://t.bilibili.com/1053357733140496416
2025-04-09 17:11:42,899|line:337| =========此为子动态=========
2025-04-09 17:11:45,209|line:388| *************原动态处理开始***************
2025-04-09 17:11:51,255|line:476| 转发成功 1053900410851426328
2025-04-09 17:11:54,596|line:495| 评论发送成功
2025-04-09 17:11:58,897|line:425| 3546642129094759 === 已经关注了
2025-04-09 17:12:02,138|line:504| 动态-点赞 0
2025-04-09 17:12:02,138|line:397| *************原动态处理完成***************
2025-04-09 17:12:03,536|line:363| *********子动态开始*********
2025-04-09 17:12:09,466|line:476| 转发成功 1053900488147206144
2025-04-09 17:12:12,786|line:495| 评论发送成功
2025-04-09 17:12:17,462|line:425| 3546642129094759 === 已经关注了
2025-04-09 17:12:17,462|line:377| ----完成一个子动态----
2025-04-09 17:12:17,463|line:382| *********子动态结束*********
2025-04-09 17:12:18,464|line:520| https://t.bilibili.com/1053370553629409285
2025-04-09 17:12:19,672|line:527| 官方 或 预约 OUT！
2025-04-09 17:12:19,673|line:520| https://t.bilibili.com/1053456337001775141
2025-04-09 17:12:21,041|line:342| =========此为源动态=========
2025-04-09 17:12:24,282|line:363| *********子动态开始*********
2025-04-09 17:12:24,283|line:382| *********子动态结束*********
2025-04-09 17:12:24,283|line:538| -=-=-=-=处理回最初的动态-=-=-=-=
2025-04-09 17:12:32,152|line:476| 转发成功 1053900586953474051
2025-04-09 17:12:35,574|line:495| 评论发送成功
2025-04-09 17:12:42,311|line:437| 关注 ==== 359423988 0
2025-04-09 17:12:45,541|line:504| 动态-点赞 0
2025-04-09 17:12:47,542|line:520| https://t.bilibili.com/1053409749483126823
2025-04-09 17:12:51,823|line:342| =========此为源动态=========
2025-04-09 17:12:55,227|line:363| *********子动态开始*********
2025-04-09 17:12:55,227|line:382| *********子动态结束*********
2025-04-09 17:12:55,227|line:538| -=-=-=-=处理回最初的动态-=-=-=-=
2025-04-09 17:13:01,281|line:476| 转发成功 1053900711501234184
2025-04-09 17:13:04,598|line:495| 评论发送成功
2025-04-09 17:13:09,312|line:437| 关注 ==== 3493259372399028 0
2025-04-09 17:13:12,547|line:504| 动态-点赞 0
2025-04-09 17:13:13,548|line:520| https://t.bilibili.com/1053392384941883398
2025-04-09 17:13:15,770|line:337| =========此为子动态=========
2025-04-09 17:13:20,069|line:388| *************原动态处理开始***************
2025-04-09 17:13:26,933|line:476| 转发成功 1053900818894290946
2025-04-09 17:13:30,246|line:495| 评论发送成功
2025-04-09 17:13:36,803|line:437| 关注 ==== 380025990 0
2025-04-09 17:13:40,123|line:504| 动态-点赞 0
2025-04-09 17:13:40,123|line:397| *************原动态处理完成***************
2025-04-09 17:13:41,695|line:363| *********子动态开始*********
2025-04-09 17:13:50,621|line:476| 转发成功 1053900921960923136
2025-04-09 17:13:53,929|line:495| 评论发送成功
2025-04-09 17:13:58,452|line:425| 25876049 === 已经关注了
2025-04-09 17:13:58,452|line:377| ----完成一个子动态----
2025-04-09 17:13:58,453|line:382| *********子动态结束*********
2025-04-09 17:14:00,454|line:520| https://t.bilibili.com/1053697447901003794
2025-04-09 17:14:00,454|line:522| 已有
2025-04-09 17:14:00,454|line:520| https://t.bilibili.com/1050850687715377223
2025-04-09 17:14:04,674|line:527| 官方 或 预约 OUT！
2025-04-09 17:14:04,675|line:520| https://t.bilibili.com/1035593318931628032
2025-04-09 17:14:08,888|line:527| 官方 或 预约 OUT！
2025-04-09 17:14:08,888|line:520| https://t.bilibili.com/1053369454097858560
2025-04-09 17:14:10,107|line:527| 官方 或 预约 OUT！
2025-04-09 17:14:10,107|line:520| https://t.bilibili.com/1053440613160058905
2025-04-09 17:14:13,497|line:342| =========此为源动态=========
2025-04-09 17:14:18,004|line:363| *********子动态开始*********
2025-04-09 17:14:18,004|line:382| *********子动态结束*********
2025-04-09 17:14:18,005|line:538| -=-=-=-=处理回最初的动态-=-=-=-=
2025-04-09 17:14:27,897|line:476| 转发成功 1053901080854790144
2025-04-09 17:14:31,224|line:495| 评论发送成功
2025-04-09 17:14:35,522|line:425| 2122458627 === 已经关注了
2025-04-09 17:14:38,763|line:504| 动态-点赞 0
2025-04-09 17:14:39,764|line:520| https://t.bilibili.com/1053696354842312710
2025-04-09 17:14:40,981|line:342| =========此为源动态=========
2025-04-09 17:14:42,477|line:363| *********子动态开始*********
2025-04-09 17:14:42,477|line:382| *********子动态结束*********
2025-04-09 17:14:42,478|line:538| -=-=-=-=处理回最初的动态-=-=-=-=
2025-04-09 17:14:54,341|line:476| 转发成功 1053901196839878657
2025-04-09 17:14:57,670|line:495| 评论发送成功
2025-04-09 17:15:01,966|line:425| 3850213 === 已经关注了
2025-04-09 17:15:05,209|line:504| 动态-点赞 0
2025-04-09 17:15:08,209|line:520| https://t.bilibili.com/1053354971489107971
2025-04-09 17:15:08,209|line:522| 已有
2025-04-09 17:15:08,209|line:520| https://t.bilibili.com/1053696627532890149
2025-04-09 17:15:12,501|line:342| =========此为源动态=========
2025-04-09 17:15:13,760|line:363| *********子动态开始*********
2025-04-09 17:15:13,760|line:382| *********子动态结束*********
2025-04-09 17:15:13,760|line:538| -=-=-=-=处理回最初的动态-=-=-=-=
2025-04-09 17:15:20,627|line:476| 转发成功 1053901308490153986
2025-04-09 17:15:24,137|line:495| 评论发送成功
2025-04-09 17:15:25,418|line:425| 3494354823940360 === 已经关注了
2025-04-09 17:15:28,654|line:504| 动态-点赞 0
2025-04-09 17:15:30,655|line:520| https://t.bilibili.com/1053382167245094915
2025-04-09 17:15:34,872|line:342| =========此为源动态=========
2025-04-09 17:15:38,123|line:363| *********子动态开始*********
2025-04-09 17:15:38,123|line:382| *********子动态结束*********
2025-04-09 17:15:38,124|line:538| -=-=-=-=处理回最初的动态-=-=-=-=
2025-04-09 17:15:46,960|line:476| 转发成功 1053901420167692311
2025-04-09 17:15:50,267|line:495| 评论发送成功
2025-04-09 17:15:54,561|line:425| 417333631 === 已经关注了
2025-04-09 17:15:57,800|line:504| 动态-点赞 0
2025-04-09 17:16:01,801|line:520| https://t.bilibili.com/1053668370940952595
2025-04-09 17:16:04,155|line:527| 官方 或 预约 OUT！
2025-04-09 17:16:04,155|line:520| https://t.bilibili.com/1053675784041922569
2025-04-09 17:16:05,383|line:337| =========此为子动态=========
2025-04-09 17:16:08,672|line:401| *************原动态已存在***************
2025-04-09 17:16:11,112|line:363| *********子动态开始*********
2025-04-09 17:16:20,045|line:476| 转发成功 1053901561910001672
2025-04-09 17:16:23,368|line:495| 评论发送成功
2025-04-09 17:16:28,867|line:425| 1129687681 === 已经关注了
2025-04-09 17:16:28,867|line:377| ----完成一个子动态----
2025-04-09 17:16:28,868|line:382| *********子动态结束*********
2025-04-09 17:16:30,869|line:520| https://t.bilibili.com/1053374479242100744
2025-04-09 17:16:30,869|line:522| 已有
2025-04-09 17:16:30,869|line:520| https://t.bilibili.com/1053418040956289031
2025-04-09 17:16:30,869|line:522| 已有
2025-04-09 17:16:30,869|line:520| https://t.bilibili.com/1053687316070006788
2025-04-09 17:16:32,101|line:527| 官方 或 预约 OUT！
2025-04-09 17:16:32,101|line:520| https://t.bilibili.com/1053433462003859462
2025-04-09 17:16:35,319|line:527| 官方 或 预约 OUT！
2025-04-09 17:16:35,319|line:520| https://t.bilibili.com/1053686396958539784
2025-04-09 17:16:37,538|line:337| =========此为子动态=========
2025-04-09 17:16:39,010|line:388| *************原动态处理开始***************
2025-04-09 17:16:46,573|line:476| 转发成功 1053901677874118660
2025-04-09 17:16:49,891|line:495| 评论发送成功
2025-04-09 17:16:57,440|line:437| 关注 ==== 3493257646443062 0
2025-04-09 17:17:00,674|line:504| 动态-点赞 0
2025-04-09 17:17:00,674|line:397| *************原动态处理完成***************
2025-04-09 17:17:05,111|line:363| *********子动态开始*********
2025-04-09 17:17:13,247|line:476| 转发成功 1053901793814118407
2025-04-09 17:17:16,686|line:495| 评论发送成功
2025-04-09 17:17:22,207|line:425| 647359920 === 已经关注了
2025-04-09 17:17:22,207|line:377| ----完成一个子动态----
2025-04-09 17:17:27,736|line:382| *********子动态结束*********
2025-04-09 17:17:29,737|line:553| 执行结束
2025-04-09 17:17:29,737|line:559| ==================================================2025-04-10 01:17==================================================
2025-04-09 17:17:29,737|line:233| processing article 41285153
2025-04-09 17:17:34,102|line:508| ==================================================2025-04-10 01:17==================================================
2025-04-09 17:17:34,102|line:520| https://t.bilibili.com/1050764388965810180
2025-04-09 17:17:36,383|line:527| 官方 或 预约 OUT！
2025-04-09 17:17:36,384|line:520| https://t.bilibili.com/1049994756548984868
2025-04-09 17:17:39,664|line:527| 官方 或 预约 OUT！
2025-04-09 17:17:39,665|line:520| https://t.bilibili.com/1051470189513670663
2025-04-09 17:17:41,873|line:527| 官方 或 预约 OUT！
2025-04-09 17:17:41,873|line:520| https://t.bilibili.com/1050774576583147523
2025-04-09 17:17:45,103|line:527| 官方 或 预约 OUT！
2025-04-09 17:17:45,103|line:520| https://t.bilibili.com/1042659296020529159
2025-04-09 17:17:48,314|line:527| 官方 或 预约 OUT！
2025-04-09 17:17:48,315|line:520| https://t.bilibili.com/1046274760836644929
2025-04-09 17:17:52,526|line:527| 官方 或 预约 OUT！
2025-04-09 17:17:52,527|line:520| https://t.bilibili.com/1039039751006453766
2025-04-09 17:17:54,733|line:527| 官方 或 预约 OUT！
2025-04-09 17:17:54,733|line:520| https://t.bilibili.com/1051563072477462528
2025-04-09 17:17:55,945|line:527| 官方 或 预约 OUT！
2025-04-09 17:17:55,945|line:520| https://t.bilibili.com/1051467200211189784
2025-04-09 17:18:00,162|line:527| 官方 或 预约 OUT！
2025-04-09 17:18:00,162|line:520| https://t.bilibili.com/1049220451311550468
2025-04-09 17:18:02,372|line:527| 官方 或 预约 OUT！
2025-04-09 17:18:02,372|line:520| https://t.bilibili.com/1050078280788475909
2025-04-09 17:18:03,585|line:527| 官方 或 预约 OUT！
2025-04-09 17:18:03,585|line:520| https://t.bilibili.com/1050425790878973958
2025-04-09 17:18:07,966|line:527| 官方 或 预约 OUT！
2025-04-09 17:18:07,966|line:520| https://t.bilibili.com/1050712827846721537
2025-04-09 17:18:09,349|line:527| 官方 或 预约 OUT！
2025-04-09 17:18:09,349|line:520| https://t.bilibili.com/1049320674340896807
2025-04-09 17:18:12,557|line:527| 官方 或 预约 OUT！
2025-04-09 17:18:12,558|line:520| https://t.bilibili.com/1049279038903812105
2025-04-09 17:18:15,770|line:527| 官方 或 预约 OUT！
2025-04-09 17:18:15,770|line:520| https://t.bilibili.com/1051160775758970898
2025-04-09 17:18:17,984|line:527| 官方 或 预约 OUT！
2025-04-09 17:18:17,984|line:520| https://t.bilibili.com/1043450665246916641
2025-04-09 17:18:20,216|line:527| 官方 或 预约 OUT！
2025-04-09 17:18:20,216|line:520| https://t.bilibili.com/1051518714045792281
2025-04-09 17:18:21,431|line:527| 官方 或 预约 OUT！
2025-04-09 17:18:21,431|line:520| https://t.bilibili.com/1050888002384953378
2025-04-09 17:18:23,640|line:527| 官方 或 预约 OUT！
2025-04-09 17:18:23,640|line:520| https://t.bilibili.com/1043391948762644484
2025-04-09 17:18:24,858|line:527| 官方 或 预约 OUT！
2025-04-09 17:18:24,858|line:520| https://t.bilibili.com/1049988511685410825
2025-04-09 17:18:28,065|line:527| 官方 或 预约 OUT！
2025-04-09 17:18:28,066|line:520| https://t.bilibili.com/1049308450853486597
2025-04-09 17:18:30,285|line:527| 官方 或 预约 OUT！
2025-04-09 17:18:30,285|line:520| https://t.bilibili.com/1050444074582016003
2025-04-09 17:18:32,497|line:527| 官方 或 预约 OUT！
2025-04-09 17:18:32,497|line:520| https://t.bilibili.com/1048997963362205701
2025-04-09 17:18:35,713|line:527| 官方 或 预约 OUT！
2025-04-09 17:18:35,713|line:520| https://t.bilibili.com/1048563806630838278
2025-04-09 17:18:38,930|line:527| 官方 或 预约 OUT！
2025-04-09 17:18:38,930|line:520| https://t.bilibili.com/1049615618338193416
2025-04-09 17:18:42,142|line:527| 官方 或 预约 OUT！
2025-04-09 17:18:42,142|line:520| https://t.bilibili.com/1048872417173176360
2025-04-09 17:18:46,356|line:527| 官方 或 预约 OUT！
2025-04-09 17:18:46,357|line:520| https://t.bilibili.com/1050850687715377223
2025-04-09 17:18:50,566|line:527| 官方 或 预约 OUT！
2025-04-09 17:18:50,566|line:520| https://t.bilibili.com/1051570592958906368
2025-04-09 17:18:51,774|line:527| 官方 或 预约 OUT！
2025-04-09 17:18:51,774|line:520| https://t.bilibili.com/1035593318931628032
2025-04-09 17:18:52,980|line:527| 官方 或 预约 OUT！
2025-04-09 17:18:52,980|line:520| https://t.bilibili.com/1051470288298967059
2025-04-09 17:18:54,349|line:527| 官方 或 预约 OUT！
2025-04-09 17:18:54,350|line:520| https://t.bilibili.com/1043102566746947621
2025-04-09 17:18:56,564|line:527| 官方 或 预约 OUT！
2025-04-09 17:18:56,564|line:520| https://t.bilibili.com/1041205161858433040
2025-04-09 17:18:57,773|line:527| 官方 或 预约 OUT！
2025-04-09 17:18:57,773|line:520| https://t.bilibili.com/1043400804981014547
2025-04-09 17:19:01,987|line:527| 官方 或 预约 OUT！
2025-04-09 17:19:01,987|line:520| https://t.bilibili.com/1050812552737456137
2025-04-09 17:19:05,195|line:527| 官方 或 预约 OUT！
2025-04-09 17:19:05,196|line:520| https://t.bilibili.com/1048964329516302344
2025-04-09 17:19:06,490|line:527| 官方 或 预约 OUT！
2025-04-09 17:19:06,491|line:553| 执行结束
2025-04-09 17:19:06,491|line:559| ==================================================2025-04-10 01:19==================================================
2025-04-09 17:19:06,491|line:233| processing article 41275463
2025-04-09 17:19:10,611|line:508| ==================================================2025-04-10 01:19==================================================
2025-04-09 17:19:10,611|line:520| https://t.bilibili.com/1053014629681201175
2025-04-09 17:19:13,829|line:527| 官方 或 预约 OUT！
2025-04-09 17:19:13,829|line:520| https://t.bilibili.com/1053306893645119525
2025-04-09 17:19:13,829|line:522| 已有
2025-04-09 17:19:13,829|line:520| https://t.bilibili.com/1051918238356602887
2025-04-09 17:19:16,037|line:342| =========此为源动态=========
2025-04-09 17:19:18,294|line:363| *********子动态开始*********
2025-04-09 17:19:18,294|line:382| *********子动态结束*********
2025-04-09 17:19:18,294|line:538| -=-=-=-=处理回最初的动态-=-=-=-=
2025-04-09 17:19:28,517|line:476| 转发成功 1053902373631557640
2025-04-09 17:19:31,837|line:495| 评论发送成功
2025-04-09 17:19:34,133|line:425| 432158620 === 已经关注了
2025-04-09 17:19:37,376|line:504| 动态-点赞 0
2025-04-09 17:19:41,376|line:520| https://t.bilibili.com/1053059147013029909
2025-04-09 17:19:43,582|line:527| 官方 或 预约 OUT！
2025-04-09 17:19:43,582|line:520| https://t.bilibili.com/1052982584955371520
2025-04-09 17:19:47,791|line:527| 官方 或 预约 OUT！
2025-04-09 17:19:47,791|line:520| https://t.bilibili.com/1053133415617921024
2025-04-09 17:19:50,999|line:527| 官方 或 预约 OUT！
2025-04-09 17:19:50,999|line:520| https://t.bilibili.com/1053291831146577926
2025-04-09 17:19:50,999|line:522| 已有
2025-04-09 17:19:50,999|line:520| https://t.bilibili.com/1053015853781483522
2025-04-09 17:19:54,207|line:527| 官方 或 预约 OUT！
2025-04-09 17:19:54,207|line:520| https://t.bilibili.com/1053307890082775042
2025-04-09 17:19:54,207|line:522| 已有
2025-04-09 17:19:54,207|line:520| https://t.bilibili.com/1052979698724765720
2025-04-09 17:19:55,595|line:342| =========此为源动态=========
2025-04-09 17:19:58,001|line:363| *********子动态开始*********
2025-04-09 17:19:58,001|line:382| *********子动态结束*********
2025-04-09 17:19:58,001|line:538| -=-=-=-=处理回最初的动态-=-=-=-=
2025-04-09 17:20:06,860|line:476| 转发成功 1053902536850800643
2025-04-09 17:20:10,269|line:495| 评论发送成功
2025-04-09 17:20:12,556|line:425| 37896119 === 已经关注了
2025-04-09 17:20:15,812|line:504| 动态-点赞 0
2025-04-09 17:20:18,812|line:520| https://t.bilibili.com/1053037916973957141
2025-04-09 17:20:20,019|line:342| =========此为源动态=========
2025-04-09 17:20:21,422|line:363| *********子动态开始*********
2025-04-09 17:20:21,423|line:382| *********子动态结束*********
2025-04-09 17:20:21,423|line:538| -=-=-=-=处理回最初的动态-=-=-=-=
2025-04-09 17:20:29,272|line:476| 转发成功 1053902635666505735
2025-04-09 17:20:32,588|line:495| 评论发送成功
2025-04-09 17:20:35,890|line:425| 59188721 === 已经关注了
2025-04-09 17:20:39,209|line:504| 动态-点赞 0
2025-04-09 17:20:43,210|line:520| https://t.bilibili.com/1053364721047044100
2025-04-09 17:20:43,210|line:522| 已有
2025-04-09 17:20:43,210|line:520| https://t.bilibili.com/1053325383452065809
2025-04-09 17:20:45,718|line:342| =========此为源动态=========
2025-04-09 17:20:47,969|line:363| *********子动态开始*********
2025-04-09 17:20:47,969|line:382| *********子动态结束*********
2025-04-09 17:20:47,969|line:538| -=-=-=-=处理回最初的动态-=-=-=-=
2025-04-09 17:20:57,056|line:476| 转发成功 1053902751591825415
2025-04-09 17:21:00,361|line:495| 评论发送成功
2025-04-09 17:21:04,646|line:425| 404066457 === 已经关注了
2025-04-09 17:21:07,882|line:504| 动态-点赞 0
2025-04-09 17:21:11,882|line:520| https://t.bilibili.com/1053295975802601477
2025-04-09 17:21:11,883|line:522| 已有
2025-04-09 17:21:11,883|line:520| https://t.bilibili.com/1053006142831067139
2025-04-09 17:21:15,276|line:527| 官方 或 预约 OUT！
2025-04-09 17:21:15,276|line:520| https://t.bilibili.com/1053015450019954694
2025-04-09 17:21:16,487|line:342| =========此为源动态=========
2025-04-09 17:21:20,898|line:363| *********子动态开始*********
2025-04-09 17:21:20,898|line:382| *********子动态结束*********
2025-04-09 17:21:20,898|line:538| -=-=-=-=处理回最初的动态-=-=-=-=
2025-04-09 17:21:27,748|line:476| 转发成功 1053902884748394501
2025-04-09 17:21:31,215|line:495| 评论发送成功
2025-04-09 17:21:33,666|line:425| 488757623 === 已经关注了
2025-04-09 17:21:36,902|line:504| 动态-点赞 0
2025-04-09 17:21:39,903|line:520| https://t.bilibili.com/1053053009530978339
2025-04-09 17:21:42,119|line:527| 官方 或 预约 OUT！
2025-04-09 17:21:42,119|line:520| https://t.bilibili.com/1050888002384953378
2025-04-09 17:21:46,329|line:527| 官方 或 预约 OUT！
2025-04-09 17:21:46,330|line:520| https://t.bilibili.com/1053067741235249160
2025-04-09 17:21:50,543|line:342| =========此为源动态=========
2025-04-09 17:21:54,959|line:363| *********子动态开始*********
2025-04-09 17:21:54,959|line:382| *********子动态结束*********
2025-04-09 17:21:54,959|line:538| -=-=-=-=处理回最初的动态-=-=-=-=
2025-04-09 17:22:03,788|line:476| 转发成功 1053903039354634247
2025-04-09 17:22:07,089|line:495| 评论发送成功
2025-04-09 17:22:09,385|line:425| 272360682 === 已经关注了
2025-04-09 17:22:12,622|line:504| 动态-点赞 0
2025-04-09 17:22:14,622|line:520| https://t.bilibili.com/1053326723512270853
2025-04-09 17:22:14,623|line:522| 已有
2025-04-09 17:22:14,623|line:520| https://t.bilibili.com/1053029206830612505
2025-04-09 17:22:15,962|line:527| 官方 或 预约 OUT！
2025-04-09 17:22:15,963|line:520| https://t.bilibili.com/1053132217320996872
2025-04-09 17:22:20,367|line:342| =========此为源动态=========
2025-04-09 17:22:23,714|line:363| *********子动态开始*********
2025-04-09 17:22:23,714|line:382| *********子动态结束*********
2025-04-09 17:22:23,714|line:538| -=-=-=-=处理回最初的动态-=-=-=-=
2025-04-09 17:22:33,578|line:476| 转发成功 1053903168214138897
2025-04-09 17:22:36,880|line:495| 评论发送成功
2025-04-09 17:22:38,173|line:425| 100680137 === 已经关注了
2025-04-09 17:22:41,404|line:504| 动态-点赞 0
2025-04-09 17:22:43,405|line:520| https://t.bilibili.com/1053046955746263044
2025-04-09 17:22:44,617|line:342| =========此为源动态=========
2025-04-09 17:22:46,082|line:363| *********子动态开始*********
2025-04-09 17:22:46,083|line:382| *********子动态结束*********
2025-04-09 17:22:46,083|line:538| -=-=-=-=处理回最初的动态-=-=-=-=
2025-04-09 17:22:54,236|line:476| 转发成功 1053903258438860806
2025-04-09 17:22:57,673|line:495| 评论发送成功
2025-04-09 17:22:59,094|line:425| 9535164 === 已经关注了
2025-04-09 17:23:02,457|line:504| 动态-点赞 0
2025-04-09 17:23:06,458|line:520| https://t.bilibili.com/1053339183200862211
2025-04-09 17:23:08,789|line:342| =========此为源动态=========
2025-04-09 17:23:12,185|line:363| *********子动态开始*********
2025-04-09 17:23:16,048|line:382| *********子动态结束*********
2025-04-09 17:23:16,049|line:538| -=-=-=-=处理回最初的动态-=-=-=-=
2025-04-09 17:23:26,241|line:476| 转发成功 1053903395850551301
2025-04-09 17:23:29,662|line:495| 评论发送成功
2025-04-09 17:23:33,072|line:425| 108412997 === 已经关注了
2025-04-09 17:23:36,499|line:504| 动态-点赞 0
2025-04-09 17:23:39,499|line:520| https://t.bilibili.com/1053305446202343446
2025-04-09 17:23:39,499|line:522| 已有
2025-04-09 17:23:39,500|line:520| https://t.bilibili.com/1053070301028417571
2025-04-09 17:23:41,837|line:527| 官方 或 预约 OUT！
2025-04-09 17:23:41,837|line:520| https://t.bilibili.com/1050850687715377223
2025-04-09 17:23:46,171|line:527| 官方 或 预约 OUT！
2025-04-09 17:23:46,172|line:520| https://t.bilibili.com/1035593318931628032
2025-04-09 17:23:50,451|line:527| 官方 或 预约 OUT！
2025-04-09 17:23:50,451|line:520| https://t.bilibili.com/1053325269665841176
2025-04-09 17:23:50,451|line:522| 已有
2025-04-09 17:23:50,451|line:520| https://t.bilibili.com/1053293806849359881
2025-04-09 17:23:50,452|line:522| 已有
2025-04-09 17:23:50,452|line:520| https://t.bilibili.com/1053393132264095746
2025-04-09 17:23:53,665|line:527| 官方 或 预约 OUT！
2025-04-09 17:23:53,666|line:520| https://t.bilibili.com/1053398518160424962
2025-04-09 17:23:53,666|line:522| 已有
2025-04-09 17:23:53,666|line:520| https://t.bilibili.com/1053314160718250006
2025-04-09 17:23:56,034|line:527| 官方 或 预约 OUT！
2025-04-09 17:23:56,034|line:520| https://t.bilibili.com/1052991415382966276
2025-04-09 17:23:58,246|line:342| =========此为源动态=========
2025-04-09 17:24:01,477|line:363| *********子动态开始*********
2025-04-09 17:24:01,477|line:382| *********子动态结束*********
2025-04-09 17:24:01,477|line:538| -=-=-=-=处理回最初的动态-=-=-=-=
2025-04-09 17:24:10,564|line:476| 转发成功 1053903584827015189
2025-04-09 17:24:13,877|line:495| 评论发送成功
2025-04-09 17:24:15,170|line:425| 544161405 === 已经关注了
2025-04-09 17:24:18,398|line:504| 动态-点赞 0
2025-04-09 17:24:19,399|line:553| 执行结束
2025-04-09 17:24:19,399|line:559| ==================================================2025-04-10 01:24==================================================
2025-04-09 17:24:19,399|line:233| processing article 41273583
2025-04-09 17:24:23,332|line:508| ==================================================2025-04-10 01:24==================================================
2025-04-09 17:24:23,333|line:520| https://t.bilibili.com/1051207406215757830
2025-04-09 17:24:24,716|line:527| 官方 或 预约 OUT！
2025-04-09 17:24:24,717|line:520| https://t.bilibili.com/1049740309852848180
2025-04-09 17:24:27,930|line:527| 官方 或 预约 OUT！
2025-04-09 17:24:27,930|line:520| https://t.bilibili.com/1051886784137396240
2025-04-09 17:24:29,152|line:527| 官方 或 预约 OUT！
2025-04-09 17:24:29,152|line:520| https://t.bilibili.com/1052998652408102913
2025-04-09 17:24:33,369|line:527| 官方 或 预约 OUT！
2025-04-09 17:24:33,369|line:520| https://t.bilibili.com/1051098807998087208
2025-04-09 17:24:34,655|line:527| 官方 或 预约 OUT！
2025-04-09 17:24:34,655|line:520| https://t.bilibili.com/1049251121646796822
2025-04-09 17:24:36,874|line:527| 官方 或 预约 OUT！
2025-04-09 17:24:36,874|line:520| https://t.bilibili.com/1049320030074830849
2025-04-09 17:24:40,085|line:527| 官方 或 预约 OUT！
2025-04-09 17:24:40,085|line:520| https://t.bilibili.com/1049706946542698518
2025-04-09 17:24:43,291|line:527| 官方 或 预约 OUT！
2025-04-09 17:24:43,291|line:520| https://t.bilibili.com/1050467662535065601
2025-04-09 17:24:46,517|line:527| 官方 或 预约 OUT！
2025-04-09 17:24:46,517|line:520| https://t.bilibili.com/1050888002384953378
2025-04-09 17:24:49,739|line:527| 官方 或 预约 OUT！
2025-04-09 17:24:49,739|line:520| https://t.bilibili.com/1047140561824251929
2025-04-09 17:24:51,944|line:527| 官方 或 预约 OUT！
2025-04-09 17:24:51,945|line:520| https://t.bilibili.com/1051536877443612674
2025-04-09 17:24:54,158|line:527| 官方 或 预约 OUT！
2025-04-09 17:24:54,158|line:520| https://t.bilibili.com/1050727679857262681
2025-04-09 17:24:58,377|line:527| 官方 或 预约 OUT！
2025-04-09 17:24:58,377|line:520| https://t.bilibili.com/1049990135176757312
2025-04-09 17:25:01,585|line:527| 官方 或 预约 OUT！
2025-04-09 17:25:01,585|line:520| https://t.bilibili.com/1049243334875283473
2025-04-09 17:25:03,794|line:527| 官方 或 预约 OUT！
2025-04-09 17:25:03,794|line:520| https://t.bilibili.com/1051181245586735113
2025-04-09 17:25:08,005|line:527| 官方 或 预约 OUT！
2025-04-09 17:25:08,005|line:520| https://t.bilibili.com/1051104150909091864
2025-04-09 17:25:09,212|line:527| 官方 或 预约 OUT！
2025-04-09 17:25:09,212|line:520| https://t.bilibili.com/1050805199753445378
2025-04-09 17:25:10,425|line:527| 官方 或 预约 OUT！
2025-04-09 17:25:10,425|line:520| https://t.bilibili.com/1050850687715377223
2025-04-09 17:25:13,805|line:527| 官方 或 预约 OUT！
2025-04-09 17:25:13,805|line:520| https://t.bilibili.com/1035593318931628032
2025-04-09 17:25:17,011|line:527| 官方 或 预约 OUT！
2025-04-09 17:25:17,011|line:520| https://t.bilibili.com/1050708790577463299
2025-04-09 17:25:19,295|line:527| 官方 或 预约 OUT！
2025-04-09 17:25:19,295|line:520| https://t.bilibili.com/1046336664226496517
2025-04-09 17:25:23,501|line:527| 官方 或 预约 OUT！
2025-04-09 17:25:23,501|line:520| https://t.bilibili.com/1051100564641808386
2025-04-09 17:25:24,889|line:527| 官方 或 预约 OUT！
2025-04-09 17:25:24,890|line:520| https://t.bilibili.com/1050356598966321238
2025-04-09 17:25:29,110|line:527| 官方 或 预约 OUT！
2025-04-09 17:25:29,110|line:520| https://t.bilibili.com/1048872777995517986
2025-04-09 17:25:31,325|line:527| 官方 或 预约 OUT！
2025-04-09 17:25:31,325|line:520| https://t.bilibili.com/1048935432971091970
2025-04-09 17:25:32,538|line:527| 官方 或 预约 OUT！
2025-04-09 17:25:32,538|line:520| https://t.bilibili.com/1051855473869848576
2025-04-09 17:25:34,748|line:527| 官方 或 预约 OUT！
2025-04-09 17:25:34,748|line:553| 执行结束
2025-04-09 17:25:34,748|line:559| ==================================================2025-04-10 01:25==================================================
2025-04-09 17:25:42,435|line:579| ('reply: ', '目标咨询', '太宠粉了啊')
2025-04-09 17:25:42,435|line:579| ('reply: ', '数玩工场', '祝你成功')
2025-04-09 17:25:42,435|line:579| ('reply: ', '益家有小佰', '恭喜宝子，获得小电视月度会员1份和克刻冰冰猴喉糖随机口味1份～记得私信小佰提供信息哦~')
2025-04-09 17:25:42,436|line:579| ('reply: ', '圆环之理-Madoka', '是的')
2025-04-09 17:25:42,436|line:579| ('reply: ', '兰的三姨', '这就是银河巨星的实力！')
2025-04-09 17:25:42,436|line:579| ('reply: ', '花园百合铃音', '有男不玩，我只吃麻辣火锅，xxn滚[吃瓜]')
2025-04-09 17:25:42,436|line:579| ('reply: ', '是绝赞的阿鬼', '[tv_难过]')
2025-04-09 17:25:42,436|line:579| ('reply: ', '桃稚不幼稚', '还行')
2025-04-09 17:25:42,436|line:579| ('reply: ', '陌罔子吖', '佬，这个报名有啥条件不。最近太非了，想下次报来抽[脱单doge][脱单doge][脱单doge]')
2025-04-09 17:25:42,436|line:579| ('reply: ', '太二酸菜鱼', '恭喜成为本期欧皇[打call]获得【肥龙联名显眼包】1份，在收到本信息的两天内回复哥的私信哦~逾期哥就自己收啦！[脱单doge]')
2025-04-09 17:25:42,436|line:579| ('reply: ', '得一想二的松鼠', '中奖分我一半')
2025-04-09 17:25:42,436|line:579| ('reply: ', '佑凉Uriyoo', '谢谢！！！[UP_24967030_感恩]')
2025-04-09 17:25:42,436|line:579| ('reply: ', '岛莓祁', '好耶')
2025-04-09 17:25:42,437|line:579| ('reply: ', '苏酥_SUSU_', 'https://b23.tv/3HJcDkm')
2025-04-09 17:25:42,437|line:579| ('reply: ', '心想事成イ', 'I[UP_410636303_比心鸟][UP_410636303_比心鸟][UP_410636303_比心鸟]')
2025-04-09 17:25:42,437|line:579| ('reply: ', 'FWF第五人格娱乐赛', '加油[doge]')
2025-04-09 17:25:42,437|line:579| ('reply: ', '神奇猫咪_有钱哒', '好耶')
2025-04-09 17:25:42,437|line:579| ('reply: ', '星夜染some', '好耶')
2025-04-09 17:25:42,437|line:579| ('reply: ', '羽田依', '[Cat2_Nyampage]')
2025-04-09 17:25:42,437|line:579| ('reply: ', '鱼饼儿_', '来啦！')
2025-04-09 17:25:45,672|line:588| ('at: ', 'iKF蓝牙耳机', '恭喜@小小Shaun 宝子成为苏泊尔福利动态幸运儿！\n注意：即日起72小时内回复信息确认领奖哦！逾期将自动视为放弃中奖资格。\n没有中奖的宝子们不要气馁，参与一下下置顶视频iKF Mars，增加欧气值，说不定下个幸运儿就是你！\n链接：\nhttps://www.bilibili.com/video/BV1Soo6YLEHZ/?spm_id_from=333.1387.list.card_archive.click&vd_source=21fb0967ccc75e6b3b2447ade2c740dd\n还没参与抽奖的宝子们，赶紧点击上方链接参与吧！还有特别福利惊喜等你哦~')
2025-04-09 17:25:45,673|line:588| ('at: ', 'wellymerck威利默克', '恭喜@小小Shaun\xa0 获得《我是你的小狗3 永远等你回家》1本，请于5天内联系威宝，凭关注+互动截图领取奖品，逾期作废~')
2025-04-09 17:25:45,673|line:588| ('at: ', '宁美NINGMEI', '恭喜@小小Shaun   中奖，请在12月1日24点前私信我：1. 奖品+中奖信息a. 实物奖：姓名电话地址，给文字！省市区路清晰，提交不清晰不发奖，信息错误致无法签收，概不负责；\n\nb. 现金红包给到支付宝实名+账号；\n\nc. 京东卡/猫超卡 等购物卡给到姓名+电话；2. 宁美和品牌方关注截图+转发截图！\n\n必须关注品牌方，否则奖品不予发放；如遇无法私信图片的情况，等待我回复后即可发送图片。PS： \n\n因后台收信有时会出问题，以回复“已登记”为准，没有回复即表示私信未收到。\n\n过期视为自动放弃，不会补发；奖品30个工作日内发送，勿催哦~\n\n不发全，不回复。其他小伙伴请继续努力！')
2025-04-09 17:25:45,673|line:588| ('at: ', '爱玛电动车官方账号', '#一“玛”当先榜# 快来看看10月都是谁和爱玛酱互动最多呀~ 💕恭喜@小小Shaun 和@甘瑞凯拉莎 排行第一！这两位小玛达将会获得【爱玛随机周边×1】，请5天内私信爱玛酱领奖哟~[鼓掌] 以后也请继续单推我无敌可爱美少女爱玛酱呀嘿嘿！(●´З｀●)')
2025-04-09 17:25:45,673|line:588| ('at: ', '爱玛电动车官方账号', '')
2025-04-09 17:25:45,673|line:588| ('at: ', '海露滴眼液', '互动榜出炉啦')
2025-04-09 17:25:45,673|line:588| ('at: ', '和蔼可亲桃白白', '\u200b//@九号公司:\u200b恭喜@小小Shaun 中奖！后续记得查收私信哟～\u200b//@九号公司:#互动抽奖# 谢谢粒粒的复工礼！小九也来加个码~关注【@微粒贷+@九号公司 】并转发该动态，抽一位小可爱获得【100元京东卡】~ #供电局福利社# 10月31日抽出！')
2025-04-09 17:25:45,673|line:588| ('at: ', '望大家身体健康快乐', '\u200b//@九号公司:\u200b恭喜@小小Shaun 中奖！后续记得查收私信哟～\u200b//@九号公司 :#互动抽奖# 谢谢粒粒的复工礼！小九也来加个码~关注【@微粒贷+@九号公司 】并转发该动态，抽一位小可爱获得【100元京东卡】~ #供电局福利社# 10月31日抽出！')
2025-04-09 17:25:45,673|line:588| ('at: ', 'MoMA_Reona', '//@九号公司:\u200b恭喜@小小Shaun 中奖！后续记得查收私信哟～\u200b//@九号公司:#互动抽奖# 谢谢粒粒的复工礼！小九也来加个码~关注【@微粒贷+@九号公司 】并转发该动态，抽一位小可爱获得【100元京东卡】~ #供电局福利社# 10月31日抽出！')
2025-04-09 17:25:45,673|line:588| ('at: ', '摸鱼二队', '\u200b//@九号公司:\u200b恭喜@小小Shaun 中奖！后续记得查收私信哟～\u200b//@九号公司 :#互动抽奖# 谢谢粒粒的复工礼！小九也来加个码~关注【@微粒贷+@九号公司 】并转发该动态，抽一位小可爱获得【100元京东卡】~ #供电局福利社# 10月31日抽出！')
2025-04-09 17:25:45,674|line:588| ('at: ', '文少嘅一些事一些情', '\u200b//@九号公司:\u200b恭喜@小小Shaun 中奖！后续记得查收私信哟～\u200b//@九号公司 :#互动抽奖# 谢谢粒粒的复工礼！小九也来加个码~关注【@微粒贷+@九号公司 】并转发该动态，抽一位小可爱获得【100元京东卡】~ #供电局福利社# 10月31日抽出！')
2025-04-09 17:25:45,674|line:588| ('at: ', 'Carry队友的嘟嘟酱丶', '\u200b//@九号公司:\u200b恭喜@小小Shaun 中奖！后续记得查收私信哟～\u200b//@九号公司 :#互动抽奖# 谢谢粒粒的复工礼！小九也来加个码~关注【@微粒贷+@九号公司 】并转发该动态，抽一位小可爱获得【100元京东卡】~ #供电局福利社# 10月31日抽出！')
2025-04-09 17:25:45,674|line:588| ('at: ', '蛤蟆zero', '//@九号公司:\u200b恭喜@小小Shaun 中奖！后续记得查收私信哟～\u200b//@九号公司:#互动抽奖# 谢谢粒粒的复工礼！小九也来加个码~关注【@微粒贷+@九号公司 】并转发该动态，抽一位小可爱获得【100元京东卡】~ #供电局福利社# 10月31日抽出！c冲冲冲')
2025-04-09 17:25:45,674|line:588| ('at: ', '木而各子要吃笃栗子', '\u200b//@九号公司:\u200b恭喜@小小Shaun 中奖！后续记得查收私信哟～\u200b//@九号公司 :#互动抽奖# 谢谢粒粒的复工礼！小九也来加个码~关注【@微粒贷+@九号公司 】并转发该动态，抽一位小可爱获得【100元京东卡】~ #供电局福利社# 10月31日抽出！')
2025-04-09 17:25:45,674|line:588| ('at: ', '裙下愚臣情默默', '\u200b//@九号公司:\u200b恭喜@小小Shaun 中奖！后续记得查收私信哟～\u200b//@九号公司 :#互动抽奖# 谢谢粒粒的复工礼！小九也来加个码~关注【@微粒贷+@九号公司 】并转发该动态，抽一位小可爱获得【100元京东卡】~ #供电局福利社# 10月31日抽出！')
2025-04-09 17:25:45,674|line:588| ('at: ', '戊子毕宿', '')
2025-04-09 17:25:45,674|line:588| ('at: ', '九号电动', '\u200b恭喜@小小Shaun 中奖！后续记得查收私信哟～\u200b//@九号公司:#互动抽奖# 谢谢粒粒的复工礼！小九也来加个码~关注【@微粒贷+@九号公司 】并转发该动态，抽一位小可爱获得【100元京东卡】~ #供电局福利社# 10月31日抽出！')
2025-04-09 17:25:45,674|line:588| ('at: ', '优雅小宝', '')
2025-04-09 17:25:45,674|line:588| ('at: ', '我永远只爱一色彩羽', '//@九号公司:恭喜@小小Shaun 中奖！后续记得查收私信哟～\u200b//@九号公司:今晚8点，京东11.11现货开卖，抢先优惠不用等，全场直降，更有60元额外补贴助你大薅特薅！京东双十一，带你体验“飞”一般的购物速度！关注@京东戏精周报 x@九号公司 ，转发+评论本条动态，10月21日小编会抽取1名幸运粉丝送上【50元京东E卡】#京东11.11又便宜又好# #京东11.11现货开卖#')
2025-04-09 17:25:45,675|line:588| ('at: ', '戊子毕宿', '')
