2025-06-04 16:32:57,149|line:233| processing article 41902017
2025-06-04 16:33:01,575|line:508| ==================================================2025-06-05 00:33==================================================
2025-06-04 16:33:01,575|line:520| https://t.bilibili.com/1073422677922807826
2025-06-04 16:33:06,122|line:527| 官方 或 预约 OUT！
2025-06-04 16:33:06,122|line:520| https://t.bilibili.com/1074583487316492291
2025-06-04 16:33:07,440|line:342| =========此为源动态=========
2025-06-04 16:33:11,818|line:363| *********子动态开始*********
2025-06-04 16:33:11,818|line:382| *********子动态结束*********
2025-06-04 16:33:11,818|line:538| -=-=-=-=处理回最初的动态-=-=-=-=
2025-06-04 16:33:21,080|line:476| 转发成功 1074671254927048771
2025-06-04 16:33:24,510|line:495| 评论发送成功
2025-06-04 16:33:31,163|line:437| 关注 ==== 492393 0
2025-06-04 16:33:34,529|line:504| 动态-点赞 0
2025-06-04 16:33:37,529|line:520| https://t.bilibili.com/1073139081217572864
2025-06-04 16:33:37,530|line:522| 已有
2025-06-04 16:33:37,530|line:520| https://t.bilibili.com/1073782501640503298
2025-06-04 16:33:41,862|line:347| 'NoneType' object has no attribute 'get'
2025-06-04 16:33:41,862|line:348| error line:329
2025-06-04 16:33:41,862|line:534| *#*#*#*#*#*#*#*#*#*原动态处理失败*#*#*#*#*#*#*#*#*#
2025-06-04 16:33:41,862|line:520| https://t.bilibili.com/1072377970035785730
2025-06-04 16:33:43,347|line:527| 官方 或 预约 OUT！
2025-06-04 16:33:43,347|line:520| https://t.bilibili.com/1070033377486176259
2025-06-04 16:33:44,726|line:342| =========此为源动态=========
2025-06-04 16:33:46,085|line:363| *********子动态开始*********
2025-06-04 16:33:46,085|line:382| *********子动态结束*********
2025-06-04 16:33:46,085|line:538| -=-=-=-=处理回最初的动态-=-=-=-=
2025-06-04 16:33:57,323|line:476| 转发成功 1074671413893267456
2025-06-04 16:34:00,777|line:495| 评论发送成功
2025-06-04 16:34:06,796|line:437| 关注 ==== 1109089292 0
2025-06-04 16:34:10,165|line:504| 动态-点赞 0
2025-06-04 16:34:13,166|line:520| https://t.bilibili.com/1070766975073910791
2025-06-04 16:34:14,507|line:527| 官方 或 预约 OUT！
2025-06-04 16:34:14,508|line:520| https://t.bilibili.com/1073085587393609734
2025-06-04 16:34:17,831|line:527| 官方 或 预约 OUT！
2025-06-04 16:34:17,831|line:520| https://t.bilibili.com/1072333048962351113
2025-06-04 16:34:22,166|line:527| 官方 或 预约 OUT！
2025-06-04 16:34:22,166|line:520| https://t.bilibili.com/1072674756559372295
2025-06-04 16:34:25,485|line:527| 官方 或 预约 OUT！
2025-06-04 16:34:25,486|line:520| https://t.bilibili.com/1067055530639360018
2025-06-04 16:34:29,821|line:342| =========此为源动态=========
2025-06-04 16:34:32,154|line:363| *********子动态开始*********
2025-06-04 16:34:32,154|line:382| *********子动态结束*********
2025-06-04 16:34:32,155|line:538| -=-=-=-=处理回最初的动态-=-=-=-=
2025-06-04 16:34:39,350|line:476| 转发成功 1074671594283991049
2025-06-04 16:34:42,766|line:495| 评论发送成功
2025-06-04 16:34:50,484|line:437| 关注 ==== 8481869 0
2025-06-04 16:34:53,787|line:504| 动态-点赞 0
2025-06-04 16:34:56,788|line:520| https://t.bilibili.com/1071855440046850051
2025-06-04 16:35:00,347|line:527| 官方 或 预约 OUT！
2025-06-04 16:35:00,348|line:520| https://t.bilibili.com/1067520533864644627
2025-06-04 16:35:02,707|line:527| 官方 或 预约 OUT！
2025-06-04 16:35:02,707|line:520| https://t.bilibili.com/1073137535028297746
2025-06-04 16:35:07,057|line:527| 官方 或 预约 OUT！
2025-06-04 16:35:07,057|line:520| https://t.bilibili.com/1063452955021148177
2025-06-04 16:35:11,414|line:527| 官方 或 预约 OUT！
2025-06-04 16:35:11,414|line:520| https://t.bilibili.com/1073052456008548369
2025-06-04 16:35:12,766|line:527| 官方 或 预约 OUT！
2025-06-04 16:35:12,767|line:520| https://t.bilibili.com/1074230058735894532
2025-06-04 16:35:16,125|line:527| 官方 或 预约 OUT！
2025-06-04 16:35:16,125|line:520| https://t.bilibili.com/1068274871802265601
2025-06-04 16:35:19,484|line:527| 官方 或 预约 OUT！
2025-06-04 16:35:19,485|line:520| https://t.bilibili.com/1073499484797796357
2025-06-04 16:35:22,851|line:342| =========此为源动态=========
2025-06-04 16:35:27,224|line:363| *********子动态开始*********
2025-06-04 16:35:27,224|line:382| *********子动态结束*********
2025-06-04 16:35:27,225|line:538| -=-=-=-=处理回最初的动态-=-=-=-=
2025-06-04 16:35:37,593|line:476| 转发成功 1074671843337568260
2025-06-04 16:35:41,081|line:495| 评论发送成功
2025-06-04 16:35:45,522|line:425| 686127 === 已经关注了
2025-06-04 16:35:49,080|line:504| 动态-点赞 0
2025-06-04 16:35:52,081|line:520| https://t.bilibili.com/1070032728925143060
2025-06-04 16:35:56,447|line:342| =========此为源动态=========
2025-06-04 16:35:58,851|line:363| *********子动态开始*********
2025-06-04 16:35:58,851|line:382| *********子动态结束*********
2025-06-04 16:35:58,851|line:538| -=-=-=-=处理回最初的动态-=-=-=-=
2025-06-04 16:36:06,394|line:476| 转发成功 1074671967894765569
2025-06-04 16:36:09,865|line:495| 评论发送成功
2025-06-04 16:36:11,327|line:425| 1109089292 === 已经关注了
2025-06-04 16:36:14,752|line:504| 动态-点赞 0
2025-06-04 16:36:17,752|line:553| 执行结束
2025-06-04 16:36:17,753|line:559| ==================================================2025-06-05 00:36==================================================
2025-06-04 16:36:17,753|line:233| processing article 41901802
2025-06-04 16:36:20,994|line:508| ==================================================2025-06-05 00:36==================================================
2025-06-04 16:36:20,994|line:520| https://t.bilibili.com/1073427531207540777
2025-06-04 16:36:23,356|line:527| 官方 或 预约 OUT！
2025-06-04 16:36:23,357|line:520| https://t.bilibili.com/1063308347758870528
2025-06-04 16:36:25,756|line:342| =========此为源动态=========
2025-06-04 16:36:29,220|line:363| *********子动态开始*********
2025-06-04 16:36:29,220|line:382| *********子动态结束*********
2025-06-04 16:36:29,220|line:538| -=-=-=-=处理回最初的动态-=-=-=-=
2025-06-04 16:36:41,811|line:476| 转发成功 1074672118247981073
2025-06-04 16:36:45,257|line:495| 评论发送成功
2025-06-04 16:36:46,699|line:425| 319548826 === 已经关注了
2025-06-04 16:36:50,101|line:504| 动态-点赞 0
2025-06-04 16:36:53,101|line:520| https://t.bilibili.com/1068950654849908740
2025-06-04 16:36:57,531|line:342| =========此为源动态=========
2025-06-04 16:37:01,047|line:363| *********子动态开始*********
2025-06-04 16:37:01,047|line:382| *********子动态结束*********
2025-06-04 16:37:01,048|line:538| -=-=-=-=处理回最初的动态-=-=-=-=
2025-06-04 16:37:09,423|line:476| 转发成功 1074672238529085449
2025-06-04 16:37:12,883|line:495| 评论发送成功
2025-06-04 16:37:16,340|line:425| 416514298 === 已经关注了
2025-06-04 16:37:19,721|line:504| 动态-点赞 0
2025-06-04 16:37:21,721|line:520| https://t.bilibili.com/1063424715583913992
2025-06-04 16:37:23,050|line:342| =========此为源动态=========
2025-06-04 16:37:25,570|line:363| *********子动态开始*********
2025-06-04 16:37:25,570|line:382| *********子动态结束*********
2025-06-04 16:37:25,570|line:538| -=-=-=-=处理回最初的动态-=-=-=-=
2025-06-04 16:37:36,022|line:476| 转发成功 1074672350196138002
2025-06-04 16:37:39,466|line:495| 评论发送成功
2025-06-04 16:37:45,435|line:437| 关注 ==== 3493286228527906 0
2025-06-04 16:37:48,846|line:504| 动态-点赞 0
2025-06-04 16:37:49,847|line:520| https://t.bilibili.com/1067374341717491719
2025-06-04 16:37:53,187|line:527| 官方 或 预约 OUT！
2025-06-04 16:37:53,187|line:520| https://t.bilibili.com/1051277925314199552
2025-06-04 16:37:55,507|line:527| 官方 或 预约 OUT！
2025-06-04 16:37:55,508|line:520| https://t.bilibili.com/1072235151647309840
2025-06-04 16:37:57,841|line:342| =========此为源动态=========
2025-06-04 16:38:01,379|line:363| *********子动态开始*********
2025-06-04 16:38:01,379|line:382| *********子动态结束*********
2025-06-04 16:38:01,380|line:538| -=-=-=-=处理回最初的动态-=-=-=-=
2025-06-04 16:38:10,645|line:476| 转发成功 1074672500483293185
2025-06-04 16:38:14,060|line:495| 评论发送成功
2025-06-04 16:38:15,505|line:425| 3546746707774174 === 已经关注了
2025-06-04 16:38:19,025|line:504| 动态-点赞 0
2025-06-04 16:38:21,026|line:520| https://t.bilibili.com/1072714274563948576
2025-06-04 16:38:22,345|line:342| =========此为源动态=========
2025-06-04 16:38:23,889|line:363| *********子动态开始*********
2025-06-04 16:38:23,890|line:382| *********子动态结束*********
2025-06-04 16:38:23,890|line:538| -=-=-=-=处理回最初的动态-=-=-=-=
2025-06-04 16:38:33,149|line:476| 转发成功 1074672594957893669
2025-06-04 16:38:36,589|line:495| 评论发送成功
2025-06-04 16:38:38,997|line:425| 9426939 === 已经关注了
2025-06-04 16:38:42,360|line:504| 动态-点赞 0
2025-06-04 16:38:44,361|line:520| https://t.bilibili.com/1073332945268244485
2025-06-04 16:38:47,993|line:342| =========此为源动态=========
2025-06-04 16:38:49,514|line:363| *********子动态开始*********
2025-06-04 16:38:49,515|line:382| *********子动态结束*********
2025-06-04 16:38:49,515|line:538| -=-=-=-=处理回最初的动态-=-=-=-=
2025-06-04 16:38:56,730|line:476| 转发成功 1074672698063323141
2025-06-04 16:39:00,181|line:495| 评论发送成功
2025-06-04 16:39:01,621|line:425| 1536750746 === 已经关注了
2025-06-04 16:39:05,057|line:504| 动态-点赞 0
2025-06-04 16:39:08,057|line:520| https://t.bilibili.com/1070098162747703301
2025-06-04 16:39:09,539|line:342| =========此为源动态=========
2025-06-04 16:39:13,080|line:363| *********子动态开始*********
2025-06-04 16:39:13,081|line:382| *********子动态结束*********
2025-06-04 16:39:13,081|line:538| -=-=-=-=处理回最初的动态-=-=-=-=
2025-06-04 16:39:22,387|line:476| 转发成功 1074672809718841352
2025-06-04 16:39:25,829|line:495| 评论发送成功
2025-06-04 16:39:31,669|line:437| 关注 ==== 3546889211349649 0
2025-06-04 16:39:35,014|line:504| 动态-点赞 0
2025-06-04 16:39:39,015|line:520| https://t.bilibili.com/1072717955340435463
2025-06-04 16:39:39,015|line:522| 已有
2025-06-04 16:39:39,015|line:520| https://t.bilibili.com/1069988971775262720
2025-06-04 16:39:41,367|line:527| 官方 或 预约 OUT！
2025-06-04 16:39:41,367|line:520| https://t.bilibili.com/1063054991890055190
2025-06-04 16:39:44,851|line:527| 官方 或 预约 OUT！
2025-06-04 16:39:44,851|line:520| https://t.bilibili.com/1051535284010745857
2025-06-04 16:39:47,206|line:527| 官方 或 预约 OUT！
2025-06-04 16:39:47,206|line:520| https://t.bilibili.com/1072354425067012120
2025-06-04 16:39:47,206|line:522| 已有
2025-06-04 16:39:47,206|line:520| https://t.bilibili.com/1072357109407940612
2025-06-04 16:39:50,589|line:527| 官方 或 预约 OUT！
2025-06-04 16:39:50,589|line:520| https://t.bilibili.com/1069676210115575809
2025-06-04 16:39:50,589|line:522| 已有
2025-06-04 16:39:50,589|line:520| https://t.bilibili.com/1072729931873517585
2025-06-04 16:39:50,589|line:522| 已有
2025-06-04 16:39:50,589|line:520| https://t.bilibili.com/1066316600816173077
2025-06-04 16:39:51,960|line:342| =========此为源动态=========
2025-06-04 16:39:54,393|line:363| *********子动态开始*********
2025-06-04 16:39:54,393|line:382| *********子动态结束*********
2025-06-04 16:39:54,393|line:538| -=-=-=-=处理回最初的动态-=-=-=-=
2025-06-04 16:40:02,657|line:476| 转发成功 1074672981519630337
2025-06-04 16:40:06,095|line:495| 评论发送成功
2025-06-04 16:40:09,675|line:425| 30959086 === 已经关注了
2025-06-04 16:40:13,029|line:504| 动态-点赞 0
2025-06-04 16:40:14,029|line:520| https://t.bilibili.com/1071223955306577927
2025-06-04 16:40:14,029|line:522| 已有
2025-06-04 16:40:14,030|line:520| https://t.bilibili.com/1058266481365614600
2025-06-04 16:40:17,345|line:527| 官方 或 预约 OUT！
2025-06-04 16:40:17,346|line:520| https://t.bilibili.com/1072383922882478085
2025-06-04 16:40:19,761|line:527| 官方 或 预约 OUT！
2025-06-04 16:40:19,761|line:520| https://t.bilibili.com/1071601214498537490
2025-06-04 16:40:19,761|line:522| 已有
2025-06-04 16:40:19,761|line:520| https://t.bilibili.com/1068873783565090822
2025-06-04 16:40:24,075|line:342| =========此为源动态=========
2025-06-04 16:40:27,611|line:363| *********子动态开始*********
2025-06-04 16:40:27,611|line:382| *********子动态结束*********
2025-06-04 16:40:27,611|line:538| -=-=-=-=处理回最初的动态-=-=-=-=
2025-06-04 16:40:33,825|line:476| 转发成功 1074673114658373632
2025-06-04 16:40:37,374|line:495| 评论发送成功
2025-06-04 16:40:39,815|line:425| 386055742 === 已经关注了
2025-06-04 16:40:43,197|line:504| 动态-点赞 0
2025-06-04 16:40:44,198|line:520| https://t.bilibili.com/1072345422809268279
2025-06-04 16:40:48,558|line:342| =========此为源动态=========
2025-06-04 16:40:53,162|line:363| *********子动态开始*********
2025-06-04 16:40:53,162|line:382| *********子动态结束*********
2025-06-04 16:40:53,162|line:538| -=-=-=-=处理回最初的动态-=-=-=-=
2025-06-04 16:41:01,534|line:476| 转发成功 1074673234925846528
2025-06-04 16:41:04,970|line:495| 评论发送成功
2025-06-04 16:41:10,774|line:437| 关注 ==== 3546725434263665 0
2025-06-04 16:41:14,119|line:504| 动态-点赞 0
2025-06-04 16:41:15,119|line:520| https://t.bilibili.com/1069763827457851397
2025-06-04 16:41:17,612|line:342| =========此为源动态=========
2025-06-04 16:41:20,964|line:363| *********子动态开始*********
2025-06-04 16:41:20,965|line:382| *********子动态结束*********
2025-06-04 16:41:20,965|line:538| -=-=-=-=处理回最初的动态-=-=-=-=
2025-06-04 16:41:32,192|line:476| 转发成功 1074673368099192836
2025-06-04 16:41:35,762|line:495| 评论发送成功
2025-06-04 16:41:39,183|line:425| 1310714247 === 已经关注了
2025-06-04 16:41:42,534|line:504| 动态-点赞 0
2025-06-04 16:41:43,535|line:520| https://t.bilibili.com/1074191932294430742
2025-06-04 16:41:43,535|line:522| 已有
2025-06-04 16:41:43,535|line:520| https://t.bilibili.com/1071966263103717414
2025-06-04 16:41:43,535|line:522| 已有
2025-06-04 16:41:43,535|line:520| https://t.bilibili.com/1069664444099854392
2025-06-04 16:41:47,870|line:527| 官方 或 预约 OUT！
2025-06-04 16:41:47,870|line:520| https://t.bilibili.com/1071973817899810821
2025-06-04 16:41:51,243|line:342| =========此为源动态=========
2025-06-04 16:41:53,622|line:363| *********子动态开始*********
2025-06-04 16:41:53,622|line:382| *********子动态结束*********
2025-06-04 16:41:53,623|line:538| -=-=-=-=处理回最初的动态-=-=-=-=
2025-06-04 16:42:04,869|line:476| 转发成功 1074673505502494725
2025-06-04 16:42:08,302|line:495| 评论发送成功
2025-06-04 16:42:09,744|line:425| 351899011 === 已经关注了
2025-06-04 16:42:13,105|line:504| 动态-点赞 0
2025-06-04 16:42:17,105|line:553| 执行结束
2025-06-04 16:42:17,106|line:559| ==================================================2025-06-05 00:42==================================================
2025-06-04 16:42:17,106|line:233| processing article 41891703
2025-06-04 16:42:20,241|line:508| ==================================================2025-06-05 00:42==================================================
2025-06-04 16:42:20,241|line:520| https://t.bilibili.com/1073139081217572864
2025-06-04 16:42:20,241|line:522| 已有
2025-06-04 16:42:20,241|line:520| https://t.bilibili.com/1073782501640503298
2025-06-04 16:42:24,761|line:347| 'NoneType' object has no attribute 'get'
2025-06-04 16:42:24,761|line:348| error line:329
2025-06-04 16:42:24,762|line:534| *#*#*#*#*#*#*#*#*#*原动态处理失败*#*#*#*#*#*#*#*#*#
2025-06-04 16:42:24,762|line:520| https://t.bilibili.com/1070395992949391369
2025-06-04 16:42:27,094|line:527| 官方 或 预约 OUT！
2025-06-04 16:42:27,094|line:520| https://t.bilibili.com/1073052456008548369
2025-06-04 16:42:29,420|line:527| 官方 或 预约 OUT！
2025-06-04 16:42:29,421|line:520| https://t.bilibili.com/1072377970035785730
2025-06-04 16:42:30,762|line:527| 官方 或 预约 OUT！
2025-06-04 16:42:30,762|line:520| https://t.bilibili.com/1073422677922807826
2025-06-04 16:42:33,106|line:527| 官方 或 预约 OUT！
2025-06-04 16:42:33,106|line:520| https://t.bilibili.com/1069405174084141122
2025-06-04 16:42:37,426|line:527| 官方 或 预约 OUT！
2025-06-04 16:42:37,426|line:520| https://t.bilibili.com/1068274871802265601
2025-06-04 16:42:41,766|line:527| 官方 或 预约 OUT！
2025-06-04 16:42:41,766|line:520| https://t.bilibili.com/1073058091019272215
2025-06-04 16:42:44,138|line:527| 官方 或 预约 OUT！
2025-06-04 16:42:44,138|line:520| https://t.bilibili.com/1073137535028297746
2025-06-04 16:42:46,482|line:527| 官方 或 预约 OUT！
2025-06-04 16:42:46,482|line:520| https://t.bilibili.com/1070766975073910791
2025-06-04 16:42:47,812|line:527| 官方 或 预约 OUT！
2025-06-04 16:42:47,812|line:520| https://t.bilibili.com/1074249476293525505
2025-06-04 16:42:51,182|line:527| 官方 或 预约 OUT！
2025-06-04 16:42:51,182|line:553| 执行结束
2025-06-04 16:42:51,182|line:559| ==================================================2025-06-05 00:42==================================================
2025-06-04 16:42:51,183|line:233| processing article 41888856
2025-06-04 16:42:56,297|line:508| ==================================================2025-06-05 00:42==================================================
2025-06-04 16:42:56,297|line:520| https://t.bilibili.com/1068879923205111847
2025-06-04 16:42:56,297|line:522| 已有
2025-06-04 16:42:56,297|line:520| https://t.bilibili.com/1064858667728240640
2025-06-04 16:42:56,297|line:522| 已有
2025-06-04 16:42:56,298|line:520| https://t.bilibili.com/1072220666858569761
2025-06-04 16:42:56,298|line:522| 已有
2025-06-04 16:42:56,298|line:520| https://t.bilibili.com/1072745400227594256
2025-06-04 16:42:56,298|line:522| 已有
2025-06-04 16:42:56,298|line:520| https://t.bilibili.com/1072012133347098649
2025-06-04 16:42:56,298|line:522| 已有
2025-06-04 16:42:56,298|line:520| https://t.bilibili.com/1071841541534777349
2025-06-04 16:42:57,620|line:527| 官方 或 预约 OUT！
2025-06-04 16:42:57,620|line:520| https://t.bilibili.com/1062956572742778886
2025-06-04 16:42:59,005|line:527| 官方 或 预约 OUT！
2025-06-04 16:42:59,005|line:520| https://t.bilibili.com/1072226065674403879
2025-06-04 16:42:59,006|line:522| 已有
2025-06-04 16:42:59,006|line:520| https://t.bilibili.com/1067534303490998279
2025-06-04 16:42:59,006|line:522| 已有
2025-06-04 16:42:59,006|line:520| https://t.bilibili.com/1071986659848880132
2025-06-04 16:42:59,006|line:522| 已有
2025-06-04 16:42:59,006|line:520| https://t.bilibili.com/1069067619724689412
2025-06-04 16:42:59,006|line:522| 已有
2025-06-04 16:42:59,006|line:520| https://t.bilibili.com/1072258926448214025
2025-06-04 16:42:59,007|line:522| 已有
2025-06-04 16:42:59,007|line:553| 执行结束
2025-06-04 16:42:59,007|line:559| ==================================================2025-06-05 00:42==================================================
2025-06-04 16:42:59,007|line:233| processing article 41902162
2025-06-04 16:43:01,650|line:508| ==================================================2025-06-05 00:43==================================================
2025-06-04 16:43:01,650|line:520| https://t.bilibili.com/1074521674107322374
2025-06-04 16:43:05,975|line:337| =========此为子动态=========
2025-06-04 16:43:10,533|line:401| *************原动态已存在***************
2025-06-04 16:43:13,046|line:363| *********子动态开始*********
2025-06-04 16:43:23,399|line:476| 转发成功 1074673844840562693
2025-06-04 16:43:26,863|line:495| 评论发送成功
2025-06-04 16:43:30,658|line:425| 1494786563 === 已经关注了
2025-06-04 16:43:30,658|line:377| ----完成一个子动态----
2025-06-04 16:43:30,659|line:382| *********子动态结束*********
2025-06-04 16:43:31,659|line:520| https://t.bilibili.com/1074533528217059334
2025-06-04 16:43:35,207|line:337| =========此为子动态=========
2025-06-04 16:43:39,663|line:401| *************原动态已存在***************
2025-06-04 16:43:42,207|line:363| *********子动态开始*********
2025-06-04 16:43:50,687|line:476| 转发成功 1074673960805728262
2025-06-04 16:43:54,148|line:495| 评论发送成功
2025-06-04 16:44:00,969|line:425| 63414376 === 已经关注了
2025-06-04 16:44:00,970|line:377| ----完成一个子动态----
2025-06-04 16:44:11,406|line:476| 转发成功 1074674050966487042
2025-06-04 16:44:14,859|line:495| 评论发送成功
2025-06-04 16:44:21,659|line:425| 479444311 === 已经关注了
2025-06-04 16:44:21,660|line:377| ----完成一个子动态----
2025-06-04 16:44:21,660|line:382| *********子动态结束*********
2025-06-04 16:44:22,661|line:520| https://t.bilibili.com/1074463588982194176
2025-06-04 16:44:25,005|line:527| 官方 或 预约 OUT！
2025-06-04 16:44:25,005|line:520| https://t.bilibili.com/1074469393627349010
2025-06-04 16:44:29,327|line:342| =========此为源动态=========
2025-06-04 16:44:31,709|line:363| *********子动态开始*********
2025-06-04 16:44:31,709|line:382| *********子动态结束*********
2025-06-04 16:44:31,709|line:538| -=-=-=-=处理回最初的动态-=-=-=-=
2025-06-04 16:44:40,059|line:476| 转发成功 1074674171212988453
2025-06-04 16:44:43,588|line:495| 评论发送成功
2025-06-04 16:44:47,004|line:425| 432158620 === 已经关注了
2025-06-04 16:44:50,360|line:504| 动态-点赞 0
2025-06-04 16:44:54,360|line:520| https://t.bilibili.com/1074216254704713736
2025-06-04 16:44:56,695|line:342| =========此为源动态=========
2025-06-04 16:45:01,052|line:363| *********子动态开始*********
2025-06-04 16:45:01,052|line:382| *********子动态结束*********
2025-06-04 16:45:01,053|line:538| -=-=-=-=处理回最初的动态-=-=-=-=
2025-06-04 16:45:09,384|line:476| 转发成功 1074674300099756036
2025-06-04 16:45:13,010|line:495| 评论发送成功
2025-06-04 16:45:15,416|line:425| 9535164 === 已经关注了
2025-06-04 16:45:18,789|line:504| 动态-点赞 0
2025-06-04 16:45:21,790|line:520| https://t.bilibili.com/1073836231712833574
2025-06-04 16:45:26,124|line:342| =========此为源动态=========
2025-06-04 16:45:30,653|line:363| *********子动态开始*********
2025-06-04 16:45:30,653|line:382| *********子动态结束*********
2025-06-04 16:45:30,654|line:538| -=-=-=-=处理回最初的动态-=-=-=-=
2025-06-04 16:45:40,928|line:476| 转发成功 1074674433224867840
2025-06-04 16:45:44,418|line:495| 评论发送成功
2025-06-04 16:45:51,294|line:437| 关注 ==== 364940238 0
2025-06-04 16:45:54,647|line:504| 动态-点赞 0
2025-06-04 16:45:55,647|line:520| https://t.bilibili.com/1074461351304232963
2025-06-04 16:45:55,647|line:522| 已有
2025-06-04 16:45:55,648|line:520| https://t.bilibili.com/1074462798729183250
2025-06-04 16:45:59,982|line:342| =========此为源动态=========
2025-06-04 16:46:04,441|line:363| *********子动态开始*********
2025-06-04 16:46:04,441|line:382| *********子动态结束*********
2025-06-04 16:46:04,442|line:538| -=-=-=-=处理回最初的动态-=-=-=-=
2025-06-04 16:46:12,658|line:476| 转发成功 1074674570695278594
2025-06-04 16:46:16,172|line:495| 评论发送成功
2025-06-04 16:46:20,580|line:425| 20467627 === 已经关注了
2025-06-04 16:46:23,936|line:504| 动态-点赞 0
2025-06-04 16:46:24,936|line:520| https://t.bilibili.com/1074197326790131729
2025-06-04 16:46:26,266|line:527| 官方 或 预约 OUT！
2025-06-04 16:46:26,266|line:520| https://t.bilibili.com/1074268389186207744
2025-06-04 16:46:27,776|line:342| =========此为源动态=========
2025-06-04 16:46:30,187|line:363| *********子动态开始*********
2025-06-04 16:46:30,187|line:382| *********子动态结束*********
2025-06-04 16:46:30,187|line:538| -=-=-=-=处理回最初的动态-=-=-=-=
2025-06-04 16:46:39,508|line:476| 转发成功 1074674686658347009
2025-06-04 16:46:42,969|line:495| 评论发送成功
2025-06-04 16:46:47,400|line:425| 652239032 === 已经关注了
2025-06-04 16:46:50,769|line:504| 动态-点赞 0
2025-06-04 16:46:54,770|line:520| https://t.bilibili.com/1074446200811290681
2025-06-04 16:46:59,255|line:342| =========此为源动态=========
2025-06-04 16:47:02,832|line:363| *********子动态开始*********
2025-06-04 16:47:02,832|line:382| *********子动态结束*********
2025-06-04 16:47:02,832|line:538| -=-=-=-=处理回最初的动态-=-=-=-=
2025-06-04 16:47:12,125|line:476| 转发成功 1074674824056406019
2025-06-04 16:47:15,616|line:495| 评论发送成功
2025-06-04 16:47:19,050|line:425| 2007250903 === 已经关注了
2025-06-04 16:47:22,435|line:504| 动态-点赞 0
2025-06-04 16:47:26,435|line:520| https://t.bilibili.com/1074479351538384898
2025-06-04 16:47:30,781|line:342| =========此为源动态=========
2025-06-04 16:47:32,233|line:363| *********子动态开始*********
2025-06-04 16:47:32,233|line:382| *********子动态结束*********
2025-06-04 16:47:32,233|line:538| -=-=-=-=处理回最初的动态-=-=-=-=
2025-06-04 16:47:40,611|line:476| 转发成功 1074674948628283397
2025-06-04 16:47:44,070|line:495| 评论发送成功
2025-06-04 16:47:51,970|line:437| 关注 ==== 279732952 0
2025-06-04 16:47:55,346|line:504| 动态-点赞 0
2025-06-04 16:47:57,346|line:520| https://t.bilibili.com/1065346271089262596
2025-06-04 16:48:00,745|line:527| 官方 或 预约 OUT！
2025-06-04 16:48:00,745|line:520| https://t.bilibili.com/1074593254039617574
2025-06-04 16:48:05,097|line:342| =========此为源动态=========
2025-06-04 16:48:08,533|line:363| *********子动态开始*********
2025-06-04 16:48:08,533|line:382| *********子动态结束*********
2025-06-04 16:48:08,534|line:538| -=-=-=-=处理回最初的动态-=-=-=-=
2025-06-04 16:48:16,912|line:476| 转发成功 1074675103251300353
2025-06-04 16:48:20,384|line:495| 评论发送成功
2025-06-04 16:48:21,877|line:425| 375191059 === 已经关注了
2025-06-04 16:48:25,261|line:504| 动态-点赞 0
2025-06-04 16:48:29,262|line:520| https://t.bilibili.com/1074214272569966599
2025-06-04 16:48:31,570|line:342| =========此为源动态=========
2025-06-04 16:48:34,108|line:363| *********子动态开始*********
2025-06-04 16:48:34,108|line:382| *********子动态结束*********
2025-06-04 16:48:34,108|line:538| -=-=-=-=处理回最初的动态-=-=-=-=
2025-06-04 16:48:41,177|line:476| 转发成功 1074675206337855492
2025-06-04 16:48:44,557|line:495| 评论发送成功
2025-06-04 16:48:46,989|line:425| 287886755 === 已经关注了
2025-06-04 16:48:50,307|line:504| 动态-点赞 0
2025-06-04 16:48:52,307|line:520| https://t.bilibili.com/1074586352027172889
2025-06-04 16:48:53,598|line:342| =========此为源动态=========
2025-06-04 16:48:56,111|line:363| *********子动态开始*********
2025-06-04 16:48:56,111|line:382| *********子动态结束*********
2025-06-04 16:48:56,111|line:538| -=-=-=-=处理回最初的动态-=-=-=-=
2025-06-04 16:49:06,219|line:476| 转发成功 1074675317964013574
2025-06-04 16:49:09,784|line:495| 评论发送成功
2025-06-04 16:49:11,159|line:425| 3546642101831946 === 已经关注了
2025-06-04 16:49:14,479|line:504| 动态-点赞 0
2025-06-04 16:49:16,479|line:520| https://t.bilibili.com/1074243789764165637
2025-06-04 16:49:20,764|line:342| =========此为源动态=========
2025-06-04 16:49:25,109|line:363| *********子动态开始*********
2025-06-04 16:49:25,109|line:382| *********子动态结束*********
2025-06-04 16:49:25,109|line:538| -=-=-=-=处理回最初的动态-=-=-=-=
2025-06-04 16:49:33,331|line:476| 转发成功 1074675433942810625
2025-06-04 16:49:36,714|line:495| 评论发送成功
2025-06-04 16:49:39,083|line:425| 100680137 === 已经关注了
2025-06-04 16:49:42,400|line:504| 动态-点赞 0
2025-06-04 16:49:44,400|line:520| https://t.bilibili.com/1074552194178482184
2025-06-04 16:49:45,814|line:527| 官方 或 预约 OUT！
2025-06-04 16:49:45,814|line:520| https://t.bilibili.com/1074230105979486209
2025-06-04 16:49:49,184|line:342| =========此为源动态=========
2025-06-04 16:49:52,573|line:363| *********子动态开始*********
2025-06-04 16:49:52,573|line:382| *********子动态结束*********
2025-06-04 16:49:52,574|line:538| -=-=-=-=处理回最初的动态-=-=-=-=
2025-06-04 16:50:02,971|line:476| 转发成功 1074675558484279329
2025-06-04 16:50:06,754|line:495| 评论发送成功
2025-06-04 16:50:11,204|line:425| 351899011 === 已经关注了
2025-06-04 16:50:14,590|line:504| 动态-点赞 0
2025-06-04 16:50:17,591|line:520| https://t.bilibili.com/1074454479382773760
2025-06-04 16:50:20,953|line:527| 官方 或 预约 OUT！
2025-06-04 16:50:20,953|line:520| https://t.bilibili.com/1074469408684900450
2025-06-04 16:50:24,298|line:342| =========此为源动态=========
2025-06-04 16:50:27,875|line:363| *********子动态开始*********
2025-06-04 16:50:27,875|line:382| *********子动态结束*********
2025-06-04 16:50:27,876|line:538| -=-=-=-=处理回最初的动态-=-=-=-=
2025-06-04 16:50:39,266|line:476| 转发成功 1074675717401214985
2025-06-04 16:50:42,710|line:495| 评论发送成功
2025-06-04 16:50:48,572|line:437| 关注 ==== 39997124 0
2025-06-04 16:50:51,955|line:504| 动态-点赞 0
2025-06-04 16:50:55,955|line:520| https://t.bilibili.com/1074471397263147011
2025-06-04 16:50:59,348|line:342| =========此为源动态=========
2025-06-04 16:51:01,927|line:363| *********子动态开始*********
2025-06-04 16:51:01,927|line:382| *********子动态结束*********
2025-06-04 16:51:01,927|line:538| -=-=-=-=处理回最初的动态-=-=-=-=
2025-06-04 16:51:11,234|line:476| 转发成功 1074675854834925569
2025-06-04 16:51:14,742|line:495| 评论发送成功
2025-06-04 16:51:19,234|line:425| 601210376 === 已经关注了
2025-06-04 16:51:22,609|line:504| 动态-点赞 0
2025-06-04 16:51:26,609|line:520| https://t.bilibili.com/1074558868561854469
2025-06-04 16:51:30,109|line:342| =========此为源动态=========
2025-06-04 16:51:31,700|line:363| *********子动态开始*********
2025-06-04 16:51:31,700|line:382| *********子动态结束*********
2025-06-04 16:51:31,700|line:538| -=-=-=-=处理回最初的动态-=-=-=-=
2025-06-04 16:51:39,072|line:476| 转发成功 1074675970848325654
2025-06-04 16:51:42,496|line:495| 评论发送成功
2025-06-04 16:51:44,917|line:425| 1024366005 === 已经关注了
2025-06-04 16:51:48,277|line:504| 动态-点赞 0
2025-06-04 16:51:51,278|line:520| https://t.bilibili.com/1074254333870080020
2025-06-04 16:51:55,612|line:527| 官方 或 预约 OUT！
2025-06-04 16:51:55,612|line:520| https://t.bilibili.com/1070213903515910152
2025-06-04 16:51:56,927|line:527| 官方 或 预约 OUT！
2025-06-04 16:51:56,927|line:520| https://t.bilibili.com/1071497218261778449
2025-06-04 16:51:59,265|line:527| 官方 或 预约 OUT！
2025-06-04 16:51:59,266|line:520| https://t.bilibili.com/1074523510240444425
2025-06-04 16:52:02,655|line:342| =========此为源动态=========
2025-06-04 16:52:05,185|line:363| *********子动态开始*********
2025-06-04 16:52:05,185|line:382| *********子动态结束*********
2025-06-04 16:52:05,185|line:538| -=-=-=-=处理回最初的动态-=-=-=-=
2025-06-04 16:52:12,473|line:476| 转发成功 1074676116858339331
2025-06-04 16:52:16,129|line:495| 评论发送成功
2025-06-04 16:52:17,599|line:425| 287886755 === 已经关注了
2025-06-04 16:52:20,967|line:504| 动态-点赞 0
2025-06-04 16:52:21,967|line:520| https://t.bilibili.com/1074561174928883713
2025-06-04 16:52:25,301|line:342| =========此为源动态=========
2025-06-04 16:52:27,719|line:363| *********子动态开始*********
2025-06-04 16:52:27,719|line:382| *********子动态结束*********
2025-06-04 16:52:27,719|line:538| -=-=-=-=处理回最初的动态-=-=-=-=
2025-06-04 16:52:36,091|line:476| 转发成功 1074676215652024340
2025-06-04 16:52:39,521|line:495| 评论发送成功
2025-06-04 16:52:41,945|line:425| 21926058 === 已经关注了
2025-06-04 16:52:45,334|line:504| 动态-点赞 0
2025-06-04 16:52:48,334|line:520| https://t.bilibili.com/1074509678273101829
2025-06-04 16:52:50,670|line:342| =========此为源动态=========
2025-06-04 16:52:52,039|line:363| *********子动态开始*********
2025-06-04 16:52:52,039|line:382| *********子动态结束*********
2025-06-04 16:52:52,039|line:538| -=-=-=-=处理回最初的动态-=-=-=-=
2025-06-04 16:53:03,306|line:476| 转发成功 1074676335885942789
2025-06-04 16:53:06,849|line:495| 评论发送成功
2025-06-04 16:53:12,869|line:437| 关注 ==== 10110907 0
2025-06-04 16:53:16,247|line:504| 动态-点赞 0
2025-06-04 16:53:20,248|line:520| https://t.bilibili.com/1074574059823431681
2025-06-04 16:53:24,602|line:527| 官方 或 预约 OUT！
2025-06-04 16:53:24,602|line:520| https://t.bilibili.com/1071988403638108199
2025-06-04 16:53:26,924|line:342| =========此为源动态=========
2025-06-04 16:53:28,398|line:363| *********子动态开始*********
2025-06-04 16:53:28,398|line:382| *********子动态结束*********
2025-06-04 16:53:28,398|line:538| -=-=-=-=处理回最初的动态-=-=-=-=
2025-06-04 16:53:37,701|line:476| 转发成功 1074676481905393668
2025-06-04 16:53:41,125|line:495| 评论发送成功
2025-06-04 16:53:45,549|line:425| 357061011 === 已经关注了
2025-06-04 16:53:48,910|line:504| 动态-点赞 0
2025-06-04 16:53:52,911|line:520| https://t.bilibili.com/1035593318931628032
2025-06-04 16:53:56,245|line:527| 官方 或 预约 OUT！
2025-06-04 16:53:56,245|line:520| https://t.bilibili.com/1074527558216712196
2025-06-04 16:53:58,573|line:527| 官方 或 预约 OUT！
2025-06-04 16:53:58,573|line:520| https://t.bilibili.com/1074579686241075203
2025-06-04 16:53:59,889|line:527| 官方 或 预约 OUT！
2025-06-04 16:53:59,889|line:520| https://t.bilibili.com/1074558056797306889
2025-06-04 16:54:03,388|line:342| =========此为源动态=========
2025-06-04 16:54:04,932|line:363| *********子动态开始*********
2025-06-04 16:54:04,932|line:382| *********子动态结束*********
2025-06-04 16:54:04,933|line:538| -=-=-=-=处理回最初的动态-=-=-=-=
2025-06-04 16:54:14,198|line:476| 转发成功 1074676636531556359
2025-06-04 16:54:17,646|line:495| 评论发送成功
2025-06-04 16:54:19,047|line:425| 1824814640 === 已经关注了
2025-06-04 16:54:22,473|line:504| 动态-点赞 0
2025-06-04 16:54:25,474|line:520| https://t.bilibili.com/1072352088554471426
2025-06-04 16:54:27,811|line:527| 官方 或 预约 OUT！
2025-06-04 16:54:27,811|line:520| https://t.bilibili.com/1073456739110617125
2025-06-04 16:54:32,142|line:527| 官方 或 预约 OUT！
2025-06-04 16:54:32,142|line:520| https://t.bilibili.com/1074569895885144073
2025-06-04 16:54:35,476|line:342| =========此为源动态=========
2025-06-04 16:54:38,010|line:363| *********子动态开始*********
2025-06-04 16:54:38,010|line:382| *********子动态结束*********
2025-06-04 16:54:38,010|line:538| -=-=-=-=处理回最初的动态-=-=-=-=
2025-06-04 16:54:48,279|line:476| 转发成功 1074676786856460295
2025-06-04 16:54:51,711|line:495| 评论发送成功
2025-06-04 16:54:54,132|line:425| 3850213 === 已经关注了
2025-06-04 16:54:57,466|line:504| 动态-点赞 0
2025-06-04 16:54:59,466|line:520| https://t.bilibili.com/1063443858280415252
2025-06-04 16:54:59,466|line:522| 已有
2025-06-04 16:54:59,467|line:520| https://t.bilibili.com/1074215503116894231
2025-06-04 16:55:02,916|line:342| =========此为源动态=========
2025-06-04 16:55:07,435|line:363| *********子动态开始*********
2025-06-04 16:55:07,435|line:382| *********子动态结束*********
2025-06-04 16:55:07,435|line:538| -=-=-=-=处理回最初的动态-=-=-=-=
2025-06-04 16:55:17,718|line:476| 转发成功 1074676911439872005
2025-06-04 16:55:21,243|line:495| 评论发送成功
2025-06-04 16:55:23,667|line:425| 1465254680 === 已经关注了
2025-06-04 16:55:27,033|line:504| 动态-点赞 0
2025-06-04 16:55:28,033|line:520| https://t.bilibili.com/1074218415099478049
2025-06-04 16:55:31,405|line:342| =========此为源动态=========
2025-06-04 16:55:34,114|line:363| *********子动态开始*********
2025-06-04 16:55:34,114|line:382| *********子动态结束*********
2025-06-04 16:55:34,114|line:538| -=-=-=-=处理回最初的动态-=-=-=-=
2025-06-04 16:55:42,343|line:476| 转发成功 1074677018774208521
2025-06-04 16:55:45,811|line:495| 评论发送成功
2025-06-04 16:55:49,235|line:425| 36081646 === 已经关注了
2025-06-04 16:55:52,584|line:504| 动态-点赞 0
2025-06-04 16:55:54,584|line:520| https://t.bilibili.com/1073442288708878358
2025-06-04 16:55:58,920|line:527| 官方 或 预约 OUT！
2025-06-04 16:55:58,921|line:520| https://t.bilibili.com/1074201359782248448
2025-06-04 16:56:03,239|line:527| 官方 或 预约 OUT！
2025-06-04 16:56:03,239|line:520| https://t.bilibili.com/1074446353272143894
2025-06-04 16:56:05,579|line:342| =========此为源动态=========
2025-06-04 16:56:09,933|line:363| *********子动态开始*********
2025-06-04 16:56:09,933|line:382| *********子动态结束*********
2025-06-04 16:56:09,934|line:538| -=-=-=-=处理回最初的动态-=-=-=-=
2025-06-04 16:56:20,267|line:476| 转发成功 1074677182028054528
2025-06-04 16:56:23,685|line:495| 评论发送成功
2025-06-04 16:56:28,118|line:425| 238623328 === 已经关注了
2025-06-04 16:56:31,573|line:504| 动态-点赞 0
2025-06-04 16:56:33,573|line:520| https://t.bilibili.com/1074424375960141829
2025-06-04 16:56:35,903|line:527| 官方 或 预约 OUT！
2025-06-04 16:56:35,903|line:520| https://t.bilibili.com/1074535843221209092
2025-06-04 16:56:40,226|line:342| =========此为源动态=========
2025-06-04 16:56:41,772|line:363| *********子动态开始*********
2025-06-04 16:56:41,772|line:382| *********子动态结束*********
2025-06-04 16:56:41,772|line:538| -=-=-=-=处理回最初的动态-=-=-=-=
2025-06-04 16:56:53,060|line:476| 转发成功 1074677319468056613
2025-06-04 16:56:56,499|line:495| 评论发送成功
2025-06-04 16:56:59,083|line:425| 200504782 === 已经关注了
2025-06-04 16:57:02,446|line:504| 动态-点赞 0
2025-06-04 16:57:06,446|line:520| https://t.bilibili.com/1073436589274693640
2025-06-04 16:57:08,777|line:527| 官方 或 预约 OUT！
2025-06-04 16:57:08,777|line:520| https://t.bilibili.com/1074493417556279315
2025-06-04 16:57:11,102|line:527| 官方 或 预约 OUT！
2025-06-04 16:57:11,102|line:520| https://t.bilibili.com/1072666669163216898
2025-06-04 16:57:13,481|line:527| 官方 或 预约 OUT！
2025-06-04 16:57:13,481|line:520| https://t.bilibili.com/1074213699225387012
2025-06-04 16:57:14,816|line:342| =========此为源动态=========
2025-06-04 16:57:17,165|line:363| *********子动态开始*********
2025-06-04 16:57:17,166|line:382| *********子动态结束*********
2025-06-04 16:57:17,166|line:538| -=-=-=-=处理回最初的动态-=-=-=-=
2025-06-04 16:57:26,691|line:476| 转发成功 1074677465463390211
2025-06-04 16:57:30,144|line:495| 评论发送成功
2025-06-04 16:57:31,574|line:425| 1310714247 === 已经关注了
2025-06-04 16:57:34,951|line:504| 动态-点赞 0
2025-06-04 16:57:38,951|line:520| https://t.bilibili.com/1074547869129637894
2025-06-04 16:57:43,459|line:342| =========此为源动态=========
2025-06-04 16:57:44,821|line:363| *********子动态开始*********
2025-06-04 16:57:44,821|line:382| *********子动态结束*********
2025-06-04 16:57:44,822|line:538| -=-=-=-=处理回最初的动态-=-=-=-=
2025-06-04 16:57:55,104|line:476| 转发成功 1074677585706745877
2025-06-04 16:57:58,543|line:495| 评论发送成功
2025-06-04 16:58:02,946|line:425| 587272348 === 已经关注了
2025-06-04 16:58:06,305|line:504| 动态-点赞 0
2025-06-04 16:58:09,305|line:520| https://t.bilibili.com/1074186975934676995
2025-06-04 16:58:10,623|line:527| 官方 或 预约 OUT！
2025-06-04 16:58:10,623|line:520| https://t.bilibili.com/1074530779431698454
2025-06-04 16:58:12,975|line:342| =========此为源动态=========
2025-06-04 16:58:17,490|line:363| *********子动态开始*********
2025-06-04 16:58:17,490|line:382| *********子动态结束*********
2025-06-04 16:58:17,490|line:538| -=-=-=-=处理回最初的动态-=-=-=-=
2025-06-04 16:58:29,740|line:476| 转发成功 1074677736049475588
2025-06-04 16:58:33,186|line:495| 评论发送成功
2025-06-04 16:58:36,659|line:425| 3493279620401432 === 已经关注了
2025-06-04 16:58:40,006|line:504| 动态-点赞 0
2025-06-04 16:58:43,007|line:520| https://t.bilibili.com/1074575515840413704
2025-06-04 16:58:46,349|line:527| 官方 或 预约 OUT！
2025-06-04 16:58:46,349|line:520| https://t.bilibili.com/1074490243530358792
2025-06-04 16:58:48,668|line:527| 官方 或 预约 OUT！
2025-06-04 16:58:48,668|line:520| https://t.bilibili.com/1073083474260262936
2025-06-04 16:58:53,023|line:527| 官方 或 预约 OUT！
2025-06-04 16:58:53,023|line:553| 执行结束
2025-06-04 16:58:53,023|line:559| ==================================================2025-06-05 00:58==================================================
2025-06-04 16:58:53,023|line:233| processing article 41901408
2025-06-04 16:58:57,588|line:508| ==================================================2025-06-05 00:58==================================================
2025-06-04 16:58:57,588|line:520| https://t.bilibili.com/1072352088554471426
2025-06-04 16:58:58,945|line:527| 官方 或 预约 OUT！
2025-06-04 16:58:58,945|line:520| https://t.bilibili.com/1072760978046713876
2025-06-04 16:59:00,299|line:527| 官方 或 预约 OUT！
2025-06-04 16:59:00,299|line:520| https://t.bilibili.com/1072741934170112049
2025-06-04 16:59:02,664|line:527| 官方 或 预约 OUT！
2025-06-04 16:59:02,664|line:520| https://t.bilibili.com/1069745567421169665
2025-06-04 16:59:05,006|line:527| 官方 或 预约 OUT！
2025-06-04 16:59:05,007|line:520| https://t.bilibili.com/1060810029695762432
2025-06-04 16:59:07,361|line:527| 官方 或 预约 OUT！
2025-06-04 16:59:07,361|line:520| https://t.bilibili.com/1063443858280415252
2025-06-04 16:59:07,362|line:522| 已有
2025-06-04 16:59:07,362|line:520| https://t.bilibili.com/1072666669163216898
2025-06-04 16:59:08,718|line:527| 官方 或 预约 OUT！
2025-06-04 16:59:08,718|line:520| https://t.bilibili.com/1072745481835118593
2025-06-04 16:59:10,074|line:527| 官方 或 预约 OUT！
2025-06-04 16:59:10,075|line:520| https://t.bilibili.com/1072771255911841849
2025-06-04 16:59:12,435|line:527| 官方 或 预约 OUT！
2025-06-04 16:59:12,435|line:520| https://t.bilibili.com/1072766119157170179
2025-06-04 16:59:16,784|line:527| 官方 或 预约 OUT！
2025-06-04 16:59:16,785|line:520| https://t.bilibili.com/1072755781161451585
2025-06-04 16:59:20,141|line:527| 官方 或 预约 OUT！
2025-06-04 16:59:20,141|line:520| https://t.bilibili.com/1070101414063112295
2025-06-04 16:59:23,540|line:527| 官方 或 预约 OUT！
2025-06-04 16:59:23,540|line:520| https://t.bilibili.com/1072750670155612184
2025-06-04 16:59:27,899|line:527| 官方 或 预约 OUT！
2025-06-04 16:59:27,899|line:520| https://t.bilibili.com/1065346271089262596
2025-06-04 16:59:32,277|line:527| 官方 或 预约 OUT！
2025-06-04 16:59:32,278|line:520| https://t.bilibili.com/1035593318931628032
2025-06-04 16:59:35,629|line:527| 官方 或 预约 OUT！
2025-06-04 16:59:35,630|line:520| https://t.bilibili.com/1073016004636835843
2025-06-04 16:59:38,996|line:527| 官方 或 预约 OUT！
2025-06-04 16:59:38,996|line:520| https://t.bilibili.com/1041511289923305476
2025-06-04 16:59:42,352|line:527| 官方 或 预约 OUT！
2025-06-04 16:59:42,352|line:553| 执行结束
2025-06-04 16:59:42,352|line:559| ==================================================2025-06-05 00:59==================================================
2025-06-04 16:59:42,352|line:233| processing article 41901391
2025-06-04 16:59:44,678|line:508| ==================================================2025-06-05 00:59==================================================
2025-06-04 16:59:44,679|line:520| https://t.bilibili.com/1064452642977087491
2025-06-04 16:59:49,051|line:527| 官方 或 预约 OUT！
2025-06-04 16:59:49,052|line:520| https://t.bilibili.com/1072992824674222114
2025-06-04 16:59:52,407|line:527| 官方 或 预约 OUT！
2025-06-04 16:59:52,407|line:520| https://t.bilibili.com/1071106286059257863
2025-06-04 16:59:53,754|line:527| 官方 或 预约 OUT！
2025-06-04 16:59:53,754|line:520| https://t.bilibili.com/1072741934170112049
2025-06-04 16:59:55,197|line:527| 官方 或 预约 OUT！
2025-06-04 16:59:55,197|line:520| https://t.bilibili.com/1072322887068680214
2025-06-04 16:59:57,555|line:527| 官方 或 预约 OUT！
2025-06-04 16:59:57,555|line:520| https://t.bilibili.com/1071898802030379009
2025-06-04 16:59:58,909|line:527| 官方 或 预约 OUT！
2025-06-04 16:59:58,909|line:520| https://t.bilibili.com/1072714927428337686
2025-06-04 17:00:00,289|line:527| 官方 或 预约 OUT！
2025-06-04 17:00:00,289|line:520| https://t.bilibili.com/1041450520434180100
2025-06-04 17:00:02,651|line:527| 官方 或 预约 OUT！
2025-06-04 17:00:02,651|line:520| https://t.bilibili.com/1070024113245913155
2025-06-04 17:00:07,015|line:527| 官方 或 预约 OUT！
2025-06-04 17:00:07,015|line:520| https://t.bilibili.com/1073054740924858385
2025-06-04 17:00:08,306|line:527| 官方 或 预约 OUT！
2025-06-04 17:00:08,306|line:520| https://t.bilibili.com/1072811435330895893
2025-06-04 17:00:09,596|line:527| 官方 或 预约 OUT！
2025-06-04 17:00:09,596|line:520| https://t.bilibili.com/1072990544084336641
2025-06-04 17:00:10,875|line:527| 官方 或 预约 OUT！
2025-06-04 17:00:10,875|line:520| https://t.bilibili.com/1070101414063112295
2025-06-04 17:00:12,151|line:527| 官方 或 预约 OUT！
2025-06-04 17:00:12,151|line:520| https://t.bilibili.com/1072750670155612184
2025-06-04 17:00:14,499|line:527| 官方 或 预约 OUT！
2025-06-04 17:00:14,499|line:520| https://t.bilibili.com/1065346271089262596
2025-06-04 17:00:17,785|line:527| 官方 或 预约 OUT！
2025-06-04 17:00:17,785|line:520| https://t.bilibili.com/1073781638352076808
2025-06-04 17:00:22,067|line:527| 官方 或 预约 OUT！
2025-06-04 17:00:22,067|line:520| https://t.bilibili.com/1073062076754165778
2025-06-04 17:00:23,351|line:527| 官方 或 预约 OUT！
2025-06-04 17:00:23,351|line:520| https://t.bilibili.com/1058504796174024705
2025-06-04 17:00:26,652|line:527| 官方 或 预约 OUT！
2025-06-04 17:00:26,652|line:520| https://t.bilibili.com/1069745567421169665
2025-06-04 17:00:30,942|line:527| 官方 或 预约 OUT！
2025-06-04 17:00:30,943|line:520| https://t.bilibili.com/1074183823421341696
2025-06-04 17:00:34,233|line:527| 官方 或 预约 OUT！
2025-06-04 17:00:34,233|line:520| https://t.bilibili.com/1073786594768453632
2025-06-04 17:00:35,514|line:527| 官方 或 预约 OUT！
2025-06-04 17:00:35,514|line:520| https://t.bilibili.com/1072587568755769350
2025-06-04 17:00:36,800|line:527| 官方 或 预约 OUT！
2025-06-04 17:00:36,800|line:520| https://t.bilibili.com/1074125321682288661
2025-06-04 17:00:39,085|line:527| 官方 或 预约 OUT！
2025-06-04 17:00:39,085|line:520| https://t.bilibili.com/1072714562332000392
2025-06-04 17:00:42,574|line:527| 官方 或 预约 OUT！
2025-06-04 17:00:42,574|line:520| https://t.bilibili.com/1071896031798493186
2025-06-04 17:00:45,870|line:527| 官方 或 预约 OUT！
2025-06-04 17:00:45,871|line:520| https://t.bilibili.com/1072755781161451585
2025-06-04 17:00:49,147|line:527| 官方 或 预约 OUT！
2025-06-04 17:00:49,147|line:520| https://t.bilibili.com/1072766119157170179
2025-06-04 17:00:53,440|line:527| 官方 或 预约 OUT！
2025-06-04 17:00:53,441|line:520| https://t.bilibili.com/1072732476673097800
2025-06-04 17:00:54,729|line:527| 官方 或 预约 OUT！
2025-06-04 17:00:54,729|line:520| https://t.bilibili.com/1073348018464358424
2025-06-04 17:00:57,012|line:527| 官方 或 预约 OUT！
2025-06-04 17:00:57,012|line:520| https://t.bilibili.com/1068117319538966531
2025-06-04 17:00:58,327|line:527| 官方 或 预约 OUT！
2025-06-04 17:00:58,327|line:520| https://t.bilibili.com/1072593628933652481
2025-06-04 17:01:02,615|line:527| 官方 或 预约 OUT！
2025-06-04 17:01:02,616|line:520| https://t.bilibili.com/1072714781405741113
2025-06-04 17:01:03,899|line:527| 官方 或 预约 OUT！
2025-06-04 17:01:03,900|line:520| https://t.bilibili.com/1071164993951498241
2025-06-04 17:01:06,192|line:527| 官方 或 预约 OUT！
2025-06-04 17:01:06,192|line:520| https://t.bilibili.com/1072219794985451520
2025-06-04 17:01:10,529|line:527| 官方 或 预约 OUT！
2025-06-04 17:01:10,529|line:520| https://t.bilibili.com/1035593318931628032
2025-06-04 17:01:11,861|line:527| 官方 或 预约 OUT！
2025-06-04 17:01:11,862|line:520| https://t.bilibili.com/1070395219874152516
2025-06-04 17:01:16,322|line:527| 官方 或 预约 OUT！
2025-06-04 17:01:16,322|line:520| https://t.bilibili.com/1072992906310058019
2025-06-04 17:01:19,682|line:527| 官方 或 预约 OUT！
2025-06-04 17:01:19,682|line:520| https://t.bilibili.com/1072352088554471426
2025-06-04 17:01:24,050|line:527| 官方 或 预约 OUT！
2025-06-04 17:01:24,050|line:520| https://t.bilibili.com/1073134111928877105
2025-06-04 17:01:25,406|line:527| 官方 或 预约 OUT！
2025-06-04 17:01:25,406|line:520| https://t.bilibili.com/1072992803205677145
2025-06-04 17:01:28,787|line:527| 官方 或 预约 OUT！
2025-06-04 17:01:28,787|line:520| https://t.bilibili.com/1060810029695762432
2025-06-04 17:01:33,156|line:527| 官方 或 预约 OUT！
2025-06-04 17:01:33,156|line:520| https://t.bilibili.com/1063443858280415252
2025-06-04 17:01:33,156|line:522| 已有
2025-06-04 17:01:33,156|line:520| https://t.bilibili.com/1072620987904688135
2025-06-04 17:01:34,504|line:527| 官方 或 预约 OUT！
2025-06-04 17:01:34,504|line:520| https://t.bilibili.com/1051271521499086851
2025-06-04 17:01:35,860|line:527| 官方 或 预约 OUT！
2025-06-04 17:01:35,860|line:520| https://t.bilibili.com/1072992940670844979
2025-06-04 17:01:37,213|line:527| 官方 或 预约 OUT！
2025-06-04 17:01:37,214|line:520| https://t.bilibili.com/1073016004636835843
2025-06-04 17:01:38,595|line:527| 官方 或 预约 OUT！
2025-06-04 17:01:38,596|line:520| https://t.bilibili.com/1041511289923305476
2025-06-04 17:01:40,942|line:527| 官方 或 预约 OUT！
2025-06-04 17:01:40,943|line:520| https://t.bilibili.com/1072992798910709816
2025-06-04 17:01:45,292|line:527| 官方 或 预约 OUT！
2025-06-04 17:01:45,292|line:520| https://t.bilibili.com/1070101980987260928
2025-06-04 17:01:48,648|line:527| 官方 或 预约 OUT！
2025-06-04 17:01:48,648|line:520| https://t.bilibili.com/1072992889097682999
2025-06-04 17:01:51,992|line:527| 官方 或 预约 OUT！
2025-06-04 17:01:51,992|line:520| https://t.bilibili.com/1072760978046713876
2025-06-04 17:01:54,351|line:527| 官方 或 预约 OUT！
2025-06-04 17:01:54,351|line:520| https://t.bilibili.com/1073389443452239872
2025-06-04 17:01:55,740|line:527| 官方 或 预约 OUT！
2025-06-04 17:01:55,741|line:520| https://t.bilibili.com/1072745481835118593
2025-06-04 17:01:57,093|line:527| 官方 或 预约 OUT！
2025-06-04 17:01:57,093|line:520| https://t.bilibili.com/1072666669163216898
2025-06-04 17:01:58,442|line:527| 官方 或 预约 OUT！
2025-06-04 17:01:58,442|line:520| https://t.bilibili.com/1071864274784092180
2025-06-04 17:01:59,795|line:527| 官方 或 预约 OUT！
2025-06-04 17:01:59,795|line:520| https://t.bilibili.com/1072236051417792520
2025-06-04 17:02:01,157|line:527| 官方 或 预约 OUT！
2025-06-04 17:02:01,157|line:520| https://t.bilibili.com/1072771255911841849
2025-06-04 17:02:02,561|line:527| 官方 或 预约 OUT！
2025-06-04 17:02:02,561|line:520| https://t.bilibili.com/1070766274969075728
2025-06-04 17:02:04,918|line:527| 官方 或 预约 OUT！
2025-06-04 17:02:04,919|line:520| https://t.bilibili.com/1074248415436603428
2025-06-04 17:02:07,278|line:527| 官方 或 预约 OUT！
2025-06-04 17:02:07,278|line:520| https://t.bilibili.com/1073364227670933540
2025-06-04 17:02:10,802|line:527| 官方 或 预约 OUT！
2025-06-04 17:02:10,802|line:520| https://t.bilibili.com/1072963283916423203
2025-06-04 17:02:14,349|line:527| 官方 或 预约 OUT！
2025-06-04 17:02:14,349|line:520| https://t.bilibili.com/1068963084476874755
2025-06-04 17:02:17,710|line:527| 官方 或 预约 OUT！
2025-06-04 17:02:17,711|line:520| https://t.bilibili.com/1069277437460742178
2025-06-04 17:02:22,067|line:527| 官方 或 预约 OUT！
2025-06-04 17:02:22,067|line:520| https://t.bilibili.com/1070119916761251858
2025-06-04 17:02:26,424|line:527| 官方 或 预约 OUT！
2025-06-04 17:02:26,424|line:553| 执行结束
2025-06-04 17:02:26,424|line:559| ==================================================2025-06-05 01:02==================================================
2025-06-04 17:02:26,424|line:233| processing article 41890908
2025-06-04 17:02:30,827|line:508| ==================================================2025-06-05 01:02==================================================
2025-06-04 17:02:30,827|line:520| https://t.bilibili.com/1073736242706776064
2025-06-04 17:02:30,827|line:522| 已有
2025-06-04 17:02:30,827|line:520| https://t.bilibili.com/1074140298191306753
2025-06-04 17:02:34,189|line:527| 官方 或 预约 OUT！
2025-06-04 17:02:34,189|line:520| https://t.bilibili.com/1073860429572210688
2025-06-04 17:02:36,547|line:527| 官方 或 预约 OUT！
2025-06-04 17:02:36,547|line:520| https://t.bilibili.com/1073843249709318147
2025-06-04 17:02:40,896|line:527| 官方 或 预约 OUT！
2025-06-04 17:02:40,896|line:520| https://t.bilibili.com/1073859042251636791
2025-06-04 17:02:44,298|line:527| 官方 或 预约 OUT！
2025-06-04 17:02:44,298|line:520| https://t.bilibili.com/1074137296024895488
2025-06-04 17:02:44,298|line:522| 已有
2025-06-04 17:02:44,298|line:520| https://t.bilibili.com/1074134908048244744
2025-06-04 17:02:44,298|line:522| 已有
2025-06-04 17:02:44,299|line:520| https://t.bilibili.com/1074075115613847553
2025-06-04 17:02:44,299|line:522| 已有
2025-06-04 17:02:44,299|line:520| https://t.bilibili.com/1065346271089262596
2025-06-04 17:02:45,653|line:527| 官方 或 预约 OUT！
2025-06-04 17:02:45,653|line:520| https://t.bilibili.com/1074136973927514165
2025-06-04 17:02:45,654|line:522| 已有
2025-06-04 17:02:45,654|line:520| https://t.bilibili.com/1074166132413300757
2025-06-04 17:02:45,654|line:522| 已有
2025-06-04 17:02:45,654|line:520| https://t.bilibili.com/1074073910890201122
2025-06-04 17:02:45,654|line:522| 已有
2025-06-04 17:02:45,654|line:520| https://t.bilibili.com/1074169375126192132
2025-06-04 17:02:50,047|line:527| 官方 或 预约 OUT！
2025-06-04 17:02:50,047|line:520| https://t.bilibili.com/1073868998014140456
2025-06-04 17:02:50,047|line:522| 已有
2025-06-04 17:02:50,047|line:520| https://t.bilibili.com/1073875990233481249
2025-06-04 17:02:50,047|line:522| 已有
2025-06-04 17:02:50,048|line:520| https://t.bilibili.com/1074116220650782721
2025-06-04 17:02:50,048|line:522| 已有
2025-06-04 17:02:50,048|line:520| https://t.bilibili.com/1074206769265246213
2025-06-04 17:02:54,332|line:527| 官方 或 预约 OUT！
2025-06-04 17:02:54,333|line:520| https://t.bilibili.com/1074087852380258307
2025-06-04 17:02:55,638|line:527| 官方 或 预约 OUT！
2025-06-04 17:02:55,638|line:520| https://t.bilibili.com/1074161468133343232
2025-06-04 17:02:59,936|line:527| 官方 或 预约 OUT！
2025-06-04 17:02:59,936|line:520| https://t.bilibili.com/1074106039426613252
2025-06-04 17:02:59,936|line:522| 已有
2025-06-04 17:02:59,936|line:520| https://t.bilibili.com/1074173584203579400
2025-06-04 17:03:01,226|line:527| 官方 或 预约 OUT！
2025-06-04 17:03:01,227|line:520| https://t.bilibili.com/1035593318931628032
2025-06-04 17:03:04,510|line:527| 官方 或 预约 OUT！
2025-06-04 17:03:04,510|line:520| https://t.bilibili.com/1073851384336482306
2025-06-04 17:03:08,837|line:527| 官方 或 预约 OUT！
2025-06-04 17:03:08,837|line:520| https://t.bilibili.com/1073855730870648837
2025-06-04 17:03:08,837|line:522| 已有
2025-06-04 17:03:08,838|line:520| https://t.bilibili.com/1068879923205111847
2025-06-04 17:03:08,838|line:522| 已有
2025-06-04 17:03:08,838|line:520| https://t.bilibili.com/1074213793709424659
2025-06-04 17:03:12,124|line:527| 官方 或 预约 OUT！
2025-06-04 17:03:12,124|line:520| https://t.bilibili.com/1072352088554471426
2025-06-04 17:03:16,401|line:527| 官方 或 预约 OUT！
2025-06-04 17:03:16,401|line:520| https://t.bilibili.com/1074162593375977474
2025-06-04 17:03:19,688|line:527| 官方 或 预约 OUT！
2025-06-04 17:03:19,688|line:520| https://t.bilibili.com/1073867688050163719
2025-06-04 17:03:20,975|line:527| 官方 或 预约 OUT！
2025-06-04 17:03:20,975|line:520| https://t.bilibili.com/1074189750483550231
2025-06-04 17:03:25,260|line:527| 官方 或 预约 OUT！
2025-06-04 17:03:25,261|line:520| https://t.bilibili.com/1074075115657887751
2025-06-04 17:03:25,261|line:522| 已有
2025-06-04 17:03:25,261|line:520| https://t.bilibili.com/1073819378253824003
2025-06-04 17:03:27,539|line:527| 官方 或 预约 OUT！
2025-06-04 17:03:27,539|line:520| https://t.bilibili.com/1063443858280415252
2025-06-04 17:03:27,540|line:522| 已有
2025-06-04 17:03:27,540|line:520| https://t.bilibili.com/1074168086671654916
2025-06-04 17:03:31,844|line:527| 官方 或 预约 OUT！
2025-06-04 17:03:31,844|line:520| https://t.bilibili.com/1074083029135130627
2025-06-04 17:03:31,844|line:522| 已有
2025-06-04 17:03:31,844|line:520| https://t.bilibili.com/1074112694482632712
2025-06-04 17:03:31,844|line:522| 已有
2025-06-04 17:03:31,845|line:520| https://t.bilibili.com/1073755529242738708
2025-06-04 17:03:36,125|line:527| 官方 或 预约 OUT！
2025-06-04 17:03:36,125|line:520| https://t.bilibili.com/1074191079747616769
2025-06-04 17:03:36,125|line:522| 已有
2025-06-04 17:03:36,126|line:520| https://t.bilibili.com/1074078442104815619
2025-06-04 17:03:36,126|line:522| 已有
2025-06-04 17:03:36,126|line:520| https://t.bilibili.com/1074109443192389650
2025-06-04 17:03:39,409|line:527| 官方 或 预约 OUT！
2025-06-04 17:03:39,409|line:520| https://t.bilibili.com/1073765877985312818
2025-06-04 17:03:39,410|line:522| 已有
2025-06-04 17:03:39,410|line:520| https://t.bilibili.com/1074151447930601474
2025-06-04 17:03:39,410|line:522| 已有
2025-06-04 17:03:39,410|line:520| https://t.bilibili.com/1073867254245883928
2025-06-04 17:03:39,410|line:522| 已有
2025-06-04 17:03:39,410|line:520| https://t.bilibili.com/1074147883100405782
2025-06-04 17:03:39,410|line:522| 已有
2025-06-04 17:03:39,410|line:520| https://t.bilibili.com/1073868620077989892
2025-06-04 17:03:39,411|line:522| 已有
2025-06-04 17:03:39,411|line:520| https://t.bilibili.com/1074196115633471493
2025-06-04 17:03:42,716|line:527| 官方 或 预约 OUT！
2025-06-04 17:03:42,717|line:520| https://t.bilibili.com/1072757202757877814
2025-06-04 17:03:42,717|line:522| 已有
2025-06-04 17:03:42,717|line:520| https://t.bilibili.com/1072666669163216898
2025-06-04 17:03:46,010|line:527| 官方 或 预约 OUT！
2025-06-04 17:03:46,011|line:520| https://t.bilibili.com/1074191932294430742
2025-06-04 17:03:46,011|line:522| 已有
2025-06-04 17:03:46,011|line:520| https://t.bilibili.com/1074079429953585155
2025-06-04 17:03:46,011|line:522| 已有
2025-06-04 17:03:46,011|line:520| https://t.bilibili.com/1073919408069410832
2025-06-04 17:03:48,295|line:527| 官方 或 预约 OUT！
2025-06-04 17:03:48,296|line:520| https://t.bilibili.com/1074155309104103446
2025-06-04 17:03:48,296|line:522| 已有
2025-06-04 17:03:48,296|line:520| https://t.bilibili.com/1073868465424564246
2025-06-04 17:03:49,586|line:527| 官方 或 预约 OUT！
2025-06-04 17:03:49,587|line:553| 执行结束
2025-06-04 17:03:49,587|line:559| ==================================================2025-06-05 01:03==================================================
2025-06-04 17:03:49,587|line:233| processing article 41890111
2025-06-04 17:03:53,931|line:508| ==================================================2025-06-05 01:03==================================================
2025-06-04 17:03:53,931|line:520| https://t.bilibili.com/1072352088554471426
2025-06-04 17:03:58,297|line:527| 官方 或 预约 OUT！
2025-06-04 17:03:58,297|line:520| https://t.bilibili.com/1063443858280415252
2025-06-04 17:03:58,297|line:522| 已有
2025-06-04 17:03:58,297|line:520| https://t.bilibili.com/1072666669163216898
2025-06-04 17:04:02,650|line:527| 官方 或 预约 OUT！
2025-06-04 17:04:02,650|line:520| https://t.bilibili.com/1068643178171596804
2025-06-04 17:04:05,002|line:527| 官方 或 预约 OUT！
2025-06-04 17:04:05,002|line:520| https://t.bilibili.com/1069355575810195460
2025-06-04 17:04:08,357|line:527| 官方 或 预约 OUT！
2025-06-04 17:04:08,357|line:520| https://t.bilibili.com/1072346311873789958
2025-06-04 17:04:10,766|line:527| 官方 或 预约 OUT！
2025-06-04 17:04:10,766|line:520| https://t.bilibili.com/1065346271089262596
2025-06-04 17:04:13,127|line:527| 官方 或 预约 OUT！
2025-06-04 17:04:13,127|line:520| https://t.bilibili.com/1035593318931628032
2025-06-04 17:04:16,509|line:527| 官方 或 预约 OUT！
2025-06-04 17:04:16,509|line:520| https://t.bilibili.com/1074143377682857986
2025-06-04 17:04:20,869|line:527| 官方 或 预约 OUT！
2025-06-04 17:04:20,870|line:553| 执行结束
2025-06-04 17:04:20,870|line:559| ==================================================2025-06-05 01:04==================================================
2025-06-04 17:04:20,870|line:233| processing article 41890091
2025-06-04 17:04:24,208|line:508| ==================================================2025-06-05 01:04==================================================
2025-06-04 17:04:24,208|line:520| https://t.bilibili.com/1072741934170112049
2025-06-04 17:04:28,567|line:527| 官方 或 预约 OUT！
2025-06-04 17:04:28,568|line:520| https://t.bilibili.com/1071898802030379009
2025-06-04 17:04:29,928|line:527| 官方 或 预约 OUT！
2025-06-04 17:04:29,928|line:520| https://t.bilibili.com/1072714927428337686
2025-06-04 17:04:34,345|line:527| 官方 或 预约 OUT！
2025-06-04 17:04:34,345|line:520| https://t.bilibili.com/1041450520434180100
2025-06-04 17:04:38,690|line:527| 官方 或 预约 OUT！
2025-06-04 17:04:38,691|line:520| https://t.bilibili.com/1070024113245913155
2025-06-04 17:04:42,049|line:527| 官方 或 预约 OUT！
2025-06-04 17:04:42,049|line:520| https://t.bilibili.com/1073054740924858385
2025-06-04 17:04:44,407|line:527| 官方 或 预约 OUT！
2025-06-04 17:04:44,407|line:520| https://t.bilibili.com/1072811435330895893
2025-06-04 17:04:48,873|line:527| 官方 或 预约 OUT！
2025-06-04 17:04:48,874|line:520| https://t.bilibili.com/1070101414063112295
2025-06-04 17:04:51,232|line:527| 官方 或 预约 OUT！
2025-06-04 17:04:51,232|line:520| https://t.bilibili.com/1072750670155612184
2025-06-04 17:04:54,582|line:527| 官方 或 预约 OUT！
2025-06-04 17:04:54,582|line:520| https://t.bilibili.com/1065346271089262596
2025-06-04 17:04:56,927|line:527| 官方 或 预约 OUT！
2025-06-04 17:04:56,927|line:520| https://t.bilibili.com/1073781638352076808
2025-06-04 17:04:59,337|line:527| 官方 或 预约 OUT！
2025-06-04 17:04:59,337|line:520| https://t.bilibili.com/1058504796174024705
2025-06-04 17:05:02,698|line:527| 官方 或 预约 OUT！
2025-06-04 17:05:02,698|line:520| https://t.bilibili.com/1069745567421169665
2025-06-04 17:05:05,050|line:527| 官方 或 预约 OUT！
2025-06-04 17:05:05,050|line:520| https://t.bilibili.com/1072330957357318150
2025-06-04 17:05:08,411|line:527| 官方 或 预约 OUT！
2025-06-04 17:05:08,411|line:520| https://t.bilibili.com/1071896031798493186
2025-06-04 17:05:09,766|line:527| 官方 或 预约 OUT！
2025-06-04 17:05:09,766|line:520| https://t.bilibili.com/1072755781161451585
2025-06-04 17:05:13,143|line:527| 官方 或 预约 OUT！
2025-06-04 17:05:13,143|line:520| https://t.bilibili.com/1069355575810195460
2025-06-04 17:05:14,490|line:527| 官方 或 预约 OUT！
2025-06-04 17:05:14,491|line:520| https://t.bilibili.com/1072766119157170179
2025-06-04 17:05:16,841|line:527| 官方 或 预约 OUT！
2025-06-04 17:05:16,841|line:520| https://t.bilibili.com/1072346311873789958
2025-06-04 17:05:21,247|line:527| 官方 或 预约 OUT！
2025-06-04 17:05:21,248|line:520| https://t.bilibili.com/1068117319538966531
2025-06-04 17:05:23,599|line:527| 官方 或 预约 OUT！
2025-06-04 17:05:23,599|line:520| https://t.bilibili.com/1071164993951498241
2025-06-04 17:05:27,959|line:527| 官方 或 预约 OUT！
2025-06-04 17:05:27,959|line:520| https://t.bilibili.com/1035593318931628032
2025-06-04 17:05:31,317|line:527| 官方 或 预约 OUT！
2025-06-04 17:05:31,317|line:520| https://t.bilibili.com/1069034552747360342
2025-06-04 17:05:34,669|line:527| 官方 或 预约 OUT！
2025-06-04 17:05:34,670|line:520| https://t.bilibili.com/1070395219874152516
2025-06-04 17:05:37,022|line:527| 官方 或 预约 OUT！
2025-06-04 17:05:37,022|line:520| https://t.bilibili.com/1073490903462576133
2025-06-04 17:05:39,390|line:527| 官方 或 预约 OUT！
2025-06-04 17:05:39,390|line:520| https://t.bilibili.com/1072352088554471426
2025-06-04 17:05:40,751|line:527| 官方 或 预约 OUT！
2025-06-04 17:05:40,751|line:520| https://t.bilibili.com/1060810029695762432
2025-06-04 17:05:44,342|line:527| 官方 或 预约 OUT！
2025-06-04 17:05:44,342|line:520| https://t.bilibili.com/1063443858280415252
2025-06-04 17:05:44,342|line:522| 已有
2025-06-04 17:05:44,343|line:520| https://t.bilibili.com/1073016004636835843
2025-06-04 17:05:46,710|line:527| 官方 或 预约 OUT！
2025-06-04 17:05:46,710|line:520| https://t.bilibili.com/1041511289923305476
2025-06-04 17:05:49,083|line:527| 官方 或 预约 OUT！
2025-06-04 17:05:49,083|line:520| https://t.bilibili.com/1074143377682857986
2025-06-04 17:05:53,430|line:527| 官方 或 预约 OUT！
2025-06-04 17:05:53,430|line:520| https://t.bilibili.com/1072992889097682999
2025-06-04 17:05:54,791|line:527| 官方 或 预约 OUT！
2025-06-04 17:05:54,791|line:520| https://t.bilibili.com/1072760978046713876
2025-06-04 17:05:59,144|line:527| 官方 或 预约 OUT！
2025-06-04 17:05:59,144|line:520| https://t.bilibili.com/1073389443452239872
2025-06-04 17:06:00,500|line:527| 官方 或 预约 OUT！
2025-06-04 17:06:00,500|line:520| https://t.bilibili.com/1072745481835118593
2025-06-04 17:06:04,849|line:527| 官方 或 预约 OUT！
2025-06-04 17:06:04,850|line:520| https://t.bilibili.com/1072666669163216898
2025-06-04 17:06:08,204|line:527| 官方 或 预约 OUT！
2025-06-04 17:06:08,205|line:520| https://t.bilibili.com/1068643178171596804
2025-06-04 17:06:11,560|line:527| 官方 或 预约 OUT！
2025-06-04 17:06:11,560|line:520| https://t.bilibili.com/1071864274784092180
2025-06-04 17:06:15,925|line:527| 官方 或 预约 OUT！
2025-06-04 17:06:15,925|line:520| https://t.bilibili.com/1072236051417792520
2025-06-04 17:06:18,285|line:527| 官方 或 预约 OUT！
2025-06-04 17:06:18,285|line:520| https://t.bilibili.com/1070766274969075728
2025-06-04 17:06:20,639|line:527| 官方 或 预约 OUT！
2025-06-04 17:06:20,640|line:520| https://t.bilibili.com/1072771255911841849
2025-06-04 17:06:24,988|line:527| 官方 或 预约 OUT！
2025-06-04 17:06:24,989|line:520| https://t.bilibili.com/1073364227670933540
2025-06-04 17:06:28,390|line:527| 官方 或 预约 OUT！
2025-06-04 17:06:28,390|line:520| https://t.bilibili.com/1068963084476874755
2025-06-04 17:06:32,755|line:527| 官方 或 预约 OUT！
2025-06-04 17:06:32,756|line:520| https://t.bilibili.com/1069277437460742178
2025-06-04 17:06:36,116|line:527| 官方 或 预约 OUT！
2025-06-04 17:06:36,116|line:553| 执行结束
2025-06-04 17:06:36,117|line:559| ==================================================2025-06-05 01:06==================================================
2025-06-04 17:06:41,874|line:579| ('reply: ', '我真不是谷恒条野', '不是，这……')
2025-06-04 17:06:41,874|line:579| ('reply: ', '好像都是一个人', '你在说什么')
2025-06-04 17:06:41,874|line:579| ('reply: ', '目标咨询', '太宠粉了啊')
2025-06-04 17:06:41,874|line:579| ('reply: ', '数玩工场', '祝你成功')
2025-06-04 17:06:41,874|line:579| ('reply: ', '益家有小佰', '恭喜宝子，获得小电视月度会员1份和克刻冰冰猴喉糖随机口味1份～记得私信小佰提供信息哦~')
2025-06-04 17:06:41,875|line:579| ('reply: ', '圆环之理-Madoka', '是的')
2025-06-04 17:06:41,875|line:579| ('reply: ', '兰的三姨', '这就是银河巨星的实力！')
2025-06-04 17:06:41,875|line:579| ('reply: ', '花园百合铃音', '有男不玩，我只吃麻辣火锅，xxn滚[吃瓜]')
2025-06-04 17:06:41,875|line:579| ('reply: ', '是绝赞的阿鬼', '[tv_难过]')
2025-06-04 17:06:41,875|line:579| ('reply: ', '桃稚不幼稚', '还行')
2025-06-04 17:06:41,875|line:579| ('reply: ', '陌罔子吖', '佬，这个报名有啥条件不。最近太非了，想下次报来抽[脱单doge][脱单doge][脱单doge]')
2025-06-04 17:06:41,875|line:579| ('reply: ', '太二酸菜鱼', '恭喜成为本期欧皇[打call]获得【肥龙联名显眼包】1份，在收到本信息的两天内回复哥的私信哦~逾期哥就自己收啦！[脱单doge]')
2025-06-04 17:06:41,875|line:579| ('reply: ', '得一想二的松鼠', '中奖分我一半')
2025-06-04 17:06:41,875|line:579| ('reply: ', '佑凉Uriyoo', '谢谢！！！[UP_24967030_感恩]')
2025-06-04 17:06:41,876|line:579| ('reply: ', '岛莓祁', '好耶')
2025-06-04 17:06:41,876|line:579| ('reply: ', '苏酥_SUSU_', 'https://b23.tv/3HJcDkm')
2025-06-04 17:06:41,876|line:579| ('reply: ', '心想事成イ', 'I[UP_410636303_比心鸟][UP_410636303_比心鸟][UP_410636303_比心鸟]')
2025-06-04 17:06:41,876|line:579| ('reply: ', 'FWF第五人格娱乐赛', '加油[doge]')
2025-06-04 17:06:41,876|line:579| ('reply: ', '神奇猫咪_有钱哒', '好耶')
2025-06-04 17:06:41,876|line:579| ('reply: ', '星夜染some', '好耶')
2025-06-04 17:06:46,216|line:588| ('at: ', '流量卡信息差揭秘', '1 @浪子游2fans6@被_____打下来的飞机@拉斯特臣后面一个点@专心致志的学生@猫猫头OmMeow@小小Shaun@龐門左道@啦啦痴痴腻@bili_66938050009@日月星辰668')
2025-06-04 17:06:46,217|line:588| ('at: ', 'iKF蓝牙耳机', '恭喜@小小Shaun 宝子成为苏泊尔福利动态幸运儿！\n注意：即日起72小时内回复信息确认领奖哦！逾期将自动视为放弃中奖资格。\n没有中奖的宝子们不要气馁，参与一下下置顶视频iKF Mars，增加欧气值，说不定下个幸运儿就是你！\n链接：\nhttps://www.bilibili.com/video/BV1Soo6YLEHZ/?spm_id_from=333.1387.list.card_archive.click&vd_source=21fb0967ccc75e6b3b2447ade2c740dd\n还没参与抽奖的宝子们，赶紧点击上方链接参与吧！还有特别福利惊喜等你哦~')
2025-06-04 17:06:46,217|line:588| ('at: ', 'wellymerck威利默克', '恭喜@小小Shaun\xa0 获得《我是你的小狗3 永远等你回家》1本，请于5天内联系威宝，凭关注+互动截图领取奖品，逾期作废~')
2025-06-04 17:06:46,217|line:588| ('at: ', '宁美NINGMEI', '恭喜@小小Shaun   中奖，请在12月1日24点前私信我：1. 奖品+中奖信息a. 实物奖：姓名电话地址，给文字！省市区路清晰，提交不清晰不发奖，信息错误致无法签收，概不负责；\n\nb. 现金红包给到支付宝实名+账号；\n\nc. 京东卡/猫超卡 等购物卡给到姓名+电话；2. 宁美和品牌方关注截图+转发截图！\n\n必须关注品牌方，否则奖品不予发放；如遇无法私信图片的情况，等待我回复后即可发送图片。PS： \n\n因后台收信有时会出问题，以回复“已登记”为准，没有回复即表示私信未收到。\n\n过期视为自动放弃，不会补发；奖品30个工作日内发送，勿催哦~\n\n不发全，不回复。其他小伙伴请继续努力！')
2025-06-04 17:06:46,217|line:588| ('at: ', '爱玛电动车官方账号', '#一“玛”当先榜# 快来看看10月都是谁和爱玛酱互动最多呀~ 💕恭喜@小小Shaun 和@甘瑞凯拉莎 排行第一！这两位小玛达将会获得【爱玛随机周边×1】，请5天内私信爱玛酱领奖哟~[鼓掌] 以后也请继续单推我无敌可爱美少女爱玛酱呀嘿嘿！(●´З｀●)')
2025-06-04 17:06:46,217|line:588| ('at: ', '爱玛电动车官方账号', '')
2025-06-04 17:06:46,217|line:588| ('at: ', '海露滴眼液', '互动榜出炉啦')
2025-06-04 17:06:46,217|line:588| ('at: ', '和蔼可亲桃白白', '\u200b//@九号公司:\u200b恭喜@小小Shaun 中奖！后续记得查收私信哟～\u200b//@九号公司:#互动抽奖# 谢谢粒粒的复工礼！小九也来加个码~关注【@微粒贷+@九号公司 】并转发该动态，抽一位小可爱获得【100元京东卡】~ #供电局福利社# 10月31日抽出！')
2025-06-04 17:06:46,218|line:588| ('at: ', '望大家身体健康快乐', '\u200b//@九号公司:\u200b恭喜@小小Shaun 中奖！后续记得查收私信哟～\u200b//@九号公司 :#互动抽奖# 谢谢粒粒的复工礼！小九也来加个码~关注【@微粒贷+@九号公司 】并转发该动态，抽一位小可爱获得【100元京东卡】~ #供电局福利社# 10月31日抽出！')
2025-06-04 17:06:46,218|line:588| ('at: ', 'MoMA_Reona', '//@九号公司:\u200b恭喜@小小Shaun 中奖！后续记得查收私信哟～\u200b//@九号公司:#互动抽奖# 谢谢粒粒的复工礼！小九也来加个码~关注【@微粒贷+@九号公司 】并转发该动态，抽一位小可爱获得【100元京东卡】~ #供电局福利社# 10月31日抽出！')
2025-06-04 17:06:46,218|line:588| ('at: ', '摸鱼二队', '\u200b//@九号公司:\u200b恭喜@小小Shaun 中奖！后续记得查收私信哟～\u200b//@九号公司 :#互动抽奖# 谢谢粒粒的复工礼！小九也来加个码~关注【@微粒贷+@九号公司 】并转发该动态，抽一位小可爱获得【100元京东卡】~ #供电局福利社# 10月31日抽出！')
2025-06-04 17:06:46,218|line:588| ('at: ', '文少嘅一些事一些情', '\u200b//@九号公司:\u200b恭喜@小小Shaun 中奖！后续记得查收私信哟～\u200b//@九号公司 :#互动抽奖# 谢谢粒粒的复工礼！小九也来加个码~关注【@微粒贷+@九号公司 】并转发该动态，抽一位小可爱获得【100元京东卡】~ #供电局福利社# 10月31日抽出！')
2025-06-04 17:06:46,218|line:588| ('at: ', 'Carry队友的嘟嘟酱丶', '\u200b//@九号公司:\u200b恭喜@小小Shaun 中奖！后续记得查收私信哟～\u200b//@九号公司 :#互动抽奖# 谢谢粒粒的复工礼！小九也来加个码~关注【@微粒贷+@九号公司 】并转发该动态，抽一位小可爱获得【100元京东卡】~ #供电局福利社# 10月31日抽出！')
2025-06-04 17:06:46,218|line:588| ('at: ', '蛤蟆zero', '//@九号公司:\u200b恭喜@小小Shaun 中奖！后续记得查收私信哟～\u200b//@九号公司:#互动抽奖# 谢谢粒粒的复工礼！小九也来加个码~关注【@微粒贷+@九号公司 】并转发该动态，抽一位小可爱获得【100元京东卡】~ #供电局福利社# 10月31日抽出！c冲冲冲')
2025-06-04 17:06:46,218|line:588| ('at: ', '木而各子要吃笃栗子', '\u200b//@九号公司:\u200b恭喜@小小Shaun 中奖！后续记得查收私信哟～\u200b//@九号公司 :#互动抽奖# 谢谢粒粒的复工礼！小九也来加个码~关注【@微粒贷+@九号公司 】并转发该动态，抽一位小可爱获得【100元京东卡】~ #供电局福利社# 10月31日抽出！')
2025-06-04 17:06:46,218|line:588| ('at: ', '裙下愚臣情默默', '\u200b//@九号公司:\u200b恭喜@小小Shaun 中奖！后续记得查收私信哟～\u200b//@九号公司 :#互动抽奖# 谢谢粒粒的复工礼！小九也来加个码~关注【@微粒贷+@九号公司 】并转发该动态，抽一位小可爱获得【100元京东卡】~ #供电局福利社# 10月31日抽出！')
2025-06-04 17:06:46,218|line:588| ('at: ', '戊子毕宿', '')
2025-06-04 17:06:46,218|line:588| ('at: ', '九号电动', '\u200b恭喜@小小Shaun 中奖！后续记得查收私信哟～\u200b//@九号公司:#互动抽奖# 谢谢粒粒的复工礼！小九也来加个码~关注【@微粒贷+@九号公司 】并转发该动态，抽一位小可爱获得【100元京东卡】~ #供电局福利社# 10月31日抽出！')
2025-06-04 17:06:46,219|line:588| ('at: ', '优雅小宝', '')
2025-06-04 17:06:46,219|line:588| ('at: ', '我永远只爱一色彩羽', '//@九号公司:恭喜@小小Shaun 中奖！后续记得查收私信哟～\u200b//@九号公司:今晚8点，京东11.11现货开卖，抢先优惠不用等，全场直降，更有60元额外补贴助你大薅特薅！京东双十一，带你体验“飞”一般的购物速度！关注@京东戏精周报 x@九号公司 ，转发+评论本条动态，10月21日小编会抽取1名幸运粉丝送上【50元京东E卡】#京东11.11又便宜又好# #京东11.11现货开卖#')
