2026-03-11 17:04:20,093|line:232| processing article 46694500
2026-03-11 17:04:24,509|line:507| ==================================================2026-03-12 01:04==================================================
2026-03-11 17:04:24,509|line:519| https://t.bilibili.com/1177724300795314182
2026-03-11 17:04:24,509|line:521| 已有
2026-03-11 17:04:24,509|line:519| https://t.bilibili.com/1177731574366470161
2026-03-11 17:04:24,509|line:521| 已有
2026-03-11 17:04:24,509|line:519| https://t.bilibili.com/1177394400120012823
2026-03-11 17:04:24,510|line:521| 已有
2026-03-11 17:04:24,510|line:519| https://t.bilibili.com/1178421618827853841
2026-03-11 17:04:27,921|line:341| =========此为源动态=========
2026-03-11 17:04:31,501|line:362| *********子动态开始*********
2026-03-11 17:04:31,501|line:381| *********子动态结束*********
2026-03-11 17:04:31,502|line:537| -=-=-=-=处理回最初的动态-=-=-=-=
2026-03-11 17:04:43,736|line:475| 转发成功 1178583191231922184
2026-03-11 17:04:47,142|line:494| 评论发送成功
2026-03-11 17:04:51,689|line:424| 383666009 === 已经关注了
2026-03-11 17:04:55,060|line:503| 动态-点赞 OK
2026-03-11 17:04:56,060|line:519| https://t.bilibili.com/1178071735778410626
2026-03-11 17:04:57,366|line:341| =========此为源动态=========
2026-03-11 17:04:58,767|line:362| *********子动态开始*********
2026-03-11 17:04:58,767|line:381| *********子动态结束*********
2026-03-11 17:04:58,767|line:537| -=-=-=-=处理回最初的动态-=-=-=-=
2026-03-11 17:05:10,943|line:475| 转发成功 1178583307199184913
2026-03-11 17:05:14,349|line:494| 评论发送成功
2026-03-11 17:05:18,839|line:424| 348632860 === 已经关注了
2026-03-11 17:05:22,206|line:503| 动态-点赞 OK
2026-03-11 17:05:23,206|line:519| https://t.bilibili.com/1176550387471089665
2026-03-11 17:05:25,791|line:341| =========此为源动态=========
2026-03-11 17:05:29,346|line:362| *********子动态开始*********
2026-03-11 17:05:29,346|line:381| *********子动态结束*********
2026-03-11 17:05:29,346|line:537| -=-=-=-=处理回最初的动态-=-=-=-=
2026-03-11 17:05:38,583|line:475| 转发成功 1178583427460366338
2026-03-11 17:05:42,050|line:494| 评论发送成功
2026-03-11 17:05:47,869|line:436| 关注 ==== 588950381 0
2026-03-11 17:05:51,225|line:503| 动态-点赞 OK
2026-03-11 17:05:53,225|line:519| https://t.bilibili.com/1178098547120144385
2026-03-11 17:05:53,226|line:521| 已有
2026-03-11 17:05:53,226|line:519| https://t.bilibili.com/1164984693400010770
2026-03-11 17:05:56,539|line:526| 官方 或 预约 OUT！
2026-03-11 17:05:56,540|line:519| https://t.bilibili.com/1176631738482294785
2026-03-11 17:06:00,887|line:341| =========此为源动态=========
2026-03-11 17:06:02,256|line:362| *********子动态开始*********
2026-03-11 17:06:02,257|line:381| *********子动态结束*********
2026-03-11 17:06:02,257|line:537| -=-=-=-=处理回最初的动态-=-=-=-=
2026-03-11 17:06:08,577|line:475| 转发成功 1178583556255907841
2026-03-11 17:06:12,037|line:494| 评论发送成功
2026-03-11 17:06:14,442|line:424| 3546948053240561 === 已经关注了
2026-03-11 17:06:17,790|line:503| 动态-点赞 OK
2026-03-11 17:06:21,791|line:519| https://t.bilibili.com/1175105367224352771
2026-03-11 17:06:21,791|line:521| 已有
2026-03-11 17:06:21,791|line:519| https://t.bilibili.com/1169917626553466899
2026-03-11 17:06:26,192|line:341| =========此为源动态=========
2026-03-11 17:06:30,558|line:362| *********子动态开始*********
2026-03-11 17:06:30,559|line:381| *********子动态结束*********
2026-03-11 17:06:30,559|line:537| -=-=-=-=处理回最初的动态-=-=-=-=
2026-03-11 17:06:36,744|line:475| 转发成功 1178583676566372353
2026-03-11 17:06:40,142|line:494| 评论发送成功
2026-03-11 17:06:43,565|line:424| 3546937909315862 === 已经关注了
2026-03-11 17:06:46,929|line:503| 动态-点赞 OK
2026-03-11 17:06:49,929|line:519| https://t.bilibili.com/1175945286703382546
2026-03-11 17:06:51,243|line:526| 官方 或 预约 OUT！
2026-03-11 17:06:51,243|line:519| https://t.bilibili.com/1176671561375023143
2026-03-11 17:06:51,243|line:521| 已有
2026-03-11 17:06:51,243|line:519| https://t.bilibili.com/1177351703830200345
2026-03-11 17:06:51,244|line:521| 已有
2026-03-11 17:06:51,244|line:519| https://t.bilibili.com/1178207931345141762
2026-03-11 17:06:53,557|line:341| =========此为源动态=========
2026-03-11 17:06:55,175|line:362| *********子动态开始*********
2026-03-11 17:06:55,175|line:381| *********子动态结束*********
2026-03-11 17:06:55,175|line:537| -=-=-=-=处理回最初的动态-=-=-=-=
2026-03-11 17:07:07,663|line:475| 转发成功 1178583809667366919
2026-03-11 17:07:11,085|line:494| 评论发送成功
2026-03-11 17:07:15,527|line:424| 100680137 === 已经关注了
2026-03-11 17:07:18,855|line:503| 动态-点赞 OK
2026-03-11 17:07:20,856|line:519| https://t.bilibili.com/1175366823343816710
2026-03-11 17:07:23,200|line:526| 官方 或 预约 OUT！
2026-03-11 17:07:23,201|line:519| https://t.bilibili.com/1177611094045229064
2026-03-11 17:07:23,201|line:521| 已有
2026-03-11 17:07:23,201|line:519| https://t.bilibili.com/1177236794144456705
2026-03-11 17:07:23,201|line:521| 已有
2026-03-11 17:07:23,201|line:519| https://t.bilibili.com/1160695296654573584
2026-03-11 17:07:26,541|line:526| 官方 或 预约 OUT！
2026-03-11 17:07:26,542|line:519| https://t.bilibili.com/1176596244863123475
2026-03-11 17:07:26,542|line:521| 已有
2026-03-11 17:07:26,542|line:519| https://t.bilibili.com/1158766847743492101
2026-03-11 17:07:28,849|line:341| =========此为源动态=========
2026-03-11 17:07:33,356|line:362| *********子动态开始*********
2026-03-11 17:07:33,356|line:381| *********子动态结束*********
2026-03-11 17:07:33,356|line:537| -=-=-=-=处理回最初的动态-=-=-=-=
2026-03-11 17:07:44,868|line:475| 转发成功 1178583968613662725
2026-03-11 17:07:48,310|line:494| 评论发送成功
2026-03-11 17:07:52,726|line:424| 151242495 === 已经关注了
2026-03-11 17:07:56,085|line:503| 动态-点赞 OK
2026-03-11 17:07:58,086|line:519| https://t.bilibili.com/1176241562153123847
2026-03-11 17:08:01,431|line:526| 官方 或 预约 OUT！
2026-03-11 17:08:01,431|line:519| https://t.bilibili.com/1165087051076337673
2026-03-11 17:08:04,772|line:341| =========此为源动态=========
2026-03-11 17:08:07,316|line:362| *********子动态开始*********
2026-03-11 17:08:07,317|line:381| *********子动态结束*********
2026-03-11 17:08:07,317|line:537| -=-=-=-=处理回最初的动态-=-=-=-=
2026-03-11 17:08:15,692|line:475| 转发成功 1178584101754503173
2026-03-11 17:08:19,143|line:494| 评论发送成功
2026-03-11 17:08:20,529|line:424| 699190660 === 已经关注了
2026-03-11 17:08:23,926|line:503| 动态-点赞 OK
2026-03-11 17:08:27,927|line:519| https://t.bilibili.com/1177467577740296199
2026-03-11 17:08:27,927|line:521| 已有
2026-03-11 17:08:27,927|line:519| https://t.bilibili.com/1165794689880686611
2026-03-11 17:08:32,233|line:341| =========此为源动态=========
2026-03-11 17:08:34,781|line:362| *********子动态开始*********
2026-03-11 17:08:34,782|line:381| *********子动态结束*********
2026-03-11 17:08:34,782|line:537| -=-=-=-=处理回最初的动态-=-=-=-=
2026-03-11 17:08:46,098|line:475| 转发成功 1178584234858643457
2026-03-11 17:08:49,503|line:494| 评论发送成功
2026-03-11 17:08:51,991|line:424| 388940759 === 已经关注了
2026-03-11 17:08:55,350|line:503| 动态-点赞 OK
2026-03-11 17:08:59,351|line:519| https://t.bilibili.com/1165822800395501569
2026-03-11 17:09:01,695|line:526| 官方 或 预约 OUT！
2026-03-11 17:09:01,695|line:519| https://t.bilibili.com/1175375812736581633
2026-03-11 17:09:03,057|line:526| 官方 或 预约 OUT！
2026-03-11 17:09:03,057|line:519| https://t.bilibili.com/1177723843426385929
2026-03-11 17:09:03,057|line:521| 已有
2026-03-11 17:09:03,057|line:519| https://t.bilibili.com/1176812041165340675
2026-03-11 17:09:03,058|line:521| 已有
2026-03-11 17:09:03,058|line:519| https://t.bilibili.com/1178040943010381826
2026-03-11 17:09:03,058|line:521| 已有
2026-03-11 17:09:03,058|line:519| https://t.bilibili.com/1177838224814374916
2026-03-11 17:09:03,058|line:521| 已有
2026-03-11 17:09:03,058|line:519| https://t.bilibili.com/1178439198159405058
2026-03-11 17:09:07,366|line:526| 官方 或 预约 OUT！
2026-03-11 17:09:07,366|line:519| https://t.bilibili.com/1175896865231601685
2026-03-11 17:09:08,709|line:526| 官方 或 预约 OUT！
2026-03-11 17:09:08,709|line:519| https://t.bilibili.com/1178386279871545349
2026-03-11 17:09:11,052|line:341| =========此为源动态=========
2026-03-11 17:09:12,449|line:362| *********子动态开始*********
2026-03-11 17:09:12,449|line:381| *********子动态结束*********
2026-03-11 17:09:12,449|line:537| -=-=-=-=处理回最初的动态-=-=-=-=
2026-03-11 17:09:21,759|line:475| 转发成功 1178584385232830489
2026-03-11 17:09:25,167|line:494| 评论发送成功
2026-03-11 17:09:28,581|line:424| 27752387 === 已经关注了
2026-03-11 17:09:31,908|line:503| 动态-点赞 OK
2026-03-11 17:09:34,909|line:519| https://t.bilibili.com/1178470894988689413
2026-03-11 17:09:39,285|line:341| =========此为源动态=========
2026-03-11 17:09:42,815|line:362| *********子动态开始*********
2026-03-11 17:09:42,816|line:381| *********子动态结束*********
2026-03-11 17:09:42,816|line:537| -=-=-=-=处理回最初的动态-=-=-=-=
2026-03-11 17:09:52,032|line:475| 转发成功 1178584514031517698
2026-03-11 17:09:55,458|line:494| 评论发送成功
2026-03-11 17:09:57,832|line:424| 1771071122 === 已经关注了
2026-03-11 17:10:01,198|line:503| 动态-点赞 OK
2026-03-11 17:10:05,198|line:519| https://t.bilibili.com/1165741436567552037
2026-03-11 17:10:09,540|line:341| =========此为源动态=========
2026-03-11 17:10:12,326|line:362| *********子动态开始*********
2026-03-11 17:10:12,326|line:381| *********子动态结束*********
2026-03-11 17:10:12,327|line:537| -=-=-=-=处理回最初的动态-=-=-=-=
2026-03-11 17:10:18,549|line:475| 转发成功 1178584630035480577
2026-03-11 17:10:21,954|line:494| 评论发送成功
2026-03-11 17:10:23,348|line:424| 348632860 === 已经关注了
2026-03-11 17:10:26,713|line:503| 动态-点赞 OK
2026-03-11 17:10:30,714|line:519| https://t.bilibili.com/1175434507747065856
2026-03-11 17:10:30,714|line:521| 已有
2026-03-11 17:10:30,714|line:519| https://t.bilibili.com/1169832098732703750
2026-03-11 17:10:35,168|line:341| =========此为源动态=========
2026-03-11 17:10:36,711|line:362| *********子动态开始*********
2026-03-11 17:10:36,712|line:381| *********子动态结束*********
2026-03-11 17:10:36,712|line:537| -=-=-=-=处理回最初的动态-=-=-=-=
2026-03-11 17:10:46,988|line:475| 转发成功 1178584750246330375
2026-03-11 17:10:50,470|line:494| 评论发送成功
2026-03-11 17:10:51,870|line:424| 2116954234 === 已经关注了
2026-03-11 17:10:55,234|line:503| 动态-点赞 OK
2026-03-11 17:10:59,235|line:519| https://t.bilibili.com/1176623870059216903
2026-03-11 17:11:00,631|line:341| =========此为源动态=========
2026-03-11 17:11:04,040|line:362| *********子动态开始*********
2026-03-11 17:11:04,041|line:381| *********子动态结束*********
2026-03-11 17:11:04,041|line:537| -=-=-=-=处理回最初的动态-=-=-=-=
2026-03-11 17:11:16,290|line:475| 转发成功 1178584879139389443
2026-03-11 17:11:19,719|line:494| 评论发送成功
2026-03-11 17:11:22,113|line:424| 519781260 === 已经关注了
2026-03-11 17:11:25,505|line:503| 动态-点赞 OK
2026-03-11 17:11:29,506|line:519| https://t.bilibili.com/1177619314676596740
2026-03-11 17:11:29,506|line:521| 已有
2026-03-11 17:11:29,506|line:519| https://t.bilibili.com/1168149139405406229
2026-03-11 17:11:33,962|line:526| 官方 或 预约 OUT！
2026-03-11 17:11:33,962|line:519| https://t.bilibili.com/1177215192574984199
2026-03-11 17:11:38,303|line:526| 官方 或 预约 OUT！
2026-03-11 17:11:38,303|line:519| https://t.bilibili.com/1168353942756655111
2026-03-11 17:11:40,646|line:341| =========此为源动态=========
2026-03-11 17:11:43,239|line:362| *********子动态开始*********
2026-03-11 17:11:43,239|line:381| *********子动态结束*********
2026-03-11 17:11:43,240|line:537| -=-=-=-=处理回最初的动态-=-=-=-=
2026-03-11 17:11:51,470|line:475| 转发成功 1178585029469536262
2026-03-11 17:11:54,919|line:494| 评论发送成功
2026-03-11 17:11:56,395|line:424| 1221637505 === 已经关注了
2026-03-11 17:11:59,758|line:503| 动态-点赞 OK
2026-03-11 17:12:00,759|line:552| 执行结束
2026-03-11 17:12:00,759|line:558| ==================================================2026-03-12 01:12==================================================
2026-03-11 17:12:00,759|line:232| processing article 46689656
2026-03-11 17:12:04,365|line:507| ==================================================2026-03-12 01:12==================================================
2026-03-11 17:12:04,365|line:519| https://t.bilibili.com/1178350047477104647
2026-03-11 17:12:06,679|line:341| =========此为源动态=========
2026-03-11 17:12:08,018|line:362| *********子动态开始*********
2026-03-11 17:12:08,018|line:381| *********子动态结束*********
2026-03-11 17:12:08,018|line:537| -=-=-=-=处理回最初的动态-=-=-=-=
2026-03-11 17:12:19,297|line:475| 转发成功 1178585149690871828
2026-03-11 17:12:22,787|line:494| 评论发送成功
2026-03-11 17:12:25,173|line:424| 651298625 === 已经关注了
2026-03-11 17:12:28,515|line:503| 动态-点赞 OK
2026-03-11 17:12:29,516|line:519| https://t.bilibili.com/1178334589930700802
2026-03-11 17:12:30,850|line:341| =========此为源动态=========
2026-03-11 17:12:34,204|line:362| *********子动态开始*********
2026-03-11 17:12:34,204|line:381| *********子动态结束*********
2026-03-11 17:12:34,204|line:537| -=-=-=-=处理回最初的动态-=-=-=-=
2026-03-11 17:12:43,502|line:475| 转发成功 1178585252817272838
2026-03-11 17:12:46,956|line:494| 评论发送成功
2026-03-11 17:12:50,338|line:424| 386615477 === 已经关注了
2026-03-11 17:12:53,733|line:503| 动态-点赞 OK
2026-03-11 17:12:55,733|line:519| https://t.bilibili.com/1177724300795314182
2026-03-11 17:12:55,734|line:521| 已有
2026-03-11 17:12:55,734|line:519| https://t.bilibili.com/1178350049624588313
2026-03-11 17:12:57,040|line:341| =========此为源动态=========
2026-03-11 17:13:00,424|line:362| *********子动态开始*********
2026-03-11 17:13:00,425|line:381| *********子动态结束*********
2026-03-11 17:13:00,425|line:537| -=-=-=-=处理回最初的动态-=-=-=-=
2026-03-11 17:13:11,652|line:475| 转发成功 1178585373051191303
2026-03-11 17:13:15,102|line:494| 评论发送成功
2026-03-11 17:13:16,506|line:424| 348632860 === 已经关注了
2026-03-11 17:13:19,840|line:503| 动态-点赞 OK
2026-03-11 17:13:21,841|line:519| https://t.bilibili.com/1178405778980077571
2026-03-11 17:13:23,157|line:341| =========此为源动态=========
2026-03-11 17:13:26,680|line:362| *********子动态开始*********
2026-03-11 17:13:26,680|line:381| *********子动态结束*********
2026-03-11 17:13:26,681|line:537| -=-=-=-=处理回最初的动态-=-=-=-=
2026-03-11 17:13:35,027|line:475| 转发成功 1178585471835439125
2026-03-11 17:13:38,472|line:494| 评论发送成功
2026-03-11 17:13:41,019|line:424| 630815423 === 已经关注了
2026-03-11 17:13:44,406|line:503| 动态-点赞 OK
2026-03-11 17:13:45,406|line:519| https://t.bilibili.com/1178421618827853841
2026-03-11 17:13:45,407|line:521| 已有
2026-03-11 17:13:45,407|line:519| https://t.bilibili.com/1178388704356466694
2026-03-11 17:13:47,749|line:341| =========此为源动态=========
2026-03-11 17:13:52,309|line:362| *********子动态开始*********
2026-03-11 17:13:52,310|line:381| *********子动态结束*********
2026-03-11 17:13:52,310|line:537| -=-=-=-=处理回最初的动态-=-=-=-=
2026-03-11 17:14:02,629|line:475| 转发成功 1178585592059920393
2026-03-11 17:14:06,109|line:494| 评论发送成功
2026-03-11 17:14:09,532|line:424| 2026733267 === 已经关注了
2026-03-11 17:14:12,915|line:503| 动态-点赞 OK
2026-03-11 17:14:13,915|line:519| https://t.bilibili.com/1178071735778410626
2026-03-11 17:14:13,915|line:521| 已有
2026-03-11 17:14:13,916|line:519| https://t.bilibili.com/1178423635325485065
2026-03-11 17:14:18,304|line:526| 官方 或 预约 OUT！
2026-03-11 17:14:18,305|line:519| https://t.bilibili.com/1178422151382827056
2026-03-11 17:14:22,650|line:341| =========此为源动态=========
2026-03-11 17:14:26,182|line:362| *********子动态开始*********
2026-03-11 17:14:26,182|line:381| *********子动态结束*********
2026-03-11 17:14:26,182|line:537| -=-=-=-=处理回最初的动态-=-=-=-=
2026-03-11 17:14:33,496|line:475| 转发成功 1178585725216489474
2026-03-11 17:14:36,951|line:494| 评论发送成功
2026-03-11 17:14:39,364|line:424| 386837540 === 已经关注了
2026-03-11 17:14:42,733|line:503| 动态-点赞 OK
2026-03-11 17:14:46,733|line:519| https://t.bilibili.com/1164984693400010770
2026-03-11 17:14:48,043|line:526| 官方 或 预约 OUT！
2026-03-11 17:14:48,043|line:519| https://t.bilibili.com/1178483169985298441
2026-03-11 17:14:50,357|line:341| =========此为源动态=========
2026-03-11 17:14:53,918|line:362| *********子动态开始*********
2026-03-11 17:14:53,918|line:381| *********子动态结束*********
2026-03-11 17:14:53,918|line:537| -=-=-=-=处理回最初的动态-=-=-=-=
2026-03-11 17:15:06,389|line:475| 转发成功 1178585866962993155
2026-03-11 17:15:09,810|line:494| 评论发送成功
2026-03-11 17:15:11,249|line:424| 701179700 === 已经关注了
2026-03-11 17:15:14,581|line:503| 动态-点赞 OK
2026-03-11 17:15:15,582|line:519| https://t.bilibili.com/1178442820944396289
2026-03-11 17:15:17,978|line:341| =========此为源动态=========
2026-03-11 17:15:19,503|line:362| *********子动态开始*********
2026-03-11 17:15:19,503|line:381| *********子动态结束*********
2026-03-11 17:15:19,504|line:537| -=-=-=-=处理回最初的动态-=-=-=-=
2026-03-11 17:15:26,853|line:475| 转发成功 1178585952854999059
2026-03-11 17:15:30,318|line:494| 评论发送成功
2026-03-11 17:15:31,730|line:424| 1863894913 === 已经关注了
2026-03-11 17:15:35,099|line:503| 动态-点赞 OK
2026-03-11 17:15:37,099|line:519| https://t.bilibili.com/1178513943464771601
2026-03-11 17:15:41,406|line:341| =========此为源动态=========
2026-03-11 17:15:42,775|line:362| *********子动态开始*********
2026-03-11 17:15:42,776|line:381| *********子动态结束*********
2026-03-11 17:15:42,776|line:537| -=-=-=-=处理回最初的动态-=-=-=-=
2026-03-11 17:15:53,050|line:475| 转发成功 1178586064541974536
2026-03-11 17:15:56,460|line:494| 评论发送成功
2026-03-11 17:15:57,867|line:424| 373471445 === 已经关注了
2026-03-11 17:16:01,302|line:503| 动态-点赞 OK
2026-03-11 17:16:02,303|line:519| https://t.bilibili.com/1178400264239972376
2026-03-11 17:16:06,627|line:526| 官方 或 预约 OUT！
2026-03-11 17:16:06,628|line:519| https://t.bilibili.com/1178350511335669763
2026-03-11 17:16:10,974|line:341| =========此为源动态=========
2026-03-11 17:16:14,353|line:362| *********子动态开始*********
2026-03-11 17:16:14,353|line:381| *********子动态结束*********
2026-03-11 17:16:14,353|line:537| -=-=-=-=处理回最初的动态-=-=-=-=
2026-03-11 17:16:21,521|line:475| 转发成功 1178586189104414722
2026-03-11 17:16:24,924|line:494| 评论发送成功
2026-03-11 17:16:29,341|line:424| 9535164 === 已经关注了
2026-03-11 17:16:32,674|line:503| 动态-点赞 OK
2026-03-11 17:16:33,674|line:519| https://t.bilibili.com/1178091142579748886
2026-03-11 17:16:36,017|line:341| =========此为源动态=========
2026-03-11 17:16:40,587|line:362| *********子动态开始*********
2026-03-11 17:16:40,587|line:381| *********子动态结束*********
2026-03-11 17:16:40,588|line:537| -=-=-=-=处理回最初的动态-=-=-=-=
2026-03-11 17:16:51,782|line:475| 转发成功 1178586317927219205
2026-03-11 17:16:55,241|line:494| 评论发送成功
2026-03-11 17:17:01,084|line:436| 关注 ==== 4763529 0
2026-03-11 17:17:04,564|line:503| 动态-点赞 OK
2026-03-11 17:17:08,565|line:519| https://t.bilibili.com/1175105367224352771
2026-03-11 17:17:08,565|line:521| 已有
2026-03-11 17:17:08,565|line:519| https://t.bilibili.com/1169917626553466899
2026-03-11 17:17:08,565|line:521| 已有
2026-03-11 17:17:08,566|line:519| https://t.bilibili.com/1178470826295427075
2026-03-11 17:17:10,885|line:341| =========此为源动态=========
2026-03-11 17:17:12,450|line:362| *********子动态开始*********
2026-03-11 17:17:12,451|line:381| *********子动态结束*********
2026-03-11 17:17:12,451|line:537| -=-=-=-=处理回最初的动态-=-=-=-=
2026-03-11 17:17:23,694|line:475| 转发成功 1178586455353589768
2026-03-11 17:17:27,170|line:494| 评论发送成功
2026-03-11 17:17:30,613|line:424| 179236818 === 已经关注了
2026-03-11 17:17:33,953|line:503| 动态-点赞 OK
2026-03-11 17:17:36,954|line:519| https://t.bilibili.com/1178357787018657847
2026-03-11 17:17:41,260|line:341| =========此为源动态=========
2026-03-11 17:17:43,616|line:362| *********子动态开始*********
2026-03-11 17:17:43,616|line:381| *********子动态结束*********
2026-03-11 17:17:43,617|line:537| -=-=-=-=处理回最初的动态-=-=-=-=
2026-03-11 17:17:50,863|line:475| 转发成功 1178586571317706758
2026-03-11 17:17:54,314|line:494| 评论发送成功
2026-03-11 17:18:01,122|line:436| 关注 ==== 544450296 0
2026-03-11 17:18:04,481|line:503| 动态-点赞 OK
2026-03-11 17:18:06,482|line:519| https://t.bilibili.com/1178369061324587013
2026-03-11 17:18:07,821|line:526| 官方 或 预约 OUT！
2026-03-11 17:18:07,821|line:519| https://t.bilibili.com/1178372853764980745
2026-03-11 17:18:11,195|line:341| =========此为源动态=========
2026-03-11 17:18:14,565|line:362| *********子动态开始*********
2026-03-11 17:18:14,566|line:381| *********子动态结束*********
2026-03-11 17:18:14,566|line:537| -=-=-=-=处理回最初的动态-=-=-=-=
2026-03-11 17:18:27,033|line:475| 转发成功 1178586725943869441
2026-03-11 17:18:30,467|line:494| 评论发送成功
2026-03-11 17:18:38,265|line:436| 关注 ==== 3493139348195347 0
2026-03-11 17:18:41,668|line:503| 动态-点赞 OK
2026-03-11 17:18:45,669|line:519| https://t.bilibili.com/1178207931345141762
2026-03-11 17:18:45,669|line:521| 已有
2026-03-11 17:18:45,669|line:519| https://t.bilibili.com/1177969642215309333
2026-03-11 17:18:47,007|line:341| =========此为源动态=========
2026-03-11 17:18:49,566|line:362| *********子动态开始*********
2026-03-11 17:18:49,566|line:381| *********子动态结束*********
2026-03-11 17:18:49,566|line:537| -=-=-=-=处理回最初的动态-=-=-=-=
2026-03-11 17:18:59,811|line:475| 转发成功 1178586867683033106
2026-03-11 17:19:03,257|line:494| 评论发送成功
2026-03-11 17:19:05,671|line:424| 3546710322186667 === 已经关注了
2026-03-11 17:19:09,118|line:503| 动态-点赞 OK
2026-03-11 17:19:13,118|line:519| https://t.bilibili.com/1175945286703382546
2026-03-11 17:19:15,514|line:526| 官方 或 预约 OUT！
2026-03-11 17:19:15,515|line:519| https://t.bilibili.com/1178473845632270400
2026-03-11 17:19:16,829|line:526| 官方 或 预约 OUT！
2026-03-11 17:19:16,829|line:519| https://t.bilibili.com/1178510473128050696
2026-03-11 17:19:21,135|line:341| =========此为源动态=========
2026-03-11 17:19:22,500|line:362| *********子动态开始*********
2026-03-11 17:19:22,500|line:381| *********子动态结束*********
2026-03-11 17:19:22,500|line:537| -=-=-=-=处理回最初的动态-=-=-=-=
2026-03-11 17:19:33,713|line:475| 转发成功 1178587013694095383
2026-03-11 17:19:37,159|line:494| 评论发送成功
2026-03-11 17:19:38,548|line:424| 386615477 === 已经关注了
2026-03-11 17:19:41,916|line:503| 动态-点赞 OK
2026-03-11 17:19:44,917|line:519| https://t.bilibili.com/1178380973436305408
2026-03-11 17:19:46,226|line:341| =========此为源动态=========
2026-03-11 17:19:49,609|line:362| *********子动态开始*********
2026-03-11 17:19:49,610|line:381| *********子动态结束*********
2026-03-11 17:19:49,610|line:537| -=-=-=-=处理回最初的动态-=-=-=-=
2026-03-11 17:19:59,840|line:475| 转发成功 1178587125424062521
2026-03-11 17:20:03,255|line:494| 评论发送成功
2026-03-11 17:20:07,632|line:424| 1263987303 === 已经关注了
2026-03-11 17:20:10,998|line:503| 动态-点赞 OK
2026-03-11 17:20:11,998|line:519| https://t.bilibili.com/1160695296654573584
2026-03-11 17:20:14,312|line:526| 官方 或 预约 OUT！
2026-03-11 17:20:14,313|line:519| https://t.bilibili.com/1178350090426777605
2026-03-11 17:20:15,797|line:341| =========此为源动态=========
2026-03-11 17:20:18,170|line:362| *********子动态开始*********
2026-03-11 17:20:18,171|line:381| *********子动态结束*********
2026-03-11 17:20:18,171|line:537| -=-=-=-=处理回最初的动态-=-=-=-=
2026-03-11 17:20:30,380|line:475| 转发成功 1178587258534494227
2026-03-11 17:20:33,786|line:494| 评论发送成功
2026-03-11 17:20:36,176|line:424| 238623328 === 已经关注了
2026-03-11 17:20:39,512|line:503| 动态-点赞 OK
2026-03-11 17:20:42,512|line:519| https://t.bilibili.com/1178449046475374613
2026-03-11 17:20:44,831|line:341| =========此为源动态=========
2026-03-11 17:20:48,399|line:362| *********子动态开始*********
2026-03-11 17:20:48,399|line:381| *********子动态结束*********
2026-03-11 17:20:48,399|line:537| -=-=-=-=处理回最初的动态-=-=-=-=
2026-03-11 17:20:58,782|line:475| 转发成功 1178587378790432791
2026-03-11 17:21:02,182|line:548| 'NoneType' object is not subscriptable
2026-03-11 17:21:02,182|line:549| error line:541
2026-03-11 17:21:06,183|line:519| https://t.bilibili.com/1158766847743492101
2026-03-11 17:21:06,183|line:521| 已有
2026-03-11 17:21:06,183|line:519| https://t.bilibili.com/1178459547698724903
2026-03-11 17:21:08,535|line:341| =========此为源动态=========
2026-03-11 17:21:11,911|line:362| *********子动态开始*********
2026-03-11 17:21:11,911|line:381| *********子动态结束*********
2026-03-11 17:21:11,912|line:537| -=-=-=-=处理回最初的动态-=-=-=-=
2026-03-11 17:21:22,121|line:475| 转发成功 1178587477596700722
2026-03-11 17:21:25,533|line:494| 评论发送成功
2026-03-11 17:21:29,951|line:424| 9535164 === 已经关注了
2026-03-11 17:21:33,356|line:503| 动态-点赞 OK
2026-03-11 17:21:35,357|line:519| https://t.bilibili.com/1178406358838411283
2026-03-11 17:21:38,701|line:341| =========此为源动态=========
2026-03-11 17:21:41,249|line:362| *********子动态开始*********
2026-03-11 17:21:41,250|line:381| *********子动态结束*********
2026-03-11 17:21:41,250|line:537| -=-=-=-=处理回最初的动态-=-=-=-=
2026-03-11 17:21:47,471|line:475| 转发成功 1178587589251170312
2026-03-11 17:21:50,868|line:494| 评论发送成功
2026-03-11 17:21:55,260|line:424| 29143038 === 已经关注了
2026-03-11 17:21:58,628|line:503| 动态-点赞 OK
2026-03-11 17:22:01,629|line:519| https://t.bilibili.com/1178417216472743953
2026-03-11 17:22:04,026|line:341| =========此为源动态=========
2026-03-11 17:22:08,428|line:362| *********子动态开始*********
2026-03-11 17:22:08,428|line:381| *********子动态结束*********
2026-03-11 17:22:08,428|line:537| -=-=-=-=处理回最初的动态-=-=-=-=
2026-03-11 17:22:15,573|line:475| 转发成功 1178587709520740352
2026-03-11 17:22:19,014|line:494| 评论发送成功
2026-03-11 17:22:23,454|line:424| 10401635 === 已经关注了
2026-03-11 17:22:26,858|line:503| 动态-点赞 OK
2026-03-11 17:22:28,859|line:519| https://t.bilibili.com/1178459530517807111
2026-03-11 17:22:30,165|line:526| 官方 或 预约 OUT！
2026-03-11 17:22:30,165|line:519| https://t.bilibili.com/1178435414290071588
2026-03-11 17:22:31,485|line:341| =========此为源动态=========
2026-03-11 17:22:34,087|line:362| *********子动态开始*********
2026-03-11 17:22:34,087|line:381| *********子动态结束*********
2026-03-11 17:22:34,088|line:537| -=-=-=-=处理回最初的动态-=-=-=-=
2026-03-11 17:22:46,272|line:475| 转发成功 1178587842646900740
2026-03-11 17:22:49,685|line:494| 评论发送成功
2026-03-11 17:22:54,089|line:424| 41274918 === 已经关注了
2026-03-11 17:22:57,456|line:503| 动态-点赞 OK
2026-03-11 17:22:59,457|line:519| https://t.bilibili.com/1178494367002787856
2026-03-11 17:23:02,759|line:526| 官方 或 预约 OUT！
2026-03-11 17:23:02,759|line:519| https://t.bilibili.com/1178057336916279318
2026-03-11 17:23:05,204|line:336| =========此为子动态=========
2026-03-11 17:23:07,654|line:400| *************原动态已存在***************
2026-03-11 17:23:10,038|line:362| *********子动态开始*********
2026-03-11 17:23:19,366|line:475| 转发成功 1178587984397598724
2026-03-11 17:23:22,801|line:494| 评论发送成功
2026-03-11 17:23:30,529|line:424| 1129687681 === 已经关注了
2026-03-11 17:23:30,529|line:376| ----完成一个子动态----
2026-03-11 17:23:30,530|line:381| *********子动态结束*********
2026-03-11 17:23:34,530|line:519| https://t.bilibili.com/1176241562153123847
2026-03-11 17:23:37,899|line:526| 官方 或 预约 OUT！
2026-03-11 17:23:37,900|line:519| https://t.bilibili.com/1178385072980492325
2026-03-11 17:23:40,246|line:526| 官方 或 预约 OUT！
2026-03-11 17:23:40,247|line:519| https://t.bilibili.com/1178420132775460887
2026-03-11 17:23:42,617|line:341| =========此为源动态=========
2026-03-11 17:23:45,019|line:362| *********子动态开始*********
2026-03-11 17:23:45,019|line:381| *********子动态结束*********
2026-03-11 17:23:45,019|line:537| -=-=-=-=处理回最初的动态-=-=-=-=
2026-03-11 17:23:57,371|line:475| 转发成功 1178588147565461507
2026-03-11 17:24:00,785|line:494| 评论发送成功
2026-03-11 17:24:02,203|line:424| 429717985 === 已经关注了
2026-03-11 17:24:05,547|line:503| 动态-点赞 OK
2026-03-11 17:24:08,547|line:519| https://t.bilibili.com/1178458282799398933
2026-03-11 17:24:13,008|line:341| =========此为源动态=========
2026-03-11 17:24:14,541|line:362| *********子动态开始*********
2026-03-11 17:24:14,541|line:381| *********子动态结束*********
2026-03-11 17:24:14,541|line:537| -=-=-=-=处理回最初的动态-=-=-=-=
2026-03-11 17:24:24,817|line:475| 转发成功 1178588263546355714
2026-03-11 17:24:28,336|line:494| 评论发送成功
2026-03-11 17:24:31,758|line:424| 287886755 === 已经关注了
2026-03-11 17:24:35,121|line:503| 动态-点赞 OK
2026-03-11 17:24:37,121|line:519| https://t.bilibili.com/1178427599584493606
2026-03-11 17:24:38,464|line:526| 官方 或 预约 OUT！
2026-03-11 17:24:38,465|line:519| https://t.bilibili.com/1178475739686633504
2026-03-11 17:24:40,809|line:341| =========此为源动态=========
2026-03-11 17:24:43,337|line:362| *********子动态开始*********
2026-03-11 17:24:43,337|line:381| *********子动态结束*********
2026-03-11 17:24:43,337|line:537| -=-=-=-=处理回最初的动态-=-=-=-=
2026-03-11 17:24:52,801|line:475| 转发成功 1178588383791808513
2026-03-11 17:24:56,246|line:494| 评论发送成功
2026-03-11 17:25:00,644|line:424| 3493122310933354 === 已经关注了
2026-03-11 17:25:03,971|line:503| 动态-点赞 OK
2026-03-11 17:25:04,972|line:519| https://t.bilibili.com/1178431422080221184
2026-03-11 17:25:06,320|line:526| 官方 或 预约 OUT！
2026-03-11 17:25:06,321|line:519| https://t.bilibili.com/1178452521128034337
2026-03-11 17:25:07,703|line:526| 官方 或 预约 OUT！
2026-03-11 17:25:07,703|line:519| https://t.bilibili.com/1178514007874600969
2026-03-11 17:25:12,020|line:336| =========此为子动态=========
2026-03-11 17:25:14,488|line:400| *************原动态已存在***************
2026-03-11 17:25:18,858|line:362| *********子动态开始*********
2026-03-11 17:25:28,334|line:475| 转发成功 1178588538471448578
2026-03-11 17:25:31,778|line:494| 评论发送成功
2026-03-11 17:25:36,565|line:424| 493230543 === 已经关注了
2026-03-11 17:25:36,566|line:376| ----完成一个子动态----
2026-03-11 17:25:36,566|line:381| *********子动态结束*********
2026-03-11 17:25:37,567|line:519| https://t.bilibili.com/1178360054779215880
2026-03-11 17:25:41,908|line:526| 官方 或 预约 OUT！
2026-03-11 17:25:41,908|line:519| https://t.bilibili.com/1178380973393313795
2026-03-11 17:25:46,231|line:341| =========此为源动态=========
2026-03-11 17:25:48,779|line:362| *********子动态开始*********
2026-03-11 17:25:48,779|line:381| *********子动态结束*********
2026-03-11 17:25:48,779|line:537| -=-=-=-=处理回最初的动态-=-=-=-=
2026-03-11 17:25:57,032|line:475| 转发成功 1178588658728435721
2026-03-11 17:26:00,439|line:494| 评论发送成功
2026-03-11 17:26:04,852|line:424| 2026733267 === 已经关注了
2026-03-11 17:26:08,227|line:503| 动态-点赞 OK
2026-03-11 17:26:11,228|line:519| https://t.bilibili.com/1178412099050668050
2026-03-11 17:26:14,533|line:526| 官方 或 预约 OUT！
2026-03-11 17:26:14,534|line:519| https://t.bilibili.com/1178439198159405058
2026-03-11 17:26:16,879|line:526| 官方 或 预约 OUT！
2026-03-11 17:26:16,880|line:519| https://t.bilibili.com/1178419808529547264
2026-03-11 17:26:18,224|line:526| 官方 或 预约 OUT！
2026-03-11 17:26:18,225|line:519| https://t.bilibili.com/1178435236053123075
2026-03-11 17:26:20,567|line:526| 官方 或 预约 OUT！
2026-03-11 17:26:20,567|line:519| https://t.bilibili.com/1178358358244065287
2026-03-11 17:26:24,940|line:336| =========此为子动态=========
2026-03-11 17:26:26,374|line:400| *************原动态已存在***************
2026-03-11 17:26:29,734|line:362| *********子动态开始*********
2026-03-11 17:26:37,020|line:475| 转发成功 1178588830516641828
2026-03-11 17:26:40,476|line:494| 评论发送成功
2026-03-11 17:26:46,176|line:424| 479444311 === 已经关注了
2026-03-11 17:26:46,176|line:376| ----完成一个子动态----
2026-03-11 17:26:55,482|line:475| 转发成功 1178588912123117593
2026-03-11 17:26:58,913|line:494| 评论发送成功
2026-03-11 17:27:05,646|line:424| 471402555 === 已经关注了
2026-03-11 17:27:05,647|line:376| ----完成一个子动态----
2026-03-11 17:27:15,963|line:475| 转发成功 1178588997982617621
2026-03-11 17:27:19,392|line:494| 评论发送成功
2026-03-11 17:27:23,141|line:424| 505670427 === 已经关注了
2026-03-11 17:27:23,141|line:376| ----完成一个子动态----
2026-03-11 17:27:33,432|line:475| 转发成功 1178589075322437641
2026-03-11 17:27:36,879|line:494| 评论发送成功
2026-03-11 17:27:42,739|line:424| 347768288 === 已经关注了
2026-03-11 17:27:42,739|line:376| ----完成一个子动态----
2026-03-11 17:27:50,065|line:475| 转发成功 1178589144038768643
2026-03-11 17:27:53,514|line:494| 评论发送成功
2026-03-11 17:27:59,240|line:424| 3461565898558001 === 已经关注了
2026-03-11 17:27:59,240|line:376| ----完成一个子动态----
2026-03-11 17:27:59,241|line:381| *********子动态结束*********
2026-03-11 17:28:03,241|line:519| https://t.bilibili.com/1178357780565721110
2026-03-11 17:28:04,586|line:341| =========此为源动态=========
2026-03-11 17:28:08,944|line:362| *********子动态开始*********
2026-03-11 17:28:08,945|line:381| *********子动态结束*********
2026-03-11 17:28:08,945|line:537| -=-=-=-=处理回最初的动态-=-=-=-=
2026-03-11 17:28:17,177|line:475| 转发成功 1178589264317775875
2026-03-11 17:28:20,613|line:494| 评论发送成功
2026-03-11 17:28:25,002|line:424| 9535164 === 已经关注了
2026-03-11 17:28:28,412|line:503| 动态-点赞 OK
2026-03-11 17:28:32,413|line:519| https://t.bilibili.com/1178386279871545349
2026-03-11 17:28:32,413|line:521| 已有
2026-03-11 17:28:32,413|line:519| https://t.bilibili.com/1178470894988689413
2026-03-11 17:28:32,413|line:521| 已有
2026-03-11 17:28:32,413|line:519| https://t.bilibili.com/1178161056028033048
2026-03-11 17:28:34,791|line:341| =========此为源动态=========
2026-03-11 17:28:38,366|line:362| *********子动态开始*********
2026-03-11 17:28:38,367|line:381| *********子动态结束*********
2026-03-11 17:28:38,367|line:537| -=-=-=-=处理回最初的动态-=-=-=-=
2026-03-11 17:28:48,674|line:475| 转发成功 1178589397430304793
2026-03-11 17:28:52,169|line:494| 评论发送成功
2026-03-11 17:28:56,585|line:424| 100680137 === 已经关注了
2026-03-11 17:28:59,912|line:503| 动态-点赞 OK
2026-03-11 17:29:02,912|line:519| https://t.bilibili.com/1178446216137015302
2026-03-11 17:29:06,233|line:526| 官方 或 预约 OUT！
2026-03-11 17:29:06,233|line:519| https://t.bilibili.com/1177283873388625925
2026-03-11 17:29:07,687|line:526| 官方 或 预约 OUT！
2026-03-11 17:29:07,688|line:519| https://t.bilibili.com/1178415852868861969
2026-03-11 17:29:11,074|line:526| 官方 或 预约 OUT！
2026-03-11 17:29:11,074|line:519| https://t.bilibili.com/1178357503550816265
2026-03-11 17:29:13,542|line:336| =========此为子动态=========
2026-03-11 17:29:17,991|line:400| *************原动态已存在***************
2026-03-11 17:29:22,589|line:362| *********子动态开始*********
2026-03-11 17:29:29,854|line:475| 转发成功 1178589573513478148
2026-03-11 17:29:33,288|line:494| 评论发送成功
2026-03-11 17:29:38,102|line:424| 88751999 === 已经关注了
2026-03-11 17:29:38,102|line:376| ----完成一个子动态----
2026-03-11 17:29:38,103|line:381| *********子动态结束*********
2026-03-11 17:29:42,104|line:519| https://t.bilibili.com/1178450382258438183
2026-03-11 17:29:45,426|line:341| =========此为源动态=========
2026-03-11 17:29:47,960|line:362| *********子动态开始*********
2026-03-11 17:29:47,960|line:381| *********子动态结束*********
2026-03-11 17:29:47,960|line:537| -=-=-=-=处理回最初的动态-=-=-=-=
2026-03-11 17:29:59,293|line:475| 转发成功 1178589702385565704
2026-03-11 17:30:02,619|line:548| 'NoneType' object is not subscriptable
2026-03-11 17:30:02,619|line:549| error line:541
2026-03-11 17:30:06,620|line:519| https://t.bilibili.com/1168149139405406229
2026-03-11 17:30:08,028|line:526| 官方 或 预约 OUT！
2026-03-11 17:30:08,028|line:519| https://t.bilibili.com/1177215192574984199
2026-03-11 17:30:09,397|line:526| 官方 或 预约 OUT！
2026-03-11 17:30:09,397|line:519| https://t.bilibili.com/1178380973431062530
2026-03-11 17:30:10,714|line:341| =========此为源动态=========
2026-03-11 17:30:12,102|line:362| *********子动态开始*********
2026-03-11 17:30:12,103|line:381| *********子动态结束*********
2026-03-11 17:30:12,103|line:537| -=-=-=-=处理回最初的动态-=-=-=-=
2026-03-11 17:30:20,389|line:475| 转发成功 1178589792563101713
2026-03-11 17:30:23,751|line:494| 评论发送成功
2026-03-11 17:30:26,361|line:424| 471130755 === 已经关注了
2026-03-11 17:30:29,687|line:503| 动态-点赞 OK
2026-03-11 17:30:32,688|line:552| 执行结束
2026-03-11 17:30:32,688|line:558| ==================================================2026-03-12 01:30==================================================
2026-03-11 17:30:32,688|line:232| processing article 46680455
2026-03-11 17:30:35,073|line:507| ==================================================2026-03-12 01:30==================================================
2026-03-11 17:30:35,073|line:519| https://t.bilibili.com/1177724300795314182
2026-03-11 17:30:35,073|line:521| 已有
2026-03-11 17:30:35,073|line:519| https://t.bilibili.com/1173957258023796742
2026-03-11 17:30:37,587|line:526| 官方 或 预约 OUT！
2026-03-11 17:30:37,588|line:519| https://t.bilibili.com/1164040706827747348
2026-03-11 17:30:38,903|line:526| 官方 或 预约 OUT！
2026-03-11 17:30:38,903|line:519| https://t.bilibili.com/1177722720269369350
2026-03-11 17:30:40,291|line:526| 官方 或 预约 OUT！
2026-03-11 17:30:40,292|line:519| https://t.bilibili.com/1168067805593993233
2026-03-11 17:30:42,635|line:526| 官方 或 预约 OUT！
2026-03-11 17:30:42,636|line:519| https://t.bilibili.com/1172440898330427396
2026-03-11 17:30:45,971|line:526| 官方 或 预约 OUT！
2026-03-11 17:30:45,971|line:519| https://t.bilibili.com/1168088283982331945
2026-03-11 17:30:48,289|line:526| 官方 或 预约 OUT！
2026-03-11 17:30:48,290|line:519| https://t.bilibili.com/1176882371282075649
2026-03-11 17:30:50,635|line:526| 官方 或 预约 OUT！
2026-03-11 17:30:50,635|line:519| https://t.bilibili.com/1164984693400010770
2026-03-11 17:30:53,968|line:526| 官方 或 预约 OUT！
2026-03-11 17:30:53,968|line:519| https://t.bilibili.com/1178387916241502217
2026-03-11 17:30:57,311|line:526| 官方 或 预约 OUT！
2026-03-11 17:30:57,312|line:519| https://t.bilibili.com/1174013388947193865
2026-03-11 17:31:01,656|line:526| 官方 或 预约 OUT！
2026-03-11 17:31:01,656|line:519| https://t.bilibili.com/1177236422589939719
2026-03-11 17:31:02,966|line:526| 官方 或 预约 OUT！
2026-03-11 17:31:02,966|line:519| https://t.bilibili.com/1175105367224352771
2026-03-11 17:31:02,966|line:521| 已有
2026-03-11 17:31:02,967|line:519| https://t.bilibili.com/1169917626553466899
2026-03-11 17:31:02,967|line:521| 已有
2026-03-11 17:31:02,967|line:519| https://t.bilibili.com/1169118857122545664
2026-03-11 17:31:07,313|line:526| 官方 或 预约 OUT！
2026-03-11 17:31:07,313|line:519| https://t.bilibili.com/1169414359460347908
2026-03-11 17:31:09,619|line:526| 官方 或 预约 OUT！
2026-03-11 17:31:09,620|line:519| https://t.bilibili.com/1174407336264990754
2026-03-11 17:31:11,963|line:526| 官方 或 预约 OUT！
2026-03-11 17:31:11,964|line:519| https://t.bilibili.com/1160695296654573584
2026-03-11 17:31:14,270|line:526| 官方 或 预约 OUT！
2026-03-11 17:31:14,270|line:519| https://t.bilibili.com/1175067116255051777
2026-03-11 17:31:16,586|line:526| 官方 或 预约 OUT！
2026-03-11 17:31:16,586|line:519| https://t.bilibili.com/1170163487627804677
2026-03-11 17:31:20,934|line:526| 官方 或 预约 OUT！
2026-03-11 17:31:20,934|line:519| https://t.bilibili.com/1158766847743492101
2026-03-11 17:31:20,934|line:521| 已有
2026-03-11 17:31:20,935|line:519| https://t.bilibili.com/1174020879355478040
2026-03-11 17:31:25,272|line:526| 官方 或 预约 OUT！
2026-03-11 17:31:25,272|line:519| https://t.bilibili.com/1178074216129364023
2026-03-11 17:31:27,582|line:526| 官方 或 预约 OUT！
2026-03-11 17:31:27,582|line:519| https://t.bilibili.com/1176241562153123847
2026-03-11 17:31:30,900|line:526| 官方 或 预约 OUT！
2026-03-11 17:31:30,900|line:519| https://t.bilibili.com/1150635976473706514
2026-03-11 17:31:34,235|line:526| 官方 或 预约 OUT！
2026-03-11 17:31:34,236|line:519| https://t.bilibili.com/1176500621691322374
2026-03-11 17:31:35,607|line:526| 官方 或 预约 OUT！
2026-03-11 17:31:35,607|line:519| https://t.bilibili.com/1168406687085756425
2026-03-11 17:31:38,924|line:526| 官方 或 预约 OUT！
2026-03-11 17:31:38,924|line:519| https://t.bilibili.com/1175419282057592898
2026-03-11 17:31:43,272|line:526| 官方 或 预约 OUT！
2026-03-11 17:31:43,273|line:519| https://t.bilibili.com/1169206388510949380
2026-03-11 17:31:47,617|line:526| 官方 或 预约 OUT！
2026-03-11 17:31:47,618|line:519| https://t.bilibili.com/1178439198159405058
2026-03-11 17:31:51,980|line:526| 官方 或 预约 OUT！
2026-03-11 17:31:51,980|line:519| https://t.bilibili.com/1173270883581558805
2026-03-11 17:31:55,289|line:526| 官方 或 预约 OUT！
2026-03-11 17:31:55,289|line:519| https://t.bilibili.com/1169104168286158865
2026-03-11 17:31:59,619|line:526| 官方 或 预约 OUT！
2026-03-11 17:31:59,619|line:519| https://t.bilibili.com/1169670236413100035
2026-03-11 17:32:00,965|line:526| 官方 或 预约 OUT！
2026-03-11 17:32:00,965|line:519| https://t.bilibili.com/1176517754288603200
2026-03-11 17:32:02,271|line:526| 官方 或 预约 OUT！
2026-03-11 17:32:02,271|line:519| https://t.bilibili.com/1176245590859710481
2026-03-11 17:32:03,592|line:526| 官方 或 预约 OUT！
2026-03-11 17:32:03,593|line:519| https://t.bilibili.com/1177996893839425552
2026-03-11 17:32:04,936|line:526| 官方 或 预约 OUT！
2026-03-11 17:32:04,936|line:519| https://t.bilibili.com/1178005797305581570
2026-03-11 17:32:07,283|line:526| 官方 或 预约 OUT！
2026-03-11 17:32:07,284|line:519| https://t.bilibili.com/1168438993855971400
2026-03-11 17:32:11,592|line:526| 官方 或 预约 OUT！
2026-03-11 17:32:11,592|line:519| https://t.bilibili.com/1168149139405406229
2026-03-11 17:32:14,985|line:526| 官方 或 预约 OUT！
2026-03-11 17:32:14,985|line:519| https://t.bilibili.com/1176245771237851157
2026-03-11 17:32:17,305|line:526| 官方 或 预约 OUT！
2026-03-11 17:32:17,305|line:519| https://t.bilibili.com/1177730704589455377
2026-03-11 17:32:18,680|line:526| 官方 或 预约 OUT！
2026-03-11 17:32:18,681|line:552| 执行结束
2026-03-11 17:32:18,681|line:558| ==================================================2026-03-12 01:32==================================================
2026-03-11 17:32:18,681|line:232| processing article 46680316
2026-03-11 17:32:24,090|line:507| ==================================================2026-03-12 01:32==================================================
2026-03-11 17:32:24,090|line:519| https://t.bilibili.com/1176592405136146434
2026-03-11 17:32:24,090|line:521| 已有
2026-03-11 17:32:24,090|line:519| https://t.bilibili.com/1177724300795314182
2026-03-11 17:32:24,090|line:521| 已有
2026-03-11 17:32:24,090|line:519| https://t.bilibili.com/1172440898330427396
2026-03-11 17:32:25,457|line:526| 官方 或 预约 OUT！
2026-03-11 17:32:25,457|line:519| https://t.bilibili.com/1177712635677769729
2026-03-11 17:32:25,457|line:521| 已有
2026-03-11 17:32:25,457|line:519| https://t.bilibili.com/1164984693400010770
2026-03-11 17:32:27,835|line:526| 官方 或 预约 OUT！
2026-03-11 17:32:27,835|line:519| https://t.bilibili.com/1178387916241502217
2026-03-11 17:32:31,328|line:526| 官方 或 预约 OUT！
2026-03-11 17:32:31,328|line:519| https://t.bilibili.com/1176896639180210227
2026-03-11 17:32:33,681|line:526| 官方 或 预约 OUT！
2026-03-11 17:32:33,681|line:519| https://t.bilibili.com/1177236422589939719
2026-03-11 17:32:36,023|line:526| 官方 或 预约 OUT！
2026-03-11 17:32:36,024|line:519| https://t.bilibili.com/1176200850158125140
2026-03-11 17:32:40,365|line:526| 官方 或 预约 OUT！
2026-03-11 17:32:40,365|line:519| https://t.bilibili.com/1175105367224352771
2026-03-11 17:32:40,365|line:521| 已有
2026-03-11 17:32:40,365|line:519| https://t.bilibili.com/1169917626553466899
2026-03-11 17:32:40,366|line:521| 已有
2026-03-11 17:32:40,366|line:519| https://t.bilibili.com/1174376476868345862
2026-03-11 17:32:41,710|line:526| 官方 或 预约 OUT！
2026-03-11 17:32:41,711|line:519| https://t.bilibili.com/1177267745826275344
2026-03-11 17:32:43,053|line:526| 官方 或 预约 OUT！
2026-03-11 17:32:43,053|line:519| https://t.bilibili.com/1171701597018783745
2026-03-11 17:32:47,395|line:526| 官方 或 预约 OUT！
2026-03-11 17:32:47,395|line:519| https://t.bilibili.com/1160695296654573584
2026-03-11 17:32:49,703|line:526| 官方 或 预约 OUT！
2026-03-11 17:32:49,703|line:519| https://t.bilibili.com/1170163487627804677
2026-03-11 17:32:53,021|line:526| 官方 或 预约 OUT！
2026-03-11 17:32:53,021|line:519| https://t.bilibili.com/1158766847743492101
2026-03-11 17:32:53,021|line:521| 已有
2026-03-11 17:32:53,022|line:519| https://t.bilibili.com/1178074216129364023
2026-03-11 17:32:56,366|line:526| 官方 或 预约 OUT！
2026-03-11 17:32:56,367|line:519| https://t.bilibili.com/1176241562153123847
2026-03-11 17:33:00,682|line:526| 官方 或 预约 OUT！
2026-03-11 17:33:00,682|line:519| https://t.bilibili.com/1176500621691322374
2026-03-11 17:33:03,997|line:526| 官方 或 预约 OUT！
2026-03-11 17:33:03,997|line:519| https://t.bilibili.com/1177640901133991942
2026-03-11 17:33:07,341|line:526| 官方 或 预约 OUT！
2026-03-11 17:33:07,342|line:519| https://t.bilibili.com/1175010439818379264
2026-03-11 17:33:09,653|line:526| 官方 或 预约 OUT！
2026-03-11 17:33:09,654|line:519| https://t.bilibili.com/1178439198159405058
2026-03-11 17:33:12,994|line:526| 官方 或 预约 OUT！
2026-03-11 17:33:12,994|line:519| https://t.bilibili.com/1177331367162150913
2026-03-11 17:33:12,995|line:521| 已有
2026-03-11 17:33:12,995|line:519| https://t.bilibili.com/1174670033624760321
2026-03-11 17:33:15,364|line:526| 官方 或 预约 OUT！
2026-03-11 17:33:15,364|line:519| https://t.bilibili.com/1177996893839425552
2026-03-11 17:33:17,735|line:526| 官方 或 预约 OUT！
2026-03-11 17:33:17,735|line:519| https://t.bilibili.com/1178049434171211784
2026-03-11 17:33:22,051|line:526| 官方 或 预约 OUT！
2026-03-11 17:33:22,051|line:519| https://t.bilibili.com/1168149139405406229
2026-03-11 17:33:23,385|line:526| 官方 或 预约 OUT！
2026-03-11 17:33:23,385|line:519| https://t.bilibili.com/1170031735242489905
2026-03-11 17:33:26,730|line:526| 官方 或 预约 OUT！
2026-03-11 17:33:26,730|line:519| https://t.bilibili.com/1176960848886759447
2026-03-11 17:33:26,730|line:521| 已有
2026-03-11 17:33:26,730|line:552| 执行结束
2026-03-11 17:33:26,730|line:558| ==================================================2026-03-12 01:33==================================================
2026-03-11 17:33:26,730|line:232| processing article 46655655
2026-03-11 17:33:30,132|line:507| ==================================================2026-03-12 01:33==================================================
2026-03-11 17:33:30,132|line:519| https://t.bilibili.com/1177724300795314182
2026-03-11 17:33:30,132|line:521| 已有
2026-03-11 17:33:30,132|line:519| https://t.bilibili.com/1175375670969106457
2026-03-11 17:33:30,133|line:521| 已有
2026-03-11 17:33:30,133|line:519| https://t.bilibili.com/1178117857272135680
2026-03-11 17:33:30,133|line:521| 已有
2026-03-11 17:33:30,133|line:519| https://t.bilibili.com/1174020722601754648
2026-03-11 17:33:30,133|line:521| 已有
2026-03-11 17:33:30,133|line:519| https://t.bilibili.com/1175872283028226053
2026-03-11 17:33:30,133|line:521| 已有
2026-03-11 17:33:30,133|line:519| https://t.bilibili.com/1175876610217213956
2026-03-11 17:33:30,134|line:521| 已有
2026-03-11 17:33:30,134|line:519| https://t.bilibili.com/1177570781495820296
2026-03-11 17:33:32,474|line:526| 官方 或 预约 OUT！
2026-03-11 17:33:32,475|line:519| https://t.bilibili.com/1177091536173662208
2026-03-11 17:33:32,475|line:521| 已有
2026-03-11 17:33:32,475|line:519| https://t.bilibili.com/1164984693400010770
2026-03-11 17:33:36,784|line:526| 官方 或 预约 OUT！
2026-03-11 17:33:36,784|line:519| https://t.bilibili.com/1172207943646445571
2026-03-11 17:33:39,126|line:526| 官方 或 预约 OUT！
2026-03-11 17:33:39,126|line:519| https://t.bilibili.com/1169904612781588500
2026-03-11 17:33:41,563|line:526| 官方 或 预约 OUT！
2026-03-11 17:33:41,563|line:519| https://t.bilibili.com/1175105367224352771
2026-03-11 17:33:41,563|line:521| 已有
2026-03-11 17:33:41,563|line:519| https://t.bilibili.com/1169917626553466899
2026-03-11 17:33:41,564|line:521| 已有
2026-03-11 17:33:41,564|line:519| https://t.bilibili.com/1170299608049385479
2026-03-11 17:33:45,995|line:526| 官方 或 预约 OUT！
2026-03-11 17:33:45,995|line:519| https://t.bilibili.com/1176935723366875155
2026-03-11 17:33:45,995|line:521| 已有
2026-03-11 17:33:45,995|line:519| https://t.bilibili.com/1170990193692377089
2026-03-11 17:33:45,995|line:521| 已有
2026-03-11 17:33:45,996|line:519| https://t.bilibili.com/1177236794129776661
2026-03-11 17:33:45,996|line:521| 已有
2026-03-11 17:33:45,996|line:519| https://t.bilibili.com/1169681983185354754
2026-03-11 17:33:45,996|line:521| 已有
2026-03-11 17:33:45,996|line:519| https://t.bilibili.com/1160695296654573584
2026-03-11 17:33:47,314|line:526| 官方 或 预约 OUT！
2026-03-11 17:33:47,314|line:519| https://t.bilibili.com/1158766847743492101
2026-03-11 17:33:47,314|line:521| 已有
2026-03-11 17:33:47,314|line:519| https://t.bilibili.com/1175414033614897169
2026-03-11 17:33:50,651|line:526| 官方 或 预约 OUT！
2026-03-11 17:33:50,651|line:519| https://t.bilibili.com/1176241562153123847
2026-03-11 17:33:54,993|line:526| 官方 或 预约 OUT！
2026-03-11 17:33:54,993|line:519| https://t.bilibili.com/1177467577740296199
2026-03-11 17:33:54,993|line:521| 已有
2026-03-11 17:33:54,993|line:519| https://t.bilibili.com/1172064749433651204
2026-03-11 17:33:57,301|line:526| 官方 或 预约 OUT！
2026-03-11 17:33:57,301|line:519| https://t.bilibili.com/1176525547505713152
2026-03-11 17:33:57,302|line:521| 已有
2026-03-11 17:33:57,302|line:519| https://t.bilibili.com/1176257354755211264
2026-03-11 17:33:57,302|line:521| 已有
2026-03-11 17:33:57,302|line:519| https://t.bilibili.com/1177838224814374916
2026-03-11 17:33:57,302|line:521| 已有
2026-03-11 17:33:57,302|line:519| https://t.bilibili.com/1170778312197275667
2026-03-11 17:34:01,668|line:526| 官方 或 预约 OUT！
2026-03-11 17:34:01,669|line:519| https://t.bilibili.com/1177422935853367301
2026-03-11 17:34:05,987|line:526| 官方 或 预约 OUT！
2026-03-11 17:34:05,987|line:519| https://t.bilibili.com/1177417631594971137
2026-03-11 17:34:10,295|line:526| 官方 或 预约 OUT！
2026-03-11 17:34:10,295|line:519| https://t.bilibili.com/1176218785920581638
2026-03-11 17:34:14,730|line:526| 官方 或 预约 OUT！
2026-03-11 17:34:14,730|line:519| https://t.bilibili.com/1176865708962742279
2026-03-11 17:34:14,730|line:521| 已有
2026-03-11 17:34:14,731|line:519| https://t.bilibili.com/1170990374041157632
2026-03-11 17:34:17,047|line:526| 官方 或 预约 OUT！
2026-03-11 17:34:17,047|line:519| https://t.bilibili.com/1176233444635574289
2026-03-11 17:34:17,048|line:521| 已有
2026-03-11 17:34:17,048|line:519| https://t.bilibili.com/1169403067964063748
2026-03-11 17:34:18,362|line:526| 官方 或 预约 OUT！
2026-03-11 17:34:18,362|line:519| https://t.bilibili.com/1170346728115666969
2026-03-11 17:34:20,703|line:526| 官方 或 预约 OUT！
2026-03-11 17:34:20,704|line:519| https://t.bilibili.com/1168149139405406229
2026-03-11 17:34:24,044|line:526| 官方 或 预约 OUT！
2026-03-11 17:34:24,044|line:552| 执行结束
2026-03-11 17:34:24,045|line:558| ==================================================2026-03-12 01:34==================================================
2026-03-11 17:34:24,045|line:232| processing article 46650402
2026-03-11 17:34:28,525|line:507| ==================================================2026-03-12 01:34==================================================
2026-03-11 17:34:28,525|line:519| https://t.bilibili.com/1178089927106101271
2026-03-11 17:34:28,525|line:521| 已有
2026-03-11 17:34:28,525|line:519| https://t.bilibili.com/1177982746180452355
2026-03-11 17:34:28,525|line:521| 已有
2026-03-11 17:34:28,525|line:519| https://t.bilibili.com/1178082720138395686
2026-03-11 17:34:28,525|line:521| 已有
2026-03-11 17:34:28,526|line:519| https://t.bilibili.com/1177724300795314182
2026-03-11 17:34:28,526|line:521| 已有
2026-03-11 17:34:28,526|line:519| https://t.bilibili.com/1178047703286808585
2026-03-11 17:34:28,526|line:521| 已有
2026-03-11 17:34:28,526|line:519| https://t.bilibili.com/1177996425639755783
2026-03-11 17:34:28,526|line:521| 已有
2026-03-11 17:34:28,526|line:519| https://t.bilibili.com/1178079503178530841
2026-03-11 17:34:28,526|line:521| 已有
2026-03-11 17:34:28,526|line:519| https://t.bilibili.com/1178081358655782931
2026-03-11 17:34:28,527|line:521| 已有
2026-03-11 17:34:28,527|line:519| https://t.bilibili.com/1178088486131990535
2026-03-11 17:34:28,527|line:521| 已有
2026-03-11 17:34:28,527|line:519| https://t.bilibili.com/1178034393167429639
2026-03-11 17:34:30,867|line:526| 官方 或 预约 OUT！
2026-03-11 17:34:30,868|line:519| https://t.bilibili.com/1177992615990132754
2026-03-11 17:34:33,210|line:526| 官方 或 预约 OUT！
2026-03-11 17:34:33,210|line:519| https://t.bilibili.com/1177964209105797140
2026-03-11 17:34:33,211|line:521| 已有
2026-03-11 17:34:33,211|line:519| https://t.bilibili.com/1178117857272135680
2026-03-11 17:34:33,211|line:521| 已有
2026-03-11 17:34:33,211|line:519| https://t.bilibili.com/1178056273858396162
2026-03-11 17:34:33,211|line:521| 已有
2026-03-11 17:34:33,211|line:519| https://t.bilibili.com/1177973984468140038
2026-03-11 17:34:33,211|line:521| 已有
2026-03-11 17:34:33,211|line:519| https://t.bilibili.com/1178024222668095496
2026-03-11 17:34:34,520|line:526| 官方 或 预约 OUT！
2026-03-11 17:34:34,521|line:519| https://t.bilibili.com/1177716112484204546
2026-03-11 17:34:34,521|line:521| 已有
2026-03-11 17:34:34,521|line:519| https://t.bilibili.com/1178078609833721860
2026-03-11 17:34:34,521|line:521| 已有
2026-03-11 17:34:34,521|line:519| https://t.bilibili.com/1176233839792488454
2026-03-11 17:34:34,521|line:521| 已有
2026-03-11 17:34:34,521|line:519| https://t.bilibili.com/1178098547120144385
2026-03-11 17:34:34,521|line:521| 已有
2026-03-11 17:34:34,521|line:519| https://t.bilibili.com/1164984693400010770
2026-03-11 17:34:36,862|line:526| 官方 或 预约 OUT！
2026-03-11 17:34:36,862|line:519| https://t.bilibili.com/1178079271262879752
2026-03-11 17:34:36,862|line:521| 已有
2026-03-11 17:34:36,862|line:519| https://t.bilibili.com/1178102659540844562
2026-03-11 17:34:36,863|line:521| 已有
2026-03-11 17:34:36,863|line:519| https://t.bilibili.com/1175105367224352771
2026-03-11 17:34:36,863|line:521| 已有
2026-03-11 17:34:36,863|line:519| https://t.bilibili.com/1169917626553466899
2026-03-11 17:34:36,863|line:521| 已有
2026-03-11 17:34:36,863|line:519| https://t.bilibili.com/1177994426374422537
2026-03-11 17:34:36,863|line:521| 已有
2026-03-11 17:34:36,863|line:519| https://t.bilibili.com/1178137897603170352
2026-03-11 17:34:39,172|line:526| 官方 或 预约 OUT！
2026-03-11 17:34:39,173|line:519| https://t.bilibili.com/1178078287704883204
2026-03-11 17:34:39,173|line:521| 已有
2026-03-11 17:34:39,173|line:519| https://t.bilibili.com/1177987736951324710
2026-03-11 17:34:40,517|line:526| 官方 或 预约 OUT！
2026-03-11 17:34:40,517|line:519| https://t.bilibili.com/1178076947707592711
2026-03-11 17:34:40,517|line:521| 已有
2026-03-11 17:34:40,517|line:519| https://t.bilibili.com/1160695296654573584
2026-03-11 17:34:44,823|line:526| 官方 或 预约 OUT！
2026-03-11 17:34:44,823|line:519| https://t.bilibili.com/1177998328296636418
2026-03-11 17:34:46,133|line:526| 官方 或 预约 OUT！
2026-03-11 17:34:46,133|line:519| https://t.bilibili.com/1158766847743492101
2026-03-11 17:34:46,134|line:521| 已有
2026-03-11 17:34:46,134|line:519| https://t.bilibili.com/1177978970910490626
2026-03-11 17:34:46,134|line:521| 已有
2026-03-11 17:34:46,134|line:519| https://t.bilibili.com/1178094423950491648
2026-03-11 17:34:49,443|line:526| 官方 或 预约 OUT！
2026-03-11 17:34:49,443|line:519| https://t.bilibili.com/1178066583946264582
2026-03-11 17:34:49,443|line:521| 已有
2026-03-11 17:34:49,443|line:519| https://t.bilibili.com/1178076891873017856
2026-03-11 17:34:49,443|line:521| 已有
2026-03-11 17:34:49,444|line:519| https://t.bilibili.com/1178078030020476929
2026-03-11 17:34:49,444|line:521| 已有
2026-03-11 17:34:49,444|line:519| https://t.bilibili.com/1178078412312412192
2026-03-11 17:34:49,444|line:521| 已有
2026-03-11 17:34:49,444|line:519| https://t.bilibili.com/1176221990009176088
2026-03-11 17:34:49,444|line:521| 已有
2026-03-11 17:34:49,444|line:519| https://t.bilibili.com/1176241562153123847
2026-03-11 17:34:52,797|line:526| 官方 或 预约 OUT！
2026-03-11 17:34:52,797|line:519| https://t.bilibili.com/1177979344556916736
2026-03-11 17:34:52,797|line:521| 已有
2026-03-11 17:34:52,797|line:519| https://t.bilibili.com/1178118121432547346
2026-03-11 17:34:52,798|line:521| 已有
2026-03-11 17:34:52,798|line:519| https://t.bilibili.com/1178118121380118568
2026-03-11 17:34:52,798|line:521| 已有
2026-03-11 17:34:52,798|line:519| https://t.bilibili.com/1178091584964526082
2026-03-11 17:34:52,798|line:521| 已有
2026-03-11 17:34:52,798|line:519| https://t.bilibili.com/1177745719853842454
2026-03-11 17:34:57,117|line:526| 官方 或 预约 OUT！
2026-03-11 17:34:57,118|line:519| https://t.bilibili.com/1178082664298577940
2026-03-11 17:34:57,118|line:521| 已有
2026-03-11 17:34:57,118|line:519| https://t.bilibili.com/1178065943980408853
2026-03-11 17:34:57,118|line:521| 已有
2026-03-11 17:34:57,118|line:519| https://t.bilibili.com/1178087197615587332
2026-03-11 17:34:57,118|line:521| 已有
2026-03-11 17:34:57,118|line:519| https://t.bilibili.com/1178040811970887683
2026-03-11 17:34:57,118|line:521| 已有
2026-03-11 17:34:57,118|line:519| https://t.bilibili.com/1178040943010381826
2026-03-11 17:34:57,118|line:521| 已有
2026-03-11 17:34:57,119|line:519| https://t.bilibili.com/1177986695396589573
2026-03-11 17:34:57,119|line:521| 已有
2026-03-11 17:34:57,119|line:519| https://t.bilibili.com/1177838224814374916
2026-03-11 17:34:57,119|line:521| 已有
2026-03-11 17:34:57,119|line:519| https://t.bilibili.com/1178056615311441940
2026-03-11 17:35:01,459|line:526| 官方 或 预约 OUT！
2026-03-11 17:35:01,459|line:519| https://t.bilibili.com/1177740900887953410
2026-03-11 17:35:01,460|line:521| 已有
2026-03-11 17:35:01,460|line:519| https://t.bilibili.com/1178029913535414281
2026-03-11 17:35:01,460|line:521| 已有
2026-03-11 17:35:01,460|line:519| https://t.bilibili.com/1178080306381455367
2026-03-11 17:35:01,460|line:521| 已有
2026-03-11 17:35:01,460|line:519| https://t.bilibili.com/1177979834215694337
2026-03-11 17:35:01,460|line:521| 已有
2026-03-11 17:35:01,460|line:519| https://t.bilibili.com/1178097632260653077
2026-03-11 17:35:01,460|line:521| 已有
2026-03-11 17:35:01,461|line:519| https://t.bilibili.com/1178078201851674633
2026-03-11 17:35:01,461|line:521| 已有
2026-03-11 17:35:01,461|line:519| https://t.bilibili.com/1178056273851056150
2026-03-11 17:35:01,461|line:521| 已有
2026-03-11 17:35:01,461|line:519| https://t.bilibili.com/1177267717852364838
2026-03-11 17:35:01,461|line:521| 已有
2026-03-11 17:35:01,461|line:519| https://t.bilibili.com/1178113429143027718
2026-03-11 17:35:02,805|line:526| 官方 或 预约 OUT！
2026-03-11 17:35:02,805|line:519| https://t.bilibili.com/1178091060976418816
2026-03-11 17:35:02,805|line:521| 已有
2026-03-11 17:35:02,805|line:519| https://t.bilibili.com/1178090433889173509
2026-03-11 17:35:02,806|line:521| 已有
2026-03-11 17:35:02,806|line:519| https://t.bilibili.com/1177967718099320854
2026-03-11 17:35:02,806|line:521| 已有
2026-03-11 17:35:02,806|line:519| https://t.bilibili.com/1178080302078099456
2026-03-11 17:35:02,806|line:521| 已有
2026-03-11 17:35:02,806|line:519| https://t.bilibili.com/1177986695401832448
2026-03-11 17:35:02,806|line:521| 已有
2026-03-11 17:35:02,806|line:519| https://t.bilibili.com/1177794811320598537
2026-03-11 17:35:02,806|line:521| 已有
2026-03-11 17:35:02,806|line:519| https://t.bilibili.com/1168149139405406229
2026-03-11 17:35:06,113|line:526| 官方 或 预约 OUT！
2026-03-11 17:35:06,113|line:519| https://t.bilibili.com/1178083755237048338
2026-03-11 17:35:06,114|line:521| 已有
2026-03-11 17:35:06,114|line:519| https://t.bilibili.com/1178093015205412905
2026-03-11 17:35:07,482|line:526| 官方 或 预约 OUT！
2026-03-11 17:35:07,482|line:552| 执行结束
2026-03-11 17:35:07,483|line:558| ==================================================2026-03-12 01:35==================================================
2026-03-11 17:35:07,483|line:232| processing article 46642419
2026-03-11 17:35:12,894|line:507| ==================================================2026-03-12 01:35==================================================
2026-03-11 17:35:12,894|line:519| https://t.bilibili.com/1156109087631474695
2026-03-11 17:35:14,209|line:526| 官方 或 预约 OUT！
2026-03-11 17:35:14,210|line:519| https://t.bilibili.com/1177724300795314182
2026-03-11 17:35:14,210|line:521| 已有
2026-03-11 17:35:14,210|line:519| https://t.bilibili.com/1173957258023796742
2026-03-11 17:35:17,553|line:526| 官方 或 预约 OUT！
2026-03-11 17:35:17,554|line:519| https://t.bilibili.com/1164040706827747348
2026-03-11 17:35:21,870|line:526| 官方 或 预约 OUT！
2026-03-11 17:35:21,870|line:519| https://t.bilibili.com/1177722720269369350
2026-03-11 17:35:24,213|line:526| 官方 或 预约 OUT！
2026-03-11 17:35:24,214|line:519| https://t.bilibili.com/1168067805593993233
2026-03-11 17:35:28,537|line:526| 官方 或 预约 OUT！
2026-03-11 17:35:28,537|line:519| https://t.bilibili.com/1168088283982331945
2026-03-11 17:35:30,883|line:526| 官方 或 预约 OUT！
2026-03-11 17:35:30,883|line:519| https://t.bilibili.com/1176882371282075649
2026-03-11 17:35:33,216|line:526| 官方 或 预约 OUT！
2026-03-11 17:35:33,216|line:519| https://t.bilibili.com/1164984693400010770
2026-03-11 17:35:36,524|line:526| 官方 或 预约 OUT！
2026-03-11 17:35:36,524|line:519| https://t.bilibili.com/1174013388947193865
2026-03-11 17:35:39,833|line:526| 官方 或 预约 OUT！
2026-03-11 17:35:39,834|line:519| https://t.bilibili.com/1175105367224352771
2026-03-11 17:35:39,834|line:521| 已有
2026-03-11 17:35:39,834|line:519| https://t.bilibili.com/1169917626553466899
2026-03-11 17:35:39,834|line:521| 已有
2026-03-11 17:35:39,834|line:519| https://t.bilibili.com/1169118857122545664
2026-03-11 17:35:41,179|line:526| 官方 或 预约 OUT！
2026-03-11 17:35:41,179|line:519| https://t.bilibili.com/1169414359460347908
2026-03-11 17:35:43,486|line:526| 官方 或 预约 OUT！
2026-03-11 17:35:43,487|line:519| https://t.bilibili.com/1174407336264990754
2026-03-11 17:35:45,832|line:526| 官方 或 预约 OUT！
2026-03-11 17:35:45,832|line:519| https://t.bilibili.com/1168080849390796833
2026-03-11 17:35:48,177|line:526| 官方 或 预约 OUT！
2026-03-11 17:35:48,178|line:519| https://t.bilibili.com/1160695296654573584
2026-03-11 17:35:52,518|line:526| 官方 或 预约 OUT！
2026-03-11 17:35:52,519|line:519| https://t.bilibili.com/1175067116255051777
2026-03-11 17:35:55,863|line:526| 官方 或 预约 OUT！
2026-03-11 17:35:55,863|line:519| https://t.bilibili.com/1158766847743492101
2026-03-11 17:35:55,863|line:521| 已有
2026-03-11 17:35:55,863|line:519| https://t.bilibili.com/1174020879355478040
2026-03-11 17:36:00,179|line:526| 官方 或 预约 OUT！
2026-03-11 17:36:00,180|line:519| https://t.bilibili.com/1176241562153123847
2026-03-11 17:36:01,489|line:526| 官方 或 预约 OUT！
2026-03-11 17:36:01,489|line:519| https://t.bilibili.com/1150635976473706514
2026-03-11 17:36:04,798|line:526| 官方 或 预约 OUT！
2026-03-11 17:36:04,799|line:519| https://t.bilibili.com/1168406687085756425
2026-03-11 17:36:09,213|line:526| 官方 或 预约 OUT！
2026-03-11 17:36:09,213|line:519| https://t.bilibili.com/1175419282057592898
2026-03-11 17:36:12,555|line:526| 官方 或 预约 OUT！
2026-03-11 17:36:12,555|line:519| https://t.bilibili.com/1169206388510949380
2026-03-11 17:36:16,962|line:526| 官方 或 预约 OUT！
2026-03-11 17:36:16,962|line:519| https://t.bilibili.com/1173270883581558805
2026-03-11 17:36:18,336|line:526| 官方 或 预约 OUT！
2026-03-11 17:36:18,336|line:519| https://t.bilibili.com/1169104168286158865
2026-03-11 17:36:20,687|line:526| 官方 或 预约 OUT！
2026-03-11 17:36:20,687|line:519| https://t.bilibili.com/1169670236413100035
2026-03-11 17:36:24,012|line:526| 官方 或 预约 OUT！
2026-03-11 17:36:24,012|line:519| https://t.bilibili.com/1176517754288603200
2026-03-11 17:36:28,329|line:526| 官方 或 预约 OUT！
2026-03-11 17:36:28,330|line:519| https://t.bilibili.com/1176245590859710481
2026-03-11 17:36:30,672|line:526| 官方 或 预约 OUT！
2026-03-11 17:36:30,672|line:519| https://t.bilibili.com/1178005797305581570
2026-03-11 17:36:35,016|line:526| 官方 或 预约 OUT！
2026-03-11 17:36:35,017|line:519| https://t.bilibili.com/1177405412383653904
2026-03-11 17:36:37,334|line:526| 官方 或 预约 OUT！
2026-03-11 17:36:37,334|line:519| https://t.bilibili.com/1168438993855971400
2026-03-11 17:36:41,648|line:526| 官方 或 预约 OUT！
2026-03-11 17:36:41,649|line:519| https://t.bilibili.com/1168149139405406229
2026-03-11 17:36:45,954|line:526| 官方 或 预约 OUT！
2026-03-11 17:36:45,954|line:519| https://t.bilibili.com/1176245771237851157
2026-03-11 17:36:47,269|line:526| 官方 或 预约 OUT！
2026-03-11 17:36:47,270|line:519| https://t.bilibili.com/1177730704589455377
2026-03-11 17:36:49,618|line:526| 官方 或 预约 OUT！
2026-03-11 17:36:49,618|line:552| 执行结束
2026-03-11 17:36:49,618|line:558| ==================================================2026-03-12 01:36==================================================
2026-03-11 17:36:49,618|line:232| processing article 46641184
2026-03-11 17:36:51,960|line:507| ==================================================2026-03-12 01:36==================================================
2026-03-11 17:36:51,960|line:519| https://t.bilibili.com/1177340163237347346
2026-03-11 17:36:56,342|line:526| 官方 或 预约 OUT！
2026-03-11 17:36:56,342|line:519| https://t.bilibili.com/1176592405136146434
2026-03-11 17:36:56,342|line:521| 已有
2026-03-11 17:36:56,342|line:519| https://t.bilibili.com/1177724300795314182
2026-03-11 17:36:56,342|line:521| 已有
2026-03-11 17:36:56,343|line:519| https://t.bilibili.com/1177640883999211545
2026-03-11 17:36:59,690|line:526| 官方 或 预约 OUT！
2026-03-11 17:36:59,691|line:519| https://t.bilibili.com/1175412423007404041
2026-03-11 17:37:04,090|line:526| 官方 或 预约 OUT！
2026-03-11 17:37:04,091|line:519| https://t.bilibili.com/1164040706827747348
2026-03-11 17:37:08,432|line:526| 官方 或 预约 OUT！
2026-03-11 17:37:08,432|line:519| https://t.bilibili.com/1177722720269369350
2026-03-11 17:37:11,748|line:526| 官方 或 预约 OUT！
2026-03-11 17:37:11,749|line:519| https://t.bilibili.com/1168067805593993233
2026-03-11 17:37:15,074|line:526| 官方 或 预约 OUT！
2026-03-11 17:37:15,074|line:519| https://t.bilibili.com/1174342774316597285
2026-03-11 17:37:17,391|line:526| 官方 或 预约 OUT！
2026-03-11 17:37:17,391|line:519| https://t.bilibili.com/1177712635677769729
2026-03-11 17:37:17,391|line:521| 已有
2026-03-11 17:37:17,391|line:519| https://t.bilibili.com/1168088283982331945
2026-03-11 17:37:21,758|line:526| 官方 或 预约 OUT！
2026-03-11 17:37:21,758|line:519| https://t.bilibili.com/1164984693400010770
2026-03-11 17:37:26,148|line:526| 官方 或 预约 OUT！
2026-03-11 17:37:26,149|line:519| https://t.bilibili.com/1175105367224352771
2026-03-11 17:37:26,149|line:521| 已有
2026-03-11 17:37:26,149|line:519| https://t.bilibili.com/1169917626553466899
2026-03-11 17:37:26,149|line:521| 已有
2026-03-11 17:37:26,150|line:519| https://t.bilibili.com/1177730704589455377
2026-03-11 17:37:28,466|line:526| 官方 或 预约 OUT！
2026-03-11 17:37:28,466|line:519| https://t.bilibili.com/1169414359460347908
2026-03-11 17:37:29,808|line:526| 官方 或 预约 OUT！
2026-03-11 17:37:29,808|line:519| https://t.bilibili.com/1177035757456457730
2026-03-11 17:37:32,154|line:526| 官方 或 预约 OUT！
2026-03-11 17:37:32,154|line:519| https://t.bilibili.com/1174657015549526022
2026-03-11 17:37:36,495|line:526| 官方 或 预约 OUT！
2026-03-11 17:37:36,496|line:519| https://t.bilibili.com/1160695296654573584
2026-03-11 17:37:40,809|line:526| 官方 或 预约 OUT！
2026-03-11 17:37:40,809|line:519| https://t.bilibili.com/1175067116255051777
2026-03-11 17:37:44,124|line:526| 官方 或 预约 OUT！
2026-03-11 17:37:44,124|line:519| https://t.bilibili.com/1158766847743492101
2026-03-11 17:37:44,125|line:521| 已有
2026-03-11 17:37:44,125|line:519| https://t.bilibili.com/1176241562153123847
2026-03-11 17:37:47,434|line:526| 官方 或 预约 OUT！
2026-03-11 17:37:47,434|line:519| https://t.bilibili.com/1177461380122411029
2026-03-11 17:37:49,777|line:526| 官方 或 预约 OUT！
2026-03-11 17:37:49,778|line:519| https://t.bilibili.com/1169206388510949380
2026-03-11 17:37:52,095|line:526| 官方 或 预约 OUT！
2026-03-11 17:37:52,096|line:519| https://t.bilibili.com/1178049232273145860
2026-03-11 17:37:55,403|line:526| 官方 或 预约 OUT！
2026-03-11 17:37:55,403|line:519| https://t.bilibili.com/1177300971686985729
2026-03-11 17:37:57,780|line:526| 官方 或 预约 OUT！
2026-03-11 17:37:57,781|line:519| https://t.bilibili.com/1177331367162150913
2026-03-11 17:37:57,781|line:521| 已有
2026-03-11 17:37:57,781|line:519| https://t.bilibili.com/1175883172908367874
2026-03-11 17:38:01,125|line:526| 官方 或 预约 OUT！
2026-03-11 17:38:01,126|line:519| https://t.bilibili.com/1169643654843727872
2026-03-11 17:38:04,497|line:346| 'NoneType' object has no attribute 'get'
2026-03-11 17:38:04,497|line:347| error line:328
2026-03-11 17:38:04,497|line:533| *#*#*#*#*#*#*#*#*#*原动态处理失败*#*#*#*#*#*#*#*#*#
2026-03-11 17:38:04,498|line:519| https://t.bilibili.com/1177724970826989574
2026-03-11 17:38:08,872|line:526| 官方 或 预约 OUT！
2026-03-11 17:38:08,873|line:519| https://t.bilibili.com/1173665500899573768
2026-03-11 17:38:11,215|line:526| 官方 或 预约 OUT！
2026-03-11 17:38:11,216|line:519| https://t.bilibili.com/1178043863583948807
2026-03-11 17:38:12,560|line:526| 官方 或 预约 OUT！
2026-03-11 17:38:12,561|line:519| https://t.bilibili.com/1169670236413100035
2026-03-11 17:38:15,904|line:526| 官方 或 预约 OUT！
2026-03-11 17:38:15,904|line:519| https://t.bilibili.com/1178005797305581570
2026-03-11 17:38:18,246|line:526| 官方 或 预约 OUT！
2026-03-11 17:38:18,247|line:519| https://t.bilibili.com/1168149139405406229
2026-03-11 17:38:21,561|line:526| 官方 或 预约 OUT！
2026-03-11 17:38:21,561|line:519| https://t.bilibili.com/1176960848886759447
2026-03-11 17:38:21,561|line:521| 已有
2026-03-11 17:38:21,561|line:552| 执行结束
2026-03-11 17:38:21,561|line:558| ==================================================2026-03-12 01:38==================================================
2026-03-11 17:38:27,760|line:578| ('reply: ', '吓死我啦芙莱', '并不是')
2026-03-11 17:38:27,760|line:578| ('reply: ', '花生十三-公考行测', '68')
2026-03-11 17:38:27,761|line:578| ('reply: ', '三鹿七茸猫尾巴', '[夏诺雅表情包_？？？]')
2026-03-11 17:38:27,761|line:578| ('reply: ', '小闪闪bling', 'hhh腾子买库洛让我感觉他自己有点不太想出大世界了')
2026-03-11 17:38:27,761|line:578| ('reply: ', '魔改后远野汉娜', '不是，这……')
2026-03-11 17:38:27,761|line:578| ('reply: ', '好像都是一个人', '你在说什么')
2026-03-11 17:38:27,761|line:578| ('reply: ', '目标咨询', '太宠粉了啊')
2026-03-11 17:38:27,761|line:578| ('reply: ', '数玩工场', '祝你成功')
2026-03-11 17:38:27,761|line:578| ('reply: ', '益家有小佰', '恭喜宝子，获得小电视月度会员1份和克刻冰冰猴喉糖随机口味1份～记得私信小佰提供信息哦~')
2026-03-11 17:38:27,761|line:578| ('reply: ', '圆环之理-Madoka', '是的')
2026-03-11 17:38:27,761|line:578| ('reply: ', '兰的三姨', '这就是银河巨星的实力！')
2026-03-11 17:38:27,761|line:578| ('reply: ', '花园百合铃音', '有男不玩，我只吃麻辣火锅，xxn滚[吃瓜]')
2026-03-11 17:38:27,762|line:578| ('reply: ', '是绝赞的阿鬼', '[tv_难过]')
2026-03-11 17:38:27,762|line:578| ('reply: ', '桃稚不幼稚', '还行')
2026-03-11 17:38:27,762|line:578| ('reply: ', '陌罔子吖', '佬，这个报名有啥条件不。最近太非了，想下次报来抽[脱单doge][脱单doge][脱单doge]')
2026-03-11 17:38:27,762|line:578| ('reply: ', '太二酸菜鱼', '恭喜成为本期欧皇[打call]获得【肥龙联名显眼包】1份，在收到本信息的两天内回复哥的私信哦~逾期哥就自己收啦！[脱单doge]')
2026-03-11 17:38:27,762|line:578| ('reply: ', '得一想二的松鼠', '中奖分我一半')
2026-03-11 17:38:27,762|line:578| ('reply: ', '佑凉Uriyoo', '谢谢！！！[UP_24967030_感恩]')
2026-03-11 17:38:27,762|line:578| ('reply: ', '岛莓祁', '好耶')
2026-03-11 17:38:27,762|line:578| ('reply: ', '苏酥_SUSU_', 'https://b23.tv/3HJcDkm')
2026-03-11 17:38:29,106|line:587| ('at: ', '电脑报', '恭喜@小小Shaun UID：1090970340，@-叶晓吖  UID：22437099  获得 【电竞大礼包】1份， 请在三日内私信我')
2026-03-11 17:38:29,106|line:587| ('at: ', '联想拯救者官方', '是我喜欢的奖品名单 直接开奖 上 趁现在没人偷摸开个奖 恭喜这些小伙伴 【拯救者7.1声卡H7游戏耳机】获奖名单 @泪水打湿猪脚饭o @xoomoon @小小Shaun @T山海连云T @超超超超薄脆饼干 @BerboomC 【拯救者C140氮化镓适配器】获奖名单 @改个天凉好个秋 @夜猫子牙不好 @LLL好久不见 @林殇倾慕婉 @今天也要拥抱微风 @洳不及我万一 @胜利の天平 【白金独角兽电竞鼠标】获奖名单 @底片上的诗旅人 【拯救者C170氮化镓适配器】获奖名单 @麦當劳无限好 @無名丶の辈 @任性的提莫 @广东有暖风 由于B站私信规则修改 我会私信中奖的小伙伴一条消息，还请注意查收并回复我您的收货地址与联系方式，奖品基本会在私信您信息后的三十个工作日内发货')
2026-03-11 17:38:29,106|line:587| ('at: ', 'Apexgaming艾湃电竞', '恭喜 @小小Shaun 获得饮料一份，三天内联系我，过时不候！')
2026-03-11 17:38:29,107|line:587| ('at: ', '喜欢白毛有什么不好', '1 @浪子游2fans6@被_____打下来的飞机@拉斯特臣后面一个点@专心致志的学生@猫猫头OmMeow@小小Shaun@龐門左道@啦啦痴痴腻@bili_66938050009@日月星辰668')
2026-03-11 17:38:29,107|line:587| ('at: ', 'iKF蓝牙耳机', '恭喜@小小Shaun 宝子成为苏泊尔福利动态幸运儿！\n注意：即日起72小时内回复信息确认领奖哦！逾期将自动视为放弃中奖资格。\n没有中奖的宝子们不要气馁，参与一下下置顶视频iKF Mars，增加欧气值，说不定下个幸运儿就是你！\n链接：\nhttps://www.bilibili.com/video/BV1Soo6YLEHZ/?spm_id_from=333.1387.list.card_archive.click&vd_source=21fb0967ccc75e6b3b2447ade2c740dd\n还没参与抽奖的宝子们，赶紧点击上方链接参与吧！还有特别福利惊喜等你哦~')
2026-03-11 17:38:29,107|line:587| ('at: ', 'wellymerck威利默克', '恭喜@小小Shaun\xa0 获得《我是你的小狗3 永远等你回家》1本，请于5天内联系威宝，凭关注+互动截图领取奖品，逾期作废~')
2026-03-11 17:38:29,107|line:587| ('at: ', '宁美NINGMEI', '恭喜@小小Shaun   中奖，请在12月1日24点前私信我：1. 奖品+中奖信息a. 实物奖：姓名电话地址，给文字！省市区路清晰，提交不清晰不发奖，信息错误致无法签收，概不负责；\n\nb. 现金红包给到支付宝实名+账号；\n\nc. 京东卡/猫超卡 等购物卡给到姓名+电话；2. 宁美和品牌方关注截图+转发截图！\n\n必须关注品牌方，否则奖品不予发放；如遇无法私信图片的情况，等待我回复后即可发送图片。PS： \n\n因后台收信有时会出问题，以回复“已登记”为准，没有回复即表示私信未收到。\n\n过期视为自动放弃，不会补发；奖品30个工作日内发送，勿催哦~\n\n不发全，不回复。其他小伙伴请继续努力！')
2026-03-11 17:38:29,107|line:587| ('at: ', '爱玛电动车官方账号', '#一“玛”当先榜# 快来看看10月都是谁和爱玛酱互动最多呀~ 💕恭喜@小小Shaun 和@甘瑞凯拉莎 排行第一！这两位小玛达将会获得【爱玛随机周边×1】，请5天内私信爱玛酱领奖哟~[鼓掌] 以后也请继续单推我无敌可爱美少女爱玛酱呀嘿嘿！(●´З｀●)')
2026-03-11 17:38:29,107|line:587| ('at: ', '爱玛电动车官方账号', '')
2026-03-11 17:38:29,107|line:587| ('at: ', '海露滴眼液', '互动榜出炉啦')
2026-03-11 17:38:29,107|line:587| ('at: ', '和蔼可亲桃白白', '\u200b//@九号公司:\u200b恭喜@小小Shaun 中奖！后续记得查收私信哟～\u200b//@九号公司:#互动抽奖# 谢谢粒粒的复工礼！小九也来加个码~关注【@微粒贷+@九号公司 】并转发该动态，抽一位小可爱获得【100元京东卡】~ #供电局福利社# 10月31日抽出！')
2026-03-11 17:38:29,107|line:587| ('at: ', '望大家身体健康快乐', '\u200b//@九号公司:\u200b恭喜@小小Shaun 中奖！后续记得查收私信哟～\u200b//@九号公司 :#互动抽奖# 谢谢粒粒的复工礼！小九也来加个码~关注【@微粒贷+@九号公司 】并转发该动态，抽一位小可爱获得【100元京东卡】~ #供电局福利社# 10月31日抽出！')
2026-03-11 17:38:29,108|line:587| ('at: ', 'MoMA_Reona', '//@九号公司:\u200b恭喜@小小Shaun 中奖！后续记得查收私信哟～\u200b//@九号公司:#互动抽奖# 谢谢粒粒的复工礼！小九也来加个码~关注【@微粒贷+@九号公司 】并转发该动态，抽一位小可爱获得【100元京东卡】~ #供电局福利社# 10月31日抽出！')
2026-03-11 17:38:29,108|line:587| ('at: ', '摸鱼二队', '\u200b//@九号公司:\u200b恭喜@小小Shaun 中奖！后续记得查收私信哟～\u200b//@九号公司 :#互动抽奖# 谢谢粒粒的复工礼！小九也来加个码~关注【@微粒贷+@九号公司 】并转发该动态，抽一位小可爱获得【100元京东卡】~ #供电局福利社# 10月31日抽出！')
2026-03-11 17:38:29,108|line:587| ('at: ', '文少嘅一些事一些情', '\u200b//@九号公司:\u200b恭喜@小小Shaun 中奖！后续记得查收私信哟～\u200b//@九号公司 :#互动抽奖# 谢谢粒粒的复工礼！小九也来加个码~关注【@微粒贷+@九号公司 】并转发该动态，抽一位小可爱获得【100元京东卡】~ #供电局福利社# 10月31日抽出！')
2026-03-11 17:38:29,108|line:587| ('at: ', 'Carry队友的嘟嘟酱丶', '\u200b//@九号公司:\u200b恭喜@小小Shaun 中奖！后续记得查收私信哟～\u200b//@九号公司 :#互动抽奖# 谢谢粒粒的复工礼！小九也来加个码~关注【@微粒贷+@九号公司 】并转发该动态，抽一位小可爱获得【100元京东卡】~ #供电局福利社# 10月31日抽出！')
2026-03-11 17:38:29,108|line:587| ('at: ', '蛤蟆zero', '//@九号公司:\u200b恭喜@小小Shaun 中奖！后续记得查收私信哟～\u200b//@九号公司:#互动抽奖# 谢谢粒粒的复工礼！小九也来加个码~关注【@微粒贷+@九号公司 】并转发该动态，抽一位小可爱获得【100元京东卡】~ #供电局福利社# 10月31日抽出！c冲冲冲')
2026-03-11 17:38:29,108|line:587| ('at: ', '木而各子要吃笃栗子', '\u200b//@九号公司:\u200b恭喜@小小Shaun 中奖！后续记得查收私信哟～\u200b//@九号公司 :#互动抽奖# 谢谢粒粒的复工礼！小九也来加个码~关注【@微粒贷+@九号公司 】并转发该动态，抽一位小可爱获得【100元京东卡】~ #供电局福利社# 10月31日抽出！')
2026-03-11 17:38:29,108|line:587| ('at: ', '裙下愚臣情默默', '\u200b//@九号公司:\u200b恭喜@小小Shaun 中奖！后续记得查收私信哟～\u200b//@九号公司 :#互动抽奖# 谢谢粒粒的复工礼！小九也来加个码~关注【@微粒贷+@九号公司 】并转发该动态，抽一位小可爱获得【100元京东卡】~ #供电局福利社# 10月31日抽出！')
2026-03-11 17:38:29,108|line:587| ('at: ', '戊子毕宿', '')
