2026-04-16 17:25:11,893|line:232| processing article 47879901
2026-04-16 17:25:14,601|line:507| ==================================================2026-04-17 01:25==================================================
2026-04-16 17:25:14,601|line:232| processing article 47875129
2026-04-16 17:25:19,443|line:507| ==================================================2026-04-17 01:25==================================================
2026-04-16 17:25:19,443|line:232| processing article 47868856
2026-04-16 17:25:22,080|line:507| ==================================================2026-04-17 01:25==================================================
2026-04-16 17:25:22,080|line:232| processing article 47868770
2026-04-16 17:25:25,778|line:507| ==================================================2026-04-17 01:25==================================================
2026-04-16 17:25:25,778|line:232| processing article 47848380
2026-04-16 17:25:27,450|line:507| ==================================================2026-04-17 01:25==================================================
2026-04-16 17:25:27,450|line:232| processing article 47843008
2026-04-16 17:25:32,014|line:507| ==================================================2026-04-17 01:25==================================================
2026-04-16 17:25:32,014|line:519| https://t.bilibili.com/1191399878290309129
2026-04-16 17:25:35,455|line:341| =========此为源动态=========
2026-04-16 17:25:36,811|line:362| *********子动态开始*********
2026-04-16 17:25:36,812|line:381| *********子动态结束*********
2026-04-16 17:25:36,812|line:537| -=-=-=-=处理回最初的动态-=-=-=-=
2026-04-16 17:25:45,980|line:475| 转发成功 1191947677753933826
2026-04-16 17:25:49,436|line:494| 评论发送成功
2026-04-16 17:25:52,591|line:424| 647359920 === 已经关注了
2026-04-16 17:25:55,914|line:503| 动态-点赞 OK
2026-04-16 17:25:57,915|line:519| https://t.bilibili.com/1190766707721895939
2026-04-16 17:26:02,271|line:526| 官方 或 预约 OUT！
2026-04-16 17:26:02,271|line:519| https://t.bilibili.com/1191344634257735683
2026-04-16 17:26:05,634|line:341| =========此为源动态=========
2026-04-16 17:26:09,044|line:362| *********子动态开始*********
2026-04-16 17:26:09,045|line:381| *********子动态结束*********
2026-04-16 17:26:09,045|line:537| -=-=-=-=处理回最初的动态-=-=-=-=
2026-04-16 17:26:17,337|line:475| 转发成功 1191947815151992851
2026-04-16 17:26:20,865|line:494| 评论发送成功
2026-04-16 17:26:23,316|line:424| 1926487680 === 已经关注了
2026-04-16 17:26:26,694|line:503| 动态-点赞 OK
2026-04-16 17:26:28,695|line:519| https://t.bilibili.com/1189235214741667843
2026-04-16 17:26:32,996|line:341| =========此为源动态=========
2026-04-16 17:26:37,474|line:362| *********子动态开始*********
2026-04-16 17:26:37,474|line:381| *********子动态结束*********
2026-04-16 17:26:37,475|line:537| -=-=-=-=处理回最初的动态-=-=-=-=
2026-04-16 17:26:43,981|line:475| 转发成功 1191947926854696962
2026-04-16 17:26:47,390|line:494| 评论发送成功
2026-04-16 17:26:49,759|line:424| 198427927 === 已经关注了
2026-04-16 17:26:53,138|line:503| 动态-点赞 OK
2026-04-16 17:26:54,139|line:519| https://t.bilibili.com/1191427084753305623
2026-04-16 17:26:58,497|line:526| 官方 或 预约 OUT！
2026-04-16 17:26:58,497|line:519| https://t.bilibili.com/1188793097276882962
2026-04-16 17:26:59,839|line:526| 官方 或 预约 OUT！
2026-04-16 17:26:59,840|line:519| https://t.bilibili.com/1191351866961690644
2026-04-16 17:27:02,214|line:341| =========此为源动态=========
2026-04-16 17:27:06,730|line:362| *********子动态开始*********
2026-04-16 17:27:06,730|line:381| *********子动态结束*********
2026-04-16 17:27:06,730|line:537| -=-=-=-=处理回最初的动态-=-=-=-=
2026-04-16 17:27:17,039|line:475| 转发成功 1191948068591763481
2026-04-16 17:27:20,497|line:494| 评论发送成功
2026-04-16 17:27:26,290|line:436| 关注 ==== 1759308797 0
2026-04-16 17:27:29,662|line:503| 动态-点赞 OK
2026-04-16 17:27:32,663|line:519| https://t.bilibili.com/1191417726020616214
2026-04-16 17:27:37,018|line:341| =========此为源动态=========
2026-04-16 17:27:40,563|line:362| *********子动态开始*********
2026-04-16 17:27:40,564|line:381| *********子动态结束*********
2026-04-16 17:27:40,564|line:537| -=-=-=-=处理回最初的动态-=-=-=-=
2026-04-16 17:27:52,902|line:475| 转发成功 1191948223209537536
2026-04-16 17:27:56,321|line:494| 评论发送成功
2026-04-16 17:27:58,752|line:424| 574646988 === 已经关注了
2026-04-16 17:28:02,125|line:503| 动态-点赞 OK
2026-04-16 17:28:03,126|line:519| https://t.bilibili.com/1188792337065574407
2026-04-16 17:28:04,484|line:526| 官方 或 预约 OUT！
2026-04-16 17:28:04,485|line:519| https://t.bilibili.com/1190619691044831235
2026-04-16 17:28:05,839|line:341| =========此为源动态=========
2026-04-16 17:28:09,186|line:362| *********子动态开始*********
2026-04-16 17:28:09,187|line:381| *********子动态结束*********
2026-04-16 17:28:09,187|line:537| -=-=-=-=处理回最初的动态-=-=-=-=
2026-04-16 17:28:18,455|line:475| 转发成功 1191948334843035651
2026-04-16 17:28:21,668|line:203| post_Expecting value: line 1 column 1 (char 0)
2026-04-16 17:28:25,120|line:494| 评论发送成功
2026-04-16 17:28:27,549|line:424| 3493105997187935 === 已经关注了
2026-04-16 17:28:30,937|line:503| 动态-点赞 OK
2026-04-16 17:28:31,937|line:519| https://t.bilibili.com/1191353492598423569
2026-04-16 17:28:34,405|line:341| =========此为源动态=========
2026-04-16 17:28:35,794|line:362| *********子动态开始*********
2026-04-16 17:28:35,795|line:381| *********子动态结束*********
2026-04-16 17:28:35,795|line:537| -=-=-=-=处理回最初的动态-=-=-=-=
2026-04-16 17:28:48,046|line:475| 转发成功 1191948459439030292
2026-04-16 17:28:51,480|line:494| 评论发送成功
2026-04-16 17:28:53,931|line:424| 315523348 === 已经关注了
2026-04-16 17:28:57,311|line:503| 动态-点赞 OK
2026-04-16 17:28:59,312|line:519| https://t.bilibili.com/1191069421354876963
2026-04-16 17:29:03,678|line:341| =========此为源动态=========
2026-04-16 17:29:06,206|line:362| *********子动态开始*********
2026-04-16 17:29:06,206|line:381| *********子动态结束*********
2026-04-16 17:29:06,207|line:537| -=-=-=-=处理回最初的动态-=-=-=-=
2026-04-16 17:29:15,430|line:475| 转发成功 1191948579685531656
2026-04-16 17:29:18,909|line:494| 评论发送成功
2026-04-16 17:29:20,404|line:424| 1017906038 === 已经关注了
2026-04-16 17:29:23,804|line:503| 动态-点赞 OK
2026-04-16 17:29:25,804|line:519| https://t.bilibili.com/1191429043234275329
2026-04-16 17:29:29,179|line:341| =========此为源动态=========
2026-04-16 17:29:33,721|line:362| *********子动态开始*********
2026-04-16 17:29:33,721|line:381| *********子动态结束*********
2026-04-16 17:29:33,722|line:537| -=-=-=-=处理回最初的动态-=-=-=-=
2026-04-16 17:29:43,069|line:475| 转发成功 1191948695662231608
2026-04-16 17:29:46,512|line:494| 评论发送成功
2026-04-16 17:29:49,930|line:424| 2122458627 === 已经关注了
2026-04-16 17:29:53,260|line:503| 动态-点赞 OK
2026-04-16 17:29:55,260|line:519| https://t.bilibili.com/1191349672265908232
2026-04-16 17:29:59,609|line:526| 官方 或 预约 OUT！
2026-04-16 17:29:59,609|line:519| https://t.bilibili.com/1191467414474194946
2026-04-16 17:30:03,967|line:341| =========此为源动态=========
2026-04-16 17:30:07,529|line:362| *********子动态开始*********
2026-04-16 17:30:07,529|line:381| *********子动态结束*********
2026-04-16 17:30:07,529|line:537| -=-=-=-=处理回最初的动态-=-=-=-=
2026-04-16 17:30:16,928|line:475| 转发成功 1191948841646030854
2026-04-16 17:30:20,385|line:494| 评论发送成功
2026-04-16 17:30:24,809|line:424| 1366468120 === 已经关注了
2026-04-16 17:30:28,191|line:503| 动态-点赞 OK
2026-04-16 17:30:32,192|line:519| https://t.bilibili.com/1191392235390763012
2026-04-16 17:30:33,553|line:526| 官方 或 预约 OUT！
2026-04-16 17:30:33,554|line:519| https://t.bilibili.com/1191464657131405312
2026-04-16 17:30:37,916|line:341| =========此为源动态=========
2026-04-16 17:30:42,450|line:362| *********子动态开始*********
2026-04-16 17:30:42,450|line:381| *********子动态结束*********
2026-04-16 17:30:42,450|line:537| -=-=-=-=处理回最初的动态-=-=-=-=
2026-04-16 17:30:52,691|line:475| 转发成功 1191948996300505092
2026-04-16 17:30:56,153|line:494| 评论发送成功
2026-04-16 17:30:57,587|line:424| 137543719 === 已经关注了
2026-04-16 17:31:01,036|line:503| 动态-点赞 OK
2026-04-16 17:31:03,037|line:519| https://t.bilibili.com/1191457987043000320
2026-04-16 17:31:06,397|line:336| =========此为子动态=========
2026-04-16 17:31:10,859|line:387| *************原动态处理开始***************
2026-04-16 17:31:17,871|line:475| 转发成功 1191949103677833216
2026-04-16 17:31:21,280|line:494| 评论发送成功
2026-04-16 17:31:25,646|line:424| 3546740875594396 === 已经关注了
2026-04-16 17:31:28,973|line:503| 动态-点赞 OK
2026-04-16 17:31:28,973|line:396| *************原动态处理完成***************
2026-04-16 17:31:31,521|line:362| *********子动态开始*********
2026-04-16 17:31:46,740|line:475| 转发成功 1191949228200427526
2026-04-16 17:31:50,212|line:494| 评论发送成功
2026-04-16 17:31:55,939|line:424| 212395881 === 已经关注了
2026-04-16 17:31:55,939|line:376| ----完成一个子动态----
2026-04-16 17:32:03,290|line:475| 转发成功 1191949301231648777
2026-04-16 17:32:06,861|line:494| 评论发送成功
2026-04-16 17:32:12,579|line:424| 242136088 === 已经关注了
2026-04-16 17:32:12,579|line:376| ----完成一个子动态----
2026-04-16 17:32:18,935|line:475| 转发成功 1191949365675032576
2026-04-16 17:32:22,374|line:494| 评论发送成功
2026-04-16 17:32:27,177|line:424| 2091407755 === 已经关注了
2026-04-16 17:32:27,177|line:376| ----完成一个子动态----
2026-04-16 17:32:36,665|line:475| 转发成功 1191949442958229511
2026-04-16 17:32:40,138|line:494| 评论发送成功
2026-04-16 17:32:46,908|line:424| 627553716 === 已经关注了
2026-04-16 17:32:46,908|line:376| ----完成一个子动态----
2026-04-16 17:32:59,250|line:475| 转发成功 1191949541758205957
2026-04-16 17:33:02,652|line:494| 评论发送成功
2026-04-16 17:33:07,416|line:424| 1864084681 === 已经关注了
2026-04-16 17:33:07,416|line:376| ----完成一个子动态----
2026-04-16 17:33:23,618|line:475| 转发成功 1191949644842663941
2026-04-16 17:33:27,095|line:494| 评论发送成功
2026-04-16 17:33:32,947|line:424| 545530779 === 已经关注了
2026-04-16 17:33:32,948|line:376| ----完成一个子动态----
2026-04-16 17:33:54,919|line:475| 转发成功 1191949777943658503
2026-04-16 17:33:58,409|line:494| 评论发送成功
2026-04-16 17:34:05,280|line:424| 505670427 === 已经关注了
2026-04-16 17:34:05,281|line:376| ----完成一个子动态----
2026-04-16 17:34:16,589|line:475| 转发成功 1191949872479076355
2026-04-16 17:34:20,058|line:494| 评论发送成功
2026-04-16 17:34:23,830|line:424| 346469145 === 已经关注了
2026-04-16 17:34:23,830|line:376| ----完成一个子动态----
2026-04-16 17:34:34,075|line:475| 转发成功 1191949945466257447
2026-04-16 17:34:37,528|line:494| 评论发送成功
2026-04-16 17:34:45,234|line:424| 88751999 === 已经关注了
2026-04-16 17:34:45,235|line:376| ----完成一个子动态----
2026-04-16 17:35:01,373|line:475| 转发成功 1191950065722195974
2026-04-16 17:35:04,839|line:494| 评论发送成功
2026-04-16 17:35:09,581|line:424| 343470950 === 已经关注了
2026-04-16 17:35:09,581|line:376| ----完成一个子动态----
2026-04-16 17:35:37,750|line:475| 转发成功 1191950220380864531
2026-04-16 17:35:41,204|line:494| 评论发送成功
2026-04-16 17:35:48,130|line:424| 35123204 === 已经关注了
2026-04-16 17:35:48,130|line:376| ----完成一个子动态----
2026-04-16 17:35:54,006|line:381| *********子动态结束*********
2026-04-16 17:35:58,007|line:519| https://t.bilibili.com/1188505205585477680
2026-04-16 17:35:58,007|line:521| 已有
2026-04-16 17:35:58,007|line:519| https://t.bilibili.com/1191201538848063494
2026-04-16 17:36:02,378|line:341| =========此为源动态=========
2026-04-16 17:36:04,916|line:362| *********子动态开始*********
2026-04-16 17:36:04,917|line:381| *********子动态结束*********
2026-04-16 17:36:04,917|line:537| -=-=-=-=处理回最初的动态-=-=-=-=
2026-04-16 17:36:14,351|line:475| 转发成功 1191950379233837061
2026-04-16 17:36:17,725|line:548| 'NoneType' object is not subscriptable
2026-04-16 17:36:17,725|line:549| error line:541
2026-04-16 17:36:19,726|line:519| https://t.bilibili.com/1191446263902502917
2026-04-16 17:36:23,029|line:341| =========此为源动态=========
2026-04-16 17:36:25,637|line:362| *********子动态开始*********
2026-04-16 17:36:25,637|line:381| *********子动态结束*********
2026-04-16 17:36:25,637|line:537| -=-=-=-=处理回最初的动态-=-=-=-=
2026-04-16 17:36:32,794|line:475| 转发成功 1191950456560025618
2026-04-16 17:36:36,285|line:494| 评论发送成功
2026-04-16 17:36:37,742|line:424| 434978041 === 已经关注了
2026-04-16 17:36:41,126|line:503| 动态-点赞 OK
2026-04-16 17:36:43,126|line:519| https://t.bilibili.com/1187066644948582422
2026-04-16 17:36:43,127|line:521| 已有
2026-04-16 17:36:43,127|line:519| https://t.bilibili.com/1191084114435899400
2026-04-16 17:36:46,533|line:526| 官方 或 预约 OUT！
2026-04-16 17:36:46,533|line:519| https://t.bilibili.com/1191481059592634371
2026-04-16 17:36:50,893|line:526| 官方 或 预约 OUT！
2026-04-16 17:36:50,893|line:519| https://t.bilibili.com/1191399878270386179
2026-04-16 17:36:53,231|line:341| =========此为源动态=========
2026-04-16 17:36:54,622|line:362| *********子动态开始*********
2026-04-16 17:36:54,623|line:381| *********子动态结束*********
2026-04-16 17:36:54,623|line:537| -=-=-=-=处理回最初的动态-=-=-=-=
2026-04-16 17:37:02,929|line:475| 转发成功 1191950585395412995
2026-04-16 17:37:06,388|line:494| 评论发送成功
2026-04-16 17:37:08,825|line:424| 9535164 === 已经关注了
2026-04-16 17:37:12,204|line:503| 动态-点赞 OK
2026-04-16 17:37:13,205|line:519| https://t.bilibili.com/1191504303979757571
2026-04-16 17:37:16,559|line:526| 官方 或 预约 OUT！
2026-04-16 17:37:16,560|line:519| https://t.bilibili.com/1180367238999310344
2026-04-16 17:37:16,560|line:521| 已有
2026-04-16 17:37:16,560|line:519| https://t.bilibili.com/1191343337192292386
2026-04-16 17:37:19,918|line:341| =========此为源动态=========
2026-04-16 17:37:22,288|line:362| *********子动态开始*********
2026-04-16 17:37:22,289|line:381| *********子动态结束*********
2026-04-16 17:37:22,289|line:537| -=-=-=-=处理回最初的动态-=-=-=-=
2026-04-16 17:37:34,471|line:475| 转发成功 1191950722847997953
2026-04-16 17:37:37,912|line:494| 评论发送成功
2026-04-16 17:37:41,338|line:424| 3494362388367705 === 已经关注了
2026-04-16 17:37:44,660|line:503| 动态-点赞 OK
2026-04-16 17:37:47,661|line:519| https://t.bilibili.com/1191435094880944134
2026-04-16 17:37:51,992|line:341| =========此为源动态=========
2026-04-16 17:37:56,378|line:362| *********子动态开始*********
2026-04-16 17:37:56,378|line:381| *********子动态结束*********
2026-04-16 17:37:56,379|line:537| -=-=-=-=处理回最初的动态-=-=-=-=
2026-04-16 17:38:06,638|line:475| 转发成功 1191950860333088790
2026-04-16 17:38:10,086|line:494| 评论发送成功
2026-04-16 17:38:14,466|line:424| 228323941 === 已经关注了
2026-04-16 17:38:17,785|line:503| 动态-点赞 OK
2026-04-16 17:38:21,786|line:519| https://t.bilibili.com/1191398059337056272
2026-04-16 17:38:23,228|line:336| =========此为子动态=========
2026-04-16 17:38:27,628|line:387| *************原动态处理开始***************
2026-04-16 17:38:34,434|line:475| 转发成功 1191950980529258505
2026-04-16 17:38:37,890|line:494| 评论发送成功
2026-04-16 17:38:40,389|line:424| 1719393819 === 已经关注了
2026-04-16 17:38:43,764|line:503| 动态-点赞 OK
2026-04-16 17:38:43,764|line:396| *************原动态处理完成***************
2026-04-16 17:38:48,315|line:362| *********子动态开始*********
2026-04-16 17:38:59,697|line:475| 转发成功 1191951087963209736
2026-04-16 17:39:03,056|line:494| 评论发送成功
2026-04-16 17:39:07,864|line:424| 1567835994 === 已经关注了
2026-04-16 17:39:07,864|line:376| ----完成一个子动态----
2026-04-16 17:39:18,226|line:475| 转发成功 1191951169521451010
2026-04-16 17:39:21,674|line:494| 评论发送成功
2026-04-16 17:39:30,464|line:424| 1521701206 === 已经关注了
2026-04-16 17:39:30,464|line:376| ----完成一个子动态----
2026-04-16 17:39:38,804|line:475| 转发成功 1191951255449108496
2026-04-16 17:39:42,323|line:494| 评论发送成功
2026-04-16 17:39:47,125|line:424| 434978041 === 已经关注了
2026-04-16 17:39:47,126|line:376| ----完成一个子动态----
2026-04-16 17:39:56,443|line:475| 转发成功 1191951332719722499
2026-04-16 17:39:59,912|line:494| 评论发送成功
2026-04-16 17:40:06,709|line:424| 505670427 === 已经关注了
2026-04-16 17:40:06,709|line:376| ----完成一个子动态----
2026-04-16 17:40:14,003|line:475| 转发成功 1191951405762478088
2026-04-16 17:40:17,468|line:494| 评论发送成功
2026-04-16 17:40:23,248|line:424| 212395881 === 已经关注了
2026-04-16 17:40:23,249|line:376| ----完成一个子动态----
2026-04-16 17:40:31,634|line:475| 转发成功 1191951483080278056
2026-04-16 17:40:35,093|line:494| 评论发送成功
2026-04-16 17:40:42,879|line:424| 1845213301 === 已经关注了
2026-04-16 17:40:42,879|line:376| ----完成一个子动态----
2026-04-16 17:40:52,281|line:475| 转发成功 1191951573264105473
2026-04-16 17:40:55,700|line:494| 评论发送成功
2026-04-16 17:41:02,536|line:424| 1681276938 === 已经关注了
2026-04-16 17:41:02,537|line:376| ----完成一个子动态----
2026-04-16 17:41:11,924|line:475| 转发成功 1191951654893649937
2026-04-16 17:41:15,384|line:494| 评论发送成功
2026-04-16 17:41:22,174|line:424| 571307144 === 已经关注了
2026-04-16 17:41:22,174|line:376| ----完成一个子动态----
2026-04-16 17:41:22,174|line:381| *********子动态结束*********
2026-04-16 17:41:26,175|line:519| https://t.bilibili.com/1191453713524326417
2026-04-16 17:41:26,175|line:521| 已有
2026-04-16 17:41:26,175|line:519| https://t.bilibili.com/1191424713939746822
2026-04-16 17:41:28,663|line:341| =========此为源动态=========
2026-04-16 17:41:31,184|line:362| *********子动态开始*********
2026-04-16 17:41:31,184|line:381| *********子动态结束*********
2026-04-16 17:41:31,184|line:537| -=-=-=-=处理回最初的动态-=-=-=-=
2026-04-16 17:41:39,492|line:475| 转发成功 1191951775146442755
2026-04-16 17:41:42,963|line:494| 评论发送成功
2026-04-16 17:41:46,388|line:424| 386837540 === 已经关注了
2026-04-16 17:41:49,760|line:503| 动态-点赞 OK
2026-04-16 17:41:51,761|line:519| https://t.bilibili.com/1186915932401827856
2026-04-16 17:41:56,109|line:341| =========此为源动态=========
2026-04-16 17:41:57,509|line:362| *********子动态开始*********
2026-04-16 17:41:57,509|line:381| *********子动态结束*********
2026-04-16 17:41:57,509|line:537| -=-=-=-=处理回最初的动态-=-=-=-=
2026-04-16 17:42:04,766|line:475| 转发成功 1191951882489167881
2026-04-16 17:42:08,184|line:494| 评论发送成功
2026-04-16 17:42:09,561|line:424| 323060342 === 已经关注了
2026-04-16 17:42:12,937|line:503| 动态-点赞 OK
2026-04-16 17:42:15,937|line:519| https://t.bilibili.com/1191152488188739587
2026-04-16 17:42:17,278|line:341| =========此为源动态=========
2026-04-16 17:42:21,823|line:362| *********子动态开始*********
2026-04-16 17:42:21,823|line:381| *********子动态结束*********
2026-04-16 17:42:21,824|line:537| -=-=-=-=处理回最初的动态-=-=-=-=
2026-04-16 17:42:32,298|line:475| 转发成功 1191952002741960707
2026-04-16 17:42:35,749|line:494| 评论发送成功
2026-04-16 17:42:43,586|line:436| 关注 ==== 3691001176656024 0
2026-04-16 17:42:46,964|line:503| 动态-点赞 OK
2026-04-16 17:42:50,964|line:519| https://t.bilibili.com/1191453301225291797
2026-04-16 17:42:52,349|line:341| =========此为源动态=========
2026-04-16 17:42:53,903|line:362| *********子动态开始*********
2026-04-16 17:42:53,903|line:381| *********子动态结束*********
2026-04-16 17:42:53,903|line:537| -=-=-=-=处理回最初的动态-=-=-=-=
2026-04-16 17:43:04,321|line:475| 转发成功 1191952140172525575
2026-04-16 17:43:07,803|line:494| 评论发送成功
2026-04-16 17:43:12,235|line:424| 41274918 === 已经关注了
2026-04-16 17:43:15,557|line:503| 动态-点赞 OK
2026-04-16 17:43:18,558|line:519| https://t.bilibili.com/1191399678585864199
2026-04-16 17:43:20,903|line:341| =========此为源动态=========
2026-04-16 17:43:25,230|line:362| *********子动态开始*********
2026-04-16 17:43:25,230|line:381| *********子动态结束*********
2026-04-16 17:43:25,230|line:537| -=-=-=-=处理回最初的动态-=-=-=-=
2026-04-16 17:43:33,536|line:475| 转发成功 1191952264783200265
2026-04-16 17:43:37,006|line:494| 评论发送成功
2026-04-16 17:43:40,433|line:424| 1930420310 === 已经关注了
2026-04-16 17:43:43,758|line:503| 动态-点赞 OK
2026-04-16 17:43:47,759|line:519| https://t.bilibili.com/1191421423987458056
2026-04-16 17:43:51,174|line:526| 官方 或 预约 OUT！
2026-04-16 17:43:51,174|line:519| https://t.bilibili.com/1191143062877765640
2026-04-16 17:43:52,591|line:341| =========此为源动态=========
2026-04-16 17:43:55,186|line:362| *********子动态开始*********
2026-04-16 17:43:55,186|line:381| *********子动态结束*********
2026-04-16 17:43:55,186|line:537| -=-=-=-=处理回最初的动态-=-=-=-=
2026-04-16 17:44:02,756|line:475| 转发成功 1191952389341446150
2026-04-16 17:44:06,128|line:548| 'NoneType' object is not subscriptable
2026-04-16 17:44:06,128|line:549| error line:541
2026-04-16 17:44:09,129|line:519| https://t.bilibili.com/1186132094461411334
2026-04-16 17:44:11,493|line:526| 官方 或 预约 OUT！
2026-04-16 17:44:11,493|line:519| https://t.bilibili.com/1191499532252217394
2026-04-16 17:44:15,792|line:526| 官方 或 预约 OUT！
2026-04-16 17:44:15,793|line:519| https://t.bilibili.com/1191399878272483330
2026-04-16 17:44:19,191|line:341| =========此为源动态=========
2026-04-16 17:44:22,577|line:362| *********子动态开始*********
2026-04-16 17:44:22,577|line:381| *********子动态结束*********
2026-04-16 17:44:22,578|line:537| -=-=-=-=处理回最初的动态-=-=-=-=
2026-04-16 17:44:31,824|line:475| 转发成功 1191952513893400581
2026-04-16 17:44:35,257|line:494| 评论发送成功
2026-04-16 17:44:36,689|line:424| 3546892633901313 === 已经关注了
2026-04-16 17:44:40,076|line:503| 动态-点赞 OK
2026-04-16 17:44:42,077|line:519| https://t.bilibili.com/1191452601145622551
2026-04-16 17:44:45,503|line:336| =========此为子动态=========
2026-04-16 17:44:49,953|line:400| *************原动态已存在***************
2026-04-16 17:44:53,485|line:362| *********子动态开始*********
2026-04-16 17:45:33,368|line:381| *********子动态结束*********
2026-04-16 17:45:33,368|line:537| -=-=-=-=处理回最初的动态-=-=-=-=
2026-04-16 17:45:42,764|line:475| 转发成功 1191952818817204225
2026-04-16 17:45:46,168|line:494| 评论发送成功
2026-04-16 17:45:49,641|line:424| 1494786563 === 已经关注了
2026-04-16 17:45:53,011|line:503| 动态-点赞 OK
2026-04-16 17:45:56,011|line:519| https://t.bilibili.com/1191461725815177252
2026-04-16 17:45:57,371|line:341| =========此为源动态=========
2026-04-16 17:46:00,798|line:362| *********子动态开始*********
2026-04-16 17:46:00,799|line:381| *********子动态结束*********
2026-04-16 17:46:00,799|line:537| -=-=-=-=处理回最初的动态-=-=-=-=
2026-04-16 17:46:10,065|line:475| 转发成功 1191952934744621092
2026-04-16 17:46:13,469|line:494| 评论发送成功
2026-04-16 17:46:17,914|line:424| 1094015124 === 已经关注了
2026-04-16 17:46:21,315|line:503| 动态-点赞 OK
2026-04-16 17:46:22,316|line:519| https://t.bilibili.com/1191411700165771267
2026-04-16 17:46:26,675|line:336| =========此为子动态=========
2026-04-16 17:46:28,098|line:400| *************原动态已存在***************
2026-04-16 17:46:31,630|line:362| *********子动态开始*********
2026-04-16 17:46:41,013|line:475| 转发成功 1191953067914821635
2026-04-16 17:46:44,479|line:494| 评论发送成功
2026-04-16 17:46:53,291|line:424| 343470950 === 已经关注了
2026-04-16 17:46:53,291|line:376| ----完成一个子动态----
2026-04-16 17:47:05,601|line:475| 转发成功 1191953175271178245
2026-04-16 17:47:09,074|line:494| 评论发送成功
2026-04-16 17:47:16,828|line:424| 432158620 === 已经关注了
2026-04-16 17:47:16,828|line:376| ----完成一个子动态----
2026-04-16 17:47:16,829|line:381| *********子动态结束*********
2026-04-16 17:47:18,829|line:519| https://t.bilibili.com/1191367230080679960
2026-04-16 17:47:23,191|line:341| =========此为源动态=========
2026-04-16 17:47:26,572|line:362| *********子动态开始*********
2026-04-16 17:47:26,573|line:381| *********子动态结束*********
2026-04-16 17:47:26,573|line:537| -=-=-=-=处理回最初的动态-=-=-=-=
2026-04-16 17:47:37,844|line:475| 转发成功 1191953312755220485
2026-04-16 17:47:41,271|line:494| 评论发送成功
2026-04-16 17:47:42,664|line:424| 20467627 === 已经关注了
2026-04-16 17:47:46,169|line:503| 动态-点赞 OK
2026-04-16 17:47:47,170|line:519| https://t.bilibili.com/1191463014311657472
2026-04-16 17:47:49,523|line:341| =========此为源动态=========
2026-04-16 17:47:51,940|line:362| *********子动态开始*********
2026-04-16 17:47:51,941|line:381| *********子动态结束*********
2026-04-16 17:47:51,941|line:537| -=-=-=-=处理回最初的动态-=-=-=-=
2026-04-16 17:48:00,118|line:475| 转发成功 1191953407215140881
2026-04-16 17:48:03,519|line:494| 评论发送成功
2026-04-16 17:48:05,899|line:424| 172085 === 已经关注了
2026-04-16 17:48:09,278|line:503| 动态-点赞 OK
2026-04-16 17:48:10,279|line:519| https://t.bilibili.com/1185563896055857171
2026-04-16 17:48:11,636|line:526| 官方 或 预约 OUT！
2026-04-16 17:48:11,636|line:519| https://t.bilibili.com/1191452446549868597
2026-04-16 17:48:11,636|line:521| 已有
2026-04-16 17:48:11,636|line:519| https://t.bilibili.com/1191440308931395607
2026-04-16 17:48:13,999|line:341| =========此为源动态=========
2026-04-16 17:48:18,384|line:362| *********子动态开始*********
2026-04-16 17:48:18,385|line:381| *********子动态结束*********
2026-04-16 17:48:18,385|line:537| -=-=-=-=处理回最初的动态-=-=-=-=
2026-04-16 17:48:25,671|line:475| 转发成功 1191953518909456389
2026-04-16 17:48:29,117|line:494| 评论发送成功
2026-04-16 17:48:33,485|line:424| 1863894913 === 已经关注了
2026-04-16 17:48:36,933|line:503| 动态-点赞 OK
2026-04-16 17:48:38,933|line:519| https://t.bilibili.com/1191458949106237444
2026-04-16 17:48:42,377|line:336| =========此为子动态=========
2026-04-16 17:48:46,913|line:400| *************原动态已存在***************
2026-04-16 17:48:51,443|line:362| *********子动态开始*********
2026-04-16 17:49:24,196|line:475| 转发成功 1191953767965130757
2026-04-16 17:49:27,610|line:494| 评论发送成功
2026-04-16 17:49:36,387|line:424| 493230543 === 已经关注了
2026-04-16 17:49:36,387|line:376| ----完成一个子动态----
2026-04-16 17:50:00,005|line:381| *********子动态结束*********
2026-04-16 17:50:03,006|line:519| https://t.bilibili.com/1191363824180002818
2026-04-16 17:50:07,362|line:341| =========此为源动态=========
2026-04-16 17:50:11,908|line:362| *********子动态开始*********
2026-04-16 17:50:11,909|line:381| *********子动态结束*********
2026-04-16 17:50:11,909|line:537| -=-=-=-=处理回最初的动态-=-=-=-=
2026-04-16 17:50:22,196|line:475| 转发成功 1191954021383929865
2026-04-16 17:50:25,634|line:494| 评论发送成功
2026-04-16 17:50:33,483|line:436| 关注 ==== 36315869 0
2026-04-16 17:50:36,864|line:503| 动态-点赞 OK
2026-04-16 17:50:40,865|line:519| https://t.bilibili.com/1191344496831365129
2026-04-16 17:50:42,206|line:341| =========此为源动态=========
2026-04-16 17:50:43,874|line:362| *********子动态开始*********
2026-04-16 17:50:43,874|line:381| *********子动态结束*********
2026-04-16 17:50:43,874|line:537| -=-=-=-=处理回最初的动态-=-=-=-=
2026-04-16 17:50:53,255|line:475| 转发成功 1191954154549936137
2026-04-16 17:50:56,660|line:494| 评论发送成功
2026-04-16 17:50:58,077|line:424| 1863894913 === 已经关注了
2026-04-16 17:51:01,522|line:503| 动态-点赞 OK
2026-04-16 17:51:04,523|line:519| https://t.bilibili.com/1176241562153123847
2026-04-16 17:51:08,943|line:526| 官方 或 预约 OUT！
2026-04-16 17:51:08,944|line:519| https://t.bilibili.com/1191461725788962836
2026-04-16 17:51:10,271|line:341| =========此为源动态=========
2026-04-16 17:51:13,792|line:362| *********子动态开始*********
2026-04-16 17:51:13,792|line:381| *********子动态结束*********
2026-04-16 17:51:13,793|line:537| -=-=-=-=处理回最初的动态-=-=-=-=
2026-04-16 17:51:24,984|line:475| 转发成功 1191954287702310930
2026-04-16 17:51:28,391|line:494| 评论发送成功
2026-04-16 17:51:29,796|line:424| 399259929 === 已经关注了
2026-04-16 17:51:33,173|line:503| 动态-点赞 OK
2026-04-16 17:51:36,174|line:519| https://t.bilibili.com/1191330018508144662
2026-04-16 17:51:38,473|line:341| =========此为源动态=========
2026-04-16 17:51:41,018|line:362| *********子动态开始*********
2026-04-16 17:51:41,018|line:381| *********子动态结束*********
2026-04-16 17:51:41,018|line:537| -=-=-=-=处理回最初的动态-=-=-=-=
2026-04-16 17:51:50,324|line:475| 转发成功 1191954399374606339
2026-04-16 17:51:53,803|line:494| 评论发送成功
2026-04-16 17:51:58,226|line:424| 432158620 === 已经关注了
2026-04-16 17:52:01,724|line:503| 动态-点赞 OK
2026-04-16 17:52:05,724|line:519| https://t.bilibili.com/1191474857682927623
2026-04-16 17:52:08,085|line:526| 官方 或 预约 OUT！
2026-04-16 17:52:08,085|line:519| https://t.bilibili.com/1191486497012842496
2026-04-16 17:52:08,085|line:521| 已有
2026-04-16 17:52:08,085|line:519| https://t.bilibili.com/1178439198159405058
2026-04-16 17:52:12,436|line:526| 官方 或 预约 OUT！
2026-04-16 17:52:12,437|line:519| https://t.bilibili.com/1191446263910891522
2026-04-16 17:52:14,792|line:341| =========此为源动态=========
2026-04-16 17:52:16,129|line:362| *********子动态开始*********
2026-04-16 17:52:16,129|line:381| *********子动态结束*********
2026-04-16 17:52:16,129|line:537| -=-=-=-=处理回最初的动态-=-=-=-=
2026-04-16 17:52:24,386|line:475| 转发成功 1191954545410834441
2026-04-16 17:52:27,844|line:494| 评论发送成功
2026-04-16 17:52:30,277|line:424| 9535164 === 已经关注了
2026-04-16 17:52:33,650|line:503| 动态-点赞 OK
2026-04-16 17:52:34,650|line:519| https://t.bilibili.com/1191448220250669072
2026-04-16 17:52:39,033|line:341| =========此为源动态=========
2026-04-16 17:52:43,361|line:362| *********子动态开始*********
2026-04-16 17:52:43,362|line:381| *********子动态结束*********
2026-04-16 17:52:43,362|line:537| -=-=-=-=处理回最初的动态-=-=-=-=
2026-04-16 17:52:55,644|line:475| 转发成功 1191954678559014934
2026-04-16 17:52:59,135|line:494| 评论发送成功
2026-04-16 17:53:01,570|line:424| 386615477 === 已经关注了
2026-04-16 17:53:04,998|line:503| 动态-点赞 OK
2026-04-16 17:53:06,999|line:519| https://t.bilibili.com/1191361223591985171
2026-04-16 17:53:11,368|line:341| =========此为源动态=========
2026-04-16 17:53:15,961|line:362| *********子动态开始*********
2026-04-16 17:53:15,962|line:381| *********子动态结束*********
2026-04-16 17:53:15,962|line:537| -=-=-=-=处理回最初的动态-=-=-=-=
2026-04-16 17:53:24,237|line:475| 转发成功 1191954803062734857
2026-04-16 17:53:27,699|line:494| 评论发送成功
2026-04-16 17:53:29,119|line:424| 9535164 === 已经关注了
2026-04-16 17:53:32,447|line:503| 动态-点赞 OK
2026-04-16 17:53:34,448|line:519| https://t.bilibili.com/1191450389235367937
2026-04-16 17:53:34,448|line:521| 已有
2026-04-16 17:53:34,448|line:519| https://t.bilibili.com/1191184887217913875
2026-04-16 17:53:37,797|line:341| =========此为源动态=========
2026-04-16 17:53:39,167|line:362| *********子动态开始*********
2026-04-16 17:53:39,168|line:381| *********子动态结束*********
2026-04-16 17:53:39,168|line:537| -=-=-=-=处理回最初的动态-=-=-=-=
2026-04-16 17:53:49,451|line:475| 转发成功 1191954910467325952
2026-04-16 17:53:52,949|line:494| 评论发送成功
2026-04-16 17:53:56,377|line:424| 108766164 === 已经关注了
2026-04-16 17:53:59,753|line:503| 动态-点赞 OK
2026-04-16 17:54:02,753|line:519| https://t.bilibili.com/1191430456304730121
2026-04-16 17:54:06,182|line:341| =========此为源动态=========
2026-04-16 17:54:09,754|line:362| *********子动态开始*********
2026-04-16 17:54:09,755|line:381| *********子动态结束*********
2026-04-16 17:54:09,755|line:537| -=-=-=-=处理回最初的动态-=-=-=-=
2026-04-16 17:54:20,117|line:475| 转发成功 1191955039309004819
2026-04-16 17:54:23,580|line:494| 评论发送成功
2026-04-16 17:54:27,006|line:424| 100680137 === 已经关注了
2026-04-16 17:54:30,333|line:503| 动态-点赞 OK
2026-04-16 17:54:34,333|line:519| https://t.bilibili.com/1191476249229262849
2026-04-16 17:54:37,651|line:526| 官方 或 预约 OUT！
2026-04-16 17:54:37,651|line:519| https://t.bilibili.com/1191356015900098581
2026-04-16 17:54:39,008|line:526| 官方 或 预约 OUT！
2026-04-16 17:54:39,009|line:519| https://t.bilibili.com/1191338030765441032
2026-04-16 17:54:41,380|line:341| =========此为源动态=========
2026-04-16 17:54:43,971|line:362| *********子动态开始*********
2026-04-16 17:54:53,492|line:475| 转发成功 1191955185326358528
2026-04-16 17:54:56,943|line:494| 评论发送成功
2026-04-16 17:55:03,875|line:424| 396808737 === 已经关注了
2026-04-16 17:55:03,875|line:376| ----完成一个子动态----
2026-04-16 17:55:03,876|line:381| *********子动态结束*********
2026-04-16 17:55:03,876|line:537| -=-=-=-=处理回最初的动态-=-=-=-=
2026-04-16 17:55:13,181|line:475| 转发成功 1191955266922348553
2026-04-16 17:55:16,626|line:494| 评论发送成功
2026-04-16 17:55:21,013|line:424| 1750535730 === 已经关注了
2026-04-16 17:55:24,387|line:503| 动态-点赞 OK
2026-04-16 17:55:28,388|line:519| https://t.bilibili.com/1191434261612199938
2026-04-16 17:55:32,792|line:526| 官方 或 预约 OUT！
2026-04-16 17:55:32,792|line:519| https://t.bilibili.com/1191392978424299525
2026-04-16 17:55:32,792|line:521| 已有
2026-04-16 17:55:32,792|line:519| https://t.bilibili.com/1191468475359428610
2026-04-16 17:55:36,147|line:526| 官方 或 预约 OUT！
2026-04-16 17:55:36,147|line:519| https://t.bilibili.com/1191330299824308230
2026-04-16 17:55:40,442|line:341| =========此为源动态=========
2026-04-16 17:55:42,983|line:362| *********子动态开始*********
2026-04-16 17:55:42,984|line:381| *********子动态结束*********
2026-04-16 17:55:42,984|line:537| -=-=-=-=处理回最初的动态-=-=-=-=
2026-04-16 17:55:54,325|line:475| 转发成功 1191955447349772313
2026-04-16 17:55:57,864|line:494| 评论发送成功
2026-04-16 17:56:00,296|line:424| 9535164 === 已经关注了
2026-04-16 17:56:03,627|line:503| 动态-点赞 OK
2026-04-16 17:56:06,628|line:519| https://t.bilibili.com/1191345761697136641
2026-04-16 17:56:07,986|line:341| =========此为源动态=========
2026-04-16 17:56:11,511|line:362| *********子动态开始*********
2026-04-16 17:56:11,511|line:381| *********子动态结束*********
2026-04-16 17:56:11,511|line:537| -=-=-=-=处理回最初的动态-=-=-=-=
2026-04-16 17:56:23,853|line:475| 转发成功 1191955571857686565
2026-04-16 17:56:27,295|line:494| 评论发送成功
2026-04-16 17:56:28,717|line:424| 9535164 === 已经关注了
2026-04-16 17:56:32,044|line:503| 动态-点赞 OK
2026-04-16 17:56:34,045|line:519| https://t.bilibili.com/1191410596377001993
2026-04-16 17:56:38,403|line:341| =========此为源动态=========
2026-04-16 17:56:41,777|line:362| *********子动态开始*********
2026-04-16 17:56:41,777|line:381| *********子动态结束*********
2026-04-16 17:56:41,778|line:537| -=-=-=-=处理回最初的动态-=-=-=-=
2026-04-16 17:56:51,072|line:475| 转发成功 1191955687816560665
2026-04-16 17:56:54,539|line:494| 评论发送成功
2026-04-16 17:56:56,974|line:424| 630815423 === 已经关注了
2026-04-16 17:57:00,411|line:503| 动态-点赞 OK
2026-04-16 17:57:04,411|line:519| https://t.bilibili.com/1189606299940159523
2026-04-16 17:57:07,721|line:341| =========此为源动态=========
2026-04-16 17:57:09,137|line:362| *********子动态开始*********
2026-04-16 17:57:09,137|line:381| *********子动态结束*********
2026-04-16 17:57:09,137|line:537| -=-=-=-=处理回最初的动态-=-=-=-=
2026-04-16 17:57:18,442|line:475| 转发成功 1191955808125976584
2026-04-16 17:57:21,901|line:494| 评论发送成功
2026-04-16 17:57:26,325|line:424| 198427927 === 已经关注了
2026-04-16 17:57:29,706|line:503| 动态-点赞 OK
2026-04-16 17:57:30,706|line:519| https://t.bilibili.com/1191449826620866578
2026-04-16 17:57:34,058|line:341| =========此为源动态=========
2026-04-16 17:57:38,442|line:362| *********子动态开始*********
2026-04-16 17:57:38,442|line:381| *********子动态结束*********
2026-04-16 17:57:38,442|line:537| -=-=-=-=处理回最初的动态-=-=-=-=
2026-04-16 17:57:47,701|line:475| 转发成功 1191955932637036547
2026-04-16 17:57:51,157|line:494| 评论发送成功
2026-04-16 17:57:55,964|line:436| 关注 ==== 1431814328 0
2026-04-16 17:57:59,317|line:503| 动态-点赞 OK
2026-04-16 17:58:02,318|line:519| https://t.bilibili.com/1191399878303940625
2026-04-16 17:58:06,707|line:341| =========此为源动态=========
2026-04-16 17:58:08,082|line:362| *********子动态开始*********
2026-04-16 17:58:08,082|line:381| *********子动态结束*********
2026-04-16 17:58:08,082|line:537| -=-=-=-=处理回最初的动态-=-=-=-=
2026-04-16 17:58:17,590|line:475| 转发成功 1191956061502832657
2026-04-16 17:58:21,050|line:494| 评论发送成功
2026-04-16 17:58:24,536|line:424| 1310714247 === 已经关注了
2026-04-16 17:58:27,919|line:503| 动态-点赞 OK
2026-04-16 17:58:30,919|line:519| https://t.bilibili.com/1191477187662839808
2026-04-16 17:58:35,277|line:341| =========此为源动态=========
2026-04-16 17:58:37,693|line:362| *********子动态开始*********
2026-04-16 17:58:37,694|line:381| *********子动态结束*********
2026-04-16 17:58:37,694|line:537| -=-=-=-=处理回最初的动态-=-=-=-=
2026-04-16 17:58:49,980|line:475| 转发成功 1191956198957514756
2026-04-16 17:58:53,380|line:494| 评论发送成功
2026-04-16 17:58:57,810|line:424| 3850213 === 已经关注了
2026-04-16 17:59:01,188|line:503| 动态-点赞 OK
2026-04-16 17:59:04,189|line:519| https://t.bilibili.com/1191487572938850320
2026-04-16 17:59:05,540|line:526| 官方 或 预约 OUT！
2026-04-16 17:59:05,541|line:519| https://t.bilibili.com/1191453994871947272
2026-04-16 17:59:07,889|line:341| =========此为源动态=========
2026-04-16 17:59:10,237|line:362| *********子动态开始*********
2026-04-16 17:59:10,237|line:381| *********子动态结束*********
2026-04-16 17:59:10,238|line:537| -=-=-=-=处理回最初的动态-=-=-=-=
2026-04-16 17:59:17,551|line:475| 转发成功 1191956319178850308
2026-04-16 17:59:20,999|line:494| 评论发送成功
2026-04-16 17:59:23,415|line:424| 1429723107 === 已经关注了
2026-04-16 17:59:26,794|line:503| 动态-点赞 OK
2026-04-16 17:59:30,795|line:519| https://t.bilibili.com/1191368965247467588
2026-04-16 17:59:32,219|line:341| =========此为源动态=========
2026-04-16 17:59:36,543|line:362| *********子动态开始*********
2026-04-16 17:59:36,544|line:381| *********子动态结束*********
2026-04-16 17:59:36,544|line:537| -=-=-=-=处理回最初的动态-=-=-=-=
2026-04-16 17:59:45,980|line:475| 转发成功 1191956439483023397
2026-04-16 17:59:49,467|line:494| 评论发送成功
2026-04-16 17:59:50,924|line:424| 651298625 === 已经关注了
2026-04-16 17:59:54,335|line:503| 动态-点赞 OK
2026-04-16 17:59:56,336|line:519| https://t.bilibili.com/1191338030776975369
2026-04-16 18:00:00,687|line:341| =========此为源动态=========
2026-04-16 18:00:05,257|line:362| *********子动态开始*********
2026-04-16 18:00:05,258|line:381| *********子动态结束*********
2026-04-16 18:00:05,258|line:537| -=-=-=-=处理回最初的动态-=-=-=-=
2026-04-16 18:00:13,566|line:475| 转发成功 1191956559708553224
2026-04-16 18:00:16,958|line:494| 评论发送成功
2026-04-16 18:00:18,407|line:424| 9535164 === 已经关注了
2026-04-16 18:00:21,730|line:503| 动态-点赞 OK
2026-04-16 18:00:22,730|line:519| https://t.bilibili.com/1191399878259900440
2026-04-16 18:00:25,033|line:341| =========此为源动态=========
2026-04-16 18:00:27,390|line:362| *********子动态开始*********
2026-04-16 18:00:27,391|line:381| *********子动态结束*********
2026-04-16 18:00:27,391|line:537| -=-=-=-=处理回最初的动态-=-=-=-=
2026-04-16 18:00:39,592|line:475| 转发成功 1191956671409160201
2026-04-16 18:00:43,051|line:494| 评论发送成功
2026-04-16 18:00:45,545|line:424| 388146781 === 已经关注了
2026-04-16 18:00:48,918|line:503| 动态-点赞 OK
2026-04-16 18:00:52,919|line:519| https://t.bilibili.com/1191373762755297300
2026-04-16 18:00:57,320|line:526| 官方 或 预约 OUT！
2026-04-16 18:00:57,321|line:519| https://t.bilibili.com/1191299107631661058
2026-04-16 18:01:01,676|line:526| 官方 或 预约 OUT！
2026-04-16 18:01:01,676|line:519| https://t.bilibili.com/1191040176922558482
2026-04-16 18:01:03,075|line:341| =========此为源动态=========
2026-04-16 18:01:06,494|line:362| *********子动态开始*********
2026-04-16 18:01:06,494|line:381| *********子动态结束*********
2026-04-16 18:01:06,495|line:537| -=-=-=-=处理回最初的动态-=-=-=-=
2026-04-16 18:01:13,804|line:475| 转发成功 1191956817443291136
2026-04-16 18:01:17,247|line:494| 评论发送成功
2026-04-16 18:01:20,698|line:424| 238623328 === 已经关注了
2026-04-16 18:01:24,058|line:503| 动态-点赞 OK
2026-04-16 18:01:27,059|line:519| https://t.bilibili.com/1191429459893288964
2026-04-16 18:01:29,411|line:341| =========此为源动态=========
2026-04-16 18:01:31,988|line:362| *********子动态开始*********
2026-04-16 18:01:31,988|line:381| *********子动态结束*********
2026-04-16 18:01:31,988|line:537| -=-=-=-=处理回最初的动态-=-=-=-=
2026-04-16 18:01:38,339|line:475| 转发成功 1191956924788113410
2026-04-16 18:01:41,813|line:494| 评论发送成功
2026-04-16 18:01:44,257|line:424| 100680137 === 已经关注了
2026-04-16 18:01:47,690|line:503| 动态-点赞 OK
2026-04-16 18:01:48,690|line:552| 执行结束
2026-04-16 18:01:48,691|line:558| ==================================================2026-04-17 02:01==================================================
2026-04-16 18:01:48,691|line:232| processing article 47834611
2026-04-16 18:01:53,452|line:507| ==================================================2026-04-17 02:01==================================================
2026-04-16 18:01:53,452|line:232| processing article 47834487
2026-04-16 18:01:55,140|line:507| ==================================================2026-04-17 02:01==================================================
2026-04-16 18:02:02,248|line:578| ('reply: ', '榄菊官方', '[给心心]')
2026-04-16 18:02:02,248|line:578| ('reply: ', '吓死我啦芙莱', '并不是')
2026-04-16 18:02:02,248|line:578| ('reply: ', '花生十三-公考行测', '68')
2026-04-16 18:02:02,248|line:578| ('reply: ', '三鹿七茸猫尾巴', '[夏诺雅表情包_？？？]')
2026-04-16 18:02:02,248|line:578| ('reply: ', '小闪闪bling', 'hhh腾子买库洛让我感觉他自己有点不太想出大世界了')
2026-04-16 18:02:02,249|line:578| ('reply: ', '魔改后远野汉娜', '不是，这……')
2026-04-16 18:02:02,249|line:578| ('reply: ', '好像都是一个人', '你在说什么')
2026-04-16 18:02:02,249|line:578| ('reply: ', '目标咨询', '太宠粉了啊')
2026-04-16 18:02:02,249|line:578| ('reply: ', '数玩工场', '祝你成功')
2026-04-16 18:02:02,249|line:578| ('reply: ', '益家有小佰', '恭喜宝子，获得小电视月度会员1份和克刻冰冰猴喉糖随机口味1份～记得私信小佰提供信息哦~')
2026-04-16 18:02:02,249|line:578| ('reply: ', '圆环之理-Madoka', '是的')
2026-04-16 18:02:02,249|line:578| ('reply: ', '兰的三姨', '这就是银河巨星的实力！')
2026-04-16 18:02:02,249|line:578| ('reply: ', '花园百合铃音', '有男不玩，我只吃麻辣火锅，xxn滚[吃瓜]')
2026-04-16 18:02:02,249|line:578| ('reply: ', '是绝赞的阿鬼', '[tv_难过]')
2026-04-16 18:02:02,249|line:578| ('reply: ', '桃稚不幼稚', '还行')
2026-04-16 18:02:02,249|line:578| ('reply: ', '陌罔子吖', '佬，这个报名有啥条件不。最近太非了，想下次报来抽[脱单doge][脱单doge][脱单doge]')
2026-04-16 18:02:02,249|line:578| ('reply: ', '太二酸菜鱼', '恭喜成为本期欧皇[打call]获得【肥龙联名显眼包】1份，在收到本信息的两天内回复哥的私信哦~逾期哥就自己收啦！[脱单doge]')
2026-04-16 18:02:02,249|line:578| ('reply: ', '得一想二的松鼠', '中奖分我一半')
2026-04-16 18:02:02,249|line:578| ('reply: ', '佑凉Uriyoo', '谢谢！！！[UP_24967030_感恩]')
2026-04-16 18:02:02,250|line:578| ('reply: ', '岛莓祁', '好耶')
2026-04-16 18:02:05,628|line:587| ('at: ', '电脑报', '恭喜@小小Shaun UID：1090970340，@-叶晓吖  UID：22437099  获得 【电竞大礼包】1份， 请在三日内私信我')
2026-04-16 18:02:05,629|line:587| ('at: ', '联想拯救者官方', '是我喜欢的奖品名单 直接开奖 上 趁现在没人偷摸开个奖 恭喜这些小伙伴 【拯救者7.1声卡H7游戏耳机】获奖名单 @泪水打湿猪脚饭o @xoomoon @小小Shaun @T山海连云T @超超超超薄脆饼干 @BerboomC 【拯救者C140氮化镓适配器】获奖名单 @改个天凉好个秋 @夜猫子牙不好 @LLL好久不见 @林殇倾慕婉 @今天也要拥抱微风 @洳不及我万一 @胜利の天平 【白金独角兽电竞鼠标】获奖名单 @底片上的诗旅人 【拯救者C170氮化镓适配器】获奖名单 @麦當劳无限好 @無名丶の辈 @任性的提莫 @广东有暖风 由于B站私信规则修改 我会私信中奖的小伙伴一条消息，还请注意查收并回复我您的收货地址与联系方式，奖品基本会在私信您信息后的三十个工作日内发货')
2026-04-16 18:02:05,629|line:587| ('at: ', 'Apexgaming艾湃电竞', '恭喜 @小小Shaun 获得饮料一份，三天内联系我，过时不候！')
2026-04-16 18:02:05,629|line:587| ('at: ', '喜欢白毛有什么不好', '1 @浪子游2fans6@被_____打下来的飞机@拉斯特臣后面一个点@专心致志的学生@猫猫头OmMeow@小小Shaun@龐門左道@啦啦痴痴腻@bili_66938050009@日月星辰668')
2026-04-16 18:02:05,629|line:587| ('at: ', 'iKF蓝牙耳机', '恭喜@小小Shaun 宝子成为苏泊尔福利动态幸运儿！\n注意：即日起72小时内回复信息确认领奖哦！逾期将自动视为放弃中奖资格。\n没有中奖的宝子们不要气馁，参与一下下置顶视频iKF Mars，增加欧气值，说不定下个幸运儿就是你！\n链接：\nhttps://www.bilibili.com/video/BV1Soo6YLEHZ/?spm_id_from=333.1387.list.card_archive.click&vd_source=21fb0967ccc75e6b3b2447ade2c740dd\n还没参与抽奖的宝子们，赶紧点击上方链接参与吧！还有特别福利惊喜等你哦~')
2026-04-16 18:02:05,629|line:587| ('at: ', 'wellymerck威利默克', '恭喜@小小Shaun\xa0 获得《我是你的小狗3 永远等你回家》1本，请于5天内联系威宝，凭关注+互动截图领取奖品，逾期作废~')
2026-04-16 18:02:05,629|line:587| ('at: ', '宁美NINGMEI', '恭喜@小小Shaun   中奖，请在12月1日24点前私信我：1. 奖品+中奖信息a. 实物奖：姓名电话地址，给文字！省市区路清晰，提交不清晰不发奖，信息错误致无法签收，概不负责；\n\nb. 现金红包给到支付宝实名+账号；\n\nc. 京东卡/猫超卡 等购物卡给到姓名+电话；2. 宁美和品牌方关注截图+转发截图！\n\n必须关注品牌方，否则奖品不予发放；如遇无法私信图片的情况，等待我回复后即可发送图片。PS： \n\n因后台收信有时会出问题，以回复“已登记”为准，没有回复即表示私信未收到。\n\n过期视为自动放弃，不会补发；奖品30个工作日内发送，勿催哦~\n\n不发全，不回复。其他小伙伴请继续努力！')
2026-04-16 18:02:05,629|line:587| ('at: ', '爱玛电动车官方账号', '#一“玛”当先榜# 快来看看10月都是谁和爱玛酱互动最多呀~ 💕恭喜@小小Shaun 和@甘瑞凯拉莎 排行第一！这两位小玛达将会获得【爱玛随机周边×1】，请5天内私信爱玛酱领奖哟~[鼓掌] 以后也请继续单推我无敌可爱美少女爱玛酱呀嘿嘿！(●´З｀●)')
2026-04-16 18:02:05,629|line:587| ('at: ', '爱玛电动车官方账号', '')
2026-04-16 18:02:05,630|line:587| ('at: ', '海露滴眼液', '互动榜出炉啦')
2026-04-16 18:02:05,630|line:587| ('at: ', '和蔼可亲桃白白', '\u200b//@九号公司:\u200b恭喜@小小Shaun 中奖！后续记得查收私信哟～\u200b//@九号公司:#互动抽奖# 谢谢粒粒的复工礼！小九也来加个码~关注【@微粒贷+@九号公司 】并转发该动态，抽一位小可爱获得【100元京东卡】~ #供电局福利社# 10月31日抽出！')
2026-04-16 18:02:05,630|line:587| ('at: ', '望大家身体健康快乐', '\u200b//@九号公司:\u200b恭喜@小小Shaun 中奖！后续记得查收私信哟～\u200b//@九号公司 :#互动抽奖# 谢谢粒粒的复工礼！小九也来加个码~关注【@微粒贷+@九号公司 】并转发该动态，抽一位小可爱获得【100元京东卡】~ #供电局福利社# 10月31日抽出！')
2026-04-16 18:02:05,630|line:587| ('at: ', 'MoMA_Reona', '//@九号公司:\u200b恭喜@小小Shaun 中奖！后续记得查收私信哟～\u200b//@九号公司:#互动抽奖# 谢谢粒粒的复工礼！小九也来加个码~关注【@微粒贷+@九号公司 】并转发该动态，抽一位小可爱获得【100元京东卡】~ #供电局福利社# 10月31日抽出！')
2026-04-16 18:02:05,630|line:587| ('at: ', '摸鱼二队', '\u200b//@九号公司:\u200b恭喜@小小Shaun 中奖！后续记得查收私信哟～\u200b//@九号公司 :#互动抽奖# 谢谢粒粒的复工礼！小九也来加个码~关注【@微粒贷+@九号公司 】并转发该动态，抽一位小可爱获得【100元京东卡】~ #供电局福利社# 10月31日抽出！')
2026-04-16 18:02:05,630|line:587| ('at: ', '文少嘅一些事一些情', '\u200b//@九号公司:\u200b恭喜@小小Shaun 中奖！后续记得查收私信哟～\u200b//@九号公司 :#互动抽奖# 谢谢粒粒的复工礼！小九也来加个码~关注【@微粒贷+@九号公司 】并转发该动态，抽一位小可爱获得【100元京东卡】~ #供电局福利社# 10月31日抽出！')
2026-04-16 18:02:05,630|line:587| ('at: ', 'Carry队友的嘟嘟酱丶', '\u200b//@九号公司:\u200b恭喜@小小Shaun 中奖！后续记得查收私信哟～\u200b//@九号公司 :#互动抽奖# 谢谢粒粒的复工礼！小九也来加个码~关注【@微粒贷+@九号公司 】并转发该动态，抽一位小可爱获得【100元京东卡】~ #供电局福利社# 10月31日抽出！')
2026-04-16 18:02:05,630|line:587| ('at: ', '蛤蟆zero', '//@九号公司:\u200b恭喜@小小Shaun 中奖！后续记得查收私信哟～\u200b//@九号公司:#互动抽奖# 谢谢粒粒的复工礼！小九也来加个码~关注【@微粒贷+@九号公司 】并转发该动态，抽一位小可爱获得【100元京东卡】~ #供电局福利社# 10月31日抽出！c冲冲冲')
2026-04-16 18:02:05,630|line:587| ('at: ', '木而各子要吃笃栗子', '\u200b//@九号公司:\u200b恭喜@小小Shaun 中奖！后续记得查收私信哟～\u200b//@九号公司 :#互动抽奖# 谢谢粒粒的复工礼！小九也来加个码~关注【@微粒贷+@九号公司 】并转发该动态，抽一位小可爱获得【100元京东卡】~ #供电局福利社# 10月31日抽出！')
2026-04-16 18:02:05,630|line:587| ('at: ', '裙下愚臣情默默', '\u200b//@九号公司:\u200b恭喜@小小Shaun 中奖！后续记得查收私信哟～\u200b//@九号公司 :#互动抽奖# 谢谢粒粒的复工礼！小九也来加个码~关注【@微粒贷+@九号公司 】并转发该动态，抽一位小可爱获得【100元京东卡】~ #供电局福利社# 10月31日抽出！')
2026-04-16 18:02:05,630|line:587| ('at: ', '戊子毕宿', '')
