2026-03-12 17:07:09,253|line:232| processing article 46732094
2026-03-12 17:07:13,769|line:507| ==================================================2026-03-13 01:07==================================================
2026-03-12 17:07:13,769|line:519| https://t.bilibili.com/1176117575013105714
2026-03-12 17:07:16,217|line:526| 官方 或 预约 OUT！
2026-03-12 17:07:16,217|line:519| https://t.bilibili.com/1177724300795314182
2026-03-12 17:07:16,217|line:521| 已有
2026-03-12 17:07:16,217|line:519| https://t.bilibili.com/1178577934146863110
2026-03-12 17:07:17,557|line:341| =========此为源动态=========
2026-03-12 17:07:22,085|line:362| *********子动态开始*********
2026-03-12 17:07:22,085|line:381| *********子动态结束*********
2026-03-12 17:07:22,085|line:537| -=-=-=-=处理回最初的动态-=-=-=-=
2026-03-12 17:07:31,417|line:475| 转发成功 1178954997917810696
2026-03-12 17:07:34,789|line:548| 'NoneType' object is not subscriptable
2026-03-12 17:07:34,790|line:549| error line:541
2026-03-12 17:07:35,790|line:519| https://t.bilibili.com/1175035956255784965
2026-03-12 17:07:35,790|line:521| 已有
2026-03-12 17:07:35,790|line:519| https://t.bilibili.com/1177599600755736576
2026-03-12 17:07:35,790|line:521| 已有
2026-03-12 17:07:35,790|line:519| https://t.bilibili.com/1175569644555075590
2026-03-12 17:07:35,791|line:521| 已有
2026-03-12 17:07:35,791|line:519| https://t.bilibili.com/1164984693400010770
2026-03-12 17:07:39,153|line:526| 官方 或 预约 OUT！
2026-03-12 17:07:39,154|line:519| https://t.bilibili.com/1176241562153123847
2026-03-12 17:07:41,561|line:526| 官方 或 预约 OUT！
2026-03-12 17:07:41,561|line:519| https://t.bilibili.com/1178723477720399876
2026-03-12 17:07:44,869|line:526| 官方 或 预约 OUT！
2026-03-12 17:07:44,870|line:519| https://t.bilibili.com/1177986695396589573
2026-03-12 17:07:44,870|line:521| 已有
2026-03-12 17:07:44,870|line:519| https://t.bilibili.com/1178137897603170352
2026-03-12 17:07:48,174|line:526| 官方 或 预约 OUT！
2026-03-12 17:07:48,174|line:519| https://t.bilibili.com/1178439198159405058
2026-03-12 17:07:50,514|line:526| 官方 或 预约 OUT！
2026-03-12 17:07:50,514|line:519| https://t.bilibili.com/1178040811970887683
2026-03-12 17:07:50,514|line:521| 已有
2026-03-12 17:07:50,514|line:519| https://t.bilibili.com/1178782982333267971
2026-03-12 17:07:52,824|line:341| =========此为源动态=========
2026-03-12 17:07:57,208|line:362| *********子动态开始*********
2026-03-12 17:07:57,209|line:381| *********子动态结束*********
2026-03-12 17:07:57,209|line:537| -=-=-=-=处理回最初的动态-=-=-=-=
2026-03-12 17:08:08,439|line:475| 转发成功 1178955156876689409
2026-03-12 17:08:11,898|line:494| 评论发送成功
2026-03-12 17:08:14,462|line:424| 1310714247 === 已经关注了
2026-03-12 17:08:17,797|line:503| 动态-点赞 OK
2026-03-12 17:08:19,798|line:519| https://t.bilibili.com/1178502059251466262
2026-03-12 17:08:24,155|line:341| =========此为源动态=========
2026-03-12 17:08:28,742|line:362| *********子动态开始*********
2026-03-12 17:08:28,742|line:381| *********子动态结束*********
2026-03-12 17:08:28,742|line:537| -=-=-=-=处理回最初的动态-=-=-=-=
2026-03-12 17:08:37,015|line:475| 转发成功 1178955277131579401
2026-03-12 17:08:40,475|line:494| 评论发送成功
2026-03-12 17:08:42,950|line:424| 1790756206 === 已经关注了
2026-03-12 17:08:46,289|line:503| 动态-点赞 OK
2026-03-12 17:08:49,289|line:519| https://t.bilibili.com/1172792776445657091
2026-03-12 17:08:49,289|line:521| 已有
2026-03-12 17:08:49,290|line:519| https://t.bilibili.com/1170234741120565271
2026-03-12 17:08:53,633|line:526| 官方 或 预约 OUT！
2026-03-12 17:08:53,633|line:519| https://t.bilibili.com/1178372853764980745
2026-03-12 17:08:53,633|line:521| 已有
2026-03-12 17:08:53,633|line:519| https://t.bilibili.com/1168149139405406229
2026-03-12 17:08:57,946|line:526| 官方 或 预约 OUT！
2026-03-12 17:08:57,946|line:519| https://t.bilibili.com/1158766847743492101
2026-03-12 17:08:57,946|line:521| 已有
2026-03-12 17:08:57,946|line:519| https://t.bilibili.com/1178813925453463577
2026-03-12 17:09:01,288|line:526| 官方 或 预约 OUT！
2026-03-12 17:09:01,288|line:519| https://t.bilibili.com/1169917626553466899
2026-03-12 17:09:01,288|line:521| 已有
2026-03-12 17:09:01,288|line:519| https://t.bilibili.com/1170337442424684584
2026-03-12 17:09:05,631|line:341| =========此为源动态=========
2026-03-12 17:09:09,034|line:362| *********子动态开始*********
2026-03-12 17:09:09,034|line:381| *********子动态结束*********
2026-03-12 17:09:09,035|line:537| -=-=-=-=处理回最初的动态-=-=-=-=
2026-03-12 17:09:17,206|line:475| 转发成功 1178955453216849925
2026-03-12 17:09:20,632|line:494| 评论发送成功
2026-03-12 17:09:24,048|line:424| 356084798 === 已经关注了
2026-03-12 17:09:27,393|line:503| 动态-点赞 OK
2026-03-12 17:09:31,394|line:519| https://t.bilibili.com/1177838224814374916
2026-03-12 17:09:31,394|line:521| 已有
2026-03-12 17:09:31,394|line:519| https://t.bilibili.com/1178207931345141762
2026-03-12 17:09:31,394|line:521| 已有
2026-03-12 17:09:31,394|line:519| https://t.bilibili.com/1178782799839100931
2026-03-12 17:09:35,737|line:526| 官方 或 预约 OUT！
2026-03-12 17:09:35,737|line:519| https://t.bilibili.com/1170259175242989586
2026-03-12 17:09:39,064|line:526| 官方 或 预约 OUT！
2026-03-12 17:09:39,064|line:519| https://t.bilibili.com/1175105367224352771
2026-03-12 17:09:39,064|line:521| 已有
2026-03-12 17:09:39,064|line:519| https://t.bilibili.com/1160695296654573584
2026-03-12 17:09:43,405|line:526| 官方 或 预约 OUT！
2026-03-12 17:09:43,405|line:519| https://t.bilibili.com/1178720909358268438
2026-03-12 17:09:45,718|line:341| =========此为源动态=========
2026-03-12 17:09:49,350|line:362| *********子动态开始*********
2026-03-12 17:09:59,699|line:475| 转发成功 1178955633618059272
2026-03-12 17:10:03,144|line:494| 评论发送成功
2026-03-12 17:10:07,941|line:424| 396808737 === 已经关注了
2026-03-12 17:10:07,941|line:376| ----完成一个子动态----
2026-03-12 17:10:07,942|line:381| *********子动态结束*********
2026-03-12 17:10:07,942|line:537| -=-=-=-=处理回最初的动态-=-=-=-=
2026-03-12 17:10:18,219|line:475| 转发成功 1178955715222437894
2026-03-12 17:10:21,619|line:494| 评论发送成功
2026-03-12 17:10:24,996|line:424| 396808737 === 已经关注了
2026-03-12 17:10:28,326|line:503| 动态-点赞 OK
2026-03-12 17:10:31,327|line:519| https://t.bilibili.com/1175505063334903830
2026-03-12 17:10:31,327|line:521| 已有
2026-03-12 17:10:31,327|line:519| https://t.bilibili.com/1169090548948008982
2026-03-12 17:10:33,762|line:526| 官方 或 预约 OUT！
2026-03-12 17:10:33,763|line:519| https://t.bilibili.com/1175132743342751784
2026-03-12 17:10:33,763|line:521| 已有
2026-03-12 17:10:33,763|line:519| https://t.bilibili.com/1175475009259307009
2026-03-12 17:10:33,763|line:521| 已有
2026-03-12 17:10:33,763|line:552| 执行结束
2026-03-12 17:10:33,764|line:558| ==================================================2026-03-13 01:10==================================================
2026-03-12 17:10:33,764|line:232| processing article 46727496
2026-03-12 17:10:38,219|line:507| ==================================================2026-03-13 01:10==================================================
2026-03-12 17:10:38,220|line:519| https://t.bilibili.com/1178746906766999585
2026-03-12 17:10:40,551|line:526| 官方 或 预约 OUT！
2026-03-12 17:10:40,551|line:519| https://t.bilibili.com/1178884070852001799
2026-03-12 17:10:41,857|line:341| =========此为源动态=========
2026-03-12 17:10:46,241|line:362| *********子动态开始*********
2026-03-12 17:10:46,242|line:381| *********子动态结束*********
2026-03-12 17:10:46,242|line:537| -=-=-=-=处理回最初的动态-=-=-=-=
2026-03-12 17:10:53,592|line:475| 转发成功 1178955865493864456
2026-03-12 17:10:57,039|line:494| 评论发送成功
2026-03-12 17:10:58,447|line:424| 242136088 === 已经关注了
2026-03-12 17:11:01,817|line:503| 动态-点赞 OK
2026-03-12 17:11:05,817|line:519| https://t.bilibili.com/1178792643883171845
2026-03-12 17:11:08,180|line:341| =========此为源动态=========
2026-03-12 17:11:10,705|line:362| *********子动态开始*********
2026-03-12 17:11:10,705|line:381| *********子动态结束*********
2026-03-12 17:11:10,705|line:537| -=-=-=-=处理回最初的动态-=-=-=-=
2026-03-12 17:11:22,989|line:475| 转发成功 1178955990047916032
2026-03-12 17:11:26,386|line:494| 评论发送成功
2026-03-12 17:11:27,768|line:424| 3546620132067507 === 已经关注了
2026-03-12 17:11:31,132|line:503| 动态-点赞 OK
2026-03-12 17:11:32,133|line:519| https://t.bilibili.com/1178810248932098056
2026-03-12 17:11:36,594|line:336| =========此为子动态=========
2026-03-12 17:11:38,011|line:400| *************原动态已存在***************
2026-03-12 17:11:41,546|line:362| *********子动态开始*********
2026-03-12 17:11:51,984|line:475| 转发成功 1178956114606161926
2026-03-12 17:11:55,476|line:494| 评论发送成功
2026-03-12 17:12:04,259|line:424| 1024366005 === 已经关注了
2026-03-12 17:12:04,259|line:376| ----完成一个子动态----
2026-03-12 17:12:04,260|line:381| *********子动态结束*********
2026-03-12 17:12:06,261|line:519| https://t.bilibili.com/1178721948736159765
2026-03-12 17:12:10,569|line:341| =========此为源动态=========
2026-03-12 17:12:13,070|line:362| *********子动态开始*********
2026-03-12 17:12:13,071|line:381| *********子动态结束*********
2026-03-12 17:12:13,071|line:537| -=-=-=-=处理回最初的动态-=-=-=-=
2026-03-12 17:12:24,451|line:475| 转发成功 1178956256371539972
2026-03-12 17:12:27,912|line:494| 评论发送成功
2026-03-12 17:12:29,318|line:424| 3546696317406173 === 已经关注了
2026-03-12 17:12:32,653|line:503| 动态-点赞 OK
2026-03-12 17:12:35,654|line:519| https://t.bilibili.com/1177724300795314182
2026-03-12 17:12:35,654|line:521| 已有
2026-03-12 17:12:35,654|line:519| https://t.bilibili.com/1178857983180800023
2026-03-12 17:12:40,079|line:341| =========此为源动态=========
2026-03-12 17:12:43,616|line:362| *********子动态开始*********
2026-03-12 17:12:43,616|line:381| *********子动态结束*********
2026-03-12 17:12:43,616|line:537| -=-=-=-=处理回最初的动态-=-=-=-=
2026-03-12 17:12:53,839|line:475| 转发成功 1178956380886794242
2026-03-12 17:12:57,282|line:494| 评论发送成功
2026-03-12 17:13:00,706|line:424| 1750535730 === 已经关注了
2026-03-12 17:13:04,067|line:503| 动态-点赞 OK
2026-03-12 17:13:08,068|line:519| https://t.bilibili.com/1178753731479470115
2026-03-12 17:13:10,442|line:341| =========此为源动态=========
2026-03-12 17:13:14,816|line:362| *********子动态开始*********
2026-03-12 17:13:14,817|line:381| *********子动态结束*********
2026-03-12 17:13:14,817|line:537| -=-=-=-=处理回最初的动态-=-=-=-=
2026-03-12 17:13:24,135|line:475| 转发成功 1178956514082160649
2026-03-12 17:13:27,608|line:494| 评论发送成功
2026-03-12 17:13:30,997|line:424| 470969470 === 已经关注了
2026-03-12 17:13:34,428|line:503| 动态-点赞 OK
2026-03-12 17:13:38,429|line:519| https://t.bilibili.com/1178813906110382085
2026-03-12 17:13:40,770|line:341| =========此为源动态=========
2026-03-12 17:13:45,315|line:362| *********子动态开始*********
2026-03-12 17:13:45,315|line:381| *********子动态结束*********
2026-03-12 17:13:45,315|line:537| -=-=-=-=处理回最初的动态-=-=-=-=
2026-03-12 17:13:56,618|line:475| 转发成功 1178956651519016984
2026-03-12 17:14:00,034|line:494| 评论发送成功
2026-03-12 17:14:02,420|line:424| 2038413965 === 已经关注了
2026-03-12 17:14:05,782|line:503| 动态-点赞 OK
2026-03-12 17:14:08,783|line:519| https://t.bilibili.com/1178577934146863110
2026-03-12 17:14:12,114|line:341| =========此为源动态=========
2026-03-12 17:14:15,649|line:362| *********子动态开始*********
2026-03-12 17:14:15,650|line:381| *********子动态结束*********
2026-03-12 17:14:15,650|line:537| -=-=-=-=处理回最初的动态-=-=-=-=
2026-03-12 17:14:24,913|line:475| 转发成功 1178956771769712643
2026-03-12 17:14:28,266|line:548| 'NoneType' object is not subscriptable
2026-03-12 17:14:28,266|line:549| error line:541
2026-03-12 17:14:31,266|line:519| https://t.bilibili.com/1178798444255379463
2026-03-12 17:14:35,608|line:341| =========此为源动态=========
2026-03-12 17:14:39,977|line:362| *********子动态开始*********
2026-03-12 17:14:39,977|line:381| *********子动态结束*********
2026-03-12 17:14:39,977|line:537| -=-=-=-=处理回最初的动态-=-=-=-=
2026-03-12 17:14:50,167|line:475| 转发成功 1178956883451445256
2026-03-12 17:14:53,634|line:494| 评论发送成功
2026-03-12 17:14:55,051|line:424| 22492980 === 已经关注了
2026-03-12 17:14:58,422|line:503| 动态-点赞 OK
2026-03-12 17:15:01,423|line:519| https://t.bilibili.com/1178752172412633110
2026-03-12 17:15:02,865|line:341| =========此为源动态=========
2026-03-12 17:15:05,445|line:362| *********子动态开始*********
2026-03-12 17:15:05,445|line:381| *********子动态结束*********
2026-03-12 17:15:05,446|line:537| -=-=-=-=处理回最初的动态-=-=-=-=
2026-03-12 17:15:14,788|line:475| 转发成功 1178956986513883157
2026-03-12 17:15:18,231|line:494| 评论发送成功
2026-03-12 17:15:22,820|line:424| 34932803 === 已经关注了
2026-03-12 17:15:26,214|line:503| 动态-点赞 OK
2026-03-12 17:15:30,215|line:519| https://t.bilibili.com/1178752348490563589
2026-03-12 17:15:33,556|line:341| =========此为源动态=========
2026-03-12 17:15:36,169|line:362| *********子动态开始*********
2026-03-12 17:15:36,170|line:381| *********子动态结束*********
2026-03-12 17:15:36,170|line:537| -=-=-=-=处理回最初的动态-=-=-=-=
2026-03-12 17:15:46,812|line:475| 转发成功 1178957123967516674
2026-03-12 17:15:50,221|line:494| 评论发送成功
2026-03-12 17:15:53,606|line:424| 20990353 === 已经关注了
2026-03-12 17:15:56,949|line:503| 动态-点赞 OK
2026-03-12 17:16:00,950|line:519| https://t.bilibili.com/1178721330241994756
2026-03-12 17:16:03,258|line:341| =========此为源动态=========
2026-03-12 17:16:07,851|line:362| *********子动态开始*********
2026-03-12 17:16:07,851|line:381| *********子动态结束*********
2026-03-12 17:16:07,851|line:537| -=-=-=-=处理回最初的动态-=-=-=-=
2026-03-12 17:16:15,099|line:475| 转发成功 1178957244182560776
2026-03-12 17:16:18,595|line:494| 评论发送成功
2026-03-12 17:16:19,995|line:424| 238623328 === 已经关注了
2026-03-12 17:16:23,499|line:503| 动态-点赞 OK
2026-03-12 17:16:27,499|line:519| https://t.bilibili.com/1178142591955238919
2026-03-12 17:16:31,067|line:526| 官方 或 预约 OUT！
2026-03-12 17:16:31,067|line:519| https://t.bilibili.com/1178521687246766086
2026-03-12 17:16:33,408|line:341| =========此为源动态=========
2026-03-12 17:16:35,940|line:362| *********子动态开始*********
2026-03-12 17:16:35,940|line:381| *********子动态结束*********
2026-03-12 17:16:35,940|line:537| -=-=-=-=处理回最初的动态-=-=-=-=
2026-03-12 17:16:44,219|line:475| 转发成功 1178957373079814150
2026-03-12 17:16:47,684|line:494| 评论发送成功
2026-03-12 17:16:52,099|line:424| 1439255 === 已经关注了
2026-03-12 17:16:55,461|line:503| 动态-点赞 OK
2026-03-12 17:16:57,461|line:519| https://t.bilibili.com/1177731574332915720
2026-03-12 17:16:59,894|line:341| =========此为源动态=========
2026-03-12 17:17:03,460|line:362| *********子动态开始*********
2026-03-12 17:17:03,460|line:381| *********子动态结束*********
2026-03-12 17:17:03,460|line:537| -=-=-=-=处理回最初的动态-=-=-=-=
2026-03-12 17:17:15,621|line:475| 转发成功 1178957506205974544
2026-03-12 17:17:19,109|line:494| 评论发送成功
2026-03-12 17:17:23,495|line:424| 2034162641 === 已经关注了
2026-03-12 17:17:26,828|line:503| 动态-点赞 OK
2026-03-12 17:17:29,829|line:519| https://t.bilibili.com/1178705430239510530
2026-03-12 17:17:33,173|line:526| 官方 或 预约 OUT！
2026-03-12 17:17:33,173|line:519| https://t.bilibili.com/1178721136992583767
2026-03-12 17:17:35,512|line:341| =========此为源动态=========
2026-03-12 17:17:38,876|line:362| *********子动态开始*********
2026-03-12 17:17:38,877|line:381| *********子动态结束*********
2026-03-12 17:17:38,877|line:537| -=-=-=-=处理回最初的动态-=-=-=-=
2026-03-12 17:17:50,147|line:475| 转发成功 1178957656503615490
2026-03-12 17:17:53,551|line:494| 评论发送成功
2026-03-12 17:17:56,974|line:424| 651298625 === 已经关注了
2026-03-12 17:18:00,337|line:503| 动态-点赞 OK
2026-03-12 17:18:03,338|line:519| https://t.bilibili.com/1178827110990479385
2026-03-12 17:18:04,681|line:341| =========此为源动态=========
2026-03-12 17:18:08,223|line:362| *********子动态开始*********
2026-03-12 17:18:08,223|line:381| *********子动态结束*********
2026-03-12 17:18:08,223|line:537| -=-=-=-=处理回最初的动态-=-=-=-=
2026-03-12 17:18:17,423|line:475| 转发成功 1178957772507578373
2026-03-12 17:18:21,052|line:494| 评论发送成功
2026-03-12 17:18:23,463|line:424| 3546947480718133 === 已经关注了
2026-03-12 17:18:26,827|line:503| 动态-点赞 OK
2026-03-12 17:18:29,828|line:519| https://t.bilibili.com/1164984693400010770
2026-03-12 17:18:32,170|line:526| 官方 或 预约 OUT！
2026-03-12 17:18:32,170|line:519| https://t.bilibili.com/1176241562153123847
2026-03-12 17:18:36,631|line:526| 官方 或 预约 OUT！
2026-03-12 17:18:36,631|line:519| https://t.bilibili.com/1178820312058298368
2026-03-12 17:18:39,023|line:336| =========此为子动态=========
2026-03-12 17:18:43,448|line:387| *************原动态处理开始***************
2026-03-12 17:18:48,235|line:475| 转发成功 1178957905603330065
2026-03-12 17:18:51,637|line:494| 评论发送成功
2026-03-12 17:18:53,122|line:424| 670406059 === 已经关注了
2026-03-12 17:18:56,496|line:503| 动态-点赞 OK
2026-03-12 17:18:56,496|line:396| *************原动态处理完成***************
2026-03-12 17:18:57,865|line:362| *********子动态开始*********
2026-03-12 17:19:04,157|line:475| 转发成功 1178957974331195400
2026-03-12 17:19:07,577|line:494| 评论发送成功
2026-03-12 17:19:14,328|line:424| 505670427 === 已经关注了
2026-03-12 17:19:14,328|line:376| ----完成一个子动态----
2026-03-12 17:19:25,865|line:475| 转发成功 1178958064555917320
2026-03-12 17:19:29,351|line:494| 评论发送成功
2026-03-12 17:19:36,081|line:424| 416514298 === 已经关注了
2026-03-12 17:19:36,081|line:376| ----完成一个子动态----
2026-03-12 17:19:43,419|line:475| 转发成功 1178958141867425799
2026-03-12 17:19:46,853|line:494| 评论发送成功
2026-03-12 17:19:51,579|line:424| 487793027 === 已经关注了
2026-03-12 17:19:51,579|line:376| ----完成一个子动态----
2026-03-12 17:20:01,891|line:475| 转发成功 1178958219174740035
2026-03-12 17:20:05,338|line:494| 评论发送成功
2026-03-12 17:20:11,090|line:424| 1521701206 === 已经关注了
2026-03-12 17:20:11,091|line:376| ----完成一个子动态----
2026-03-12 17:20:18,566|line:475| 转发成功 1178958292183941127
2026-03-12 17:20:22,009|line:494| 评论发送成功
2026-03-12 17:20:26,901|line:424| 444854666 === 已经关注了
2026-03-12 17:20:26,902|line:376| ----完成一个子动态----
2026-03-12 17:20:39,309|line:475| 转发成功 1178958382390837253
2026-03-12 17:20:42,736|line:494| 评论发送成功
2026-03-12 17:20:45,483|line:424| 488757623 === 已经关注了
2026-03-12 17:20:45,484|line:376| ----完成一个子动态----
2026-03-12 17:20:45,484|line:381| *********子动态结束*********
2026-03-12 17:20:49,485|line:519| https://t.bilibili.com/1178721134847197203
2026-03-12 17:20:53,873|line:341| =========此为源动态=========
2026-03-12 17:20:55,245|line:362| *********子动态开始*********
2026-03-12 17:20:55,246|line:381| *********子动态结束*********
2026-03-12 17:20:55,246|line:537| -=-=-=-=处理回最初的动态-=-=-=-=
2026-03-12 17:21:04,423|line:475| 转发成功 1178958489712590850
2026-03-12 17:21:07,906|line:494| 评论发送成功
2026-03-12 17:21:09,348|line:424| 9535164 === 已经关注了
2026-03-12 17:21:12,678|line:503| 动态-点赞 OK
2026-03-12 17:21:13,679|line:519| https://t.bilibili.com/1178847516389539840
2026-03-12 17:21:16,021|line:341| =========此为源动态=========
2026-03-12 17:21:20,386|line:362| *********子动态开始*********
2026-03-12 17:21:20,387|line:381| *********子动态结束*********
2026-03-12 17:21:20,387|line:537| -=-=-=-=处理回最初的动态-=-=-=-=
2026-03-12 17:21:27,553|line:475| 转发成功 1178958588507324435
2026-03-12 17:21:31,021|line:494| 评论发送成功
2026-03-12 17:21:34,488|line:424| 386615477 === 已经关注了
2026-03-12 17:21:37,853|line:503| 动态-点赞 OK
2026-03-12 17:21:38,854|line:519| https://t.bilibili.com/1178814359257743364
2026-03-12 17:21:42,162|line:526| 官方 或 预约 OUT！
2026-03-12 17:21:42,163|line:519| https://t.bilibili.com/1178723477720399876
2026-03-12 17:21:43,503|line:526| 官方 或 预约 OUT！
2026-03-12 17:21:43,504|line:519| https://t.bilibili.com/1178849324535119889
2026-03-12 17:21:44,871|line:341| =========此为源动态=========
2026-03-12 17:21:46,240|line:362| *********子动态开始*********
2026-03-12 17:21:46,240|line:381| *********子动态结束*********
2026-03-12 17:21:46,240|line:537| -=-=-=-=处理回最初的动态-=-=-=-=
2026-03-12 17:21:54,540|line:475| 转发成功 1178958704471441412
2026-03-12 17:21:58,063|line:494| 评论发送成功
2026-03-12 17:22:02,482|line:424| 358463649 === 已经关注了
2026-03-12 17:22:05,843|line:503| 动态-点赞 OK
2026-03-12 17:22:09,844|line:519| https://t.bilibili.com/1178782982330122246
2026-03-12 17:22:12,213|line:341| =========此为源动态=========
2026-03-12 17:22:16,295|line:362| *********子动态开始*********
2026-03-12 17:22:16,296|line:381| *********子动态结束*********
2026-03-12 17:22:16,296|line:537| -=-=-=-=处理回最初的动态-=-=-=-=
2026-03-12 17:22:24,585|line:475| 转发成功 1178958833356111878
2026-03-12 17:22:28,035|line:494| 评论发送成功
2026-03-12 17:22:31,455|line:424| 9535164 === 已经关注了
2026-03-12 17:22:34,837|line:503| 动态-点赞 OK
2026-03-12 17:22:36,838|line:519| https://t.bilibili.com/1178439198159405058
2026-03-12 17:22:40,162|line:526| 官方 或 预约 OUT！
2026-03-12 17:22:40,162|line:519| https://t.bilibili.com/1178171879366590468
2026-03-12 17:22:44,571|line:526| 官方 或 预约 OUT！
2026-03-12 17:22:44,571|line:519| https://t.bilibili.com/1178782982333267971
2026-03-12 17:22:44,571|line:521| 已有
2026-03-12 17:22:44,571|line:519| https://t.bilibili.com/1178813916834168884
2026-03-12 17:22:46,886|line:341| =========此为源动态=========
2026-03-12 17:22:48,423|line:362| *********子动态开始*********
2026-03-12 17:22:48,424|line:381| *********子动态结束*********
2026-03-12 17:22:48,424|line:537| -=-=-=-=处理回最初的动态-=-=-=-=
2026-03-12 17:22:57,937|line:475| 转发成功 1178958975085838352
2026-03-12 17:23:01,385|line:494| 评论发送成功
2026-03-12 17:23:03,769|line:424| 1310714247 === 已经关注了
2026-03-12 17:23:07,104|line:503| 动态-点赞 OK
2026-03-12 17:23:09,104|line:519| https://t.bilibili.com/1178727549332619284
2026-03-12 17:23:13,499|line:341| =========此为源动态=========
2026-03-12 17:23:14,855|line:362| *********子动态开始*********
2026-03-12 17:23:14,855|line:381| *********子动态结束*********
2026-03-12 17:23:14,856|line:537| -=-=-=-=处理回最初的动态-=-=-=-=
2026-03-12 17:23:22,020|line:475| 转发成功 1178959078151421959
2026-03-12 17:23:25,499|line:494| 评论发送成功
2026-03-12 17:23:27,916|line:424| 108766164 === 已经关注了
2026-03-12 17:23:31,323|line:503| 动态-点赞 OK
2026-03-12 17:23:34,323|line:519| https://t.bilibili.com/1178868123638431748
2026-03-12 17:23:35,664|line:341| =========此为源动态=========
2026-03-12 17:23:37,179|line:362| *********子动态开始*********
2026-03-12 17:23:37,179|line:381| *********子动态结束*********
2026-03-12 17:23:37,179|line:537| -=-=-=-=处理回最初的动态-=-=-=-=
2026-03-12 17:23:48,372|line:475| 转发成功 1178959194090373126
2026-03-12 17:23:51,806|line:494| 评论发送成功
2026-03-12 17:23:55,235|line:424| 238623328 === 已经关注了
2026-03-12 17:23:58,646|line:503| 动态-点赞 OK
2026-03-12 17:24:00,647|line:519| https://t.bilibili.com/1178824302050410496
2026-03-12 17:24:04,964|line:341| =========此为源动态=========
2026-03-12 17:24:09,510|line:362| *********子动态开始*********
2026-03-12 17:24:09,510|line:381| *********子动态结束*********
2026-03-12 17:24:09,510|line:537| -=-=-=-=处理回最初的动态-=-=-=-=
2026-03-12 17:24:17,813|line:475| 转发成功 1178959318644424709
2026-03-12 17:24:21,250|line:494| 评论发送成功
2026-03-12 17:24:25,636|line:424| 100680137 === 已经关注了
2026-03-12 17:24:29,010|line:503| 动态-点赞 OK
2026-03-12 17:24:30,010|line:519| https://t.bilibili.com/1178442820906647555
2026-03-12 17:24:34,359|line:341| =========此为源动态=========
2026-03-12 17:24:37,764|line:362| *********子动态开始*********
2026-03-12 17:24:37,765|line:381| *********子动态结束*********
2026-03-12 17:24:37,765|line:537| -=-=-=-=处理回最初的动态-=-=-=-=
2026-03-12 17:24:47,014|line:475| 转发成功 1178959443235176466
2026-03-12 17:24:50,427|line:494| 评论发送成功
2026-03-12 17:24:51,839|line:424| 238623328 === 已经关注了
2026-03-12 17:24:55,169|line:503| 动态-点赞 OK
2026-03-12 17:24:59,170|line:519| https://t.bilibili.com/1178502059251466262
2026-03-12 17:24:59,170|line:521| 已有
2026-03-12 17:24:59,170|line:519| https://t.bilibili.com/1178494942528405520
2026-03-12 17:25:00,544|line:526| 官方 或 预约 OUT！
2026-03-12 17:25:00,545|line:519| https://t.bilibili.com/1178863841575960580
2026-03-12 17:25:04,849|line:341| =========此为源动态=========
2026-03-12 17:25:07,289|line:362| *********子动态开始*********
2026-03-12 17:25:07,289|line:381| *********子动态结束*********
2026-03-12 17:25:07,289|line:537| -=-=-=-=处理回最初的动态-=-=-=-=
2026-03-12 17:25:17,681|line:475| 转发成功 1178959576391745539
2026-03-12 17:25:21,082|line:494| 评论发送成功
2026-03-12 17:25:26,851|line:436| 关注 ==== 3691001117935705 0
2026-03-12 17:25:30,214|line:503| 动态-点赞 OK
2026-03-12 17:25:33,215|line:519| https://t.bilibili.com/1178061155109699585
2026-03-12 17:25:36,555|line:341| =========此为源动态=========
2026-03-12 17:25:39,920|line:362| *********子动态开始*********
2026-03-12 17:25:39,920|line:381| *********子动态结束*********
2026-03-12 17:25:39,920|line:537| -=-=-=-=处理回最初的动态-=-=-=-=
2026-03-12 17:25:51,207|line:475| 转发成功 1178959722407002118
2026-03-12 17:25:54,656|line:494| 评论发送成功
2026-03-12 17:25:57,052|line:424| 3546559803296227 === 已经关注了
2026-03-12 17:26:00,392|line:503| 动态-点赞 OK
2026-03-12 17:26:04,392|line:519| https://t.bilibili.com/1178823022160642049
2026-03-12 17:26:05,738|line:341| =========此为源动态=========
2026-03-12 17:26:10,281|line:362| *********子动态开始*********
2026-03-12 17:26:10,281|line:381| *********子动态结束*********
2026-03-12 17:26:10,281|line:537| -=-=-=-=处理回最初的动态-=-=-=-=
2026-03-12 17:26:20,572|line:475| 转发成功 1178959846944276489
2026-03-12 17:26:23,898|line:548| 'NoneType' object is not subscriptable
2026-03-12 17:26:23,899|line:549| error line:541
2026-03-12 17:26:26,899|line:519| https://t.bilibili.com/1178773226342318081
2026-03-12 17:26:28,205|line:526| 官方 或 预约 OUT！
2026-03-12 17:26:28,206|line:519| https://t.bilibili.com/1178523173313839104
2026-03-12 17:26:32,622|line:526| 官方 或 预约 OUT！
2026-03-12 17:26:32,622|line:519| https://t.bilibili.com/1178798444256428056
2026-03-12 17:26:33,977|line:341| =========此为源动态=========
2026-03-12 17:26:38,576|line:362| *********子动态开始*********
2026-03-12 17:26:38,577|line:381| *********子动态结束*********
2026-03-12 17:26:38,577|line:537| -=-=-=-=处理回最初的动态-=-=-=-=
2026-03-12 17:26:49,788|line:475| 转发成功 1178959971484696596
2026-03-12 17:26:53,221|line:494| 评论发送成功
2026-03-12 17:26:56,655|line:424| 236178045 === 已经关注了
2026-03-12 17:27:00,010|line:503| 动态-点赞 OK
2026-03-12 17:27:03,010|line:519| https://t.bilibili.com/1168149139405406229
2026-03-12 17:27:07,317|line:526| 官方 或 预约 OUT！
2026-03-12 17:27:07,318|line:519| https://t.bilibili.com/1158766847743492101
2026-03-12 17:27:07,318|line:521| 已有
2026-03-12 17:27:07,318|line:519| https://t.bilibili.com/1178844879254454272
2026-03-12 17:27:08,636|line:526| 官方 或 预约 OUT！
2026-03-12 17:27:08,637|line:519| https://t.bilibili.com/1178790713260769286
2026-03-12 17:27:12,947|line:341| =========此为源动态=========
2026-03-12 17:27:17,517|line:362| *********子动态开始*********
2026-03-12 17:27:17,517|line:381| *********子动态结束*********
2026-03-12 17:27:17,517|line:537| -=-=-=-=处理回最初的动态-=-=-=-=
2026-03-12 17:27:28,711|line:475| 转发成功 1178960139033509895
2026-03-12 17:27:32,208|line:494| 评论发送成功
2026-03-12 17:27:35,633|line:424| 323252394 === 已经关注了
2026-03-12 17:27:38,965|line:503| 动态-点赞 OK
2026-03-12 17:27:40,966|line:519| https://t.bilibili.com/1178813925453463577
2026-03-12 17:27:45,274|line:526| 官方 或 预约 OUT！
2026-03-12 17:27:45,274|line:519| https://t.bilibili.com/1178845390385971216
2026-03-12 17:27:47,581|line:526| 官方 或 预约 OUT！
2026-03-12 17:27:47,581|line:519| https://t.bilibili.com/1169917626553466899
2026-03-12 17:27:47,581|line:521| 已有
2026-03-12 17:27:47,581|line:519| https://t.bilibili.com/1178733742715305989
2026-03-12 17:27:47,582|line:521| 已有
2026-03-12 17:27:47,582|line:519| https://t.bilibili.com/1178756308450410505
2026-03-12 17:27:50,971|line:341| =========此为源动态=========
2026-03-12 17:27:52,309|line:362| *********子动态开始*********
2026-03-12 17:27:52,309|line:381| *********子动态结束*********
2026-03-12 17:27:52,310|line:537| -=-=-=-=处理回最初的动态-=-=-=-=
2026-03-12 17:28:00,613|line:475| 转发成功 1178960276425277448
2026-03-12 17:28:04,084|line:494| 评论发送成功
2026-03-12 17:28:05,462|line:424| 635675 === 已经关注了
2026-03-12 17:28:08,795|line:503| 动态-点赞 OK
2026-03-12 17:28:12,796|line:519| https://t.bilibili.com/1178783671658741763
2026-03-12 17:28:14,317|line:341| =========此为源动态=========
2026-03-12 17:28:15,892|line:362| *********子动态开始*********
2026-03-12 17:28:15,893|line:381| *********子动态结束*********
2026-03-12 17:28:15,893|line:537| -=-=-=-=处理回最初的动态-=-=-=-=
2026-03-12 17:28:23,418|line:475| 转发成功 1178960375252516872
2026-03-12 17:28:26,818|line:494| 评论发送成功
2026-03-12 17:28:31,213|line:424| 476645168 === 已经关注了
2026-03-12 17:28:34,575|line:503| 动态-点赞 OK
2026-03-12 17:28:35,576|line:519| https://t.bilibili.com/1178847619472949248
2026-03-12 17:28:36,944|line:341| =========此为源动态=========
2026-03-12 17:28:41,314|line:362| *********子动态开始*********
2026-03-12 17:28:41,315|line:381| *********子动态结束*********
2026-03-12 17:28:41,315|line:537| -=-=-=-=处理回最初的动态-=-=-=-=
2026-03-12 17:28:52,516|line:475| 转发成功 1178960499810762757
2026-03-12 17:28:55,919|line:494| 评论发送成功
2026-03-12 17:28:58,327|line:424| 1790756206 === 已经关注了
2026-03-12 17:29:01,661|line:503| 动态-点赞 OK
2026-03-12 17:29:02,662|line:519| https://t.bilibili.com/1178834919257800710
2026-03-12 17:29:05,968|line:526| 官方 或 预约 OUT！
2026-03-12 17:29:05,969|line:519| https://t.bilibili.com/1178736596684374019
2026-03-12 17:29:09,314|line:341| =========此为源动态=========
2026-03-12 17:29:11,673|line:362| *********子动态开始*********
2026-03-12 17:29:11,673|line:381| *********子动态结束*********
2026-03-12 17:29:11,673|line:537| -=-=-=-=处理回最初的动态-=-=-=-=
2026-03-12 17:29:20,939|line:475| 转发成功 1178960620048875542
2026-03-12 17:29:24,387|line:494| 评论发送成功
2026-03-12 17:29:28,762|line:424| 79955050 === 已经关注了
2026-03-12 17:29:32,151|line:503| 动态-点赞 OK
2026-03-12 17:29:33,152|line:519| https://t.bilibili.com/1178797922361278470
2026-03-12 17:29:34,467|line:341| =========此为源动态=========
2026-03-12 17:29:38,968|line:362| *********子动态开始*********
2026-03-12 17:29:38,968|line:381| *********子动态结束*********
2026-03-12 17:29:38,969|line:537| -=-=-=-=处理回最初的动态-=-=-=-=
2026-03-12 17:29:45,134|line:475| 转发成功 1178960723143819267
2026-03-12 17:29:48,534|line:494| 评论发送成功
2026-03-12 17:29:50,006|line:424| 1864084681 === 已经关注了
2026-03-12 17:29:53,335|line:503| 动态-点赞 OK
2026-03-12 17:29:57,335|line:519| https://t.bilibili.com/1178782799839100931
2026-03-12 17:30:01,692|line:526| 官方 或 预约 OUT！
2026-03-12 17:30:01,692|line:519| https://t.bilibili.com/1178856213659516935
2026-03-12 17:30:06,028|line:341| =========此为源动态=========
2026-03-12 17:30:09,554|line:362| *********子动态开始*********
2026-03-12 17:30:09,554|line:381| *********子动态结束*********
2026-03-12 17:30:09,555|line:537| -=-=-=-=处理回最初的动态-=-=-=-=
2026-03-12 17:30:17,964|line:475| 转发成功 1178960864830554118
2026-03-12 17:30:21,410|line:494| 评论发送成功
2026-03-12 17:30:25,795|line:424| 3546948053240561 === 已经关注了
2026-03-12 17:30:29,160|line:503| 动态-点赞 OK
2026-03-12 17:30:30,161|line:519| https://t.bilibili.com/1178871366353420289
2026-03-12 17:30:33,483|line:336| =========此为子动态=========
2026-03-12 17:30:35,905|line:387| *************原动态处理开始***************
2026-03-12 17:30:41,712|line:475| 转发成功 1178960967919206400
2026-03-12 17:30:45,090|line:346| 'NoneType' object is not subscriptable
2026-03-12 17:30:45,090|line:347| error line:338
2026-03-12 17:30:45,090|line:533| *#*#*#*#*#*#*#*#*#*原动态处理失败*#*#*#*#*#*#*#*#*#
2026-03-12 17:30:45,090|line:519| https://t.bilibili.com/1160695296654573584
2026-03-12 17:30:48,421|line:526| 官方 或 预约 OUT！
2026-03-12 17:30:48,422|line:519| https://t.bilibili.com/1175105367224352771
2026-03-12 17:30:48,422|line:521| 已有
2026-03-12 17:30:48,422|line:519| https://t.bilibili.com/1178536032450117634
2026-03-12 17:30:50,762|line:526| 官方 或 预约 OUT！
2026-03-12 17:30:50,763|line:519| https://t.bilibili.com/1178720909358268438
2026-03-12 17:30:50,763|line:521| 已有
2026-03-12 17:30:50,763|line:519| https://t.bilibili.com/1178531849163505670
2026-03-12 17:30:53,218|line:341| =========此为源动态=========
2026-03-12 17:30:55,802|line:362| *********子动态开始*********
2026-03-12 17:30:55,803|line:381| *********子动态结束*********
2026-03-12 17:30:55,803|line:537| -=-=-=-=处理回最初的动态-=-=-=-=
2026-03-12 17:31:03,124|line:475| 转发成功 1178961058135539736
2026-03-12 17:31:06,528|line:494| 评论发送成功
2026-03-12 17:31:09,924|line:424| 100680137 === 已经关注了
2026-03-12 17:31:13,252|line:503| 动态-点赞 OK
2026-03-12 17:31:14,252|line:519| https://t.bilibili.com/1178734348316180489
2026-03-12 17:31:14,253|line:521| 已有
2026-03-12 17:31:14,253|line:519| https://t.bilibili.com/1178818731474681879
2026-03-12 17:31:17,628|line:341| =========此为源动态=========
2026-03-12 17:31:20,978|line:362| *********子动态开始*********
2026-03-12 17:31:20,979|line:381| *********子动态结束*********
2026-03-12 17:31:20,979|line:537| -=-=-=-=处理回最初的动态-=-=-=-=
2026-03-12 17:31:32,202|line:475| 转发成功 1178961186949955590
2026-03-12 17:31:35,664|line:494| 评论发送成功
2026-03-12 17:31:37,134|line:424| 9535164 === 已经关注了
2026-03-12 17:31:40,603|line:503| 动态-点赞 OK
2026-03-12 17:31:41,604|line:519| https://t.bilibili.com/1178842929323573273
2026-03-12 17:31:41,604|line:521| 已有
2026-03-12 17:31:41,604|line:519| https://t.bilibili.com/1178841962966417411
2026-03-12 17:31:42,994|line:341| =========此为源动态=========
2026-03-12 17:31:44,527|line:362| *********子动态开始*********
2026-03-12 17:31:44,527|line:381| *********子动态结束*********
2026-03-12 17:31:44,527|line:537| -=-=-=-=处理回最初的动态-=-=-=-=
2026-03-12 17:31:51,717|line:475| 转发成功 1178961268597325827
2026-03-12 17:31:55,225|line:494| 评论发送成功
2026-03-12 17:31:57,621|line:424| 427487966 === 已经关注了
2026-03-12 17:32:00,952|line:503| 动态-点赞 OK
2026-03-12 17:32:04,953|line:519| https://t.bilibili.com/1178837098929586199
2026-03-12 17:32:09,359|line:341| =========此为源动态=========
2026-03-12 17:32:12,720|line:362| *********子动态开始*********
2026-03-12 17:32:12,720|line:381| *********子动态结束*********
2026-03-12 17:32:12,720|line:537| -=-=-=-=处理回最初的动态-=-=-=-=
2026-03-12 17:32:24,019|line:475| 转发成功 1178961405993287719
2026-03-12 17:32:27,491|line:494| 评论发送成功
2026-03-12 17:32:29,906|line:424| 3546733590087876 === 已经关注了
2026-03-12 17:32:33,240|line:503| 动态-点赞 OK
2026-03-12 17:32:36,241|line:519| https://t.bilibili.com/1178755150934704132
2026-03-12 17:32:39,548|line:341| =========此为源动态=========
2026-03-12 17:32:43,087|line:362| *********子动态开始*********
2026-03-12 17:32:43,088|line:381| *********子动态结束*********
2026-03-12 17:32:43,088|line:537| -=-=-=-=处理回最初的动态-=-=-=-=
2026-03-12 17:32:49,312|line:475| 转发成功 1178961517704380419
2026-03-12 17:32:52,776|line:494| 评论发送成功
2026-03-12 17:32:56,217|line:424| 5633240 === 已经关注了
2026-03-12 17:32:59,570|line:503| 动态-点赞 OK
2026-03-12 17:33:00,571|line:519| https://t.bilibili.com/1178800641088159751
2026-03-12 17:33:03,912|line:341| =========此为源动态=========
2026-03-12 17:33:05,288|line:362| *********子动态开始*********
2026-03-12 17:33:05,288|line:381| *********子动态结束*********
2026-03-12 17:33:05,288|line:537| -=-=-=-=处理回最初的动态-=-=-=-=
2026-03-12 17:33:14,620|line:475| 转发成功 1178961625049202712
2026-03-12 17:33:18,012|line:494| 评论发送成功
2026-03-12 17:33:22,446|line:424| 352063206 === 已经关注了
2026-03-12 17:33:25,815|line:503| 动态-点赞 OK
2026-03-12 17:33:26,815|line:552| 执行结束
2026-03-12 17:33:26,815|line:558| ==================================================2026-03-13 01:33==================================================
2026-03-12 17:33:26,816|line:232| processing article 46721825
2026-03-12 17:33:32,222|line:507| ==================================================2026-03-13 01:33==================================================
2026-03-12 17:33:32,222|line:519| https://t.bilibili.com/1170217668671701015
2026-03-12 17:33:35,624|line:526| 官方 或 预约 OUT！
2026-03-12 17:33:35,625|line:519| https://t.bilibili.com/1177724300795314182
2026-03-12 17:33:35,625|line:521| 已有
2026-03-12 17:33:35,625|line:519| https://t.bilibili.com/1177730704589455377
2026-03-12 17:33:39,931|line:526| 官方 或 预约 OUT！
2026-03-12 17:33:39,931|line:519| https://t.bilibili.com/1164040706827747348
2026-03-12 17:33:41,274|line:526| 官方 或 预约 OUT！
2026-03-12 17:33:41,274|line:519| https://t.bilibili.com/1174013388947193865
2026-03-12 17:33:45,588|line:526| 官方 或 预约 OUT！
2026-03-12 17:33:45,588|line:519| https://t.bilibili.com/1150635976473706514
2026-03-12 17:33:49,895|line:526| 官方 或 预约 OUT！
2026-03-12 17:33:49,895|line:519| https://t.bilibili.com/1168406687085756425
2026-03-12 17:33:53,245|line:526| 官方 或 预约 OUT！
2026-03-12 17:33:53,245|line:519| https://t.bilibili.com/1164984693400010770
2026-03-12 17:33:55,612|line:526| 官方 或 预约 OUT！
2026-03-12 17:33:55,612|line:519| https://t.bilibili.com/1176241562153123847
2026-03-12 17:33:59,952|line:526| 官方 或 预约 OUT！
2026-03-12 17:33:59,953|line:519| https://t.bilibili.com/1178387916241502217
2026-03-12 17:34:02,267|line:526| 官方 或 预约 OUT！
2026-03-12 17:34:02,268|line:519| https://t.bilibili.com/1176882371282075649
2026-03-12 17:34:06,583|line:526| 官方 或 预约 OUT！
2026-03-12 17:34:06,584|line:519| https://t.bilibili.com/1169670236413100035
2026-03-12 17:34:08,931|line:526| 官方 或 预约 OUT！
2026-03-12 17:34:08,931|line:519| https://t.bilibili.com/1178439198159405058
2026-03-12 17:34:10,322|line:526| 官方 或 预约 OUT！
2026-03-12 17:34:10,322|line:519| https://t.bilibili.com/1168088283982331945
2026-03-12 17:34:11,632|line:526| 官方 或 预约 OUT！
2026-03-12 17:34:11,633|line:519| https://t.bilibili.com/1178392816793944080
2026-03-12 17:34:14,951|line:526| 官方 或 预约 OUT！
2026-03-12 17:34:14,951|line:519| https://t.bilibili.com/1172440898330427396
2026-03-12 17:34:18,258|line:526| 官方 或 预约 OUT！
2026-03-12 17:34:18,258|line:519| https://t.bilibili.com/1169994712593989637
2026-03-12 17:34:20,600|line:526| 官方 或 预约 OUT！
2026-03-12 17:34:20,600|line:519| https://t.bilibili.com/1169104168286158865
2026-03-12 17:34:22,964|line:526| 官方 或 预约 OUT！
2026-03-12 17:34:22,965|line:519| https://t.bilibili.com/1178441912549376007
2026-03-12 17:34:26,308|line:526| 官方 或 预约 OUT！
2026-03-12 17:34:26,308|line:519| https://t.bilibili.com/1168149139405406229
2026-03-12 17:34:27,615|line:526| 官方 或 预约 OUT！
2026-03-12 17:34:27,615|line:519| https://t.bilibili.com/1175067116255051777
2026-03-12 17:34:31,958|line:526| 官方 或 预约 OUT！
2026-03-12 17:34:31,958|line:519| https://t.bilibili.com/1169206388510949380
2026-03-12 17:34:36,314|line:526| 官方 或 预约 OUT！
2026-03-12 17:34:36,315|line:519| https://t.bilibili.com/1158766847743492101
2026-03-12 17:34:36,315|line:521| 已有
2026-03-12 17:34:36,315|line:519| https://t.bilibili.com/1176517754288603200
2026-03-12 17:34:39,632|line:526| 官方 或 预约 OUT！
2026-03-12 17:34:39,632|line:519| https://t.bilibili.com/1169917626553466899
2026-03-12 17:34:39,632|line:521| 已有
2026-03-12 17:34:39,632|line:519| https://t.bilibili.com/1169118857122545664
2026-03-12 17:34:44,064|line:526| 官方 或 预约 OUT！
2026-03-12 17:34:44,065|line:519| https://t.bilibili.com/1177236422589939719
2026-03-12 17:34:46,383|line:526| 官方 或 预约 OUT！
2026-03-12 17:34:46,383|line:519| https://t.bilibili.com/1170163487627804677
2026-03-12 17:34:50,727|line:526| 官方 或 预约 OUT！
2026-03-12 17:34:50,727|line:519| https://t.bilibili.com/1168067805593993233
2026-03-12 17:34:55,037|line:526| 官方 或 预约 OUT！
2026-03-12 17:34:55,038|line:519| https://t.bilibili.com/1177996893839425552
2026-03-12 17:34:59,354|line:526| 官方 或 预约 OUT！
2026-03-12 17:34:59,355|line:519| https://t.bilibili.com/1174407336264990754
2026-03-12 17:35:00,699|line:526| 官方 或 预约 OUT！
2026-03-12 17:35:00,699|line:519| https://t.bilibili.com/1176500621691322374
2026-03-12 17:35:02,005|line:526| 官方 或 预约 OUT！
2026-03-12 17:35:02,006|line:519| https://t.bilibili.com/1175105367224352771
2026-03-12 17:35:02,006|line:521| 已有
2026-03-12 17:35:02,006|line:519| https://t.bilibili.com/1160695296654573584
2026-03-12 17:35:04,345|line:526| 官方 或 预约 OUT！
2026-03-12 17:35:04,346|line:519| https://t.bilibili.com/1173957258023796742
2026-03-12 17:35:07,653|line:526| 官方 或 预约 OUT！
2026-03-12 17:35:07,654|line:519| https://t.bilibili.com/1169414359460347908
2026-03-12 17:35:12,044|line:526| 官方 或 预约 OUT！
2026-03-12 17:35:12,044|line:552| 执行结束
2026-03-12 17:35:12,044|line:558| ==================================================2026-03-13 01:35==================================================
2026-03-12 17:35:12,044|line:232| processing article 46721699
2026-03-12 17:35:15,303|line:507| ==================================================2026-03-13 01:35==================================================
2026-03-12 17:35:15,303|line:519| https://t.bilibili.com/1175381413330944038
2026-03-12 17:35:16,616|line:526| 官方 或 预约 OUT！
2026-03-12 17:35:16,617|line:519| https://t.bilibili.com/1170217668671701015
2026-03-12 17:35:17,955|line:526| 官方 或 预约 OUT！
2026-03-12 17:35:17,955|line:519| https://t.bilibili.com/1178473987352559621
2026-03-12 17:35:22,596|line:526| 官方 或 预约 OUT！
2026-03-12 17:35:22,596|line:519| https://t.bilibili.com/1169988755463864340
2026-03-12 17:35:26,910|line:526| 官方 或 预约 OUT！
2026-03-12 17:35:26,911|line:519| https://t.bilibili.com/1177724300795314182
2026-03-12 17:35:26,911|line:521| 已有
2026-03-12 17:35:26,911|line:519| https://t.bilibili.com/1178736835082321944
2026-03-12 17:35:28,228|line:526| 官方 或 预约 OUT！
2026-03-12 17:35:28,228|line:519| https://t.bilibili.com/1178449046475374613
2026-03-12 17:35:28,228|line:521| 已有
2026-03-12 17:35:28,228|line:519| https://t.bilibili.com/1177712635677769729
2026-03-12 17:35:28,229|line:521| 已有
2026-03-12 17:35:28,229|line:519| https://t.bilibili.com/1178056306076942374
2026-03-12 17:35:32,572|line:526| 官方 或 预约 OUT！
2026-03-12 17:35:32,573|line:519| https://t.bilibili.com/1164984693400010770
2026-03-12 17:35:33,878|line:526| 官方 或 预约 OUT！
2026-03-12 17:35:33,878|line:519| https://t.bilibili.com/1176241562153123847
2026-03-12 17:35:36,187|line:526| 官方 或 预约 OUT！
2026-03-12 17:35:36,187|line:519| https://t.bilibili.com/1178103288750407721
2026-03-12 17:35:40,660|line:526| 官方 或 预约 OUT！
2026-03-12 17:35:40,660|line:519| https://t.bilibili.com/1178439198159405058
2026-03-12 17:35:43,975|line:526| 官方 或 预约 OUT！
2026-03-12 17:35:43,975|line:519| https://t.bilibili.com/1178392816793944080
2026-03-12 17:35:47,366|line:526| 官方 或 预约 OUT！
2026-03-12 17:35:47,366|line:519| https://t.bilibili.com/1169994712593989637
2026-03-12 17:35:48,709|line:526| 官方 或 预约 OUT！
2026-03-12 17:35:48,710|line:519| https://t.bilibili.com/1178441912549376007
2026-03-12 17:35:53,027|line:526| 官方 或 预约 OUT！
2026-03-12 17:35:53,027|line:519| https://t.bilibili.com/1168149139405406229
2026-03-12 17:35:54,368|line:526| 官方 或 预约 OUT！
2026-03-12 17:35:54,369|line:519| https://t.bilibili.com/1158766847743492101
2026-03-12 17:35:54,369|line:521| 已有
2026-03-12 17:35:54,369|line:519| https://t.bilibili.com/1175226764465537049
2026-03-12 17:35:55,734|line:526| 官方 或 预约 OUT！
2026-03-12 17:35:55,735|line:519| https://t.bilibili.com/1169917626553466899
2026-03-12 17:35:55,735|line:521| 已有
2026-03-12 17:35:55,735|line:519| https://t.bilibili.com/1177994742002089986
2026-03-12 17:35:59,052|line:526| 官方 或 预约 OUT！
2026-03-12 17:35:59,053|line:519| https://t.bilibili.com/1175412418733408261
2026-03-12 17:36:02,370|line:526| 官方 或 预约 OUT！
2026-03-12 17:36:02,370|line:519| https://t.bilibili.com/1175105367224352771
2026-03-12 17:36:02,370|line:521| 已有
2026-03-12 17:36:02,371|line:519| https://t.bilibili.com/1160695296654573584
2026-03-12 17:36:04,673|line:526| 官方 或 预约 OUT！
2026-03-12 17:36:04,674|line:519| https://t.bilibili.com/1177331367162150913
2026-03-12 17:36:04,674|line:521| 已有
2026-03-12 17:36:04,674|line:519| https://t.bilibili.com/1178460385232027667
2026-03-12 17:36:07,019|line:526| 官方 或 预约 OUT！
2026-03-12 17:36:07,020|line:519| https://t.bilibili.com/1178009976268914689
2026-03-12 17:36:10,328|line:526| 官方 或 预约 OUT！
2026-03-12 17:36:10,328|line:519| https://t.bilibili.com/1170290927890071561
2026-03-12 17:36:11,677|line:526| 官方 或 预约 OUT！
2026-03-12 17:36:11,677|line:519| https://t.bilibili.com/1178081358655782931
2026-03-12 17:36:11,677|line:521| 已有
2026-03-12 17:36:11,678|line:519| https://t.bilibili.com/1175405181679960087
2026-03-12 17:36:13,024|line:526| 官方 或 预约 OUT！
2026-03-12 17:36:13,025|line:519| https://t.bilibili.com/1175484891976957957
2026-03-12 17:36:15,425|line:526| 官方 或 预约 OUT！
2026-03-12 17:36:15,425|line:519| https://t.bilibili.com/1178009894685507721
2026-03-12 17:36:16,755|line:526| 官方 或 预约 OUT！
2026-03-12 17:36:16,755|line:552| 执行结束
2026-03-12 17:36:16,756|line:558| ==================================================2026-03-13 01:36==================================================
2026-03-12 17:36:16,756|line:232| processing article 46694500
2026-03-12 17:36:22,029|line:507| ==================================================2026-03-13 01:36==================================================
2026-03-12 17:36:22,029|line:519| https://t.bilibili.com/1178098547120144385
2026-03-12 17:36:22,029|line:521| 已有
2026-03-12 17:36:22,029|line:519| https://t.bilibili.com/1177351703830200345
2026-03-12 17:36:22,030|line:521| 已有
2026-03-12 17:36:22,030|line:519| https://t.bilibili.com/1177724300795314182
2026-03-12 17:36:22,030|line:521| 已有
2026-03-12 17:36:22,030|line:519| https://t.bilibili.com/1177236794144456705
2026-03-12 17:36:22,030|line:521| 已有
2026-03-12 17:36:22,030|line:519| https://t.bilibili.com/1175366823343816710
2026-03-12 17:36:23,510|line:526| 官方 或 预约 OUT！
2026-03-12 17:36:23,511|line:519| https://t.bilibili.com/1176623870059216903
2026-03-12 17:36:23,511|line:521| 已有
2026-03-12 17:36:23,511|line:519| https://t.bilibili.com/1169832098732703750
2026-03-12 17:36:23,511|line:521| 已有
2026-03-12 17:36:23,511|line:519| https://t.bilibili.com/1177619314676596740
2026-03-12 17:36:23,511|line:521| 已有
2026-03-12 17:36:23,511|line:519| https://t.bilibili.com/1175434507747065856
2026-03-12 17:36:23,511|line:521| 已有
2026-03-12 17:36:23,511|line:519| https://t.bilibili.com/1165741436567552037
2026-03-12 17:36:23,512|line:521| 已有
2026-03-12 17:36:23,512|line:519| https://t.bilibili.com/1177723843426385929
2026-03-12 17:36:23,512|line:521| 已有
2026-03-12 17:36:23,512|line:519| https://t.bilibili.com/1176550387471089665
2026-03-12 17:36:23,512|line:521| 已有
2026-03-12 17:36:23,512|line:519| https://t.bilibili.com/1164984693400010770
2026-03-12 17:36:24,841|line:526| 官方 或 预约 OUT！
2026-03-12 17:36:24,841|line:519| https://t.bilibili.com/1176241562153123847
2026-03-12 17:36:29,184|line:526| 官方 或 预约 OUT！
2026-03-12 17:36:29,184|line:519| https://t.bilibili.com/1178071735778410626
2026-03-12 17:36:29,184|line:521| 已有
2026-03-12 17:36:29,184|line:519| https://t.bilibili.com/1165087051076337673
2026-03-12 17:36:29,184|line:521| 已有
2026-03-12 17:36:29,184|line:519| https://t.bilibili.com/1165822800395501569
2026-03-12 17:36:33,526|line:526| 官方 或 预约 OUT！
2026-03-12 17:36:33,526|line:519| https://t.bilibili.com/1175896865231601685
2026-03-12 17:36:36,866|line:526| 官方 或 预约 OUT！
2026-03-12 17:36:36,866|line:519| https://t.bilibili.com/1178040943010381826
2026-03-12 17:36:36,866|line:521| 已有
2026-03-12 17:36:36,866|line:519| https://t.bilibili.com/1178439198159405058
2026-03-12 17:36:39,209|line:526| 官方 或 预约 OUT！
2026-03-12 17:36:39,210|line:519| https://t.bilibili.com/1176631738482294785
2026-03-12 17:36:39,210|line:521| 已有
2026-03-12 17:36:39,210|line:519| https://t.bilibili.com/1177731574366470161
2026-03-12 17:36:39,210|line:521| 已有
2026-03-12 17:36:39,210|line:519| https://t.bilibili.com/1177611094045229064
2026-03-12 17:36:39,210|line:521| 已有
2026-03-12 17:36:39,210|line:519| https://t.bilibili.com/1168353942756655111
2026-03-12 17:36:39,211|line:521| 已有
2026-03-12 17:36:39,211|line:519| https://t.bilibili.com/1176596244863123475
2026-03-12 17:36:39,211|line:521| 已有
2026-03-12 17:36:39,211|line:519| https://t.bilibili.com/1165794689880686611
2026-03-12 17:36:39,211|line:521| 已有
2026-03-12 17:36:39,211|line:519| https://t.bilibili.com/1177394400120012823
2026-03-12 17:36:39,211|line:521| 已有
2026-03-12 17:36:39,211|line:519| https://t.bilibili.com/1177215192574984199
2026-03-12 17:36:41,552|line:526| 官方 或 预约 OUT！
2026-03-12 17:36:41,552|line:519| https://t.bilibili.com/1176671561375023143
2026-03-12 17:36:41,553|line:521| 已有
2026-03-12 17:36:41,553|line:519| https://t.bilibili.com/1168149139405406229
2026-03-12 17:36:43,861|line:526| 官方 或 预约 OUT！
2026-03-12 17:36:43,861|line:519| https://t.bilibili.com/1158766847743492101
2026-03-12 17:36:43,861|line:521| 已有
2026-03-12 17:36:43,861|line:519| https://t.bilibili.com/1176812041165340675
2026-03-12 17:36:43,861|line:521| 已有
2026-03-12 17:36:43,862|line:519| https://t.bilibili.com/1175945286703382546
2026-03-12 17:36:46,200|line:526| 官方 或 预约 OUT！
2026-03-12 17:36:46,201|line:519| https://t.bilibili.com/1169917626553466899
2026-03-12 17:36:46,201|line:521| 已有
2026-03-12 17:36:46,201|line:519| https://t.bilibili.com/1178421618827853841
2026-03-12 17:36:46,201|line:521| 已有
2026-03-12 17:36:46,201|line:519| https://t.bilibili.com/1178386279871545349
2026-03-12 17:36:46,201|line:521| 已有
2026-03-12 17:36:46,201|line:519| https://t.bilibili.com/1177838224814374916
2026-03-12 17:36:46,201|line:521| 已有
2026-03-12 17:36:46,201|line:519| https://t.bilibili.com/1178470894988689413
2026-03-12 17:36:46,202|line:521| 已有
2026-03-12 17:36:46,202|line:519| https://t.bilibili.com/1177467577740296199
2026-03-12 17:36:46,202|line:521| 已有
2026-03-12 17:36:46,202|line:519| https://t.bilibili.com/1178207931345141762
2026-03-12 17:36:46,202|line:521| 已有
2026-03-12 17:36:46,202|line:519| https://t.bilibili.com/1175105367224352771
2026-03-12 17:36:46,202|line:521| 已有
2026-03-12 17:36:46,202|line:519| https://t.bilibili.com/1160695296654573584
2026-03-12 17:36:50,520|line:526| 官方 或 预约 OUT！
2026-03-12 17:36:50,520|line:519| https://t.bilibili.com/1175375812736581633
2026-03-12 17:36:53,833|line:526| 官方 或 预约 OUT！
2026-03-12 17:36:53,833|line:552| 执行结束
2026-03-12 17:36:53,833|line:558| ==================================================2026-03-13 01:36==================================================
2026-03-12 17:36:53,833|line:232| processing article 46689656
2026-03-12 17:36:58,207|line:507| ==================================================2026-03-13 01:36==================================================
2026-03-12 17:36:58,208|line:519| https://t.bilibili.com/1178350090426777605
2026-03-12 17:36:58,208|line:521| 已有
2026-03-12 17:36:58,208|line:519| https://t.bilibili.com/1177724300795314182
2026-03-12 17:36:58,208|line:521| 已有
2026-03-12 17:36:58,208|line:519| https://t.bilibili.com/1178459547698724903
2026-03-12 17:36:58,208|line:521| 已有
2026-03-12 17:36:58,208|line:519| https://t.bilibili.com/1178380973431062530
2026-03-12 17:36:58,208|line:521| 已有
2026-03-12 17:36:58,208|line:519| https://t.bilibili.com/1178350049624588313
2026-03-12 17:36:58,209|line:521| 已有
2026-03-12 17:36:58,209|line:519| https://t.bilibili.com/1178449046475374613
2026-03-12 17:36:58,209|line:521| 已有
2026-03-12 17:36:58,209|line:519| https://t.bilibili.com/1178412099050668050
2026-03-12 17:36:59,595|line:526| 官方 或 预约 OUT！
2026-03-12 17:36:59,595|line:519| https://t.bilibili.com/1178400264239972376
2026-03-12 17:37:00,905|line:526| 官方 或 预约 OUT！
2026-03-12 17:37:00,905|line:519| https://t.bilibili.com/1178483169985298441
2026-03-12 17:37:00,906|line:521| 已有
2026-03-12 17:37:00,906|line:519| https://t.bilibili.com/1178358358244065287
2026-03-12 17:37:00,906|line:521| 已有
2026-03-12 17:37:00,906|line:519| https://t.bilibili.com/1178431422080221184
2026-03-12 17:37:05,209|line:526| 官方 或 预约 OUT！
2026-03-12 17:37:05,209|line:519| https://t.bilibili.com/1178514007874600969
2026-03-12 17:37:05,209|line:521| 已有
2026-03-12 17:37:05,209|line:519| https://t.bilibili.com/1178458282799398933
2026-03-12 17:37:05,210|line:521| 已有
2026-03-12 17:37:05,210|line:519| https://t.bilibili.com/1178510473128050696
2026-03-12 17:37:05,210|line:521| 已有
2026-03-12 17:37:05,210|line:519| https://t.bilibili.com/1164984693400010770
2026-03-12 17:37:07,552|line:526| 官方 或 预约 OUT！
2026-03-12 17:37:07,553|line:519| https://t.bilibili.com/1176241562153123847
2026-03-12 17:37:10,896|line:526| 官方 或 预约 OUT！
2026-03-12 17:37:10,897|line:519| https://t.bilibili.com/1178071735778410626
2026-03-12 17:37:10,897|line:521| 已有
2026-03-12 17:37:10,897|line:519| https://t.bilibili.com/1178380973393313795
2026-03-12 17:37:10,897|line:521| 已有
2026-03-12 17:37:10,897|line:519| https://t.bilibili.com/1178334589930700802
2026-03-12 17:37:10,897|line:521| 已有
2026-03-12 17:37:10,898|line:519| https://t.bilibili.com/1178446216137015302
2026-03-12 17:37:12,260|line:526| 官方 或 预约 OUT！
2026-03-12 17:37:12,260|line:519| https://t.bilibili.com/1178420132775460887
2026-03-12 17:37:12,260|line:521| 已有
2026-03-12 17:37:12,260|line:519| https://t.bilibili.com/1178385072980492325
2026-03-12 17:37:16,582|line:526| 官方 或 预约 OUT！
2026-03-12 17:37:16,582|line:519| https://t.bilibili.com/1178406358838411283
2026-03-12 17:37:16,583|line:521| 已有
2026-03-12 17:37:16,583|line:519| https://t.bilibili.com/1178415852868861969
2026-03-12 17:37:18,897|line:526| 官方 或 预约 OUT！
2026-03-12 17:37:18,897|line:519| https://t.bilibili.com/1178452521128034337
2026-03-12 17:37:21,380|line:526| 官方 或 预约 OUT！
2026-03-12 17:37:21,381|line:519| https://t.bilibili.com/1178470826295427075
2026-03-12 17:37:21,381|line:521| 已有
2026-03-12 17:37:21,381|line:519| https://t.bilibili.com/1178057336916279318
2026-03-12 17:37:21,381|line:521| 已有
2026-03-12 17:37:21,381|line:519| https://t.bilibili.com/1178350047477104647
2026-03-12 17:37:21,381|line:521| 已有
2026-03-12 17:37:21,382|line:519| https://t.bilibili.com/1178513943464771601
2026-03-12 17:37:21,382|line:521| 已有
2026-03-12 17:37:21,382|line:519| https://t.bilibili.com/1178439198159405058
2026-03-12 17:37:23,721|line:526| 官方 或 预约 OUT！
2026-03-12 17:37:23,721|line:519| https://t.bilibili.com/1178369061324587013
2026-03-12 17:37:25,031|line:526| 官方 或 预约 OUT！
2026-03-12 17:37:25,032|line:519| https://t.bilibili.com/1178388704356466694
2026-03-12 17:37:25,032|line:521| 已有
2026-03-12 17:37:25,032|line:519| https://t.bilibili.com/1178091142579748886
2026-03-12 17:37:25,032|line:521| 已有
2026-03-12 17:37:25,032|line:519| https://t.bilibili.com/1178442820944396289
2026-03-12 17:37:25,032|line:521| 已有
2026-03-12 17:37:25,032|line:519| https://t.bilibili.com/1178435414290071588
2026-03-12 17:37:25,032|line:521| 已有
2026-03-12 17:37:25,032|line:519| https://t.bilibili.com/1178475739686633504
2026-03-12 17:37:25,033|line:521| 已有
2026-03-12 17:37:25,033|line:519| https://t.bilibili.com/1178473845632270400
2026-03-12 17:37:28,375|line:526| 官方 或 预约 OUT！
2026-03-12 17:37:28,375|line:519| https://t.bilibili.com/1178427599584493606
2026-03-12 17:37:29,760|line:526| 官方 或 预约 OUT！
2026-03-12 17:37:29,760|line:519| https://t.bilibili.com/1178360054779215880
2026-03-12 17:37:31,063|line:526| 官方 或 预约 OUT！
2026-03-12 17:37:31,064|line:519| https://t.bilibili.com/1177215192574984199
2026-03-12 17:37:35,377|line:526| 官方 或 预约 OUT！
2026-03-12 17:37:35,377|line:519| https://t.bilibili.com/1168149139405406229
2026-03-12 17:37:36,716|line:526| 官方 或 预约 OUT！
2026-03-12 17:37:36,716|line:519| https://t.bilibili.com/1178380973436305408
2026-03-12 17:37:36,717|line:521| 已有
2026-03-12 17:37:36,717|line:519| https://t.bilibili.com/1158766847743492101
2026-03-12 17:37:36,717|line:521| 已有
2026-03-12 17:37:36,717|line:519| https://t.bilibili.com/1178357503550816265
2026-03-12 17:37:36,717|line:521| 已有
2026-03-12 17:37:36,717|line:519| https://t.bilibili.com/1175945286703382546
2026-03-12 17:37:41,051|line:526| 官方 或 预约 OUT！
2026-03-12 17:37:41,051|line:519| https://t.bilibili.com/1177283873388625925
2026-03-12 17:37:43,417|line:526| 官方 或 预约 OUT！
2026-03-12 17:37:43,417|line:519| https://t.bilibili.com/1178417216472743953
2026-03-12 17:37:43,417|line:521| 已有
2026-03-12 17:37:43,418|line:519| https://t.bilibili.com/1169917626553466899
2026-03-12 17:37:43,418|line:521| 已有
2026-03-12 17:37:43,418|line:519| https://t.bilibili.com/1178421618827853841
2026-03-12 17:37:43,418|line:521| 已有
2026-03-12 17:37:43,418|line:519| https://t.bilibili.com/1178419808529547264
2026-03-12 17:37:47,724|line:526| 官方 或 预约 OUT！
2026-03-12 17:37:47,725|line:519| https://t.bilibili.com/1178386279871545349
2026-03-12 17:37:47,725|line:521| 已有
2026-03-12 17:37:47,725|line:519| https://t.bilibili.com/1178161056028033048
2026-03-12 17:37:47,725|line:521| 已有
2026-03-12 17:37:47,725|line:519| https://t.bilibili.com/1178470894988689413
2026-03-12 17:37:47,725|line:521| 已有
2026-03-12 17:37:47,725|line:519| https://t.bilibili.com/1178422151382827056
2026-03-12 17:37:47,726|line:521| 已有
2026-03-12 17:37:47,726|line:519| https://t.bilibili.com/1178207931345141762
2026-03-12 17:37:47,726|line:521| 已有
2026-03-12 17:37:47,726|line:519| https://t.bilibili.com/1178357780565721110
2026-03-12 17:37:47,726|line:521| 已有
2026-03-12 17:37:47,726|line:519| https://t.bilibili.com/1178494367002787856
2026-03-12 17:37:52,067|line:526| 官方 或 预约 OUT！
2026-03-12 17:37:52,067|line:519| https://t.bilibili.com/1178350511335669763
2026-03-12 17:37:52,067|line:521| 已有
2026-03-12 17:37:52,067|line:519| https://t.bilibili.com/1160695296654573584
2026-03-12 17:37:55,549|line:526| 官方 或 预约 OUT！
2026-03-12 17:37:55,549|line:519| https://t.bilibili.com/1175105367224352771
2026-03-12 17:37:55,549|line:521| 已有
2026-03-12 17:37:55,549|line:519| https://t.bilibili.com/1178405778980077571
2026-03-12 17:37:55,549|line:521| 已有
2026-03-12 17:37:55,549|line:519| https://t.bilibili.com/1178423635325485065
2026-03-12 17:37:56,890|line:526| 官方 或 预约 OUT！
2026-03-12 17:37:56,890|line:519| https://t.bilibili.com/1178459530517807111
2026-03-12 17:37:59,231|line:526| 官方 或 预约 OUT！
2026-03-12 17:37:59,232|line:519| https://t.bilibili.com/1177969642215309333
2026-03-12 17:37:59,232|line:521| 已有
2026-03-12 17:37:59,232|line:519| https://t.bilibili.com/1178357787018657847
2026-03-12 17:37:59,232|line:521| 已有
2026-03-12 17:37:59,232|line:519| https://t.bilibili.com/1178450382258438183
2026-03-12 17:37:59,232|line:521| 已有
2026-03-12 17:37:59,232|line:519| https://t.bilibili.com/1178372853764980745
2026-03-12 17:37:59,232|line:521| 已有
2026-03-12 17:37:59,233|line:519| https://t.bilibili.com/1178435236053123075
2026-03-12 17:38:01,572|line:526| 官方 或 预约 OUT！
2026-03-12 17:38:01,573|line:552| 执行结束
2026-03-12 17:38:01,573|line:558| ==================================================2026-03-13 01:38==================================================
2026-03-12 17:38:01,573|line:232| processing article 46680455
2026-03-12 17:38:05,955|line:507| ==================================================2026-03-13 01:38==================================================
2026-03-12 17:38:05,956|line:519| https://t.bilibili.com/1176245771237851157
2026-03-12 17:38:10,369|line:526| 官方 或 预约 OUT！
2026-03-12 17:38:10,369|line:519| https://t.bilibili.com/1177724300795314182
2026-03-12 17:38:10,369|line:521| 已有
2026-03-12 17:38:10,369|line:519| https://t.bilibili.com/1177730704589455377
2026-03-12 17:38:11,678|line:526| 官方 或 预约 OUT！
2026-03-12 17:38:11,679|line:519| https://t.bilibili.com/1164040706827747348
2026-03-12 17:38:14,073|line:526| 官方 或 预约 OUT！
2026-03-12 17:38:14,074|line:519| https://t.bilibili.com/1174013388947193865
2026-03-12 17:38:18,390|line:526| 官方 或 预约 OUT！
2026-03-12 17:38:18,390|line:519| https://t.bilibili.com/1150635976473706514
2026-03-12 17:38:20,819|line:526| 官方 或 预约 OUT！
2026-03-12 17:38:20,819|line:519| https://t.bilibili.com/1168406687085756425
2026-03-12 17:38:23,126|line:526| 官方 或 预约 OUT！
2026-03-12 17:38:23,126|line:519| https://t.bilibili.com/1176245590859710481
2026-03-12 17:38:27,469|line:526| 官方 或 预约 OUT！
2026-03-12 17:38:27,470|line:519| https://t.bilibili.com/1164984693400010770
2026-03-12 17:38:28,825|line:526| 官方 或 预约 OUT！
2026-03-12 17:38:28,825|line:519| https://t.bilibili.com/1176241562153123847
2026-03-12 17:38:30,133|line:526| 官方 或 预约 OUT！
2026-03-12 17:38:30,133|line:519| https://t.bilibili.com/1178387916241502217
2026-03-12 17:38:34,510|line:526| 官方 或 预约 OUT！
2026-03-12 17:38:34,511|line:519| https://t.bilibili.com/1176882371282075649
2026-03-12 17:38:35,854|line:526| 官方 或 预约 OUT！
2026-03-12 17:38:35,854|line:519| https://t.bilibili.com/1178074216129364023
2026-03-12 17:38:39,195|line:526| 官方 或 预约 OUT！
2026-03-12 17:38:39,195|line:519| https://t.bilibili.com/1169670236413100035
2026-03-12 17:38:42,505|line:526| 官方 或 预约 OUT！
2026-03-12 17:38:42,505|line:519| https://t.bilibili.com/1178439198159405058
2026-03-12 17:38:44,876|line:526| 官方 或 预约 OUT！
2026-03-12 17:38:44,876|line:519| https://t.bilibili.com/1168088283982331945
2026-03-12 17:38:49,193|line:526| 官方 或 预约 OUT！
2026-03-12 17:38:49,194|line:519| https://t.bilibili.com/1173270883581558805
2026-03-12 17:38:51,518|line:526| 官方 或 预约 OUT！
2026-03-12 17:38:51,519|line:519| https://t.bilibili.com/1172440898330427396
2026-03-12 17:38:54,859|line:526| 官方 或 预约 OUT！
2026-03-12 17:38:54,860|line:519| https://t.bilibili.com/1175419282057592898
2026-03-12 17:38:56,201|line:526| 官方 或 预约 OUT！
2026-03-12 17:38:56,201|line:519| https://t.bilibili.com/1169104168286158865
2026-03-12 17:38:58,520|line:526| 官方 或 预约 OUT！
2026-03-12 17:38:58,521|line:519| https://t.bilibili.com/1168438993855971400
2026-03-12 17:39:00,007|line:526| 官方 或 预约 OUT！
2026-03-12 17:39:00,007|line:519| https://t.bilibili.com/1178005797305581570
2026-03-12 17:39:03,325|line:526| 官方 或 预约 OUT！
2026-03-12 17:39:03,326|line:519| https://t.bilibili.com/1168149139405406229
2026-03-12 17:39:07,693|line:526| 官方 或 预约 OUT！
2026-03-12 17:39:07,693|line:519| https://t.bilibili.com/1175067116255051777
2026-03-12 17:39:10,038|line:526| 官方 或 预约 OUT！
2026-03-12 17:39:10,039|line:519| https://t.bilibili.com/1169206388510949380
2026-03-12 17:39:11,383|line:526| 官方 或 预约 OUT！
2026-03-12 17:39:11,383|line:519| https://t.bilibili.com/1158766847743492101
2026-03-12 17:39:11,383|line:521| 已有
2026-03-12 17:39:11,383|line:519| https://t.bilibili.com/1174020879355478040
2026-03-12 17:39:12,703|line:526| 官方 或 预约 OUT！
2026-03-12 17:39:12,703|line:519| https://t.bilibili.com/1176517754288603200
2026-03-12 17:39:14,020|line:526| 官方 或 预约 OUT！
2026-03-12 17:39:14,021|line:519| https://t.bilibili.com/1169917626553466899
2026-03-12 17:39:14,021|line:521| 已有
2026-03-12 17:39:14,021|line:519| https://t.bilibili.com/1169118857122545664
2026-03-12 17:39:15,337|line:526| 官方 或 预约 OUT！
2026-03-12 17:39:15,338|line:519| https://t.bilibili.com/1177236422589939719
2026-03-12 17:39:18,673|line:526| 官方 或 预约 OUT！
2026-03-12 17:39:18,673|line:519| https://t.bilibili.com/1170163487627804677
2026-03-12 17:39:20,998|line:526| 官方 或 预约 OUT！
2026-03-12 17:39:20,998|line:519| https://t.bilibili.com/1168067805593993233
2026-03-12 17:39:25,312|line:526| 官方 或 预约 OUT！
2026-03-12 17:39:25,312|line:519| https://t.bilibili.com/1177996893839425552
2026-03-12 17:39:28,695|line:526| 官方 或 预约 OUT！
2026-03-12 17:39:28,696|line:519| https://t.bilibili.com/1174407336264990754
2026-03-12 17:39:33,043|line:526| 官方 或 预约 OUT！
2026-03-12 17:39:33,043|line:519| https://t.bilibili.com/1176500621691322374
2026-03-12 17:39:37,411|line:526| 官方 或 预约 OUT！
2026-03-12 17:39:37,412|line:519| https://t.bilibili.com/1175105367224352771
2026-03-12 17:39:37,412|line:521| 已有
2026-03-12 17:39:37,412|line:519| https://t.bilibili.com/1160695296654573584
2026-03-12 17:39:38,752|line:526| 官方 或 预约 OUT！
2026-03-12 17:39:38,752|line:519| https://t.bilibili.com/1173957258023796742
2026-03-12 17:39:40,096|line:526| 官方 或 预约 OUT！
2026-03-12 17:39:40,096|line:519| https://t.bilibili.com/1177722720269369350
2026-03-12 17:39:43,410|line:526| 官方 或 预约 OUT！
2026-03-12 17:39:43,410|line:519| https://t.bilibili.com/1169414359460347908
2026-03-12 17:39:47,754|line:526| 官方 或 预约 OUT！
2026-03-12 17:39:47,754|line:552| 执行结束
2026-03-12 17:39:47,755|line:558| ==================================================2026-03-13 01:39==================================================
2026-03-12 17:39:47,755|line:232| processing article 46680316
2026-03-12 17:39:51,966|line:507| ==================================================2026-03-13 01:39==================================================
2026-03-12 17:39:51,967|line:519| https://t.bilibili.com/1176960848886759447
2026-03-12 17:39:51,967|line:521| 已有
2026-03-12 17:39:51,967|line:519| https://t.bilibili.com/1177724300795314182
2026-03-12 17:39:51,967|line:521| 已有
2026-03-12 17:39:51,967|line:519| https://t.bilibili.com/1176896639180210227
2026-03-12 17:39:56,310|line:526| 官方 或 预约 OUT！
2026-03-12 17:39:56,310|line:519| https://t.bilibili.com/1177712635677769729
2026-03-12 17:39:56,310|line:521| 已有
2026-03-12 17:39:56,310|line:519| https://t.bilibili.com/1171701597018783745
2026-03-12 17:39:57,656|line:526| 官方 或 预约 OUT！
2026-03-12 17:39:57,657|line:519| https://t.bilibili.com/1164984693400010770
2026-03-12 17:40:02,052|line:526| 官方 或 预约 OUT！
2026-03-12 17:40:02,052|line:519| https://t.bilibili.com/1176241562153123847
2026-03-12 17:40:05,552|line:526| 官方 或 预约 OUT！
2026-03-12 17:40:05,553|line:519| https://t.bilibili.com/1175010439818379264
2026-03-12 17:40:07,903|line:526| 官方 或 预约 OUT！
2026-03-12 17:40:07,903|line:519| https://t.bilibili.com/1178387916241502217
2026-03-12 17:40:10,245|line:526| 官方 或 预约 OUT！
2026-03-12 17:40:10,246|line:519| https://t.bilibili.com/1174670033624760321
2026-03-12 17:40:11,591|line:526| 官方 或 预约 OUT！
2026-03-12 17:40:11,591|line:519| https://t.bilibili.com/1178074216129364023
2026-03-12 17:40:12,903|line:526| 官方 或 预约 OUT！
2026-03-12 17:40:12,903|line:519| https://t.bilibili.com/1176200850158125140
2026-03-12 17:40:14,221|line:526| 官方 或 预约 OUT！
2026-03-12 17:40:14,221|line:519| https://t.bilibili.com/1178439198159405058
2026-03-12 17:40:15,561|line:526| 官方 或 预约 OUT！
2026-03-12 17:40:15,561|line:519| https://t.bilibili.com/1172440898330427396
2026-03-12 17:40:18,876|line:526| 官方 或 预约 OUT！
2026-03-12 17:40:18,877|line:519| https://t.bilibili.com/1178049434171211784
2026-03-12 17:40:23,186|line:526| 官方 或 预约 OUT！
2026-03-12 17:40:23,186|line:519| https://t.bilibili.com/1176592405136146434
2026-03-12 17:40:23,186|line:521| 已有
2026-03-12 17:40:23,186|line:519| https://t.bilibili.com/1168149139405406229
2026-03-12 17:40:27,525|line:526| 官方 或 预约 OUT！
2026-03-12 17:40:27,525|line:519| https://t.bilibili.com/1158766847743492101
2026-03-12 17:40:27,525|line:521| 已有
2026-03-12 17:40:27,526|line:519| https://t.bilibili.com/1170031735242489905
2026-03-12 17:40:30,867|line:526| 官方 或 预约 OUT！
2026-03-12 17:40:30,868|line:519| https://t.bilibili.com/1169917626553466899
2026-03-12 17:40:30,868|line:521| 已有
2026-03-12 17:40:30,868|line:519| https://t.bilibili.com/1177236422589939719
2026-03-12 17:40:33,212|line:526| 官方 或 预约 OUT！
2026-03-12 17:40:33,213|line:519| https://t.bilibili.com/1170163487627804677
2026-03-12 17:40:36,556|line:526| 官方 或 预约 OUT！
2026-03-12 17:40:36,557|line:519| https://t.bilibili.com/1177996893839425552
2026-03-12 17:40:37,877|line:526| 官方 或 预约 OUT！
2026-03-12 17:40:37,877|line:519| https://t.bilibili.com/1176500621691322374
2026-03-12 17:40:39,213|line:526| 官方 或 预约 OUT！
2026-03-12 17:40:39,214|line:519| https://t.bilibili.com/1175105367224352771
2026-03-12 17:40:39,214|line:521| 已有
2026-03-12 17:40:39,214|line:519| https://t.bilibili.com/1160695296654573584
2026-03-12 17:40:40,553|line:526| 官方 或 预约 OUT！
2026-03-12 17:40:40,553|line:519| https://t.bilibili.com/1177331367162150913
2026-03-12 17:40:40,553|line:521| 已有
2026-03-12 17:40:40,553|line:519| https://t.bilibili.com/1174376476868345862
2026-03-12 17:40:41,861|line:526| 官方 或 预约 OUT！
2026-03-12 17:40:41,862|line:519| https://t.bilibili.com/1177267745826275344
2026-03-12 17:40:46,166|line:526| 官方 或 预约 OUT！
2026-03-12 17:40:46,167|line:519| https://t.bilibili.com/1177640901133991942
2026-03-12 17:40:49,510|line:526| 官方 或 预约 OUT！
2026-03-12 17:40:49,511|line:552| 执行结束
2026-03-12 17:40:49,511|line:558| ==================================================2026-03-13 01:40==================================================
2026-03-12 17:40:57,470|line:578| ('reply: ', '吓死我啦芙莱', '并不是')
2026-03-12 17:40:57,470|line:578| ('reply: ', '花生十三-公考行测', '68')
2026-03-12 17:40:57,470|line:578| ('reply: ', '三鹿七茸猫尾巴', '[夏诺雅表情包_？？？]')
2026-03-12 17:40:57,470|line:578| ('reply: ', '小闪闪bling', 'hhh腾子买库洛让我感觉他自己有点不太想出大世界了')
2026-03-12 17:40:57,470|line:578| ('reply: ', '魔改后远野汉娜', '不是，这……')
2026-03-12 17:40:57,471|line:578| ('reply: ', '好像都是一个人', '你在说什么')
2026-03-12 17:40:57,471|line:578| ('reply: ', '目标咨询', '太宠粉了啊')
2026-03-12 17:40:57,471|line:578| ('reply: ', '数玩工场', '祝你成功')
2026-03-12 17:40:57,471|line:578| ('reply: ', '益家有小佰', '恭喜宝子，获得小电视月度会员1份和克刻冰冰猴喉糖随机口味1份～记得私信小佰提供信息哦~')
2026-03-12 17:40:57,471|line:578| ('reply: ', '圆环之理-Madoka', '是的')
2026-03-12 17:40:57,471|line:578| ('reply: ', '兰的三姨', '这就是银河巨星的实力！')
2026-03-12 17:40:57,471|line:578| ('reply: ', '花园百合铃音', '有男不玩，我只吃麻辣火锅，xxn滚[吃瓜]')
2026-03-12 17:40:57,471|line:578| ('reply: ', '是绝赞的阿鬼', '[tv_难过]')
2026-03-12 17:40:57,471|line:578| ('reply: ', '桃稚不幼稚', '还行')
2026-03-12 17:40:57,472|line:578| ('reply: ', '陌罔子吖', '佬，这个报名有啥条件不。最近太非了，想下次报来抽[脱单doge][脱单doge][脱单doge]')
2026-03-12 17:40:57,472|line:578| ('reply: ', '太二酸菜鱼', '恭喜成为本期欧皇[打call]获得【肥龙联名显眼包】1份，在收到本信息的两天内回复哥的私信哦~逾期哥就自己收啦！[脱单doge]')
2026-03-12 17:40:57,472|line:578| ('reply: ', '得一想二的松鼠', '中奖分我一半')
2026-03-12 17:40:57,472|line:578| ('reply: ', '佑凉Uriyoo', '谢谢！！！[UP_24967030_感恩]')
2026-03-12 17:40:57,472|line:578| ('reply: ', '岛莓祁', '好耶')
2026-03-12 17:40:57,472|line:578| ('reply: ', '苏酥_SUSU_', 'https://b23.tv/3HJcDkm')
2026-03-12 17:41:00,813|line:587| ('at: ', '电脑报', '恭喜@小小Shaun UID：1090970340，@-叶晓吖  UID：22437099  获得 【电竞大礼包】1份， 请在三日内私信我')
2026-03-12 17:41:00,813|line:587| ('at: ', '联想拯救者官方', '是我喜欢的奖品名单 直接开奖 上 趁现在没人偷摸开个奖 恭喜这些小伙伴 【拯救者7.1声卡H7游戏耳机】获奖名单 @泪水打湿猪脚饭o @xoomoon @小小Shaun @T山海连云T @超超超超薄脆饼干 @BerboomC 【拯救者C140氮化镓适配器】获奖名单 @改个天凉好个秋 @夜猫子牙不好 @LLL好久不见 @林殇倾慕婉 @今天也要拥抱微风 @洳不及我万一 @胜利の天平 【白金独角兽电竞鼠标】获奖名单 @底片上的诗旅人 【拯救者C170氮化镓适配器】获奖名单 @麦當劳无限好 @無名丶の辈 @任性的提莫 @广东有暖风 由于B站私信规则修改 我会私信中奖的小伙伴一条消息，还请注意查收并回复我您的收货地址与联系方式，奖品基本会在私信您信息后的三十个工作日内发货')
2026-03-12 17:41:00,813|line:587| ('at: ', 'Apexgaming艾湃电竞', '恭喜 @小小Shaun 获得饮料一份，三天内联系我，过时不候！')
2026-03-12 17:41:00,813|line:587| ('at: ', '喜欢白毛有什么不好', '1 @浪子游2fans6@被_____打下来的飞机@拉斯特臣后面一个点@专心致志的学生@猫猫头OmMeow@小小Shaun@龐門左道@啦啦痴痴腻@bili_66938050009@日月星辰668')
2026-03-12 17:41:00,813|line:587| ('at: ', 'iKF蓝牙耳机', '恭喜@小小Shaun 宝子成为苏泊尔福利动态幸运儿！\n注意：即日起72小时内回复信息确认领奖哦！逾期将自动视为放弃中奖资格。\n没有中奖的宝子们不要气馁，参与一下下置顶视频iKF Mars，增加欧气值，说不定下个幸运儿就是你！\n链接：\nhttps://www.bilibili.com/video/BV1Soo6YLEHZ/?spm_id_from=333.1387.list.card_archive.click&vd_source=21fb0967ccc75e6b3b2447ade2c740dd\n还没参与抽奖的宝子们，赶紧点击上方链接参与吧！还有特别福利惊喜等你哦~')
2026-03-12 17:41:00,814|line:587| ('at: ', 'wellymerck威利默克', '恭喜@小小Shaun\xa0 获得《我是你的小狗3 永远等你回家》1本，请于5天内联系威宝，凭关注+互动截图领取奖品，逾期作废~')
2026-03-12 17:41:00,814|line:587| ('at: ', '宁美NINGMEI', '恭喜@小小Shaun   中奖，请在12月1日24点前私信我：1. 奖品+中奖信息a. 实物奖：姓名电话地址，给文字！省市区路清晰，提交不清晰不发奖，信息错误致无法签收，概不负责；\n\nb. 现金红包给到支付宝实名+账号；\n\nc. 京东卡/猫超卡 等购物卡给到姓名+电话；2. 宁美和品牌方关注截图+转发截图！\n\n必须关注品牌方，否则奖品不予发放；如遇无法私信图片的情况，等待我回复后即可发送图片。PS： \n\n因后台收信有时会出问题，以回复“已登记”为准，没有回复即表示私信未收到。\n\n过期视为自动放弃，不会补发；奖品30个工作日内发送，勿催哦~\n\n不发全，不回复。其他小伙伴请继续努力！')
2026-03-12 17:41:00,814|line:587| ('at: ', '爱玛电动车官方账号', '#一“玛”当先榜# 快来看看10月都是谁和爱玛酱互动最多呀~ 💕恭喜@小小Shaun 和@甘瑞凯拉莎 排行第一！这两位小玛达将会获得【爱玛随机周边×1】，请5天内私信爱玛酱领奖哟~[鼓掌] 以后也请继续单推我无敌可爱美少女爱玛酱呀嘿嘿！(●´З｀●)')
2026-03-12 17:41:00,814|line:587| ('at: ', '爱玛电动车官方账号', '')
2026-03-12 17:41:00,814|line:587| ('at: ', '海露滴眼液', '互动榜出炉啦')
2026-03-12 17:41:00,814|line:587| ('at: ', '和蔼可亲桃白白', '\u200b//@九号公司:\u200b恭喜@小小Shaun 中奖！后续记得查收私信哟～\u200b//@九号公司:#互动抽奖# 谢谢粒粒的复工礼！小九也来加个码~关注【@微粒贷+@九号公司 】并转发该动态，抽一位小可爱获得【100元京东卡】~ #供电局福利社# 10月31日抽出！')
2026-03-12 17:41:00,814|line:587| ('at: ', '望大家身体健康快乐', '\u200b//@九号公司:\u200b恭喜@小小Shaun 中奖！后续记得查收私信哟～\u200b//@九号公司 :#互动抽奖# 谢谢粒粒的复工礼！小九也来加个码~关注【@微粒贷+@九号公司 】并转发该动态，抽一位小可爱获得【100元京东卡】~ #供电局福利社# 10月31日抽出！')
2026-03-12 17:41:00,814|line:587| ('at: ', 'MoMA_Reona', '//@九号公司:\u200b恭喜@小小Shaun 中奖！后续记得查收私信哟～\u200b//@九号公司:#互动抽奖# 谢谢粒粒的复工礼！小九也来加个码~关注【@微粒贷+@九号公司 】并转发该动态，抽一位小可爱获得【100元京东卡】~ #供电局福利社# 10月31日抽出！')
2026-03-12 17:41:00,814|line:587| ('at: ', '摸鱼二队', '\u200b//@九号公司:\u200b恭喜@小小Shaun 中奖！后续记得查收私信哟～\u200b//@九号公司 :#互动抽奖# 谢谢粒粒的复工礼！小九也来加个码~关注【@微粒贷+@九号公司 】并转发该动态，抽一位小可爱获得【100元京东卡】~ #供电局福利社# 10月31日抽出！')
2026-03-12 17:41:00,815|line:587| ('at: ', '文少嘅一些事一些情', '\u200b//@九号公司:\u200b恭喜@小小Shaun 中奖！后续记得查收私信哟～\u200b//@九号公司 :#互动抽奖# 谢谢粒粒的复工礼！小九也来加个码~关注【@微粒贷+@九号公司 】并转发该动态，抽一位小可爱获得【100元京东卡】~ #供电局福利社# 10月31日抽出！')
2026-03-12 17:41:00,815|line:587| ('at: ', 'Carry队友的嘟嘟酱丶', '\u200b//@九号公司:\u200b恭喜@小小Shaun 中奖！后续记得查收私信哟～\u200b//@九号公司 :#互动抽奖# 谢谢粒粒的复工礼！小九也来加个码~关注【@微粒贷+@九号公司 】并转发该动态，抽一位小可爱获得【100元京东卡】~ #供电局福利社# 10月31日抽出！')
2026-03-12 17:41:00,815|line:587| ('at: ', '蛤蟆zero', '//@九号公司:\u200b恭喜@小小Shaun 中奖！后续记得查收私信哟～\u200b//@九号公司:#互动抽奖# 谢谢粒粒的复工礼！小九也来加个码~关注【@微粒贷+@九号公司 】并转发该动态，抽一位小可爱获得【100元京东卡】~ #供电局福利社# 10月31日抽出！c冲冲冲')
2026-03-12 17:41:00,815|line:587| ('at: ', '木而各子要吃笃栗子', '\u200b//@九号公司:\u200b恭喜@小小Shaun 中奖！后续记得查收私信哟～\u200b//@九号公司 :#互动抽奖# 谢谢粒粒的复工礼！小九也来加个码~关注【@微粒贷+@九号公司 】并转发该动态，抽一位小可爱获得【100元京东卡】~ #供电局福利社# 10月31日抽出！')
2026-03-12 17:41:00,815|line:587| ('at: ', '裙下愚臣情默默', '\u200b//@九号公司:\u200b恭喜@小小Shaun 中奖！后续记得查收私信哟～\u200b//@九号公司 :#互动抽奖# 谢谢粒粒的复工礼！小九也来加个码~关注【@微粒贷+@九号公司 】并转发该动态，抽一位小可爱获得【100元京东卡】~ #供电局福利社# 10月31日抽出！')
2026-03-12 17:41:00,815|line:587| ('at: ', '戊子毕宿', '')
