2026-05-11 18:01:24,792|line:232| processing article 48900404
2026-05-11 18:01:28,775|line:507| ==================================================2026-05-12 02:01==================================================
2026-05-11 18:01:28,775|line:519| https://t.bilibili.com/1201099632427401235
2026-05-11 18:01:33,393|line:346| Expecting value: line 1 column 1 (char 0)
2026-05-11 18:01:33,393|line:347| error line:319
2026-05-11 18:01:33,394|line:533| *#*#*#*#*#*#*#*#*#*原动态处理失败*#*#*#*#*#*#*#*#*#
2026-05-11 18:01:33,394|line:519| https://t.bilibili.com/1200296265249718304
2026-05-11 18:01:36,619|line:346| Expecting value: line 1 column 1 (char 0)
2026-05-11 18:01:36,619|line:347| error line:319
2026-05-11 18:01:36,620|line:533| *#*#*#*#*#*#*#*#*#*原动态处理失败*#*#*#*#*#*#*#*#*#
2026-05-11 18:01:36,620|line:519| https://t.bilibili.com/1200233318214270985
2026-05-11 18:01:40,963|line:346| Expecting value: line 1 column 1 (char 0)
2026-05-11 18:01:40,963|line:347| error line:319
2026-05-11 18:01:40,964|line:533| *#*#*#*#*#*#*#*#*#*原动态处理失败*#*#*#*#*#*#*#*#*#
2026-05-11 18:01:40,964|line:519| https://t.bilibili.com/1198862076872753171
2026-05-11 18:01:42,190|line:346| Expecting value: line 1 column 1 (char 0)
2026-05-11 18:01:42,190|line:347| error line:319
2026-05-11 18:01:42,191|line:533| *#*#*#*#*#*#*#*#*#*原动态处理失败*#*#*#*#*#*#*#*#*#
2026-05-11 18:01:42,191|line:519| https://t.bilibili.com/1197058927202664457
2026-05-11 18:01:42,191|line:521| 已有
2026-05-11 18:01:42,192|line:519| https://t.bilibili.com/1200340490502799383
2026-05-11 18:01:45,600|line:346| Expecting value: line 1 column 1 (char 0)
2026-05-11 18:01:45,600|line:347| error line:319
2026-05-11 18:01:45,601|line:533| *#*#*#*#*#*#*#*#*#*原动态处理失败*#*#*#*#*#*#*#*#*#
2026-05-11 18:01:45,601|line:519| https://t.bilibili.com/1200339498397859844
2026-05-11 18:01:47,822|line:346| Expecting value: line 1 column 1 (char 0)
2026-05-11 18:01:47,822|line:347| error line:319
2026-05-11 18:01:47,823|line:533| *#*#*#*#*#*#*#*#*#*原动态处理失败*#*#*#*#*#*#*#*#*#
2026-05-11 18:01:47,823|line:519| https://t.bilibili.com/1186988837329436697
2026-05-11 18:01:47,823|line:521| 已有
2026-05-11 18:01:47,823|line:519| https://t.bilibili.com/1197646500180525079
2026-05-11 18:01:52,127|line:346| Expecting value: line 1 column 1 (char 0)
2026-05-11 18:01:52,127|line:347| error line:319
2026-05-11 18:01:52,128|line:533| *#*#*#*#*#*#*#*#*#*原动态处理失败*#*#*#*#*#*#*#*#*#
2026-05-11 18:01:52,128|line:519| https://t.bilibili.com/1201075286364389415
2026-05-11 18:01:56,358|line:346| Expecting value: line 1 column 1 (char 0)
2026-05-11 18:01:56,359|line:347| error line:319
2026-05-11 18:01:56,360|line:533| *#*#*#*#*#*#*#*#*#*原动态处理失败*#*#*#*#*#*#*#*#*#
2026-05-11 18:01:56,360|line:519| https://t.bilibili.com/1176241562153123847
2026-05-11 18:01:59,761|line:346| Expecting value: line 1 column 1 (char 0)
2026-05-11 18:01:59,761|line:347| error line:319
2026-05-11 18:01:59,762|line:533| *#*#*#*#*#*#*#*#*#*原动态处理失败*#*#*#*#*#*#*#*#*#
2026-05-11 18:01:59,763|line:519| https://t.bilibili.com/1200457335101718529
2026-05-11 18:02:01,109|line:346| Expecting value: line 1 column 1 (char 0)
2026-05-11 18:02:01,109|line:347| error line:319
2026-05-11 18:02:01,111|line:533| *#*#*#*#*#*#*#*#*#*原动态处理失败*#*#*#*#*#*#*#*#*#
2026-05-11 18:02:01,111|line:519| https://t.bilibili.com/1199238792759738376
2026-05-11 18:02:01,111|line:521| 已有
2026-05-11 18:02:01,111|line:519| https://t.bilibili.com/1191883931824160786
2026-05-11 18:02:02,456|line:346| Expecting value: line 1 column 1 (char 0)
2026-05-11 18:02:02,456|line:347| error line:319
2026-05-11 18:02:02,457|line:533| *#*#*#*#*#*#*#*#*#*原动态处理失败*#*#*#*#*#*#*#*#*#
2026-05-11 18:02:02,457|line:519| https://t.bilibili.com/1197767440041246753
2026-05-11 18:02:03,698|line:346| Expecting value: line 1 column 1 (char 0)
2026-05-11 18:02:03,698|line:347| error line:319
2026-05-11 18:02:03,699|line:533| *#*#*#*#*#*#*#*#*#*原动态处理失败*#*#*#*#*#*#*#*#*#
2026-05-11 18:02:03,699|line:519| https://t.bilibili.com/1199971939364372505
2026-05-11 18:02:04,923|line:346| Expecting value: line 1 column 1 (char 0)
2026-05-11 18:02:04,923|line:347| error line:319
2026-05-11 18:02:04,924|line:533| *#*#*#*#*#*#*#*#*#*原动态处理失败*#*#*#*#*#*#*#*#*#
2026-05-11 18:02:04,925|line:519| https://t.bilibili.com/1201058982693699591
2026-05-11 18:02:08,279|line:346| Expecting value: line 1 column 1 (char 0)
2026-05-11 18:02:08,279|line:347| error line:319
2026-05-11 18:02:08,280|line:533| *#*#*#*#*#*#*#*#*#*原动态处理失败*#*#*#*#*#*#*#*#*#
2026-05-11 18:02:08,280|line:519| https://t.bilibili.com/1200961774730346505
2026-05-11 18:02:11,514|line:346| Expecting value: line 1 column 1 (char 0)
2026-05-11 18:02:11,514|line:347| error line:319
2026-05-11 18:02:11,515|line:533| *#*#*#*#*#*#*#*#*#*原动态处理失败*#*#*#*#*#*#*#*#*#
2026-05-11 18:02:11,516|line:519| https://t.bilibili.com/1188792337065574407
2026-05-11 18:02:14,887|line:346| Expecting value: line 1 column 1 (char 0)
2026-05-11 18:02:14,887|line:347| error line:319
2026-05-11 18:02:14,888|line:533| *#*#*#*#*#*#*#*#*#*原动态处理失败*#*#*#*#*#*#*#*#*#
2026-05-11 18:02:14,889|line:519| https://t.bilibili.com/1200099121961107456
2026-05-11 18:02:19,227|line:346| Expecting value: line 1 column 1 (char 0)
2026-05-11 18:02:19,227|line:347| error line:319
2026-05-11 18:02:19,228|line:533| *#*#*#*#*#*#*#*#*#*原动态处理失败*#*#*#*#*#*#*#*#*#
2026-05-11 18:02:19,228|line:519| https://t.bilibili.com/1190729294293237769
2026-05-11 18:02:22,451|line:346| Expecting value: line 1 column 1 (char 0)
2026-05-11 18:02:22,451|line:347| error line:319
2026-05-11 18:02:22,452|line:533| *#*#*#*#*#*#*#*#*#*原动态处理失败*#*#*#*#*#*#*#*#*#
2026-05-11 18:02:22,452|line:519| https://t.bilibili.com/1195139478385066001
2026-05-11 18:02:25,794|line:346| Expecting value: line 1 column 1 (char 0)
2026-05-11 18:02:25,795|line:347| error line:319
2026-05-11 18:02:25,796|line:533| *#*#*#*#*#*#*#*#*#*原动态处理失败*#*#*#*#*#*#*#*#*#
2026-05-11 18:02:25,796|line:519| https://t.bilibili.com/1200849156380295188
2026-05-11 18:02:27,031|line:346| Expecting value: line 1 column 1 (char 0)
2026-05-11 18:02:27,031|line:347| error line:319
2026-05-11 18:02:27,032|line:533| *#*#*#*#*#*#*#*#*#*原动态处理失败*#*#*#*#*#*#*#*#*#
2026-05-11 18:02:27,032|line:519| https://t.bilibili.com/1191803783434207239
2026-05-11 18:02:28,253|line:346| Expecting value: line 1 column 1 (char 0)
2026-05-11 18:02:28,254|line:347| error line:319
2026-05-11 18:02:28,255|line:533| *#*#*#*#*#*#*#*#*#*原动态处理失败*#*#*#*#*#*#*#*#*#
2026-05-11 18:02:28,255|line:519| https://t.bilibili.com/1185563896055857171
2026-05-11 18:02:32,488|line:346| Expecting value: line 1 column 1 (char 0)
2026-05-11 18:02:32,488|line:347| error line:319
2026-05-11 18:02:32,489|line:533| *#*#*#*#*#*#*#*#*#*原动态处理失败*#*#*#*#*#*#*#*#*#
2026-05-11 18:02:32,490|line:552| 执行结束
2026-05-11 18:02:32,490|line:556| 执行失败，错误数量为22
2026-05-11 18:02:32,490|line:558| ==================================================2026-05-12 02:02==================================================
2026-05-11 18:02:32,490|line:232| processing article 48895220
2026-05-11 18:02:34,244|line:507| ==================================================2026-05-12 02:02==================================================
2026-05-11 18:02:34,244|line:232| processing article 48881466
2026-05-11 18:02:37,952|line:507| ==================================================2026-05-12 02:02==================================================
2026-05-11 18:02:37,952|line:232| processing article 48881221
2026-05-11 18:02:41,489|line:507| ==================================================2026-05-12 02:02==================================================
2026-05-11 18:02:41,489|line:232| processing article 48854849
2026-05-11 18:02:44,021|line:507| ==================================================2026-05-12 02:02==================================================
2026-05-11 18:02:44,021|line:232| processing article 48847355
2026-05-11 18:02:48,182|line:507| ==================================================2026-05-12 02:02==================================================
2026-05-11 18:02:48,183|line:519| https://t.bilibili.com/1200632612700291097
2026-05-11 18:02:49,525|line:346| Expecting value: line 1 column 1 (char 0)
2026-05-11 18:02:49,526|line:347| error line:319
2026-05-11 18:02:49,527|line:533| *#*#*#*#*#*#*#*#*#*原动态处理失败*#*#*#*#*#*#*#*#*#
2026-05-11 18:02:49,527|line:519| https://t.bilibili.com/1200706048039583764
2026-05-11 18:02:52,752|line:346| Expecting value: line 1 column 1 (char 0)
2026-05-11 18:02:52,753|line:347| error line:319
2026-05-11 18:02:52,753|line:533| *#*#*#*#*#*#*#*#*#*原动态处理失败*#*#*#*#*#*#*#*#*#
2026-05-11 18:02:52,754|line:519| https://t.bilibili.com/1200015722230579201
2026-05-11 18:02:53,978|line:346| Expecting value: line 1 column 1 (char 0)
2026-05-11 18:02:53,978|line:347| error line:319
2026-05-11 18:02:53,979|line:533| *#*#*#*#*#*#*#*#*#*原动态处理失败*#*#*#*#*#*#*#*#*#
2026-05-11 18:02:53,980|line:519| https://t.bilibili.com/1200599116279709705
2026-05-11 18:02:55,318|line:346| Expecting value: line 1 column 1 (char 0)
2026-05-11 18:02:55,319|line:347| error line:319
2026-05-11 18:02:55,320|line:533| *#*#*#*#*#*#*#*#*#*原动态处理失败*#*#*#*#*#*#*#*#*#
2026-05-11 18:02:55,320|line:519| https://t.bilibili.com/1186132094461411334
2026-05-11 18:02:57,546|line:346| Expecting value: line 1 column 1 (char 0)
2026-05-11 18:02:57,546|line:347| error line:319
2026-05-11 18:02:57,547|line:533| *#*#*#*#*#*#*#*#*#*原动态处理失败*#*#*#*#*#*#*#*#*#
2026-05-11 18:02:57,547|line:519| https://t.bilibili.com/1200615160128995350
2026-05-11 18:02:58,763|line:346| Expecting value: line 1 column 1 (char 0)
2026-05-11 18:02:58,764|line:347| error line:319
2026-05-11 18:02:58,764|line:533| *#*#*#*#*#*#*#*#*#*原动态处理失败*#*#*#*#*#*#*#*#*#
2026-05-11 18:02:58,765|line:519| https://t.bilibili.com/1200421961723805720
2026-05-11 18:03:03,108|line:346| Expecting value: line 1 column 1 (char 0)
2026-05-11 18:03:03,109|line:347| error line:319
2026-05-11 18:03:03,110|line:533| *#*#*#*#*#*#*#*#*#*原动态处理失败*#*#*#*#*#*#*#*#*#
2026-05-11 18:03:03,110|line:519| https://t.bilibili.com/1200611309684523009
2026-05-11 18:03:07,325|line:346| Expecting value: line 1 column 1 (char 0)
2026-05-11 18:03:07,325|line:347| error line:319
2026-05-11 18:03:07,326|line:533| *#*#*#*#*#*#*#*#*#*原动态处理失败*#*#*#*#*#*#*#*#*#
2026-05-11 18:03:07,327|line:519| https://t.bilibili.com/1200469077541257241
2026-05-11 18:03:08,668|line:346| Expecting value: line 1 column 1 (char 0)
2026-05-11 18:03:08,668|line:347| error line:319
2026-05-11 18:03:08,669|line:533| *#*#*#*#*#*#*#*#*#*原动态处理失败*#*#*#*#*#*#*#*#*#
2026-05-11 18:03:08,669|line:519| https://t.bilibili.com/1200615162275430406
2026-05-11 18:03:12,891|line:346| Expecting value: line 1 column 1 (char 0)
2026-05-11 18:03:12,891|line:347| error line:319
2026-05-11 18:03:12,892|line:533| *#*#*#*#*#*#*#*#*#*原动态处理失败*#*#*#*#*#*#*#*#*#
2026-05-11 18:03:12,892|line:519| https://t.bilibili.com/1200652906437541926
2026-05-11 18:03:16,113|line:346| Expecting value: line 1 column 1 (char 0)
2026-05-11 18:03:16,113|line:347| error line:319
2026-05-11 18:03:16,114|line:533| *#*#*#*#*#*#*#*#*#*原动态处理失败*#*#*#*#*#*#*#*#*#
2026-05-11 18:03:16,114|line:519| https://t.bilibili.com/1200325754453229590
2026-05-11 18:03:20,358|line:346| Expecting value: line 1 column 1 (char 0)
2026-05-11 18:03:20,359|line:347| error line:319
2026-05-11 18:03:20,360|line:533| *#*#*#*#*#*#*#*#*#*原动态处理失败*#*#*#*#*#*#*#*#*#
2026-05-11 18:03:20,360|line:519| https://t.bilibili.com/1200627338466820104
2026-05-11 18:03:22,706|line:346| Expecting value: line 1 column 1 (char 0)
2026-05-11 18:03:22,706|line:347| error line:319
2026-05-11 18:03:22,707|line:533| *#*#*#*#*#*#*#*#*#*原动态处理失败*#*#*#*#*#*#*#*#*#
2026-05-11 18:03:22,707|line:519| https://t.bilibili.com/1200615160133189639
2026-05-11 18:03:25,937|line:346| Expecting value: line 1 column 1 (char 0)
2026-05-11 18:03:25,937|line:347| error line:319
2026-05-11 18:03:25,938|line:533| *#*#*#*#*#*#*#*#*#*原动态处理失败*#*#*#*#*#*#*#*#*#
2026-05-11 18:03:25,938|line:519| https://t.bilibili.com/1200747988409909267
2026-05-11 18:03:28,281|line:346| Expecting value: line 1 column 1 (char 0)
2026-05-11 18:03:28,282|line:347| error line:319
2026-05-11 18:03:28,283|line:533| *#*#*#*#*#*#*#*#*#*原动态处理失败*#*#*#*#*#*#*#*#*#
2026-05-11 18:03:28,284|line:519| https://t.bilibili.com/1200692469508866097
2026-05-11 18:03:29,518|line:346| Expecting value: line 1 column 1 (char 0)
2026-05-11 18:03:29,518|line:347| error line:319
2026-05-11 18:03:29,519|line:533| *#*#*#*#*#*#*#*#*#*原动态处理失败*#*#*#*#*#*#*#*#*#
2026-05-11 18:03:29,520|line:519| https://t.bilibili.com/1200713474065301504
2026-05-11 18:03:31,863|line:346| Expecting value: line 1 column 1 (char 0)
2026-05-11 18:03:31,863|line:347| error line:319
2026-05-11 18:03:31,864|line:533| *#*#*#*#*#*#*#*#*#*原动态处理失败*#*#*#*#*#*#*#*#*#
2026-05-11 18:03:31,864|line:519| https://t.bilibili.com/1200340490502799383
2026-05-11 18:03:35,093|line:346| Expecting value: line 1 column 1 (char 0)
2026-05-11 18:03:35,094|line:347| error line:319
2026-05-11 18:03:35,095|line:533| *#*#*#*#*#*#*#*#*#*原动态处理失败*#*#*#*#*#*#*#*#*#
2026-05-11 18:03:35,095|line:519| https://t.bilibili.com/1200410932282392581
2026-05-11 18:03:38,314|line:346| Expecting value: line 1 column 1 (char 0)
2026-05-11 18:03:38,314|line:347| error line:319
2026-05-11 18:03:38,315|line:533| *#*#*#*#*#*#*#*#*#*原动态处理失败*#*#*#*#*#*#*#*#*#
2026-05-11 18:03:38,315|line:519| https://t.bilibili.com/1200599698226806791
2026-05-11 18:03:40,542|line:346| Expecting value: line 1 column 1 (char 0)
2026-05-11 18:03:40,542|line:347| error line:319
2026-05-11 18:03:40,543|line:533| *#*#*#*#*#*#*#*#*#*原动态处理失败*#*#*#*#*#*#*#*#*#
2026-05-11 18:03:40,543|line:519| https://t.bilibili.com/1200723393289125925
2026-05-11 18:03:41,765|line:346| Expecting value: line 1 column 1 (char 0)
2026-05-11 18:03:41,765|line:347| error line:319
2026-05-11 18:03:41,766|line:533| *#*#*#*#*#*#*#*#*#*原动态处理失败*#*#*#*#*#*#*#*#*#
2026-05-11 18:03:41,766|line:519| https://t.bilibili.com/1200615160087052295
2026-05-11 18:03:43,994|line:346| Expecting value: line 1 column 1 (char 0)
2026-05-11 18:03:43,994|line:347| error line:319
2026-05-11 18:03:43,995|line:533| *#*#*#*#*#*#*#*#*#*原动态处理失败*#*#*#*#*#*#*#*#*#
2026-05-11 18:03:43,996|line:519| https://t.bilibili.com/1186988837329436697
2026-05-11 18:03:43,996|line:521| 已有
2026-05-11 18:03:43,996|line:519| https://t.bilibili.com/1200615160121655297
2026-05-11 18:03:46,358|line:346| Expecting value: line 1 column 1 (char 0)
2026-05-11 18:03:46,358|line:347| error line:319
2026-05-11 18:03:46,359|line:533| *#*#*#*#*#*#*#*#*#*原动态处理失败*#*#*#*#*#*#*#*#*#
2026-05-11 18:03:46,359|line:519| https://t.bilibili.com/1200676893827792898
2026-05-11 18:03:49,704|line:346| Expecting value: line 1 column 1 (char 0)
2026-05-11 18:03:49,704|line:347| error line:319
2026-05-11 18:03:49,705|line:533| *#*#*#*#*#*#*#*#*#*原动态处理失败*#*#*#*#*#*#*#*#*#
2026-05-11 18:03:49,705|line:519| https://t.bilibili.com/1176241562153123847
2026-05-11 18:03:52,042|line:346| Expecting value: line 1 column 1 (char 0)
2026-05-11 18:03:52,042|line:347| error line:319
2026-05-11 18:03:52,043|line:533| *#*#*#*#*#*#*#*#*#*原动态处理失败*#*#*#*#*#*#*#*#*#
2026-05-11 18:03:52,044|line:519| https://t.bilibili.com/1200457335101718529
2026-05-11 18:03:55,262|line:346| Expecting value: line 1 column 1 (char 0)
2026-05-11 18:03:55,263|line:347| error line:319
2026-05-11 18:03:55,264|line:533| *#*#*#*#*#*#*#*#*#*原动态处理失败*#*#*#*#*#*#*#*#*#
2026-05-11 18:03:55,264|line:519| https://t.bilibili.com/1200615160094392345
2026-05-11 18:03:57,626|line:346| Expecting value: line 1 column 1 (char 0)
2026-05-11 18:03:57,627|line:347| error line:319
2026-05-11 18:03:57,628|line:533| *#*#*#*#*#*#*#*#*#*原动态处理失败*#*#*#*#*#*#*#*#*#
2026-05-11 18:03:57,628|line:519| https://t.bilibili.com/1200615293227892741
2026-05-11 18:03:58,850|line:346| Expecting value: line 1 column 1 (char 0)
2026-05-11 18:03:58,850|line:347| error line:319
2026-05-11 18:03:58,851|line:533| *#*#*#*#*#*#*#*#*#*原动态处理失败*#*#*#*#*#*#*#*#*#
2026-05-11 18:03:58,851|line:519| https://t.bilibili.com/1200359225124978694
2026-05-11 18:04:03,069|line:346| Expecting value: line 1 column 1 (char 0)
2026-05-11 18:04:03,069|line:347| error line:319
2026-05-11 18:04:03,070|line:533| *#*#*#*#*#*#*#*#*#*原动态处理失败*#*#*#*#*#*#*#*#*#
2026-05-11 18:04:03,070|line:519| https://t.bilibili.com/1200725293799571462
2026-05-11 18:04:04,436|line:346| Expecting value: line 1 column 1 (char 0)
2026-05-11 18:04:04,437|line:347| error line:319
2026-05-11 18:04:04,438|line:533| *#*#*#*#*#*#*#*#*#*原动态处理失败*#*#*#*#*#*#*#*#*#
2026-05-11 18:04:04,438|line:519| https://t.bilibili.com/1200664833566965764
2026-05-11 18:04:08,658|line:346| Expecting value: line 1 column 1 (char 0)
2026-05-11 18:04:08,658|line:347| error line:319
2026-05-11 18:04:08,659|line:533| *#*#*#*#*#*#*#*#*#*原动态处理失败*#*#*#*#*#*#*#*#*#
2026-05-11 18:04:08,660|line:519| https://t.bilibili.com/1200634090144923652
2026-05-11 18:04:09,875|line:346| Expecting value: line 1 column 1 (char 0)
2026-05-11 18:04:09,876|line:347| error line:319
2026-05-11 18:04:09,877|line:533| *#*#*#*#*#*#*#*#*#*原动态处理失败*#*#*#*#*#*#*#*#*#
2026-05-11 18:04:09,877|line:519| https://t.bilibili.com/1200682249634185239
2026-05-11 18:04:14,100|line:346| Expecting value: line 1 column 1 (char 0)
2026-05-11 18:04:14,100|line:347| error line:319
2026-05-11 18:04:14,101|line:533| *#*#*#*#*#*#*#*#*#*原动态处理失败*#*#*#*#*#*#*#*#*#
2026-05-11 18:04:14,101|line:519| https://t.bilibili.com/1188792337065574407
2026-05-11 18:04:17,320|line:346| Expecting value: line 1 column 1 (char 0)
2026-05-11 18:04:17,320|line:347| error line:319
2026-05-11 18:04:17,321|line:533| *#*#*#*#*#*#*#*#*#*原动态处理失败*#*#*#*#*#*#*#*#*#
2026-05-11 18:04:17,321|line:519| https://t.bilibili.com/1200712035226091561
2026-05-11 18:04:18,543|line:346| Expecting value: line 1 column 1 (char 0)
2026-05-11 18:04:18,543|line:347| error line:319
2026-05-11 18:04:18,544|line:533| *#*#*#*#*#*#*#*#*#*原动态处理失败*#*#*#*#*#*#*#*#*#
2026-05-11 18:04:18,544|line:519| https://t.bilibili.com/1200462987284971571
2026-05-11 18:04:20,889|line:346| Expecting value: line 1 column 1 (char 0)
2026-05-11 18:04:20,890|line:347| error line:319
2026-05-11 18:04:20,891|line:533| *#*#*#*#*#*#*#*#*#*原动态处理失败*#*#*#*#*#*#*#*#*#
2026-05-11 18:04:20,891|line:519| https://t.bilibili.com/1200599698218418178
2026-05-11 18:04:22,230|line:346| Expecting value: line 1 column 1 (char 0)
2026-05-11 18:04:22,231|line:347| error line:319
2026-05-11 18:04:22,232|line:533| *#*#*#*#*#*#*#*#*#*原动态处理失败*#*#*#*#*#*#*#*#*#
2026-05-11 18:04:22,232|line:519| https://t.bilibili.com/1200383487398379544
2026-05-11 18:04:25,575|line:346| Expecting value: line 1 column 1 (char 0)
2026-05-11 18:04:25,575|line:347| error line:319
2026-05-11 18:04:25,576|line:533| *#*#*#*#*#*#*#*#*#*原动态处理失败*#*#*#*#*#*#*#*#*#
2026-05-11 18:04:25,577|line:519| https://t.bilibili.com/1195139478385066001
2026-05-11 18:04:26,920|line:346| Expecting value: line 1 column 1 (char 0)
2026-05-11 18:04:26,921|line:347| error line:319
2026-05-11 18:04:26,922|line:533| *#*#*#*#*#*#*#*#*#*原动态处理失败*#*#*#*#*#*#*#*#*#
2026-05-11 18:04:26,922|line:519| https://t.bilibili.com/1200599698245681175
2026-05-11 18:04:28,152|line:346| Expecting value: line 1 column 1 (char 0)
2026-05-11 18:04:28,152|line:347| error line:319
2026-05-11 18:04:28,153|line:533| *#*#*#*#*#*#*#*#*#*原动态处理失败*#*#*#*#*#*#*#*#*#
2026-05-11 18:04:28,154|line:519| https://t.bilibili.com/1185563896055857171
2026-05-11 18:04:31,506|line:346| Expecting value: line 1 column 1 (char 0)
2026-05-11 18:04:31,506|line:347| error line:319
2026-05-11 18:04:31,507|line:533| *#*#*#*#*#*#*#*#*#*原动态处理失败*#*#*#*#*#*#*#*#*#
2026-05-11 18:04:31,507|line:552| 执行结束
2026-05-11 18:04:31,508|line:556| 执行失败，错误数量为41
2026-05-11 18:04:31,508|line:558| ==================================================2026-05-12 02:04==================================================
2026-05-11 18:04:31,508|line:232| processing article 48836784
2026-05-11 18:04:33,244|line:507| ==================================================2026-05-12 02:04==================================================
2026-05-11 18:04:33,244|line:232| processing article 48836532
2026-05-11 18:04:37,521|line:507| ==================================================2026-05-12 02:04==================================================
2026-05-11 18:04:37,521|line:519| https://t.bilibili.com/1185433075648036870
2026-05-11 18:04:39,741|line:346| Expecting value: line 1 column 1 (char 0)
2026-05-11 18:04:39,742|line:347| error line:319
2026-05-11 18:04:39,742|line:533| *#*#*#*#*#*#*#*#*#*原动态处理失败*#*#*#*#*#*#*#*#*#
2026-05-11 18:04:39,743|line:519| https://t.bilibili.com/1188779130022264848
2026-05-11 18:04:44,037|line:346| Expecting value: line 1 column 1 (char 0)
2026-05-11 18:04:44,037|line:347| error line:319
2026-05-11 18:04:44,038|line:533| *#*#*#*#*#*#*#*#*#*原动态处理失败*#*#*#*#*#*#*#*#*#
2026-05-11 18:04:44,039|line:519| https://t.bilibili.com/1199926404110614531
2026-05-11 18:04:45,392|line:346| Expecting value: line 1 column 1 (char 0)
2026-05-11 18:04:45,392|line:347| error line:319
2026-05-11 18:04:45,393|line:533| *#*#*#*#*#*#*#*#*#*原动态处理失败*#*#*#*#*#*#*#*#*#
2026-05-11 18:04:45,393|line:519| https://t.bilibili.com/1199961343675858946
2026-05-11 18:04:47,617|line:346| Expecting value: line 1 column 1 (char 0)
2026-05-11 18:04:47,617|line:347| error line:319
2026-05-11 18:04:47,618|line:533| *#*#*#*#*#*#*#*#*#*原动态处理失败*#*#*#*#*#*#*#*#*#
2026-05-11 18:04:47,619|line:519| https://t.bilibili.com/1196286080055246869
2026-05-11 18:04:51,841|line:346| Expecting value: line 1 column 1 (char 0)
2026-05-11 18:04:51,841|line:347| error line:319
2026-05-11 18:04:51,842|line:533| *#*#*#*#*#*#*#*#*#*原动态处理失败*#*#*#*#*#*#*#*#*#
2026-05-11 18:04:51,842|line:519| https://t.bilibili.com/1199224945731698690
2026-05-11 18:04:51,843|line:521| 已有
2026-05-11 18:04:51,843|line:519| https://t.bilibili.com/1186132094461411334
2026-05-11 18:04:53,202|line:346| Expecting value: line 1 column 1 (char 0)
2026-05-11 18:04:53,202|line:347| error line:319
2026-05-11 18:04:53,203|line:533| *#*#*#*#*#*#*#*#*#*原动态处理失败*#*#*#*#*#*#*#*#*#
2026-05-11 18:04:53,203|line:519| https://t.bilibili.com/1197306328019632212
2026-05-11 18:04:56,559|line:346| Expecting value: line 1 column 1 (char 0)
2026-05-11 18:04:56,560|line:347| error line:319
2026-05-11 18:04:56,561|line:533| *#*#*#*#*#*#*#*#*#*原动态处理失败*#*#*#*#*#*#*#*#*#
2026-05-11 18:04:56,561|line:519| https://t.bilibili.com/1185897365920284675
2026-05-11 18:04:59,780|line:346| Expecting value: line 1 column 1 (char 0)
2026-05-11 18:04:59,780|line:347| error line:319
2026-05-11 18:04:59,781|line:533| *#*#*#*#*#*#*#*#*#*原动态处理失败*#*#*#*#*#*#*#*#*#
2026-05-11 18:04:59,781|line:519| https://t.bilibili.com/1199996729914556465
2026-05-11 18:05:01,136|line:346| Expecting value: line 1 column 1 (char 0)
2026-05-11 18:05:01,136|line:347| error line:319
2026-05-11 18:05:01,137|line:533| *#*#*#*#*#*#*#*#*#*原动态处理失败*#*#*#*#*#*#*#*#*#
2026-05-11 18:05:01,138|line:519| https://t.bilibili.com/1169926383948791817
2026-05-11 18:05:04,358|line:346| Expecting value: line 1 column 1 (char 0)
2026-05-11 18:05:04,358|line:347| error line:319
2026-05-11 18:05:04,359|line:533| *#*#*#*#*#*#*#*#*#*原动态处理失败*#*#*#*#*#*#*#*#*#
2026-05-11 18:05:04,360|line:519| https://t.bilibili.com/1200040006000836613
2026-05-11 18:05:05,585|line:346| Expecting value: line 1 column 1 (char 0)
2026-05-11 18:05:05,585|line:347| error line:319
2026-05-11 18:05:05,586|line:533| *#*#*#*#*#*#*#*#*#*原动态处理失败*#*#*#*#*#*#*#*#*#
2026-05-11 18:05:05,587|line:519| https://t.bilibili.com/1191463643514929206
2026-05-11 18:05:06,806|line:346| Expecting value: line 1 column 1 (char 0)
2026-05-11 18:05:06,806|line:347| error line:319
2026-05-11 18:05:06,807|line:533| *#*#*#*#*#*#*#*#*#*原动态处理失败*#*#*#*#*#*#*#*#*#
2026-05-11 18:05:06,808|line:519| https://t.bilibili.com/1199250749957079043
2026-05-11 18:05:11,025|line:346| Expecting value: line 1 column 1 (char 0)
2026-05-11 18:05:11,025|line:347| error line:319
2026-05-11 18:05:11,026|line:533| *#*#*#*#*#*#*#*#*#*原动态处理失败*#*#*#*#*#*#*#*#*#
2026-05-11 18:05:11,026|line:519| https://t.bilibili.com/1192909518501052424
2026-05-11 18:05:15,333|line:346| Expecting value: line 1 column 1 (char 0)
2026-05-11 18:05:15,333|line:347| error line:319
2026-05-11 18:05:15,334|line:533| *#*#*#*#*#*#*#*#*#*原动态处理失败*#*#*#*#*#*#*#*#*#
2026-05-11 18:05:15,335|line:519| https://t.bilibili.com/1200648276464893956
2026-05-11 18:05:16,553|line:346| Expecting value: line 1 column 1 (char 0)
2026-05-11 18:05:16,554|line:347| error line:319
2026-05-11 18:05:16,554|line:533| *#*#*#*#*#*#*#*#*#*原动态处理失败*#*#*#*#*#*#*#*#*#
2026-05-11 18:05:16,555|line:519| https://t.bilibili.com/1185432208051011602
2026-05-11 18:05:20,894|line:346| Expecting value: line 1 column 1 (char 0)
2026-05-11 18:05:20,894|line:347| error line:319
2026-05-11 18:05:20,895|line:533| *#*#*#*#*#*#*#*#*#*原动态处理失败*#*#*#*#*#*#*#*#*#
2026-05-11 18:05:20,896|line:519| https://t.bilibili.com/1197028082849939569
2026-05-11 18:05:25,116|line:346| Expecting value: line 1 column 1 (char 0)
2026-05-11 18:05:25,116|line:347| error line:319
2026-05-11 18:05:25,117|line:533| *#*#*#*#*#*#*#*#*#*原动态处理失败*#*#*#*#*#*#*#*#*#
2026-05-11 18:05:25,117|line:519| https://t.bilibili.com/1197414337870823429
2026-05-11 18:05:27,488|line:346| Expecting value: line 1 column 1 (char 0)
2026-05-11 18:05:27,488|line:347| error line:319
2026-05-11 18:05:27,489|line:533| *#*#*#*#*#*#*#*#*#*原动态处理失败*#*#*#*#*#*#*#*#*#
2026-05-11 18:05:27,489|line:519| https://t.bilibili.com/1197028220338176016
2026-05-11 18:05:29,849|line:346| Expecting value: line 1 column 1 (char 0)
2026-05-11 18:05:29,849|line:347| error line:319
2026-05-11 18:05:29,850|line:533| *#*#*#*#*#*#*#*#*#*原动态处理失败*#*#*#*#*#*#*#*#*#
2026-05-11 18:05:29,850|line:519| https://t.bilibili.com/1199598152619917362
2026-05-11 18:05:29,851|line:521| 已有
2026-05-11 18:05:29,851|line:519| https://t.bilibili.com/1199934985451077651
2026-05-11 18:05:34,073|line:346| Expecting value: line 1 column 1 (char 0)
2026-05-11 18:05:34,073|line:347| error line:319
2026-05-11 18:05:34,074|line:533| *#*#*#*#*#*#*#*#*#*原动态处理失败*#*#*#*#*#*#*#*#*#
2026-05-11 18:05:34,074|line:519| https://t.bilibili.com/1199973133338017796
2026-05-11 18:05:36,296|line:346| Expecting value: line 1 column 1 (char 0)
2026-05-11 18:05:36,296|line:347| error line:319
2026-05-11 18:05:36,297|line:533| *#*#*#*#*#*#*#*#*#*原动态处理失败*#*#*#*#*#*#*#*#*#
2026-05-11 18:05:36,297|line:519| https://t.bilibili.com/1199987070528913428
2026-05-11 18:05:37,517|line:346| Expecting value: line 1 column 1 (char 0)
2026-05-11 18:05:37,517|line:347| error line:319
2026-05-11 18:05:37,518|line:533| *#*#*#*#*#*#*#*#*#*原动态处理失败*#*#*#*#*#*#*#*#*#
2026-05-11 18:05:37,518|line:519| https://t.bilibili.com/1196997455494774804
2026-05-11 18:05:39,739|line:346| Expecting value: line 1 column 1 (char 0)
2026-05-11 18:05:39,739|line:347| error line:319
2026-05-11 18:05:39,740|line:533| *#*#*#*#*#*#*#*#*#*原动态处理失败*#*#*#*#*#*#*#*#*#
2026-05-11 18:05:39,740|line:519| https://t.bilibili.com/1199888522520035331
2026-05-11 18:05:40,957|line:346| Expecting value: line 1 column 1 (char 0)
2026-05-11 18:05:40,957|line:347| error line:319
2026-05-11 18:05:40,958|line:533| *#*#*#*#*#*#*#*#*#*原动态处理失败*#*#*#*#*#*#*#*#*#
2026-05-11 18:05:40,959|line:519| https://t.bilibili.com/1186988837329436697
2026-05-11 18:05:40,959|line:521| 已有
2026-05-11 18:05:40,959|line:519| https://t.bilibili.com/1191525933447643176
2026-05-11 18:05:42,304|line:346| Expecting value: line 1 column 1 (char 0)
2026-05-11 18:05:42,304|line:347| error line:319
2026-05-11 18:05:42,305|line:533| *#*#*#*#*#*#*#*#*#*原动态处理失败*#*#*#*#*#*#*#*#*#
2026-05-11 18:05:42,306|line:519| https://t.bilibili.com/1197126016736165911
2026-05-11 18:05:45,649|line:346| Expecting value: line 1 column 1 (char 0)
2026-05-11 18:05:45,650|line:347| error line:319
2026-05-11 18:05:45,651|line:533| *#*#*#*#*#*#*#*#*#*原动态处理失败*#*#*#*#*#*#*#*#*#
2026-05-11 18:05:45,651|line:519| https://t.bilibili.com/1196920386582741032
2026-05-11 18:05:49,872|line:346| Expecting value: line 1 column 1 (char 0)
2026-05-11 18:05:49,872|line:347| error line:319
2026-05-11 18:05:49,873|line:533| *#*#*#*#*#*#*#*#*#*原动态处理失败*#*#*#*#*#*#*#*#*#
2026-05-11 18:05:49,873|line:519| https://t.bilibili.com/1176241562153123847
2026-05-11 18:05:51,220|line:346| Expecting value: line 1 column 1 (char 0)
2026-05-11 18:05:51,220|line:347| error line:319
2026-05-11 18:05:51,221|line:533| *#*#*#*#*#*#*#*#*#*原动态处理失败*#*#*#*#*#*#*#*#*#
2026-05-11 18:05:51,221|line:519| https://t.bilibili.com/1188864178970951762
2026-05-11 18:05:55,446|line:346| Expecting value: line 1 column 1 (char 0)
2026-05-11 18:05:55,446|line:347| error line:319
2026-05-11 18:05:55,447|line:533| *#*#*#*#*#*#*#*#*#*原动态处理失败*#*#*#*#*#*#*#*#*#
2026-05-11 18:05:55,447|line:519| https://t.bilibili.com/1194393592879120384
2026-05-11 18:05:57,676|line:346| Expecting value: line 1 column 1 (char 0)
2026-05-11 18:05:57,676|line:347| error line:319
2026-05-11 18:05:57,677|line:533| *#*#*#*#*#*#*#*#*#*原动态处理失败*#*#*#*#*#*#*#*#*#
2026-05-11 18:05:57,677|line:519| https://t.bilibili.com/1197399288321146896
2026-05-11 18:06:00,015|line:346| Expecting value: line 1 column 1 (char 0)
2026-05-11 18:06:00,015|line:347| error line:319
2026-05-11 18:06:00,016|line:533| *#*#*#*#*#*#*#*#*#*原动态处理失败*#*#*#*#*#*#*#*#*#
2026-05-11 18:06:00,016|line:519| https://t.bilibili.com/1200646107511652387
2026-05-11 18:06:01,242|line:346| Expecting value: line 1 column 1 (char 0)
2026-05-11 18:06:01,242|line:347| error line:319
2026-05-11 18:06:01,243|line:533| *#*#*#*#*#*#*#*#*#*原动态处理失败*#*#*#*#*#*#*#*#*#
2026-05-11 18:06:01,244|line:519| https://t.bilibili.com/1195064677200035843
2026-05-11 18:06:04,600|line:346| Expecting value: line 1 column 1 (char 0)
2026-05-11 18:06:04,601|line:347| error line:319
2026-05-11 18:06:04,602|line:533| *#*#*#*#*#*#*#*#*#*原动态处理失败*#*#*#*#*#*#*#*#*#
2026-05-11 18:06:04,602|line:519| https://t.bilibili.com/1194810436640309281
2026-05-11 18:06:08,821|line:346| Expecting value: line 1 column 1 (char 0)
2026-05-11 18:06:08,822|line:347| error line:319
2026-05-11 18:06:08,823|line:533| *#*#*#*#*#*#*#*#*#*原动态处理失败*#*#*#*#*#*#*#*#*#
2026-05-11 18:06:08,823|line:519| https://t.bilibili.com/1197399099335245829
2026-05-11 18:06:13,063|line:346| Expecting value: line 1 column 1 (char 0)
2026-05-11 18:06:13,063|line:347| error line:319
2026-05-11 18:06:13,064|line:533| *#*#*#*#*#*#*#*#*#*原动态处理失败*#*#*#*#*#*#*#*#*#
2026-05-11 18:06:13,065|line:519| https://t.bilibili.com/1200640025794969689
2026-05-11 18:06:17,288|line:346| Expecting value: line 1 column 1 (char 0)
2026-05-11 18:06:17,288|line:347| error line:319
2026-05-11 18:06:17,289|line:533| *#*#*#*#*#*#*#*#*#*原动态处理失败*#*#*#*#*#*#*#*#*#
2026-05-11 18:06:17,289|line:519| https://t.bilibili.com/1200340103981957189
2026-05-11 18:06:20,507|line:346| Expecting value: line 1 column 1 (char 0)
2026-05-11 18:06:20,508|line:347| error line:319
2026-05-11 18:06:20,508|line:533| *#*#*#*#*#*#*#*#*#*原动态处理失败*#*#*#*#*#*#*#*#*#
2026-05-11 18:06:20,509|line:519| https://t.bilibili.com/1196988139699175431
2026-05-11 18:06:23,727|line:346| Expecting value: line 1 column 1 (char 0)
2026-05-11 18:06:23,727|line:347| error line:319
2026-05-11 18:06:23,728|line:533| *#*#*#*#*#*#*#*#*#*原动态处理失败*#*#*#*#*#*#*#*#*#
2026-05-11 18:06:23,728|line:519| https://t.bilibili.com/1189521381985878041
2026-05-11 18:06:27,960|line:346| Expecting value: line 1 column 1 (char 0)
2026-05-11 18:06:27,961|line:347| error line:319
2026-05-11 18:06:27,962|line:533| *#*#*#*#*#*#*#*#*#*原动态处理失败*#*#*#*#*#*#*#*#*#
2026-05-11 18:06:27,962|line:519| https://t.bilibili.com/1199903945701457936
2026-05-11 18:06:30,179|line:346| Expecting value: line 1 column 1 (char 0)
2026-05-11 18:06:30,179|line:347| error line:319
2026-05-11 18:06:30,180|line:533| *#*#*#*#*#*#*#*#*#*原动态处理失败*#*#*#*#*#*#*#*#*#
2026-05-11 18:06:30,180|line:519| https://t.bilibili.com/1194700996559765574
2026-05-11 18:06:32,525|line:346| Expecting value: line 1 column 1 (char 0)
2026-05-11 18:06:32,525|line:347| error line:319
2026-05-11 18:06:32,526|line:533| *#*#*#*#*#*#*#*#*#*原动态处理失败*#*#*#*#*#*#*#*#*#
2026-05-11 18:06:32,526|line:519| https://t.bilibili.com/1200630641333370918
2026-05-11 18:06:35,817|line:346| Expecting value: line 1 column 1 (char 0)
2026-05-11 18:06:35,817|line:347| error line:319
2026-05-11 18:06:35,818|line:533| *#*#*#*#*#*#*#*#*#*原动态处理失败*#*#*#*#*#*#*#*#*#
2026-05-11 18:06:35,818|line:519| https://t.bilibili.com/1197394121494364197
2026-05-11 18:06:38,159|line:346| Expecting value: line 1 column 1 (char 0)
2026-05-11 18:06:38,159|line:347| error line:319
2026-05-11 18:06:38,160|line:533| *#*#*#*#*#*#*#*#*#*原动态处理失败*#*#*#*#*#*#*#*#*#
2026-05-11 18:06:38,161|line:519| https://t.bilibili.com/1196923826826379270
2026-05-11 18:06:42,377|line:346| Expecting value: line 1 column 1 (char 0)
2026-05-11 18:06:42,377|line:347| error line:319
2026-05-11 18:06:42,378|line:533| *#*#*#*#*#*#*#*#*#*原动态处理失败*#*#*#*#*#*#*#*#*#
2026-05-11 18:06:42,378|line:519| https://t.bilibili.com/1184319016949252104
2026-05-11 18:06:43,596|line:346| Expecting value: line 1 column 1 (char 0)
2026-05-11 18:06:43,596|line:347| error line:319
2026-05-11 18:06:43,597|line:533| *#*#*#*#*#*#*#*#*#*原动态处理失败*#*#*#*#*#*#*#*#*#
2026-05-11 18:06:43,597|line:519| https://t.bilibili.com/1197384569467174921
2026-05-11 18:06:45,846|line:346| Expecting value: line 1 column 1 (char 0)
2026-05-11 18:06:45,846|line:347| error line:319
2026-05-11 18:06:45,847|line:533| *#*#*#*#*#*#*#*#*#*原动态处理失败*#*#*#*#*#*#*#*#*#
2026-05-11 18:06:45,848|line:519| https://t.bilibili.com/1188792337065574407
2026-05-11 18:06:49,068|line:346| Expecting value: line 1 column 1 (char 0)
2026-05-11 18:06:49,068|line:347| error line:319
2026-05-11 18:06:49,069|line:533| *#*#*#*#*#*#*#*#*#*原动态处理失败*#*#*#*#*#*#*#*#*#
2026-05-11 18:06:49,069|line:519| https://t.bilibili.com/1196938021719506945
2026-05-11 18:06:53,288|line:346| Expecting value: line 1 column 1 (char 0)
2026-05-11 18:06:53,288|line:347| error line:319
2026-05-11 18:06:53,289|line:533| *#*#*#*#*#*#*#*#*#*原动态处理失败*#*#*#*#*#*#*#*#*#
2026-05-11 18:06:53,289|line:519| https://t.bilibili.com/1200646253538443283
2026-05-11 18:06:57,504|line:346| Expecting value: line 1 column 1 (char 0)
2026-05-11 18:06:57,504|line:347| error line:319
2026-05-11 18:06:57,505|line:533| *#*#*#*#*#*#*#*#*#*原动态处理失败*#*#*#*#*#*#*#*#*#
2026-05-11 18:06:57,505|line:519| https://t.bilibili.com/1200346134061514757
2026-05-11 18:07:00,723|line:346| Expecting value: line 1 column 1 (char 0)
2026-05-11 18:07:00,724|line:347| error line:319
2026-05-11 18:07:00,724|line:533| *#*#*#*#*#*#*#*#*#*原动态处理失败*#*#*#*#*#*#*#*#*#
2026-05-11 18:07:00,725|line:519| https://t.bilibili.com/1199903915676532932
2026-05-11 18:07:05,067|line:346| Expecting value: line 1 column 1 (char 0)
2026-05-11 18:07:05,067|line:347| error line:319
2026-05-11 18:07:05,068|line:533| *#*#*#*#*#*#*#*#*#*原动态处理失败*#*#*#*#*#*#*#*#*#
2026-05-11 18:07:05,068|line:519| https://t.bilibili.com/1195139478385066001
2026-05-11 18:07:09,310|line:346| Expecting value: line 1 column 1 (char 0)
2026-05-11 18:07:09,311|line:347| error line:319
2026-05-11 18:07:09,312|line:533| *#*#*#*#*#*#*#*#*#*原动态处理失败*#*#*#*#*#*#*#*#*#
2026-05-11 18:07:09,312|line:519| https://t.bilibili.com/1196341948985638920
2026-05-11 18:07:13,652|line:346| Expecting value: line 1 column 1 (char 0)
2026-05-11 18:07:13,652|line:347| error line:319
2026-05-11 18:07:13,653|line:533| *#*#*#*#*#*#*#*#*#*原动态处理失败*#*#*#*#*#*#*#*#*#
2026-05-11 18:07:13,653|line:519| https://t.bilibili.com/1195050267627749399
2026-05-11 18:07:15,882|line:346| Expecting value: line 1 column 1 (char 0)
2026-05-11 18:07:15,882|line:347| error line:319
2026-05-11 18:07:15,883|line:533| *#*#*#*#*#*#*#*#*#*原动态处理失败*#*#*#*#*#*#*#*#*#
2026-05-11 18:07:15,884|line:519| https://t.bilibili.com/1197113930704486409
2026-05-11 18:07:17,228|line:346| Expecting value: line 1 column 1 (char 0)
2026-05-11 18:07:17,228|line:347| error line:319
2026-05-11 18:07:17,229|line:533| *#*#*#*#*#*#*#*#*#*原动态处理失败*#*#*#*#*#*#*#*#*#
2026-05-11 18:07:17,229|line:519| https://t.bilibili.com/1200395126776528961
2026-05-11 18:07:21,455|line:346| Expecting value: line 1 column 1 (char 0)
2026-05-11 18:07:21,455|line:347| error line:319
2026-05-11 18:07:21,456|line:533| *#*#*#*#*#*#*#*#*#*原动态处理失败*#*#*#*#*#*#*#*#*#
2026-05-11 18:07:21,457|line:519| https://t.bilibili.com/1185563896055857171
2026-05-11 18:07:24,683|line:346| Expecting value: line 1 column 1 (char 0)
2026-05-11 18:07:24,683|line:347| error line:319
2026-05-11 18:07:24,684|line:533| *#*#*#*#*#*#*#*#*#*原动态处理失败*#*#*#*#*#*#*#*#*#
2026-05-11 18:07:24,685|line:552| 执行结束
2026-05-11 18:07:24,685|line:556| 执行失败，错误数量为57
2026-05-11 18:07:24,685|line:558| ==================================================2026-05-12 02:07==================================================
2026-05-11 18:07:31,216|line:578| ('reply: ', '榄菊官方', '[给心心]')
2026-05-11 18:07:31,216|line:578| ('reply: ', '吓死我啦芙莱', '并不是')
2026-05-11 18:07:31,216|line:578| ('reply: ', '花生十三-公考行测', '68')
2026-05-11 18:07:31,216|line:578| ('reply: ', '三鹿七茸猫尾巴', '[夏诺雅表情包_？？？]')
2026-05-11 18:07:31,216|line:578| ('reply: ', '小闪闪bling', 'hhh腾子买库洛让我感觉他自己有点不太想出大世界了')
2026-05-11 18:07:31,216|line:578| ('reply: ', '修挖机的丸山彩', '不是，这……')
2026-05-11 18:07:31,216|line:578| ('reply: ', '好像都是一个人', '你在说什么')
2026-05-11 18:07:31,216|line:578| ('reply: ', '目标咨询', '太宠粉了啊')
2026-05-11 18:07:31,216|line:578| ('reply: ', '数玩工场', '祝你成功')
2026-05-11 18:07:31,217|line:578| ('reply: ', '益家有小佰', '恭喜宝子，获得小电视月度会员1份和克刻冰冰猴喉糖随机口味1份～记得私信小佰提供信息哦~')
2026-05-11 18:07:31,217|line:578| ('reply: ', '圆环之理-Madoka', '是的')
2026-05-11 18:07:31,217|line:578| ('reply: ', '兰的三姨', '这就是银河巨星的实力！')
2026-05-11 18:07:31,217|line:578| ('reply: ', '花园百合铃音', '有男不玩，我只吃麻辣火锅，xxn滚[吃瓜]')
2026-05-11 18:07:31,217|line:578| ('reply: ', '是绝赞的阿鬼', '[tv_难过]')
2026-05-11 18:07:31,217|line:578| ('reply: ', '桃稚不幼稚', '还行')
2026-05-11 18:07:31,217|line:578| ('reply: ', '陌罔子吖', '佬，这个报名有啥条件不。最近太非了，想下次报来抽[脱单doge][脱单doge][脱单doge]')
2026-05-11 18:07:31,217|line:578| ('reply: ', '太二酸菜鱼', '恭喜成为本期欧皇[打call]获得【肥龙联名显眼包】1份，在收到本信息的两天内回复哥的私信哦~逾期哥就自己收啦！[脱单doge]')
2026-05-11 18:07:31,217|line:578| ('reply: ', '得一想二的松鼠', '中奖分我一半')
2026-05-11 18:07:31,217|line:578| ('reply: ', '佑凉Uriyoo', '谢谢！！！[UP_24967030_感恩]')
2026-05-11 18:07:31,217|line:578| ('reply: ', '岛莓祁', '好耶')
2026-05-11 18:07:34,471|line:587| ('at: ', '电脑报', '恭喜@小小Shaun UID：1090970340，@-叶晓吖  UID：22437099  获得 【电竞大礼包】1份， 请在三日内私信我')
2026-05-11 18:07:34,472|line:587| ('at: ', '联想拯救者官方', '是我喜欢的奖品名单 直接开奖 上 趁现在没人偷摸开个奖 恭喜这些小伙伴 【拯救者7.1声卡H7游戏耳机】获奖名单 @泪水打湿猪脚饭o @xoomoon @小小Shaun @T山海连云T @超超超超薄脆饼干 @BerboomC 【拯救者C140氮化镓适配器】获奖名单 @改个天凉好个秋 @夜猫子牙不好 @LLL好久不见 @林殇倾慕婉 @今天也要拥抱微风 @洳不及我万一 @胜利の天平 【白金独角兽电竞鼠标】获奖名单 @底片上的诗旅人 【拯救者C170氮化镓适配器】获奖名单 @麦當劳无限好 @無名丶の辈 @任性的提莫 @广东有暖风 由于B站私信规则修改 我会私信中奖的小伙伴一条消息，还请注意查收并回复我您的收货地址与联系方式，奖品基本会在私信您信息后的三十个工作日内发货')
2026-05-11 18:07:34,472|line:587| ('at: ', 'Apexgaming艾湃电竞', '恭喜 @小小Shaun 获得饮料一份，三天内联系我，过时不候！')
2026-05-11 18:07:34,472|line:587| ('at: ', '喜欢白毛有什么不好', '1 @浪子游2fans6@被_____打下来的飞机@拉斯特臣后面一个点@专心致志的学生@猫猫头OmMeow@小小Shaun@龐門左道@啦啦痴痴腻@bili_66938050009@日月星辰668')
2026-05-11 18:07:34,472|line:587| ('at: ', 'iKF蓝牙耳机', '恭喜@小小Shaun 宝子成为苏泊尔福利动态幸运儿！\n注意：即日起72小时内回复信息确认领奖哦！逾期将自动视为放弃中奖资格。\n没有中奖的宝子们不要气馁，参与一下下置顶视频iKF Mars，增加欧气值，说不定下个幸运儿就是你！\n链接：\nhttps://www.bilibili.com/video/BV1Soo6YLEHZ/?spm_id_from=333.1387.list.card_archive.click&vd_source=21fb0967ccc75e6b3b2447ade2c740dd\n还没参与抽奖的宝子们，赶紧点击上方链接参与吧！还有特别福利惊喜等你哦~')
2026-05-11 18:07:34,472|line:587| ('at: ', 'wellymerck威利默克', '恭喜@小小Shaun\xa0 获得《我是你的小狗3 永远等你回家》1本，请于5天内联系威宝，凭关注+互动截图领取奖品，逾期作废~')
2026-05-11 18:07:34,472|line:587| ('at: ', '宁美NINGMEI', '恭喜@小小Shaun   中奖，请在12月1日24点前私信我：1. 奖品+中奖信息a. 实物奖：姓名电话地址，给文字！省市区路清晰，提交不清晰不发奖，信息错误致无法签收，概不负责；\n\nb. 现金红包给到支付宝实名+账号；\n\nc. 京东卡/猫超卡 等购物卡给到姓名+电话；2. 宁美和品牌方关注截图+转发截图！\n\n必须关注品牌方，否则奖品不予发放；如遇无法私信图片的情况，等待我回复后即可发送图片。PS： \n\n因后台收信有时会出问题，以回复“已登记”为准，没有回复即表示私信未收到。\n\n过期视为自动放弃，不会补发；奖品30个工作日内发送，勿催哦~\n\n不发全，不回复。其他小伙伴请继续努力！')
2026-05-11 18:07:34,472|line:587| ('at: ', '爱玛电动车官方账号', '#一“玛”当先榜# 快来看看10月都是谁和爱玛酱互动最多呀~ 💕恭喜@小小Shaun 和@甘瑞凯拉莎 排行第一！这两位小玛达将会获得【爱玛随机周边×1】，请5天内私信爱玛酱领奖哟~[鼓掌] 以后也请继续单推我无敌可爱美少女爱玛酱呀嘿嘿！(●´З｀●)')
2026-05-11 18:07:34,472|line:587| ('at: ', '爱玛电动车官方账号', '')
2026-05-11 18:07:34,472|line:587| ('at: ', '海露滴眼液', '互动榜出炉啦')
2026-05-11 18:07:34,472|line:587| ('at: ', '和蔼可亲桃白白', '\u200b//@九号公司:\u200b恭喜@小小Shaun 中奖！后续记得查收私信哟～\u200b//@九号公司:#互动抽奖# 谢谢粒粒的复工礼！小九也来加个码~关注【@微粒贷+@九号公司 】并转发该动态，抽一位小可爱获得【100元京东卡】~ #供电局福利社# 10月31日抽出！')
2026-05-11 18:07:34,472|line:587| ('at: ', '望大家身体健康快乐', '\u200b//@九号公司:\u200b恭喜@小小Shaun 中奖！后续记得查收私信哟～\u200b//@九号公司 :#互动抽奖# 谢谢粒粒的复工礼！小九也来加个码~关注【@微粒贷+@九号公司 】并转发该动态，抽一位小可爱获得【100元京东卡】~ #供电局福利社# 10月31日抽出！')
2026-05-11 18:07:34,473|line:587| ('at: ', 'MoMA_Reona', '//@九号公司:\u200b恭喜@小小Shaun 中奖！后续记得查收私信哟～\u200b//@九号公司:#互动抽奖# 谢谢粒粒的复工礼！小九也来加个码~关注【@微粒贷+@九号公司 】并转发该动态，抽一位小可爱获得【100元京东卡】~ #供电局福利社# 10月31日抽出！')
2026-05-11 18:07:34,473|line:587| ('at: ', '摸鱼二队', '\u200b//@九号公司:\u200b恭喜@小小Shaun 中奖！后续记得查收私信哟～\u200b//@九号公司 :#互动抽奖# 谢谢粒粒的复工礼！小九也来加个码~关注【@微粒贷+@九号公司 】并转发该动态，抽一位小可爱获得【100元京东卡】~ #供电局福利社# 10月31日抽出！')
2026-05-11 18:07:34,473|line:587| ('at: ', '文少嘅一些事一些情', '\u200b//@九号公司:\u200b恭喜@小小Shaun 中奖！后续记得查收私信哟～\u200b//@九号公司 :#互动抽奖# 谢谢粒粒的复工礼！小九也来加个码~关注【@微粒贷+@九号公司 】并转发该动态，抽一位小可爱获得【100元京东卡】~ #供电局福利社# 10月31日抽出！')
2026-05-11 18:07:34,473|line:587| ('at: ', 'Carry队友的嘟嘟酱丶', '\u200b//@九号公司:\u200b恭喜@小小Shaun 中奖！后续记得查收私信哟～\u200b//@九号公司 :#互动抽奖# 谢谢粒粒的复工礼！小九也来加个码~关注【@微粒贷+@九号公司 】并转发该动态，抽一位小可爱获得【100元京东卡】~ #供电局福利社# 10月31日抽出！')
2026-05-11 18:07:34,473|line:587| ('at: ', '蛤蟆zero', '//@九号公司:\u200b恭喜@小小Shaun 中奖！后续记得查收私信哟～\u200b//@九号公司:#互动抽奖# 谢谢粒粒的复工礼！小九也来加个码~关注【@微粒贷+@九号公司 】并转发该动态，抽一位小可爱获得【100元京东卡】~ #供电局福利社# 10月31日抽出！c冲冲冲')
2026-05-11 18:07:34,473|line:587| ('at: ', '木而各子要吃笃栗子', '\u200b//@九号公司:\u200b恭喜@小小Shaun 中奖！后续记得查收私信哟～\u200b//@九号公司 :#互动抽奖# 谢谢粒粒的复工礼！小九也来加个码~关注【@微粒贷+@九号公司 】并转发该动态，抽一位小可爱获得【100元京东卡】~ #供电局福利社# 10月31日抽出！')
2026-05-11 18:07:34,473|line:587| ('at: ', '裙下愚臣情默默', '\u200b//@九号公司:\u200b恭喜@小小Shaun 中奖！后续记得查收私信哟～\u200b//@九号公司 :#互动抽奖# 谢谢粒粒的复工礼！小九也来加个码~关注【@微粒贷+@九号公司 】并转发该动态，抽一位小可爱获得【100元京东卡】~ #供电局福利社# 10月31日抽出！')
2026-05-11 18:07:34,473|line:587| ('at: ', '戊子毕宿', '')
