2026-02-09 17:11:46,733|line:232| processing article 45530833
2026-02-09 17:11:52,680|line:507| ==================================================2026-02-10 01:11==================================================
2026-02-09 17:11:52,680|line:519| https://t.bilibili.com/1167322899350028359
2026-02-09 17:11:54,274|line:341| =========此为源动态=========
2026-02-09 17:11:57,037|line:362| *********子动态开始*********
2026-02-09 17:11:57,038|line:381| *********子动态结束*********
2026-02-09 17:11:57,038|line:537| -=-=-=-=处理回最初的动态-=-=-=-=
2026-02-09 17:12:08,210|line:475| 转发成功 1167452547242262528
2026-02-09 17:12:11,608|line:494| 评论发送成功
2026-02-09 17:12:18,670|line:436| 关注 ==== 3494376420411846 0
2026-02-09 17:12:22,010|line:503| 动态-点赞 OK
2026-02-09 17:12:26,010|line:519| https://t.bilibili.com/1167339851573362691
2026-02-09 17:12:30,329|line:336| =========此为子动态=========
2026-02-09 17:12:32,798|line:387| *************原动态处理开始***************
2026-02-09 17:12:40,789|line:475| 转发成功 1167452684653953032
2026-02-09 17:12:44,259|line:494| 评论发送成功
2026-02-09 17:12:46,678|line:424| 1779174270 === 已经关注了
2026-02-09 17:12:50,135|line:503| 动态-点赞 OK
2026-02-09 17:12:50,136|line:396| *************原动态处理完成***************
2026-02-09 17:12:53,722|line:362| *********子动态开始*********
2026-02-09 17:13:02,275|line:475| 转发成功 1167452779194613764
2026-02-09 17:13:05,867|line:494| 评论发送成功
2026-02-09 17:13:12,593|line:424| 1521701206 === 已经关注了
2026-02-09 17:13:12,594|line:376| ----完成一个子动态----
2026-02-09 17:13:24,247|line:475| 转发成功 1167452873650339848
2026-02-09 17:13:27,708|line:494| 评论发送成功
2026-02-09 17:13:32,699|line:424| 1771385364 === 已经关注了
2026-02-09 17:13:32,699|line:376| ----完成一个子动态----
2026-02-09 17:13:43,019|line:475| 转发成功 1167452950948216855
2026-02-09 17:13:46,387|line:494| 评论发送成功
2026-02-09 17:13:52,097|line:424| 1681276938 === 已经关注了
2026-02-09 17:13:52,097|line:376| ----完成一个子动态----
2026-02-09 17:14:00,571|line:475| 转发成功 1167453028295376905
2026-02-09 17:14:03,994|line:494| 评论发送成功
2026-02-09 17:14:08,697|line:424| 3546683120028119 === 已经关注了
2026-02-09 17:14:08,698|line:376| ----完成一个子动态----
2026-02-09 17:14:17,973|line:475| 转发成功 1167453101272072240
2026-02-09 17:14:21,383|line:494| 评论发送成功
2026-02-09 17:14:27,104|line:424| 1442944920 === 已经关注了
2026-02-09 17:14:27,105|line:376| ----完成一个子动态----
2026-02-09 17:14:37,363|line:475| 转发成功 1167453187201826821
2026-02-09 17:14:40,894|line:494| 评论发送成功
2026-02-09 17:14:45,730|line:424| 1864084681 === 已经关注了
2026-02-09 17:14:45,730|line:376| ----完成一个子动态----
2026-02-09 17:15:12,464|line:475| 转发成功 1167453337516244998
2026-02-09 17:15:15,950|line:494| 评论发送成功
2026-02-09 17:15:23,683|line:424| 520152906 === 已经关注了
2026-02-09 17:15:23,683|line:376| ----完成一个子动态----
2026-02-09 17:15:35,769|line:475| 转发成功 1167453436310978568
2026-02-09 17:15:39,232|line:494| 评论发送成功
2026-02-09 17:15:46,034|line:424| 628831867 === 已经关注了
2026-02-09 17:15:46,034|line:376| ----完成一个子动态----
2026-02-09 17:16:03,658|line:381| *********子动态结束*********
2026-02-09 17:16:05,659|line:519| https://t.bilibili.com/1167307257051873305
2026-02-09 17:16:09,003|line:526| 官方 或 预约 OUT！
2026-02-09 17:16:09,003|line:519| https://t.bilibili.com/1167051388672278553
2026-02-09 17:16:11,324|line:526| 官方 或 预约 OUT！
2026-02-09 17:16:11,325|line:519| https://t.bilibili.com/1167320159189205046
2026-02-09 17:16:11,325|line:521| 已有
2026-02-09 17:16:11,325|line:519| https://t.bilibili.com/1167002911376408579
2026-02-09 17:16:15,692|line:341| =========此为源动态=========
2026-02-09 17:16:17,411|line:362| *********子动态开始*********
2026-02-09 17:16:17,412|line:381| *********子动态结束*********
2026-02-09 17:16:17,412|line:537| -=-=-=-=处理回最初的动态-=-=-=-=
2026-02-09 17:16:26,703|line:475| 转发成功 1167453655312367648
2026-02-09 17:16:30,116|line:494| 评论发送成功
2026-02-09 17:16:35,907|line:436| 关注 ==== 412418546 0
2026-02-09 17:16:39,259|line:503| 动态-点赞 OK
2026-02-09 17:16:41,260|line:519| https://t.bilibili.com/1167344382804754449
2026-02-09 17:16:44,599|line:341| =========此为源动态=========
2026-02-09 17:16:46,189|line:362| *********子动态开始*********
2026-02-09 17:16:46,190|line:381| *********子动态结束*********
2026-02-09 17:16:46,190|line:537| -=-=-=-=处理回最初的动态-=-=-=-=
2026-02-09 17:16:57,511|line:475| 转发成功 1167453788506685472
2026-02-09 17:17:00,944|line:494| 评论发送成功
2026-02-09 17:17:05,347|line:424| 3239435 === 已经关注了
2026-02-09 17:17:08,685|line:503| 动态-点赞 OK
2026-02-09 17:17:11,686|line:519| https://t.bilibili.com/1167343064220434438
2026-02-09 17:17:16,253|line:341| =========此为源动态=========
2026-02-09 17:17:18,853|line:362| *********子动态开始*********
2026-02-09 17:17:18,853|line:381| *********子动态结束*********
2026-02-09 17:17:18,854|line:537| -=-=-=-=处理回最初的动态-=-=-=-=
2026-02-09 17:17:31,110|line:475| 转发成功 1167453930192371737
2026-02-09 17:17:34,553|line:494| 评论发送成功
2026-02-09 17:17:37,140|line:424| 3493085459778150 === 已经关注了
2026-02-09 17:17:40,506|line:503| 动态-点赞 OK
2026-02-09 17:17:42,506|line:519| https://t.bilibili.com/1167307939979984898
2026-02-09 17:17:46,818|line:336| =========此为子动态=========
2026-02-09 17:17:49,310|line:400| *************原动态已存在***************
2026-02-09 17:17:53,857|line:362| *********子动态开始*********
2026-02-09 17:18:07,345|line:475| 转发成功 1167454089114550309
2026-02-09 17:18:10,849|line:494| 评论发送成功
2026-02-09 17:18:17,536|line:424| 323252394 === 已经关注了
2026-02-09 17:18:17,537|line:376| ----完成一个子动态----
2026-02-09 17:18:49,270|line:475| 转发成功 1167454269533585412
2026-02-09 17:18:52,673|line:494| 评论发送成功
2026-02-09 17:19:00,431|line:424| 35123204 === 已经关注了
2026-02-09 17:19:00,431|line:376| ----完成一个子动态----
2026-02-09 17:20:10,069|line:381| *********子动态结束*********
2026-02-09 17:20:14,069|line:519| https://t.bilibili.com/1166840149351333894
2026-02-09 17:20:18,617|line:526| 官方 或 预约 OUT！
2026-02-09 17:20:18,617|line:519| https://t.bilibili.com/1167325742604746951
2026-02-09 17:20:18,617|line:521| 已有
2026-02-09 17:20:18,617|line:519| https://t.bilibili.com/1167292048626155536
2026-02-09 17:20:21,960|line:336| =========此为子动态=========
2026-02-09 17:20:25,370|line:400| *************原动态已存在***************
2026-02-09 17:20:27,918|line:362| *********子动态开始*********
2026-02-09 17:20:36,259|line:475| 转发成功 1167454729087746056
2026-02-09 17:20:39,687|line:494| 评论发送成功
2026-02-09 17:20:43,420|line:424| 1494786563 === 已经关注了
2026-02-09 17:20:43,420|line:376| ----完成一个子动态----
2026-02-09 17:20:43,421|line:381| *********子动态结束*********
2026-02-09 17:20:47,421|line:519| https://t.bilibili.com/1167326936605655049
2026-02-09 17:20:47,422|line:521| 已有
2026-02-09 17:20:47,422|line:519| https://t.bilibili.com/1167223226045038600
2026-02-09 17:20:50,803|line:336| =========此为子动态=========
2026-02-09 17:20:53,241|line:387| *************原动态处理开始***************
2026-02-09 17:21:00,004|line:475| 转发成功 1167454827885625363
2026-02-09 17:21:03,440|line:494| 评论发送成功
2026-02-09 17:21:07,862|line:424| 429643625 === 已经关注了
2026-02-09 17:21:11,214|line:503| 动态-点赞 OK
2026-02-09 17:21:11,214|line:396| *************原动态处理完成***************
2026-02-09 17:21:13,735|line:362| *********子动态开始*********
2026-02-09 17:21:22,111|line:475| 转发成功 1167454922324574213
2026-02-09 17:21:25,545|line:494| 评论发送成功
2026-02-09 17:21:31,276|line:424| 493230543 === 已经关注了
2026-02-09 17:21:31,277|line:376| ----完成一个子动态----
2026-02-09 17:21:38,625|line:475| 转发成功 1167454995364184068
2026-02-09 17:21:42,030|line:494| 评论发送成功
2026-02-09 17:21:47,812|line:424| 386055742 === 已经关注了
2026-02-09 17:21:47,812|line:376| ----完成一个子动态----
2026-02-09 17:21:56,165|line:475| 转发成功 1167455072673595401
2026-02-09 17:21:59,571|line:494| 评论发送成功
2026-02-09 17:22:06,286|line:424| 1601764239 === 已经关注了
2026-02-09 17:22:06,287|line:376| ----完成一个子动态----
2026-02-09 17:22:15,574|line:475| 转发成功 1167455154260148228
2026-02-09 17:22:19,091|line:494| 评论发送成功
2026-02-09 17:22:23,782|line:424| 327988055 === 已经关注了
2026-02-09 17:22:23,782|line:376| ----完成一个子动态----
2026-02-09 17:22:23,783|line:381| *********子动态结束*********
2026-02-09 17:22:24,784|line:519| https://t.bilibili.com/1167212003293397014
2026-02-09 17:22:26,224|line:341| =========此为源动态=========
2026-02-09 17:22:29,727|line:362| *********子动态开始*********
2026-02-09 17:22:29,727|line:381| *********子动态结束*********
2026-02-09 17:22:29,727|line:537| -=-=-=-=处理回最初的动态-=-=-=-=
2026-02-09 17:22:37,958|line:475| 转发成功 1167455248795566101
2026-02-09 17:22:41,395|line:494| 评论发送成功
2026-02-09 17:22:43,810|line:424| 2124109995 === 已经关注了
2026-02-09 17:22:47,170|line:503| 动态-点赞 OK
2026-02-09 17:22:49,170|line:519| https://t.bilibili.com/1167342823678148641
2026-02-09 17:22:50,520|line:336| =========此为子动态=========
2026-02-09 17:22:52,927|line:387| *************原动态处理开始***************
2026-02-09 17:23:00,759|line:475| 转发成功 1167455347538919464
2026-02-09 17:23:04,211|line:494| 评论发送成功
2026-02-09 17:23:06,624|line:424| 1863894913 === 已经关注了
2026-02-09 17:23:09,973|line:503| 动态-点赞 OK
2026-02-09 17:23:09,974|line:396| *************原动态处理完成***************
2026-02-09 17:23:11,388|line:362| *********子动态开始*********
2026-02-09 17:23:21,618|line:475| 转发成功 1167455437750009872
2026-02-09 17:23:25,013|line:494| 评论发送成功
2026-02-09 17:23:32,795|line:424| 679151170 === 已经关注了
2026-02-09 17:23:32,795|line:376| ----完成一个子动态----
2026-02-09 17:23:41,053|line:475| 转发成功 1167455519360679971
2026-02-09 17:23:44,462|line:494| 评论发送成功
2026-02-09 17:23:50,232|line:424| 407029461 === 已经关注了
2026-02-09 17:23:50,233|line:376| ----完成一个子动态----
2026-02-09 17:23:57,620|line:475| 转发成功 1167455592389804056
2026-02-09 17:24:01,056|line:494| 评论发送成功
2026-02-09 17:24:08,786|line:424| 2000380121 === 已经关注了
2026-02-09 17:24:08,786|line:376| ----完成一个子动态----
2026-02-09 17:24:08,787|line:381| *********子动态结束*********
2026-02-09 17:24:12,788|line:519| https://t.bilibili.com/1167223629740507138
2026-02-09 17:24:14,131|line:336| =========此为子动态=========
2026-02-09 17:24:16,693|line:387| *************原动态处理开始***************
2026-02-09 17:24:23,541|line:475| 转发成功 1167455704067342356
2026-02-09 17:24:26,974|line:494| 评论发送成功
2026-02-09 17:24:28,419|line:424| 487793027 === 已经关注了
2026-02-09 17:24:31,847|line:503| 动态-点赞 OK
2026-02-09 17:24:31,847|line:396| *************原动态处理完成***************
2026-02-09 17:24:34,395|line:362| *********子动态开始*********
2026-02-09 17:24:44,775|line:475| 转发成功 1167455794248024068
2026-02-09 17:24:48,181|line:494| 评论发送成功
2026-02-09 17:24:53,885|line:424| 628831867 === 已经关注了
2026-02-09 17:24:53,885|line:376| ----完成一个子动态----
2026-02-09 17:25:05,235|line:475| 转发成功 1167455884404588547
2026-02-09 17:25:08,678|line:494| 评论发送成功
2026-02-09 17:25:13,414|line:424| 488757623 === 已经关注了
2026-02-09 17:25:13,415|line:376| ----完成一个子动态----
2026-02-09 17:25:22,741|line:475| 转发成功 1167455957467267079
2026-02-09 17:25:26,159|line:494| 评论发送成功
2026-02-09 17:25:31,965|line:424| 352104082 === 已经关注了
2026-02-09 17:25:31,966|line:376| ----完成一个子动态----
2026-02-09 17:25:41,469|line:475| 转发成功 1167456039056965636
2026-02-09 17:25:44,907|line:494| 评论发送成功
2026-02-09 17:25:51,700|line:424| 416514298 === 已经关注了
2026-02-09 17:25:51,701|line:376| ----完成一个子动态----
2026-02-09 17:25:51,701|line:381| *********子动态结束*********
2026-02-09 17:25:52,702|line:519| https://t.bilibili.com/1167361481040199734
2026-02-09 17:25:56,258|line:526| 官方 或 预约 OUT！
2026-02-09 17:25:56,259|line:519| https://t.bilibili.com/1160274570270212096
2026-02-09 17:25:56,259|line:521| 已有
2026-02-09 17:25:56,259|line:519| https://t.bilibili.com/1167362490328154134
2026-02-09 17:26:00,580|line:526| 官方 或 预约 OUT！
2026-02-09 17:26:00,580|line:519| https://t.bilibili.com/1167288208879255592
2026-02-09 17:26:03,898|line:336| =========此为子动态=========
2026-02-09 17:26:08,392|line:400| *************原动态已存在***************
2026-02-09 17:26:09,982|line:362| *********子动态开始*********
2026-02-09 17:26:28,175|line:475| 转发成功 1167456240903651333
2026-02-09 17:26:31,615|line:494| 评论发送成功
2026-02-09 17:26:35,373|line:424| 99442306 === 已经关注了
2026-02-09 17:26:35,373|line:376| ----完成一个子动态----
2026-02-09 17:28:40,926|line:381| *********子动态结束*********
2026-02-09 17:28:44,927|line:519| https://t.bilibili.com/1166876875585224741
2026-02-09 17:28:46,337|line:526| 官方 或 预约 OUT！
2026-02-09 17:28:46,338|line:519| https://t.bilibili.com/1167251504096083991
2026-02-09 17:28:50,650|line:336| =========此为子动态=========
2026-02-09 17:28:55,107|line:387| *************原动态处理开始***************
2026-02-09 17:29:00,998|line:475| 转发成功 1167456893758603303
2026-02-09 17:29:04,435|line:494| 评论发送成功
2026-02-09 17:29:08,811|line:424| 429643625 === 已经关注了
2026-02-09 17:29:12,224|line:503| 动态-点赞 OK
2026-02-09 17:29:12,224|line:396| *************原动态处理完成***************
2026-02-09 17:29:15,648|line:362| *********子动态开始*********
2026-02-09 17:29:24,929|line:475| 转发成功 1167456996828381186
2026-02-09 17:29:28,301|line:494| 评论发送成功
2026-02-09 17:29:33,061|line:424| 333641046 === 已经关注了
2026-02-09 17:29:33,061|line:376| ----完成一个子动态----
2026-02-09 17:29:45,314|line:475| 转发成功 1167457087001722889
2026-02-09 17:29:48,735|line:494| 评论发送成功
2026-02-09 17:29:54,435|line:424| 520152906 === 已经关注了
2026-02-09 17:29:54,436|line:376| ----完成一个子动态----
2026-02-09 17:30:04,824|line:475| 转发成功 1167457168628121602
2026-02-09 17:30:08,236|line:494| 评论发送成功
2026-02-09 17:30:17,095|line:424| 3546683120028119 === 已经关注了
2026-02-09 17:30:17,095|line:376| ----完成一个子动态----
2026-02-09 17:30:26,388|line:475| 转发成功 1167457263090139156
2026-02-09 17:30:29,815|line:494| 评论发送成功
2026-02-09 17:30:33,583|line:424| 2089637378 === 已经关注了
2026-02-09 17:30:33,584|line:376| ----完成一个子动态----
2026-02-09 17:30:41,971|line:475| 转发成功 1167457327526182936
2026-02-09 17:30:45,408|line:494| 评论发送成功
2026-02-09 17:30:49,145|line:424| 505670427 === 已经关注了
2026-02-09 17:30:49,145|line:376| ----完成一个子动态----
2026-02-09 17:30:49,146|line:381| *********子动态结束*********
2026-02-09 17:30:53,146|line:519| https://t.bilibili.com/1167294803793149960
2026-02-09 17:30:56,514|line:341| =========此为源动态=========
2026-02-09 17:30:58,043|line:362| *********子动态开始*********
2026-02-09 17:30:58,043|line:381| *********子动态结束*********
2026-02-09 17:30:58,043|line:537| -=-=-=-=处理回最初的动态-=-=-=-=
2026-02-09 17:31:07,338|line:475| 转发成功 1167457439182749696
2026-02-09 17:31:10,741|line:494| 评论发送成功
2026-02-09 17:31:13,242|line:424| 287886755 === 已经关注了
2026-02-09 17:31:16,607|line:503| 动态-点赞 OK
2026-02-09 17:31:20,607|line:519| https://t.bilibili.com/1167327993166561314
2026-02-09 17:31:22,919|line:336| =========此为子动态=========
2026-02-09 17:31:24,327|line:400| *************原动态已存在***************
2026-02-09 17:31:26,870|line:362| *********子动态开始*********
2026-02-09 17:32:45,252|line:381| *********子动态结束*********
2026-02-09 17:32:45,253|line:537| -=-=-=-=处理回最初的动态-=-=-=-=
2026-02-09 17:32:54,623|line:475| 转发成功 1167457898755784710
2026-02-09 17:32:58,105|line:494| 评论发送成功
2026-02-09 17:33:00,565|line:424| 3546664837057135 === 已经关注了
2026-02-09 17:33:03,904|line:503| 动态-点赞 OK
2026-02-09 17:33:04,905|line:519| https://t.bilibili.com/1167349055695618054
2026-02-09 17:33:09,310|line:336| =========此为子动态=========
2026-02-09 17:33:13,734|line:400| *************原动态已存在***************
2026-02-09 17:33:16,298|line:362| *********子动态开始*********
2026-02-09 17:33:42,793|line:381| *********子动态结束*********
2026-02-09 17:33:42,794|line:537| -=-=-=-=处理回最初的动态-=-=-=-=
2026-02-09 17:33:53,084|line:475| 转发成功 1167458147903733762
2026-02-09 17:33:56,499|line:494| 评论发送成功
2026-02-09 17:33:58,921|line:424| 1899220593 === 已经关注了
2026-02-09 17:34:02,289|line:503| 动态-点赞 OK
2026-02-09 17:34:06,289|line:519| https://t.bilibili.com/1167055554844033048
2026-02-09 17:34:08,635|line:341| =========此为源动态=========
2026-02-09 17:34:10,365|line:362| *********子动态开始*********
2026-02-09 17:34:10,365|line:381| *********子动态结束*********
2026-02-09 17:34:10,365|line:537| -=-=-=-=处理回最初的动态-=-=-=-=
2026-02-09 17:34:18,559|line:475| 转发成功 1167458259550863364
2026-02-09 17:34:21,996|line:494| 评论发送成功
2026-02-09 17:34:23,374|line:424| 3546738109450856 === 已经关注了
2026-02-09 17:34:26,729|line:503| 动态-点赞 OK
2026-02-09 17:34:28,729|line:519| https://t.bilibili.com/1159170944059572231
2026-02-09 17:34:32,104|line:526| 官方 或 预约 OUT！
2026-02-09 17:34:32,104|line:519| https://t.bilibili.com/1167084288132251649
2026-02-09 17:34:35,427|line:341| =========此为源动态=========
2026-02-09 17:34:37,961|line:362| *********子动态开始*********
2026-02-09 17:34:37,962|line:381| *********子动态结束*********
2026-02-09 17:34:37,962|line:537| -=-=-=-=处理回最初的动态-=-=-=-=
2026-02-09 17:34:47,383|line:475| 转发成功 1167458384097574912
2026-02-09 17:34:50,805|line:494| 评论发送成功
2026-02-09 17:34:52,228|line:424| 100680137 === 已经关注了
2026-02-09 17:34:55,556|line:503| 动态-点赞 OK
2026-02-09 17:34:56,556|line:519| https://t.bilibili.com/1167221658405044233
2026-02-09 17:34:56,556|line:521| 已有
2026-02-09 17:34:56,557|line:519| https://t.bilibili.com/1167232956318613505
2026-02-09 17:34:58,898|line:341| =========此为源动态=========
2026-02-09 17:35:03,301|line:362| *********子动态开始*********
2026-02-09 17:35:03,301|line:381| *********子动态结束*********
2026-02-09 17:35:03,301|line:537| -=-=-=-=处理回最初的动态-=-=-=-=
2026-02-09 17:35:13,565|line:475| 转发成功 1167458495792939017
2026-02-09 17:35:16,931|line:494| 评论发送成功
2026-02-09 17:35:21,346|line:424| 79955050 === 已经关注了
2026-02-09 17:35:24,682|line:503| 动态-点赞 OK
2026-02-09 17:35:28,683|line:519| https://t.bilibili.com/1167029282532229161
2026-02-09 17:35:30,005|line:341| =========此为源动态=========
2026-02-09 17:35:31,559|line:362| *********子动态开始*********
2026-02-09 17:35:31,559|line:381| *********子动态结束*********
2026-02-09 17:35:31,560|line:537| -=-=-=-=处理回最初的动态-=-=-=-=
2026-02-09 17:35:41,886|line:475| 转发成功 1167458615999594517
2026-02-09 17:35:45,373|line:494| 评论发送成功
2026-02-09 17:35:46,806|line:424| 100680137 === 已经关注了
2026-02-09 17:35:50,146|line:503| 动态-点赞 OK
2026-02-09 17:35:53,147|line:519| https://t.bilibili.com/1167284085734768661
2026-02-09 17:35:57,744|line:526| 官方 或 预约 OUT！
2026-02-09 17:35:57,744|line:519| https://t.bilibili.com/1167202283755143173
2026-02-09 17:36:02,111|line:341| =========此为源动态=========
2026-02-09 17:36:05,641|line:362| *********子动态开始*********
2026-02-09 17:36:05,642|line:381| *********子动态结束*********
2026-02-09 17:36:05,642|line:537| -=-=-=-=处理回最初的动态-=-=-=-=
2026-02-09 17:36:11,997|line:475| 转发成功 1167458744899993641
2026-02-09 17:36:15,409|line:494| 评论发送成功
2026-02-09 17:36:16,819|line:424| 3546715774781785 === 已经关注了
2026-02-09 17:36:20,189|line:503| 动态-点赞 OK
2026-02-09 17:36:22,190|line:519| https://t.bilibili.com/1167332309617082388
2026-02-09 17:36:25,500|line:341| =========此为源动态=========
2026-02-09 17:36:30,060|line:362| *********子动态开始*********
2026-02-09 17:36:30,060|line:381| *********子动态结束*********
2026-02-09 17:36:30,061|line:537| -=-=-=-=处理回最初的动态-=-=-=-=
2026-02-09 17:36:40,484|line:475| 转发成功 1167458869425733638
2026-02-09 17:36:43,906|line:494| 评论发送成功
2026-02-09 17:36:48,331|line:424| 3493259242375305 === 已经关注了
2026-02-09 17:36:51,698|line:503| 动态-点赞 OK
2026-02-09 17:36:52,699|line:519| https://t.bilibili.com/1167044435139100681
2026-02-09 17:36:57,187|line:526| 官方 或 预约 OUT！
2026-02-09 17:36:57,187|line:519| https://t.bilibili.com/1167260205697728513
2026-02-09 17:37:01,528|line:341| =========此为源动态=========
2026-02-09 17:37:05,965|line:362| *********子动态开始*********
2026-02-09 17:37:05,966|line:381| *********子动态结束*********
2026-02-09 17:37:05,966|line:537| -=-=-=-=处理回最初的动态-=-=-=-=
2026-02-09 17:37:14,272|line:475| 转发成功 1167459015469301768
2026-02-09 17:37:17,710|line:494| 评论发送成功
2026-02-09 17:37:22,146|line:424| 238623328 === 已经关注了
2026-02-09 17:37:25,531|line:503| 动态-点赞 OK
2026-02-09 17:37:27,532|line:519| https://t.bilibili.com/1164332936379498499
2026-02-09 17:37:31,847|line:526| 官方 或 预约 OUT！
2026-02-09 17:37:31,847|line:519| https://t.bilibili.com/1167294803850821649
2026-02-09 17:37:36,154|line:341| =========此为源动态=========
2026-02-09 17:37:37,521|line:362| *********子动态开始*********
2026-02-09 17:37:37,521|line:381| *********子动态结束*********
2026-02-09 17:37:37,521|line:537| -=-=-=-=处理回最初的动态-=-=-=-=
2026-02-09 17:37:45,723|line:475| 转发成功 1167459148579733509
2026-02-09 17:37:49,173|line:494| 评论发送成功
2026-02-09 17:37:51,581|line:424| 287886755 === 已经关注了
2026-02-09 17:37:54,947|line:503| 动态-点赞 OK
2026-02-09 17:37:56,948|line:519| https://t.bilibili.com/1167222521649430545
2026-02-09 17:37:56,948|line:521| 已有
2026-02-09 17:37:56,948|line:519| https://t.bilibili.com/1167361068714950665
2026-02-09 17:38:00,256|line:341| =========此为源动态=========
2026-02-09 17:38:04,635|line:362| *********子动态开始*********
2026-02-09 17:38:04,635|line:381| *********子动态结束*********
2026-02-09 17:38:04,636|line:537| -=-=-=-=处理回最初的动态-=-=-=-=
2026-02-09 17:38:14,028|line:475| 转发成功 1167459268856643601
2026-02-09 17:38:17,455|line:494| 评论发送成功
2026-02-09 17:38:18,886|line:424| 436170053 === 已经关注了
2026-02-09 17:38:22,285|line:503| 动态-点赞 OK
2026-02-09 17:38:25,286|line:519| https://t.bilibili.com/1167323968774864919
2026-02-09 17:38:25,286|line:521| 已有
2026-02-09 17:38:25,286|line:519| https://t.bilibili.com/1167232956267233298
2026-02-09 17:38:29,626|line:341| =========此为源动态=========
2026-02-09 17:38:32,028|line:362| *********子动态开始*********
2026-02-09 17:38:32,029|line:381| *********子动态结束*********
2026-02-09 17:38:32,029|line:537| -=-=-=-=处理回最初的动态-=-=-=-=
2026-02-09 17:38:42,233|line:475| 转发成功 1167459393436909571
2026-02-09 17:38:45,673|line:494| 评论发送成功
2026-02-09 17:38:50,061|line:424| 109778207 === 已经关注了
2026-02-09 17:38:53,426|line:503| 动态-点赞 OK
2026-02-09 17:38:54,426|line:519| https://t.bilibili.com/1164691338544807945
2026-02-09 17:38:56,735|line:526| 官方 或 预约 OUT！
2026-02-09 17:38:56,736|line:519| https://t.bilibili.com/1167331283104170021
2026-02-09 17:38:59,043|line:341| =========此为源动态=========
2026-02-09 17:39:02,467|line:362| *********子动态开始*********
2026-02-09 17:39:02,467|line:381| *********子动态结束*********
2026-02-09 17:39:02,468|line:537| -=-=-=-=处理回最初的动态-=-=-=-=
2026-02-09 17:39:11,725|line:475| 转发成功 1167459517974183942
2026-02-09 17:39:15,156|line:494| 评论发送成功
2026-02-09 17:39:19,571|line:424| 1536750746 === 已经关注了
2026-02-09 17:39:22,957|line:503| 动态-点赞 OK
2026-02-09 17:39:25,957|line:519| https://t.bilibili.com/1167040634086752262
2026-02-09 17:39:29,546|line:526| 官方 或 预约 OUT！
2026-02-09 17:39:29,547|line:519| https://t.bilibili.com/1166877333020213269
2026-02-09 17:39:33,953|line:341| =========此为源动态=========
2026-02-09 17:39:37,321|line:362| *********子动态开始*********
2026-02-09 17:39:37,321|line:381| *********子动态结束*********
2026-02-09 17:39:37,321|line:537| -=-=-=-=处理回最初的动态-=-=-=-=
2026-02-09 17:39:47,761|line:475| 转发成功 1167459672570986521
2026-02-09 17:39:51,163|line:494| 评论发送成功
2026-02-09 17:39:52,547|line:424| 489004577 === 已经关注了
2026-02-09 17:39:55,888|line:503| 动态-点赞 OK
2026-02-09 17:39:58,888|line:519| https://t.bilibili.com/1167341737104900103
2026-02-09 17:40:03,230|line:526| 官方 或 预约 OUT！
2026-02-09 17:40:03,230|line:519| https://t.bilibili.com/1167289407188762643
2026-02-09 17:40:04,570|line:341| =========此为源动态=========
2026-02-09 17:40:08,107|line:362| *********子动态开始*********
2026-02-09 17:40:08,108|line:381| *********子动态结束*********
2026-02-09 17:40:08,108|line:537| -=-=-=-=处理回最初的动态-=-=-=-=
2026-02-09 17:40:18,318|line:475| 转发成功 1167459805761110016
2026-02-09 17:40:21,720|line:494| 评论发送成功
2026-02-09 17:40:24,132|line:424| 1630529821 === 已经关注了
2026-02-09 17:40:27,532|line:503| 动态-点赞 OK
2026-02-09 17:40:28,532|line:519| https://t.bilibili.com/1167380804130570312
2026-02-09 17:40:31,969|line:341| =========此为源动态=========
2026-02-09 17:40:35,307|line:362| *********子动态开始*********
2026-02-09 17:40:35,307|line:381| *********子动态结束*********
2026-02-09 17:40:35,308|line:537| -=-=-=-=处理回最初的动态-=-=-=-=
2026-02-09 17:40:42,692|line:475| 转发成功 1167459908823547925
2026-02-09 17:40:46,171|line:494| 评论发送成功
2026-02-09 17:40:50,576|line:424| 302951148 === 已经关注了
2026-02-09 17:40:53,920|line:503| 动态-点赞 OK
2026-02-09 17:40:54,921|line:519| https://t.bilibili.com/1167321207133962257
2026-02-09 17:40:58,231|line:336| =========此为子动态=========
2026-02-09 17:40:59,650|line:400| *************原动态已存在***************
2026-02-09 17:41:01,167|line:362| *********子动态开始*********
2026-02-09 17:42:37,932|line:381| *********子动态结束*********
2026-02-09 17:42:37,933|line:537| -=-=-=-=处理回最初的动态-=-=-=-=
2026-02-09 17:42:48,435|line:475| 转发成功 1167460449960067074
2026-02-09 17:42:51,876|line:494| 评论发送成功
2026-02-09 17:42:56,319|line:424| 3546664837057135 === 已经关注了
2026-02-09 17:42:59,677|line:503| 动态-点赞 OK
2026-02-09 17:43:00,677|line:519| https://t.bilibili.com/1167325411924770832
2026-02-09 17:43:00,677|line:521| 已有
2026-02-09 17:43:00,678|line:519| https://t.bilibili.com/1167344623277834260
2026-02-09 17:43:00,678|line:521| 已有
2026-02-09 17:43:00,678|line:519| https://t.bilibili.com/1167248418152644613
2026-02-09 17:43:05,341|line:341| =========此为源动态=========
2026-02-09 17:43:06,727|line:362| *********子动态开始*********
2026-02-09 17:43:17,008|line:475| 转发成功 1167460570201325568
2026-02-09 17:43:20,421|line:494| 评论发送成功
2026-02-09 17:43:26,270|line:424| 1955897084 === 已经关注了
2026-02-09 17:43:26,271|line:376| ----完成一个子动态----
2026-02-09 17:43:26,271|line:381| *********子动态结束*********
2026-02-09 17:43:26,271|line:537| -=-=-=-=处理回最初的动态-=-=-=-=
2026-02-09 17:43:38,663|line:475| 转发成功 1167460664730451992
2026-02-09 17:43:42,083|line:494| 评论发送成功
2026-02-09 17:43:43,566|line:424| 3493082584582776 === 已经关注了
2026-02-09 17:43:47,086|line:503| 动态-点赞 OK
2026-02-09 17:43:51,086|line:519| https://t.bilibili.com/1167325987441999922
2026-02-09 17:43:51,086|line:521| 已有
2026-02-09 17:43:51,087|line:519| https://t.bilibili.com/1167202032514236470
2026-02-09 17:43:54,594|line:341| =========此为源动态=========
2026-02-09 17:43:59,201|line:362| *********子动态开始*********
2026-02-09 17:43:59,201|line:381| *********子动态结束*********
2026-02-09 17:43:59,201|line:537| -=-=-=-=处理回最初的动态-=-=-=-=
2026-02-09 17:44:09,412|line:475| 转发成功 1167460797842980870
2026-02-09 17:44:12,852|line:494| 评论发送成功
2026-02-09 17:44:14,239|line:424| 396808737 === 已经关注了
2026-02-09 17:44:17,598|line:503| 动态-点赞 OK
2026-02-09 17:44:20,599|line:519| https://t.bilibili.com/1167248418184101890
2026-02-09 17:44:23,942|line:341| =========此为源动态=========
2026-02-09 17:44:28,545|line:362| *********子动态开始*********
2026-02-09 17:44:28,545|line:381| *********子动态结束*********
2026-02-09 17:44:28,545|line:537| -=-=-=-=处理回最初的动态-=-=-=-=
2026-02-09 17:44:38,104|line:475| 转发成功 1167460918139813924
2026-02-09 17:44:41,505|line:494| 评论发送成功
2026-02-09 17:44:45,885|line:424| 3493277416294679 === 已经关注了
2026-02-09 17:44:49,221|line:503| 动态-点赞 OK
2026-02-09 17:44:50,222|line:519| https://t.bilibili.com/1167230458763673605
2026-02-09 17:44:50,222|line:521| 已有
2026-02-09 17:44:50,222|line:519| https://t.bilibili.com/1167294857481289753
2026-02-09 17:44:52,851|line:341| =========此为源动态=========
2026-02-09 17:44:56,431|line:362| *********子动态开始*********
2026-02-09 17:44:56,431|line:381| *********子动态结束*********
2026-02-09 17:44:56,432|line:537| -=-=-=-=处理回最初的动态-=-=-=-=
2026-02-09 17:45:02,670|line:475| 转发成功 1167461025527627784
2026-02-09 17:45:06,078|line:494| 评论发送成功
2026-02-09 17:45:09,462|line:424| 401259484 === 已经关注了
2026-02-09 17:45:12,824|line:503| 动态-点赞 OK
2026-02-09 17:45:15,825|line:519| https://t.bilibili.com/1166541816629035015
2026-02-09 17:45:17,232|line:341| =========此为源动态=========
2026-02-09 17:45:21,970|line:362| *********子动态开始*********
2026-02-09 17:45:21,971|line:381| *********子动态结束*********
2026-02-09 17:45:21,971|line:537| -=-=-=-=处理回最初的动态-=-=-=-=
2026-02-09 17:45:29,572|line:475| 转发成功 1167461141495939079
2026-02-09 17:45:33,062|line:494| 评论发送成功
2026-02-09 17:45:36,463|line:424| 323252394 === 已经关注了
2026-02-09 17:45:39,872|line:503| 动态-点赞 OK
2026-02-09 17:45:41,872|line:519| https://t.bilibili.com/1156976065461092357
2026-02-09 17:45:45,214|line:526| 官方 或 预约 OUT！
2026-02-09 17:45:45,214|line:519| https://t.bilibili.com/1167061039517270022
2026-02-09 17:45:47,555|line:341| =========此为源动态=========
2026-02-09 17:45:52,116|line:362| *********子动态开始*********
2026-02-09 17:45:52,116|line:381| *********子动态结束*********
2026-02-09 17:45:52,116|line:537| -=-=-=-=处理回最初的动态-=-=-=-=
2026-02-09 17:46:01,407|line:475| 转发成功 1167461278879318034
2026-02-09 17:46:04,808|line:494| 评论发送成功
2026-02-09 17:46:09,195|line:424| 3546935929604901 === 已经关注了
2026-02-09 17:46:12,577|line:503| 动态-点赞 OK
2026-02-09 17:46:16,577|line:519| https://t.bilibili.com/1160695296654573584
2026-02-09 17:46:19,932|line:526| 官方 或 预约 OUT！
2026-02-09 17:46:19,933|line:519| https://t.bilibili.com/1167322551458725896
2026-02-09 17:46:22,381|line:341| =========此为源动态=========
2026-02-09 17:46:26,972|line:362| *********子动态开始*********
2026-02-09 17:46:26,972|line:381| *********子动态结束*********
2026-02-09 17:46:26,972|line:537| -=-=-=-=处理回最初的动态-=-=-=-=
2026-02-09 17:46:34,154|line:475| 转发成功 1167461416373846032
2026-02-09 17:46:37,586|line:494| 评论发送成功
2026-02-09 17:46:42,180|line:424| 1980678022 === 已经关注了
2026-02-09 17:46:45,542|line:503| 动态-点赞 OK
2026-02-09 17:46:48,542|line:519| https://t.bilibili.com/1167062875557068821
2026-02-09 17:46:52,857|line:341| =========此为源动态=========
2026-02-09 17:46:56,267|line:362| *********子动态开始*********
2026-02-09 17:46:56,267|line:381| *********子动态结束*********
2026-02-09 17:46:56,267|line:537| -=-=-=-=处理回最初的动态-=-=-=-=
2026-02-09 17:47:05,491|line:475| 转发成功 1167461553765613587
2026-02-09 17:47:08,911|line:494| 评论发送成功
2026-02-09 17:47:14,841|line:436| 关注 ==== 673348637 0
2026-02-09 17:47:18,373|line:503| 动态-点赞 OK
2026-02-09 17:47:21,374|line:519| https://t.bilibili.com/1167361964253380609
2026-02-09 17:47:25,692|line:526| 官方 或 预约 OUT！
2026-02-09 17:47:25,692|line:519| https://t.bilibili.com/1167346208162709508
2026-02-09 17:47:25,693|line:521| 已有
2026-02-09 17:47:25,693|line:519| https://t.bilibili.com/1167178760232894470
2026-02-09 17:47:27,043|line:526| 官方 或 预约 OUT！
2026-02-09 17:47:27,043|line:519| https://t.bilibili.com/1167213772790562833
2026-02-09 17:47:28,359|line:336| =========此为子动态=========
2026-02-09 17:47:30,807|line:387| *************原动态处理开始***************
2026-02-09 17:47:38,723|line:475| 转发成功 1167461695482757128
2026-02-09 17:47:42,132|line:494| 评论发送成功
2026-02-09 17:47:45,592|line:424| 479384351 === 已经关注了
2026-02-09 17:47:49,002|line:503| 动态-点赞 OK
2026-02-09 17:47:49,003|line:396| *************原动态处理完成***************
2026-02-09 17:47:51,521|line:362| *********子动态开始*********
2026-02-09 17:48:03,941|line:475| 转发成功 1167461802872668167
2026-02-09 17:48:07,509|line:494| 评论发送成功
2026-02-09 17:48:15,291|line:424| 346469145 === 已经关注了
2026-02-09 17:48:15,291|line:376| ----完成一个子动态----
2026-02-09 17:48:27,592|line:475| 转发成功 1167461905985437721
2026-02-09 17:48:31,033|line:494| 评论发送成功
2026-02-09 17:48:34,956|line:424| 1681276938 === 已经关注了
2026-02-09 17:48:34,956|line:376| ----完成一个子动态----
2026-02-09 17:48:46,210|line:475| 转发成功 1167461987540533248
2026-02-09 17:48:49,810|line:494| 评论发送成功
2026-02-09 17:48:55,626|line:424| 488757623 === 已经关注了
2026-02-09 17:48:55,627|line:376| ----完成一个子动态----
2026-02-09 17:49:04,919|line:475| 转发成功 1167462064866721812
2026-02-09 17:49:08,551|line:494| 评论发送成功
2026-02-09 17:49:12,281|line:424| 509955674 === 已经关注了
2026-02-09 17:49:12,281|line:376| ----完成一个子动态----
2026-02-09 17:49:12,282|line:381| *********子动态结束*********
2026-02-09 17:49:13,283|line:519| https://t.bilibili.com/1167339233120092177
2026-02-09 17:49:13,283|line:521| 已有
2026-02-09 17:49:13,283|line:519| https://t.bilibili.com/1167334852216750120
2026-02-09 17:49:17,632|line:341| =========此为源动态=========
2026-02-09 17:49:21,234|line:362| *********子动态开始*********
2026-02-09 17:49:21,234|line:381| *********子动态结束*********
2026-02-09 17:49:21,234|line:537| -=-=-=-=处理回最初的动态-=-=-=-=
2026-02-09 17:49:30,440|line:475| 转发成功 1167462176540065801
2026-02-09 17:49:34,011|line:494| 评论发送成功
2026-02-09 17:49:38,429|line:424| 3546391102097741 === 已经关注了
2026-02-09 17:49:41,765|line:503| 动态-点赞 OK
2026-02-09 17:49:44,765|line:519| https://t.bilibili.com/1167248418162081796
2026-02-09 17:49:49,106|line:341| =========此为源动态=========
2026-02-09 17:49:52,546|line:362| *********子动态开始*********
2026-02-09 17:49:52,547|line:381| *********子动态结束*********
2026-02-09 17:49:52,547|line:537| -=-=-=-=处理回最初的动态-=-=-=-=
2026-02-09 17:49:59,790|line:475| 转发成功 1167462301135011876
2026-02-09 17:50:03,193|line:494| 评论发送成功
2026-02-09 17:50:04,590|line:424| 25876049 === 已经关注了
2026-02-09 17:50:07,965|line:503| 动态-点赞 OK
2026-02-09 17:50:08,965|line:519| https://t.bilibili.com/1167309456075128835
2026-02-09 17:50:08,966|line:521| 已有
2026-02-09 17:50:08,966|line:519| https://t.bilibili.com/1167236682158702597
2026-02-09 17:50:10,414|line:341| =========此为源动态=========
2026-02-09 17:50:11,965|line:362| *********子动态开始*********
2026-02-09 17:50:11,965|line:381| *********子动态结束*********
2026-02-09 17:50:11,966|line:537| -=-=-=-=处理回最初的动态-=-=-=-=
2026-02-09 17:50:21,223|line:475| 转发成功 1167462395604369411
2026-02-09 17:50:24,647|line:494| 评论发送成功
2026-02-09 17:50:26,096|line:424| 8827538 === 已经关注了
2026-02-09 17:50:29,457|line:503| 动态-点赞 OK
2026-02-09 17:50:30,457|line:519| https://t.bilibili.com/1167206475690410006
2026-02-09 17:50:34,772|line:341| =========此为源动态=========
2026-02-09 17:50:36,126|line:362| *********子动态开始*********
2026-02-09 17:50:36,126|line:381| *********子动态结束*********
2026-02-09 17:50:36,126|line:537| -=-=-=-=处理回最初的动态-=-=-=-=
2026-02-09 17:50:44,392|line:475| 转发成功 1167462494405394440
2026-02-09 17:50:47,868|line:494| 评论发送成功
2026-02-09 17:50:50,255|line:424| 1521701206 === 已经关注了
2026-02-09 17:50:53,593|line:503| 动态-点赞 OK
2026-02-09 17:50:55,594|line:519| https://t.bilibili.com/1167285971232751621
2026-02-09 17:50:55,594|line:521| 已有
2026-02-09 17:50:55,594|line:519| https://t.bilibili.com/1167217621094891527
2026-02-09 17:50:56,936|line:341| =========此为源动态=========
2026-02-09 17:50:58,594|line:362| *********子动态开始*********
2026-02-09 17:50:58,595|line:381| *********子动态结束*********
2026-02-09 17:50:58,595|line:537| -=-=-=-=处理回最初的动态-=-=-=-=
2026-02-09 17:51:08,848|line:475| 转发成功 1167462597446860809
2026-02-09 17:51:12,325|line:494| 评论发送成功
2026-02-09 17:51:16,775|line:424| 1750535730 === 已经关注了
2026-02-09 17:51:20,149|line:503| 动态-点赞 OK
2026-02-09 17:51:23,149|line:519| https://t.bilibili.com/1167360360053735473
2026-02-09 17:51:26,638|line:526| 官方 或 预约 OUT！
2026-02-09 17:51:26,638|line:519| https://t.bilibili.com/1167232956304982021
2026-02-09 17:51:30,150|line:341| =========此为源动态=========
2026-02-09 17:51:34,728|line:362| *********子动态开始*********
2026-02-09 17:51:34,728|line:381| *********子动态结束*********
2026-02-09 17:51:34,728|line:537| -=-=-=-=处理回最初的动态-=-=-=-=
2026-02-09 17:51:42,896|line:475| 转发成功 1167462743457923090
2026-02-09 17:51:46,316|line:494| 评论发送成功
2026-02-09 17:51:48,698|line:424| 1902330279 === 已经关注了
2026-02-09 17:51:52,059|line:503| 动态-点赞 OK
2026-02-09 17:51:55,059|line:519| https://t.bilibili.com/1167327950235762738
2026-02-09 17:51:55,060|line:521| 已有
2026-02-09 17:51:55,060|line:519| https://t.bilibili.com/1167312922118979600
2026-02-09 17:51:58,387|line:341| =========此为源动态=========
2026-02-09 17:52:02,793|line:362| *********子动态开始*********
2026-02-09 17:52:02,793|line:381| *********子动态结束*********
2026-02-09 17:52:02,794|line:537| -=-=-=-=处理回最初的动态-=-=-=-=
2026-02-09 17:52:09,213|line:475| 转发成功 1167462859460837381
2026-02-09 17:52:12,615|line:494| 评论发送成功
2026-02-09 17:52:17,200|line:424| 100680137 === 已经关注了
2026-02-09 17:52:20,604|line:503| 动态-点赞 OK
2026-02-09 17:52:21,605|line:519| https://t.bilibili.com/1167233254805209089
2026-02-09 17:52:25,944|line:341| =========此为源动态=========
2026-02-09 17:52:28,392|line:362| *********子动态开始*********
2026-02-09 17:52:28,392|line:381| *********子动态结束*********
2026-02-09 17:52:28,393|line:537| -=-=-=-=处理回最初的动态-=-=-=-=
2026-02-09 17:52:37,601|line:475| 转发成功 1167462979703144448
2026-02-09 17:52:41,080|line:494| 评论发送成功
2026-02-09 17:52:42,635|line:424| 648861072 === 已经关注了
2026-02-09 17:52:45,997|line:503| 动态-点赞 OK
2026-02-09 17:52:49,997|line:519| https://t.bilibili.com/1167219914606379073
2026-02-09 17:52:49,998|line:521| 已有
2026-02-09 17:52:49,998|line:519| https://t.bilibili.com/1167026447807676433
2026-02-09 17:52:53,344|line:526| 官方 或 预约 OUT！
2026-02-09 17:52:53,344|line:519| https://t.bilibili.com/1167363937742618630
2026-02-09 17:52:53,345|line:521| 已有
2026-02-09 17:52:53,345|line:519| https://t.bilibili.com/1167049039378645010
2026-02-09 17:52:54,659|line:526| 官方 或 预约 OUT！
2026-02-09 17:52:54,660|line:519| https://t.bilibili.com/1167365535484084273
2026-02-09 17:52:55,975|line:526| 官方 或 预约 OUT！
2026-02-09 17:52:55,975|line:519| https://t.bilibili.com/1167232193910538240
2026-02-09 17:52:57,339|line:341| =========此为源动态=========
2026-02-09 17:53:00,858|line:362| *********子动态开始*********
2026-02-09 17:53:00,859|line:381| *********子动态结束*********
2026-02-09 17:53:00,859|line:537| -=-=-=-=处理回最初的动态-=-=-=-=
2026-02-09 17:53:10,133|line:475| 转发成功 1167463117148389395
2026-02-09 17:53:13,544|line:494| 评论发送成功
2026-02-09 17:53:15,966|line:424| 873668 === 已经关注了
2026-02-09 17:53:19,301|line:503| 动态-点赞 OK
2026-02-09 17:53:22,301|line:519| https://t.bilibili.com/1167311264317177875
2026-02-09 17:53:24,621|line:526| 官方 或 预约 OUT！
2026-02-09 17:53:24,621|line:519| https://t.bilibili.com/1167311058125193255
2026-02-09 17:53:25,970|line:341| =========此为源动态=========
2026-02-09 17:53:27,492|line:362| *********子动态开始*********
2026-02-09 17:53:27,492|line:381| *********子动态结束*********
2026-02-09 17:53:27,493|line:537| -=-=-=-=处理回最初的动态-=-=-=-=
2026-02-09 17:53:38,003|line:475| 转发成功 1167463237394890790
2026-02-09 17:53:41,414|line:548| 'NoneType' object is not subscriptable
2026-02-09 17:53:41,415|line:549| error line:541
2026-02-09 17:53:42,415|line:519| https://t.bilibili.com/1158766847743492101
2026-02-09 17:53:42,415|line:521| 已有
2026-02-09 17:53:42,416|line:552| 执行结束
2026-02-09 17:53:42,416|line:558| ==================================================2026-02-10 01:53==================================================
2026-02-09 17:53:42,416|line:232| processing article 45514174
2026-02-09 17:53:45,729|line:507| ==================================================2026-02-10 01:53==================================================
2026-02-09 17:53:45,729|line:519| https://t.bilibili.com/1165473426332188676
2026-02-09 17:53:49,235|line:526| 官方 或 预约 OUT！
2026-02-09 17:53:49,236|line:519| https://t.bilibili.com/1160297406615519236
2026-02-09 17:53:53,626|line:526| 官方 或 预约 OUT！
2026-02-09 17:53:53,627|line:519| https://t.bilibili.com/1166490861088800772
2026-02-09 17:53:58,016|line:526| 官方 或 预约 OUT！
2026-02-09 17:53:58,016|line:519| https://t.bilibili.com/1166983554009137156
2026-02-09 17:54:00,326|line:526| 官方 或 预约 OUT！
2026-02-09 17:54:00,326|line:519| https://t.bilibili.com/1167195295846498325
2026-02-09 17:54:03,668|line:526| 官方 或 预约 OUT！
2026-02-09 17:54:03,668|line:519| https://t.bilibili.com/1160928698048708632
2026-02-09 17:54:06,023|line:526| 官方 或 预约 OUT！
2026-02-09 17:54:06,023|line:519| https://t.bilibili.com/1166276082670764041
2026-02-09 17:54:08,392|line:526| 官方 或 预约 OUT！
2026-02-09 17:54:08,392|line:519| https://t.bilibili.com/1159170944059572231
2026-02-09 17:54:12,742|line:526| 官方 或 预约 OUT！
2026-02-09 17:54:12,742|line:519| https://t.bilibili.com/1146574775660838969
2026-02-09 17:54:17,081|line:526| 官方 或 预约 OUT！
2026-02-09 17:54:17,081|line:519| https://t.bilibili.com/1140194425638486025
2026-02-09 17:54:20,398|line:526| 官方 或 预约 OUT！
2026-02-09 17:54:20,399|line:519| https://t.bilibili.com/1164028612222910486
2026-02-09 17:54:21,714|line:526| 官方 或 预约 OUT！
2026-02-09 17:54:21,715|line:519| https://t.bilibili.com/1166130397372743714
2026-02-09 17:54:25,029|line:526| 官方 或 预约 OUT！
2026-02-09 17:54:25,030|line:519| https://t.bilibili.com/1166127493969608712
2026-02-09 17:54:27,342|line:526| 官方 或 预约 OUT！
2026-02-09 17:54:27,342|line:519| https://t.bilibili.com/1164790152812298243
2026-02-09 17:54:31,656|line:526| 官方 或 预约 OUT！
2026-02-09 17:54:31,657|line:519| https://t.bilibili.com/1156976065461092357
2026-02-09 17:54:34,994|line:526| 官方 或 预约 OUT！
2026-02-09 17:54:34,995|line:519| https://t.bilibili.com/1140222403068035077
2026-02-09 17:54:37,338|line:526| 官方 或 预约 OUT！
2026-02-09 17:54:37,338|line:519| https://t.bilibili.com/1164332936379498499
2026-02-09 17:54:41,680|line:526| 官方 或 预约 OUT！
2026-02-09 17:54:41,680|line:519| https://t.bilibili.com/1162506986896490499
2026-02-09 17:54:43,034|line:526| 官方 或 预约 OUT！
2026-02-09 17:54:43,034|line:519| https://t.bilibili.com/1157650710320381960
2026-02-09 17:54:46,385|line:526| 官方 或 预约 OUT！
2026-02-09 17:54:46,386|line:519| https://t.bilibili.com/1160695296654573584
2026-02-09 17:54:47,700|line:526| 官方 或 预约 OUT！
2026-02-09 17:54:47,700|line:519| https://t.bilibili.com/1158766847743492101
2026-02-09 17:54:47,700|line:521| 已有
2026-02-09 17:54:47,700|line:519| https://t.bilibili.com/1166624872684584967
2026-02-09 17:54:52,120|line:526| 官方 或 预约 OUT！
2026-02-09 17:54:52,121|line:519| https://t.bilibili.com/1164691338544807945
2026-02-09 17:54:53,428|line:526| 官方 或 预约 OUT！
2026-02-09 17:54:53,429|line:519| https://t.bilibili.com/1160274570270212096
2026-02-09 17:54:53,429|line:521| 已有
2026-02-09 17:54:53,429|line:519| https://t.bilibili.com/1165742793738420231
2026-02-09 17:54:55,765|line:526| 官方 或 预约 OUT！
2026-02-09 17:54:55,765|line:552| 执行结束
2026-02-09 17:54:55,765|line:558| ==================================================2026-02-10 01:54==================================================
2026-02-09 17:54:55,765|line:232| processing article 45513865
2026-02-09 17:55:00,064|line:507| ==================================================2026-02-10 01:55==================================================
2026-02-09 17:55:00,064|line:519| https://t.bilibili.com/1166508114005983249
2026-02-09 17:55:03,401|line:526| 官方 或 预约 OUT！
2026-02-09 17:55:03,402|line:519| https://t.bilibili.com/1166507564245975045
2026-02-09 17:55:04,710|line:526| 官方 或 预约 OUT！
2026-02-09 17:55:04,710|line:519| https://t.bilibili.com/1166490861088800772
2026-02-09 17:55:09,021|line:526| 官方 或 预约 OUT！
2026-02-09 17:55:09,021|line:519| https://t.bilibili.com/1167248489024847968
2026-02-09 17:55:11,399|line:526| 官方 或 预约 OUT！
2026-02-09 17:55:11,400|line:519| https://t.bilibili.com/1166182744445681666
2026-02-09 17:55:11,400|line:521| 已有
2026-02-09 17:55:11,400|line:519| https://t.bilibili.com/1166983554009137156
2026-02-09 17:55:12,715|line:526| 官方 或 预约 OUT！
2026-02-09 17:55:12,716|line:519| https://t.bilibili.com/1166970119335706727
2026-02-09 17:55:17,027|line:526| 官方 或 预约 OUT！
2026-02-09 17:55:17,027|line:519| https://t.bilibili.com/1167195295846498325
2026-02-09 17:55:21,348|line:526| 官方 或 预约 OUT！
2026-02-09 17:55:21,348|line:519| https://t.bilibili.com/1166584040390656020
2026-02-09 17:55:25,713|line:526| 官方 或 预约 OUT！
2026-02-09 17:55:25,713|line:519| https://t.bilibili.com/1159170944059572231
2026-02-09 17:55:29,018|line:526| 官方 或 预约 OUT！
2026-02-09 17:55:29,018|line:519| https://t.bilibili.com/1146574775660838969
2026-02-09 17:55:33,362|line:526| 官方 或 预约 OUT！
2026-02-09 17:55:33,362|line:519| https://t.bilibili.com/1165819119656763394
2026-02-09 17:55:33,362|line:521| 已有
2026-02-09 17:55:33,362|line:519| https://t.bilibili.com/1166501010129027091
2026-02-09 17:55:36,705|line:526| 官方 或 预约 OUT！
2026-02-09 17:55:36,705|line:519| https://t.bilibili.com/1166865356502859781
2026-02-09 17:55:40,076|line:526| 官方 或 预约 OUT！
2026-02-09 17:55:40,077|line:519| https://t.bilibili.com/1166130397372743714
2026-02-09 17:55:44,394|line:526| 官方 或 预约 OUT！
2026-02-09 17:55:44,394|line:519| https://t.bilibili.com/1166937503376080905
2026-02-09 17:55:44,394|line:521| 已有
2026-02-09 17:55:44,394|line:519| https://t.bilibili.com/1166121038640054325
2026-02-09 17:55:48,708|line:526| 官方 或 预约 OUT！
2026-02-09 17:55:48,709|line:519| https://t.bilibili.com/1165040897354629125
2026-02-09 17:55:53,246|line:526| 官方 或 预约 OUT！
2026-02-09 17:55:53,246|line:519| https://t.bilibili.com/1167220563194675236
2026-02-09 17:55:56,561|line:526| 官方 或 预约 OUT！
2026-02-09 17:55:56,561|line:519| https://t.bilibili.com/1167248806852427800
2026-02-09 17:55:59,941|line:526| 官方 或 预约 OUT！
2026-02-09 17:55:59,941|line:519| https://t.bilibili.com/1156976065461092357
2026-02-09 17:56:02,261|line:526| 官方 或 预约 OUT！
2026-02-09 17:56:02,261|line:519| https://t.bilibili.com/1164332936379498499
2026-02-09 17:56:05,599|line:526| 官方 或 预约 OUT！
2026-02-09 17:56:05,600|line:519| https://t.bilibili.com/1165872325716869145
2026-02-09 17:56:06,954|line:526| 官方 或 预约 OUT！
2026-02-09 17:56:06,954|line:519| https://t.bilibili.com/1166993634297380866
2026-02-09 17:56:10,263|line:526| 官方 或 预约 OUT！
2026-02-09 17:56:10,263|line:519| https://t.bilibili.com/1160695296654573584
2026-02-09 17:56:11,571|line:526| 官方 或 预约 OUT！
2026-02-09 17:56:11,572|line:519| https://t.bilibili.com/1166137677327630386
2026-02-09 17:56:14,887|line:526| 官方 或 预约 OUT！
2026-02-09 17:56:14,887|line:519| https://t.bilibili.com/1158766847743492101
2026-02-09 17:56:14,887|line:521| 已有
2026-02-09 17:56:14,887|line:519| https://t.bilibili.com/1166624872684584967
2026-02-09 17:56:17,253|line:526| 官方 或 预约 OUT！
2026-02-09 17:56:17,253|line:519| https://t.bilibili.com/1165873519697854465
2026-02-09 17:56:21,596|line:526| 官方 或 预约 OUT！
2026-02-09 17:56:21,597|line:519| https://t.bilibili.com/1164691338544807945
2026-02-09 17:56:24,940|line:526| 官方 或 预约 OUT！
2026-02-09 17:56:24,941|line:519| https://t.bilibili.com/1160274570270212096
2026-02-09 17:56:24,941|line:521| 已有
2026-02-09 17:56:24,941|line:519| https://t.bilibili.com/1166599034135117833
2026-02-09 17:56:27,284|line:526| 官方 或 预约 OUT！
2026-02-09 17:56:27,284|line:519| https://t.bilibili.com/1166555874038120482
2026-02-09 17:56:27,284|line:521| 已有
2026-02-09 17:56:27,284|line:552| 执行结束
2026-02-09 17:56:27,284|line:558| ==================================================2026-02-10 01:56==================================================
2026-02-09 17:56:27,285|line:232| processing article 45486583
2026-02-09 17:56:29,615|line:507| ==================================================2026-02-10 01:56==================================================
2026-02-09 17:56:29,615|line:519| https://t.bilibili.com/1160342409251389462
2026-02-09 17:56:33,921|line:526| 官方 或 预约 OUT！
2026-02-09 17:56:33,921|line:519| https://t.bilibili.com/1166129117497655301
2026-02-09 17:56:36,263|line:526| 官方 或 预约 OUT！
2026-02-09 17:56:36,263|line:519| https://t.bilibili.com/1163186201598885905
2026-02-09 17:56:37,573|line:341| =========此为源动态=========
2026-02-09 17:56:41,957|line:362| *********子动态开始*********
2026-02-09 17:56:41,957|line:381| *********子动态结束*********
2026-02-09 17:56:41,957|line:537| -=-=-=-=处理回最初的动态-=-=-=-=
2026-02-09 17:56:51,314|line:475| 转发成功 1167464070646857728
2026-02-09 17:56:54,830|line:494| 评论发送成功
2026-02-09 17:56:59,577|line:436| 关注 ==== 3494362388367705 0
2026-02-09 17:57:02,914|line:503| 动态-点赞 OK
2026-02-09 17:57:06,915|line:519| https://t.bilibili.com/1166958505723166760
2026-02-09 17:57:09,263|line:526| 官方 或 预约 OUT！
2026-02-09 17:57:09,263|line:519| https://t.bilibili.com/1166136345915031570
2026-02-09 17:57:12,595|line:341| =========此为源动态=========
2026-02-09 17:57:15,980|line:362| *********子动态开始*********
2026-02-09 17:57:15,980|line:381| *********子动态结束*********
2026-02-09 17:57:15,980|line:537| -=-=-=-=处理回最初的动态-=-=-=-=
2026-02-09 17:57:25,356|line:475| 转发成功 1167464216641142785
2026-02-09 17:57:28,759|line:494| 评论发送成功
2026-02-09 17:57:30,232|line:424| 84567302 === 已经关注了
2026-02-09 17:57:33,563|line:503| 动态-点赞 OK
2026-02-09 17:57:34,564|line:519| https://t.bilibili.com/1166228855206182912
2026-02-09 17:57:38,878|line:526| 官方 或 预约 OUT！
2026-02-09 17:57:38,878|line:519| https://t.bilibili.com/1166339807125700609
2026-02-09 17:57:38,878|line:521| 已有
2026-02-09 17:57:38,878|line:519| https://t.bilibili.com/1166246121015607314
2026-02-09 17:57:40,219|line:341| =========此为源动态=========
2026-02-09 17:57:43,643|line:362| *********子动态开始*********
2026-02-09 17:57:43,643|line:381| *********子动态结束*********
2026-02-09 17:57:43,644|line:537| -=-=-=-=处理回最初的动态-=-=-=-=
2026-02-09 17:57:49,823|line:475| 转发成功 1167464319709872133
2026-02-09 17:57:53,282|line:494| 评论发送成功
2026-02-09 17:57:57,736|line:424| 690588074 === 已经关注了
2026-02-09 17:58:01,277|line:503| 动态-点赞 OK
2026-02-09 17:58:03,278|line:519| https://t.bilibili.com/1162888732133556344
2026-02-09 17:58:03,278|line:521| 已有
2026-02-09 17:58:03,278|line:519| https://t.bilibili.com/1160658059314331681
2026-02-09 17:58:03,278|line:521| 已有
2026-02-09 17:58:03,278|line:519| https://t.bilibili.com/1166227933954572289
2026-02-09 17:58:04,587|line:341| =========此为源动态=========
2026-02-09 17:58:06,122|line:362| *********子动态开始*********
2026-02-09 17:58:06,123|line:381| *********子动态结束*********
2026-02-09 17:58:06,123|line:537| -=-=-=-=处理回最初的动态-=-=-=-=
2026-02-09 17:58:14,354|line:475| 转发成功 1167464427128094728
2026-02-09 17:58:17,808|line:494| 评论发送成功
2026-02-09 17:58:19,356|line:424| 3546813611117108 === 已经关注了
2026-02-09 17:58:22,702|line:503| 动态-点赞 OK
2026-02-09 17:58:26,702|line:519| https://t.bilibili.com/1159170944059572231
2026-02-09 17:58:28,051|line:526| 官方 或 预约 OUT！
2026-02-09 17:58:28,051|line:519| https://t.bilibili.com/1166498355847626753
2026-02-09 17:58:28,051|line:521| 已有
2026-02-09 17:58:28,052|line:519| https://t.bilibili.com/1165856848756080648
2026-02-09 17:58:28,052|line:521| 已有
2026-02-09 17:58:28,052|line:519| https://t.bilibili.com/1166243299210559504
2026-02-09 17:58:29,361|line:526| 官方 或 预约 OUT！
2026-02-09 17:58:29,362|line:519| https://t.bilibili.com/1166135162663075849
2026-02-09 17:58:29,362|line:521| 已有
2026-02-09 17:58:29,362|line:519| https://t.bilibili.com/1165379907670245377
2026-02-09 17:58:29,362|line:521| 已有
2026-02-09 17:58:29,362|line:519| https://t.bilibili.com/1165952976612753440
2026-02-09 17:58:29,362|line:521| 已有
2026-02-09 17:58:29,362|line:519| https://t.bilibili.com/1156976065461092357
2026-02-09 17:58:33,702|line:526| 官方 或 预约 OUT！
2026-02-09 17:58:33,702|line:519| https://t.bilibili.com/1156998214568640544
2026-02-09 17:58:37,060|line:341| =========此为源动态=========
2026-02-09 17:58:38,575|line:362| *********子动态开始*********
2026-02-09 17:58:38,576|line:381| *********子动态结束*********
2026-02-09 17:58:38,576|line:537| -=-=-=-=处理回最初的动态-=-=-=-=
2026-02-09 17:58:46,754|line:475| 转发成功 1167464564533493761
2026-02-09 17:58:50,187|line:494| 评论发送成功
2026-02-09 17:58:56,996|line:436| 关注 ==== 3546644089931840 0
2026-02-09 17:59:00,324|line:503| 动态-点赞 OK
2026-02-09 17:59:02,324|line:519| https://t.bilibili.com/1164332936379498499
2026-02-09 17:59:04,719|line:526| 官方 或 预约 OUT！
2026-02-09 17:59:04,720|line:519| https://t.bilibili.com/1166709728354500612
2026-02-09 17:59:04,720|line:521| 已有
2026-02-09 17:59:04,720|line:519| https://t.bilibili.com/1165516687340994560
2026-02-09 17:59:04,720|line:521| 已有
2026-02-09 17:59:04,720|line:519| https://t.bilibili.com/1165380418796519431
2026-02-09 17:59:04,720|line:521| 已有
2026-02-09 17:59:04,720|line:519| https://t.bilibili.com/1162889256121663495
2026-02-09 17:59:04,721|line:521| 已有
2026-02-09 17:59:04,721|line:519| https://t.bilibili.com/1160695296654573584
2026-02-09 17:59:08,030|line:526| 官方 或 预约 OUT！
2026-02-09 17:59:08,030|line:519| https://t.bilibili.com/1166220565940273152
2026-02-09 17:59:10,400|line:341| =========此为源动态=========
2026-02-09 17:59:13,793|line:362| *********子动态开始*********
2026-02-09 17:59:13,793|line:381| *********子动态结束*********
2026-02-09 17:59:13,793|line:537| -=-=-=-=处理回最初的动态-=-=-=-=
2026-02-09 17:59:21,026|line:475| 转发成功 1167464710568673289
2026-02-09 17:59:24,478|line:494| 评论发送成功
2026-02-09 17:59:26,884|line:424| 1274986140 === 已经关注了
2026-02-09 17:59:30,295|line:503| 动态-点赞 OK
2026-02-09 17:59:31,295|line:519| https://t.bilibili.com/1158766847743492101
2026-02-09 17:59:31,296|line:521| 已有
2026-02-09 17:59:31,296|line:519| https://t.bilibili.com/1164745042786517032
2026-02-09 17:59:34,651|line:341| =========此为源动态=========
2026-02-09 17:59:39,185|line:362| *********子动态开始*********
2026-02-09 17:59:39,185|line:381| *********子动态结束*********
2026-02-09 17:59:39,185|line:537| -=-=-=-=处理回最初的动态-=-=-=-=
2026-02-09 17:59:50,414|line:475| 转发成功 1167464839398817796
2026-02-09 17:59:53,822|line:494| 评论发送成功
2026-02-09 17:59:57,240|line:424| 1536750746 === 已经关注了
2026-02-09 18:00:00,624|line:503| 动态-点赞 OK
2026-02-09 18:00:01,625|line:519| https://t.bilibili.com/1164691338544807945
2026-02-09 18:00:03,935|line:526| 官方 或 预约 OUT！
2026-02-09 18:00:03,936|line:519| https://t.bilibili.com/1160274570270212096
2026-02-09 18:00:03,936|line:521| 已有
2026-02-09 18:00:03,936|line:519| https://t.bilibili.com/1166220202976739328
2026-02-09 18:00:06,303|line:341| =========此为源动态=========
2026-02-09 18:00:08,807|line:362| *********子动态开始*********
2026-02-09 18:00:08,808|line:381| *********子动态结束*********
2026-02-09 18:00:08,808|line:537| -=-=-=-=处理回最初的动态-=-=-=-=
2026-02-09 18:00:21,045|line:475| 转发成功 1167464968295022614
2026-02-09 18:00:24,443|line:494| 评论发送成功
2026-02-09 18:00:27,824|line:424| 3546813611117108 === 已经关注了
2026-02-09 18:00:31,186|line:503| 动态-点赞 OK
2026-02-09 18:00:33,187|line:519| https://t.bilibili.com/1166292188786589698
2026-02-09 18:00:33,187|line:521| 已有
2026-02-09 18:00:33,187|line:519| https://t.bilibili.com/1166927633513971718
2026-02-09 18:00:34,498|line:526| 官方 或 预约 OUT！
2026-02-09 18:00:34,499|line:519| https://t.bilibili.com/1161029861706301460
2026-02-09 18:00:37,842|line:341| =========此为源动态=========
2026-02-09 18:00:42,203|line:362| *********子动态开始*********
2026-02-09 18:00:42,204|line:381| *********子动态结束*********
2026-02-09 18:00:42,204|line:537| -=-=-=-=处理回最初的动态-=-=-=-=
2026-02-09 18:00:51,463|line:475| 转发成功 1167465101416988675
2026-02-09 18:00:54,931|line:494| 评论发送成功
2026-02-09 18:00:58,347|line:424| 67082206 === 已经关注了
2026-02-09 18:01:01,706|line:503| 动态-点赞 OK
2026-02-09 18:01:05,706|line:552| 执行结束
2026-02-09 18:01:05,707|line:558| ==================================================2026-02-10 02:01==================================================
2026-02-09 18:01:05,707|line:232| processing article 45479438
2026-02-09 18:01:09,066|line:507| ==================================================2026-02-10 02:01==================================================
2026-02-09 18:01:09,066|line:519| https://t.bilibili.com/1166877333033844739
2026-02-09 18:01:09,066|line:521| 已有
2026-02-09 18:01:09,066|line:519| https://t.bilibili.com/1166931687963099177
2026-02-09 18:01:11,408|line:526| 官方 或 预约 OUT！
2026-02-09 18:01:11,409|line:519| https://t.bilibili.com/1166958505723166760
2026-02-09 18:01:14,767|line:526| 官方 或 预约 OUT！
2026-02-09 18:01:14,767|line:519| https://t.bilibili.com/1166993084527935526
2026-02-09 18:01:17,111|line:526| 官方 或 预约 OUT！
2026-02-09 18:01:17,112|line:519| https://t.bilibili.com/1166959897294667784
2026-02-09 18:01:18,498|line:526| 官方 或 预约 OUT！
2026-02-09 18:01:18,498|line:519| https://t.bilibili.com/1167015280940941317
2026-02-09 18:01:18,498|line:521| 已有
2026-02-09 18:01:18,498|line:519| https://t.bilibili.com/1166676833172717602
2026-02-09 18:01:22,812|line:526| 官方 或 预约 OUT！
2026-02-09 18:01:22,813|line:519| https://t.bilibili.com/1166859541076246544
2026-02-09 18:01:22,813|line:521| 已有
2026-02-09 18:01:22,813|line:519| https://t.bilibili.com/1165371326325587984
2026-02-09 18:01:22,813|line:521| 已有
2026-02-09 18:01:22,813|line:519| https://t.bilibili.com/1159170944059572231
2026-02-09 18:01:26,150|line:526| 官方 或 预约 OUT！
2026-02-09 18:01:26,151|line:519| https://t.bilibili.com/1166904548060561425
2026-02-09 18:01:28,491|line:526| 官方 或 预约 OUT！
2026-02-09 18:01:28,491|line:519| https://t.bilibili.com/1166938469707022339
2026-02-09 18:01:28,491|line:521| 已有
2026-02-09 18:01:28,491|line:519| https://t.bilibili.com/1166498355847626753
2026-02-09 18:01:28,491|line:521| 已有
2026-02-09 18:01:28,491|line:519| https://t.bilibili.com/1166928428050415619
2026-02-09 18:01:28,491|line:521| 已有
2026-02-09 18:01:28,492|line:519| https://t.bilibili.com/1166926933441642504
2026-02-09 18:01:31,822|line:526| 官方 或 预约 OUT！
2026-02-09 18:01:31,822|line:519| https://t.bilibili.com/1166937503376080905
2026-02-09 18:01:31,822|line:521| 已有
2026-02-09 18:01:31,822|line:519| https://t.bilibili.com/1166930962135646214
2026-02-09 18:01:31,823|line:521| 已有
2026-02-09 18:01:31,823|line:519| https://t.bilibili.com/1166938452548124688
2026-02-09 18:01:31,823|line:521| 已有
2026-02-09 18:01:31,823|line:519| https://t.bilibili.com/1166877332993998880
2026-02-09 18:01:31,823|line:521| 已有
2026-02-09 18:01:31,823|line:519| https://t.bilibili.com/1156976065461092357
2026-02-09 18:01:34,164|line:526| 官方 或 预约 OUT！
2026-02-09 18:01:34,165|line:519| https://t.bilibili.com/1166890486349168646
2026-02-09 18:01:35,475|line:526| 官方 或 预约 OUT！
2026-02-09 18:01:35,475|line:519| https://t.bilibili.com/1166697607921139716
2026-02-09 18:01:38,860|line:526| 官方 或 预约 OUT！
2026-02-09 18:01:38,860|line:519| https://t.bilibili.com/1164332936379498499
2026-02-09 18:01:42,241|line:526| 官方 或 预约 OUT！
2026-02-09 18:01:42,241|line:519| https://t.bilibili.com/1166998247036682249
2026-02-09 18:01:42,242|line:521| 已有
2026-02-09 18:01:42,242|line:519| https://t.bilibili.com/1166877333012873236
2026-02-09 18:01:46,574|line:526| 官方 或 预约 OUT！
2026-02-09 18:01:46,574|line:519| https://t.bilibili.com/1166709728354500612
2026-02-09 18:01:46,574|line:521| 已有
2026-02-09 18:01:46,574|line:519| https://t.bilibili.com/1166673676388532228
2026-02-09 18:01:50,887|line:526| 官方 或 预约 OUT！
2026-02-09 18:01:50,887|line:519| https://t.bilibili.com/1160695296654573584
2026-02-09 18:01:52,227|line:526| 官方 或 预约 OUT！
2026-02-09 18:01:52,228|line:519| https://t.bilibili.com/1166964024795987974
2026-02-09 18:01:52,228|line:521| 已有
2026-02-09 18:01:52,228|line:519| https://t.bilibili.com/1166938632950382599
2026-02-09 18:01:52,228|line:521| 已有
2026-02-09 18:01:52,228|line:519| https://t.bilibili.com/1158766847743492101
2026-02-09 18:01:52,228|line:521| 已有
2026-02-09 18:01:52,228|line:519| https://t.bilibili.com/1166877332993998887
2026-02-09 18:01:52,229|line:521| 已有
2026-02-09 18:01:52,229|line:519| https://t.bilibili.com/1167013726153342996
2026-02-09 18:01:52,229|line:521| 已有
2026-02-09 18:01:52,229|line:519| https://t.bilibili.com/1166962465669382150
2026-02-09 18:01:53,547|line:526| 官方 或 预约 OUT！
2026-02-09 18:01:53,548|line:519| https://t.bilibili.com/1166905548816252931
2026-02-09 18:01:58,066|line:526| 官方 或 预约 OUT！
2026-02-09 18:01:58,066|line:519| https://t.bilibili.com/1166938512644112386
2026-02-09 18:01:58,066|line:521| 已有
2026-02-09 18:01:58,067|line:519| https://t.bilibili.com/1164691338544807945
2026-02-09 18:02:02,380|line:526| 官方 或 预约 OUT！
2026-02-09 18:02:02,380|line:519| https://t.bilibili.com/1160274570270212096
2026-02-09 18:02:02,380|line:521| 已有
2026-02-09 18:02:02,381|line:519| https://t.bilibili.com/1166664850213961780
2026-02-09 18:02:02,381|line:521| 已有
2026-02-09 18:02:02,381|line:519| https://t.bilibili.com/1166873924974149655
2026-02-09 18:02:06,694|line:526| 官方 或 预约 OUT！
2026-02-09 18:02:06,695|line:519| https://t.bilibili.com/1166927633513971718
2026-02-09 18:02:11,001|line:526| 官方 或 预约 OUT！
2026-02-09 18:02:11,002|line:552| 执行结束
2026-02-09 18:02:11,002|line:558| ==================================================2026-02-10 02:02==================================================
2026-02-09 18:02:11,002|line:232| processing article 45472459
2026-02-09 18:02:15,551|line:507| ==================================================2026-02-10 02:02==================================================
2026-02-09 18:02:15,551|line:519| https://t.bilibili.com/1165473426332188676
2026-02-09 18:02:16,891|line:526| 官方 或 预约 OUT！
2026-02-09 18:02:16,892|line:519| https://t.bilibili.com/1160297406615519236
2026-02-09 18:02:18,206|line:526| 官方 或 预约 OUT！
2026-02-09 18:02:18,206|line:519| https://t.bilibili.com/1163663514186809368
2026-02-09 18:02:21,595|line:526| 官方 或 预约 OUT！
2026-02-09 18:02:21,595|line:519| https://t.bilibili.com/1160928698048708632
2026-02-09 18:02:24,903|line:526| 官方 或 预约 OUT！
2026-02-09 18:02:24,903|line:519| https://t.bilibili.com/1166276082670764041
2026-02-09 18:02:26,221|line:526| 官方 或 预约 OUT！
2026-02-09 18:02:26,221|line:519| https://t.bilibili.com/1159170944059572231
2026-02-09 18:02:27,602|line:526| 官方 或 预约 OUT！
2026-02-09 18:02:27,602|line:519| https://t.bilibili.com/1160289735812317207
2026-02-09 18:02:29,972|line:526| 官方 或 预约 OUT！
2026-02-09 18:02:29,972|line:519| https://t.bilibili.com/1140194425638486025
2026-02-09 18:02:31,281|line:526| 官方 或 预约 OUT！
2026-02-09 18:02:31,281|line:519| https://t.bilibili.com/1166599510924722214
2026-02-09 18:02:35,623|line:526| 官方 或 预约 OUT！
2026-02-09 18:02:35,623|line:519| https://t.bilibili.com/1164028612222910486
2026-02-09 18:02:39,976|line:526| 官方 或 预约 OUT！
2026-02-09 18:02:39,977|line:519| https://t.bilibili.com/1166127493969608712
2026-02-09 18:02:41,319|line:526| 官方 或 预约 OUT！
2026-02-09 18:02:41,319|line:519| https://t.bilibili.com/1164309168037822470
2026-02-09 18:02:45,650|line:526| 官方 或 预约 OUT！
2026-02-09 18:02:45,650|line:519| https://t.bilibili.com/1164790152812298243
2026-02-09 18:02:47,990|line:526| 官方 或 预约 OUT！
2026-02-09 18:02:47,990|line:519| https://t.bilibili.com/1156976065461092357
2026-02-09 18:02:51,303|line:526| 官方 或 预约 OUT！
2026-02-09 18:02:51,304|line:519| https://t.bilibili.com/1140222403068035077
2026-02-09 18:02:53,617|line:526| 官方 或 预约 OUT！
2026-02-09 18:02:53,617|line:519| https://t.bilibili.com/1164332936379498499
2026-02-09 18:02:57,958|line:526| 官方 或 预约 OUT！
2026-02-09 18:02:57,958|line:519| https://t.bilibili.com/1162506986896490499
2026-02-09 18:03:01,266|line:526| 官方 或 预约 OUT！
2026-02-09 18:03:01,266|line:519| https://t.bilibili.com/1133939522985263140
2026-02-09 18:03:05,608|line:526| 官方 或 预约 OUT！
2026-02-09 18:03:05,608|line:519| https://t.bilibili.com/1157650710320381960
2026-02-09 18:03:06,991|line:526| 官方 或 预约 OUT！
2026-02-09 18:03:06,991|line:519| https://t.bilibili.com/1160695296654573584
2026-02-09 18:03:08,312|line:526| 官方 或 预约 OUT！
2026-02-09 18:03:08,312|line:519| https://t.bilibili.com/1158766847743492101
2026-02-09 18:03:08,312|line:521| 已有
2026-02-09 18:03:08,312|line:519| https://t.bilibili.com/1164691338544807945
2026-02-09 18:03:10,623|line:526| 官方 或 预约 OUT！
2026-02-09 18:03:10,623|line:519| https://t.bilibili.com/1160274570270212096
2026-02-09 18:03:10,623|line:521| 已有
2026-02-09 18:03:10,624|line:519| https://t.bilibili.com/1165742793738420231
2026-02-09 18:03:13,931|line:526| 官方 或 预约 OUT！
2026-02-09 18:03:13,931|line:519| https://t.bilibili.com/1152729751520018466
2026-02-09 18:03:17,320|line:526| 官方 或 预约 OUT！
2026-02-09 18:03:17,321|line:552| 执行结束
2026-02-09 18:03:17,321|line:558| ==================================================2026-02-10 02:03==================================================
2026-02-09 18:03:17,321|line:232| processing article 45472334
2026-02-09 18:03:20,589|line:507| ==================================================2026-02-10 02:03==================================================
2026-02-09 18:03:20,589|line:519| https://t.bilibili.com/1163630412872810501
2026-02-09 18:03:21,944|line:526| 官方 或 预约 OUT！
2026-02-09 18:03:21,944|line:519| https://t.bilibili.com/1166166097181802568
2026-02-09 18:03:23,302|line:526| 官方 或 预约 OUT！
2026-02-09 18:03:23,303|line:519| https://t.bilibili.com/1166120342844866584
2026-02-09 18:03:25,614|line:526| 官方 或 预约 OUT！
2026-02-09 18:03:25,614|line:519| https://t.bilibili.com/1166181554765955078
2026-02-09 18:03:28,983|line:526| 官方 或 预约 OUT！
2026-02-09 18:03:28,983|line:519| https://t.bilibili.com/1166588983927373829
2026-02-09 18:03:31,511|line:526| 官方 或 预约 OUT！
2026-02-09 18:03:31,512|line:519| https://t.bilibili.com/1166182744445681666
2026-02-09 18:03:31,512|line:521| 已有
2026-02-09 18:03:31,512|line:519| https://t.bilibili.com/1166529468560310275
2026-02-09 18:03:35,829|line:526| 官方 或 预约 OUT！
2026-02-09 18:03:35,830|line:519| https://t.bilibili.com/1163653446806536215
2026-02-09 18:03:39,151|line:526| 官方 或 预约 OUT！
2026-02-09 18:03:39,151|line:519| https://t.bilibili.com/1166506370218852390
2026-02-09 18:03:42,459|line:526| 官方 或 预约 OUT！
2026-02-09 18:03:42,460|line:519| https://t.bilibili.com/1166276082670764041
2026-02-09 18:03:45,774|line:526| 官方 或 预约 OUT！
2026-02-09 18:03:45,774|line:519| https://t.bilibili.com/1159170944059572231
2026-02-09 18:03:49,117|line:526| 官方 或 预约 OUT！
2026-02-09 18:03:49,117|line:519| https://t.bilibili.com/1166613791676301331
2026-02-09 18:03:51,484|line:526| 官方 或 预约 OUT！
2026-02-09 18:03:51,485|line:519| https://t.bilibili.com/1165819119656763394
2026-02-09 18:03:51,485|line:521| 已有
2026-02-09 18:03:51,485|line:519| https://t.bilibili.com/1163644543345623080
2026-02-09 18:03:54,827|line:526| 官方 或 预约 OUT！
2026-02-09 18:03:54,828|line:519| https://t.bilibili.com/1166599510924722214
2026-02-09 18:03:59,136|line:526| 官方 或 预约 OUT！
2026-02-09 18:03:59,137|line:519| https://t.bilibili.com/1164016912678518832
2026-02-09 18:04:01,451|line:526| 官方 或 预约 OUT！
2026-02-09 18:04:01,452|line:519| https://t.bilibili.com/1164028612222910486
2026-02-09 18:04:04,788|line:526| 官方 或 预约 OUT！
2026-02-09 18:04:04,788|line:519| https://t.bilibili.com/1166521759085625353
2026-02-09 18:04:09,097|line:526| 官方 或 预约 OUT！
2026-02-09 18:04:09,097|line:519| https://t.bilibili.com/1166529511546683394
2026-02-09 18:04:10,415|line:526| 官方 或 预约 OUT！
2026-02-09 18:04:10,416|line:519| https://t.bilibili.com/1166135272201519171
2026-02-09 18:04:11,758|line:526| 官方 或 预约 OUT！
2026-02-09 18:04:11,758|line:519| https://t.bilibili.com/1165455537744117778
2026-02-09 18:04:11,758|line:521| 已有
2026-02-09 18:04:11,758|line:519| https://t.bilibili.com/1166127468229165058
2026-02-09 18:04:13,098|line:526| 官方 或 预约 OUT！
2026-02-09 18:04:13,098|line:519| https://t.bilibili.com/1165749214761713685
2026-02-09 18:04:16,406|line:526| 官方 或 预约 OUT！
2026-02-09 18:04:16,407|line:519| https://t.bilibili.com/1166228034907275287
2026-02-09 18:04:17,778|line:526| 官方 或 预约 OUT！
2026-02-09 18:04:17,779|line:519| https://t.bilibili.com/1156976065461092357
2026-02-09 18:04:22,086|line:526| 官方 或 预约 OUT！
2026-02-09 18:04:22,087|line:519| https://t.bilibili.com/1166599098576404520
2026-02-09 18:04:24,402|line:526| 官方 或 预约 OUT！
2026-02-09 18:04:24,403|line:519| https://t.bilibili.com/1166135830535733271
2026-02-09 18:04:25,747|line:526| 官方 或 预约 OUT！
2026-02-09 18:04:25,747|line:519| https://t.bilibili.com/1164332936379498499
2026-02-09 18:04:29,250|line:526| 官方 或 预约 OUT！
2026-02-09 18:04:29,251|line:519| https://t.bilibili.com/1166490831013544037
2026-02-09 18:04:33,566|line:526| 官方 或 预约 OUT！
2026-02-09 18:04:33,566|line:519| https://t.bilibili.com/1163646007916888067
2026-02-09 18:04:37,885|line:526| 官方 或 预约 OUT！
2026-02-09 18:04:37,885|line:519| https://t.bilibili.com/1165485770033594487
2026-02-09 18:04:39,226|line:526| 官方 或 预约 OUT！
2026-02-09 18:04:39,226|line:519| https://t.bilibili.com/1160695296654573584
2026-02-09 18:04:42,536|line:526| 官方 或 预约 OUT！
2026-02-09 18:04:42,537|line:519| https://t.bilibili.com/1166135852012666913
2026-02-09 18:04:45,879|line:526| 官方 或 预约 OUT！
2026-02-09 18:04:45,879|line:519| https://t.bilibili.com/1158766847743492101
2026-02-09 18:04:45,879|line:521| 已有
2026-02-09 18:04:45,879|line:519| https://t.bilibili.com/1163522175446024216
2026-02-09 18:04:49,260|line:526| 官方 或 预约 OUT！
2026-02-09 18:04:49,261|line:519| https://t.bilibili.com/1166877395289899140
2026-02-09 18:04:51,594|line:526| 官方 或 预约 OUT！
2026-02-09 18:04:51,594|line:519| https://t.bilibili.com/1166266646615031812
2026-02-09 18:04:53,904|line:526| 官方 或 预约 OUT！
2026-02-09 18:04:53,904|line:519| https://t.bilibili.com/1164691338544807945
2026-02-09 18:04:58,244|line:526| 官方 或 预约 OUT！
2026-02-09 18:04:58,245|line:519| https://t.bilibili.com/1160274570270212096
2026-02-09 18:04:58,245|line:521| 已有
2026-02-09 18:04:58,245|line:519| https://t.bilibili.com/1166877348004364384
2026-02-09 18:04:59,552|line:526| 官方 或 预约 OUT！
2026-02-09 18:04:59,552|line:519| https://t.bilibili.com/1158056627666944002
2026-02-09 18:05:01,894|line:526| 官方 或 预约 OUT！
2026-02-09 18:05:01,895|line:519| https://t.bilibili.com/1166135461139185671
2026-02-09 18:05:05,217|line:526| 官方 或 预约 OUT！
2026-02-09 18:05:05,217|line:519| https://t.bilibili.com/1166555874038120482
2026-02-09 18:05:05,218|line:521| 已有
2026-02-09 18:05:05,218|line:552| 执行结束
2026-02-09 18:05:05,218|line:558| ==================================================2026-02-10 02:05==================================================
2026-02-09 18:05:33,284|line:578| ('reply: ', '花生十三-公考行测', '68')
2026-02-09 18:05:33,284|line:578| ('reply: ', '三鹿七茸猫尾巴', '[夏诺雅表情包_？？？]')
2026-02-09 18:05:33,284|line:578| ('reply: ', '小闪闪bling', 'hhh腾子买库洛让我感觉他自己有点不太想出大世界了')
2026-02-09 18:05:33,284|line:578| ('reply: ', '魔改后远野汉娜', '不是，这……')
2026-02-09 18:05:33,284|line:578| ('reply: ', '好像都是一个人', '你在说什么')
2026-02-09 18:05:33,285|line:578| ('reply: ', '目标咨询', '太宠粉了啊')
2026-02-09 18:05:33,285|line:578| ('reply: ', '数玩工场', '祝你成功')
2026-02-09 18:05:33,285|line:578| ('reply: ', '益家有小佰', '恭喜宝子，获得小电视月度会员1份和克刻冰冰猴喉糖随机口味1份～记得私信小佰提供信息哦~')
2026-02-09 18:05:33,285|line:578| ('reply: ', '圆环之理-Madoka', '是的')
2026-02-09 18:05:33,285|line:578| ('reply: ', '兰的三姨', '这就是银河巨星的实力！')
2026-02-09 18:05:33,285|line:578| ('reply: ', '花园百合铃音', '有男不玩，我只吃麻辣火锅，xxn滚[吃瓜]')
2026-02-09 18:05:33,285|line:578| ('reply: ', '是绝赞的阿鬼', '[tv_难过]')
2026-02-09 18:05:33,285|line:578| ('reply: ', '桃稚不幼稚', '还行')
2026-02-09 18:05:33,285|line:578| ('reply: ', '陌罔子吖', '佬，这个报名有啥条件不。最近太非了，想下次报来抽[脱单doge][脱单doge][脱单doge]')
2026-02-09 18:05:33,286|line:578| ('reply: ', '太二酸菜鱼', '恭喜成为本期欧皇[打call]获得【肥龙联名显眼包】1份，在收到本信息的两天内回复哥的私信哦~逾期哥就自己收啦！[脱单doge]')
2026-02-09 18:05:33,286|line:578| ('reply: ', '得一想二的松鼠', '中奖分我一半')
2026-02-09 18:05:33,286|line:578| ('reply: ', '佑凉Uriyoo', '谢谢！！！[UP_24967030_感恩]')
2026-02-09 18:05:33,286|line:578| ('reply: ', '岛莓祁', '好耶')
2026-02-09 18:05:33,286|line:578| ('reply: ', '苏酥_SUSU_', 'https://b23.tv/3HJcDkm')
2026-02-09 18:05:33,286|line:578| ('reply: ', '心想事成イ', 'I[UP_410636303_比心鸟][UP_410636303_比心鸟][UP_410636303_比心鸟]')
2026-02-09 18:05:36,685|line:587| ('at: ', '电脑报', '恭喜@小小Shaun UID：1090970340，@-叶晓吖  UID：22437099  获得 【电竞大礼包】1份， 请在三日内私信我')
2026-02-09 18:05:36,685|line:587| ('at: ', '联想拯救者官方', '是我喜欢的奖品名单 直接开奖 上 趁现在没人偷摸开个奖 恭喜这些小伙伴 【拯救者7.1声卡H7游戏耳机】获奖名单 @泪水打湿猪脚饭o @xoomoon @小小Shaun @T山海连云T @超超超超薄脆饼干 @BerboomC 【拯救者C140氮化镓适配器】获奖名单 @改个天凉好个秋 @夜猫子牙不好 @LLL好久不见 @林殇倾慕婉 @今天也要拥抱微风 @洳不及我万一 @胜利の天平 【白金独角兽电竞鼠标】获奖名单 @底片上的诗旅人 【拯救者C170氮化镓适配器】获奖名单 @麦當劳无限好 @無名丶の辈 @任性的提莫 @广东有暖风 由于B站私信规则修改 我会私信中奖的小伙伴一条消息，还请注意查收并回复我您的收货地址与联系方式，奖品基本会在私信您信息后的三十个工作日内发货')
2026-02-09 18:05:36,686|line:587| ('at: ', 'Apexgaming艾湃电竞', '恭喜 @小小Shaun 获得饮料一份，三天内联系我，过时不候！')
2026-02-09 18:05:36,686|line:587| ('at: ', '喜欢白毛有什么不好', '1 @浪子游2fans6@被_____打下来的飞机@拉斯特臣后面一个点@专心致志的学生@猫猫头OmMeow@小小Shaun@龐門左道@啦啦痴痴腻@bili_66938050009@日月星辰668')
2026-02-09 18:05:36,686|line:587| ('at: ', 'iKF蓝牙耳机', '恭喜@小小Shaun 宝子成为苏泊尔福利动态幸运儿！\n注意：即日起72小时内回复信息确认领奖哦！逾期将自动视为放弃中奖资格。\n没有中奖的宝子们不要气馁，参与一下下置顶视频iKF Mars，增加欧气值，说不定下个幸运儿就是你！\n链接：\nhttps://www.bilibili.com/video/BV1Soo6YLEHZ/?spm_id_from=333.1387.list.card_archive.click&vd_source=21fb0967ccc75e6b3b2447ade2c740dd\n还没参与抽奖的宝子们，赶紧点击上方链接参与吧！还有特别福利惊喜等你哦~')
2026-02-09 18:05:36,686|line:587| ('at: ', 'wellymerck威利默克', '恭喜@小小Shaun\xa0 获得《我是你的小狗3 永远等你回家》1本，请于5天内联系威宝，凭关注+互动截图领取奖品，逾期作废~')
2026-02-09 18:05:36,686|line:587| ('at: ', '宁美NINGMEI', '恭喜@小小Shaun   中奖，请在12月1日24点前私信我：1. 奖品+中奖信息a. 实物奖：姓名电话地址，给文字！省市区路清晰，提交不清晰不发奖，信息错误致无法签收，概不负责；\n\nb. 现金红包给到支付宝实名+账号；\n\nc. 京东卡/猫超卡 等购物卡给到姓名+电话；2. 宁美和品牌方关注截图+转发截图！\n\n必须关注品牌方，否则奖品不予发放；如遇无法私信图片的情况，等待我回复后即可发送图片。PS： \n\n因后台收信有时会出问题，以回复“已登记”为准，没有回复即表示私信未收到。\n\n过期视为自动放弃，不会补发；奖品30个工作日内发送，勿催哦~\n\n不发全，不回复。其他小伙伴请继续努力！')
2026-02-09 18:05:36,686|line:587| ('at: ', '爱玛电动车官方账号', '#一“玛”当先榜# 快来看看10月都是谁和爱玛酱互动最多呀~ 💕恭喜@小小Shaun 和@甘瑞凯拉莎 排行第一！这两位小玛达将会获得【爱玛随机周边×1】，请5天内私信爱玛酱领奖哟~[鼓掌] 以后也请继续单推我无敌可爱美少女爱玛酱呀嘿嘿！(●´З｀●)')
2026-02-09 18:05:36,686|line:587| ('at: ', '爱玛电动车官方账号', '')
2026-02-09 18:05:36,686|line:587| ('at: ', '海露滴眼液', '互动榜出炉啦')
2026-02-09 18:05:36,686|line:587| ('at: ', '和蔼可亲桃白白', '\u200b//@九号公司:\u200b恭喜@小小Shaun 中奖！后续记得查收私信哟～\u200b//@九号公司:#互动抽奖# 谢谢粒粒的复工礼！小九也来加个码~关注【@微粒贷+@九号公司 】并转发该动态，抽一位小可爱获得【100元京东卡】~ #供电局福利社# 10月31日抽出！')
2026-02-09 18:05:36,687|line:587| ('at: ', '望大家身体健康快乐', '\u200b//@九号公司:\u200b恭喜@小小Shaun 中奖！后续记得查收私信哟～\u200b//@九号公司 :#互动抽奖# 谢谢粒粒的复工礼！小九也来加个码~关注【@微粒贷+@九号公司 】并转发该动态，抽一位小可爱获得【100元京东卡】~ #供电局福利社# 10月31日抽出！')
2026-02-09 18:05:36,687|line:587| ('at: ', 'MoMA_Reona', '//@九号公司:\u200b恭喜@小小Shaun 中奖！后续记得查收私信哟～\u200b//@九号公司:#互动抽奖# 谢谢粒粒的复工礼！小九也来加个码~关注【@微粒贷+@九号公司 】并转发该动态，抽一位小可爱获得【100元京东卡】~ #供电局福利社# 10月31日抽出！')
2026-02-09 18:05:36,687|line:587| ('at: ', '摸鱼二队', '\u200b//@九号公司:\u200b恭喜@小小Shaun 中奖！后续记得查收私信哟～\u200b//@九号公司 :#互动抽奖# 谢谢粒粒的复工礼！小九也来加个码~关注【@微粒贷+@九号公司 】并转发该动态，抽一位小可爱获得【100元京东卡】~ #供电局福利社# 10月31日抽出！')
2026-02-09 18:05:36,687|line:587| ('at: ', '文少嘅一些事一些情', '\u200b//@九号公司:\u200b恭喜@小小Shaun 中奖！后续记得查收私信哟～\u200b//@九号公司 :#互动抽奖# 谢谢粒粒的复工礼！小九也来加个码~关注【@微粒贷+@九号公司 】并转发该动态，抽一位小可爱获得【100元京东卡】~ #供电局福利社# 10月31日抽出！')
2026-02-09 18:05:36,687|line:587| ('at: ', 'Carry队友的嘟嘟酱丶', '\u200b//@九号公司:\u200b恭喜@小小Shaun 中奖！后续记得查收私信哟～\u200b//@九号公司 :#互动抽奖# 谢谢粒粒的复工礼！小九也来加个码~关注【@微粒贷+@九号公司 】并转发该动态，抽一位小可爱获得【100元京东卡】~ #供电局福利社# 10月31日抽出！')
2026-02-09 18:05:36,687|line:587| ('at: ', '蛤蟆zero', '//@九号公司:\u200b恭喜@小小Shaun 中奖！后续记得查收私信哟～\u200b//@九号公司:#互动抽奖# 谢谢粒粒的复工礼！小九也来加个码~关注【@微粒贷+@九号公司 】并转发该动态，抽一位小可爱获得【100元京东卡】~ #供电局福利社# 10月31日抽出！c冲冲冲')
2026-02-09 18:05:36,687|line:587| ('at: ', '木而各子要吃笃栗子', '\u200b//@九号公司:\u200b恭喜@小小Shaun 中奖！后续记得查收私信哟～\u200b//@九号公司 :#互动抽奖# 谢谢粒粒的复工礼！小九也来加个码~关注【@微粒贷+@九号公司 】并转发该动态，抽一位小可爱获得【100元京东卡】~ #供电局福利社# 10月31日抽出！')
2026-02-09 18:05:36,687|line:587| ('at: ', '裙下愚臣情默默', '\u200b//@九号公司:\u200b恭喜@小小Shaun 中奖！后续记得查收私信哟～\u200b//@九号公司 :#互动抽奖# 谢谢粒粒的复工礼！小九也来加个码~关注【@微粒贷+@九号公司 】并转发该动态，抽一位小可爱获得【100元京东卡】~ #供电局福利社# 10月31日抽出！')
2026-02-09 18:05:36,687|line:587| ('at: ', '戊子毕宿', '')
