2026-04-27 17:38:06,950|line:232| processing article 48257060
2026-04-27 17:38:11,067|line:507| ==================================================2026-04-28 01:38==================================================
2026-04-27 17:38:11,068|line:519| https://t.bilibili.com/1178439198159405058
2026-04-27 17:38:14,488|line:526| 官方 或 预约 OUT！
2026-04-27 17:38:14,489|line:519| https://t.bilibili.com/1194899415462051857
2026-04-27 17:38:14,489|line:521| 已有
2026-04-27 17:38:14,489|line:519| https://t.bilibili.com/1193030447553052676
2026-04-27 17:38:14,489|line:521| 已有
2026-04-27 17:38:14,489|line:519| https://t.bilibili.com/1195139478385066001
2026-04-27 17:38:18,765|line:526| 官方 或 预约 OUT！
2026-04-27 17:38:18,765|line:519| https://t.bilibili.com/1195285962561683456
2026-04-27 17:38:18,765|line:521| 已有
2026-04-27 17:38:18,765|line:519| https://t.bilibili.com/1186988837329436697
2026-04-27 17:38:18,766|line:521| 已有
2026-04-27 17:38:18,766|line:519| https://t.bilibili.com/1186132094461411334
2026-04-27 17:38:20,255|line:526| 官方 或 预约 OUT！
2026-04-27 17:38:20,255|line:519| https://t.bilibili.com/1195930209807761410
2026-04-27 17:38:21,528|line:341| =========此为源动态=========
2026-04-27 17:38:23,041|line:362| *********子动态开始*********
2026-04-27 17:38:23,042|line:381| *********子动态结束*********
2026-04-27 17:38:23,042|line:537| -=-=-=-=处理回最初的动态-=-=-=-=
2026-04-27 17:38:30,191|line:475| 转发成功 1196032900309450755
2026-04-27 17:38:33,597|line:494| 评论发送成功
2026-04-27 17:38:36,017|line:424| 481648327 === 已经关注了
2026-04-27 17:38:39,319|line:503| 动态-点赞 OK
2026-04-27 17:38:42,319|line:519| https://t.bilibili.com/1195954010351206420
2026-04-27 17:38:45,604|line:341| =========此为源动态=========
2026-04-27 17:38:49,938|line:362| *********子动态开始*********
2026-04-27 17:38:49,938|line:381| *********子动态结束*********
2026-04-27 17:38:49,939|line:537| -=-=-=-=处理回最初的动态-=-=-=-=
2026-04-27 17:38:58,074|line:475| 转发成功 1196033016248401943
2026-04-27 17:39:01,461|line:494| 评论发送成功
2026-04-27 17:39:09,311|line:436| 关注 ==== 216844 0
2026-04-27 17:39:12,634|line:503| 动态-点赞 OK
2026-04-27 17:39:15,634|line:519| https://t.bilibili.com/1195047746469363730
2026-04-27 17:39:16,948|line:341| =========此为源动态=========
2026-04-27 17:39:18,328|line:362| *********子动态开始*********
2026-04-27 17:39:18,328|line:381| *********子动态结束*********
2026-04-27 17:39:18,328|line:537| -=-=-=-=处理回最初的动态-=-=-=-=
2026-04-27 17:39:27,539|line:475| 转发成功 1196033145111052293
2026-04-27 17:39:30,942|line:494| 评论发送成功
2026-04-27 17:39:32,299|line:424| 33009791 === 已经关注了
2026-04-27 17:39:35,605|line:503| 动态-点赞 OK
2026-04-27 17:39:37,606|line:519| https://t.bilibili.com/1185563896055857171
2026-04-27 17:39:39,887|line:526| 官方 或 预约 OUT！
2026-04-27 17:39:39,887|line:519| https://t.bilibili.com/1188505205585477680
2026-04-27 17:39:39,887|line:521| 已有
2026-04-27 17:39:39,887|line:519| https://t.bilibili.com/1195091928813666304
2026-04-27 17:39:41,178|line:341| =========此为源动态=========
2026-04-27 17:39:45,686|line:362| *********子动态开始*********
2026-04-27 17:39:45,686|line:381| *********子动态结束*********
2026-04-27 17:39:45,686|line:537| -=-=-=-=处理回最初的动态-=-=-=-=
2026-04-27 17:39:55,844|line:475| 转发成功 1196033265381670949
2026-04-27 17:39:59,229|line:494| 评论发送成功
2026-04-27 17:40:01,586|line:424| 2143305948 === 已经关注了
2026-04-27 17:40:04,898|line:503| 动态-点赞 OK
2026-04-27 17:40:06,898|line:519| https://t.bilibili.com/1186586712451579927
2026-04-27 17:40:11,188|line:526| 官方 或 预约 OUT！
2026-04-27 17:40:11,188|line:519| https://t.bilibili.com/1176241562153123847
2026-04-27 17:40:15,464|line:526| 官方 或 预约 OUT！
2026-04-27 17:40:15,464|line:519| https://t.bilibili.com/1195636509195108355
2026-04-27 17:40:17,799|line:341| =========此为源动态=========
2026-04-27 17:40:22,330|line:362| *********子动态开始*********
2026-04-27 17:40:22,331|line:381| *********子动态结束*********
2026-04-27 17:40:22,331|line:537| -=-=-=-=处理回最初的动态-=-=-=-=
2026-04-27 17:40:32,608|line:475| 转发成功 1196033424253517831
2026-04-27 17:40:36,012|line:494| 评论发送成功
2026-04-27 17:40:39,390|line:424| 100680137 === 已经关注了
2026-04-27 17:40:42,693|line:503| 动态-点赞 OK
2026-04-27 17:40:43,694|line:519| https://t.bilibili.com/1190286622730485761
2026-04-27 17:40:47,009|line:341| =========此为源动态=========
2026-04-27 17:40:51,764|line:362| *********子动态开始*********
2026-04-27 17:40:51,765|line:381| *********子动态结束*********
2026-04-27 17:40:51,765|line:537| -=-=-=-=处理回最初的动态-=-=-=-=
2026-04-27 17:40:58,948|line:475| 转发成功 1196033535931056167
2026-04-27 17:41:02,337|line:494| 评论发送成功
2026-04-27 17:41:05,687|line:424| 388146781 === 已经关注了
2026-04-27 17:41:08,998|line:503| 动态-点赞 OK
2026-04-27 17:41:09,999|line:519| https://t.bilibili.com/1190286622770331651
2026-04-27 17:41:12,640|line:341| =========此为源动态=========
2026-04-27 17:41:16,160|line:362| *********子动态开始*********
2026-04-27 17:41:16,160|line:381| *********子动态结束*********
2026-04-27 17:41:16,161|line:537| -=-=-=-=处理回最初的动态-=-=-=-=
2026-04-27 17:41:28,285|line:475| 转发成功 1196033664827260935
2026-04-27 17:41:31,722|line:494| 评论发送成功
2026-04-27 17:41:33,084|line:424| 1221637505 === 已经关注了
2026-04-27 17:41:36,393|line:503| 动态-点赞 OK
2026-04-27 17:41:37,394|line:519| https://t.bilibili.com/1185810839451467778
2026-04-27 17:41:38,689|line:341| =========此为源动态=========
2026-04-27 17:41:41,021|line:362| *********子动态开始*********
2026-04-27 17:41:41,022|line:381| *********子动态结束*********
2026-04-27 17:41:41,022|line:537| -=-=-=-=处理回最初的动态-=-=-=-=
2026-04-27 17:41:50,175|line:475| 转发成功 1196033754974388264
2026-04-27 17:41:53,548|line:494| 评论发送成功
2026-04-27 17:41:54,925|line:424| 635675 === 已经关注了
2026-04-27 17:41:58,224|line:503| 动态-点赞 OK
2026-04-27 17:42:00,225|line:519| https://t.bilibili.com/1180703577875677201
2026-04-27 17:42:04,519|line:526| 官方 或 预约 OUT！
2026-04-27 17:42:04,519|line:519| https://t.bilibili.com/1194122898262982665
2026-04-27 17:42:06,800|line:526| 官方 或 预约 OUT！
2026-04-27 17:42:06,801|line:552| 执行结束
2026-04-27 17:42:06,801|line:558| ==================================================2026-04-28 01:42==================================================
2026-04-27 17:42:06,801|line:232| processing article 48250300
2026-04-27 17:42:11,046|line:507| ==================================================2026-04-28 01:42==================================================
2026-04-27 17:42:11,046|line:519| https://t.bilibili.com/1195891136306085906
2026-04-27 17:42:13,406|line:341| =========此为源动态=========
2026-04-27 17:42:16,908|line:362| *********子动态开始*********
2026-04-27 17:42:16,908|line:381| *********子动态结束*********
2026-04-27 17:42:16,908|line:537| -=-=-=-=处理回最初的动态-=-=-=-=
2026-04-27 17:42:27,077|line:475| 转发成功 1196033913926975490
2026-04-27 17:42:30,488|line:494| 评论发送成功
2026-04-27 17:42:33,843|line:424| 100680137 === 已经关注了
2026-04-27 17:42:37,138|line:503| 动态-点赞 OK
2026-04-27 17:42:38,139|line:519| https://t.bilibili.com/1195905713450254340
2026-04-27 17:42:40,416|line:341| =========此为源动态=========
2026-04-27 17:42:44,924|line:362| *********子动态开始*********
2026-04-27 17:42:44,924|line:381| *********子动态结束*********
2026-04-27 17:42:44,924|line:537| -=-=-=-=处理回最初的动态-=-=-=-=
2026-04-27 17:42:52,162|line:475| 转发成功 1196034025591930881
2026-04-27 17:42:55,575|line:494| 评论发送成功
2026-04-27 17:42:58,928|line:424| 79955050 === 已经关注了
2026-04-27 17:43:02,253|line:503| 动态-点赞 OK
2026-04-27 17:43:03,253|line:519| https://t.bilibili.com/1178439198159405058
2026-04-27 17:43:07,522|line:526| 官方 或 预约 OUT！
2026-04-27 17:43:07,523|line:519| https://t.bilibili.com/1194440738750857218
2026-04-27 17:43:11,805|line:341| =========此为源动态=========
2026-04-27 17:43:14,346|line:362| *********子动态开始*********
2026-04-27 17:43:14,346|line:381| *********子动态结束*********
2026-04-27 17:43:14,346|line:537| -=-=-=-=处理回最初的动态-=-=-=-=
2026-04-27 17:43:23,609|line:475| 转发成功 1196034158724382720
2026-04-27 17:43:27,032|line:494| 评论发送成功
2026-04-27 17:43:29,394|line:424| 67192137 === 已经关注了
2026-04-27 17:43:32,709|line:503| 动态-点赞 OK
2026-04-27 17:43:33,710|line:519| https://t.bilibili.com/1195821976584716295
2026-04-27 17:43:35,999|line:341| =========此为源动态=========
2026-04-27 17:43:39,468|line:362| *********子动态开始*********
2026-04-27 17:43:39,468|line:381| *********子动态结束*********
2026-04-27 17:43:39,468|line:537| -=-=-=-=处理回最初的动态-=-=-=-=
2026-04-27 17:43:46,580|line:475| 转发成功 1196034257477173248
2026-04-27 17:43:49,965|line:494| 评论发送成功
2026-04-27 17:43:54,341|line:424| 9535164 === 已经关注了
2026-04-27 17:43:57,649|line:503| 动态-点赞 OK
2026-04-27 17:43:58,650|line:519| https://t.bilibili.com/1195801173941026841
2026-04-27 17:44:00,946|line:341| =========此为源动态=========
2026-04-27 17:44:04,302|line:362| *********子动态开始*********
2026-04-27 17:44:04,303|line:381| *********子动态结束*********
2026-04-27 17:44:04,303|line:537| -=-=-=-=处理回最初的动态-=-=-=-=
2026-04-27 17:44:14,451|line:475| 转发成功 1196034377761423365
2026-04-27 17:44:17,828|line:494| 评论发送成功
2026-04-27 17:44:20,254|line:424| 396808737 === 已经关注了
2026-04-27 17:44:23,568|line:503| 动态-点赞 OK
2026-04-27 17:44:24,568|line:519| https://t.bilibili.com/1195866135293067273
2026-04-27 17:44:25,942|line:341| =========此为源动态=========
2026-04-27 17:44:29,459|line:362| *********子动态开始*********
2026-04-27 17:44:29,459|line:381| *********子动态结束*********
2026-04-27 17:44:29,459|line:537| -=-=-=-=处理回最初的动态-=-=-=-=
2026-04-27 17:44:40,581|line:475| 转发成功 1196034489432670228
2026-04-27 17:44:43,970|line:494| 评论发送成功
2026-04-27 17:44:48,348|line:424| 3494379016686375 === 已经关注了
2026-04-27 17:44:51,702|line:503| 动态-点赞 OK
2026-04-27 17:44:52,702|line:519| https://t.bilibili.com/1195139478385066001
2026-04-27 17:44:54,017|line:526| 官方 或 预约 OUT！
2026-04-27 17:44:54,017|line:519| https://t.bilibili.com/1193030447553052676
2026-04-27 17:44:54,017|line:521| 已有
2026-04-27 17:44:54,017|line:519| https://t.bilibili.com/1195775590924288004
2026-04-27 17:44:58,315|line:341| =========此为源动态=========
2026-04-27 17:45:02,796|line:362| *********子动态开始*********
2026-04-27 17:45:02,796|line:381| *********子动态结束*********
2026-04-27 17:45:02,796|line:537| -=-=-=-=处理回最初的动态-=-=-=-=
2026-04-27 17:45:08,965|line:475| 转发成功 1196034609707483142
2026-04-27 17:45:12,417|line:494| 评论发送成功
2026-04-27 17:45:16,819|line:424| 9535164 === 已经关注了
2026-04-27 17:45:20,134|line:503| 动态-点赞 OK
2026-04-27 17:45:21,134|line:519| https://t.bilibili.com/1194708721056350244
2026-04-27 17:45:24,452|line:341| =========此为源动态=========
2026-04-27 17:45:26,855|line:362| *********子动态开始*********
2026-04-27 17:45:26,855|line:381| *********子动态结束*********
2026-04-27 17:45:26,856|line:537| -=-=-=-=处理回最初的动态-=-=-=-=
2026-04-27 17:45:37,061|line:475| 转发成功 1196034729974956051
2026-04-27 17:45:40,454|line:494| 评论发送成功
2026-04-27 17:45:43,794|line:424| 3494356755417944 === 已经关注了
2026-04-27 17:45:47,109|line:503| 动态-点赞 OK
2026-04-27 17:45:48,109|line:519| https://t.bilibili.com/1193966550701309968
2026-04-27 17:45:50,402|line:341| =========此为源动态=========
2026-04-27 17:45:52,905|line:362| *********子动态开始*********
2026-04-27 17:45:52,905|line:381| *********子动态结束*********
2026-04-27 17:45:52,906|line:537| -=-=-=-=处理回最初的动态-=-=-=-=
2026-04-27 17:46:00,087|line:475| 转发成功 1196034828739280896
2026-04-27 17:46:03,568|line:494| 评论发送成功
2026-04-27 17:46:07,932|line:424| 3546569007696142 === 已经关注了
2026-04-27 17:46:11,252|line:503| 动态-点赞 OK
2026-04-27 17:46:13,252|line:519| https://t.bilibili.com/1195898974639226933
2026-04-27 17:46:16,542|line:341| =========此为源动态=========
2026-04-27 17:46:18,038|line:362| *********子动态开始*********
2026-04-27 17:46:18,038|line:381| *********子动态结束*********
2026-04-27 17:46:18,038|line:537| -=-=-=-=处理回最初的动态-=-=-=-=
2026-04-27 17:46:24,175|line:475| 转发成功 1196034936135483397
2026-04-27 17:46:27,589|line:494| 评论发送成功
2026-04-27 17:46:30,995|line:424| 3493144272309101 === 已经关注了
2026-04-27 17:46:34,314|line:503| 动态-点赞 OK
2026-04-27 17:46:35,314|line:519| https://t.bilibili.com/1194800175959244825
2026-04-27 17:46:39,584|line:526| 官方 或 预约 OUT！
2026-04-27 17:46:39,584|line:519| https://t.bilibili.com/1195593555218792452
2026-04-27 17:46:41,859|line:341| =========此为源动态=========
2026-04-27 17:46:45,393|line:362| *********子动态开始*********
2026-04-27 17:46:45,393|line:381| *********子动态结束*********
2026-04-27 17:46:45,394|line:537| -=-=-=-=处理回最初的动态-=-=-=-=
2026-04-27 17:46:52,591|line:475| 转发成功 1196035056372547590
2026-04-27 17:46:55,990|line:494| 评论发送成功
2026-04-27 17:46:59,362|line:424| 100680137 === 已经关注了
2026-04-27 17:47:02,676|line:503| 动态-点赞 OK
2026-04-27 17:47:03,677|line:519| https://t.bilibili.com/1195821976596250679
2026-04-27 17:47:05,977|line:341| =========此为源动态=========
2026-04-27 17:47:07,314|line:362| *********子动态开始*********
2026-04-27 17:47:07,315|line:381| *********子动态结束*********
2026-04-27 17:47:07,315|line:537| -=-=-=-=处理回最初的动态-=-=-=-=
2026-04-27 17:47:16,484|line:475| 转发成功 1196035159464345605
2026-04-27 17:47:19,880|line:494| 评论发送成功
2026-04-27 17:47:22,228|line:424| 471130755 === 已经关注了
2026-04-27 17:47:25,523|line:503| 动态-点赞 OK
2026-04-27 17:47:29,523|line:519| https://t.bilibili.com/1195894228666810372
2026-04-27 17:47:33,862|line:341| =========此为源动态=========
2026-04-27 17:47:36,165|line:362| *********子动态开始*********
2026-04-27 17:47:36,165|line:381| *********子动态结束*********
2026-04-27 17:47:36,165|line:537| -=-=-=-=处理回最初的动态-=-=-=-=
2026-04-27 17:47:45,289|line:475| 转发成功 1196035284022591493
2026-04-27 17:47:48,686|line:494| 评论发送成功
2026-04-27 17:47:53,090|line:424| 79955050 === 已经关注了
2026-04-27 17:47:56,431|line:503| 动态-点赞 OK
2026-04-27 17:48:00,431|line:519| https://t.bilibili.com/1186988837329436697
2026-04-27 17:48:00,431|line:521| 已有
2026-04-27 17:48:00,432|line:519| https://t.bilibili.com/1186132094461411334
2026-04-27 17:48:02,717|line:526| 官方 或 预约 OUT！
2026-04-27 17:48:02,717|line:519| https://t.bilibili.com/1195791052842205186
2026-04-27 17:48:05,008|line:341| =========此为源动态=========
2026-04-27 17:48:07,509|line:362| *********子动态开始*********
2026-04-27 17:48:07,510|line:381| *********子动态结束*********
2026-04-27 17:48:07,510|line:537| -=-=-=-=处理回最初的动态-=-=-=-=
2026-04-27 17:48:18,695|line:475| 转发成功 1196035425757560854
2026-04-27 17:48:22,132|line:494| 评论发送成功
2026-04-27 17:48:25,534|line:424| 9535164 === 已经关注了
2026-04-27 17:48:28,843|line:503| 动态-点赞 OK
2026-04-27 17:48:29,844|line:519| https://t.bilibili.com/1195930209807761410
2026-04-27 17:48:29,844|line:521| 已有
2026-04-27 17:48:29,844|line:519| https://t.bilibili.com/1195899286009675781
2026-04-27 17:48:33,318|line:341| =========此为源动态=========
2026-04-27 17:48:35,663|line:362| *********子动态开始*********
2026-04-27 17:48:35,663|line:381| *********子动态结束*********
2026-04-27 17:48:35,663|line:537| -=-=-=-=处理回最初的动态-=-=-=-=
2026-04-27 17:48:45,788|line:475| 转发成功 1196035541686026243
2026-04-27 17:48:49,190|line:494| 评论发送成功
2026-04-27 17:48:50,657|line:424| 1750535730 === 已经关注了
2026-04-27 17:48:54,041|line:503| 动态-点赞 OK
2026-04-27 17:48:58,042|line:519| https://t.bilibili.com/1195871963596193800
2026-04-27 17:48:59,333|line:526| 官方 或 预约 OUT！
2026-04-27 17:48:59,333|line:519| https://t.bilibili.com/1195917324905873414
2026-04-27 17:49:03,693|line:341| =========此为源动态=========
2026-04-27 17:49:08,208|line:362| *********子动态开始*********
2026-04-27 17:49:08,208|line:381| *********子动态结束*********
2026-04-27 17:49:08,208|line:537| -=-=-=-=处理回最初的动态-=-=-=-=
2026-04-27 17:49:16,369|line:475| 转发成功 1196035674875101189
2026-04-27 17:49:19,810|line:494| 评论发送成功
2026-04-27 17:49:21,183|line:424| 11866282 === 已经关注了
2026-04-27 17:49:24,486|line:503| 动态-点赞 OK
2026-04-27 17:49:26,487|line:519| https://t.bilibili.com/1195954010351206420
2026-04-27 17:49:26,487|line:521| 已有
2026-04-27 17:49:26,487|line:519| https://t.bilibili.com/1195775590940016659
2026-04-27 17:49:27,879|line:341| =========此为源动态=========
2026-04-27 17:49:32,214|line:362| *********子动态开始*********
2026-04-27 17:49:32,214|line:381| *********子动态结束*********
2026-04-27 17:49:32,214|line:537| -=-=-=-=处理回最初的动态-=-=-=-=
2026-04-27 17:49:40,460|line:475| 转发成功 1196035777911324673
2026-04-27 17:49:43,870|line:494| 评论发送成功
2026-04-27 17:49:47,229|line:424| 79955050 === 已经关注了
2026-04-27 17:49:50,542|line:503| 动态-点赞 OK
2026-04-27 17:49:51,543|line:519| https://t.bilibili.com/1185563896055857171
2026-04-27 17:49:54,879|line:526| 官方 或 预约 OUT！
2026-04-27 17:49:54,879|line:519| https://t.bilibili.com/1188505205585477680
2026-04-27 17:49:54,879|line:521| 已有
2026-04-27 17:49:54,879|line:519| https://t.bilibili.com/1195783321900023824
2026-04-27 17:49:57,161|line:341| =========此为源动态=========
2026-04-27 17:50:00,496|line:362| *********子动态开始*********
2026-04-27 17:50:00,496|line:381| *********子动态结束*********
2026-04-27 17:50:00,496|line:537| -=-=-=-=处理回最初的动态-=-=-=-=
2026-04-27 17:50:09,644|line:475| 转发成功 1196035902504173573
2026-04-27 17:50:13,028|line:494| 评论发送成功
2026-04-27 17:50:16,410|line:424| 9535164 === 已经关注了
2026-04-27 17:50:19,725|line:503| 动态-点赞 OK
2026-04-27 17:50:22,726|line:519| https://t.bilibili.com/1195610808088789012
2026-04-27 17:50:26,016|line:526| 官方 或 预约 OUT！
2026-04-27 17:50:26,016|line:519| https://t.bilibili.com/1195908024152096790
2026-04-27 17:50:30,308|line:336| =========此为子动态=========
2026-04-27 17:50:34,744|line:387| *************原动态处理开始***************
2026-04-27 17:50:41,551|line:475| 转发成功 1196036039905378304
2026-04-27 17:50:45,112|line:494| 评论发送成功
2026-04-27 17:50:49,449|line:424| 3546567483066493 === 已经关注了
2026-04-27 17:50:52,761|line:503| 动态-点赞 OK
2026-04-27 17:50:52,761|line:396| *************原动态处理完成***************
2026-04-27 17:50:54,097|line:362| *********子动态开始*********
2026-04-27 17:51:04,261|line:475| 转发成功 1196036138698014742
2026-04-27 17:51:07,658|line:494| 评论发送成功
2026-04-27 17:51:11,308|line:424| 476645168 === 已经关注了
2026-04-27 17:51:11,308|line:376| ----完成一个子动态----
2026-04-27 17:51:20,496|line:475| 转发成功 1196036207453143040
2026-04-27 17:51:23,934|line:494| 评论发送成功
2026-04-27 17:51:26,582|line:424| 432158620 === 已经关注了
2026-04-27 17:51:26,582|line:376| ----完成一个子动态----
2026-04-27 17:51:26,583|line:381| *********子动态结束*********
2026-04-27 17:51:29,584|line:519| https://t.bilibili.com/1176241562153123847
2026-04-27 17:51:33,874|line:526| 官方 或 预约 OUT！
2026-04-27 17:51:33,875|line:519| https://t.bilibili.com/1195915016342077446
2026-04-27 17:51:38,192|line:526| 官方 或 预约 OUT！
2026-04-27 17:51:38,192|line:519| https://t.bilibili.com/1195819341669466130
2026-04-27 17:51:40,474|line:341| =========此为源动态=========
2026-04-27 17:51:42,962|line:362| *********子动态开始*********
2026-04-27 17:51:42,962|line:381| *********子动态结束*********
2026-04-27 17:51:42,962|line:537| -=-=-=-=处理回最初的动态-=-=-=-=
2026-04-27 17:51:52,061|line:475| 转发成功 1196036340553089042
2026-04-27 17:51:55,435|line:494| 评论发送成功
2026-04-27 17:51:59,818|line:424| 472780637 === 已经关注了
2026-04-27 17:52:03,111|line:503| 动态-点赞 OK
2026-04-27 17:52:06,112|line:519| https://t.bilibili.com/1195806514744393735
2026-04-27 17:52:09,383|line:341| =========此为源动态=========
2026-04-27 17:52:13,904|line:362| *********子动态开始*********
2026-04-27 17:52:13,905|line:381| *********子动态结束*********
2026-04-27 17:52:13,905|line:537| -=-=-=-=处理回最初的动态-=-=-=-=
2026-04-27 17:52:20,119|line:475| 转发成功 1196036460852019207
2026-04-27 17:52:23,521|line:494| 评论发送成功
2026-04-27 17:52:25,872|line:424| 1750535730 === 已经关注了
2026-04-27 17:52:29,174|line:503| 动态-点赞 OK
2026-04-27 17:52:33,175|line:519| https://t.bilibili.com/1195843127200448519
2026-04-27 17:52:37,487|line:341| =========此为源动态=========
2026-04-27 17:52:40,814|line:362| *********子动态开始*********
2026-04-27 17:52:40,814|line:381| *********子动态结束*********
2026-04-27 17:52:40,815|line:537| -=-=-=-=处理回最初的动态-=-=-=-=
2026-04-27 17:52:51,025|line:475| 转发成功 1196036593996005399
2026-04-27 17:52:54,408|line:494| 评论发送成功
2026-04-27 17:52:58,780|line:424| 635675 === 已经关注了
2026-04-27 17:53:02,093|line:503| 动态-点赞 OK
2026-04-27 17:53:04,093|line:519| https://t.bilibili.com/1195855526759497745
2026-04-27 17:53:06,378|line:341| =========此为源动态=========
2026-04-27 17:53:10,700|line:362| *********子动态开始*********
2026-04-27 17:53:10,700|line:381| *********子动态结束*********
2026-04-27 17:53:10,700|line:537| -=-=-=-=处理回最初的动态-=-=-=-=
2026-04-27 17:53:20,937|line:475| 转发成功 1196036722835587104
2026-04-27 17:53:24,354|line:494| 评论发送成功
2026-04-27 17:53:26,722|line:424| 3493261618448896 === 已经关注了
2026-04-27 17:53:30,026|line:503| 动态-点赞 OK
2026-04-27 17:53:34,026|line:519| https://t.bilibili.com/1194191518979588100
2026-04-27 17:53:37,470|line:526| 官方 或 预约 OUT！
2026-04-27 17:53:37,470|line:519| https://t.bilibili.com/1195910841616039941
2026-04-27 17:53:37,470|line:521| 已有
2026-04-27 17:53:37,471|line:519| https://t.bilibili.com/1195806514742296582
2026-04-27 17:53:39,762|line:341| =========此为源动态=========
2026-04-27 17:53:42,279|line:362| *********子动态开始*********
2026-04-27 17:53:42,280|line:381| *********子动态结束*********
2026-04-27 17:53:42,280|line:537| -=-=-=-=处理回最初的动态-=-=-=-=
2026-04-27 17:53:53,391|line:475| 转发成功 1196036864573702147
2026-04-27 17:53:56,810|line:494| 评论发送成功
2026-04-27 17:53:58,161|line:424| 1902330279 === 已经关注了
2026-04-27 17:54:01,480|line:503| 动态-点赞 OK
2026-04-27 17:54:04,480|line:519| https://t.bilibili.com/1195636509195108355
2026-04-27 17:54:04,480|line:521| 已有
2026-04-27 17:54:04,481|line:519| https://t.bilibili.com/1195871783159332867
2026-04-27 17:54:07,776|line:336| =========此为子动态=========
2026-04-27 17:54:09,132|line:387| *************原动态处理开始***************
2026-04-27 17:54:15,925|line:475| 转发成功 1196036959028379649
2026-04-27 17:54:19,392|line:494| 评论发送成功
2026-04-27 17:54:23,802|line:424| 1779174270 === 已经关注了
2026-04-27 17:54:27,170|line:503| 动态-点赞 OK
2026-04-27 17:54:27,171|line:396| *************原动态处理完成***************
2026-04-27 17:54:28,690|line:362| *********子动态开始*********
2026-04-27 17:54:39,945|line:475| 转发成功 1196037062140100641
2026-04-27 17:54:43,353|line:494| 评论发送成功
2026-04-27 17:54:49,038|line:424| 1494786563 === 已经关注了
2026-04-27 17:54:49,038|line:376| ----完成一个子动态----
2026-04-27 17:54:59,219|line:475| 转发成功 1196037148015329282
2026-04-27 17:55:02,609|line:494| 评论发送成功
2026-04-27 17:55:08,244|line:424| 417333631 === 已经关注了
2026-04-27 17:55:08,244|line:376| ----完成一个子动态----
2026-04-27 17:55:18,397|line:475| 转发成功 1196037229642776576
2026-04-27 17:55:21,766|line:494| 评论发送成功
2026-04-27 17:55:28,422|line:424| 242136088 === 已经关注了
2026-04-27 17:55:28,423|line:376| ----完成一个子动态----
2026-04-27 17:55:36,619|line:475| 转发成功 1196037306945896468
2026-04-27 17:55:40,099|line:494| 评论发送成功
2026-04-27 17:55:45,849|line:424| 162827591 === 已经关注了
2026-04-27 17:55:45,850|line:376| ----完成一个子动态----
2026-04-27 17:55:55,102|line:475| 转发成功 1196037384253210629
2026-04-27 17:55:58,497|line:494| 评论发送成功
2026-04-27 17:56:05,154|line:424| 394171781 === 已经关注了
2026-04-27 17:56:05,154|line:376| ----完成一个子动态----
2026-04-27 17:56:16,363|line:475| 转发成功 1196037478732005376
2026-04-27 17:56:19,787|line:494| 评论发送成功
2026-04-27 17:56:27,456|line:424| 35123204 === 已经关注了
2026-04-27 17:56:27,457|line:376| ----完成一个子动态----
2026-04-27 17:56:37,618|line:475| 转发成功 1196037568938901527
2026-04-27 17:56:41,073|line:494| 评论发送成功
2026-04-27 17:56:45,724|line:424| 1681276938 === 已经关注了
2026-04-27 17:56:45,724|line:376| ----完成一个子动态----
2026-04-27 17:56:55,968|line:475| 转发成功 1196037646252507142
2026-04-27 17:56:59,532|line:494| 评论发送成功
2026-04-27 17:57:04,243|line:424| 487793027 === 已经关注了
2026-04-27 17:57:04,243|line:376| ----完成一个子动态----
2026-04-27 17:57:12,599|line:475| 转发成功 1196037719264854022
2026-04-27 17:57:16,044|line:494| 评论发送成功
2026-04-27 17:57:22,660|line:424| 627553716 === 已经关注了
2026-04-27 17:57:22,661|line:376| ----完成一个子动态----
2026-04-27 17:57:29,819|line:475| 转发成功 1196037792282443783
2026-04-27 17:57:33,220|line:494| 评论发送成功
2026-04-27 17:57:36,912|line:424| 432158620 === 已经关注了
2026-04-27 17:57:36,912|line:376| ----完成一个子动态----
2026-04-27 17:57:46,167|line:475| 转发成功 1196037861002969107
2026-04-27 17:57:49,591|line:494| 评论发送成功
2026-04-27 17:57:55,243|line:424| 1521701206 === 已经关注了
2026-04-27 17:57:55,243|line:376| ----完成一个子动态----
2026-04-27 17:58:04,428|line:475| 转发成功 1196037942608396294
2026-04-27 17:58:07,835|line:494| 评论发送成功
2026-04-27 17:58:12,474|line:424| 416514298 === 已经关注了
2026-04-27 17:58:12,475|line:376| ----完成一个子动态----
2026-04-27 17:58:21,664|line:475| 转发成功 1196038015620743173
2026-04-27 17:58:25,067|line:494| 评论发送成功
2026-04-27 17:58:31,729|line:424| 346469145 === 已经关注了
2026-04-27 17:58:31,729|line:376| ----完成一个子动态----
2026-04-27 17:58:41,169|line:381| *********子动态结束*********
2026-04-27 17:58:44,169|line:519| https://t.bilibili.com/1195806514688819205
2026-04-27 17:58:45,538|line:341| =========此为源动态=========
2026-04-27 17:58:50,038|line:362| *********子动态开始*********
2026-04-27 17:58:50,039|line:381| *********子动态结束*********
2026-04-27 17:58:50,039|line:537| -=-=-=-=处理回最初的动态-=-=-=-=
2026-04-27 17:59:00,456|line:475| 转发成功 1196038183133904905
2026-04-27 17:59:03,915|line:494| 评论发送成功
2026-04-27 17:59:06,297|line:424| 9535164 === 已经关注了
2026-04-27 17:59:09,606|line:503| 动态-点赞 OK
2026-04-27 17:59:13,606|line:519| https://t.bilibili.com/1195732359980253203
2026-04-27 17:59:14,896|line:526| 官方 或 预约 OUT！
2026-04-27 17:59:14,897|line:519| https://t.bilibili.com/1195918417927864341
2026-04-27 17:59:17,171|line:526| 官方 或 预约 OUT！
2026-04-27 17:59:17,171|line:519| https://t.bilibili.com/1195889826346303497
2026-04-27 17:59:19,446|line:341| =========此为源动态=========
2026-04-27 17:59:22,969|line:362| *********子动态开始*********
2026-04-27 17:59:22,970|line:381| *********子动态结束*********
2026-04-27 17:59:22,970|line:537| -=-=-=-=处理回最初的动态-=-=-=-=
2026-04-27 17:59:33,172|line:475| 转发成功 1196038324860485639
2026-04-27 17:59:36,460|line:548| 'NoneType' object is not subscriptable
2026-04-27 17:59:36,460|line:549| error line:541
2026-04-27 17:59:37,461|line:519| https://t.bilibili.com/1195852900346101766
2026-04-27 17:59:40,754|line:341| =========此为源动态=========
2026-04-27 17:59:43,243|line:362| *********子动态开始*********
2026-04-27 17:59:43,243|line:381| *********子动态结束*********
2026-04-27 17:59:43,244|line:537| -=-=-=-=处理回最初的动态-=-=-=-=
2026-04-27 17:59:52,993|line:475| 转发成功 1196038406474301447
2026-04-27 17:59:56,413|line:494| 评论发送成功
2026-04-27 17:59:58,754|line:424| 3493082584582776 === 已经关注了
2026-04-27 18:00:02,075|line:503| 动态-点赞 OK
2026-04-27 18:00:05,076|line:519| https://t.bilibili.com/1195798783799066648
2026-04-27 18:00:07,403|line:341| =========此为源动态=========
2026-04-27 18:00:11,882|line:362| *********子动态开始*********
2026-04-27 18:00:11,882|line:381| *********子动态结束*********
2026-04-27 18:00:11,883|line:537| -=-=-=-=处理回最初的动态-=-=-=-=
2026-04-27 18:00:21,050|line:475| 转发成功 1196038526715559939
2026-04-27 18:00:24,497|line:494| 评论发送成功
2026-04-27 18:00:28,891|line:424| 9535164 === 已经关注了
2026-04-27 18:00:32,254|line:503| 动态-点赞 OK
2026-04-27 18:00:34,255|line:519| https://t.bilibili.com/1195879350934700038
2026-04-27 18:00:35,548|line:526| 官方 或 预约 OUT！
2026-04-27 18:00:35,548|line:519| https://t.bilibili.com/1195878831261483014
2026-04-27 18:00:38,823|line:341| =========此为源动态=========
2026-04-27 18:00:43,323|line:362| *********子动态开始*********
2026-04-27 18:00:43,323|line:381| *********子动态结束*********
2026-04-27 18:00:43,323|line:537| -=-=-=-=处理回最初的动态-=-=-=-=
2026-04-27 18:00:50,485|line:475| 转发成功 1196038655525781537
2026-04-27 18:00:53,884|line:494| 评论发送成功
2026-04-27 18:00:56,242|line:424| 14440615 === 已经关注了
2026-04-27 18:00:59,659|line:503| 动态-点赞 OK
2026-04-27 18:01:00,659|line:519| https://t.bilibili.com/1195886094050131969
2026-04-27 18:01:05,006|line:341| =========此为源动态=========
2026-04-27 18:01:09,378|line:362| *********子动态开始*********
2026-04-27 18:01:09,378|line:381| *********子动态结束*********
2026-04-27 18:01:09,378|line:537| -=-=-=-=处理回最初的动态-=-=-=-=
2026-04-27 18:01:15,489|line:475| 转发成功 1196038762903109636
2026-04-27 18:01:18,970|line:494| 评论发送成功
2026-04-27 18:01:20,376|line:424| 238623328 === 已经关注了
2026-04-27 18:01:23,693|line:503| 动态-点赞 OK
2026-04-27 18:01:27,693|line:519| https://t.bilibili.com/1195914805898117252
2026-04-27 18:01:28,981|line:526| 官方 或 预约 OUT！
2026-04-27 18:01:28,981|line:519| https://t.bilibili.com/1195945671632355351
2026-04-27 18:01:30,269|line:341| =========此为源动态=========
2026-04-27 18:01:31,591|line:362| *********子动态开始*********
2026-04-27 18:01:31,591|line:381| *********子动态结束*********
2026-04-27 18:01:31,591|line:537| -=-=-=-=处理回最初的动态-=-=-=-=
2026-04-27 18:01:40,706|line:475| 转发成功 1196038870334963728
2026-04-27 18:01:44,106|line:494| 评论发送成功
2026-04-27 18:01:46,473|line:424| 9535164 === 已经关注了
2026-04-27 18:01:49,769|line:503| 动态-点赞 OK
2026-04-27 18:01:51,770|line:519| https://t.bilibili.com/1195927222618161187
2026-04-27 18:01:55,062|line:526| 官方 或 预约 OUT！
2026-04-27 18:01:55,062|line:519| https://t.bilibili.com/1194122898262982665
2026-04-27 18:01:58,338|line:526| 官方 或 预约 OUT！
2026-04-27 18:01:58,339|line:519| https://t.bilibili.com/1186166376843182096
2026-04-27 18:01:58,339|line:521| 已有
2026-04-27 18:01:58,339|line:519| https://t.bilibili.com/1195843612484567044
2026-04-27 18:02:01,624|line:341| =========此为源动态=========
2026-04-27 18:02:05,950|line:362| *********子动态开始*********
2026-04-27 18:02:05,950|line:381| *********子动态结束*********
2026-04-27 18:02:05,950|line:537| -=-=-=-=处理回最初的动态-=-=-=-=
2026-04-27 18:02:14,155|line:475| 转发成功 1196039016352317445
2026-04-27 18:02:17,552|line:494| 评论发送成功
2026-04-27 18:02:20,909|line:424| 288566768 === 已经关注了
2026-04-27 18:02:24,217|line:503| 动态-点赞 OK
2026-04-27 18:02:25,217|line:552| 执行结束
2026-04-27 18:02:25,218|line:558| ==================================================2026-04-28 02:02==================================================
2026-04-27 18:02:25,218|line:232| processing article 48235875
2026-04-27 18:02:29,871|line:507| ==================================================2026-04-28 02:02==================================================
2026-04-27 18:02:29,871|line:232| processing article 48235624
2026-04-27 18:02:33,477|line:507| ==================================================2026-04-28 02:02==================================================
2026-04-27 18:02:33,477|line:232| processing article 48215914
2026-04-27 18:02:35,690|line:507| ==================================================2026-04-28 02:02==================================================
2026-04-27 18:02:35,691|line:519| https://t.bilibili.com/1188078088305508359
2026-04-27 18:02:39,048|line:526| 官方 或 预约 OUT！
2026-04-27 18:02:39,049|line:519| https://t.bilibili.com/1178439198159405058
2026-04-27 18:02:43,321|line:526| 官方 或 预约 OUT！
2026-04-27 18:02:43,322|line:519| https://t.bilibili.com/1194899415462051857
2026-04-27 18:02:43,322|line:521| 已有
2026-04-27 18:02:43,322|line:519| https://t.bilibili.com/1193030447553052676
2026-04-27 18:02:43,322|line:521| 已有
2026-04-27 18:02:43,322|line:519| https://t.bilibili.com/1192142048600260613
2026-04-27 18:02:43,322|line:521| 已有
2026-04-27 18:02:43,323|line:519| https://t.bilibili.com/1193357569473642504
2026-04-27 18:02:47,604|line:526| 官方 或 预约 OUT！
2026-04-27 18:02:47,604|line:519| https://t.bilibili.com/1194530911578750997
2026-04-27 18:02:47,604|line:521| 已有
2026-04-27 18:02:47,604|line:519| https://t.bilibili.com/1194797626898251779
2026-04-27 18:02:47,604|line:521| 已有
2026-04-27 18:02:47,604|line:519| https://t.bilibili.com/1194306714297434151
2026-04-27 18:02:47,605|line:521| 已有
2026-04-27 18:02:47,605|line:519| https://t.bilibili.com/1184496961743487009
2026-04-27 18:02:48,874|line:526| 官方 或 预约 OUT！
2026-04-27 18:02:48,874|line:519| https://t.bilibili.com/1191824979089424388
2026-04-27 18:02:48,874|line:521| 已有
2026-04-27 18:02:48,874|line:519| https://t.bilibili.com/1194887870626660352
2026-04-27 18:02:48,874|line:521| 已有
2026-04-27 18:02:48,875|line:519| https://t.bilibili.com/1193728169290498065
2026-04-27 18:02:48,875|line:521| 已有
2026-04-27 18:02:48,875|line:519| https://t.bilibili.com/1195285962561683456
2026-04-27 18:02:48,875|line:521| 已有
2026-04-27 18:02:48,875|line:519| https://t.bilibili.com/1194793761440268305
2026-04-27 18:02:48,875|line:521| 已有
2026-04-27 18:02:48,875|line:519| https://t.bilibili.com/1186988837329436697
2026-04-27 18:02:48,875|line:521| 已有
2026-04-27 18:02:48,876|line:519| https://t.bilibili.com/1186132094461411334
2026-04-27 18:02:52,165|line:526| 官方 或 预约 OUT！
2026-04-27 18:02:52,166|line:519| https://t.bilibili.com/1188893444866572294
2026-04-27 18:02:53,437|line:526| 官方 或 预约 OUT！
2026-04-27 18:02:53,437|line:519| https://t.bilibili.com/1189915537599102999
2026-04-27 18:02:53,437|line:521| 已有
2026-04-27 18:02:53,437|line:519| https://t.bilibili.com/1191373762755297300
2026-04-27 18:02:57,709|line:526| 官方 或 预约 OUT！
2026-04-27 18:02:57,709|line:519| https://t.bilibili.com/1194677803787747377
2026-04-27 18:02:57,709|line:521| 已有
2026-04-27 18:02:57,709|line:519| https://t.bilibili.com/1194801492377206788
2026-04-27 18:02:57,709|line:521| 已有
2026-04-27 18:02:57,710|line:519| https://t.bilibili.com/1189111521840463908
2026-04-27 18:02:57,710|line:521| 已有
2026-04-27 18:02:57,710|line:519| https://t.bilibili.com/1180539273907011585
2026-04-27 18:03:01,004|line:526| 官方 或 预约 OUT！
2026-04-27 18:03:01,004|line:519| https://t.bilibili.com/1185781663745966085
2026-04-27 18:03:01,004|line:521| 已有
2026-04-27 18:03:01,004|line:519| https://t.bilibili.com/1185563896055857171
2026-04-27 18:03:03,296|line:526| 官方 或 预约 OUT！
2026-04-27 18:03:03,296|line:519| https://t.bilibili.com/1188505205585477680
2026-04-27 18:03:03,296|line:521| 已有
2026-04-27 18:03:03,297|line:519| https://t.bilibili.com/1189853722279149577
2026-04-27 18:03:03,297|line:521| 已有
2026-04-27 18:03:03,297|line:519| https://t.bilibili.com/1192080203210293289
2026-04-27 18:03:03,297|line:521| 已有
2026-04-27 18:03:03,297|line:519| https://t.bilibili.com/1176241562153123847
2026-04-27 18:03:07,580|line:526| 官方 或 预约 OUT！
2026-04-27 18:03:07,580|line:519| https://t.bilibili.com/1190966947745890355
2026-04-27 18:03:07,581|line:521| 已有
2026-04-27 18:03:07,581|line:519| https://t.bilibili.com/1192247913127870500
2026-04-27 18:03:11,854|line:526| 官方 或 预约 OUT！
2026-04-27 18:03:11,854|line:519| https://t.bilibili.com/1195158990426734595
2026-04-27 18:03:11,854|line:521| 已有
2026-04-27 18:03:11,855|line:519| https://t.bilibili.com/1192822377854009351
2026-04-27 18:03:11,855|line:521| 已有
2026-04-27 18:03:11,855|line:519| https://t.bilibili.com/1194009395185319942
2026-04-27 18:03:11,855|line:521| 已有
2026-04-27 18:03:11,855|line:519| https://t.bilibili.com/1185881577564930051
2026-04-27 18:03:11,855|line:521| 已有
2026-04-27 18:03:11,855|line:519| https://t.bilibili.com/1190224777399238709
2026-04-27 18:03:11,855|line:521| 已有
2026-04-27 18:03:11,856|line:519| https://t.bilibili.com/1191022254042906646
2026-04-27 18:03:11,856|line:521| 已有
2026-04-27 18:03:11,856|line:519| https://t.bilibili.com/1193935633437950114
2026-04-27 18:03:11,856|line:521| 已有
2026-04-27 18:03:11,856|line:519| https://t.bilibili.com/1194684018584453144
2026-04-27 18:03:16,126|line:526| 官方 或 预约 OUT！
2026-04-27 18:03:16,126|line:519| https://t.bilibili.com/1193185216722632723
2026-04-27 18:03:16,126|line:521| 已有
2026-04-27 18:03:16,126|line:519| https://t.bilibili.com/1189482602749231128
2026-04-27 18:03:16,127|line:521| 已有
2026-04-27 18:03:16,127|line:519| https://t.bilibili.com/1192451284103331846
2026-04-27 18:03:16,127|line:521| 已有
2026-04-27 18:03:16,127|line:519| https://t.bilibili.com/1188373603540795400
2026-04-27 18:03:16,127|line:521| 已有
2026-04-27 18:03:16,127|line:519| https://t.bilibili.com/1188740436697546838
2026-04-27 18:03:16,127|line:521| 已有
2026-04-27 18:03:16,127|line:519| https://t.bilibili.com/1194801494538322033
2026-04-27 18:03:17,398|line:526| 官方 或 预约 OUT！
2026-04-27 18:03:17,399|line:519| https://t.bilibili.com/1187330020976099349
2026-04-27 18:03:17,399|line:521| 已有
2026-04-27 18:03:17,399|line:519| https://t.bilibili.com/1193564548204855363
2026-04-27 18:03:17,399|line:521| 已有
2026-04-27 18:03:17,399|line:519| https://t.bilibili.com/1183558180688363538
2026-04-27 18:03:17,399|line:521| 已有
2026-04-27 18:03:17,399|line:519| https://t.bilibili.com/1195139478385066001
2026-04-27 18:03:21,673|line:526| 官方 或 预约 OUT！
2026-04-27 18:03:21,674|line:519| https://t.bilibili.com/1186288182115696642
2026-04-27 18:03:22,969|line:526| 官方 或 预约 OUT！
2026-04-27 18:03:22,969|line:519| https://t.bilibili.com/1179613863065157635
2026-04-27 18:03:26,262|line:526| 官方 或 预约 OUT！
2026-04-27 18:03:26,262|line:519| https://t.bilibili.com/1191709122361294856
2026-04-27 18:03:26,262|line:521| 已有
2026-04-27 18:03:26,263|line:519| https://t.bilibili.com/1193379417991151640
2026-04-27 18:03:26,263|line:521| 已有
2026-04-27 18:03:26,263|line:519| https://t.bilibili.com/1194790353386864692
2026-04-27 18:03:26,263|line:521| 已有
2026-04-27 18:03:26,263|line:519| https://t.bilibili.com/1186600482127216658
2026-04-27 18:03:27,552|line:526| 官方 或 预约 OUT！
2026-04-27 18:03:27,552|line:519| https://t.bilibili.com/1194122898262982665
2026-04-27 18:03:29,840|line:526| 官方 或 预约 OUT！
2026-04-27 18:03:29,840|line:519| https://t.bilibili.com/1186166376843182096
2026-04-27 18:03:29,840|line:521| 已有
2026-04-27 18:03:29,840|line:519| https://t.bilibili.com/1192080203240701976
2026-04-27 18:03:29,840|line:521| 已有
2026-04-27 18:03:29,841|line:552| 执行结束
2026-04-27 18:03:29,841|line:558| ==================================================2026-04-28 02:03==================================================
2026-04-27 18:03:29,841|line:232| processing article 48213821
2026-04-27 18:03:35,154|line:507| ==================================================2026-04-28 02:03==================================================
2026-04-27 18:03:35,154|line:519| https://t.bilibili.com/1178439198159405058
2026-04-27 18:03:36,445|line:526| 官方 或 预约 OUT！
2026-04-27 18:03:36,445|line:519| https://t.bilibili.com/1195564551276331027
2026-04-27 18:03:38,738|line:526| 官方 或 预约 OUT！
2026-04-27 18:03:38,739|line:519| https://t.bilibili.com/1195224389883265060
2026-04-27 18:03:43,103|line:341| =========此为源动态=========
2026-04-27 18:03:45,436|line:362| *********子动态开始*********
2026-04-27 18:03:45,436|line:381| *********子动态结束*********
2026-04-27 18:03:45,437|line:537| -=-=-=-=处理回最初的动态-=-=-=-=
2026-04-27 18:03:54,540|line:475| 转发成功 1196039445821784089
2026-04-27 18:03:57,957|line:494| 评论发送成功
2026-04-27 18:04:01,334|line:424| 3291205 === 已经关注了
2026-04-27 18:04:04,639|line:503| 动态-点赞 OK
2026-04-27 18:04:06,639|line:519| https://t.bilibili.com/1195139478385066001
2026-04-27 18:04:08,914|line:526| 官方 或 预约 OUT！
2026-04-27 18:04:08,914|line:519| https://t.bilibili.com/1193030447553052676
2026-04-27 18:04:08,914|line:521| 已有
2026-04-27 18:04:08,914|line:519| https://t.bilibili.com/1195285962561683456
2026-04-27 18:04:08,914|line:521| 已有
2026-04-27 18:04:08,914|line:519| https://t.bilibili.com/1195551915472060420
2026-04-27 18:04:10,220|line:526| 官方 或 预约 OUT！
2026-04-27 18:04:10,221|line:519| https://t.bilibili.com/1186988837329436697
2026-04-27 18:04:10,221|line:521| 已有
2026-04-27 18:04:10,221|line:519| https://t.bilibili.com/1186132094461411334
2026-04-27 18:04:12,506|line:526| 官方 或 预约 OUT！
2026-04-27 18:04:12,506|line:519| https://t.bilibili.com/1195254076713992216
2026-04-27 18:04:16,841|line:341| =========此为源动态=========
2026-04-27 18:04:21,390|line:362| *********子动态开始*********
2026-04-27 18:04:21,391|line:381| *********子动态结束*********
2026-04-27 18:04:21,391|line:537| -=-=-=-=处理回最初的动态-=-=-=-=
2026-04-27 18:04:27,683|line:475| 转发成功 1196039587534733316
2026-04-27 18:04:31,113|line:494| 评论发送成功
2026-04-27 18:04:34,484|line:424| 8492486 === 已经关注了
2026-04-27 18:04:37,788|line:503| 动态-点赞 OK
2026-04-27 18:04:40,789|line:519| https://t.bilibili.com/1195225764274896915
2026-04-27 18:04:42,060|line:526| 官方 或 预约 OUT！
2026-04-27 18:04:42,060|line:519| https://t.bilibili.com/1185563896055857171
2026-04-27 18:04:43,367|line:526| 官方 或 预约 OUT！
2026-04-27 18:04:43,367|line:519| https://t.bilibili.com/1188505205585477680
2026-04-27 18:04:43,368|line:521| 已有
2026-04-27 18:04:43,368|line:519| https://t.bilibili.com/1176241562153123847
2026-04-27 18:04:46,662|line:526| 官方 或 预约 OUT！
2026-04-27 18:04:46,663|line:519| https://t.bilibili.com/1195468709095800872
2026-04-27 18:04:49,952|line:526| 官方 或 预约 OUT！
2026-04-27 18:04:49,952|line:519| https://t.bilibili.com/1195422877529145349
2026-04-27 18:04:52,231|line:341| =========此为源动态=========
2026-04-27 18:04:53,543|line:362| *********子动态开始*********
2026-04-27 18:04:53,543|line:381| *********子动态结束*********
2026-04-27 18:04:53,543|line:537| -=-=-=-=处理回最初的动态-=-=-=-=
2026-04-27 18:05:03,738|line:475| 转发成功 1196039742158798856
2026-04-27 18:05:07,199|line:494| 评论发送成功
2026-04-27 18:05:10,618|line:424| 874872 === 已经关注了
2026-04-27 18:05:13,975|line:503| 动态-点赞 OK
2026-04-27 18:05:15,976|line:519| https://t.bilibili.com/1195248604892102661
2026-04-27 18:05:20,377|line:526| 官方 或 预约 OUT！
2026-04-27 18:05:20,378|line:519| https://t.bilibili.com/1195053016391090211
2026-04-27 18:05:21,668|line:336| =========此为子动态=========
2026-04-27 18:05:25,089|line:387| *************原动态处理开始***************
2026-04-27 18:05:31,850|line:475| 转发成功 1196039862409494529
2026-04-27 18:05:35,286|line:494| 评论发送成功
2026-04-27 18:05:38,684|line:424| 542973072 === 已经关注了
2026-04-27 18:05:42,037|line:503| 动态-点赞 OK
2026-04-27 18:05:42,038|line:396| *************原动态处理完成***************
2026-04-27 18:05:45,548|line:362| *********子动态开始*********
2026-04-27 18:05:55,730|line:475| 转发成功 1196039965493952534
2026-04-27 18:05:59,207|line:494| 评论发送成功
2026-04-27 18:06:04,952|line:424| 3537110631974973 === 已经关注了
2026-04-27 18:06:04,953|line:376| ----完成一个子动态----
2026-04-27 18:06:15,138|line:475| 转发成功 1196040051419512832
2026-04-27 18:06:18,539|line:494| 评论发送成功
2026-04-27 18:06:25,202|line:424| 346469145 === 已经关注了
2026-04-27 18:06:25,203|line:376| ----完成一个子动态----
2026-04-27 18:06:34,395|line:475| 转发成功 1196040133042765827
2026-04-27 18:06:37,783|line:494| 评论发送成功
2026-04-27 18:06:42,441|line:424| 487793027 === 已经关注了
2026-04-27 18:06:42,442|line:376| ----完成一个子动态----
2026-04-27 18:06:51,631|line:475| 转发成功 1196040206047772679
2026-04-27 18:06:55,072|line:494| 评论发送成功
2026-04-27 18:07:01,722|line:424| 432158620 === 已经关注了
2026-04-27 18:07:01,722|line:376| ----完成一个子动态----
2026-04-27 18:07:09,944|line:475| 转发成功 1196040283371864085
2026-04-27 18:07:13,330|line:494| 评论发送成功
2026-04-27 18:07:20,960|line:424| 542973072 === 已经关注了
2026-04-27 18:07:20,960|line:376| ----完成一个子动态----
2026-04-27 18:07:30,238|line:475| 转发成功 1196040373566177297
2026-04-27 18:07:33,638|line:494| 评论发送成功
2026-04-27 18:07:39,257|line:424| 67192137 === 已经关注了
2026-04-27 18:07:39,258|line:376| ----完成一个子动态----
2026-04-27 18:07:39,258|line:381| *********子动态结束*********
2026-04-27 18:07:41,259|line:519| https://t.bilibili.com/1195229101484408840
2026-04-27 18:07:45,532|line:526| 官方 或 预约 OUT！
2026-04-27 18:07:45,533|line:519| https://t.bilibili.com/1195221465025216514
2026-04-27 18:07:46,829|line:341| =========此为源动态=========
2026-04-27 18:07:51,352|line:362| *********子动态开始*********
2026-04-27 18:07:51,352|line:381| *********子动态结束*********
2026-04-27 18:07:51,352|line:537| -=-=-=-=处理回最初的动态-=-=-=-=
2026-04-27 18:08:03,578|line:475| 转发成功 1196040515290660870
2026-04-27 18:08:06,932|line:548| 'NoneType' object is not subscriptable
2026-04-27 18:08:06,932|line:549| error line:541
2026-04-27 18:08:07,932|line:519| https://t.bilibili.com/1194736361370812419
2026-04-27 18:08:12,246|line:336| =========此为子动态=========
2026-04-27 18:08:14,620|line:400| *************原动态已存在***************
2026-04-27 18:08:18,173|line:362| *********子动态开始*********
2026-04-27 18:08:29,439|line:475| 转发成功 1196040626929401858
2026-04-27 18:08:32,836|line:494| 评论发送成功
2026-04-27 18:08:37,519|line:424| 1129687681 === 已经关注了
2026-04-27 18:08:37,519|line:376| ----完成一个子动态----
2026-04-27 18:08:37,520|line:381| *********子动态结束*********
2026-04-27 18:08:40,520|line:519| https://t.bilibili.com/1195096846529200135
2026-04-27 18:08:44,810|line:341| =========此为源动态=========
2026-04-27 18:08:48,146|line:362| *********子动态开始*********
2026-04-27 18:08:48,146|line:381| *********子动态结束*********
2026-04-27 18:08:48,146|line:537| -=-=-=-=处理回最初的动态-=-=-=-=
2026-04-27 18:08:58,306|line:475| 转发成功 1196040751467724800
2026-04-27 18:09:01,747|line:494| 评论发送成功
2026-04-27 18:09:04,109|line:424| 84567302 === 已经关注了
2026-04-27 18:09:07,601|line:503| 动态-点赞 OK
2026-04-27 18:09:11,601|line:519| https://t.bilibili.com/1195462489972670512
2026-04-27 18:09:12,919|line:341| =========此为源动态=========
2026-04-27 18:09:15,480|line:362| *********子动态开始*********
2026-04-27 18:09:15,480|line:381| *********子动态结束*********
2026-04-27 18:09:15,481|line:537| -=-=-=-=处理回最初的动态-=-=-=-=
2026-04-27 18:09:23,739|line:475| 转发成功 1196040858866024457
2026-04-27 18:09:27,137|line:494| 评论发送成功
2026-04-27 18:09:30,480|line:424| 224267770 === 已经关注了
2026-04-27 18:09:33,789|line:503| 动态-点赞 OK
2026-04-27 18:09:34,789|line:519| https://t.bilibili.com/1195516898603696129
2026-04-27 18:09:39,161|line:341| =========此为源动态=========
2026-04-27 18:09:41,699|line:362| *********子动态开始*********
2026-04-27 18:09:41,700|line:381| *********子动态结束*********
2026-04-27 18:09:41,700|line:537| -=-=-=-=处理回最初的动态-=-=-=-=
2026-04-27 18:09:51,906|line:475| 转发成功 1196040979136643092
2026-04-27 18:09:55,340|line:494| 评论发送成功
2026-04-27 18:09:57,713|line:424| 100680137 === 已经关注了
2026-04-27 18:10:01,018|line:503| 动态-点赞 OK
2026-04-27 18:10:03,019|line:519| https://t.bilibili.com/1194740480235012102
2026-04-27 18:10:03,019|line:521| 已有
2026-04-27 18:10:03,019|line:519| https://t.bilibili.com/1195434168958320672
2026-04-27 18:10:03,019|line:521| 已有
2026-04-27 18:10:03,020|line:519| https://t.bilibili.com/1195497277045604374
2026-04-27 18:10:05,310|line:341| =========此为源动态=========
2026-04-27 18:10:08,627|line:362| *********子动态开始*********
2026-04-27 18:10:08,627|line:381| *********子动态结束*********
2026-04-27 18:10:08,627|line:537| -=-=-=-=处理回最初的动态-=-=-=-=
2026-04-27 18:10:15,889|line:475| 转发成功 1196041082180206601
2026-04-27 18:10:19,290|line:494| 评论发送成功
2026-04-27 18:10:23,665|line:424| 2038413965 === 已经关注了
2026-04-27 18:10:26,988|line:503| 动态-点赞 OK
2026-04-27 18:10:29,988|line:519| https://t.bilibili.com/1195518144166232068
2026-04-27 18:10:31,279|line:341| =========此为源动态=========
2026-04-27 18:10:35,016|line:362| *********子动态开始*********
2026-04-27 18:10:35,016|line:381| *********子动态结束*********
2026-04-27 18:10:35,016|line:537| -=-=-=-=处理回最初的动态-=-=-=-=
2026-04-27 18:10:42,259|line:475| 转发成功 1196041198185218052
2026-04-27 18:10:45,566|line:548| 'NoneType' object is not subscriptable
2026-04-27 18:10:45,566|line:549| error line:541
2026-04-27 18:10:47,567|line:519| https://t.bilibili.com/1194122898262982665
2026-04-27 18:10:51,855|line:526| 官方 或 预约 OUT！
2026-04-27 18:10:51,856|line:519| https://t.bilibili.com/1186166376843182096
2026-04-27 18:10:51,856|line:521| 已有
2026-04-27 18:10:51,856|line:552| 执行结束
2026-04-27 18:10:51,856|line:558| ==================================================2026-04-28 02:10==================================================
2026-04-27 18:10:51,856|line:232| processing article 48206985
2026-04-27 18:10:53,499|line:507| ==================================================2026-04-28 02:10==================================================
2026-04-27 18:10:53,499|line:232| processing article 48206927
2026-04-27 18:10:58,048|line:507| ==================================================2026-04-28 02:10==================================================
2026-04-27 18:11:03,687|line:578| ('reply: ', '榄菊官方', '[给心心]')
2026-04-27 18:11:03,688|line:578| ('reply: ', '吓死我啦芙莱', '并不是')
2026-04-27 18:11:03,688|line:578| ('reply: ', '花生十三-公考行测', '68')
2026-04-27 18:11:03,688|line:578| ('reply: ', '三鹿七茸猫尾巴', '[夏诺雅表情包_？？？]')
2026-04-27 18:11:03,688|line:578| ('reply: ', '小闪闪bling', 'hhh腾子买库洛让我感觉他自己有点不太想出大世界了')
2026-04-27 18:11:03,688|line:578| ('reply: ', '魔改后远野汉娜', '不是，这……')
2026-04-27 18:11:03,688|line:578| ('reply: ', '好像都是一个人', '你在说什么')
2026-04-27 18:11:03,688|line:578| ('reply: ', '目标咨询', '太宠粉了啊')
2026-04-27 18:11:03,689|line:578| ('reply: ', '数玩工场', '祝你成功')
2026-04-27 18:11:03,689|line:578| ('reply: ', '益家有小佰', '恭喜宝子，获得小电视月度会员1份和克刻冰冰猴喉糖随机口味1份～记得私信小佰提供信息哦~')
2026-04-27 18:11:03,689|line:578| ('reply: ', '圆环之理-Madoka', '是的')
2026-04-27 18:11:03,689|line:578| ('reply: ', '兰的三姨', '这就是银河巨星的实力！')
2026-04-27 18:11:03,689|line:578| ('reply: ', '花园百合铃音', '有男不玩，我只吃麻辣火锅，xxn滚[吃瓜]')
2026-04-27 18:11:03,689|line:578| ('reply: ', '是绝赞的阿鬼', '[tv_难过]')
2026-04-27 18:11:03,689|line:578| ('reply: ', '桃稚不幼稚', '还行')
2026-04-27 18:11:03,689|line:578| ('reply: ', '陌罔子吖', '佬，这个报名有啥条件不。最近太非了，想下次报来抽[脱单doge][脱单doge][脱单doge]')
2026-04-27 18:11:03,689|line:578| ('reply: ', '太二酸菜鱼', '恭喜成为本期欧皇[打call]获得【肥龙联名显眼包】1份，在收到本信息的两天内回复哥的私信哦~逾期哥就自己收啦！[脱单doge]')
2026-04-27 18:11:03,689|line:578| ('reply: ', '得一想二的松鼠', '中奖分我一半')
2026-04-27 18:11:03,690|line:578| ('reply: ', '佑凉Uriyoo', '谢谢！！！[UP_24967030_感恩]')
2026-04-27 18:11:03,690|line:578| ('reply: ', '岛莓祁', '好耶')
2026-04-27 18:11:08,021|line:587| ('at: ', '电脑报', '恭喜@小小Shaun UID：1090970340，@-叶晓吖  UID：22437099  获得 【电竞大礼包】1份， 请在三日内私信我')
2026-04-27 18:11:08,021|line:587| ('at: ', '联想拯救者官方', '是我喜欢的奖品名单 直接开奖 上 趁现在没人偷摸开个奖 恭喜这些小伙伴 【拯救者7.1声卡H7游戏耳机】获奖名单 @泪水打湿猪脚饭o @xoomoon @小小Shaun @T山海连云T @超超超超薄脆饼干 @BerboomC 【拯救者C140氮化镓适配器】获奖名单 @改个天凉好个秋 @夜猫子牙不好 @LLL好久不见 @林殇倾慕婉 @今天也要拥抱微风 @洳不及我万一 @胜利の天平 【白金独角兽电竞鼠标】获奖名单 @底片上的诗旅人 【拯救者C170氮化镓适配器】获奖名单 @麦當劳无限好 @無名丶の辈 @任性的提莫 @广东有暖风 由于B站私信规则修改 我会私信中奖的小伙伴一条消息，还请注意查收并回复我您的收货地址与联系方式，奖品基本会在私信您信息后的三十个工作日内发货')
2026-04-27 18:11:08,021|line:587| ('at: ', 'Apexgaming艾湃电竞', '恭喜 @小小Shaun 获得饮料一份，三天内联系我，过时不候！')
2026-04-27 18:11:08,022|line:587| ('at: ', '喜欢白毛有什么不好', '1 @浪子游2fans6@被_____打下来的飞机@拉斯特臣后面一个点@专心致志的学生@猫猫头OmMeow@小小Shaun@龐門左道@啦啦痴痴腻@bili_66938050009@日月星辰668')
2026-04-27 18:11:08,022|line:587| ('at: ', 'iKF蓝牙耳机', '恭喜@小小Shaun 宝子成为苏泊尔福利动态幸运儿！\n注意：即日起72小时内回复信息确认领奖哦！逾期将自动视为放弃中奖资格。\n没有中奖的宝子们不要气馁，参与一下下置顶视频iKF Mars，增加欧气值，说不定下个幸运儿就是你！\n链接：\nhttps://www.bilibili.com/video/BV1Soo6YLEHZ/?spm_id_from=333.1387.list.card_archive.click&vd_source=21fb0967ccc75e6b3b2447ade2c740dd\n还没参与抽奖的宝子们，赶紧点击上方链接参与吧！还有特别福利惊喜等你哦~')
2026-04-27 18:11:08,022|line:587| ('at: ', 'wellymerck威利默克', '恭喜@小小Shaun\xa0 获得《我是你的小狗3 永远等你回家》1本，请于5天内联系威宝，凭关注+互动截图领取奖品，逾期作废~')
2026-04-27 18:11:08,022|line:587| ('at: ', '宁美NINGMEI', '恭喜@小小Shaun   中奖，请在12月1日24点前私信我：1. 奖品+中奖信息a. 实物奖：姓名电话地址，给文字！省市区路清晰，提交不清晰不发奖，信息错误致无法签收，概不负责；\n\nb. 现金红包给到支付宝实名+账号；\n\nc. 京东卡/猫超卡 等购物卡给到姓名+电话；2. 宁美和品牌方关注截图+转发截图！\n\n必须关注品牌方，否则奖品不予发放；如遇无法私信图片的情况，等待我回复后即可发送图片。PS： \n\n因后台收信有时会出问题，以回复“已登记”为准，没有回复即表示私信未收到。\n\n过期视为自动放弃，不会补发；奖品30个工作日内发送，勿催哦~\n\n不发全，不回复。其他小伙伴请继续努力！')
2026-04-27 18:11:08,022|line:587| ('at: ', '爱玛电动车官方账号', '#一“玛”当先榜# 快来看看10月都是谁和爱玛酱互动最多呀~ 💕恭喜@小小Shaun 和@甘瑞凯拉莎 排行第一！这两位小玛达将会获得【爱玛随机周边×1】，请5天内私信爱玛酱领奖哟~[鼓掌] 以后也请继续单推我无敌可爱美少女爱玛酱呀嘿嘿！(●´З｀●)')
2026-04-27 18:11:08,022|line:587| ('at: ', '爱玛电动车官方账号', '')
2026-04-27 18:11:08,022|line:587| ('at: ', '海露滴眼液', '互动榜出炉啦')
2026-04-27 18:11:08,022|line:587| ('at: ', '和蔼可亲桃白白', '\u200b//@九号公司:\u200b恭喜@小小Shaun 中奖！后续记得查收私信哟～\u200b//@九号公司:#互动抽奖# 谢谢粒粒的复工礼！小九也来加个码~关注【@微粒贷+@九号公司 】并转发该动态，抽一位小可爱获得【100元京东卡】~ #供电局福利社# 10月31日抽出！')
2026-04-27 18:11:08,022|line:587| ('at: ', '望大家身体健康快乐', '\u200b//@九号公司:\u200b恭喜@小小Shaun 中奖！后续记得查收私信哟～\u200b//@九号公司 :#互动抽奖# 谢谢粒粒的复工礼！小九也来加个码~关注【@微粒贷+@九号公司 】并转发该动态，抽一位小可爱获得【100元京东卡】~ #供电局福利社# 10月31日抽出！')
2026-04-27 18:11:08,023|line:587| ('at: ', 'MoMA_Reona', '//@九号公司:\u200b恭喜@小小Shaun 中奖！后续记得查收私信哟～\u200b//@九号公司:#互动抽奖# 谢谢粒粒的复工礼！小九也来加个码~关注【@微粒贷+@九号公司 】并转发该动态，抽一位小可爱获得【100元京东卡】~ #供电局福利社# 10月31日抽出！')
2026-04-27 18:11:08,023|line:587| ('at: ', '摸鱼二队', '\u200b//@九号公司:\u200b恭喜@小小Shaun 中奖！后续记得查收私信哟～\u200b//@九号公司 :#互动抽奖# 谢谢粒粒的复工礼！小九也来加个码~关注【@微粒贷+@九号公司 】并转发该动态，抽一位小可爱获得【100元京东卡】~ #供电局福利社# 10月31日抽出！')
2026-04-27 18:11:08,023|line:587| ('at: ', '文少嘅一些事一些情', '\u200b//@九号公司:\u200b恭喜@小小Shaun 中奖！后续记得查收私信哟～\u200b//@九号公司 :#互动抽奖# 谢谢粒粒的复工礼！小九也来加个码~关注【@微粒贷+@九号公司 】并转发该动态，抽一位小可爱获得【100元京东卡】~ #供电局福利社# 10月31日抽出！')
2026-04-27 18:11:08,023|line:587| ('at: ', 'Carry队友的嘟嘟酱丶', '\u200b//@九号公司:\u200b恭喜@小小Shaun 中奖！后续记得查收私信哟～\u200b//@九号公司 :#互动抽奖# 谢谢粒粒的复工礼！小九也来加个码~关注【@微粒贷+@九号公司 】并转发该动态，抽一位小可爱获得【100元京东卡】~ #供电局福利社# 10月31日抽出！')
2026-04-27 18:11:08,023|line:587| ('at: ', '蛤蟆zero', '//@九号公司:\u200b恭喜@小小Shaun 中奖！后续记得查收私信哟～\u200b//@九号公司:#互动抽奖# 谢谢粒粒的复工礼！小九也来加个码~关注【@微粒贷+@九号公司 】并转发该动态，抽一位小可爱获得【100元京东卡】~ #供电局福利社# 10月31日抽出！c冲冲冲')
2026-04-27 18:11:08,023|line:587| ('at: ', '木而各子要吃笃栗子', '\u200b//@九号公司:\u200b恭喜@小小Shaun 中奖！后续记得查收私信哟～\u200b//@九号公司 :#互动抽奖# 谢谢粒粒的复工礼！小九也来加个码~关注【@微粒贷+@九号公司 】并转发该动态，抽一位小可爱获得【100元京东卡】~ #供电局福利社# 10月31日抽出！')
2026-04-27 18:11:08,023|line:587| ('at: ', '裙下愚臣情默默', '\u200b//@九号公司:\u200b恭喜@小小Shaun 中奖！后续记得查收私信哟～\u200b//@九号公司 :#互动抽奖# 谢谢粒粒的复工礼！小九也来加个码~关注【@微粒贷+@九号公司 】并转发该动态，抽一位小可爱获得【100元京东卡】~ #供电局福利社# 10月31日抽出！')
2026-04-27 18:11:08,023|line:587| ('at: ', '戊子毕宿', '')
