2026-05-05 17:45:26,882|line:232| processing article 48629612
2026-05-05 17:45:31,689|line:507| ==================================================2026-05-06 01:45==================================================
2026-05-05 17:45:31,689|line:232| processing article 48621430
2026-05-05 17:45:33,372|line:507| ==================================================2026-05-06 01:45==================================================
2026-05-05 17:45:33,372|line:232| processing article 48609507
2026-05-05 17:45:35,994|line:507| ==================================================2026-05-06 01:45==================================================
2026-05-05 17:45:35,994|line:232| processing article 48609109
2026-05-05 17:45:37,768|line:507| ==================================================2026-05-06 01:45==================================================
2026-05-05 17:45:37,768|line:232| processing article 48577955
2026-05-05 17:45:39,395|line:507| ==================================================2026-05-06 01:45==================================================
2026-05-05 17:45:39,395|line:232| processing article 48575480
2026-05-05 17:45:42,047|line:507| ==================================================2026-05-06 01:45==================================================
2026-05-05 17:45:42,047|line:232| processing article 48567729
2026-05-05 17:45:47,367|line:507| ==================================================2026-05-06 01:45==================================================
2026-05-05 17:45:47,367|line:519| https://t.bilibili.com/1196291371415109669
2026-05-05 17:45:48,929|line:526| 官方 或 预约 OUT！
2026-05-05 17:45:48,929|line:519| https://t.bilibili.com/1188218383381823491
2026-05-05 17:45:53,356|line:526| 官方 或 预约 OUT！
2026-05-05 17:45:53,356|line:519| https://t.bilibili.com/1166197351605338112
2026-05-05 17:45:57,704|line:526| 官方 或 预约 OUT！
2026-05-05 17:45:57,704|line:519| https://t.bilibili.com/1188817385304358914
2026-05-05 17:45:59,191|line:526| 官方 或 预约 OUT！
2026-05-05 17:45:59,191|line:519| https://t.bilibili.com/1195139478385066001
2026-05-05 17:46:00,548|line:526| 官方 或 预约 OUT！
2026-05-05 17:46:00,548|line:519| https://t.bilibili.com/1196284267548639233
2026-05-05 17:46:01,964|line:526| 官方 或 预约 OUT！
2026-05-05 17:46:01,964|line:519| https://t.bilibili.com/1194830867794493446
2026-05-05 17:46:04,309|line:526| 官方 或 预约 OUT！
2026-05-05 17:46:04,309|line:519| https://t.bilibili.com/1197671198406737939
2026-05-05 17:46:06,624|line:526| 官方 或 预约 OUT！
2026-05-05 17:46:06,625|line:519| https://t.bilibili.com/1196573305993166897
2026-05-05 17:46:10,010|line:526| 官方 或 预约 OUT！
2026-05-05 17:46:10,010|line:519| https://t.bilibili.com/1196345814434185224
2026-05-05 17:46:11,321|line:526| 官方 或 预约 OUT！
2026-05-05 17:46:11,321|line:519| https://t.bilibili.com/1197750887210025011
2026-05-05 17:46:12,668|line:526| 官方 或 预约 OUT！
2026-05-05 17:46:12,668|line:519| https://t.bilibili.com/1197473230443511808
2026-05-05 17:46:16,037|line:526| 官方 或 预约 OUT！
2026-05-05 17:46:16,037|line:519| https://t.bilibili.com/1193322316354814004
2026-05-05 17:46:20,432|line:526| 官方 或 预约 OUT！
2026-05-05 17:46:20,432|line:519| https://t.bilibili.com/1197294645725364291
2026-05-05 17:46:23,751|line:526| 官方 或 预约 OUT！
2026-05-05 17:46:23,752|line:519| https://t.bilibili.com/1192204821722038305
2026-05-05 17:46:27,102|line:526| 官方 或 预约 OUT！
2026-05-05 17:46:27,102|line:519| https://t.bilibili.com/1194122898262982665
2026-05-05 17:46:30,498|line:526| 官方 或 预约 OUT！
2026-05-05 17:46:30,499|line:519| https://t.bilibili.com/1197051121112186881
2026-05-05 17:46:32,813|line:526| 官方 或 预约 OUT！
2026-05-05 17:46:32,814|line:519| https://t.bilibili.com/1195825895787462665
2026-05-05 17:46:34,159|line:526| 官方 或 预约 OUT！
2026-05-05 17:46:34,159|line:519| https://t.bilibili.com/1185563896055857171
2026-05-05 17:46:35,520|line:526| 官方 或 预约 OUT！
2026-05-05 17:46:35,521|line:519| https://t.bilibili.com/1186988837329436697
2026-05-05 17:46:35,521|line:521| 已有
2026-05-05 17:46:35,521|line:519| https://t.bilibili.com/1197335748572872710
2026-05-05 17:46:37,869|line:526| 官方 或 预约 OUT！
2026-05-05 17:46:37,869|line:519| https://t.bilibili.com/1176241562153123847
2026-05-05 17:46:41,224|line:526| 官方 或 预约 OUT！
2026-05-05 17:46:41,224|line:519| https://t.bilibili.com/1194785736294924297
2026-05-05 17:46:44,574|line:526| 官方 或 预约 OUT！
2026-05-05 17:46:44,575|line:519| https://t.bilibili.com/1192494049094795265
2026-05-05 17:46:46,920|line:526| 官方 或 预约 OUT！
2026-05-05 17:46:46,920|line:519| https://t.bilibili.com/1196308495454961666
2026-05-05 17:46:50,583|line:526| 官方 或 预约 OUT！
2026-05-05 17:46:50,584|line:519| https://t.bilibili.com/1188505205585477680
2026-05-05 17:46:50,584|line:521| 已有
2026-05-05 17:46:50,584|line:519| https://t.bilibili.com/1186132094461411334
2026-05-05 17:46:52,927|line:526| 官方 或 预约 OUT！
2026-05-05 17:46:52,927|line:519| https://t.bilibili.com/1196328565832941605
2026-05-05 17:46:55,268|line:526| 官方 或 预约 OUT！
2026-05-05 17:46:55,268|line:519| https://t.bilibili.com/1189219780807098388
2026-05-05 17:46:58,591|line:526| 官方 或 预约 OUT！
2026-05-05 17:46:58,591|line:552| 执行结束
2026-05-05 17:46:58,592|line:558| ==================================================2026-05-06 01:46==================================================
2026-05-05 17:46:58,592|line:232| processing article 48567480
2026-05-05 17:47:02,661|line:507| ==================================================2026-05-06 01:47==================================================
2026-05-05 17:47:08,097|line:578| ('reply: ', '榄菊官方', '[给心心]')
2026-05-05 17:47:08,098|line:578| ('reply: ', '吓死我啦芙莱', '并不是')
2026-05-05 17:47:08,098|line:578| ('reply: ', '花生十三-公考行测', '68')
2026-05-05 17:47:08,098|line:578| ('reply: ', '三鹿七茸猫尾巴', '[夏诺雅表情包_？？？]')
2026-05-05 17:47:08,098|line:578| ('reply: ', '小闪闪bling', 'hhh腾子买库洛让我感觉他自己有点不太想出大世界了')
2026-05-05 17:47:08,098|line:578| ('reply: ', '魔改后远野汉娜', '不是，这……')
2026-05-05 17:47:08,098|line:578| ('reply: ', '好像都是一个人', '你在说什么')
2026-05-05 17:47:08,098|line:578| ('reply: ', '目标咨询', '太宠粉了啊')
2026-05-05 17:47:08,099|line:578| ('reply: ', '数玩工场', '祝你成功')
2026-05-05 17:47:08,099|line:578| ('reply: ', '益家有小佰', '恭喜宝子，获得小电视月度会员1份和克刻冰冰猴喉糖随机口味1份～记得私信小佰提供信息哦~')
2026-05-05 17:47:08,099|line:578| ('reply: ', '圆环之理-Madoka', '是的')
2026-05-05 17:47:08,099|line:578| ('reply: ', '兰的三姨', '这就是银河巨星的实力！')
2026-05-05 17:47:08,099|line:578| ('reply: ', '花园百合铃音', '有男不玩，我只吃麻辣火锅，xxn滚[吃瓜]')
2026-05-05 17:47:08,099|line:578| ('reply: ', '是绝赞的阿鬼', '[tv_难过]')
2026-05-05 17:47:08,099|line:578| ('reply: ', '桃稚不幼稚', '还行')
2026-05-05 17:47:08,099|line:578| ('reply: ', '陌罔子吖', '佬，这个报名有啥条件不。最近太非了，想下次报来抽[脱单doge][脱单doge][脱单doge]')
2026-05-05 17:47:08,099|line:578| ('reply: ', '太二酸菜鱼', '恭喜成为本期欧皇[打call]获得【肥龙联名显眼包】1份，在收到本信息的两天内回复哥的私信哦~逾期哥就自己收啦！[脱单doge]')
2026-05-05 17:47:08,100|line:578| ('reply: ', '得一想二的松鼠', '中奖分我一半')
2026-05-05 17:47:08,100|line:578| ('reply: ', '佑凉Uriyoo', '谢谢！！！[UP_24967030_感恩]')
2026-05-05 17:47:08,100|line:578| ('reply: ', '岛莓祁', '好耶')
2026-05-05 17:47:11,438|line:587| ('at: ', '电脑报', '恭喜@小小Shaun UID：1090970340，@-叶晓吖  UID：22437099  获得 【电竞大礼包】1份， 请在三日内私信我')
2026-05-05 17:47:11,438|line:587| ('at: ', '联想拯救者官方', '是我喜欢的奖品名单 直接开奖 上 趁现在没人偷摸开个奖 恭喜这些小伙伴 【拯救者7.1声卡H7游戏耳机】获奖名单 @泪水打湿猪脚饭o @xoomoon @小小Shaun @T山海连云T @超超超超薄脆饼干 @BerboomC 【拯救者C140氮化镓适配器】获奖名单 @改个天凉好个秋 @夜猫子牙不好 @LLL好久不见 @林殇倾慕婉 @今天也要拥抱微风 @洳不及我万一 @胜利の天平 【白金独角兽电竞鼠标】获奖名单 @底片上的诗旅人 【拯救者C170氮化镓适配器】获奖名单 @麦當劳无限好 @無名丶の辈 @任性的提莫 @广东有暖风 由于B站私信规则修改 我会私信中奖的小伙伴一条消息，还请注意查收并回复我您的收货地址与联系方式，奖品基本会在私信您信息后的三十个工作日内发货')
2026-05-05 17:47:11,438|line:587| ('at: ', 'Apexgaming艾湃电竞', '恭喜 @小小Shaun 获得饮料一份，三天内联系我，过时不候！')
2026-05-05 17:47:11,438|line:587| ('at: ', '喜欢白毛有什么不好', '1 @浪子游2fans6@被_____打下来的飞机@拉斯特臣后面一个点@专心致志的学生@猫猫头OmMeow@小小Shaun@龐門左道@啦啦痴痴腻@bili_66938050009@日月星辰668')
2026-05-05 17:47:11,439|line:587| ('at: ', 'iKF蓝牙耳机', '恭喜@小小Shaun 宝子成为苏泊尔福利动态幸运儿！\n注意：即日起72小时内回复信息确认领奖哦！逾期将自动视为放弃中奖资格。\n没有中奖的宝子们不要气馁，参与一下下置顶视频iKF Mars，增加欧气值，说不定下个幸运儿就是你！\n链接：\nhttps://www.bilibili.com/video/BV1Soo6YLEHZ/?spm_id_from=333.1387.list.card_archive.click&vd_source=21fb0967ccc75e6b3b2447ade2c740dd\n还没参与抽奖的宝子们，赶紧点击上方链接参与吧！还有特别福利惊喜等你哦~')
2026-05-05 17:47:11,439|line:587| ('at: ', 'wellymerck威利默克', '恭喜@小小Shaun\xa0 获得《我是你的小狗3 永远等你回家》1本，请于5天内联系威宝，凭关注+互动截图领取奖品，逾期作废~')
2026-05-05 17:47:11,439|line:587| ('at: ', '宁美NINGMEI', '恭喜@小小Shaun   中奖，请在12月1日24点前私信我：1. 奖品+中奖信息a. 实物奖：姓名电话地址，给文字！省市区路清晰，提交不清晰不发奖，信息错误致无法签收，概不负责；\n\nb. 现金红包给到支付宝实名+账号；\n\nc. 京东卡/猫超卡 等购物卡给到姓名+电话；2. 宁美和品牌方关注截图+转发截图！\n\n必须关注品牌方，否则奖品不予发放；如遇无法私信图片的情况，等待我回复后即可发送图片。PS： \n\n因后台收信有时会出问题，以回复“已登记”为准，没有回复即表示私信未收到。\n\n过期视为自动放弃，不会补发；奖品30个工作日内发送，勿催哦~\n\n不发全，不回复。其他小伙伴请继续努力！')
2026-05-05 17:47:11,439|line:587| ('at: ', '爱玛电动车官方账号', '#一“玛”当先榜# 快来看看10月都是谁和爱玛酱互动最多呀~ 💕恭喜@小小Shaun 和@甘瑞凯拉莎 排行第一！这两位小玛达将会获得【爱玛随机周边×1】，请5天内私信爱玛酱领奖哟~[鼓掌] 以后也请继续单推我无敌可爱美少女爱玛酱呀嘿嘿！(●´З｀●)')
2026-05-05 17:47:11,439|line:587| ('at: ', '爱玛电动车官方账号', '')
2026-05-05 17:47:11,439|line:587| ('at: ', '海露滴眼液', '互动榜出炉啦')
2026-05-05 17:47:11,439|line:587| ('at: ', '和蔼可亲桃白白', '\u200b//@九号公司:\u200b恭喜@小小Shaun 中奖！后续记得查收私信哟～\u200b//@九号公司:#互动抽奖# 谢谢粒粒的复工礼！小九也来加个码~关注【@微粒贷+@九号公司 】并转发该动态，抽一位小可爱获得【100元京东卡】~ #供电局福利社# 10月31日抽出！')
2026-05-05 17:47:11,439|line:587| ('at: ', '望大家身体健康快乐', '\u200b//@九号公司:\u200b恭喜@小小Shaun 中奖！后续记得查收私信哟～\u200b//@九号公司 :#互动抽奖# 谢谢粒粒的复工礼！小九也来加个码~关注【@微粒贷+@九号公司 】并转发该动态，抽一位小可爱获得【100元京东卡】~ #供电局福利社# 10月31日抽出！')
2026-05-05 17:47:11,439|line:587| ('at: ', 'MoMA_Reona', '//@九号公司:\u200b恭喜@小小Shaun 中奖！后续记得查收私信哟～\u200b//@九号公司:#互动抽奖# 谢谢粒粒的复工礼！小九也来加个码~关注【@微粒贷+@九号公司 】并转发该动态，抽一位小可爱获得【100元京东卡】~ #供电局福利社# 10月31日抽出！')
2026-05-05 17:47:11,440|line:587| ('at: ', '摸鱼二队', '\u200b//@九号公司:\u200b恭喜@小小Shaun 中奖！后续记得查收私信哟～\u200b//@九号公司 :#互动抽奖# 谢谢粒粒的复工礼！小九也来加个码~关注【@微粒贷+@九号公司 】并转发该动态，抽一位小可爱获得【100元京东卡】~ #供电局福利社# 10月31日抽出！')
2026-05-05 17:47:11,440|line:587| ('at: ', '文少嘅一些事一些情', '\u200b//@九号公司:\u200b恭喜@小小Shaun 中奖！后续记得查收私信哟～\u200b//@九号公司 :#互动抽奖# 谢谢粒粒的复工礼！小九也来加个码~关注【@微粒贷+@九号公司 】并转发该动态，抽一位小可爱获得【100元京东卡】~ #供电局福利社# 10月31日抽出！')
2026-05-05 17:47:11,440|line:587| ('at: ', 'Carry队友的嘟嘟酱丶', '\u200b//@九号公司:\u200b恭喜@小小Shaun 中奖！后续记得查收私信哟～\u200b//@九号公司 :#互动抽奖# 谢谢粒粒的复工礼！小九也来加个码~关注【@微粒贷+@九号公司 】并转发该动态，抽一位小可爱获得【100元京东卡】~ #供电局福利社# 10月31日抽出！')
2026-05-05 17:47:11,440|line:587| ('at: ', '蛤蟆zero', '//@九号公司:\u200b恭喜@小小Shaun 中奖！后续记得查收私信哟～\u200b//@九号公司:#互动抽奖# 谢谢粒粒的复工礼！小九也来加个码~关注【@微粒贷+@九号公司 】并转发该动态，抽一位小可爱获得【100元京东卡】~ #供电局福利社# 10月31日抽出！c冲冲冲')
2026-05-05 17:47:11,440|line:587| ('at: ', '木而各子要吃笃栗子', '\u200b//@九号公司:\u200b恭喜@小小Shaun 中奖！后续记得查收私信哟～\u200b//@九号公司 :#互动抽奖# 谢谢粒粒的复工礼！小九也来加个码~关注【@微粒贷+@九号公司 】并转发该动态，抽一位小可爱获得【100元京东卡】~ #供电局福利社# 10月31日抽出！')
2026-05-05 17:47:11,440|line:587| ('at: ', '裙下愚臣情默默', '\u200b//@九号公司:\u200b恭喜@小小Shaun 中奖！后续记得查收私信哟～\u200b//@九号公司 :#互动抽奖# 谢谢粒粒的复工礼！小九也来加个码~关注【@微粒贷+@九号公司 】并转发该动态，抽一位小可爱获得【100元京东卡】~ #供电局福利社# 10月31日抽出！')
2026-05-05 17:47:11,440|line:587| ('at: ', '戊子毕宿', '')
