2026-03-02 17:01:48,826|line:232| processing article 46387248
2026-03-02 17:01:51,113|line:507| ==================================================2026-03-03 01:01==================================================
2026-03-02 17:01:51,113|line:519| https://t.bilibili.com/1166495860476870691
2026-03-02 17:01:53,633|line:341| =========此为源动态=========
2026-03-02 17:01:56,069|line:362| *********子动态开始*********
2026-03-02 17:01:56,069|line:381| *********子动态结束*********
2026-03-02 17:01:56,069|line:537| -=-=-=-=处理回最初的动态-=-=-=-=
2026-03-02 17:02:05,405|line:475| 转发成功 1175242746039894018
2026-03-02 17:02:08,885|line:494| 评论发送成功
2026-03-02 17:02:11,898|line:424| 1681276938 === 已经关注了
2026-03-02 17:02:15,260|line:503| 动态-点赞 OK
2026-03-02 17:02:17,260|line:519| https://t.bilibili.com/1174283675506835478
2026-03-02 17:02:17,261|line:521| 已有
2026-03-02 17:02:17,261|line:519| https://t.bilibili.com/1169917626553466899
2026-03-02 17:02:17,261|line:521| 已有
2026-03-02 17:02:17,261|line:519| https://t.bilibili.com/1158766847743492101
2026-03-02 17:02:17,261|line:521| 已有
2026-03-02 17:02:17,261|line:519| https://t.bilibili.com/1172814695768260630
2026-03-02 17:02:17,261|line:521| 已有
2026-03-02 17:02:17,262|line:519| https://t.bilibili.com/1174864312140824582
2026-03-02 17:02:21,829|line:341| =========此为源动态=========
2026-03-02 17:02:25,424|line:362| *********子动态开始*********
2026-03-02 17:02:25,425|line:381| *********子动态结束*********
2026-03-02 17:02:25,425|line:537| -=-=-=-=处理回最初的动态-=-=-=-=
2026-03-02 17:02:34,834|line:475| 转发成功 1175242870565634088
2026-03-02 17:02:38,309|line:494| 评论发送成功
2026-03-02 17:02:39,697|line:424| 100680137 === 已经关注了
2026-03-02 17:02:43,065|line:503| 动态-点赞 OK
2026-03-02 17:02:46,066|line:519| https://t.bilibili.com/1175091034904854545
2026-03-02 17:02:50,450|line:341| =========此为源动态=========
2026-03-02 17:02:52,999|line:362| *********子动态开始*********
2026-03-02 17:02:53,000|line:381| *********子动态结束*********
2026-03-02 17:02:53,000|line:537| -=-=-=-=处理回最初的动态-=-=-=-=
2026-03-02 17:03:03,248|line:475| 转发成功 1175242990853029891
2026-03-02 17:03:06,658|line:494| 评论发送成功
2026-03-02 17:03:11,045|line:424| 1630529821 === 已经关注了
2026-03-02 17:03:14,409|line:503| 动态-点赞 OK
2026-03-02 17:03:18,410|line:519| https://t.bilibili.com/1168149139405406229
2026-03-02 17:03:19,761|line:526| 官方 或 预约 OUT！
2026-03-02 17:03:19,761|line:519| https://t.bilibili.com/1166228079961440262
2026-03-02 17:03:22,104|line:526| 官方 或 预约 OUT！
2026-03-02 17:03:22,104|line:519| https://t.bilibili.com/1175014837894250497
2026-03-02 17:03:25,446|line:341| =========此为源动态=========
2026-03-02 17:03:28,009|line:362| *********子动态开始*********
2026-03-02 17:03:28,010|line:381| *********子动态结束*********
2026-03-02 17:03:28,010|line:537| -=-=-=-=处理回最初的动态-=-=-=-=
2026-03-02 17:03:39,248|line:475| 转发成功 1175243149761576960
2026-03-02 17:03:42,638|line:494| 评论发送成功
2026-03-02 17:03:47,391|line:436| 关注 ==== 477318199 0
2026-03-02 17:03:50,720|line:503| 动态-点赞 OK
2026-03-02 17:03:51,721|line:519| https://t.bilibili.com/1175105100892340229
2026-03-02 17:03:54,065|line:341| =========此为源动态=========
2026-03-02 17:03:58,641|line:362| *********子动态开始*********
2026-03-02 17:03:58,641|line:381| *********子动态结束*********
2026-03-02 17:03:58,642|line:537| -=-=-=-=处理回最初的动态-=-=-=-=
2026-03-02 17:04:07,023|line:475| 转发成功 1175243265717305348
2026-03-02 17:04:10,505|line:494| 评论发送成功
2026-03-02 17:04:14,914|line:424| 646934385 === 已经关注了
2026-03-02 17:04:18,257|line:503| 动态-点赞 OK
2026-03-02 17:04:19,258|line:519| https://t.bilibili.com/1174493506192801792
2026-03-02 17:04:19,258|line:521| 已有
2026-03-02 17:04:19,258|line:519| https://t.bilibili.com/1160695296654573584
2026-03-02 17:04:21,599|line:526| 官方 或 预约 OUT！
2026-03-02 17:04:21,600|line:519| https://t.bilibili.com/1174835269617057800
2026-03-02 17:04:24,047|line:341| =========此为源动态=========
2026-03-02 17:04:28,560|line:362| *********子动态开始*********
2026-03-02 17:04:28,561|line:381| *********子动态结束*********
2026-03-02 17:04:28,561|line:537| -=-=-=-=处理回最初的动态-=-=-=-=
2026-03-02 17:04:39,831|line:475| 转发成功 1175243407470100483
2026-03-02 17:04:43,220|line:494| 评论发送成功
2026-03-02 17:04:49,992|line:436| 关注 ==== 27752387 0
2026-03-02 17:04:53,319|line:503| 动态-点赞 OK
2026-03-02 17:04:55,320|line:519| https://t.bilibili.com/1174220629724889109
2026-03-02 17:04:55,320|line:521| 已有
2026-03-02 17:04:55,320|line:519| https://t.bilibili.com/1164984693400010770
2026-03-02 17:04:57,627|line:526| 官方 或 预约 OUT！
2026-03-02 17:04:57,627|line:519| https://t.bilibili.com/1174122945009680421
2026-03-02 17:04:57,627|line:521| 已有
2026-03-02 17:04:57,627|line:552| 执行结束
2026-03-02 17:04:57,627|line:558| ==================================================2026-03-03 01:04==================================================
2026-03-02 17:04:57,628|line:232| processing article 46385341
2026-03-02 17:05:00,247|line:507| ==================================================2026-03-03 01:05==================================================
2026-03-02 17:05:00,248|line:519| https://t.bilibili.com/1175166626309341189
2026-03-02 17:05:04,609|line:526| 官方 或 预约 OUT！
2026-03-02 17:05:04,609|line:519| https://t.bilibili.com/1175120511242338337
2026-03-02 17:05:07,953|line:341| =========此为源动态=========
2026-03-02 17:05:09,477|line:362| *********子动态开始*********
2026-03-02 17:05:09,477|line:381| *********子动态结束*********
2026-03-02 17:05:09,478|line:537| -=-=-=-=处理回最初的动态-=-=-=-=
2026-03-02 17:05:18,724|line:475| 转发成功 1175243574987456552
2026-03-02 17:05:22,134|line:494| 评论发送成功
2026-03-02 17:05:25,549|line:424| 1024366005 === 已经关注了
2026-03-02 17:05:28,916|line:503| 动态-点赞 OK
2026-03-02 17:05:30,917|line:519| https://t.bilibili.com/1158766847743492101
2026-03-02 17:05:30,917|line:521| 已有
2026-03-02 17:05:30,917|line:519| https://t.bilibili.com/1175153019861336066
2026-03-02 17:05:33,234|line:526| 官方 或 预约 OUT！
2026-03-02 17:05:33,234|line:519| https://t.bilibili.com/1175091034904854545
2026-03-02 17:05:33,235|line:521| 已有
2026-03-02 17:05:33,235|line:519| https://t.bilibili.com/1175136780582649862
2026-03-02 17:05:35,544|line:336| =========此为子动态=========
2026-03-02 17:05:38,967|line:387| *************原动态处理开始***************
2026-03-02 17:05:44,767|line:475| 转发成功 1175243686628294672
2026-03-02 17:05:48,252|line:494| 评论发送成功
2026-03-02 17:05:50,676|line:424| 306455387 === 已经关注了
2026-03-02 17:05:54,080|line:503| 动态-点赞 OK
2026-03-02 17:05:54,080|line:396| *************原动态处理完成***************
2026-03-02 17:05:58,625|line:362| *********子动态开始*********
2026-03-02 17:06:08,001|line:475| 转发成功 1175243785431416839
2026-03-02 17:06:11,361|line:494| 评论发送成功
2026-03-02 17:06:15,061|line:424| 1221637505 === 已经关注了
2026-03-02 17:06:15,061|line:376| ----完成一个子动态----
2026-03-02 17:06:22,444|line:475| 转发成功 1175243849848586249
2026-03-02 17:06:25,861|line:494| 评论发送成功
2026-03-02 17:06:34,576|line:424| 476645168 === 已经关注了
2026-03-02 17:06:34,576|line:376| ----完成一个子动态----
2026-03-02 17:06:45,037|line:475| 转发成功 1175243944324235289
2026-03-02 17:06:48,425|line:494| 评论发送成功
2026-03-02 17:06:53,157|line:424| 1694196506 === 已经关注了
2026-03-02 17:06:53,157|line:376| ----完成一个子动态----
2026-03-02 17:06:53,158|line:381| *********子动态结束*********
2026-03-02 17:06:57,158|line:519| https://t.bilibili.com/1175128671727386629
2026-03-02 17:07:00,564|line:341| =========此为源动态=========
2026-03-02 17:07:04,111|line:362| *********子动态开始*********
2026-03-02 17:07:04,111|line:381| *********子动态结束*********
2026-03-02 17:07:04,111|line:537| -=-=-=-=处理回最初的动态-=-=-=-=
2026-03-02 17:07:13,339|line:475| 转发成功 1175244068889821193
2026-03-02 17:07:16,770|line:494| 评论发送成功
2026-03-02 17:07:23,525|line:436| 关注 ==== 239748800 0
2026-03-02 17:07:26,887|line:503| 动态-点赞 OK
2026-03-02 17:07:29,888|line:519| https://t.bilibili.com/1175179090319114246
2026-03-02 17:07:31,234|line:341| =========此为源动态=========
2026-03-02 17:07:33,817|line:362| *********子动态开始*********
2026-03-02 17:07:33,818|line:381| *********子动态结束*********
2026-03-02 17:07:33,818|line:537| -=-=-=-=处理回最初的动态-=-=-=-=
2026-03-02 17:07:41,048|line:475| 转发成功 1175244184856035330
2026-03-02 17:07:44,462|line:494| 评论发送成功
2026-03-02 17:07:48,006|line:424| 65521332 === 已经关注了
2026-03-02 17:07:51,337|line:503| 动态-点赞 OK
2026-03-02 17:07:52,338|line:519| https://t.bilibili.com/1174820851386679301
2026-03-02 17:07:53,665|line:341| =========此为源动态=========
2026-03-02 17:07:56,310|line:362| *********子动态开始*********
2026-03-02 17:07:56,310|line:381| *********子动态结束*********
2026-03-02 17:07:56,310|line:537| -=-=-=-=处理回最初的动态-=-=-=-=
2026-03-02 17:08:05,737|line:475| 转发成功 1175244292200857625
2026-03-02 17:08:09,105|line:548| 'NoneType' object is not subscriptable
2026-03-02 17:08:09,106|line:549| error line:541
2026-03-02 17:08:10,106|line:519| https://t.bilibili.com/1168149139405406229
2026-03-02 17:08:11,511|line:526| 官方 或 预约 OUT！
2026-03-02 17:08:11,511|line:519| https://t.bilibili.com/1175162747985330183
2026-03-02 17:08:12,821|line:341| =========此为源动态=========
2026-03-02 17:08:14,212|line:362| *********子动态开始*********
2026-03-02 17:08:14,212|line:381| *********子动态结束*********
2026-03-02 17:08:14,213|line:537| -=-=-=-=处理回最初的动态-=-=-=-=
2026-03-02 17:08:26,477|line:475| 转发成功 1175244382438162434
2026-03-02 17:08:29,881|line:494| 评论发送成功
2026-03-02 17:08:34,302|line:424| 178386544 === 已经关注了
2026-03-02 17:08:37,676|line:503| 动态-点赞 OK
2026-03-02 17:08:40,676|line:519| https://t.bilibili.com/1175041206860644360
2026-03-02 17:08:42,044|line:341| =========此为源动态=========
2026-03-02 17:08:46,587|line:362| *********子动态开始*********
2026-03-02 17:08:46,588|line:381| *********子动态结束*********
2026-03-02 17:08:46,588|line:537| -=-=-=-=处理回最初的动态-=-=-=-=
2026-03-02 17:08:55,846|line:475| 转发成功 1175244506984874003
2026-03-02 17:08:59,289|line:494| 评论发送成功
2026-03-02 17:09:00,682|line:424| 256497773 === 已经关注了
2026-03-02 17:09:04,046|line:503| 动态-点赞 OK
2026-03-02 17:09:07,047|line:519| https://t.bilibili.com/1174835269617057800
2026-03-02 17:09:07,047|line:521| 已有
2026-03-02 17:09:07,047|line:519| https://t.bilibili.com/1175134061853671496
2026-03-02 17:09:10,391|line:341| =========此为源动态=========
2026-03-02 17:09:12,136|line:362| *********子动态开始*********
2026-03-02 17:09:12,136|line:381| *********子动态结束*********
2026-03-02 17:09:12,137|line:537| -=-=-=-=处理回最初的动态-=-=-=-=
2026-03-02 17:09:20,473|line:475| 转发成功 1175244614373736500
2026-03-02 17:09:24,005|line:494| 评论发送成功
2026-03-02 17:09:28,388|line:424| 3850213 === 已经关注了
2026-03-02 17:09:31,750|line:503| 动态-点赞 OK
2026-03-02 17:09:34,751|line:519| https://t.bilibili.com/1175134255181725751
2026-03-02 17:09:37,065|line:341| =========此为源动态=========
2026-03-02 17:09:39,604|line:362| *********子动态开始*********
2026-03-02 17:09:39,605|line:381| *********子动态结束*********
2026-03-02 17:09:39,605|line:537| -=-=-=-=处理回最初的动态-=-=-=-=
2026-03-02 17:09:47,905|line:475| 转发成功 1175244730298007573
2026-03-02 17:09:51,330|line:494| 评论发送成功
2026-03-02 17:09:52,747|line:424| 577730079 === 已经关注了
2026-03-02 17:09:56,117|line:503| 动态-点赞 OK
2026-03-02 17:09:58,117|line:519| https://t.bilibili.com/1175136419834757124
2026-03-02 17:09:58,118|line:521| 已有
2026-03-02 17:09:58,118|line:519| https://t.bilibili.com/1175126247175356424
2026-03-02 17:10:00,439|line:341| =========此为源动态=========
2026-03-02 17:10:04,990|line:362| *********子动态开始*********
2026-03-02 17:10:04,990|line:381| *********子动态结束*********
2026-03-02 17:10:04,990|line:537| -=-=-=-=处理回最初的动态-=-=-=-=
2026-03-02 17:10:16,228|line:475| 转发成功 1175244854830039044
2026-03-02 17:10:19,602|line:494| 评论发送成功
2026-03-02 17:10:21,985|line:424| 17236262 === 已经关注了
2026-03-02 17:10:25,440|line:503| 动态-点赞 OK
2026-03-02 17:10:29,441|line:519| https://t.bilibili.com/1175141689773260809
2026-03-02 17:10:29,441|line:521| 已有
2026-03-02 17:10:29,441|line:519| https://t.bilibili.com/1175134946674606102
2026-03-02 17:10:32,756|line:526| 官方 或 预约 OUT！
2026-03-02 17:10:32,756|line:519| https://t.bilibili.com/1174864312140824582
2026-03-02 17:10:32,757|line:521| 已有
2026-03-02 17:10:32,757|line:519| https://t.bilibili.com/1174663518178246656
2026-03-02 17:10:34,098|line:526| 官方 或 预约 OUT！
2026-03-02 17:10:34,099|line:519| https://t.bilibili.com/1175128499917160464
2026-03-02 17:10:35,428|line:526| 官方 或 预约 OUT！
2026-03-02 17:10:35,428|line:519| https://t.bilibili.com/1175014837894250497
2026-03-02 17:10:35,428|line:521| 已有
2026-03-02 17:10:35,428|line:519| https://t.bilibili.com/1175105100892340229
2026-03-02 17:10:35,429|line:521| 已有
2026-03-02 17:10:35,429|line:519| https://t.bilibili.com/1175159127337336833
2026-03-02 17:10:37,770|line:341| =========此为源动态=========
2026-03-02 17:10:42,145|line:362| *********子动态开始*********
2026-03-02 17:10:42,145|line:381| *********子动态结束*********
2026-03-02 17:10:42,145|line:537| -=-=-=-=处理回最初的动态-=-=-=-=
2026-03-02 17:10:52,390|line:475| 转发成功 1175245009507581955
2026-03-02 17:10:55,803|line:494| 评论发送成功
2026-03-02 17:11:02,610|line:436| 关注 ==== 8942706 0
2026-03-02 17:11:05,942|line:503| 动态-点赞 OK
2026-03-02 17:11:08,943|line:519| https://t.bilibili.com/1175103365739184133
2026-03-02 17:11:13,291|line:341| =========此为源动态=========
2026-03-02 17:11:14,895|line:362| *********子动态开始*********
2026-03-02 17:11:14,895|line:381| *********子动态结束*********
2026-03-02 17:11:14,895|line:537| -=-=-=-=处理回最初的动态-=-=-=-=
2026-03-02 17:11:24,190|line:475| 转发成功 1175245146929758217
2026-03-02 17:11:27,577|line:548| 'NoneType' object is not subscriptable
2026-03-02 17:11:27,578|line:549| error line:541
2026-03-02 17:11:29,578|line:519| https://t.bilibili.com/1174837382695878664
2026-03-02 17:11:33,925|line:526| 官方 或 预约 OUT！
2026-03-02 17:11:33,926|line:519| https://t.bilibili.com/1175026992651698197
2026-03-02 17:11:36,271|line:341| =========此为源动态=========
2026-03-02 17:11:40,814|line:362| *********子动态开始*********
2026-03-02 17:11:40,814|line:381| *********子动态结束*********
2026-03-02 17:11:40,814|line:537| -=-=-=-=处理回最初的动态-=-=-=-=
2026-03-02 17:11:50,128|line:475| 转发成功 1175245258565353477
2026-03-02 17:11:53,524|line:494| 评论发送成功
2026-03-02 17:11:55,967|line:424| 1274986140 === 已经关注了
2026-03-02 17:11:59,335|line:503| 动态-点赞 OK
2026-03-02 17:12:01,335|line:519| https://t.bilibili.com/1175079932421734400
2026-03-02 17:12:05,683|line:336| =========此为子动态=========
2026-03-02 17:12:08,153|line:387| *************原动态处理开始***************
2026-03-02 17:12:12,961|line:475| 转发成功 1175245353095528467
2026-03-02 17:12:16,396|line:494| 评论发送成功
2026-03-02 17:12:18,784|line:424| 156534782 === 已经关注了
2026-03-02 17:12:22,188|line:503| 动态-点赞 OK
2026-03-02 17:12:22,189|line:396| *************原动态处理完成***************
2026-03-02 17:12:25,733|line:362| *********子动态开始*********
2026-03-02 17:12:34,169|line:475| 转发成功 1175245447576420354
2026-03-02 17:12:37,574|line:494| 评论发送成功
2026-03-02 17:12:40,391|line:424| 396808737 === 已经关注了
2026-03-02 17:12:40,391|line:376| ----完成一个子动态----
2026-03-02 17:12:40,392|line:381| *********子动态结束*********
2026-03-02 17:12:43,393|line:519| https://t.bilibili.com/1174994821164564483
2026-03-02 17:12:47,708|line:341| =========此为源动态=========
2026-03-02 17:12:49,102|line:362| *********子动态开始*********
2026-03-02 17:12:49,102|line:381| *********子动态结束*********
2026-03-02 17:12:49,102|line:537| -=-=-=-=处理回最初的动态-=-=-=-=
2026-03-02 17:13:00,342|line:475| 转发成功 1175245559210967044
2026-03-02 17:13:03,731|line:494| 评论发送成功
2026-03-02 17:13:06,135|line:424| 483980557 === 已经关注了
2026-03-02 17:13:09,511|line:503| 动态-点赞 OK
2026-03-02 17:13:11,512|line:519| https://t.bilibili.com/1175143764231979026
2026-03-02 17:13:15,850|line:341| =========此为源动态=========
2026-03-02 17:13:19,363|line:362| *********子动态开始*********
2026-03-02 17:13:19,363|line:381| *********子动态结束*********
2026-03-02 17:13:19,364|line:537| -=-=-=-=处理回最初的动态-=-=-=-=
2026-03-02 17:13:30,684|line:475| 转发成功 1175245688080957444
2026-03-02 17:13:34,127|line:494| 评论发送成功
2026-03-02 17:13:37,523|line:424| 383666009 === 已经关注了
2026-03-02 17:13:40,853|line:503| 动态-点赞 OK
2026-03-02 17:13:41,853|line:519| https://t.bilibili.com/1175180363810471945
2026-03-02 17:13:44,198|line:341| =========此为源动态=========
2026-03-02 17:13:48,780|line:362| *********子动态开始*********
2026-03-02 17:13:48,781|line:381| *********子动态结束*********
2026-03-02 17:13:48,781|line:537| -=-=-=-=处理回最初的动态-=-=-=-=
2026-03-02 17:13:59,038|line:475| 转发成功 1175245808334798869
2026-03-02 17:14:02,459|line:494| 评论发送成功
2026-03-02 17:14:06,916|line:424| 1790756206 === 已经关注了
2026-03-02 17:14:10,256|line:503| 动态-点赞 OK
2026-03-02 17:14:11,256|line:519| https://t.bilibili.com/1175008614495027203
2026-03-02 17:14:12,748|line:341| =========此为源动态=========
2026-03-02 17:14:14,301|line:362| *********子动态开始*********
2026-03-02 17:14:14,301|line:381| *********子动态结束*********
2026-03-02 17:14:14,302|line:537| -=-=-=-=处理回最初的动态-=-=-=-=
2026-03-02 17:14:22,576|line:475| 转发成功 1175245911405625348
2026-03-02 17:14:25,983|line:494| 评论发送成功
2026-03-02 17:14:28,398|line:424| 3546391102097741 === 已经关注了
2026-03-02 17:14:31,729|line:503| 动态-点赞 OK
2026-03-02 17:14:33,730|line:519| https://t.bilibili.com/1175100823102816262
2026-03-02 17:14:38,044|line:526| 官方 或 预约 OUT！
2026-03-02 17:14:38,045|line:519| https://t.bilibili.com/1175120734571200537
2026-03-02 17:14:41,361|line:341| =========此为源动态=========
2026-03-02 17:14:43,875|line:362| *********子动态开始*********
2026-03-02 17:14:43,875|line:381| *********子动态结束*********
2026-03-02 17:14:43,876|line:537| -=-=-=-=处理回最初的动态-=-=-=-=
2026-03-02 17:14:52,230|line:475| 转发成功 1175246040274567169
2026-03-02 17:14:55,662|line:494| 评论发送成功
2026-03-02 17:14:58,112|line:424| 1750535730 === 已经关注了
2026-03-02 17:15:01,460|line:503| 动态-点赞 OK
2026-03-02 17:15:04,460|line:519| https://t.bilibili.com/1175125261506576400
2026-03-02 17:15:08,861|line:526| 官方 或 预约 OUT！
2026-03-02 17:15:08,862|line:519| https://t.bilibili.com/1160695296654573584
2026-03-02 17:15:10,203|line:526| 官方 或 预约 OUT！
2026-03-02 17:15:10,204|line:519| https://t.bilibili.com/1175105367224352771
2026-03-02 17:15:14,563|line:341| =========此为源动态=========
2026-03-02 17:15:16,076|line:362| *********子动态开始*********
2026-03-02 17:15:16,076|line:381| *********子动态结束*********
2026-03-02 17:15:16,076|line:537| -=-=-=-=处理回最初的动态-=-=-=-=
2026-03-02 17:15:23,353|line:475| 转发成功 1175246173418553346
2026-03-02 17:15:26,911|line:494| 评论发送成功
2026-03-02 17:15:32,713|line:436| 关注 ==== 3546727481084009 0
2026-03-02 17:15:36,076|line:503| 动态-点赞 OK
2026-03-02 17:15:40,076|line:519| https://t.bilibili.com/1175101278369349638
2026-03-02 17:15:42,480|line:526| 官方 或 预约 OUT！
2026-03-02 17:15:42,480|line:519| https://t.bilibili.com/1175131918693302281
2026-03-02 17:15:43,832|line:526| 官方 或 预约 OUT！
2026-03-02 17:15:43,832|line:519| https://t.bilibili.com/1175018986805395463
2026-03-02 17:15:46,147|line:526| 官方 或 预约 OUT！
2026-03-02 17:15:46,147|line:519| https://t.bilibili.com/1175010873648873479
2026-03-02 17:15:50,492|line:341| =========此为源动态=========
2026-03-02 17:15:55,033|line:362| *********子动态开始*********
2026-03-02 17:15:55,034|line:381| *********子动态结束*********
2026-03-02 17:15:55,034|line:537| -=-=-=-=处理回最初的动态-=-=-=-=
2026-03-02 17:16:03,345|line:475| 转发成功 1175246345232973826
2026-03-02 17:16:06,736|line:494| 评论发送成功
2026-03-02 17:16:10,159|line:424| 1676248821 === 已经关注了
2026-03-02 17:16:13,526|line:503| 动态-点赞 OK
2026-03-02 17:16:17,527|line:519| https://t.bilibili.com/1174996897796980745
2026-03-02 17:16:21,870|line:341| =========此为源动态=========
2026-03-02 17:16:26,404|line:362| *********子动态开始*********
2026-03-02 17:16:26,404|line:381| *********子动态结束*********
2026-03-02 17:16:26,404|line:537| -=-=-=-=处理回最初的动态-=-=-=-=
2026-03-02 17:16:34,806|line:475| 转发成功 1175246478374862868
2026-03-02 17:16:38,267|line:494| 评论发送成功
2026-03-02 17:16:42,912|line:424| 1521701206 === 已经关注了
2026-03-02 17:16:46,300|line:503| 动态-点赞 OK
2026-03-02 17:16:49,300|line:519| https://t.bilibili.com/1169917626553466899
2026-03-02 17:16:49,301|line:521| 已有
2026-03-02 17:16:49,301|line:519| https://t.bilibili.com/1175018205156999170
2026-03-02 17:16:52,617|line:341| =========此为源动态=========
2026-03-02 17:16:56,159|line:362| *********子动态开始*********
2026-03-02 17:16:56,159|line:381| *********子动态结束*********
2026-03-02 17:16:56,159|line:537| -=-=-=-=处理回最初的动态-=-=-=-=
2026-03-02 17:17:06,445|line:475| 转发成功 1175246615814864903
2026-03-02 17:17:09,840|line:494| 评论发送成功
2026-03-02 17:17:12,248|line:424| 3546710322186667 === 已经关注了
2026-03-02 17:17:15,612|line:503| 动态-点赞 OK
2026-03-02 17:17:17,613|line:519| https://t.bilibili.com/1175104263373717504
2026-03-02 17:17:20,991|line:341| =========此为源动态=========
2026-03-02 17:17:24,525|line:362| *********子动态开始*********
2026-03-02 17:17:24,525|line:381| *********子动态结束*********
2026-03-02 17:17:24,525|line:537| -=-=-=-=处理回最初的动态-=-=-=-=
2026-03-02 17:17:33,927|line:475| 转发成功 1175246731760107539
2026-03-02 17:17:37,373|line:494| 评论发送成功
2026-03-02 17:17:41,765|line:424| 100680137 === 已经关注了
2026-03-02 17:17:45,128|line:503| 动态-点赞 OK
2026-03-02 17:17:48,129|line:519| https://t.bilibili.com/1175132743342751784
2026-03-02 17:17:49,505|line:341| =========此为源动态=========
2026-03-02 17:17:51,851|line:362| *********子动态开始*********
2026-03-02 17:17:51,852|line:381| *********子动态结束*********
2026-03-02 17:17:51,852|line:537| -=-=-=-=处理回最初的动态-=-=-=-=
2026-03-02 17:18:02,059|line:475| 转发成功 1175246852022337541
2026-03-02 17:18:05,471|line:494| 评论发送成功
2026-03-02 17:18:06,900|line:424| 306152551 === 已经关注了
2026-03-02 17:18:10,234|line:503| 动态-点赞 OK
2026-03-02 17:18:14,234|line:519| https://t.bilibili.com/1175029913202196515
2026-03-02 17:18:16,561|line:526| 官方 或 预约 OUT！
2026-03-02 17:18:16,561|line:519| https://t.bilibili.com/1175089918232231940
2026-03-02 17:18:20,918|line:341| =========此为源动态=========
2026-03-02 17:18:22,638|line:362| *********子动态开始*********
2026-03-02 17:18:22,638|line:381| *********子动态结束*********
2026-03-02 17:18:22,638|line:537| -=-=-=-=处理回最初的动态-=-=-=-=
2026-03-02 17:18:29,892|line:475| 转发成功 1175246972289810455
2026-03-02 17:18:33,313|line:494| 评论发送成功
2026-03-02 17:18:37,706|line:424| 3494379016686375 === 已经关注了
2026-03-02 17:18:41,050|line:503| 动态-点赞 OK
2026-03-02 17:18:42,050|line:519| https://t.bilibili.com/1175041206816604160
2026-03-02 17:18:43,370|line:341| =========此为源动态=========
2026-03-02 17:18:44,939|line:362| *********子动态开始*********
2026-03-02 17:18:44,939|line:381| *********子动态结束*********
2026-03-02 17:18:44,939|line:537| -=-=-=-=处理回最初的动态-=-=-=-=
2026-03-02 17:18:53,203|line:475| 转发成功 1175247075365879814
2026-03-02 17:18:56,696|line:494| 评论发送成功
2026-03-02 17:18:59,111|line:424| 1902330279 === 已经关注了
2026-03-02 17:19:02,451|line:503| 动态-点赞 OK
2026-03-02 17:19:03,452|line:519| https://t.bilibili.com/1175113686528819217
2026-03-02 17:19:07,894|line:341| =========此为源动态=========
2026-03-02 17:19:10,463|line:362| *********子动态开始*********
2026-03-02 17:19:10,463|line:381| *********子动态结束*********
2026-03-02 17:19:10,463|line:537| -=-=-=-=处理回最初的动态-=-=-=-=
2026-03-02 17:19:20,702|line:475| 转发成功 1175247191334191128
2026-03-02 17:19:24,126|line:494| 评论发送成功
2026-03-02 17:19:26,585|line:424| 79955050 === 已经关注了
2026-03-02 17:19:29,950|line:503| 动态-点赞 OK
2026-03-02 17:19:31,951|line:519| https://t.bilibili.com/1175010283083530244
2026-03-02 17:19:34,266|line:341| =========此为源动态=========
2026-03-02 17:19:35,691|line:362| *********子动态开始*********
2026-03-02 17:19:35,692|line:381| *********子动态结束*********
2026-03-02 17:19:35,692|line:537| -=-=-=-=处理回最初的动态-=-=-=-=
2026-03-02 17:19:46,084|line:475| 转发成功 1175247298713616433
2026-03-02 17:19:49,510|line:494| 评论发送成功
2026-03-02 17:19:52,925|line:424| 1750535730 === 已经关注了
2026-03-02 17:19:56,289|line:503| 动态-点赞 OK
2026-03-02 17:19:58,290|line:519| https://t.bilibili.com/1175127915765956610
2026-03-02 17:19:58,290|line:521| 已有
2026-03-02 17:19:58,291|line:519| https://t.bilibili.com/1175035956255784965
2026-03-02 17:20:00,663|line:341| =========此为源动态=========
2026-03-02 17:20:02,180|line:362| *********子动态开始*********
2026-03-02 17:20:02,180|line:381| *********子动态结束*********
2026-03-02 17:20:02,181|line:537| -=-=-=-=处理回最初的动态-=-=-=-=
2026-03-02 17:20:14,404|line:475| 转发成功 1175247423273959426
2026-03-02 17:20:17,886|line:494| 评论发送成功
2026-03-02 17:20:20,329|line:424| 1079598477 === 已经关注了
2026-03-02 17:20:23,695|line:503| 动态-点赞 OK
2026-03-02 17:20:25,696|line:519| https://t.bilibili.com/1164984693400010770
2026-03-02 17:20:27,011|line:526| 官方 或 预约 OUT！
2026-03-02 17:20:27,012|line:552| 执行结束
2026-03-02 17:20:27,012|line:558| ==================================================2026-03-03 01:20==================================================
2026-03-02 17:20:27,012|line:232| processing article 46377030
2026-03-02 17:20:32,388|line:507| ==================================================2026-03-03 01:20==================================================
2026-03-02 17:20:32,388|line:519| https://t.bilibili.com/1165082171945254913
2026-03-02 17:20:35,765|line:526| 官方 或 预约 OUT！
2026-03-02 17:20:35,765|line:519| https://t.bilibili.com/1174339531572248583
2026-03-02 17:20:39,109|line:526| 官方 或 预约 OUT！
2026-03-02 17:20:39,109|line:519| https://t.bilibili.com/1158766847743492101
2026-03-02 17:20:39,110|line:521| 已有
2026-03-02 17:20:39,110|line:519| https://t.bilibili.com/1168149139405406229
2026-03-02 17:20:42,419|line:526| 官方 或 预约 OUT！
2026-03-02 17:20:42,419|line:519| https://t.bilibili.com/1168099931974533154
2026-03-02 17:20:46,728|line:526| 官方 或 预约 OUT！
2026-03-02 17:20:46,728|line:519| https://t.bilibili.com/1171703817526312979
2026-03-02 17:20:48,069|line:526| 官方 或 预约 OUT！
2026-03-02 17:20:48,069|line:519| https://t.bilibili.com/1170227834820493351
2026-03-02 17:20:50,477|line:526| 官方 或 预约 OUT！
2026-03-02 17:20:50,477|line:519| https://t.bilibili.com/1171408293734645783
2026-03-02 17:20:54,796|line:526| 官方 或 预约 OUT！
2026-03-02 17:20:54,796|line:519| https://t.bilibili.com/1165070674333532183
2026-03-02 17:20:57,142|line:526| 官方 或 预约 OUT！
2026-03-02 17:20:57,142|line:519| https://t.bilibili.com/1168720958483070995
2026-03-02 17:21:00,489|line:526| 官方 或 预约 OUT！
2026-03-02 17:21:00,490|line:519| https://t.bilibili.com/1167297730858450951
2026-03-02 17:21:03,833|line:526| 官方 或 预约 OUT！
2026-03-02 17:21:03,833|line:519| https://t.bilibili.com/1165238955419893797
2026-03-02 17:21:06,145|line:526| 官方 或 预约 OUT！
2026-03-02 17:21:06,146|line:519| https://t.bilibili.com/1169230513399922705
2026-03-02 17:21:09,501|line:526| 官方 或 预约 OUT！
2026-03-02 17:21:09,501|line:519| https://t.bilibili.com/1170140028500705282
2026-03-02 17:21:11,846|line:526| 官方 或 预约 OUT！
2026-03-02 17:21:11,847|line:519| https://t.bilibili.com/1142393178301661192
2026-03-02 17:21:14,162|line:526| 官方 或 预约 OUT！
2026-03-02 17:21:14,163|line:519| https://t.bilibili.com/1168711148754698263
2026-03-02 17:21:18,473|line:526| 官方 或 预约 OUT！
2026-03-02 17:21:18,473|line:519| https://t.bilibili.com/1171052064859488322
2026-03-02 17:21:19,783|line:526| 官方 或 预约 OUT！
2026-03-02 17:21:19,783|line:519| https://t.bilibili.com/1152517958096912393
2026-03-02 17:21:22,160|line:526| 官方 或 预约 OUT！
2026-03-02 17:21:22,160|line:519| https://t.bilibili.com/1157590039610261510
2026-03-02 17:21:26,479|line:526| 官方 或 预约 OUT！
2026-03-02 17:21:26,479|line:519| https://t.bilibili.com/1171683090007851011
2026-03-02 17:21:27,794|line:526| 官方 或 预约 OUT！
2026-03-02 17:21:27,794|line:519| https://t.bilibili.com/1169256905952985091
2026-03-02 17:21:30,113|line:526| 官方 或 预约 OUT！
2026-03-02 17:21:30,114|line:519| https://t.bilibili.com/1171045523629539335
2026-03-02 17:21:34,431|line:526| 官方 或 预约 OUT！
2026-03-02 17:21:34,431|line:519| https://t.bilibili.com/1147690474979459109
2026-03-02 17:21:38,775|line:526| 官方 或 预约 OUT！
2026-03-02 17:21:38,776|line:519| https://t.bilibili.com/1173619514661666840
2026-03-02 17:21:43,095|line:526| 官方 或 预约 OUT！
2026-03-02 17:21:43,096|line:519| https://t.bilibili.com/1169235594339942408
2026-03-02 17:21:46,441|line:526| 官方 或 预约 OUT！
2026-03-02 17:21:46,441|line:519| https://t.bilibili.com/1170217161862414355
2026-03-02 17:21:49,794|line:526| 官方 或 预约 OUT！
2026-03-02 17:21:49,794|line:519| https://t.bilibili.com/1173964804301258758
2026-03-02 17:21:54,240|line:526| 官方 或 预约 OUT！
2026-03-02 17:21:54,241|line:519| https://t.bilibili.com/1165872360078704643
2026-03-02 17:21:58,582|line:526| 官方 或 预约 OUT！
2026-03-02 17:21:58,583|line:519| https://t.bilibili.com/1170248141434257432
2026-03-02 17:22:01,931|line:526| 官方 或 预约 OUT！
2026-03-02 17:22:01,931|line:519| https://t.bilibili.com/1166109665587626002
2026-03-02 17:22:03,247|line:526| 官方 或 预约 OUT！
2026-03-02 17:22:03,247|line:519| https://t.bilibili.com/1173983861047033888
2026-03-02 17:22:04,595|line:526| 官方 或 预约 OUT！
2026-03-02 17:22:04,596|line:519| https://t.bilibili.com/1160695296654573584
2026-03-02 17:22:07,936|line:526| 官方 或 预约 OUT！
2026-03-02 17:22:07,936|line:519| https://t.bilibili.com/1164984693400010770
2026-03-02 17:22:10,251|line:526| 官方 或 预约 OUT！
2026-03-02 17:22:10,251|line:519| https://t.bilibili.com/1165037379778510850
2026-03-02 17:22:14,594|line:526| 官方 或 预约 OUT！
2026-03-02 17:22:14,594|line:519| https://t.bilibili.com/1169917626553466899
2026-03-02 17:22:14,594|line:521| 已有
2026-03-02 17:22:14,595|line:519| https://t.bilibili.com/1166262317293240326
2026-03-02 17:22:17,966|line:526| 官方 或 预约 OUT！
2026-03-02 17:22:17,966|line:519| https://t.bilibili.com/1166258739572899844
2026-03-02 17:22:19,346|line:526| 官方 或 预约 OUT！
2026-03-02 17:22:19,346|line:519| https://t.bilibili.com/1172915359076843537
2026-03-02 17:22:23,869|line:526| 官方 或 预约 OUT！
2026-03-02 17:22:23,869|line:552| 执行结束
2026-03-02 17:22:23,869|line:558| ==================================================2026-03-03 01:22==================================================
2026-03-02 17:22:23,869|line:232| processing article 46376915
2026-03-02 17:22:26,221|line:507| ==================================================2026-03-03 01:22==================================================
2026-03-02 17:22:26,221|line:519| https://t.bilibili.com/1174339531572248583
2026-03-02 17:22:29,567|line:526| 官方 或 预约 OUT！
2026-03-02 17:22:29,567|line:519| https://t.bilibili.com/1158766847743492101
2026-03-02 17:22:29,568|line:521| 已有
2026-03-02 17:22:29,568|line:519| https://t.bilibili.com/1164064707110240259
2026-03-02 17:22:32,887|line:526| 官方 或 预约 OUT！
2026-03-02 17:22:32,887|line:519| https://t.bilibili.com/1168149139405406229
2026-03-02 17:22:37,238|line:526| 官方 或 预约 OUT！
2026-03-02 17:22:37,238|line:519| https://t.bilibili.com/1173612161683947545
2026-03-02 17:22:37,238|line:521| 已有
2026-03-02 17:22:37,239|line:519| https://t.bilibili.com/1171677592444469253
2026-03-02 17:22:39,619|line:526| 官方 或 预约 OUT！
2026-03-02 17:22:39,619|line:519| https://t.bilibili.com/1173542493024682000
2026-03-02 17:22:41,924|line:526| 官方 或 预约 OUT！
2026-03-02 17:22:41,924|line:519| https://t.bilibili.com/1173985789472669752
2026-03-02 17:22:41,924|line:521| 已有
2026-03-02 17:22:41,924|line:519| https://t.bilibili.com/1171809748629061686
2026-03-02 17:22:43,232|line:526| 官方 或 预约 OUT！
2026-03-02 17:22:43,233|line:519| https://t.bilibili.com/1169256905952985091
2026-03-02 17:22:47,551|line:526| 官方 或 预约 OUT！
2026-03-02 17:22:47,551|line:519| https://t.bilibili.com/1165872360078704643
2026-03-02 17:22:51,899|line:526| 官方 或 预约 OUT！
2026-03-02 17:22:51,899|line:519| https://t.bilibili.com/1160695296654573584
2026-03-02 17:22:53,205|line:526| 官方 或 预约 OUT！
2026-03-02 17:22:53,206|line:519| https://t.bilibili.com/1166510381763395585
2026-03-02 17:22:54,609|line:526| 官方 或 预约 OUT！
2026-03-02 17:22:54,610|line:519| https://t.bilibili.com/1169917626553466899
2026-03-02 17:22:54,610|line:521| 已有
2026-03-02 17:22:54,610|line:519| https://t.bilibili.com/1174728178854264834
2026-03-02 17:22:54,610|line:521| 已有
2026-03-02 17:22:54,610|line:519| https://t.bilibili.com/1174356763029274649
2026-03-02 17:22:54,610|line:521| 已有
2026-03-02 17:22:54,611|line:519| https://t.bilibili.com/1173919384970723333
2026-03-02 17:22:56,961|line:526| 官方 或 预约 OUT！
2026-03-02 17:22:56,961|line:519| https://t.bilibili.com/1174756255063867394
2026-03-02 17:23:01,277|line:526| 官方 或 预约 OUT！
2026-03-02 17:23:01,277|line:519| https://t.bilibili.com/1164984693400010770
2026-03-02 17:23:05,587|line:526| 官方 或 预约 OUT！
2026-03-02 17:23:05,587|line:552| 执行结束
2026-03-02 17:23:05,587|line:558| ==================================================2026-03-03 01:23==================================================
2026-03-02 17:23:05,588|line:232| processing article 46354063
2026-03-02 17:23:10,855|line:507| ==================================================2026-03-03 01:23==================================================
2026-03-02 17:23:10,855|line:519| https://t.bilibili.com/1173974336935034915
2026-03-02 17:23:10,855|line:521| 已有
2026-03-02 17:23:10,855|line:519| https://t.bilibili.com/1173627748117118980
2026-03-02 17:23:10,855|line:521| 已有
2026-03-02 17:23:10,856|line:519| https://t.bilibili.com/1158766847743492101
2026-03-02 17:23:10,856|line:521| 已有
2026-03-02 17:23:10,856|line:519| https://t.bilibili.com/1170309870880030726
2026-03-02 17:23:10,856|line:521| 已有
2026-03-02 17:23:10,856|line:519| https://t.bilibili.com/1168149139405406229
2026-03-02 17:23:13,200|line:526| 官方 或 预约 OUT！
2026-03-02 17:23:13,201|line:519| https://t.bilibili.com/1173527318891593737
2026-03-02 17:23:13,201|line:521| 已有
2026-03-02 17:23:13,201|line:519| https://t.bilibili.com/1167294857481289753
2026-03-02 17:23:16,509|line:341| =========此为源动态=========
2026-03-02 17:23:20,093|line:362| *********子动态开始*********
2026-03-02 17:23:20,094|line:381| *********子动态结束*********
2026-03-02 17:23:20,094|line:537| -=-=-=-=处理回最初的动态-=-=-=-=
2026-03-02 17:23:30,442|line:475| 转发成功 1175248265073917961
2026-03-02 17:23:33,889|line:494| 评论发送成功
2026-03-02 17:23:38,309|line:424| 401259484 === 已经关注了
2026-03-02 17:23:41,637|line:503| 动态-点赞 OK
2026-03-02 17:23:43,637|line:519| https://t.bilibili.com/1174050733665812503
2026-03-02 17:23:45,114|line:526| 官方 或 预约 OUT！
2026-03-02 17:23:45,114|line:519| https://t.bilibili.com/1173971160818253824
2026-03-02 17:23:45,114|line:521| 已有
2026-03-02 17:23:45,114|line:519| https://t.bilibili.com/1162034226957123584
2026-03-02 17:23:49,452|line:526| 官方 或 预约 OUT！
2026-03-02 17:23:49,453|line:519| https://t.bilibili.com/1168825530145832982
2026-03-02 17:23:49,453|line:521| 已有
2026-03-02 17:23:49,453|line:519| https://t.bilibili.com/1169938785671053318
2026-03-02 17:23:49,453|line:521| 已有
2026-03-02 17:23:49,453|line:519| https://t.bilibili.com/1174020823568089125
2026-03-02 17:23:51,770|line:526| 官方 或 预约 OUT！
2026-03-02 17:23:51,770|line:519| https://t.bilibili.com/1168454444964118531
2026-03-02 17:23:51,770|line:521| 已有
2026-03-02 17:23:51,770|line:519| https://t.bilibili.com/1174021253056430086
2026-03-02 17:23:51,771|line:521| 已有
2026-03-02 17:23:51,771|line:519| https://t.bilibili.com/1173583419761754118
2026-03-02 17:23:51,771|line:521| 已有
2026-03-02 17:23:51,771|line:519| https://t.bilibili.com/1173526305292943377
2026-03-02 17:23:51,771|line:521| 已有
2026-03-02 17:23:51,771|line:519| https://t.bilibili.com/1169567700531281923
2026-03-02 17:23:51,771|line:521| 已有
2026-03-02 17:23:51,771|line:519| https://t.bilibili.com/1174493506192801792
2026-03-02 17:23:51,771|line:521| 已有
2026-03-02 17:23:51,772|line:519| https://t.bilibili.com/1173280749120389129
2026-03-02 17:23:51,772|line:521| 已有
2026-03-02 17:23:51,772|line:519| https://t.bilibili.com/1173619415895244823
2026-03-02 17:23:51,772|line:521| 已有
2026-03-02 17:23:51,772|line:519| https://t.bilibili.com/1173999022264811528
2026-03-02 17:23:56,117|line:526| 官方 或 预约 OUT！
2026-03-02 17:23:56,117|line:519| https://t.bilibili.com/1174393343251054612
2026-03-02 17:23:58,462|line:526| 官方 或 预约 OUT！
2026-03-02 17:23:58,463|line:519| https://t.bilibili.com/1173743141039112210
2026-03-02 17:23:58,463|line:521| 已有
2026-03-02 17:23:58,463|line:519| https://t.bilibili.com/1170296674593013769
2026-03-02 17:24:01,807|line:526| 官方 或 预约 OUT！
2026-03-02 17:24:01,807|line:519| https://t.bilibili.com/1170217099595874313
2026-03-02 17:24:01,807|line:521| 已有
2026-03-02 17:24:01,807|line:519| https://t.bilibili.com/1168725777436377093
2026-03-02 17:24:01,807|line:521| 已有
2026-03-02 17:24:01,807|line:519| https://t.bilibili.com/1170649516895895557
2026-03-02 17:24:01,808|line:521| 已有
2026-03-02 17:24:01,808|line:519| https://t.bilibili.com/1160695296654573584
2026-03-02 17:24:06,149|line:526| 官方 或 预约 OUT！
2026-03-02 17:24:06,150|line:519| https://t.bilibili.com/1173907943177846789
2026-03-02 17:24:06,150|line:521| 已有
2026-03-02 17:24:06,150|line:519| https://t.bilibili.com/1174015755497242647
2026-03-02 17:24:06,150|line:521| 已有
2026-03-02 17:24:06,150|line:519| https://t.bilibili.com/1167322551458725896
2026-03-02 17:24:07,467|line:341| =========此为源动态=========
2026-03-02 17:24:11,001|line:362| *********子动态开始*********
2026-03-02 17:24:11,001|line:381| *********子动态结束*********
2026-03-02 17:24:11,002|line:537| -=-=-=-=处理回最初的动态-=-=-=-=
2026-03-02 17:24:20,247|line:475| 转发成功 1175248479788728325
2026-03-02 17:24:23,834|line:494| 评论发送成功
2026-03-02 17:24:27,217|line:424| 1980678022 === 已经关注了
2026-03-02 17:24:30,581|line:503| 动态-点赞 OK
2026-03-02 17:24:32,582|line:519| https://t.bilibili.com/1173644833535819777
2026-03-02 17:24:36,902|line:526| 官方 或 预约 OUT！
2026-03-02 17:24:36,902|line:519| https://t.bilibili.com/1169917626553466899
2026-03-02 17:24:36,903|line:521| 已有
2026-03-02 17:24:36,903|line:519| https://t.bilibili.com/1173726729959637000
2026-03-02 17:24:40,269|line:526| 官方 或 预约 OUT！
2026-03-02 17:24:40,269|line:519| https://t.bilibili.com/1173606616904237073
2026-03-02 17:24:43,298|line:526| 官方 或 预约 OUT！
2026-03-02 17:24:43,298|line:519| https://t.bilibili.com/1173598851604414482
2026-03-02 17:24:46,611|line:526| 官方 或 预约 OUT！
2026-03-02 17:24:46,611|line:519| https://t.bilibili.com/1172056404268154885
2026-03-02 17:24:49,931|line:526| 官方 或 预约 OUT！
2026-03-02 17:24:49,932|line:519| https://t.bilibili.com/1172783772050915334
2026-03-02 17:24:49,932|line:521| 已有
2026-03-02 17:24:49,932|line:519| https://t.bilibili.com/1169196615333838868
2026-03-02 17:24:49,932|line:521| 已有
2026-03-02 17:24:49,932|line:519| https://t.bilibili.com/1164984693400010770
2026-03-02 17:24:52,279|line:526| 官方 或 预约 OUT！
2026-03-02 17:24:52,280|line:519| https://t.bilibili.com/1167331283104170021
2026-03-02 17:24:55,631|line:341| =========此为源动态=========
2026-03-02 17:24:58,175|line:362| *********子动态开始*********
2026-03-02 17:24:58,175|line:381| *********子动态结束*********
2026-03-02 17:24:58,176|line:537| -=-=-=-=处理回最初的动态-=-=-=-=
2026-03-02 17:25:08,295|line:475| 转发成功 1175248685970227200
2026-03-02 17:25:11,727|line:494| 评论发送成功
2026-03-02 17:25:16,140|line:424| 1536750746 === 已经关注了
2026-03-02 17:25:19,640|line:503| 动态-点赞 OK
2026-03-02 17:25:23,641|line:519| https://t.bilibili.com/1174122945009680421
2026-03-02 17:25:23,641|line:521| 已有
2026-03-02 17:25:23,641|line:552| 执行结束
2026-03-02 17:25:23,641|line:558| ==================================================2026-03-03 01:25==================================================
2026-03-02 17:25:23,642|line:232| processing article 46347099
2026-03-02 17:25:28,968|line:507| ==================================================2026-03-03 01:25==================================================
2026-03-02 17:25:28,968|line:519| https://t.bilibili.com/1158766847743492101
2026-03-02 17:25:28,968|line:521| 已有
2026-03-02 17:25:28,968|line:519| https://t.bilibili.com/1174794798117158916
2026-03-02 17:25:28,968|line:521| 已有
2026-03-02 17:25:28,968|line:519| https://t.bilibili.com/1168149139405406229
2026-03-02 17:25:32,278|line:526| 官方 或 预约 OUT！
2026-03-02 17:25:32,278|line:519| https://t.bilibili.com/1174440772586438695
2026-03-02 17:25:34,629|line:526| 官方 或 预约 OUT！
2026-03-02 17:25:34,629|line:519| https://t.bilibili.com/1174809353780199428
2026-03-02 17:25:34,630|line:521| 已有
2026-03-02 17:25:34,630|line:519| https://t.bilibili.com/1174735510402236420
2026-03-02 17:25:39,047|line:526| 官方 或 预约 OUT！
2026-03-02 17:25:39,048|line:519| https://t.bilibili.com/1174379212771950593
2026-03-02 17:25:39,048|line:521| 已有
2026-03-02 17:25:39,048|line:519| https://t.bilibili.com/1174279784307359764
2026-03-02 17:25:39,048|line:521| 已有
2026-03-02 17:25:39,048|line:519| https://t.bilibili.com/1174484579084402693
2026-03-02 17:25:39,048|line:521| 已有
2026-03-02 17:25:39,048|line:519| https://t.bilibili.com/1174360884007403525
2026-03-02 17:25:39,048|line:521| 已有
2026-03-02 17:25:39,049|line:519| https://t.bilibili.com/1174799471061499908
2026-03-02 17:25:39,049|line:521| 已有
2026-03-02 17:25:39,049|line:519| https://t.bilibili.com/1174406661941493763
2026-03-02 17:25:39,049|line:521| 已有
2026-03-02 17:25:39,049|line:519| https://t.bilibili.com/1174289744338616321
2026-03-02 17:25:39,049|line:521| 已有
2026-03-02 17:25:39,049|line:519| https://t.bilibili.com/1174639197931175940
2026-03-02 17:25:39,049|line:521| 已有
2026-03-02 17:25:39,050|line:519| https://t.bilibili.com/1174493506192801792
2026-03-02 17:25:39,050|line:521| 已有
2026-03-02 17:25:39,050|line:519| https://t.bilibili.com/1174299036482535462
2026-03-02 17:25:39,050|line:521| 已有
2026-03-02 17:25:39,050|line:519| https://t.bilibili.com/1174349706390667280
2026-03-02 17:25:39,050|line:521| 已有
2026-03-02 17:25:39,050|line:519| https://t.bilibili.com/1174036074978082853
2026-03-02 17:25:43,366|line:526| 官方 或 预约 OUT！
2026-03-02 17:25:43,366|line:519| https://t.bilibili.com/1174334502160302096
2026-03-02 17:25:43,366|line:521| 已有
2026-03-02 17:25:43,366|line:519| https://t.bilibili.com/1174644001847902211
2026-03-02 17:25:45,680|line:526| 官方 或 预约 OUT！
2026-03-02 17:25:45,681|line:519| https://t.bilibili.com/1174728552560459776
2026-03-02 17:25:45,681|line:521| 已有
2026-03-02 17:25:45,681|line:519| https://t.bilibili.com/1174670121655861255
2026-03-02 17:25:45,681|line:521| 已有
2026-03-02 17:25:45,681|line:519| https://t.bilibili.com/1174370365158195203
2026-03-02 17:25:45,681|line:521| 已有
2026-03-02 17:25:45,681|line:519| https://t.bilibili.com/1174772773548982272
2026-03-02 17:25:48,087|line:526| 官方 或 预约 OUT！
2026-03-02 17:25:48,088|line:519| https://t.bilibili.com/1160695296654573584
2026-03-02 17:25:52,544|line:526| 官方 或 预约 OUT！
2026-03-02 17:25:52,545|line:519| https://t.bilibili.com/1174644547267854352
2026-03-02 17:25:55,906|line:526| 官方 或 预约 OUT！
2026-03-02 17:25:55,906|line:519| https://t.bilibili.com/1174694995940081688
2026-03-02 17:25:59,312|line:526| 官方 或 预约 OUT！
2026-03-02 17:25:59,313|line:519| https://t.bilibili.com/1174447558608551937
2026-03-02 17:25:59,313|line:521| 已有
2026-03-02 17:25:59,313|line:519| https://t.bilibili.com/1164984693400010770
2026-03-02 17:26:02,621|line:526| 官方 或 预约 OUT！
2026-03-02 17:26:02,621|line:519| https://t.bilibili.com/1174591302568771587
2026-03-02 17:26:06,966|line:526| 官方 或 预约 OUT！
2026-03-02 17:26:06,966|line:519| https://t.bilibili.com/1169917626553466899
2026-03-02 17:26:06,966|line:521| 已有
2026-03-02 17:26:06,966|line:519| https://t.bilibili.com/1174781969049845776
2026-03-02 17:26:08,294|line:526| 官方 或 预约 OUT！
2026-03-02 17:26:08,294|line:519| https://t.bilibili.com/1174728178854264834
2026-03-02 17:26:08,294|line:521| 已有
2026-03-02 17:26:08,294|line:519| https://t.bilibili.com/1174670121688367109
2026-03-02 17:26:08,294|line:521| 已有
2026-03-02 17:26:08,295|line:519| https://t.bilibili.com/1174341455762685953
2026-03-02 17:26:08,295|line:521| 已有
2026-03-02 17:26:08,295|line:519| https://t.bilibili.com/1174731155289669635
2026-03-02 17:26:11,610|line:526| 官方 或 预约 OUT！
2026-03-02 17:26:11,611|line:519| https://t.bilibili.com/1174283228843868178
2026-03-02 17:26:11,611|line:521| 已有
2026-03-02 17:26:11,611|line:519| https://t.bilibili.com/1174728793072336915
2026-03-02 17:26:11,611|line:521| 已有
2026-03-02 17:26:11,611|line:519| https://t.bilibili.com/1174762892973572101
2026-03-02 17:26:11,611|line:521| 已有
2026-03-02 17:26:11,611|line:552| 执行结束
2026-03-02 17:26:11,612|line:558| ==================================================2026-03-03 01:26==================================================
2026-03-02 17:26:11,612|line:232| processing article 46341625
2026-03-02 17:26:13,887|line:507| ==================================================2026-03-03 01:26==================================================
2026-03-02 17:26:13,887|line:519| https://t.bilibili.com/1165082171945254913
2026-03-02 17:26:18,201|line:526| 官方 或 预约 OUT！
2026-03-02 17:26:18,201|line:519| https://t.bilibili.com/1158766847743492101
2026-03-02 17:26:18,201|line:521| 已有
2026-03-02 17:26:18,202|line:519| https://t.bilibili.com/1168149139405406229
2026-03-02 17:26:22,546|line:526| 官方 或 预约 OUT！
2026-03-02 17:26:22,546|line:519| https://t.bilibili.com/1168099931974533154
2026-03-02 17:26:26,890|line:526| 官方 或 预约 OUT！
2026-03-02 17:26:26,890|line:519| https://t.bilibili.com/1172915359076843537
2026-03-02 17:26:28,207|line:526| 官方 或 预约 OUT！
2026-03-02 17:26:28,208|line:519| https://t.bilibili.com/1171703817526312979
2026-03-02 17:26:29,552|line:526| 官方 或 预约 OUT！
2026-03-02 17:26:29,553|line:519| https://t.bilibili.com/1164991041379500032
2026-03-02 17:26:31,871|line:526| 官方 或 预约 OUT！
2026-03-02 17:26:31,871|line:519| https://t.bilibili.com/1170227834820493351
2026-03-02 17:26:33,181|line:526| 官方 或 预约 OUT！
2026-03-02 17:26:33,182|line:519| https://t.bilibili.com/1164341633731264513
2026-03-02 17:26:35,527|line:526| 官方 或 预约 OUT！
2026-03-02 17:26:35,527|line:519| https://t.bilibili.com/1174307954973736965
2026-03-02 17:26:39,884|line:526| 官方 或 预约 OUT！
2026-03-02 17:26:39,884|line:519| https://t.bilibili.com/1171408293734645783
2026-03-02 17:26:42,201|line:526| 官方 或 预约 OUT！
2026-03-02 17:26:42,202|line:519| https://t.bilibili.com/1165070674333532183
2026-03-02 17:26:45,549|line:526| 官方 或 预约 OUT！
2026-03-02 17:26:45,550|line:519| https://t.bilibili.com/1168720958483070995
2026-03-02 17:26:47,895|line:526| 官方 或 预约 OUT！
2026-03-02 17:26:47,896|line:519| https://t.bilibili.com/1167297730858450951
2026-03-02 17:26:50,215|line:526| 官方 或 预约 OUT！
2026-03-02 17:26:50,216|line:519| https://t.bilibili.com/1165238955419893797
2026-03-02 17:26:53,591|line:526| 官方 或 预约 OUT！
2026-03-02 17:26:53,592|line:519| https://t.bilibili.com/1173160301080608790
2026-03-02 17:26:55,944|line:526| 官方 或 预约 OUT！
2026-03-02 17:26:55,945|line:519| https://t.bilibili.com/1169230513399922705
2026-03-02 17:26:58,293|line:526| 官方 或 预约 OUT！
2026-03-02 17:26:58,294|line:519| https://t.bilibili.com/1170140028500705282
2026-03-02 17:27:00,615|line:526| 官方 或 预约 OUT！
2026-03-02 17:27:00,615|line:519| https://t.bilibili.com/1169627067733508121
2026-03-02 17:27:04,960|line:526| 官方 或 预约 OUT！
2026-03-02 17:27:04,960|line:519| https://t.bilibili.com/1142393178301661192
2026-03-02 17:27:06,266|line:526| 官方 或 预约 OUT！
2026-03-02 17:27:06,267|line:519| https://t.bilibili.com/1168711148754698263
2026-03-02 17:27:07,583|line:526| 官方 或 预约 OUT！
2026-03-02 17:27:07,583|line:519| https://t.bilibili.com/1171052064859488322
2026-03-02 17:27:11,967|line:526| 官方 或 预约 OUT！
2026-03-02 17:27:11,968|line:519| https://t.bilibili.com/1152517958096912393
2026-03-02 17:27:15,318|line:526| 官方 或 预约 OUT！
2026-03-02 17:27:15,318|line:519| https://t.bilibili.com/1141613680383754246
2026-03-02 17:27:16,635|line:526| 官方 或 预约 OUT！
2026-03-02 17:27:16,636|line:519| https://t.bilibili.com/1157590039610261510
2026-03-02 17:27:18,986|line:526| 官方 或 预约 OUT！
2026-03-02 17:27:18,986|line:519| https://t.bilibili.com/1171683090007851011
2026-03-02 17:27:21,304|line:526| 官方 或 预约 OUT！
2026-03-02 17:27:21,304|line:519| https://t.bilibili.com/1171045523629539335
2026-03-02 17:27:25,610|line:526| 官方 或 预约 OUT！
2026-03-02 17:27:25,610|line:519| https://t.bilibili.com/1147690474979459109
2026-03-02 17:27:28,920|line:526| 官方 或 预约 OUT！
2026-03-02 17:27:28,921|line:519| https://t.bilibili.com/1173619514661666840
2026-03-02 17:27:32,308|line:526| 官方 或 预约 OUT！
2026-03-02 17:27:32,309|line:519| https://t.bilibili.com/1169235594339942408
2026-03-02 17:27:35,694|line:526| 官方 或 预约 OUT！
2026-03-02 17:27:35,694|line:519| https://t.bilibili.com/1170217161862414355
2026-03-02 17:27:40,007|line:526| 官方 或 预约 OUT！
2026-03-02 17:27:40,007|line:519| https://t.bilibili.com/1173964804301258758
2026-03-02 17:27:44,352|line:526| 官方 或 预约 OUT！
2026-03-02 17:27:44,353|line:519| https://t.bilibili.com/1170248141434257432
2026-03-02 17:27:45,665|line:526| 官方 或 预约 OUT！
2026-03-02 17:27:45,665|line:519| https://t.bilibili.com/1174374741701558281
2026-03-02 17:27:50,039|line:526| 官方 或 预约 OUT！
2026-03-02 17:27:50,039|line:519| https://t.bilibili.com/1166109665587626002
2026-03-02 17:27:51,383|line:526| 官方 或 预约 OUT！
2026-03-02 17:27:51,383|line:519| https://t.bilibili.com/1173983861047033888
2026-03-02 17:27:53,777|line:526| 官方 或 预约 OUT！
2026-03-02 17:27:53,777|line:519| https://t.bilibili.com/1160695296654573584
2026-03-02 17:27:56,092|line:526| 官方 或 预约 OUT！
2026-03-02 17:27:56,092|line:519| https://t.bilibili.com/1169940664737071105
2026-03-02 17:27:59,409|line:526| 官方 或 预约 OUT！
2026-03-02 17:27:59,410|line:519| https://t.bilibili.com/1165037379778510850
2026-03-02 17:28:03,756|line:526| 官方 或 预约 OUT！
2026-03-02 17:28:03,756|line:519| https://t.bilibili.com/1164780776907079696
2026-03-02 17:28:08,101|line:526| 官方 或 预约 OUT！
2026-03-02 17:28:08,101|line:519| https://t.bilibili.com/1169917626553466899
2026-03-02 17:28:08,101|line:521| 已有
2026-03-02 17:28:08,101|line:519| https://t.bilibili.com/1170588204080824361
2026-03-02 17:28:10,412|line:526| 官方 或 预约 OUT！
2026-03-02 17:28:10,412|line:519| https://t.bilibili.com/1166262317293240326
2026-03-02 17:28:13,786|line:526| 官方 或 预约 OUT！
2026-03-02 17:28:13,787|line:519| https://t.bilibili.com/1166258739572899844
2026-03-02 17:28:16,105|line:526| 官方 或 预约 OUT！
2026-03-02 17:28:16,105|line:519| https://t.bilibili.com/1164984693400010770
2026-03-02 17:28:18,455|line:526| 官方 或 预约 OUT！
2026-03-02 17:28:18,455|line:552| 执行结束
2026-03-02 17:28:18,455|line:558| ==================================================2026-03-03 01:28==================================================
2026-03-02 17:28:18,456|line:232| processing article 46341608
2026-03-02 17:28:20,846|line:507| ==================================================2026-03-03 01:28==================================================
2026-03-02 17:28:20,846|line:519| https://t.bilibili.com/1158766847743492101
2026-03-02 17:28:20,846|line:521| 已有
2026-03-02 17:28:20,847|line:519| https://t.bilibili.com/1168149139405406229
2026-03-02 17:28:25,189|line:526| 官方 或 预约 OUT！
2026-03-02 17:28:25,189|line:519| https://t.bilibili.com/1173612161683947545
2026-03-02 17:28:25,189|line:521| 已有
2026-03-02 17:28:25,189|line:519| https://t.bilibili.com/1173244284880551944
2026-03-02 17:28:25,190|line:521| 已有
2026-03-02 17:28:25,190|line:519| https://t.bilibili.com/1173928670740348934
2026-03-02 17:28:26,505|line:526| 官方 或 预约 OUT！
2026-03-02 17:28:26,505|line:519| https://t.bilibili.com/1173643940170039302
2026-03-02 17:28:30,820|line:526| 官方 或 预约 OUT！
2026-03-02 17:28:30,820|line:519| https://t.bilibili.com/1173177695660408835
2026-03-02 17:28:34,140|line:526| 官方 或 预约 OUT！
2026-03-02 17:28:34,140|line:519| https://t.bilibili.com/1173928004999446615
2026-03-02 17:28:36,450|line:526| 官方 或 预约 OUT！
2026-03-02 17:28:36,450|line:519| https://t.bilibili.com/1173985789472669752
2026-03-02 17:28:36,451|line:521| 已有
2026-03-02 17:28:36,451|line:519| https://t.bilibili.com/1174391951688990729
2026-03-02 17:28:37,812|line:526| 官方 或 预约 OUT！
2026-03-02 17:28:37,812|line:519| https://t.bilibili.com/1173935765978087446
2026-03-02 17:28:40,196|line:346| 'NoneType' object has no attribute 'get'
2026-03-02 17:28:40,196|line:347| error line:328
2026-03-02 17:28:40,196|line:533| *#*#*#*#*#*#*#*#*#*原动态处理失败*#*#*#*#*#*#*#*#*#
2026-03-02 17:28:40,196|line:519| https://t.bilibili.com/1166192674442575877
2026-03-02 17:28:42,503|line:526| 官方 或 预约 OUT！
2026-03-02 17:28:42,504|line:519| https://t.bilibili.com/1166270752599572521
2026-03-02 17:28:44,823|line:526| 官方 或 预约 OUT！
2026-03-02 17:28:44,823|line:519| https://t.bilibili.com/1171683090007851011
2026-03-02 17:28:47,166|line:526| 官方 或 预约 OUT！
2026-03-02 17:28:47,166|line:519| https://t.bilibili.com/1174668590496874512
2026-03-02 17:28:50,472|line:526| 官方 或 预约 OUT！
2026-03-02 17:28:50,472|line:519| https://t.bilibili.com/1174299047258750985
2026-03-02 17:28:53,781|line:526| 官方 或 预约 OUT！
2026-03-02 17:28:53,782|line:519| https://t.bilibili.com/1173964804301258758
2026-03-02 17:28:58,158|line:526| 官方 或 预约 OUT！
2026-03-02 17:28:58,158|line:519| https://t.bilibili.com/1174374741701558281
2026-03-02 17:29:01,479|line:526| 官方 或 预约 OUT！
2026-03-02 17:29:01,479|line:519| https://t.bilibili.com/1172072592033448038
2026-03-02 17:29:03,828|line:526| 官方 或 预约 OUT！
2026-03-02 17:29:03,828|line:519| https://t.bilibili.com/1173929680048226325
2026-03-02 17:29:07,186|line:346| 'NoneType' object has no attribute 'get'
2026-03-02 17:29:07,187|line:347| error line:328
2026-03-02 17:29:07,187|line:533| *#*#*#*#*#*#*#*#*#*原动态处理失败*#*#*#*#*#*#*#*#*#
2026-03-02 17:29:07,187|line:519| https://t.bilibili.com/1166109665587626002
2026-03-02 17:29:11,636|line:526| 官方 或 预约 OUT！
2026-03-02 17:29:11,637|line:519| https://t.bilibili.com/1173983861047033888
2026-03-02 17:29:15,954|line:526| 官方 或 预约 OUT！
2026-03-02 17:29:15,955|line:519| https://t.bilibili.com/1160695296654573584
2026-03-02 17:29:17,297|line:526| 官方 或 预约 OUT！
2026-03-02 17:29:17,297|line:519| https://t.bilibili.com/1169917626553466899
2026-03-02 17:29:17,298|line:521| 已有
2026-03-02 17:29:17,298|line:519| https://t.bilibili.com/1166262317293240326
2026-03-02 17:29:20,642|line:526| 官方 或 预约 OUT！
2026-03-02 17:29:20,643|line:519| https://t.bilibili.com/1174356763029274649
2026-03-02 17:29:20,643|line:521| 已有
2026-03-02 17:29:20,643|line:519| https://t.bilibili.com/1166258739572899844
2026-03-02 17:29:21,951|line:526| 官方 或 预约 OUT！
2026-03-02 17:29:21,951|line:519| https://t.bilibili.com/1174005297250828325
2026-03-02 17:29:26,295|line:526| 官方 或 预约 OUT！
2026-03-02 17:29:26,295|line:519| https://t.bilibili.com/1164984693400010770
2026-03-02 17:29:27,638|line:526| 官方 或 预约 OUT！
2026-03-02 17:29:27,639|line:552| 执行结束
2026-03-02 17:29:27,639|line:558| ==================================================2026-03-03 01:29==================================================
2026-03-02 17:29:36,198|line:578| ('reply: ', '吓死我啦芙莱', '并不是')
2026-03-02 17:29:36,198|line:578| ('reply: ', '花生十三-公考行测', '68')
2026-03-02 17:29:36,198|line:578| ('reply: ', '三鹿七茸猫尾巴', '[夏诺雅表情包_？？？]')
2026-03-02 17:29:36,199|line:578| ('reply: ', '小闪闪bling', 'hhh腾子买库洛让我感觉他自己有点不太想出大世界了')
2026-03-02 17:29:36,199|line:578| ('reply: ', '魔改后远野汉娜', '不是，这……')
2026-03-02 17:29:36,199|line:578| ('reply: ', '好像都是一个人', '你在说什么')
2026-03-02 17:29:36,199|line:578| ('reply: ', '目标咨询', '太宠粉了啊')
2026-03-02 17:29:36,199|line:578| ('reply: ', '数玩工场', '祝你成功')
2026-03-02 17:29:36,199|line:578| ('reply: ', '益家有小佰', '恭喜宝子，获得小电视月度会员1份和克刻冰冰猴喉糖随机口味1份～记得私信小佰提供信息哦~')
2026-03-02 17:29:36,199|line:578| ('reply: ', '圆环之理-Madoka', '是的')
2026-03-02 17:29:36,200|line:578| ('reply: ', '兰的三姨', '这就是银河巨星的实力！')
2026-03-02 17:29:36,200|line:578| ('reply: ', '花园百合铃音', '有男不玩，我只吃麻辣火锅，xxn滚[吃瓜]')
2026-03-02 17:29:36,200|line:578| ('reply: ', '是绝赞的阿鬼', '[tv_难过]')
2026-03-02 17:29:36,200|line:578| ('reply: ', '桃稚不幼稚', '还行')
2026-03-02 17:29:36,200|line:578| ('reply: ', '陌罔子吖', '佬，这个报名有啥条件不。最近太非了，想下次报来抽[脱单doge][脱单doge][脱单doge]')
2026-03-02 17:29:36,200|line:578| ('reply: ', '太二酸菜鱼', '恭喜成为本期欧皇[打call]获得【肥龙联名显眼包】1份，在收到本信息的两天内回复哥的私信哦~逾期哥就自己收啦！[脱单doge]')
2026-03-02 17:29:36,200|line:578| ('reply: ', '得一想二的松鼠', '中奖分我一半')
2026-03-02 17:29:36,200|line:578| ('reply: ', '佑凉Uriyoo', '谢谢！！！[UP_24967030_感恩]')
2026-03-02 17:29:36,200|line:578| ('reply: ', '岛莓祁', '好耶')
2026-03-02 17:29:36,201|line:578| ('reply: ', '苏酥_SUSU_', 'https://b23.tv/3HJcDkm')
2026-03-02 17:29:37,586|line:587| ('at: ', '电脑报', '恭喜@小小Shaun UID：1090970340，@-叶晓吖  UID：22437099  获得 【电竞大礼包】1份， 请在三日内私信我')
2026-03-02 17:29:37,586|line:587| ('at: ', '联想拯救者官方', '是我喜欢的奖品名单 直接开奖 上 趁现在没人偷摸开个奖 恭喜这些小伙伴 【拯救者7.1声卡H7游戏耳机】获奖名单 @泪水打湿猪脚饭o @xoomoon @小小Shaun @T山海连云T @超超超超薄脆饼干 @BerboomC 【拯救者C140氮化镓适配器】获奖名单 @改个天凉好个秋 @夜猫子牙不好 @LLL好久不见 @林殇倾慕婉 @今天也要拥抱微风 @洳不及我万一 @胜利の天平 【白金独角兽电竞鼠标】获奖名单 @底片上的诗旅人 【拯救者C170氮化镓适配器】获奖名单 @麦當劳无限好 @無名丶の辈 @任性的提莫 @广东有暖风 由于B站私信规则修改 我会私信中奖的小伙伴一条消息，还请注意查收并回复我您的收货地址与联系方式，奖品基本会在私信您信息后的三十个工作日内发货')
2026-03-02 17:29:37,586|line:587| ('at: ', 'Apexgaming艾湃电竞', '恭喜 @小小Shaun 获得饮料一份，三天内联系我，过时不候！')
2026-03-02 17:29:37,586|line:587| ('at: ', '喜欢白毛有什么不好', '1 @浪子游2fans6@被_____打下来的飞机@拉斯特臣后面一个点@专心致志的学生@猫猫头OmMeow@小小Shaun@龐門左道@啦啦痴痴腻@bili_66938050009@日月星辰668')
2026-03-02 17:29:37,587|line:587| ('at: ', 'iKF蓝牙耳机', '恭喜@小小Shaun 宝子成为苏泊尔福利动态幸运儿！\n注意：即日起72小时内回复信息确认领奖哦！逾期将自动视为放弃中奖资格。\n没有中奖的宝子们不要气馁，参与一下下置顶视频iKF Mars，增加欧气值，说不定下个幸运儿就是你！\n链接：\nhttps://www.bilibili.com/video/BV1Soo6YLEHZ/?spm_id_from=333.1387.list.card_archive.click&vd_source=21fb0967ccc75e6b3b2447ade2c740dd\n还没参与抽奖的宝子们，赶紧点击上方链接参与吧！还有特别福利惊喜等你哦~')
2026-03-02 17:29:37,587|line:587| ('at: ', 'wellymerck威利默克', '恭喜@小小Shaun\xa0 获得《我是你的小狗3 永远等你回家》1本，请于5天内联系威宝，凭关注+互动截图领取奖品，逾期作废~')
2026-03-02 17:29:37,587|line:587| ('at: ', '宁美NINGMEI', '恭喜@小小Shaun   中奖，请在12月1日24点前私信我：1. 奖品+中奖信息a. 实物奖：姓名电话地址，给文字！省市区路清晰，提交不清晰不发奖，信息错误致无法签收，概不负责；\n\nb. 现金红包给到支付宝实名+账号；\n\nc. 京东卡/猫超卡 等购物卡给到姓名+电话；2. 宁美和品牌方关注截图+转发截图！\n\n必须关注品牌方，否则奖品不予发放；如遇无法私信图片的情况，等待我回复后即可发送图片。PS： \n\n因后台收信有时会出问题，以回复“已登记”为准，没有回复即表示私信未收到。\n\n过期视为自动放弃，不会补发；奖品30个工作日内发送，勿催哦~\n\n不发全，不回复。其他小伙伴请继续努力！')
2026-03-02 17:29:37,587|line:587| ('at: ', '爱玛电动车官方账号', '#一“玛”当先榜# 快来看看10月都是谁和爱玛酱互动最多呀~ 💕恭喜@小小Shaun 和@甘瑞凯拉莎 排行第一！这两位小玛达将会获得【爱玛随机周边×1】，请5天内私信爱玛酱领奖哟~[鼓掌] 以后也请继续单推我无敌可爱美少女爱玛酱呀嘿嘿！(●´З｀●)')
2026-03-02 17:29:37,587|line:587| ('at: ', '爱玛电动车官方账号', '')
2026-03-02 17:29:37,587|line:587| ('at: ', '海露滴眼液', '互动榜出炉啦')
2026-03-02 17:29:37,587|line:587| ('at: ', '和蔼可亲桃白白', '\u200b//@九号公司:\u200b恭喜@小小Shaun 中奖！后续记得查收私信哟～\u200b//@九号公司:#互动抽奖# 谢谢粒粒的复工礼！小九也来加个码~关注【@微粒贷+@九号公司 】并转发该动态，抽一位小可爱获得【100元京东卡】~ #供电局福利社# 10月31日抽出！')
2026-03-02 17:29:37,587|line:587| ('at: ', '望大家身体健康快乐', '\u200b//@九号公司:\u200b恭喜@小小Shaun 中奖！后续记得查收私信哟～\u200b//@九号公司 :#互动抽奖# 谢谢粒粒的复工礼！小九也来加个码~关注【@微粒贷+@九号公司 】并转发该动态，抽一位小可爱获得【100元京东卡】~ #供电局福利社# 10月31日抽出！')
2026-03-02 17:29:37,588|line:587| ('at: ', 'MoMA_Reona', '//@九号公司:\u200b恭喜@小小Shaun 中奖！后续记得查收私信哟～\u200b//@九号公司:#互动抽奖# 谢谢粒粒的复工礼！小九也来加个码~关注【@微粒贷+@九号公司 】并转发该动态，抽一位小可爱获得【100元京东卡】~ #供电局福利社# 10月31日抽出！')
2026-03-02 17:29:37,588|line:587| ('at: ', '摸鱼二队', '\u200b//@九号公司:\u200b恭喜@小小Shaun 中奖！后续记得查收私信哟～\u200b//@九号公司 :#互动抽奖# 谢谢粒粒的复工礼！小九也来加个码~关注【@微粒贷+@九号公司 】并转发该动态，抽一位小可爱获得【100元京东卡】~ #供电局福利社# 10月31日抽出！')
2026-03-02 17:29:37,588|line:587| ('at: ', '文少嘅一些事一些情', '\u200b//@九号公司:\u200b恭喜@小小Shaun 中奖！后续记得查收私信哟～\u200b//@九号公司 :#互动抽奖# 谢谢粒粒的复工礼！小九也来加个码~关注【@微粒贷+@九号公司 】并转发该动态，抽一位小可爱获得【100元京东卡】~ #供电局福利社# 10月31日抽出！')
2026-03-02 17:29:37,588|line:587| ('at: ', 'Carry队友的嘟嘟酱丶', '\u200b//@九号公司:\u200b恭喜@小小Shaun 中奖！后续记得查收私信哟～\u200b//@九号公司 :#互动抽奖# 谢谢粒粒的复工礼！小九也来加个码~关注【@微粒贷+@九号公司 】并转发该动态，抽一位小可爱获得【100元京东卡】~ #供电局福利社# 10月31日抽出！')
2026-03-02 17:29:37,588|line:587| ('at: ', '蛤蟆zero', '//@九号公司:\u200b恭喜@小小Shaun 中奖！后续记得查收私信哟～\u200b//@九号公司:#互动抽奖# 谢谢粒粒的复工礼！小九也来加个码~关注【@微粒贷+@九号公司 】并转发该动态，抽一位小可爱获得【100元京东卡】~ #供电局福利社# 10月31日抽出！c冲冲冲')
2026-03-02 17:29:37,588|line:587| ('at: ', '木而各子要吃笃栗子', '\u200b//@九号公司:\u200b恭喜@小小Shaun 中奖！后续记得查收私信哟～\u200b//@九号公司 :#互动抽奖# 谢谢粒粒的复工礼！小九也来加个码~关注【@微粒贷+@九号公司 】并转发该动态，抽一位小可爱获得【100元京东卡】~ #供电局福利社# 10月31日抽出！')
2026-03-02 17:29:37,588|line:587| ('at: ', '裙下愚臣情默默', '\u200b//@九号公司:\u200b恭喜@小小Shaun 中奖！后续记得查收私信哟～\u200b//@九号公司 :#互动抽奖# 谢谢粒粒的复工礼！小九也来加个码~关注【@微粒贷+@九号公司 】并转发该动态，抽一位小可爱获得【100元京东卡】~ #供电局福利社# 10月31日抽出！')
2026-03-02 17:29:37,588|line:587| ('at: ', '戊子毕宿', '')
