2026-06-10 18:37:27,869|line:232| processing article 50351713
2026-06-10 18:37:29,862|line:507| ==================================================2026-06-11 02:37==================================================
2026-06-10 18:37:29,862|line:232| processing article 50349316
2026-06-10 18:37:32,761|line:507| ==================================================2026-06-11 02:37==================================================
2026-06-10 18:37:32,762|line:519| https://t.bilibili.com/1212211571812466712
2026-06-10 18:37:36,573|line:346| Expecting value: line 1 column 1 (char 0)
2026-06-10 18:37:36,573|line:347| error line:319
2026-06-10 18:37:36,574|line:533| *#*#*#*#*#*#*#*#*#*原动态处理失败*#*#*#*#*#*#*#*#*#
2026-06-10 18:37:36,575|line:519| https://t.bilibili.com/1212238640814489603
2026-06-10 18:37:39,956|line:346| Expecting value: line 1 column 1 (char 0)
2026-06-10 18:37:39,956|line:347| error line:319
2026-06-10 18:37:39,957|line:533| *#*#*#*#*#*#*#*#*#*原动态处理失败*#*#*#*#*#*#*#*#*#
2026-06-10 18:37:39,957|line:519| https://t.bilibili.com/1211927977284075543
2026-06-10 18:37:44,549|line:346| Expecting value: line 1 column 1 (char 0)
2026-06-10 18:37:44,549|line:347| error line:319
2026-06-10 18:37:44,550|line:533| *#*#*#*#*#*#*#*#*#*原动态处理失败*#*#*#*#*#*#*#*#*#
2026-06-10 18:37:44,550|line:519| https://t.bilibili.com/1212119777592475682
2026-06-10 18:37:47,915|line:346| Expecting value: line 1 column 1 (char 0)
2026-06-10 18:37:47,915|line:347| error line:319
2026-06-10 18:37:47,916|line:533| *#*#*#*#*#*#*#*#*#*原动态处理失败*#*#*#*#*#*#*#*#*#
2026-06-10 18:37:47,917|line:519| https://t.bilibili.com/1212256924542697478
2026-06-10 18:37:52,342|line:346| Expecting value: line 1 column 1 (char 0)
2026-06-10 18:37:52,342|line:347| error line:319
2026-06-10 18:37:52,343|line:533| *#*#*#*#*#*#*#*#*#*原动态处理失败*#*#*#*#*#*#*#*#*#
2026-06-10 18:37:52,343|line:519| https://t.bilibili.com/1212208511633588232
2026-06-10 18:37:55,925|line:346| Expecting value: line 1 column 1 (char 0)
2026-06-10 18:37:55,925|line:347| error line:319
2026-06-10 18:37:55,926|line:533| *#*#*#*#*#*#*#*#*#*原动态处理失败*#*#*#*#*#*#*#*#*#
2026-06-10 18:37:55,927|line:519| https://t.bilibili.com/1212286400888569859
2026-06-10 18:37:57,448|line:346| Expecting value: line 1 column 1 (char 0)
2026-06-10 18:37:57,448|line:347| error line:319
2026-06-10 18:37:57,449|line:533| *#*#*#*#*#*#*#*#*#*原动态处理失败*#*#*#*#*#*#*#*#*#
2026-06-10 18:37:57,449|line:519| https://t.bilibili.com/1211743916455362564
2026-06-10 18:38:01,912|line:346| Expecting value: line 1 column 1 (char 0)
2026-06-10 18:38:01,912|line:347| error line:319
2026-06-10 18:38:01,913|line:533| *#*#*#*#*#*#*#*#*#*原动态处理失败*#*#*#*#*#*#*#*#*#
2026-06-10 18:38:01,914|line:519| https://t.bilibili.com/1205282773769650183
2026-06-10 18:38:05,508|line:346| Expecting value: line 1 column 1 (char 0)
2026-06-10 18:38:05,508|line:347| error line:319
2026-06-10 18:38:05,509|line:533| *#*#*#*#*#*#*#*#*#*原动态处理失败*#*#*#*#*#*#*#*#*#
2026-06-10 18:38:05,509|line:519| https://t.bilibili.com/1210507541380857877
2026-06-10 18:38:08,118|line:346| Expecting value: line 1 column 1 (char 0)
2026-06-10 18:38:08,119|line:347| error line:319
2026-06-10 18:38:08,120|line:533| *#*#*#*#*#*#*#*#*#*原动态处理失败*#*#*#*#*#*#*#*#*#
2026-06-10 18:38:08,120|line:519| https://t.bilibili.com/1211505094789431305
2026-06-10 18:38:09,709|line:346| Expecting value: line 1 column 1 (char 0)
2026-06-10 18:38:09,709|line:347| error line:319
2026-06-10 18:38:09,710|line:533| *#*#*#*#*#*#*#*#*#*原动态处理失败*#*#*#*#*#*#*#*#*#
2026-06-10 18:38:09,710|line:519| https://t.bilibili.com/1212217294864777221
2026-06-10 18:38:11,094|line:346| Expecting value: line 1 column 1 (char 0)
2026-06-10 18:38:11,094|line:347| error line:319
2026-06-10 18:38:11,095|line:533| *#*#*#*#*#*#*#*#*#*原动态处理失败*#*#*#*#*#*#*#*#*#
2026-06-10 18:38:11,095|line:519| https://t.bilibili.com/1212149724287598612
2026-06-10 18:38:13,455|line:346| Expecting value: line 1 column 1 (char 0)
2026-06-10 18:38:13,456|line:347| error line:319
2026-06-10 18:38:13,457|line:533| *#*#*#*#*#*#*#*#*#*原动态处理失败*#*#*#*#*#*#*#*#*#
2026-06-10 18:38:13,457|line:519| https://t.bilibili.com/1212205376313753636
2026-06-10 18:38:17,079|line:346| Expecting value: line 1 column 1 (char 0)
2026-06-10 18:38:17,079|line:347| error line:319
2026-06-10 18:38:17,080|line:533| *#*#*#*#*#*#*#*#*#*原动态处理失败*#*#*#*#*#*#*#*#*#
2026-06-10 18:38:17,081|line:519| https://t.bilibili.com/1212254119876624392
2026-06-10 18:38:20,451|line:346| Expecting value: line 1 column 1 (char 0)
2026-06-10 18:38:20,451|line:347| error line:319
2026-06-10 18:38:20,452|line:533| *#*#*#*#*#*#*#*#*#*原动态处理失败*#*#*#*#*#*#*#*#*#
2026-06-10 18:38:20,452|line:519| https://t.bilibili.com/1212134262374924291
2026-06-10 18:38:24,824|line:346| Expecting value: line 1 column 1 (char 0)
2026-06-10 18:38:24,824|line:347| error line:319
2026-06-10 18:38:24,825|line:533| *#*#*#*#*#*#*#*#*#*原动态处理失败*#*#*#*#*#*#*#*#*#
2026-06-10 18:38:24,825|line:519| https://t.bilibili.com/1212196109944881161
2026-06-10 18:38:28,202|line:346| Expecting value: line 1 column 1 (char 0)
2026-06-10 18:38:28,202|line:347| error line:319
2026-06-10 18:38:28,203|line:533| *#*#*#*#*#*#*#*#*#*原动态处理失败*#*#*#*#*#*#*#*#*#
2026-06-10 18:38:28,203|line:519| https://t.bilibili.com/1211890739906084883
2026-06-10 18:38:31,575|line:346| Expecting value: line 1 column 1 (char 0)
2026-06-10 18:38:31,575|line:347| error line:319
2026-06-10 18:38:31,576|line:533| *#*#*#*#*#*#*#*#*#*原动态处理失败*#*#*#*#*#*#*#*#*#
2026-06-10 18:38:31,576|line:519| https://t.bilibili.com/1212225313550893088
2026-06-10 18:38:35,142|line:346| Expecting value: line 1 column 1 (char 0)
2026-06-10 18:38:35,142|line:347| error line:319
2026-06-10 18:38:35,143|line:533| *#*#*#*#*#*#*#*#*#*原动态处理失败*#*#*#*#*#*#*#*#*#
2026-06-10 18:38:35,143|line:519| https://t.bilibili.com/1212134262415818793
2026-06-10 18:38:38,743|line:346| Expecting value: line 1 column 1 (char 0)
2026-06-10 18:38:38,744|line:347| error line:319
2026-06-10 18:38:38,745|line:533| *#*#*#*#*#*#*#*#*#*原动态处理失败*#*#*#*#*#*#*#*#*#
2026-06-10 18:38:38,745|line:519| https://t.bilibili.com/1212149724291792902
2026-06-10 18:38:41,117|line:346| Expecting value: line 1 column 1 (char 0)
2026-06-10 18:38:41,118|line:347| error line:319
2026-06-10 18:38:41,119|line:533| *#*#*#*#*#*#*#*#*#*原动态处理失败*#*#*#*#*#*#*#*#*#
2026-06-10 18:38:41,119|line:519| https://t.bilibili.com/1212277284797415441
2026-06-10 18:38:42,490|line:346| Expecting value: line 1 column 1 (char 0)
2026-06-10 18:38:42,491|line:347| error line:319
2026-06-10 18:38:42,492|line:533| *#*#*#*#*#*#*#*#*#*原动态处理失败*#*#*#*#*#*#*#*#*#
2026-06-10 18:38:42,492|line:519| https://t.bilibili.com/1212123419767734272
2026-06-10 18:38:46,099|line:346| Expecting value: line 1 column 1 (char 0)
2026-06-10 18:38:46,100|line:347| error line:319
2026-06-10 18:38:46,101|line:533| *#*#*#*#*#*#*#*#*#*原动态处理失败*#*#*#*#*#*#*#*#*#
2026-06-10 18:38:46,101|line:519| https://t.bilibili.com/1212142100723793928
2026-06-10 18:38:49,472|line:346| Expecting value: line 1 column 1 (char 0)
2026-06-10 18:38:49,473|line:347| error line:319
2026-06-10 18:38:49,474|line:533| *#*#*#*#*#*#*#*#*#*原动态处理失败*#*#*#*#*#*#*#*#*#
2026-06-10 18:38:49,474|line:519| https://t.bilibili.com/1212116599357571074
2026-06-10 18:38:50,843|line:346| Expecting value: line 1 column 1 (char 0)
2026-06-10 18:38:50,843|line:347| error line:319
2026-06-10 18:38:50,844|line:533| *#*#*#*#*#*#*#*#*#*原动态处理失败*#*#*#*#*#*#*#*#*#
2026-06-10 18:38:50,844|line:519| https://t.bilibili.com/1212244409001705473
2026-06-10 18:38:52,426|line:346| Expecting value: line 1 column 1 (char 0)
2026-06-10 18:38:52,426|line:347| error line:319
2026-06-10 18:38:52,427|line:533| *#*#*#*#*#*#*#*#*#*原动态处理失败*#*#*#*#*#*#*#*#*#
2026-06-10 18:38:52,427|line:519| https://t.bilibili.com/1212244494860156949
2026-06-10 18:38:54,791|line:346| Expecting value: line 1 column 1 (char 0)
2026-06-10 18:38:54,791|line:347| error line:319
2026-06-10 18:38:54,792|line:533| *#*#*#*#*#*#*#*#*#*原动态处理失败*#*#*#*#*#*#*#*#*#
2026-06-10 18:38:54,792|line:519| https://t.bilibili.com/1212123750491750405
2026-06-10 18:38:56,165|line:346| Expecting value: line 1 column 1 (char 0)
2026-06-10 18:38:56,165|line:347| error line:319
2026-06-10 18:38:56,166|line:533| *#*#*#*#*#*#*#*#*#*原动态处理失败*#*#*#*#*#*#*#*#*#
2026-06-10 18:38:56,166|line:519| https://t.bilibili.com/1212245405425729554
2026-06-10 18:38:58,534|line:346| Expecting value: line 1 column 1 (char 0)
2026-06-10 18:38:58,534|line:347| error line:319
2026-06-10 18:38:58,535|line:533| *#*#*#*#*#*#*#*#*#*原动态处理失败*#*#*#*#*#*#*#*#*#
2026-06-10 18:38:58,535|line:519| https://t.bilibili.com/1212205088549896200
2026-06-10 18:39:02,930|line:346| Expecting value: line 1 column 1 (char 0)
2026-06-10 18:39:02,930|line:347| error line:319
2026-06-10 18:39:02,931|line:533| *#*#*#*#*#*#*#*#*#*原动态处理失败*#*#*#*#*#*#*#*#*#
2026-06-10 18:39:02,931|line:519| https://t.bilibili.com/1212114935050403843
2026-06-10 18:39:04,304|line:346| Expecting value: line 1 column 1 (char 0)
2026-06-10 18:39:04,304|line:347| error line:319
2026-06-10 18:39:04,305|line:533| *#*#*#*#*#*#*#*#*#*原动态处理失败*#*#*#*#*#*#*#*#*#
2026-06-10 18:39:04,306|line:519| https://t.bilibili.com/1212242495539249160
2026-06-10 18:39:08,691|line:346| Expecting value: line 1 column 1 (char 0)
2026-06-10 18:39:08,691|line:347| error line:319
2026-06-10 18:39:08,692|line:533| *#*#*#*#*#*#*#*#*#*原动态处理失败*#*#*#*#*#*#*#*#*#
2026-06-10 18:39:08,693|line:519| https://t.bilibili.com/1212124755513049091
2026-06-10 18:39:12,029|line:346| Expecting value: line 1 column 1 (char 0)
2026-06-10 18:39:12,029|line:347| error line:319
2026-06-10 18:39:12,030|line:533| *#*#*#*#*#*#*#*#*#*原动态处理失败*#*#*#*#*#*#*#*#*#
2026-06-10 18:39:12,030|line:519| https://t.bilibili.com/1211962504521973776
2026-06-10 18:39:13,416|line:346| Expecting value: line 1 column 1 (char 0)
2026-06-10 18:39:13,416|line:347| error line:319
2026-06-10 18:39:13,417|line:533| *#*#*#*#*#*#*#*#*#*原动态处理失败*#*#*#*#*#*#*#*#*#
2026-06-10 18:39:13,417|line:519| https://t.bilibili.com/1212195579523760149
2026-06-10 18:39:17,746|line:346| Expecting value: line 1 column 1 (char 0)
2026-06-10 18:39:17,746|line:347| error line:319
2026-06-10 18:39:17,747|line:533| *#*#*#*#*#*#*#*#*#*原动态处理失败*#*#*#*#*#*#*#*#*#
2026-06-10 18:39:17,748|line:519| https://t.bilibili.com/1212134565217304585
2026-06-10 18:39:19,118|line:346| Expecting value: line 1 column 1 (char 0)
2026-06-10 18:39:19,118|line:347| error line:319
2026-06-10 18:39:19,119|line:533| *#*#*#*#*#*#*#*#*#*原动态处理失败*#*#*#*#*#*#*#*#*#
2026-06-10 18:39:19,119|line:519| https://t.bilibili.com/1212190683202322440
2026-06-10 18:39:23,490|line:346| Expecting value: line 1 column 1 (char 0)
2026-06-10 18:39:23,490|line:347| error line:319
2026-06-10 18:39:23,491|line:533| *#*#*#*#*#*#*#*#*#*原动态处理失败*#*#*#*#*#*#*#*#*#
2026-06-10 18:39:23,491|line:519| https://t.bilibili.com/1212140170106634240
2026-06-10 18:39:24,875|line:346| Expecting value: line 1 column 1 (char 0)
2026-06-10 18:39:24,875|line:347| error line:319
2026-06-10 18:39:24,876|line:533| *#*#*#*#*#*#*#*#*#*原动态处理失败*#*#*#*#*#*#*#*#*#
2026-06-10 18:39:24,877|line:519| https://t.bilibili.com/1212247750492553220
2026-06-10 18:39:29,453|line:346| Expecting value: line 1 column 1 (char 0)
2026-06-10 18:39:29,453|line:347| error line:319
2026-06-10 18:39:29,454|line:533| *#*#*#*#*#*#*#*#*#*原动态处理失败*#*#*#*#*#*#*#*#*#
2026-06-10 18:39:29,454|line:519| https://t.bilibili.com/1212235969377337369
2026-06-10 18:39:32,827|line:346| Expecting value: line 1 column 1 (char 0)
2026-06-10 18:39:32,827|line:347| error line:319
2026-06-10 18:39:32,828|line:533| *#*#*#*#*#*#*#*#*#*原动态处理失败*#*#*#*#*#*#*#*#*#
2026-06-10 18:39:32,828|line:519| https://t.bilibili.com/1212141993302425603
2026-06-10 18:39:35,208|line:346| Expecting value: line 1 column 1 (char 0)
2026-06-10 18:39:35,208|line:347| error line:319
2026-06-10 18:39:35,209|line:533| *#*#*#*#*#*#*#*#*#*原动态处理失败*#*#*#*#*#*#*#*#*#
2026-06-10 18:39:35,209|line:519| https://t.bilibili.com/1212227033685295105
2026-06-10 18:39:38,540|line:346| Expecting value: line 1 column 1 (char 0)
2026-06-10 18:39:38,540|line:347| error line:319
2026-06-10 18:39:38,541|line:533| *#*#*#*#*#*#*#*#*#*原动态处理失败*#*#*#*#*#*#*#*#*#
2026-06-10 18:39:38,541|line:519| https://t.bilibili.com/1210925665031815209
2026-06-10 18:39:42,001|line:346| Expecting value: line 1 column 1 (char 0)
2026-06-10 18:39:42,001|line:347| error line:319
2026-06-10 18:39:42,002|line:533| *#*#*#*#*#*#*#*#*#*原动态处理失败*#*#*#*#*#*#*#*#*#
2026-06-10 18:39:42,003|line:519| https://t.bilibili.com/1212266203788083239
2026-06-10 18:39:44,374|line:346| Expecting value: line 1 column 1 (char 0)
2026-06-10 18:39:44,374|line:347| error line:319
2026-06-10 18:39:44,375|line:533| *#*#*#*#*#*#*#*#*#*原动态处理失败*#*#*#*#*#*#*#*#*#
2026-06-10 18:39:44,375|line:519| https://t.bilibili.com/1212118800529358856
2026-06-10 18:39:46,709|line:346| Expecting value: line 1 column 1 (char 0)
2026-06-10 18:39:46,710|line:347| error line:319
2026-06-10 18:39:46,710|line:533| *#*#*#*#*#*#*#*#*#*原动态处理失败*#*#*#*#*#*#*#*#*#
2026-06-10 18:39:46,711|line:519| https://t.bilibili.com/1212134262377021443
2026-06-10 18:39:49,087|line:346| Expecting value: line 1 column 1 (char 0)
2026-06-10 18:39:49,087|line:347| error line:319
2026-06-10 18:39:49,088|line:533| *#*#*#*#*#*#*#*#*#*原动态处理失败*#*#*#*#*#*#*#*#*#
2026-06-10 18:39:49,088|line:519| https://t.bilibili.com/1208451995793358872
2026-06-10 18:39:53,459|line:346| Expecting value: line 1 column 1 (char 0)
2026-06-10 18:39:53,459|line:347| error line:319
2026-06-10 18:39:53,460|line:533| *#*#*#*#*#*#*#*#*#*原动态处理失败*#*#*#*#*#*#*#*#*#
2026-06-10 18:39:53,460|line:519| https://t.bilibili.com/1212171884162973701
2026-06-10 18:39:55,056|line:346| Expecting value: line 1 column 1 (char 0)
2026-06-10 18:39:55,057|line:347| error line:319
2026-06-10 18:39:55,058|line:533| *#*#*#*#*#*#*#*#*#*原动态处理失败*#*#*#*#*#*#*#*#*#
2026-06-10 18:39:55,058|line:519| https://t.bilibili.com/1212118800492658691
2026-06-10 18:39:56,466|line:346| Expecting value: line 1 column 1 (char 0)
2026-06-10 18:39:56,466|line:347| error line:319
2026-06-10 18:39:56,467|line:533| *#*#*#*#*#*#*#*#*#*原动态处理失败*#*#*#*#*#*#*#*#*#
2026-06-10 18:39:56,467|line:519| https://t.bilibili.com/1212149724305424401
2026-06-10 18:39:59,837|line:346| Expecting value: line 1 column 1 (char 0)
2026-06-10 18:39:59,838|line:347| error line:319
2026-06-10 18:39:59,839|line:533| *#*#*#*#*#*#*#*#*#*原动态处理失败*#*#*#*#*#*#*#*#*#
2026-06-10 18:39:59,839|line:519| https://t.bilibili.com/1211500383211356215
2026-06-10 18:40:02,206|line:346| Expecting value: line 1 column 1 (char 0)
2026-06-10 18:40:02,206|line:347| error line:319
2026-06-10 18:40:02,207|line:533| *#*#*#*#*#*#*#*#*#*原动态处理失败*#*#*#*#*#*#*#*#*#
2026-06-10 18:40:02,208|line:519| https://t.bilibili.com/1212109523365396485
2026-06-10 18:40:04,596|line:346| Expecting value: line 1 column 1 (char 0)
2026-06-10 18:40:04,597|line:347| error line:319
2026-06-10 18:40:04,598|line:533| *#*#*#*#*#*#*#*#*#*原动态处理失败*#*#*#*#*#*#*#*#*#
2026-06-10 18:40:04,598|line:519| https://t.bilibili.com/1212149724304375817
2026-06-10 18:40:06,969|line:346| Expecting value: line 1 column 1 (char 0)
2026-06-10 18:40:06,969|line:347| error line:319
2026-06-10 18:40:06,970|line:533| *#*#*#*#*#*#*#*#*#*原动态处理失败*#*#*#*#*#*#*#*#*#
2026-06-10 18:40:06,970|line:519| https://t.bilibili.com/1212250056869019656
2026-06-10 18:40:09,356|line:346| Expecting value: line 1 column 1 (char 0)
2026-06-10 18:40:09,356|line:347| error line:319
2026-06-10 18:40:09,357|line:533| *#*#*#*#*#*#*#*#*#*原动态处理失败*#*#*#*#*#*#*#*#*#
2026-06-10 18:40:09,357|line:519| https://t.bilibili.com/1212196910917484549
2026-06-10 18:40:13,758|line:346| Expecting value: line 1 column 1 (char 0)
2026-06-10 18:40:13,759|line:347| error line:319
2026-06-10 18:40:13,760|line:533| *#*#*#*#*#*#*#*#*#*原动态处理失败*#*#*#*#*#*#*#*#*#
2026-06-10 18:40:13,760|line:519| https://t.bilibili.com/1212150602582196227
2026-06-10 18:40:17,131|line:346| Expecting value: line 1 column 1 (char 0)
2026-06-10 18:40:17,131|line:347| error line:319
2026-06-10 18:40:17,132|line:533| *#*#*#*#*#*#*#*#*#*原动态处理失败*#*#*#*#*#*#*#*#*#
2026-06-10 18:40:17,133|line:519| https://t.bilibili.com/1212176737488601089
2026-06-10 18:40:21,520|line:346| Expecting value: line 1 column 1 (char 0)
2026-06-10 18:40:21,521|line:347| error line:319
2026-06-10 18:40:21,522|line:533| *#*#*#*#*#*#*#*#*#*原动态处理失败*#*#*#*#*#*#*#*#*#
2026-06-10 18:40:21,522|line:519| https://t.bilibili.com/1201479863740923906
2026-06-10 18:40:23,893|line:346| Expecting value: line 1 column 1 (char 0)
2026-06-10 18:40:23,893|line:347| error line:319
2026-06-10 18:40:23,894|line:533| *#*#*#*#*#*#*#*#*#*原动态处理失败*#*#*#*#*#*#*#*#*#
2026-06-10 18:40:23,894|line:519| https://t.bilibili.com/1212202395592818697
2026-06-10 18:40:27,278|line:346| Expecting value: line 1 column 1 (char 0)
2026-06-10 18:40:27,278|line:347| error line:319
2026-06-10 18:40:27,279|line:533| *#*#*#*#*#*#*#*#*#*原动态处理失败*#*#*#*#*#*#*#*#*#
2026-06-10 18:40:27,279|line:519| https://t.bilibili.com/1212215843168976937
2026-06-10 18:40:30,660|line:346| Expecting value: line 1 column 1 (char 0)
2026-06-10 18:40:30,660|line:347| error line:319
2026-06-10 18:40:30,661|line:533| *#*#*#*#*#*#*#*#*#*原动态处理失败*#*#*#*#*#*#*#*#*#
2026-06-10 18:40:30,662|line:519| https://t.bilibili.com/1211953248860110873
2026-06-10 18:40:34,259|line:346| Expecting value: line 1 column 1 (char 0)
2026-06-10 18:40:34,259|line:347| error line:319
2026-06-10 18:40:34,260|line:533| *#*#*#*#*#*#*#*#*#*原动态处理失败*#*#*#*#*#*#*#*#*#
2026-06-10 18:40:34,260|line:519| https://t.bilibili.com/1212183862839345191
2026-06-10 18:40:35,815|line:346| Expecting value: line 1 column 1 (char 0)
2026-06-10 18:40:35,815|line:347| error line:319
2026-06-10 18:40:35,816|line:533| *#*#*#*#*#*#*#*#*#*原动态处理失败*#*#*#*#*#*#*#*#*#
2026-06-10 18:40:35,817|line:519| https://t.bilibili.com/1212190558657708041
2026-06-10 18:40:38,146|line:346| Expecting value: line 1 column 1 (char 0)
2026-06-10 18:40:38,146|line:347| error line:319
2026-06-10 18:40:38,147|line:533| *#*#*#*#*#*#*#*#*#*原动态处理失败*#*#*#*#*#*#*#*#*#
2026-06-10 18:40:38,148|line:519| https://t.bilibili.com/1212250226525470741
2026-06-10 18:40:41,757|line:346| Expecting value: line 1 column 1 (char 0)
2026-06-10 18:40:41,758|line:347| error line:319
2026-06-10 18:40:41,759|line:533| *#*#*#*#*#*#*#*#*#*原动态处理失败*#*#*#*#*#*#*#*#*#
2026-06-10 18:40:41,759|line:519| https://t.bilibili.com/1212149724251947015
2026-06-10 18:40:44,764|line:346| Expecting value: line 1 column 1 (char 0)
2026-06-10 18:40:44,764|line:347| error line:319
2026-06-10 18:40:44,765|line:533| *#*#*#*#*#*#*#*#*#*原动态处理失败*#*#*#*#*#*#*#*#*#
2026-06-10 18:40:44,766|line:519| https://t.bilibili.com/1212130128472047640
2026-06-10 18:40:49,116|line:346| Expecting value: line 1 column 1 (char 0)
2026-06-10 18:40:49,116|line:347| error line:319
2026-06-10 18:40:49,117|line:533| *#*#*#*#*#*#*#*#*#*原动态处理失败*#*#*#*#*#*#*#*#*#
2026-06-10 18:40:49,117|line:519| https://t.bilibili.com/1212134262416867328
2026-06-10 18:40:51,717|line:346| Expecting value: line 1 column 1 (char 0)
2026-06-10 18:40:51,718|line:347| error line:319
2026-06-10 18:40:51,719|line:533| *#*#*#*#*#*#*#*#*#*原动态处理失败*#*#*#*#*#*#*#*#*#
2026-06-10 18:40:51,719|line:519| https://t.bilibili.com/1211871515607302194
2026-06-10 18:40:56,460|line:346| Expecting value: line 1 column 1 (char 0)
2026-06-10 18:40:56,461|line:347| error line:319
2026-06-10 18:40:56,462|line:533| *#*#*#*#*#*#*#*#*#*原动态处理失败*#*#*#*#*#*#*#*#*#
2026-06-10 18:40:56,462|line:519| https://t.bilibili.com/1210665383549206533
2026-06-10 18:40:57,847|line:346| Expecting value: line 1 column 1 (char 0)
2026-06-10 18:40:57,847|line:347| error line:319
2026-06-10 18:40:57,848|line:533| *#*#*#*#*#*#*#*#*#*原动态处理失败*#*#*#*#*#*#*#*#*#
2026-06-10 18:40:57,848|line:519| https://t.bilibili.com/1212118800541941783
2026-06-10 18:41:01,386|line:346| Expecting value: line 1 column 1 (char 0)
2026-06-10 18:41:01,386|line:347| error line:319
2026-06-10 18:41:01,387|line:533| *#*#*#*#*#*#*#*#*#*原动态处理失败*#*#*#*#*#*#*#*#*#
2026-06-10 18:41:01,388|line:519| https://t.bilibili.com/1211875275876335664
2026-06-10 18:41:02,719|line:346| Expecting value: line 1 column 1 (char 0)
2026-06-10 18:41:02,720|line:347| error line:319
2026-06-10 18:41:02,721|line:533| *#*#*#*#*#*#*#*#*#*原动态处理失败*#*#*#*#*#*#*#*#*#
2026-06-10 18:41:02,721|line:519| https://t.bilibili.com/1212178708872298505
2026-06-10 18:41:06,096|line:346| Expecting value: line 1 column 1 (char 0)
2026-06-10 18:41:06,096|line:347| error line:319
2026-06-10 18:41:06,097|line:533| *#*#*#*#*#*#*#*#*#*原动态处理失败*#*#*#*#*#*#*#*#*#
2026-06-10 18:41:06,098|line:519| https://t.bilibili.com/1212219302761988116
2026-06-10 18:41:09,430|line:346| Expecting value: line 1 column 1 (char 0)
2026-06-10 18:41:09,430|line:347| error line:319
2026-06-10 18:41:09,431|line:533| *#*#*#*#*#*#*#*#*#*原动态处理失败*#*#*#*#*#*#*#*#*#
2026-06-10 18:41:09,431|line:519| https://t.bilibili.com/1211871410387943427
2026-06-10 18:41:14,013|line:346| Expecting value: line 1 column 1 (char 0)
2026-06-10 18:41:14,014|line:347| error line:319
2026-06-10 18:41:14,015|line:533| *#*#*#*#*#*#*#*#*#*原动态处理失败*#*#*#*#*#*#*#*#*#
2026-06-10 18:41:14,015|line:519| https://t.bilibili.com/1212201038377910278
2026-06-10 18:41:15,387|line:346| Expecting value: line 1 column 1 (char 0)
2026-06-10 18:41:15,387|line:347| error line:319
2026-06-10 18:41:15,388|line:533| *#*#*#*#*#*#*#*#*#*原动态处理失败*#*#*#*#*#*#*#*#*#
2026-06-10 18:41:15,388|line:552| 执行结束
2026-06-10 18:41:15,388|line:556| 执行失败，错误数量为75
2026-06-10 18:41:15,389|line:558| ==================================================2026-06-11 02:41==================================================
2026-06-10 18:41:15,389|line:232| processing article 50341199
2026-06-10 18:41:19,311|line:507| ==================================================2026-06-11 02:41==================================================
2026-06-10 18:41:19,311|line:232| processing article 50340984
2026-06-10 18:41:22,491|line:507| ==================================================2026-06-11 02:41==================================================
2026-06-10 18:41:22,492|line:519| https://t.bilibili.com/1207789527177887830
2026-06-10 18:41:24,822|line:346| Expecting value: line 1 column 1 (char 0)
2026-06-10 18:41:24,823|line:347| error line:319
2026-06-10 18:41:24,823|line:533| *#*#*#*#*#*#*#*#*#*原动态处理失败*#*#*#*#*#*#*#*#*#
2026-06-10 18:41:24,824|line:519| https://t.bilibili.com/1205282773769650183
2026-06-10 18:41:26,154|line:346| Expecting value: line 1 column 1 (char 0)
2026-06-10 18:41:26,154|line:347| error line:319
2026-06-10 18:41:26,155|line:533| *#*#*#*#*#*#*#*#*#*原动态处理失败*#*#*#*#*#*#*#*#*#
2026-06-10 18:41:26,155|line:519| https://t.bilibili.com/1208925988417699846
2026-06-10 18:41:29,506|line:346| Expecting value: line 1 column 1 (char 0)
2026-06-10 18:41:29,506|line:347| error line:319
2026-06-10 18:41:29,507|line:533| *#*#*#*#*#*#*#*#*#*原动态处理失败*#*#*#*#*#*#*#*#*#
2026-06-10 18:41:29,507|line:519| https://t.bilibili.com/1208918205930668112
2026-06-10 18:41:30,879|line:346| Expecting value: line 1 column 1 (char 0)
2026-06-10 18:41:30,879|line:347| error line:319
2026-06-10 18:41:30,880|line:533| *#*#*#*#*#*#*#*#*#*原动态处理失败*#*#*#*#*#*#*#*#*#
2026-06-10 18:41:30,881|line:519| https://t.bilibili.com/1208796061349445633
2026-06-10 18:41:32,289|line:346| Expecting value: line 1 column 1 (char 0)
2026-06-10 18:41:32,289|line:347| error line:319
2026-06-10 18:41:32,290|line:533| *#*#*#*#*#*#*#*#*#*原动态处理失败*#*#*#*#*#*#*#*#*#
2026-06-10 18:41:32,291|line:519| https://t.bilibili.com/1210665836718587910
2026-06-10 18:41:36,659|line:346| Expecting value: line 1 column 1 (char 0)
2026-06-10 18:41:36,660|line:347| error line:319
2026-06-10 18:41:36,660|line:533| *#*#*#*#*#*#*#*#*#*原动态处理失败*#*#*#*#*#*#*#*#*#
2026-06-10 18:41:36,661|line:519| https://t.bilibili.com/1208565855396298839
2026-06-10 18:41:40,993|line:346| Expecting value: line 1 column 1 (char 0)
2026-06-10 18:41:40,993|line:347| error line:319
2026-06-10 18:41:40,994|line:533| *#*#*#*#*#*#*#*#*#*原动态处理失败*#*#*#*#*#*#*#*#*#
2026-06-10 18:41:40,994|line:519| https://t.bilibili.com/1186626367900352512
2026-06-10 18:41:45,375|line:346| Expecting value: line 1 column 1 (char 0)
2026-06-10 18:41:45,375|line:347| error line:319
2026-06-10 18:41:45,376|line:533| *#*#*#*#*#*#*#*#*#*原动态处理失败*#*#*#*#*#*#*#*#*#
2026-06-10 18:41:45,376|line:519| https://t.bilibili.com/1200367815114096688
2026-06-10 18:41:47,757|line:346| Expecting value: line 1 column 1 (char 0)
2026-06-10 18:41:47,757|line:347| error line:319
2026-06-10 18:41:47,758|line:533| *#*#*#*#*#*#*#*#*#*原动态处理失败*#*#*#*#*#*#*#*#*#
2026-06-10 18:41:47,758|line:519| https://t.bilibili.com/1211492682325557299
2026-06-10 18:41:50,377|line:346| Expecting value: line 1 column 1 (char 0)
2026-06-10 18:41:50,378|line:347| error line:319
2026-06-10 18:41:50,379|line:533| *#*#*#*#*#*#*#*#*#*原动态处理失败*#*#*#*#*#*#*#*#*#
2026-06-10 18:41:50,379|line:519| https://t.bilibili.com/1208902786960326677
2026-06-10 18:41:52,707|line:346| Expecting value: line 1 column 1 (char 0)
2026-06-10 18:41:52,707|line:347| error line:319
2026-06-10 18:41:52,708|line:533| *#*#*#*#*#*#*#*#*#*原动态处理失败*#*#*#*#*#*#*#*#*#
2026-06-10 18:41:52,709|line:519| https://t.bilibili.com/1209552825968754694
2026-06-10 18:41:57,045|line:346| Expecting value: line 1 column 1 (char 0)
2026-06-10 18:41:57,045|line:347| error line:319
2026-06-10 18:41:57,046|line:533| *#*#*#*#*#*#*#*#*#*原动态处理失败*#*#*#*#*#*#*#*#*#
2026-06-10 18:41:57,046|line:519| https://t.bilibili.com/1211412512484884519
2026-06-10 18:41:59,578|line:346| Expecting value: line 1 column 1 (char 0)
2026-06-10 18:41:59,578|line:347| error line:319
2026-06-10 18:41:59,579|line:533| *#*#*#*#*#*#*#*#*#*原动态处理失败*#*#*#*#*#*#*#*#*#
2026-06-10 18:41:59,580|line:519| https://t.bilibili.com/1209173339855126534
2026-06-10 18:42:02,154|line:346| Expecting value: line 1 column 1 (char 0)
2026-06-10 18:42:02,154|line:347| error line:319
2026-06-10 18:42:02,155|line:533| *#*#*#*#*#*#*#*#*#*原动态处理失败*#*#*#*#*#*#*#*#*#
2026-06-10 18:42:02,155|line:519| https://t.bilibili.com/1202842313259221016
2026-06-10 18:42:03,566|line:346| Expecting value: line 1 column 1 (char 0)
2026-06-10 18:42:03,566|line:347| error line:319
2026-06-10 18:42:03,567|line:533| *#*#*#*#*#*#*#*#*#*原动态处理失败*#*#*#*#*#*#*#*#*#
2026-06-10 18:42:03,567|line:519| https://t.bilibili.com/1208902761190522883
2026-06-10 18:42:05,176|line:346| Expecting value: line 1 column 1 (char 0)
2026-06-10 18:42:05,176|line:347| error line:319
2026-06-10 18:42:05,177|line:533| *#*#*#*#*#*#*#*#*#*原动态处理失败*#*#*#*#*#*#*#*#*#
2026-06-10 18:42:05,177|line:519| https://t.bilibili.com/1211908649881960454
2026-06-10 18:42:07,547|line:346| Expecting value: line 1 column 1 (char 0)
2026-06-10 18:42:07,547|line:347| error line:319
2026-06-10 18:42:07,548|line:533| *#*#*#*#*#*#*#*#*#*原动态处理失败*#*#*#*#*#*#*#*#*#
2026-06-10 18:42:07,548|line:519| https://t.bilibili.com/1211844925449043977
2026-06-10 18:42:09,876|line:346| Expecting value: line 1 column 1 (char 0)
2026-06-10 18:42:09,876|line:347| error line:319
2026-06-10 18:42:09,877|line:533| *#*#*#*#*#*#*#*#*#*原动态处理失败*#*#*#*#*#*#*#*#*#
2026-06-10 18:42:09,877|line:519| https://t.bilibili.com/1208905698939764759
2026-06-10 18:42:11,464|line:346| Expecting value: line 1 column 1 (char 0)
2026-06-10 18:42:11,464|line:347| error line:319
2026-06-10 18:42:11,465|line:533| *#*#*#*#*#*#*#*#*#*原动态处理失败*#*#*#*#*#*#*#*#*#
2026-06-10 18:42:11,465|line:519| https://t.bilibili.com/1211413152389922824
2026-06-10 18:42:12,832|line:346| Expecting value: line 1 column 1 (char 0)
2026-06-10 18:42:12,833|line:347| error line:319
2026-06-10 18:42:12,833|line:533| *#*#*#*#*#*#*#*#*#*原动态处理失败*#*#*#*#*#*#*#*#*#
2026-06-10 18:42:12,834|line:519| https://t.bilibili.com/1207325644945358888
2026-06-10 18:42:16,415|line:346| Expecting value: line 1 column 1 (char 0)
2026-06-10 18:42:16,415|line:347| error line:319
2026-06-10 18:42:16,416|line:533| *#*#*#*#*#*#*#*#*#*原动态处理失败*#*#*#*#*#*#*#*#*#
2026-06-10 18:42:16,417|line:519| https://t.bilibili.com/1211101342070734866
2026-06-10 18:42:18,745|line:346| Expecting value: line 1 column 1 (char 0)
2026-06-10 18:42:18,746|line:347| error line:319
2026-06-10 18:42:18,746|line:533| *#*#*#*#*#*#*#*#*#*原动态处理失败*#*#*#*#*#*#*#*#*#
2026-06-10 18:42:18,747|line:519| https://t.bilibili.com/1211485136039706640
2026-06-10 18:42:21,342|line:346| Expecting value: line 1 column 1 (char 0)
2026-06-10 18:42:21,343|line:347| error line:319
2026-06-10 18:42:21,343|line:533| *#*#*#*#*#*#*#*#*#*原动态处理失败*#*#*#*#*#*#*#*#*#
2026-06-10 18:42:21,344|line:519| https://t.bilibili.com/1208451995793358872
2026-06-10 18:42:22,722|line:346| Expecting value: line 1 column 1 (char 0)
2026-06-10 18:42:22,722|line:347| error line:319
2026-06-10 18:42:22,723|line:533| *#*#*#*#*#*#*#*#*#*原动态处理失败*#*#*#*#*#*#*#*#*#
2026-06-10 18:42:22,724|line:519| https://t.bilibili.com/1210990617826426916
2026-06-10 18:42:25,050|line:346| Expecting value: line 1 column 1 (char 0)
2026-06-10 18:42:25,050|line:347| error line:319
2026-06-10 18:42:25,051|line:533| *#*#*#*#*#*#*#*#*#*原动态处理失败*#*#*#*#*#*#*#*#*#
2026-06-10 18:42:25,051|line:519| https://t.bilibili.com/1208779744742473746
2026-06-10 18:42:28,438|line:346| Expecting value: line 1 column 1 (char 0)
2026-06-10 18:42:28,439|line:347| error line:319
2026-06-10 18:42:28,440|line:533| *#*#*#*#*#*#*#*#*#*原动态处理失败*#*#*#*#*#*#*#*#*#
2026-06-10 18:42:28,440|line:519| https://t.bilibili.com/1207697206825451545
2026-06-10 18:42:30,017|line:346| Expecting value: line 1 column 1 (char 0)
2026-06-10 18:42:30,017|line:347| error line:319
2026-06-10 18:42:30,018|line:533| *#*#*#*#*#*#*#*#*#*原动态处理失败*#*#*#*#*#*#*#*#*#
2026-06-10 18:42:30,018|line:519| https://t.bilibili.com/1211500383211356215
2026-06-10 18:42:34,388|line:346| Expecting value: line 1 column 1 (char 0)
2026-06-10 18:42:34,389|line:347| error line:319
2026-06-10 18:42:34,390|line:533| *#*#*#*#*#*#*#*#*#*原动态处理失败*#*#*#*#*#*#*#*#*#
2026-06-10 18:42:34,390|line:519| https://t.bilibili.com/1201479863740923906
2026-06-10 18:42:38,959|line:346| Expecting value: line 1 column 1 (char 0)
2026-06-10 18:42:38,959|line:347| error line:319
2026-06-10 18:42:38,960|line:533| *#*#*#*#*#*#*#*#*#*原动态处理失败*#*#*#*#*#*#*#*#*#
2026-06-10 18:42:38,961|line:519| https://t.bilibili.com/1212135149272039429
2026-06-10 18:42:43,344|line:346| Expecting value: line 1 column 1 (char 0)
2026-06-10 18:42:43,344|line:347| error line:319
2026-06-10 18:42:43,345|line:533| *#*#*#*#*#*#*#*#*#*原动态处理失败*#*#*#*#*#*#*#*#*#
2026-06-10 18:42:43,345|line:519| https://t.bilibili.com/1211453946000834609
2026-06-10 18:42:44,708|line:346| Expecting value: line 1 column 1 (char 0)
2026-06-10 18:42:44,709|line:347| error line:319
2026-06-10 18:42:44,710|line:533| *#*#*#*#*#*#*#*#*#*原动态处理失败*#*#*#*#*#*#*#*#*#
2026-06-10 18:42:44,710|line:519| https://t.bilibili.com/1210731931966111753
2026-06-10 18:42:46,090|line:346| Expecting value: line 1 column 1 (char 0)
2026-06-10 18:42:46,090|line:347| error line:319
2026-06-10 18:42:46,091|line:533| *#*#*#*#*#*#*#*#*#*原动态处理失败*#*#*#*#*#*#*#*#*#
2026-06-10 18:42:46,092|line:519| https://t.bilibili.com/1181550717276520456
2026-06-10 18:42:47,471|line:346| Expecting value: line 1 column 1 (char 0)
2026-06-10 18:42:47,471|line:347| error line:319
2026-06-10 18:42:47,472|line:533| *#*#*#*#*#*#*#*#*#*原动态处理失败*#*#*#*#*#*#*#*#*#
2026-06-10 18:42:47,472|line:519| https://t.bilibili.com/1211547365842878480
2026-06-10 18:42:51,824|line:346| Expecting value: line 1 column 1 (char 0)
2026-06-10 18:42:51,825|line:347| error line:319
2026-06-10 18:42:51,826|line:533| *#*#*#*#*#*#*#*#*#*原动态处理失败*#*#*#*#*#*#*#*#*#
2026-06-10 18:42:51,826|line:519| https://t.bilibili.com/1191507830161539089
2026-06-10 18:42:53,195|line:346| Expecting value: line 1 column 1 (char 0)
2026-06-10 18:42:53,195|line:347| error line:319
2026-06-10 18:42:53,196|line:533| *#*#*#*#*#*#*#*#*#*原动态处理失败*#*#*#*#*#*#*#*#*#
2026-06-10 18:42:53,196|line:519| https://t.bilibili.com/1205566482148229153
2026-06-10 18:42:54,792|line:346| Expecting value: line 1 column 1 (char 0)
2026-06-10 18:42:54,792|line:347| error line:319
2026-06-10 18:42:54,793|line:533| *#*#*#*#*#*#*#*#*#*原动态处理失败*#*#*#*#*#*#*#*#*#
2026-06-10 18:42:54,793|line:519| https://t.bilibili.com/1211472586167287811
2026-06-10 18:42:58,199|line:346| Expecting value: line 1 column 1 (char 0)
2026-06-10 18:42:58,199|line:347| error line:319
2026-06-10 18:42:58,200|line:533| *#*#*#*#*#*#*#*#*#*原动态处理失败*#*#*#*#*#*#*#*#*#
2026-06-10 18:42:58,200|line:519| https://t.bilibili.com/1208900570760347651
2026-06-10 18:43:01,580|line:346| Expecting value: line 1 column 1 (char 0)
2026-06-10 18:43:01,580|line:347| error line:319
2026-06-10 18:43:01,581|line:533| *#*#*#*#*#*#*#*#*#*原动态处理失败*#*#*#*#*#*#*#*#*#
2026-06-10 18:43:01,581|line:519| https://t.bilibili.com/1196948561587077123
2026-06-10 18:43:05,324|line:346| Expecting value: line 1 column 1 (char 0)
2026-06-10 18:43:05,324|line:347| error line:319
2026-06-10 18:43:05,325|line:533| *#*#*#*#*#*#*#*#*#*原动态处理失败*#*#*#*#*#*#*#*#*#
2026-06-10 18:43:05,325|line:552| 执行结束
2026-06-10 18:43:05,325|line:556| 执行失败，错误数量为39
2026-06-10 18:43:05,326|line:558| ==================================================2026-06-11 02:43==================================================
2026-06-10 18:43:05,326|line:232| processing article 50296725
2026-06-10 18:43:07,460|line:507| ==================================================2026-06-11 02:43==================================================
2026-06-10 18:43:07,460|line:232| processing article 50292871
2026-06-10 18:43:11,132|line:507| ==================================================2026-06-11 02:43==================================================
2026-06-10 18:43:11,132|line:232| processing article 50275774
2026-06-10 18:43:15,512|line:507| ==================================================2026-06-11 02:43==================================================
2026-06-10 18:43:15,513|line:519| https://t.bilibili.com/1207104222185652247
2026-06-10 18:43:17,843|line:346| Expecting value: line 1 column 1 (char 0)
2026-06-10 18:43:17,843|line:347| error line:319
2026-06-10 18:43:17,844|line:533| *#*#*#*#*#*#*#*#*#*原动态处理失败*#*#*#*#*#*#*#*#*#
2026-06-10 18:43:17,844|line:519| https://t.bilibili.com/1205282773769650183
2026-06-10 18:43:19,174|line:346| Expecting value: line 1 column 1 (char 0)
2026-06-10 18:43:19,175|line:347| error line:319
2026-06-10 18:43:19,176|line:533| *#*#*#*#*#*#*#*#*#*原动态处理失败*#*#*#*#*#*#*#*#*#
2026-06-10 18:43:19,176|line:519| https://t.bilibili.com/1208556385012285480
2026-06-10 18:43:22,760|line:346| Expecting value: line 1 column 1 (char 0)
2026-06-10 18:43:22,760|line:347| error line:319
2026-06-10 18:43:22,761|line:533| *#*#*#*#*#*#*#*#*#*原动态处理失败*#*#*#*#*#*#*#*#*#
2026-06-10 18:43:22,762|line:519| https://t.bilibili.com/1208483967571853318
2026-06-10 18:43:26,131|line:346| Expecting value: line 1 column 1 (char 0)
2026-06-10 18:43:26,131|line:347| error line:319
2026-06-10 18:43:26,132|line:533| *#*#*#*#*#*#*#*#*#*原动态处理失败*#*#*#*#*#*#*#*#*#
2026-06-10 18:43:26,132|line:519| https://t.bilibili.com/1208770897123475476
2026-06-10 18:43:28,463|line:346| Expecting value: line 1 column 1 (char 0)
2026-06-10 18:43:28,463|line:347| error line:319
2026-06-10 18:43:28,464|line:533| *#*#*#*#*#*#*#*#*#*原动态处理失败*#*#*#*#*#*#*#*#*#
2026-06-10 18:43:28,464|line:519| https://t.bilibili.com/1201344971685232643
2026-06-10 18:43:32,837|line:346| Expecting value: line 1 column 1 (char 0)
2026-06-10 18:43:32,837|line:347| error line:319
2026-06-10 18:43:32,838|line:533| *#*#*#*#*#*#*#*#*#*原动态处理失败*#*#*#*#*#*#*#*#*#
2026-06-10 18:43:32,838|line:519| https://t.bilibili.com/1211148140074237953
2026-06-10 18:43:34,200|line:346| Expecting value: line 1 column 1 (char 0)
2026-06-10 18:43:34,200|line:347| error line:319
2026-06-10 18:43:34,201|line:533| *#*#*#*#*#*#*#*#*#*原动态处理失败*#*#*#*#*#*#*#*#*#
2026-06-10 18:43:34,201|line:519| https://t.bilibili.com/1210812801872822281
2026-06-10 18:43:37,592|line:346| Expecting value: line 1 column 1 (char 0)
2026-06-10 18:43:37,592|line:347| error line:319
2026-06-10 18:43:37,593|line:533| *#*#*#*#*#*#*#*#*#*原动态处理失败*#*#*#*#*#*#*#*#*#
2026-06-10 18:43:37,593|line:519| https://t.bilibili.com/1210294330597572643
2026-06-10 18:43:41,173|line:346| Expecting value: line 1 column 1 (char 0)
2026-06-10 18:43:41,173|line:347| error line:319
2026-06-10 18:43:41,174|line:533| *#*#*#*#*#*#*#*#*#*原动态处理失败*#*#*#*#*#*#*#*#*#
2026-06-10 18:43:41,174|line:519| https://t.bilibili.com/1209367631260286980
2026-06-10 18:43:45,544|line:346| Expecting value: line 1 column 1 (char 0)
2026-06-10 18:43:45,544|line:347| error line:319
2026-06-10 18:43:45,545|line:533| *#*#*#*#*#*#*#*#*#*原动态处理失败*#*#*#*#*#*#*#*#*#
2026-06-10 18:43:45,545|line:519| https://t.bilibili.com/1179220783407300610
2026-06-10 18:43:48,884|line:346| Expecting value: line 1 column 1 (char 0)
2026-06-10 18:43:48,884|line:347| error line:319
2026-06-10 18:43:48,885|line:533| *#*#*#*#*#*#*#*#*#*原动态处理失败*#*#*#*#*#*#*#*#*#
2026-06-10 18:43:48,885|line:519| https://t.bilibili.com/1208451995793358872
2026-06-10 18:43:52,419|line:346| Expecting value: line 1 column 1 (char 0)
2026-06-10 18:43:52,419|line:347| error line:319
2026-06-10 18:43:52,420|line:533| *#*#*#*#*#*#*#*#*#*原动态处理失败*#*#*#*#*#*#*#*#*#
2026-06-10 18:43:52,420|line:519| https://t.bilibili.com/1206976004501798921
2026-06-10 18:43:56,812|line:346| Expecting value: line 1 column 1 (char 0)
2026-06-10 18:43:56,813|line:347| error line:319
2026-06-10 18:43:56,814|line:533| *#*#*#*#*#*#*#*#*#*原动态处理失败*#*#*#*#*#*#*#*#*#
2026-06-10 18:43:56,814|line:519| https://t.bilibili.com/1211500383211356215
2026-06-10 18:44:01,206|line:346| Expecting value: line 1 column 1 (char 0)
2026-06-10 18:44:01,207|line:347| error line:319
2026-06-10 18:44:01,208|line:533| *#*#*#*#*#*#*#*#*#*原动态处理失败*#*#*#*#*#*#*#*#*#
2026-06-10 18:44:01,208|line:519| https://t.bilibili.com/1203368485370986504
2026-06-10 18:44:02,591|line:346| Expecting value: line 1 column 1 (char 0)
2026-06-10 18:44:02,591|line:347| error line:319
2026-06-10 18:44:02,592|line:533| *#*#*#*#*#*#*#*#*#*原动态处理失败*#*#*#*#*#*#*#*#*#
2026-06-10 18:44:02,593|line:519| https://t.bilibili.com/1201479863740923906
2026-06-10 18:44:06,962|line:346| Expecting value: line 1 column 1 (char 0)
2026-06-10 18:44:06,962|line:347| error line:319
2026-06-10 18:44:06,963|line:533| *#*#*#*#*#*#*#*#*#*原动态处理失败*#*#*#*#*#*#*#*#*#
2026-06-10 18:44:06,963|line:519| https://t.bilibili.com/1211499644457058307
2026-06-10 18:44:09,546|line:346| Expecting value: line 1 column 1 (char 0)
2026-06-10 18:44:09,546|line:347| error line:319
2026-06-10 18:44:09,547|line:533| *#*#*#*#*#*#*#*#*#*原动态处理失败*#*#*#*#*#*#*#*#*#
2026-06-10 18:44:09,547|line:519| https://t.bilibili.com/1211773293990772742
2026-06-10 18:44:11,934|line:346| Expecting value: line 1 column 1 (char 0)
2026-06-10 18:44:11,934|line:347| error line:319
2026-06-10 18:44:11,935|line:533| *#*#*#*#*#*#*#*#*#*原动态处理失败*#*#*#*#*#*#*#*#*#
2026-06-10 18:44:11,936|line:519| https://t.bilibili.com/1207824522528423939
2026-06-10 18:44:14,320|line:346| Expecting value: line 1 column 1 (char 0)
2026-06-10 18:44:14,320|line:347| error line:319
2026-06-10 18:44:14,321|line:533| *#*#*#*#*#*#*#*#*#*原动态处理失败*#*#*#*#*#*#*#*#*#
2026-06-10 18:44:14,322|line:519| https://t.bilibili.com/1202470618203684965
2026-06-10 18:44:16,717|line:346| Expecting value: line 1 column 1 (char 0)
2026-06-10 18:44:16,718|line:347| error line:319
2026-06-10 18:44:16,719|line:533| *#*#*#*#*#*#*#*#*#*原动态处理失败*#*#*#*#*#*#*#*#*#
2026-06-10 18:44:16,719|line:519| https://t.bilibili.com/1201367344151003137
2026-06-10 18:44:20,089|line:346| Expecting value: line 1 column 1 (char 0)
2026-06-10 18:44:20,089|line:347| error line:319
2026-06-10 18:44:20,090|line:533| *#*#*#*#*#*#*#*#*#*原动态处理失败*#*#*#*#*#*#*#*#*#
2026-06-10 18:44:20,091|line:519| https://t.bilibili.com/1196673726570037268
2026-06-10 18:44:21,473|line:346| Expecting value: line 1 column 1 (char 0)
2026-06-10 18:44:21,473|line:347| error line:319
2026-06-10 18:44:21,474|line:533| *#*#*#*#*#*#*#*#*#*原动态处理失败*#*#*#*#*#*#*#*#*#
2026-06-10 18:44:21,474|line:552| 执行结束
2026-06-10 18:44:21,474|line:556| 执行失败，错误数量为22
2026-06-10 18:44:21,474|line:558| ==================================================2026-06-11 02:44==================================================
2026-06-10 18:44:21,474|line:232| processing article 50275359
2026-06-10 18:44:26,945|line:507| ==================================================2026-06-11 02:44==================================================
2026-06-10 18:44:26,945|line:519| https://t.bilibili.com/1211392686882291713
2026-06-10 18:44:31,318|line:346| Expecting value: line 1 column 1 (char 0)
2026-06-10 18:44:31,318|line:347| error line:319
2026-06-10 18:44:31,319|line:533| *#*#*#*#*#*#*#*#*#*原动态处理失败*#*#*#*#*#*#*#*#*#
2026-06-10 18:44:31,320|line:519| https://t.bilibili.com/1205282773769650183
2026-06-10 18:44:33,693|line:346| Expecting value: line 1 column 1 (char 0)
2026-06-10 18:44:33,693|line:347| error line:319
2026-06-10 18:44:33,694|line:533| *#*#*#*#*#*#*#*#*#*原动态处理失败*#*#*#*#*#*#*#*#*#
2026-06-10 18:44:33,694|line:519| https://t.bilibili.com/1207310174457430024
2026-06-10 18:44:38,064|line:346| Expecting value: line 1 column 1 (char 0)
2026-06-10 18:44:38,065|line:347| error line:319
2026-06-10 18:44:38,066|line:533| *#*#*#*#*#*#*#*#*#*原动态处理失败*#*#*#*#*#*#*#*#*#
2026-06-10 18:44:38,066|line:519| https://t.bilibili.com/1211148140074237953
2026-06-10 18:44:41,445|line:346| Expecting value: line 1 column 1 (char 0)
2026-06-10 18:44:41,445|line:347| error line:319
2026-06-10 18:44:41,446|line:533| *#*#*#*#*#*#*#*#*#*原动态处理失败*#*#*#*#*#*#*#*#*#
2026-06-10 18:44:41,446|line:519| https://t.bilibili.com/1189142449895768083
2026-06-10 18:44:42,911|line:346| Expecting value: line 1 column 1 (char 0)
2026-06-10 18:44:42,911|line:347| error line:319
2026-06-10 18:44:42,912|line:533| *#*#*#*#*#*#*#*#*#*原动态处理失败*#*#*#*#*#*#*#*#*#
2026-06-10 18:44:42,912|line:519| https://t.bilibili.com/1208848618884169736
2026-06-10 18:44:46,304|line:346| Expecting value: line 1 column 1 (char 0)
2026-06-10 18:44:46,305|line:347| error line:319
2026-06-10 18:44:46,306|line:533| *#*#*#*#*#*#*#*#*#*原动态处理失败*#*#*#*#*#*#*#*#*#
2026-06-10 18:44:46,306|line:519| https://t.bilibili.com/1208813812438794273
2026-06-10 18:44:48,687|line:346| Expecting value: line 1 column 1 (char 0)
2026-06-10 18:44:48,688|line:347| error line:319
2026-06-10 18:44:48,688|line:533| *#*#*#*#*#*#*#*#*#*原动态处理失败*#*#*#*#*#*#*#*#*#
2026-06-10 18:44:48,689|line:519| https://t.bilibili.com/1208780436277297161
2026-06-10 18:44:51,269|line:346| Expecting value: line 1 column 1 (char 0)
2026-06-10 18:44:51,269|line:347| error line:319
2026-06-10 18:44:51,270|line:533| *#*#*#*#*#*#*#*#*#*原动态处理失败*#*#*#*#*#*#*#*#*#
2026-06-10 18:44:51,270|line:519| https://t.bilibili.com/1211101342070734866
2026-06-10 18:44:54,850|line:346| Expecting value: line 1 column 1 (char 0)
2026-06-10 18:44:54,851|line:347| error line:319
2026-06-10 18:44:54,852|line:533| *#*#*#*#*#*#*#*#*#*原动态处理失败*#*#*#*#*#*#*#*#*#
2026-06-10 18:44:54,852|line:519| https://t.bilibili.com/1211036518142967825
2026-06-10 18:44:59,452|line:346| Expecting value: line 1 column 1 (char 0)
2026-06-10 18:44:59,452|line:347| error line:319
2026-06-10 18:44:59,453|line:533| *#*#*#*#*#*#*#*#*#*原动态处理失败*#*#*#*#*#*#*#*#*#
2026-06-10 18:44:59,453|line:519| https://t.bilibili.com/1208438986318544912
2026-06-10 18:45:01,848|line:346| Expecting value: line 1 column 1 (char 0)
2026-06-10 18:45:01,848|line:347| error line:319
2026-06-10 18:45:01,849|line:533| *#*#*#*#*#*#*#*#*#*原动态处理失败*#*#*#*#*#*#*#*#*#
2026-06-10 18:45:01,849|line:519| https://t.bilibili.com/1208451995793358872
2026-06-10 18:45:04,433|line:346| Expecting value: line 1 column 1 (char 0)
2026-06-10 18:45:04,434|line:347| error line:319
2026-06-10 18:45:04,435|line:533| *#*#*#*#*#*#*#*#*#*原动态处理失败*#*#*#*#*#*#*#*#*#
2026-06-10 18:45:04,435|line:519| https://t.bilibili.com/1207682015561777188
2026-06-10 18:45:08,829|line:346| Expecting value: line 1 column 1 (char 0)
2026-06-10 18:45:08,829|line:347| error line:319
2026-06-10 18:45:08,830|line:533| *#*#*#*#*#*#*#*#*#*原动态处理失败*#*#*#*#*#*#*#*#*#
2026-06-10 18:45:08,830|line:519| https://t.bilibili.com/1211500383211356215
2026-06-10 18:45:12,412|line:346| Expecting value: line 1 column 1 (char 0)
2026-06-10 18:45:12,412|line:347| error line:319
2026-06-10 18:45:12,413|line:533| *#*#*#*#*#*#*#*#*#*原动态处理失败*#*#*#*#*#*#*#*#*#
2026-06-10 18:45:12,413|line:519| https://t.bilibili.com/1201479863740923906
2026-06-10 18:45:15,794|line:346| Expecting value: line 1 column 1 (char 0)
2026-06-10 18:45:15,794|line:347| error line:319
2026-06-10 18:45:15,795|line:533| *#*#*#*#*#*#*#*#*#*原动态处理失败*#*#*#*#*#*#*#*#*#
2026-06-10 18:45:15,796|line:519| https://t.bilibili.com/1211499644457058307
2026-06-10 18:45:17,397|line:346| Expecting value: line 1 column 1 (char 0)
2026-06-10 18:45:17,397|line:347| error line:319
2026-06-10 18:45:17,398|line:533| *#*#*#*#*#*#*#*#*#*原动态处理失败*#*#*#*#*#*#*#*#*#
2026-06-10 18:45:17,398|line:519| https://t.bilibili.com/1211773293990772742
2026-06-10 18:45:20,750|line:346| Expecting value: line 1 column 1 (char 0)
2026-06-10 18:45:20,750|line:347| error line:319
2026-06-10 18:45:20,751|line:533| *#*#*#*#*#*#*#*#*#*原动态处理失败*#*#*#*#*#*#*#*#*#
2026-06-10 18:45:20,751|line:519| https://t.bilibili.com/1210731931966111753
2026-06-10 18:45:24,132|line:346| Expecting value: line 1 column 1 (char 0)
2026-06-10 18:45:24,132|line:347| error line:319
2026-06-10 18:45:24,133|line:533| *#*#*#*#*#*#*#*#*#*原动态处理失败*#*#*#*#*#*#*#*#*#
2026-06-10 18:45:24,133|line:519| https://t.bilibili.com/1206569404279554051
2026-06-10 18:45:25,490|line:346| Expecting value: line 1 column 1 (char 0)
2026-06-10 18:45:25,490|line:347| error line:319
2026-06-10 18:45:25,491|line:533| *#*#*#*#*#*#*#*#*#*原动态处理失败*#*#*#*#*#*#*#*#*#
2026-06-10 18:45:25,491|line:519| https://t.bilibili.com/1210360683533697032
2026-06-10 18:45:29,828|line:346| Expecting value: line 1 column 1 (char 0)
2026-06-10 18:45:29,828|line:347| error line:319
2026-06-10 18:45:29,829|line:533| *#*#*#*#*#*#*#*#*#*原动态处理失败*#*#*#*#*#*#*#*#*#
2026-06-10 18:45:29,830|line:519| https://t.bilibili.com/1211472586167287811
2026-06-10 18:45:31,157|line:346| Expecting value: line 1 column 1 (char 0)
2026-06-10 18:45:31,157|line:347| error line:319
2026-06-10 18:45:31,158|line:533| *#*#*#*#*#*#*#*#*#*原动态处理失败*#*#*#*#*#*#*#*#*#
2026-06-10 18:45:31,158|line:519| https://t.bilibili.com/1202470618203684965
2026-06-10 18:45:35,561|line:346| Expecting value: line 1 column 1 (char 0)
2026-06-10 18:45:35,561|line:347| error line:319
2026-06-10 18:45:35,562|line:533| *#*#*#*#*#*#*#*#*#*原动态处理失败*#*#*#*#*#*#*#*#*#
2026-06-10 18:45:35,563|line:519| https://t.bilibili.com/1206939089307172920
2026-06-10 18:45:38,175|line:346| Expecting value: line 1 column 1 (char 0)
2026-06-10 18:45:38,175|line:347| error line:319
2026-06-10 18:45:38,176|line:533| *#*#*#*#*#*#*#*#*#*原动态处理失败*#*#*#*#*#*#*#*#*#
2026-06-10 18:45:38,177|line:519| https://t.bilibili.com/1211040113013817384
2026-06-10 18:45:41,566|line:346| Expecting value: line 1 column 1 (char 0)
2026-06-10 18:45:41,566|line:347| error line:319
2026-06-10 18:45:41,567|line:533| *#*#*#*#*#*#*#*#*#*原动态处理失败*#*#*#*#*#*#*#*#*#
2026-06-10 18:45:41,567|line:552| 执行结束
2026-06-10 18:45:41,567|line:556| 执行失败，错误数量为24
2026-06-10 18:45:41,567|line:558| ==================================================2026-06-11 02:45==================================================
2026-06-10 18:45:49,178|line:578| ('reply: ', '榄菊官方', '[给心心]')
2026-06-10 18:45:49,178|line:578| ('reply: ', '吓死我啦芙莱', '并不是')
2026-06-10 18:45:49,178|line:578| ('reply: ', '花生十三-公考行测', '68')
2026-06-10 18:45:49,178|line:578| ('reply: ', '三鹿七茸猫尾巴', '[夏诺雅表情包_？？？]')
2026-06-10 18:45:49,178|line:578| ('reply: ', '小闪闪bling', 'hhh腾子买库洛让我感觉他自己有点不太想出大世界了')
2026-06-10 18:45:49,178|line:578| ('reply: ', '不修车的丸山彩', '不是，这……')
2026-06-10 18:45:49,178|line:578| ('reply: ', '好像都是一个人', '你在说什么')
2026-06-10 18:45:49,178|line:578| ('reply: ', '目标咨询', '太宠粉了啊')
2026-06-10 18:45:49,178|line:578| ('reply: ', '数玩工场', '祝你成功')
2026-06-10 18:45:49,179|line:578| ('reply: ', '益家有小佰', '恭喜宝子，获得小电视月度会员1份和克刻冰冰猴喉糖随机口味1份～记得私信小佰提供信息哦~')
2026-06-10 18:45:49,179|line:578| ('reply: ', '圆环之理-Madoka', '是的')
2026-06-10 18:45:49,179|line:578| ('reply: ', '兰的三姨', '这就是银河巨星的实力！')
2026-06-10 18:45:49,179|line:578| ('reply: ', '花园百合铃音', '有男不玩，我只吃麻辣火锅，xxn滚[吃瓜]')
2026-06-10 18:45:49,179|line:578| ('reply: ', '是绝赞的阿鬼', '[tv_难过]')
2026-06-10 18:45:49,179|line:578| ('reply: ', '桃稚不幼稚', '还行')
2026-06-10 18:45:49,179|line:578| ('reply: ', '陌罔子吖', '佬，这个报名有啥条件不。最近太非了，想下次报来抽[脱单doge][脱单doge][脱单doge]')
2026-06-10 18:45:49,179|line:578| ('reply: ', '太二酸菜鱼', '恭喜成为本期欧皇[打call]获得【肥龙联名显眼包】1份，在收到本信息的两天内回复哥的私信哦~逾期哥就自己收啦！[脱单doge]')
2026-06-10 18:45:49,179|line:578| ('reply: ', '得一想二的松鼠', '中奖分我一半')
2026-06-10 18:45:49,179|line:578| ('reply: ', '佑凉Uriyoo', '谢谢！！！[UP_24967030_感恩]')
2026-06-10 18:45:49,179|line:578| ('reply: ', '岛莓祁', '好耶')
2026-06-10 18:45:52,788|line:587| ('at: ', '电脑报', '恭喜@小小Shaun UID：1090970340，@-叶晓吖  UID：22437099  获得 【电竞大礼包】1份， 请在三日内私信我')
2026-06-10 18:45:52,788|line:587| ('at: ', '联想拯救者官方', '是我喜欢的奖品名单 直接开奖 上 趁现在没人偷摸开个奖 恭喜这些小伙伴 【拯救者7.1声卡H7游戏耳机】获奖名单 @泪水打湿猪脚饭o @xoomoon @小小Shaun @T山海连云T @超超超超薄脆饼干 @BerboomC 【拯救者C140氮化镓适配器】获奖名单 @改个天凉好个秋 @夜猫子牙不好 @LLL好久不见 @林殇倾慕婉 @今天也要拥抱微风 @洳不及我万一 @胜利の天平 【白金独角兽电竞鼠标】获奖名单 @底片上的诗旅人 【拯救者C170氮化镓适配器】获奖名单 @麦當劳无限好 @無名丶の辈 @任性的提莫 @广东有暖风 由于B站私信规则修改 我会私信中奖的小伙伴一条消息，还请注意查收并回复我您的收货地址与联系方式，奖品基本会在私信您信息后的三十个工作日内发货')
2026-06-10 18:45:52,789|line:587| ('at: ', 'Apexgaming艾湃电竞', '恭喜 @小小Shaun 获得饮料一份，三天内联系我，过时不候！')
2026-06-10 18:45:52,789|line:587| ('at: ', '喜欢白毛有什么不好', '1 @浪子游2fans6@被_____打下来的飞机@拉斯特臣后面一个点@专心致志的学生@猫猫头OmMeow@小小Shaun@龐門左道@啦啦痴痴腻@bili_66938050009@日月星辰668')
2026-06-10 18:45:52,789|line:587| ('at: ', 'iKF蓝牙耳机', '恭喜@小小Shaun 宝子成为苏泊尔福利动态幸运儿！\n注意：即日起72小时内回复信息确认领奖哦！逾期将自动视为放弃中奖资格。\n没有中奖的宝子们不要气馁，参与一下下置顶视频iKF Mars，增加欧气值，说不定下个幸运儿就是你！\n链接：\nhttps://www.bilibili.com/video/BV1Soo6YLEHZ/?spm_id_from=333.1387.list.card_archive.click&vd_source=21fb0967ccc75e6b3b2447ade2c740dd\n还没参与抽奖的宝子们，赶紧点击上方链接参与吧！还有特别福利惊喜等你哦~')
2026-06-10 18:45:52,789|line:587| ('at: ', 'wellymerck威利默克', '恭喜@小小Shaun\xa0 获得《我是你的小狗3 永远等你回家》1本，请于5天内联系威宝，凭关注+互动截图领取奖品，逾期作废~')
2026-06-10 18:45:52,789|line:587| ('at: ', '宁美NINGMEI', '恭喜@小小Shaun   中奖，请在12月1日24点前私信我：1. 奖品+中奖信息a. 实物奖：姓名电话地址，给文字！省市区路清晰，提交不清晰不发奖，信息错误致无法签收，概不负责；\n\nb. 现金红包给到支付宝实名+账号；\n\nc. 京东卡/猫超卡 等购物卡给到姓名+电话；2. 宁美和品牌方关注截图+转发截图！\n\n必须关注品牌方，否则奖品不予发放；如遇无法私信图片的情况，等待我回复后即可发送图片。PS： \n\n因后台收信有时会出问题，以回复“已登记”为准，没有回复即表示私信未收到。\n\n过期视为自动放弃，不会补发；奖品30个工作日内发送，勿催哦~\n\n不发全，不回复。其他小伙伴请继续努力！')
2026-06-10 18:45:52,789|line:587| ('at: ', '爱玛电动车官方账号', '#一“玛”当先榜# 快来看看10月都是谁和爱玛酱互动最多呀~ 💕恭喜@小小Shaun 和@甘瑞凯拉莎 排行第一！这两位小玛达将会获得【爱玛随机周边×1】，请5天内私信爱玛酱领奖哟~[鼓掌] 以后也请继续单推我无敌可爱美少女爱玛酱呀嘿嘿！(●´З｀●)')
2026-06-10 18:45:52,789|line:587| ('at: ', '爱玛电动车官方账号', '')
2026-06-10 18:45:52,789|line:587| ('at: ', '海露滴眼液', '互动榜出炉啦')
2026-06-10 18:45:52,789|line:587| ('at: ', '和蔼可亲桃白白', '\u200b//@九号公司:\u200b恭喜@小小Shaun 中奖！后续记得查收私信哟～\u200b//@九号公司:#互动抽奖# 谢谢粒粒的复工礼！小九也来加个码~关注【@微粒贷+@九号公司 】并转发该动态，抽一位小可爱获得【100元京东卡】~ #供电局福利社# 10月31日抽出！')
2026-06-10 18:45:52,789|line:587| ('at: ', '望大家身体健康快乐', '\u200b//@九号公司:\u200b恭喜@小小Shaun 中奖！后续记得查收私信哟～\u200b//@九号公司 :#互动抽奖# 谢谢粒粒的复工礼！小九也来加个码~关注【@微粒贷+@九号公司 】并转发该动态，抽一位小可爱获得【100元京东卡】~ #供电局福利社# 10月31日抽出！')
2026-06-10 18:45:52,789|line:587| ('at: ', 'MoMA_Reona', '//@九号公司:\u200b恭喜@小小Shaun 中奖！后续记得查收私信哟～\u200b//@九号公司:#互动抽奖# 谢谢粒粒的复工礼！小九也来加个码~关注【@微粒贷+@九号公司 】并转发该动态，抽一位小可爱获得【100元京东卡】~ #供电局福利社# 10月31日抽出！')
2026-06-10 18:45:52,790|line:587| ('at: ', '摸鱼二队', '\u200b//@九号公司:\u200b恭喜@小小Shaun 中奖！后续记得查收私信哟～\u200b//@九号公司 :#互动抽奖# 谢谢粒粒的复工礼！小九也来加个码~关注【@微粒贷+@九号公司 】并转发该动态，抽一位小可爱获得【100元京东卡】~ #供电局福利社# 10月31日抽出！')
2026-06-10 18:45:52,790|line:587| ('at: ', '文少嘅一些事一些情', '\u200b//@九号公司:\u200b恭喜@小小Shaun 中奖！后续记得查收私信哟～\u200b//@九号公司 :#互动抽奖# 谢谢粒粒的复工礼！小九也来加个码~关注【@微粒贷+@九号公司 】并转发该动态，抽一位小可爱获得【100元京东卡】~ #供电局福利社# 10月31日抽出！')
2026-06-10 18:45:52,790|line:587| ('at: ', 'Carry队友的嘟嘟酱丶', '\u200b//@九号公司:\u200b恭喜@小小Shaun 中奖！后续记得查收私信哟～\u200b//@九号公司 :#互动抽奖# 谢谢粒粒的复工礼！小九也来加个码~关注【@微粒贷+@九号公司 】并转发该动态，抽一位小可爱获得【100元京东卡】~ #供电局福利社# 10月31日抽出！')
2026-06-10 18:45:52,790|line:587| ('at: ', '蛤蟆zero', '//@九号公司:\u200b恭喜@小小Shaun 中奖！后续记得查收私信哟～\u200b//@九号公司:#互动抽奖# 谢谢粒粒的复工礼！小九也来加个码~关注【@微粒贷+@九号公司 】并转发该动态，抽一位小可爱获得【100元京东卡】~ #供电局福利社# 10月31日抽出！c冲冲冲')
2026-06-10 18:45:52,790|line:587| ('at: ', '木而各子要吃笃栗子', '\u200b//@九号公司:\u200b恭喜@小小Shaun 中奖！后续记得查收私信哟～\u200b//@九号公司 :#互动抽奖# 谢谢粒粒的复工礼！小九也来加个码~关注【@微粒贷+@九号公司 】并转发该动态，抽一位小可爱获得【100元京东卡】~ #供电局福利社# 10月31日抽出！')
2026-06-10 18:45:52,790|line:587| ('at: ', '裙下愚臣情默默', '\u200b//@九号公司:\u200b恭喜@小小Shaun 中奖！后续记得查收私信哟～\u200b//@九号公司 :#互动抽奖# 谢谢粒粒的复工礼！小九也来加个码~关注【@微粒贷+@九号公司 】并转发该动态，抽一位小可爱获得【100元京东卡】~ #供电局福利社# 10月31日抽出！')
2026-06-10 18:45:52,790|line:587| ('at: ', '戊子毕宿', '')
