2026-03-24 17:11:24,662|line:232| processing article 47129959
2026-03-24 17:11:28,792|line:507| ==================================================2026-03-25 01:11==================================================
2026-03-24 17:11:28,792|line:519| https://t.bilibili.com/1182895810831974421
2026-03-24 17:11:31,223|line:526| 官方 或 预约 OUT！
2026-03-24 17:11:31,224|line:519| https://t.bilibili.com/1183318643916668952
2026-03-24 17:11:35,548|line:526| 官方 或 预约 OUT！
2026-03-24 17:11:35,548|line:519| https://t.bilibili.com/1182926766797226003
2026-03-24 17:11:38,948|line:341| =========此为源动态=========
2026-03-24 17:11:40,594|line:362| *********子动态开始*********
2026-03-24 17:11:40,595|line:381| *********子动态结束*********
2026-03-24 17:11:40,595|line:537| -=-=-=-=处理回最初的动态-=-=-=-=
2026-03-24 17:11:50,108|line:475| 转发成功 1183409128143323141
2026-03-24 17:11:53,504|line:494| 评论发送成功
2026-03-24 17:11:57,062|line:424| 697654195 === 已经关注了
2026-03-24 17:12:00,388|line:503| 动态-点赞 OK
2026-03-24 17:12:03,389|line:519| https://t.bilibili.com/1182421783890886679
2026-03-24 17:12:05,770|line:341| =========此为源动态=========
2026-03-24 17:12:08,152|line:362| *********子动态开始*********
2026-03-24 17:12:08,152|line:381| *********子动态结束*********
2026-03-24 17:12:08,153|line:537| -=-=-=-=处理回最初的动态-=-=-=-=
2026-03-24 17:12:17,447|line:475| 转发成功 1183409248384581634
2026-03-24 17:12:20,869|line:494| 评论发送成功
2026-03-24 17:12:25,293|line:424| 3239435 === 已经关注了
2026-03-24 17:12:28,618|line:503| 动态-点赞 OK
2026-03-24 17:12:31,619|line:519| https://t.bilibili.com/1177724300795314182
2026-03-24 17:12:31,619|line:521| 已有
2026-03-24 17:12:31,619|line:519| https://t.bilibili.com/1183035994256965652
2026-03-24 17:12:32,951|line:341| =========此为源动态=========
2026-03-24 17:12:34,530|line:362| *********子动态开始*********
2026-03-24 17:12:34,530|line:381| *********子动态结束*********
2026-03-24 17:12:34,530|line:537| -=-=-=-=处理回最初的动态-=-=-=-=
2026-03-24 17:12:44,821|line:475| 转发成功 1183409364374913056
2026-03-24 17:12:48,260|line:494| 评论发送成功
2026-03-24 17:12:52,653|line:424| 100680137 === 已经关注了
2026-03-24 17:12:55,980|line:503| 动态-点赞 OK
2026-03-24 17:12:59,981|line:519| https://t.bilibili.com/1176773579766759425
2026-03-24 17:13:03,318|line:526| 官方 或 预约 OUT！
2026-03-24 17:13:03,318|line:519| https://t.bilibili.com/1158766847743492101
2026-03-24 17:13:03,318|line:521| 已有
2026-03-24 17:13:03,318|line:519| https://t.bilibili.com/1182440522826907651
2026-03-24 17:13:03,319|line:521| 已有
2026-03-24 17:13:03,319|line:519| https://t.bilibili.com/1182750430452514834
2026-03-24 17:13:06,673|line:526| 官方 或 预约 OUT！
2026-03-24 17:13:06,673|line:519| https://t.bilibili.com/1181119171805577224
2026-03-24 17:13:10,018|line:341| =========此为源动态=========
2026-03-24 17:13:12,422|line:362| *********子动态开始*********
2026-03-24 17:13:12,423|line:381| *********子动态结束*********
2026-03-24 17:13:12,423|line:537| -=-=-=-=处理回最初的动态-=-=-=-=
2026-03-24 17:13:21,692|line:475| 转发成功 1183409523287654417
2026-03-24 17:13:25,152|line:494| 评论发送成功
2026-03-24 17:13:32,981|line:436| 关注 ==== 17177912 0
2026-03-24 17:13:36,318|line:503| 动态-点赞 OK
2026-03-24 17:13:38,319|line:519| https://t.bilibili.com/1178439198159405058
2026-03-24 17:13:42,726|line:526| 官方 或 预约 OUT！
2026-03-24 17:13:42,727|line:519| https://t.bilibili.com/1182295438783414277
2026-03-24 17:13:42,727|line:521| 已有
2026-03-24 17:13:42,727|line:519| https://t.bilibili.com/1182558505572237318
2026-03-24 17:13:44,078|line:526| 官方 或 预约 OUT！
2026-03-24 17:13:44,079|line:519| https://t.bilibili.com/1183290121013690372
2026-03-24 17:13:46,376|line:341| =========此为源动态=========
2026-03-24 17:13:47,754|line:362| *********子动态开始*********
2026-03-24 17:13:47,754|line:381| *********子动态结束*********
2026-03-24 17:13:47,755|line:537| -=-=-=-=处理回最初的动态-=-=-=-=
2026-03-24 17:13:56,078|line:475| 转发成功 1183409669296619556
2026-03-24 17:13:59,588|line:494| 评论发送成功
2026-03-24 17:14:02,070|line:424| 52229030 === 已经关注了
2026-03-24 17:14:05,460|line:503| 动态-点赞 OK
2026-03-24 17:14:09,460|line:519| https://t.bilibili.com/1182446673205395475
2026-03-24 17:14:13,798|line:526| 官方 或 预约 OUT！
2026-03-24 17:14:13,798|line:519| https://t.bilibili.com/1182456796407660548
2026-03-24 17:14:17,106|line:526| 官方 或 预约 OUT！
2026-03-24 17:14:17,106|line:519| https://t.bilibili.com/1182659905442545671
2026-03-24 17:14:20,455|line:341| =========此为源动态=========
2026-03-24 17:14:25,031|line:362| *********子动态开始*********
2026-03-24 17:14:25,032|line:381| *********子动态结束*********
2026-03-24 17:14:25,032|line:537| -=-=-=-=处理回最初的动态-=-=-=-=
2026-03-24 17:14:33,328|line:475| 转发成功 1183409832532639750
2026-03-24 17:14:36,771|line:494| 评论发送成功
2026-03-24 17:14:39,231|line:424| 100680137 === 已经关注了
2026-03-24 17:14:42,622|line:503| 动态-点赞 OK
2026-03-24 17:14:44,623|line:519| https://t.bilibili.com/1176241562153123847
2026-03-24 17:14:46,080|line:526| 官方 或 预约 OUT！
2026-03-24 17:14:46,081|line:552| 执行结束
2026-03-24 17:14:46,081|line:558| ==================================================2026-03-25 01:14==================================================
2026-03-24 17:14:46,081|line:232| processing article 47124570
2026-03-24 17:14:50,804|line:507| ==================================================2026-03-25 01:14==================================================
2026-03-24 17:14:50,804|line:232| processing article 47117565
2026-03-24 17:14:54,948|line:507| ==================================================2026-03-25 01:14==================================================
2026-03-24 17:14:54,948|line:519| https://t.bilibili.com/1182895810831974421
2026-03-24 17:14:58,259|line:526| 官方 或 预约 OUT！
2026-03-24 17:14:58,260|line:519| https://t.bilibili.com/1181886377531277319
2026-03-24 17:15:02,568|line:526| 官方 或 预约 OUT！
2026-03-24 17:15:02,568|line:519| https://t.bilibili.com/1182502142691246133
2026-03-24 17:15:06,913|line:526| 官方 或 预约 OUT！
2026-03-24 17:15:06,913|line:519| https://t.bilibili.com/1179196357892636681
2026-03-24 17:15:08,216|line:526| 官方 或 预约 OUT！
2026-03-24 17:15:08,216|line:519| https://t.bilibili.com/1177724300795314182
2026-03-24 17:15:08,216|line:521| 已有
2026-03-24 17:15:08,216|line:519| https://t.bilibili.com/1173644210766610441
2026-03-24 17:15:09,612|line:526| 官方 或 预约 OUT！
2026-03-24 17:15:09,613|line:519| https://t.bilibili.com/1176773579766759425
2026-03-24 17:15:11,985|line:526| 官方 或 预约 OUT！
2026-03-24 17:15:11,985|line:519| https://t.bilibili.com/1179678038485368848
2026-03-24 17:15:15,367|line:526| 官方 或 预约 OUT！
2026-03-24 17:15:15,368|line:519| https://t.bilibili.com/1158766847743492101
2026-03-24 17:15:15,368|line:521| 已有
2026-03-24 17:15:15,368|line:519| https://t.bilibili.com/1176617805562249270
2026-03-24 17:15:17,669|line:526| 官方 或 预约 OUT！
2026-03-24 17:15:17,670|line:519| https://t.bilibili.com/1173353943971921944
2026-03-24 17:15:19,022|line:526| 官方 或 预约 OUT！
2026-03-24 17:15:19,023|line:519| https://t.bilibili.com/1174047735775494145
2026-03-24 17:15:20,374|line:526| 官方 或 预约 OUT！
2026-03-24 17:15:20,375|line:519| https://t.bilibili.com/1173634319403450401
2026-03-24 17:15:24,675|line:526| 官方 或 预约 OUT！
2026-03-24 17:15:24,675|line:519| https://t.bilibili.com/1174528342675685397
2026-03-24 17:15:26,096|line:526| 官方 或 预约 OUT！
2026-03-24 17:15:26,096|line:519| https://t.bilibili.com/1181720750698004501
2026-03-24 17:15:27,442|line:526| 官方 或 预约 OUT！
2026-03-24 17:15:27,443|line:519| https://t.bilibili.com/1181748234208411682
2026-03-24 17:15:30,804|line:526| 官方 或 预约 OUT！
2026-03-24 17:15:30,805|line:519| https://t.bilibili.com/1161371363158523938
2026-03-24 17:15:32,160|line:526| 官方 或 预约 OUT！
2026-03-24 17:15:32,161|line:519| https://t.bilibili.com/1178439198159405058
2026-03-24 17:15:35,465|line:526| 官方 或 预约 OUT！
2026-03-24 17:15:35,465|line:519| https://t.bilibili.com/1174357437294051331
2026-03-24 17:15:36,814|line:526| 官方 或 预约 OUT！
2026-03-24 17:15:36,815|line:519| https://t.bilibili.com/1174469231026110487
2026-03-24 17:15:39,124|line:526| 官方 或 预约 OUT！
2026-03-24 17:15:39,124|line:519| https://t.bilibili.com/1174411510934405120
2026-03-24 17:15:42,488|line:526| 官方 或 预约 OUT！
2026-03-24 17:15:42,488|line:519| https://t.bilibili.com/1174336662566600710
2026-03-24 17:15:44,803|line:526| 官方 或 预约 OUT！
2026-03-24 17:15:44,803|line:519| https://t.bilibili.com/1176244744710258706
2026-03-24 17:15:46,155|line:526| 官方 或 预约 OUT！
2026-03-24 17:15:46,156|line:519| https://t.bilibili.com/1182806544202334217
2026-03-24 17:15:48,465|line:526| 官方 或 预约 OUT！
2026-03-24 17:15:48,466|line:519| https://t.bilibili.com/1180334519979343873
2026-03-24 17:15:52,816|line:526| 官方 或 预约 OUT！
2026-03-24 17:15:52,816|line:519| https://t.bilibili.com/1162157694396661798
2026-03-24 17:15:54,124|line:526| 官方 或 预约 OUT！
2026-03-24 17:15:54,125|line:519| https://t.bilibili.com/1174425456728866834
2026-03-24 17:15:55,494|line:526| 官方 或 预约 OUT！
2026-03-24 17:15:55,495|line:519| https://t.bilibili.com/1181126365903060995
2026-03-24 17:15:56,804|line:526| 官方 或 预约 OUT！
2026-03-24 17:15:56,804|line:519| https://t.bilibili.com/1181076565760409656
2026-03-24 17:16:00,113|line:526| 官方 或 预约 OUT！
2026-03-24 17:16:00,113|line:519| https://t.bilibili.com/1173950175647891479
2026-03-24 17:16:03,414|line:526| 官方 或 预约 OUT！
2026-03-24 17:16:03,414|line:519| https://t.bilibili.com/1181408351972491280
2026-03-24 17:16:06,775|line:526| 官方 或 预约 OUT！
2026-03-24 17:16:06,776|line:519| https://t.bilibili.com/1176241562153123847
2026-03-24 17:16:09,205|line:526| 官方 或 预约 OUT！
2026-03-24 17:16:09,206|line:552| 执行结束
2026-03-24 17:16:09,206|line:558| ==================================================2026-03-25 01:16==================================================
2026-03-24 17:16:09,206|line:232| processing article 47117448
2026-03-24 17:16:13,878|line:507| ==================================================2026-03-25 01:16==================================================
2026-03-24 17:16:13,878|line:232| processing article 47091985
2026-03-24 17:16:16,182|line:507| ==================================================2026-03-25 01:16==================================================
2026-03-24 17:16:16,182|line:519| https://t.bilibili.com/1182895810831974421
2026-03-24 17:16:19,533|line:526| 官方 或 预约 OUT！
2026-03-24 17:16:19,533|line:519| https://t.bilibili.com/1163662908583837705
2026-03-24 17:16:22,876|line:526| 官方 或 预约 OUT！
2026-03-24 17:16:22,877|line:519| https://t.bilibili.com/1176203465763848213
2026-03-24 17:16:26,229|line:341| =========此为源动态=========
2026-03-24 17:16:29,616|line:362| *********子动态开始*********
2026-03-24 17:16:29,616|line:381| *********子动态结束*********
2026-03-24 17:16:29,617|line:537| -=-=-=-=处理回最初的动态-=-=-=-=
2026-03-24 17:16:39,156|line:475| 转发成功 1183410373652381698
2026-03-24 17:16:42,559|line:494| 评论发送成功
2026-03-24 17:16:44,001|line:424| 1024366005 === 已经关注了
2026-03-24 17:16:47,371|line:503| 动态-点赞 OK
2026-03-24 17:16:48,371|line:519| https://t.bilibili.com/1181928025828098055
2026-03-24 17:16:51,677|line:526| 官方 或 预约 OUT！
2026-03-24 17:16:51,678|line:519| https://t.bilibili.com/1178097632260653077
2026-03-24 17:16:51,678|line:521| 已有
2026-03-24 17:16:51,678|line:519| https://t.bilibili.com/1182173302806806529
2026-03-24 17:16:54,023|line:341| =========此为源动态=========
2026-03-24 17:16:57,554|line:362| *********子动态开始*********
2026-03-24 17:16:57,554|line:381| *********子动态结束*********
2026-03-24 17:16:57,554|line:537| -=-=-=-=处理回最初的动态-=-=-=-=
2026-03-24 17:17:04,953|line:475| 转发成功 1183410481065361417
2026-03-24 17:17:08,365|line:494| 评论发送成功
2026-03-24 17:17:13,224|line:436| 关注 ==== 796006 0
2026-03-24 17:17:16,609|line:503| 动态-点赞 OK
2026-03-24 17:17:18,609|line:519| https://t.bilibili.com/1177724300795314182
2026-03-24 17:17:18,610|line:521| 已有
2026-03-24 17:17:18,610|line:519| https://t.bilibili.com/1176773579766759425
2026-03-24 17:17:19,983|line:526| 官方 或 预约 OUT！
2026-03-24 17:17:19,983|line:519| https://t.bilibili.com/1176202971840512003
2026-03-24 17:17:21,283|line:526| 官方 或 预约 OUT！
2026-03-24 17:17:21,283|line:519| https://t.bilibili.com/1181097593932873736
2026-03-24 17:17:25,637|line:341| =========此为源动态=========
2026-03-24 17:17:30,060|line:362| *********子动态开始*********
2026-03-24 17:17:30,061|line:381| *********子动态结束*********
2026-03-24 17:17:30,061|line:537| -=-=-=-=处理回最初的动态-=-=-=-=
2026-03-24 17:17:42,318|line:475| 转发成功 1183410644251049993
2026-03-24 17:17:45,848|line:494| 评论发送成功
2026-03-24 17:17:48,214|line:424| 521950960 === 已经关注了
2026-03-24 17:17:51,575|line:503| 动态-点赞 OK
2026-03-24 17:17:54,576|line:519| https://t.bilibili.com/1179678038485368848
2026-03-24 17:17:57,963|line:526| 官方 或 预约 OUT！
2026-03-24 17:17:57,963|line:519| https://t.bilibili.com/1158766847743492101
2026-03-24 17:17:57,964|line:521| 已有
2026-03-24 17:17:57,964|line:519| https://t.bilibili.com/1182255461277106198
2026-03-24 17:18:00,314|line:526| 官方 或 预约 OUT！
2026-03-24 17:18:00,315|line:519| https://t.bilibili.com/1181766668195463171
2026-03-24 17:18:02,615|line:341| =========此为源动态=========
2026-03-24 17:18:05,029|line:362| *********子动态开始*********
2026-03-24 17:18:05,029|line:381| *********子动态结束*********
2026-03-24 17:18:05,030|line:537| -=-=-=-=处理回最初的动态-=-=-=-=
2026-03-24 17:18:14,468|line:475| 转发成功 1183410781672177673
2026-03-24 17:18:17,933|line:494| 评论发送成功
2026-03-24 17:18:22,368|line:424| 3546830266698636 === 已经关注了
2026-03-24 17:18:25,749|line:503| 动态-点赞 OK
2026-03-24 17:18:28,750|line:519| https://t.bilibili.com/1177752190210539541
2026-03-24 17:18:28,750|line:521| 已有
2026-03-24 17:18:28,750|line:519| https://t.bilibili.com/1182265056230899766
2026-03-24 17:18:28,751|line:521| 已有
2026-03-24 17:18:28,751|line:519| https://t.bilibili.com/1176149052879798280
2026-03-24 17:18:30,103|line:526| 官方 或 预约 OUT！
2026-03-24 17:18:30,104|line:519| https://t.bilibili.com/1175486549819654162
2026-03-24 17:18:31,404|line:526| 官方 或 预约 OUT！
2026-03-24 17:18:31,404|line:519| https://t.bilibili.com/1169508788613414946
2026-03-24 17:18:33,711|line:526| 官方 或 预约 OUT！
2026-03-24 17:18:33,712|line:519| https://t.bilibili.com/1182866922858872857
2026-03-24 17:18:35,045|line:526| 官方 或 预约 OUT！
2026-03-24 17:18:35,046|line:519| https://t.bilibili.com/1182138210814263297
2026-03-24 17:18:37,407|line:341| =========此为源动态=========
2026-03-24 17:18:41,944|line:362| *********子动态开始*********
2026-03-24 17:18:41,945|line:381| *********子动态结束*********
2026-03-24 17:18:41,945|line:537| -=-=-=-=处理回最初的动态-=-=-=-=
2026-03-24 17:18:53,324|line:475| 转发成功 1183410949165416453
2026-03-24 17:18:56,859|line:494| 评论发送成功
2026-03-24 17:19:01,272|line:424| 1881796598 === 已经关注了
2026-03-24 17:19:04,655|line:503| 动态-点赞 OK
2026-03-24 17:19:08,655|line:519| https://t.bilibili.com/1175029913202196515
2026-03-24 17:19:12,268|line:526| 官方 或 预约 OUT！
2026-03-24 17:19:12,269|line:519| https://t.bilibili.com/1181851768720457736
2026-03-24 17:19:13,573|line:341| =========此为源动态=========
2026-03-24 17:19:14,975|line:362| *********子动态开始*********
2026-03-24 17:19:14,976|line:381| *********子动态结束*********
2026-03-24 17:19:14,976|line:537| -=-=-=-=处理回最初的动态-=-=-=-=
2026-03-24 17:19:26,292|line:475| 转发成功 1183411090951766016
2026-03-24 17:19:29,775|line:494| 评论发送成功
2026-03-24 17:19:33,223|line:424| 27752387 === 已经关注了
2026-03-24 17:19:36,595|line:503| 动态-点赞 OK
2026-03-24 17:19:37,596|line:519| https://t.bilibili.com/1181363740128313361
2026-03-24 17:19:38,893|line:526| 官方 或 预约 OUT！
2026-03-24 17:19:38,894|line:519| https://t.bilibili.com/1178439198159405058
2026-03-24 17:19:41,244|line:526| 官方 或 预约 OUT！
2026-03-24 17:19:41,244|line:519| https://t.bilibili.com/1181916773007491072
2026-03-24 17:19:45,588|line:341| =========此为源动态=========
2026-03-24 17:19:50,154|line:362| *********子动态开始*********
2026-03-24 17:19:50,154|line:381| *********子动态结束*********
2026-03-24 17:19:50,154|line:537| -=-=-=-=处理回最初的动态-=-=-=-=
2026-03-24 17:19:58,422|line:475| 转发成功 1183411228390719495
2026-03-24 17:20:01,824|line:494| 评论发送成功
2026-03-24 17:20:05,253|line:424| 100680137 === 已经关注了
2026-03-24 17:20:08,643|line:503| 动态-点赞 OK
2026-03-24 17:20:09,644|line:519| https://t.bilibili.com/1182295438783414277
2026-03-24 17:20:09,644|line:521| 已有
2026-03-24 17:20:09,645|line:519| https://t.bilibili.com/1182027608939823104
2026-03-24 17:20:10,995|line:341| =========此为源动态=========
2026-03-24 17:20:14,480|line:362| *********子动态开始*********
2026-03-24 17:20:14,480|line:381| *********子动态结束*********
2026-03-24 17:20:14,480|line:537| -=-=-=-=处理回最初的动态-=-=-=-=
2026-03-24 17:20:25,981|line:475| 转发成功 1183411344330719240
2026-03-24 17:20:29,381|line:494| 评论发送成功
2026-03-24 17:20:32,757|line:424| 33009791 === 已经关注了
2026-03-24 17:20:36,131|line:503| 动态-点赞 OK
2026-03-24 17:20:37,132|line:519| https://t.bilibili.com/1177627780024631305
2026-03-24 17:20:37,132|line:521| 已有
2026-03-24 17:20:37,132|line:519| https://t.bilibili.com/1179263672968544280
2026-03-24 17:20:37,132|line:521| 已有
2026-03-24 17:20:37,132|line:519| https://t.bilibili.com/1182947359000100885
2026-03-24 17:20:39,483|line:341| =========此为源动态=========
2026-03-24 17:20:41,019|line:362| *********子动态开始*********
2026-03-24 17:20:41,019|line:381| *********子动态结束*********
2026-03-24 17:20:41,020|line:537| -=-=-=-=处理回最初的动态-=-=-=-=
2026-03-24 17:20:48,290|line:475| 转发成功 1183411443124404226
2026-03-24 17:20:51,739|line:494| 评论发送成功
2026-03-24 17:20:56,158|line:424| 22121599 === 已经关注了
2026-03-24 17:20:59,534|line:503| 动态-点赞 OK
2026-03-24 17:21:03,535|line:519| https://t.bilibili.com/1181918065804181506
2026-03-24 17:21:04,890|line:526| 官方 或 预约 OUT！
2026-03-24 17:21:04,890|line:519| https://t.bilibili.com/1180312813158006788
2026-03-24 17:21:09,230|line:341| =========此为源动态=========
2026-03-24 17:21:12,637|line:362| *********子动态开始*********
2026-03-24 17:21:12,637|line:381| *********子动态结束*********
2026-03-24 17:21:12,637|line:537| -=-=-=-=处理回最初的动态-=-=-=-=
2026-03-24 17:21:23,956|line:475| 转发成功 1183411593441968165
2026-03-24 17:21:27,387|line:494| 评论发送成功
2026-03-24 17:21:33,214|line:436| 关注 ==== 1705813027 0
2026-03-24 17:21:36,537|line:503| 动态-点赞 OK
2026-03-24 17:21:40,537|line:519| https://t.bilibili.com/1181689814043328521
2026-03-24 17:21:43,873|line:526| 官方 或 预约 OUT！
2026-03-24 17:21:43,873|line:519| https://t.bilibili.com/1182184254973411328
2026-03-24 17:21:46,210|line:526| 官方 或 预约 OUT！
2026-03-24 17:21:46,210|line:519| https://t.bilibili.com/1182659905442545671
2026-03-24 17:21:46,210|line:521| 已有
2026-03-24 17:21:46,210|line:519| https://t.bilibili.com/1182658131607420936
2026-03-24 17:21:48,509|line:526| 官方 或 预约 OUT！
2026-03-24 17:21:48,510|line:519| https://t.bilibili.com/1176241562153123847
2026-03-24 17:21:52,847|line:526| 官方 或 预约 OUT！
2026-03-24 17:21:52,847|line:552| 执行结束
2026-03-24 17:21:52,847|line:558| ==================================================2026-03-25 01:21==================================================
2026-03-24 17:21:52,847|line:232| processing article 47084317
2026-03-24 17:21:57,577|line:507| ==================================================2026-03-25 01:21==================================================
2026-03-24 17:21:57,577|line:232| processing article 47077732
2026-03-24 17:22:02,236|line:507| ==================================================2026-03-25 01:22==================================================
2026-03-24 17:22:02,236|line:232| processing article 47077461
2026-03-24 17:22:05,547|line:507| ==================================================2026-03-25 01:22==================================================
2026-03-24 17:22:05,547|line:519| https://t.bilibili.com/1181071360232783876
2026-03-24 17:22:08,899|line:526| 官方 或 预约 OUT！
2026-03-24 17:22:08,899|line:519| https://t.bilibili.com/1181334457028706322
2026-03-24 17:22:10,363|line:526| 官方 或 预约 OUT！
2026-03-24 17:22:10,363|line:519| https://t.bilibili.com/1166506365909205049
2026-03-24 17:22:11,825|line:526| 官方 或 预约 OUT！
2026-03-24 17:22:11,825|line:519| https://t.bilibili.com/1179196357892636681
2026-03-24 17:22:14,171|line:526| 官方 或 预约 OUT！
2026-03-24 17:22:14,172|line:519| https://t.bilibili.com/1171330408778825777
2026-03-24 17:22:17,471|line:526| 官方 或 预约 OUT！
2026-03-24 17:22:17,471|line:519| https://t.bilibili.com/1177724300795314182
2026-03-24 17:22:17,471|line:521| 已有
2026-03-24 17:22:17,471|line:519| https://t.bilibili.com/1182590889627746305
2026-03-24 17:22:20,829|line:526| 官方 或 预约 OUT！
2026-03-24 17:22:20,830|line:519| https://t.bilibili.com/1169938860828786745
2026-03-24 17:22:25,198|line:526| 官方 或 预约 OUT！
2026-03-24 17:22:25,198|line:519| https://t.bilibili.com/1176773579766759425
2026-03-24 17:22:26,549|line:526| 官方 或 预约 OUT！
2026-03-24 17:22:26,550|line:519| https://t.bilibili.com/1181789740800671749
2026-03-24 17:22:26,550|line:521| 已有
2026-03-24 17:22:26,550|line:519| https://t.bilibili.com/1167990676556611656
2026-03-24 17:22:28,876|line:526| 官方 或 预约 OUT！
2026-03-24 17:22:28,876|line:519| https://t.bilibili.com/1179678038485368848
2026-03-24 17:22:30,176|line:526| 官方 或 预约 OUT！
2026-03-24 17:22:30,176|line:519| https://t.bilibili.com/1158766847743492101
2026-03-24 17:22:30,176|line:521| 已有
2026-03-24 17:22:30,176|line:519| https://t.bilibili.com/1172814710822666263
2026-03-24 17:22:33,521|line:526| 官方 或 预约 OUT！
2026-03-24 17:22:33,521|line:519| https://t.bilibili.com/1182530983420755986
2026-03-24 17:22:33,522|line:521| 已有
2026-03-24 17:22:33,522|line:519| https://t.bilibili.com/1179216260775280642
2026-03-24 17:22:36,828|line:526| 官方 或 预约 OUT！
2026-03-24 17:22:36,828|line:519| https://t.bilibili.com/1181413557501165576
2026-03-24 17:22:36,828|line:521| 已有
2026-03-24 17:22:36,828|line:519| https://t.bilibili.com/1171701532607905829
2026-03-24 17:22:39,129|line:526| 官方 或 预约 OUT！
2026-03-24 17:22:39,129|line:519| https://t.bilibili.com/1181720750698004501
2026-03-24 17:22:41,437|line:526| 官方 或 预约 OUT！
2026-03-24 17:22:41,437|line:519| https://t.bilibili.com/1173557035770314760
2026-03-24 17:22:43,882|line:526| 官方 或 预约 OUT！
2026-03-24 17:22:43,882|line:519| https://t.bilibili.com/1180981204571127810
2026-03-24 17:22:48,235|line:526| 官方 或 预约 OUT！
2026-03-24 17:22:48,236|line:519| https://t.bilibili.com/1165764113964466196
2026-03-24 17:22:50,590|line:526| 官方 或 预约 OUT！
2026-03-24 17:22:50,591|line:519| https://t.bilibili.com/1178439198159405058
2026-03-24 17:22:54,943|line:526| 官方 或 预约 OUT！
2026-03-24 17:22:54,943|line:519| https://t.bilibili.com/1182161246854578245
2026-03-24 17:22:54,943|line:521| 已有
2026-03-24 17:22:54,943|line:519| https://t.bilibili.com/1166135263552864454
2026-03-24 17:22:58,315|line:526| 官方 或 预约 OUT！
2026-03-24 17:22:58,315|line:519| https://t.bilibili.com/1170217123209805938
2026-03-24 17:23:02,677|line:526| 官方 或 预约 OUT！
2026-03-24 17:23:02,677|line:519| https://t.bilibili.com/1182095821603078165
2026-03-24 17:23:04,036|line:526| 官方 或 预约 OUT！
2026-03-24 17:23:04,036|line:519| https://t.bilibili.com/1174411510934405120
2026-03-24 17:23:07,404|line:526| 官方 或 预约 OUT！
2026-03-24 17:23:07,404|line:519| https://t.bilibili.com/1170309954609872949
2026-03-24 17:23:10,765|line:526| 官方 或 预约 OUT！
2026-03-24 17:23:10,765|line:519| https://t.bilibili.com/1172443720122892291
2026-03-24 17:23:14,116|line:526| 官方 或 预约 OUT！
2026-03-24 17:23:14,116|line:519| https://t.bilibili.com/1180334519979343873
2026-03-24 17:23:15,468|line:526| 官方 或 预约 OUT！
2026-03-24 17:23:15,469|line:519| https://t.bilibili.com/1174425456728866834
2026-03-24 17:23:17,823|line:526| 官方 或 预约 OUT！
2026-03-24 17:23:17,823|line:519| https://t.bilibili.com/1181126365903060995
2026-03-24 17:23:21,161|line:526| 官方 或 预约 OUT！
2026-03-24 17:23:21,161|line:519| https://t.bilibili.com/1176241562153123847
2026-03-24 17:23:23,521|line:526| 官方 或 预约 OUT！
2026-03-24 17:23:23,521|line:552| 执行结束
2026-03-24 17:23:23,521|line:558| ==================================================2026-03-25 01:23==================================================
2026-03-24 17:23:31,449|line:578| ('reply: ', '榄菊官方', '[给心心]')
2026-03-24 17:23:31,449|line:578| ('reply: ', '吓死我啦芙莱', '并不是')
2026-03-24 17:23:31,449|line:578| ('reply: ', '花生十三-公考行测', '68')
2026-03-24 17:23:31,449|line:578| ('reply: ', '三鹿七茸猫尾巴', '[夏诺雅表情包_？？？]')
2026-03-24 17:23:31,449|line:578| ('reply: ', '小闪闪bling', 'hhh腾子买库洛让我感觉他自己有点不太想出大世界了')
2026-03-24 17:23:31,450|line:578| ('reply: ', '魔改后远野汉娜', '不是，这……')
2026-03-24 17:23:31,450|line:578| ('reply: ', '好像都是一个人', '你在说什么')
2026-03-24 17:23:31,450|line:578| ('reply: ', '目标咨询', '太宠粉了啊')
2026-03-24 17:23:31,450|line:578| ('reply: ', '数玩工场', '祝你成功')
2026-03-24 17:23:31,450|line:578| ('reply: ', '益家有小佰', '恭喜宝子，获得小电视月度会员1份和克刻冰冰猴喉糖随机口味1份～记得私信小佰提供信息哦~')
2026-03-24 17:23:31,450|line:578| ('reply: ', '圆环之理-Madoka', '是的')
2026-03-24 17:23:31,450|line:578| ('reply: ', '兰的三姨', '这就是银河巨星的实力！')
2026-03-24 17:23:31,450|line:578| ('reply: ', '花园百合铃音', '有男不玩，我只吃麻辣火锅，xxn滚[吃瓜]')
2026-03-24 17:23:31,450|line:578| ('reply: ', '是绝赞的阿鬼', '[tv_难过]')
2026-03-24 17:23:31,451|line:578| ('reply: ', '桃稚不幼稚', '还行')
2026-03-24 17:23:31,451|line:578| ('reply: ', '陌罔子吖', '佬，这个报名有啥条件不。最近太非了，想下次报来抽[脱单doge][脱单doge][脱单doge]')
2026-03-24 17:23:31,451|line:578| ('reply: ', '太二酸菜鱼', '恭喜成为本期欧皇[打call]获得【肥龙联名显眼包】1份，在收到本信息的两天内回复哥的私信哦~逾期哥就自己收啦！[脱单doge]')
2026-03-24 17:23:31,451|line:578| ('reply: ', '得一想二的松鼠', '中奖分我一半')
2026-03-24 17:23:31,451|line:578| ('reply: ', '佑凉Uriyoo', '谢谢！！！[UP_24967030_感恩]')
2026-03-24 17:23:31,451|line:578| ('reply: ', '岛莓祁', '好耶')
2026-03-24 17:23:35,837|line:587| ('at: ', '电脑报', '恭喜@小小Shaun UID：1090970340，@-叶晓吖  UID：22437099  获得 【电竞大礼包】1份， 请在三日内私信我')
2026-03-24 17:23:35,838|line:587| ('at: ', '联想拯救者官方', '是我喜欢的奖品名单 直接开奖 上 趁现在没人偷摸开个奖 恭喜这些小伙伴 【拯救者7.1声卡H7游戏耳机】获奖名单 @泪水打湿猪脚饭o @xoomoon @小小Shaun @T山海连云T @超超超超薄脆饼干 @BerboomC 【拯救者C140氮化镓适配器】获奖名单 @改个天凉好个秋 @夜猫子牙不好 @LLL好久不见 @林殇倾慕婉 @今天也要拥抱微风 @洳不及我万一 @胜利の天平 【白金独角兽电竞鼠标】获奖名单 @底片上的诗旅人 【拯救者C170氮化镓适配器】获奖名单 @麦當劳无限好 @無名丶の辈 @任性的提莫 @广东有暖风 由于B站私信规则修改 我会私信中奖的小伙伴一条消息，还请注意查收并回复我您的收货地址与联系方式，奖品基本会在私信您信息后的三十个工作日内发货')
2026-03-24 17:23:35,838|line:587| ('at: ', 'Apexgaming艾湃电竞', '恭喜 @小小Shaun 获得饮料一份，三天内联系我，过时不候！')
2026-03-24 17:23:35,838|line:587| ('at: ', '喜欢白毛有什么不好', '1 @浪子游2fans6@被_____打下来的飞机@拉斯特臣后面一个点@专心致志的学生@猫猫头OmMeow@小小Shaun@龐門左道@啦啦痴痴腻@bili_66938050009@日月星辰668')
2026-03-24 17:23:35,838|line:587| ('at: ', 'iKF蓝牙耳机', '恭喜@小小Shaun 宝子成为苏泊尔福利动态幸运儿！\n注意：即日起72小时内回复信息确认领奖哦！逾期将自动视为放弃中奖资格。\n没有中奖的宝子们不要气馁，参与一下下置顶视频iKF Mars，增加欧气值，说不定下个幸运儿就是你！\n链接：\nhttps://www.bilibili.com/video/BV1Soo6YLEHZ/?spm_id_from=333.1387.list.card_archive.click&vd_source=21fb0967ccc75e6b3b2447ade2c740dd\n还没参与抽奖的宝子们，赶紧点击上方链接参与吧！还有特别福利惊喜等你哦~')
2026-03-24 17:23:35,838|line:587| ('at: ', 'wellymerck威利默克', '恭喜@小小Shaun\xa0 获得《我是你的小狗3 永远等你回家》1本，请于5天内联系威宝，凭关注+互动截图领取奖品，逾期作废~')
2026-03-24 17:23:35,838|line:587| ('at: ', '宁美NINGMEI', '恭喜@小小Shaun   中奖，请在12月1日24点前私信我：1. 奖品+中奖信息a. 实物奖：姓名电话地址，给文字！省市区路清晰，提交不清晰不发奖，信息错误致无法签收，概不负责；\n\nb. 现金红包给到支付宝实名+账号；\n\nc. 京东卡/猫超卡 等购物卡给到姓名+电话；2. 宁美和品牌方关注截图+转发截图！\n\n必须关注品牌方，否则奖品不予发放；如遇无法私信图片的情况，等待我回复后即可发送图片。PS： \n\n因后台收信有时会出问题，以回复“已登记”为准，没有回复即表示私信未收到。\n\n过期视为自动放弃，不会补发；奖品30个工作日内发送，勿催哦~\n\n不发全，不回复。其他小伙伴请继续努力！')
2026-03-24 17:23:35,838|line:587| ('at: ', '爱玛电动车官方账号', '#一“玛”当先榜# 快来看看10月都是谁和爱玛酱互动最多呀~ 💕恭喜@小小Shaun 和@甘瑞凯拉莎 排行第一！这两位小玛达将会获得【爱玛随机周边×1】，请5天内私信爱玛酱领奖哟~[鼓掌] 以后也请继续单推我无敌可爱美少女爱玛酱呀嘿嘿！(●´З｀●)')
2026-03-24 17:23:35,838|line:587| ('at: ', '爱玛电动车官方账号', '')
2026-03-24 17:23:35,839|line:587| ('at: ', '海露滴眼液', '互动榜出炉啦')
2026-03-24 17:23:35,839|line:587| ('at: ', '和蔼可亲桃白白', '\u200b//@九号公司:\u200b恭喜@小小Shaun 中奖！后续记得查收私信哟～\u200b//@九号公司:#互动抽奖# 谢谢粒粒的复工礼！小九也来加个码~关注【@微粒贷+@九号公司 】并转发该动态，抽一位小可爱获得【100元京东卡】~ #供电局福利社# 10月31日抽出！')
2026-03-24 17:23:35,839|line:587| ('at: ', '望大家身体健康快乐', '\u200b//@九号公司:\u200b恭喜@小小Shaun 中奖！后续记得查收私信哟～\u200b//@九号公司 :#互动抽奖# 谢谢粒粒的复工礼！小九也来加个码~关注【@微粒贷+@九号公司 】并转发该动态，抽一位小可爱获得【100元京东卡】~ #供电局福利社# 10月31日抽出！')
2026-03-24 17:23:35,839|line:587| ('at: ', 'MoMA_Reona', '//@九号公司:\u200b恭喜@小小Shaun 中奖！后续记得查收私信哟～\u200b//@九号公司:#互动抽奖# 谢谢粒粒的复工礼！小九也来加个码~关注【@微粒贷+@九号公司 】并转发该动态，抽一位小可爱获得【100元京东卡】~ #供电局福利社# 10月31日抽出！')
2026-03-24 17:23:35,839|line:587| ('at: ', '摸鱼二队', '\u200b//@九号公司:\u200b恭喜@小小Shaun 中奖！后续记得查收私信哟～\u200b//@九号公司 :#互动抽奖# 谢谢粒粒的复工礼！小九也来加个码~关注【@微粒贷+@九号公司 】并转发该动态，抽一位小可爱获得【100元京东卡】~ #供电局福利社# 10月31日抽出！')
2026-03-24 17:23:35,839|line:587| ('at: ', '文少嘅一些事一些情', '\u200b//@九号公司:\u200b恭喜@小小Shaun 中奖！后续记得查收私信哟～\u200b//@九号公司 :#互动抽奖# 谢谢粒粒的复工礼！小九也来加个码~关注【@微粒贷+@九号公司 】并转发该动态，抽一位小可爱获得【100元京东卡】~ #供电局福利社# 10月31日抽出！')
2026-03-24 17:23:35,839|line:587| ('at: ', 'Carry队友的嘟嘟酱丶', '\u200b//@九号公司:\u200b恭喜@小小Shaun 中奖！后续记得查收私信哟～\u200b//@九号公司 :#互动抽奖# 谢谢粒粒的复工礼！小九也来加个码~关注【@微粒贷+@九号公司 】并转发该动态，抽一位小可爱获得【100元京东卡】~ #供电局福利社# 10月31日抽出！')
2026-03-24 17:23:35,839|line:587| ('at: ', '蛤蟆zero', '//@九号公司:\u200b恭喜@小小Shaun 中奖！后续记得查收私信哟～\u200b//@九号公司:#互动抽奖# 谢谢粒粒的复工礼！小九也来加个码~关注【@微粒贷+@九号公司 】并转发该动态，抽一位小可爱获得【100元京东卡】~ #供电局福利社# 10月31日抽出！c冲冲冲')
2026-03-24 17:23:35,839|line:587| ('at: ', '木而各子要吃笃栗子', '\u200b//@九号公司:\u200b恭喜@小小Shaun 中奖！后续记得查收私信哟～\u200b//@九号公司 :#互动抽奖# 谢谢粒粒的复工礼！小九也来加个码~关注【@微粒贷+@九号公司 】并转发该动态，抽一位小可爱获得【100元京东卡】~ #供电局福利社# 10月31日抽出！')
2026-03-24 17:23:35,840|line:587| ('at: ', '裙下愚臣情默默', '\u200b//@九号公司:\u200b恭喜@小小Shaun 中奖！后续记得查收私信哟～\u200b//@九号公司 :#互动抽奖# 谢谢粒粒的复工礼！小九也来加个码~关注【@微粒贷+@九号公司 】并转发该动态，抽一位小可爱获得【100元京东卡】~ #供电局福利社# 10月31日抽出！')
2026-03-24 17:23:35,840|line:587| ('at: ', '戊子毕宿', '')
