2026-04-11 16:51:08,867|line:232| processing article 47723426
2026-04-11 16:51:11,153|line:507| ==================================================2026-04-12 00:51==================================================
2026-04-11 16:51:11,153|line:519| https://t.bilibili.com/1182895810831974421
2026-04-11 16:51:15,494|line:526| 官方 或 预约 OUT！
2026-04-11 16:51:15,494|line:519| https://t.bilibili.com/1189875334552485905
2026-04-11 16:51:19,799|line:526| 官方 或 预约 OUT！
2026-04-11 16:51:19,799|line:519| https://t.bilibili.com/1189914006395027497
2026-04-11 16:51:22,135|line:341| =========此为源动态=========
2026-04-11 16:51:23,653|line:362| *********子动态开始*********
2026-04-11 16:51:23,654|line:381| *********子动态结束*********
2026-04-11 16:51:23,654|line:537| -=-=-=-=处理回最初的动态-=-=-=-=
2026-04-11 16:51:31,839|line:475| 转发成功 1190083429977292800
2026-04-11 16:51:35,280|line:494| 评论发送成功
2026-04-11 16:51:40,441|line:424| 3493259242375305 === 已经关注了
2026-04-11 16:51:43,808|line:503| 动态-点赞 OK
2026-04-11 16:51:44,808|line:519| https://t.bilibili.com/1189622451127975976
2026-04-11 16:51:47,153|line:526| 官方 或 预约 OUT！
2026-04-11 16:51:47,153|line:519| https://t.bilibili.com/1189737655043096584
2026-04-11 16:51:48,533|line:341| =========此为源动态=========
2026-04-11 16:51:50,903|line:362| *********子动态开始*********
2026-04-11 16:51:50,904|line:381| *********子动态结束*********
2026-04-11 16:51:50,904|line:537| -=-=-=-=处理回最初的动态-=-=-=-=
2026-04-11 16:51:58,143|line:475| 转发成功 1190083541693628454
2026-04-11 16:52:01,577|line:494| 评论发送成功
2026-04-11 16:52:03,955|line:424| 48394160 === 已经关注了
2026-04-11 16:52:07,283|line:503| 动态-点赞 OK
2026-04-11 16:52:10,283|line:519| https://t.bilibili.com/1189713358453997574
2026-04-11 16:52:14,585|line:526| 官方 或 预约 OUT！
2026-04-11 16:52:14,586|line:519| https://t.bilibili.com/1190023163008778264
2026-04-11 16:52:17,031|line:526| 官方 或 预约 OUT！
2026-04-11 16:52:17,032|line:519| https://t.bilibili.com/1176241562153123847
2026-04-11 16:52:19,313|line:526| 官方 或 预约 OUT！
2026-04-11 16:52:19,314|line:519| https://t.bilibili.com/1190024107937234952
2026-04-11 16:52:23,610|line:526| 官方 或 预约 OUT！
2026-04-11 16:52:23,610|line:519| https://t.bilibili.com/1189850720097009684
2026-04-11 16:52:26,887|line:341| =========此为源动态=========
2026-04-11 16:52:29,367|line:362| *********子动态开始*********
2026-04-11 16:52:29,367|line:381| *********子动态结束*********
2026-04-11 16:52:29,367|line:537| -=-=-=-=处理回最初的动态-=-=-=-=
2026-04-11 16:52:37,538|line:475| 转发成功 1190083713483931654
2026-04-11 16:52:40,963|line:494| 评论发送成功
2026-04-11 16:52:45,327|line:424| 873668 === 已经关注了
2026-04-11 16:52:48,638|line:503| 动态-点赞 OK
2026-04-11 16:52:49,638|line:519| https://t.bilibili.com/1179613863065157635
2026-04-11 16:52:50,934|line:526| 官方 或 预约 OUT！
2026-04-11 16:52:50,934|line:519| https://t.bilibili.com/1186132094461411334
2026-04-11 16:52:55,216|line:526| 官方 或 预约 OUT！
2026-04-11 16:52:55,216|line:519| https://t.bilibili.com/1189950548026064899
2026-04-11 16:52:56,506|line:341| =========此为源动态=========
2026-04-11 16:52:58,003|line:362| *********子动态开始*********
2026-04-11 16:52:58,003|line:381| *********子动态结束*********
2026-04-11 16:52:58,003|line:537| -=-=-=-=处理回最初的动态-=-=-=-=
2026-04-11 16:53:08,219|line:475| 转发成功 1190083846626869251
2026-04-11 16:53:11,515|line:548| 'NoneType' object is not subscriptable
2026-04-11 16:53:11,516|line:549| error line:541
2026-04-11 16:53:12,516|line:519| https://t.bilibili.com/1189839394271395840
2026-04-11 16:53:13,791|line:341| =========此为源动态=========
2026-04-11 16:53:18,140|line:362| *********子动态开始*********
2026-04-11 16:53:18,140|line:381| *********子动态结束*********
2026-04-11 16:53:18,141|line:537| -=-=-=-=处理回最初的动态-=-=-=-=
2026-04-11 16:53:30,352|line:475| 转发成功 1190083941081546752
2026-04-11 16:53:33,701|line:494| 评论发送成功
2026-04-11 16:53:36,050|line:424| 33009791 === 已经关注了
2026-04-11 16:53:39,353|line:503| 动态-点赞 OK
2026-04-11 16:53:41,354|line:519| https://t.bilibili.com/1189652685597442055
2026-04-11 16:53:43,652|line:341| =========此为源动态=========
2026-04-11 16:53:45,982|line:362| *********子动态开始*********
2026-04-11 16:53:45,983|line:381| *********子动态结束*********
2026-04-11 16:53:45,983|line:537| -=-=-=-=处理回最初的动态-=-=-=-=
2026-04-11 16:53:58,150|line:475| 转发成功 1190084057080266804
2026-04-11 16:54:01,610|line:494| 评论发送成功
2026-04-11 16:54:05,986|line:424| 349976981 === 已经关注了
2026-04-11 16:54:09,311|line:503| 动态-点赞 OK
2026-04-11 16:54:11,311|line:519| https://t.bilibili.com/1189856234838163462
2026-04-11 16:54:13,599|line:526| 官方 或 预约 OUT！
2026-04-11 16:54:13,599|line:519| https://t.bilibili.com/1189660929753612308
2026-04-11 16:54:16,900|line:341| =========此为源动态=========
2026-04-11 16:54:20,443|line:362| *********子动态开始*********
2026-04-11 16:54:20,443|line:381| *********子动态结束*********
2026-04-11 16:54:20,443|line:537| -=-=-=-=处理回最初的动态-=-=-=-=
2026-04-11 16:54:28,725|line:475| 转发成功 1190084190232641541
2026-04-11 16:54:32,358|line:494| 评论发送成功
2026-04-11 16:54:34,720|line:424| 100680137 === 已经关注了
2026-04-11 16:54:38,036|line:503| 动态-点赞 OK
2026-04-11 16:54:41,036|line:519| https://t.bilibili.com/1189838247461650437
2026-04-11 16:54:42,332|line:341| =========此为源动态=========
2026-04-11 16:54:43,631|line:362| *********子动态开始*********
2026-04-11 16:54:43,631|line:381| *********子动态结束*********
2026-04-11 16:54:43,631|line:537| -=-=-=-=处理回最初的动态-=-=-=-=
2026-04-11 16:54:50,871|line:475| 转发成功 1190084284675784711
2026-04-11 16:54:54,214|line:548| 'NoneType' object is not subscriptable
2026-04-11 16:54:54,214|line:549| error line:541
2026-04-11 16:54:56,214|line:519| https://t.bilibili.com/1189598871766958089
2026-04-11 16:55:00,512|line:341| =========此为源动态=========
2026-04-11 16:55:01,836|line:362| *********子动态开始*********
2026-04-11 16:55:01,837|line:381| *********子动态结束*********
2026-04-11 16:55:01,837|line:537| -=-=-=-=处理回最初的动态-=-=-=-=
2026-04-11 16:55:11,030|line:475| 转发成功 1190084370616025123
2026-04-11 16:55:14,426|line:494| 评论发送成功
2026-04-11 16:55:15,785|line:424| 402593521 === 已经关注了
2026-04-11 16:55:19,083|line:503| 动态-点赞 OK
2026-04-11 16:55:20,084|line:519| https://t.bilibili.com/1189675919190523924
2026-04-11 16:55:21,430|line:526| 官方 或 预约 OUT！
2026-04-11 16:55:21,430|line:519| https://t.bilibili.com/1189926586389889026
2026-04-11 16:55:23,711|line:336| =========此为子动态=========
2026-04-11 16:55:26,144|line:387| *************原动态处理开始***************
2026-04-11 16:55:32,998|line:475| 转发成功 1190084465091674118
2026-04-11 16:55:36,444|line:494| 评论发送成功
2026-04-11 16:55:44,183|line:436| 关注 ==== 1549022796 0
2026-04-11 16:55:47,570|line:503| 动态-点赞 OK
2026-04-11 16:55:47,571|line:396| *************原动态处理完成***************
2026-04-11 16:55:52,065|line:362| *********子动态开始*********
2026-04-11 16:56:02,539|line:475| 转发成功 1190084593954324483
2026-04-11 16:56:06,023|line:494| 评论发送成功
2026-04-11 16:56:12,715|line:424| 509955674 === 已经关注了
2026-04-11 16:56:12,715|line:376| ----完成一个子动态----
2026-04-11 16:56:12,716|line:381| *********子动态结束*********
2026-04-11 16:56:13,716|line:519| https://t.bilibili.com/1189711923894026249
2026-04-11 16:56:17,015|line:341| =========此为源动态=========
2026-04-11 16:56:19,536|line:362| *********子动态开始*********
2026-04-11 16:56:19,537|line:381| *********子动态结束*********
2026-04-11 16:56:19,537|line:537| -=-=-=-=处理回最初的动态-=-=-=-=
2026-04-11 16:56:27,836|line:475| 转发成功 1190084701328506889
2026-04-11 16:56:31,266|line:494| 评论发送成功
2026-04-11 16:56:32,639|line:424| 100680137 === 已经关注了
2026-04-11 16:56:36,108|line:503| 动态-点赞 OK
2026-04-11 16:56:39,108|line:519| https://t.bilibili.com/1189977385083076608
2026-04-11 16:56:43,595|line:341| =========此为源动态=========
2026-04-11 16:56:47,063|line:362| *********子动态开始*********
2026-04-11 16:56:47,064|line:381| *********子动态结束*********
2026-04-11 16:56:47,064|line:537| -=-=-=-=处理回最初的动态-=-=-=-=
2026-04-11 16:56:59,190|line:475| 转发成功 1190084838770606084
2026-04-11 16:57:02,615|line:494| 评论发送成功
2026-04-11 16:57:06,004|line:424| 1464627422 === 已经关注了
2026-04-11 16:57:09,843|line:503| 动态-点赞 OK
2026-04-11 16:57:13,843|line:519| https://t.bilibili.com/1189884613781094425
2026-04-11 16:57:15,142|line:341| =========此为源动态=========
2026-04-11 16:57:16,447|line:362| *********子动态开始*********
2026-04-11 16:57:16,448|line:381| *********子动态结束*********
2026-04-11 16:57:16,448|line:537| -=-=-=-=处理回最初的动态-=-=-=-=
2026-04-11 16:57:24,608|line:475| 转发成功 1190084946144788486
2026-04-11 16:57:28,016|line:494| 评论发送成功
2026-04-11 16:57:30,407|line:424| 1871737115 === 已经关注了
2026-04-11 16:57:33,733|line:503| 动态-点赞 OK
2026-04-11 16:57:37,734|line:519| https://t.bilibili.com/1189738097460379653
2026-04-11 16:57:42,104|line:341| =========此为源动态=========
2026-04-11 16:57:45,434|line:362| *********子动态开始*********
2026-04-11 16:57:45,434|line:381| *********子动态结束*********
2026-04-11 16:57:45,435|line:537| -=-=-=-=处理回最初的动态-=-=-=-=
2026-04-11 16:57:51,505|line:475| 转发成功 1190085062083739653
2026-04-11 16:57:55,059|line:494| 评论发送成功
2026-04-11 16:57:58,433|line:424| 48394160 === 已经关注了
2026-04-11 16:58:01,739|line:503| 动态-点赞 OK
2026-04-11 16:58:02,739|line:519| https://t.bilibili.com/1188792337065574407
2026-04-11 16:58:06,027|line:526| 官方 或 预约 OUT！
2026-04-11 16:58:06,027|line:519| https://t.bilibili.com/1185516690076598273
2026-04-11 16:58:09,304|line:526| 官方 或 预约 OUT！
2026-04-11 16:58:09,304|line:519| https://t.bilibili.com/1188793097276882962
2026-04-11 16:58:11,599|line:526| 官方 或 预约 OUT！
2026-04-11 16:58:11,600|line:519| https://t.bilibili.com/1189949289548218374
2026-04-11 16:58:15,894|line:341| =========此为源动态=========
2026-04-11 16:58:20,378|line:362| *********子动态开始*********
2026-04-11 16:58:20,379|line:381| *********子动态结束*********
2026-04-11 16:58:20,379|line:537| -=-=-=-=处理回最初的动态-=-=-=-=
2026-04-11 16:58:26,576|line:475| 转发成功 1190085212407595009
2026-04-11 16:58:29,874|line:548| 'NoneType' object is not subscriptable
2026-04-11 16:58:29,875|line:549| error line:541
2026-04-11 16:58:33,875|line:519| https://t.bilibili.com/1189985116039938089
2026-04-11 16:58:36,163|line:341| =========此为源动态=========
2026-04-11 16:58:39,877|line:362| *********子动态开始*********
2026-04-11 16:58:39,877|line:381| *********子动态结束*********
2026-04-11 16:58:39,877|line:537| -=-=-=-=处理回最初的动态-=-=-=-=
2026-04-11 16:58:49,094|line:475| 转发成功 1190085306924138499
2026-04-11 16:58:52,424|line:494| 评论发送成功
2026-04-11 16:58:56,808|line:424| 3493259242375305 === 已经关注了
2026-04-11 16:59:00,105|line:503| 动态-点赞 OK
2026-04-11 16:59:04,106|line:519| https://t.bilibili.com/1186166376843182096
2026-04-11 16:59:04,106|line:521| 已有
2026-04-11 16:59:04,106|line:519| https://t.bilibili.com/1189915537599102999
2026-04-11 16:59:08,472|line:341| =========此为源动态=========
2026-04-11 16:59:11,993|line:362| *********子动态开始*********
2026-04-11 16:59:11,994|line:381| *********子动态结束*********
2026-04-11 16:59:11,994|line:537| -=-=-=-=处理回最初的动态-=-=-=-=
2026-04-11 16:59:21,180|line:475| 转发成功 1190085444312760341
2026-04-11 16:59:24,598|line:494| 评论发送成功
2026-04-11 16:59:25,965|line:424| 388146781 === 已经关注了
2026-04-11 16:59:29,307|line:503| 动态-点赞 OK
2026-04-11 16:59:31,308|line:519| https://t.bilibili.com/1189593202438438951
2026-04-11 16:59:32,603|line:526| 官方 或 预约 OUT！
2026-04-11 16:59:32,603|line:519| https://t.bilibili.com/1189569421194035201
2026-04-11 16:59:34,974|line:341| =========此为源动态=========
2026-04-11 16:59:36,285|line:362| *********子动态开始*********
2026-04-11 16:59:36,285|line:381| *********子动态结束*********
2026-04-11 16:59:36,285|line:537| -=-=-=-=处理回最初的动态-=-=-=-=
2026-04-11 16:59:45,634|line:475| 转发成功 1190085551696379920
2026-04-11 16:59:49,142|line:494| 评论发送成功
2026-04-11 16:59:55,950|line:436| 关注 ==== 3546375874676834 0
2026-04-11 16:59:59,318|line:503| 动态-点赞 OK
2026-04-11 17:00:00,319|line:519| https://t.bilibili.com/1189977039373860900
2026-04-11 17:00:02,664|line:526| 官方 或 预约 OUT！
2026-04-11 17:00:02,665|line:519| https://t.bilibili.com/1189853722279149577
2026-04-11 17:00:05,000|line:341| =========此为源动态=========
2026-04-11 17:00:07,495|line:362| *********子动态开始*********
2026-04-11 17:00:07,495|line:381| *********子动态结束*********
2026-04-11 17:00:07,496|line:537| -=-=-=-=处理回最初的动态-=-=-=-=
2026-04-11 17:00:17,779|line:475| 转发成功 1190085689135333410
2026-04-11 17:00:21,315|line:494| 评论发送成功
2026-04-11 17:00:23,676|line:424| 651298625 === 已经关注了
2026-04-11 17:00:26,988|line:503| 动态-点赞 OK
2026-04-11 17:00:27,989|line:519| https://t.bilibili.com/1189641538003533827
2026-04-11 17:00:29,382|line:341| =========此为源动态=========
2026-04-11 17:00:33,725|line:362| *********子动态开始*********
2026-04-11 17:00:33,725|line:381| *********子动态结束*********
2026-04-11 17:00:33,725|line:537| -=-=-=-=处理回最初的动态-=-=-=-=
2026-04-11 17:00:41,881|line:475| 转发成功 1190085792212451365
2026-04-11 17:00:45,265|line:494| 评论发送成功
2026-04-11 17:00:48,621|line:424| 352063206 === 已经关注了
2026-04-11 17:00:51,931|line:503| 动态-点赞 OK
2026-04-11 17:00:52,931|line:519| https://t.bilibili.com/1189652685555499031
2026-04-11 17:00:57,219|line:341| =========此为源动态=========
2026-04-11 17:01:01,522|line:362| *********子动态开始*********
2026-04-11 17:01:01,522|line:381| *********子动态结束*********
2026-04-11 17:01:01,522|line:537| -=-=-=-=处理回最初的动态-=-=-=-=
2026-04-11 17:01:08,613|line:475| 转发成功 1190085908176568320
2026-04-11 17:01:12,033|line:494| 评论发送成功
2026-04-11 17:01:15,384|line:424| 488791101 === 已经关注了
2026-04-11 17:01:18,706|line:503| 动态-点赞 OK
2026-04-11 17:01:19,707|line:519| https://t.bilibili.com/1187066644948582422
2026-04-11 17:01:22,084|line:341| =========此为源动态=========
2026-04-11 17:01:23,592|line:362| *********子动态开始*********
2026-04-11 17:01:23,592|line:381| *********子动态结束*********
2026-04-11 17:01:23,592|line:537| -=-=-=-=处理回最初的动态-=-=-=-=
2026-04-11 17:01:31,761|line:475| 转发成功 1190086006994370562
2026-04-11 17:01:35,205|line:494| 评论发送成功
2026-04-11 17:01:36,627|line:424| 8481869 === 已经关注了
2026-04-11 17:01:39,927|line:503| 动态-点赞 OK
2026-04-11 17:01:41,928|line:519| https://t.bilibili.com/1189142443463802889
2026-04-11 17:01:44,209|line:341| =========此为源动态=========
2026-04-11 17:01:46,544|line:362| *********子动态开始*********
2026-04-11 17:01:46,544|line:381| *********子动态结束*********
2026-04-11 17:01:46,545|line:537| -=-=-=-=处理回最初的动态-=-=-=-=
2026-04-11 17:01:57,660|line:475| 转发成功 1190086118661423110
2026-04-11 17:02:01,120|line:494| 评论发送成功
2026-04-11 17:02:03,483|line:424| 323060342 === 已经关注了
2026-04-11 17:02:06,783|line:503| 动态-点赞 OK
2026-04-11 17:02:09,784|line:519| https://t.bilibili.com/1190024137946431523
2026-04-11 17:02:12,083|line:341| =========此为源动态=========
2026-04-11 17:02:15,414|line:362| *********子动态开始*********
2026-04-11 17:02:15,414|line:381| *********子动态结束*********
2026-04-11 17:02:15,415|line:537| -=-=-=-=处理回最初的动态-=-=-=-=
2026-04-11 17:02:25,517|line:475| 转发成功 1190086238873321474
2026-04-11 17:02:28,968|line:494| 评论发送成功
2026-04-11 17:02:30,345|line:424| 96611127 === 已经关注了
2026-04-11 17:02:33,664|line:503| 动态-点赞 OK
2026-04-11 17:02:36,665|line:519| https://t.bilibili.com/1189983228418588725
2026-04-11 17:02:40,002|line:526| 官方 或 预约 OUT！
2026-04-11 17:02:40,002|line:519| https://t.bilibili.com/1185563896055857171
2026-04-11 17:02:43,294|line:526| 官方 或 预约 OUT！
2026-04-11 17:02:43,294|line:519| https://t.bilibili.com/1189622695992492037
2026-04-11 17:02:46,575|line:341| =========此为源动态=========
2026-04-11 17:02:49,910|line:362| *********子动态开始*********
2026-04-11 17:02:49,910|line:381| *********子动态结束*********
2026-04-11 17:02:49,911|line:537| -=-=-=-=处理回最初的动态-=-=-=-=
2026-04-11 17:03:00,198|line:475| 转发成功 1190086389210808321
2026-04-11 17:03:03,619|line:494| 评论发送成功
2026-04-11 17:03:04,986|line:424| 352063206 === 已经关注了
2026-04-11 17:03:08,381|line:503| 动态-点赞 OK
2026-04-11 17:03:12,382|line:519| https://t.bilibili.com/1189884613815697408
2026-04-11 17:03:13,704|line:341| =========此为源动态=========
2026-04-11 17:03:18,039|line:362| *********子动态开始*********
2026-04-11 17:03:18,040|line:381| *********子动态结束*********
2026-04-11 17:03:18,040|line:537| -=-=-=-=处理回最初的动态-=-=-=-=
2026-04-11 17:03:25,229|line:475| 转发成功 1190086496630079490
2026-04-11 17:03:28,641|line:494| 评论发送成功
2026-04-11 17:03:31,988|line:424| 673348637 === 已经关注了
2026-04-11 17:03:35,329|line:503| 动态-点赞 OK
2026-04-11 17:03:38,329|line:519| https://t.bilibili.com/1190016424182022149
2026-04-11 17:03:40,813|line:526| 官方 或 预约 OUT！
2026-04-11 17:03:40,814|line:519| https://t.bilibili.com/1178439198159405058
2026-04-11 17:03:44,093|line:526| 官方 或 预约 OUT！
2026-04-11 17:03:44,093|line:519| https://t.bilibili.com/1190003775562055702
2026-04-11 17:03:47,373|line:341| =========此为源动态=========
2026-04-11 17:03:50,923|line:362| *********子动态开始*********
2026-04-11 17:03:50,924|line:381| *********子动态结束*********
2026-04-11 17:03:50,924|line:537| -=-=-=-=处理回最初的动态-=-=-=-=
2026-04-11 17:04:01,128|line:475| 转发成功 1190086651237367813
2026-04-11 17:04:04,587|line:494| 评论发送成功
2026-04-11 17:04:07,998|line:424| 3493259242375305 === 已经关注了
2026-04-11 17:04:11,347|line:503| 动态-点赞 OK
2026-04-11 17:04:14,348|line:519| https://t.bilibili.com/1180367238999310344
2026-04-11 17:04:17,722|line:341| =========此为源动态=========
2026-04-11 17:04:22,216|line:362| *********子动态开始*********
2026-04-11 17:04:22,216|line:381| *********子动态结束*********
2026-04-11 17:04:22,216|line:537| -=-=-=-=处理回最初的动态-=-=-=-=
2026-04-11 17:04:31,377|line:475| 转发成功 1190086780094775321
2026-04-11 17:04:34,776|line:494| 评论发送成功
2026-04-11 17:04:42,499|line:436| 关注 ==== 227418203 0
2026-04-11 17:04:45,812|line:503| 动态-点赞 OK
2026-04-11 17:04:46,812|line:552| 执行结束
2026-04-11 17:04:46,812|line:558| ==================================================2026-04-12 01:04==================================================
2026-04-11 17:04:46,813|line:232| processing article 47716859
2026-04-11 17:04:50,483|line:507| ==================================================2026-04-12 01:04==================================================
2026-04-11 17:04:50,483|line:232| processing article 47716703
2026-04-11 17:04:53,704|line:507| ==================================================2026-04-12 01:04==================================================
2026-04-11 17:04:53,704|line:519| https://t.bilibili.com/1182895810831974421
2026-04-11 17:04:57,983|line:526| 官方 或 预约 OUT！
2026-04-11 17:04:57,984|line:519| https://t.bilibili.com/1189597699268149255
2026-04-11 17:05:01,263|line:526| 官方 或 预约 OUT！
2026-04-11 17:05:01,263|line:519| https://t.bilibili.com/1189242952168243217
2026-04-11 17:05:04,559|line:526| 官方 或 预约 OUT！
2026-04-11 17:05:04,560|line:519| https://t.bilibili.com/1180616841056223241
2026-04-11 17:05:06,859|line:526| 官方 或 预约 OUT！
2026-04-11 17:05:06,859|line:519| https://t.bilibili.com/1188838215878967351
2026-04-11 17:05:11,136|line:341| =========此为源动态=========
2026-04-11 17:05:12,638|line:362| *********子动态开始*********
2026-04-11 17:05:12,639|line:381| *********子动态结束*********
2026-04-11 17:05:12,639|line:537| -=-=-=-=处理回最初的动态-=-=-=-=
2026-04-11 17:05:21,932|line:475| 转发成功 1190086994787565590
2026-04-11 17:05:25,261|line:548| 'NoneType' object is not subscriptable
2026-04-11 17:05:25,262|line:549| error line:541
2026-04-11 17:05:26,262|line:519| https://t.bilibili.com/1189692562186698773
2026-04-11 17:05:28,558|line:526| 官方 或 预约 OUT！
2026-04-11 17:05:28,559|line:519| https://t.bilibili.com/1188772739102539814
2026-04-11 17:05:32,859|line:526| 官方 或 预约 OUT！
2026-04-11 17:05:32,859|line:519| https://t.bilibili.com/1186267111029211136
2026-04-11 17:05:35,158|line:526| 官方 或 预约 OUT！
2026-04-11 17:05:35,158|line:519| https://t.bilibili.com/1189569038932508708
2026-04-11 17:05:38,435|line:526| 官方 或 预约 OUT！
2026-04-11 17:05:38,436|line:519| https://t.bilibili.com/1176241562153123847
2026-04-11 17:05:42,734|line:526| 官方 或 预约 OUT！
2026-04-11 17:05:42,734|line:519| https://t.bilibili.com/1184040879160033287
2026-04-11 17:05:44,036|line:526| 官方 或 预约 OUT！
2026-04-11 17:05:44,036|line:519| https://t.bilibili.com/1186885040864231432
2026-04-11 17:05:46,332|line:526| 官方 或 预约 OUT！
2026-04-11 17:05:46,332|line:519| https://t.bilibili.com/1189592309100970000
2026-04-11 17:05:50,611|line:526| 官方 或 预约 OUT！
2026-04-11 17:05:50,611|line:519| https://t.bilibili.com/1186132094461411334
2026-04-11 17:05:52,910|line:526| 官方 或 预约 OUT！
2026-04-11 17:05:52,910|line:519| https://t.bilibili.com/1189253376022413329
2026-04-11 17:05:54,202|line:526| 官方 或 预约 OUT！
2026-04-11 17:05:54,202|line:519| https://t.bilibili.com/1189869278663278665
2026-04-11 17:05:56,499|line:526| 官方 或 预约 OUT！
2026-04-11 17:05:56,499|line:519| https://t.bilibili.com/1188962005475655712
2026-04-11 17:06:00,800|line:526| 官方 或 预约 OUT！
2026-04-11 17:06:00,801|line:519| https://t.bilibili.com/1189207737697828867
2026-04-11 17:06:02,099|line:341| =========此为源动态=========
2026-04-11 17:06:03,634|line:362| *********子动态开始*********
2026-04-11 17:06:03,634|line:381| *********子动态结束*********
2026-04-11 17:06:03,635|line:537| -=-=-=-=处理回最初的动态-=-=-=-=
2026-04-11 17:06:11,831|line:475| 转发成功 1190087209597796358
2026-04-11 17:06:15,283|line:494| 评论发送成功
2026-04-11 17:06:17,649|line:424| 100680137 === 已经关注了
2026-04-11 17:06:20,947|line:503| 动态-点赞 OK
2026-04-11 17:06:22,947|line:519| https://t.bilibili.com/1189561101815119877
2026-04-11 17:06:25,229|line:526| 官方 或 预约 OUT！
2026-04-11 17:06:25,230|line:519| https://t.bilibili.com/1184357027391995908
2026-04-11 17:06:27,523|line:526| 官方 或 预约 OUT！
2026-04-11 17:06:27,523|line:519| https://t.bilibili.com/1169636705579302913
2026-04-11 17:06:31,836|line:526| 官方 或 预约 OUT！
2026-04-11 17:06:31,836|line:519| https://t.bilibili.com/1189127013822103573
2026-04-11 17:06:33,133|line:526| 官方 或 预约 OUT！
2026-04-11 17:06:33,134|line:519| https://t.bilibili.com/1189577354026942471
2026-04-11 17:06:37,438|line:341| =========此为源动态=========
2026-04-11 17:06:39,956|line:362| *********子动态开始*********
2026-04-11 17:06:39,957|line:381| *********子动态结束*********
2026-04-11 17:06:39,957|line:537| -=-=-=-=处理回最初的动态-=-=-=-=
2026-04-11 17:06:48,120|line:475| 转发成功 1190087368493760515
2026-04-11 17:06:51,560|line:494| 评论发送成功
2026-04-11 17:06:55,915|line:424| 100680137 === 已经关注了
2026-04-11 17:06:59,255|line:503| 动态-点赞 OK
2026-04-11 17:07:02,255|line:519| https://t.bilibili.com/1186515338656743441
2026-04-11 17:07:06,648|line:526| 官方 或 预约 OUT！
2026-04-11 17:07:06,649|line:519| https://t.bilibili.com/1188792337065574407
2026-04-11 17:07:09,945|line:526| 官方 或 预约 OUT！
2026-04-11 17:07:09,946|line:519| https://t.bilibili.com/1185516690076598273
2026-04-11 17:07:13,243|line:526| 官方 或 预约 OUT！
2026-04-11 17:07:13,243|line:519| https://t.bilibili.com/1188793097276882962
2026-04-11 17:07:15,599|line:526| 官方 或 预约 OUT！
2026-04-11 17:07:15,600|line:519| https://t.bilibili.com/1186166376843182096
2026-04-11 17:07:15,600|line:521| 已有
2026-04-11 17:07:15,600|line:519| https://t.bilibili.com/1189237995780177940
2026-04-11 17:07:19,951|line:526| 官方 或 预约 OUT！
2026-04-11 17:07:19,951|line:519| https://t.bilibili.com/1189646236669444103
2026-04-11 17:07:21,252|line:526| 官方 或 预约 OUT！
2026-04-11 17:07:21,252|line:519| https://t.bilibili.com/1187066644948582422
2026-04-11 17:07:21,252|line:521| 已有
2026-04-11 17:07:21,252|line:519| https://t.bilibili.com/1186206925690241030
2026-04-11 17:07:25,542|line:526| 官方 或 预约 OUT！
2026-04-11 17:07:25,542|line:519| https://t.bilibili.com/1188464012559384613
2026-04-11 17:07:25,542|line:521| 已有
2026-04-11 17:07:25,542|line:519| https://t.bilibili.com/1185563896055857171
2026-04-11 17:07:27,839|line:526| 官方 或 预约 OUT！
2026-04-11 17:07:27,840|line:519| https://t.bilibili.com/1178439198159405058
2026-04-11 17:07:32,135|line:526| 官方 或 预约 OUT！
2026-04-11 17:07:32,135|line:519| https://t.bilibili.com/1181704717577748485
2026-04-11 17:07:35,430|line:526| 官方 或 预约 OUT！
2026-04-11 17:07:35,431|line:519| https://t.bilibili.com/1180367238999310344
2026-04-11 17:07:35,431|line:521| 已有
2026-04-11 17:07:35,431|line:519| https://t.bilibili.com/1186513968603070468
2026-04-11 17:07:37,717|line:526| 官方 或 预约 OUT！
2026-04-11 17:07:37,717|line:552| 执行结束
2026-04-11 17:07:37,717|line:558| ==================================================2026-04-12 01:07==================================================
2026-04-11 17:07:37,718|line:232| processing article 47699661
2026-04-11 17:07:40,396|line:507| ==================================================2026-04-12 01:07==================================================
2026-04-11 17:07:40,396|line:232| processing article 47690908
2026-04-11 17:07:44,782|line:507| ==================================================2026-04-12 01:07==================================================
2026-04-11 17:07:44,783|line:519| https://t.bilibili.com/1189482602749231128
2026-04-11 17:07:48,098|line:341| =========此为源动态=========
2026-04-11 17:07:49,402|line:362| *********子动态开始*********
2026-04-11 17:07:49,402|line:381| *********子动态结束*********
2026-04-11 17:07:49,402|line:537| -=-=-=-=处理回最初的动态-=-=-=-=
2026-04-11 17:07:58,859|line:475| 转发成功 1190087669141471271
2026-04-11 17:08:02,332|line:548| 'NoneType' object is not subscriptable
2026-04-11 17:08:02,333|line:549| error line:541
2026-04-11 17:08:06,333|line:519| https://t.bilibili.com/1182895810831974421
2026-04-11 17:08:08,735|line:526| 官方 或 预约 OUT！
2026-04-11 17:08:08,736|line:519| https://t.bilibili.com/1189235214768930839
2026-04-11 17:08:12,031|line:341| =========此为源动态=========
2026-04-11 17:08:16,430|line:362| *********子动态开始*********
2026-04-11 17:08:16,430|line:381| *********子动态结束*********
2026-04-11 17:08:16,431|line:537| -=-=-=-=处理回最初的动态-=-=-=-=
2026-04-11 17:08:25,653|line:475| 转发成功 1190087785090908180
2026-04-11 17:08:29,029|line:494| 评论发送成功
2026-04-11 17:08:32,401|line:424| 32741563 === 已经关注了
2026-04-11 17:08:35,711|line:503| 动态-点赞 OK
2026-04-11 17:08:38,711|line:519| https://t.bilibili.com/1189482604898811942
2026-04-11 17:08:42,001|line:341| =========此为源动态=========
2026-04-11 17:08:46,327|line:362| *********子动态开始*********
2026-04-11 17:08:46,327|line:381| *********子动态结束*********
2026-04-11 17:08:46,327|line:537| -=-=-=-=处理回最初的动态-=-=-=-=
2026-04-11 17:08:55,559|line:475| 转发成功 1190087913935732742
2026-04-11 17:08:58,949|line:494| 评论发送成功
2026-04-11 17:09:00,316|line:424| 690588074 === 已经关注了
2026-04-11 17:09:03,637|line:503| 动态-点赞 OK
2026-04-11 17:09:05,638|line:519| https://t.bilibili.com/1189604184683446281
2026-04-11 17:09:08,947|line:341| =========此为源动态=========
2026-04-11 17:09:12,437|line:362| *********子动态开始*********
2026-04-11 17:09:12,437|line:381| *********子动态结束*********
2026-04-11 17:09:12,437|line:537| -=-=-=-=处理回最初的动态-=-=-=-=
2026-04-11 17:09:21,556|line:475| 转发成功 1190088025625853952
2026-04-11 17:09:24,942|line:494| 评论发送成功
2026-04-11 17:09:26,311|line:424| 1694196506 === 已经关注了
2026-04-11 17:09:29,630|line:503| 动态-点赞 OK
2026-04-11 17:09:30,630|line:519| https://t.bilibili.com/1189607637828763649
2026-04-11 17:09:31,914|line:526| 官方 或 预约 OUT！
2026-04-11 17:09:31,914|line:519| https://t.bilibili.com/1189602434432892945
2026-04-11 17:09:35,223|line:341| =========此为源动态=========
2026-04-11 17:09:39,735|line:362| *********子动态开始*********
2026-04-11 17:09:39,736|line:381| *********子动态结束*********
2026-04-11 17:09:39,736|line:537| -=-=-=-=处理回最初的动态-=-=-=-=
2026-04-11 17:09:47,923|line:475| 转发成功 1190088137291857922
2026-04-11 17:09:51,260|line:494| 评论发送成功
2026-04-11 17:09:53,615|line:424| 3546813611117108 === 已经关注了
2026-04-11 17:09:56,932|line:503| 动态-点赞 OK
2026-04-11 17:10:00,933|line:519| https://t.bilibili.com/1189584719892709413
2026-04-11 17:10:03,225|line:341| =========此为源动态=========
2026-04-11 17:10:05,555|line:362| *********子动态开始*********
2026-04-11 17:10:05,555|line:381| *********子动态结束*********
2026-04-11 17:10:05,555|line:537| -=-=-=-=处理回最初的动态-=-=-=-=
2026-04-11 17:10:14,807|line:475| 转发成功 1190088253268557833
2026-04-11 17:10:18,211|line:494| 评论发送成功
2026-04-11 17:10:24,933|line:436| 关注 ==== 2169841 0
2026-04-11 17:10:28,234|line:503| 动态-点赞 OK
2026-04-11 17:10:32,234|line:519| https://t.bilibili.com/1189555698797641731
2026-04-11 17:10:34,514|line:526| 官方 或 预约 OUT！
2026-04-11 17:10:34,514|line:519| https://t.bilibili.com/1189606299944353799
2026-04-11 17:10:36,818|line:341| =========此为源动态=========
2026-04-11 17:10:41,141|line:362| *********子动态开始*********
2026-04-11 17:10:41,141|line:381| *********子动态结束*********
2026-04-11 17:10:41,142|line:537| -=-=-=-=处理回最初的动态-=-=-=-=
2026-04-11 17:10:50,885|line:475| 转发成功 1190088407892623380
2026-04-11 17:10:54,310|line:494| 评论发送成功
2026-04-11 17:10:57,671|line:424| 3850213 === 已经关注了
2026-04-11 17:11:00,999|line:503| 动态-点赞 OK
2026-04-11 17:11:03,000|line:519| https://t.bilibili.com/1189481730816344082
2026-04-11 17:11:06,418|line:341| =========此为源动态=========
2026-04-11 17:11:07,745|line:362| *********子动态开始*********
2026-04-11 17:11:07,746|line:381| *********子动态结束*********
2026-04-11 17:11:07,746|line:537| -=-=-=-=处理回最初的动态-=-=-=-=
2026-04-11 17:11:16,943|line:475| 转发成功 1190088519540801544
2026-04-11 17:11:20,369|line:494| 评论发送成功
2026-04-11 17:11:24,739|line:424| 488757623 === 已经关注了
2026-04-11 17:11:28,049|line:503| 动态-点赞 OK
2026-04-11 17:11:32,049|line:519| https://t.bilibili.com/1189541817439223808
2026-04-11 17:11:36,375|line:341| =========此为源动态=========
2026-04-11 17:11:40,859|line:362| *********子动态开始*********
2026-04-11 17:11:40,860|line:381| *********子动态结束*********
2026-04-11 17:11:40,860|line:537| -=-=-=-=处理回最初的动态-=-=-=-=
2026-04-11 17:11:51,037|line:475| 转发成功 1190088665561301040
2026-04-11 17:11:54,514|line:494| 评论发送成功
2026-04-11 17:11:58,904|line:424| 79955050 === 已经关注了
2026-04-11 17:12:02,260|line:503| 动态-点赞 OK
2026-04-11 17:12:06,260|line:519| https://t.bilibili.com/1176241562153123847
2026-04-11 17:12:10,619|line:526| 官方 或 预约 OUT！
2026-04-11 17:12:10,620|line:519| https://t.bilibili.com/1189491196934750227
2026-04-11 17:12:11,934|line:526| 官方 或 预约 OUT！
2026-04-11 17:12:11,934|line:519| https://t.bilibili.com/1189522902413737989
2026-04-11 17:12:16,221|line:341| =========此为源动态=========
2026-04-11 17:12:20,749|line:362| *********子动态开始*********
2026-04-11 17:12:20,749|line:381| *********子动态结束*********
2026-04-11 17:12:20,750|line:537| -=-=-=-=处理回最初的动态-=-=-=-=
2026-04-11 17:12:27,909|line:475| 转发成功 1190088824498159623
2026-04-11 17:12:31,377|line:494| 评论发送成功
2026-04-11 17:12:34,756|line:424| 20467627 === 已经关注了
2026-04-11 17:12:38,057|line:503| 动态-点赞 OK
2026-04-11 17:12:40,057|line:519| https://t.bilibili.com/1188920786655641605
2026-04-11 17:12:41,330|line:341| =========此为源动态=========
2026-04-11 17:12:42,664|line:362| *********子动态开始*********
2026-04-11 17:12:42,665|line:381| *********子动态结束*********
2026-04-11 17:12:42,665|line:537| -=-=-=-=处理回最初的动态-=-=-=-=
2026-04-11 17:12:53,849|line:475| 转发成功 1190088936128512025
2026-04-11 17:12:57,238|line:494| 评论发送成功
2026-04-11 17:13:02,975|line:436| 关注 ==== 74985739 0
2026-04-11 17:13:06,295|line:503| 动态-点赞 OK
2026-04-11 17:13:07,296|line:519| https://t.bilibili.com/1189585918149787718
2026-04-11 17:13:09,582|line:341| =========此为源动态=========
2026-04-11 17:13:12,199|line:362| *********子动态开始*********
2026-04-11 17:13:12,199|line:381| *********子动态结束*********
2026-04-11 17:13:12,200|line:537| -=-=-=-=处理回最初的动态-=-=-=-=
2026-04-11 17:13:20,349|line:475| 转发成功 1190089052128280581
2026-04-11 17:13:23,759|line:494| 评论发送成功
2026-04-11 17:13:27,124|line:424| 527094538 === 已经关注了
2026-04-11 17:13:30,442|line:503| 动态-点赞 OK
2026-04-11 17:13:32,442|line:519| https://t.bilibili.com/1189501719621402641
2026-04-11 17:13:34,727|line:341| =========此为源动态=========
2026-04-11 17:13:37,038|line:362| *********子动态开始*********
2026-04-11 17:13:37,038|line:381| *********子动态结束*********
2026-04-11 17:13:37,038|line:537| -=-=-=-=处理回最初的动态-=-=-=-=
2026-04-11 17:13:47,320|line:475| 转发成功 1190089168041017345
2026-04-11 17:13:50,745|line:494| 评论发送成功
2026-04-11 17:13:55,243|line:424| 647310437 === 已经关注了
2026-04-11 17:13:58,561|line:503| 动态-点赞 OK
2026-04-11 17:14:01,561|line:519| https://t.bilibili.com/1189500121928171527
2026-04-11 17:14:03,856|line:526| 官方 或 预约 OUT！
2026-04-11 17:14:03,856|line:519| https://t.bilibili.com/1189503398957809664
2026-04-11 17:14:05,141|line:341| =========此为源动态=========
2026-04-11 17:14:07,458|line:362| *********子动态开始*********
2026-04-11 17:14:07,458|line:381| *********子动态结束*********
2026-04-11 17:14:07,458|line:537| -=-=-=-=处理回最初的动态-=-=-=-=
2026-04-11 17:14:18,572|line:475| 转发成功 1190089301214363653
2026-04-11 17:14:21,972|line:494| 评论发送成功
2026-04-11 17:14:25,363|line:424| 108766164 === 已经关注了
2026-04-11 17:14:28,678|line:503| 动态-点赞 OK
2026-04-11 17:14:29,678|line:519| https://t.bilibili.com/1189285652684865540
2026-04-11 17:14:32,049|line:341| =========此为源动态=========
2026-04-11 17:14:36,367|line:362| *********子动态开始*********
2026-04-11 17:14:36,367|line:381| *********子动态结束*********
2026-04-11 17:14:36,367|line:537| -=-=-=-=处理回最初的动态-=-=-=-=
2026-04-11 17:14:44,473|line:475| 转发成功 1190089412905533445
2026-04-11 17:14:47,855|line:494| 评论发送成功
2026-04-11 17:14:52,229|line:424| 614323946 === 已经关注了
2026-04-11 17:14:55,597|line:503| 动态-点赞 OK
2026-04-11 17:14:59,598|line:519| https://t.bilibili.com/1189578457836683300
2026-04-11 17:15:02,899|line:341| =========此为源动态=========
2026-04-11 17:15:07,415|line:362| *********子动态开始*********
2026-04-11 17:15:07,415|line:381| *********子动态结束*********
2026-04-11 17:15:07,416|line:537| -=-=-=-=处理回最初的动态-=-=-=-=
2026-04-11 17:15:16,599|line:475| 转发成功 1190089550328758294
2026-04-11 17:15:19,966|line:548| 'NoneType' object is not subscriptable
2026-04-11 17:15:19,966|line:549| error line:541
2026-04-11 17:15:22,966|line:519| https://t.bilibili.com/1189481902677950468
2026-04-11 17:15:25,292|line:341| =========此为源动态=========
2026-04-11 17:15:26,598|line:362| *********子动态开始*********
2026-04-11 17:15:26,598|line:381| *********子动态结束*********
2026-04-11 17:15:26,599|line:537| -=-=-=-=处理回最初的动态-=-=-=-=
2026-04-11 17:15:35,865|line:475| 转发成功 1190089631910068229
2026-04-11 17:15:39,296|line:494| 评论发送成功
2026-04-11 17:15:42,653|line:424| 3546892633901313 === 已经关注了
2026-04-11 17:15:46,144|line:503| 动态-点赞 OK
2026-04-11 17:15:48,145|line:519| https://t.bilibili.com/1189499619372957697
2026-04-11 17:15:52,519|line:526| 官方 或 预约 OUT！
2026-04-11 17:15:52,519|line:519| https://t.bilibili.com/1189608518278184999
2026-04-11 17:15:55,832|line:341| =========此为源动态=========
2026-04-11 17:15:58,380|line:362| *********子动态开始*********
2026-04-11 17:15:58,381|line:381| *********子动态结束*********
2026-04-11 17:15:58,381|line:537| -=-=-=-=处理回最初的动态-=-=-=-=
2026-04-11 17:16:06,554|line:475| 转发成功 1190089765094948884
2026-04-11 17:16:10,000|line:494| 评论发送成功
2026-04-11 17:16:11,417|line:424| 92337361 === 已经关注了
2026-04-11 17:16:14,760|line:503| 动态-点赞 OK
2026-04-11 17:16:15,761|line:519| https://t.bilibili.com/1189606302090788882
2026-04-11 17:16:17,045|line:526| 官方 或 预约 OUT！
2026-04-11 17:16:17,046|line:519| https://t.bilibili.com/1189243905607991305
2026-04-11 17:16:20,347|line:341| =========此为源动态=========
2026-04-11 17:16:23,654|line:362| *********子动态开始*********
2026-04-11 17:16:23,655|line:381| *********子动态结束*********
2026-04-11 17:16:23,655|line:537| -=-=-=-=处理回最初的动态-=-=-=-=
2026-04-11 17:16:33,818|line:475| 转发成功 1190089881035997185
2026-04-11 17:16:37,261|line:494| 评论发送成功
2026-04-11 17:16:39,619|line:424| 107113230 === 已经关注了
2026-04-11 17:16:42,938|line:503| 动态-点赞 OK
2026-04-11 17:16:46,938|line:519| https://t.bilibili.com/1189483809631895592
2026-04-11 17:16:50,213|line:341| =========此为源动态=========
2026-04-11 17:16:54,796|line:362| *********子动态开始*********
2026-04-11 17:16:54,796|line:381| *********子动态结束*********
2026-04-11 17:16:54,797|line:537| -=-=-=-=处理回最初的动态-=-=-=-=
2026-04-11 17:17:02,916|line:475| 转发成功 1190090005608923160
2026-04-11 17:17:06,319|line:494| 评论发送成功
2026-04-11 17:17:09,692|line:424| 238623328 === 已经关注了
2026-04-11 17:17:13,008|line:503| 动态-点赞 OK
2026-04-11 17:17:16,008|line:519| https://t.bilibili.com/1189559914288119815
2026-04-11 17:17:19,280|line:341| =========此为源动态=========
2026-04-11 17:17:23,780|line:362| *********子动态开始*********
2026-04-11 17:17:23,780|line:381| *********子动态结束*********
2026-04-11 17:17:23,781|line:537| -=-=-=-=处理回最初的动态-=-=-=-=
2026-04-11 17:17:32,006|line:475| 转发成功 1190090130168217639
2026-04-11 17:17:35,406|line:494| 评论发送成功
2026-04-11 17:17:38,772|line:424| 388146781 === 已经关注了
2026-04-11 17:17:42,083|line:503| 动态-点赞 OK
2026-04-11 17:17:43,084|line:519| https://t.bilibili.com/1186132094461411334
2026-04-11 17:17:47,380|line:526| 官方 或 预约 OUT！
2026-04-11 17:17:47,380|line:519| https://t.bilibili.com/1189594357771010072
2026-04-11 17:17:48,665|line:341| =========此为源动态=========
2026-04-11 17:17:51,990|line:362| *********子动态开始*********
2026-04-11 17:17:51,991|line:381| *********子动态结束*********
2026-04-11 17:17:51,991|line:537| -=-=-=-=处理回最初的动态-=-=-=-=
2026-04-11 17:18:01,197|line:475| 转发成功 1190090259021430785
2026-04-11 17:18:04,626|line:494| 评论发送成功
2026-04-11 17:18:07,995|line:424| 480520643 === 已经关注了
2026-04-11 17:18:11,312|line:503| 动态-点赞 OK
2026-04-11 17:18:13,313|line:519| https://t.bilibili.com/1189606299947499523
2026-04-11 17:18:14,610|line:341| =========此为源动态=========
2026-04-11 17:18:18,084|line:362| *********子动态开始*********
2026-04-11 17:18:18,084|line:381| *********子动态结束*********
2026-04-11 17:18:18,084|line:537| -=-=-=-=处理回最初的动态-=-=-=-=
2026-04-11 17:18:27,220|line:475| 转发成功 1190090370681143300
2026-04-11 17:18:30,574|line:494| 评论发送成功
2026-04-11 17:18:32,943|line:424| 3546813611117108 === 已经关注了
2026-04-11 17:18:36,243|line:503| 动态-点赞 OK
2026-04-11 17:18:37,244|line:519| https://t.bilibili.com/1189590436462723076
2026-04-11 17:18:38,520|line:341| =========此为源动态=========
2026-04-11 17:18:42,006|line:362| *********子动态开始*********
2026-04-11 17:18:42,007|line:381| *********子动态结束*********
2026-04-11 17:18:42,007|line:537| -=-=-=-=处理回最初的动态-=-=-=-=
2026-04-11 17:18:52,168|line:475| 转发成功 1190090478052179977
2026-04-11 17:18:55,583|line:494| 评论发送成功
2026-04-11 17:18:57,964|line:424| 3546947480718133 === 已经关注了
2026-04-11 17:19:01,294|line:503| 动态-点赞 OK
2026-04-11 17:19:02,295|line:519| https://t.bilibili.com/1189568910065664000
2026-04-11 17:19:05,665|line:336| =========此为子动态=========
2026-04-11 17:19:10,125|line:387| *************原动态处理开始***************
2026-04-11 17:19:15,023|line:475| 转发成功 1190090572542509078
2026-04-11 17:19:18,454|line:494| 评论发送成功
2026-04-11 17:19:19,833|line:424| 20467627 === 已经关注了
2026-04-11 17:19:23,145|line:503| 动态-点赞 OK
2026-04-11 17:19:23,145|line:396| *************原动态处理完成***************
2026-04-11 17:19:26,573|line:362| *********子动态开始*********
2026-04-11 17:19:33,843|line:475| 转发成功 1190090654147936260
2026-04-11 17:19:37,337|line:494| 评论发送成功
2026-04-11 17:19:40,018|line:424| 396808737 === 已经关注了
2026-04-11 17:19:40,019|line:376| ----完成一个子动态----
2026-04-11 17:19:44,742|line:381| *********子动态结束*********
2026-04-11 17:19:48,742|line:519| https://t.bilibili.com/1189490694429868057
2026-04-11 17:19:53,017|line:341| =========此为源动态=========
2026-04-11 17:19:55,485|line:362| *********子动态开始*********
2026-04-11 17:19:55,486|line:381| *********子动态结束*********
2026-04-11 17:19:55,486|line:537| -=-=-=-=处理回最初的动态-=-=-=-=
2026-04-11 17:20:03,711|line:475| 转发成功 1190090783010586627
2026-04-11 17:20:07,243|line:494| 评论发送成功
2026-04-11 17:20:11,728|line:424| 1930420310 === 已经关注了
2026-04-11 17:20:15,085|line:503| 动态-点赞 OK
2026-04-11 17:20:19,085|line:519| https://t.bilibili.com/1189482604869451801
2026-04-11 17:20:20,372|line:341| =========此为源动态=========
2026-04-11 17:20:24,880|line:362| *********子动态开始*********
2026-04-11 17:20:24,880|line:381| *********子动态结束*********
2026-04-11 17:20:24,880|line:537| -=-=-=-=处理回最初的动态-=-=-=-=
2026-04-11 17:20:34,079|line:475| 转发成功 1190090911839682568
2026-04-11 17:20:37,465|line:494| 评论发送成功
2026-04-11 17:20:39,868|line:424| 323252394 === 已经关注了
2026-04-11 17:20:43,168|line:503| 动态-点赞 OK
2026-04-11 17:20:46,168|line:519| https://t.bilibili.com/1189504051797033015
2026-04-11 17:20:49,460|line:341| =========此为源动态=========
2026-04-11 17:20:52,781|line:362| *********子动态开始*********
2026-04-11 17:20:52,781|line:381| *********子动态结束*********
2026-04-11 17:20:52,782|line:537| -=-=-=-=处理回最初的动态-=-=-=-=
2026-04-11 17:21:01,004|line:475| 转发成功 1190091027801702409
2026-04-11 17:21:04,405|line:494| 评论发送成功
2026-04-11 17:21:12,211|line:436| 关注 ==== 436089892 0
2026-04-11 17:21:15,512|line:503| 动态-点赞 OK
2026-04-11 17:21:17,513|line:519| https://t.bilibili.com/1189607775229968404
2026-04-11 17:21:18,799|line:336| =========此为子动态=========
2026-04-11 17:21:20,188|line:387| *************原动态处理开始***************
2026-04-11 17:21:26,955|line:475| 转发成功 1190091139489726467
2026-04-11 17:21:30,328|line:494| 评论发送成功
2026-04-11 17:21:34,692|line:424| 515090296 === 已经关注了
2026-04-11 17:21:38,006|line:503| 动态-点赞 OK
2026-04-11 17:21:38,007|line:396| *************原动态处理完成***************
2026-04-11 17:21:39,501|line:362| *********子动态开始*********
2026-04-11 17:24:15,834|line:381| *********子动态结束*********
2026-04-11 17:24:15,834|line:537| -=-=-=-=处理回最初的动态-=-=-=-=
2026-04-11 17:24:25,138|line:475| 转发成功 1190091908257415175
2026-04-11 17:24:28,552|line:494| 评论发送成功
2026-04-11 17:24:29,950|line:424| 380926733 === 已经关注了
2026-04-11 17:24:33,248|line:503| 动态-点赞 OK
2026-04-11 17:24:35,249|line:519| https://t.bilibili.com/1189285536761643031
2026-04-11 17:24:36,617|line:341| =========此为源动态=========
2026-04-11 17:24:37,943|line:362| *********子动态开始*********
2026-04-11 17:24:37,944|line:381| *********子动态结束*********
2026-04-11 17:24:37,944|line:537| -=-=-=-=处理回最初的动态-=-=-=-=
2026-04-11 17:24:46,033|line:475| 转发成功 1190091994173538358
2026-04-11 17:24:49,427|line:494| 评论发送成功
2026-04-11 17:24:52,803|line:424| 238623328 === 已经关注了
2026-04-11 17:24:56,109|line:503| 动态-点赞 OK
2026-04-11 17:24:59,109|line:519| https://t.bilibili.com/1189559914270294016
2026-04-11 17:25:03,408|line:341| =========此为源动态=========
2026-04-11 17:25:05,919|line:362| *********子动态开始*********
2026-04-11 17:25:05,919|line:381| *********子动态结束*********
2026-04-11 17:25:05,919|line:537| -=-=-=-=处理回最初的动态-=-=-=-=
2026-04-11 17:25:16,132|line:475| 转发成功 1190092127335350280
2026-04-11 17:25:19,527|line:494| 评论发送成功
2026-04-11 17:25:20,887|line:424| 306455387 === 已经关注了
2026-04-11 17:25:24,208|line:503| 动态-点赞 OK
2026-04-11 17:25:28,209|line:519| https://t.bilibili.com/1188864129605042184
2026-04-11 17:25:32,495|line:341| =========此为源动态=========
2026-04-11 17:25:36,921|line:362| *********子动态开始*********
2026-04-11 17:25:36,922|line:381| *********子动态结束*********
2026-04-11 17:25:36,922|line:537| -=-=-=-=处理回最初的动态-=-=-=-=
2026-04-11 17:25:44,057|line:475| 转发成功 1190092243237601283
2026-04-11 17:25:47,466|line:494| 评论发送成功
2026-04-11 17:25:49,832|line:424| 1094015124 === 已经关注了
2026-04-11 17:25:53,171|line:503| 动态-点赞 OK
2026-04-11 17:25:56,171|line:519| https://t.bilibili.com/1189625921483571250
2026-04-11 17:25:59,463|line:336| =========此为子动态=========
2026-04-11 17:26:00,828|line:387| *************原动态处理开始***************
2026-04-11 17:26:07,584|line:475| 转发成功 1190092346379730949
2026-04-11 17:26:10,964|line:494| 评论发送成功
2026-04-11 17:26:14,328|line:424| 480772617 === 已经关注了
2026-04-11 17:26:17,655|line:503| 动态-点赞 OK
2026-04-11 17:26:17,655|line:396| *************原动态处理完成***************
2026-04-11 17:26:20,164|line:362| *********子动态开始*********
2026-04-11 17:26:30,400|line:475| 转发成功 1190092445149298689
2026-04-11 17:26:33,810|line:494| 评论发送成功
2026-04-11 17:26:40,480|line:424| 396808737 === 已经关注了
2026-04-11 17:26:40,481|line:376| ----完成一个子动态----
2026-04-11 17:26:40,481|line:381| *********子动态结束*********
2026-04-11 17:26:41,482|line:519| https://t.bilibili.com/1189504494151401480
2026-04-11 17:26:43,777|line:341| =========此为源动态=========
2026-04-11 17:26:48,262|line:362| *********子动态开始*********
2026-04-11 17:26:48,262|line:381| *********子动态结束*********
2026-04-11 17:26:48,262|line:537| -=-=-=-=处理回最初的动态-=-=-=-=
2026-04-11 17:26:58,454|line:475| 转发成功 1190092565414674438
2026-04-11 17:27:01,865|line:494| 评论发送成功
2026-04-11 17:27:03,245|line:424| 3546795158276766 === 已经关注了
2026-04-11 17:27:06,597|line:503| 动态-点赞 OK
2026-04-11 17:27:09,597|line:519| https://t.bilibili.com/1189623108270555144
2026-04-11 17:27:11,961|line:341| =========此为源动态=========
2026-04-11 17:27:13,472|line:362| *********子动态开始*********
2026-04-11 17:27:13,472|line:381| *********子动态结束*********
2026-04-11 17:27:13,472|line:537| -=-=-=-=处理回最初的动态-=-=-=-=
2026-04-11 17:27:21,630|line:475| 转发成功 1190092664201019433
2026-04-11 17:27:25,101|line:494| 评论发送成功
2026-04-11 17:27:29,487|line:424| 383768376 === 已经关注了
2026-04-11 17:27:32,824|line:503| 动态-点赞 OK
2026-04-11 17:27:34,824|line:519| https://t.bilibili.com/1189577354026942471
2026-04-11 17:27:34,824|line:521| 已有
2026-04-11 17:27:34,825|line:519| https://t.bilibili.com/1189513528648663040
2026-04-11 17:27:37,115|line:341| =========此为源动态=========
2026-04-11 17:27:39,440|line:362| *********子动态开始*********
2026-04-11 17:27:39,441|line:381| *********子动态结束*********
2026-04-11 17:27:39,441|line:537| -=-=-=-=处理回最初的动态-=-=-=-=
2026-04-11 17:27:51,758|line:475| 转发成功 1190092793041649682
2026-04-11 17:27:55,158|line:494| 评论发送成功
2026-04-11 17:27:57,547|line:424| 1263987303 === 已经关注了
2026-04-11 17:28:00,853|line:503| 动态-点赞 OK
2026-04-11 17:28:01,853|line:519| https://t.bilibili.com/1189339644737617922
2026-04-11 17:28:03,149|line:341| =========此为源动态=========
2026-04-11 17:28:05,674|line:362| *********子动态开始*********
2026-04-11 17:28:05,675|line:381| *********子动态结束*********
2026-04-11 17:28:05,675|line:537| -=-=-=-=处理回最初的动态-=-=-=-=
2026-04-11 17:28:17,889|line:475| 转发成功 1190092904697167889
2026-04-11 17:28:21,200|line:548| 'NoneType' object is not subscriptable
2026-04-11 17:28:21,200|line:549| error line:541
2026-04-11 17:28:22,200|line:519| https://t.bilibili.com/1188792337065574407
2026-04-11 17:28:24,509|line:526| 官方 或 预约 OUT！
2026-04-11 17:28:24,510|line:519| https://t.bilibili.com/1189489878419636261
2026-04-11 17:28:27,797|line:341| =========此为源动态=========
2026-04-11 17:28:30,268|line:362| *********子动态开始*********
2026-04-11 17:28:30,269|line:381| *********子动态结束*********
2026-04-11 17:28:30,269|line:537| -=-=-=-=处理回最初的动态-=-=-=-=
2026-04-11 17:28:41,419|line:475| 转发成功 1190093007797354516
2026-04-11 17:28:44,846|line:494| 评论发送成功
2026-04-11 17:28:49,198|line:424| 543816944 === 已经关注了
2026-04-11 17:28:52,514|line:503| 动态-点赞 OK
2026-04-11 17:28:54,515|line:519| https://t.bilibili.com/1185516690076598273
2026-04-11 17:28:58,803|line:526| 官方 或 预约 OUT！
2026-04-11 17:28:58,803|line:519| https://t.bilibili.com/1188793097276882962
2026-04-11 17:29:03,087|line:526| 官方 或 预约 OUT！
2026-04-11 17:29:03,087|line:519| https://t.bilibili.com/1189558516282556450
2026-04-11 17:29:05,374|line:526| 官方 或 预约 OUT！
2026-04-11 17:29:05,374|line:519| https://t.bilibili.com/1186166376843182096
2026-04-11 17:29:05,374|line:521| 已有
2026-04-11 17:29:05,374|line:519| https://t.bilibili.com/1189513590911008836
2026-04-11 17:29:09,669|line:341| =========此为源动态=========
2026-04-11 17:29:11,141|line:362| *********子动态开始*********
2026-04-11 17:29:11,141|line:381| *********子动态结束*********
2026-04-11 17:29:11,142|line:537| -=-=-=-=处理回最初的动态-=-=-=-=
2026-04-11 17:29:22,284|line:475| 转发成功 1190093183892062208
2026-04-11 17:29:25,725|line:494| 评论发送成功
2026-04-11 17:29:28,128|line:424| 401259484 === 已经关注了
2026-04-11 17:29:31,440|line:503| 动态-点赞 OK
2026-04-11 17:29:34,440|line:519| https://t.bilibili.com/1189618220633423880
2026-04-11 17:29:38,793|line:526| 官方 或 预约 OUT！
2026-04-11 17:29:38,793|line:519| https://t.bilibili.com/1189517782814818308
2026-04-11 17:29:40,093|line:341| =========此为源动态=========
2026-04-11 17:29:41,580|line:362| *********子动态开始*********
2026-04-11 17:29:41,580|line:381| *********子动态结束*********
2026-04-11 17:29:41,581|line:537| -=-=-=-=处理回最初的动态-=-=-=-=
2026-04-11 17:29:52,747|line:475| 转发成功 1190093312743178246
2026-04-11 17:29:56,146|line:494| 评论发送成功
2026-04-11 17:29:58,489|line:424| 3546892633901313 === 已经关注了
2026-04-11 17:30:01,796|line:503| 动态-点赞 OK
2026-04-11 17:30:02,796|line:519| https://t.bilibili.com/1188771358270554135
2026-04-11 17:30:06,097|line:341| =========此为源动态=========
2026-04-11 17:30:10,422|line:362| *********子动态开始*********
2026-04-11 17:30:10,422|line:381| *********子动态结束*********
2026-04-11 17:30:10,423|line:537| -=-=-=-=处理回最初的动态-=-=-=-=
2026-04-11 17:30:17,599|line:475| 转发成功 1190093420093243417
2026-04-11 17:30:20,953|line:494| 评论发送成功
2026-04-11 17:30:23,346|line:424| 323060342 === 已经关注了
2026-04-11 17:30:26,644|line:503| 动态-点赞 OK
2026-04-11 17:30:28,645|line:519| https://t.bilibili.com/1189318281558753287
2026-04-11 17:30:32,966|line:341| =========此为源动态=========
2026-04-11 17:30:37,453|line:362| *********子动态开始*********
2026-04-11 17:30:37,454|line:381| *********子动态结束*********
2026-04-11 17:30:37,454|line:537| -=-=-=-=处理回最初的动态-=-=-=-=
2026-04-11 17:30:46,698|line:475| 转发成功 1190093544629469200
2026-04-11 17:30:50,076|line:494| 评论发送成功
2026-04-11 17:30:57,807|line:436| 关注 ==== 27008 0
2026-04-11 17:31:01,112|line:503| 动态-点赞 OK
2026-04-11 17:31:04,112|line:519| https://t.bilibili.com/1189495466184671256
2026-04-11 17:31:04,112|line:521| 已有
2026-04-11 17:31:04,113|line:519| https://t.bilibili.com/1189606443784863751
2026-04-11 17:31:06,410|line:341| =========此为源动态=========
2026-04-11 17:31:10,916|line:362| *********子动态开始*********
2026-04-11 17:31:10,916|line:381| *********子动态结束*********
2026-04-11 17:31:10,916|line:537| -=-=-=-=处理回最初的动态-=-=-=-=
2026-04-11 17:31:19,153|line:475| 转发成功 1190093686402187264
2026-04-11 17:31:22,500|line:494| 评论发送成功
2026-04-11 17:31:26,867|line:424| 3546710322186667 === 已经关注了
2026-04-11 17:31:30,185|line:503| 动态-点赞 OK
2026-04-11 17:31:31,185|line:519| https://t.bilibili.com/1189632134175784968
2026-04-11 17:31:32,459|line:526| 官方 或 预约 OUT！
2026-04-11 17:31:32,460|line:519| https://t.bilibili.com/1189542384357081089
2026-04-11 17:31:35,748|line:336| =========此为子动态=========
2026-04-11 17:31:40,135|line:400| *************原动态已存在***************
2026-04-11 17:31:44,626|line:362| *********子动态开始*********
2026-04-11 17:31:52,872|line:475| 转发成功 1190093828140302341
2026-04-11 17:31:56,269|line:494| 评论发送成功
2026-04-11 17:32:02,955|line:424| 488757623 === 已经关注了
2026-04-11 17:32:02,956|line:376| ----完成一个子动态----
2026-04-11 17:32:02,956|line:381| *********子动态结束*********
2026-04-11 17:32:05,957|line:519| https://t.bilibili.com/1189606557647634439
2026-04-11 17:32:09,319|line:341| =========此为源动态=========
2026-04-11 17:32:10,854|line:362| *********子动态开始*********
2026-04-11 17:32:10,855|line:381| *********子动态结束*********
2026-04-11 17:32:10,855|line:537| -=-=-=-=处理回最初的动态-=-=-=-=
2026-04-11 17:32:20,234|line:475| 转发成功 1190093948400435204
2026-04-11 17:32:23,661|line:494| 评论发送成功
2026-04-11 17:32:26,117|line:424| 3546733590087876 === 已经关注了
2026-04-11 17:32:29,434|line:503| 动态-点赞 OK
2026-04-11 17:32:33,434|line:519| https://t.bilibili.com/1189559914282876936
2026-04-11 17:32:37,707|line:341| =========此为源动态=========
2026-04-11 17:32:39,213|line:362| *********子动态开始*********
2026-04-11 17:32:39,214|line:381| *********子动态结束*********
2026-04-11 17:32:39,214|line:537| -=-=-=-=处理回最初的动态-=-=-=-=
2026-04-11 17:32:45,383|line:475| 转发成功 1190094055729528833
2026-04-11 17:32:48,811|line:494| 评论发送成功
2026-04-11 17:32:53,186|line:424| 79955050 === 已经关注了
2026-04-11 17:32:56,483|line:503| 动态-点赞 OK
2026-04-11 17:32:57,484|line:519| https://t.bilibili.com/1188487012158537734
2026-04-11 17:33:02,003|line:526| 官方 或 预约 OUT！
2026-04-11 17:33:02,003|line:519| https://t.bilibili.com/1189291210389323777
2026-04-11 17:33:06,302|line:341| =========此为源动态=========
2026-04-11 17:33:09,856|line:362| *********子动态开始*********
2026-04-11 17:33:09,856|line:381| *********子动态结束*********
2026-04-11 17:33:09,856|line:537| -=-=-=-=处理回最初的动态-=-=-=-=
2026-04-11 17:33:21,122|line:475| 转发成功 1190094206046044168
2026-04-11 17:33:24,430|line:548| 'NoneType' object is not subscriptable
2026-04-11 17:33:24,431|line:549| error line:541
2026-04-11 17:33:28,431|line:519| https://t.bilibili.com/1188808138228236320
2026-04-11 17:33:31,721|line:336| =========此为子动态=========
2026-04-11 17:33:36,093|line:400| *************原动态已存在***************
2026-04-11 17:33:40,600|line:362| *********子动态开始*********
2026-04-11 17:33:50,815|line:475| 转发成功 1190094334935957509
2026-04-11 17:33:54,219|line:494| 评论发送成功
2026-04-11 17:33:56,883|line:424| 352104082 === 已经关注了
2026-04-11 17:33:56,883|line:376| ----完成一个子动态----
2026-04-11 17:34:05,147|line:475| 转发成功 1190094395071791142
2026-04-11 17:34:08,554|line:494| 评论发送成功
2026-04-11 17:34:16,346|line:424| 401739957 === 已经关注了
2026-04-11 17:34:16,346|line:376| ----完成一个子动态----
2026-04-11 17:34:24,484|line:475| 转发成功 1190094480923951104
2026-04-11 17:34:27,880|line:494| 评论发送成功
2026-04-11 17:34:32,529|line:424| 471402555 === 已经关注了
2026-04-11 17:34:32,529|line:376| ----完成一个子动态----
2026-04-11 17:34:32,530|line:381| *********子动态结束*********
2026-04-11 17:34:35,531|line:519| https://t.bilibili.com/1187066644948582422
2026-04-11 17:34:35,531|line:521| 已有
2026-04-11 17:34:35,531|line:519| https://t.bilibili.com/1185563896055857171
2026-04-11 17:34:38,967|line:526| 官方 或 预约 OUT！
2026-04-11 17:34:38,967|line:519| https://t.bilibili.com/1178439198159405058
2026-04-11 17:34:40,258|line:526| 官方 或 预约 OUT！
2026-04-11 17:34:40,259|line:519| https://t.bilibili.com/1189325591621402625
2026-04-11 17:34:42,553|line:341| =========此为源动态=========
2026-04-11 17:34:47,054|line:362| *********子动态开始*********
2026-04-11 17:34:47,055|line:381| *********子动态结束*********
2026-04-11 17:34:47,055|line:537| -=-=-=-=处理回最初的动态-=-=-=-=
2026-04-11 17:34:54,197|line:475| 转发成功 1190094609810718729
2026-04-11 17:34:57,609|line:494| 评论发送成功
2026-04-11 17:35:01,961|line:424| 238623328 === 已经关注了
2026-04-11 17:35:05,280|line:503| 动态-点赞 OK
2026-04-11 17:35:09,281|line:519| https://t.bilibili.com/1189598569017901057
2026-04-11 17:35:11,624|line:341| =========此为源动态=========
2026-04-11 17:35:14,097|line:362| *********子动态开始*********
2026-04-11 17:35:14,097|line:381| *********子动态结束*********
2026-04-11 17:35:14,097|line:537| -=-=-=-=处理回最初的动态-=-=-=-=
2026-04-11 17:35:21,330|line:475| 转发成功 1190094725769592838
2026-04-11 17:35:24,769|line:494| 评论发送成功
2026-04-11 17:35:27,123|line:424| 3546813611117108 === 已经关注了
2026-04-11 17:35:30,462|line:503| 动态-点赞 OK
2026-04-11 17:35:34,462|line:519| https://t.bilibili.com/1189475150928543760
2026-04-11 17:35:38,756|line:341| =========此为源动态=========
2026-04-11 17:35:42,246|line:362| *********子动态开始*********
2026-04-11 17:35:42,247|line:381| *********子动态结束*********
2026-04-11 17:35:42,247|line:537| -=-=-=-=处理回最初的动态-=-=-=-=
2026-04-11 17:35:51,541|line:475| 转发成功 1190094854594494470
2026-04-11 17:35:54,958|line:494| 评论发送成功
2026-04-11 17:35:58,321|line:424| 1521701206 === 已经关注了
2026-04-11 17:36:01,633|line:503| 动态-点赞 OK
2026-04-11 17:36:02,634|line:519| https://t.bilibili.com/1180367238999310344
2026-04-11 17:36:02,634|line:521| 已有
2026-04-11 17:36:02,634|line:552| 执行结束
2026-04-11 17:36:02,635|line:558| ==================================================2026-04-12 01:36==================================================
2026-04-11 17:36:02,635|line:232| processing article 47681933
2026-04-11 17:36:07,325|line:507| ==================================================2026-04-12 01:36==================================================
2026-04-11 17:36:07,326|line:232| processing article 47681779
2026-04-11 17:36:12,600|line:507| ==================================================2026-04-12 01:36==================================================
2026-04-11 17:36:12,600|line:519| https://t.bilibili.com/1182895810831974421
2026-04-11 17:36:14,151|line:526| 官方 或 预约 OUT！
2026-04-11 17:36:14,151|line:519| https://t.bilibili.com/1189275392046792743
2026-04-11 17:36:18,426|line:526| 官方 或 预约 OUT！
2026-04-11 17:36:18,426|line:519| https://t.bilibili.com/1185982470682574873
2026-04-11 17:36:19,711|line:526| 官方 或 预约 OUT！
2026-04-11 17:36:19,712|line:519| https://t.bilibili.com/1188838215878967351
2026-04-11 17:36:23,051|line:341| =========此为源动态=========
2026-04-11 17:36:25,533|line:362| *********子动态开始*********
2026-04-11 17:36:25,534|line:381| *********子动态结束*********
2026-04-11 17:36:25,534|line:537| -=-=-=-=处理回最初的动态-=-=-=-=
2026-04-11 17:36:33,948|line:475| 转发成功 1190095034996752390
2026-04-11 17:36:37,264|line:548| 'NoneType' object is not subscriptable
2026-04-11 17:36:37,264|line:549| error line:541
2026-04-11 17:36:38,264|line:519| https://t.bilibili.com/1185945190370639907
2026-04-11 17:36:41,559|line:526| 官方 或 预约 OUT！
2026-04-11 17:36:41,559|line:519| https://t.bilibili.com/1186518740297056260
2026-04-11 17:36:45,845|line:526| 官方 或 预约 OUT！
2026-04-11 17:36:45,845|line:519| https://t.bilibili.com/1180691723813126185
2026-04-11 17:36:47,174|line:526| 官方 或 预约 OUT！
2026-04-11 17:36:47,175|line:519| https://t.bilibili.com/1185400674428387368
2026-04-11 17:36:49,473|line:526| 官方 或 预约 OUT！
2026-04-11 17:36:49,473|line:519| https://t.bilibili.com/1188862993541103620
2026-04-11 17:36:51,767|line:526| 官方 或 预约 OUT！
2026-04-11 17:36:51,767|line:519| https://t.bilibili.com/1176241562153123847
2026-04-11 17:36:53,061|line:526| 官方 或 预约 OUT！
2026-04-11 17:36:53,062|line:519| https://t.bilibili.com/1186261420202786833
2026-04-11 17:36:55,364|line:526| 官方 或 预约 OUT！
2026-04-11 17:36:55,365|line:519| https://t.bilibili.com/1188771472134373383
2026-04-11 17:36:58,657|line:526| 官方 或 预约 OUT！
2026-04-11 17:36:58,657|line:519| https://t.bilibili.com/1186159290160775175
2026-04-11 17:37:01,947|line:526| 官方 或 预约 OUT！
2026-04-11 17:37:01,948|line:519| https://t.bilibili.com/1183297871311536135
2026-04-11 17:37:06,243|line:526| 官方 或 预约 OUT！
2026-04-11 17:37:06,243|line:519| https://t.bilibili.com/1186132094461411334
2026-04-11 17:37:10,536|line:526| 官方 或 预约 OUT！
2026-04-11 17:37:10,536|line:519| https://t.bilibili.com/1179906200063442961
2026-04-11 17:37:12,834|line:526| 官方 或 预约 OUT！
2026-04-11 17:37:12,835|line:519| https://t.bilibili.com/1189207737697828867
2026-04-11 17:37:12,835|line:521| 已有
2026-04-11 17:37:12,835|line:519| https://t.bilibili.com/1183668956472279049
2026-04-11 17:37:15,146|line:526| 官方 或 预约 OUT！
2026-04-11 17:37:15,146|line:519| https://t.bilibili.com/1188817810478858246
2026-04-11 17:37:16,441|line:526| 官方 或 预约 OUT！
2026-04-11 17:37:16,441|line:519| https://t.bilibili.com/1183670940747169825
2026-04-11 17:37:20,737|line:526| 官方 或 预约 OUT！
2026-04-11 17:37:20,738|line:519| https://t.bilibili.com/1184315009747910660
2026-04-11 17:37:23,034|line:526| 官方 或 预约 OUT！
2026-04-11 17:37:23,034|line:519| https://t.bilibili.com/1189266119223935013
2026-04-11 17:37:26,320|line:526| 官方 或 预约 OUT！
2026-04-11 17:37:26,321|line:519| https://t.bilibili.com/1180622256977477635
2026-04-11 17:37:30,627|line:526| 官方 或 预约 OUT！
2026-04-11 17:37:30,628|line:519| https://t.bilibili.com/1188094559507185697
2026-04-11 17:37:30,628|line:521| 已有
2026-04-11 17:37:30,628|line:519| https://t.bilibili.com/1185045703963967496
2026-04-11 17:37:32,920|line:526| 官方 或 预约 OUT！
2026-04-11 17:37:32,921|line:519| https://t.bilibili.com/1188792337065574407
2026-04-11 17:37:35,194|line:526| 官方 或 预约 OUT！
2026-04-11 17:37:35,195|line:519| https://t.bilibili.com/1184676233663741990
2026-04-11 17:37:37,490|line:526| 官方 或 预约 OUT！
2026-04-11 17:37:37,490|line:519| https://t.bilibili.com/1186194693584584760
2026-04-11 17:37:38,784|line:526| 官方 或 预约 OUT！
2026-04-11 17:37:38,784|line:519| https://t.bilibili.com/1185516690076598273
2026-04-11 17:37:40,075|line:526| 官方 或 预约 OUT！
2026-04-11 17:37:40,076|line:519| https://t.bilibili.com/1188793097276882962
2026-04-11 17:37:44,362|line:526| 官方 或 预约 OUT！
2026-04-11 17:37:44,362|line:519| https://t.bilibili.com/1182580581668487171
2026-04-11 17:37:48,647|line:526| 官方 或 预约 OUT！
2026-04-11 17:37:48,647|line:519| https://t.bilibili.com/1186166376843182096
2026-04-11 17:37:48,648|line:521| 已有
2026-04-11 17:37:48,648|line:519| https://t.bilibili.com/1189127151225405443
2026-04-11 17:37:51,942|line:526| 官方 或 预约 OUT！
2026-04-11 17:37:51,942|line:519| https://t.bilibili.com/1189521450716889120
2026-04-11 17:37:55,229|line:526| 官方 或 预约 OUT！
2026-04-11 17:37:55,229|line:519| https://t.bilibili.com/1189498206359126022
2026-04-11 17:37:58,515|line:526| 官方 或 预约 OUT！
2026-04-11 17:37:58,516|line:519| https://t.bilibili.com/1186173875898024089
2026-04-11 17:37:59,802|line:526| 官方 或 预约 OUT！
2026-04-11 17:37:59,802|line:519| https://t.bilibili.com/1188853841006690309
2026-04-11 17:38:01,076|line:526| 官方 或 预约 OUT！
2026-04-11 17:38:01,076|line:519| https://t.bilibili.com/1188757388916686853
2026-04-11 17:38:05,350|line:526| 官方 或 预约 OUT！
2026-04-11 17:38:05,350|line:519| https://t.bilibili.com/1188464012559384613
2026-04-11 17:38:05,350|line:521| 已有
2026-04-11 17:38:05,350|line:519| https://t.bilibili.com/1179154099711508484
2026-04-11 17:38:06,636|line:526| 官方 或 预约 OUT！
2026-04-11 17:38:06,637|line:519| https://t.bilibili.com/1185563896055857171
2026-04-11 17:38:08,910|line:526| 官方 或 预约 OUT！
2026-04-11 17:38:08,910|line:519| https://t.bilibili.com/1175072484921180164
2026-04-11 17:38:12,206|line:526| 官方 或 预约 OUT！
2026-04-11 17:38:12,206|line:519| https://t.bilibili.com/1178439198159405058
2026-04-11 17:38:14,491|line:526| 官方 或 预约 OUT！
2026-04-11 17:38:14,491|line:519| https://t.bilibili.com/1186544888074731571
2026-04-11 17:38:18,818|line:526| 官方 或 预约 OUT！
2026-04-11 17:38:18,818|line:519| https://t.bilibili.com/1188017679604121603
2026-04-11 17:38:20,093|line:526| 官方 或 预约 OUT！
2026-04-11 17:38:20,094|line:519| https://t.bilibili.com/1180367238999310344
2026-04-11 17:38:20,094|line:521| 已有
2026-04-11 17:38:20,094|line:552| 执行结束
2026-04-11 17:38:20,094|line:558| ==================================================2026-04-12 01:38==================================================
2026-04-11 17:38:26,896|line:578| ('reply: ', '榄菊官方', '[给心心]')
2026-04-11 17:38:26,896|line:578| ('reply: ', '吓死我啦芙莱', '并不是')
2026-04-11 17:38:26,896|line:578| ('reply: ', '花生十三-公考行测', '68')
2026-04-11 17:38:26,896|line:578| ('reply: ', '三鹿七茸猫尾巴', '[夏诺雅表情包_？？？]')
2026-04-11 17:38:26,896|line:578| ('reply: ', '小闪闪bling', 'hhh腾子买库洛让我感觉他自己有点不太想出大世界了')
2026-04-11 17:38:26,897|line:578| ('reply: ', '魔改后远野汉娜', '不是，这……')
2026-04-11 17:38:26,897|line:578| ('reply: ', '好像都是一个人', '你在说什么')
2026-04-11 17:38:26,897|line:578| ('reply: ', '目标咨询', '太宠粉了啊')
2026-04-11 17:38:26,897|line:578| ('reply: ', '数玩工场', '祝你成功')
2026-04-11 17:38:26,897|line:578| ('reply: ', '益家有小佰', '恭喜宝子，获得小电视月度会员1份和克刻冰冰猴喉糖随机口味1份～记得私信小佰提供信息哦~')
2026-04-11 17:38:26,897|line:578| ('reply: ', '圆环之理-Madoka', '是的')
2026-04-11 17:38:26,897|line:578| ('reply: ', '兰的三姨', '这就是银河巨星的实力！')
2026-04-11 17:38:26,897|line:578| ('reply: ', '花园百合铃音', '有男不玩，我只吃麻辣火锅，xxn滚[吃瓜]')
2026-04-11 17:38:26,897|line:578| ('reply: ', '是绝赞的阿鬼', '[tv_难过]')
2026-04-11 17:38:26,897|line:578| ('reply: ', '桃稚不幼稚', '还行')
2026-04-11 17:38:26,897|line:578| ('reply: ', '陌罔子吖', '佬，这个报名有啥条件不。最近太非了，想下次报来抽[脱单doge][脱单doge][脱单doge]')
2026-04-11 17:38:26,897|line:578| ('reply: ', '太二酸菜鱼', '恭喜成为本期欧皇[打call]获得【肥龙联名显眼包】1份，在收到本信息的两天内回复哥的私信哦~逾期哥就自己收啦！[脱单doge]')
2026-04-11 17:38:26,898|line:578| ('reply: ', '得一想二的松鼠', '中奖分我一半')
2026-04-11 17:38:26,898|line:578| ('reply: ', '佑凉Uriyoo', '谢谢！！！[UP_24967030_感恩]')
2026-04-11 17:38:26,898|line:578| ('reply: ', '岛莓祁', '好耶')
2026-04-11 17:38:31,220|line:587| ('at: ', '电脑报', '恭喜@小小Shaun UID：1090970340，@-叶晓吖  UID：22437099  获得 【电竞大礼包】1份， 请在三日内私信我')
2026-04-11 17:38:31,221|line:587| ('at: ', '联想拯救者官方', '是我喜欢的奖品名单 直接开奖 上 趁现在没人偷摸开个奖 恭喜这些小伙伴 【拯救者7.1声卡H7游戏耳机】获奖名单 @泪水打湿猪脚饭o @xoomoon @小小Shaun @T山海连云T @超超超超薄脆饼干 @BerboomC 【拯救者C140氮化镓适配器】获奖名单 @改个天凉好个秋 @夜猫子牙不好 @LLL好久不见 @林殇倾慕婉 @今天也要拥抱微风 @洳不及我万一 @胜利の天平 【白金独角兽电竞鼠标】获奖名单 @底片上的诗旅人 【拯救者C170氮化镓适配器】获奖名单 @麦當劳无限好 @無名丶の辈 @任性的提莫 @广东有暖风 由于B站私信规则修改 我会私信中奖的小伙伴一条消息，还请注意查收并回复我您的收货地址与联系方式，奖品基本会在私信您信息后的三十个工作日内发货')
2026-04-11 17:38:31,221|line:587| ('at: ', 'Apexgaming艾湃电竞', '恭喜 @小小Shaun 获得饮料一份，三天内联系我，过时不候！')
2026-04-11 17:38:31,221|line:587| ('at: ', '喜欢白毛有什么不好', '1 @浪子游2fans6@被_____打下来的飞机@拉斯特臣后面一个点@专心致志的学生@猫猫头OmMeow@小小Shaun@龐門左道@啦啦痴痴腻@bili_66938050009@日月星辰668')
2026-04-11 17:38:31,221|line:587| ('at: ', 'iKF蓝牙耳机', '恭喜@小小Shaun 宝子成为苏泊尔福利动态幸运儿！\n注意：即日起72小时内回复信息确认领奖哦！逾期将自动视为放弃中奖资格。\n没有中奖的宝子们不要气馁，参与一下下置顶视频iKF Mars，增加欧气值，说不定下个幸运儿就是你！\n链接：\nhttps://www.bilibili.com/video/BV1Soo6YLEHZ/?spm_id_from=333.1387.list.card_archive.click&vd_source=21fb0967ccc75e6b3b2447ade2c740dd\n还没参与抽奖的宝子们，赶紧点击上方链接参与吧！还有特别福利惊喜等你哦~')
2026-04-11 17:38:31,221|line:587| ('at: ', 'wellymerck威利默克', '恭喜@小小Shaun\xa0 获得《我是你的小狗3 永远等你回家》1本，请于5天内联系威宝，凭关注+互动截图领取奖品，逾期作废~')
2026-04-11 17:38:31,221|line:587| ('at: ', '宁美NINGMEI', '恭喜@小小Shaun   中奖，请在12月1日24点前私信我：1. 奖品+中奖信息a. 实物奖：姓名电话地址，给文字！省市区路清晰，提交不清晰不发奖，信息错误致无法签收，概不负责；\n\nb. 现金红包给到支付宝实名+账号；\n\nc. 京东卡/猫超卡 等购物卡给到姓名+电话；2. 宁美和品牌方关注截图+转发截图！\n\n必须关注品牌方，否则奖品不予发放；如遇无法私信图片的情况，等待我回复后即可发送图片。PS： \n\n因后台收信有时会出问题，以回复“已登记”为准，没有回复即表示私信未收到。\n\n过期视为自动放弃，不会补发；奖品30个工作日内发送，勿催哦~\n\n不发全，不回复。其他小伙伴请继续努力！')
2026-04-11 17:38:31,221|line:587| ('at: ', '爱玛电动车官方账号', '#一“玛”当先榜# 快来看看10月都是谁和爱玛酱互动最多呀~ 💕恭喜@小小Shaun 和@甘瑞凯拉莎 排行第一！这两位小玛达将会获得【爱玛随机周边×1】，请5天内私信爱玛酱领奖哟~[鼓掌] 以后也请继续单推我无敌可爱美少女爱玛酱呀嘿嘿！(●´З｀●)')
2026-04-11 17:38:31,221|line:587| ('at: ', '爱玛电动车官方账号', '')
2026-04-11 17:38:31,221|line:587| ('at: ', '海露滴眼液', '互动榜出炉啦')
2026-04-11 17:38:31,221|line:587| ('at: ', '和蔼可亲桃白白', '\u200b//@九号公司:\u200b恭喜@小小Shaun 中奖！后续记得查收私信哟～\u200b//@九号公司:#互动抽奖# 谢谢粒粒的复工礼！小九也来加个码~关注【@微粒贷+@九号公司 】并转发该动态，抽一位小可爱获得【100元京东卡】~ #供电局福利社# 10月31日抽出！')
2026-04-11 17:38:31,222|line:587| ('at: ', '望大家身体健康快乐', '\u200b//@九号公司:\u200b恭喜@小小Shaun 中奖！后续记得查收私信哟～\u200b//@九号公司 :#互动抽奖# 谢谢粒粒的复工礼！小九也来加个码~关注【@微粒贷+@九号公司 】并转发该动态，抽一位小可爱获得【100元京东卡】~ #供电局福利社# 10月31日抽出！')
2026-04-11 17:38:31,222|line:587| ('at: ', 'MoMA_Reona', '//@九号公司:\u200b恭喜@小小Shaun 中奖！后续记得查收私信哟～\u200b//@九号公司:#互动抽奖# 谢谢粒粒的复工礼！小九也来加个码~关注【@微粒贷+@九号公司 】并转发该动态，抽一位小可爱获得【100元京东卡】~ #供电局福利社# 10月31日抽出！')
2026-04-11 17:38:31,222|line:587| ('at: ', '摸鱼二队', '\u200b//@九号公司:\u200b恭喜@小小Shaun 中奖！后续记得查收私信哟～\u200b//@九号公司 :#互动抽奖# 谢谢粒粒的复工礼！小九也来加个码~关注【@微粒贷+@九号公司 】并转发该动态，抽一位小可爱获得【100元京东卡】~ #供电局福利社# 10月31日抽出！')
2026-04-11 17:38:31,222|line:587| ('at: ', '文少嘅一些事一些情', '\u200b//@九号公司:\u200b恭喜@小小Shaun 中奖！后续记得查收私信哟～\u200b//@九号公司 :#互动抽奖# 谢谢粒粒的复工礼！小九也来加个码~关注【@微粒贷+@九号公司 】并转发该动态，抽一位小可爱获得【100元京东卡】~ #供电局福利社# 10月31日抽出！')
2026-04-11 17:38:31,222|line:587| ('at: ', 'Carry队友的嘟嘟酱丶', '\u200b//@九号公司:\u200b恭喜@小小Shaun 中奖！后续记得查收私信哟～\u200b//@九号公司 :#互动抽奖# 谢谢粒粒的复工礼！小九也来加个码~关注【@微粒贷+@九号公司 】并转发该动态，抽一位小可爱获得【100元京东卡】~ #供电局福利社# 10月31日抽出！')
2026-04-11 17:38:31,222|line:587| ('at: ', '蛤蟆zero', '//@九号公司:\u200b恭喜@小小Shaun 中奖！后续记得查收私信哟～\u200b//@九号公司:#互动抽奖# 谢谢粒粒的复工礼！小九也来加个码~关注【@微粒贷+@九号公司 】并转发该动态，抽一位小可爱获得【100元京东卡】~ #供电局福利社# 10月31日抽出！c冲冲冲')
2026-04-11 17:38:31,222|line:587| ('at: ', '木而各子要吃笃栗子', '\u200b//@九号公司:\u200b恭喜@小小Shaun 中奖！后续记得查收私信哟～\u200b//@九号公司 :#互动抽奖# 谢谢粒粒的复工礼！小九也来加个码~关注【@微粒贷+@九号公司 】并转发该动态，抽一位小可爱获得【100元京东卡】~ #供电局福利社# 10月31日抽出！')
2026-04-11 17:38:31,222|line:587| ('at: ', '裙下愚臣情默默', '\u200b//@九号公司:\u200b恭喜@小小Shaun 中奖！后续记得查收私信哟～\u200b//@九号公司 :#互动抽奖# 谢谢粒粒的复工礼！小九也来加个码~关注【@微粒贷+@九号公司 】并转发该动态，抽一位小可爱获得【100元京东卡】~ #供电局福利社# 10月31日抽出！')
2026-04-11 17:38:31,222|line:587| ('at: ', '戊子毕宿', '')
