2026-02-19 17:06:33,039|line:232| processing article 45990737
2026-02-19 17:06:38,538|line:507| ==================================================2026-02-20 01:06==================================================
2026-02-19 17:06:38,538|line:519| https://t.bilibili.com/1168773438668537865
2026-02-19 17:06:38,539|line:521| 已有
2026-02-19 17:06:38,539|line:519| https://t.bilibili.com/1167990846212014081
2026-02-19 17:06:40,013|line:341| =========此为源动态=========
2026-02-19 17:06:43,680|line:362| *********子动态开始*********
2026-02-19 17:06:43,680|line:381| *********子动态结束*********
2026-02-19 17:06:43,680|line:537| -=-=-=-=处理回最初的动态-=-=-=-=
2026-02-19 17:06:53,766|line:475| 转发成功 1171162046036705285
2026-02-19 17:06:57,139|line:494| 评论发送成功
2026-02-19 17:07:04,246|line:436| 关注 ==== 350255 0
2026-02-19 17:07:07,565|line:503| 动态-点赞 OK
2026-02-19 17:07:11,565|line:519| https://t.bilibili.com/1169575154461704193
2026-02-19 17:07:14,839|line:526| 官方 或 预约 OUT！
2026-02-19 17:07:14,839|line:519| https://t.bilibili.com/1170756128672317457
2026-02-19 17:07:17,119|line:341| =========此为源动态=========
2026-02-19 17:07:20,626|line:362| *********子动态开始*********
2026-02-19 17:07:20,626|line:381| *********子动态结束*********
2026-02-19 17:07:20,627|line:537| -=-=-=-=处理回最初的动态-=-=-=-=
2026-02-19 17:07:27,833|line:475| 转发成功 1171162192077127689
2026-02-19 17:07:31,159|line:548| 'NoneType' object is not subscriptable
2026-02-19 17:07:31,159|line:549| error line:541
2026-02-19 17:07:32,160|line:519| https://t.bilibili.com/1167323968774864919
2026-02-19 17:07:32,160|line:521| 已有
2026-02-19 17:07:32,160|line:519| https://t.bilibili.com/1160902657693450265
2026-02-19 17:07:35,458|line:341| =========此为源动态=========
2026-02-19 17:07:39,014|line:362| *********子动态开始*********
2026-02-19 17:07:39,014|line:381| *********子动态结束*********
2026-02-19 17:07:39,015|line:537| -=-=-=-=处理回最初的动态-=-=-=-=
2026-02-19 17:07:45,103|line:475| 转发成功 1171162269405413385
2026-02-19 17:07:48,482|line:494| 评论发送成功
2026-02-19 17:07:49,849|line:424| 1567835994 === 已经关注了
2026-02-19 17:07:53,211|line:503| 动态-点赞 OK
2026-02-19 17:07:54,211|line:519| https://t.bilibili.com/1167999172039671830
2026-02-19 17:07:55,504|line:341| =========此为源动态=========
2026-02-19 17:07:59,861|line:362| *********子动态开始*********
2026-02-19 17:07:59,861|line:381| *********子动态结束*********
2026-02-19 17:07:59,861|line:537| -=-=-=-=处理回最初的动态-=-=-=-=
2026-02-19 17:08:10,889|line:475| 转发成功 1171162376752332801
2026-02-19 17:08:14,247|line:494| 评论发送成功
2026-02-19 17:08:15,615|line:424| 336649293 === 已经关注了
2026-02-19 17:08:18,919|line:503| 动态-点赞 OK
2026-02-19 17:08:20,920|line:519| https://t.bilibili.com/1167326936605655049
2026-02-19 17:08:20,920|line:521| 已有
2026-02-19 17:08:20,920|line:519| https://t.bilibili.com/1169951801577832480
2026-02-19 17:08:25,197|line:341| =========此为源动态=========
2026-02-19 17:08:26,719|line:362| *********子动态开始*********
2026-02-19 17:08:26,720|line:381| *********子动态结束*********
2026-02-19 17:08:26,720|line:537| -=-=-=-=处理回最初的动态-=-=-=-=
2026-02-19 17:08:36,855|line:475| 转发成功 1171162488428822598
2026-02-19 17:08:40,412|line:494| 评论发送成功
2026-02-19 17:08:45,119|line:436| 关注 ==== 3690977608862523 0
2026-02-19 17:08:48,440|line:503| 动态-点赞 OK
2026-02-19 17:08:49,440|line:519| https://t.bilibili.com/1164641808980901928
2026-02-19 17:08:51,714|line:341| =========此为源动态=========
2026-02-19 17:08:56,231|line:362| *********子动态开始*********
2026-02-19 17:08:56,231|line:381| *********子动态结束*********
2026-02-19 17:08:56,231|line:537| -=-=-=-=处理回最初的动态-=-=-=-=
2026-02-19 17:09:07,313|line:475| 转发成功 1171162621587488772
2026-02-19 17:09:10,678|line:494| 评论发送成功
2026-02-19 17:09:16,407|line:436| 关注 ==== 1008872578 0
2026-02-19 17:09:19,731|line:503| 动态-点赞 OK
2026-02-19 17:09:22,732|line:519| https://t.bilibili.com/1167339233120092177
2026-02-19 17:09:22,732|line:521| 已有
2026-02-19 17:09:22,732|line:519| https://t.bilibili.com/1169041996530057218
2026-02-19 17:09:22,732|line:521| 已有
2026-02-19 17:09:22,732|line:519| https://t.bilibili.com/1167055554844033048
2026-02-19 17:09:22,732|line:521| 已有
2026-02-19 17:09:22,732|line:519| https://t.bilibili.com/1168064605873766406
2026-02-19 17:09:25,009|line:341| =========此为源动态=========
2026-02-19 17:09:28,505|line:362| *********子动态开始*********
2026-02-19 17:09:28,505|line:381| *********子动态结束*********
2026-02-19 17:09:28,505|line:537| -=-=-=-=处理回最初的动态-=-=-=-=
2026-02-19 17:09:35,663|line:475| 转发成功 1171162741826650132
2026-02-19 17:09:39,050|line:494| 评论发送成功
2026-02-19 17:09:43,469|line:424| 3546948053240561 === 已经关注了
2026-02-19 17:09:46,789|line:503| 动态-点赞 OK
2026-02-19 17:09:48,790|line:519| https://t.bilibili.com/1170738798522269720
2026-02-19 17:09:51,153|line:526| 官方 或 预约 OUT！
2026-02-19 17:09:51,154|line:519| https://t.bilibili.com/1169815090631802889
2026-02-19 17:09:51,154|line:521| 已有
2026-02-19 17:09:51,154|line:519| https://t.bilibili.com/1167307257051873305
2026-02-19 17:09:53,441|line:526| 官方 或 预约 OUT！
2026-02-19 17:09:53,441|line:519| https://t.bilibili.com/1169196615320207382
2026-02-19 17:09:53,442|line:521| 已有
2026-02-19 17:09:53,442|line:519| https://t.bilibili.com/1167325987441999922
2026-02-19 17:09:53,442|line:521| 已有
2026-02-19 17:09:53,442|line:519| https://t.bilibili.com/1167251504096083991
2026-02-19 17:09:53,442|line:521| 已有
2026-02-19 17:09:53,442|line:519| https://t.bilibili.com/1168793247037784073
2026-02-19 17:09:54,770|line:526| 官方 或 预约 OUT！
2026-02-19 17:09:54,770|line:519| https://t.bilibili.com/1170001206567763974
2026-02-19 17:09:58,050|line:341| =========此为源动态=========
2026-02-19 17:09:59,601|line:362| *********子动态开始*********
2026-02-19 17:09:59,601|line:381| *********子动态结束*********
2026-02-19 17:09:59,601|line:537| -=-=-=-=处理回最初的动态-=-=-=-=
2026-02-19 17:10:07,754|line:475| 转发成功 1171162879279235080
2026-02-19 17:10:11,159|line:494| 评论发送成功
2026-02-19 17:10:14,530|line:424| 100680137 === 已经关注了
2026-02-19 17:10:17,845|line:503| 动态-点赞 OK
2026-02-19 17:10:19,845|line:519| https://t.bilibili.com/1167285971232751621
2026-02-19 17:10:19,845|line:521| 已有
2026-02-19 17:10:19,846|line:519| https://t.bilibili.com/1168456899596648471
2026-02-19 17:10:19,846|line:521| 已有
2026-02-19 17:10:19,846|line:519| https://t.bilibili.com/1167325742604746951
2026-02-19 17:10:19,846|line:521| 已有
2026-02-19 17:10:19,846|line:519| https://t.bilibili.com/1167748912876879876
2026-02-19 17:10:24,143|line:526| 官方 或 预约 OUT！
2026-02-19 17:10:24,143|line:519| https://t.bilibili.com/1166506247825915961
2026-02-19 17:10:24,143|line:521| 已有
2026-02-19 17:10:24,143|line:519| https://t.bilibili.com/1169299572166492165
2026-02-19 17:10:24,144|line:521| 已有
2026-02-19 17:10:24,144|line:519| https://t.bilibili.com/1169525934118666281
2026-02-19 17:10:24,144|line:521| 已有
2026-02-19 17:10:24,144|line:519| https://t.bilibili.com/1165746392960860163
2026-02-19 17:10:24,144|line:521| 已有
2026-02-19 17:10:24,144|line:519| https://t.bilibili.com/1160901781542141989
2026-02-19 17:10:25,416|line:341| =========此为源动态=========
2026-02-19 17:10:26,909|line:362| *********子动态开始*********
2026-02-19 17:10:26,909|line:381| *********子动态结束*********
2026-02-19 17:10:26,909|line:537| -=-=-=-=处理回最初的动态-=-=-=-=
2026-02-19 17:10:32,968|line:475| 转发成功 1171162986659708936
2026-02-19 17:10:36,353|line:494| 评论发送成功
2026-02-19 17:10:40,725|line:424| 1845213301 === 已经关注了
2026-02-19 17:10:44,029|line:503| 动态-点赞 OK
2026-02-19 17:10:48,030|line:519| https://t.bilibili.com/1167966431484051494
2026-02-19 17:10:52,383|line:341| =========此为源动态=========
2026-02-19 17:10:55,912|line:362| *********子动态开始*********
2026-02-19 17:10:55,912|line:381| *********子动态结束*********
2026-02-19 17:10:55,912|line:537| -=-=-=-=处理回最初的动态-=-=-=-=
2026-02-19 17:11:03,049|line:475| 转发成功 1171163115503484933
2026-02-19 17:11:06,431|line:494| 评论发送成功
2026-02-19 17:11:08,790|line:424| 1676248821 === 已经关注了
2026-02-19 17:11:12,083|line:503| 动态-点赞 OK
2026-02-19 17:11:13,083|line:519| https://t.bilibili.com/1169816827914616837
2026-02-19 17:11:15,358|line:526| 官方 或 预约 OUT！
2026-02-19 17:11:15,359|line:519| https://t.bilibili.com/1168149139405406229
2026-02-19 17:11:17,643|line:526| 官方 或 预约 OUT！
2026-02-19 17:11:17,643|line:519| https://t.bilibili.com/1168103118794129427
2026-02-19 17:11:19,929|line:341| =========此为源动态=========
2026-02-19 17:11:22,235|line:362| *********子动态开始*********
2026-02-19 17:11:22,235|line:381| *********子动态结束*********
2026-02-19 17:11:22,235|line:537| -=-=-=-=处理回最初的动态-=-=-=-=
2026-02-19 17:11:31,467|line:475| 转发成功 1171163240057536512
2026-02-19 17:11:34,869|line:494| 评论发送成功
2026-02-19 17:11:36,378|line:424| 477934059 === 已经关注了
2026-02-19 17:11:39,673|line:503| 动态-点赞 OK
2026-02-19 17:11:40,674|line:519| https://t.bilibili.com/1167615871974113305
2026-02-19 17:11:40,674|line:521| 已有
2026-02-19 17:11:40,674|line:519| https://t.bilibili.com/1169474929219862545
2026-02-19 17:11:40,674|line:521| 已有
2026-02-19 17:11:40,674|line:519| https://t.bilibili.com/1167702819276324904
2026-02-19 17:11:40,675|line:521| 已有
2026-02-19 17:11:40,675|line:519| https://t.bilibili.com/1169799628723322902
2026-02-19 17:11:40,675|line:521| 已有
2026-02-19 17:11:40,675|line:519| https://t.bilibili.com/1170352187006517272
2026-02-19 17:11:45,167|line:341| =========此为源动态=========
2026-02-19 17:11:48,632|line:362| *********子动态开始*********
2026-02-19 17:11:48,633|line:381| *********子动态结束*********
2026-02-19 17:11:48,633|line:537| -=-=-=-=处理回最初的动态-=-=-=-=
2026-02-19 17:11:55,712|line:475| 转发成功 1171163343151431704
2026-02-19 17:11:59,085|line:494| 评论发送成功
2026-02-19 17:12:03,420|line:424| 3546962401954116 === 已经关注了
2026-02-19 17:12:06,716|line:503| 动态-点赞 OK
2026-02-19 17:12:08,717|line:519| https://t.bilibili.com/1169096875452661812
2026-02-19 17:12:08,717|line:521| 已有
2026-02-19 17:12:08,717|line:519| https://t.bilibili.com/1165477665455472675
2026-02-19 17:12:08,717|line:521| 已有
2026-02-19 17:12:08,717|line:519| https://t.bilibili.com/1169155076580704258
2026-02-19 17:12:08,717|line:521| 已有
2026-02-19 17:12:08,718|line:519| https://t.bilibili.com/1160274570270212096
2026-02-19 17:12:11,991|line:341| =========此为源动态=========
2026-02-19 17:12:16,501|line:362| *********子动态开始*********
2026-02-19 17:12:16,502|line:381| *********子动态结束*********
2026-02-19 17:12:16,502|line:537| -=-=-=-=处理回最初的动态-=-=-=-=
2026-02-19 17:12:24,569|line:475| 转发成功 1171163467690803200
2026-02-19 17:12:27,946|line:494| 评论发送成功
2026-02-19 17:12:29,313|line:424| 2873935 === 已经关注了
2026-02-19 17:12:32,631|line:503| 动态-点赞 OK
2026-02-19 17:12:34,632|line:519| https://t.bilibili.com/1170217099570708483
2026-02-19 17:12:37,918|line:341| =========此为源动态=========
2026-02-19 17:12:40,216|line:362| *********子动态开始*********
2026-02-19 17:12:40,216|line:381| *********子动态结束*********
2026-02-19 17:12:40,217|line:537| -=-=-=-=处理回最初的动态-=-=-=-=
2026-02-19 17:12:46,439|line:475| 转发成功 1171163562168549376
2026-02-19 17:12:49,860|line:494| 评论发送成功
2026-02-19 17:12:57,626|line:436| 关注 ==== 434786611 0
2026-02-19 17:13:00,992|line:503| 动态-点赞 OK
2026-02-19 17:13:03,993|line:519| https://t.bilibili.com/1169815090640191527
2026-02-19 17:13:05,347|line:341| =========此为源动态=========
2026-02-19 17:13:09,670|line:362| *********子动态开始*********
2026-02-19 17:13:09,670|line:381| *********子动态结束*********
2026-02-19 17:13:09,670|line:537| -=-=-=-=处理回最初的动态-=-=-=-=
2026-02-19 17:13:20,950|line:475| 转发成功 1171163708239380516
2026-02-19 17:13:24,334|line:494| 评论发送成功
2026-02-19 17:13:27,695|line:424| 470969470 === 已经关注了
2026-02-19 17:13:31,196|line:503| 动态-点赞 OK
2026-02-19 17:13:34,196|line:519| https://t.bilibili.com/1167438657307541537
2026-02-19 17:13:34,196|line:521| 已有
2026-02-19 17:13:34,197|line:519| https://t.bilibili.com/1168033995643944985
2026-02-19 17:13:36,482|line:526| 官方 或 预约 OUT！
2026-02-19 17:13:36,482|line:519| https://t.bilibili.com/1168369836282085384
2026-02-19 17:13:36,482|line:521| 已有
2026-02-19 17:13:36,482|line:519| https://t.bilibili.com/1169768704970326051
2026-02-19 17:13:36,482|line:521| 已有
2026-02-19 17:13:36,483|line:519| https://t.bilibili.com/1167325411924770832
2026-02-19 17:13:36,483|line:521| 已有
2026-02-19 17:13:36,483|line:519| https://t.bilibili.com/1165381939177193492
2026-02-19 17:13:36,483|line:521| 已有
2026-02-19 17:13:36,483|line:519| https://t.bilibili.com/1168344665627295751
2026-02-19 17:13:36,483|line:521| 已有
2026-02-19 17:13:36,483|line:519| https://t.bilibili.com/1167320159189205046
2026-02-19 17:13:36,483|line:521| 已有
2026-02-19 17:13:36,483|line:519| https://t.bilibili.com/1169861255096172581
2026-02-19 17:13:40,028|line:526| 官方 或 预约 OUT！
2026-02-19 17:13:40,028|line:519| https://t.bilibili.com/1167745747494371344
2026-02-19 17:13:41,342|line:526| 官方 或 预约 OUT！
2026-02-19 17:13:41,343|line:519| https://t.bilibili.com/1169057458431197188
2026-02-19 17:13:41,343|line:521| 已有
2026-02-19 17:13:41,343|line:519| https://t.bilibili.com/1167221658405044233
2026-02-19 17:13:41,343|line:521| 已有
2026-02-19 17:13:41,343|line:519| https://t.bilibili.com/1168732758852239416
2026-02-19 17:13:41,343|line:521| 已有
2026-02-19 17:13:41,343|line:519| https://t.bilibili.com/1167349055695618054
2026-02-19 17:13:41,343|line:521| 已有
2026-02-19 17:13:41,343|line:519| https://t.bilibili.com/1167591790098776069
2026-02-19 17:13:42,619|line:526| 官方 或 预约 OUT！
2026-02-19 17:13:42,619|line:519| https://t.bilibili.com/1167281938232246292
2026-02-19 17:13:45,905|line:526| 官方 或 预约 OUT！
2026-02-19 17:13:45,905|line:519| https://t.bilibili.com/1170043808393461776
2026-02-19 17:13:48,190|line:526| 官方 或 预约 OUT！
2026-02-19 17:13:48,191|line:519| https://t.bilibili.com/1167965340538241030
2026-02-19 17:13:50,475|line:341| =========此为源动态=========
2026-02-19 17:13:52,964|line:362| *********子动态开始*********
2026-02-19 17:13:52,964|line:381| *********子动态结束*********
2026-02-19 17:13:52,964|line:537| -=-=-=-=处理回最初的动态-=-=-=-=
2026-02-19 17:14:05,177|line:475| 转发成功 1171163901467820054
2026-02-19 17:14:08,541|line:494| 评论发送成功
2026-02-19 17:14:16,265|line:436| 关注 ==== 285881562 0
2026-02-19 17:14:19,568|line:503| 动态-点赞 OK
2026-02-19 17:14:21,569|line:519| https://t.bilibili.com/1168067897950470153
2026-02-19 17:14:25,938|line:341| =========此为源动态=========
2026-02-19 17:14:29,284|line:362| *********子动态开始*********
2026-02-19 17:14:29,284|line:381| *********子动态结束*********
2026-02-19 17:14:29,285|line:537| -=-=-=-=处理回最初的动态-=-=-=-=
2026-02-19 17:14:40,445|line:475| 转发成功 1171164051828375560
2026-02-19 17:14:43,852|line:494| 评论发送成功
2026-02-19 17:14:45,206|line:424| 3493122310933354 === 已经关注了
2026-02-19 17:14:48,503|line:503| 动态-点赞 OK
2026-02-19 17:14:52,503|line:519| https://t.bilibili.com/1168093742873182210
2026-02-19 17:14:56,800|line:341| =========此为源动态=========
2026-02-19 17:15:00,338|line:362| *********子动态开始*********
2026-02-19 17:15:00,338|line:381| *********子动态结束*********
2026-02-19 17:15:00,339|line:537| -=-=-=-=处理回最初的动态-=-=-=-=
2026-02-19 17:15:06,514|line:475| 转发成功 1171164163479699459
2026-02-19 17:15:09,894|line:494| 评论发送成功
2026-02-19 17:15:12,235|line:424| 491771904 === 已经关注了
2026-02-19 17:15:15,560|line:503| 动态-点赞 OK
2026-02-19 17:15:17,561|line:519| https://t.bilibili.com/1167339851573362691
2026-02-19 17:15:17,561|line:521| 已有
2026-02-19 17:15:17,561|line:519| https://t.bilibili.com/1169923386074202164
2026-02-19 17:15:17,561|line:521| 已有
2026-02-19 17:15:17,561|line:519| https://t.bilibili.com/1169988472004411414
2026-02-19 17:15:18,845|line:341| =========此为源动态=========
2026-02-19 17:15:22,312|line:362| *********子动态开始*********
2026-02-19 17:15:22,313|line:381| *********子动态结束*********
2026-02-19 17:15:22,313|line:537| -=-=-=-=处理回最初的动态-=-=-=-=
2026-02-19 17:15:31,392|line:475| 转发成功 1171164270854930434
2026-02-19 17:15:34,778|line:494| 评论发送成功
2026-02-19 17:15:39,504|line:436| 关注 ==== 19562167 0
2026-02-19 17:15:42,819|line:503| 动态-点赞 OK
2026-02-19 17:15:43,820|line:519| https://t.bilibili.com/1168810068270907425
2026-02-19 17:15:43,820|line:521| 已有
2026-02-19 17:15:43,820|line:519| https://t.bilibili.com/1167712263893680160
2026-02-19 17:15:45,153|line:526| 官方 或 预约 OUT！
2026-02-19 17:15:45,154|line:519| https://t.bilibili.com/1167712274629001219
2026-02-19 17:15:45,154|line:521| 已有
2026-02-19 17:15:45,154|line:519| https://t.bilibili.com/1167327950235762738
2026-02-19 17:15:45,154|line:521| 已有
2026-02-19 17:15:45,154|line:519| https://t.bilibili.com/1160695296654573584
2026-02-19 17:15:46,429|line:526| 官方 或 预约 OUT！
2026-02-19 17:15:46,429|line:519| https://t.bilibili.com/1165385830464749593
2026-02-19 17:15:46,429|line:521| 已有
2026-02-19 17:15:46,429|line:519| https://t.bilibili.com/1169917626553466899
2026-02-19 17:15:46,429|line:521| 已有
2026-02-19 17:15:46,429|line:519| https://t.bilibili.com/1167753409702395905
2026-02-19 17:15:49,721|line:526| 官方 或 预约 OUT！
2026-02-19 17:15:49,722|line:519| https://t.bilibili.com/1169815281786159127
2026-02-19 17:15:51,994|line:526| 官方 或 预约 OUT！
2026-02-19 17:15:51,994|line:519| https://t.bilibili.com/1170418101863317506
2026-02-19 17:15:54,291|line:341| =========此为源动态=========
2026-02-19 17:15:57,765|line:362| *********子动态开始*********
2026-02-19 17:15:57,765|line:381| *********子动态结束*********
2026-02-19 17:15:57,766|line:537| -=-=-=-=处理回最初的动态-=-=-=-=
2026-02-19 17:16:07,031|line:475| 转发成功 1171164421151522836
2026-02-19 17:16:10,411|line:494| 评论发送成功
2026-02-19 17:16:11,778|line:424| 100680137 === 已经关注了
2026-02-19 17:16:15,085|line:503| 动态-点赞 OK
2026-02-19 17:16:16,086|line:519| https://t.bilibili.com/1169292463974645766
2026-02-19 17:16:16,086|line:521| 已有
2026-02-19 17:16:16,086|line:519| https://t.bilibili.com/1158766847743492101
2026-02-19 17:16:16,086|line:521| 已有
2026-02-19 17:16:16,086|line:552| 执行结束
2026-02-19 17:16:16,086|line:558| ==================================================2026-02-20 01:16==================================================
2026-02-19 17:16:16,086|line:232| processing article 45990516
2026-02-19 17:16:19,471|line:507| ==================================================2026-02-20 01:16==================================================
2026-02-19 17:16:19,472|line:519| https://t.bilibili.com/1170918038226075672
2026-02-19 17:16:21,756|line:341| =========此为源动态=========
2026-02-19 17:16:24,072|line:362| *********子动态开始*********
2026-02-19 17:16:24,072|line:381| *********子动态结束*********
2026-02-19 17:16:24,072|line:537| -=-=-=-=处理回最初的动态-=-=-=-=
2026-02-19 17:16:33,158|line:475| 转发成功 1171164537120882697
2026-02-19 17:16:36,539|line:494| 评论发送成功
2026-02-19 17:16:38,880|line:424| 3546923738860114 === 已经关注了
2026-02-19 17:16:42,196|line:503| 动态-点赞 OK
2026-02-19 17:16:44,196|line:519| https://t.bilibili.com/1170217099588534325
2026-02-19 17:16:46,555|line:341| =========此为源动态=========
2026-02-19 17:16:49,873|line:362| *********子动态开始*********
2026-02-19 17:16:49,873|line:381| *********子动态结束*********
2026-02-19 17:16:49,873|line:537| -=-=-=-=处理回最初的动态-=-=-=-=
2026-02-19 17:16:59,947|line:475| 转发成功 1171164648790032384
2026-02-19 17:17:03,319|line:494| 评论发送成功
2026-02-19 17:17:07,795|line:424| 488791101 === 已经关注了
2026-02-19 17:17:11,115|line:503| 动态-点赞 OK
2026-02-19 17:17:14,116|line:519| https://t.bilibili.com/1170763795216203785
2026-02-19 17:17:18,393|line:341| =========此为源动态=========
2026-02-19 17:17:21,862|line:362| *********子动态开始*********
2026-02-19 17:17:21,862|line:381| *********子动态结束*********
2026-02-19 17:17:21,863|line:537| -=-=-=-=处理回最初的动态-=-=-=-=
2026-02-19 17:17:28,964|line:475| 转发成功 1171164773367152656
2026-02-19 17:17:32,356|line:494| 评论发送成功
2026-02-19 17:17:33,696|line:424| 873668 === 已经关注了
2026-02-19 17:17:37,013|line:503| 动态-点赞 OK
2026-02-19 17:17:39,014|line:519| https://t.bilibili.com/1165764077449904147
2026-02-19 17:17:41,300|line:341| =========此为源动态=========
2026-02-19 17:17:45,622|line:362| *********子动态开始*********
2026-02-19 17:17:45,623|line:381| *********子动态结束*********
2026-02-19 17:17:45,623|line:537| -=-=-=-=处理回最初的动态-=-=-=-=
2026-02-19 17:17:52,668|line:475| 转发成功 1171164876462096407
2026-02-19 17:17:56,029|line:494| 评论发送成功
2026-02-19 17:18:00,746|line:436| 关注 ==== 390790219 0
2026-02-19 17:18:04,046|line:503| 动态-点赞 OK
2026-02-19 17:18:05,046|line:519| https://t.bilibili.com/1170959269904777217
2026-02-19 17:18:06,391|line:341| =========此为源动态=========
2026-02-19 17:18:10,705|line:362| *********子动态开始*********
2026-02-19 17:18:10,705|line:381| *********子动态结束*********
2026-02-19 17:18:10,706|line:537| -=-=-=-=处理回最初的动态-=-=-=-=
2026-02-19 17:18:21,877|line:475| 转发成功 1171165000974204930
2026-02-19 17:18:25,241|line:494| 评论发送成功
2026-02-19 17:18:28,578|line:424| 697654195 === 已经关注了
2026-02-19 17:18:31,897|line:503| 动态-点赞 OK
2026-02-19 17:18:32,898|line:519| https://t.bilibili.com/1171086269954916361
2026-02-19 17:18:36,196|line:341| =========此为源动态=========
2026-02-19 17:18:38,691|line:362| *********子动态开始*********
2026-02-19 17:18:38,691|line:381| *********子动态结束*********
2026-02-19 17:18:38,691|line:537| -=-=-=-=处理回最初的动态-=-=-=-=
2026-02-19 17:18:44,760|line:475| 转发成功 1171165099795152933
2026-02-19 17:18:48,140|line:494| 评论发送成功
2026-02-19 17:18:53,915|line:436| 关注 ==== 245684615 0
2026-02-19 17:18:57,233|line:503| 动态-点赞 OK
2026-02-19 17:18:58,234|line:519| https://t.bilibili.com/1170736384737017876
2026-02-19 17:18:59,539|line:341| =========此为源动态=========
2026-02-19 17:19:01,045|line:362| *********子动态开始*********
2026-02-19 17:19:01,045|line:381| *********子动态结束*********
2026-02-19 17:19:01,045|line:537| -=-=-=-=处理回最初的动态-=-=-=-=
2026-02-19 17:19:10,365|line:475| 转发成功 1171165211440185345
2026-02-19 17:19:13,797|line:494| 评论发送成功
2026-02-19 17:19:16,158|line:424| 100680137 === 已经关注了
2026-02-19 17:19:19,533|line:503| 动态-点赞 OK
2026-02-19 17:19:22,534|line:519| https://t.bilibili.com/1170756128672317457
2026-02-19 17:19:23,917|line:341| =========此为源动态=========
2026-02-19 17:19:25,476|line:362| *********子动态开始*********
2026-02-19 17:19:25,476|line:381| *********子动态结束*********
2026-02-19 17:19:25,476|line:537| -=-=-=-=处理回最初的动态-=-=-=-=
2026-02-19 17:19:32,589|line:475| 转发成功 1171165305911640081
2026-02-19 17:19:35,877|line:548| 'NoneType' object is not subscriptable
2026-02-19 17:19:35,878|line:549| error line:541
2026-02-19 17:19:37,878|line:519| https://t.bilibili.com/1170990374041157632
2026-02-19 17:19:42,153|line:526| 官方 或 预约 OUT！
2026-02-19 17:19:42,154|line:519| https://t.bilibili.com/1170680956007219234
2026-02-19 17:19:45,444|line:341| =========此为源动态=========
2026-02-19 17:19:46,932|line:362| *********子动态开始*********
2026-02-19 17:19:46,932|line:381| *********子动态结束*********
2026-02-19 17:19:46,932|line:537| -=-=-=-=处理回最初的动态-=-=-=-=
2026-02-19 17:19:53,052|line:475| 转发成功 1171165391841394688
2026-02-19 17:19:56,431|line:494| 评论发送成功
2026-02-19 17:19:59,793|line:424| 3546785396034301 === 已经关注了
2026-02-19 17:20:03,102|line:503| 动态-点赞 OK
2026-02-19 17:20:05,103|line:519| https://t.bilibili.com/1169988472004411414
2026-02-19 17:20:05,103|line:521| 已有
2026-02-19 17:20:05,103|line:519| https://t.bilibili.com/1170778312197275667
2026-02-19 17:20:08,377|line:526| 官方 或 预约 OUT！
2026-02-19 17:20:08,377|line:519| https://t.bilibili.com/1170171351737040921
2026-02-19 17:20:12,669|line:526| 官方 或 预约 OUT！
2026-02-19 17:20:12,669|line:519| https://t.bilibili.com/1170400853293531141
2026-02-19 17:20:16,964|line:526| 官方 或 预约 OUT！
2026-02-19 17:20:16,964|line:519| https://t.bilibili.com/1168149139405406229
2026-02-19 17:20:19,257|line:526| 官方 或 预约 OUT！
2026-02-19 17:20:19,257|line:519| https://t.bilibili.com/1160695296654573584
2026-02-19 17:20:23,530|line:526| 官方 或 预约 OUT！
2026-02-19 17:20:23,530|line:519| https://t.bilibili.com/1170928346153877528
2026-02-19 17:20:27,940|line:341| =========此为源动态=========
2026-02-19 17:20:30,246|line:362| *********子动态开始*********
2026-02-19 17:20:30,246|line:381| *********子动态结束*********
2026-02-19 17:20:30,246|line:537| -=-=-=-=处理回最初的动态-=-=-=-=
2026-02-19 17:20:39,497|line:475| 转发成功 1171165593693323269
2026-02-19 17:20:42,896|line:494| 评论发送成功
2026-02-19 17:20:44,253|line:424| 679380709 === 已经关注了
2026-02-19 17:20:47,548|line:503| 动态-点赞 OK
2026-02-19 17:20:49,549|line:519| https://t.bilibili.com/1170943808069697536
2026-02-19 17:20:52,849|line:341| =========此为源动态=========
2026-02-19 17:20:57,344|line:362| *********子动态开始*********
2026-02-19 17:20:57,345|line:381| *********子动态结束*********
2026-02-19 17:20:57,345|line:537| -=-=-=-=处理回最初的动态-=-=-=-=
2026-02-19 17:21:04,562|line:475| 转发成功 1171165701094768640
2026-02-19 17:21:07,951|line:494| 评论发送成功
2026-02-19 17:21:11,295|line:424| 3546733590087876 === 已经关注了
2026-02-19 17:21:14,612|line:503| 动态-点赞 OK
2026-02-19 17:21:18,613|line:519| https://t.bilibili.com/1170966212761354249
2026-02-19 17:21:22,908|line:526| 官方 或 预约 OUT！
2026-02-19 17:21:22,909|line:519| https://t.bilibili.com/1171054293902426115
2026-02-19 17:21:24,191|line:526| 官方 或 预约 OUT！
2026-02-19 17:21:24,191|line:519| https://t.bilibili.com/1170990193692377089
2026-02-19 17:21:28,502|line:341| =========此为源动态=========
2026-02-19 17:21:33,011|line:362| *********子动态开始*********
2026-02-19 17:21:33,012|line:381| *********子动态结束*********
2026-02-19 17:21:33,012|line:537| -=-=-=-=处理回最初的动态-=-=-=-=
2026-02-19 17:21:41,176|line:475| 转发成功 1171165859998072841
2026-02-19 17:21:44,564|line:494| 评论发送成功
2026-02-19 17:21:46,919|line:424| 388146781 === 已经关注了
2026-02-19 17:21:50,234|line:503| 动态-点赞 OK
2026-02-19 17:21:54,235|line:519| https://t.bilibili.com/1170998027672879105
2026-02-19 17:21:56,587|line:526| 官方 或 预约 OUT！
2026-02-19 17:21:56,588|line:519| https://t.bilibili.com/1160274570270212096
2026-02-19 17:21:56,588|line:521| 已有
2026-02-19 17:21:56,588|line:519| https://t.bilibili.com/1170943808029851667
2026-02-19 17:22:00,875|line:341| =========此为源动态=========
2026-02-19 17:22:04,193|line:362| *********子动态开始*********
2026-02-19 17:22:04,193|line:381| *********子动态结束*********
2026-02-19 17:22:04,194|line:537| -=-=-=-=处理回最初的动态-=-=-=-=
2026-02-19 17:22:14,398|line:475| 转发成功 1171166001745625090
2026-02-19 17:22:17,784|line:494| 评论发送成功
2026-02-19 17:22:19,135|line:424| 1861940979 === 已经关注了
2026-02-19 17:22:22,443|line:503| 动态-点赞 OK
2026-02-19 17:22:23,443|line:519| https://t.bilibili.com/1171076275537707012
2026-02-19 17:22:24,788|line:526| 官方 或 预约 OUT！
2026-02-19 17:22:24,789|line:519| https://t.bilibili.com/1169917626553466899
2026-02-19 17:22:24,789|line:521| 已有
2026-02-19 17:22:24,789|line:519| https://t.bilibili.com/1170959269939380228
2026-02-19 17:22:27,090|line:341| =========此为源动态=========
2026-02-19 17:22:28,407|line:362| *********子动态开始*********
2026-02-19 17:22:28,407|line:381| *********子动态结束*********
2026-02-19 17:22:28,408|line:537| -=-=-=-=处理回最初的动态-=-=-=-=
2026-02-19 17:22:37,503|line:475| 转发成功 1171166100516241414
2026-02-19 17:22:40,951|line:494| 评论发送成功
2026-02-19 17:22:44,313|line:424| 325314188 === 已经关注了
2026-02-19 17:22:47,609|line:503| 动态-点赞 OK
2026-02-19 17:22:49,610|line:519| https://t.bilibili.com/1170738798522269720
2026-02-19 17:22:50,895|line:526| 官方 或 预约 OUT！
2026-02-19 17:22:50,895|line:519| https://t.bilibili.com/1170186175815614489
2026-02-19 17:22:54,193|line:341| =========此为源动态=========
2026-02-19 17:22:55,532|line:362| *********子动态开始*********
2026-02-19 17:22:55,532|line:381| *********子动态结束*********
2026-02-19 17:22:55,533|line:537| -=-=-=-=处理回最初的动态-=-=-=-=
2026-02-19 17:23:03,672|line:475| 转发成功 1171166212162322439
2026-02-19 17:23:07,074|line:494| 评论发送成功
2026-02-19 17:23:08,457|line:424| 1538910381 === 已经关注了
2026-02-19 17:23:11,754|line:503| 动态-点赞 OK
2026-02-19 17:23:13,755|line:519| https://t.bilibili.com/1170588184713625634
2026-02-19 17:23:17,128|line:341| =========此为源动态=========
2026-02-19 17:23:18,434|line:362| *********子动态开始*********
2026-02-19 17:23:18,435|line:381| *********子动态结束*********
2026-02-19 17:23:18,435|line:537| -=-=-=-=处理回最初的动态-=-=-=-=
2026-02-19 17:23:27,478|line:475| 转发成功 1171166315283480579
2026-02-19 17:23:30,868|line:494| 评论发送成功
2026-02-19 17:23:33,216|line:424| 7732998 === 已经关注了
2026-02-19 17:23:36,522|line:503| 动态-点赞 OK
2026-02-19 17:23:37,522|line:519| https://t.bilibili.com/1171026539816419360
2026-02-19 17:23:40,813|line:341| =========此为源动态=========
2026-02-19 17:23:43,325|line:362| *********子动态开始*********
2026-02-19 17:23:43,326|line:381| *********子动态结束*********
2026-02-19 17:23:43,326|line:537| -=-=-=-=处理回最初的动态-=-=-=-=
2026-02-19 17:23:50,527|line:475| 转发成功 1171166414013202435
2026-02-19 17:23:53,909|line:494| 评论发送成功
2026-02-19 17:23:55,290|line:424| 100680137 === 已经关注了
2026-02-19 17:23:58,593|line:503| 动态-点赞 OK
2026-02-19 17:24:00,594|line:519| https://t.bilibili.com/1170948354272657413
2026-02-19 17:24:03,894|line:526| 官方 或 预约 OUT！
2026-02-19 17:24:03,894|line:519| https://t.bilibili.com/1170928346167509015
2026-02-19 17:24:07,183|line:341| =========此为源动态=========
2026-02-19 17:24:09,515|line:362| *********子动态开始*********
2026-02-19 17:24:09,516|line:381| *********子动态结束*********
2026-02-19 17:24:09,516|line:537| -=-=-=-=处理回最初的动态-=-=-=-=
2026-02-19 17:24:19,645|line:475| 转发成功 1171166538627022853
2026-02-19 17:24:23,046|line:494| 评论发送成功
2026-02-19 17:24:27,415|line:424| 3493265269590447 === 已经关注了
2026-02-19 17:24:30,733|line:503| 动态-点赞 OK
2026-02-19 17:24:31,734|line:519| https://t.bilibili.com/1170744747024711686
2026-02-19 17:24:34,076|line:526| 官方 或 预约 OUT！
2026-02-19 17:24:34,077|line:519| https://t.bilibili.com/1171022768844570631
2026-02-19 17:24:36,129|line:341| =========此为源动态=========
2026-02-19 17:24:38,704|line:362| *********子动态开始*********
2026-02-19 17:24:38,704|line:381| *********子动态结束*********
2026-02-19 17:24:38,705|line:537| -=-=-=-=处理回最初的动态-=-=-=-=
2026-02-19 17:24:47,847|line:475| 转发成功 1171166658838921217
2026-02-19 17:24:51,138|line:548| 'NoneType' object is not subscriptable
2026-02-19 17:24:51,138|line:549| error line:541
2026-02-19 17:24:52,139|line:519| https://t.bilibili.com/1158766847743492101
2026-02-19 17:24:52,139|line:521| 已有
2026-02-19 17:24:52,139|line:519| https://t.bilibili.com/1171067503093219333
2026-02-19 17:24:55,412|line:341| =========此为源动态=========
2026-02-19 17:24:56,914|line:362| *********子动态开始*********
2026-02-19 17:24:56,914|line:381| *********子动态结束*********
2026-02-19 17:24:56,914|line:537| -=-=-=-=处理回最初的动态-=-=-=-=
2026-02-19 17:25:05,966|line:475| 转发成功 1171166736154624007
2026-02-19 17:25:09,354|line:494| 评论发送成功
2026-02-19 17:25:12,699|line:424| 3546897847421821 === 已经关注了
2026-02-19 17:25:16,022|line:503| 动态-点赞 OK
2026-02-19 17:25:18,023|line:552| 执行结束
2026-02-19 17:25:18,023|line:558| ==================================================2026-02-20 01:25==================================================
2026-02-19 17:25:18,023|line:232| processing article 45980775
2026-02-19 17:25:23,371|line:507| ==================================================2026-02-20 01:25==================================================
2026-02-19 17:25:23,371|line:519| https://t.bilibili.com/1168837502386044930
2026-02-19 17:25:25,700|line:526| 官方 或 预约 OUT！
2026-02-19 17:25:25,701|line:519| https://t.bilibili.com/1156146282082861072
2026-02-19 17:25:30,045|line:526| 官方 或 预约 OUT！
2026-02-19 17:25:30,046|line:519| https://t.bilibili.com/1169849194852122661
2026-02-19 17:25:34,473|line:526| 官方 或 预约 OUT！
2026-02-19 17:25:34,473|line:519| https://t.bilibili.com/1166126209779630101
2026-02-19 17:25:37,762|line:526| 官方 或 预约 OUT！
2026-02-19 17:25:37,762|line:519| https://t.bilibili.com/1165141077457371154
2026-02-19 17:25:40,068|line:526| 官方 或 预约 OUT！
2026-02-19 17:25:40,069|line:519| https://t.bilibili.com/1167975021427032067
2026-02-19 17:25:43,355|line:526| 官方 或 预约 OUT！
2026-02-19 17:25:43,355|line:519| https://t.bilibili.com/1169475231994085378
2026-02-19 17:25:47,652|line:526| 官方 或 预约 OUT！
2026-02-19 17:25:47,653|line:519| https://t.bilibili.com/1169898471003521033
2026-02-19 17:25:50,929|line:526| 官方 或 预约 OUT！
2026-02-19 17:25:50,929|line:519| https://t.bilibili.com/1138158800104062984
2026-02-19 17:25:55,219|line:526| 官方 或 预约 OUT！
2026-02-19 17:25:55,219|line:519| https://t.bilibili.com/1170344129655209989
2026-02-19 17:25:56,513|line:526| 官方 或 预约 OUT！
2026-02-19 17:25:56,514|line:519| https://t.bilibili.com/1165535913783066625
2026-02-19 17:25:57,804|line:526| 官方 或 预约 OUT！
2026-02-19 17:25:57,804|line:519| https://t.bilibili.com/1169894137344819216
2026-02-19 17:26:02,106|line:526| 官方 或 预约 OUT！
2026-02-19 17:26:02,106|line:519| https://t.bilibili.com/1170587954963283992
2026-02-19 17:26:05,400|line:526| 官方 或 预约 OUT！
2026-02-19 17:26:05,400|line:519| https://t.bilibili.com/1166123594139303940
2026-02-19 17:26:07,694|line:526| 官方 或 预约 OUT！
2026-02-19 17:26:07,695|line:519| https://t.bilibili.com/1161058182774128663
2026-02-19 17:26:11,982|line:526| 官方 或 预约 OUT！
2026-02-19 17:26:11,983|line:519| https://t.bilibili.com/1169846433179762713
2026-02-19 17:26:14,268|line:526| 官方 或 预约 OUT！
2026-02-19 17:26:14,268|line:519| https://t.bilibili.com/1168833297647665192
2026-02-19 17:26:15,556|line:526| 官方 或 预约 OUT！
2026-02-19 17:26:15,556|line:519| https://t.bilibili.com/1170008641175027744
2026-02-19 17:26:18,857|line:526| 官方 或 预约 OUT！
2026-02-19 17:26:18,858|line:519| https://t.bilibili.com/1166118444471418902
2026-02-19 17:26:22,162|line:526| 官方 或 预约 OUT！
2026-02-19 17:26:22,163|line:519| https://t.bilibili.com/1168149139405406229
2026-02-19 17:26:24,457|line:526| 官方 或 预约 OUT！
2026-02-19 17:26:24,457|line:519| https://t.bilibili.com/1160695296654573584
2026-02-19 17:26:28,744|line:526| 官方 或 预约 OUT！
2026-02-19 17:26:28,744|line:519| https://t.bilibili.com/1169954421517320195
2026-02-19 17:26:33,030|line:526| 官方 或 预约 OUT！
2026-02-19 17:26:33,031|line:519| https://t.bilibili.com/1169953884663185414
2026-02-19 17:26:36,353|line:526| 官方 或 预约 OUT！
2026-02-19 17:26:36,354|line:519| https://t.bilibili.com/1166121064390983684
2026-02-19 17:26:39,632|line:526| 官方 或 预约 OUT！
2026-02-19 17:26:39,633|line:519| https://t.bilibili.com/1160274570270212096
2026-02-19 17:26:39,633|line:521| 已有
2026-02-19 17:26:39,633|line:519| https://t.bilibili.com/1169927182863040518
2026-02-19 17:26:40,937|line:526| 官方 或 预约 OUT！
2026-02-19 17:26:40,938|line:519| https://t.bilibili.com/1169846042330398834
2026-02-19 17:26:43,234|line:526| 官方 或 预约 OUT！
2026-02-19 17:26:43,234|line:519| https://t.bilibili.com/1169980891401814016
2026-02-19 17:26:46,534|line:526| 官方 或 预约 OUT！
2026-02-19 17:26:46,534|line:519| https://t.bilibili.com/1169815157197504515
2026-02-19 17:26:49,831|line:526| 官方 或 预约 OUT！
2026-02-19 17:26:49,831|line:519| https://t.bilibili.com/1139598610580635648
2026-02-19 17:26:51,129|line:526| 官方 或 预约 OUT！
2026-02-19 17:26:51,129|line:519| https://t.bilibili.com/1169842709416902658
2026-02-19 17:26:54,458|line:526| 官方 或 预约 OUT！
2026-02-19 17:26:54,458|line:519| https://t.bilibili.com/1169281932692815894
2026-02-19 17:26:55,822|line:526| 官方 或 预约 OUT！
2026-02-19 17:26:55,822|line:519| https://t.bilibili.com/1169193336143085600
2026-02-19 17:27:00,111|line:526| 官方 或 预约 OUT！
2026-02-19 17:27:00,111|line:519| https://t.bilibili.com/1166128756679507972
2026-02-19 17:27:02,407|line:526| 官方 或 预约 OUT！
2026-02-19 17:27:02,407|line:519| https://t.bilibili.com/1161396153697173507
2026-02-19 17:27:04,702|line:526| 官方 或 预约 OUT！
2026-02-19 17:27:04,702|line:519| https://t.bilibili.com/1169917626553466899
2026-02-19 17:27:04,703|line:521| 已有
2026-02-19 17:27:04,703|line:519| https://t.bilibili.com/1168099450938195972
2026-02-19 17:27:08,998|line:526| 官方 或 预约 OUT！
2026-02-19 17:27:08,998|line:519| https://t.bilibili.com/1169959167480299538
2026-02-19 17:27:12,297|line:526| 官方 或 预约 OUT！
2026-02-19 17:27:12,297|line:519| https://t.bilibili.com/1170310594540077063
2026-02-19 17:27:16,577|line:526| 官方 或 预约 OUT！
2026-02-19 17:27:16,577|line:519| https://t.bilibili.com/1166237002784309250
2026-02-19 17:27:18,865|line:526| 官方 或 预约 OUT！
2026-02-19 17:27:18,866|line:519| https://t.bilibili.com/1159828366084276309
2026-02-19 17:27:22,141|line:526| 官方 或 预约 OUT！
2026-02-19 17:27:22,141|line:519| https://t.bilibili.com/1169926096234217473
2026-02-19 17:27:24,419|line:526| 官方 或 预约 OUT！
2026-02-19 17:27:24,419|line:519| https://t.bilibili.com/1170178455587782677
2026-02-19 17:27:26,717|line:526| 官方 或 预约 OUT！
2026-02-19 17:27:26,718|line:519| https://t.bilibili.com/1170573077201813543
2026-02-19 17:27:31,016|line:526| 官方 或 预约 OUT！
2026-02-19 17:27:31,016|line:519| https://t.bilibili.com/1168145033418768386
2026-02-19 17:27:34,294|line:526| 官方 或 预约 OUT！
2026-02-19 17:27:34,294|line:519| https://t.bilibili.com/1170215297841365008
2026-02-19 17:27:35,591|line:526| 官方 或 预约 OUT！
2026-02-19 17:27:35,591|line:519| https://t.bilibili.com/1169841438089805844
2026-02-19 17:27:36,866|line:526| 官方 或 预约 OUT！
2026-02-19 17:27:36,866|line:519| https://t.bilibili.com/1170197198855471160
2026-02-19 17:27:41,191|line:526| 官方 或 预约 OUT！
2026-02-19 17:27:41,191|line:519| https://t.bilibili.com/1168804207801663495
2026-02-19 17:27:42,488|line:526| 官方 或 预约 OUT！
2026-02-19 17:27:42,489|line:519| https://t.bilibili.com/1169963363632939009
2026-02-19 17:27:43,776|line:526| 官方 或 预约 OUT！
2026-02-19 17:27:43,776|line:519| https://t.bilibili.com/1163507757214597121
2026-02-19 17:27:46,075|line:526| 官方 或 预约 OUT！
2026-02-19 17:27:46,075|line:519| https://t.bilibili.com/1168753754814545944
2026-02-19 17:27:50,374|line:526| 官方 或 预约 OUT！
2026-02-19 17:27:50,374|line:519| https://t.bilibili.com/1161041531182776359
2026-02-19 17:27:51,671|line:526| 官方 或 预约 OUT！
2026-02-19 17:27:51,672|line:519| https://t.bilibili.com/1170207227559018503
2026-02-19 17:27:54,975|line:526| 官方 或 预约 OUT！
2026-02-19 17:27:54,975|line:519| https://t.bilibili.com/1170217144690933794
2026-02-19 17:27:57,271|line:526| 官方 或 预约 OUT！
2026-02-19 17:27:57,271|line:519| https://t.bilibili.com/1139620407563780102
2026-02-19 17:27:58,560|line:526| 官方 或 预约 OUT！
2026-02-19 17:27:58,560|line:519| https://t.bilibili.com/1170248154302382083
2026-02-19 17:28:00,855|line:526| 官方 或 预约 OUT！
2026-02-19 17:28:00,856|line:519| https://t.bilibili.com/1158766847743492101
2026-02-19 17:28:00,856|line:521| 已有
2026-02-19 17:28:00,856|line:552| 执行结束
2026-02-19 17:28:00,856|line:558| ==================================================2026-02-20 01:28==================================================
2026-02-19 17:28:00,856|line:232| processing article 45979989
2026-02-19 17:28:04,136|line:507| ==================================================2026-02-20 01:28==================================================
2026-02-19 17:28:04,136|line:519| https://t.bilibili.com/1169140344856510500
2026-02-19 17:28:07,408|line:526| 官方 或 预约 OUT！
2026-02-19 17:28:07,408|line:519| https://t.bilibili.com/1167975021427032067
2026-02-19 17:28:10,695|line:526| 官方 或 预约 OUT！
2026-02-19 17:28:10,696|line:519| https://t.bilibili.com/1169474970010517523
2026-02-19 17:28:11,996|line:526| 官方 或 预约 OUT！
2026-02-19 17:28:11,996|line:519| https://t.bilibili.com/1169846076660777012
2026-02-19 17:28:16,335|line:526| 官方 或 预约 OUT！
2026-02-19 17:28:16,335|line:519| https://t.bilibili.com/1169939251703316516
2026-02-19 17:28:19,630|line:526| 官方 或 预约 OUT！
2026-02-19 17:28:19,630|line:519| https://t.bilibili.com/1169512825890013224
2026-02-19 17:28:22,928|line:526| 官方 或 预约 OUT！
2026-02-19 17:28:22,928|line:519| https://t.bilibili.com/1165509645740015625
2026-02-19 17:28:25,223|line:526| 官方 或 预约 OUT！
2026-02-19 17:28:25,223|line:519| https://t.bilibili.com/1169111791878275081
2026-02-19 17:28:26,524|line:526| 官方 或 预约 OUT！
2026-02-19 17:28:26,524|line:519| https://t.bilibili.com/1169832152357928998
2026-02-19 17:28:29,839|line:526| 官方 或 预约 OUT！
2026-02-19 17:28:29,840|line:519| https://t.bilibili.com/1168361813284225056
2026-02-19 17:28:33,137|line:526| 官方 或 预约 OUT！
2026-02-19 17:28:33,137|line:519| https://t.bilibili.com/1169842709416902658
2026-02-19 17:28:34,433|line:526| 官方 或 预约 OUT！
2026-02-19 17:28:34,434|line:519| https://t.bilibili.com/1169193336143085600
2026-02-19 17:28:38,712|line:526| 官方 或 预约 OUT！
2026-02-19 17:28:38,712|line:519| https://t.bilibili.com/1167728193924235264
2026-02-19 17:28:40,984|line:526| 官方 或 预约 OUT！
2026-02-19 17:28:40,985|line:519| https://t.bilibili.com/1170178455587782677
2026-02-19 17:28:44,286|line:526| 官方 或 预约 OUT！
2026-02-19 17:28:44,286|line:519| https://t.bilibili.com/1168395219551387652
2026-02-19 17:28:47,611|line:526| 官方 或 预约 OUT！
2026-02-19 17:28:47,611|line:519| https://t.bilibili.com/1170193702718537729
2026-02-19 17:28:50,887|line:526| 官方 或 预约 OUT！
2026-02-19 17:28:50,888|line:519| https://t.bilibili.com/1170197198855471160
2026-02-19 17:28:53,179|line:526| 官方 或 预约 OUT！
2026-02-19 17:28:53,179|line:519| https://t.bilibili.com/1168804207801663495
2026-02-19 17:28:56,453|line:526| 官方 或 预约 OUT！
2026-02-19 17:28:56,454|line:519| https://t.bilibili.com/1168753754814545944
2026-02-19 17:29:00,729|line:526| 官方 或 预约 OUT！
2026-02-19 17:29:00,730|line:519| https://t.bilibili.com/1164736225250115640
2026-02-19 17:29:05,078|line:526| 官方 或 预约 OUT！
2026-02-19 17:29:05,078|line:519| https://t.bilibili.com/1163510261171093512
2026-02-19 17:29:09,363|line:526| 官方 或 预约 OUT！
2026-02-19 17:29:09,363|line:519| https://t.bilibili.com/1170248154302382083
2026-02-19 17:29:13,636|line:526| 官方 或 预约 OUT！
2026-02-19 17:29:13,637|line:519| https://t.bilibili.com/1168817019693301766
2026-02-19 17:29:16,975|line:526| 官方 或 预约 OUT！
2026-02-19 17:29:16,975|line:519| https://t.bilibili.com/1168833525267300352
2026-02-19 17:29:21,264|line:526| 官方 或 预约 OUT！
2026-02-19 17:29:21,264|line:519| https://t.bilibili.com/1169856371691094020
2026-02-19 17:29:23,561|line:526| 官方 或 预约 OUT！
2026-02-19 17:29:23,561|line:519| https://t.bilibili.com/1170655622151012352
2026-02-19 17:29:27,867|line:341| =========此为源动态=========
2026-02-19 17:29:31,396|line:362| *********子动态开始*********
2026-02-19 17:29:31,396|line:381| *********子动态结束*********
2026-02-19 17:29:31,397|line:537| -=-=-=-=处理回最初的动态-=-=-=-=
2026-02-19 17:29:40,610|line:475| 转发成功 1171167917264339000
2026-02-19 17:29:43,980|line:494| 评论发送成功
2026-02-19 17:29:46,331|line:424| 100680137 === 已经关注了
2026-02-19 17:29:49,648|line:503| 动态-点赞 OK
2026-02-19 17:29:53,648|line:519| https://t.bilibili.com/1167391537209802753
2026-02-19 17:29:55,947|line:526| 官方 或 预约 OUT！
2026-02-19 17:29:55,947|line:519| https://t.bilibili.com/1170280306443288616
2026-02-19 17:29:59,243|line:526| 官方 或 预约 OUT！
2026-02-19 17:29:59,243|line:519| https://t.bilibili.com/1170587954963283992
2026-02-19 17:30:02,552|line:526| 官方 或 预约 OUT！
2026-02-19 17:30:02,553|line:519| https://t.bilibili.com/1161058182774128663
2026-02-19 17:30:03,841|line:526| 官方 或 预约 OUT！
2026-02-19 17:30:03,841|line:519| https://t.bilibili.com/1166632526305820721
2026-02-19 17:30:08,119|line:526| 官方 或 预约 OUT！
2026-02-19 17:30:08,119|line:519| https://t.bilibili.com/1169905080904712195
2026-02-19 17:30:12,397|line:526| 官方 或 预约 OUT！
2026-02-19 17:30:12,397|line:519| https://t.bilibili.com/1168149139405406229
2026-02-19 17:30:13,739|line:526| 官方 或 预约 OUT！
2026-02-19 17:30:13,739|line:519| https://t.bilibili.com/1169846042330398834
2026-02-19 17:30:15,063|line:526| 官方 或 预约 OUT！
2026-02-19 17:30:15,063|line:519| https://t.bilibili.com/1165022081085079577
2026-02-19 17:30:19,358|line:526| 官方 或 预约 OUT！
2026-02-19 17:30:19,359|line:519| https://t.bilibili.com/1170696355633430551
2026-02-19 17:30:21,649|line:526| 官方 或 预约 OUT！
2026-02-19 17:30:21,650|line:519| https://t.bilibili.com/1169583306250911784
2026-02-19 17:30:25,946|line:526| 官方 或 预约 OUT！
2026-02-19 17:30:25,946|line:519| https://t.bilibili.com/1168709581102120993
2026-02-19 17:30:28,226|line:526| 官方 或 预约 OUT！
2026-02-19 17:30:28,226|line:519| https://t.bilibili.com/1169104043756224561
2026-02-19 17:30:30,525|line:526| 官方 或 预约 OUT！
2026-02-19 17:30:30,526|line:519| https://t.bilibili.com/1160274570270212096
2026-02-19 17:30:30,526|line:521| 已有
2026-02-19 17:30:30,526|line:519| https://t.bilibili.com/1169909397368864791
2026-02-19 17:30:30,526|line:521| 已有
2026-02-19 17:30:30,526|line:519| https://t.bilibili.com/1168361684451983368
2026-02-19 17:30:33,823|line:526| 官方 或 预约 OUT！
2026-02-19 17:30:33,823|line:519| https://t.bilibili.com/1167240719470952450
2026-02-19 17:30:35,151|line:526| 官方 或 预约 OUT！
2026-02-19 17:30:35,151|line:519| https://t.bilibili.com/1161409897601957924
2026-02-19 17:30:37,448|line:526| 官方 或 预约 OUT！
2026-02-19 17:30:37,449|line:519| https://t.bilibili.com/1161396153697173507
2026-02-19 17:30:41,750|line:526| 官方 或 预约 OUT！
2026-02-19 17:30:41,750|line:519| https://t.bilibili.com/1170959276347228231
2026-02-19 17:30:44,048|line:526| 官方 或 预约 OUT！
2026-02-19 17:30:44,048|line:519| https://t.bilibili.com/1167990659368353879
2026-02-19 17:30:46,352|line:526| 官方 或 预约 OUT！
2026-02-19 17:30:46,352|line:519| https://t.bilibili.com/1170573077201813543
2026-02-19 17:30:48,639|line:526| 官方 或 预约 OUT！
2026-02-19 17:30:48,639|line:519| https://t.bilibili.com/1168454485806153877
2026-02-19 17:30:50,913|line:526| 官方 或 预约 OUT！
2026-02-19 17:30:50,914|line:519| https://t.bilibili.com/1170207227559018503
2026-02-19 17:30:55,195|line:526| 官方 或 预约 OUT！
2026-02-19 17:30:55,196|line:519| https://t.bilibili.com/1166869599928451128
2026-02-19 17:30:56,493|line:526| 官方 或 预约 OUT！
2026-02-19 17:30:56,494|line:519| https://t.bilibili.com/1168514988969558016
2026-02-19 17:30:59,795|line:526| 官方 或 预约 OUT！
2026-02-19 17:30:59,795|line:519| https://t.bilibili.com/1168361770317774918
2026-02-19 17:31:02,077|line:526| 官方 或 预约 OUT！
2026-02-19 17:31:02,078|line:519| https://t.bilibili.com/1169119398275842137
2026-02-19 17:31:05,363|line:526| 官方 或 预约 OUT！
2026-02-19 17:31:05,363|line:519| https://t.bilibili.com/1169849194852122661
2026-02-19 17:31:07,664|line:526| 官方 或 预约 OUT！
2026-02-19 17:31:07,665|line:519| https://t.bilibili.com/1167620377391661078
2026-02-19 17:31:08,952|line:526| 官方 或 预约 OUT！
2026-02-19 17:31:08,952|line:519| https://t.bilibili.com/1168406420831338499
2026-02-19 17:31:11,227|line:526| 官方 或 预约 OUT！
2026-02-19 17:31:11,228|line:519| https://t.bilibili.com/1168685825589772320
2026-02-19 17:31:15,517|line:526| 官方 或 预约 OUT！
2026-02-19 17:31:15,517|line:519| https://t.bilibili.com/1169551716812587014
2026-02-19 17:31:17,812|line:526| 官方 或 预约 OUT！
2026-02-19 17:31:17,812|line:519| https://t.bilibili.com/1167990702320123905
2026-02-19 17:31:19,101|line:526| 官方 或 预约 OUT！
2026-02-19 17:31:19,102|line:519| https://t.bilibili.com/1170289695270109187
2026-02-19 17:31:21,394|line:341| =========此为源动态=========
2026-02-19 17:31:22,895|line:362| *********子动态开始*********
2026-02-19 17:31:22,895|line:381| *********子动态结束*********
2026-02-19 17:31:22,896|line:537| -=-=-=-=处理回最初的动态-=-=-=-=
2026-02-19 17:31:30,073|line:475| 转发成功 1171168385443037193
2026-02-19 17:31:33,366|line:548| 'NoneType' object is not subscriptable
2026-02-19 17:31:33,366|line:549| error line:541
2026-02-19 17:31:36,366|line:519| https://t.bilibili.com/1170008641175027744
2026-02-19 17:31:40,754|line:526| 官方 或 预约 OUT！
2026-02-19 17:31:40,754|line:519| https://t.bilibili.com/1170217002921361416
2026-02-19 17:31:43,030|line:526| 官方 或 预约 OUT！
2026-02-19 17:31:43,030|line:519| https://t.bilibili.com/1160695296654573584
2026-02-19 17:31:45,323|line:526| 官方 或 预约 OUT！
2026-02-19 17:31:45,323|line:519| https://t.bilibili.com/1168722646365372432
2026-02-19 17:31:49,597|line:526| 官方 或 预约 OUT！
2026-02-19 17:31:49,598|line:519| https://t.bilibili.com/1169081984796852248
2026-02-19 17:31:52,895|line:526| 官方 或 预约 OUT！
2026-02-19 17:31:52,895|line:519| https://t.bilibili.com/1168087218873434120
2026-02-19 17:31:57,191|line:526| 官方 或 预约 OUT！
2026-02-19 17:31:57,191|line:519| https://t.bilibili.com/1169815157197504515
2026-02-19 17:31:59,519|line:526| 官方 或 预约 OUT！
2026-02-19 17:31:59,519|line:519| https://t.bilibili.com/1168361748829307026
2026-02-19 17:32:02,792|line:526| 官方 或 预约 OUT！
2026-02-19 17:32:02,792|line:519| https://t.bilibili.com/1169917626553466899
2026-02-19 17:32:02,792|line:521| 已有
2026-02-19 17:32:02,792|line:519| https://t.bilibili.com/1168732907048534019
2026-02-19 17:32:04,081|line:526| 官方 或 预约 OUT！
2026-02-19 17:32:04,081|line:519| https://t.bilibili.com/1169926096234217473
2026-02-19 17:32:05,381|line:526| 官方 或 预约 OUT！
2026-02-19 17:32:05,381|line:519| https://t.bilibili.com/1169519672071028745
2026-02-19 17:32:05,381|line:521| 已有
2026-02-19 17:32:05,381|line:519| https://t.bilibili.com/1169841438089805844
2026-02-19 17:32:06,675|line:526| 官方 或 预约 OUT！
2026-02-19 17:32:06,675|line:519| https://t.bilibili.com/1169952445837606917
2026-02-19 17:32:08,964|line:526| 官方 或 预约 OUT！
2026-02-19 17:32:08,964|line:519| https://t.bilibili.com/1166628824017797127
2026-02-19 17:32:11,239|line:526| 官方 或 预约 OUT！
2026-02-19 17:32:11,240|line:519| https://t.bilibili.com/1167992587846418457
2026-02-19 17:32:14,540|line:526| 官方 或 预约 OUT！
2026-02-19 17:32:14,541|line:519| https://t.bilibili.com/1139620407563780102
2026-02-19 17:32:16,863|line:526| 官方 或 预约 OUT！
2026-02-19 17:32:16,863|line:519| https://t.bilibili.com/1169103807514148882
2026-02-19 17:32:20,140|line:526| 官方 或 预约 OUT！
2026-02-19 17:32:20,141|line:519| https://t.bilibili.com/1158766847743492101
2026-02-19 17:32:20,141|line:521| 已有
2026-02-19 17:32:20,141|line:552| 执行结束
2026-02-19 17:32:20,141|line:558| ==================================================2026-02-20 01:32==================================================
2026-02-19 17:32:20,141|line:232| processing article 45962853
2026-02-19 17:32:24,316|line:507| ==================================================2026-02-20 01:32==================================================
2026-02-19 17:32:24,316|line:519| https://t.bilibili.com/1167573117728456729
2026-02-19 17:32:24,316|line:521| 已有
2026-02-19 17:32:24,317|line:519| https://t.bilibili.com/1170187464282734599
2026-02-19 17:32:26,611|line:341| =========此为源动态=========
2026-02-19 17:32:30,951|line:362| *********子动态开始*********
2026-02-19 17:32:30,952|line:381| *********子动态结束*********
2026-02-19 17:32:30,952|line:537| -=-=-=-=处理回最初的动态-=-=-=-=
2026-02-19 17:32:40,105|line:475| 转发成功 1171168686052999176
2026-02-19 17:32:43,490|line:494| 评论发送成功
2026-02-19 17:32:48,204|line:436| 关注 ==== 388695443 0
2026-02-19 17:32:51,501|line:503| 动态-点赞 OK
2026-02-19 17:32:55,501|line:519| https://t.bilibili.com/1170580425902391335
2026-02-19 17:32:59,805|line:526| 官方 或 预约 OUT！
2026-02-19 17:32:59,805|line:519| https://t.bilibili.com/1165841386876960804
2026-02-19 17:32:59,805|line:521| 已有
2026-02-19 17:32:59,805|line:519| https://t.bilibili.com/1170187453571530777
2026-02-19 17:33:04,100|line:526| 官方 或 预约 OUT！
2026-02-19 17:33:04,100|line:519| https://t.bilibili.com/1158766847743492101
2026-02-19 17:33:04,100|line:521| 已有
2026-02-19 17:33:04,100|line:519| https://t.bilibili.com/1170219382361554985
2026-02-19 17:33:07,387|line:526| 官方 或 预约 OUT！
2026-02-19 17:33:07,387|line:519| https://t.bilibili.com/1144061897653354505
2026-02-19 17:33:11,683|line:526| 官方 或 预约 OUT！
2026-02-19 17:33:11,683|line:519| https://t.bilibili.com/1166583557249826836
2026-02-19 17:33:11,683|line:521| 已有
2026-02-19 17:33:11,684|line:519| https://t.bilibili.com/1169073014790160392
2026-02-19 17:33:16,040|line:526| 官方 或 预约 OUT！
2026-02-19 17:33:16,040|line:519| https://t.bilibili.com/1166993084527935526
2026-02-19 17:33:19,336|line:526| 官方 或 预约 OUT！
2026-02-19 17:33:19,336|line:519| https://t.bilibili.com/1168072250871513094
2026-02-19 17:33:21,667|line:341| =========此为源动态=========
2026-02-19 17:33:25,160|line:362| *********子动态开始*********
2026-02-19 17:33:25,160|line:381| *********子动态结束*********
2026-02-19 17:33:25,160|line:537| -=-=-=-=处理回最初的动态-=-=-=-=
2026-02-19 17:33:33,446|line:475| 转发成功 1171168918010593285
2026-02-19 17:33:36,810|line:494| 评论发送成功
2026-02-19 17:33:40,154|line:424| 455722391 === 已经关注了
2026-02-19 17:33:43,468|line:503| 动态-点赞 OK
2026-02-19 17:33:44,469|line:519| https://t.bilibili.com/1168149139405406229
2026-02-19 17:33:48,754|line:526| 官方 或 预约 OUT！
2026-02-19 17:33:48,755|line:519| https://t.bilibili.com/1170217099551834160
2026-02-19 17:33:53,027|line:341| =========此为源动态=========
2026-02-19 17:33:54,339|line:362| *********子动态开始*********
2026-02-19 17:33:54,339|line:381| *********子动态结束*********
2026-02-19 17:33:54,340|line:537| -=-=-=-=处理回最初的动态-=-=-=-=
2026-02-19 17:34:03,403|line:475| 转发成功 1171169046871146500
2026-02-19 17:34:06,784|line:494| 评论发送成功
2026-02-19 17:34:08,133|line:424| 455722391 === 已经关注了
2026-02-19 17:34:11,444|line:503| 动态-点赞 OK
2026-02-19 17:34:14,444|line:519| https://t.bilibili.com/1160695296654573584
2026-02-19 17:34:18,782|line:526| 官方 或 预约 OUT！
2026-02-19 17:34:18,782|line:519| https://t.bilibili.com/1169619933792829448
2026-02-19 17:34:20,053|line:526| 官方 或 预约 OUT！
2026-02-19 17:34:20,053|line:519| https://t.bilibili.com/1169981239287873559
2026-02-19 17:34:23,333|line:526| 官方 或 预约 OUT！
2026-02-19 17:34:23,333|line:519| https://t.bilibili.com/1169164619968675847
2026-02-19 17:34:26,630|line:526| 官方 或 预约 OUT！
2026-02-19 17:34:26,630|line:519| https://t.bilibili.com/1169631100683681800
2026-02-19 17:34:26,630|line:521| 已有
2026-02-19 17:34:26,630|line:519| https://t.bilibili.com/1160274570270212096
2026-02-19 17:34:26,630|line:521| 已有
2026-02-19 17:34:26,630|line:519| https://t.bilibili.com/1169917626553466899
2026-02-19 17:34:26,630|line:521| 已有
2026-02-19 17:34:26,631|line:519| https://t.bilibili.com/1170325332765442071
2026-02-19 17:34:30,904|line:341| =========此为源动态=========
2026-02-19 17:34:34,226|line:362| *********子动态开始*********
2026-02-19 17:34:34,226|line:381| *********子动态结束*********
2026-02-19 17:34:34,226|line:537| -=-=-=-=处理回最初的动态-=-=-=-=
2026-02-19 17:34:40,576|line:475| 转发成功 1171169205776547848
2026-02-19 17:34:44,017|line:494| 评论发送成功
2026-02-19 17:34:46,412|line:424| 3546897847421821 === 已经关注了
2026-02-19 17:34:49,726|line:503| 动态-点赞 OK
2026-02-19 17:34:52,727|line:519| https://t.bilibili.com/1169264112871407622
2026-02-19 17:34:57,020|line:526| 官方 或 预约 OUT！
2026-02-19 17:34:57,020|line:519| https://t.bilibili.com/1170418101863317506
2026-02-19 17:34:57,020|line:521| 已有
2026-02-19 17:34:57,020|line:519| https://t.bilibili.com/1170001206567763974
2026-02-19 17:34:57,020|line:521| 已有
2026-02-19 17:34:57,020|line:519| https://t.bilibili.com/1169876938153525256
2026-02-19 17:34:57,021|line:521| 已有
2026-02-19 17:34:57,021|line:552| 执行结束
2026-02-19 17:34:57,021|line:558| ==================================================2026-02-20 01:34==================================================
2026-02-19 17:34:57,021|line:232| processing article 45960579
2026-02-19 17:35:02,405|line:507| ==================================================2026-02-20 01:35==================================================
2026-02-19 17:35:02,405|line:519| https://t.bilibili.com/1170557480005009414
2026-02-19 17:35:06,700|line:526| 官方 或 预约 OUT！
2026-02-19 17:35:06,701|line:519| https://t.bilibili.com/1170642127373205506
2026-02-19 17:35:09,996|line:341| =========此为源动态=========
2026-02-19 17:35:12,479|line:362| *********子动态开始*********
2026-02-19 17:35:12,480|line:381| *********子动态结束*********
2026-02-19 17:35:12,480|line:537| -=-=-=-=处理回最初的动态-=-=-=-=
2026-02-19 17:35:21,671|line:475| 转发成功 1171169381838749720
2026-02-19 17:35:25,057|line:494| 评论发送成功
2026-02-19 17:35:29,403|line:424| 28716 === 已经关注了
2026-02-19 17:35:32,726|line:503| 动态-点赞 OK
2026-02-19 17:35:36,726|line:519| https://t.bilibili.com/1170655622151012352
2026-02-19 17:35:36,727|line:521| 已有
2026-02-19 17:35:36,727|line:519| https://t.bilibili.com/1170621524428718080
2026-02-19 17:35:41,093|line:341| =========此为源动态=========
2026-02-19 17:35:45,612|line:362| *********子动态开始*********
2026-02-19 17:35:45,612|line:381| *********子动态结束*********
2026-02-19 17:35:45,612|line:537| -=-=-=-=处理回最初的动态-=-=-=-=
2026-02-19 17:35:54,772|line:475| 转发成功 1171169523613564953
2026-02-19 17:35:58,135|line:494| 评论发送成功
2026-02-19 17:36:02,829|line:436| 关注 ==== 1678936905 0
2026-02-19 17:36:06,143|line:503| 动态-点赞 OK
2026-02-19 17:36:09,143|line:519| https://t.bilibili.com/1169815090640191527
2026-02-19 17:36:09,143|line:521| 已有
2026-02-19 17:36:09,144|line:519| https://t.bilibili.com/1170564882415747094
2026-02-19 17:36:11,445|line:336| =========此为子动态=========
2026-02-19 17:36:14,819|line:387| *************原动态处理开始***************
2026-02-19 17:36:21,560|line:475| 转发成功 1171169639574536194
2026-02-19 17:36:24,970|line:494| 评论发送成功
2026-02-19 17:36:26,326|line:424| 622557681 === 已经关注了
2026-02-19 17:36:29,631|line:503| 动态-点赞 OK
2026-02-19 17:36:29,631|line:396| *************原动态处理完成***************
2026-02-19 17:36:32,008|line:362| *********子动态开始*********
2026-02-19 17:36:43,224|line:475| 转发成功 1171169734081642505
2026-02-19 17:36:46,612|line:494| 评论发送成功
2026-02-19 17:36:49,418|line:424| 1681276938 === 已经关注了
2026-02-19 17:36:49,418|line:376| ----完成一个子动态----
2026-02-19 17:36:59,563|line:475| 转发成功 1171169802771759121
2026-02-19 17:37:02,956|line:494| 评论发送成功
2026-02-19 17:37:07,594|line:424| 493230543 === 已经关注了
2026-02-19 17:37:07,595|line:376| ----完成一个子动态----
2026-02-19 17:37:13,779|line:475| 转发成功 1171169862871941128
2026-02-19 17:37:17,188|line:494| 评论发送成功
2026-02-19 17:37:23,856|line:424| 1129687681 === 已经关注了
2026-02-19 17:37:23,857|line:376| ----完成一个子动态----
2026-02-19 17:37:23,857|line:381| *********子动态结束*********
2026-02-19 17:37:25,857|line:519| https://t.bilibili.com/1170580425902391335
2026-02-19 17:37:30,134|line:526| 官方 或 预约 OUT！
2026-02-19 17:37:30,134|line:519| https://t.bilibili.com/1170380581029019673
2026-02-19 17:37:31,424|line:336| =========此为子动态=========
2026-02-19 17:37:32,870|line:400| *************原动态已存在***************
2026-02-19 17:37:36,432|line:362| *********子动态开始*********
2026-02-19 17:37:43,603|line:475| 转发成功 1171169991734591496
2026-02-19 17:37:46,991|line:494| 评论发送成功
2026-02-19 17:37:49,640|line:424| 1129687681 === 已经关注了
2026-02-19 17:37:49,641|line:376| ----完成一个子动态----
2026-02-19 17:37:49,643|line:381| *********子动态结束*********
2026-02-19 17:37:52,643|line:519| https://t.bilibili.com/1170309870875836432
2026-02-19 17:37:55,943|line:341| =========此为源动态=========
2026-02-19 17:37:57,273|line:362| *********子动态开始*********
2026-02-19 17:37:57,273|line:381| *********子动态结束*********
2026-02-19 17:37:57,274|line:537| -=-=-=-=处理回最初的动态-=-=-=-=
2026-02-19 17:38:05,561|line:475| 转发成功 1171170086234357769
2026-02-19 17:38:08,929|line:494| 评论发送成功
2026-02-19 17:38:12,287|line:424| 3546785396034301 === 已经关注了
2026-02-19 17:38:15,599|line:503| 动态-点赞 OK
2026-02-19 17:38:16,600|line:519| https://t.bilibili.com/1170649516895895557
2026-02-19 17:38:17,989|line:341| =========此为源动态=========
2026-02-19 17:38:20,308|line:362| *********子动态开始*********
2026-02-19 17:38:20,308|line:381| *********子动态结束*********
2026-02-19 17:38:20,308|line:537| -=-=-=-=处理回最初的动态-=-=-=-=
2026-02-19 17:38:28,383|line:475| 转发成功 1171170185044819972
2026-02-19 17:38:31,741|line:494| 评论发送成功
2026-02-19 17:38:34,080|line:424| 3546923738860114 === 已经关注了
2026-02-19 17:38:37,396|line:503| 动态-点赞 OK
2026-02-19 17:38:40,396|line:519| https://t.bilibili.com/1170030077399793705
2026-02-19 17:38:40,397|line:521| 已有
2026-02-19 17:38:40,397|line:519| https://t.bilibili.com/1170656987988361248
2026-02-19 17:38:41,702|line:341| =========此为源动态=========
2026-02-19 17:38:43,200|line:362| *********子动态开始*********
2026-02-19 17:38:43,201|line:381| *********子动态结束*********
2026-02-19 17:38:43,201|line:537| -=-=-=-=处理回最初的动态-=-=-=-=
2026-02-19 17:38:51,624|line:475| 转发成功 1171170283825922054
2026-02-19 17:38:55,005|line:494| 评论发送成功
2026-02-19 17:38:59,348|line:424| 100680137 === 已经关注了
2026-02-19 17:39:02,664|line:503| 动态-点赞 OK
2026-02-19 17:39:05,665|line:519| https://t.bilibili.com/1170557260959580181
2026-02-19 17:39:07,070|line:341| =========此为源动态=========
2026-02-19 17:39:11,577|line:362| *********子动态开始*********
2026-02-19 17:39:11,577|line:381| *********子动态结束*********
2026-02-19 17:39:11,577|line:537| -=-=-=-=处理回最初的动态-=-=-=-=
2026-02-19 17:39:22,672|line:475| 转发成功 1171170416924819458
2026-02-19 17:39:26,054|line:494| 评论发送成功
2026-02-19 17:39:28,410|line:424| 3493265269590447 === 已经关注了
2026-02-19 17:39:31,704|line:503| 动态-点赞 OK
2026-02-19 17:39:32,705|line:519| https://t.bilibili.com/1170436106399776774
2026-02-19 17:39:34,999|line:526| 官方 或 预约 OUT！
2026-02-19 17:39:34,999|line:519| https://t.bilibili.com/1170569576773058569
2026-02-19 17:39:38,357|line:526| 官方 或 预约 OUT！
2026-02-19 17:39:38,357|line:519| https://t.bilibili.com/1170217099599020038
2026-02-19 17:39:41,629|line:341| =========此为源动态=========
2026-02-19 17:39:44,951|line:362| *********子动态开始*********
2026-02-19 17:39:44,952|line:381| *********子动态结束*********
2026-02-19 17:39:44,952|line:537| -=-=-=-=处理回最初的动态-=-=-=-=
2026-02-19 17:39:56,084|line:475| 转发成功 1171170558667128857
2026-02-19 17:39:59,458|line:494| 评论发送成功
2026-02-19 17:40:02,822|line:424| 7732998 === 已经关注了
2026-02-19 17:40:06,135|line:503| 动态-点赞 OK
2026-02-19 17:40:09,136|line:519| https://t.bilibili.com/1170572722860720166
2026-02-19 17:40:13,463|line:341| =========此为源动态=========
2026-02-19 17:40:15,938|line:362| *********子动态开始*********
2026-02-19 17:40:15,938|line:381| *********子动态结束*********
2026-02-19 17:40:15,938|line:537| -=-=-=-=处理回最初的动态-=-=-=-=
2026-02-19 17:40:27,221|line:475| 转发成功 1171170696157462537
2026-02-19 17:40:30,602|line:494| 评论发送成功
2026-02-19 17:40:32,941|line:424| 3546733590087876 === 已经关注了
2026-02-19 17:40:36,261|line:503| 动态-点赞 OK
2026-02-19 17:40:37,262|line:519| https://t.bilibili.com/1170711879796916262
2026-02-19 17:40:40,554|line:341| =========此为源动态=========
2026-02-19 17:40:41,887|line:362| *********子动态开始*********
2026-02-19 17:40:41,888|line:381| *********子动态结束*********
2026-02-19 17:40:41,888|line:537| -=-=-=-=处理回最初的动态-=-=-=-=
2026-02-19 17:40:51,051|line:475| 转发成功 1171170794920738821
2026-02-19 17:40:54,413|line:494| 评论发送成功
2026-02-19 17:40:59,871|line:424| 1790756206 === 已经关注了
2026-02-19 17:41:03,188|line:503| 动态-点赞 OK
2026-02-19 17:41:06,188|line:519| https://t.bilibili.com/1169846014375362561
2026-02-19 17:41:09,605|line:341| =========此为源动态=========
2026-02-19 17:41:13,928|line:362| *********子动态开始*********
2026-02-19 17:41:13,928|line:381| *********子动态结束*********
2026-02-19 17:41:13,929|line:537| -=-=-=-=处理回最初的动态-=-=-=-=
2026-02-19 17:41:25,025|line:475| 转发成功 1171170940924461059
2026-02-19 17:41:28,412|line:494| 评论发送成功
2026-02-19 17:41:33,109|line:436| 关注 ==== 3690977248152214 0
2026-02-19 17:41:36,417|line:503| 动态-点赞 OK
2026-02-19 17:41:39,418|line:519| https://t.bilibili.com/1168149139405406229
2026-02-19 17:41:40,847|line:526| 官方 或 预约 OUT！
2026-02-19 17:41:40,848|line:519| https://t.bilibili.com/1170217099551834160
2026-02-19 17:41:40,848|line:521| 已有
2026-02-19 17:41:40,848|line:519| https://t.bilibili.com/1170588184718868505
2026-02-19 17:41:44,126|line:341| =========此为源动态=========
2026-02-19 17:41:46,443|line:362| *********子动态开始*********
2026-02-19 17:41:46,444|line:381| *********子动态结束*********
2026-02-19 17:41:46,444|line:537| -=-=-=-=处理回最初的动态-=-=-=-=
2026-02-19 17:41:58,781|line:475| 转发成功 1171171086966980609
2026-02-19 17:42:02,189|line:494| 评论发送成功
2026-02-19 17:42:06,562|line:424| 9535164 === 已经关注了
2026-02-19 17:42:09,876|line:503| 动态-点赞 OK
2026-02-19 17:42:12,876|line:519| https://t.bilibili.com/1160695296654573584
2026-02-19 17:42:17,200|line:526| 官方 或 预约 OUT！
2026-02-19 17:42:17,200|line:519| https://t.bilibili.com/1169981239287873559
2026-02-19 17:42:18,491|line:526| 官方 或 预约 OUT！
2026-02-19 17:42:18,491|line:519| https://t.bilibili.com/1170250520842993667
2026-02-19 17:42:20,782|line:336| =========此为子动态=========
2026-02-19 17:42:23,206|line:400| *************原动态已存在***************
2026-02-19 17:42:25,725|line:362| *********子动态开始*********
2026-02-19 17:46:38,622|line:381| *********子动态结束*********
2026-02-19 17:46:38,623|line:537| -=-=-=-=处理回最初的动态-=-=-=-=
2026-02-19 17:46:49,837|line:475| 转发成功 1171172336791977989
2026-02-19 17:46:53,235|line:494| 评论发送成功
2026-02-19 17:46:55,576|line:424| 525165124 === 已经关注了
2026-02-19 17:46:58,888|line:503| 动态-点赞 OK
2026-02-19 17:47:00,888|line:519| https://t.bilibili.com/1169846014396334120
2026-02-19 17:47:02,403|line:341| =========此为源动态=========
2026-02-19 17:47:03,901|line:362| *********子动态开始*********
2026-02-19 17:47:03,901|line:381| *********子动态结束*********
2026-02-19 17:47:03,901|line:537| -=-=-=-=处理回最初的动态-=-=-=-=
2026-02-19 17:47:13,017|line:475| 转发成功 1171172435621314578
2026-02-19 17:47:16,404|line:494| 评论发送成功
2026-02-19 17:47:24,143|line:436| 关注 ==== 3546579422152881 0
2026-02-19 17:47:27,481|line:503| 动态-点赞 OK
2026-02-19 17:47:30,482|line:519| https://t.bilibili.com/1170589148989358088
2026-02-19 17:47:31,763|line:336| =========此为子动态=========
2026-02-19 17:47:35,135|line:387| *************原动态处理开始***************
2026-02-19 17:47:42,860|line:475| 转发成功 1171172564418953234
2026-02-19 17:47:46,245|line:494| 评论发送成功
2026-02-19 17:47:48,621|line:424| 25876049 === 已经关注了
2026-02-19 17:47:51,950|line:503| 动态-点赞 OK
2026-02-19 17:47:51,951|line:396| *************原动态处理完成***************
2026-02-19 17:47:55,266|line:362| *********子动态开始*********
2026-02-19 17:48:01,382|line:475| 转发成功 1171172646035914775
2026-02-19 17:48:04,817|line:494| 评论发送成功
2026-02-19 17:48:10,525|line:424| 25876049 === 已经关注了
2026-02-19 17:48:10,525|line:376| ----完成一个子动态----
2026-02-19 17:48:10,526|line:381| *********子动态结束*********
2026-02-19 17:48:11,526|line:519| https://t.bilibili.com/1160274570270212096
2026-02-19 17:48:11,526|line:521| 已有
2026-02-19 17:48:11,527|line:519| https://t.bilibili.com/1169904612781588500
2026-02-19 17:48:13,855|line:526| 官方 或 预约 OUT！
2026-02-19 17:48:13,855|line:519| https://t.bilibili.com/1170655699473006599
2026-02-19 17:48:18,157|line:341| =========此为源动态=========
2026-02-19 17:48:20,622|line:362| *********子动态开始*********
2026-02-19 17:48:20,622|line:381| *********子动态结束*********
2026-02-19 17:48:20,622|line:537| -=-=-=-=处理回最初的动态-=-=-=-=
2026-02-19 17:48:32,745|line:475| 转发成功 1171172779172560901
2026-02-19 17:48:36,120|line:494| 评论发送成功
2026-02-19 17:48:43,829|line:436| 关注 ==== 3094641 0
2026-02-19 17:48:47,146|line:503| 动态-点赞 OK
2026-02-19 17:48:50,146|line:519| https://t.bilibili.com/1170497872320266249
2026-02-19 17:48:54,482|line:526| 官方 或 预约 OUT！
2026-02-19 17:48:54,482|line:519| https://t.bilibili.com/1170572722882740227
2026-02-19 17:48:56,775|line:341| =========此为源动态=========
2026-02-19 17:48:59,235|line:362| *********子动态开始*********
2026-02-19 17:48:59,236|line:381| *********子动态结束*********
2026-02-19 17:48:59,236|line:537| -=-=-=-=处理回最初的动态-=-=-=-=
2026-02-19 17:49:10,703|line:475| 转发成功 1171172942418018308
2026-02-19 17:49:14,094|line:494| 评论发送成功
2026-02-19 17:49:16,434|line:424| 1861940979 === 已经关注了
2026-02-19 17:49:19,750|line:503| 动态-点赞 OK
2026-02-19 17:49:22,750|line:519| https://t.bilibili.com/1170588184768151654
2026-02-19 17:49:27,249|line:341| =========此为源动态=========
2026-02-19 17:49:29,554|line:362| *********子动态开始*********
2026-02-19 17:49:29,555|line:381| *********子动态结束*********
2026-02-19 17:49:29,555|line:537| -=-=-=-=处理回最初的动态-=-=-=-=
2026-02-19 17:49:38,738|line:475| 转发成功 1171173062664519684
2026-02-19 17:49:42,119|line:494| 评论发送成功
2026-02-19 17:49:44,497|line:424| 325314188 === 已经关注了
2026-02-19 17:49:47,869|line:503| 动态-点赞 OK
2026-02-19 17:49:51,869|line:519| https://t.bilibili.com/1170186175798837265
2026-02-19 17:49:56,181|line:341| =========此为源动态=========
2026-02-19 17:50:00,495|line:362| *********子动态开始*********
2026-02-19 17:50:00,495|line:381| *********子动态结束*********
2026-02-19 17:50:00,496|line:537| -=-=-=-=处理回最初的动态-=-=-=-=
2026-02-19 17:50:06,624|line:475| 转发成功 1171173182941429801
2026-02-19 17:50:10,063|line:494| 评论发送成功
2026-02-19 17:50:14,781|line:436| 关注 ==== 3493137748068938 0
2026-02-19 17:50:18,097|line:503| 动态-点赞 OK
2026-02-19 17:50:21,098|line:519| https://t.bilibili.com/1170217099582242834
2026-02-19 17:50:23,403|line:341| =========此为源动态=========
2026-02-19 17:50:26,869|line:362| *********子动态开始*********
2026-02-19 17:50:26,870|line:381| *********子动态结束*********
2026-02-19 17:50:26,870|line:537| -=-=-=-=处理回最初的动态-=-=-=-=
2026-02-19 17:50:35,002|line:475| 转发成功 1171173303170105351
2026-02-19 17:50:38,408|line:494| 评论发送成功
2026-02-19 17:50:43,102|line:436| 关注 ==== 3493075670272009 0
2026-02-19 17:50:46,506|line:503| 动态-点赞 OK
2026-02-19 17:50:48,507|line:519| https://t.bilibili.com/1170217099595874313
2026-02-19 17:50:49,860|line:341| =========此为源动态=========
2026-02-19 17:50:52,174|line:362| *********子动态开始*********
2026-02-19 17:50:52,175|line:381| *********子动态结束*********
2026-02-19 17:50:52,175|line:537| -=-=-=-=处理回最初的动态-=-=-=-=
2026-02-19 17:51:00,265|line:475| 转发成功 1171173414834012168
2026-02-19 17:51:03,650|line:494| 评论发送成功
2026-02-19 17:51:10,480|line:436| 关注 ==== 3546769371695776 0
2026-02-19 17:51:13,795|line:503| 动态-点赞 OK
2026-02-19 17:51:17,796|line:519| https://t.bilibili.com/1168103118794129427
2026-02-19 17:51:17,796|line:521| 已有
2026-02-19 17:51:17,796|line:519| https://t.bilibili.com/1170653427439501334
2026-02-19 17:51:20,096|line:341| =========此为源动态=========
2026-02-19 17:51:24,588|line:362| *********子动态开始*********
2026-02-19 17:51:24,589|line:381| *********子动态结束*********
2026-02-19 17:51:24,589|line:537| -=-=-=-=处理回最初的动态-=-=-=-=
2026-02-19 17:51:34,739|line:475| 转发成功 1171173560863948823
2026-02-19 17:51:38,130|line:494| 评论发送成功
2026-02-19 17:51:40,470|line:424| 3493259242375305 === 已经关注了
2026-02-19 17:51:43,772|line:503| 动态-点赞 OK
2026-02-19 17:51:45,773|line:519| https://t.bilibili.com/1170031557016027161
2026-02-19 17:51:50,059|line:341| =========此为源动态=========
2026-02-19 17:51:51,542|line:362| *********子动态开始*********
2026-02-19 17:51:51,543|line:381| *********子动态结束*********
2026-02-19 17:51:51,543|line:537| -=-=-=-=处理回最初的动态-=-=-=-=
2026-02-19 17:51:58,717|line:475| 转发成功 1171173663977766917
2026-02-19 17:52:02,092|line:494| 评论发送成功
2026-02-19 17:52:06,794|line:436| 关注 ==== 6131035 0
2026-02-19 17:52:10,100|line:503| 动态-点赞 OK
2026-02-19 17:52:14,100|line:519| https://t.bilibili.com/1169917626553466899
2026-02-19 17:52:14,101|line:521| 已有
2026-02-19 17:52:14,101|line:519| https://t.bilibili.com/1170186175831343111
2026-02-19 17:52:17,496|line:341| =========此为源动态=========
2026-02-19 17:52:22,002|line:362| *********子动态开始*********
2026-02-19 17:52:22,002|line:381| *********子动态结束*********
2026-02-19 17:52:22,002|line:537| -=-=-=-=处理回最初的动态-=-=-=-=
2026-02-19 17:52:30,158|line:475| 转发成功 1171173797097635865
2026-02-19 17:52:33,562|line:494| 评论发送成功
2026-02-19 17:52:37,937|line:424| 496845537 === 已经关注了
2026-02-19 17:52:41,256|line:503| 动态-点赞 OK
2026-02-19 17:52:45,257|line:519| https://t.bilibili.com/1170379760742694919
2026-02-19 17:52:47,602|line:336| =========此为子动态=========
2026-02-19 17:52:50,975|line:400| *************原动态已存在***************
2026-02-19 17:52:53,486|line:362| *********子动态开始*********
2026-02-19 17:53:03,653|line:475| 转发成功 1171173943150641153
2026-02-19 17:53:07,089|line:494| 评论发送成功
2026-02-19 17:53:14,788|line:424| 1129687681 === 已经关注了
2026-02-19 17:53:14,788|line:376| ----完成一个子动态----
2026-02-19 17:53:25,031|line:475| 转发成功 1171174033347051524
2026-02-19 17:53:28,419|line:494| 评论发送成功
2026-02-19 17:53:34,093|line:424| 2089637378 === 已经关注了
2026-02-19 17:53:34,093|line:376| ----完成一个子动态----
2026-02-19 17:53:34,094|line:381| *********子动态结束*********
2026-02-19 17:53:36,095|line:519| https://t.bilibili.com/1170335479600513030
2026-02-19 17:53:37,382|line:336| =========此为子动态=========
2026-02-19 17:53:40,750|line:387| *************原动态处理开始***************
2026-02-19 17:53:47,461|line:475| 转发成功 1171174132128153606
2026-02-19 17:53:50,847|line:494| 评论发送成功
2026-02-19 17:53:53,210|line:424| 8893909 === 已经关注了
2026-02-19 17:53:56,538|line:503| 动态-点赞 OK
2026-02-19 17:53:56,538|line:396| *************原动态处理完成***************
2026-02-19 17:53:58,843|line:362| *********子动态开始*********
2026-02-19 17:58:50,445|line:381| *********子动态结束*********
2026-02-19 17:58:50,445|line:537| -=-=-=-=处理回最初的动态-=-=-=-=
2026-02-19 17:59:01,556|line:475| 转发成功 1171175480708038659
2026-02-19 17:59:04,926|line:494| 评论发送成功
2026-02-19 17:59:07,293|line:424| 8893909 === 已经关注了
2026-02-19 17:59:10,612|line:503| 动态-点赞 OK
2026-02-19 17:59:14,612|line:519| https://t.bilibili.com/1170404370852872243
2026-02-19 17:59:18,007|line:526| 官方 或 预约 OUT！
2026-02-19 17:59:18,007|line:519| https://t.bilibili.com/1170592713785999360
2026-02-19 17:59:21,300|line:526| 官方 或 预约 OUT！
2026-02-19 17:59:21,300|line:519| https://t.bilibili.com/1170549538606284807
2026-02-19 17:59:21,301|line:521| 已有
2026-02-19 17:59:21,301|line:519| https://t.bilibili.com/1170587181840859139
2026-02-19 17:59:23,591|line:341| =========此为源动态=========
2026-02-19 17:59:25,886|line:362| *********子动态开始*********
2026-02-19 17:59:25,887|line:381| *********子动态结束*********
2026-02-19 17:59:25,887|line:537| -=-=-=-=处理回最初的动态-=-=-=-=
2026-02-19 17:59:34,970|line:475| 转发成功 1171175622428327942
2026-02-19 17:59:38,357|line:494| 评论发送成功
2026-02-19 17:59:43,089|line:436| 关注 ==== 55051092 0
2026-02-19 17:59:46,440|line:503| 动态-点赞 OK
2026-02-19 17:59:48,441|line:519| https://t.bilibili.com/1170368705486389271
2026-02-19 17:59:51,730|line:341| =========此为源动态=========
2026-02-19 17:59:53,287|line:362| *********子动态开始*********
2026-02-19 17:59:53,288|line:381| *********子动态结束*********
2026-02-19 17:59:53,288|line:537| -=-=-=-=处理回最初的动态-=-=-=-=
2026-02-19 18:00:04,668|line:475| 转发成功 1171175751287832585
2026-02-19 18:00:08,019|line:548| 'NoneType' object is not subscriptable
2026-02-19 18:00:08,019|line:549| error line:541
2026-02-19 18:00:12,019|line:519| https://t.bilibili.com/1169939960361386005
2026-02-19 18:00:14,313|line:341| =========此为源动态=========
2026-02-19 18:00:16,645|line:362| *********子动态开始*********
2026-02-19 18:00:16,645|line:381| *********子动态结束*********
2026-02-19 18:00:16,646|line:537| -=-=-=-=处理回最初的动态-=-=-=-=
2026-02-19 18:00:23,875|line:475| 转发成功 1171175832876482580
2026-02-19 18:00:27,263|line:494| 评论发送成功
2026-02-19 18:00:30,634|line:424| 67192137 === 已经关注了
2026-02-19 18:00:33,939|line:503| 动态-点赞 OK
2026-02-19 18:00:35,940|line:519| https://t.bilibili.com/1170365686110748694
2026-02-19 18:00:37,294|line:336| =========此为子动态=========
2026-02-19 18:00:41,645|line:387| *************原动态处理开始***************
2026-02-19 18:00:47,566|line:475| 转发成功 1171175935996592135
2026-02-19 18:00:50,960|line:494| 评论发送成功
2026-02-19 18:00:52,328|line:424| 622557681 === 已经关注了
2026-02-19 18:00:55,642|line:503| 动态-点赞 OK
2026-02-19 18:00:55,643|line:396| *************原动态处理完成***************
2026-02-19 18:00:59,998|line:362| *********子动态开始*********
2026-02-19 18:01:07,181|line:475| 转发成功 1171176017576853507
2026-02-19 18:01:10,574|line:494| 评论发送成功
2026-02-19 18:01:16,223|line:424| 505670427 === 已经关注了
2026-02-19 18:01:16,224|line:376| ----完成一个子动态----
2026-02-19 18:01:26,353|line:475| 转发成功 1171176103477248006
2026-02-19 18:01:29,745|line:494| 评论发送成功
2026-02-19 18:01:32,431|line:424| 1681276938 === 已经关注了
2026-02-19 18:01:32,431|line:376| ----完成一个子动态----
2026-02-19 18:01:40,600|line:475| 转发成功 1171176163644538899
2026-02-19 18:01:44,011|line:494| 评论发送成功
2026-02-19 18:01:48,736|line:424| 493230543 === 已经关注了
2026-02-19 18:01:48,736|line:376| ----完成一个子动态----
2026-02-19 18:01:48,737|line:381| *********子动态结束*********
2026-02-19 18:01:52,737|line:519| https://t.bilibili.com/1170627150814904358
2026-02-19 18:01:55,068|line:526| 官方 或 预约 OUT！
2026-02-19 18:01:55,068|line:519| https://t.bilibili.com/1170588184737742871
2026-02-19 18:01:59,340|line:341| =========此为源动态=========
2026-02-19 18:02:00,663|line:362| *********子动态开始*********
2026-02-19 18:02:00,663|line:381| *********子动态结束*********
2026-02-19 18:02:00,663|line:537| -=-=-=-=处理回最初的动态-=-=-=-=
2026-02-19 18:02:10,844|line:475| 转发成功 1171176292477829138
2026-02-19 18:02:14,225|line:494| 评论发送成功
2026-02-19 18:02:18,577|line:424| 697654195 === 已经关注了
2026-02-19 18:02:21,897|line:503| 动态-点赞 OK
2026-02-19 18:02:24,898|line:519| https://t.bilibili.com/1170418101863317506
2026-02-19 18:02:24,898|line:521| 已有
2026-02-19 18:02:24,898|line:519| https://t.bilibili.com/1170592050205163529
2026-02-19 18:02:28,226|line:341| =========此为源动态=========
2026-02-19 18:02:30,707|line:362| *********子动态开始*********
2026-02-19 18:02:30,708|line:381| *********子动态结束*********
2026-02-19 18:02:30,708|line:537| -=-=-=-=处理回最初的动态-=-=-=-=
2026-02-19 18:02:39,762|line:475| 转发成功 1171176417021394949
2026-02-19 18:02:43,128|line:494| 评论发送成功
2026-02-19 18:02:50,813|line:436| 关注 ==== 3546953889614145 0
2026-02-19 18:02:54,112|line:503| 动态-点赞 OK
2026-02-19 18:02:56,112|line:519| https://t.bilibili.com/1170557260980551683
2026-02-19 18:03:00,465|line:341| =========此为源动态=========
2026-02-19 18:03:04,784|line:362| *********子动态开始*********
2026-02-19 18:03:04,785|line:381| *********子动态结束*********
2026-02-19 18:03:04,785|line:537| -=-=-=-=处理回最初的动态-=-=-=-=
2026-02-19 18:03:13,953|line:475| 转发成功 1171176563072303107
2026-02-19 18:03:17,361|line:494| 评论发送成功
2026-02-19 18:03:19,748|line:424| 679380709 === 已经关注了
2026-02-19 18:03:23,078|line:503| 动态-点赞 OK
2026-02-19 18:03:25,079|line:519| https://t.bilibili.com/1170352187006517272
2026-02-19 18:03:25,079|line:521| 已有
2026-02-19 18:03:25,079|line:519| https://t.bilibili.com/1170588184729354261
2026-02-19 18:03:26,370|line:341| =========此为源动态=========
2026-02-19 18:03:27,687|line:362| *********子动态开始*********
2026-02-19 18:03:27,688|line:381| *********子动态结束*********
2026-02-19 18:03:27,688|line:537| -=-=-=-=处理回最初的动态-=-=-=-=
2026-02-19 18:03:37,787|line:475| 转发成功 1171176666144178212
2026-02-19 18:03:41,176|line:494| 评论发送成功
2026-02-19 18:03:45,542|line:424| 1312702972 === 已经关注了
2026-02-19 18:03:48,838|line:503| 动态-点赞 OK
2026-02-19 18:03:50,839|line:519| https://t.bilibili.com/1170563052769116180
2026-02-19 18:03:50,839|line:521| 已有
2026-02-19 18:03:50,839|line:519| https://t.bilibili.com/1170217099566514182
2026-02-19 18:03:53,124|line:526| 官方 或 预约 OUT！
2026-02-19 18:03:53,124|line:519| https://t.bilibili.com/1170201637677957121
2026-02-19 18:03:55,420|line:341| =========此为源动态=========
2026-02-19 18:03:58,906|line:362| *********子动态开始*********
2026-02-19 18:03:58,906|line:381| *********子动态结束*********
2026-02-19 18:03:58,906|line:537| -=-=-=-=处理回最初的动态-=-=-=-=
2026-02-19 18:04:06,065|line:475| 转发成功 1171176786371805201
2026-02-19 18:04:09,435|line:494| 评论发送成功
2026-02-19 18:04:15,105|line:436| 关注 ==== 3690978527415016 0
2026-02-19 18:04:18,399|line:503| 动态-点赞 OK
2026-02-19 18:04:20,399|line:519| https://t.bilibili.com/1158766847743492101
2026-02-19 18:04:20,400|line:521| 已有
2026-02-19 18:04:20,400|line:519| https://t.bilibili.com/1169948881040965633
2026-02-19 18:04:23,698|line:336| =========此为子动态=========
2026-02-19 18:04:27,067|line:387| *************原动态处理开始***************
2026-02-19 18:04:34,770|line:475| 转发成功 1171176910968848386
2026-02-19 18:04:38,133|line:494| 评论发送成功
2026-02-19 18:04:42,868|line:436| 关注 ==== 448725967 0
2026-02-19 18:04:46,184|line:503| 动态-点赞 OK
2026-02-19 18:04:46,185|line:396| *************原动态处理完成***************
2026-02-19 18:04:50,676|line:362| *********子动态开始*********
2026-02-19 18:04:58,899|line:475| 转发成功 1171177014010314768
2026-02-19 18:05:02,553|line:494| 评论发送成功
2026-02-19 18:05:13,550|line:436| 关注 ==== 660091334 0
2026-02-19 18:05:13,550|line:376| ----完成一个子动态----
2026-02-19 18:05:13,551|line:381| *********子动态结束*********
2026-02-19 18:05:15,552|line:519| https://t.bilibili.com/1170541799130791938
2026-02-19 18:05:16,825|line:341| =========此为源动态=========
2026-02-19 18:05:18,144|line:362| *********子动态开始*********
2026-02-19 18:05:18,144|line:381| *********子动态结束*********
2026-02-19 18:05:18,145|line:537| -=-=-=-=处理回最初的动态-=-=-=-=
2026-02-19 18:05:27,181|line:475| 转发成功 1171177138592677889
2026-02-19 18:05:30,555|line:494| 评论发送成功
2026-02-19 18:05:34,903|line:424| 673348637 === 已经关注了
2026-02-19 18:05:38,211|line:503| 动态-点赞 OK
2026-02-19 18:05:41,211|line:552| 执行结束
2026-02-19 18:05:41,212|line:558| ==================================================2026-02-20 02:05==================================================
2026-02-19 18:05:41,212|line:232| processing article 45948494
2026-02-19 18:05:46,536|line:507| ==================================================2026-02-20 02:05==================================================
2026-02-19 18:05:46,536|line:519| https://t.bilibili.com/1168837502386044930
2026-02-19 18:05:50,834|line:526| 官方 或 预约 OUT！
2026-02-19 18:05:50,834|line:519| https://t.bilibili.com/1156146282082861072
2026-02-19 18:05:54,131|line:526| 官方 或 预约 OUT！
2026-02-19 18:05:54,132|line:519| https://t.bilibili.com/1166126209779630101
2026-02-19 18:05:56,404|line:526| 官方 或 预约 OUT！
2026-02-19 18:05:56,404|line:519| https://t.bilibili.com/1165141077457371154
2026-02-19 18:05:59,692|line:526| 官方 或 预约 OUT！
2026-02-19 18:05:59,692|line:519| https://t.bilibili.com/1169475231994085378
2026-02-19 18:06:00,994|line:526| 官方 或 预约 OUT！
2026-02-19 18:06:00,994|line:519| https://t.bilibili.com/1169898471003521033
2026-02-19 18:06:03,309|line:526| 官方 或 预约 OUT！
2026-02-19 18:06:03,310|line:519| https://t.bilibili.com/1138158800104062984
2026-02-19 18:06:04,619|line:526| 官方 或 预约 OUT！
2026-02-19 18:06:04,619|line:519| https://t.bilibili.com/1170344129655209989
2026-02-19 18:06:08,898|line:526| 官方 或 预约 OUT！
2026-02-19 18:06:08,898|line:519| https://t.bilibili.com/1165535913783066625
2026-02-19 18:06:12,195|line:526| 官方 或 预约 OUT！
2026-02-19 18:06:12,195|line:519| https://t.bilibili.com/1169894137344819216
2026-02-19 18:06:15,525|line:526| 官方 或 预约 OUT！
2026-02-19 18:06:15,525|line:519| https://t.bilibili.com/1166123594139303940
2026-02-19 18:06:19,816|line:526| 官方 或 预约 OUT！
2026-02-19 18:06:19,817|line:519| https://t.bilibili.com/1169846433179762713
2026-02-19 18:06:21,155|line:526| 官方 或 预约 OUT！
2026-02-19 18:06:21,156|line:519| https://t.bilibili.com/1168833297647665192
2026-02-19 18:06:22,432|line:526| 官方 或 预约 OUT！
2026-02-19 18:06:22,432|line:519| https://t.bilibili.com/1166118444471418902
2026-02-19 18:06:24,729|line:526| 官方 或 预约 OUT！
2026-02-19 18:06:24,729|line:519| https://t.bilibili.com/1168149139405406229
2026-02-19 18:06:27,002|line:526| 官方 或 预约 OUT！
2026-02-19 18:06:27,003|line:519| https://t.bilibili.com/1168480100989009928
2026-02-19 18:06:28,290|line:526| 官方 或 预约 OUT！
2026-02-19 18:06:28,290|line:519| https://t.bilibili.com/1160695296654573584
2026-02-19 18:06:29,583|line:526| 官方 或 预约 OUT！
2026-02-19 18:06:29,583|line:519| https://t.bilibili.com/1169954421517320195
2026-02-19 18:06:33,885|line:526| 官方 或 预约 OUT！
2026-02-19 18:06:33,886|line:519| https://t.bilibili.com/1169953884663185414
2026-02-19 18:06:36,163|line:526| 官方 或 预约 OUT！
2026-02-19 18:06:36,163|line:519| https://t.bilibili.com/1166121064390983684
2026-02-19 18:06:39,520|line:526| 官方 或 预约 OUT！
2026-02-19 18:06:39,520|line:519| https://t.bilibili.com/1160274570270212096
2026-02-19 18:06:39,520|line:521| 已有
2026-02-19 18:06:39,520|line:519| https://t.bilibili.com/1169927182863040518
2026-02-19 18:06:40,798|line:526| 官方 或 预约 OUT！
2026-02-19 18:06:40,799|line:519| https://t.bilibili.com/1169980891401814016
2026-02-19 18:06:45,074|line:526| 官方 或 预约 OUT！
2026-02-19 18:06:45,075|line:519| https://t.bilibili.com/1164743728525475872
2026-02-19 18:06:49,369|line:526| 官方 或 预约 OUT！
2026-02-19 18:06:49,369|line:519| https://t.bilibili.com/1139598610580635648
2026-02-19 18:06:51,645|line:526| 官方 或 预约 OUT！
2026-02-19 18:06:51,645|line:519| https://t.bilibili.com/1169281932692815894
2026-02-19 18:06:53,943|line:526| 官方 或 预约 OUT！
2026-02-19 18:06:53,943|line:519| https://t.bilibili.com/1169845844740931623
2026-02-19 18:06:56,229|line:526| 官方 或 预约 OUT！
2026-02-19 18:06:56,229|line:519| https://t.bilibili.com/1166128756679507972
2026-02-19 18:06:59,559|line:526| 官方 或 预约 OUT！
2026-02-19 18:06:59,559|line:519| https://t.bilibili.com/1169917626553466899
2026-02-19 18:06:59,559|line:521| 已有
2026-02-19 18:06:59,559|line:519| https://t.bilibili.com/1168099450938195972
2026-02-19 18:07:01,855|line:526| 官方 或 预约 OUT！
2026-02-19 18:07:01,855|line:519| https://t.bilibili.com/1169959167480299538
2026-02-19 18:07:05,175|line:526| 官方 或 预约 OUT！
2026-02-19 18:07:05,175|line:519| https://t.bilibili.com/1170310594540077063
2026-02-19 18:07:07,578|line:526| 官方 或 预约 OUT！
2026-02-19 18:07:07,578|line:519| https://t.bilibili.com/1166237002784309250
2026-02-19 18:07:12,066|line:526| 官方 或 预约 OUT！
2026-02-19 18:07:12,066|line:519| https://t.bilibili.com/1159828366084276309
2026-02-19 18:07:16,364|line:526| 官方 或 预约 OUT！
2026-02-19 18:07:16,364|line:519| https://t.bilibili.com/1170007580361097238
2026-02-19 18:07:17,650|line:526| 官方 或 预约 OUT！
2026-02-19 18:07:17,650|line:519| https://t.bilibili.com/1168145033418768386
2026-02-19 18:07:20,940|line:526| 官方 或 预约 OUT！
2026-02-19 18:07:20,940|line:519| https://t.bilibili.com/1170215297841365008
2026-02-19 18:07:25,274|line:526| 官方 或 预约 OUT！
2026-02-19 18:07:25,274|line:519| https://t.bilibili.com/1169963363632939009
2026-02-19 18:07:29,568|line:526| 官方 或 预约 OUT！
2026-02-19 18:07:29,568|line:519| https://t.bilibili.com/1163507757214597121
2026-02-19 18:07:32,845|line:526| 官方 或 预约 OUT！
2026-02-19 18:07:32,846|line:519| https://t.bilibili.com/1161041531182776359
2026-02-19 18:07:36,120|line:526| 官方 或 预约 OUT！
2026-02-19 18:07:36,121|line:519| https://t.bilibili.com/1170217144690933794
2026-02-19 18:07:38,412|line:526| 官方 或 预约 OUT！
2026-02-19 18:07:38,413|line:519| https://t.bilibili.com/1166199619361701921
2026-02-19 18:07:41,710|line:526| 官方 或 预约 OUT！
2026-02-19 18:07:41,710|line:519| https://t.bilibili.com/1158766847743492101
2026-02-19 18:07:41,710|line:521| 已有
2026-02-19 18:07:41,710|line:552| 执行结束
2026-02-19 18:07:41,710|line:558| ==================================================2026-02-20 02:07==================================================
2026-02-19 18:07:41,710|line:232| processing article 45948389
2026-02-19 18:07:44,959|line:507| ==================================================2026-02-20 02:07==================================================
2026-02-19 18:07:44,960|line:519| https://t.bilibili.com/1169909397368864791
2026-02-19 18:07:44,960|line:521| 已有
2026-02-19 18:07:44,960|line:519| https://t.bilibili.com/1166209622356262920
2026-02-19 18:07:46,257|line:526| 官方 或 预约 OUT！
2026-02-19 18:07:46,258|line:519| https://t.bilibili.com/1165760540595716097
2026-02-19 18:07:50,558|line:526| 官方 或 预约 OUT！
2026-02-19 18:07:50,558|line:519| https://t.bilibili.com/1156146282082861072
2026-02-19 18:07:52,859|line:526| 官方 或 预约 OUT！
2026-02-19 18:07:52,859|line:519| https://t.bilibili.com/1165141077457371154
2026-02-19 18:07:54,165|line:526| 官方 或 预约 OUT！
2026-02-19 18:07:54,165|line:519| https://t.bilibili.com/1167621399563468805
2026-02-19 18:07:56,453|line:526| 官方 或 预约 OUT！
2026-02-19 18:07:56,453|line:519| https://t.bilibili.com/1170344129655209989
2026-02-19 18:07:59,727|line:526| 官方 或 预约 OUT！
2026-02-19 18:07:59,727|line:519| https://t.bilibili.com/1169921358887387144
2026-02-19 18:08:02,025|line:526| 官方 或 预约 OUT！
2026-02-19 18:08:02,025|line:519| https://t.bilibili.com/1169950027754242053
2026-02-19 18:08:06,496|line:526| 官方 或 预约 OUT！
2026-02-19 18:08:06,497|line:519| https://t.bilibili.com/1169846433179762713
2026-02-19 18:08:09,981|line:526| 官方 或 预约 OUT！
2026-02-19 18:08:09,981|line:519| https://t.bilibili.com/1167248489058402421
2026-02-19 18:08:14,275|line:526| 官方 或 预约 OUT！
2026-02-19 18:08:14,275|line:519| https://t.bilibili.com/1169849903485026339
2026-02-19 18:08:16,571|line:526| 官方 或 预约 OUT！
2026-02-19 18:08:16,571|line:519| https://t.bilibili.com/1170289695270109187
2026-02-19 18:08:20,882|line:341| =========此为源动态=========
2026-02-19 18:08:25,393|line:362| *********子动态开始*********
2026-02-19 18:08:25,393|line:381| *********子动态结束*********
2026-02-19 18:08:25,394|line:537| -=-=-=-=处理回最初的动态-=-=-=-=
2026-02-19 18:08:32,750|line:475| 转发成功 1171177933139607575
2026-02-19 18:08:36,066|line:548| 'NoneType' object is not subscriptable
2026-02-19 18:08:36,066|line:549| error line:541
2026-02-19 18:08:39,067|line:519| https://t.bilibili.com/1168833297647665192
2026-02-19 18:08:43,362|line:526| 官方 或 预约 OUT！
2026-02-19 18:08:43,363|line:519| https://t.bilibili.com/1168461353450471445
2026-02-19 18:08:44,664|line:526| 官方 或 预约 OUT！
2026-02-19 18:08:44,665|line:519| https://t.bilibili.com/1167365277801775171
2026-02-19 18:08:47,960|line:526| 官方 或 预约 OUT！
2026-02-19 18:08:47,960|line:519| https://t.bilibili.com/1168149139405406229
2026-02-19 18:08:51,281|line:526| 官方 或 预约 OUT！
2026-02-19 18:08:51,282|line:519| https://t.bilibili.com/1169968667911258147
2026-02-19 18:08:54,557|line:526| 官方 或 预约 OUT！
2026-02-19 18:08:54,557|line:519| https://t.bilibili.com/1160695296654573584
2026-02-19 18:08:56,840|line:526| 官方 或 预约 OUT！
2026-02-19 18:08:56,840|line:519| https://t.bilibili.com/1170588191166562353
2026-02-19 18:09:00,127|line:526| 官方 或 预约 OUT！
2026-02-19 18:09:00,127|line:519| https://t.bilibili.com/1162526863975776308
2026-02-19 18:09:03,424|line:526| 官方 或 预约 OUT！
2026-02-19 18:09:03,425|line:519| https://t.bilibili.com/1160274570270212096
2026-02-19 18:09:03,425|line:521| 已有
2026-02-19 18:09:03,425|line:519| https://t.bilibili.com/1170177948788981769
2026-02-19 18:09:06,726|line:526| 官方 或 预约 OUT！
2026-02-19 18:09:06,726|line:519| https://t.bilibili.com/1169927182863040518
2026-02-19 18:09:10,171|line:526| 官方 或 预约 OUT！
2026-02-19 18:09:10,172|line:519| https://t.bilibili.com/1169980891401814016
2026-02-19 18:09:12,471|line:526| 官方 或 预约 OUT！
2026-02-19 18:09:12,471|line:519| https://t.bilibili.com/1139598610580635648
2026-02-19 18:09:13,768|line:526| 官方 或 预约 OUT！
2026-02-19 18:09:13,768|line:519| https://t.bilibili.com/1169281932692815894
2026-02-19 18:09:17,065|line:526| 官方 或 预约 OUT！
2026-02-19 18:09:17,066|line:519| https://t.bilibili.com/1169917626553466899
2026-02-19 18:09:17,066|line:521| 已有
2026-02-19 18:09:17,066|line:519| https://t.bilibili.com/1168099450938195972
2026-02-19 18:09:18,355|line:526| 官方 或 预约 OUT！
2026-02-19 18:09:18,356|line:519| https://t.bilibili.com/1159828366084276309
2026-02-19 18:09:19,652|line:526| 官方 或 预约 OUT！
2026-02-19 18:09:19,653|line:519| https://t.bilibili.com/1170310594540077063
2026-02-19 18:09:20,927|line:526| 官方 或 预约 OUT！
2026-02-19 18:09:20,927|line:519| https://t.bilibili.com/1167325768418590758
2026-02-19 18:09:22,233|line:526| 官方 或 预约 OUT！
2026-02-19 18:09:22,233|line:519| https://t.bilibili.com/1169519672071028745
2026-02-19 18:09:22,233|line:521| 已有
2026-02-19 18:09:22,233|line:519| https://t.bilibili.com/1170215297841365008
2026-02-19 18:09:23,516|line:526| 官方 或 预约 OUT！
2026-02-19 18:09:23,517|line:519| https://t.bilibili.com/1167678806092152838
2026-02-19 18:09:27,813|line:526| 官方 或 预约 OUT！
2026-02-19 18:09:27,814|line:519| https://t.bilibili.com/1170000682598531096
2026-02-19 18:09:29,103|line:526| 官方 或 预约 OUT！
2026-02-19 18:09:29,104|line:519| https://t.bilibili.com/1169963363632939009
2026-02-19 18:09:30,403|line:526| 官方 或 预约 OUT！
2026-02-19 18:09:30,403|line:519| https://t.bilibili.com/1161041531182776359
2026-02-19 18:09:33,699|line:526| 官方 或 预约 OUT！
2026-02-19 18:09:33,700|line:519| https://t.bilibili.com/1169167458971418641
2026-02-19 18:09:33,700|line:521| 已有
2026-02-19 18:09:33,700|line:519| https://t.bilibili.com/1169446859472633880
2026-02-19 18:09:37,974|line:526| 官方 或 预约 OUT！
2026-02-19 18:09:37,975|line:519| https://t.bilibili.com/1170217144690933794
2026-02-19 18:09:41,323|line:526| 官方 或 预约 OUT！
2026-02-19 18:09:41,323|line:519| https://t.bilibili.com/1167314945094713383
2026-02-19 18:09:42,622|line:526| 官方 或 预约 OUT！
2026-02-19 18:09:42,622|line:519| https://t.bilibili.com/1158766847743492101
2026-02-19 18:09:42,622|line:521| 已有
2026-02-19 18:09:42,622|line:552| 执行结束
2026-02-19 18:09:42,623|line:558| ==================================================2026-02-20 02:09==================================================
2026-02-19 18:09:50,344|line:578| ('reply: ', '花生十三-公考行测', '68')
2026-02-19 18:09:50,344|line:578| ('reply: ', '三鹿七茸猫尾巴', '[夏诺雅表情包_？？？]')
2026-02-19 18:09:50,344|line:578| ('reply: ', '小闪闪bling', 'hhh腾子买库洛让我感觉他自己有点不太想出大世界了')
2026-02-19 18:09:50,344|line:578| ('reply: ', '魔改后远野汉娜', '不是，这……')
2026-02-19 18:09:50,344|line:578| ('reply: ', '好像都是一个人', '你在说什么')
2026-02-19 18:09:50,345|line:578| ('reply: ', '目标咨询', '太宠粉了啊')
2026-02-19 18:09:50,345|line:578| ('reply: ', '数玩工场', '祝你成功')
2026-02-19 18:09:50,345|line:578| ('reply: ', '益家有小佰', '恭喜宝子，获得小电视月度会员1份和克刻冰冰猴喉糖随机口味1份～记得私信小佰提供信息哦~')
2026-02-19 18:09:50,345|line:578| ('reply: ', '圆环之理-Madoka', '是的')
2026-02-19 18:09:50,345|line:578| ('reply: ', '兰的三姨', '这就是银河巨星的实力！')
2026-02-19 18:09:50,345|line:578| ('reply: ', '花园百合铃音', '有男不玩，我只吃麻辣火锅，xxn滚[吃瓜]')
2026-02-19 18:09:50,345|line:578| ('reply: ', '是绝赞的阿鬼', '[tv_难过]')
2026-02-19 18:09:50,345|line:578| ('reply: ', '桃稚不幼稚', '还行')
2026-02-19 18:09:50,345|line:578| ('reply: ', '陌罔子吖', '佬，这个报名有啥条件不。最近太非了，想下次报来抽[脱单doge][脱单doge][脱单doge]')
2026-02-19 18:09:50,345|line:578| ('reply: ', '太二酸菜鱼', '恭喜成为本期欧皇[打call]获得【肥龙联名显眼包】1份，在收到本信息的两天内回复哥的私信哦~逾期哥就自己收啦！[脱单doge]')
2026-02-19 18:09:50,345|line:578| ('reply: ', '得一想二的松鼠', '中奖分我一半')
2026-02-19 18:09:50,345|line:578| ('reply: ', '佑凉Uriyoo', '谢谢！！！[UP_24967030_感恩]')
2026-02-19 18:09:50,346|line:578| ('reply: ', '岛莓祁', '好耶')
2026-02-19 18:09:50,346|line:578| ('reply: ', '苏酥_SUSU_', 'https://b23.tv/3HJcDkm')
2026-02-19 18:09:50,346|line:578| ('reply: ', '心想事成イ', 'I[UP_410636303_比心鸟][UP_410636303_比心鸟][UP_410636303_比心鸟]')
2026-02-19 18:09:54,661|line:587| ('at: ', '电脑报', '恭喜@小小Shaun UID：1090970340，@-叶晓吖  UID：22437099  获得 【电竞大礼包】1份， 请在三日内私信我')
2026-02-19 18:09:54,661|line:587| ('at: ', '联想拯救者官方', '是我喜欢的奖品名单 直接开奖 上 趁现在没人偷摸开个奖 恭喜这些小伙伴 【拯救者7.1声卡H7游戏耳机】获奖名单 @泪水打湿猪脚饭o @xoomoon @小小Shaun @T山海连云T @超超超超薄脆饼干 @BerboomC 【拯救者C140氮化镓适配器】获奖名单 @改个天凉好个秋 @夜猫子牙不好 @LLL好久不见 @林殇倾慕婉 @今天也要拥抱微风 @洳不及我万一 @胜利の天平 【白金独角兽电竞鼠标】获奖名单 @底片上的诗旅人 【拯救者C170氮化镓适配器】获奖名单 @麦當劳无限好 @無名丶の辈 @任性的提莫 @广东有暖风 由于B站私信规则修改 我会私信中奖的小伙伴一条消息，还请注意查收并回复我您的收货地址与联系方式，奖品基本会在私信您信息后的三十个工作日内发货')
2026-02-19 18:09:54,661|line:587| ('at: ', 'Apexgaming艾湃电竞', '恭喜 @小小Shaun 获得饮料一份，三天内联系我，过时不候！')
2026-02-19 18:09:54,662|line:587| ('at: ', '喜欢白毛有什么不好', '1 @浪子游2fans6@被_____打下来的飞机@拉斯特臣后面一个点@专心致志的学生@猫猫头OmMeow@小小Shaun@龐門左道@啦啦痴痴腻@bili_66938050009@日月星辰668')
2026-02-19 18:09:54,662|line:587| ('at: ', 'iKF蓝牙耳机', '恭喜@小小Shaun 宝子成为苏泊尔福利动态幸运儿！\n注意：即日起72小时内回复信息确认领奖哦！逾期将自动视为放弃中奖资格。\n没有中奖的宝子们不要气馁，参与一下下置顶视频iKF Mars，增加欧气值，说不定下个幸运儿就是你！\n链接：\nhttps://www.bilibili.com/video/BV1Soo6YLEHZ/?spm_id_from=333.1387.list.card_archive.click&vd_source=21fb0967ccc75e6b3b2447ade2c740dd\n还没参与抽奖的宝子们，赶紧点击上方链接参与吧！还有特别福利惊喜等你哦~')
2026-02-19 18:09:54,662|line:587| ('at: ', 'wellymerck威利默克', '恭喜@小小Shaun\xa0 获得《我是你的小狗3 永远等你回家》1本，请于5天内联系威宝，凭关注+互动截图领取奖品，逾期作废~')
2026-02-19 18:09:54,662|line:587| ('at: ', '宁美NINGMEI', '恭喜@小小Shaun   中奖，请在12月1日24点前私信我：1. 奖品+中奖信息a. 实物奖：姓名电话地址，给文字！省市区路清晰，提交不清晰不发奖，信息错误致无法签收，概不负责；\n\nb. 现金红包给到支付宝实名+账号；\n\nc. 京东卡/猫超卡 等购物卡给到姓名+电话；2. 宁美和品牌方关注截图+转发截图！\n\n必须关注品牌方，否则奖品不予发放；如遇无法私信图片的情况，等待我回复后即可发送图片。PS： \n\n因后台收信有时会出问题，以回复“已登记”为准，没有回复即表示私信未收到。\n\n过期视为自动放弃，不会补发；奖品30个工作日内发送，勿催哦~\n\n不发全，不回复。其他小伙伴请继续努力！')
2026-02-19 18:09:54,662|line:587| ('at: ', '爱玛电动车官方账号', '#一“玛”当先榜# 快来看看10月都是谁和爱玛酱互动最多呀~ 💕恭喜@小小Shaun 和@甘瑞凯拉莎 排行第一！这两位小玛达将会获得【爱玛随机周边×1】，请5天内私信爱玛酱领奖哟~[鼓掌] 以后也请继续单推我无敌可爱美少女爱玛酱呀嘿嘿！(●´З｀●)')
2026-02-19 18:09:54,662|line:587| ('at: ', '爱玛电动车官方账号', '')
2026-02-19 18:09:54,662|line:587| ('at: ', '海露滴眼液', '互动榜出炉啦')
2026-02-19 18:09:54,662|line:587| ('at: ', '和蔼可亲桃白白', '\u200b//@九号公司:\u200b恭喜@小小Shaun 中奖！后续记得查收私信哟～\u200b//@九号公司:#互动抽奖# 谢谢粒粒的复工礼！小九也来加个码~关注【@微粒贷+@九号公司 】并转发该动态，抽一位小可爱获得【100元京东卡】~ #供电局福利社# 10月31日抽出！')
2026-02-19 18:09:54,662|line:587| ('at: ', '望大家身体健康快乐', '\u200b//@九号公司:\u200b恭喜@小小Shaun 中奖！后续记得查收私信哟～\u200b//@九号公司 :#互动抽奖# 谢谢粒粒的复工礼！小九也来加个码~关注【@微粒贷+@九号公司 】并转发该动态，抽一位小可爱获得【100元京东卡】~ #供电局福利社# 10月31日抽出！')
2026-02-19 18:09:54,662|line:587| ('at: ', 'MoMA_Reona', '//@九号公司:\u200b恭喜@小小Shaun 中奖！后续记得查收私信哟～\u200b//@九号公司:#互动抽奖# 谢谢粒粒的复工礼！小九也来加个码~关注【@微粒贷+@九号公司 】并转发该动态，抽一位小可爱获得【100元京东卡】~ #供电局福利社# 10月31日抽出！')
2026-02-19 18:09:54,663|line:587| ('at: ', '摸鱼二队', '\u200b//@九号公司:\u200b恭喜@小小Shaun 中奖！后续记得查收私信哟～\u200b//@九号公司 :#互动抽奖# 谢谢粒粒的复工礼！小九也来加个码~关注【@微粒贷+@九号公司 】并转发该动态，抽一位小可爱获得【100元京东卡】~ #供电局福利社# 10月31日抽出！')
2026-02-19 18:09:54,663|line:587| ('at: ', '文少嘅一些事一些情', '\u200b//@九号公司:\u200b恭喜@小小Shaun 中奖！后续记得查收私信哟～\u200b//@九号公司 :#互动抽奖# 谢谢粒粒的复工礼！小九也来加个码~关注【@微粒贷+@九号公司 】并转发该动态，抽一位小可爱获得【100元京东卡】~ #供电局福利社# 10月31日抽出！')
2026-02-19 18:09:54,663|line:587| ('at: ', 'Carry队友的嘟嘟酱丶', '\u200b//@九号公司:\u200b恭喜@小小Shaun 中奖！后续记得查收私信哟～\u200b//@九号公司 :#互动抽奖# 谢谢粒粒的复工礼！小九也来加个码~关注【@微粒贷+@九号公司 】并转发该动态，抽一位小可爱获得【100元京东卡】~ #供电局福利社# 10月31日抽出！')
2026-02-19 18:09:54,663|line:587| ('at: ', '蛤蟆zero', '//@九号公司:\u200b恭喜@小小Shaun 中奖！后续记得查收私信哟～\u200b//@九号公司:#互动抽奖# 谢谢粒粒的复工礼！小九也来加个码~关注【@微粒贷+@九号公司 】并转发该动态，抽一位小可爱获得【100元京东卡】~ #供电局福利社# 10月31日抽出！c冲冲冲')
2026-02-19 18:09:54,663|line:587| ('at: ', '木而各子要吃笃栗子', '\u200b//@九号公司:\u200b恭喜@小小Shaun 中奖！后续记得查收私信哟～\u200b//@九号公司 :#互动抽奖# 谢谢粒粒的复工礼！小九也来加个码~关注【@微粒贷+@九号公司 】并转发该动态，抽一位小可爱获得【100元京东卡】~ #供电局福利社# 10月31日抽出！')
2026-02-19 18:09:54,663|line:587| ('at: ', '裙下愚臣情默默', '\u200b//@九号公司:\u200b恭喜@小小Shaun 中奖！后续记得查收私信哟～\u200b//@九号公司 :#互动抽奖# 谢谢粒粒的复工礼！小九也来加个码~关注【@微粒贷+@九号公司 】并转发该动态，抽一位小可爱获得【100元京东卡】~ #供电局福利社# 10月31日抽出！')
2026-02-19 18:09:54,663|line:587| ('at: ', '戊子毕宿', '')
