2026-03-18 17:13:41,580|line:232| processing article 46921690
2026-03-18 17:13:44,911|line:507| ==================================================2026-03-19 01:13==================================================
2026-03-18 17:13:44,912|line:519| https://t.bilibili.com/1178125695600033796
2026-03-18 17:13:46,261|line:526| 官方 或 预约 OUT！
2026-03-18 17:13:46,262|line:519| https://t.bilibili.com/1175426549178957845
2026-03-18 17:13:46,262|line:521| 已有
2026-03-18 17:13:46,262|line:519| https://t.bilibili.com/1178357503550816265
2026-03-18 17:13:46,262|line:521| 已有
2026-03-18 17:13:46,262|line:519| https://t.bilibili.com/1179478767024734226
2026-03-18 17:13:46,262|line:521| 已有
2026-03-18 17:13:46,262|line:519| https://t.bilibili.com/1178523173313839104
2026-03-18 17:13:50,499|line:526| 官方 或 预约 OUT！
2026-03-18 17:13:50,500|line:519| https://t.bilibili.com/1178079503178530841
2026-03-18 17:13:50,500|line:521| 已有
2026-03-18 17:13:50,500|line:519| https://t.bilibili.com/1178061155109699585
2026-03-18 17:13:50,500|line:521| 已有
2026-03-18 17:13:50,500|line:519| https://t.bilibili.com/1178738454289186837
2026-03-18 17:13:52,742|line:526| 官方 或 预约 OUT！
2026-03-18 17:13:52,743|line:519| https://t.bilibili.com/1178514007874600969
2026-03-18 17:13:52,743|line:521| 已有
2026-03-18 17:13:52,743|line:519| https://t.bilibili.com/1177676562258984966
2026-03-18 17:13:52,743|line:521| 已有
2026-03-18 17:13:52,743|line:519| https://t.bilibili.com/1178348870663405572
2026-03-18 17:13:54,055|line:526| 官方 或 预约 OUT！
2026-03-18 17:13:54,055|line:519| https://t.bilibili.com/1178337746720129031
2026-03-18 17:13:54,055|line:521| 已有
2026-03-18 17:13:54,055|line:519| https://t.bilibili.com/1179463305174974468
2026-03-18 17:13:54,055|line:521| 已有
2026-03-18 17:13:54,056|line:519| https://t.bilibili.com/1175434632294825992
2026-03-18 17:13:54,056|line:521| 已有
2026-03-18 17:13:54,056|line:519| https://t.bilibili.com/1178065943980408853
2026-03-18 17:13:54,056|line:521| 已有
2026-03-18 17:13:54,056|line:519| https://t.bilibili.com/1179096010317627392
2026-03-18 17:13:54,056|line:521| 已有
2026-03-18 17:13:54,056|line:519| https://t.bilibili.com/1177677777726341128
2026-03-18 17:13:54,056|line:521| 已有
2026-03-18 17:13:54,057|line:519| https://t.bilibili.com/1179919647562006547
2026-03-18 17:13:58,349|line:526| 官方 或 预约 OUT！
2026-03-18 17:13:58,349|line:519| https://t.bilibili.com/1178056615311441940
2026-03-18 17:14:01,665|line:526| 官方 或 预约 OUT！
2026-03-18 17:14:01,665|line:519| https://t.bilibili.com/1179463305169731620
2026-03-18 17:14:01,665|line:521| 已有
2026-03-18 17:14:01,666|line:519| https://t.bilibili.com/1178056273858396162
2026-03-18 17:14:01,666|line:521| 已有
2026-03-18 17:14:01,666|line:519| https://t.bilibili.com/1179152729630572548
2026-03-18 17:14:01,666|line:521| 已有
2026-03-18 17:14:01,666|line:519| https://t.bilibili.com/1178734348316180489
2026-03-18 17:14:01,666|line:521| 已有
2026-03-18 17:14:01,666|line:519| https://t.bilibili.com/1178705430239510530
2026-03-18 17:14:01,666|line:521| 已有
2026-03-18 17:14:01,666|line:519| https://t.bilibili.com/1178029913535414281
2026-03-18 17:14:01,667|line:521| 已有
2026-03-18 17:14:01,667|line:519| https://t.bilibili.com/1169917626553466899
2026-03-18 17:14:01,667|line:521| 已有
2026-03-18 17:14:01,667|line:519| https://t.bilibili.com/1179109487932342288
2026-03-18 17:14:01,667|line:521| 已有
2026-03-18 17:14:01,667|line:519| https://t.bilibili.com/1178736762065780777
2026-03-18 17:14:03,899|line:526| 官方 或 预约 OUT！
2026-03-18 17:14:03,899|line:519| https://t.bilibili.com/635932563238551585
2026-03-18 17:14:08,227|line:341| =========此为源动态=========
2026-03-18 17:14:09,603|line:362| *********子动态开始*********
2026-03-18 17:14:09,604|line:381| *********子动态结束*********
2026-03-18 17:14:09,604|line:537| -=-=-=-=处理回最初的动态-=-=-=-=
2026-03-18 17:14:19,662|line:475| 转发成功 1181183261335879689
2026-03-18 17:14:23,139|line:494| 评论发送成功
2026-03-18 17:14:26,977|line:424| 226257459 === 已经关注了
2026-03-18 17:14:30,301|line:503| 动态-点赞 OK
2026-03-18 17:14:32,301|line:519| https://t.bilibili.com/1179150912883523593
2026-03-18 17:14:32,301|line:521| 已有
2026-03-18 17:14:32,302|line:519| https://t.bilibili.com/1178536032450117634
2026-03-18 17:14:36,623|line:526| 官方 或 预约 OUT！
2026-03-18 17:14:36,624|line:519| https://t.bilibili.com/1179298900230537225
2026-03-18 17:14:36,624|line:521| 已有
2026-03-18 17:14:36,624|line:519| https://t.bilibili.com/1179109586694570009
2026-03-18 17:14:36,624|line:521| 已有
2026-03-18 17:14:36,624|line:519| https://t.bilibili.com/1179190057214410770
2026-03-18 17:14:37,867|line:526| 官方 或 预约 OUT！
2026-03-18 17:14:37,867|line:519| https://t.bilibili.com/1175372423976976385
2026-03-18 17:14:37,867|line:521| 已有
2026-03-18 17:14:37,867|line:519| https://t.bilibili.com/1177612090533216263
2026-03-18 17:14:37,868|line:521| 已有
2026-03-18 17:14:37,868|line:519| https://t.bilibili.com/1178839463343685641
2026-03-18 17:14:41,178|line:526| 官方 或 预约 OUT！
2026-03-18 17:14:41,179|line:519| https://t.bilibili.com/1176523621212880904
2026-03-18 17:14:41,179|line:521| 已有
2026-03-18 17:14:41,179|line:519| https://t.bilibili.com/1179145402423705617
2026-03-18 17:14:44,419|line:526| 官方 或 预约 OUT！
2026-03-18 17:14:44,420|line:519| https://t.bilibili.com/1176851615038046249
2026-03-18 17:14:44,420|line:521| 已有
2026-03-18 17:14:44,420|line:519| https://t.bilibili.com/1179463305185460260
2026-03-18 17:14:44,420|line:521| 已有
2026-03-18 17:14:44,420|line:519| https://t.bilibili.com/1179200453179604996
2026-03-18 17:14:44,420|line:521| 已有
2026-03-18 17:14:44,420|line:519| https://t.bilibili.com/1179220091898691605
2026-03-18 17:14:44,420|line:521| 已有
2026-03-18 17:14:44,420|line:519| https://t.bilibili.com/1175945286703382546
2026-03-18 17:14:48,766|line:526| 官方 或 预约 OUT！
2026-03-18 17:14:48,766|line:519| https://t.bilibili.com/1179138605637959716
2026-03-18 17:14:48,766|line:521| 已有
2026-03-18 17:14:48,766|line:519| https://t.bilibili.com/1175162747985330183
2026-03-18 17:14:48,766|line:521| 已有
2026-03-18 17:14:48,766|line:519| https://t.bilibili.com/1177627780024631305
2026-03-18 17:14:48,767|line:521| 已有
2026-03-18 17:14:48,767|line:519| https://t.bilibili.com/1178799146479386624
2026-03-18 17:14:48,767|line:521| 已有
2026-03-18 17:14:48,767|line:519| https://t.bilibili.com/1176221990009176088
2026-03-18 17:14:48,767|line:521| 已有
2026-03-18 17:14:48,767|line:519| https://t.bilibili.com/1179144217035800601
2026-03-18 17:14:48,767|line:521| 已有
2026-03-18 17:14:48,767|line:519| https://t.bilibili.com/1178089214126850071
2026-03-18 17:14:48,767|line:521| 已有
2026-03-18 17:14:48,768|line:519| https://t.bilibili.com/1178372634709065735
2026-03-18 17:14:48,768|line:521| 已有
2026-03-18 17:14:48,768|line:519| https://t.bilibili.com/1179148666591510535
2026-03-18 17:14:53,078|line:526| 官方 或 预约 OUT！
2026-03-18 17:14:53,079|line:519| https://t.bilibili.com/1178875373550567445
2026-03-18 17:14:55,339|line:526| 官方 或 预约 OUT！
2026-03-18 17:14:55,339|line:519| https://t.bilibili.com/1175415841831780376
2026-03-18 17:14:55,339|line:521| 已有
2026-03-18 17:14:55,340|line:519| https://t.bilibili.com/1179094781967466512
2026-03-18 17:14:55,340|line:521| 已有
2026-03-18 17:14:55,340|line:519| https://t.bilibili.com/1179446449574772773
2026-03-18 17:14:55,340|line:521| 已有
2026-03-18 17:14:55,340|line:519| https://t.bilibili.com/1177669726810144768
2026-03-18 17:14:55,340|line:521| 已有
2026-03-18 17:14:55,340|line:519| https://t.bilibili.com/1179150693833900057
2026-03-18 17:14:55,340|line:521| 已有
2026-03-18 17:14:55,340|line:519| https://t.bilibili.com/1177685188720721923
2026-03-18 17:14:55,341|line:521| 已有
2026-03-18 17:14:55,341|line:519| https://t.bilibili.com/1178721330241994756
2026-03-18 17:14:55,341|line:521| 已有
2026-03-18 17:14:55,341|line:519| https://t.bilibili.com/1178066583946264582
2026-03-18 17:14:55,341|line:521| 已有
2026-03-18 17:14:55,341|line:519| https://t.bilibili.com/1178078201851674633
2026-03-18 17:14:55,341|line:521| 已有
2026-03-18 17:14:55,341|line:519| https://t.bilibili.com/1175409715024232457
2026-03-18 17:14:55,341|line:521| 已有
2026-03-18 17:14:55,342|line:519| https://t.bilibili.com/1179146336558120963
2026-03-18 17:14:55,342|line:521| 已有
2026-03-18 17:14:55,342|line:519| https://t.bilibili.com/1177127038381719552
2026-03-18 17:14:55,342|line:521| 已有
2026-03-18 17:14:55,342|line:519| https://t.bilibili.com/1178721948736159765
2026-03-18 17:14:55,342|line:521| 已有
2026-03-18 17:14:55,342|line:519| https://t.bilibili.com/1179200453181702153
2026-03-18 17:14:55,342|line:521| 已有
2026-03-18 17:14:55,342|line:519| https://t.bilibili.com/1179218339590832160
2026-03-18 17:14:58,655|line:526| 官方 或 预约 OUT！
2026-03-18 17:14:58,655|line:519| https://t.bilibili.com/1175469352816738313
2026-03-18 17:14:58,656|line:521| 已有
2026-03-18 17:14:58,656|line:519| https://t.bilibili.com/1179190491014496293
2026-03-18 17:14:58,656|line:521| 已有
2026-03-18 17:14:58,656|line:519| https://t.bilibili.com/1177625585277468696
2026-03-18 17:14:58,656|line:521| 已有
2026-03-18 17:14:58,656|line:519| https://t.bilibili.com/1179149551343239190
2026-03-18 17:14:58,656|line:521| 已有
2026-03-18 17:14:58,656|line:519| https://t.bilibili.com/1178721134847197203
2026-03-18 17:14:58,657|line:521| 已有
2026-03-18 17:14:58,657|line:519| https://t.bilibili.com/1175145280347045894
2026-03-18 17:15:00,896|line:526| 官方 或 预约 OUT！
2026-03-18 17:15:00,896|line:519| https://t.bilibili.com/1179149813347778578
2026-03-18 17:15:03,136|line:526| 官方 或 预约 OUT！
2026-03-18 17:15:03,136|line:519| https://t.bilibili.com/1178083755237048338
2026-03-18 17:15:03,136|line:521| 已有
2026-03-18 17:15:03,136|line:519| https://t.bilibili.com/1177635120113254403
2026-03-18 17:15:03,136|line:521| 已有
2026-03-18 17:15:03,136|line:519| https://t.bilibili.com/1178056273851056150
2026-03-18 17:15:03,137|line:521| 已有
2026-03-18 17:15:03,137|line:519| https://t.bilibili.com/1178812319102140425
2026-03-18 17:15:03,137|line:521| 已有
2026-03-18 17:15:03,137|line:519| https://t.bilibili.com/1179110258841223193
2026-03-18 17:15:03,137|line:521| 已有
2026-03-18 17:15:03,137|line:519| https://t.bilibili.com/1179106159324299266
2026-03-18 17:15:05,384|line:526| 官方 或 预约 OUT！
2026-03-18 17:15:05,385|line:519| https://t.bilibili.com/1178078609833721860
2026-03-18 17:15:05,385|line:521| 已有
2026-03-18 17:15:05,385|line:519| https://t.bilibili.com/1179244384272515127
2026-03-18 17:15:07,816|line:526| 官方 或 预约 OUT！
2026-03-18 17:15:07,816|line:519| https://t.bilibili.com/1178040811970887683
2026-03-18 17:15:07,816|line:521| 已有
2026-03-18 17:15:07,817|line:552| 执行结束
2026-03-18 17:15:07,817|line:558| ==================================================2026-03-19 01:15==================================================
2026-03-18 17:15:07,817|line:232| processing article 46927579
2026-03-18 17:15:09,339|line:507| ==================================================2026-03-19 01:15==================================================
2026-03-18 17:15:09,339|line:232| processing article 46923046
2026-03-18 17:15:13,849|line:507| ==================================================2026-03-19 01:15==================================================
2026-03-18 17:15:13,849|line:232| processing article 46918292
2026-03-18 17:15:17,960|line:507| ==================================================2026-03-19 01:15==================================================
2026-03-18 17:15:17,960|line:519| https://t.bilibili.com/1177641395044745232
2026-03-18 17:15:22,271|line:526| 官方 或 预约 OUT！
2026-03-18 17:15:22,272|line:519| https://t.bilibili.com/1176773579766759425
2026-03-18 17:15:23,583|line:526| 官方 或 预约 OUT！
2026-03-18 17:15:23,584|line:519| https://t.bilibili.com/1168149139405406229
2026-03-18 17:15:27,821|line:526| 官方 或 预约 OUT！
2026-03-18 17:15:27,821|line:519| https://t.bilibili.com/1179262715156234243
2026-03-18 17:15:32,053|line:526| 官方 或 预约 OUT！
2026-03-18 17:15:32,054|line:519| https://t.bilibili.com/1180339394741010435
2026-03-18 17:15:35,367|line:526| 官方 或 预约 OUT！
2026-03-18 17:15:35,368|line:519| https://t.bilibili.com/1170199475140952102
2026-03-18 17:15:36,605|line:526| 官方 或 预约 OUT！
2026-03-18 17:15:36,605|line:519| https://t.bilibili.com/1178738454289186837
2026-03-18 17:15:40,845|line:526| 官方 或 预约 OUT！
2026-03-18 17:15:40,845|line:519| https://t.bilibili.com/1176154571853004807
2026-03-18 17:15:45,159|line:526| 官方 或 预约 OUT！
2026-03-18 17:15:45,159|line:519| https://t.bilibili.com/1178736762065780777
2026-03-18 17:15:49,448|line:526| 官方 或 预约 OUT！
2026-03-18 17:15:49,449|line:519| https://t.bilibili.com/1180234112231800852
2026-03-18 17:15:53,764|line:526| 官方 或 预约 OUT！
2026-03-18 17:15:53,765|line:519| https://t.bilibili.com/1176241562153123847
2026-03-18 17:15:55,083|line:526| 官方 或 预约 OUT！
2026-03-18 17:15:55,083|line:519| https://t.bilibili.com/1159444593572315142
2026-03-18 17:15:59,395|line:526| 官方 或 预约 OUT！
2026-03-18 17:15:59,396|line:519| https://t.bilibili.com/1175488336553312263
2026-03-18 17:16:02,713|line:526| 官方 或 预约 OUT！
2026-03-18 17:16:02,714|line:519| https://t.bilibili.com/1172438729395011592
2026-03-18 17:16:04,030|line:526| 官方 或 预约 OUT！
2026-03-18 17:16:04,030|line:519| https://t.bilibili.com/1179588290840363141
2026-03-18 17:16:07,274|line:526| 官方 或 预约 OUT！
2026-03-18 17:16:07,275|line:519| https://t.bilibili.com/1179909318200262665
2026-03-18 17:16:08,515|line:526| 官方 或 预约 OUT！
2026-03-18 17:16:08,516|line:519| https://t.bilibili.com/1180237256095432729
2026-03-18 17:16:09,754|line:526| 官方 或 预约 OUT！
2026-03-18 17:16:09,754|line:519| https://t.bilibili.com/1158766847743492101
2026-03-18 17:16:09,755|line:521| 已有
2026-03-18 17:16:09,755|line:519| https://t.bilibili.com/1179190057214410770
2026-03-18 17:16:10,995|line:526| 官方 或 预约 OUT！
2026-03-18 17:16:10,996|line:519| https://t.bilibili.com/1175500843527438345
2026-03-18 17:16:15,235|line:526| 官方 或 预约 OUT！
2026-03-18 17:16:15,235|line:519| https://t.bilibili.com/1178124699149795331
2026-03-18 17:16:19,545|line:526| 官方 或 预约 OUT！
2026-03-18 17:16:19,546|line:519| https://t.bilibili.com/1177724300795314182
2026-03-18 17:16:19,546|line:521| 已有
2026-03-18 17:16:19,546|line:519| https://t.bilibili.com/1178875373550567445
2026-03-18 17:16:20,786|line:526| 官方 或 预约 OUT！
2026-03-18 17:16:20,786|line:519| https://t.bilibili.com/1177638813788274758
2026-03-18 17:16:22,103|line:526| 官方 或 预约 OUT！
2026-03-18 17:16:22,104|line:519| https://t.bilibili.com/1178122551671390212
2026-03-18 17:16:23,342|line:526| 官方 或 预约 OUT！
2026-03-18 17:16:23,343|line:519| https://t.bilibili.com/1176986086138707991
2026-03-18 17:16:24,655|line:526| 官方 或 预约 OUT！
2026-03-18 17:16:24,656|line:519| https://t.bilibili.com/1148036791104700456
2026-03-18 17:16:28,901|line:526| 官方 或 预约 OUT！
2026-03-18 17:16:28,901|line:519| https://t.bilibili.com/1178439198159405058
2026-03-18 17:16:32,130|line:526| 官方 或 预约 OUT！
2026-03-18 17:16:32,130|line:519| https://t.bilibili.com/1178723271586086921
2026-03-18 17:16:34,365|line:526| 官方 或 预约 OUT！
2026-03-18 17:16:34,365|line:519| https://t.bilibili.com/1179678038485368848
2026-03-18 17:16:35,615|line:526| 官方 或 预约 OUT！
2026-03-18 17:16:35,615|line:519| https://t.bilibili.com/1178839463343685641
2026-03-18 17:16:38,845|line:526| 官方 或 预约 OUT！
2026-03-18 17:16:38,845|line:519| https://t.bilibili.com/1179244384272515127
2026-03-18 17:16:41,161|line:526| 官方 或 预约 OUT！
2026-03-18 17:16:41,162|line:519| https://t.bilibili.com/1180617506758328327
2026-03-18 17:16:43,406|line:526| 官方 或 预约 OUT！
2026-03-18 17:16:43,406|line:519| https://t.bilibili.com/1179145402423705617
2026-03-18 17:16:44,675|line:526| 官方 或 预约 OUT！
2026-03-18 17:16:44,675|line:519| https://t.bilibili.com/1175105367224352771
2026-03-18 17:16:44,675|line:521| 已有
2026-03-18 17:16:44,675|line:519| https://t.bilibili.com/1180008364416958471
2026-03-18 17:16:46,917|line:526| 官方 或 预约 OUT！
2026-03-18 17:16:46,917|line:519| https://t.bilibili.com/1152591243149049872
2026-03-18 17:16:48,168|line:526| 官方 或 预约 OUT！
2026-03-18 17:16:48,169|line:519| https://t.bilibili.com/1171419559437008903
2026-03-18 17:16:51,542|line:526| 官方 或 预约 OUT！
2026-03-18 17:16:51,543|line:519| https://t.bilibili.com/1169917626553466899
2026-03-18 17:16:51,543|line:521| 已有
2026-03-18 17:16:51,543|line:552| 执行结束
2026-03-18 17:16:51,543|line:558| ==================================================2026-03-19 01:16==================================================
2026-03-18 17:16:51,543|line:232| processing article 46918137
2026-03-18 17:16:55,540|line:507| ==================================================2026-03-19 01:16==================================================
2026-03-18 17:16:55,540|line:519| https://t.bilibili.com/1177641395044745232
2026-03-18 17:16:58,855|line:526| 官方 或 预约 OUT！
2026-03-18 17:16:58,855|line:519| https://t.bilibili.com/1176773579766759425
2026-03-18 17:17:02,168|line:526| 官方 或 预约 OUT！
2026-03-18 17:17:02,168|line:519| https://t.bilibili.com/1179936239075196935
2026-03-18 17:17:02,168|line:521| 已有
2026-03-18 17:17:02,168|line:519| https://t.bilibili.com/1170591146136567842
2026-03-18 17:17:05,477|line:526| 官方 或 预约 OUT！
2026-03-18 17:17:05,477|line:519| https://t.bilibili.com/1180236753617813525
2026-03-18 17:17:09,979|line:526| 官方 或 预约 OUT！
2026-03-18 17:17:09,979|line:519| https://t.bilibili.com/1168149139405406229
2026-03-18 17:17:13,291|line:526| 官方 或 预约 OUT！
2026-03-18 17:17:13,291|line:519| https://t.bilibili.com/1180236508779511847
2026-03-18 17:17:15,525|line:526| 官方 或 预约 OUT！
2026-03-18 17:17:15,525|line:519| https://t.bilibili.com/1175133997485785141
2026-03-18 17:17:17,835|line:526| 官方 或 预约 OUT！
2026-03-18 17:17:17,835|line:519| https://t.bilibili.com/1180339394741010435
2026-03-18 17:17:22,073|line:526| 官方 或 预约 OUT！
2026-03-18 17:17:22,073|line:519| https://t.bilibili.com/1180706142015193093
2026-03-18 17:17:25,384|line:526| 官方 或 预约 OUT！
2026-03-18 17:17:25,385|line:519| https://t.bilibili.com/1179563869696163849
2026-03-18 17:17:25,385|line:521| 已有
2026-03-18 17:17:25,385|line:519| https://t.bilibili.com/1180234112231800852
2026-03-18 17:17:26,697|line:526| 官方 或 预约 OUT！
2026-03-18 17:17:26,698|line:519| https://t.bilibili.com/1180306473805152274
2026-03-18 17:17:30,012|line:341| =========此为源动态=========
2026-03-18 17:17:34,473|line:362| *********子动态开始*********
2026-03-18 17:17:34,473|line:381| *********子动态结束*********
2026-03-18 17:17:34,474|line:537| -=-=-=-=处理回最初的动态-=-=-=-=
2026-03-18 17:17:43,506|line:475| 转发成功 1181184137532276741
2026-03-18 17:17:46,838|line:548| 'NoneType' object is not subscriptable
2026-03-18 17:17:46,838|line:549| error line:541
2026-03-18 17:17:48,838|line:519| https://t.bilibili.com/1176241562153123847
2026-03-18 17:17:51,151|line:526| 官方 或 预约 OUT！
2026-03-18 17:17:51,152|line:519| https://t.bilibili.com/1180269983747276807
2026-03-18 17:17:54,483|line:526| 官方 或 预约 OUT！
2026-03-18 17:17:54,483|line:519| https://t.bilibili.com/1177644216860278805
2026-03-18 17:17:55,716|line:526| 官方 或 预约 OUT！
2026-03-18 17:17:55,717|line:519| https://t.bilibili.com/1158766847743492101
2026-03-18 17:17:55,717|line:521| 已有
2026-03-18 17:17:55,717|line:519| https://t.bilibili.com/1180236530303631369
2026-03-18 17:17:57,953|line:526| 官方 或 预约 OUT！
2026-03-18 17:17:57,953|line:519| https://t.bilibili.com/1177724300795314182
2026-03-18 17:17:57,953|line:521| 已有
2026-03-18 17:17:57,954|line:519| https://t.bilibili.com/1177638813788274758
2026-03-18 17:18:01,268|line:526| 官方 或 预约 OUT！
2026-03-18 17:18:01,268|line:519| https://t.bilibili.com/1176526395786919944
2026-03-18 17:18:02,500|line:526| 官方 或 预约 OUT！
2026-03-18 17:18:02,500|line:519| https://t.bilibili.com/1178439198159405058
2026-03-18 17:18:03,730|line:526| 官方 或 预约 OUT！
2026-03-18 17:18:03,730|line:519| https://t.bilibili.com/1179678038485368848
2026-03-18 17:18:07,983|line:526| 官方 或 预约 OUT！
2026-03-18 17:18:07,983|line:519| https://t.bilibili.com/1178380997011439704
2026-03-18 17:18:09,422|line:526| 官方 或 预约 OUT！
2026-03-18 17:18:09,422|line:519| https://t.bilibili.com/1180327428975755281
2026-03-18 17:18:11,662|line:526| 官方 或 预约 OUT！
2026-03-18 17:18:11,662|line:519| https://t.bilibili.com/1175105367224352771
2026-03-18 17:18:11,663|line:521| 已有
2026-03-18 17:18:11,663|line:519| https://t.bilibili.com/1180678654221352964
2026-03-18 17:18:13,903|line:341| =========此为源动态=========
2026-03-18 17:18:15,399|line:362| *********子动态开始*********
2026-03-18 17:18:15,399|line:381| *********子动态结束*********
2026-03-18 17:18:15,399|line:537| -=-=-=-=处理回最初的动态-=-=-=-=
2026-03-18 17:18:24,586|line:475| 转发成功 1181184313596575766
2026-03-18 17:18:27,836|line:548| 'NoneType' object is not subscriptable
2026-03-18 17:18:27,836|line:549| error line:541
2026-03-18 17:18:29,836|line:519| https://t.bilibili.com/1169917626553466899
2026-03-18 17:18:29,837|line:521| 已有
2026-03-18 17:18:29,837|line:552| 执行结束
2026-03-18 17:18:29,837|line:558| ==================================================2026-03-19 01:18==================================================
2026-03-18 17:18:29,837|line:232| processing article 46900057
2026-03-18 17:18:32,790|line:507| ==================================================2026-03-19 01:18==================================================
2026-03-18 17:18:32,790|line:232| processing article 46896057
2026-03-18 17:18:36,321|line:507| ==================================================2026-03-19 01:18==================================================
2026-03-18 17:18:36,321|line:232| processing article 46891401
2026-03-18 17:18:39,851|line:507| ==================================================2026-03-19 01:18==================================================
2026-03-18 17:18:39,851|line:232| processing article 46891264
2026-03-18 17:18:41,990|line:507| ==================================================2026-03-19 01:18==================================================
2026-03-18 17:18:41,990|line:519| https://t.bilibili.com/1176773579766759425
2026-03-18 17:18:45,229|line:526| 官方 或 预约 OUT！
2026-03-18 17:18:45,229|line:519| https://t.bilibili.com/1179936239075196935
2026-03-18 17:18:45,229|line:521| 已有
2026-03-18 17:18:45,229|line:519| https://t.bilibili.com/1168149139405406229
2026-03-18 17:18:47,465|line:526| 官方 或 预约 OUT！
2026-03-18 17:18:47,466|line:519| https://t.bilibili.com/1180205615127986185
2026-03-18 17:18:48,705|line:526| 官方 或 预约 OUT！
2026-03-18 17:18:48,705|line:519| https://t.bilibili.com/1180328820543062036
2026-03-18 17:18:52,942|line:526| 官方 或 预约 OUT！
2026-03-18 17:18:52,942|line:519| https://t.bilibili.com/1180593794238644246
2026-03-18 17:18:54,178|line:526| 官方 或 预约 OUT！
2026-03-18 17:18:54,179|line:519| https://t.bilibili.com/1179563869696163849
2026-03-18 17:18:54,179|line:521| 已有
2026-03-18 17:18:54,179|line:519| https://t.bilibili.com/1177694450778898432
2026-03-18 17:18:56,414|line:526| 官方 或 预约 OUT！
2026-03-18 17:18:56,414|line:519| https://t.bilibili.com/1180306473805152274
2026-03-18 17:19:00,660|line:341| =========此为源动态=========
2026-03-18 17:19:02,098|line:362| *********子动态开始*********
2026-03-18 17:19:02,098|line:381| *********子动态结束*********
2026-03-18 17:19:02,098|line:537| -=-=-=-=处理回最初的动态-=-=-=-=
2026-03-18 17:19:12,292|line:475| 转发成功 1181184519739277337
2026-03-18 17:19:15,536|line:548| 'NoneType' object is not subscriptable
2026-03-18 17:19:15,536|line:549| error line:541
2026-03-18 17:19:16,536|line:519| https://t.bilibili.com/1176241562153123847
2026-03-18 17:19:19,774|line:526| 官方 或 预约 OUT！
2026-03-18 17:19:19,775|line:519| https://t.bilibili.com/1159444593572315142
2026-03-18 17:19:21,039|line:526| 官方 或 预约 OUT！
2026-03-18 17:19:21,039|line:519| https://t.bilibili.com/1179588290840363141
2026-03-18 17:19:25,274|line:526| 官方 或 预约 OUT！
2026-03-18 17:19:25,275|line:519| https://t.bilibili.com/1179909318200262665
2026-03-18 17:19:29,602|line:526| 官方 或 预约 OUT！
2026-03-18 17:19:29,603|line:519| https://t.bilibili.com/1179869430818013205
2026-03-18 17:19:30,919|line:526| 官方 或 预约 OUT！
2026-03-18 17:19:30,919|line:519| https://t.bilibili.com/1180237256095432729
2026-03-18 17:19:33,148|line:526| 官方 或 预约 OUT！
2026-03-18 17:19:33,149|line:519| https://t.bilibili.com/1158766847743492101
2026-03-18 17:19:33,149|line:521| 已有
2026-03-18 17:19:33,149|line:519| https://t.bilibili.com/1179866883907649570
2026-03-18 17:19:34,385|line:526| 官方 或 预约 OUT！
2026-03-18 17:19:34,385|line:519| https://t.bilibili.com/1177724300795314182
2026-03-18 17:19:34,385|line:521| 已有
2026-03-18 17:19:34,385|line:519| https://t.bilibili.com/1178122551671390212
2026-03-18 17:19:36,624|line:526| 官方 或 预约 OUT！
2026-03-18 17:19:36,624|line:519| https://t.bilibili.com/1176986086138707991
2026-03-18 17:19:38,936|line:526| 官方 或 预约 OUT！
2026-03-18 17:19:38,936|line:519| https://t.bilibili.com/1178439198159405058
2026-03-18 17:19:43,176|line:526| 官方 或 预约 OUT！
2026-03-18 17:19:43,176|line:519| https://t.bilibili.com/1177267737204883472
2026-03-18 17:19:46,492|line:526| 官方 或 预约 OUT！
2026-03-18 17:19:46,492|line:519| https://t.bilibili.com/1178723271586086921
2026-03-18 17:19:49,731|line:526| 官方 或 预约 OUT！
2026-03-18 17:19:49,731|line:519| https://t.bilibili.com/1179678038485368848
2026-03-18 17:19:53,963|line:526| 官方 或 预约 OUT！
2026-03-18 17:19:53,963|line:519| https://t.bilibili.com/1180617506758328327
2026-03-18 17:19:56,200|line:526| 官方 或 预约 OUT！
2026-03-18 17:19:56,201|line:519| https://t.bilibili.com/1174764351121260561
2026-03-18 17:19:58,438|line:526| 官方 或 预约 OUT！
2026-03-18 17:19:58,438|line:519| https://t.bilibili.com/1180329984472907811
2026-03-18 17:19:59,674|line:526| 官方 或 预约 OUT！
2026-03-18 17:19:59,674|line:519| https://t.bilibili.com/1175105367224352771
2026-03-18 17:19:59,674|line:521| 已有
2026-03-18 17:19:59,674|line:519| https://t.bilibili.com/1180008364416958471
2026-03-18 17:20:02,917|line:526| 官方 或 预约 OUT！
2026-03-18 17:20:02,917|line:519| https://t.bilibili.com/1180351721308684297
2026-03-18 17:20:07,195|line:526| 官方 或 预约 OUT！
2026-03-18 17:20:07,196|line:519| https://t.bilibili.com/1179194287734128680
2026-03-18 17:20:07,196|line:521| 已有
2026-03-18 17:20:07,196|line:519| https://t.bilibili.com/1169917626553466899
2026-03-18 17:20:07,196|line:521| 已有
2026-03-18 17:20:07,196|line:552| 执行结束
2026-03-18 17:20:07,196|line:558| ==================================================2026-03-19 01:20==================================================
2026-03-18 17:20:15,157|line:578| ('reply: ', '榄菊官方', '[给心心]')
2026-03-18 17:20:15,158|line:578| ('reply: ', '吓死我啦芙莱', '并不是')
2026-03-18 17:20:15,158|line:578| ('reply: ', '花生十三-公考行测', '68')
2026-03-18 17:20:15,158|line:578| ('reply: ', '三鹿七茸猫尾巴', '[夏诺雅表情包_？？？]')
2026-03-18 17:20:15,158|line:578| ('reply: ', '小闪闪bling', 'hhh腾子买库洛让我感觉他自己有点不太想出大世界了')
2026-03-18 17:20:15,158|line:578| ('reply: ', '魔改后远野汉娜', '不是，这……')
2026-03-18 17:20:15,158|line:578| ('reply: ', '好像都是一个人', '你在说什么')
2026-03-18 17:20:15,158|line:578| ('reply: ', '目标咨询', '太宠粉了啊')
2026-03-18 17:20:15,158|line:578| ('reply: ', '数玩工场', '祝你成功')
2026-03-18 17:20:15,159|line:578| ('reply: ', '益家有小佰', '恭喜宝子，获得小电视月度会员1份和克刻冰冰猴喉糖随机口味1份～记得私信小佰提供信息哦~')
2026-03-18 17:20:15,159|line:578| ('reply: ', '圆环之理-Madoka', '是的')
2026-03-18 17:20:15,159|line:578| ('reply: ', '兰的三姨', '这就是银河巨星的实力！')
2026-03-18 17:20:15,159|line:578| ('reply: ', '花园百合铃音', '有男不玩，我只吃麻辣火锅，xxn滚[吃瓜]')
2026-03-18 17:20:15,159|line:578| ('reply: ', '是绝赞的阿鬼', '[tv_难过]')
2026-03-18 17:20:15,159|line:578| ('reply: ', '桃稚不幼稚', '还行')
2026-03-18 17:20:15,159|line:578| ('reply: ', '陌罔子吖', '佬，这个报名有啥条件不。最近太非了，想下次报来抽[脱单doge][脱单doge][脱单doge]')
2026-03-18 17:20:15,159|line:578| ('reply: ', '太二酸菜鱼', '恭喜成为本期欧皇[打call]获得【肥龙联名显眼包】1份，在收到本信息的两天内回复哥的私信哦~逾期哥就自己收啦！[脱单doge]')
2026-03-18 17:20:15,159|line:578| ('reply: ', '得一想二的松鼠', '中奖分我一半')
2026-03-18 17:20:15,160|line:578| ('reply: ', '佑凉Uriyoo', '谢谢！！！[UP_24967030_感恩]')
2026-03-18 17:20:15,160|line:578| ('reply: ', '岛莓祁', '好耶')
2026-03-18 17:20:18,439|line:587| ('at: ', '电脑报', '恭喜@小小Shaun UID：1090970340，@-叶晓吖  UID：22437099  获得 【电竞大礼包】1份， 请在三日内私信我')
2026-03-18 17:20:18,439|line:587| ('at: ', '联想拯救者官方', '是我喜欢的奖品名单 直接开奖 上 趁现在没人偷摸开个奖 恭喜这些小伙伴 【拯救者7.1声卡H7游戏耳机】获奖名单 @泪水打湿猪脚饭o @xoomoon @小小Shaun @T山海连云T @超超超超薄脆饼干 @BerboomC 【拯救者C140氮化镓适配器】获奖名单 @改个天凉好个秋 @夜猫子牙不好 @LLL好久不见 @林殇倾慕婉 @今天也要拥抱微风 @洳不及我万一 @胜利の天平 【白金独角兽电竞鼠标】获奖名单 @底片上的诗旅人 【拯救者C170氮化镓适配器】获奖名单 @麦當劳无限好 @無名丶の辈 @任性的提莫 @广东有暖风 由于B站私信规则修改 我会私信中奖的小伙伴一条消息，还请注意查收并回复我您的收货地址与联系方式，奖品基本会在私信您信息后的三十个工作日内发货')
2026-03-18 17:20:18,439|line:587| ('at: ', 'Apexgaming艾湃电竞', '恭喜 @小小Shaun 获得饮料一份，三天内联系我，过时不候！')
2026-03-18 17:20:18,439|line:587| ('at: ', '喜欢白毛有什么不好', '1 @浪子游2fans6@被_____打下来的飞机@拉斯特臣后面一个点@专心致志的学生@猫猫头OmMeow@小小Shaun@龐門左道@啦啦痴痴腻@bili_66938050009@日月星辰668')
2026-03-18 17:20:18,439|line:587| ('at: ', 'iKF蓝牙耳机', '恭喜@小小Shaun 宝子成为苏泊尔福利动态幸运儿！\n注意：即日起72小时内回复信息确认领奖哦！逾期将自动视为放弃中奖资格。\n没有中奖的宝子们不要气馁，参与一下下置顶视频iKF Mars，增加欧气值，说不定下个幸运儿就是你！\n链接：\nhttps://www.bilibili.com/video/BV1Soo6YLEHZ/?spm_id_from=333.1387.list.card_archive.click&vd_source=21fb0967ccc75e6b3b2447ade2c740dd\n还没参与抽奖的宝子们，赶紧点击上方链接参与吧！还有特别福利惊喜等你哦~')
2026-03-18 17:20:18,439|line:587| ('at: ', 'wellymerck威利默克', '恭喜@小小Shaun\xa0 获得《我是你的小狗3 永远等你回家》1本，请于5天内联系威宝，凭关注+互动截图领取奖品，逾期作废~')
2026-03-18 17:20:18,440|line:587| ('at: ', '宁美NINGMEI', '恭喜@小小Shaun   中奖，请在12月1日24点前私信我：1. 奖品+中奖信息a. 实物奖：姓名电话地址，给文字！省市区路清晰，提交不清晰不发奖，信息错误致无法签收，概不负责；\n\nb. 现金红包给到支付宝实名+账号；\n\nc. 京东卡/猫超卡 等购物卡给到姓名+电话；2. 宁美和品牌方关注截图+转发截图！\n\n必须关注品牌方，否则奖品不予发放；如遇无法私信图片的情况，等待我回复后即可发送图片。PS： \n\n因后台收信有时会出问题，以回复“已登记”为准，没有回复即表示私信未收到。\n\n过期视为自动放弃，不会补发；奖品30个工作日内发送，勿催哦~\n\n不发全，不回复。其他小伙伴请继续努力！')
2026-03-18 17:20:18,440|line:587| ('at: ', '爱玛电动车官方账号', '#一“玛”当先榜# 快来看看10月都是谁和爱玛酱互动最多呀~ 💕恭喜@小小Shaun 和@甘瑞凯拉莎 排行第一！这两位小玛达将会获得【爱玛随机周边×1】，请5天内私信爱玛酱领奖哟~[鼓掌] 以后也请继续单推我无敌可爱美少女爱玛酱呀嘿嘿！(●´З｀●)')
2026-03-18 17:20:18,440|line:587| ('at: ', '爱玛电动车官方账号', '')
2026-03-18 17:20:18,440|line:587| ('at: ', '海露滴眼液', '互动榜出炉啦')
2026-03-18 17:20:18,440|line:587| ('at: ', '和蔼可亲桃白白', '\u200b//@九号公司:\u200b恭喜@小小Shaun 中奖！后续记得查收私信哟～\u200b//@九号公司:#互动抽奖# 谢谢粒粒的复工礼！小九也来加个码~关注【@微粒贷+@九号公司 】并转发该动态，抽一位小可爱获得【100元京东卡】~ #供电局福利社# 10月31日抽出！')
2026-03-18 17:20:18,440|line:587| ('at: ', '望大家身体健康快乐', '\u200b//@九号公司:\u200b恭喜@小小Shaun 中奖！后续记得查收私信哟～\u200b//@九号公司 :#互动抽奖# 谢谢粒粒的复工礼！小九也来加个码~关注【@微粒贷+@九号公司 】并转发该动态，抽一位小可爱获得【100元京东卡】~ #供电局福利社# 10月31日抽出！')
2026-03-18 17:20:18,440|line:587| ('at: ', 'MoMA_Reona', '//@九号公司:\u200b恭喜@小小Shaun 中奖！后续记得查收私信哟～\u200b//@九号公司:#互动抽奖# 谢谢粒粒的复工礼！小九也来加个码~关注【@微粒贷+@九号公司 】并转发该动态，抽一位小可爱获得【100元京东卡】~ #供电局福利社# 10月31日抽出！')
2026-03-18 17:20:18,440|line:587| ('at: ', '摸鱼二队', '\u200b//@九号公司:\u200b恭喜@小小Shaun 中奖！后续记得查收私信哟～\u200b//@九号公司 :#互动抽奖# 谢谢粒粒的复工礼！小九也来加个码~关注【@微粒贷+@九号公司 】并转发该动态，抽一位小可爱获得【100元京东卡】~ #供电局福利社# 10月31日抽出！')
2026-03-18 17:20:18,440|line:587| ('at: ', '文少嘅一些事一些情', '\u200b//@九号公司:\u200b恭喜@小小Shaun 中奖！后续记得查收私信哟～\u200b//@九号公司 :#互动抽奖# 谢谢粒粒的复工礼！小九也来加个码~关注【@微粒贷+@九号公司 】并转发该动态，抽一位小可爱获得【100元京东卡】~ #供电局福利社# 10月31日抽出！')
2026-03-18 17:20:18,441|line:587| ('at: ', 'Carry队友的嘟嘟酱丶', '\u200b//@九号公司:\u200b恭喜@小小Shaun 中奖！后续记得查收私信哟～\u200b//@九号公司 :#互动抽奖# 谢谢粒粒的复工礼！小九也来加个码~关注【@微粒贷+@九号公司 】并转发该动态，抽一位小可爱获得【100元京东卡】~ #供电局福利社# 10月31日抽出！')
2026-03-18 17:20:18,441|line:587| ('at: ', '蛤蟆zero', '//@九号公司:\u200b恭喜@小小Shaun 中奖！后续记得查收私信哟～\u200b//@九号公司:#互动抽奖# 谢谢粒粒的复工礼！小九也来加个码~关注【@微粒贷+@九号公司 】并转发该动态，抽一位小可爱获得【100元京东卡】~ #供电局福利社# 10月31日抽出！c冲冲冲')
2026-03-18 17:20:18,441|line:587| ('at: ', '木而各子要吃笃栗子', '\u200b//@九号公司:\u200b恭喜@小小Shaun 中奖！后续记得查收私信哟～\u200b//@九号公司 :#互动抽奖# 谢谢粒粒的复工礼！小九也来加个码~关注【@微粒贷+@九号公司 】并转发该动态，抽一位小可爱获得【100元京东卡】~ #供电局福利社# 10月31日抽出！')
2026-03-18 17:20:18,441|line:587| ('at: ', '裙下愚臣情默默', '\u200b//@九号公司:\u200b恭喜@小小Shaun 中奖！后续记得查收私信哟～\u200b//@九号公司 :#互动抽奖# 谢谢粒粒的复工礼！小九也来加个码~关注【@微粒贷+@九号公司 】并转发该动态，抽一位小可爱获得【100元京东卡】~ #供电局福利社# 10月31日抽出！')
2026-03-18 17:20:18,441|line:587| ('at: ', '戊子毕宿', '')
