2026-03-19 17:08:47,039|line:232| processing article 46956788
2026-03-19 17:08:50,696|line:507| ==================================================2026-03-20 01:08==================================================
2026-03-19 17:08:50,696|line:519| https://t.bilibili.com/1177641751567925248
2026-03-19 17:08:50,696|line:521| 已有
2026-03-19 17:08:50,696|line:519| https://t.bilibili.com/1178733742715305989
2026-03-19 17:08:50,697|line:521| 已有
2026-03-19 17:08:50,697|line:519| https://t.bilibili.com/1178428748478808087
2026-03-19 17:08:50,697|line:521| 已有
2026-03-19 17:08:50,697|line:519| https://t.bilibili.com/1180316073081176069
2026-03-19 17:08:54,171|line:526| 官方 或 预约 OUT！
2026-03-19 17:08:54,171|line:519| https://t.bilibili.com/1179164549397348359
2026-03-19 17:08:54,171|line:521| 已有
2026-03-19 17:08:54,171|line:519| https://t.bilibili.com/1179153296567304195
2026-03-19 17:08:54,172|line:521| 已有
2026-03-19 17:08:54,172|line:519| https://t.bilibili.com/1179070828934856737
2026-03-19 17:08:54,172|line:521| 已有
2026-03-19 17:08:54,172|line:519| https://t.bilibili.com/1180253022934007817
2026-03-19 17:08:58,581|line:526| 官方 或 预约 OUT！
2026-03-19 17:08:58,582|line:519| https://t.bilibili.com/1179207795417808903
2026-03-19 17:09:02,914|line:526| 官方 或 预约 OUT！
2026-03-19 17:09:02,914|line:519| https://t.bilibili.com/1179092089010389017
2026-03-19 17:09:02,914|line:521| 已有
2026-03-19 17:09:02,914|line:519| https://t.bilibili.com/1178452521128034337
2026-03-19 17:09:04,301|line:526| 官方 或 预约 OUT！
2026-03-19 17:09:04,302|line:519| https://t.bilibili.com/1178800641088159751
2026-03-19 17:09:04,302|line:521| 已有
2026-03-19 17:09:04,302|line:519| https://t.bilibili.com/1180207079653113860
2026-03-19 17:09:07,656|line:341| =========此为源动态=========
2026-03-19 17:09:09,195|line:362| *********子动态开始*********
2026-03-19 17:09:09,196|line:381| *********子动态结束*********
2026-03-19 17:09:09,196|line:537| -=-=-=-=处理回最初的动态-=-=-=-=
2026-03-19 17:09:18,526|line:475| 转发成功 1181553053684203527
2026-03-19 17:09:21,980|line:494| 评论发送成功
2026-03-19 17:09:27,890|line:424| 108766164 === 已经关注了
2026-03-19 17:09:31,220|line:503| 动态-点赞 OK
2026-03-19 17:09:33,220|line:519| https://t.bilibili.com/1179061296230825991
2026-03-19 17:09:33,221|line:521| 已有
2026-03-19 17:09:33,221|line:519| https://t.bilibili.com/1178435236053123075
2026-03-19 17:09:36,579|line:526| 官方 或 预约 OUT！
2026-03-19 17:09:36,579|line:519| https://t.bilibili.com/1180216395450810373
2026-03-19 17:09:38,939|line:341| =========此为源动态=========
2026-03-19 17:09:42,329|line:362| *********子动态开始*********
2026-03-19 17:09:42,329|line:381| *********子动态结束*********
2026-03-19 17:09:42,330|line:537| -=-=-=-=处理回最初的动态-=-=-=-=
2026-03-19 17:09:49,638|line:475| 转发成功 1181553186840772628
2026-03-19 17:09:53,049|line:494| 评论发送成功
2026-03-19 17:09:55,513|line:424| 334454303 === 已经关注了
2026-03-19 17:09:58,835|line:503| 动态-点赞 OK
2026-03-19 17:09:59,835|line:519| https://t.bilibili.com/1180205795493543943
2026-03-19 17:10:04,213|line:526| 官方 或 预约 OUT！
2026-03-19 17:10:04,213|line:519| https://t.bilibili.com/1178782982330122246
2026-03-19 17:10:04,213|line:521| 已有
2026-03-19 17:10:04,214|line:519| https://t.bilibili.com/1178815033507840016
2026-03-19 17:10:06,537|line:526| 官方 或 预约 OUT！
2026-03-19 17:10:06,538|line:519| https://t.bilibili.com/1179210114707488770
2026-03-19 17:10:06,538|line:521| 已有
2026-03-19 17:10:06,538|line:519| https://t.bilibili.com/1178358358244065287
2026-03-19 17:10:06,538|line:521| 已有
2026-03-19 17:10:06,538|line:519| https://t.bilibili.com/1178431422080221184
2026-03-19 17:10:08,837|line:526| 官方 或 预约 OUT！
2026-03-19 17:10:08,837|line:519| https://t.bilibili.com/1179215917177896976
2026-03-19 17:10:10,196|line:526| 官方 或 预约 OUT！
2026-03-19 17:10:10,196|line:519| https://t.bilibili.com/1178792643883171845
2026-03-19 17:10:10,196|line:521| 已有
2026-03-19 17:10:10,196|line:519| https://t.bilibili.com/1178458282799398933
2026-03-19 17:10:10,196|line:521| 已有
2026-03-19 17:10:10,197|line:519| https://t.bilibili.com/1177599171267395591
2026-03-19 17:10:10,197|line:521| 已有
2026-03-19 17:10:10,197|line:519| https://t.bilibili.com/1179145402423705617
2026-03-19 17:10:14,579|line:526| 官方 或 预约 OUT！
2026-03-19 17:10:14,580|line:519| https://t.bilibili.com/1177599905668005893
2026-03-19 17:10:14,580|line:521| 已有
2026-03-19 17:10:14,580|line:519| https://t.bilibili.com/1179092655924051985
2026-03-19 17:10:18,934|line:526| 官方 或 预约 OUT！
2026-03-19 17:10:18,934|line:519| https://t.bilibili.com/1178746906766999585
2026-03-19 17:10:22,285|line:526| 官方 或 预约 OUT！
2026-03-19 17:10:22,285|line:519| https://t.bilibili.com/1179205304344117253
2026-03-19 17:10:22,286|line:521| 已有
2026-03-19 17:10:22,286|line:519| https://t.bilibili.com/1179204488312913920
2026-03-19 17:10:22,286|line:521| 已有
2026-03-19 17:10:22,286|line:519| https://t.bilibili.com/1179164038272122887
2026-03-19 17:10:22,286|line:521| 已有
2026-03-19 17:10:22,286|line:519| https://t.bilibili.com/1180352936773943302
2026-03-19 17:10:25,647|line:341| =========此为源动态=========
2026-03-19 17:10:27,021|line:362| *********子动态开始*********
2026-03-19 17:10:27,021|line:381| *********子动态结束*********
2026-03-19 17:10:27,022|line:537| -=-=-=-=处理回最初的动态-=-=-=-=
2026-03-19 17:10:37,245|line:475| 转发成功 1181553393004445736
2026-03-19 17:10:40,708|line:494| 评论发送成功
2026-03-19 17:10:43,157|line:424| 3546710322186667 === 已经关注了
2026-03-19 17:10:46,531|line:503| 动态-点赞 OK
2026-03-19 17:10:49,531|line:519| https://t.bilibili.com/1178513943464771601
2026-03-19 17:10:49,532|line:521| 已有
2026-03-19 17:10:49,532|line:519| https://t.bilibili.com/1179133451709710338
2026-03-19 17:10:49,532|line:521| 已有
2026-03-19 17:10:49,532|line:519| https://t.bilibili.com/1177608645963153409
2026-03-19 17:10:49,532|line:521| 已有
2026-03-19 17:10:49,532|line:519| https://t.bilibili.com/1179178267537571880
2026-03-19 17:10:50,896|line:526| 官方 或 预约 OUT！
2026-03-19 17:10:50,897|line:519| https://t.bilibili.com/1178736596723171367
2026-03-19 17:10:50,897|line:521| 已有
2026-03-19 17:10:50,897|line:519| https://t.bilibili.com/1180329679505063961
2026-03-19 17:10:54,258|line:341| =========此为源动态=========
2026-03-19 17:10:56,766|line:362| *********子动态开始*********
2026-03-19 17:10:56,767|line:381| *********子动态结束*********
2026-03-19 17:10:56,767|line:537| -=-=-=-=处理回最初的动态-=-=-=-=
2026-03-19 17:11:05,984|line:475| 转发成功 1181553513280307201
2026-03-19 17:11:09,386|line:494| 评论发送成功
2026-03-19 17:11:10,813|line:424| 9535164 === 已经关注了
2026-03-19 17:11:14,192|line:503| 动态-点赞 OK
2026-03-19 17:11:15,193|line:519| https://t.bilibili.com/1169917626553466899
2026-03-19 17:11:15,193|line:521| 已有
2026-03-19 17:11:15,193|line:519| https://t.bilibili.com/1180333596560326661
2026-03-19 17:11:19,498|line:526| 官方 或 预约 OUT！
2026-03-19 17:11:19,499|line:519| https://t.bilibili.com/1180344632425316368
2026-03-19 17:11:19,499|line:521| 已有
2026-03-19 17:11:19,499|line:519| https://t.bilibili.com/1175384913728241667
2026-03-19 17:11:22,805|line:526| 官方 或 预约 OUT！
2026-03-19 17:11:22,806|line:519| https://t.bilibili.com/1178384024996937748
2026-03-19 17:11:22,806|line:521| 已有
2026-03-19 17:11:22,806|line:519| https://t.bilibili.com/1178400264239972376
2026-03-19 17:11:26,162|line:526| 官方 或 预约 OUT！
2026-03-19 17:11:26,163|line:519| https://t.bilibili.com/1178095630799601721
2026-03-19 17:11:26,163|line:521| 已有
2026-03-19 17:11:26,163|line:519| https://t.bilibili.com/1180220937408086040
2026-03-19 17:11:29,522|line:341| =========此为源动态=========
2026-03-19 17:11:31,882|line:362| *********子动态开始*********
2026-03-19 17:11:31,883|line:381| *********子动态结束*********
2026-03-19 17:11:31,883|line:537| -=-=-=-=处理回最初的动态-=-=-=-=
2026-03-19 17:11:43,067|line:475| 转发成功 1181553672169979975
2026-03-19 17:11:46,520|line:494| 评论发送成功
2026-03-19 17:11:48,938|line:424| 9535164 === 已经关注了
2026-03-19 17:11:52,263|line:503| 动态-点赞 OK
2026-03-19 17:11:56,264|line:519| https://t.bilibili.com/1180331577931989013
2026-03-19 17:11:58,739|line:341| =========此为源动态=========
2026-03-19 17:12:01,333|line:362| *********子动态开始*********
2026-03-19 17:12:01,334|line:381| *********子动态结束*********
2026-03-19 17:12:01,334|line:537| -=-=-=-=处理回最初的动态-=-=-=-=
2026-03-19 17:12:11,579|line:475| 转发成功 1181553796734517265
2026-03-19 17:12:15,068|line:494| 评论发送成功
2026-03-19 17:12:18,463|line:424| 320772050 === 已经关注了
2026-03-19 17:12:21,842|line:503| 动态-点赞 OK
2026-03-19 17:12:25,843|line:519| https://t.bilibili.com/1178076891873017856
2026-03-19 17:12:25,843|line:521| 已有
2026-03-19 17:12:25,843|line:519| https://t.bilibili.com/1177680496478388240
2026-03-19 17:12:25,843|line:521| 已有
2026-03-19 17:12:25,843|line:519| https://t.bilibili.com/1178798444256428056
2026-03-19 17:12:25,843|line:521| 已有
2026-03-19 17:12:25,844|line:519| https://t.bilibili.com/1179165077645819912
2026-03-19 17:12:25,844|line:521| 已有
2026-03-19 17:12:25,844|line:519| https://t.bilibili.com/1180283783484538882
2026-03-19 17:12:27,206|line:341| =========此为源动态=========
2026-03-19 17:12:29,596|line:362| *********子动态开始*********
2026-03-19 17:12:29,596|line:381| *********子动态结束*********
2026-03-19 17:12:29,596|line:537| -=-=-=-=处理回最初的动态-=-=-=-=
2026-03-19 17:12:37,964|line:475| 转发成功 1181553908428832772
2026-03-19 17:12:41,417|line:494| 评论发送成功
2026-03-19 17:12:43,848|line:424| 109778207 === 已经关注了
2026-03-19 17:12:47,237|line:503| 动态-点赞 OK
2026-03-19 17:12:48,237|line:519| https://t.bilibili.com/1180209416171945991
2026-03-19 17:12:51,599|line:341| =========此为源动态=========
2026-03-19 17:12:54,996|line:362| *********子动态开始*********
2026-03-19 17:12:54,997|line:381| *********子动态结束*********
2026-03-19 17:12:54,997|line:537| -=-=-=-=处理回最初的动态-=-=-=-=
2026-03-19 17:13:02,315|line:475| 转发成功 1181554015803015169
2026-03-19 17:13:05,786|line:494| 评论发送成功
2026-03-19 17:13:09,223|line:424| 1521701206 === 已经关注了
2026-03-19 17:13:12,539|line:503| 动态-点赞 OK
2026-03-19 17:13:13,539|line:519| https://t.bilibili.com/1178785003096506393
2026-03-19 17:13:13,540|line:521| 已有
2026-03-19 17:13:13,540|line:519| https://t.bilibili.com/1178818731474681879
2026-03-19 17:13:13,540|line:521| 已有
2026-03-19 17:13:13,540|line:519| https://t.bilibili.com/1178476968092368897
2026-03-19 17:13:17,094|line:526| 官方 或 预约 OUT！
2026-03-19 17:13:17,094|line:519| https://t.bilibili.com/1178122551671390212
2026-03-19 17:13:21,454|line:526| 官方 或 预约 OUT！
2026-03-19 17:13:21,455|line:519| https://t.bilibili.com/1178868123638431748
2026-03-19 17:13:21,455|line:521| 已有
2026-03-19 17:13:21,455|line:519| https://t.bilibili.com/1180335967339282448
2026-03-19 17:13:25,757|line:526| 官方 或 预约 OUT！
2026-03-19 17:13:25,757|line:519| https://t.bilibili.com/1178814359257743364
2026-03-19 17:13:30,118|line:526| 官方 或 预约 OUT！
2026-03-19 17:13:30,119|line:519| https://t.bilibili.com/1179203474679660553
2026-03-19 17:13:34,421|line:526| 官方 或 预约 OUT！
2026-03-19 17:13:34,422|line:519| https://t.bilibili.com/1177717373028794371
2026-03-19 17:13:34,422|line:521| 已有
2026-03-19 17:13:34,422|line:519| https://t.bilibili.com/1179187205340397589
2026-03-19 17:13:34,422|line:521| 已有
2026-03-19 17:13:34,422|line:519| https://t.bilibili.com/1178423635325485065
2026-03-19 17:13:38,783|line:526| 官方 或 预约 OUT！
2026-03-19 17:13:38,783|line:519| https://t.bilibili.com/1178813916834168884
2026-03-19 17:13:38,784|line:521| 已有
2026-03-19 17:13:38,784|line:519| https://t.bilibili.com/1172865778014224387
2026-03-19 17:13:42,137|line:526| 官方 或 预约 OUT！
2026-03-19 17:13:42,137|line:519| https://t.bilibili.com/1178797922361278470
2026-03-19 17:13:42,137|line:521| 已有
2026-03-19 17:13:42,137|line:519| https://t.bilibili.com/1179092398218674196
2026-03-19 17:13:42,138|line:521| 已有
2026-03-19 17:13:42,138|line:519| https://t.bilibili.com/1180702864937320449
2026-03-19 17:13:46,579|line:526| 官方 或 预约 OUT！
2026-03-19 17:13:46,579|line:519| https://t.bilibili.com/1160940032506200100
2026-03-19 17:13:50,944|line:526| 官方 或 预约 OUT！
2026-03-19 17:13:50,944|line:519| https://t.bilibili.com/1180638582145024032
2026-03-19 17:13:53,320|line:526| 官方 或 预约 OUT！
2026-03-19 17:13:53,320|line:519| https://t.bilibili.com/1177996425639755783
2026-03-19 17:13:53,321|line:521| 已有
2026-03-19 17:13:53,321|line:519| https://t.bilibili.com/1179200453181702164
2026-03-19 17:13:53,321|line:521| 已有
2026-03-19 17:13:53,321|line:519| https://t.bilibili.com/1180344772070473736
2026-03-19 17:13:57,679|line:341| =========此为源动态=========
2026-03-19 17:14:02,033|line:362| *********子动态开始*********
2026-03-19 17:14:02,033|line:381| *********子动态结束*********
2026-03-19 17:14:02,033|line:537| -=-=-=-=处理回最初的动态-=-=-=-=
2026-03-19 17:14:12,411|line:475| 转发成功 1181554316409831431
2026-03-19 17:14:15,867|line:494| 评论发送成功
2026-03-19 17:14:20,310|line:424| 386615477 === 已经关注了
2026-03-19 17:14:23,688|line:503| 动态-点赞 OK
2026-03-19 17:14:26,689|line:519| https://t.bilibili.com/1178091060976418816
2026-03-19 17:14:26,689|line:521| 已有
2026-03-19 17:14:26,689|line:519| https://t.bilibili.com/1180208909358465049
2026-03-19 17:14:31,132|line:341| =========此为源动态=========
2026-03-19 17:14:32,682|line:362| *********子动态开始*********
2026-03-19 17:14:32,683|line:381| *********子动态结束*********
2026-03-19 17:14:32,683|line:537| -=-=-=-=处理回最初的动态-=-=-=-=
2026-03-19 17:14:42,093|line:475| 转发成功 1181554441013166131
2026-03-19 17:14:45,574|line:494| 评论发送成功
2026-03-19 17:14:48,958|line:424| 3546391102097741 === 已经关注了
2026-03-19 17:14:52,349|line:503| 动态-点赞 OK
2026-03-19 17:14:56,350|line:519| https://t.bilibili.com/635932563238551585
2026-03-19 17:14:56,350|line:521| 已有
2026-03-19 17:14:56,350|line:519| https://t.bilibili.com/1178521687246766086
2026-03-19 17:14:56,350|line:521| 已有
2026-03-19 17:14:56,351|line:519| https://t.bilibili.com/1178755150934704132
2026-03-19 17:14:56,351|line:521| 已有
2026-03-19 17:14:56,351|line:519| https://t.bilibili.com/1180329170592333824
2026-03-19 17:15:00,714|line:341| =========此为源动态=========
2026-03-19 17:15:04,498|line:362| *********子动态开始*********
2026-03-19 17:15:04,498|line:381| *********子动态结束*********
2026-03-19 17:15:04,499|line:537| -=-=-=-=处理回最初的动态-=-=-=-=
2026-03-19 17:15:15,896|line:475| 转发成功 1181554587041005591
2026-03-19 17:15:19,400|line:494| 评论发送成功
2026-03-19 17:15:20,832|line:424| 3850213 === 已经关注了
2026-03-19 17:15:24,189|line:503| 动态-点赞 OK
2026-03-19 17:15:26,190|line:519| https://t.bilibili.com/1180222648926339081
2026-03-19 17:15:30,669|line:526| 官方 或 预约 OUT！
2026-03-19 17:15:30,669|line:519| https://t.bilibili.com/1178773226342318081
2026-03-19 17:15:33,127|line:526| 官方 或 预约 OUT！
2026-03-19 17:15:33,127|line:519| https://t.bilibili.com/1180250952765014025
2026-03-19 17:15:36,451|line:341| =========此为源动态=========
2026-03-19 17:15:41,021|line:362| *********子动态开始*********
2026-03-19 17:15:41,021|line:381| *********子动态结束*********
2026-03-19 17:15:41,022|line:537| -=-=-=-=处理回最初的动态-=-=-=-=
2026-03-19 17:15:51,422|line:475| 转发成功 1181554741652488215
2026-03-19 17:15:54,816|line:494| 评论发送成功
2026-03-19 17:15:56,255|line:424| 238623328 === 已经关注了
2026-03-19 17:15:59,640|line:503| 动态-点赞 OK
2026-03-19 17:16:02,641|line:519| https://t.bilibili.com/1178813906110382085
2026-03-19 17:16:02,641|line:521| 已有
2026-03-19 17:16:02,641|line:519| https://t.bilibili.com/1180236399297691686
2026-03-19 17:16:04,071|line:341| =========此为源动态=========
2026-03-19 17:16:05,645|line:362| *********子动态开始*********
2026-03-19 17:16:05,646|line:381| *********子动态结束*********
2026-03-19 17:16:05,646|line:537| -=-=-=-=处理回最初的动态-=-=-=-=
2026-03-19 17:16:14,917|line:475| 转发成功 1181554840408424448
2026-03-19 17:16:18,377|line:494| 评论发送成功
2026-03-19 17:16:20,765|line:424| 471130755 === 已经关注了
2026-03-19 17:16:24,166|line:503| 动态-点赞 OK
2026-03-19 17:16:27,166|line:519| https://t.bilibili.com/1178820312058298368
2026-03-19 17:16:27,167|line:521| 已有
2026-03-19 17:16:27,167|line:519| https://t.bilibili.com/1178427599584493606
2026-03-19 17:16:31,519|line:526| 官方 或 预约 OUT！
2026-03-19 17:16:31,519|line:552| 执行结束
2026-03-19 17:16:31,519|line:558| ==================================================2026-03-20 01:16==================================================
2026-03-19 17:16:31,520|line:232| processing article 46921690
2026-03-19 17:16:35,268|line:507| ==================================================2026-03-20 01:16==================================================
2026-03-19 17:16:35,269|line:232| processing article 46954861
2026-03-19 17:16:37,964|line:507| ==================================================2026-03-20 01:16==================================================
2026-03-19 17:16:37,964|line:232| processing article 46953684
2026-03-19 17:16:39,656|line:507| ==================================================2026-03-20 01:16==================================================
2026-03-19 17:16:39,656|line:232| processing article 46946710
2026-03-19 17:16:41,400|line:507| ==================================================2026-03-20 01:16==================================================
2026-03-19 17:16:41,400|line:232| processing article 46946612
2026-03-19 17:16:45,094|line:507| ==================================================2026-03-20 01:16==================================================
2026-03-19 17:16:45,094|line:232| processing article 46927579
2026-03-19 17:16:49,799|line:507| ==================================================2026-03-20 01:16==================================================
2026-03-19 17:16:49,799|line:232| processing article 46923046
2026-03-19 17:16:53,506|line:507| ==================================================2026-03-20 01:16==================================================
2026-03-19 17:16:53,507|line:232| processing article 46918292
2026-03-19 17:16:55,813|line:507| ==================================================2026-03-20 01:16==================================================
2026-03-19 17:16:55,813|line:519| https://t.bilibili.com/1180234112231800852
2026-03-19 17:16:57,263|line:526| 官方 或 预约 OUT！
2026-03-19 17:16:57,263|line:519| https://t.bilibili.com/1177641395044745232
2026-03-19 17:16:59,656|line:526| 官方 或 预约 OUT！
2026-03-19 17:16:59,656|line:519| https://t.bilibili.com/1178738454289186837
2026-03-19 17:17:03,012|line:526| 官方 或 预约 OUT！
2026-03-19 17:17:03,012|line:519| https://t.bilibili.com/1148036791104700456
2026-03-19 17:17:07,366|line:526| 官方 或 预约 OUT！
2026-03-19 17:17:07,366|line:519| https://t.bilibili.com/1179262715156234243
2026-03-19 17:17:11,666|line:526| 官方 或 预约 OUT！
2026-03-19 17:17:11,667|line:519| https://t.bilibili.com/1179244384272515127
2026-03-19 17:17:16,029|line:526| 官方 或 预约 OUT！
2026-03-19 17:17:16,030|line:519| https://t.bilibili.com/1177724300795314182
2026-03-19 17:17:16,030|line:521| 已有
2026-03-19 17:17:16,030|line:519| https://t.bilibili.com/1175500843527438345
2026-03-19 17:17:18,384|line:526| 官方 或 预约 OUT！
2026-03-19 17:17:18,384|line:519| https://t.bilibili.com/1179145402423705617
2026-03-19 17:17:20,692|line:526| 官方 或 预约 OUT！
2026-03-19 17:17:20,692|line:519| https://t.bilibili.com/1175105367224352771
2026-03-19 17:17:20,692|line:521| 已有
2026-03-19 17:17:20,693|line:519| https://t.bilibili.com/1178875373550567445
2026-03-19 17:17:23,054|line:526| 官方 或 预约 OUT！
2026-03-19 17:17:23,054|line:519| https://t.bilibili.com/1178124699149795331
2026-03-19 17:17:24,353|line:526| 官方 或 预约 OUT！
2026-03-19 17:17:24,353|line:519| https://t.bilibili.com/1159444593572315142
2026-03-19 17:17:25,710|line:526| 官方 或 预约 OUT！
2026-03-19 17:17:25,711|line:519| https://t.bilibili.com/1179588290840363141
2026-03-19 17:17:28,021|line:526| 官方 或 预约 OUT！
2026-03-19 17:17:28,021|line:519| https://t.bilibili.com/1178736762065780777
2026-03-19 17:17:30,370|line:526| 官方 或 预约 OUT！
2026-03-19 17:17:30,370|line:519| https://t.bilibili.com/1179190057214410770
2026-03-19 17:17:33,737|line:526| 官方 或 预约 OUT！
2026-03-19 17:17:33,737|line:519| https://t.bilibili.com/1172438729395011592
2026-03-19 17:17:38,091|line:526| 官方 或 预约 OUT！
2026-03-19 17:17:38,091|line:519| https://t.bilibili.com/1176154571853004807
2026-03-19 17:17:41,439|line:526| 官方 或 预约 OUT！
2026-03-19 17:17:41,440|line:519| https://t.bilibili.com/1176773579766759425
2026-03-19 17:17:45,792|line:526| 官方 或 预约 OUT！
2026-03-19 17:17:45,793|line:519| https://t.bilibili.com/1180339394741010435
2026-03-19 17:17:50,155|line:526| 官方 或 预约 OUT！
2026-03-19 17:17:50,155|line:519| https://t.bilibili.com/1178839463343685641
2026-03-19 17:17:54,456|line:526| 官方 或 预约 OUT！
2026-03-19 17:17:54,456|line:519| https://t.bilibili.com/1158766847743492101
2026-03-19 17:17:54,457|line:521| 已有
2026-03-19 17:17:54,457|line:519| https://t.bilibili.com/1171419559437008903
2026-03-19 17:17:56,809|line:526| 官方 或 预约 OUT！
2026-03-19 17:17:56,809|line:519| https://t.bilibili.com/1152591243149049872
2026-03-19 17:18:00,143|line:526| 官方 或 预约 OUT！
2026-03-19 17:18:00,144|line:519| https://t.bilibili.com/1176241562153123847
2026-03-19 17:18:03,511|line:526| 官方 或 预约 OUT！
2026-03-19 17:18:03,512|line:519| https://t.bilibili.com/1168149139405406229
2026-03-19 17:18:05,902|line:526| 官方 或 预约 OUT！
2026-03-19 17:18:05,903|line:519| https://t.bilibili.com/1180237256095432729
2026-03-19 17:18:07,262|line:526| 官方 或 预约 OUT！
2026-03-19 17:18:07,262|line:519| https://t.bilibili.com/1170199475140952102
2026-03-19 17:18:08,682|line:526| 官方 或 预约 OUT！
2026-03-19 17:18:08,682|line:519| https://t.bilibili.com/1178723271586086921
2026-03-19 17:18:13,036|line:526| 官方 或 预约 OUT！
2026-03-19 17:18:13,036|line:519| https://t.bilibili.com/1179909318200262665
2026-03-19 17:18:16,397|line:526| 官方 或 预约 OUT！
2026-03-19 17:18:16,397|line:519| https://t.bilibili.com/1175488336553312263
2026-03-19 17:18:18,755|line:526| 官方 或 预约 OUT！
2026-03-19 17:18:18,755|line:519| https://t.bilibili.com/1178122551671390212
2026-03-19 17:18:22,123|line:526| 官方 或 预约 OUT！
2026-03-19 17:18:22,124|line:519| https://t.bilibili.com/1178439198159405058
2026-03-19 17:18:25,484|line:526| 官方 或 预约 OUT！
2026-03-19 17:18:25,484|line:519| https://t.bilibili.com/1176986086138707991
2026-03-19 17:18:26,861|line:526| 官方 或 预约 OUT！
2026-03-19 17:18:26,862|line:519| https://t.bilibili.com/1169917626553466899
2026-03-19 17:18:26,862|line:521| 已有
2026-03-19 17:18:26,862|line:519| https://t.bilibili.com/1177638813788274758
2026-03-19 17:18:31,174|line:526| 官方 或 预约 OUT！
2026-03-19 17:18:31,175|line:519| https://t.bilibili.com/1179678038485368848
2026-03-19 17:18:34,554|line:526| 官方 或 预约 OUT！
2026-03-19 17:18:34,554|line:519| https://t.bilibili.com/1180008364416958471
2026-03-19 17:18:38,916|line:526| 官方 或 预约 OUT！
2026-03-19 17:18:38,916|line:519| https://t.bilibili.com/1180617506758328327
2026-03-19 17:18:41,281|line:526| 官方 或 预约 OUT！
2026-03-19 17:18:41,281|line:552| 执行结束
2026-03-19 17:18:41,281|line:558| ==================================================2026-03-20 01:18==================================================
2026-03-19 17:18:41,281|line:232| processing article 46918137
2026-03-19 17:18:44,643|line:507| ==================================================2026-03-20 01:18==================================================
2026-03-19 17:18:44,644|line:519| https://t.bilibili.com/1178380997011439704
2026-03-19 17:18:48,969|line:526| 官方 或 预约 OUT！
2026-03-19 17:18:48,969|line:519| https://t.bilibili.com/1180234112231800852
2026-03-19 17:18:50,282|line:526| 官方 或 预约 OUT！
2026-03-19 17:18:50,282|line:519| https://t.bilibili.com/1170591146136567842
2026-03-19 17:18:52,590|line:526| 官方 或 预约 OUT！
2026-03-19 17:18:52,591|line:519| https://t.bilibili.com/1177641395044745232
2026-03-19 17:18:55,942|line:526| 官方 或 预约 OUT！
2026-03-19 17:18:55,942|line:519| https://t.bilibili.com/1180327428975755281
2026-03-19 17:19:00,296|line:526| 官方 或 预约 OUT！
2026-03-19 17:19:00,296|line:519| https://t.bilibili.com/1175133997485785141
2026-03-19 17:19:04,776|line:526| 官方 或 预约 OUT！
2026-03-19 17:19:04,776|line:519| https://t.bilibili.com/1177724300795314182
2026-03-19 17:19:04,777|line:521| 已有
2026-03-19 17:19:04,777|line:519| https://t.bilibili.com/1180706142015193093
2026-03-19 17:19:08,088|line:526| 官方 或 预约 OUT！
2026-03-19 17:19:08,088|line:519| https://t.bilibili.com/1180236753617813525
2026-03-19 17:19:11,452|line:526| 官方 或 预约 OUT！
2026-03-19 17:19:11,452|line:519| https://t.bilibili.com/1175105367224352771
2026-03-19 17:19:11,452|line:521| 已有
2026-03-19 17:19:11,452|line:519| https://t.bilibili.com/1180678654221352964
2026-03-19 17:19:11,452|line:521| 已有
2026-03-19 17:19:11,452|line:519| https://t.bilibili.com/1177644216860278805
2026-03-19 17:19:15,827|line:526| 官方 或 预约 OUT！
2026-03-19 17:19:15,827|line:519| https://t.bilibili.com/1176773579766759425
2026-03-19 17:19:17,191|line:526| 官方 或 预约 OUT！
2026-03-19 17:19:17,192|line:519| https://t.bilibili.com/1180339394741010435
2026-03-19 17:19:21,556|line:526| 官方 或 预约 OUT！
2026-03-19 17:19:21,557|line:519| https://t.bilibili.com/1179563869696163849
2026-03-19 17:19:21,557|line:521| 已有
2026-03-19 17:19:21,557|line:519| https://t.bilibili.com/1180269983747276807
2026-03-19 17:19:24,910|line:526| 官方 或 预约 OUT！
2026-03-19 17:19:24,910|line:519| https://t.bilibili.com/1158766847743492101
2026-03-19 17:19:24,911|line:521| 已有
2026-03-19 17:19:24,911|line:519| https://t.bilibili.com/1179936239075196935
2026-03-19 17:19:24,911|line:521| 已有
2026-03-19 17:19:24,911|line:519| https://t.bilibili.com/1176241562153123847
2026-03-19 17:19:29,272|line:526| 官方 或 预约 OUT！
2026-03-19 17:19:29,272|line:519| https://t.bilibili.com/1168149139405406229
2026-03-19 17:19:31,633|line:526| 官方 或 预约 OUT！
2026-03-19 17:19:31,633|line:519| https://t.bilibili.com/1178439198159405058
2026-03-19 17:19:33,930|line:526| 官方 或 预约 OUT！
2026-03-19 17:19:33,931|line:519| https://t.bilibili.com/1180306473805152274
2026-03-19 17:19:33,931|line:521| 已有
2026-03-19 17:19:33,931|line:519| https://t.bilibili.com/1180236508779511847
2026-03-19 17:19:35,236|line:526| 官方 或 预约 OUT！
2026-03-19 17:19:35,237|line:519| https://t.bilibili.com/1169917626553466899
2026-03-19 17:19:35,237|line:521| 已有
2026-03-19 17:19:35,237|line:519| https://t.bilibili.com/1177638813788274758
2026-03-19 17:19:36,591|line:526| 官方 或 预约 OUT！
2026-03-19 17:19:36,592|line:519| https://t.bilibili.com/1179678038485368848
2026-03-19 17:19:39,889|line:526| 官方 或 预约 OUT！
2026-03-19 17:19:39,890|line:519| https://t.bilibili.com/1180236530303631369
2026-03-19 17:19:41,199|line:526| 官方 或 预约 OUT！
2026-03-19 17:19:41,199|line:519| https://t.bilibili.com/1176526395786919944
2026-03-19 17:19:45,505|line:526| 官方 或 预约 OUT！
2026-03-19 17:19:45,505|line:552| 执行结束
2026-03-19 17:19:45,506|line:558| ==================================================2026-03-20 01:19==================================================
2026-03-19 17:19:52,516|line:578| ('reply: ', '榄菊官方', '[给心心]')
2026-03-19 17:19:52,516|line:578| ('reply: ', '吓死我啦芙莱', '并不是')
2026-03-19 17:19:52,517|line:578| ('reply: ', '花生十三-公考行测', '68')
2026-03-19 17:19:52,517|line:578| ('reply: ', '三鹿七茸猫尾巴', '[夏诺雅表情包_？？？]')
2026-03-19 17:19:52,517|line:578| ('reply: ', '小闪闪bling', 'hhh腾子买库洛让我感觉他自己有点不太想出大世界了')
2026-03-19 17:19:52,517|line:578| ('reply: ', '魔改后远野汉娜', '不是，这……')
2026-03-19 17:19:52,517|line:578| ('reply: ', '好像都是一个人', '你在说什么')
2026-03-19 17:19:52,517|line:578| ('reply: ', '目标咨询', '太宠粉了啊')
2026-03-19 17:19:52,517|line:578| ('reply: ', '数玩工场', '祝你成功')
2026-03-19 17:19:52,517|line:578| ('reply: ', '益家有小佰', '恭喜宝子，获得小电视月度会员1份和克刻冰冰猴喉糖随机口味1份～记得私信小佰提供信息哦~')
2026-03-19 17:19:52,518|line:578| ('reply: ', '圆环之理-Madoka', '是的')
2026-03-19 17:19:52,518|line:578| ('reply: ', '兰的三姨', '这就是银河巨星的实力！')
2026-03-19 17:19:52,518|line:578| ('reply: ', '花园百合铃音', '有男不玩，我只吃麻辣火锅，xxn滚[吃瓜]')
2026-03-19 17:19:52,518|line:578| ('reply: ', '是绝赞的阿鬼', '[tv_难过]')
2026-03-19 17:19:52,518|line:578| ('reply: ', '桃稚不幼稚', '还行')
2026-03-19 17:19:52,518|line:578| ('reply: ', '陌罔子吖', '佬，这个报名有啥条件不。最近太非了，想下次报来抽[脱单doge][脱单doge][脱单doge]')
2026-03-19 17:19:52,518|line:578| ('reply: ', '太二酸菜鱼', '恭喜成为本期欧皇[打call]获得【肥龙联名显眼包】1份，在收到本信息的两天内回复哥的私信哦~逾期哥就自己收啦！[脱单doge]')
2026-03-19 17:19:52,518|line:578| ('reply: ', '得一想二的松鼠', '中奖分我一半')
2026-03-19 17:19:52,518|line:578| ('reply: ', '佑凉Uriyoo', '谢谢！！！[UP_24967030_感恩]')
2026-03-19 17:19:52,518|line:578| ('reply: ', '岛莓祁', '好耶')
2026-03-19 17:19:56,931|line:587| ('at: ', '电脑报', '恭喜@小小Shaun UID：1090970340，@-叶晓吖  UID：22437099  获得 【电竞大礼包】1份， 请在三日内私信我')
2026-03-19 17:19:56,931|line:587| ('at: ', '联想拯救者官方', '是我喜欢的奖品名单 直接开奖 上 趁现在没人偷摸开个奖 恭喜这些小伙伴 【拯救者7.1声卡H7游戏耳机】获奖名单 @泪水打湿猪脚饭o @xoomoon @小小Shaun @T山海连云T @超超超超薄脆饼干 @BerboomC 【拯救者C140氮化镓适配器】获奖名单 @改个天凉好个秋 @夜猫子牙不好 @LLL好久不见 @林殇倾慕婉 @今天也要拥抱微风 @洳不及我万一 @胜利の天平 【白金独角兽电竞鼠标】获奖名单 @底片上的诗旅人 【拯救者C170氮化镓适配器】获奖名单 @麦當劳无限好 @無名丶の辈 @任性的提莫 @广东有暖风 由于B站私信规则修改 我会私信中奖的小伙伴一条消息，还请注意查收并回复我您的收货地址与联系方式，奖品基本会在私信您信息后的三十个工作日内发货')
2026-03-19 17:19:56,931|line:587| ('at: ', 'Apexgaming艾湃电竞', '恭喜 @小小Shaun 获得饮料一份，三天内联系我，过时不候！')
2026-03-19 17:19:56,931|line:587| ('at: ', '喜欢白毛有什么不好', '1 @浪子游2fans6@被_____打下来的飞机@拉斯特臣后面一个点@专心致志的学生@猫猫头OmMeow@小小Shaun@龐門左道@啦啦痴痴腻@bili_66938050009@日月星辰668')
2026-03-19 17:19:56,932|line:587| ('at: ', 'iKF蓝牙耳机', '恭喜@小小Shaun 宝子成为苏泊尔福利动态幸运儿！\n注意：即日起72小时内回复信息确认领奖哦！逾期将自动视为放弃中奖资格。\n没有中奖的宝子们不要气馁，参与一下下置顶视频iKF Mars，增加欧气值，说不定下个幸运儿就是你！\n链接：\nhttps://www.bilibili.com/video/BV1Soo6YLEHZ/?spm_id_from=333.1387.list.card_archive.click&vd_source=21fb0967ccc75e6b3b2447ade2c740dd\n还没参与抽奖的宝子们，赶紧点击上方链接参与吧！还有特别福利惊喜等你哦~')
2026-03-19 17:19:56,932|line:587| ('at: ', 'wellymerck威利默克', '恭喜@小小Shaun\xa0 获得《我是你的小狗3 永远等你回家》1本，请于5天内联系威宝，凭关注+互动截图领取奖品，逾期作废~')
2026-03-19 17:19:56,932|line:587| ('at: ', '宁美NINGMEI', '恭喜@小小Shaun   中奖，请在12月1日24点前私信我：1. 奖品+中奖信息a. 实物奖：姓名电话地址，给文字！省市区路清晰，提交不清晰不发奖，信息错误致无法签收，概不负责；\n\nb. 现金红包给到支付宝实名+账号；\n\nc. 京东卡/猫超卡 等购物卡给到姓名+电话；2. 宁美和品牌方关注截图+转发截图！\n\n必须关注品牌方，否则奖品不予发放；如遇无法私信图片的情况，等待我回复后即可发送图片。PS： \n\n因后台收信有时会出问题，以回复“已登记”为准，没有回复即表示私信未收到。\n\n过期视为自动放弃，不会补发；奖品30个工作日内发送，勿催哦~\n\n不发全，不回复。其他小伙伴请继续努力！')
2026-03-19 17:19:56,932|line:587| ('at: ', '爱玛电动车官方账号', '#一“玛”当先榜# 快来看看10月都是谁和爱玛酱互动最多呀~ 💕恭喜@小小Shaun 和@甘瑞凯拉莎 排行第一！这两位小玛达将会获得【爱玛随机周边×1】，请5天内私信爱玛酱领奖哟~[鼓掌] 以后也请继续单推我无敌可爱美少女爱玛酱呀嘿嘿！(●´З｀●)')
2026-03-19 17:19:56,932|line:587| ('at: ', '爱玛电动车官方账号', '')
2026-03-19 17:19:56,932|line:587| ('at: ', '海露滴眼液', '互动榜出炉啦')
2026-03-19 17:19:56,932|line:587| ('at: ', '和蔼可亲桃白白', '\u200b//@九号公司:\u200b恭喜@小小Shaun 中奖！后续记得查收私信哟～\u200b//@九号公司:#互动抽奖# 谢谢粒粒的复工礼！小九也来加个码~关注【@微粒贷+@九号公司 】并转发该动态，抽一位小可爱获得【100元京东卡】~ #供电局福利社# 10月31日抽出！')
2026-03-19 17:19:56,932|line:587| ('at: ', '望大家身体健康快乐', '\u200b//@九号公司:\u200b恭喜@小小Shaun 中奖！后续记得查收私信哟～\u200b//@九号公司 :#互动抽奖# 谢谢粒粒的复工礼！小九也来加个码~关注【@微粒贷+@九号公司 】并转发该动态，抽一位小可爱获得【100元京东卡】~ #供电局福利社# 10月31日抽出！')
2026-03-19 17:19:56,932|line:587| ('at: ', 'MoMA_Reona', '//@九号公司:\u200b恭喜@小小Shaun 中奖！后续记得查收私信哟～\u200b//@九号公司:#互动抽奖# 谢谢粒粒的复工礼！小九也来加个码~关注【@微粒贷+@九号公司 】并转发该动态，抽一位小可爱获得【100元京东卡】~ #供电局福利社# 10月31日抽出！')
2026-03-19 17:19:56,933|line:587| ('at: ', '摸鱼二队', '\u200b//@九号公司:\u200b恭喜@小小Shaun 中奖！后续记得查收私信哟～\u200b//@九号公司 :#互动抽奖# 谢谢粒粒的复工礼！小九也来加个码~关注【@微粒贷+@九号公司 】并转发该动态，抽一位小可爱获得【100元京东卡】~ #供电局福利社# 10月31日抽出！')
2026-03-19 17:19:56,933|line:587| ('at: ', '文少嘅一些事一些情', '\u200b//@九号公司:\u200b恭喜@小小Shaun 中奖！后续记得查收私信哟～\u200b//@九号公司 :#互动抽奖# 谢谢粒粒的复工礼！小九也来加个码~关注【@微粒贷+@九号公司 】并转发该动态，抽一位小可爱获得【100元京东卡】~ #供电局福利社# 10月31日抽出！')
2026-03-19 17:19:56,933|line:587| ('at: ', 'Carry队友的嘟嘟酱丶', '\u200b//@九号公司:\u200b恭喜@小小Shaun 中奖！后续记得查收私信哟～\u200b//@九号公司 :#互动抽奖# 谢谢粒粒的复工礼！小九也来加个码~关注【@微粒贷+@九号公司 】并转发该动态，抽一位小可爱获得【100元京东卡】~ #供电局福利社# 10月31日抽出！')
2026-03-19 17:19:56,933|line:587| ('at: ', '蛤蟆zero', '//@九号公司:\u200b恭喜@小小Shaun 中奖！后续记得查收私信哟～\u200b//@九号公司:#互动抽奖# 谢谢粒粒的复工礼！小九也来加个码~关注【@微粒贷+@九号公司 】并转发该动态，抽一位小可爱获得【100元京东卡】~ #供电局福利社# 10月31日抽出！c冲冲冲')
2026-03-19 17:19:56,933|line:587| ('at: ', '木而各子要吃笃栗子', '\u200b//@九号公司:\u200b恭喜@小小Shaun 中奖！后续记得查收私信哟～\u200b//@九号公司 :#互动抽奖# 谢谢粒粒的复工礼！小九也来加个码~关注【@微粒贷+@九号公司 】并转发该动态，抽一位小可爱获得【100元京东卡】~ #供电局福利社# 10月31日抽出！')
2026-03-19 17:19:56,933|line:587| ('at: ', '裙下愚臣情默默', '\u200b//@九号公司:\u200b恭喜@小小Shaun 中奖！后续记得查收私信哟～\u200b//@九号公司 :#互动抽奖# 谢谢粒粒的复工礼！小九也来加个码~关注【@微粒贷+@九号公司 】并转发该动态，抽一位小可爱获得【100元京东卡】~ #供电局福利社# 10月31日抽出！')
2026-03-19 17:19:56,933|line:587| ('at: ', '戊子毕宿', '')
