2026-06-28 17:22:25,851|line:232| processing article 50969028
2026-06-28 17:22:27,635|line:507| ==================================================2026-06-29 01:22==================================================
2026-06-28 17:22:27,636|line:232| processing article 50966660
2026-06-28 17:22:32,796|line:507| ==================================================2026-06-29 01:22==================================================
2026-06-28 17:22:32,797|line:519| https://t.bilibili.com/1218666347173511191
2026-06-28 17:22:36,296|line:346| Expecting value: line 1 column 1 (char 0)
2026-06-28 17:22:36,296|line:347| error line:319
2026-06-28 17:22:36,297|line:533| *#*#*#*#*#*#*#*#*#*еҺҹеҠЁжҖҒеӨ„зҗҶеӨұиҙҘ*#*#*#*#*#*#*#*#*#
2026-06-28 17:22:36,297|line:519| https://t.bilibili.com/1218926454700507145
2026-06-28 17:22:37,571|line:346| Expecting value: line 1 column 1 (char 0)
2026-06-28 17:22:37,571|line:347| error line:319
2026-06-28 17:22:37,572|line:533| *#*#*#*#*#*#*#*#*#*еҺҹеҠЁжҖҒеӨ„зҗҶеӨұиҙҘ*#*#*#*#*#*#*#*#*#
2026-06-28 17:22:37,572|line:519| https://t.bilibili.com/1218895475082526759
2026-06-28 17:22:40,891|line:346| Expecting value: line 1 column 1 (char 0)
2026-06-28 17:22:40,891|line:347| error line:319
2026-06-28 17:22:40,892|line:533| *#*#*#*#*#*#*#*#*#*еҺҹеҠЁжҖҒеӨ„зҗҶеӨұиҙҘ*#*#*#*#*#*#*#*#*#
2026-06-28 17:22:40,893|line:519| https://t.bilibili.com/1218836988359081989
2026-06-28 17:22:45,221|line:346| Expecting value: line 1 column 1 (char 0)
2026-06-28 17:22:45,221|line:347| error line:319
2026-06-28 17:22:45,222|line:533| *#*#*#*#*#*#*#*#*#*еҺҹеҠЁжҖҒеӨ„зҗҶеӨұиҙҘ*#*#*#*#*#*#*#*#*#
2026-06-28 17:22:45,222|line:519| https://t.bilibili.com/1218894809383567366
2026-06-28 17:22:46,486|line:346| Expecting value: line 1 column 1 (char 0)
2026-06-28 17:22:46,486|line:347| error line:319
2026-06-28 17:22:46,487|line:533| *#*#*#*#*#*#*#*#*#*еҺҹеҠЁжҖҒеӨ„зҗҶеӨұиҙҘ*#*#*#*#*#*#*#*#*#
2026-06-28 17:22:46,487|line:519| https://t.bilibili.com/1218922028731465736
2026-06-28 17:22:48,810|line:346| Expecting value: line 1 column 1 (char 0)
2026-06-28 17:22:48,810|line:347| error line:319
2026-06-28 17:22:48,811|line:533| *#*#*#*#*#*#*#*#*#*еҺҹеҠЁжҖҒеӨ„зҗҶеӨұиҙҘ*#*#*#*#*#*#*#*#*#
2026-06-28 17:22:48,811|line:519| https://t.bilibili.com/1218503658108354561
2026-06-28 17:22:52,093|line:346| Expecting value: line 1 column 1 (char 0)
2026-06-28 17:22:52,094|line:347| error line:319
2026-06-28 17:22:52,095|line:533| *#*#*#*#*#*#*#*#*#*еҺҹеҠЁжҖҒеӨ„зҗҶеӨұиҙҘ*#*#*#*#*#*#*#*#*#
2026-06-28 17:22:52,095|line:519| https://t.bilibili.com/1218746452570800132
2026-06-28 17:22:55,376|line:346| Expecting value: line 1 column 1 (char 0)
2026-06-28 17:22:55,377|line:347| error line:319
2026-06-28 17:22:55,377|line:533| *#*#*#*#*#*#*#*#*#*еҺҹеҠЁжҖҒеӨ„зҗҶеӨұиҙҘ*#*#*#*#*#*#*#*#*#
2026-06-28 17:22:55,378|line:519| https://t.bilibili.com/1217447658755457044
2026-06-28 17:22:59,663|line:346| Expecting value: line 1 column 1 (char 0)
2026-06-28 17:22:59,663|line:347| error line:319
2026-06-28 17:22:59,663|line:533| *#*#*#*#*#*#*#*#*#*еҺҹеҠЁжҖҒеӨ„зҗҶеӨұиҙҘ*#*#*#*#*#*#*#*#*#
2026-06-28 17:22:59,664|line:519| https://t.bilibili.com/1218620807595425812
2026-06-28 17:23:01,151|line:346| Expecting value: line 1 column 1 (char 0)
2026-06-28 17:23:01,152|line:347| error line:319
2026-06-28 17:23:01,153|line:533| *#*#*#*#*#*#*#*#*#*еҺҹеҠЁжҖҒеӨ„зҗҶеӨұиҙҘ*#*#*#*#*#*#*#*#*#
2026-06-28 17:23:01,153|line:519| https://t.bilibili.com/1218608382287544372
2026-06-28 17:23:05,434|line:346| Expecting value: line 1 column 1 (char 0)
2026-06-28 17:23:05,434|line:347| error line:319
2026-06-28 17:23:05,435|line:533| *#*#*#*#*#*#*#*#*#*еҺҹеҠЁжҖҒеӨ„зҗҶеӨұиҙҘ*#*#*#*#*#*#*#*#*#
2026-06-28 17:23:05,435|line:519| https://t.bilibili.com/1212256924542697478
2026-06-28 17:23:09,711|line:346| Expecting value: line 1 column 1 (char 0)
2026-06-28 17:23:09,711|line:347| error line:319
2026-06-28 17:23:09,712|line:533| *#*#*#*#*#*#*#*#*#*еҺҹеҠЁжҖҒеӨ„зҗҶеӨұиҙҘ*#*#*#*#*#*#*#*#*#
2026-06-28 17:23:09,712|line:519| https://t.bilibili.com/1218645907419955223
2026-06-28 17:23:11,997|line:346| Expecting value: line 1 column 1 (char 0)
2026-06-28 17:23:11,998|line:347| error line:319
2026-06-28 17:23:11,998|line:533| *#*#*#*#*#*#*#*#*#*еҺҹеҠЁжҖҒеӨ„зҗҶеӨұиҙҘ*#*#*#*#*#*#*#*#*#
2026-06-28 17:23:11,999|line:519| https://t.bilibili.com/1218813795543023618
2026-06-28 17:23:15,274|line:346| Expecting value: line 1 column 1 (char 0)
2026-06-28 17:23:15,274|line:347| error line:319
2026-06-28 17:23:15,275|line:533| *#*#*#*#*#*#*#*#*#*еҺҹеҠЁжҖҒеӨ„зҗҶеӨұиҙҘ*#*#*#*#*#*#*#*#*#
2026-06-28 17:23:15,275|line:519| https://t.bilibili.com/1218829257445212176
2026-06-28 17:23:16,599|line:346| Expecting value: line 1 column 1 (char 0)
2026-06-28 17:23:16,599|line:347| error line:319
2026-06-28 17:23:16,600|line:533| *#*#*#*#*#*#*#*#*#*еҺҹеҠЁжҖҒеӨ„зҗҶеӨұиҙҘ*#*#*#*#*#*#*#*#*#
2026-06-28 17:23:16,600|line:519| https://t.bilibili.com/1218160485940068375
2026-06-28 17:23:19,881|line:346| Expecting value: line 1 column 1 (char 0)
2026-06-28 17:23:19,881|line:347| error line:319
2026-06-28 17:23:19,882|line:533| *#*#*#*#*#*#*#*#*#*еҺҹеҠЁжҖҒеӨ„зҗҶеӨұиҙҘ*#*#*#*#*#*#*#*#*#
2026-06-28 17:23:19,883|line:519| https://t.bilibili.com/1218185121834729491
2026-06-28 17:23:24,155|line:346| Expecting value: line 1 column 1 (char 0)
2026-06-28 17:23:24,155|line:347| error line:319
2026-06-28 17:23:24,156|line:533| *#*#*#*#*#*#*#*#*#*еҺҹеҠЁжҖҒеӨ„зҗҶеӨұиҙҘ*#*#*#*#*#*#*#*#*#
2026-06-28 17:23:24,156|line:519| https://t.bilibili.com/1218056163309912104
2026-06-28 17:23:27,438|line:346| Expecting value: line 1 column 1 (char 0)
2026-06-28 17:23:27,438|line:347| error line:319
2026-06-28 17:23:27,439|line:533| *#*#*#*#*#*#*#*#*#*еҺҹеҠЁжҖҒеӨ„зҗҶеӨұиҙҘ*#*#*#*#*#*#*#*#*#
2026-06-28 17:23:27,440|line:552| жү§иЎҢз»“жқҹ
2026-06-28 17:23:27,440|line:556| жү§иЎҢеӨұиҙҘпјҢй”ҷиҜҜж•°йҮҸдёә18
2026-06-28 17:23:27,440|line:558| ==================================================2026-06-29 01:23==================================================
2026-06-28 17:23:27,440|line:232| processing article 50958898
2026-06-28 17:23:31,791|line:507| ==================================================2026-06-29 01:23==================================================
2026-06-28 17:23:31,791|line:519| https://t.bilibili.com/1218164755114491923
2026-06-28 17:23:34,067|line:346| Expecting value: line 1 column 1 (char 0)
2026-06-28 17:23:34,067|line:347| error line:319
2026-06-28 17:23:34,068|line:533| *#*#*#*#*#*#*#*#*#*еҺҹеҠЁжҖҒеӨ„зҗҶеӨұиҙҘ*#*#*#*#*#*#*#*#*#
2026-06-28 17:23:34,068|line:519| https://t.bilibili.com/1209604322660188165
2026-06-28 17:23:38,420|line:346| Expecting value: line 1 column 1 (char 0)
2026-06-28 17:23:38,421|line:347| error line:319
2026-06-28 17:23:38,421|line:533| *#*#*#*#*#*#*#*#*#*еҺҹеҠЁжҖҒеӨ„зҗҶеӨұиҙҘ*#*#*#*#*#*#*#*#*#
2026-06-28 17:23:38,421|line:519| https://t.bilibili.com/1218226499529736194
2026-06-28 17:23:42,701|line:346| Expecting value: line 1 column 1 (char 0)
2026-06-28 17:23:42,701|line:347| error line:319
2026-06-28 17:23:42,702|line:533| *#*#*#*#*#*#*#*#*#*еҺҹеҠЁжҖҒеӨ„зҗҶеӨұиҙҘ*#*#*#*#*#*#*#*#*#
2026-06-28 17:23:42,702|line:519| https://t.bilibili.com/1208618464422395923
2026-06-28 17:23:44,987|line:346| Expecting value: line 1 column 1 (char 0)
2026-06-28 17:23:44,987|line:347| error line:319
2026-06-28 17:23:44,987|line:533| *#*#*#*#*#*#*#*#*#*еҺҹеҠЁжҖҒеӨ„зҗҶеӨұиҙҘ*#*#*#*#*#*#*#*#*#
2026-06-28 17:23:44,988|line:519| https://t.bilibili.com/1216953935136292871
2026-06-28 17:23:49,250|line:346| Expecting value: line 1 column 1 (char 0)
2026-06-28 17:23:49,250|line:347| error line:319
2026-06-28 17:23:49,251|line:533| *#*#*#*#*#*#*#*#*#*еҺҹеҠЁжҖҒеӨ„зҗҶеӨұиҙҘ*#*#*#*#*#*#*#*#*#
2026-06-28 17:23:49,252|line:519| https://t.bilibili.com/1186234198672801792
2026-06-28 17:23:53,533|line:346| Expecting value: line 1 column 1 (char 0)
2026-06-28 17:23:53,534|line:347| error line:319
2026-06-28 17:23:53,534|line:533| *#*#*#*#*#*#*#*#*#*еҺҹеҠЁжҖҒеӨ„зҗҶеӨұиҙҘ*#*#*#*#*#*#*#*#*#
2026-06-28 17:23:53,535|line:519| https://t.bilibili.com/1209268164144136214
2026-06-28 17:23:57,855|line:346| Expecting value: line 1 column 1 (char 0)
2026-06-28 17:23:57,855|line:347| error line:319
2026-06-28 17:23:57,856|line:533| *#*#*#*#*#*#*#*#*#*еҺҹеҠЁжҖҒеӨ„зҗҶеӨұиҙҘ*#*#*#*#*#*#*#*#*#
2026-06-28 17:23:57,856|line:519| https://t.bilibili.com/1209623671471079429
2026-06-28 17:24:02,136|line:346| Expecting value: line 1 column 1 (char 0)
2026-06-28 17:24:02,137|line:347| error line:319
2026-06-28 17:24:02,137|line:533| *#*#*#*#*#*#*#*#*#*еҺҹеҠЁжҖҒеӨ„зҗҶеӨұиҙҘ*#*#*#*#*#*#*#*#*#
2026-06-28 17:24:02,138|line:519| https://t.bilibili.com/1196972381427466257
2026-06-28 17:24:03,399|line:346| Expecting value: line 1 column 1 (char 0)
2026-06-28 17:24:03,399|line:347| error line:319
2026-06-28 17:24:03,400|line:533| *#*#*#*#*#*#*#*#*#*еҺҹеҠЁжҖҒеӨ„зҗҶеӨұиҙҘ*#*#*#*#*#*#*#*#*#
2026-06-28 17:24:03,400|line:519| https://t.bilibili.com/1217447182063370246
2026-06-28 17:24:07,689|line:346| Expecting value: line 1 column 1 (char 0)
2026-06-28 17:24:07,689|line:347| error line:319
2026-06-28 17:24:07,690|line:533| *#*#*#*#*#*#*#*#*#*еҺҹеҠЁжҖҒеӨ„зҗҶеӨұиҙҘ*#*#*#*#*#*#*#*#*#
2026-06-28 17:24:07,690|line:519| https://t.bilibili.com/1186155978756718609
2026-06-28 17:24:11,976|line:346| Expecting value: line 1 column 1 (char 0)
2026-06-28 17:24:11,976|line:347| error line:319
2026-06-28 17:24:11,977|line:533| *#*#*#*#*#*#*#*#*#*еҺҹеҠЁжҖҒеӨ„зҗҶеӨұиҙҘ*#*#*#*#*#*#*#*#*#
2026-06-28 17:24:11,977|line:519| https://t.bilibili.com/1216318782484512785
2026-06-28 17:24:16,240|line:346| Expecting value: line 1 column 1 (char 0)
2026-06-28 17:24:16,241|line:347| error line:319
2026-06-28 17:24:16,242|line:533| *#*#*#*#*#*#*#*#*#*еҺҹеҠЁжҖҒеӨ„зҗҶеӨұиҙҘ*#*#*#*#*#*#*#*#*#
2026-06-28 17:24:16,242|line:519| https://t.bilibili.com/1213417171286229016
2026-06-28 17:24:17,519|line:346| Expecting value: line 1 column 1 (char 0)
2026-06-28 17:24:17,520|line:347| error line:319
2026-06-28 17:24:17,521|line:533| *#*#*#*#*#*#*#*#*#*еҺҹеҠЁжҖҒеӨ„зҗҶеӨұиҙҘ*#*#*#*#*#*#*#*#*#
2026-06-28 17:24:17,521|line:519| https://t.bilibili.com/1214097966556512309
2026-06-28 17:24:18,852|line:346| Expecting value: line 1 column 1 (char 0)
2026-06-28 17:24:18,852|line:347| error line:319
2026-06-28 17:24:18,853|line:533| *#*#*#*#*#*#*#*#*#*еҺҹеҠЁжҖҒеӨ„зҗҶеӨұиҙҘ*#*#*#*#*#*#*#*#*#
2026-06-28 17:24:18,853|line:519| https://t.bilibili.com/1209187882613342231
2026-06-28 17:24:21,114|line:346| Expecting value: line 1 column 1 (char 0)
2026-06-28 17:24:21,114|line:347| error line:319
2026-06-28 17:24:21,115|line:533| *#*#*#*#*#*#*#*#*#*еҺҹеҠЁжҖҒеӨ„зҗҶеӨұиҙҘ*#*#*#*#*#*#*#*#*#
2026-06-28 17:24:21,115|line:519| https://t.bilibili.com/1208910629602066436
2026-06-28 17:24:24,376|line:346| Expecting value: line 1 column 1 (char 0)
2026-06-28 17:24:24,376|line:347| error line:319
2026-06-28 17:24:24,377|line:533| *#*#*#*#*#*#*#*#*#*еҺҹеҠЁжҖҒеӨ„зҗҶеӨұиҙҘ*#*#*#*#*#*#*#*#*#
2026-06-28 17:24:24,377|line:519| https://t.bilibili.com/1209911288241586184
2026-06-28 17:24:28,657|line:346| Expecting value: line 1 column 1 (char 0)
2026-06-28 17:24:28,657|line:347| error line:319
2026-06-28 17:24:28,658|line:533| *#*#*#*#*#*#*#*#*#*еҺҹеҠЁжҖҒеӨ„зҗҶеӨұиҙҘ*#*#*#*#*#*#*#*#*#
2026-06-28 17:24:28,658|line:519| https://t.bilibili.com/1213263033484181568
2026-06-28 17:24:30,943|line:346| Expecting value: line 1 column 1 (char 0)
2026-06-28 17:24:30,943|line:347| error line:319
2026-06-28 17:24:30,944|line:533| *#*#*#*#*#*#*#*#*#*еҺҹеҠЁжҖҒеӨ„зҗҶеӨұиҙҘ*#*#*#*#*#*#*#*#*#
2026-06-28 17:24:30,944|line:519| https://t.bilibili.com/1202217816431788033
2026-06-28 17:24:32,208|line:346| Expecting value: line 1 column 1 (char 0)
2026-06-28 17:24:32,208|line:347| error line:319
2026-06-28 17:24:32,209|line:533| *#*#*#*#*#*#*#*#*#*еҺҹеҠЁжҖҒеӨ„зҗҶеӨұиҙҘ*#*#*#*#*#*#*#*#*#
2026-06-28 17:24:32,209|line:519| https://t.bilibili.com/1208841265894916099
2026-06-28 17:24:35,491|line:346| Expecting value: line 1 column 1 (char 0)
2026-06-28 17:24:35,491|line:347| error line:319
2026-06-28 17:24:35,492|line:533| *#*#*#*#*#*#*#*#*#*еҺҹеҠЁжҖҒеӨ„зҗҶеӨұиҙҘ*#*#*#*#*#*#*#*#*#
2026-06-28 17:24:35,493|line:519| https://t.bilibili.com/1214840527736799251
2026-06-28 17:24:37,767|line:346| Expecting value: line 1 column 1 (char 0)
2026-06-28 17:24:37,767|line:347| error line:319
2026-06-28 17:24:37,768|line:533| *#*#*#*#*#*#*#*#*#*еҺҹеҠЁжҖҒеӨ„зҗҶеӨұиҙҘ*#*#*#*#*#*#*#*#*#
2026-06-28 17:24:37,768|line:519| https://t.bilibili.com/1202233974051569665
2026-06-28 17:24:40,148|line:346| Expecting value: line 1 column 1 (char 0)
2026-06-28 17:24:40,148|line:347| error line:319
2026-06-28 17:24:40,149|line:533| *#*#*#*#*#*#*#*#*#*еҺҹеҠЁжҖҒеӨ„зҗҶеӨұиҙҘ*#*#*#*#*#*#*#*#*#
2026-06-28 17:24:40,149|line:519| https://t.bilibili.com/1211500219974287383
2026-06-28 17:24:42,442|line:346| Expecting value: line 1 column 1 (char 0)
2026-06-28 17:24:42,442|line:347| error line:319
2026-06-28 17:24:42,443|line:533| *#*#*#*#*#*#*#*#*#*еҺҹеҠЁжҖҒеӨ„зҗҶеӨұиҙҘ*#*#*#*#*#*#*#*#*#
2026-06-28 17:24:42,443|line:519| https://t.bilibili.com/1208913872276160521
2026-06-28 17:24:43,722|line:346| Expecting value: line 1 column 1 (char 0)
2026-06-28 17:24:43,722|line:347| error line:319
2026-06-28 17:24:43,723|line:533| *#*#*#*#*#*#*#*#*#*еҺҹеҠЁжҖҒеӨ„зҗҶеӨұиҙҘ*#*#*#*#*#*#*#*#*#
2026-06-28 17:24:43,723|line:519| https://t.bilibili.com/1208858608977051651
2026-06-28 17:24:48,004|line:346| Expecting value: line 1 column 1 (char 0)
2026-06-28 17:24:48,004|line:347| error line:319
2026-06-28 17:24:48,005|line:533| *#*#*#*#*#*#*#*#*#*еҺҹеҠЁжҖҒеӨ„зҗҶеӨұиҙҘ*#*#*#*#*#*#*#*#*#
2026-06-28 17:24:48,005|line:519| https://t.bilibili.com/1218179877664980996
2026-06-28 17:24:51,284|line:346| Expecting value: line 1 column 1 (char 0)
2026-06-28 17:24:51,284|line:347| error line:319
2026-06-28 17:24:51,285|line:533| *#*#*#*#*#*#*#*#*#*еҺҹеҠЁжҖҒеӨ„зҗҶеӨұиҙҘ*#*#*#*#*#*#*#*#*#
2026-06-28 17:24:51,285|line:519| https://t.bilibili.com/1217062352947511319
2026-06-28 17:24:53,569|line:346| Expecting value: line 1 column 1 (char 0)
2026-06-28 17:24:53,569|line:347| error line:319
2026-06-28 17:24:53,570|line:533| *#*#*#*#*#*#*#*#*#*еҺҹеҠЁжҖҒеӨ„зҗҶеӨұиҙҘ*#*#*#*#*#*#*#*#*#
2026-06-28 17:24:53,570|line:519| https://t.bilibili.com/1212890067127762965
2026-06-28 17:24:56,844|line:346| Expecting value: line 1 column 1 (char 0)
2026-06-28 17:24:56,844|line:347| error line:319
2026-06-28 17:24:56,845|line:533| *#*#*#*#*#*#*#*#*#*еҺҹеҠЁжҖҒеӨ„зҗҶеӨұиҙҘ*#*#*#*#*#*#*#*#*#
2026-06-28 17:24:56,845|line:519| https://t.bilibili.com/1186507508949188631
2026-06-28 17:25:01,121|line:346| Expecting value: line 1 column 1 (char 0)
2026-06-28 17:25:01,121|line:347| error line:319
2026-06-28 17:25:01,122|line:533| *#*#*#*#*#*#*#*#*#*еҺҹеҠЁжҖҒеӨ„зҗҶеӨұиҙҘ*#*#*#*#*#*#*#*#*#
2026-06-28 17:25:01,122|line:519| https://t.bilibili.com/1218503658108354561
2026-06-28 17:25:02,384|line:346| Expecting value: line 1 column 1 (char 0)
2026-06-28 17:25:02,384|line:347| error line:319
2026-06-28 17:25:02,385|line:533| *#*#*#*#*#*#*#*#*#*еҺҹеҠЁжҖҒеӨ„зҗҶеӨұиҙҘ*#*#*#*#*#*#*#*#*#
2026-06-28 17:25:02,385|line:519| https://t.bilibili.com/1217447658755457044
2026-06-28 17:25:04,648|line:346| Expecting value: line 1 column 1 (char 0)
2026-06-28 17:25:04,648|line:347| error line:319
2026-06-28 17:25:04,649|line:533| *#*#*#*#*#*#*#*#*#*еҺҹеҠЁжҖҒеӨ„зҗҶеӨұиҙҘ*#*#*#*#*#*#*#*#*#
2026-06-28 17:25:04,649|line:519| https://t.bilibili.com/1215488659736756230
2026-06-28 17:25:08,911|line:346| Expecting value: line 1 column 1 (char 0)
2026-06-28 17:25:08,911|line:347| error line:319
2026-06-28 17:25:08,912|line:533| *#*#*#*#*#*#*#*#*#*еҺҹеҠЁжҖҒеӨ„зҗҶеӨұиҙҘ*#*#*#*#*#*#*#*#*#
2026-06-28 17:25:08,912|line:519| https://t.bilibili.com/1208596830664785926
2026-06-28 17:25:11,193|line:346| Expecting value: line 1 column 1 (char 0)
2026-06-28 17:25:11,193|line:347| error line:319
2026-06-28 17:25:11,194|line:533| *#*#*#*#*#*#*#*#*#*еҺҹеҠЁжҖҒеӨ„зҗҶеӨұиҙҘ*#*#*#*#*#*#*#*#*#
2026-06-28 17:25:11,194|line:519| https://t.bilibili.com/1213966630761005074
2026-06-28 17:25:15,483|line:346| Expecting value: line 1 column 1 (char 0)
2026-06-28 17:25:15,483|line:347| error line:319
2026-06-28 17:25:15,484|line:533| *#*#*#*#*#*#*#*#*#*еҺҹеҠЁжҖҒеӨ„зҗҶеӨұиҙҘ*#*#*#*#*#*#*#*#*#
2026-06-28 17:25:15,484|line:519| https://t.bilibili.com/1209926793065136130
2026-06-28 17:25:19,763|line:346| Expecting value: line 1 column 1 (char 0)
2026-06-28 17:25:19,763|line:347| error line:319
2026-06-28 17:25:19,764|line:533| *#*#*#*#*#*#*#*#*#*еҺҹеҠЁжҖҒеӨ„зҗҶеӨұиҙҘ*#*#*#*#*#*#*#*#*#
2026-06-28 17:25:19,764|line:519| https://t.bilibili.com/1213361710367244321
2026-06-28 17:25:22,025|line:346| Expecting value: line 1 column 1 (char 0)
2026-06-28 17:25:22,025|line:347| error line:319
2026-06-28 17:25:22,026|line:533| *#*#*#*#*#*#*#*#*#*еҺҹеҠЁжҖҒеӨ„зҗҶеӨұиҙҘ*#*#*#*#*#*#*#*#*#
2026-06-28 17:25:22,026|line:519| https://t.bilibili.com/1208813936985505796
2026-06-28 17:25:26,305|line:346| Expecting value: line 1 column 1 (char 0)
2026-06-28 17:25:26,305|line:347| error line:319
2026-06-28 17:25:26,306|line:533| *#*#*#*#*#*#*#*#*#*еҺҹеҠЁжҖҒеӨ„зҗҶеӨұиҙҘ*#*#*#*#*#*#*#*#*#
2026-06-28 17:25:26,307|line:519| https://t.bilibili.com/1211779959823007784
2026-06-28 17:25:28,582|line:346| Expecting value: line 1 column 1 (char 0)
2026-06-28 17:25:28,582|line:347| error line:319
2026-06-28 17:25:28,583|line:533| *#*#*#*#*#*#*#*#*#*еҺҹеҠЁжҖҒеӨ„зҗҶеӨұиҙҘ*#*#*#*#*#*#*#*#*#
2026-06-28 17:25:28,583|line:519| https://t.bilibili.com/1213307774144872457
2026-06-28 17:25:30,845|line:346| Expecting value: line 1 column 1 (char 0)
2026-06-28 17:25:30,846|line:347| error line:319
2026-06-28 17:25:30,846|line:533| *#*#*#*#*#*#*#*#*#*еҺҹеҠЁжҖҒеӨ„зҗҶеӨұиҙҘ*#*#*#*#*#*#*#*#*#
2026-06-28 17:25:30,847|line:519| https://t.bilibili.com/1208619452268019712
2026-06-28 17:25:35,120|line:346| Expecting value: line 1 column 1 (char 0)
2026-06-28 17:25:35,120|line:347| error line:319
2026-06-28 17:25:35,121|line:533| *#*#*#*#*#*#*#*#*#*еҺҹеҠЁжҖҒеӨ„зҗҶеӨұиҙҘ*#*#*#*#*#*#*#*#*#
2026-06-28 17:25:35,121|line:519| https://t.bilibili.com/1215131108038934534
2026-06-28 17:25:37,428|line:346| Expecting value: line 1 column 1 (char 0)
2026-06-28 17:25:37,429|line:347| error line:319
2026-06-28 17:25:37,429|line:533| *#*#*#*#*#*#*#*#*#*еҺҹеҠЁжҖҒеӨ„зҗҶеӨұиҙҘ*#*#*#*#*#*#*#*#*#
2026-06-28 17:25:37,430|line:519| https://t.bilibili.com/1215103160657379347
2026-06-28 17:25:41,739|line:346| Expecting value: line 1 column 1 (char 0)
2026-06-28 17:25:41,740|line:347| error line:319
2026-06-28 17:25:41,741|line:533| *#*#*#*#*#*#*#*#*#*еҺҹеҠЁжҖҒеӨ„зҗҶеӨұиҙҘ*#*#*#*#*#*#*#*#*#
2026-06-28 17:25:41,741|line:519| https://t.bilibili.com/1208793119275876354
2026-06-28 17:25:45,042|line:346| Expecting value: line 1 column 1 (char 0)
2026-06-28 17:25:45,042|line:347| error line:319
2026-06-28 17:25:45,043|line:533| *#*#*#*#*#*#*#*#*#*еҺҹеҠЁжҖҒеӨ„зҗҶеӨұиҙҘ*#*#*#*#*#*#*#*#*#
2026-06-28 17:25:45,044|line:519| https://t.bilibili.com/1209968445657972740
2026-06-28 17:25:47,324|line:346| Expecting value: line 1 column 1 (char 0)
2026-06-28 17:25:47,324|line:347| error line:319
2026-06-28 17:25:47,325|line:533| *#*#*#*#*#*#*#*#*#*еҺҹеҠЁжҖҒеӨ„зҗҶеӨұиҙҘ*#*#*#*#*#*#*#*#*#
2026-06-28 17:25:47,325|line:519| https://t.bilibili.com/1185785323072782352
2026-06-28 17:25:51,608|line:346| Expecting value: line 1 column 1 (char 0)
2026-06-28 17:25:51,608|line:347| error line:319
2026-06-28 17:25:51,609|line:533| *#*#*#*#*#*#*#*#*#*еҺҹеҠЁжҖҒеӨ„зҗҶеӨұиҙҘ*#*#*#*#*#*#*#*#*#
2026-06-28 17:25:51,610|line:519| https://t.bilibili.com/1208760228436246546
2026-06-28 17:25:53,909|line:346| Expecting value: line 1 column 1 (char 0)
2026-06-28 17:25:53,910|line:347| error line:319
2026-06-28 17:25:53,911|line:533| *#*#*#*#*#*#*#*#*#*еҺҹеҠЁжҖҒеӨ„зҗҶеӨұиҙҘ*#*#*#*#*#*#*#*#*#
2026-06-28 17:25:53,911|line:519| https://t.bilibili.com/1212256924542697478
2026-06-28 17:25:57,195|line:346| Expecting value: line 1 column 1 (char 0)
2026-06-28 17:25:57,195|line:347| error line:319
2026-06-28 17:25:57,196|line:533| *#*#*#*#*#*#*#*#*#*еҺҹеҠЁжҖҒеӨ„зҗҶеӨұиҙҘ*#*#*#*#*#*#*#*#*#
2026-06-28 17:25:57,196|line:519| https://t.bilibili.com/1208546734205042690
2026-06-28 17:26:00,506|line:346| Expecting value: line 1 column 1 (char 0)
2026-06-28 17:26:00,506|line:347| error line:319
2026-06-28 17:26:00,507|line:533| *#*#*#*#*#*#*#*#*#*еҺҹеҠЁжҖҒеӨ„зҗҶеӨұиҙҘ*#*#*#*#*#*#*#*#*#
2026-06-28 17:26:00,507|line:519| https://t.bilibili.com/1208812506791804980
2026-06-28 17:26:04,769|line:346| Expecting value: line 1 column 1 (char 0)
2026-06-28 17:26:04,769|line:347| error line:319
2026-06-28 17:26:04,770|line:533| *#*#*#*#*#*#*#*#*#*еҺҹеҠЁжҖҒеӨ„зҗҶеӨұиҙҘ*#*#*#*#*#*#*#*#*#
2026-06-28 17:26:04,771|line:519| https://t.bilibili.com/1215489707711922185
2026-06-28 17:26:06,095|line:346| Expecting value: line 1 column 1 (char 0)
2026-06-28 17:26:06,095|line:347| error line:319
2026-06-28 17:26:06,096|line:533| *#*#*#*#*#*#*#*#*#*еҺҹеҠЁжҖҒеӨ„зҗҶеӨұиҙҘ*#*#*#*#*#*#*#*#*#
2026-06-28 17:26:06,096|line:519| https://t.bilibili.com/1196998348842729477
2026-06-28 17:26:07,369|line:346| Expecting value: line 1 column 1 (char 0)
2026-06-28 17:26:07,370|line:347| error line:319
2026-06-28 17:26:07,370|line:533| *#*#*#*#*#*#*#*#*#*еҺҹеҠЁжҖҒеӨ„зҗҶеӨұиҙҘ*#*#*#*#*#*#*#*#*#
2026-06-28 17:26:07,371|line:552| жү§иЎҢз»“жқҹ
2026-06-28 17:26:07,371|line:556| жү§иЎҢеӨұиҙҘпјҢй”ҷиҜҜж•°йҮҸдёә51
2026-06-28 17:26:07,371|line:558| ==================================================2026-06-29 01:26==================================================
2026-06-28 17:26:07,371|line:232| processing article 50958823
2026-06-28 17:26:11,561|line:507| ==================================================2026-06-29 01:26==================================================
2026-06-28 17:26:11,561|line:519| https://t.bilibili.com/1218164755114491923
2026-06-28 17:26:14,855|line:346| Expecting value: line 1 column 1 (char 0)
2026-06-28 17:26:14,855|line:347| error line:319
2026-06-28 17:26:14,856|line:533| *#*#*#*#*#*#*#*#*#*еҺҹеҠЁжҖҒеӨ„зҗҶеӨұиҙҘ*#*#*#*#*#*#*#*#*#
2026-06-28 17:26:14,856|line:519| https://t.bilibili.com/1217413711371698199
2026-06-28 17:26:17,118|line:346| Expecting value: line 1 column 1 (char 0)
2026-06-28 17:26:17,118|line:347| error line:319
2026-06-28 17:26:17,119|line:533| *#*#*#*#*#*#*#*#*#*еҺҹеҠЁжҖҒеӨ„зҗҶеӨұиҙҘ*#*#*#*#*#*#*#*#*#
2026-06-28 17:26:17,119|line:519| https://t.bilibili.com/1218226499529736194
2026-06-28 17:26:21,452|line:346| Expecting value: line 1 column 1 (char 0)
2026-06-28 17:26:21,452|line:347| error line:319
2026-06-28 17:26:21,452|line:533| *#*#*#*#*#*#*#*#*#*еҺҹеҠЁжҖҒеӨ„зҗҶеӨұиҙҘ*#*#*#*#*#*#*#*#*#
2026-06-28 17:26:21,453|line:519| https://t.bilibili.com/1217783538119606278
2026-06-28 17:26:23,728|line:346| Expecting value: line 1 column 1 (char 0)
2026-06-28 17:26:23,728|line:347| error line:319
2026-06-28 17:26:23,729|line:533| *#*#*#*#*#*#*#*#*#*еҺҹеҠЁжҖҒеӨ„зҗҶеӨұиҙҘ*#*#*#*#*#*#*#*#*#
2026-06-28 17:26:23,729|line:519| https://t.bilibili.com/1218822739823951888
2026-06-28 17:26:28,019|line:346| Expecting value: line 1 column 1 (char 0)
2026-06-28 17:26:28,019|line:347| error line:319
2026-06-28 17:26:28,020|line:533| *#*#*#*#*#*#*#*#*#*еҺҹеҠЁжҖҒеӨ„зҗҶеӨұиҙҘ*#*#*#*#*#*#*#*#*#
2026-06-28 17:26:28,020|line:519| https://t.bilibili.com/1209623671471079429
2026-06-28 17:26:31,336|line:346| Expecting value: line 1 column 1 (char 0)
2026-06-28 17:26:31,337|line:347| error line:319
2026-06-28 17:26:31,337|line:533| *#*#*#*#*#*#*#*#*#*еҺҹеҠЁжҖҒеӨ„зҗҶеӨұиҙҘ*#*#*#*#*#*#*#*#*#
2026-06-28 17:26:31,338|line:519| https://t.bilibili.com/1218054314316005397
2026-06-28 17:26:35,619|line:346| Expecting value: line 1 column 1 (char 0)
2026-06-28 17:26:35,620|line:347| error line:319
2026-06-28 17:26:35,620|line:533| *#*#*#*#*#*#*#*#*#*еҺҹеҠЁжҖҒеӨ„зҗҶеӨұиҙҘ*#*#*#*#*#*#*#*#*#
2026-06-28 17:26:35,621|line:519| https://t.bilibili.com/1215860758547529730
2026-06-28 17:26:36,881|line:346| Expecting value: line 1 column 1 (char 0)
2026-06-28 17:26:36,882|line:347| error line:319
2026-06-28 17:26:36,882|line:533| *#*#*#*#*#*#*#*#*#*еҺҹеҠЁжҖҒеӨ„зҗҶеӨұиҙҘ*#*#*#*#*#*#*#*#*#
2026-06-28 17:26:36,883|line:519| https://t.bilibili.com/1218154309761368065
2026-06-28 17:26:38,163|line:346| Expecting value: line 1 column 1 (char 0)
2026-06-28 17:26:38,163|line:347| error line:319
2026-06-28 17:26:38,164|line:533| *#*#*#*#*#*#*#*#*#*еҺҹеҠЁжҖҒеӨ„зҗҶеӨұиҙҘ*#*#*#*#*#*#*#*#*#
2026-06-28 17:26:38,164|line:519| https://t.bilibili.com/1218087179418337299
2026-06-28 17:26:41,434|line:346| Expecting value: line 1 column 1 (char 0)
2026-06-28 17:26:41,434|line:347| error line:319
2026-06-28 17:26:41,435|line:533| *#*#*#*#*#*#*#*#*#*еҺҹеҠЁжҖҒеӨ„зҗҶеӨұиҙҘ*#*#*#*#*#*#*#*#*#
2026-06-28 17:26:41,435|line:519| https://t.bilibili.com/1218164411518156807
2026-06-28 17:26:43,092|line:346| Expecting value: line 1 column 1 (char 0)
2026-06-28 17:26:43,092|line:347| error line:319
2026-06-28 17:26:43,093|line:533| *#*#*#*#*#*#*#*#*#*еҺҹеҠЁжҖҒеӨ„зҗҶеӨұиҙҘ*#*#*#*#*#*#*#*#*#
2026-06-28 17:26:43,093|line:519| https://t.bilibili.com/1209544639782060041
2026-06-28 17:26:44,413|line:346| Expecting value: line 1 column 1 (char 0)
2026-06-28 17:26:44,413|line:347| error line:319
2026-06-28 17:26:44,414|line:533| *#*#*#*#*#*#*#*#*#*еҺҹеҠЁжҖҒеӨ„зҗҶеӨұиҙҘ*#*#*#*#*#*#*#*#*#
2026-06-28 17:26:44,415|line:519| https://t.bilibili.com/1215489501550346310
2026-06-28 17:26:45,696|line:346| Expecting value: line 1 column 1 (char 0)
2026-06-28 17:26:45,697|line:347| error line:319
2026-06-28 17:26:45,698|line:533| *#*#*#*#*#*#*#*#*#*еҺҹеҠЁжҖҒеӨ„зҗҶеӨұиҙҘ*#*#*#*#*#*#*#*#*#
2026-06-28 17:26:45,698|line:519| https://t.bilibili.com/1215863176632991783
2026-06-28 17:26:47,972|line:346| Expecting value: line 1 column 1 (char 0)
2026-06-28 17:26:47,973|line:347| error line:319
2026-06-28 17:26:47,973|line:533| *#*#*#*#*#*#*#*#*#*еҺҹеҠЁжҖҒеӨ„зҗҶеӨұиҙҘ*#*#*#*#*#*#*#*#*#
2026-06-28 17:26:47,974|line:519| https://t.bilibili.com/1218179877664980996
2026-06-28 17:26:49,280|line:346| Expecting value: line 1 column 1 (char 0)
2026-06-28 17:26:49,280|line:347| error line:319
2026-06-28 17:26:49,281|line:533| *#*#*#*#*#*#*#*#*#*еҺҹеҠЁжҖҒеӨ„зҗҶеӨұиҙҘ*#*#*#*#*#*#*#*#*#
2026-06-28 17:26:49,282|line:519| https://t.bilibili.com/1209166429272670217
2026-06-28 17:26:50,556|line:346| Expecting value: line 1 column 1 (char 0)
2026-06-28 17:26:50,556|line:347| error line:319
2026-06-28 17:26:50,557|line:533| *#*#*#*#*#*#*#*#*#*еҺҹеҠЁжҖҒеӨ„зҗҶеӨұиҙҘ*#*#*#*#*#*#*#*#*#
2026-06-28 17:26:50,557|line:519| https://t.bilibili.com/1218086960344596483
2026-06-28 17:26:53,837|line:346| Expecting value: line 1 column 1 (char 0)
2026-06-28 17:26:53,837|line:347| error line:319
2026-06-28 17:26:53,838|line:533| *#*#*#*#*#*#*#*#*#*еҺҹеҠЁжҖҒеӨ„зҗҶеӨұиҙҘ*#*#*#*#*#*#*#*#*#
2026-06-28 17:26:53,838|line:519| https://t.bilibili.com/1203719740720152600
2026-06-28 17:26:57,121|line:346| Expecting value: line 1 column 1 (char 0)
2026-06-28 17:26:57,122|line:347| error line:319
2026-06-28 17:26:57,123|line:533| *#*#*#*#*#*#*#*#*#*еҺҹеҠЁжҖҒеӨ„зҗҶеӨұиҙҘ*#*#*#*#*#*#*#*#*#
2026-06-28 17:26:57,123|line:519| https://t.bilibili.com/1218548673655341058
2026-06-28 17:27:00,399|line:346| Expecting value: line 1 column 1 (char 0)
2026-06-28 17:27:00,399|line:347| error line:319
2026-06-28 17:27:00,400|line:533| *#*#*#*#*#*#*#*#*#*еҺҹеҠЁжҖҒеӨ„зҗҶеӨұиҙҘ*#*#*#*#*#*#*#*#*#
2026-06-28 17:27:00,400|line:519| https://t.bilibili.com/1218503658108354561
2026-06-28 17:27:04,679|line:346| Expecting value: line 1 column 1 (char 0)
2026-06-28 17:27:04,679|line:347| error line:319
2026-06-28 17:27:04,681|line:533| *#*#*#*#*#*#*#*#*#*еҺҹеҠЁжҖҒеӨ„зҗҶеӨұиҙҘ*#*#*#*#*#*#*#*#*#
2026-06-28 17:27:04,681|line:519| https://t.bilibili.com/1217447658755457044
2026-06-28 17:27:05,966|line:346| Expecting value: line 1 column 1 (char 0)
2026-06-28 17:27:05,966|line:347| error line:319
2026-06-28 17:27:05,967|line:533| *#*#*#*#*#*#*#*#*#*еҺҹеҠЁжҖҒеӨ„зҗҶеӨұиҙҘ*#*#*#*#*#*#*#*#*#
2026-06-28 17:27:05,967|line:519| https://t.bilibili.com/1218091311142273061
2026-06-28 17:27:07,246|line:346| Expecting value: line 1 column 1 (char 0)
2026-06-28 17:27:07,246|line:347| error line:319
2026-06-28 17:27:07,247|line:533| *#*#*#*#*#*#*#*#*#*еҺҹеҠЁжҖҒеӨ„зҗҶеӨұиҙҘ*#*#*#*#*#*#*#*#*#
2026-06-28 17:27:07,247|line:519| https://t.bilibili.com/1218829302497280007
2026-06-28 17:27:11,528|line:346| Expecting value: line 1 column 1 (char 0)
2026-06-28 17:27:11,529|line:347| error line:319
2026-06-28 17:27:11,529|line:533| *#*#*#*#*#*#*#*#*#*еҺҹеҠЁжҖҒеӨ„зҗҶеӨұиҙҘ*#*#*#*#*#*#*#*#*#
2026-06-28 17:27:11,529|line:519| https://t.bilibili.com/1212256924542697478
2026-06-28 17:27:13,803|line:346| Expecting value: line 1 column 1 (char 0)
2026-06-28 17:27:13,803|line:347| error line:319
2026-06-28 17:27:13,804|line:533| *#*#*#*#*#*#*#*#*#*еҺҹеҠЁжҖҒеӨ„зҗҶеӨұиҙҘ*#*#*#*#*#*#*#*#*#
2026-06-28 17:27:13,804|line:519| https://t.bilibili.com/1218522036280754200
2026-06-28 17:27:17,077|line:346| Expecting value: line 1 column 1 (char 0)
2026-06-28 17:27:17,077|line:347| error line:319
2026-06-28 17:27:17,078|line:533| *#*#*#*#*#*#*#*#*#*еҺҹеҠЁжҖҒеӨ„зҗҶеӨұиҙҘ*#*#*#*#*#*#*#*#*#
2026-06-28 17:27:17,079|line:552| жү§иЎҢз»“жқҹ
2026-06-28 17:27:17,079|line:556| жү§иЎҢеӨұиҙҘпјҢй”ҷиҜҜж•°йҮҸдёә25
2026-06-28 17:27:17,079|line:558| ==================================================2026-06-29 01:27==================================================
2026-06-28 17:27:17,079|line:232| processing article 50946945
2026-06-28 17:27:19,699|line:507| ==================================================2026-06-29 01:27==================================================
2026-06-28 17:27:19,699|line:232| processing article 50942614
2026-06-28 17:27:21,925|line:507| ==================================================2026-06-29 01:27==================================================
2026-06-28 17:27:21,926|line:519| https://t.bilibili.com/1217685078119809032
2026-06-28 17:27:26,186|line:346| Expecting value: line 1 column 1 (char 0)
2026-06-28 17:27:26,186|line:347| error line:319
2026-06-28 17:27:26,187|line:533| *#*#*#*#*#*#*#*#*#*еҺҹеҠЁжҖҒеӨ„зҗҶеӨұиҙҘ*#*#*#*#*#*#*#*#*#
2026-06-28 17:27:26,187|line:519| https://t.bilibili.com/1218212064180305945
2026-06-28 17:27:30,470|line:346| Expecting value: line 1 column 1 (char 0)
2026-06-28 17:27:30,470|line:347| error line:319
2026-06-28 17:27:30,471|line:533| *#*#*#*#*#*#*#*#*#*еҺҹеҠЁжҖҒеӨ„зҗҶеӨұиҙҘ*#*#*#*#*#*#*#*#*#
2026-06-28 17:27:30,471|line:519| https://t.bilibili.com/1218554293635776521
2026-06-28 17:27:33,759|line:346| Expecting value: line 1 column 1 (char 0)
2026-06-28 17:27:33,760|line:347| error line:319
2026-06-28 17:27:33,760|line:533| *#*#*#*#*#*#*#*#*#*еҺҹеҠЁжҖҒеӨ„зҗҶеӨұиҙҘ*#*#*#*#*#*#*#*#*#
2026-06-28 17:27:33,761|line:519| https://t.bilibili.com/1218442710338240534
2026-06-28 17:27:37,037|line:346| Expecting value: line 1 column 1 (char 0)
2026-06-28 17:27:37,037|line:347| error line:319
2026-06-28 17:27:37,038|line:533| *#*#*#*#*#*#*#*#*#*еҺҹеҠЁжҖҒеӨ„зҗҶеӨұиҙҘ*#*#*#*#*#*#*#*#*#
2026-06-28 17:27:37,038|line:519| https://t.bilibili.com/1218056163272163347
2026-06-28 17:27:41,324|line:346| Expecting value: line 1 column 1 (char 0)
2026-06-28 17:27:41,324|line:347| error line:319
2026-06-28 17:27:41,325|line:533| *#*#*#*#*#*#*#*#*#*еҺҹеҠЁжҖҒеӨ„зҗҶеӨұиҙҘ*#*#*#*#*#*#*#*#*#
2026-06-28 17:27:41,325|line:519| https://t.bilibili.com/1218458172232040449
2026-06-28 17:27:43,613|line:346| Expecting value: line 1 column 1 (char 0)
2026-06-28 17:27:43,613|line:347| error line:319
2026-06-28 17:27:43,614|line:533| *#*#*#*#*#*#*#*#*#*еҺҹеҠЁжҖҒеӨ„зҗҶеӨұиҙҘ*#*#*#*#*#*#*#*#*#
2026-06-28 17:27:43,614|line:519| https://t.bilibili.com/1218558674486689792
2026-06-28 17:27:44,876|line:346| Expecting value: line 1 column 1 (char 0)
2026-06-28 17:27:44,876|line:347| error line:319
2026-06-28 17:27:44,877|line:533| *#*#*#*#*#*#*#*#*#*еҺҹеҠЁжҖҒеӨ„зҗҶеӨұиҙҘ*#*#*#*#*#*#*#*#*#
2026-06-28 17:27:44,877|line:519| https://t.bilibili.com/1218149473620852736
2026-06-28 17:27:48,180|line:346| Expecting value: line 1 column 1 (char 0)
2026-06-28 17:27:48,180|line:347| error line:319
2026-06-28 17:27:48,181|line:533| *#*#*#*#*#*#*#*#*#*еҺҹеҠЁжҖҒеӨ„зҗҶеӨұиҙҘ*#*#*#*#*#*#*#*#*#
2026-06-28 17:27:48,181|line:519| https://t.bilibili.com/1218396661874688001
2026-06-28 17:27:49,442|line:346| Expecting value: line 1 column 1 (char 0)
2026-06-28 17:27:49,442|line:347| error line:319
2026-06-28 17:27:49,443|line:533| *#*#*#*#*#*#*#*#*#*еҺҹеҠЁжҖҒеӨ„зҗҶеӨұиҙҘ*#*#*#*#*#*#*#*#*#
2026-06-28 17:27:49,443|line:519| https://t.bilibili.com/1218520052003766310
2026-06-28 17:27:51,721|line:346| Expecting value: line 1 column 1 (char 0)
2026-06-28 17:27:51,721|line:347| error line:319
2026-06-28 17:27:51,722|line:533| *#*#*#*#*#*#*#*#*#*еҺҹеҠЁжҖҒеӨ„зҗҶеӨұиҙҘ*#*#*#*#*#*#*#*#*#
2026-06-28 17:27:51,722|line:519| https://t.bilibili.com/1217329454804631552
2026-06-28 17:27:53,004|line:346| Expecting value: line 1 column 1 (char 0)
2026-06-28 17:27:53,004|line:347| error line:319
2026-06-28 17:27:53,005|line:533| *#*#*#*#*#*#*#*#*#*еҺҹеҠЁжҖҒеӨ„зҗҶеӨұиҙҘ*#*#*#*#*#*#*#*#*#
2026-06-28 17:27:53,005|line:519| https://t.bilibili.com/1218523088530964482
2026-06-28 17:27:57,302|line:346| Expecting value: line 1 column 1 (char 0)
2026-06-28 17:27:57,302|line:347| error line:319
2026-06-28 17:27:57,303|line:533| *#*#*#*#*#*#*#*#*#*еҺҹеҠЁжҖҒеӨ„зҗҶеӨұиҙҘ*#*#*#*#*#*#*#*#*#
2026-06-28 17:27:57,303|line:519| https://t.bilibili.com/1217479432928755721
2026-06-28 17:28:01,587|line:346| Expecting value: line 1 column 1 (char 0)
2026-06-28 17:28:01,588|line:347| error line:319
2026-06-28 17:28:01,588|line:533| *#*#*#*#*#*#*#*#*#*еҺҹеҠЁжҖҒеӨ„зҗҶеӨұиҙҘ*#*#*#*#*#*#*#*#*#
2026-06-28 17:28:01,589|line:519| https://t.bilibili.com/1218120486909640713
2026-06-28 17:28:05,932|line:346| Expecting value: line 1 column 1 (char 0)
2026-06-28 17:28:05,932|line:347| error line:319
2026-06-28 17:28:05,933|line:533| *#*#*#*#*#*#*#*#*#*еҺҹеҠЁжҖҒеӨ„зҗҶеӨұиҙҘ*#*#*#*#*#*#*#*#*#
2026-06-28 17:28:05,933|line:519| https://t.bilibili.com/1218201206521856023
2026-06-28 17:28:10,213|line:346| Expecting value: line 1 column 1 (char 0)
2026-06-28 17:28:10,213|line:347| error line:319
2026-06-28 17:28:10,214|line:533| *#*#*#*#*#*#*#*#*#*еҺҹеҠЁжҖҒеӨ„зҗҶеӨұиҙҘ*#*#*#*#*#*#*#*#*#
2026-06-28 17:28:10,214|line:519| https://t.bilibili.com/1218191057496309766
2026-06-28 17:28:14,537|line:346| Expecting value: line 1 column 1 (char 0)
2026-06-28 17:28:14,537|line:347| error line:319
2026-06-28 17:28:14,538|line:533| *#*#*#*#*#*#*#*#*#*еҺҹеҠЁжҖҒеӨ„зҗҶеӨұиҙҘ*#*#*#*#*#*#*#*#*#
2026-06-28 17:28:14,539|line:519| https://t.bilibili.com/1218538163875610665
2026-06-28 17:28:17,812|line:346| Expecting value: line 1 column 1 (char 0)
2026-06-28 17:28:17,812|line:347| error line:319
2026-06-28 17:28:17,813|line:533| *#*#*#*#*#*#*#*#*#*еҺҹеҠЁжҖҒеӨ„зҗҶеӨұиҙҘ*#*#*#*#*#*#*#*#*#
2026-06-28 17:28:17,814|line:519| https://t.bilibili.com/1218445358190821376
2026-06-28 17:28:22,313|line:346| Expecting value: line 1 column 1 (char 0)
2026-06-28 17:28:22,313|line:347| error line:319
2026-06-28 17:28:22,314|line:533| *#*#*#*#*#*#*#*#*#*еҺҹеҠЁжҖҒеӨ„зҗҶеӨұиҙҘ*#*#*#*#*#*#*#*#*#
2026-06-28 17:28:22,314|line:519| https://t.bilibili.com/1218422461765255169
2026-06-28 17:28:25,601|line:346| Expecting value: line 1 column 1 (char 0)
2026-06-28 17:28:25,601|line:347| error line:319
2026-06-28 17:28:25,602|line:533| *#*#*#*#*#*#*#*#*#*еҺҹеҠЁжҖҒеӨ„зҗҶеӨұиҙҘ*#*#*#*#*#*#*#*#*#
2026-06-28 17:28:25,602|line:519| https://t.bilibili.com/1218470926126940167
2026-06-28 17:28:27,876|line:346| Expecting value: line 1 column 1 (char 0)
2026-06-28 17:28:27,877|line:347| error line:319
2026-06-28 17:28:27,878|line:533| *#*#*#*#*#*#*#*#*#*еҺҹеҠЁжҖҒеӨ„зҗҶеӨұиҙҘ*#*#*#*#*#*#*#*#*#
2026-06-28 17:28:27,878|line:519| https://t.bilibili.com/1218427248503160851
2026-06-28 17:28:31,151|line:346| Expecting value: line 1 column 1 (char 0)
2026-06-28 17:28:31,151|line:347| error line:319
2026-06-28 17:28:31,152|line:533| *#*#*#*#*#*#*#*#*#*еҺҹеҠЁжҖҒеӨ„зҗҶеӨұиҙҘ*#*#*#*#*#*#*#*#*#
2026-06-28 17:28:31,152|line:519| https://t.bilibili.com/1218468512365805592
2026-06-28 17:28:33,428|line:346| Expecting value: line 1 column 1 (char 0)
2026-06-28 17:28:33,428|line:347| error line:319
2026-06-28 17:28:33,429|line:533| *#*#*#*#*#*#*#*#*#*еҺҹеҠЁжҖҒеӨ„зҗҶеӨұиҙҘ*#*#*#*#*#*#*#*#*#
2026-06-28 17:28:33,429|line:519| https://t.bilibili.com/1218179858362794022
2026-06-28 17:28:36,691|line:346| Expecting value: line 1 column 1 (char 0)
2026-06-28 17:28:36,691|line:347| error line:319
2026-06-28 17:28:36,692|line:533| *#*#*#*#*#*#*#*#*#*еҺҹеҠЁжҖҒеӨ„зҗҶеӨұиҙҘ*#*#*#*#*#*#*#*#*#
2026-06-28 17:28:36,692|line:519| https://t.bilibili.com/1218299050161340418
2026-06-28 17:28:40,955|line:346| Expecting value: line 1 column 1 (char 0)
2026-06-28 17:28:40,955|line:347| error line:319
2026-06-28 17:28:40,955|line:533| *#*#*#*#*#*#*#*#*#*еҺҹеҠЁжҖҒеӨ„зҗҶеӨұиҙҘ*#*#*#*#*#*#*#*#*#
2026-06-28 17:28:40,956|line:519| https://t.bilibili.com/1218428272836083714
2026-06-28 17:28:44,276|line:346| Expecting value: line 1 column 1 (char 0)
2026-06-28 17:28:44,276|line:347| error line:319
2026-06-28 17:28:44,277|line:533| *#*#*#*#*#*#*#*#*#*еҺҹеҠЁжҖҒеӨ„зҗҶеӨұиҙҘ*#*#*#*#*#*#*#*#*#
2026-06-28 17:28:44,277|line:519| https://t.bilibili.com/1218164381465968642
2026-06-28 17:28:45,540|line:346| Expecting value: line 1 column 1 (char 0)
2026-06-28 17:28:45,540|line:347| error line:319
2026-06-28 17:28:45,541|line:533| *#*#*#*#*#*#*#*#*#*еҺҹеҠЁжҖҒеӨ„зҗҶеӨұиҙҘ*#*#*#*#*#*#*#*#*#
2026-06-28 17:28:45,541|line:519| https://t.bilibili.com/1218596077175832594
2026-06-28 17:28:46,869|line:346| Expecting value: line 1 column 1 (char 0)
2026-06-28 17:28:46,869|line:347| error line:319
2026-06-28 17:28:46,870|line:533| *#*#*#*#*#*#*#*#*#*еҺҹеҠЁжҖҒеӨ„зҗҶеӨұиҙҘ*#*#*#*#*#*#*#*#*#
2026-06-28 17:28:46,870|line:519| https://t.bilibili.com/1218427248500015125
2026-06-28 17:28:50,214|line:346| Expecting value: line 1 column 1 (char 0)
2026-06-28 17:28:50,214|line:347| error line:319
2026-06-28 17:28:50,215|line:533| *#*#*#*#*#*#*#*#*#*еҺҹеҠЁжҖҒеӨ„зҗҶеӨұиҙҘ*#*#*#*#*#*#*#*#*#
2026-06-28 17:28:50,215|line:519| https://t.bilibili.com/1218503658108354561
2026-06-28 17:28:54,491|line:346| Expecting value: line 1 column 1 (char 0)
2026-06-28 17:28:54,492|line:347| error line:319
2026-06-28 17:28:54,492|line:533| *#*#*#*#*#*#*#*#*#*еҺҹеҠЁжҖҒеӨ„зҗҶеӨұиҙҘ*#*#*#*#*#*#*#*#*#
2026-06-28 17:28:54,493|line:519| https://t.bilibili.com/1217447658755457044
2026-06-28 17:28:55,798|line:346| Expecting value: line 1 column 1 (char 0)
2026-06-28 17:28:55,799|line:347| error line:319
2026-06-28 17:28:55,799|line:533| *#*#*#*#*#*#*#*#*#*еҺҹеҠЁжҖҒеӨ„зҗҶеӨұиҙҘ*#*#*#*#*#*#*#*#*#
2026-06-28 17:28:55,799|line:519| https://t.bilibili.com/1218179858344968212
2026-06-28 17:28:57,075|line:346| Expecting value: line 1 column 1 (char 0)
2026-06-28 17:28:57,075|line:347| error line:319
2026-06-28 17:28:57,076|line:533| *#*#*#*#*#*#*#*#*#*еҺҹеҠЁжҖҒеӨ„зҗҶеӨұиҙҘ*#*#*#*#*#*#*#*#*#
2026-06-28 17:28:57,076|line:519| https://t.bilibili.com/1218508730463682584
2026-06-28 17:29:01,381|line:346| Expecting value: line 1 column 1 (char 0)
2026-06-28 17:29:01,381|line:347| error line:319
2026-06-28 17:29:01,381|line:533| *#*#*#*#*#*#*#*#*#*еҺҹеҠЁжҖҒеӨ„зҗҶеӨұиҙҘ*#*#*#*#*#*#*#*#*#
2026-06-28 17:29:01,382|line:519| https://t.bilibili.com/1218458172207923208
2026-06-28 17:29:04,663|line:346| Expecting value: line 1 column 1 (char 0)
2026-06-28 17:29:04,663|line:347| error line:319
2026-06-28 17:29:04,664|line:533| *#*#*#*#*#*#*#*#*#*еҺҹеҠЁжҖҒеӨ„зҗҶеӨұиҙҘ*#*#*#*#*#*#*#*#*#
2026-06-28 17:29:04,664|line:519| https://t.bilibili.com/1218061847663476741
2026-06-28 17:29:07,015|line:346| Expecting value: line 1 column 1 (char 0)
2026-06-28 17:29:07,015|line:347| error line:319
2026-06-28 17:29:07,016|line:533| *#*#*#*#*#*#*#*#*#*еҺҹеҠЁжҖҒеӨ„зҗҶеӨұиҙҘ*#*#*#*#*#*#*#*#*#
2026-06-28 17:29:07,016|line:519| https://t.bilibili.com/1218550943562334216
2026-06-28 17:29:11,318|line:346| Expecting value: line 1 column 1 (char 0)
2026-06-28 17:29:11,319|line:347| error line:319
2026-06-28 17:29:11,319|line:533| *#*#*#*#*#*#*#*#*#*еҺҹеҠЁжҖҒеӨ„зҗҶеӨұиҙҘ*#*#*#*#*#*#*#*#*#
2026-06-28 17:29:11,320|line:519| https://t.bilibili.com/1218228574025154569
2026-06-28 17:29:13,582|line:346| Expecting value: line 1 column 1 (char 0)
2026-06-28 17:29:13,582|line:347| error line:319
2026-06-28 17:29:13,582|line:533| *#*#*#*#*#*#*#*#*#*еҺҹеҠЁжҖҒеӨ„зҗҶеӨұиҙҘ*#*#*#*#*#*#*#*#*#
2026-06-28 17:29:13,583|line:519| https://t.bilibili.com/1215561846004645889
2026-06-28 17:29:15,858|line:346| Expecting value: line 1 column 1 (char 0)
2026-06-28 17:29:15,858|line:347| error line:319
2026-06-28 17:29:15,859|line:533| *#*#*#*#*#*#*#*#*#*еҺҹеҠЁжҖҒеӨ„зҗҶеӨұиҙҘ*#*#*#*#*#*#*#*#*#
2026-06-28 17:29:15,859|line:519| https://t.bilibili.com/1218235325735763984
2026-06-28 17:29:18,181|line:346| Expecting value: line 1 column 1 (char 0)
2026-06-28 17:29:18,182|line:347| error line:319
2026-06-28 17:29:18,182|line:533| *#*#*#*#*#*#*#*#*#*еҺҹеҠЁжҖҒеӨ„зҗҶеӨұиҙҘ*#*#*#*#*#*#*#*#*#
2026-06-28 17:29:18,183|line:519| https://t.bilibili.com/1212256924542697478
2026-06-28 17:29:20,457|line:346| Expecting value: line 1 column 1 (char 0)
2026-06-28 17:29:20,457|line:347| error line:319
2026-06-28 17:29:20,458|line:533| *#*#*#*#*#*#*#*#*#*еҺҹеҠЁжҖҒеӨ„зҗҶеӨұиҙҘ*#*#*#*#*#*#*#*#*#
2026-06-28 17:29:20,458|line:519| https://t.bilibili.com/1218522036280754200
2026-06-28 17:29:21,778|line:346| Expecting value: line 1 column 1 (char 0)
2026-06-28 17:29:21,778|line:347| error line:319
2026-06-28 17:29:21,779|line:533| *#*#*#*#*#*#*#*#*#*еҺҹеҠЁжҖҒеӨ„зҗҶеӨұиҙҘ*#*#*#*#*#*#*#*#*#
2026-06-28 17:29:21,779|line:519| https://t.bilibili.com/1218160683445649414
2026-06-28 17:29:24,042|line:346| Expecting value: line 1 column 1 (char 0)
2026-06-28 17:29:24,042|line:347| error line:319
2026-06-28 17:29:24,043|line:533| *#*#*#*#*#*#*#*#*#*еҺҹеҠЁжҖҒеӨ„зҗҶеӨұиҙҘ*#*#*#*#*#*#*#*#*#
2026-06-28 17:29:24,044|line:552| жү§иЎҢз»“жқҹ
2026-06-28 17:29:24,044|line:556| жү§иЎҢеӨұиҙҘпјҢй”ҷиҜҜж•°йҮҸдёә41
2026-06-28 17:29:24,044|line:558| ==================================================2026-06-29 01:29==================================================
2026-06-28 17:29:24,044|line:232| processing article 50937262
2026-06-28 17:29:29,617|line:507| ==================================================2026-06-29 01:29==================================================
2026-06-28 17:29:29,617|line:519| https://t.bilibili.com/1209604322660188165
2026-06-28 17:29:31,898|line:346| Expecting value: line 1 column 1 (char 0)
2026-06-28 17:29:31,898|line:347| error line:319
2026-06-28 17:29:31,899|line:533| *#*#*#*#*#*#*#*#*#*еҺҹеҠЁжҖҒеӨ„зҗҶеӨұиҙҘ*#*#*#*#*#*#*#*#*#
2026-06-28 17:29:31,899|line:519| https://t.bilibili.com/1208618464422395923
2026-06-28 17:29:33,174|line:346| Expecting value: line 1 column 1 (char 0)
2026-06-28 17:29:33,175|line:347| error line:319
2026-06-28 17:29:33,176|line:533| *#*#*#*#*#*#*#*#*#*еҺҹеҠЁжҖҒеӨ„зҗҶеӨұиҙҘ*#*#*#*#*#*#*#*#*#
2026-06-28 17:29:33,176|line:519| https://t.bilibili.com/1216953935136292871
2026-06-28 17:29:37,463|line:346| Expecting value: line 1 column 1 (char 0)
2026-06-28 17:29:37,463|line:347| error line:319
2026-06-28 17:29:37,464|line:533| *#*#*#*#*#*#*#*#*#*еҺҹеҠЁжҖҒеӨ„зҗҶеӨұиҙҘ*#*#*#*#*#*#*#*#*#
2026-06-28 17:29:37,465|line:519| https://t.bilibili.com/1186234198672801792
2026-06-28 17:29:41,727|line:346| Expecting value: line 1 column 1 (char 0)
2026-06-28 17:29:41,727|line:347| error line:319
2026-06-28 17:29:41,728|line:533| *#*#*#*#*#*#*#*#*#*еҺҹеҠЁжҖҒеӨ„зҗҶеӨұиҙҘ*#*#*#*#*#*#*#*#*#
2026-06-28 17:29:41,728|line:519| https://t.bilibili.com/1209268164144136214
2026-06-28 17:29:45,007|line:346| Expecting value: line 1 column 1 (char 0)
2026-06-28 17:29:45,007|line:347| error line:319
2026-06-28 17:29:45,008|line:533| *#*#*#*#*#*#*#*#*#*еҺҹеҠЁжҖҒеӨ„зҗҶеӨұиҙҘ*#*#*#*#*#*#*#*#*#
2026-06-28 17:29:45,008|line:519| https://t.bilibili.com/1196972381427466257
2026-06-28 17:29:47,289|line:346| Expecting value: line 1 column 1 (char 0)
2026-06-28 17:29:47,289|line:347| error line:319
2026-06-28 17:29:47,290|line:533| *#*#*#*#*#*#*#*#*#*еҺҹеҠЁжҖҒеӨ„зҗҶеӨұиҙҘ*#*#*#*#*#*#*#*#*#
2026-06-28 17:29:47,290|line:519| https://t.bilibili.com/1217774767796387847
2026-06-28 17:29:48,564|line:346| Expecting value: line 1 column 1 (char 0)
2026-06-28 17:29:48,565|line:347| error line:319
2026-06-28 17:29:48,566|line:533| *#*#*#*#*#*#*#*#*#*еҺҹеҠЁжҖҒеӨ„зҗҶеӨұиҙҘ*#*#*#*#*#*#*#*#*#
2026-06-28 17:29:48,566|line:519| https://t.bilibili.com/1217447182063370246
2026-06-28 17:29:52,846|line:346| Expecting value: line 1 column 1 (char 0)
2026-06-28 17:29:52,846|line:347| error line:319
2026-06-28 17:29:52,847|line:533| *#*#*#*#*#*#*#*#*#*еҺҹеҠЁжҖҒеӨ„зҗҶеӨұиҙҘ*#*#*#*#*#*#*#*#*#
2026-06-28 17:29:52,847|line:519| https://t.bilibili.com/1186155978756718609
2026-06-28 17:29:55,158|line:346| Expecting value: line 1 column 1 (char 0)
2026-06-28 17:29:55,158|line:347| error line:319
2026-06-28 17:29:55,159|line:533| *#*#*#*#*#*#*#*#*#*еҺҹеҠЁжҖҒеӨ„зҗҶеӨұиҙҘ*#*#*#*#*#*#*#*#*#
2026-06-28 17:29:55,159|line:519| https://t.bilibili.com/1214097966556512309
2026-06-28 17:29:58,439|line:346| Expecting value: line 1 column 1 (char 0)
2026-06-28 17:29:58,440|line:347| error line:319
2026-06-28 17:29:58,440|line:533| *#*#*#*#*#*#*#*#*#*еҺҹеҠЁжҖҒеӨ„зҗҶеӨұиҙҘ*#*#*#*#*#*#*#*#*#
2026-06-28 17:29:58,440|line:519| https://t.bilibili.com/1216318782484512785
2026-06-28 17:30:01,702|line:346| Expecting value: line 1 column 1 (char 0)
2026-06-28 17:30:01,702|line:347| error line:319
2026-06-28 17:30:01,703|line:533| *#*#*#*#*#*#*#*#*#*еҺҹеҠЁжҖҒеӨ„зҗҶеӨұиҙҘ*#*#*#*#*#*#*#*#*#
2026-06-28 17:30:01,703|line:519| https://t.bilibili.com/1213417171286229016
2026-06-28 17:30:03,976|line:346| Expecting value: line 1 column 1 (char 0)
2026-06-28 17:30:03,977|line:347| error line:319
2026-06-28 17:30:03,977|line:533| *#*#*#*#*#*#*#*#*#*еҺҹеҠЁжҖҒеӨ„зҗҶеӨұиҙҘ*#*#*#*#*#*#*#*#*#
2026-06-28 17:30:03,978|line:519| https://t.bilibili.com/1209187882613342231
2026-06-28 17:30:07,320|line:346| Expecting value: line 1 column 1 (char 0)
2026-06-28 17:30:07,320|line:347| error line:319
2026-06-28 17:30:07,321|line:533| *#*#*#*#*#*#*#*#*#*еҺҹеҠЁжҖҒеӨ„зҗҶеӨұиҙҘ*#*#*#*#*#*#*#*#*#
2026-06-28 17:30:07,321|line:519| https://t.bilibili.com/1208910629602066436
2026-06-28 17:30:08,631|line:346| Expecting value: line 1 column 1 (char 0)
2026-06-28 17:30:08,632|line:347| error line:319
2026-06-28 17:30:08,632|line:533| *#*#*#*#*#*#*#*#*#*еҺҹеҠЁжҖҒеӨ„зҗҶеӨұиҙҘ*#*#*#*#*#*#*#*#*#
2026-06-28 17:30:08,633|line:519| https://t.bilibili.com/1209911288241586184
2026-06-28 17:30:10,975|line:346| Expecting value: line 1 column 1 (char 0)
2026-06-28 17:30:10,975|line:347| error line:319
2026-06-28 17:30:10,976|line:533| *#*#*#*#*#*#*#*#*#*еҺҹеҠЁжҖҒеӨ„зҗҶеӨұиҙҘ*#*#*#*#*#*#*#*#*#
2026-06-28 17:30:10,976|line:519| https://t.bilibili.com/1213263033484181568
2026-06-28 17:30:14,320|line:346| Expecting value: line 1 column 1 (char 0)
2026-06-28 17:30:14,321|line:347| error line:319
2026-06-28 17:30:14,322|line:533| *#*#*#*#*#*#*#*#*#*еҺҹеҠЁжҖҒеӨ„зҗҶеӨұиҙҘ*#*#*#*#*#*#*#*#*#
2026-06-28 17:30:14,322|line:519| https://t.bilibili.com/1202217816431788033
2026-06-28 17:30:15,659|line:346| Expecting value: line 1 column 1 (char 0)
2026-06-28 17:30:15,660|line:347| error line:319
2026-06-28 17:30:15,660|line:533| *#*#*#*#*#*#*#*#*#*еҺҹеҠЁжҖҒеӨ„зҗҶеӨұиҙҘ*#*#*#*#*#*#*#*#*#
2026-06-28 17:30:15,661|line:519| https://t.bilibili.com/1208841265894916099
2026-06-28 17:30:17,964|line:346| Expecting value: line 1 column 1 (char 0)
2026-06-28 17:30:17,964|line:347| error line:319
2026-06-28 17:30:17,965|line:533| *#*#*#*#*#*#*#*#*#*еҺҹеҠЁжҖҒеӨ„зҗҶеӨұиҙҘ*#*#*#*#*#*#*#*#*#
2026-06-28 17:30:17,965|line:519| https://t.bilibili.com/1214840527736799251
2026-06-28 17:30:22,290|line:346| Expecting value: line 1 column 1 (char 0)
2026-06-28 17:30:22,290|line:347| error line:319
2026-06-28 17:30:22,291|line:533| *#*#*#*#*#*#*#*#*#*еҺҹеҠЁжҖҒеӨ„зҗҶеӨұиҙҘ*#*#*#*#*#*#*#*#*#
2026-06-28 17:30:22,292|line:519| https://t.bilibili.com/1202233974051569665
2026-06-28 17:30:25,556|line:346| Expecting value: line 1 column 1 (char 0)
2026-06-28 17:30:25,556|line:347| error line:319
2026-06-28 17:30:25,557|line:533| *#*#*#*#*#*#*#*#*#*еҺҹеҠЁжҖҒеӨ„зҗҶеӨұиҙҘ*#*#*#*#*#*#*#*#*#
2026-06-28 17:30:25,557|line:519| https://t.bilibili.com/1211500219974287383
2026-06-28 17:30:27,883|line:346| Expecting value: line 1 column 1 (char 0)
2026-06-28 17:30:27,883|line:347| error line:319
2026-06-28 17:30:27,884|line:533| *#*#*#*#*#*#*#*#*#*еҺҹеҠЁжҖҒеӨ„зҗҶеӨұиҙҘ*#*#*#*#*#*#*#*#*#
2026-06-28 17:30:27,884|line:519| https://t.bilibili.com/1208913872276160521
2026-06-28 17:30:31,454|line:346| Expecting value: line 1 column 1 (char 0)
2026-06-28 17:30:31,455|line:347| error line:319
2026-06-28 17:30:31,456|line:533| *#*#*#*#*#*#*#*#*#*еҺҹеҠЁжҖҒеӨ„зҗҶеӨұиҙҘ*#*#*#*#*#*#*#*#*#
2026-06-28 17:30:31,456|line:519| https://t.bilibili.com/1208858608977051651
2026-06-28 17:30:32,743|line:346| Expecting value: line 1 column 1 (char 0)
2026-06-28 17:30:32,743|line:347| error line:319
2026-06-28 17:30:32,744|line:533| *#*#*#*#*#*#*#*#*#*еҺҹеҠЁжҖҒеӨ„зҗҶеӨұиҙҘ*#*#*#*#*#*#*#*#*#
2026-06-28 17:30:32,744|line:519| https://t.bilibili.com/1210115574091218969
2026-06-28 17:30:36,030|line:346| Expecting value: line 1 column 1 (char 0)
2026-06-28 17:30:36,031|line:347| error line:319
2026-06-28 17:30:36,031|line:533| *#*#*#*#*#*#*#*#*#*еҺҹеҠЁжҖҒеӨ„зҗҶеӨұиҙҘ*#*#*#*#*#*#*#*#*#
2026-06-28 17:30:36,032|line:519| https://t.bilibili.com/1208753266289016856
2026-06-28 17:30:38,345|line:346| Expecting value: line 1 column 1 (char 0)
2026-06-28 17:30:38,345|line:347| error line:319
2026-06-28 17:30:38,346|line:533| *#*#*#*#*#*#*#*#*#*еҺҹеҠЁжҖҒеӨ„зҗҶеӨұиҙҘ*#*#*#*#*#*#*#*#*#
2026-06-28 17:30:38,346|line:519| https://t.bilibili.com/1217062352947511319
2026-06-28 17:30:39,680|line:346| Expecting value: line 1 column 1 (char 0)
2026-06-28 17:30:39,680|line:347| error line:319
2026-06-28 17:30:39,680|line:533| *#*#*#*#*#*#*#*#*#*еҺҹеҠЁжҖҒеӨ„зҗҶеӨұиҙҘ*#*#*#*#*#*#*#*#*#
2026-06-28 17:30:39,681|line:519| https://t.bilibili.com/1212890067127762965
2026-06-28 17:30:42,956|line:346| Expecting value: line 1 column 1 (char 0)
2026-06-28 17:30:42,956|line:347| error line:319
2026-06-28 17:30:42,957|line:533| *#*#*#*#*#*#*#*#*#*еҺҹеҠЁжҖҒеӨ„зҗҶеӨұиҙҘ*#*#*#*#*#*#*#*#*#
2026-06-28 17:30:42,957|line:519| https://t.bilibili.com/1186507508949188631
2026-06-28 17:30:46,244|line:346| Expecting value: line 1 column 1 (char 0)
2026-06-28 17:30:46,244|line:347| error line:319
2026-06-28 17:30:46,245|line:533| *#*#*#*#*#*#*#*#*#*еҺҹеҠЁжҖҒеӨ„зҗҶеӨұиҙҘ*#*#*#*#*#*#*#*#*#
2026-06-28 17:30:46,245|line:519| https://t.bilibili.com/1218503658108354561
2026-06-28 17:30:47,506|line:346| Expecting value: line 1 column 1 (char 0)
2026-06-28 17:30:47,506|line:347| error line:319
2026-06-28 17:30:47,507|line:533| *#*#*#*#*#*#*#*#*#*еҺҹеҠЁжҖҒеӨ„зҗҶеӨұиҙҘ*#*#*#*#*#*#*#*#*#
2026-06-28 17:30:47,507|line:519| https://t.bilibili.com/1217867079486537733
2026-06-28 17:30:48,786|line:346| Expecting value: line 1 column 1 (char 0)
2026-06-28 17:30:48,786|line:347| error line:319
2026-06-28 17:30:48,787|line:533| *#*#*#*#*#*#*#*#*#*еҺҹеҠЁжҖҒеӨ„зҗҶеӨұиҙҘ*#*#*#*#*#*#*#*#*#
2026-06-28 17:30:48,787|line:519| https://t.bilibili.com/1217447658755457044
2026-06-28 17:30:52,072|line:346| Expecting value: line 1 column 1 (char 0)
2026-06-28 17:30:52,072|line:347| error line:319
2026-06-28 17:30:52,073|line:533| *#*#*#*#*#*#*#*#*#*еҺҹеҠЁжҖҒеӨ„зҗҶеӨұиҙҘ*#*#*#*#*#*#*#*#*#
2026-06-28 17:30:52,074|line:519| https://t.bilibili.com/1215488659736756230
2026-06-28 17:30:55,355|line:346| Expecting value: line 1 column 1 (char 0)
2026-06-28 17:30:55,355|line:347| error line:319
2026-06-28 17:30:55,356|line:533| *#*#*#*#*#*#*#*#*#*еҺҹеҠЁжҖҒеӨ„зҗҶеӨұиҙҘ*#*#*#*#*#*#*#*#*#
2026-06-28 17:30:55,356|line:519| https://t.bilibili.com/1208596830664785926
2026-06-28 17:30:57,642|line:346| Expecting value: line 1 column 1 (char 0)
2026-06-28 17:30:57,642|line:347| error line:319
2026-06-28 17:30:57,643|line:533| *#*#*#*#*#*#*#*#*#*еҺҹеҠЁжҖҒеӨ„зҗҶеӨұиҙҘ*#*#*#*#*#*#*#*#*#
2026-06-28 17:30:57,643|line:519| https://t.bilibili.com/1213966630761005074
2026-06-28 17:30:58,916|line:346| Expecting value: line 1 column 1 (char 0)
2026-06-28 17:30:58,916|line:347| error line:319
2026-06-28 17:30:58,916|line:533| *#*#*#*#*#*#*#*#*#*еҺҹеҠЁжҖҒеӨ„зҗҶеӨұиҙҘ*#*#*#*#*#*#*#*#*#
2026-06-28 17:30:58,917|line:519| https://t.bilibili.com/1209926793065136130
2026-06-28 17:31:00,177|line:346| Expecting value: line 1 column 1 (char 0)
2026-06-28 17:31:00,177|line:347| error line:319
2026-06-28 17:31:00,178|line:533| *#*#*#*#*#*#*#*#*#*еҺҹеҠЁжҖҒеӨ„зҗҶеӨұиҙҘ*#*#*#*#*#*#*#*#*#
2026-06-28 17:31:00,178|line:519| https://t.bilibili.com/1213361710367244321
2026-06-28 17:31:02,439|line:346| Expecting value: line 1 column 1 (char 0)
2026-06-28 17:31:02,439|line:347| error line:319
2026-06-28 17:31:02,440|line:533| *#*#*#*#*#*#*#*#*#*еҺҹеҠЁжҖҒеӨ„зҗҶеӨұиҙҘ*#*#*#*#*#*#*#*#*#
2026-06-28 17:31:02,440|line:519| https://t.bilibili.com/1208813936985505796
2026-06-28 17:31:04,712|line:346| Expecting value: line 1 column 1 (char 0)
2026-06-28 17:31:04,713|line:347| error line:319
2026-06-28 17:31:04,714|line:533| *#*#*#*#*#*#*#*#*#*еҺҹеҠЁжҖҒеӨ„зҗҶеӨұиҙҘ*#*#*#*#*#*#*#*#*#
2026-06-28 17:31:04,714|line:519| https://t.bilibili.com/1211779959823007784
2026-06-28 17:31:07,977|line:346| Expecting value: line 1 column 1 (char 0)
2026-06-28 17:31:07,977|line:347| error line:319
2026-06-28 17:31:07,978|line:533| *#*#*#*#*#*#*#*#*#*еҺҹеҠЁжҖҒеӨ„зҗҶеӨұиҙҘ*#*#*#*#*#*#*#*#*#
2026-06-28 17:31:07,978|line:519| https://t.bilibili.com/1213307774144872457
2026-06-28 17:31:09,268|line:346| Expecting value: line 1 column 1 (char 0)
2026-06-28 17:31:09,268|line:347| error line:319
2026-06-28 17:31:09,268|line:533| *#*#*#*#*#*#*#*#*#*еҺҹеҠЁжҖҒеӨ„зҗҶеӨұиҙҘ*#*#*#*#*#*#*#*#*#
2026-06-28 17:31:09,269|line:519| https://t.bilibili.com/1208619452268019712
2026-06-28 17:31:12,547|line:346| Expecting value: line 1 column 1 (char 0)
2026-06-28 17:31:12,547|line:347| error line:319
2026-06-28 17:31:12,548|line:533| *#*#*#*#*#*#*#*#*#*еҺҹеҠЁжҖҒеӨ„зҗҶеӨұиҙҘ*#*#*#*#*#*#*#*#*#
2026-06-28 17:31:12,548|line:519| https://t.bilibili.com/1215131108038934534
2026-06-28 17:31:14,828|line:346| Expecting value: line 1 column 1 (char 0)
2026-06-28 17:31:14,829|line:347| error line:319
2026-06-28 17:31:14,829|line:533| *#*#*#*#*#*#*#*#*#*еҺҹеҠЁжҖҒеӨ„зҗҶеӨұиҙҘ*#*#*#*#*#*#*#*#*#
2026-06-28 17:31:14,829|line:519| https://t.bilibili.com/1207066701371277349
2026-06-28 17:31:16,119|line:346| Expecting value: line 1 column 1 (char 0)
2026-06-28 17:31:16,119|line:347| error line:319
2026-06-28 17:31:16,120|line:533| *#*#*#*#*#*#*#*#*#*еҺҹеҠЁжҖҒеӨ„зҗҶеӨұиҙҘ*#*#*#*#*#*#*#*#*#
2026-06-28 17:31:16,120|line:519| https://t.bilibili.com/1208793119275876354
2026-06-28 17:31:18,394|line:346| Expecting value: line 1 column 1 (char 0)
2026-06-28 17:31:18,394|line:347| error line:319
2026-06-28 17:31:18,395|line:533| *#*#*#*#*#*#*#*#*#*еҺҹеҠЁжҖҒеӨ„зҗҶеӨұиҙҘ*#*#*#*#*#*#*#*#*#
2026-06-28 17:31:18,395|line:519| https://t.bilibili.com/1209968445657972740
2026-06-28 17:31:20,693|line:346| Expecting value: line 1 column 1 (char 0)
2026-06-28 17:31:20,693|line:347| error line:319
2026-06-28 17:31:20,694|line:533| *#*#*#*#*#*#*#*#*#*еҺҹеҠЁжҖҒеӨ„зҗҶеӨұиҙҘ*#*#*#*#*#*#*#*#*#
2026-06-28 17:31:20,694|line:519| https://t.bilibili.com/1185785323072782352
2026-06-28 17:31:21,976|line:346| Expecting value: line 1 column 1 (char 0)
2026-06-28 17:31:21,977|line:347| error line:319
2026-06-28 17:31:21,977|line:533| *#*#*#*#*#*#*#*#*#*еҺҹеҠЁжҖҒеӨ„зҗҶеӨұиҙҘ*#*#*#*#*#*#*#*#*#
2026-06-28 17:31:21,978|line:519| https://t.bilibili.com/1215103160657379347
2026-06-28 17:31:26,304|line:346| Expecting value: line 1 column 1 (char 0)
2026-06-28 17:31:26,304|line:347| error line:319
2026-06-28 17:31:26,305|line:533| *#*#*#*#*#*#*#*#*#*еҺҹеҠЁжҖҒеӨ„зҗҶеӨұиҙҘ*#*#*#*#*#*#*#*#*#
2026-06-28 17:31:26,305|line:519| https://t.bilibili.com/1208760228436246546
2026-06-28 17:31:30,584|line:346| Expecting value: line 1 column 1 (char 0)
2026-06-28 17:31:30,584|line:347| error line:319
2026-06-28 17:31:30,585|line:533| *#*#*#*#*#*#*#*#*#*еҺҹеҠЁжҖҒеӨ„зҗҶеӨұиҙҘ*#*#*#*#*#*#*#*#*#
2026-06-28 17:31:30,585|line:519| https://t.bilibili.com/1212256924542697478
2026-06-28 17:31:33,886|line:346| Expecting value: line 1 column 1 (char 0)
2026-06-28 17:31:33,886|line:347| error line:319
2026-06-28 17:31:33,887|line:533| *#*#*#*#*#*#*#*#*#*еҺҹеҠЁжҖҒеӨ„зҗҶеӨұиҙҘ*#*#*#*#*#*#*#*#*#
2026-06-28 17:31:33,887|line:519| https://t.bilibili.com/1208546734205042690
2026-06-28 17:31:35,180|line:346| Expecting value: line 1 column 1 (char 0)
2026-06-28 17:31:35,180|line:347| error line:319
2026-06-28 17:31:35,181|line:533| *#*#*#*#*#*#*#*#*#*еҺҹеҠЁжҖҒеӨ„зҗҶеӨұиҙҘ*#*#*#*#*#*#*#*#*#
2026-06-28 17:31:35,181|line:519| https://t.bilibili.com/1208812506791804980
2026-06-28 17:31:37,455|line:346| Expecting value: line 1 column 1 (char 0)
2026-06-28 17:31:37,455|line:347| error line:319
2026-06-28 17:31:37,456|line:533| *#*#*#*#*#*#*#*#*#*еҺҹеҠЁжҖҒеӨ„зҗҶеӨұиҙҘ*#*#*#*#*#*#*#*#*#
2026-06-28 17:31:37,456|line:519| https://t.bilibili.com/1215489707711922185
2026-06-28 17:31:39,729|line:346| Expecting value: line 1 column 1 (char 0)
2026-06-28 17:31:39,729|line:347| error line:319
2026-06-28 17:31:39,730|line:533| *#*#*#*#*#*#*#*#*#*еҺҹеҠЁжҖҒеӨ„зҗҶеӨұиҙҘ*#*#*#*#*#*#*#*#*#
2026-06-28 17:31:39,730|line:519| https://t.bilibili.com/1196998348842729477
2026-06-28 17:31:42,053|line:346| Expecting value: line 1 column 1 (char 0)
2026-06-28 17:31:42,053|line:347| error line:319
2026-06-28 17:31:42,054|line:533| *#*#*#*#*#*#*#*#*#*еҺҹеҠЁжҖҒеӨ„зҗҶеӨұиҙҘ*#*#*#*#*#*#*#*#*#
2026-06-28 17:31:42,054|line:552| жү§иЎҢз»“жқҹ
2026-06-28 17:31:42,054|line:556| жү§иЎҢеӨұиҙҘпјҢй”ҷиҜҜж•°йҮҸдёә52
2026-06-28 17:31:42,054|line:558| ==================================================2026-06-29 01:31==================================================
2026-06-28 17:31:42,054|line:232| processing article 50937204
2026-06-28 17:31:46,288|line:507| ==================================================2026-06-29 01:31==================================================
2026-06-28 17:31:46,288|line:519| https://t.bilibili.com/1215475031836983336
2026-06-28 17:31:49,684|line:346| Expecting value: line 1 column 1 (char 0)
2026-06-28 17:31:49,684|line:347| error line:319
2026-06-28 17:31:49,685|line:533| *#*#*#*#*#*#*#*#*#*еҺҹеҠЁжҖҒеӨ„зҗҶеӨұиҙҘ*#*#*#*#*#*#*#*#*#
2026-06-28 17:31:49,685|line:519| https://t.bilibili.com/1217413711371698199
2026-06-28 17:31:51,963|line:346| Expecting value: line 1 column 1 (char 0)
2026-06-28 17:31:51,963|line:347| error line:319
2026-06-28 17:31:51,964|line:533| *#*#*#*#*#*#*#*#*#*еҺҹеҠЁжҖҒеӨ„зҗҶеӨұиҙҘ*#*#*#*#*#*#*#*#*#
2026-06-28 17:31:51,964|line:519| https://t.bilibili.com/1215492130113323081
2026-06-28 17:31:54,244|line:346| Expecting value: line 1 column 1 (char 0)
2026-06-28 17:31:54,244|line:347| error line:319
2026-06-28 17:31:54,245|line:533| *#*#*#*#*#*#*#*#*#*еҺҹеҠЁжҖҒеӨ„зҗҶеӨұиҙҘ*#*#*#*#*#*#*#*#*#
2026-06-28 17:31:54,245|line:519| https://t.bilibili.com/1217794236852731938
2026-06-28 17:31:55,519|line:346| Expecting value: line 1 column 1 (char 0)
2026-06-28 17:31:55,520|line:347| error line:319
2026-06-28 17:31:55,520|line:533| *#*#*#*#*#*#*#*#*#*еҺҹеҠЁжҖҒеӨ„зҗҶеӨұиҙҘ*#*#*#*#*#*#*#*#*#
2026-06-28 17:31:55,521|line:519| https://t.bilibili.com/1217783538119606278
2026-06-28 17:31:56,784|line:346| Expecting value: line 1 column 1 (char 0)
2026-06-28 17:31:56,785|line:347| error line:319
2026-06-28 17:31:56,786|line:533| *#*#*#*#*#*#*#*#*#*еҺҹеҠЁжҖҒеӨ„зҗҶеӨұиҙҘ*#*#*#*#*#*#*#*#*#
2026-06-28 17:31:56,786|line:519| https://t.bilibili.com/1209268164144136214
2026-06-28 17:31:59,065|line:346| Expecting value: line 1 column 1 (char 0)
2026-06-28 17:31:59,065|line:347| error line:319
2026-06-28 17:31:59,066|line:533| *#*#*#*#*#*#*#*#*#*еҺҹеҠЁжҖҒеӨ„зҗҶеӨұиҙҘ*#*#*#*#*#*#*#*#*#
2026-06-28 17:31:59,067|line:519| https://t.bilibili.com/1215458663719763992
2026-06-28 17:32:02,351|line:346| Expecting value: line 1 column 1 (char 0)
2026-06-28 17:32:02,351|line:347| error line:319
2026-06-28 17:32:02,352|line:533| *#*#*#*#*#*#*#*#*#*еҺҹеҠЁжҖҒеӨ„зҗҶеӨұиҙҘ*#*#*#*#*#*#*#*#*#
2026-06-28 17:32:02,352|line:519| https://t.bilibili.com/1217447182063370246
2026-06-28 17:32:05,634|line:346| Expecting value: line 1 column 1 (char 0)
2026-06-28 17:32:05,634|line:347| error line:319
2026-06-28 17:32:05,635|line:533| *#*#*#*#*#*#*#*#*#*еҺҹеҠЁжҖҒеӨ„зҗҶеӨұиҙҘ*#*#*#*#*#*#*#*#*#
2026-06-28 17:32:05,636|line:519| https://t.bilibili.com/1217046714993606656
2026-06-28 17:32:06,932|line:346| Expecting value: line 1 column 1 (char 0)
2026-06-28 17:32:06,932|line:347| error line:319
2026-06-28 17:32:06,933|line:533| *#*#*#*#*#*#*#*#*#*еҺҹеҠЁжҖҒеӨ„зҗҶеӨұиҙҘ*#*#*#*#*#*#*#*#*#
2026-06-28 17:32:06,933|line:519| https://t.bilibili.com/1218154309761368065
2026-06-28 17:32:09,207|line:346| Expecting value: line 1 column 1 (char 0)
2026-06-28 17:32:09,207|line:347| error line:319
2026-06-28 17:32:09,208|line:533| *#*#*#*#*#*#*#*#*#*еҺҹеҠЁжҖҒеӨ„зҗҶеӨұиҙҘ*#*#*#*#*#*#*#*#*#
2026-06-28 17:32:09,208|line:519| https://t.bilibili.com/1209187882613342231
2026-06-28 17:32:12,488|line:346| Expecting value: line 1 column 1 (char 0)
2026-06-28 17:32:12,488|line:347| error line:319
2026-06-28 17:32:12,489|line:533| *#*#*#*#*#*#*#*#*#*еҺҹеҠЁжҖҒеӨ„зҗҶеӨұиҙҘ*#*#*#*#*#*#*#*#*#
2026-06-28 17:32:12,489|line:519| https://t.bilibili.com/1215191164575023106
2026-06-28 17:32:14,770|line:346| Expecting value: line 1 column 1 (char 0)
2026-06-28 17:32:14,770|line:347| error line:319
2026-06-28 17:32:14,770|line:533| *#*#*#*#*#*#*#*#*#*еҺҹеҠЁжҖҒеӨ„зҗҶеӨұиҙҘ*#*#*#*#*#*#*#*#*#
2026-06-28 17:32:14,771|line:519| https://t.bilibili.com/1218087123595296775
2026-06-28 17:32:18,048|line:346| Expecting value: line 1 column 1 (char 0)
2026-06-28 17:32:18,048|line:347| error line:319
2026-06-28 17:32:18,049|line:533| *#*#*#*#*#*#*#*#*#*еҺҹеҠЁжҖҒеӨ„зҗҶеӨұиҙҘ*#*#*#*#*#*#*#*#*#
2026-06-28 17:32:18,050|line:519| https://t.bilibili.com/1210279199465537561
2026-06-28 17:32:19,331|line:346| Expecting value: line 1 column 1 (char 0)
2026-06-28 17:32:19,332|line:347| error line:319
2026-06-28 17:32:19,332|line:533| *#*#*#*#*#*#*#*#*#*еҺҹеҠЁжҖҒеӨ„зҗҶеӨұиҙҘ*#*#*#*#*#*#*#*#*#
2026-06-28 17:32:19,332|line:519| https://t.bilibili.com/1218503658108354561
2026-06-28 17:32:23,615|line:346| Expecting value: line 1 column 1 (char 0)
2026-06-28 17:32:23,615|line:347| error line:319
2026-06-28 17:32:23,616|line:533| *#*#*#*#*#*#*#*#*#*еҺҹеҠЁжҖҒеӨ„зҗҶеӨұиҙҘ*#*#*#*#*#*#*#*#*#
2026-06-28 17:32:23,616|line:519| https://t.bilibili.com/1218138761959833616
2026-06-28 17:32:24,897|line:346| Expecting value: line 1 column 1 (char 0)
2026-06-28 17:32:24,897|line:347| error line:319
2026-06-28 17:32:24,898|line:533| *#*#*#*#*#*#*#*#*#*еҺҹеҠЁжҖҒеӨ„зҗҶеӨұиҙҘ*#*#*#*#*#*#*#*#*#
2026-06-28 17:32:24,898|line:519| https://t.bilibili.com/1217447658755457044
2026-06-28 17:32:28,177|line:346| Expecting value: line 1 column 1 (char 0)
2026-06-28 17:32:28,177|line:347| error line:319
2026-06-28 17:32:28,178|line:533| *#*#*#*#*#*#*#*#*#*еҺҹеҠЁжҖҒеӨ„зҗҶеӨұиҙҘ*#*#*#*#*#*#*#*#*#
2026-06-28 17:32:28,178|line:519| https://t.bilibili.com/1217391321702989875
2026-06-28 17:32:32,471|line:346| Expecting value: line 1 column 1 (char 0)
2026-06-28 17:32:32,471|line:347| error line:319
2026-06-28 17:32:32,471|line:533| *#*#*#*#*#*#*#*#*#*еҺҹеҠЁжҖҒеӨ„зҗҶеӨұиҙҘ*#*#*#*#*#*#*#*#*#
2026-06-28 17:32:32,472|line:519| https://t.bilibili.com/1217347693415759905
2026-06-28 17:32:34,753|line:346| Expecting value: line 1 column 1 (char 0)
2026-06-28 17:32:34,753|line:347| error line:319
2026-06-28 17:32:34,754|line:533| *#*#*#*#*#*#*#*#*#*еҺҹеҠЁжҖҒеӨ„зҗҶеӨұиҙҘ*#*#*#*#*#*#*#*#*#
2026-06-28 17:32:34,754|line:519| https://t.bilibili.com/1217716798607065127
2026-06-28 17:32:37,041|line:346| Expecting value: line 1 column 1 (char 0)
2026-06-28 17:32:37,042|line:347| error line:319
2026-06-28 17:32:37,042|line:533| *#*#*#*#*#*#*#*#*#*еҺҹеҠЁжҖҒеӨ„зҗҶеӨұиҙҘ*#*#*#*#*#*#*#*#*#
2026-06-28 17:32:37,043|line:519| https://t.bilibili.com/1215103160657379347
2026-06-28 17:32:39,322|line:346| Expecting value: line 1 column 1 (char 0)
2026-06-28 17:32:39,322|line:347| error line:319
2026-06-28 17:32:39,323|line:533| *#*#*#*#*#*#*#*#*#*еҺҹеҠЁжҖҒеӨ„зҗҶеӨұиҙҘ*#*#*#*#*#*#*#*#*#
2026-06-28 17:32:39,324|line:519| https://t.bilibili.com/1212256924542697478
2026-06-28 17:32:40,605|line:346| Expecting value: line 1 column 1 (char 0)
2026-06-28 17:32:40,605|line:347| error line:319
2026-06-28 17:32:40,606|line:533| *#*#*#*#*#*#*#*#*#*еҺҹеҠЁжҖҒеӨ„зҗҶеӨұиҙҘ*#*#*#*#*#*#*#*#*#
2026-06-28 17:32:40,606|line:519| https://t.bilibili.com/1216324464709468169
2026-06-28 17:32:42,899|line:346| Expecting value: line 1 column 1 (char 0)
2026-06-28 17:32:42,899|line:347| error line:319
2026-06-28 17:32:42,900|line:533| *#*#*#*#*#*#*#*#*#*еҺҹеҠЁжҖҒеӨ„зҗҶеӨұиҙҘ*#*#*#*#*#*#*#*#*#
2026-06-28 17:32:42,901|line:519| https://t.bilibili.com/1216230267453177859
2026-06-28 17:32:46,176|line:346| Expecting value: line 1 column 1 (char 0)
2026-06-28 17:32:46,176|line:347| error line:319
2026-06-28 17:32:46,177|line:533| *#*#*#*#*#*#*#*#*#*еҺҹеҠЁжҖҒеӨ„зҗҶеӨұиҙҘ*#*#*#*#*#*#*#*#*#
2026-06-28 17:32:46,177|line:519| https://t.bilibili.com/1217794215422984196
2026-06-28 17:32:47,458|line:346| Expecting value: line 1 column 1 (char 0)
2026-06-28 17:32:47,458|line:347| error line:319
2026-06-28 17:32:47,459|line:533| *#*#*#*#*#*#*#*#*#*еҺҹеҠЁжҖҒеӨ„зҗҶеӨұиҙҘ*#*#*#*#*#*#*#*#*#
2026-06-28 17:32:47,459|line:519| https://t.bilibili.com/1208794979031318533
2026-06-28 17:32:51,821|line:346| Expecting value: line 1 column 1 (char 0)
2026-06-28 17:32:51,822|line:347| error line:319
2026-06-28 17:32:51,822|line:533| *#*#*#*#*#*#*#*#*#*еҺҹеҠЁжҖҒеӨ„зҗҶеӨұиҙҘ*#*#*#*#*#*#*#*#*#
2026-06-28 17:32:51,823|line:519| https://t.bilibili.com/1215489707711922185
2026-06-28 17:32:56,098|line:346| Expecting value: line 1 column 1 (char 0)
2026-06-28 17:32:56,098|line:347| error line:319
2026-06-28 17:32:56,099|line:533| *#*#*#*#*#*#*#*#*#*еҺҹеҠЁжҖҒеӨ„зҗҶеӨұиҙҘ*#*#*#*#*#*#*#*#*#
2026-06-28 17:32:56,099|line:552| жү§иЎҢз»“жқҹ
2026-06-28 17:32:56,099|line:556| жү§иЎҢеӨұиҙҘпјҢй”ҷиҜҜж•°йҮҸдёә27
2026-06-28 17:32:56,100|line:558| ==================================================2026-06-29 01:32==================================================
2026-06-28 17:33:03,976|line:578| ('reply: ', 'жҰ„иҸҠе®ҳж–№', '[з»ҷеҝғеҝғ]')
2026-06-28 17:33:03,977|line:578| ('reply: ', 'еҗ“жӯ»жҲ‘е•ҰиҠҷиҺұ', 'е№¶дёҚжҳҜ')
2026-06-28 17:33:03,977|line:578| ('reply: ', 'иҠұз”ҹеҚҒдёү-е…¬иҖғиЎҢжөӢ', '68')
2026-06-28 17:33:03,977|line:578| ('reply: ', 'дёүй№ҝдёғиҢёзҢ«е°ҫе·ҙ', '[еӨҸиҜәйӣ…иЎЁжғ…еҢ…_пјҹпјҹпјҹ]')
2026-06-28 17:33:03,977|line:578| ('reply: ', 'е°Ҹй—Әй—Әbling', 'hhhи…ҫеӯҗд№°еә“жҙӣи®©жҲ‘ж„ҹи§үд»–иҮӘе·ұжңүзӮ№дёҚеӨӘжғіеҮәеӨ§дё–з•ҢдәҶ')
2026-06-28 17:33:03,977|line:578| ('reply: ', 'дёҚдҝ®иҪҰзҡ„дёёеұұеҪ©', 'дёҚжҳҜпјҢиҝҷвҖҰвҖҰ')
2026-06-28 17:33:03,977|line:578| ('reply: ', 'еҘҪеғҸйғҪжҳҜдёҖдёӘдәә', 'дҪ еңЁиҜҙд»Җд№Ҳ')
2026-06-28 17:33:03,977|line:578| ('reply: ', 'зӣ®ж Үе’ЁиҜў', 'еӨӘе® зІүдәҶе•Ҡ')
2026-06-28 17:33:03,977|line:578| ('reply: ', 'ж•°зҺ©е·Ҙеңә', 'зҘқдҪ жҲҗеҠҹ')
2026-06-28 17:33:03,977|line:578| ('reply: ', 'зӣҠе®¶жңүе°ҸдҪ°', 'жҒӯе–ңе®қеӯҗпјҢиҺ·еҫ—е°Ҹз”өи§ҶжңҲеәҰдјҡе‘ҳ1д»Ҫе’Ңе…ӢеҲ»еҶ°еҶ°зҢҙе–үзі–йҡҸжңәеҸЈе‘і1д»ҪпҪһи®°еҫ—з§ҒдҝЎе°ҸдҪ°жҸҗдҫӣдҝЎжҒҜе“Ұ~')
2026-06-28 17:33:03,978|line:578| ('reply: ', 'еңҶзҺҜд№ӢзҗҶ-Madoka', 'жҳҜзҡ„')
2026-06-28 17:33:03,978|line:578| ('reply: ', 'е…°зҡ„дёүе§Ё', 'иҝҷе°ұжҳҜй“¶жІіе·Ёжҳҹзҡ„е®һеҠӣпјҒ')
2026-06-28 17:33:03,978|line:578| ('reply: ', 'иҠұеӣӯзҷҫеҗҲй“ғйҹі', 'жңүз”·дёҚзҺ©пјҢжҲ‘еҸӘеҗғйә»иҫЈзҒ«й”…пјҢxxnж»ҡ[еҗғз“ң]')
2026-06-28 17:33:03,978|line:578| ('reply: ', 'жҳҜз»қиөһзҡ„йҳҝй¬ј', '[tv_йҡҫиҝҮ]')
2026-06-28 17:33:03,978|line:578| ('reply: ', 'жЎғзЁҡдёҚе№јзЁҡ', 'иҝҳиЎҢ')
2026-06-28 17:33:03,978|line:578| ('reply: ', 'йҷҢзҪ”еӯҗеҗ–', 'дҪ¬пјҢиҝҷдёӘжҠҘеҗҚжңүе•ҘжқЎд»¶дёҚгҖӮжңҖиҝ‘еӨӘйқһдәҶпјҢжғідёӢж¬ЎжҠҘжқҘжҠҪ[и„ұеҚ•doge][и„ұеҚ•doge][и„ұеҚ•doge]')
2026-06-28 17:33:03,978|line:578| ('reply: ', 'еӨӘдәҢй…ёиҸңйұј', 'жҒӯе–ңжҲҗдёәжң¬жңҹж¬§зҡҮ[жү“call]иҺ·еҫ—гҖҗиӮҘйҫҷиҒ”еҗҚжҳҫзңјеҢ…гҖ‘1д»ҪпјҢеңЁж”¶еҲ°жң¬дҝЎжҒҜзҡ„дёӨеӨ©еҶ…еӣһеӨҚе“Ҙзҡ„з§ҒдҝЎе“Ұ~йҖҫжңҹе“Ҙе°ұиҮӘе·ұж”¶е•ҰпјҒ[и„ұеҚ•doge]')
2026-06-28 17:33:03,978|line:578| ('reply: ', 'еҫ—дёҖжғідәҢзҡ„жқҫйј ', 'дёӯеҘ–еҲҶжҲ‘дёҖеҚҠ')
2026-06-28 17:33:03,978|line:578| ('reply: ', 'дҪ‘еҮүUriyoo', 'и°ўи°ўпјҒпјҒпјҒ[UP_24967030_ж„ҹжҒ©]')
2026-06-28 17:33:03,978|line:578| ('reply: ', 'еІӣиҺ“зҘҒ', 'еҘҪиҖ¶')
2026-06-28 17:33:05,338|line:587| ('at: ', 'з”өи„‘жҠҘ', 'жҒӯе–ң@е°Ҹе°ҸShaun UIDпјҡ1090970340пјҢ@-еҸ¶жҷ“еҗ–  UIDпјҡ22437099  иҺ·еҫ— гҖҗз”өз«һеӨ§зӨјеҢ…гҖ‘1д»ҪпјҢ иҜ·еңЁдёүж—ҘеҶ…з§ҒдҝЎжҲ‘')
2026-06-28 17:33:05,338|line:587| ('at: ', 'иҒ”жғіжӢҜж•‘иҖ…е®ҳж–№', 'жҳҜжҲ‘е–ңж¬ўзҡ„еҘ–е“ҒеҗҚеҚ• зӣҙжҺҘејҖеҘ– дёҠ и¶ҒзҺ°еңЁжІЎдәәеҒ·ж‘ёејҖдёӘеҘ– жҒӯе–ңиҝҷдәӣе°Ҹдјҷдјҙ гҖҗжӢҜж•‘иҖ…7.1еЈ°еҚЎH7жёёжҲҸиҖіжңәгҖ‘иҺ·еҘ–еҗҚеҚ• @жіӘж°ҙжү“ж№ҝзҢӘи„ҡйҘӯo @xoomoon @е°Ҹе°ҸShaun @Tеұұжө·иҝһдә‘T @и¶…и¶…и¶…и¶…и–„и„ҶйҘје№І @BerboomC гҖҗжӢҜж•‘иҖ…C140ж°®еҢ–й•“йҖӮй…ҚеҷЁгҖ‘иҺ·еҘ–еҗҚеҚ• @ж”№дёӘеӨ©еҮүеҘҪдёӘз§Ӣ @еӨңзҢ«еӯҗзүҷдёҚеҘҪ @LLLеҘҪд№…дёҚи§Ғ @жһ—ж®ҮеҖҫж…•е©ү @д»ҠеӨ©д№ҹиҰҒжӢҘжҠұеҫ®йЈҺ @жҙідёҚеҸҠжҲ‘дёҮдёҖ @иғңеҲ©гҒ®еӨ©е№і гҖҗзҷҪйҮ‘зӢ¬и§’е…Ҫз”өз«һйј ж ҮгҖ‘иҺ·еҘ–еҗҚеҚ• @еә•зүҮдёҠзҡ„иҜ—ж—…дәә гҖҗжӢҜж•‘иҖ…C170ж°®еҢ–й•“йҖӮй…ҚеҷЁгҖ‘иҺ·еҘ–еҗҚеҚ• @йәҰз•¶еҠіж— йҷҗеҘҪ @з„ЎеҗҚдё¶гҒ®иҫҲ @д»»жҖ§зҡ„жҸҗиҺ« @е№ҝдёңжңүжҡ–йЈҺ з”ұдәҺBз«ҷз§ҒдҝЎи§„еҲҷдҝ®ж”№ жҲ‘дјҡз§ҒдҝЎдёӯеҘ–зҡ„е°ҸдјҷдјҙдёҖжқЎж¶ҲжҒҜпјҢиҝҳиҜ·жіЁж„ҸжҹҘж”¶е№¶еӣһеӨҚжҲ‘жӮЁзҡ„ж”¶иҙ§ең°еқҖдёҺиҒ”зі»ж–№ејҸпјҢеҘ–е“Ғеҹәжң¬дјҡеңЁз§ҒдҝЎжӮЁдҝЎжҒҜеҗҺзҡ„дёүеҚҒдёӘе·ҘдҪңж—ҘеҶ…еҸ‘иҙ§')
2026-06-28 17:33:05,338|line:587| ('at: ', 'Apexgamingиүҫж№ғз”өз«һ', 'жҒӯе–ң @е°Ҹе°ҸShaun иҺ·еҫ—йҘ®ж–ҷдёҖд»ҪпјҢдёүеӨ©еҶ…иҒ”зі»жҲ‘пјҢиҝҮж—¶дёҚеҖҷпјҒ')
2026-06-28 17:33:05,338|line:587| ('at: ', 'е–ңж¬ўзҷҪжҜӣжңүд»Җд№ҲдёҚеҘҪ', '1 @жөӘеӯҗжёё2fans6@иў«_____жү“дёӢжқҘзҡ„йЈһжңә@жӢүж–Ҝзү№иҮЈеҗҺйқўдёҖдёӘзӮ№@дё“еҝғиҮҙеҝ—зҡ„еӯҰз”ҹ@зҢ«зҢ«еӨҙOmMeow@е°Ҹе°ҸShaun@йҫҗй–Җе·ҰйҒ“@е•Ұе•Ұз—ҙз—ҙи…»@bili_66938050009@ж—ҘжңҲжҳҹиҫ°668')
2026-06-28 17:33:05,339|line:587| ('at: ', 'iKFи“қзүҷиҖіжңә', 'жҒӯе–ң@е°Ҹе°ҸShaun е®қеӯҗжҲҗдёәиӢҸжіҠе°”зҰҸеҲ©еҠЁжҖҒе№ёиҝҗе„ҝпјҒ\nжіЁж„ҸпјҡеҚіж—Ҙиө·72е°Ҹж—¶еҶ…еӣһеӨҚдҝЎжҒҜзЎ®и®ӨйўҶеҘ–е“ҰпјҒйҖҫжңҹе°ҶиҮӘеҠЁи§Ҷдёәж”ҫејғдёӯеҘ–иө„ж јгҖӮ\nжІЎжңүдёӯеҘ–зҡ„е®қеӯҗд»¬дёҚиҰҒж°”йҰҒпјҢеҸӮдёҺдёҖдёӢдёӢзҪ®йЎ¶и§Ҷйў‘iKF MarsпјҢеўһеҠ ж¬§ж°”еҖјпјҢиҜҙдёҚе®ҡдёӢдёӘе№ёиҝҗе„ҝе°ұжҳҜдҪ пјҒ\nй“ҫжҺҘпјҡ\nhttps://www.bilibili.com/video/BV1Soo6YLEHZ/?spm_id_from=333.1387.list.card_archive.click&vd_source=21fb0967ccc75e6b3b2447ade2c740dd\nиҝҳжІЎеҸӮдёҺжҠҪеҘ–зҡ„е®қеӯҗд»¬пјҢиө¶зҙ§зӮ№еҮ»дёҠж–№й“ҫжҺҘеҸӮдёҺеҗ§пјҒиҝҳжңүзү№еҲ«зҰҸеҲ©жғҠе–ңзӯүдҪ е“Ұ~')
2026-06-28 17:33:05,339|line:587| ('at: ', 'wellymerckеЁҒеҲ©й»ҳе…Ӣ', 'жҒӯе–ң@е°Ҹе°ҸShaun\xa0 иҺ·еҫ—гҖҠжҲ‘жҳҜдҪ зҡ„е°ҸзӢ—3 ж°ёиҝңзӯүдҪ еӣһе®¶гҖӢ1жң¬пјҢиҜ·дәҺ5еӨ©еҶ…иҒ”зі»еЁҒе®қпјҢеҮӯе…іжіЁ+дә’еҠЁжҲӘеӣҫйўҶеҸ–еҘ–е“ҒпјҢйҖҫжңҹдҪңеәҹ~')
2026-06-28 17:33:05,339|line:587| ('at: ', 'е®ҒзҫҺNINGMEI', 'жҒӯе–ң@е°Ҹе°ҸShaun   дёӯеҘ–пјҢиҜ·еңЁ12жңҲ1ж—Ҙ24зӮ№еүҚз§ҒдҝЎжҲ‘пјҡ1. еҘ–е“Ғ+дёӯеҘ–дҝЎжҒҜa. е®һзү©еҘ–пјҡе§“еҗҚз”өиҜқең°еқҖпјҢз»ҷж–Үеӯ—пјҒзңҒеёӮеҢәи·Ҝжё…жҷ°пјҢжҸҗдәӨдёҚжё…жҷ°дёҚеҸ‘еҘ–пјҢдҝЎжҒҜй”ҷиҜҜиҮҙж— жі•зӯҫж”¶пјҢжҰӮдёҚиҙҹиҙЈпјӣ\n\nb. зҺ°йҮ‘зәўеҢ…з»ҷеҲ°ж”Ҝд»ҳе®қе®һеҗҚ+иҙҰеҸ·пјӣ\n\nc. дә¬дёңеҚЎ/зҢ«и¶…еҚЎ зӯүиҙӯзү©еҚЎз»ҷеҲ°е§“еҗҚ+з”өиҜқпјӣ2. е®ҒзҫҺе’Ңе“ҒзүҢж–№е…іжіЁжҲӘеӣҫ+иҪ¬еҸ‘жҲӘеӣҫпјҒ\n\nеҝ…йЎ»е…іжіЁе“ҒзүҢж–№пјҢеҗҰеҲҷеҘ–е“ҒдёҚдәҲеҸ‘ж”ҫпјӣеҰӮйҒҮж— жі•з§ҒдҝЎеӣҫзүҮзҡ„жғ…еҶөпјҢзӯүеҫ…жҲ‘еӣһеӨҚеҗҺеҚіеҸҜеҸ‘йҖҒеӣҫзүҮгҖӮPSпјҡ \n\nеӣ еҗҺеҸ°ж”¶дҝЎжңүж—¶дјҡеҮәй—®йўҳпјҢд»ҘеӣһеӨҚвҖңе·Ізҷ»и®°вҖқдёәеҮҶпјҢжІЎжңүеӣһеӨҚеҚіиЎЁзӨәз§ҒдҝЎжңӘж”¶еҲ°гҖӮ\n\nиҝҮжңҹи§ҶдёәиҮӘеҠЁж”ҫејғпјҢдёҚдјҡиЎҘеҸ‘пјӣеҘ–е“Ғ30дёӘе·ҘдҪңж—ҘеҶ…еҸ‘йҖҒпјҢеӢҝеӮ¬е“Ұ~\n\nдёҚеҸ‘е…ЁпјҢдёҚеӣһеӨҚгҖӮе…¶д»–е°ҸдјҷдјҙиҜ·з»§з»ӯеҠӘеҠӣпјҒ')
2026-06-28 17:33:05,339|line:587| ('at: ', 'зҲұзҺӣз”өеҠЁиҪҰе®ҳж–№иҙҰеҸ·', '#дёҖвҖңзҺӣвҖқеҪ“е…ҲжҰң# еҝ«жқҘзңӢзңӢ10жңҲйғҪжҳҜи°Ғе’ҢзҲұзҺӣй…ұдә’еҠЁжңҖеӨҡе‘Җ~ рҹ’•жҒӯе–ң@е°Ҹе°ҸShaun е’Ң@з”ҳз‘һеҮҜжӢүиҺҺ жҺ’иЎҢз¬¬дёҖпјҒиҝҷдёӨдҪҚе°ҸзҺӣиҫҫе°ҶдјҡиҺ·еҫ—гҖҗзҲұзҺӣйҡҸжңәе‘Ёиҫ№Г—1гҖ‘пјҢиҜ·5еӨ©еҶ…з§ҒдҝЎзҲұзҺӣй…ұйўҶеҘ–е“ҹ~[йј“жҺҢ] д»ҘеҗҺд№ҹиҜ·з»§з»ӯеҚ•жҺЁжҲ‘ж— ж•ҢеҸҜзҲұзҫҺе°‘еҘізҲұзҺӣй…ұе‘ҖеҳҝеҳҝпјҒ(в—ҸВҙР—пҪҖв—Ҹ)')
2026-06-28 17:33:05,339|line:587| ('at: ', 'зҲұзҺӣз”өеҠЁиҪҰе®ҳж–№иҙҰеҸ·', '')
2026-06-28 17:33:05,339|line:587| ('at: ', 'жө·йңІж»ҙзңјж¶І', 'дә’еҠЁжҰңеҮәзӮүе•Ұ')
2026-06-28 17:33:05,339|line:587| ('at: ', 'е’Ңи”јеҸҜдәІжЎғзҷҪзҷҪ', '\u200b//@д№қеҸ·е…¬еҸё:\u200bжҒӯе–ң@е°Ҹе°ҸShaun дёӯеҘ–пјҒеҗҺз»ӯи®°еҫ—жҹҘж”¶з§ҒдҝЎе“ҹпҪһ\u200b//@д№қеҸ·е…¬еҸё:#дә’еҠЁжҠҪеҘ–# и°ўи°ўзІ’зІ’зҡ„еӨҚе·ҘзӨјпјҒе°Ҹд№қд№ҹжқҘеҠ дёӘз Ғ~е…іжіЁгҖҗ@еҫ®зІ’иҙ·+@д№қеҸ·е…¬еҸё гҖ‘е№¶иҪ¬еҸ‘иҜҘеҠЁжҖҒпјҢжҠҪдёҖдҪҚе°ҸеҸҜзҲұиҺ·еҫ—гҖҗ100е…ғдә¬дёңеҚЎгҖ‘~ #дҫӣз”өеұҖзҰҸеҲ©зӨҫ# 10жңҲ31ж—ҘжҠҪеҮәпјҒ')
2026-06-28 17:33:05,339|line:587| ('at: ', 'жңӣеӨ§е®¶иә«дҪ“еҒҘеә·еҝ«д№җ', '\u200b//@д№қеҸ·е…¬еҸё:\u200bжҒӯе–ң@е°Ҹе°ҸShaun дёӯеҘ–пјҒеҗҺз»ӯи®°еҫ—жҹҘж”¶з§ҒдҝЎе“ҹпҪһ\u200b//@д№қеҸ·е…¬еҸё :#дә’еҠЁжҠҪеҘ–# и°ўи°ўзІ’зІ’зҡ„еӨҚе·ҘзӨјпјҒе°Ҹд№қд№ҹжқҘеҠ дёӘз Ғ~е…іжіЁгҖҗ@еҫ®зІ’иҙ·+@д№қеҸ·е…¬еҸё гҖ‘е№¶иҪ¬еҸ‘иҜҘеҠЁжҖҒпјҢжҠҪдёҖдҪҚе°ҸеҸҜзҲұиҺ·еҫ—гҖҗ100е…ғдә¬дёңеҚЎгҖ‘~ #дҫӣз”өеұҖзҰҸеҲ©зӨҫ# 10жңҲ31ж—ҘжҠҪеҮәпјҒ')
2026-06-28 17:33:05,340|line:587| ('at: ', 'MoMA_Reona', '//@д№қеҸ·е…¬еҸё:\u200bжҒӯе–ң@е°Ҹе°ҸShaun дёӯеҘ–пјҒеҗҺз»ӯи®°еҫ—жҹҘж”¶з§ҒдҝЎе“ҹпҪһ\u200b//@д№қеҸ·е…¬еҸё:#дә’еҠЁжҠҪеҘ–# и°ўи°ўзІ’зІ’зҡ„еӨҚе·ҘзӨјпјҒе°Ҹд№қд№ҹжқҘеҠ дёӘз Ғ~е…іжіЁгҖҗ@еҫ®зІ’иҙ·+@д№қеҸ·е…¬еҸё гҖ‘е№¶иҪ¬еҸ‘иҜҘеҠЁжҖҒпјҢжҠҪдёҖдҪҚе°ҸеҸҜзҲұиҺ·еҫ—гҖҗ100е…ғдә¬дёңеҚЎгҖ‘~ #дҫӣз”өеұҖзҰҸеҲ©зӨҫ# 10жңҲ31ж—ҘжҠҪеҮәпјҒ')
2026-06-28 17:33:05,340|line:587| ('at: ', 'ж‘ёйұјдәҢйҳҹ', '\u200b//@д№қеҸ·е…¬еҸё:\u200bжҒӯе–ң@е°Ҹе°ҸShaun дёӯеҘ–пјҒеҗҺз»ӯи®°еҫ—жҹҘж”¶з§ҒдҝЎе“ҹпҪһ\u200b//@д№қеҸ·е…¬еҸё :#дә’еҠЁжҠҪеҘ–# и°ўи°ўзІ’зІ’зҡ„еӨҚе·ҘзӨјпјҒе°Ҹд№қд№ҹжқҘеҠ дёӘз Ғ~е…іжіЁгҖҗ@еҫ®зІ’иҙ·+@д№қеҸ·е…¬еҸё гҖ‘е№¶иҪ¬еҸ‘иҜҘеҠЁжҖҒпјҢжҠҪдёҖдҪҚе°ҸеҸҜзҲұиҺ·еҫ—гҖҗ100е…ғдә¬дёңеҚЎгҖ‘~ #дҫӣз”өеұҖзҰҸеҲ©зӨҫ# 10жңҲ31ж—ҘжҠҪеҮәпјҒ')
2026-06-28 17:33:05,340|line:587| ('at: ', 'ж–Үе°‘еҳ…дёҖдәӣдәӢдёҖдәӣжғ…', '\u200b//@д№қеҸ·е…¬еҸё:\u200bжҒӯе–ң@е°Ҹе°ҸShaun дёӯеҘ–пјҒеҗҺз»ӯи®°еҫ—жҹҘж”¶з§ҒдҝЎе“ҹпҪһ\u200b//@д№қеҸ·е…¬еҸё :#дә’еҠЁжҠҪеҘ–# и°ўи°ўзІ’зІ’зҡ„еӨҚе·ҘзӨјпјҒе°Ҹд№қд№ҹжқҘеҠ дёӘз Ғ~е…іжіЁгҖҗ@еҫ®зІ’иҙ·+@д№қеҸ·е…¬еҸё гҖ‘е№¶иҪ¬еҸ‘иҜҘеҠЁжҖҒпјҢжҠҪдёҖдҪҚе°ҸеҸҜзҲұиҺ·еҫ—гҖҗ100е…ғдә¬дёңеҚЎгҖ‘~ #дҫӣз”өеұҖзҰҸеҲ©зӨҫ# 10жңҲ31ж—ҘжҠҪеҮәпјҒ')
2026-06-28 17:33:05,340|line:587| ('at: ', 'CarryйҳҹеҸӢзҡ„еҳҹеҳҹй…ұдё¶', '\u200b//@д№қеҸ·е…¬еҸё:\u200bжҒӯе–ң@е°Ҹе°ҸShaun дёӯеҘ–пјҒеҗҺз»ӯи®°еҫ—жҹҘж”¶з§ҒдҝЎе“ҹпҪһ\u200b//@д№қеҸ·е…¬еҸё :#дә’еҠЁжҠҪеҘ–# и°ўи°ўзІ’зІ’зҡ„еӨҚе·ҘзӨјпјҒе°Ҹд№қд№ҹжқҘеҠ дёӘз Ғ~е…іжіЁгҖҗ@еҫ®зІ’иҙ·+@д№қеҸ·е…¬еҸё гҖ‘е№¶иҪ¬еҸ‘иҜҘеҠЁжҖҒпјҢжҠҪдёҖдҪҚе°ҸеҸҜзҲұиҺ·еҫ—гҖҗ100е…ғдә¬дёңеҚЎгҖ‘~ #дҫӣз”өеұҖзҰҸеҲ©зӨҫ# 10жңҲ31ж—ҘжҠҪеҮәпјҒ')
2026-06-28 17:33:05,340|line:587| ('at: ', 'иӣӨиҹҶzero', '//@д№қеҸ·е…¬еҸё:\u200bжҒӯе–ң@е°Ҹе°ҸShaun дёӯеҘ–пјҒеҗҺз»ӯи®°еҫ—жҹҘж”¶з§ҒдҝЎе“ҹпҪһ\u200b//@д№қеҸ·е…¬еҸё:#дә’еҠЁжҠҪеҘ–# и°ўи°ўзІ’зІ’зҡ„еӨҚе·ҘзӨјпјҒе°Ҹд№қд№ҹжқҘеҠ дёӘз Ғ~е…іжіЁгҖҗ@еҫ®зІ’иҙ·+@д№қеҸ·е…¬еҸё гҖ‘е№¶иҪ¬еҸ‘иҜҘеҠЁжҖҒпјҢжҠҪдёҖдҪҚе°ҸеҸҜзҲұиҺ·еҫ—гҖҗ100е…ғдә¬дёңеҚЎгҖ‘~ #дҫӣз”өеұҖзҰҸеҲ©зӨҫ# 10жңҲ31ж—ҘжҠҪеҮәпјҒcеҶІеҶІеҶІ')
2026-06-28 17:33:05,340|line:587| ('at: ', 'жңЁиҖҢеҗ„еӯҗиҰҒеҗғз¬ғж —еӯҗ', '\u200b//@д№қеҸ·е…¬еҸё:\u200bжҒӯе–ң@е°Ҹе°ҸShaun дёӯеҘ–пјҒеҗҺз»ӯи®°еҫ—жҹҘж”¶з§ҒдҝЎе“ҹпҪһ\u200b//@д№қеҸ·е…¬еҸё :#дә’еҠЁжҠҪеҘ–# и°ўи°ўзІ’зІ’зҡ„еӨҚе·ҘзӨјпјҒе°Ҹд№қд№ҹжқҘеҠ дёӘз Ғ~е…іжіЁгҖҗ@еҫ®зІ’иҙ·+@д№қеҸ·е…¬еҸё гҖ‘е№¶иҪ¬еҸ‘иҜҘеҠЁжҖҒпјҢжҠҪдёҖдҪҚе°ҸеҸҜзҲұиҺ·еҫ—гҖҗ100е…ғдә¬дёңеҚЎгҖ‘~ #дҫӣз”өеұҖзҰҸеҲ©зӨҫ# 10жңҲ31ж—ҘжҠҪеҮәпјҒ')
2026-06-28 17:33:05,341|line:587| ('at: ', 'иЈҷдёӢж„ҡиҮЈжғ…й»ҳй»ҳ', '\u200b//@д№қеҸ·е…¬еҸё:\u200bжҒӯе–ң@е°Ҹе°ҸShaun дёӯеҘ–пјҒеҗҺз»ӯи®°еҫ—жҹҘж”¶з§ҒдҝЎе“ҹпҪһ\u200b//@д№қеҸ·е…¬еҸё :#дә’еҠЁжҠҪеҘ–# и°ўи°ўзІ’зІ’зҡ„еӨҚе·ҘзӨјпјҒе°Ҹд№қд№ҹжқҘеҠ дёӘз Ғ~е…іжіЁгҖҗ@еҫ®зІ’иҙ·+@д№қеҸ·е…¬еҸё гҖ‘е№¶иҪ¬еҸ‘иҜҘеҠЁжҖҒпјҢжҠҪдёҖдҪҚе°ҸеҸҜзҲұиҺ·еҫ—гҖҗ100е…ғдә¬дёңеҚЎгҖ‘~ #дҫӣз”өеұҖзҰҸеҲ©зӨҫ# 10жңҲ31ж—ҘжҠҪеҮәпјҒ')
2026-06-28 17:33:05,341|line:587| ('at: ', 'жҲҠеӯҗжҜ•е®ҝ', '')
