2026-04-19 16:54:00,093|line:232| processing article 47973986
2026-04-19 16:54:05,063|line:507| ==================================================2026-04-20 00:54==================================================
2026-04-19 16:54:05,063|line:232| processing article 47970366
2026-04-19 16:54:07,755|line:507| ==================================================2026-04-20 00:54==================================================
2026-04-19 16:54:07,755|line:232| processing article 47962434
2026-04-19 16:54:11,142|line:507| ==================================================2026-04-20 00:54==================================================
2026-04-19 16:54:11,142|line:519| https://t.bilibili.com/1192148153918291988
2026-04-19 16:54:14,774|line:526| 官方 或 预约 OUT！
2026-04-19 16:54:14,774|line:519| https://t.bilibili.com/1186637191204306952
2026-04-19 16:54:18,234|line:526| 官方 或 预约 OUT！
2026-04-19 16:54:18,234|line:519| https://t.bilibili.com/1186942443101093891
2026-04-19 16:54:20,610|line:526| 官方 或 预约 OUT！
2026-04-19 16:54:20,611|line:519| https://t.bilibili.com/1180594485762981889
2026-04-19 16:54:22,982|line:526| 官方 或 预约 OUT！
2026-04-19 16:54:22,982|line:519| https://t.bilibili.com/1189868771796320281
2026-04-19 16:54:24,330|line:526| 官方 或 预约 OUT！
2026-04-19 16:54:24,330|line:519| https://t.bilibili.com/1186132094461411334
2026-04-19 16:54:26,635|line:526| 官方 或 预约 OUT！
2026-04-19 16:54:26,636|line:519| https://t.bilibili.com/1174389825642430467
2026-04-19 16:54:29,997|line:526| 官方 或 预约 OUT！
2026-04-19 16:54:29,997|line:519| https://t.bilibili.com/1191353791110184967
2026-04-19 16:54:31,344|line:526| 官方 或 预约 OUT！
2026-04-19 16:54:31,344|line:519| https://t.bilibili.com/1191734587221344258
2026-04-19 16:54:35,700|line:526| 官方 或 预约 OUT！
2026-04-19 16:54:35,700|line:519| https://t.bilibili.com/1181813062438486016
2026-04-19 16:54:38,071|line:526| 官方 或 预约 OUT！
2026-04-19 16:54:38,072|line:519| https://t.bilibili.com/1190983814036324355
2026-04-19 16:54:39,374|line:526| 官方 或 预约 OUT！
2026-04-19 16:54:39,374|line:519| https://t.bilibili.com/1191494717576052760
2026-04-19 16:54:41,681|line:526| 官方 或 预约 OUT！
2026-04-19 16:54:41,682|line:519| https://t.bilibili.com/1184330995617234950
2026-04-19 16:54:44,058|line:526| 官方 或 预约 OUT！
2026-04-19 16:54:44,058|line:519| https://t.bilibili.com/1185423828589740038
2026-04-19 16:54:48,441|line:526| 官方 或 预约 OUT！
2026-04-19 16:54:48,441|line:519| https://t.bilibili.com/1191733032462057473
2026-04-19 16:54:49,792|line:526| 官方 或 预约 OUT！
2026-04-19 16:54:49,792|line:519| https://t.bilibili.com/1186754439484014594
2026-04-19 16:54:54,140|line:526| 官方 或 预约 OUT！
2026-04-19 16:54:54,140|line:519| https://t.bilibili.com/1189502643037274120
2026-04-19 16:54:56,494|line:526| 官方 或 预约 OUT！
2026-04-19 16:54:56,494|line:519| https://t.bilibili.com/1191834900487995400
2026-04-19 16:54:59,834|line:526| 官方 或 预约 OUT！
2026-04-19 16:54:59,834|line:519| https://t.bilibili.com/1191497414816563200
2026-04-19 16:55:01,197|line:526| 官方 或 预约 OUT！
2026-04-19 16:55:01,198|line:519| https://t.bilibili.com/1186204743825883136
2026-04-19 16:55:03,560|line:526| 官方 或 预约 OUT！
2026-04-19 16:55:03,560|line:519| https://t.bilibili.com/1192207931286749193
2026-04-19 16:55:05,922|line:526| 官方 或 预约 OUT！
2026-04-19 16:55:05,923|line:519| https://t.bilibili.com/1168820374043885573
2026-04-19 16:55:10,278|line:526| 官方 或 预约 OUT！
2026-04-19 16:55:10,278|line:519| https://t.bilibili.com/1191573663369920561
2026-04-19 16:55:12,582|line:526| 官方 或 预约 OUT！
2026-04-19 16:55:12,582|line:519| https://t.bilibili.com/1176241562153123847
2026-04-19 16:55:14,960|line:526| 官方 或 预约 OUT！
2026-04-19 16:55:14,960|line:519| https://t.bilibili.com/1187066644948582422
2026-04-19 16:55:14,960|line:521| 已有
2026-04-19 16:55:14,961|line:519| https://t.bilibili.com/1188505205585477680
2026-04-19 16:55:14,961|line:521| 已有
2026-04-19 16:55:14,961|line:519| https://t.bilibili.com/1186166376843182096
2026-04-19 16:55:14,961|line:521| 已有
2026-04-19 16:55:14,961|line:519| https://t.bilibili.com/1185563896055857171
2026-04-19 16:55:19,268|line:526| 官方 或 预约 OUT！
2026-04-19 16:55:19,268|line:519| https://t.bilibili.com/1178439198159405058
2026-04-19 16:55:23,617|line:526| 官方 或 预约 OUT！
2026-04-19 16:55:23,617|line:552| 执行结束
2026-04-19 16:55:23,618|line:558| ==================================================2026-04-20 00:55==================================================
2026-04-19 16:55:23,618|line:232| processing article 47962391
2026-04-19 16:55:26,903|line:507| ==================================================2026-04-20 00:55==================================================
2026-04-19 16:55:26,903|line:519| https://t.bilibili.com/1192624869496324099
2026-04-19 16:55:30,205|line:526| 官方 或 预约 OUT！
2026-04-19 16:55:30,205|line:519| https://t.bilibili.com/1186942443101093891
2026-04-19 16:55:32,561|line:526| 官方 或 预约 OUT！
2026-04-19 16:55:32,562|line:519| https://t.bilibili.com/1191369012515176550
2026-04-19 16:55:33,869|line:526| 官方 或 预约 OUT！
2026-04-19 16:55:33,870|line:519| https://t.bilibili.com/1192111255880466441
2026-04-19 16:55:35,229|line:526| 官方 或 预约 OUT！
2026-04-19 16:55:35,230|line:519| https://t.bilibili.com/1192549926605684761
2026-04-19 16:55:38,532|line:341| =========此为源动态=========
2026-04-19 16:55:40,098|line:362| *********子动态开始*********
2026-04-19 16:55:40,098|line:381| *********子动态结束*********
2026-04-19 16:55:40,099|line:537| -=-=-=-=处理回最初的动态-=-=-=-=
2026-04-19 16:55:47,428|line:475| 转发成功 1193053210925858823
2026-04-19 16:55:50,916|line:494| 评论发送成功
2026-04-19 16:55:55,152|line:424| 100680137 === 已经关注了
2026-04-19 16:55:58,521|line:503| 动态-点赞 OK
2026-04-19 16:56:02,522|line:519| https://t.bilibili.com/1184440268155256834
2026-04-19 16:56:03,895|line:526| 官方 或 预约 OUT！
2026-04-19 16:56:03,895|line:519| https://t.bilibili.com/1186132094461411334
2026-04-19 16:56:08,258|line:526| 官方 或 预约 OUT！
2026-04-19 16:56:08,258|line:519| https://t.bilibili.com/1192157521271324672
2026-04-19 16:56:09,615|line:526| 官方 或 预约 OUT！
2026-04-19 16:56:09,616|line:519| https://t.bilibili.com/1183298605729972247
2026-04-19 16:56:11,967|line:526| 官方 或 预约 OUT！
2026-04-19 16:56:11,967|line:519| https://t.bilibili.com/1192095798250176520
2026-04-19 16:56:15,286|line:526| 官方 或 预约 OUT！
2026-04-19 16:56:15,286|line:519| https://t.bilibili.com/1192179610228359177
2026-04-19 16:56:16,644|line:341| =========此为源动态=========
2026-04-19 16:56:19,223|line:362| *********子动态开始*********
2026-04-19 16:56:19,223|line:381| *********子动态结束*********
2026-04-19 16:56:19,224|line:537| -=-=-=-=处理回最初的动态-=-=-=-=
2026-04-19 16:56:27,643|line:475| 转发成功 1193053382697287684
2026-04-19 16:56:31,103|line:494| 评论发送成功
2026-04-19 16:56:34,530|line:424| 100680137 === 已经关注了
2026-04-19 16:56:37,905|line:503| 动态-点赞 OK
2026-04-19 16:56:40,906|line:519| https://t.bilibili.com/1192528597804384296
2026-04-19 16:56:43,257|line:526| 官方 或 预约 OUT！
2026-04-19 16:56:43,257|line:519| https://t.bilibili.com/1191494717576052760
2026-04-19 16:56:47,615|line:526| 官方 或 预约 OUT！
2026-04-19 16:56:47,616|line:519| https://t.bilibili.com/1189502643037274120
2026-04-19 16:56:50,918|line:526| 官方 或 预约 OUT！
2026-04-19 16:56:50,918|line:519| https://t.bilibili.com/1192095673744359577
2026-04-19 16:56:55,219|line:526| 官方 或 预约 OUT！
2026-04-19 16:56:55,220|line:519| https://t.bilibili.com/1192146027932549123
2026-04-19 16:56:57,707|line:526| 官方 或 预约 OUT！
2026-04-19 16:56:57,708|line:519| https://t.bilibili.com/1185849077604024361
2026-04-19 16:57:02,013|line:526| 官方 或 预约 OUT！
2026-04-19 16:57:02,013|line:519| https://t.bilibili.com/1190996720418291712
2026-04-19 16:57:04,376|line:526| 官方 或 预约 OUT！
2026-04-19 16:57:04,376|line:519| https://t.bilibili.com/1192207931286749193
2026-04-19 16:57:05,729|line:526| 官方 或 预约 OUT！
2026-04-19 16:57:05,729|line:519| https://t.bilibili.com/1192111642411794486
2026-04-19 16:57:08,092|line:526| 官方 或 预约 OUT！
2026-04-19 16:57:08,093|line:519| https://t.bilibili.com/1192563331255238656
2026-04-19 16:57:09,446|line:526| 官方 或 预约 OUT！
2026-04-19 16:57:09,447|line:519| https://t.bilibili.com/1191429459893288964
2026-04-19 16:57:09,447|line:521| 已有
2026-04-19 16:57:09,447|line:519| https://t.bilibili.com/1189513943087841286
2026-04-19 16:57:12,863|line:526| 官方 或 预约 OUT！
2026-04-19 16:57:12,863|line:519| https://t.bilibili.com/1176241562153123847
2026-04-19 16:57:17,184|line:526| 官方 或 预约 OUT！
2026-04-19 16:57:17,185|line:519| https://t.bilibili.com/1187066644948582422
2026-04-19 16:57:17,185|line:521| 已有
2026-04-19 16:57:17,185|line:519| https://t.bilibili.com/1191441137876860937
2026-04-19 16:57:19,498|line:526| 官方 或 预约 OUT！
2026-04-19 16:57:19,498|line:519| https://t.bilibili.com/1188505205585477680
2026-04-19 16:57:19,498|line:521| 已有
2026-04-19 16:57:19,498|line:519| https://t.bilibili.com/1186166376843182096
2026-04-19 16:57:19,499|line:521| 已有
2026-04-19 16:57:19,499|line:519| https://t.bilibili.com/1185563896055857171
2026-04-19 16:57:22,860|line:526| 官方 或 预约 OUT！
2026-04-19 16:57:22,861|line:519| https://t.bilibili.com/1191802988858966052
2026-04-19 16:57:27,211|line:341| =========此为源动态=========
2026-04-19 16:57:29,786|line:362| *********子动态开始*********
2026-04-19 16:57:29,786|line:381| *********子动态结束*********
2026-04-19 16:57:29,786|line:537| -=-=-=-=处理回最初的动态-=-=-=-=
2026-04-19 16:57:41,060|line:475| 转发成功 1193053696207880217
2026-04-19 16:57:44,422|line:548| 'NoneType' object is not subscriptable
2026-04-19 16:57:44,422|line:549| error line:541
2026-04-19 16:57:46,423|line:519| https://t.bilibili.com/1178439198159405058
2026-04-19 16:57:49,944|line:526| 官方 或 预约 OUT！
2026-04-19 16:57:49,945|line:519| https://t.bilibili.com/1192111139914252310
2026-04-19 16:57:51,342|line:526| 官方 或 预约 OUT！
2026-04-19 16:57:51,342|line:552| 执行结束
2026-04-19 16:57:51,343|line:558| ==================================================2026-04-20 00:57==================================================
2026-04-19 16:57:51,343|line:232| processing article 47945876
2026-04-19 16:57:53,247|line:507| ==================================================2026-04-20 00:57==================================================
2026-04-19 16:57:53,247|line:232| processing article 47944222
2026-04-19 16:57:57,967|line:507| ==================================================2026-04-20 00:57==================================================
2026-04-19 16:57:57,967|line:232| processing article 47935676
2026-04-19 16:58:01,307|line:507| ==================================================2026-04-20 00:58==================================================
2026-04-19 16:58:01,307|line:519| https://t.bilibili.com/1192148153918291988
2026-04-19 16:58:05,776|line:526| 官方 或 预约 OUT！
2026-04-19 16:58:05,776|line:519| https://t.bilibili.com/1186637191204306952
2026-04-19 16:58:07,259|line:526| 官方 或 预约 OUT！
2026-04-19 16:58:07,259|line:519| https://t.bilibili.com/1184326163767492630
2026-04-19 16:58:08,615|line:526| 官方 或 预约 OUT！
2026-04-19 16:58:08,616|line:519| https://t.bilibili.com/1180594485762981889
2026-04-19 16:58:09,965|line:526| 官方 或 预约 OUT！
2026-04-19 16:58:09,965|line:519| https://t.bilibili.com/1189868771796320281
2026-04-19 16:58:14,344|line:526| 官方 或 预约 OUT！
2026-04-19 16:58:14,344|line:519| https://t.bilibili.com/1186132094461411334
2026-04-19 16:58:17,698|line:526| 官方 或 预约 OUT！
2026-04-19 16:58:17,698|line:519| https://t.bilibili.com/1174389825642430467
2026-04-19 16:58:20,009|line:526| 官方 或 预约 OUT！
2026-04-19 16:58:20,009|line:519| https://t.bilibili.com/1191353791110184967
2026-04-19 16:58:24,330|line:526| 官方 或 预约 OUT！
2026-04-19 16:58:24,330|line:519| https://t.bilibili.com/1191734587221344258
2026-04-19 16:58:25,679|line:526| 官方 或 预约 OUT！
2026-04-19 16:58:25,679|line:519| https://t.bilibili.com/1181813062438486016
2026-04-19 16:58:27,104|line:526| 官方 或 预约 OUT！
2026-04-19 16:58:27,105|line:519| https://t.bilibili.com/1190983814036324355
2026-04-19 16:58:31,457|line:526| 官方 或 预约 OUT！
2026-04-19 16:58:31,457|line:519| https://t.bilibili.com/1184330995617234950
2026-04-19 16:58:32,817|line:526| 官方 或 预约 OUT！
2026-04-19 16:58:32,817|line:519| https://t.bilibili.com/1185423828589740038
2026-04-19 16:58:37,175|line:526| 官方 或 预约 OUT！
2026-04-19 16:58:37,175|line:519| https://t.bilibili.com/1191733032462057473
2026-04-19 16:58:40,479|line:526| 官方 或 预约 OUT！
2026-04-19 16:58:40,479|line:519| https://t.bilibili.com/1186754439484014594
2026-04-19 16:58:43,830|line:526| 官方 或 预约 OUT！
2026-04-19 16:58:43,830|line:519| https://t.bilibili.com/1191834900487995400
2026-04-19 16:58:45,203|line:526| 官方 或 预约 OUT！
2026-04-19 16:58:45,203|line:519| https://t.bilibili.com/1191497414816563200
2026-04-19 16:58:48,648|line:526| 官方 或 预约 OUT！
2026-04-19 16:58:48,649|line:519| https://t.bilibili.com/1186204743825883136
2026-04-19 16:58:50,130|line:526| 官方 或 预约 OUT！
2026-04-19 16:58:50,130|line:519| https://t.bilibili.com/1168820374043885573
2026-04-19 16:58:51,489|line:526| 官方 或 预约 OUT！
2026-04-19 16:58:51,490|line:519| https://t.bilibili.com/1191573663369920561
2026-04-19 16:58:53,842|line:526| 官方 或 预约 OUT！
2026-04-19 16:58:53,842|line:519| https://t.bilibili.com/1176241562153123847
2026-04-19 16:58:56,217|line:526| 官方 或 预约 OUT！
2026-04-19 16:58:56,218|line:519| https://t.bilibili.com/1187066644948582422
2026-04-19 16:58:56,218|line:521| 已有
2026-04-19 16:58:56,218|line:519| https://t.bilibili.com/1180601572399251457
2026-04-19 16:58:57,584|line:526| 官方 或 预约 OUT！
2026-04-19 16:58:57,585|line:519| https://t.bilibili.com/1182243332272685091
2026-04-19 16:58:59,889|line:526| 官方 或 预约 OUT！
2026-04-19 16:58:59,889|line:519| https://t.bilibili.com/1188505205585477680
2026-04-19 16:58:59,889|line:521| 已有
2026-04-19 16:58:59,889|line:519| https://t.bilibili.com/1186166376843182096
2026-04-19 16:58:59,889|line:521| 已有
2026-04-19 16:58:59,890|line:519| https://t.bilibili.com/1185563896055857171
2026-04-19 16:59:03,237|line:526| 官方 或 预约 OUT！
2026-04-19 16:59:03,238|line:519| https://t.bilibili.com/1178439198159405058
2026-04-19 16:59:07,591|line:526| 官方 或 预约 OUT！
2026-04-19 16:59:07,592|line:552| 执行结束
2026-04-19 16:59:07,592|line:558| ==================================================2026-04-20 00:59==================================================
2026-04-19 16:59:07,592|line:232| processing article 47935560
2026-04-19 16:59:11,305|line:507| ==================================================2026-04-20 00:59==================================================
2026-04-19 16:59:19,619|line:578| ('reply: ', '榄菊官方', '[给心心]')
2026-04-19 16:59:19,620|line:578| ('reply: ', '吓死我啦芙莱', '并不是')
2026-04-19 16:59:19,620|line:578| ('reply: ', '花生十三-公考行测', '68')
2026-04-19 16:59:19,620|line:578| ('reply: ', '三鹿七茸猫尾巴', '[夏诺雅表情包_？？？]')
2026-04-19 16:59:19,620|line:578| ('reply: ', '小闪闪bling', 'hhh腾子买库洛让我感觉他自己有点不太想出大世界了')
2026-04-19 16:59:19,620|line:578| ('reply: ', '魔改后远野汉娜', '不是，这……')
2026-04-19 16:59:19,620|line:578| ('reply: ', '好像都是一个人', '你在说什么')
2026-04-19 16:59:19,620|line:578| ('reply: ', '目标咨询', '太宠粉了啊')
2026-04-19 16:59:19,620|line:578| ('reply: ', '数玩工场', '祝你成功')
2026-04-19 16:59:19,621|line:578| ('reply: ', '益家有小佰', '恭喜宝子，获得小电视月度会员1份和克刻冰冰猴喉糖随机口味1份～记得私信小佰提供信息哦~')
2026-04-19 16:59:19,621|line:578| ('reply: ', '圆环之理-Madoka', '是的')
2026-04-19 16:59:19,621|line:578| ('reply: ', '兰的三姨', '这就是银河巨星的实力！')
2026-04-19 16:59:19,621|line:578| ('reply: ', '花园百合铃音', '有男不玩，我只吃麻辣火锅，xxn滚[吃瓜]')
2026-04-19 16:59:19,621|line:578| ('reply: ', '是绝赞的阿鬼', '[tv_难过]')
2026-04-19 16:59:19,621|line:578| ('reply: ', '桃稚不幼稚', '还行')
2026-04-19 16:59:19,621|line:578| ('reply: ', '陌罔子吖', '佬，这个报名有啥条件不。最近太非了，想下次报来抽[脱单doge][脱单doge][脱单doge]')
2026-04-19 16:59:19,621|line:578| ('reply: ', '太二酸菜鱼', '恭喜成为本期欧皇[打call]获得【肥龙联名显眼包】1份，在收到本信息的两天内回复哥的私信哦~逾期哥就自己收啦！[脱单doge]')
2026-04-19 16:59:19,621|line:578| ('reply: ', '得一想二的松鼠', '中奖分我一半')
2026-04-19 16:59:19,622|line:578| ('reply: ', '佑凉Uriyoo', '谢谢！！！[UP_24967030_感恩]')
2026-04-19 16:59:19,622|line:578| ('reply: ', '岛莓祁', '好耶')
2026-04-19 16:59:24,008|line:587| ('at: ', '电脑报', '恭喜@小小Shaun UID：1090970340，@-叶晓吖  UID：22437099  获得 【电竞大礼包】1份， 请在三日内私信我')
2026-04-19 16:59:24,008|line:587| ('at: ', '联想拯救者官方', '是我喜欢的奖品名单 直接开奖 上 趁现在没人偷摸开个奖 恭喜这些小伙伴 【拯救者7.1声卡H7游戏耳机】获奖名单 @泪水打湿猪脚饭o @xoomoon @小小Shaun @T山海连云T @超超超超薄脆饼干 @BerboomC 【拯救者C140氮化镓适配器】获奖名单 @改个天凉好个秋 @夜猫子牙不好 @LLL好久不见 @林殇倾慕婉 @今天也要拥抱微风 @洳不及我万一 @胜利の天平 【白金独角兽电竞鼠标】获奖名单 @底片上的诗旅人 【拯救者C170氮化镓适配器】获奖名单 @麦當劳无限好 @無名丶の辈 @任性的提莫 @广东有暖风 由于B站私信规则修改 我会私信中奖的小伙伴一条消息，还请注意查收并回复我您的收货地址与联系方式，奖品基本会在私信您信息后的三十个工作日内发货')
2026-04-19 16:59:24,008|line:587| ('at: ', 'Apexgaming艾湃电竞', '恭喜 @小小Shaun 获得饮料一份，三天内联系我，过时不候！')
2026-04-19 16:59:24,009|line:587| ('at: ', '喜欢白毛有什么不好', '1 @浪子游2fans6@被_____打下来的飞机@拉斯特臣后面一个点@专心致志的学生@猫猫头OmMeow@小小Shaun@龐門左道@啦啦痴痴腻@bili_66938050009@日月星辰668')
2026-04-19 16:59:24,009|line:587| ('at: ', 'iKF蓝牙耳机', '恭喜@小小Shaun 宝子成为苏泊尔福利动态幸运儿！\n注意：即日起72小时内回复信息确认领奖哦！逾期将自动视为放弃中奖资格。\n没有中奖的宝子们不要气馁，参与一下下置顶视频iKF Mars，增加欧气值，说不定下个幸运儿就是你！\n链接：\nhttps://www.bilibili.com/video/BV1Soo6YLEHZ/?spm_id_from=333.1387.list.card_archive.click&vd_source=21fb0967ccc75e6b3b2447ade2c740dd\n还没参与抽奖的宝子们，赶紧点击上方链接参与吧！还有特别福利惊喜等你哦~')
2026-04-19 16:59:24,009|line:587| ('at: ', 'wellymerck威利默克', '恭喜@小小Shaun\xa0 获得《我是你的小狗3 永远等你回家》1本，请于5天内联系威宝，凭关注+互动截图领取奖品，逾期作废~')
2026-04-19 16:59:24,009|line:587| ('at: ', '宁美NINGMEI', '恭喜@小小Shaun   中奖，请在12月1日24点前私信我：1. 奖品+中奖信息a. 实物奖：姓名电话地址，给文字！省市区路清晰，提交不清晰不发奖，信息错误致无法签收，概不负责；\n\nb. 现金红包给到支付宝实名+账号；\n\nc. 京东卡/猫超卡 等购物卡给到姓名+电话；2. 宁美和品牌方关注截图+转发截图！\n\n必须关注品牌方，否则奖品不予发放；如遇无法私信图片的情况，等待我回复后即可发送图片。PS： \n\n因后台收信有时会出问题，以回复“已登记”为准，没有回复即表示私信未收到。\n\n过期视为自动放弃，不会补发；奖品30个工作日内发送，勿催哦~\n\n不发全，不回复。其他小伙伴请继续努力！')
2026-04-19 16:59:24,009|line:587| ('at: ', '爱玛电动车官方账号', '#一“玛”当先榜# 快来看看10月都是谁和爱玛酱互动最多呀~ 💕恭喜@小小Shaun 和@甘瑞凯拉莎 排行第一！这两位小玛达将会获得【爱玛随机周边×1】，请5天内私信爱玛酱领奖哟~[鼓掌] 以后也请继续单推我无敌可爱美少女爱玛酱呀嘿嘿！(●´З｀●)')
2026-04-19 16:59:24,009|line:587| ('at: ', '爱玛电动车官方账号', '')
2026-04-19 16:59:24,009|line:587| ('at: ', '海露滴眼液', '互动榜出炉啦')
2026-04-19 16:59:24,009|line:587| ('at: ', '和蔼可亲桃白白', '\u200b//@九号公司:\u200b恭喜@小小Shaun 中奖！后续记得查收私信哟～\u200b//@九号公司:#互动抽奖# 谢谢粒粒的复工礼！小九也来加个码~关注【@微粒贷+@九号公司 】并转发该动态，抽一位小可爱获得【100元京东卡】~ #供电局福利社# 10月31日抽出！')
2026-04-19 16:59:24,010|line:587| ('at: ', '望大家身体健康快乐', '\u200b//@九号公司:\u200b恭喜@小小Shaun 中奖！后续记得查收私信哟～\u200b//@九号公司 :#互动抽奖# 谢谢粒粒的复工礼！小九也来加个码~关注【@微粒贷+@九号公司 】并转发该动态，抽一位小可爱获得【100元京东卡】~ #供电局福利社# 10月31日抽出！')
2026-04-19 16:59:24,010|line:587| ('at: ', 'MoMA_Reona', '//@九号公司:\u200b恭喜@小小Shaun 中奖！后续记得查收私信哟～\u200b//@九号公司:#互动抽奖# 谢谢粒粒的复工礼！小九也来加个码~关注【@微粒贷+@九号公司 】并转发该动态，抽一位小可爱获得【100元京东卡】~ #供电局福利社# 10月31日抽出！')
2026-04-19 16:59:24,010|line:587| ('at: ', '摸鱼二队', '\u200b//@九号公司:\u200b恭喜@小小Shaun 中奖！后续记得查收私信哟～\u200b//@九号公司 :#互动抽奖# 谢谢粒粒的复工礼！小九也来加个码~关注【@微粒贷+@九号公司 】并转发该动态，抽一位小可爱获得【100元京东卡】~ #供电局福利社# 10月31日抽出！')
2026-04-19 16:59:24,010|line:587| ('at: ', '文少嘅一些事一些情', '\u200b//@九号公司:\u200b恭喜@小小Shaun 中奖！后续记得查收私信哟～\u200b//@九号公司 :#互动抽奖# 谢谢粒粒的复工礼！小九也来加个码~关注【@微粒贷+@九号公司 】并转发该动态，抽一位小可爱获得【100元京东卡】~ #供电局福利社# 10月31日抽出！')
2026-04-19 16:59:24,010|line:587| ('at: ', 'Carry队友的嘟嘟酱丶', '\u200b//@九号公司:\u200b恭喜@小小Shaun 中奖！后续记得查收私信哟～\u200b//@九号公司 :#互动抽奖# 谢谢粒粒的复工礼！小九也来加个码~关注【@微粒贷+@九号公司 】并转发该动态，抽一位小可爱获得【100元京东卡】~ #供电局福利社# 10月31日抽出！')
2026-04-19 16:59:24,010|line:587| ('at: ', '蛤蟆zero', '//@九号公司:\u200b恭喜@小小Shaun 中奖！后续记得查收私信哟～\u200b//@九号公司:#互动抽奖# 谢谢粒粒的复工礼！小九也来加个码~关注【@微粒贷+@九号公司 】并转发该动态，抽一位小可爱获得【100元京东卡】~ #供电局福利社# 10月31日抽出！c冲冲冲')
2026-04-19 16:59:24,010|line:587| ('at: ', '木而各子要吃笃栗子', '\u200b//@九号公司:\u200b恭喜@小小Shaun 中奖！后续记得查收私信哟～\u200b//@九号公司 :#互动抽奖# 谢谢粒粒的复工礼！小九也来加个码~关注【@微粒贷+@九号公司 】并转发该动态，抽一位小可爱获得【100元京东卡】~ #供电局福利社# 10月31日抽出！')
2026-04-19 16:59:24,010|line:587| ('at: ', '裙下愚臣情默默', '\u200b//@九号公司:\u200b恭喜@小小Shaun 中奖！后续记得查收私信哟～\u200b//@九号公司 :#互动抽奖# 谢谢粒粒的复工礼！小九也来加个码~关注【@微粒贷+@九号公司 】并转发该动态，抽一位小可爱获得【100元京东卡】~ #供电局福利社# 10月31日抽出！')
2026-04-19 16:59:24,011|line:587| ('at: ', '戊子毕宿', '')
