2026-05-07 17:55:36,595|line:232| processing article 48718217
2026-05-07 17:55:41,506|line:507| ==================================================2026-05-08 01:55==================================================
2026-05-07 17:55:41,506|line:232| processing article 48710888
2026-05-07 17:55:44,952|line:507| ==================================================2026-05-08 01:55==================================================
2026-05-07 17:55:44,952|line:519| https://t.bilibili.com/1199501904577560584
2026-05-07 17:55:48,431|line:341| =========此为源动态=========
2026-05-07 17:55:49,970|line:362| *********子动态开始*********
2026-05-07 17:55:49,970|line:381| *********子动态结束*********
2026-05-07 17:55:49,971|line:537| -=-=-=-=处理回最初的动态-=-=-=-=
2026-05-07 17:56:00,305|line:475| 转发成功 1199748261740544005
2026-05-07 17:56:03,780|line:494| 评论发送成功
2026-05-07 17:56:08,266|line:424| 1902330279 === 已经关注了
2026-05-07 17:56:11,594|line:503| 动态-点赞 OK
2026-05-07 17:56:12,594|line:519| https://t.bilibili.com/1199613593068240936
2026-05-07 17:56:15,949|line:336| =========此为子动态=========
2026-05-07 17:56:17,533|line:387| *************原动态处理开始***************
2026-05-07 17:56:25,352|line:475| 转发成功 1199748369140940822
2026-05-07 17:56:28,830|line:494| 评论发送成功
2026-05-07 17:56:30,276|line:424| 2026733267 === 已经关注了
2026-05-07 17:56:33,657|line:503| 动态-点赞 OK
2026-05-07 17:56:33,658|line:396| *************原动态处理完成***************
2026-05-07 17:56:35,220|line:362| *********子动态开始*********
2026-05-07 17:56:44,645|line:475| 转发成功 1199748450710716416
2026-05-07 17:56:48,104|line:494| 评论发送成功
2026-05-07 17:56:55,098|line:424| 1779174270 === 已经关注了
2026-05-07 17:56:55,098|line:376| ----完成一个子动态----
2026-05-07 17:57:06,712|line:475| 转发成功 1199748545246134277
2026-05-07 17:57:10,118|line:494| 评论发送成功
2026-05-07 17:57:15,864|line:424| 623410202 === 已经关注了
2026-05-07 17:57:15,864|line:376| ----完成一个子动态----
2026-05-07 17:57:25,354|line:475| 转发成功 1199748626812764162
2026-05-07 17:57:28,817|line:494| 评论发送成功
2026-05-07 17:57:33,557|line:424| 434978041 === 已经关注了
2026-05-07 17:57:33,557|line:376| ----完成一个子动态----
2026-05-07 17:57:41,923|line:475| 转发成功 1199748695579426838
2026-05-07 17:57:45,324|line:494| 评论发送成功
2026-05-07 17:57:51,071|line:424| 1681276938 === 已经关注了
2026-05-07 17:57:51,072|line:376| ----完成一个子动态----
2026-05-07 17:57:51,073|line:381| *********子动态结束*********
2026-05-07 17:57:55,073|line:519| https://t.bilibili.com/1199666644512669696
2026-05-07 17:57:56,614|line:341| =========此为源动态=========
2026-05-07 17:57:58,151|line:362| *********子动态开始*********
2026-05-07 17:57:58,151|line:381| *********子动态结束*********
2026-05-07 17:57:58,152|line:537| -=-=-=-=处理回最初的动态-=-=-=-=
2026-05-07 17:58:05,472|line:475| 转发成功 1199748798652350472
2026-05-07 17:58:08,894|line:494| 评论发送成功
2026-05-07 17:58:10,267|line:424| 238623328 === 已经关注了
2026-05-07 17:58:13,630|line:503| 动态-点赞 OK
2026-05-07 17:58:17,631|line:519| https://t.bilibili.com/1199598152619917362
2026-05-07 17:58:20,997|line:341| =========此为源动态=========
2026-05-07 17:58:25,565|line:362| *********子动态开始*********
2026-05-07 17:58:25,566|line:381| *********子动态结束*********
2026-05-07 17:58:25,566|line:537| -=-=-=-=处理回最初的动态-=-=-=-=
2026-05-07 17:58:35,963|line:475| 转发成功 1199748927494029347
2026-05-07 17:58:39,333|line:548| 'NoneType' object is not subscriptable
2026-05-07 17:58:39,334|line:549| error line:541
2026-05-07 17:58:41,334|line:519| https://t.bilibili.com/1199501904612163600
2026-05-07 17:58:44,820|line:526| 官方 或 预约 OUT！
2026-05-07 17:58:44,820|line:519| https://t.bilibili.com/1199593024463568900
2026-05-07 17:58:47,146|line:341| =========此为源动态=========
2026-05-07 17:58:48,554|line:362| *********子动态开始*********
2026-05-07 17:58:48,554|line:381| *********子动态结束*********
2026-05-07 17:58:48,555|line:537| -=-=-=-=处理回最初的动态-=-=-=-=
2026-05-07 17:58:56,852|line:475| 转发成功 1199749017685196801
2026-05-07 17:59:00,400|line:494| 评论发送成功
2026-05-07 17:59:02,782|line:424| 455722391 === 已经关注了
2026-05-07 17:59:06,222|line:503| 动态-点赞 OK
2026-05-07 17:59:09,223|line:519| https://t.bilibili.com/1199557582372470805
2026-05-07 17:59:13,596|line:336| =========此为子动态=========
2026-05-07 17:59:16,044|line:400| *************原动态已存在***************
2026-05-07 17:59:17,403|line:362| *********子动态开始*********
2026-05-07 17:59:27,781|line:475| 转发成功 1199749150820794375
2026-05-07 17:59:31,180|line:494| 评论发送成功
2026-05-07 17:59:37,904|line:424| 1863894913 === 已经关注了
2026-05-07 17:59:37,905|line:376| ----完成一个子动态----
2026-05-07 17:59:50,398|line:475| 转发成功 1199749249626013734
2026-05-07 17:59:53,903|line:494| 评论发送成功
2026-05-07 18:00:00,652|line:424| 434978041 === 已经关注了
2026-05-07 18:00:00,653|line:376| ----完成一个子动态----
2026-05-07 18:00:09,107|line:475| 转发成功 1199749326899773447
2026-05-07 18:00:12,619|line:494| 评论发送成功
2026-05-07 18:00:17,519|line:424| 1024366005 === 已经关注了
2026-05-07 18:00:17,519|line:376| ----完成一个子动态----
2026-05-07 18:00:17,520|line:381| *********子动态结束*********
2026-05-07 18:00:19,521|line:519| https://t.bilibili.com/1199633330604081153
2026-05-07 18:00:22,896|line:341| =========此为源动态=========
2026-05-07 18:00:24,290|line:362| *********子动态开始*********
2026-05-07 18:00:24,291|line:381| *********子动态结束*********
2026-05-07 18:00:24,291|line:537| -=-=-=-=处理回最初的动态-=-=-=-=
2026-05-07 18:00:35,765|line:475| 转发成功 1199749442877521941
2026-05-07 18:00:39,218|line:494| 评论发送成功
2026-05-07 18:00:43,641|line:424| 1521701206 === 已经关注了
2026-05-07 18:00:47,038|line:503| 动态-点赞 OK
2026-05-07 18:00:49,039|line:519| https://t.bilibili.com/1199599634414043155
2026-05-07 18:00:49,039|line:521| 已有
2026-05-07 18:00:49,039|line:519| https://t.bilibili.com/1199510165976514562
2026-05-07 18:00:49,040|line:521| 已有
2026-05-07 18:00:49,040|line:519| https://t.bilibili.com/1188792337065574407
2026-05-07 18:00:52,342|line:526| 官方 或 预约 OUT！
2026-05-07 18:00:52,342|line:519| https://t.bilibili.com/1185563896055857171
2026-05-07 18:00:55,699|line:526| 官方 或 预约 OUT！
2026-05-07 18:00:55,700|line:519| https://t.bilibili.com/1199589433877200953
2026-05-07 18:00:59,010|line:526| 官方 或 预约 OUT！
2026-05-07 18:00:59,011|line:519| https://t.bilibili.com/1199212095232540672
2026-05-07 18:01:02,379|line:341| =========此为源动态=========
2026-05-07 18:01:04,914|line:362| *********子动态开始*********
2026-05-07 18:01:04,914|line:381| *********子动态结束*********
2026-05-07 18:01:04,914|line:537| -=-=-=-=处理回最初的动态-=-=-=-=
2026-05-07 18:01:15,230|line:475| 转发成功 1199749614668873748
2026-05-07 18:01:18,702|line:494| 评论发送成功
2026-05-07 18:01:22,149|line:424| 238623328 === 已经关注了
2026-05-07 18:01:25,544|line:503| 动态-点赞 OK
2026-05-07 18:01:28,545|line:519| https://t.bilibili.com/1199516900428611606
2026-05-07 18:01:30,053|line:341| =========此为源动态=========
2026-05-07 18:01:34,477|line:362| *********子动态开始*********
2026-05-07 18:01:34,478|line:381| *********子动态结束*********
2026-05-07 18:01:34,478|line:537| -=-=-=-=处理回最初的动态-=-=-=-=
2026-05-07 18:01:43,799|line:475| 转发成功 1199749734921666567
2026-05-07 18:01:47,276|line:494| 评论发送成功
2026-05-07 18:01:48,729|line:424| 429717985 === 已经关注了
2026-05-07 18:01:52,109|line:503| 动态-点赞 OK
2026-05-07 18:01:56,110|line:519| https://t.bilibili.com/1199623548796141591
2026-05-07 18:01:57,410|line:526| 官方 或 预约 OUT！
2026-05-07 18:01:57,410|line:519| https://t.bilibili.com/1186132094461411334
2026-05-07 18:01:58,714|line:526| 官方 或 预约 OUT！
2026-05-07 18:01:58,714|line:519| https://t.bilibili.com/1198790658028994568
2026-05-07 18:02:02,021|line:341| =========此为源动态=========
2026-05-07 18:02:03,416|line:362| *********子动态开始*********
2026-05-07 18:02:03,416|line:381| *********子动态结束*********
2026-05-07 18:02:03,417|line:537| -=-=-=-=处理回最初的动态-=-=-=-=
2026-05-07 18:02:11,748|line:475| 转发成功 1199749855159779331
2026-05-07 18:02:15,244|line:494| 评论发送成功
2026-05-07 18:02:20,094|line:436| 关注 ==== 3546915916483428 0
2026-05-07 18:02:23,432|line:503| 动态-点赞 OK
2026-05-07 18:02:26,433|line:519| https://t.bilibili.com/1199626323352354841
2026-05-07 18:02:30,872|line:341| =========此为源动态=========
2026-05-07 18:02:35,224|line:362| *********子动态开始*********
2026-05-07 18:02:35,224|line:381| *********子动态结束*********
2026-05-07 18:02:35,224|line:537| -=-=-=-=处理回最初的动态-=-=-=-=
2026-05-07 18:02:43,645|line:475| 转发成功 1199749992598732800
2026-05-07 18:02:47,101|line:494| 评论发送成功
2026-05-07 18:02:48,523|line:424| 3546892633901313 === 已经关注了
2026-05-07 18:02:51,903|line:503| 动态-点赞 OK
2026-05-07 18:02:53,904|line:519| https://t.bilibili.com/1199520881868537874
2026-05-07 18:02:58,242|line:526| 官方 或 预约 OUT！
2026-05-07 18:02:58,242|line:519| https://t.bilibili.com/1186988837329436697
2026-05-07 18:02:58,242|line:521| 已有
2026-05-07 18:02:58,242|line:519| https://t.bilibili.com/1199559923170541574
2026-05-07 18:03:00,547|line:336| =========此为子动态=========
2026-05-07 18:03:04,004|line:387| *************原动态处理开始***************
2026-05-07 18:03:08,921|line:475| 转发成功 1199750100016955398
2026-05-07 18:03:12,391|line:494| 评论发送成功
2026-05-07 18:03:16,897|line:424| 1538910381 === 已经关注了
2026-05-07 18:03:20,277|line:503| 动态-点赞 OK
2026-05-07 18:03:20,277|line:396| *************原动态处理完成***************
2026-05-07 18:03:23,844|line:362| *********子动态开始*********
2026-05-07 18:03:33,211|line:475| 转发成功 1199750207408963585
2026-05-07 18:03:36,719|line:494| 评论发送成功
2026-05-07 18:03:45,544|line:424| 346469145 === 已经关注了
2026-05-07 18:03:45,544|line:376| ----完成一个子动态----
2026-05-07 18:03:56,955|line:475| 转发成功 1199750306182725638
2026-05-07 18:04:00,362|line:494| 评论发送成功
2026-05-07 18:04:07,071|line:424| 422568947 === 已经关注了
2026-05-07 18:04:07,071|line:376| ----完成一个子动态----
2026-05-07 18:04:14,272|line:475| 转发成功 1199750383468019719
2026-05-07 18:04:17,750|line:494| 评论发送成功
2026-05-07 18:04:24,478|line:424| 436170053 === 已经关注了
2026-05-07 18:04:24,478|line:376| ----完成一个子动态----
2026-05-07 18:04:24,479|line:381| *********子动态结束*********
2026-05-07 18:04:27,479|line:519| https://t.bilibili.com/1199641587629424648
2026-05-07 18:04:29,881|line:526| 官方 或 预约 OUT！
2026-05-07 18:04:29,881|line:519| https://t.bilibili.com/1199599904966574104
2026-05-07 18:04:29,881|line:521| 已有
2026-05-07 18:04:29,881|line:519| https://t.bilibili.com/1199514396519301121
2026-05-07 18:04:29,881|line:521| 已有
2026-05-07 18:04:29,881|line:519| https://t.bilibili.com/1199351505536155649
2026-05-07 18:04:31,257|line:341| =========此为源动态=========
2026-05-07 18:04:33,827|line:362| *********子动态开始*********
2026-05-07 18:04:33,828|line:381| *********子动态结束*********
2026-05-07 18:04:33,828|line:537| -=-=-=-=处理回最初的动态-=-=-=-=
2026-05-07 18:04:46,250|line:475| 转发成功 1199750520896487429
2026-05-07 18:04:49,641|line:548| 'NoneType' object is not subscriptable
2026-05-07 18:04:49,641|line:549| error line:541
2026-05-07 18:04:53,642|line:519| https://t.bilibili.com/1176241562153123847
2026-05-07 18:04:56,000|line:526| 官方 或 预约 OUT！
2026-05-07 18:04:56,001|line:519| https://t.bilibili.com/1199599007360352258
2026-05-07 18:04:59,316|line:341| =========此为源动态=========
2026-05-07 18:05:01,062|line:362| *********子动态开始*********
2026-05-07 18:05:01,063|line:381| *********子动态结束*********
2026-05-07 18:05:01,063|line:537| -=-=-=-=处理回最初的动态-=-=-=-=
2026-05-07 18:05:11,460|line:475| 转发成功 1199750628289544199
2026-05-07 18:05:14,919|line:494| 评论发送成功
2026-05-07 18:05:16,367|line:424| 100680137 === 已经关注了
2026-05-07 18:05:19,737|line:503| 动态-点赞 OK
2026-05-07 18:05:22,737|line:519| https://t.bilibili.com/1199532828320071720
2026-05-07 18:05:27,038|line:341| =========此为源动态=========
2026-05-07 18:05:31,613|line:362| *********子动态开始*********
2026-05-07 18:05:37,495|line:381| *********子动态结束*********
2026-05-07 18:05:37,495|line:537| -=-=-=-=处理回最初的动态-=-=-=-=
2026-05-07 18:05:47,933|line:475| 转发成功 1199750782890541064
2026-05-07 18:05:51,404|line:494| 评论发送成功
2026-05-07 18:05:55,841|line:424| 471130755 === 已经关注了
2026-05-07 18:05:59,215|line:503| 动态-点赞 OK
2026-05-07 18:06:00,215|line:519| https://t.bilibili.com/1197290855426162696
2026-05-07 18:06:04,563|line:341| =========此为源动态=========
2026-05-07 18:06:06,137|line:362| *********子动态开始*********
2026-05-07 18:06:06,138|line:381| *********子动态结束*********
2026-05-07 18:06:06,139|line:537| -=-=-=-=处理回最初的动态-=-=-=-=
2026-05-07 18:06:16,442|line:475| 转发成功 1199750907487584275
2026-05-07 18:06:19,852|line:494| 评论发送成功
2026-05-07 18:06:25,704|line:436| 关注 ==== 3546788317366302 0
2026-05-07 18:06:29,072|line:503| 动态-点赞 OK
2026-05-07 18:06:30,072|line:519| https://t.bilibili.com/1198992154214531081
2026-05-07 18:06:32,437|line:341| =========此为源动态=========
2026-05-07 18:06:36,993|line:362| *********子动态开始*********
2026-05-07 18:06:36,993|line:381| *********子动态结束*********
2026-05-07 18:06:36,993|line:537| -=-=-=-=处理回最初的动态-=-=-=-=
2026-05-07 18:06:43,346|line:475| 转发成功 1199751023444361233
2026-05-07 18:06:46,764|line:494| 评论发送成功
2026-05-07 18:06:53,599|line:436| 关注 ==== 66082373 0
2026-05-07 18:06:56,981|line:503| 动态-点赞 OK
2026-05-07 18:06:57,981|line:519| https://t.bilibili.com/1199656523420139538
2026-05-07 18:07:01,354|line:341| =========此为源动态=========
2026-05-07 18:07:02,796|line:362| *********子动态开始*********
2026-05-07 18:07:02,797|line:381| *********子动态结束*********
2026-05-07 18:07:02,797|line:537| -=-=-=-=处理回最初的动态-=-=-=-=
2026-05-07 18:07:13,072|line:475| 转发成功 1199751147992121363
2026-05-07 18:07:16,521|line:494| 评论发送成功
2026-05-07 18:07:17,913|line:424| 318858790 === 已经关注了
2026-05-07 18:07:21,294|line:503| 动态-点赞 OK
2026-05-07 18:07:25,294|line:519| https://t.bilibili.com/1199603611582070784
2026-05-07 18:07:26,663|line:341| =========此为源动态=========
2026-05-07 18:07:30,054|line:362| *********子动态开始*********
2026-05-07 18:07:30,054|line:381| *********子动态结束*********
2026-05-07 18:07:30,054|line:537| -=-=-=-=处理回最初的动态-=-=-=-=
2026-05-07 18:07:40,302|line:475| 转发成功 1199751268258545671
2026-05-07 18:07:43,821|line:494| 评论发送成功
2026-05-07 18:07:47,335|line:424| 416514298 === 已经关注了
2026-05-07 18:07:50,734|line:503| 动态-点赞 OK
2026-05-07 18:07:52,735|line:519| https://t.bilibili.com/1199532828350480386
2026-05-07 18:07:55,227|line:341| =========此为源动态=========
2026-05-07 18:07:57,784|line:362| *********子动态开始*********
2026-05-07 18:07:57,784|line:381| *********子动态结束*********
2026-05-07 18:07:57,784|line:537| -=-=-=-=处理回最初的动态-=-=-=-=
2026-05-07 18:08:10,132|line:475| 转发成功 1199751397099175942
2026-05-07 18:08:13,557|line:494| 评论发送成功
2026-05-07 18:08:15,932|line:424| 399259929 === 已经关注了
2026-05-07 18:08:19,255|line:503| 动态-点赞 OK
2026-05-07 18:08:22,255|line:519| https://t.bilibili.com/1199660330886627337
2026-05-07 18:08:23,626|line:336| =========此为子动态=========
2026-05-07 18:08:28,021|line:387| *************原动态处理开始***************
2026-05-07 18:08:32,912|line:475| 转发成功 1199751491550707717
2026-05-07 18:08:36,366|line:494| 评论发送成功
2026-05-07 18:08:40,766|line:424| 628831867 === 已经关注了
2026-05-07 18:08:44,097|line:503| 动态-点赞 OK
2026-05-07 18:08:44,097|line:396| *************原动态处理完成***************
2026-05-07 18:08:47,661|line:362| *********子动态开始*********
2026-05-07 18:08:58,041|line:475| 转发成功 1199751598945861648
2026-05-07 18:09:01,581|line:494| 评论发送成功
2026-05-07 18:09:06,340|line:424| 628831867 === 已经关注了
2026-05-07 18:09:06,340|line:376| ----完成一个子动态----
2026-05-07 18:09:06,341|line:381| *********子动态结束*********
2026-05-07 18:09:10,342|line:519| https://t.bilibili.com/1199326165285732359
2026-05-07 18:09:13,694|line:526| 官方 或 预约 OUT！
2026-05-07 18:09:13,694|line:519| https://t.bilibili.com/1199322299786854425
2026-05-07 18:09:17,060|line:336| =========此为子动态=========
2026-05-07 18:09:19,439|line:387| *************原动态处理开始***************
2026-05-07 18:09:26,303|line:475| 转发成功 1199751723510398992
2026-05-07 18:09:29,748|line:494| 评论发送成功
2026-05-07 18:09:33,190|line:424| 622557681 === 已经关注了
2026-05-07 18:09:36,519|line:503| 动态-点赞 OK
2026-05-07 18:09:36,519|line:396| *************原动态处理完成***************
2026-05-07 18:09:40,060|line:362| *********子动态开始*********
2026-05-07 18:09:47,447|line:475| 转发成功 1199751813721489411
2026-05-07 18:09:50,894|line:494| 评论发送成功
2026-05-07 18:09:58,696|line:424| 622557681 === 已经关注了
2026-05-07 18:09:58,697|line:376| ----完成一个子动态----
2026-05-07 18:10:08,153|line:475| 转发成功 1199751903908462597
2026-05-07 18:10:11,570|line:494| 评论发送成功
2026-05-07 18:10:16,379|line:424| 212395881 === 已经关注了
2026-05-07 18:10:16,379|line:376| ----完成一个子动态----
2026-05-07 18:10:23,779|line:475| 转发成功 1199751968346603542
2026-05-07 18:10:27,199|line:494| 评论发送成功
2026-05-07 18:10:34,004|line:424| 346469145 === 已经关注了
2026-05-07 18:10:34,005|line:376| ----完成一个子动态----
2026-05-07 18:10:44,473|line:475| 转发成功 1199752058486390790
2026-05-07 18:10:47,921|line:494| 评论发送成功
2026-05-07 18:10:53,658|line:424| 388684610 === 已经关注了
2026-05-07 18:10:53,658|line:376| ----完成一个子动态----
2026-05-07 18:11:03,034|line:475| 转发成功 1199752135827259411
2026-05-07 18:11:06,549|line:494| 评论发送成功
2026-05-07 18:11:11,388|line:424| 3546740875594396 === 已经关注了
2026-05-07 18:11:11,388|line:376| ----完成一个子动态----
2026-05-07 18:11:20,752|line:475| 转发成功 1199752213121990679
2026-05-07 18:11:24,219|line:494| 评论发送成功
2026-05-07 18:11:29,048|line:424| 622557681 === 已经关注了
2026-05-07 18:11:29,048|line:376| ----完成一个子动态----
2026-05-07 18:11:29,049|line:381| *********子动态结束*********
2026-05-07 18:11:32,049|line:519| https://t.bilibili.com/1199602406810189841
2026-05-07 18:11:36,466|line:341| =========此为源动态=========
2026-05-07 18:11:38,989|line:362| *********子动态开始*********
2026-05-07 18:11:38,990|line:381| *********子动态结束*********
2026-05-07 18:11:38,990|line:537| -=-=-=-=处理回最初的动态-=-=-=-=
2026-05-07 18:11:50,291|line:475| 转发成功 1199752341994078208
2026-05-07 18:11:53,752|line:494| 评论发送成功
2026-05-07 18:11:55,195|line:424| 3546883135899928 === 已经关注了
2026-05-07 18:11:58,515|line:503| 动态-点赞 OK
2026-05-07 18:12:01,515|line:519| https://t.bilibili.com/1199518558303813650
2026-05-07 18:12:04,872|line:526| 官方 或 预约 OUT！
2026-05-07 18:12:04,873|line:519| https://t.bilibili.com/1199547802748715033
2026-05-07 18:12:07,173|line:341| =========此为源动态=========
2026-05-07 18:12:09,552|line:362| *********子动态开始*********
2026-05-07 18:12:09,552|line:381| *********子动态结束*********
2026-05-07 18:12:09,552|line:537| -=-=-=-=处理回最初的动态-=-=-=-=
2026-05-07 18:12:19,757|line:475| 转发成功 1199752466560712723
2026-05-07 18:12:23,243|line:494| 评论发送成功
2026-05-07 18:12:25,683|line:424| 386837540 === 已经关注了
2026-05-07 18:12:29,053|line:503| 动态-点赞 OK
2026-05-07 18:12:33,054|line:519| https://t.bilibili.com/1196607017197764657
2026-05-07 18:12:35,416|line:341| =========此为源动态=========
2026-05-07 18:12:37,823|line:362| *********子动态开始*********
2026-05-07 18:12:37,823|line:381| *********子动态结束*********
2026-05-07 18:12:37,824|line:537| -=-=-=-=处理回最初的动态-=-=-=-=
2026-05-07 18:12:47,356|line:475| 转发成功 1199752586775756823
2026-05-07 18:12:50,777|line:494| 评论发送成功
2026-05-07 18:12:55,196|line:424| 1323620 === 已经关注了
2026-05-07 18:12:58,562|line:503| 动态-点赞 OK
2026-05-07 18:12:59,563|line:519| https://t.bilibili.com/1195139478385066001
2026-05-07 18:13:02,874|line:526| 官方 或 预约 OUT！
2026-05-07 18:13:02,874|line:519| https://t.bilibili.com/1199349980860514321
2026-05-07 18:13:06,224|line:526| 官方 或 预约 OUT！
2026-05-07 18:13:06,225|line:519| https://t.bilibili.com/1199599767559077891
2026-05-07 18:13:06,225|line:521| 已有
2026-05-07 18:13:06,225|line:519| https://t.bilibili.com/1197449754187923491
2026-05-07 18:13:10,578|line:341| =========此为源动态=========
2026-05-07 18:13:13,128|line:362| *********子动态开始*********
2026-05-07 18:13:13,128|line:381| *********子动态结束*********
2026-05-07 18:13:13,129|line:537| -=-=-=-=处理回最初的动态-=-=-=-=
2026-05-07 18:13:24,309|line:475| 转发成功 1199752745713664000
2026-05-07 18:13:27,804|line:494| 评论发送成功
2026-05-07 18:13:32,685|line:436| 关注 ==== 19578484 0
2026-05-07 18:13:36,066|line:503| 动态-点赞 OK
2026-05-07 18:13:37,066|line:519| https://t.bilibili.com/1198790655878365239
2026-05-07 18:13:39,428|line:341| =========此为源动态=========
2026-05-07 18:13:42,787|line:362| *********子动态开始*********
2026-05-07 18:13:42,787|line:381| *********子动态结束*********
2026-05-07 18:13:42,788|line:537| -=-=-=-=处理回最初的动态-=-=-=-=
2026-05-07 18:13:49,199|line:475| 转发成功 1199752853101477896
2026-05-07 18:13:52,554|line:548| 'NoneType' object is not subscriptable
2026-05-07 18:13:52,554|line:549| error line:541
2026-05-07 18:13:53,554|line:519| https://t.bilibili.com/1198780240572186633
2026-05-07 18:13:57,864|line:526| 官方 或 预约 OUT！
2026-05-07 18:13:57,864|line:519| https://t.bilibili.com/1199305991800225815
2026-05-07 18:14:01,224|line:341| =========此为源动态=========
2026-05-07 18:14:04,807|line:362| *********子动态开始*********
2026-05-07 18:14:04,808|line:381| *********子动态结束*********
2026-05-07 18:14:04,808|line:537| -=-=-=-=处理回最初的动态-=-=-=-=
2026-05-07 18:14:12,243|line:475| 转发成功 1199752951858462727
2026-05-07 18:14:15,711|line:494| 评论发送成功
2026-05-07 18:14:20,172|line:424| 100680137 === 已经关注了
2026-05-07 18:14:23,501|line:503| 动态-点赞 OK
2026-05-07 18:14:25,501|line:519| https://t.bilibili.com/1199532828371451921
2026-05-07 18:14:26,920|line:341| =========此为源动态=========
2026-05-07 18:14:28,483|line:362| *********子动态开始*********
2026-05-07 18:14:28,484|line:381| *********子动态结束*********
2026-05-07 18:14:28,484|line:537| -=-=-=-=处理回最初的动态-=-=-=-=
2026-05-07 18:14:37,783|line:475| 转发成功 1199753059258859552
2026-05-07 18:14:41,258|line:494| 评论发送成功
2026-05-07 18:14:44,691|line:424| 97495251 === 已经关注了
2026-05-07 18:14:48,066|line:503| 动态-点赞 OK
2026-05-07 18:14:49,066|line:519| https://t.bilibili.com/1199509635526033430
2026-05-07 18:14:51,444|line:526| 官方 或 预约 OUT！
2026-05-07 18:14:51,444|line:519| https://t.bilibili.com/1199641634870919175
2026-05-07 18:14:55,750|line:341| =========此为源动态=========
2026-05-07 18:14:59,287|line:362| *********子动态开始*********
2026-05-07 18:14:59,288|line:381| *********子动态结束*********
2026-05-07 18:14:59,288|line:537| -=-=-=-=处理回最初的动态-=-=-=-=
2026-05-07 18:15:07,582|line:475| 转发成功 1199753188079566856
2026-05-07 18:15:11,125|line:494| 评论发送成功
2026-05-07 18:15:13,563|line:424| 578970477 === 已经关注了
2026-05-07 18:15:16,943|line:503| 动态-点赞 OK
2026-05-07 18:15:19,944|line:519| https://t.bilibili.com/1199621113539198977
2026-05-07 18:15:21,304|line:526| 官方 或 预约 OUT！
2026-05-07 18:15:21,305|line:519| https://t.bilibili.com/1198017621869461586
2026-05-07 18:15:25,677|line:341| =========此为源动态=========
2026-05-07 18:15:30,023|line:362| *********子动态开始*********
2026-05-07 18:15:30,024|line:381| *********子动态结束*********
2026-05-07 18:15:30,024|line:537| -=-=-=-=处理回最初的动态-=-=-=-=
2026-05-07 18:15:39,387|line:475| 转发成功 1199753325539491856
2026-05-07 18:15:42,858|line:494| 评论发送成功
2026-05-07 18:15:47,305|line:424| 434718226 === 已经关注了
2026-05-07 18:15:50,633|line:503| 动态-点赞 OK
2026-05-07 18:15:53,633|line:519| https://t.bilibili.com/1199325744321265701
2026-05-07 18:15:55,975|line:526| 官方 或 预约 OUT！
2026-05-07 18:15:55,975|line:519| https://t.bilibili.com/1199563752132837378
2026-05-07 18:15:55,976|line:521| 已有
2026-05-07 18:15:55,976|line:552| 执行结束
2026-05-07 18:15:55,976|line:558| ==================================================2026-05-08 02:15==================================================
2026-05-07 18:15:55,976|line:232| processing article 48695910
2026-05-07 18:15:59,767|line:507| ==================================================2026-05-08 02:15==================================================
2026-05-07 18:15:59,767|line:232| processing article 48695642
2026-05-07 18:16:03,489|line:507| ==================================================2026-05-08 02:16==================================================
2026-05-07 18:16:03,489|line:232| processing article 48673080
2026-05-07 18:16:07,681|line:507| ==================================================2026-05-08 02:16==================================================
2026-05-07 18:16:07,681|line:519| https://t.bilibili.com/1197035734363537414
2026-05-07 18:16:07,681|line:521| 已有
2026-05-07 18:16:07,681|line:519| https://t.bilibili.com/1194289981115334680
2026-05-07 18:16:10,043|line:341| =========此为源动态=========
2026-05-07 18:16:12,448|line:362| *********子动态开始*********
2026-05-07 18:16:12,449|line:381| *********子动态结束*********
2026-05-07 18:16:12,449|line:537| -=-=-=-=处理回最初的动态-=-=-=-=
2026-05-07 18:16:19,699|line:475| 转发成功 1199753497326649349
2026-05-07 18:16:23,105|line:494| 评论发送成功
2026-05-07 18:16:26,542|line:424| 458088758 === 已经关注了
2026-05-07 18:16:29,980|line:503| 动态-点赞 OK
2026-05-07 18:16:31,981|line:519| https://t.bilibili.com/1196968086460170258
2026-05-07 18:16:31,981|line:521| 已有
2026-05-07 18:16:31,981|line:519| https://t.bilibili.com/1199232869946359849
2026-05-07 18:16:34,333|line:341| =========此为源动态=========
2026-05-07 18:16:36,672|line:362| *********子动态开始*********
2026-05-07 18:16:36,673|line:381| *********子动态结束*********
2026-05-07 18:16:36,673|line:537| -=-=-=-=处理回最初的动态-=-=-=-=
2026-05-07 18:16:45,995|line:475| 转发成功 1199753609015721989
2026-05-07 18:16:49,437|line:494| 评论发送成功
2026-05-07 18:16:52,821|line:424| 26012012 === 已经关注了
2026-05-07 18:16:56,143|line:503| 动态-点赞 OK
2026-05-07 18:16:58,144|line:519| https://t.bilibili.com/1196906230382067720
2026-05-07 18:16:58,144|line:521| 已有
2026-05-07 18:16:58,144|line:519| https://t.bilibili.com/1196935324494725202
2026-05-07 18:16:58,144|line:521| 已有
2026-05-07 18:16:58,144|line:519| https://t.bilibili.com/1199231452617637896
2026-05-07 18:17:02,499|line:336| =========此为子动态=========
2026-05-07 18:17:03,936|line:400| *************原动态已存在***************
2026-05-07 18:17:07,362|line:362| *********子动态开始*********
2026-05-07 18:17:16,837|line:475| 转发成功 1199753742165999685
2026-05-07 18:17:20,288|line:494| 评论发送成功
2026-05-07 18:17:25,982|line:424| 622557681 === 已经关注了
2026-05-07 18:17:25,982|line:376| ----完成一个子动态----
2026-05-07 18:17:38,305|line:475| 转发成功 1199753836643745795
2026-05-07 18:17:41,781|line:494| 评论发送成功
2026-05-07 18:17:50,603|line:424| 622557681 === 已经关注了
2026-05-07 18:17:50,604|line:376| ----完成一个子动态----
2026-05-07 18:17:50,605|line:381| *********子动态结束*********
2026-05-07 18:17:53,605|line:519| https://t.bilibili.com/1193964645893799944
2026-05-07 18:17:57,990|line:341| =========此为源动态=========
2026-05-07 18:18:02,382|line:362| *********子动态开始*********
2026-05-07 18:18:02,383|line:381| *********子动态结束*********
2026-05-07 18:18:02,383|line:537| -=-=-=-=处理回最初的动态-=-=-=-=
2026-05-07 18:18:10,869|line:475| 转发成功 1199753974043901953
2026-05-07 18:18:14,381|line:494| 评论发送成功
2026-05-07 18:18:22,250|line:436| 关注 ==== 513940157 0
2026-05-07 18:18:25,641|line:503| 动态-点赞 OK
2026-05-07 18:18:29,642|line:519| https://t.bilibili.com/1188792337065574407
2026-05-07 18:18:33,002|line:526| 官方 或 预约 OUT！
2026-05-07 18:18:33,003|line:519| https://t.bilibili.com/1192482210004860935
2026-05-07 18:18:37,377|line:341| =========此为源动态=========
2026-05-07 18:18:39,783|line:362| *********子动态开始*********
2026-05-07 18:18:39,783|line:381| *********子动态结束*********
2026-05-07 18:18:39,783|line:537| -=-=-=-=处理回最初的动态-=-=-=-=
2026-05-07 18:18:48,122|line:475| 转发成功 1199754132955594768
2026-05-07 18:18:51,582|line:494| 评论发送成功
2026-05-07 18:18:56,016|line:424| 489004577 === 已经关注了
2026-05-07 18:18:59,390|line:503| 动态-点赞 OK
2026-05-07 18:19:02,391|line:519| https://t.bilibili.com/1185563896055857171
2026-05-07 18:19:04,721|line:526| 官方 或 预约 OUT！
2026-05-07 18:19:04,722|line:519| https://t.bilibili.com/1197017521528504361
2026-05-07 18:19:04,722|line:521| 已有
2026-05-07 18:19:04,722|line:519| https://t.bilibili.com/1198612852803371015
2026-05-07 18:19:08,032|line:341| =========此为源动态=========
2026-05-07 18:19:10,621|line:362| *********子动态开始*********
2026-05-07 18:19:10,622|line:381| *********子动态结束*********
2026-05-07 18:19:10,622|line:537| -=-=-=-=处理回最初的动态-=-=-=-=
2026-05-07 18:19:19,989|line:475| 转发成功 1199754270445928471
2026-05-07 18:19:23,460|line:494| 评论发送成功
2026-05-07 18:19:26,894|line:424| 100680137 === 已经关注了
2026-05-07 18:19:30,265|line:503| 动态-点赞 OK
2026-05-07 18:19:31,266|line:519| https://t.bilibili.com/1186132094461411334
2026-05-07 18:19:35,655|line:526| 官方 或 预约 OUT！
2026-05-07 18:19:35,656|line:519| https://t.bilibili.com/1197301384515420180
2026-05-07 18:19:37,965|line:526| 官方 或 预约 OUT！
2026-05-07 18:19:37,965|line:519| https://t.bilibili.com/1186988837329436697
2026-05-07 18:19:37,965|line:521| 已有
2026-05-07 18:19:37,965|line:519| https://t.bilibili.com/1193975628152438800
2026-05-07 18:19:42,328|line:336| =========此为子动态=========
2026-05-07 18:19:46,774|line:387| *************原动态处理开始***************
2026-05-07 18:19:52,689|line:475| 转发成功 1199754412163072005
2026-05-07 18:19:56,147|line:494| 评论发送成功
2026-05-07 18:20:02,996|line:436| 关注 ==== 3632311203531669 0
2026-05-07 18:20:06,347|line:503| 动态-点赞 OK
2026-05-07 18:20:06,348|line:396| *************原动态处理完成***************
2026-05-07 18:20:08,891|line:362| *********子动态开始*********
2026-05-07 18:20:16,299|line:475| 转发成功 1199754515250675719
2026-05-07 18:20:19,770|line:494| 评论发送成功
2026-05-07 18:20:24,590|line:424| 92337361 === 已经关注了
2026-05-07 18:20:24,590|line:376| ----完成一个子动态----
2026-05-07 18:20:24,591|line:381| *********子动态结束*********
2026-05-07 18:20:25,592|line:519| https://t.bilibili.com/1176241562153123847
2026-05-07 18:20:27,942|line:526| 官方 或 预约 OUT！
2026-05-07 18:20:27,943|line:519| https://t.bilibili.com/1197427733905276964
2026-05-07 18:20:27,943|line:521| 已有
2026-05-07 18:20:27,943|line:519| https://t.bilibili.com/1199227419643346950
2026-05-07 18:20:27,943|line:521| 已有
2026-05-07 18:20:27,943|line:519| https://t.bilibili.com/1198416620025806852
2026-05-07 18:20:31,303|line:526| 官方 或 预约 OUT！
2026-05-07 18:20:31,304|line:519| https://t.bilibili.com/1198790657981808640
2026-05-07 18:20:33,685|line:341| =========此为源动态=========
2026-05-07 18:20:36,138|line:362| *********子动态开始*********
2026-05-07 18:20:36,139|line:381| *********子动态结束*********
2026-05-07 18:20:36,139|line:537| -=-=-=-=处理回最初的动态-=-=-=-=
2026-05-07 18:20:44,419|line:475| 转发成功 1199754635502419972
2026-05-07 18:20:47,887|line:494| 评论发送成功
2026-05-07 18:20:50,330|line:424| 125086406 === 已经关注了
2026-05-07 18:20:53,779|line:503| 动态-点赞 OK
2026-05-07 18:20:54,780|line:519| https://t.bilibili.com/1199231942294241297
2026-05-07 18:20:54,780|line:521| 已有
2026-05-07 18:20:54,781|line:519| https://t.bilibili.com/1188505205585477680
2026-05-07 18:20:54,781|line:521| 已有
2026-05-07 18:20:54,781|line:519| https://t.bilibili.com/1197294121721528336
2026-05-07 18:20:54,781|line:521| 已有
2026-05-07 18:20:54,781|line:519| https://t.bilibili.com/1199109801983868936
2026-05-07 18:20:57,157|line:336| =========此为子动态=========
2026-05-07 18:20:58,525|line:387| *************原动态处理开始***************
2026-05-07 18:21:06,452|line:475| 转发成功 1199754729989603351
2026-05-07 18:21:09,943|line:494| 评论发送成功
2026-05-07 18:21:14,377|line:424| 622557681 === 已经关注了
2026-05-07 18:21:17,764|line:503| 动态-点赞 OK
2026-05-07 18:21:17,765|line:396| *************原动态处理完成***************
2026-05-07 18:21:22,162|line:362| *********子动态开始*********
2026-05-07 18:21:34,545|line:475| 转发成功 1199754850209890327
2026-05-07 18:21:37,952|line:494| 评论发送成功
2026-05-07 18:21:44,713|line:424| 622557681 === 已经关注了
2026-05-07 18:21:44,714|line:376| ----完成一个子动态----
2026-05-07 18:21:44,714|line:381| *********子动态结束*********
2026-05-07 18:21:46,715|line:519| https://t.bilibili.com/1195821983061770356
2026-05-07 18:21:48,195|line:341| =========此为源动态=========
2026-05-07 18:21:52,636|line:362| *********子动态开始*********
2026-05-07 18:21:52,636|line:381| *********子动态结束*********
2026-05-07 18:21:52,636|line:537| -=-=-=-=处理回最初的动态-=-=-=-=
2026-05-07 18:22:01,854|line:475| 转发成功 1199754966233776150
2026-05-07 18:22:05,382|line:494| 评论发送成功
2026-05-07 18:22:09,776|line:424| 651298625 === 已经关注了
2026-05-07 18:22:13,171|line:503| 动态-点赞 OK
2026-05-07 18:22:14,172|line:519| https://t.bilibili.com/1195139478385066001
2026-05-07 18:22:18,479|line:526| 官方 或 预约 OUT！
2026-05-07 18:22:18,479|line:519| https://t.bilibili.com/1199204879662317605
2026-05-07 18:22:22,842|line:336| =========此为子动态=========
2026-05-07 18:22:24,277|line:387| *************原动态处理开始***************
2026-05-07 18:22:32,191|line:475| 转发成功 1199755099374616585
2026-05-07 18:22:35,656|line:494| 评论发送成功
2026-05-07 18:22:37,092|line:424| 3546883135899928 === 已经关注了
2026-05-07 18:22:40,514|line:503| 动态-点赞 OK
2026-05-07 18:22:40,515|line:396| *************原动态处理完成***************
2026-05-07 18:22:43,073|line:362| *********子动态开始*********
2026-05-07 18:22:53,497|line:475| 转发成功 1199755189558444054
2026-05-07 18:22:56,950|line:494| 评论发送成功
2026-05-07 18:23:04,759|line:424| 394171781 === 已经关注了
2026-05-07 18:23:04,760|line:376| ----完成一个子动态----
2026-05-07 18:23:04,761|line:381| *********子动态结束*********
2026-05-07 18:23:07,761|line:519| https://t.bilibili.com/1198396380016541700
2026-05-07 18:23:10,216|line:341| =========此为源动态=========
2026-05-07 18:23:11,579|line:362| *********子动态开始*********
2026-05-07 18:23:11,580|line:381| *********子动态结束*********
2026-05-07 18:23:11,580|line:537| -=-=-=-=处理回最初的动态-=-=-=-=
2026-05-07 18:23:18,838|line:475| 转发成功 1199755296939966469
2026-05-07 18:23:22,233|line:494| 评论发送成功
2026-05-07 18:23:25,655|line:424| 673348637 === 已经关注了
2026-05-07 18:23:29,198|line:503| 动态-点赞 OK
2026-05-07 18:23:33,198|line:519| https://t.bilibili.com/1198982323070042116
2026-05-07 18:23:34,549|line:341| =========此为源动态=========
2026-05-07 18:23:36,104|line:362| *********子动态开始*********
2026-05-07 18:23:36,105|line:381| *********子动态结束*********
2026-05-07 18:23:36,105|line:537| -=-=-=-=处理回最初的动态-=-=-=-=
2026-05-07 18:23:45,526|line:475| 转发成功 1199755412889403392
2026-05-07 18:23:48,904|line:548| 'NoneType' object is not subscriptable
2026-05-07 18:23:48,905|line:549| error line:541
2026-05-07 18:23:51,905|line:519| https://t.bilibili.com/1198886025598861329
2026-05-07 18:23:55,402|line:526| 官方 或 预约 OUT！
2026-05-07 18:23:55,402|line:519| https://t.bilibili.com/1198837612717015040
2026-05-07 18:23:55,402|line:521| 已有
2026-05-07 18:23:55,402|line:519| https://t.bilibili.com/1198241445478137856
2026-05-07 18:23:56,765|line:341| =========此为源动态=========
2026-05-07 18:24:01,352|line:362| *********子动态开始*********
2026-05-07 18:24:01,352|line:381| *********子动态结束*********
2026-05-07 18:24:01,352|line:537| -=-=-=-=处理回最初的动态-=-=-=-=
2026-05-07 18:24:08,885|line:475| 转发成功 1199755511679942658
2026-05-07 18:24:12,262|line:548| 'NoneType' object is not subscriptable
2026-05-07 18:24:12,263|line:549| error line:541
2026-05-07 18:24:15,263|line:519| https://t.bilibili.com/1199134051359784979
2026-05-07 18:24:18,625|line:341| =========此为源动态=========
2026-05-07 18:24:21,169|line:362| *********子动态开始*********
2026-05-07 18:24:21,169|line:381| *********子动态结束*********
2026-05-07 18:24:21,169|line:537| -=-=-=-=处理回最初的动态-=-=-=-=
2026-05-07 18:24:29,536|line:475| 转发成功 1199755601875304448
2026-05-07 18:24:32,998|line:494| 评论发送成功
2026-05-07 18:24:37,423|line:424| 386837540 === 已经关注了
2026-05-07 18:24:40,742|line:503| 动态-点赞 OK
2026-05-07 18:24:42,743|line:519| https://t.bilibili.com/1198837316397826084
2026-05-07 18:24:42,743|line:521| 已有
2026-05-07 18:24:42,743|line:519| https://t.bilibili.com/1196959101399072770
2026-05-07 18:24:42,743|line:521| 已有
2026-05-07 18:24:42,743|line:519| https://t.bilibili.com/1198837157447335956
2026-05-07 18:24:44,109|line:336| =========此为子动态=========
2026-05-07 18:24:46,529|line:387| *************原动态处理开始***************
2026-05-07 18:24:52,387|line:475| 转发成功 1199755700670038034
2026-05-07 18:24:55,823|line:494| 评论发送成功
2026-05-07 18:24:58,253|line:424| 622557681 === 已经关注了
2026-05-07 18:25:01,634|line:503| 动态-点赞 OK
2026-05-07 18:25:01,634|line:396| *************原动态处理完成***************
2026-05-07 18:25:04,209|line:362| *********子动态开始*********
2026-05-07 18:25:16,568|line:475| 转发成功 1199755803752398849
2026-05-07 18:25:20,029|line:494| 评论发送成功
2026-05-07 18:25:23,819|line:424| 622557681 === 已经关注了
2026-05-07 18:25:23,820|line:376| ----完成一个子动态----
2026-05-07 18:25:23,821|line:381| *********子动态结束*********
2026-05-07 18:25:24,822|line:552| 执行结束
2026-05-07 18:25:24,822|line:558| ==================================================2026-05-08 02:25==================================================
2026-05-07 18:25:24,822|line:232| processing article 48667546
2026-05-07 18:25:29,369|line:507| ==================================================2026-05-08 02:25==================================================
2026-05-07 18:25:29,369|line:519| https://t.bilibili.com/1199161743196028949
2026-05-07 18:25:32,738|line:341| =========此为源动态=========
2026-05-07 18:25:37,124|line:362| *********子动态开始*********
2026-05-07 18:25:37,125|line:381| *********子动态结束*********
2026-05-07 18:25:37,125|line:537| -=-=-=-=处理回最初的动态-=-=-=-=
2026-05-07 18:25:46,486|line:475| 转发成功 1199755932597223427
2026-05-07 18:25:49,928|line:494| 评论发送成功
2026-05-07 18:25:54,384|line:424| 471130755 === 已经关注了
2026-05-07 18:25:57,732|line:503| 动态-点赞 OK
2026-05-07 18:25:59,733|line:519| https://t.bilibili.com/1199224945731698690
2026-05-07 18:26:01,041|line:341| =========此为源动态=========
2026-05-07 18:26:02,664|line:362| *********子动态开始*********
2026-05-07 18:26:02,665|line:381| *********子动态结束*********
2026-05-07 18:26:02,665|line:537| -=-=-=-=处理回最初的动态-=-=-=-=
2026-05-07 18:26:13,030|line:475| 转发成功 1199756044238061589
2026-05-07 18:26:16,484|line:494| 评论发送成功
2026-05-07 18:26:18,869|line:424| 100680137 === 已经关注了
2026-05-07 18:26:22,190|line:503| 动态-点赞 OK
2026-05-07 18:26:26,190|line:519| https://t.bilibili.com/1199131379932069888
2026-05-07 18:26:30,574|line:341| =========此为源动态=========
2026-05-07 18:26:33,113|line:362| *********子动态开始*********
2026-05-07 18:26:33,113|line:381| *********子动态结束*********
2026-05-07 18:26:33,114|line:537| -=-=-=-=处理回最初的动态-=-=-=-=
2026-05-07 18:26:42,576|line:475| 转发成功 1199756173074497537
2026-05-07 18:26:46,023|line:494| 评论发送成功
2026-05-07 18:26:50,453|line:424| 542973072 === 已经关注了
2026-05-07 18:26:53,838|line:503| 动态-点赞 OK
2026-05-07 18:26:56,839|line:519| https://t.bilibili.com/1199120715525128196
2026-05-07 18:27:01,292|line:341| =========此为源动态=========
2026-05-07 18:27:03,840|line:362| *********子动态开始*********
2026-05-07 18:27:03,840|line:381| *********子动态结束*********
2026-05-07 18:27:03,841|line:537| -=-=-=-=处理回最初的动态-=-=-=-=
2026-05-07 18:27:15,190|line:475| 转发成功 1199756314795835396
2026-05-07 18:27:18,656|line:494| 评论发送成功
2026-05-07 18:27:21,030|line:424| 1521701206 === 已经关注了
2026-05-07 18:27:24,393|line:503| 动态-点赞 OK
2026-05-07 18:27:28,393|line:519| https://t.bilibili.com/1198968750974435345
2026-05-07 18:27:30,760|line:341| =========此为源动态=========
2026-05-07 18:27:33,305|line:362| *********子动态开始*********
2026-05-07 18:27:33,306|line:381| *********子动态结束*********
2026-05-07 18:27:33,306|line:537| -=-=-=-=处理回最初的动态-=-=-=-=
2026-05-07 18:27:41,697|line:475| 转发成功 1199756426461839379
2026-05-07 18:27:45,091|line:494| 评论发送成功
2026-05-07 18:27:48,525|line:424| 873668 === 已经关注了
2026-05-07 18:27:51,902|line:503| 动态-点赞 OK
2026-05-07 18:27:52,903|line:519| https://t.bilibili.com/1199173273026297858
2026-05-07 18:27:54,264|line:526| 官方 或 预约 OUT！
2026-05-07 18:27:54,264|line:519| https://t.bilibili.com/1198966977121484805
2026-05-07 18:27:55,574|line:526| 官方 或 预约 OUT！
2026-05-07 18:27:55,575|line:519| https://t.bilibili.com/1199232869946359849
2026-05-07 18:27:55,575|line:521| 已有
2026-05-07 18:27:55,575|line:519| https://t.bilibili.com/1199248271734734856
2026-05-07 18:27:58,078|line:341| =========此为源动态=========
2026-05-07 18:28:01,650|line:362| *********子动态开始*********
2026-05-07 18:28:01,650|line:381| *********子动态结束*********
2026-05-07 18:28:01,650|line:537| -=-=-=-=处理回最初的动态-=-=-=-=
2026-05-07 18:28:12,974|line:475| 转发成功 1199756559634137091
2026-05-07 18:28:16,505|line:494| 评论发送成功
2026-05-07 18:28:18,999|line:424| 2030906413 === 已经关注了
2026-05-07 18:28:22,383|line:503| 动态-点赞 OK
2026-05-07 18:28:26,383|line:519| https://t.bilibili.com/1199231452617637896
2026-05-07 18:28:26,384|line:521| 已有
2026-05-07 18:28:26,384|line:519| https://t.bilibili.com/1199210523233615880
2026-05-07 18:28:27,690|line:341| =========此为源动态=========
2026-05-07 18:28:30,077|line:362| *********子动态开始*********
2026-05-07 18:28:30,077|line:381| *********子动态结束*********
2026-05-07 18:28:30,077|line:537| -=-=-=-=处理回最初的动态-=-=-=-=
2026-05-07 18:28:39,271|line:475| 转发成功 1199756675595108355
2026-05-07 18:28:42,737|line:494| 评论发送成功
2026-05-07 18:28:47,162|line:424| 1759308797 === 已经关注了
2026-05-07 18:28:50,553|line:503| 动态-点赞 OK
2026-05-07 18:28:54,554|line:519| https://t.bilibili.com/1199137788021178385
2026-05-07 18:28:57,868|line:336| =========此为子动态=========
2026-05-07 18:28:59,294|line:400| *************原动态已存在***************
2026-05-07 18:29:03,865|line:362| *********子动态开始*********
2026-05-07 18:32:54,919|line:381| *********子动态结束*********
2026-05-07 18:32:54,919|line:537| -=-=-=-=处理回最初的动态-=-=-=-=
2026-05-07 18:33:07,327|line:475| 转发成功 1199757826678849536
2026-05-07 18:33:10,727|line:494| 评论发送成功
2026-05-07 18:33:15,184|line:424| 3546664837057135 === 已经关注了
2026-05-07 18:33:18,616|line:503| 动态-点赞 OK
2026-05-07 18:33:19,617|line:519| https://t.bilibili.com/1188792337065574407
2026-05-07 18:33:23,005|line:526| 官方 或 预约 OUT！
2026-05-07 18:33:23,005|line:519| https://t.bilibili.com/1199205631279497225
2026-05-07 18:33:23,005|line:521| 已有
2026-05-07 18:33:23,005|line:519| https://t.bilibili.com/1185563896055857171
2026-05-07 18:33:26,366|line:526| 官方 或 预约 OUT！
2026-05-07 18:33:26,367|line:519| https://t.bilibili.com/1186132094461411334
2026-05-07 18:33:30,731|line:526| 官方 或 预约 OUT！
2026-05-07 18:33:30,731|line:519| https://t.bilibili.com/1198790657979711492
2026-05-07 18:33:35,102|line:341| =========此为源动态=========
2026-05-07 18:33:39,514|line:362| *********子动态开始*********
2026-05-07 18:33:39,515|line:381| *********子动态结束*********
2026-05-07 18:33:39,515|line:537| -=-=-=-=处理回最初的动态-=-=-=-=
2026-05-07 18:33:46,811|line:475| 转发成功 1199757994178379783
2026-05-07 18:33:50,270|line:494| 评论发送成功
2026-05-07 18:33:51,642|line:424| 3546749308242173 === 已经关注了
2026-05-07 18:33:55,007|line:503| 动态-点赞 OK
2026-05-07 18:33:56,008|line:519| https://t.bilibili.com/1199130819407380480
2026-05-07 18:34:00,375|line:341| =========此为源动态=========
2026-05-07 18:34:04,933|line:362| *********子动态开始*********
2026-05-07 18:34:04,933|line:381| *********子动态结束*********
2026-05-07 18:34:04,934|line:537| -=-=-=-=处理回最初的动态-=-=-=-=
2026-05-07 18:34:13,216|line:475| 转发成功 1199758110089019398
2026-05-07 18:34:16,684|line:494| 评论发送成功
2026-05-07 18:34:18,120|line:424| 1902330279 === 已经关注了
2026-05-07 18:34:21,455|line:503| 动态-点赞 OK
2026-05-07 18:34:24,455|line:519| https://t.bilibili.com/1186988837329436697
2026-05-07 18:34:24,455|line:521| 已有
2026-05-07 18:34:24,456|line:519| https://t.bilibili.com/1199258175934562310
2026-05-07 18:34:25,838|line:526| 官方 或 预约 OUT！
2026-05-07 18:34:25,839|line:519| https://t.bilibili.com/1198933459221872649
2026-05-07 18:34:28,201|line:341| =========此为源动态=========
2026-05-07 18:34:31,791|line:362| *********子动态开始*********
2026-05-07 18:34:31,791|line:381| *********子动态结束*********
2026-05-07 18:34:31,791|line:537| -=-=-=-=处理回最初的动态-=-=-=-=
2026-05-07 18:34:41,152|line:475| 转发成功 1199758226067816471
2026-05-07 18:34:44,615|line:494| 评论发送成功
2026-05-07 18:34:46,054|line:424| 100680137 === 已经关注了
2026-05-07 18:34:49,387|line:503| 动态-点赞 OK
2026-05-07 18:34:50,387|line:519| https://t.bilibili.com/1176241562153123847
2026-05-07 18:34:53,695|line:526| 官方 或 预约 OUT！
2026-05-07 18:34:53,695|line:519| https://t.bilibili.com/1199225761823719442
2026-05-07 18:34:57,038|line:341| =========此为源动态=========
2026-05-07 18:34:59,482|line:362| *********子动态开始*********
2026-05-07 18:34:59,482|line:381| *********子动态结束*********
2026-05-07 18:34:59,482|line:537| -=-=-=-=处理回最初的动态-=-=-=-=
2026-05-07 18:35:08,888|line:475| 转发成功 1199758346337386512
2026-05-07 18:35:12,295|line:494| 评论发送成功
2026-05-07 18:35:15,721|line:424| 100680137 === 已经关注了
2026-05-07 18:35:19,108|line:503| 动态-点赞 OK
2026-05-07 18:35:20,108|line:519| https://t.bilibili.com/1198969416699609124
2026-05-07 18:35:24,683|line:341| =========此为源动态=========
2026-05-07 18:35:28,066|line:362| *********子动态开始*********
2026-05-07 18:35:28,067|line:381| *********子动态结束*********
2026-05-07 18:35:28,067|line:537| -=-=-=-=处理回最初的动态-=-=-=-=
2026-05-07 18:35:38,351|line:475| 转发成功 1199758475188502536
2026-05-07 18:35:41,873|line:494| 评论发送成功
2026-05-07 18:35:46,328|line:424| 10110907 === 已经关注了
2026-05-07 18:35:49,664|line:503| 动态-点赞 OK
2026-05-07 18:35:50,665|line:519| https://t.bilibili.com/1199220032316375040
2026-05-07 18:35:51,982|line:336| =========此为子动态=========
2026-05-07 18:35:56,466|line:400| *************原动态已存在***************
2026-05-07 18:35:59,010|line:362| *********子动态开始*********
2026-05-07 18:36:09,456|line:475| 转发成功 1199758608359751685
2026-05-07 18:36:12,859|line:494| 评论发送成功
2026-05-07 18:36:18,636|line:424| 279732952 === 已经关注了
2026-05-07 18:36:18,636|line:376| ----完成一个子动态----
2026-05-07 18:36:18,637|line:381| *********子动态结束*********
2026-05-07 18:36:21,637|line:519| https://t.bilibili.com/1199115381167357958
2026-05-07 18:36:21,638|line:521| 已有
2026-05-07 18:36:21,638|line:519| https://t.bilibili.com/1199254514436145160
2026-05-07 18:36:23,957|line:341| =========此为源动态=========
2026-05-07 18:36:26,535|line:362| *********子动态开始*********
2026-05-07 18:36:26,535|line:381| *********子动态结束*********
2026-05-07 18:36:26,535|line:537| -=-=-=-=处理回最初的动态-=-=-=-=
2026-05-07 18:36:36,842|line:475| 转发成功 1199758724313382913
2026-05-07 18:36:40,326|line:494| 评论发送成功
2026-05-07 18:36:41,751|line:424| 1750535730 === 已经关注了
2026-05-07 18:36:45,088|line:503| 动态-点赞 OK
2026-05-07 18:36:47,089|line:519| https://t.bilibili.com/1199189658309754918
2026-05-07 18:36:49,439|line:336| =========此为子动态=========
2026-05-07 18:36:52,938|line:400| *************原动态已存在***************
2026-05-07 18:36:56,535|line:362| *********子动态开始*********
2026-05-07 18:37:07,863|line:475| 转发成功 1199758857474146322
2026-05-07 18:37:11,321|line:494| 评论发送成功
2026-05-07 18:37:19,199|line:424| 417333631 === 已经关注了
2026-05-07 18:37:19,199|line:376| ----完成一个子动态----
2026-05-07 18:37:28,535|line:475| 转发成功 1199758947635953672
2026-05-07 18:37:31,944|line:494| 评论发送成功
2026-05-07 18:37:36,681|line:424| 352104082 === 已经关注了
2026-05-07 18:37:36,681|line:376| ----完成一个子动态----
2026-05-07 18:37:36,682|line:381| *********子动态结束*********
2026-05-07 18:37:37,682|line:519| https://t.bilibili.com/1199227419643346950
2026-05-07 18:37:37,683|line:521| 已有
2026-05-07 18:37:37,683|line:519| https://t.bilibili.com/1199231942294241297
2026-05-07 18:37:37,683|line:521| 已有
2026-05-07 18:37:37,683|line:519| https://t.bilibili.com/1199183555180101649
2026-05-07 18:37:39,984|line:341| =========此为源动态=========
2026-05-07 18:37:41,534|line:362| *********子动态开始*********
2026-05-07 18:37:41,535|line:381| *********子动态结束*********
2026-05-07 18:37:41,535|line:537| -=-=-=-=处理回最初的动态-=-=-=-=
2026-05-07 18:37:51,777|line:475| 转发成功 1199759046436978697
2026-05-07 18:37:55,241|line:494| 评论发送成功
2026-05-07 18:37:59,673|line:424| 79955050 === 已经关注了
2026-05-07 18:38:03,072|line:503| 动态-点赞 OK
2026-05-07 18:38:06,073|line:519| https://t.bilibili.com/1188505205585477680
2026-05-07 18:38:06,073|line:521| 已有
2026-05-07 18:38:06,073|line:519| https://t.bilibili.com/1199141945509675043
2026-05-07 18:38:08,427|line:341| =========此为源动态=========
2026-05-07 18:38:10,853|line:362| *********子动态开始*********
2026-05-07 18:38:10,853|line:381| *********子动态结束*********
2026-05-07 18:38:10,854|line:537| -=-=-=-=处理回最初的动态-=-=-=-=
2026-05-07 18:38:22,058|line:475| 转发成功 1199759175278657552
2026-05-07 18:38:25,531|line:494| 评论发送成功
2026-05-07 18:38:29,976|line:424| 402328562 === 已经关注了
2026-05-07 18:38:33,358|line:503| 动态-点赞 OK
2026-05-07 18:38:36,358|line:519| https://t.bilibili.com/1199178341097144374
2026-05-07 18:38:40,722|line:336| =========此为子动态=========
2026-05-07 18:38:43,156|line:400| *************原动态已存在***************
2026-05-07 18:38:44,723|line:362| *********子动态开始*********
2026-05-07 18:38:55,175|line:475| 转发成功 1199759321328517125
2026-05-07 18:38:58,636|line:494| 评论发送成功
2026-05-07 18:39:03,436|line:424| 1129687681 === 已经关注了
2026-05-07 18:39:03,436|line:376| ----完成一个子动态----
2026-05-07 18:39:03,437|line:381| *********子动态结束*********
2026-05-07 18:39:05,438|line:519| https://t.bilibili.com/1199238792759738376
2026-05-07 18:39:07,806|line:341| =========此为源动态=========
2026-05-07 18:39:10,344|line:362| *********子动态开始*********
2026-05-07 18:39:10,344|line:381| *********子动态结束*********
2026-05-07 18:39:10,344|line:537| -=-=-=-=处理回最初的动态-=-=-=-=
2026-05-07 18:39:19,775|line:475| 转发成功 1199759424397246466
2026-05-07 18:39:23,143|line:548| 'NoneType' object is not subscriptable
2026-05-07 18:39:23,143|line:549| error line:541
2026-05-07 18:39:25,144|line:519| https://t.bilibili.com/1199109801983868936
2026-05-07 18:39:25,144|line:521| 已有
2026-05-07 18:39:25,144|line:519| https://t.bilibili.com/1195139478385066001
2026-05-07 18:39:29,501|line:526| 官方 或 预约 OUT！
2026-05-07 18:39:29,502|line:519| https://t.bilibili.com/1199135266858598404
2026-05-07 18:39:32,852|line:341| =========此为源动态=========
2026-05-07 18:39:35,401|line:362| *********子动态开始*********
2026-05-07 18:39:35,402|line:381| *********子动态结束*********
2026-05-07 18:39:35,402|line:537| -=-=-=-=处理回最初的动态-=-=-=-=
2026-05-07 18:39:42,718|line:475| 转发成功 1199759523173105682
2026-05-07 18:39:46,202|line:494| 评论发送成功
2026-05-07 18:39:50,639|line:424| 1929903779 === 已经关注了
2026-05-07 18:39:53,965|line:503| 动态-点赞 OK
2026-05-07 18:39:54,965|line:519| https://t.bilibili.com/1199176210769248258
2026-05-07 18:39:57,396|line:526| 官方 或 预约 OUT！
2026-05-07 18:39:57,397|line:519| https://t.bilibili.com/1199204879662317605
2026-05-07 18:39:57,397|line:521| 已有
2026-05-07 18:39:57,397|line:519| https://t.bilibili.com/1198982323070042116
2026-05-07 18:39:59,759|line:341| =========此为源动态=========
2026-05-07 18:40:04,299|line:362| *********子动态开始*********
2026-05-07 18:40:04,300|line:381| *********子动态结束*********
2026-05-07 18:40:04,300|line:537| -=-=-=-=处理回最初的动态-=-=-=-=
2026-05-07 18:40:12,656|line:475| 转发成功 1199759652011638785
2026-05-07 18:40:16,120|line:548| 'NoneType' object is not subscriptable
2026-05-07 18:40:16,120|line:549| error line:541
2026-05-07 18:40:19,121|line:519| https://t.bilibili.com/1198837612717015040
2026-05-07 18:40:19,121|line:521| 已有
2026-05-07 18:40:19,121|line:519| https://t.bilibili.com/1196935232149782537
2026-05-07 18:40:22,466|line:341| =========此为源动态=========
2026-05-07 18:40:23,990|line:362| *********子动态开始*********
2026-05-07 18:40:23,990|line:381| *********子动态结束*********
2026-05-07 18:40:23,990|line:537| -=-=-=-=处理回最初的动态-=-=-=-=
2026-05-07 18:40:35,389|line:475| 转发成功 1199759750781206533
2026-05-07 18:40:38,820|line:494| 评论发送成功
2026-05-07 18:40:40,295|line:424| 3546749308242173 === 已经关注了
2026-05-07 18:40:43,671|line:503| 动态-点赞 OK
2026-05-07 18:40:47,672|line:519| https://t.bilibili.com/1198759734236151814
2026-05-07 18:40:47,672|line:521| 已有
2026-05-07 18:40:47,672|line:519| https://t.bilibili.com/1199134012733390857
2026-05-07 18:40:49,074|line:341| =========此为源动态=========
2026-05-07 18:40:52,419|line:362| *********子动态开始*********
2026-05-07 18:40:52,420|line:381| *********子动态结束*********
2026-05-07 18:40:52,420|line:537| -=-=-=-=处理回最初的动态-=-=-=-=
2026-05-07 18:41:01,705|line:475| 转发成功 1199759862473424903
2026-05-07 18:41:05,177|line:494| 评论发送成功
2026-05-07 18:41:07,606|line:424| 588486221 === 已经关注了
2026-05-07 18:41:10,990|line:503| 动态-点赞 OK
2026-05-07 18:41:13,990|line:519| https://t.bilibili.com/1199161743181348885
2026-05-07 18:41:18,332|line:341| =========此为源动态=========
2026-05-07 18:41:19,887|line:362| *********子动态开始*********
2026-05-07 18:41:19,887|line:381| *********子动态结束*********
2026-05-07 18:41:19,888|line:537| -=-=-=-=处理回最初的动态-=-=-=-=
2026-05-07 18:41:29,306|line:475| 转发成功 1199759982723072016
2026-05-07 18:41:32,775|line:494| 评论发送成功
2026-05-07 18:41:37,152|line:424| 399259929 === 已经关注了
2026-05-07 18:41:40,519|line:503| 动态-点赞 OK
2026-05-07 18:41:43,519|line:519| https://t.bilibili.com/1199134051359784979
2026-05-07 18:41:43,520|line:521| 已有
2026-05-07 18:41:43,520|line:519| https://t.bilibili.com/1198982765453770770
2026-05-07 18:41:45,914|line:526| 官方 或 预约 OUT！
2026-05-07 18:41:45,915|line:519| https://t.bilibili.com/1199222527667208201
2026-05-07 18:41:47,277|line:341| =========此为源动态=========
2026-05-07 18:41:48,640|line:362| *********子动态开始*********
2026-05-07 18:41:48,640|line:381| *********子动态结束*********
2026-05-07 18:41:48,641|line:537| -=-=-=-=处理回最初的动态-=-=-=-=
2026-05-07 18:41:56,914|line:475| 转发成功 1199760098718646281
2026-05-07 18:42:00,436|line:494| 评论发送成功
2026-05-07 18:42:03,888|line:424| 357430679 === 已经关注了
2026-05-07 18:42:07,270|line:503| 动态-点赞 OK
2026-05-07 18:42:10,271|line:519| https://t.bilibili.com/1199234703922561060
2026-05-07 18:42:11,587|line:341| =========此为源动态=========
2026-05-07 18:42:13,120|line:362| *********子动态开始*********
2026-05-07 18:42:13,120|line:381| *********子动态结束*********
2026-05-07 18:42:13,120|line:537| -=-=-=-=处理回最初的动态-=-=-=-=
2026-05-07 18:42:22,467|line:475| 转发成功 1199760210368921604
2026-05-07 18:42:26,084|line:494| 评论发送成功
2026-05-07 18:42:29,476|line:424| 79955050 === 已经关注了
2026-05-07 18:42:32,855|line:503| 动态-点赞 OK
2026-05-07 18:42:35,856|line:519| https://t.bilibili.com/1199187974702497829
2026-05-07 18:42:35,856|line:521| 已有
2026-05-07 18:42:35,856|line:519| https://t.bilibili.com/1198837316397826084
2026-05-07 18:42:35,857|line:521| 已有
2026-05-07 18:42:35,857|line:519| https://t.bilibili.com/1198837157447335956
2026-05-07 18:42:35,857|line:521| 已有
2026-05-07 18:42:35,857|line:519| https://t.bilibili.com/1198975549868867591
2026-05-07 18:42:38,170|line:341| =========此为源动态=========
2026-05-07 18:42:40,730|line:362| *********子动态开始*********
2026-05-07 18:42:40,730|line:381| *********子动态结束*********
2026-05-07 18:42:40,731|line:537| -=-=-=-=处理回最初的动态-=-=-=-=
2026-05-07 18:42:52,076|line:475| 转发成功 1199760334892564489
2026-05-07 18:42:55,540|line:494| 评论发送成功
2026-05-07 18:42:59,974|line:424| 4221202 === 已经关注了
2026-05-07 18:43:03,409|line:503| 动态-点赞 OK
2026-05-07 18:43:04,410|line:519| https://t.bilibili.com/1199277707317215241
2026-05-07 18:43:06,023|line:341| =========此为源动态=========
2026-05-07 18:43:08,447|line:362| *********子动态开始*********
2026-05-07 18:43:08,447|line:381| *********子动态结束*********
2026-05-07 18:43:08,447|line:537| -=-=-=-=处理回最初的动态-=-=-=-=
2026-05-07 18:43:16,772|line:475| 转发成功 1199760442279329795
2026-05-07 18:43:20,208|line:494| 评论发送成功
2026-05-07 18:43:23,589|line:424| 429717985 === 已经关注了
2026-05-07 18:43:26,912|line:503| 动态-点赞 OK
2026-05-07 18:43:27,912|line:519| https://t.bilibili.com/1196301294926561296
2026-05-07 18:43:30,267|line:341| =========此为源动态=========
2026-05-07 18:43:32,805|line:362| *********子动态开始*********
2026-05-07 18:43:32,805|line:381| *********子动态结束*********
2026-05-07 18:43:32,806|line:537| -=-=-=-=处理回最初的动态-=-=-=-=
2026-05-07 18:43:43,074|line:475| 转发成功 1199760553933799428
2026-05-07 18:43:46,560|line:494| 评论发送成功
2026-05-07 18:43:47,978|line:424| 3546962401954116 === 已经关注了
2026-05-07 18:43:51,340|line:503| 动态-点赞 OK
2026-05-07 18:43:53,341|line:552| 执行结束
2026-05-07 18:43:53,341|line:558| ==================================================2026-05-08 02:43==================================================
2026-05-07 18:43:53,341|line:232| processing article 48655991
2026-05-07 18:43:58,699|line:507| ==================================================2026-05-08 02:43==================================================
2026-05-07 18:43:58,700|line:519| https://t.bilibili.com/1198881631841026054
2026-05-07 18:44:01,010|line:526| 官方 或 预约 OUT！
2026-05-07 18:44:01,011|line:519| https://t.bilibili.com/1190009651057393666
2026-05-07 18:44:02,325|line:526| 官方 或 预约 OUT！
2026-05-07 18:44:02,326|line:519| https://t.bilibili.com/1197110851186720787
2026-05-07 18:44:03,698|line:526| 官方 或 预约 OUT！
2026-05-07 18:44:03,698|line:519| https://t.bilibili.com/1193596674566520841
2026-05-07 18:44:07,074|line:526| 官方 或 预约 OUT！
2026-05-07 18:44:07,075|line:519| https://t.bilibili.com/1188817385304358914
2026-05-07 18:44:10,428|line:526| 官方 或 预约 OUT！
2026-05-07 18:44:10,429|line:519| https://t.bilibili.com/1192204821722038305
2026-05-07 18:44:13,742|line:526| 官方 或 预约 OUT！
2026-05-07 18:44:13,743|line:519| https://t.bilibili.com/1188792337065574407
2026-05-07 18:44:16,067|line:526| 官方 或 预约 OUT！
2026-05-07 18:44:16,067|line:519| https://t.bilibili.com/1185563896055857171
2026-05-07 18:44:18,474|line:526| 官方 或 预约 OUT！
2026-05-07 18:44:18,474|line:519| https://t.bilibili.com/1197335748572872710
2026-05-07 18:44:22,826|line:526| 官方 或 预约 OUT！
2026-05-07 18:44:22,826|line:519| https://t.bilibili.com/1196648132899766275
2026-05-07 18:44:24,183|line:526| 官方 或 预约 OUT！
2026-05-07 18:44:24,184|line:519| https://t.bilibili.com/1186132094461411334
2026-05-07 18:44:27,488|line:526| 官方 或 预约 OUT！
2026-05-07 18:44:27,489|line:519| https://t.bilibili.com/1166197351605338112
2026-05-07 18:44:29,843|line:526| 官方 或 预约 OUT！
2026-05-07 18:44:29,843|line:519| https://t.bilibili.com/1186988837329436697
2026-05-07 18:44:29,843|line:521| 已有
2026-05-07 18:44:29,843|line:519| https://t.bilibili.com/1188218383381823491
2026-05-07 18:44:31,150|line:526| 官方 或 预约 OUT！
2026-05-07 18:44:31,150|line:519| https://t.bilibili.com/1186689087261638696
2026-05-07 18:44:33,519|line:526| 官方 或 预约 OUT！
2026-05-07 18:44:33,519|line:519| https://t.bilibili.com/1196308495454961666
2026-05-07 18:44:36,878|line:526| 官方 或 预约 OUT！
2026-05-07 18:44:36,879|line:519| https://t.bilibili.com/1195825895787462665
2026-05-07 18:44:38,231|line:526| 官方 或 预约 OUT！
2026-05-07 18:44:38,231|line:519| https://t.bilibili.com/1176241562153123847
2026-05-07 18:44:40,591|line:526| 官方 或 预约 OUT！
2026-05-07 18:44:40,591|line:519| https://t.bilibili.com/1186262326413623333
2026-05-07 18:44:44,935|line:526| 官方 或 预约 OUT！
2026-05-07 18:44:44,935|line:519| https://t.bilibili.com/1188505205585477680
2026-05-07 18:44:44,935|line:521| 已有
2026-05-07 18:44:44,935|line:519| https://t.bilibili.com/1195139478385066001
2026-05-07 18:44:49,278|line:526| 官方 或 预约 OUT！
2026-05-07 18:44:49,279|line:519| https://t.bilibili.com/1189219780807098388
2026-05-07 18:44:50,657|line:526| 官方 或 预约 OUT！
2026-05-07 18:44:50,658|line:519| https://t.bilibili.com/1188421475235790865
2026-05-07 18:44:55,020|line:526| 官方 或 预约 OUT！
2026-05-07 18:44:55,020|line:519| https://t.bilibili.com/1196291371415109669
2026-05-07 18:44:56,358|line:526| 官方 或 预约 OUT！
2026-05-07 18:44:56,358|line:519| https://t.bilibili.com/1197750887210025011
2026-05-07 18:45:00,734|line:526| 官方 或 预约 OUT！
2026-05-07 18:45:00,734|line:519| https://t.bilibili.com/1193322316354814004
2026-05-07 18:45:03,126|line:526| 官方 或 预约 OUT！
2026-05-07 18:45:03,126|line:519| https://t.bilibili.com/1196979523995828243
2026-05-07 18:45:05,483|line:526| 官方 或 预约 OUT！
2026-05-07 18:45:05,484|line:519| https://t.bilibili.com/1197473230443511808
2026-05-07 18:45:08,795|line:526| 官方 或 预约 OUT！
2026-05-07 18:45:08,795|line:519| https://t.bilibili.com/1174371623571030054
2026-05-07 18:45:11,138|line:526| 官方 或 预约 OUT！
2026-05-07 18:45:11,139|line:519| https://t.bilibili.com/1187734843065106456
2026-05-07 18:45:14,484|line:526| 官方 或 预约 OUT！
2026-05-07 18:45:14,484|line:519| https://t.bilibili.com/1196328565832941605
2026-05-07 18:45:17,847|line:526| 官方 或 预约 OUT！
2026-05-07 18:45:17,848|line:552| 执行结束
2026-05-07 18:45:17,848|line:558| ==================================================2026-05-08 02:45==================================================
2026-05-07 18:45:17,848|line:232| processing article 48655880
2026-05-07 18:45:20,174|line:507| ==================================================2026-05-08 02:45==================================================
2026-05-07 18:45:20,175|line:519| https://t.bilibili.com/1198881631841026054
2026-05-07 18:45:22,546|line:526| 官方 或 预约 OUT！
2026-05-07 18:45:22,546|line:519| https://t.bilibili.com/1190009651057393666
2026-05-07 18:45:25,911|line:526| 官方 或 预约 OUT！
2026-05-07 18:45:25,911|line:519| https://t.bilibili.com/1198404117413756980
2026-05-07 18:45:28,253|line:526| 官方 或 预约 OUT！
2026-05-07 18:45:28,253|line:519| https://t.bilibili.com/1198856519202897926
2026-05-07 18:45:32,670|line:341| =========此为源动态=========
2026-05-07 18:45:36,218|line:362| *********子动态开始*********
2026-05-07 18:45:36,219|line:381| *********子动态结束*********
2026-05-07 18:45:36,219|line:537| -=-=-=-=处理回最初的动态-=-=-=-=
2026-05-07 18:45:46,707|line:475| 转发成功 1199761086502404102
2026-05-07 18:45:50,141|line:494| 评论发送成功
2026-05-07 18:45:53,576|line:424| 100680137 === 已经关注了
2026-05-07 18:45:56,898|line:503| 动态-点赞 OK
2026-05-07 18:45:59,899|line:519| https://t.bilibili.com/1195482212486610953
2026-05-07 18:46:02,208|line:526| 官方 或 预约 OUT！
2026-05-07 18:46:02,209|line:519| https://t.bilibili.com/1188792337065574407
2026-05-07 18:46:05,561|line:526| 官方 或 预约 OUT！
2026-05-07 18:46:05,562|line:519| https://t.bilibili.com/1185563896055857171
2026-05-07 18:46:06,920|line:526| 官方 或 预约 OUT！
2026-05-07 18:46:06,920|line:519| https://t.bilibili.com/1186132094461411334
2026-05-07 18:46:08,282|line:526| 官方 或 预约 OUT！
2026-05-07 18:46:08,282|line:519| https://t.bilibili.com/1196193081123143713
2026-05-07 18:46:11,587|line:526| 官方 或 预约 OUT！
2026-05-07 18:46:11,587|line:519| https://t.bilibili.com/1198483501279608835
2026-05-07 18:46:14,947|line:341| =========此为源动态=========
2026-05-07 18:46:19,541|line:362| *********子动态开始*********
2026-05-07 18:46:19,542|line:381| *********子动态结束*********
2026-05-07 18:46:19,542|line:537| -=-=-=-=处理回最初的动态-=-=-=-=
2026-05-07 18:46:29,882|line:475| 转发成功 1199761271191240723
2026-05-07 18:46:33,302|line:494| 评论发送成功
2026-05-07 18:46:36,740|line:424| 100680137 === 已经关注了
2026-05-07 18:46:40,173|line:503| 动态-点赞 OK
2026-05-07 18:46:44,174|line:519| https://t.bilibili.com/1186988837329436697
2026-05-07 18:46:44,174|line:521| 已有
2026-05-07 18:46:44,174|line:519| https://t.bilibili.com/1198500668221947913
2026-05-07 18:46:47,531|line:526| 官方 或 预约 OUT！
2026-05-07 18:46:47,532|line:519| https://t.bilibili.com/1176241562153123847
2026-05-07 18:46:51,880|line:526| 官方 或 预约 OUT！
2026-05-07 18:46:51,880|line:519| https://t.bilibili.com/1186262326413623333
2026-05-07 18:46:55,242|line:526| 官方 或 预约 OUT！
2026-05-07 18:46:55,242|line:519| https://t.bilibili.com/1198944492975030278
2026-05-07 18:46:59,591|line:526| 官方 或 预约 OUT！
2026-05-07 18:46:59,592|line:519| https://t.bilibili.com/1188505205585477680
2026-05-07 18:46:59,592|line:521| 已有
2026-05-07 18:46:59,592|line:519| https://t.bilibili.com/1196590515898810376
2026-05-07 18:47:02,948|line:526| 官方 或 预约 OUT！
2026-05-07 18:47:02,948|line:519| https://t.bilibili.com/1195139478385066001
2026-05-07 18:47:04,253|line:526| 官方 或 预约 OUT！
2026-05-07 18:47:04,254|line:519| https://t.bilibili.com/1198451349132410887
2026-05-07 18:47:06,615|line:526| 官方 或 预约 OUT！
2026-05-07 18:47:06,616|line:519| https://t.bilibili.com/1198116015303557122
2026-05-07 18:47:09,973|line:341| =========此为源动态=========
2026-05-07 18:47:14,537|line:362| *********子动态开始*********
2026-05-07 18:47:14,538|line:381| *********子动态结束*********
2026-05-07 18:47:14,538|line:537| -=-=-=-=处理回最初的动态-=-=-=-=
2026-05-07 18:47:21,946|line:475| 转发成功 1199761494572531717
2026-05-07 18:47:25,353|line:494| 评论发送成功
2026-05-07 18:47:26,776|line:424| 100680137 === 已经关注了
2026-05-07 18:47:30,120|line:503| 动态-点赞 OK
2026-05-07 18:47:33,121|line:519| https://t.bilibili.com/1198048841995124743
2026-05-07 18:47:35,429|line:526| 官方 或 预约 OUT！
2026-05-07 18:47:35,430|line:519| https://t.bilibili.com/1197744247201071111
2026-05-07 18:47:36,788|line:341| =========此为源动态=========
2026-05-07 18:47:41,353|line:362| *********子动态开始*********
2026-05-07 18:47:41,354|line:381| *********子动态结束*********
2026-05-07 18:47:41,354|line:537| -=-=-=-=处理回最初的动态-=-=-=-=
2026-05-07 18:47:51,870|line:475| 转发成功 1199761623372267526
2026-05-07 18:47:55,340|line:494| 评论发送成功
2026-05-07 18:47:57,793|line:424| 100680137 === 已经关注了
2026-05-07 18:48:01,113|line:503| 动态-点赞 OK
2026-05-07 18:48:05,113|line:519| https://t.bilibili.com/1197662501104254994
2026-05-07 18:48:08,499|line:526| 官方 或 预约 OUT！
2026-05-07 18:48:08,499|line:519| https://t.bilibili.com/1187734843065106456
2026-05-07 18:48:09,847|line:526| 官方 或 预约 OUT！
2026-05-07 18:48:09,847|line:552| 执行结束
2026-05-07 18:48:09,847|line:558| ==================================================2026-05-08 02:48==================================================
2026-05-07 18:48:16,521|line:578| ('reply: ', '榄菊官方', '[给心心]')
2026-05-07 18:48:16,522|line:578| ('reply: ', '吓死我啦芙莱', '并不是')
2026-05-07 18:48:16,522|line:578| ('reply: ', '花生十三-公考行测', '68')
2026-05-07 18:48:16,522|line:578| ('reply: ', '三鹿七茸猫尾巴', '[夏诺雅表情包_？？？]')
2026-05-07 18:48:16,522|line:578| ('reply: ', '小闪闪bling', 'hhh腾子买库洛让我感觉他自己有点不太想出大世界了')
2026-05-07 18:48:16,522|line:578| ('reply: ', '不修车的丸山彩', '不是，这……')
2026-05-07 18:48:16,522|line:578| ('reply: ', '好像都是一个人', '你在说什么')
2026-05-07 18:48:16,522|line:578| ('reply: ', '目标咨询', '太宠粉了啊')
2026-05-07 18:48:16,522|line:578| ('reply: ', '数玩工场', '祝你成功')
2026-05-07 18:48:16,522|line:578| ('reply: ', '益家有小佰', '恭喜宝子，获得小电视月度会员1份和克刻冰冰猴喉糖随机口味1份～记得私信小佰提供信息哦~')
2026-05-07 18:48:16,522|line:578| ('reply: ', '圆环之理-Madoka', '是的')
2026-05-07 18:48:16,523|line:578| ('reply: ', '兰的三姨', '这就是银河巨星的实力！')
2026-05-07 18:48:16,523|line:578| ('reply: ', '花园百合铃音', '有男不玩，我只吃麻辣火锅，xxn滚[吃瓜]')
2026-05-07 18:48:16,523|line:578| ('reply: ', '是绝赞的阿鬼', '[tv_难过]')
2026-05-07 18:48:16,523|line:578| ('reply: ', '桃稚不幼稚', '还行')
2026-05-07 18:48:16,523|line:578| ('reply: ', '陌罔子吖', '佬，这个报名有啥条件不。最近太非了，想下次报来抽[脱单doge][脱单doge][脱单doge]')
2026-05-07 18:48:16,523|line:578| ('reply: ', '太二酸菜鱼', '恭喜成为本期欧皇[打call]获得【肥龙联名显眼包】1份，在收到本信息的两天内回复哥的私信哦~逾期哥就自己收啦！[脱单doge]')
2026-05-07 18:48:16,523|line:578| ('reply: ', '得一想二的松鼠', '中奖分我一半')
2026-05-07 18:48:16,523|line:578| ('reply: ', '佑凉Uriyoo', '谢谢！！！[UP_24967030_感恩]')
2026-05-07 18:48:16,523|line:578| ('reply: ', '岛莓祁', '好耶')
2026-05-07 18:48:20,913|line:587| ('at: ', '电脑报', '恭喜@小小Shaun UID：1090970340，@-叶晓吖  UID：22437099  获得 【电竞大礼包】1份， 请在三日内私信我')
2026-05-07 18:48:20,914|line:587| ('at: ', '联想拯救者官方', '是我喜欢的奖品名单 直接开奖 上 趁现在没人偷摸开个奖 恭喜这些小伙伴 【拯救者7.1声卡H7游戏耳机】获奖名单 @泪水打湿猪脚饭o @xoomoon @小小Shaun @T山海连云T @超超超超薄脆饼干 @BerboomC 【拯救者C140氮化镓适配器】获奖名单 @改个天凉好个秋 @夜猫子牙不好 @LLL好久不见 @林殇倾慕婉 @今天也要拥抱微风 @洳不及我万一 @胜利の天平 【白金独角兽电竞鼠标】获奖名单 @底片上的诗旅人 【拯救者C170氮化镓适配器】获奖名单 @麦當劳无限好 @無名丶の辈 @任性的提莫 @广东有暖风 由于B站私信规则修改 我会私信中奖的小伙伴一条消息，还请注意查收并回复我您的收货地址与联系方式，奖品基本会在私信您信息后的三十个工作日内发货')
2026-05-07 18:48:20,914|line:587| ('at: ', 'Apexgaming艾湃电竞', '恭喜 @小小Shaun 获得饮料一份，三天内联系我，过时不候！')
2026-05-07 18:48:20,914|line:587| ('at: ', '喜欢白毛有什么不好', '1 @浪子游2fans6@被_____打下来的飞机@拉斯特臣后面一个点@专心致志的学生@猫猫头OmMeow@小小Shaun@龐門左道@啦啦痴痴腻@bili_66938050009@日月星辰668')
2026-05-07 18:48:20,914|line:587| ('at: ', 'iKF蓝牙耳机', '恭喜@小小Shaun 宝子成为苏泊尔福利动态幸运儿！\n注意：即日起72小时内回复信息确认领奖哦！逾期将自动视为放弃中奖资格。\n没有中奖的宝子们不要气馁，参与一下下置顶视频iKF Mars，增加欧气值，说不定下个幸运儿就是你！\n链接：\nhttps://www.bilibili.com/video/BV1Soo6YLEHZ/?spm_id_from=333.1387.list.card_archive.click&vd_source=21fb0967ccc75e6b3b2447ade2c740dd\n还没参与抽奖的宝子们，赶紧点击上方链接参与吧！还有特别福利惊喜等你哦~')
2026-05-07 18:48:20,914|line:587| ('at: ', 'wellymerck威利默克', '恭喜@小小Shaun\xa0 获得《我是你的小狗3 永远等你回家》1本，请于5天内联系威宝，凭关注+互动截图领取奖品，逾期作废~')
2026-05-07 18:48:20,914|line:587| ('at: ', '宁美NINGMEI', '恭喜@小小Shaun   中奖，请在12月1日24点前私信我：1. 奖品+中奖信息a. 实物奖：姓名电话地址，给文字！省市区路清晰，提交不清晰不发奖，信息错误致无法签收，概不负责；\n\nb. 现金红包给到支付宝实名+账号；\n\nc. 京东卡/猫超卡 等购物卡给到姓名+电话；2. 宁美和品牌方关注截图+转发截图！\n\n必须关注品牌方，否则奖品不予发放；如遇无法私信图片的情况，等待我回复后即可发送图片。PS： \n\n因后台收信有时会出问题，以回复“已登记”为准，没有回复即表示私信未收到。\n\n过期视为自动放弃，不会补发；奖品30个工作日内发送，勿催哦~\n\n不发全，不回复。其他小伙伴请继续努力！')
2026-05-07 18:48:20,914|line:587| ('at: ', '爱玛电动车官方账号', '#一“玛”当先榜# 快来看看10月都是谁和爱玛酱互动最多呀~ 💕恭喜@小小Shaun 和@甘瑞凯拉莎 排行第一！这两位小玛达将会获得【爱玛随机周边×1】，请5天内私信爱玛酱领奖哟~[鼓掌] 以后也请继续单推我无敌可爱美少女爱玛酱呀嘿嘿！(●´З｀●)')
2026-05-07 18:48:20,914|line:587| ('at: ', '爱玛电动车官方账号', '')
2026-05-07 18:48:20,914|line:587| ('at: ', '海露滴眼液', '互动榜出炉啦')
2026-05-07 18:48:20,915|line:587| ('at: ', '和蔼可亲桃白白', '\u200b//@九号公司:\u200b恭喜@小小Shaun 中奖！后续记得查收私信哟～\u200b//@九号公司:#互动抽奖# 谢谢粒粒的复工礼！小九也来加个码~关注【@微粒贷+@九号公司 】并转发该动态，抽一位小可爱获得【100元京东卡】~ #供电局福利社# 10月31日抽出！')
2026-05-07 18:48:20,915|line:587| ('at: ', '望大家身体健康快乐', '\u200b//@九号公司:\u200b恭喜@小小Shaun 中奖！后续记得查收私信哟～\u200b//@九号公司 :#互动抽奖# 谢谢粒粒的复工礼！小九也来加个码~关注【@微粒贷+@九号公司 】并转发该动态，抽一位小可爱获得【100元京东卡】~ #供电局福利社# 10月31日抽出！')
2026-05-07 18:48:20,915|line:587| ('at: ', 'MoMA_Reona', '//@九号公司:\u200b恭喜@小小Shaun 中奖！后续记得查收私信哟～\u200b//@九号公司:#互动抽奖# 谢谢粒粒的复工礼！小九也来加个码~关注【@微粒贷+@九号公司 】并转发该动态，抽一位小可爱获得【100元京东卡】~ #供电局福利社# 10月31日抽出！')
2026-05-07 18:48:20,915|line:587| ('at: ', '摸鱼二队', '\u200b//@九号公司:\u200b恭喜@小小Shaun 中奖！后续记得查收私信哟～\u200b//@九号公司 :#互动抽奖# 谢谢粒粒的复工礼！小九也来加个码~关注【@微粒贷+@九号公司 】并转发该动态，抽一位小可爱获得【100元京东卡】~ #供电局福利社# 10月31日抽出！')
2026-05-07 18:48:20,915|line:587| ('at: ', '文少嘅一些事一些情', '\u200b//@九号公司:\u200b恭喜@小小Shaun 中奖！后续记得查收私信哟～\u200b//@九号公司 :#互动抽奖# 谢谢粒粒的复工礼！小九也来加个码~关注【@微粒贷+@九号公司 】并转发该动态，抽一位小可爱获得【100元京东卡】~ #供电局福利社# 10月31日抽出！')
2026-05-07 18:48:20,915|line:587| ('at: ', 'Carry队友的嘟嘟酱丶', '\u200b//@九号公司:\u200b恭喜@小小Shaun 中奖！后续记得查收私信哟～\u200b//@九号公司 :#互动抽奖# 谢谢粒粒的复工礼！小九也来加个码~关注【@微粒贷+@九号公司 】并转发该动态，抽一位小可爱获得【100元京东卡】~ #供电局福利社# 10月31日抽出！')
2026-05-07 18:48:20,915|line:587| ('at: ', '蛤蟆zero', '//@九号公司:\u200b恭喜@小小Shaun 中奖！后续记得查收私信哟～\u200b//@九号公司:#互动抽奖# 谢谢粒粒的复工礼！小九也来加个码~关注【@微粒贷+@九号公司 】并转发该动态，抽一位小可爱获得【100元京东卡】~ #供电局福利社# 10月31日抽出！c冲冲冲')
2026-05-07 18:48:20,915|line:587| ('at: ', '木而各子要吃笃栗子', '\u200b//@九号公司:\u200b恭喜@小小Shaun 中奖！后续记得查收私信哟～\u200b//@九号公司 :#互动抽奖# 谢谢粒粒的复工礼！小九也来加个码~关注【@微粒贷+@九号公司 】并转发该动态，抽一位小可爱获得【100元京东卡】~ #供电局福利社# 10月31日抽出！')
2026-05-07 18:48:20,915|line:587| ('at: ', '裙下愚臣情默默', '\u200b//@九号公司:\u200b恭喜@小小Shaun 中奖！后续记得查收私信哟～\u200b//@九号公司 :#互动抽奖# 谢谢粒粒的复工礼！小九也来加个码~关注【@微粒贷+@九号公司 】并转发该动态，抽一位小可爱获得【100元京东卡】~ #供电局福利社# 10月31日抽出！')
2026-05-07 18:48:20,915|line:587| ('at: ', '戊子毕宿', '')
