2026-06-05 18:04:01,431|line:232| processing article 50121632
2026-06-05 18:04:03,158|line:507| ==================================================2026-06-06 02:04==================================================
2026-06-05 18:04:03,158|line:232| processing article 50116747
2026-06-05 18:04:05,870|line:507| ==================================================2026-06-06 02:04==================================================
2026-06-05 18:04:05,871|line:232| processing article 50110895
2026-06-05 18:04:08,228|line:507| ==================================================2026-06-06 02:04==================================================
2026-06-05 18:04:08,228|line:519| https://t.bilibili.com/1199610221533593601
2026-06-05 18:04:12,826|line:346| Expecting value: line 1 column 1 (char 0)
2026-06-05 18:04:12,827|line:347| error line:319
2026-06-05 18:04:12,828|line:533| *#*#*#*#*#*#*#*#*#*еҺҹеҠЁжҖҒеӨ„зҗҶеӨұиҙҘ*#*#*#*#*#*#*#*#*#
2026-06-05 18:04:12,828|line:519| https://t.bilibili.com/1208539694736867331
2026-06-05 18:04:14,281|line:346| Expecting value: line 1 column 1 (char 0)
2026-06-05 18:04:14,281|line:347| error line:319
2026-06-05 18:04:14,282|line:533| *#*#*#*#*#*#*#*#*#*еҺҹеҠЁжҖҒеӨ„зҗҶеӨұиҙҘ*#*#*#*#*#*#*#*#*#
2026-06-05 18:04:14,283|line:519| https://t.bilibili.com/1205841497513001015
2026-06-05 18:04:18,613|line:346| Expecting value: line 1 column 1 (char 0)
2026-06-05 18:04:18,613|line:347| error line:319
2026-06-05 18:04:18,614|line:533| *#*#*#*#*#*#*#*#*#*еҺҹеҠЁжҖҒеӨ„зҗҶеӨұиҙҘ*#*#*#*#*#*#*#*#*#
2026-06-05 18:04:18,614|line:519| https://t.bilibili.com/1208451995793358872
2026-06-05 18:04:22,012|line:346| Expecting value: line 1 column 1 (char 0)
2026-06-05 18:04:22,012|line:347| error line:319
2026-06-05 18:04:22,014|line:533| *#*#*#*#*#*#*#*#*#*еҺҹеҠЁжҖҒеӨ„зҗҶеӨұиҙҘ*#*#*#*#*#*#*#*#*#
2026-06-05 18:04:22,014|line:519| https://t.bilibili.com/1209525574396018713
2026-06-05 18:04:23,405|line:346| Expecting value: line 1 column 1 (char 0)
2026-06-05 18:04:23,405|line:347| error line:319
2026-06-05 18:04:23,406|line:533| *#*#*#*#*#*#*#*#*#*еҺҹеҠЁжҖҒеӨ„зҗҶеӨұиҙҘ*#*#*#*#*#*#*#*#*#
2026-06-05 18:04:23,406|line:519| https://t.bilibili.com/1206583504670818341
2026-06-05 18:04:25,778|line:346| Expecting value: line 1 column 1 (char 0)
2026-06-05 18:04:25,778|line:347| error line:319
2026-06-05 18:04:25,779|line:533| *#*#*#*#*#*#*#*#*#*еҺҹеҠЁжҖҒеӨ„зҗҶеӨұиҙҘ*#*#*#*#*#*#*#*#*#
2026-06-05 18:04:25,779|line:519| https://t.bilibili.com/1207754450193612808
2026-06-05 18:04:27,237|line:346| Expecting value: line 1 column 1 (char 0)
2026-06-05 18:04:27,237|line:347| error line:319
2026-06-05 18:04:27,238|line:533| *#*#*#*#*#*#*#*#*#*еҺҹеҠЁжҖҒеӨ„зҗҶеӨұиҙҘ*#*#*#*#*#*#*#*#*#
2026-06-05 18:04:27,239|line:519| https://t.bilibili.com/1199896210470600740
2026-06-05 18:04:29,593|line:346| Expecting value: line 1 column 1 (char 0)
2026-06-05 18:04:29,593|line:347| error line:319
2026-06-05 18:04:29,594|line:533| *#*#*#*#*#*#*#*#*#*еҺҹеҠЁжҖҒеӨ„зҗҶеӨұиҙҘ*#*#*#*#*#*#*#*#*#
2026-06-05 18:04:29,594|line:519| https://t.bilibili.com/1208166406225395715
2026-06-05 18:04:31,968|line:346| Expecting value: line 1 column 1 (char 0)
2026-06-05 18:04:31,968|line:347| error line:319
2026-06-05 18:04:31,969|line:533| *#*#*#*#*#*#*#*#*#*еҺҹеҠЁжҖҒеӨ„зҗҶеӨұиҙҘ*#*#*#*#*#*#*#*#*#
2026-06-05 18:04:31,969|line:519| https://t.bilibili.com/1208892208455876608
2026-06-05 18:04:35,351|line:346| Expecting value: line 1 column 1 (char 0)
2026-06-05 18:04:35,352|line:347| error line:319
2026-06-05 18:04:35,353|line:533| *#*#*#*#*#*#*#*#*#*еҺҹеҠЁжҖҒеӨ„зҗҶеӨұиҙҘ*#*#*#*#*#*#*#*#*#
2026-06-05 18:04:35,353|line:519| https://t.bilibili.com/1203368485370986504
2026-06-05 18:04:39,676|line:346| Expecting value: line 1 column 1 (char 0)
2026-06-05 18:04:39,676|line:347| error line:319
2026-06-05 18:04:39,677|line:533| *#*#*#*#*#*#*#*#*#*еҺҹеҠЁжҖҒеӨ„зҗҶеӨұиҙҘ*#*#*#*#*#*#*#*#*#
2026-06-05 18:04:39,677|line:519| https://t.bilibili.com/1201479863740923906
2026-06-05 18:04:42,060|line:346| Expecting value: line 1 column 1 (char 0)
2026-06-05 18:04:42,060|line:347| error line:319
2026-06-05 18:04:42,061|line:533| *#*#*#*#*#*#*#*#*#*еҺҹеҠЁжҖҒеӨ„зҗҶеӨұиҙҘ*#*#*#*#*#*#*#*#*#
2026-06-05 18:04:42,061|line:519| https://t.bilibili.com/1208877438065442824
2026-06-05 18:04:45,523|line:346| Expecting value: line 1 column 1 (char 0)
2026-06-05 18:04:45,523|line:347| error line:319
2026-06-05 18:04:45,524|line:533| *#*#*#*#*#*#*#*#*#*еҺҹеҠЁжҖҒеӨ„зҗҶеӨұиҙҘ*#*#*#*#*#*#*#*#*#
2026-06-05 18:04:45,524|line:519| https://t.bilibili.com/1208556385012285480
2026-06-05 18:04:46,909|line:346| Expecting value: line 1 column 1 (char 0)
2026-06-05 18:04:46,910|line:347| error line:319
2026-06-05 18:04:46,911|line:533| *#*#*#*#*#*#*#*#*#*еҺҹеҠЁжҖҒеӨ„зҗҶеӨұиҙҘ*#*#*#*#*#*#*#*#*#
2026-06-05 18:04:46,911|line:519| https://t.bilibili.com/1209212028903751696
2026-06-05 18:04:50,237|line:346| Expecting value: line 1 column 1 (char 0)
2026-06-05 18:04:50,237|line:347| error line:319
2026-06-05 18:04:50,238|line:533| *#*#*#*#*#*#*#*#*#*еҺҹеҠЁжҖҒеӨ„зҗҶеӨұиҙҘ*#*#*#*#*#*#*#*#*#
2026-06-05 18:04:50,238|line:519| https://t.bilibili.com/1207325709378257047
2026-06-05 18:04:52,568|line:346| Expecting value: line 1 column 1 (char 0)
2026-06-05 18:04:52,568|line:347| error line:319
2026-06-05 18:04:52,569|line:533| *#*#*#*#*#*#*#*#*#*еҺҹеҠЁжҖҒеӨ„зҗҶеӨұиҙҘ*#*#*#*#*#*#*#*#*#
2026-06-05 18:04:52,569|line:519| https://t.bilibili.com/1209290476522307603
2026-06-05 18:04:53,944|line:346| Expecting value: line 1 column 1 (char 0)
2026-06-05 18:04:53,945|line:347| error line:319
2026-06-05 18:04:53,946|line:533| *#*#*#*#*#*#*#*#*#*еҺҹеҠЁжҖҒеӨ„зҗҶеӨұиҙҘ*#*#*#*#*#*#*#*#*#
2026-06-05 18:04:53,946|line:519| https://t.bilibili.com/1199728620876070920
2026-06-05 18:04:58,285|line:346| Expecting value: line 1 column 1 (char 0)
2026-06-05 18:04:58,286|line:347| error line:319
2026-06-05 18:04:58,287|line:533| *#*#*#*#*#*#*#*#*#*еҺҹеҠЁжҖҒеӨ„зҗҶеӨұиҙҘ*#*#*#*#*#*#*#*#*#
2026-06-05 18:04:58,287|line:519| https://t.bilibili.com/1208853476492181506
2026-06-05 18:05:00,676|line:346| Expecting value: line 1 column 1 (char 0)
2026-06-05 18:05:00,676|line:347| error line:319
2026-06-05 18:05:00,677|line:533| *#*#*#*#*#*#*#*#*#*еҺҹеҠЁжҖҒеӨ„зҗҶеӨұиҙҘ*#*#*#*#*#*#*#*#*#
2026-06-05 18:05:00,677|line:519| https://t.bilibili.com/1209181075121635333
2026-06-05 18:05:04,050|line:346| Expecting value: line 1 column 1 (char 0)
2026-06-05 18:05:04,050|line:347| error line:319
2026-06-05 18:05:04,051|line:533| *#*#*#*#*#*#*#*#*#*еҺҹеҠЁжҖҒеӨ„зҗҶеӨұиҙҘ*#*#*#*#*#*#*#*#*#
2026-06-05 18:05:04,051|line:519| https://t.bilibili.com/1202662775008002084
2026-06-05 18:05:05,427|line:346| Expecting value: line 1 column 1 (char 0)
2026-06-05 18:05:05,428|line:347| error line:319
2026-06-05 18:05:05,429|line:533| *#*#*#*#*#*#*#*#*#*еҺҹеҠЁжҖҒеӨ„зҗҶеӨұиҙҘ*#*#*#*#*#*#*#*#*#
2026-06-05 18:05:05,429|line:519| https://t.bilibili.com/1210022669657833472
2026-06-05 18:05:07,802|line:346| Expecting value: line 1 column 1 (char 0)
2026-06-05 18:05:07,802|line:347| error line:319
2026-06-05 18:05:07,803|line:533| *#*#*#*#*#*#*#*#*#*еҺҹеҠЁжҖҒеӨ„зҗҶеӨұиҙҘ*#*#*#*#*#*#*#*#*#
2026-06-05 18:05:07,804|line:519| https://t.bilibili.com/1208809964145999875
2026-06-05 18:05:11,176|line:346| Expecting value: line 1 column 1 (char 0)
2026-06-05 18:05:11,176|line:347| error line:319
2026-06-05 18:05:11,177|line:533| *#*#*#*#*#*#*#*#*#*еҺҹеҠЁжҖҒеӨ„зҗҶеӨұиҙҘ*#*#*#*#*#*#*#*#*#
2026-06-05 18:05:11,177|line:519| https://t.bilibili.com/1209345241609404416
2026-06-05 18:05:15,567|line:346| Expecting value: line 1 column 1 (char 0)
2026-06-05 18:05:15,568|line:347| error line:319
2026-06-05 18:05:15,569|line:533| *#*#*#*#*#*#*#*#*#*еҺҹеҠЁжҖҒеӨ„зҗҶеӨұиҙҘ*#*#*#*#*#*#*#*#*#
2026-06-05 18:05:15,569|line:519| https://t.bilibili.com/1205282773769650183
2026-06-05 18:05:19,942|line:346| Expecting value: line 1 column 1 (char 0)
2026-06-05 18:05:19,942|line:347| error line:319
2026-06-05 18:05:19,943|line:533| *#*#*#*#*#*#*#*#*#*еҺҹеҠЁжҖҒеӨ„зҗҶеӨұиҙҘ*#*#*#*#*#*#*#*#*#
2026-06-05 18:05:19,943|line:552| жү§иЎҢз»“жқҹ
2026-06-05 18:05:19,943|line:556| жү§иЎҢеӨұиҙҘпјҢй”ҷиҜҜж•°йҮҸдёә25
2026-06-05 18:05:19,943|line:558| ==================================================2026-06-06 02:05==================================================
2026-06-05 18:05:19,943|line:232| processing article 50110529
2026-06-05 18:05:22,405|line:507| ==================================================2026-06-06 02:05==================================================
2026-06-05 18:05:22,405|line:519| https://t.bilibili.com/1203279966129618952
2026-06-05 18:05:23,750|line:346| Expecting value: line 1 column 1 (char 0)
2026-06-05 18:05:23,750|line:347| error line:319
2026-06-05 18:05:23,751|line:533| *#*#*#*#*#*#*#*#*#*еҺҹеҠЁжҖҒеӨ„зҗҶеӨұиҙҘ*#*#*#*#*#*#*#*#*#
2026-06-05 18:05:23,752|line:519| https://t.bilibili.com/1207789217940242436
2026-06-05 18:05:27,085|line:346| Expecting value: line 1 column 1 (char 0)
2026-06-05 18:05:27,085|line:347| error line:319
2026-06-05 18:05:27,086|line:533| *#*#*#*#*#*#*#*#*#*еҺҹеҠЁжҖҒеӨ„зҗҶеӨұиҙҘ*#*#*#*#*#*#*#*#*#
2026-06-05 18:05:27,087|line:519| https://t.bilibili.com/1208451995793358872
2026-06-05 18:05:30,461|line:346| Expecting value: line 1 column 1 (char 0)
2026-06-05 18:05:30,461|line:347| error line:319
2026-06-05 18:05:30,462|line:533| *#*#*#*#*#*#*#*#*#*еҺҹеҠЁжҖҒеӨ„зҗҶеӨұиҙҘ*#*#*#*#*#*#*#*#*#
2026-06-05 18:05:30,462|line:519| https://t.bilibili.com/1209987300587470857
2026-06-05 18:05:32,926|line:346| Expecting value: line 1 column 1 (char 0)
2026-06-05 18:05:32,927|line:347| error line:319
2026-06-05 18:05:32,928|line:533| *#*#*#*#*#*#*#*#*#*еҺҹеҠЁжҖҒеӨ„зҗҶеӨұиҙҘ*#*#*#*#*#*#*#*#*#
2026-06-05 18:05:32,928|line:519| https://t.bilibili.com/1207696704347832376
2026-06-05 18:05:36,303|line:346| Expecting value: line 1 column 1 (char 0)
2026-06-05 18:05:36,304|line:347| error line:319
2026-06-05 18:05:36,305|line:533| *#*#*#*#*#*#*#*#*#*еҺҹеҠЁжҖҒеӨ„зҗҶеӨұиҙҘ*#*#*#*#*#*#*#*#*#
2026-06-05 18:05:36,305|line:519| https://t.bilibili.com/1208793815090987013
2026-06-05 18:05:38,672|line:346| Expecting value: line 1 column 1 (char 0)
2026-06-05 18:05:38,672|line:347| error line:319
2026-06-05 18:05:38,673|line:533| *#*#*#*#*#*#*#*#*#*еҺҹеҠЁжҖҒеӨ„зҗҶеӨұиҙҘ*#*#*#*#*#*#*#*#*#
2026-06-05 18:05:38,673|line:519| https://t.bilibili.com/1209560286343725065
2026-06-05 18:05:40,354|line:346| Expecting value: line 1 column 1 (char 0)
2026-06-05 18:05:40,354|line:347| error line:319
2026-06-05 18:05:40,355|line:533| *#*#*#*#*#*#*#*#*#*еҺҹеҠЁжҖҒеӨ„зҗҶеӨұиҙҘ*#*#*#*#*#*#*#*#*#
2026-06-05 18:05:40,355|line:519| https://t.bilibili.com/1207311613248405521
2026-06-05 18:05:42,747|line:346| Expecting value: line 1 column 1 (char 0)
2026-06-05 18:05:42,747|line:347| error line:319
2026-06-05 18:05:42,748|line:533| *#*#*#*#*#*#*#*#*#*еҺҹеҠЁжҖҒеӨ„зҗҶеӨұиҙҘ*#*#*#*#*#*#*#*#*#
2026-06-05 18:05:42,748|line:519| https://t.bilibili.com/1209616181072232450
2026-06-05 18:05:45,108|line:346| Expecting value: line 1 column 1 (char 0)
2026-06-05 18:05:45,108|line:347| error line:319
2026-06-05 18:05:45,109|line:533| *#*#*#*#*#*#*#*#*#*еҺҹеҠЁжҖҒеӨ„зҗҶеӨұиҙҘ*#*#*#*#*#*#*#*#*#
2026-06-05 18:05:45,109|line:519| https://t.bilibili.com/1207081531897544713
2026-06-05 18:05:47,489|line:346| Expecting value: line 1 column 1 (char 0)
2026-06-05 18:05:47,489|line:347| error line:319
2026-06-05 18:05:47,490|line:533| *#*#*#*#*#*#*#*#*#*еҺҹеҠЁжҖҒеӨ„зҗҶеӨұиҙҘ*#*#*#*#*#*#*#*#*#
2026-06-05 18:05:47,490|line:519| https://t.bilibili.com/1209248707940188169
2026-06-05 18:05:49,929|line:346| Expecting value: line 1 column 1 (char 0)
2026-06-05 18:05:49,929|line:347| error line:319
2026-06-05 18:05:49,930|line:533| *#*#*#*#*#*#*#*#*#*еҺҹеҠЁжҖҒеӨ„зҗҶеӨұиҙҘ*#*#*#*#*#*#*#*#*#
2026-06-05 18:05:49,930|line:519| https://t.bilibili.com/1207407223532159001
2026-06-05 18:05:51,299|line:346| Expecting value: line 1 column 1 (char 0)
2026-06-05 18:05:51,300|line:347| error line:319
2026-06-05 18:05:51,301|line:533| *#*#*#*#*#*#*#*#*#*еҺҹеҠЁжҖҒеӨ„зҗҶеӨұиҙҘ*#*#*#*#*#*#*#*#*#
2026-06-05 18:05:51,301|line:519| https://t.bilibili.com/1208067793776279651
2026-06-05 18:05:53,672|line:346| Expecting value: line 1 column 1 (char 0)
2026-06-05 18:05:53,672|line:347| error line:319
2026-06-05 18:05:53,673|line:533| *#*#*#*#*#*#*#*#*#*еҺҹеҠЁжҖҒеӨ„зҗҶеӨұиҙҘ*#*#*#*#*#*#*#*#*#
2026-06-05 18:05:53,673|line:519| https://t.bilibili.com/1208809998527758385
2026-06-05 18:05:57,057|line:346| Expecting value: line 1 column 1 (char 0)
2026-06-05 18:05:57,057|line:347| error line:319
2026-06-05 18:05:57,058|line:533| *#*#*#*#*#*#*#*#*#*еҺҹеҠЁжҖҒеӨ„зҗҶеӨұиҙҘ*#*#*#*#*#*#*#*#*#
2026-06-05 18:05:57,058|line:519| https://t.bilibili.com/1208786784195969078
2026-06-05 18:05:59,425|line:346| Expecting value: line 1 column 1 (char 0)
2026-06-05 18:05:59,425|line:347| error line:319
2026-06-05 18:05:59,426|line:533| *#*#*#*#*#*#*#*#*#*еҺҹеҠЁжҖҒеӨ„зҗҶеӨұиҙҘ*#*#*#*#*#*#*#*#*#
2026-06-05 18:05:59,426|line:519| https://t.bilibili.com/1203368485370986504
2026-06-05 18:06:01,866|line:346| Expecting value: line 1 column 1 (char 0)
2026-06-05 18:06:01,867|line:347| error line:319
2026-06-05 18:06:01,867|line:533| *#*#*#*#*#*#*#*#*#*еҺҹеҠЁжҖҒеӨ„зҗҶеӨұиҙҘ*#*#*#*#*#*#*#*#*#
2026-06-05 18:06:01,868|line:519| https://t.bilibili.com/1206602952263860244
2026-06-05 18:06:06,237|line:346| Expecting value: line 1 column 1 (char 0)
2026-06-05 18:06:06,237|line:347| error line:319
2026-06-05 18:06:06,238|line:533| *#*#*#*#*#*#*#*#*#*еҺҹеҠЁжҖҒеӨ„зҗҶеӨұиҙҘ*#*#*#*#*#*#*#*#*#
2026-06-05 18:06:06,238|line:519| https://t.bilibili.com/1205594360781996050
2026-06-05 18:06:08,600|line:346| Expecting value: line 1 column 1 (char 0)
2026-06-05 18:06:08,600|line:347| error line:319
2026-06-05 18:06:08,601|line:533| *#*#*#*#*#*#*#*#*#*еҺҹеҠЁжҖҒеӨ„зҗҶеӨұиҙҘ*#*#*#*#*#*#*#*#*#
2026-06-05 18:06:08,601|line:519| https://t.bilibili.com/1201479863740923906
2026-06-05 18:06:09,931|line:346| Expecting value: line 1 column 1 (char 0)
2026-06-05 18:06:09,931|line:347| error line:319
2026-06-05 18:06:09,932|line:533| *#*#*#*#*#*#*#*#*#*еҺҹеҠЁжҖҒеӨ„зҗҶеӨұиҙҘ*#*#*#*#*#*#*#*#*#
2026-06-05 18:06:09,932|line:519| https://t.bilibili.com/1209196519778942985
2026-06-05 18:06:11,418|line:346| Expecting value: line 1 column 1 (char 0)
2026-06-05 18:06:11,418|line:347| error line:319
2026-06-05 18:06:11,419|line:533| *#*#*#*#*#*#*#*#*#*еҺҹеҠЁжҖҒеӨ„зҗҶеӨұиҙҘ*#*#*#*#*#*#*#*#*#
2026-06-05 18:06:11,420|line:519| https://t.bilibili.com/1208556385012285480
2026-06-05 18:06:13,797|line:346| Expecting value: line 1 column 1 (char 0)
2026-06-05 18:06:13,797|line:347| error line:319
2026-06-05 18:06:13,798|line:533| *#*#*#*#*#*#*#*#*#*еҺҹеҠЁжҖҒеӨ„зҗҶеӨұиҙҘ*#*#*#*#*#*#*#*#*#
2026-06-05 18:06:13,798|line:519| https://t.bilibili.com/1208872812423413785
2026-06-05 18:06:17,130|line:346| Expecting value: line 1 column 1 (char 0)
2026-06-05 18:06:17,131|line:347| error line:319
2026-06-05 18:06:17,132|line:533| *#*#*#*#*#*#*#*#*#*еҺҹеҠЁжҖҒеӨ„зҗҶеӨұиҙҘ*#*#*#*#*#*#*#*#*#
2026-06-05 18:06:17,132|line:519| https://t.bilibili.com/1206956329287024646
2026-06-05 18:06:18,518|line:346| Expecting value: line 1 column 1 (char 0)
2026-06-05 18:06:18,518|line:347| error line:319
2026-06-05 18:06:18,519|line:533| *#*#*#*#*#*#*#*#*#*еҺҹеҠЁжҖҒеӨ„зҗҶеӨұиҙҘ*#*#*#*#*#*#*#*#*#
2026-06-05 18:06:18,520|line:519| https://t.bilibili.com/1208855069871570944
2026-06-05 18:06:21,976|line:346| Expecting value: line 1 column 1 (char 0)
2026-06-05 18:06:21,976|line:347| error line:319
2026-06-05 18:06:21,977|line:533| *#*#*#*#*#*#*#*#*#*еҺҹеҠЁжҖҒеӨ„зҗҶеӨұиҙҘ*#*#*#*#*#*#*#*#*#
2026-06-05 18:06:21,977|line:519| https://t.bilibili.com/1200352404724252694
2026-06-05 18:06:26,301|line:346| Expecting value: line 1 column 1 (char 0)
2026-06-05 18:06:26,301|line:347| error line:319
2026-06-05 18:06:26,302|line:533| *#*#*#*#*#*#*#*#*#*еҺҹеҠЁжҖҒеӨ„зҗҶеӨұиҙҘ*#*#*#*#*#*#*#*#*#
2026-06-05 18:06:26,302|line:519| https://t.bilibili.com/1210022669657833472
2026-06-05 18:06:29,679|line:346| Expecting value: line 1 column 1 (char 0)
2026-06-05 18:06:29,679|line:347| error line:319
2026-06-05 18:06:29,680|line:533| *#*#*#*#*#*#*#*#*#*еҺҹеҠЁжҖҒеӨ„зҗҶеӨұиҙҘ*#*#*#*#*#*#*#*#*#
2026-06-05 18:06:29,681|line:519| https://t.bilibili.com/1210302074452967463
2026-06-05 18:06:32,057|line:346| Expecting value: line 1 column 1 (char 0)
2026-06-05 18:06:32,057|line:347| error line:319
2026-06-05 18:06:32,058|line:533| *#*#*#*#*#*#*#*#*#*еҺҹеҠЁжҖҒеӨ„зҗҶеӨұиҙҘ*#*#*#*#*#*#*#*#*#
2026-06-05 18:06:32,058|line:519| https://t.bilibili.com/1209660406351527991
2026-06-05 18:06:34,431|line:346| Expecting value: line 1 column 1 (char 0)
2026-06-05 18:06:34,431|line:347| error line:319
2026-06-05 18:06:34,432|line:533| *#*#*#*#*#*#*#*#*#*еҺҹеҠЁжҖҒеӨ„зҗҶеӨұиҙҘ*#*#*#*#*#*#*#*#*#
2026-06-05 18:06:34,433|line:519| https://t.bilibili.com/1206683959634690147
2026-06-05 18:06:37,814|line:346| Expecting value: line 1 column 1 (char 0)
2026-06-05 18:06:37,814|line:347| error line:319
2026-06-05 18:06:37,815|line:533| *#*#*#*#*#*#*#*#*#*еҺҹеҠЁжҖҒеӨ„зҗҶеӨұиҙҘ*#*#*#*#*#*#*#*#*#
2026-06-05 18:06:37,815|line:519| https://t.bilibili.com/1210276098458255368
2026-06-05 18:06:41,184|line:346| Expecting value: line 1 column 1 (char 0)
2026-06-05 18:06:41,184|line:347| error line:319
2026-06-05 18:06:41,185|line:533| *#*#*#*#*#*#*#*#*#*еҺҹеҠЁжҖҒеӨ„зҗҶеӨұиҙҘ*#*#*#*#*#*#*#*#*#
2026-06-05 18:06:41,186|line:519| https://t.bilibili.com/1208843262998085651
2026-06-05 18:06:42,510|line:346| Expecting value: line 1 column 1 (char 0)
2026-06-05 18:06:42,510|line:347| error line:319
2026-06-05 18:06:42,511|line:533| *#*#*#*#*#*#*#*#*#*еҺҹеҠЁжҖҒеӨ„зҗҶеӨұиҙҘ*#*#*#*#*#*#*#*#*#
2026-06-05 18:06:42,512|line:519| https://t.bilibili.com/1205282773769650183
2026-06-05 18:06:45,874|line:346| Expecting value: line 1 column 1 (char 0)
2026-06-05 18:06:45,874|line:347| error line:319
2026-06-05 18:06:45,875|line:533| *#*#*#*#*#*#*#*#*#*еҺҹеҠЁжҖҒеӨ„зҗҶеӨұиҙҘ*#*#*#*#*#*#*#*#*#
2026-06-05 18:06:45,875|line:519| https://t.bilibili.com/1200647275745902631
2026-06-05 18:06:47,243|line:346| Expecting value: line 1 column 1 (char 0)
2026-06-05 18:06:47,243|line:347| error line:319
2026-06-05 18:06:47,244|line:533| *#*#*#*#*#*#*#*#*#*еҺҹеҠЁжҖҒеӨ„зҗҶеӨұиҙҘ*#*#*#*#*#*#*#*#*#
2026-06-05 18:06:47,245|line:552| жү§иЎҢз»“жқҹ
2026-06-05 18:06:47,245|line:556| жү§иЎҢеӨұиҙҘпјҢй”ҷиҜҜж•°йҮҸдёә33
2026-06-05 18:06:47,245|line:558| ==================================================2026-06-06 02:06==================================================
2026-06-05 18:06:47,245|line:232| processing article 50084190
2026-06-05 18:06:49,012|line:507| ==================================================2026-06-06 02:06==================================================
2026-06-05 18:06:49,012|line:232| processing article 50078930
2026-06-05 18:06:53,298|line:507| ==================================================2026-06-06 02:06==================================================
2026-06-05 18:06:53,298|line:519| https://t.bilibili.com/1208451995793358872
2026-06-05 18:06:56,624|line:346| Expecting value: line 1 column 1 (char 0)
2026-06-05 18:06:56,624|line:347| error line:319
2026-06-05 18:06:56,625|line:533| *#*#*#*#*#*#*#*#*#*еҺҹеҠЁжҖҒеӨ„зҗҶеӨұиҙҘ*#*#*#*#*#*#*#*#*#
2026-06-05 18:06:56,625|line:519| https://t.bilibili.com/1209907751369572357
2026-06-05 18:06:57,954|line:346| Expecting value: line 1 column 1 (char 0)
2026-06-05 18:06:57,954|line:347| error line:319
2026-06-05 18:06:57,956|line:533| *#*#*#*#*#*#*#*#*#*еҺҹеҠЁжҖҒеӨ„зҗҶеӨұиҙҘ*#*#*#*#*#*#*#*#*#
2026-06-05 18:06:57,956|line:519| https://t.bilibili.com/1209756523384799251
2026-06-05 18:07:00,281|line:346| Expecting value: line 1 column 1 (char 0)
2026-06-05 18:07:00,281|line:347| error line:319
2026-06-05 18:07:00,283|line:533| *#*#*#*#*#*#*#*#*#*еҺҹеҠЁжҖҒеӨ„зҗҶеӨұиҙҘ*#*#*#*#*#*#*#*#*#
2026-06-05 18:07:00,283|line:519| https://t.bilibili.com/1209987300587470857
2026-06-05 18:07:03,643|line:346| Expecting value: line 1 column 1 (char 0)
2026-06-05 18:07:03,644|line:347| error line:319
2026-06-05 18:07:03,645|line:533| *#*#*#*#*#*#*#*#*#*еҺҹеҠЁжҖҒеӨ„зҗҶеӨұиҙҘ*#*#*#*#*#*#*#*#*#
2026-06-05 18:07:03,645|line:519| https://t.bilibili.com/1209975476517339145
2026-06-05 18:07:06,004|line:346| Expecting value: line 1 column 1 (char 0)
2026-06-05 18:07:06,004|line:347| error line:319
2026-06-05 18:07:06,005|line:533| *#*#*#*#*#*#*#*#*#*еҺҹеҠЁжҖҒеӨ„зҗҶеӨұиҙҘ*#*#*#*#*#*#*#*#*#
2026-06-05 18:07:06,006|line:519| https://t.bilibili.com/1210001418136584192
2026-06-05 18:07:10,337|line:346| Expecting value: line 1 column 1 (char 0)
2026-06-05 18:07:10,337|line:347| error line:319
2026-06-05 18:07:10,338|line:533| *#*#*#*#*#*#*#*#*#*еҺҹеҠЁжҖҒеӨ„зҗҶеӨұиҙҘ*#*#*#*#*#*#*#*#*#
2026-06-05 18:07:10,338|line:519| https://t.bilibili.com/1209917674867392531
2026-06-05 18:07:13,711|line:346| Expecting value: line 1 column 1 (char 0)
2026-06-05 18:07:13,712|line:347| error line:319
2026-06-05 18:07:13,713|line:533| *#*#*#*#*#*#*#*#*#*еҺҹеҠЁжҖҒеӨ„зҗҶеӨұиҙҘ*#*#*#*#*#*#*#*#*#
2026-06-05 18:07:13,713|line:519| https://t.bilibili.com/1210006022375079941
2026-06-05 18:07:17,078|line:346| Expecting value: line 1 column 1 (char 0)
2026-06-05 18:07:17,078|line:347| error line:319
2026-06-05 18:07:17,079|line:533| *#*#*#*#*#*#*#*#*#*еҺҹеҠЁжҖҒеӨ„зҗҶеӨұиҙҘ*#*#*#*#*#*#*#*#*#
2026-06-05 18:07:17,080|line:519| https://t.bilibili.com/1209984693522399250
2026-06-05 18:07:19,427|line:346| Expecting value: line 1 column 1 (char 0)
2026-06-05 18:07:19,427|line:347| error line:319
2026-06-05 18:07:19,428|line:533| *#*#*#*#*#*#*#*#*#*еҺҹеҠЁжҖҒеӨ„зҗҶеӨұиҙҘ*#*#*#*#*#*#*#*#*#
2026-06-05 18:07:19,429|line:519| https://t.bilibili.com/1210012413230841881
2026-06-05 18:07:23,787|line:346| Expecting value: line 1 column 1 (char 0)
2026-06-05 18:07:23,788|line:347| error line:319
2026-06-05 18:07:23,789|line:533| *#*#*#*#*#*#*#*#*#*еҺҹеҠЁжҖҒеӨ„зҗҶеӨұиҙҘ*#*#*#*#*#*#*#*#*#
2026-06-05 18:07:23,789|line:519| https://t.bilibili.com/1209706220724682773
2026-06-05 18:07:28,155|line:346| Expecting value: line 1 column 1 (char 0)
2026-06-05 18:07:28,155|line:347| error line:319
2026-06-05 18:07:28,156|line:533| *#*#*#*#*#*#*#*#*#*еҺҹеҠЁжҖҒеӨ„зҗҶеӨұиҙҘ*#*#*#*#*#*#*#*#*#
2026-06-05 18:07:28,157|line:519| https://t.bilibili.com/1209952953703596036
2026-06-05 18:07:32,557|line:346| Expecting value: line 1 column 1 (char 0)
2026-06-05 18:07:32,558|line:347| error line:319
2026-06-05 18:07:32,559|line:533| *#*#*#*#*#*#*#*#*#*еҺҹеҠЁжҖҒеӨ„зҗҶеӨұиҙҘ*#*#*#*#*#*#*#*#*#
2026-06-05 18:07:32,559|line:519| https://t.bilibili.com/1210052240508715024
2026-06-05 18:07:37,029|line:346| Expecting value: line 1 column 1 (char 0)
2026-06-05 18:07:37,029|line:347| error line:319
2026-06-05 18:07:37,030|line:533| *#*#*#*#*#*#*#*#*#*еҺҹеҠЁжҖҒеӨ„зҗҶеӨұиҙҘ*#*#*#*#*#*#*#*#*#
2026-06-05 18:07:37,031|line:519| https://t.bilibili.com/1209942130442633225
2026-06-05 18:07:38,372|line:346| Expecting value: line 1 column 1 (char 0)
2026-06-05 18:07:38,372|line:347| error line:319
2026-06-05 18:07:38,373|line:533| *#*#*#*#*#*#*#*#*#*еҺҹеҠЁжҖҒеӨ„зҗҶеӨұиҙҘ*#*#*#*#*#*#*#*#*#
2026-06-05 18:07:38,373|line:519| https://t.bilibili.com/1210018683917697042
2026-06-05 18:07:41,713|line:346| Expecting value: line 1 column 1 (char 0)
2026-06-05 18:07:41,713|line:347| error line:319
2026-06-05 18:07:41,714|line:533| *#*#*#*#*#*#*#*#*#*еҺҹеҠЁжҖҒеӨ„зҗҶеӨұиҙҘ*#*#*#*#*#*#*#*#*#
2026-06-05 18:07:41,715|line:519| https://t.bilibili.com/1210034497950580772
2026-06-05 18:07:43,074|line:346| Expecting value: line 1 column 1 (char 0)
2026-06-05 18:07:43,075|line:347| error line:319
2026-06-05 18:07:43,076|line:533| *#*#*#*#*#*#*#*#*#*еҺҹеҠЁжҖҒеӨ„зҗҶеӨұиҙҘ*#*#*#*#*#*#*#*#*#
2026-06-05 18:07:43,076|line:519| https://t.bilibili.com/1209712753403494441
2026-06-05 18:07:46,536|line:346| Expecting value: line 1 column 1 (char 0)
2026-06-05 18:07:46,536|line:347| error line:319
2026-06-05 18:07:46,537|line:533| *#*#*#*#*#*#*#*#*#*еҺҹеҠЁжҖҒеӨ„зҗҶеӨұиҙҘ*#*#*#*#*#*#*#*#*#
2026-06-05 18:07:46,537|line:519| https://t.bilibili.com/1209999562704420869
2026-06-05 18:07:48,991|line:346| Expecting value: line 1 column 1 (char 0)
2026-06-05 18:07:48,991|line:347| error line:319
2026-06-05 18:07:48,992|line:533| *#*#*#*#*#*#*#*#*#*еҺҹеҠЁжҖҒеӨ„зҗҶеӨұиҙҘ*#*#*#*#*#*#*#*#*#
2026-06-05 18:07:48,993|line:519| https://t.bilibili.com/1209912529469308984
2026-06-05 18:07:51,364|line:346| Expecting value: line 1 column 1 (char 0)
2026-06-05 18:07:51,365|line:347| error line:319
2026-06-05 18:07:51,366|line:533| *#*#*#*#*#*#*#*#*#*еҺҹеҠЁжҖҒеӨ„зҗҶеӨұиҙҘ*#*#*#*#*#*#*#*#*#
2026-06-05 18:07:51,366|line:519| https://t.bilibili.com/1201479863740923906
2026-06-05 18:07:54,716|line:346| Expecting value: line 1 column 1 (char 0)
2026-06-05 18:07:54,716|line:347| error line:319
2026-06-05 18:07:54,717|line:533| *#*#*#*#*#*#*#*#*#*еҺҹеҠЁжҖҒеӨ„зҗҶеӨұиҙҘ*#*#*#*#*#*#*#*#*#
2026-06-05 18:07:54,718|line:519| https://t.bilibili.com/1209613975614914561
2026-06-05 18:07:57,091|line:346| Expecting value: line 1 column 1 (char 0)
2026-06-05 18:07:57,091|line:347| error line:319
2026-06-05 18:07:57,092|line:533| *#*#*#*#*#*#*#*#*#*еҺҹеҠЁжҖҒеӨ„зҗҶеӨұиҙҘ*#*#*#*#*#*#*#*#*#
2026-06-05 18:07:57,093|line:519| https://t.bilibili.com/1209907405578567684
2026-06-05 18:07:58,452|line:346| Expecting value: line 1 column 1 (char 0)
2026-06-05 18:07:58,452|line:347| error line:319
2026-06-05 18:07:58,453|line:533| *#*#*#*#*#*#*#*#*#*еҺҹеҠЁжҖҒеӨ„зҗҶеӨұиҙҘ*#*#*#*#*#*#*#*#*#
2026-06-05 18:07:58,453|line:519| https://t.bilibili.com/1209892289476820999
2026-06-05 18:08:02,794|line:346| Expecting value: line 1 column 1 (char 0)
2026-06-05 18:08:02,795|line:347| error line:319
2026-06-05 18:08:02,796|line:533| *#*#*#*#*#*#*#*#*#*еҺҹеҠЁжҖҒеӨ„зҗҶеӨұиҙҘ*#*#*#*#*#*#*#*#*#
2026-06-05 18:08:02,796|line:519| https://t.bilibili.com/1209988073693118465
2026-06-05 18:08:07,122|line:346| Expecting value: line 1 column 1 (char 0)
2026-06-05 18:08:07,123|line:347| error line:319
2026-06-05 18:08:07,124|line:533| *#*#*#*#*#*#*#*#*#*еҺҹеҠЁжҖҒеӨ„зҗҶеӨұиҙҘ*#*#*#*#*#*#*#*#*#
2026-06-05 18:08:07,124|line:519| https://t.bilibili.com/1209918447955214337
2026-06-05 18:08:09,494|line:346| Expecting value: line 1 column 1 (char 0)
2026-06-05 18:08:09,494|line:347| error line:319
2026-06-05 18:08:09,495|line:533| *#*#*#*#*#*#*#*#*#*еҺҹеҠЁжҖҒеӨ„зҗҶеӨұиҙҘ*#*#*#*#*#*#*#*#*#
2026-06-05 18:08:09,495|line:519| https://t.bilibili.com/1209907156477804546
2026-06-05 18:08:13,820|line:346| Expecting value: line 1 column 1 (char 0)
2026-06-05 18:08:13,820|line:347| error line:319
2026-06-05 18:08:13,821|line:533| *#*#*#*#*#*#*#*#*#*еҺҹеҠЁжҖҒеӨ„зҗҶеӨұиҙҘ*#*#*#*#*#*#*#*#*#
2026-06-05 18:08:13,821|line:519| https://t.bilibili.com/1205282773769650183
2026-06-05 18:08:16,198|line:346| Expecting value: line 1 column 1 (char 0)
2026-06-05 18:08:16,199|line:347| error line:319
2026-06-05 18:08:16,200|line:533| *#*#*#*#*#*#*#*#*#*еҺҹеҠЁжҖҒеӨ„зҗҶеӨұиҙҘ*#*#*#*#*#*#*#*#*#
2026-06-05 18:08:16,200|line:519| https://t.bilibili.com/1209892289438023686
2026-06-05 18:08:18,577|line:346| Expecting value: line 1 column 1 (char 0)
2026-06-05 18:08:18,577|line:347| error line:319
2026-06-05 18:08:18,578|line:533| *#*#*#*#*#*#*#*#*#*еҺҹеҠЁжҖҒеӨ„зҗҶеӨұиҙҘ*#*#*#*#*#*#*#*#*#
2026-06-05 18:08:18,578|line:552| жү§иЎҢз»“жқҹ
2026-06-05 18:08:18,578|line:556| жү§иЎҢеӨұиҙҘпјҢй”ҷиҜҜж•°йҮҸдёә28
2026-06-05 18:08:18,579|line:558| ==================================================2026-06-06 02:08==================================================
2026-06-05 18:08:18,579|line:232| processing article 50068669
2026-06-05 18:08:23,851|line:507| ==================================================2026-06-06 02:08==================================================
2026-06-05 18:08:23,851|line:519| https://t.bilibili.com/1199610221533593601
2026-06-05 18:08:28,175|line:346| Expecting value: line 1 column 1 (char 0)
2026-06-05 18:08:28,175|line:347| error line:319
2026-06-05 18:08:28,176|line:533| *#*#*#*#*#*#*#*#*#*еҺҹеҠЁжҖҒеӨ„зҗҶеӨұиҙҘ*#*#*#*#*#*#*#*#*#
2026-06-05 18:08:28,176|line:519| https://t.bilibili.com/1208539694736867331
2026-06-05 18:08:31,502|line:346| Expecting value: line 1 column 1 (char 0)
2026-06-05 18:08:31,502|line:347| error line:319
2026-06-05 18:08:31,503|line:533| *#*#*#*#*#*#*#*#*#*еҺҹеҠЁжҖҒеӨ„зҗҶеӨұиҙҘ*#*#*#*#*#*#*#*#*#
2026-06-05 18:08:31,503|line:519| https://t.bilibili.com/1205841497513001015
2026-06-05 18:08:35,959|line:346| Expecting value: line 1 column 1 (char 0)
2026-06-05 18:08:35,959|line:347| error line:319
2026-06-05 18:08:35,960|line:533| *#*#*#*#*#*#*#*#*#*еҺҹеҠЁжҖҒеӨ„зҗҶеӨұиҙҘ*#*#*#*#*#*#*#*#*#
2026-06-05 18:08:35,961|line:519| https://t.bilibili.com/1207022763846402051
2026-06-05 18:08:37,297|line:346| Expecting value: line 1 column 1 (char 0)
2026-06-05 18:08:37,297|line:347| error line:319
2026-06-05 18:08:37,298|line:533| *#*#*#*#*#*#*#*#*#*еҺҹеҠЁжҖҒеӨ„зҗҶеӨұиҙҘ*#*#*#*#*#*#*#*#*#
2026-06-05 18:08:37,299|line:519| https://t.bilibili.com/1208451995793358872
2026-06-05 18:08:38,672|line:346| Expecting value: line 1 column 1 (char 0)
2026-06-05 18:08:38,672|line:347| error line:319
2026-06-05 18:08:38,673|line:533| *#*#*#*#*#*#*#*#*#*еҺҹеҠЁжҖҒеӨ„зҗҶеӨұиҙҘ*#*#*#*#*#*#*#*#*#
2026-06-05 18:08:38,673|line:519| https://t.bilibili.com/1204103431639269385
2026-06-05 18:08:42,048|line:346| Expecting value: line 1 column 1 (char 0)
2026-06-05 18:08:42,048|line:347| error line:319
2026-06-05 18:08:42,049|line:533| *#*#*#*#*#*#*#*#*#*еҺҹеҠЁжҖҒеӨ„зҗҶеӨұиҙҘ*#*#*#*#*#*#*#*#*#
2026-06-05 18:08:42,050|line:519| https://t.bilibili.com/1209525574396018713
2026-06-05 18:08:46,376|line:346| Expecting value: line 1 column 1 (char 0)
2026-06-05 18:08:46,376|line:347| error line:319
2026-06-05 18:08:46,377|line:533| *#*#*#*#*#*#*#*#*#*еҺҹеҠЁжҖҒеӨ„зҗҶеӨұиҙҘ*#*#*#*#*#*#*#*#*#
2026-06-05 18:08:46,377|line:519| https://t.bilibili.com/1206583504670818341
2026-06-05 18:08:47,756|line:346| Expecting value: line 1 column 1 (char 0)
2026-06-05 18:08:47,756|line:347| error line:319
2026-06-05 18:08:47,757|line:533| *#*#*#*#*#*#*#*#*#*еҺҹеҠЁжҖҒеӨ„зҗҶеӨұиҙҘ*#*#*#*#*#*#*#*#*#
2026-06-05 18:08:47,758|line:519| https://t.bilibili.com/1207681530240958465
2026-06-05 18:08:51,083|line:346| Expecting value: line 1 column 1 (char 0)
2026-06-05 18:08:51,083|line:347| error line:319
2026-06-05 18:08:51,084|line:533| *#*#*#*#*#*#*#*#*#*еҺҹеҠЁжҖҒеӨ„зҗҶеӨұиҙҘ*#*#*#*#*#*#*#*#*#
2026-06-05 18:08:51,085|line:519| https://t.bilibili.com/1207754450193612808
2026-06-05 18:08:55,442|line:346| Expecting value: line 1 column 1 (char 0)
2026-06-05 18:08:55,442|line:347| error line:319
2026-06-05 18:08:55,443|line:533| *#*#*#*#*#*#*#*#*#*еҺҹеҠЁжҖҒеӨ„зҗҶеӨұиҙҘ*#*#*#*#*#*#*#*#*#
2026-06-05 18:08:55,443|line:519| https://t.bilibili.com/1199896210470600740
2026-06-05 18:08:57,834|line:346| Expecting value: line 1 column 1 (char 0)
2026-06-05 18:08:57,834|line:347| error line:319
2026-06-05 18:08:57,835|line:533| *#*#*#*#*#*#*#*#*#*еҺҹеҠЁжҖҒеӨ„зҗҶеӨұиҙҘ*#*#*#*#*#*#*#*#*#
2026-06-05 18:08:57,835|line:519| https://t.bilibili.com/1208166406225395715
2026-06-05 18:08:59,194|line:346| Expecting value: line 1 column 1 (char 0)
2026-06-05 18:08:59,195|line:347| error line:319
2026-06-05 18:08:59,196|line:533| *#*#*#*#*#*#*#*#*#*еҺҹеҠЁжҖҒеӨ„зҗҶеӨұиҙҘ*#*#*#*#*#*#*#*#*#
2026-06-05 18:08:59,196|line:519| https://t.bilibili.com/1208892208455876608
2026-06-05 18:09:01,587|line:346| Expecting value: line 1 column 1 (char 0)
2026-06-05 18:09:01,587|line:347| error line:319
2026-06-05 18:09:01,588|line:533| *#*#*#*#*#*#*#*#*#*еҺҹеҠЁжҖҒеӨ„зҗҶеӨұиҙҘ*#*#*#*#*#*#*#*#*#
2026-06-05 18:09:01,588|line:519| https://t.bilibili.com/1201479863740923906
2026-06-05 18:09:05,914|line:346| Expecting value: line 1 column 1 (char 0)
2026-06-05 18:09:05,914|line:347| error line:319
2026-06-05 18:09:05,915|line:533| *#*#*#*#*#*#*#*#*#*еҺҹеҠЁжҖҒеӨ„зҗҶеӨұиҙҘ*#*#*#*#*#*#*#*#*#
2026-06-05 18:09:05,915|line:519| https://t.bilibili.com/1208877438065442824
2026-06-05 18:09:08,277|line:346| Expecting value: line 1 column 1 (char 0)
2026-06-05 18:09:08,277|line:347| error line:319
2026-06-05 18:09:08,278|line:533| *#*#*#*#*#*#*#*#*#*еҺҹеҠЁжҖҒеӨ„зҗҶеӨұиҙҘ*#*#*#*#*#*#*#*#*#
2026-06-05 18:09:08,278|line:519| https://t.bilibili.com/1209212028903751696
2026-06-05 18:09:12,657|line:346| Expecting value: line 1 column 1 (char 0)
2026-06-05 18:09:12,657|line:347| error line:319
2026-06-05 18:09:12,658|line:533| *#*#*#*#*#*#*#*#*#*еҺҹеҠЁжҖҒеӨ„зҗҶеӨұиҙҘ*#*#*#*#*#*#*#*#*#
2026-06-05 18:09:12,658|line:519| https://t.bilibili.com/1207325709378257047
2026-06-05 18:09:15,095|line:346| Expecting value: line 1 column 1 (char 0)
2026-06-05 18:09:15,096|line:347| error line:319
2026-06-05 18:09:15,097|line:533| *#*#*#*#*#*#*#*#*#*еҺҹеҠЁжҖҒеӨ„зҗҶеӨұиҙҘ*#*#*#*#*#*#*#*#*#
2026-06-05 18:09:15,097|line:519| https://t.bilibili.com/1209290476522307603
2026-06-05 18:09:17,425|line:346| Expecting value: line 1 column 1 (char 0)
2026-06-05 18:09:17,425|line:347| error line:319
2026-06-05 18:09:17,426|line:533| *#*#*#*#*#*#*#*#*#*еҺҹеҠЁжҖҒеӨ„зҗҶеӨұиҙҘ*#*#*#*#*#*#*#*#*#
2026-06-05 18:09:17,426|line:519| https://t.bilibili.com/1207821563333705769
2026-06-05 18:09:20,799|line:346| Expecting value: line 1 column 1 (char 0)
2026-06-05 18:09:20,799|line:347| error line:319
2026-06-05 18:09:20,801|line:533| *#*#*#*#*#*#*#*#*#*еҺҹеҠЁжҖҒеӨ„зҗҶеӨұиҙҘ*#*#*#*#*#*#*#*#*#
2026-06-05 18:09:20,801|line:519| https://t.bilibili.com/1199728620876070920
2026-06-05 18:09:25,129|line:346| Expecting value: line 1 column 1 (char 0)
2026-06-05 18:09:25,129|line:347| error line:319
2026-06-05 18:09:25,130|line:533| *#*#*#*#*#*#*#*#*#*еҺҹеҠЁжҖҒеӨ„зҗҶеӨұиҙҘ*#*#*#*#*#*#*#*#*#
2026-06-05 18:09:25,131|line:519| https://t.bilibili.com/1208853476492181506
2026-06-05 18:09:29,507|line:346| Expecting value: line 1 column 1 (char 0)
2026-06-05 18:09:29,507|line:347| error line:319
2026-06-05 18:09:29,508|line:533| *#*#*#*#*#*#*#*#*#*еҺҹеҠЁжҖҒеӨ„зҗҶеӨұиҙҘ*#*#*#*#*#*#*#*#*#
2026-06-05 18:09:29,508|line:519| https://t.bilibili.com/1209181075121635333
2026-06-05 18:09:30,888|line:346| Expecting value: line 1 column 1 (char 0)
2026-06-05 18:09:30,888|line:347| error line:319
2026-06-05 18:09:30,889|line:533| *#*#*#*#*#*#*#*#*#*еҺҹеҠЁжҖҒеӨ„зҗҶеӨұиҙҘ*#*#*#*#*#*#*#*#*#
2026-06-05 18:09:30,889|line:519| https://t.bilibili.com/1202662775008002084
2026-06-05 18:09:35,279|line:346| Expecting value: line 1 column 1 (char 0)
2026-06-05 18:09:35,279|line:347| error line:319
2026-06-05 18:09:35,280|line:533| *#*#*#*#*#*#*#*#*#*еҺҹеҠЁжҖҒеӨ„зҗҶеӨұиҙҘ*#*#*#*#*#*#*#*#*#
2026-06-05 18:09:35,281|line:519| https://t.bilibili.com/1207775349493989381
2026-06-05 18:09:38,643|line:346| Expecting value: line 1 column 1 (char 0)
2026-06-05 18:09:38,643|line:347| error line:319
2026-06-05 18:09:38,644|line:533| *#*#*#*#*#*#*#*#*#*еҺҹеҠЁжҖҒеӨ„зҗҶеӨұиҙҘ*#*#*#*#*#*#*#*#*#
2026-06-05 18:09:38,644|line:519| https://t.bilibili.com/1208809964145999875
2026-06-05 18:09:42,971|line:346| Expecting value: line 1 column 1 (char 0)
2026-06-05 18:09:42,971|line:347| error line:319
2026-06-05 18:09:42,972|line:533| *#*#*#*#*#*#*#*#*#*еҺҹеҠЁжҖҒеӨ„зҗҶеӨұиҙҘ*#*#*#*#*#*#*#*#*#
2026-06-05 18:09:42,972|line:519| https://t.bilibili.com/1209345241609404416
2026-06-05 18:09:45,422|line:346| Expecting value: line 1 column 1 (char 0)
2026-06-05 18:09:45,423|line:347| error line:319
2026-06-05 18:09:45,424|line:533| *#*#*#*#*#*#*#*#*#*еҺҹеҠЁжҖҒеӨ„зҗҶеӨұиҙҘ*#*#*#*#*#*#*#*#*#
2026-06-05 18:09:45,424|line:519| https://t.bilibili.com/1205282773769650183
2026-06-05 18:09:48,820|line:346| Expecting value: line 1 column 1 (char 0)
2026-06-05 18:09:48,820|line:347| error line:319
2026-06-05 18:09:48,821|line:533| *#*#*#*#*#*#*#*#*#*еҺҹеҠЁжҖҒеӨ„зҗҶеӨұиҙҘ*#*#*#*#*#*#*#*#*#
2026-06-05 18:09:48,822|line:552| жү§иЎҢз»“жқҹ
2026-06-05 18:09:48,822|line:556| жү§иЎҢеӨұиҙҘпјҢй”ҷиҜҜж•°йҮҸдёә27
2026-06-05 18:09:48,822|line:558| ==================================================2026-06-06 02:09==================================================
2026-06-05 18:09:48,822|line:232| processing article 50068605
2026-06-05 18:09:52,255|line:507| ==================================================2026-06-06 02:09==================================================
2026-06-05 18:09:52,255|line:519| https://t.bilibili.com/1208160603763376180
2026-06-05 18:09:55,580|line:346| Expecting value: line 1 column 1 (char 0)
2026-06-05 18:09:55,580|line:347| error line:319
2026-06-05 18:09:55,581|line:533| *#*#*#*#*#*#*#*#*#*еҺҹеҠЁжҖҒеӨ„зҗҶеӨұиҙҘ*#*#*#*#*#*#*#*#*#
2026-06-05 18:09:55,582|line:519| https://t.bilibili.com/1208451995793358872
2026-06-05 18:09:57,952|line:346| Expecting value: line 1 column 1 (char 0)
2026-06-05 18:09:57,952|line:347| error line:319
2026-06-05 18:09:57,953|line:533| *#*#*#*#*#*#*#*#*#*еҺҹеҠЁжҖҒеӨ„зҗҶеӨұиҙҘ*#*#*#*#*#*#*#*#*#
2026-06-05 18:09:57,953|line:519| https://t.bilibili.com/1207696811704188961
2026-06-05 18:10:02,311|line:346| Expecting value: line 1 column 1 (char 0)
2026-06-05 18:10:02,311|line:347| error line:319
2026-06-05 18:10:02,312|line:533| *#*#*#*#*#*#*#*#*#*еҺҹеҠЁжҖҒеӨ„зҗҶеӨұиҙҘ*#*#*#*#*#*#*#*#*#
2026-06-05 18:10:02,313|line:519| https://t.bilibili.com/1209637011639500803
2026-06-05 18:10:04,639|line:346| Expecting value: line 1 column 1 (char 0)
2026-06-05 18:10:04,639|line:347| error line:319
2026-06-05 18:10:04,640|line:533| *#*#*#*#*#*#*#*#*#*еҺҹеҠЁжҖҒеӨ„зҗҶеӨұиҙҘ*#*#*#*#*#*#*#*#*#
2026-06-05 18:10:04,640|line:519| https://t.bilibili.com/1205179299452157954
2026-06-05 18:10:08,015|line:346| Expecting value: line 1 column 1 (char 0)
2026-06-05 18:10:08,015|line:347| error line:319
2026-06-05 18:10:08,016|line:533| *#*#*#*#*#*#*#*#*#*еҺҹеҠЁжҖҒеӨ„зҗҶеӨұиҙҘ*#*#*#*#*#*#*#*#*#
2026-06-05 18:10:08,016|line:519| https://t.bilibili.com/1206677822133764100
2026-06-05 18:10:12,375|line:346| Expecting value: line 1 column 1 (char 0)
2026-06-05 18:10:12,375|line:347| error line:319
2026-06-05 18:10:12,376|line:533| *#*#*#*#*#*#*#*#*#*еҺҹеҠЁжҖҒеӨ„зҗҶеӨұиҙҘ*#*#*#*#*#*#*#*#*#
2026-06-05 18:10:12,377|line:519| https://t.bilibili.com/1209616181072232450
2026-06-05 18:10:15,786|line:346| Expecting value: line 1 column 1 (char 0)
2026-06-05 18:10:15,786|line:347| error line:319
2026-06-05 18:10:15,787|line:533| *#*#*#*#*#*#*#*#*#*еҺҹеҠЁжҖҒеӨ„зҗҶеӨұиҙҘ*#*#*#*#*#*#*#*#*#
2026-06-05 18:10:15,787|line:519| https://t.bilibili.com/1209539318299754535
2026-06-05 18:10:20,150|line:346| Expecting value: line 1 column 1 (char 0)
2026-06-05 18:10:20,150|line:347| error line:319
2026-06-05 18:10:20,151|line:533| *#*#*#*#*#*#*#*#*#*еҺҹеҠЁжҖҒеӨ„зҗҶеӨұиҙҘ*#*#*#*#*#*#*#*#*#
2026-06-05 18:10:20,151|line:519| https://t.bilibili.com/1209248707940188169
2026-06-05 18:10:22,513|line:346| Expecting value: line 1 column 1 (char 0)
2026-06-05 18:10:22,513|line:347| error line:319
2026-06-05 18:10:22,514|line:533| *#*#*#*#*#*#*#*#*#*еҺҹеҠЁжҖҒеӨ„зҗҶеӨұиҙҘ*#*#*#*#*#*#*#*#*#
2026-06-05 18:10:22,514|line:519| https://t.bilibili.com/1201479863740923906
2026-06-05 18:10:25,887|line:346| Expecting value: line 1 column 1 (char 0)
2026-06-05 18:10:25,888|line:347| error line:319
2026-06-05 18:10:25,889|line:533| *#*#*#*#*#*#*#*#*#*еҺҹеҠЁжҖҒеӨ„зҗҶеӨұиҙҘ*#*#*#*#*#*#*#*#*#
2026-06-05 18:10:25,889|line:519| https://t.bilibili.com/1209212028903751696
2026-06-05 18:10:29,258|line:346| Expecting value: line 1 column 1 (char 0)
2026-06-05 18:10:29,259|line:347| error line:319
2026-06-05 18:10:29,260|line:533| *#*#*#*#*#*#*#*#*#*еҺҹеҠЁжҖҒеӨ„зҗҶеӨұиҙҘ*#*#*#*#*#*#*#*#*#
2026-06-05 18:10:29,260|line:519| https://t.bilibili.com/1209230080693239810
2026-06-05 18:10:33,644|line:346| Expecting value: line 1 column 1 (char 0)
2026-06-05 18:10:33,644|line:347| error line:319
2026-06-05 18:10:33,645|line:533| *#*#*#*#*#*#*#*#*#*еҺҹеҠЁжҖҒеӨ„зҗҶеӨұиҙҘ*#*#*#*#*#*#*#*#*#
2026-06-05 18:10:33,645|line:519| https://t.bilibili.com/1208872812423413785
2026-06-05 18:10:35,115|line:346| Expecting value: line 1 column 1 (char 0)
2026-06-05 18:10:35,115|line:347| error line:319
2026-06-05 18:10:35,116|line:533| *#*#*#*#*#*#*#*#*#*еҺҹеҠЁжҖҒеӨ„зҗҶеӨұиҙҘ*#*#*#*#*#*#*#*#*#
2026-06-05 18:10:35,116|line:519| https://t.bilibili.com/1209181075121635333
2026-06-05 18:10:36,490|line:346| Expecting value: line 1 column 1 (char 0)
2026-06-05 18:10:36,491|line:347| error line:319
2026-06-05 18:10:36,492|line:533| *#*#*#*#*#*#*#*#*#*еҺҹеҠЁжҖҒеӨ„зҗҶеӨұиҙҘ*#*#*#*#*#*#*#*#*#
2026-06-05 18:10:36,492|line:519| https://t.bilibili.com/1209181358537048081
2026-06-05 18:10:37,866|line:346| Expecting value: line 1 column 1 (char 0)
2026-06-05 18:10:37,866|line:347| error line:319
2026-06-05 18:10:37,867|line:533| *#*#*#*#*#*#*#*#*#*еҺҹеҠЁжҖҒеӨ„зҗҶеӨұиҙҘ*#*#*#*#*#*#*#*#*#
2026-06-05 18:10:37,867|line:519| https://t.bilibili.com/1208503020030001169
2026-06-05 18:10:40,253|line:346| Expecting value: line 1 column 1 (char 0)
2026-06-05 18:10:40,253|line:347| error line:319
2026-06-05 18:10:40,254|line:533| *#*#*#*#*#*#*#*#*#*еҺҹеҠЁжҖҒеӨ„зҗҶеӨұиҙҘ*#*#*#*#*#*#*#*#*#
2026-06-05 18:10:40,254|line:519| https://t.bilibili.com/1206709003557535763
2026-06-05 18:10:41,612|line:346| Expecting value: line 1 column 1 (char 0)
2026-06-05 18:10:41,612|line:347| error line:319
2026-06-05 18:10:41,613|line:533| *#*#*#*#*#*#*#*#*#*еҺҹеҠЁжҖҒеӨ„зҗҶеӨұиҙҘ*#*#*#*#*#*#*#*#*#
2026-06-05 18:10:41,614|line:519| https://t.bilibili.com/1209656536546148372
2026-06-05 18:10:45,939|line:346| Expecting value: line 1 column 1 (char 0)
2026-06-05 18:10:45,939|line:347| error line:319
2026-06-05 18:10:45,940|line:533| *#*#*#*#*#*#*#*#*#*еҺҹеҠЁжҖҒеӨ„зҗҶеӨұиҙҘ*#*#*#*#*#*#*#*#*#
2026-06-05 18:10:45,941|line:519| https://t.bilibili.com/1209181178190364706
2026-06-05 18:10:50,318|line:346| Expecting value: line 1 column 1 (char 0)
2026-06-05 18:10:50,319|line:347| error line:319
2026-06-05 18:10:50,320|line:533| *#*#*#*#*#*#*#*#*#*еҺҹеҠЁжҖҒеӨ„зҗҶеӨұиҙҘ*#*#*#*#*#*#*#*#*#
2026-06-05 18:10:50,320|line:519| https://t.bilibili.com/1206707448827609097
2026-06-05 18:10:53,695|line:346| Expecting value: line 1 column 1 (char 0)
2026-06-05 18:10:53,695|line:347| error line:319
2026-06-05 18:10:53,696|line:533| *#*#*#*#*#*#*#*#*#*еҺҹеҠЁжҖҒеӨ„зҗҶеӨұиҙҘ*#*#*#*#*#*#*#*#*#
2026-06-05 18:10:53,696|line:519| https://t.bilibili.com/1208958685973315633
2026-06-05 18:10:55,064|line:346| Expecting value: line 1 column 1 (char 0)
2026-06-05 18:10:55,065|line:347| error line:319
2026-06-05 18:10:55,066|line:533| *#*#*#*#*#*#*#*#*#*еҺҹеҠЁжҖҒеӨ„зҗҶеӨұиҙҘ*#*#*#*#*#*#*#*#*#
2026-06-05 18:10:55,066|line:519| https://t.bilibili.com/1206626707711197185
2026-06-05 18:10:58,399|line:346| Expecting value: line 1 column 1 (char 0)
2026-06-05 18:10:58,399|line:347| error line:319
2026-06-05 18:10:58,400|line:533| *#*#*#*#*#*#*#*#*#*еҺҹеҠЁжҖҒеӨ„зҗҶеӨұиҙҘ*#*#*#*#*#*#*#*#*#
2026-06-05 18:10:58,400|line:519| https://t.bilibili.com/1205282773769650183
2026-06-05 18:11:00,776|line:346| Expecting value: line 1 column 1 (char 0)
2026-06-05 18:11:00,777|line:347| error line:319
2026-06-05 18:11:00,778|line:533| *#*#*#*#*#*#*#*#*#*еҺҹеҠЁжҖҒеӨ„зҗҶеӨұиҙҘ*#*#*#*#*#*#*#*#*#
2026-06-05 18:11:00,778|line:552| жү§иЎҢз»“жқҹ
2026-06-05 18:11:00,778|line:556| жү§иЎҢеӨұиҙҘпјҢй”ҷиҜҜж•°йҮҸдёә23
2026-06-05 18:11:00,778|line:558| ==================================================2026-06-06 02:11==================================================
2026-06-05 18:11:10,228|line:578| ('reply: ', 'жҰ„иҸҠе®ҳж–№', '[з»ҷеҝғеҝғ]')
2026-06-05 18:11:10,228|line:578| ('reply: ', 'еҗ“жӯ»жҲ‘е•ҰиҠҷиҺұ', 'е№¶дёҚжҳҜ')
2026-06-05 18:11:10,229|line:578| ('reply: ', 'иҠұз”ҹеҚҒдёү-е…¬иҖғиЎҢжөӢ', '68')
2026-06-05 18:11:10,229|line:578| ('reply: ', 'дёүй№ҝдёғиҢёзҢ«е°ҫе·ҙ', '[еӨҸиҜәйӣ…иЎЁжғ…еҢ…_пјҹпјҹпјҹ]')
2026-06-05 18:11:10,229|line:578| ('reply: ', 'е°Ҹй—Әй—Әbling', 'hhhи…ҫеӯҗд№°еә“жҙӣи®©жҲ‘ж„ҹи§үд»–иҮӘе·ұжңүзӮ№дёҚеӨӘжғіеҮәеӨ§дё–з•ҢдәҶ')
2026-06-05 18:11:10,229|line:578| ('reply: ', 'дҝ®жҢ–жңәзҡ„дёёеұұеҪ©', 'дёҚжҳҜпјҢиҝҷвҖҰвҖҰ')
2026-06-05 18:11:10,229|line:578| ('reply: ', 'еҘҪеғҸйғҪжҳҜдёҖдёӘдәә', 'дҪ еңЁиҜҙд»Җд№Ҳ')
2026-06-05 18:11:10,229|line:578| ('reply: ', 'зӣ®ж Үе’ЁиҜў', 'еӨӘе® зІүдәҶе•Ҡ')
2026-06-05 18:11:10,229|line:578| ('reply: ', 'ж•°зҺ©е·Ҙеңә', 'зҘқдҪ жҲҗеҠҹ')
2026-06-05 18:11:10,229|line:578| ('reply: ', 'зӣҠе®¶жңүе°ҸдҪ°', 'жҒӯе–ңе®қеӯҗпјҢиҺ·еҫ—е°Ҹз”өи§ҶжңҲеәҰдјҡе‘ҳ1д»Ҫе’Ңе…ӢеҲ»еҶ°еҶ°зҢҙе–үзі–йҡҸжңәеҸЈе‘і1д»ҪпҪһи®°еҫ—з§ҒдҝЎе°ҸдҪ°жҸҗдҫӣдҝЎжҒҜе“Ұ~')
2026-06-05 18:11:10,229|line:578| ('reply: ', 'еңҶзҺҜд№ӢзҗҶ-Madoka', 'жҳҜзҡ„')
2026-06-05 18:11:10,229|line:578| ('reply: ', 'е…°зҡ„дёүе§Ё', 'иҝҷе°ұжҳҜй“¶жІіе·Ёжҳҹзҡ„е®һеҠӣпјҒ')
2026-06-05 18:11:10,229|line:578| ('reply: ', 'иҠұеӣӯзҷҫеҗҲй“ғйҹі', 'жңүз”·дёҚзҺ©пјҢжҲ‘еҸӘеҗғйә»иҫЈзҒ«й”…пјҢxxnж»ҡ[еҗғз“ң]')
2026-06-05 18:11:10,229|line:578| ('reply: ', 'жҳҜз»қиөһзҡ„йҳҝй¬ј', '[tv_йҡҫиҝҮ]')
2026-06-05 18:11:10,229|line:578| ('reply: ', 'жЎғзЁҡдёҚе№јзЁҡ', 'иҝҳиЎҢ')
2026-06-05 18:11:10,230|line:578| ('reply: ', 'йҷҢзҪ”еӯҗеҗ–', 'дҪ¬пјҢиҝҷдёӘжҠҘеҗҚжңүе•ҘжқЎд»¶дёҚгҖӮжңҖиҝ‘еӨӘйқһдәҶпјҢжғідёӢж¬ЎжҠҘжқҘжҠҪ[и„ұеҚ•doge][и„ұеҚ•doge][и„ұеҚ•doge]')
2026-06-05 18:11:10,230|line:578| ('reply: ', 'еӨӘдәҢй…ёиҸңйұј', 'жҒӯе–ңжҲҗдёәжң¬жңҹж¬§зҡҮ[жү“call]иҺ·еҫ—гҖҗиӮҘйҫҷиҒ”еҗҚжҳҫзңјеҢ…гҖ‘1д»ҪпјҢеңЁж”¶еҲ°жң¬дҝЎжҒҜзҡ„дёӨеӨ©еҶ…еӣһеӨҚе“Ҙзҡ„з§ҒдҝЎе“Ұ~йҖҫжңҹе“Ҙе°ұиҮӘе·ұж”¶е•ҰпјҒ[и„ұеҚ•doge]')
2026-06-05 18:11:10,230|line:578| ('reply: ', 'еҫ—дёҖжғідәҢзҡ„жқҫйј ', 'дёӯеҘ–еҲҶжҲ‘дёҖеҚҠ')
2026-06-05 18:11:10,230|line:578| ('reply: ', 'дҪ‘еҮүUriyoo', 'и°ўи°ўпјҒпјҒпјҒ[UP_24967030_ж„ҹжҒ©]')
2026-06-05 18:11:10,230|line:578| ('reply: ', 'еІӣиҺ“зҘҒ', 'еҘҪиҖ¶')
2026-06-05 18:11:11,638|line:587| ('at: ', 'з”өи„‘жҠҘ', 'жҒӯе–ң@е°Ҹе°ҸShaun UIDпјҡ1090970340пјҢ@-еҸ¶жҷ“еҗ–  UIDпјҡ22437099  иҺ·еҫ— гҖҗз”өз«һеӨ§зӨјеҢ…гҖ‘1д»ҪпјҢ иҜ·еңЁдёүж—ҘеҶ…з§ҒдҝЎжҲ‘')
2026-06-05 18:11:11,639|line:587| ('at: ', 'иҒ”жғіжӢҜж•‘иҖ…е®ҳж–№', 'жҳҜжҲ‘е–ңж¬ўзҡ„еҘ–е“ҒеҗҚеҚ• зӣҙжҺҘејҖеҘ– дёҠ и¶ҒзҺ°еңЁжІЎдәәеҒ·ж‘ёејҖдёӘеҘ– жҒӯе–ңиҝҷдәӣе°Ҹдјҷдјҙ гҖҗжӢҜж•‘иҖ…7.1еЈ°еҚЎH7жёёжҲҸиҖіжңәгҖ‘иҺ·еҘ–еҗҚеҚ• @жіӘж°ҙжү“ж№ҝзҢӘи„ҡйҘӯo @xoomoon @е°Ҹе°ҸShaun @Tеұұжө·иҝһдә‘T @и¶…и¶…и¶…и¶…и–„и„ҶйҘје№І @BerboomC гҖҗжӢҜж•‘иҖ…C140ж°®еҢ–й•“йҖӮй…ҚеҷЁгҖ‘иҺ·еҘ–еҗҚеҚ• @ж”№дёӘеӨ©еҮүеҘҪдёӘз§Ӣ @еӨңзҢ«еӯҗзүҷдёҚеҘҪ @LLLеҘҪд№…дёҚи§Ғ @жһ—ж®ҮеҖҫж…•е©ү @д»ҠеӨ©д№ҹиҰҒжӢҘжҠұеҫ®йЈҺ @жҙідёҚеҸҠжҲ‘дёҮдёҖ @иғңеҲ©гҒ®еӨ©е№і гҖҗзҷҪйҮ‘зӢ¬и§’е…Ҫз”өз«һйј ж ҮгҖ‘иҺ·еҘ–еҗҚеҚ• @еә•зүҮдёҠзҡ„иҜ—ж—…дәә гҖҗжӢҜж•‘иҖ…C170ж°®еҢ–й•“йҖӮй…ҚеҷЁгҖ‘иҺ·еҘ–еҗҚеҚ• @йәҰз•¶еҠіж— йҷҗеҘҪ @з„ЎеҗҚдё¶гҒ®иҫҲ @д»»жҖ§зҡ„жҸҗиҺ« @е№ҝдёңжңүжҡ–йЈҺ з”ұдәҺBз«ҷз§ҒдҝЎи§„еҲҷдҝ®ж”№ жҲ‘дјҡз§ҒдҝЎдёӯеҘ–зҡ„е°ҸдјҷдјҙдёҖжқЎж¶ҲжҒҜпјҢиҝҳиҜ·жіЁж„ҸжҹҘж”¶е№¶еӣһеӨҚжҲ‘жӮЁзҡ„ж”¶иҙ§ең°еқҖдёҺиҒ”зі»ж–№ејҸпјҢеҘ–е“Ғеҹәжң¬дјҡеңЁз§ҒдҝЎжӮЁдҝЎжҒҜеҗҺзҡ„дёүеҚҒдёӘе·ҘдҪңж—ҘеҶ…еҸ‘иҙ§')
2026-06-05 18:11:11,639|line:587| ('at: ', 'Apexgamingиүҫж№ғз”өз«һ', 'жҒӯе–ң @е°Ҹе°ҸShaun иҺ·еҫ—йҘ®ж–ҷдёҖд»ҪпјҢдёүеӨ©еҶ…иҒ”зі»жҲ‘пјҢиҝҮж—¶дёҚеҖҷпјҒ')
2026-06-05 18:11:11,639|line:587| ('at: ', 'е–ңж¬ўзҷҪжҜӣжңүд»Җд№ҲдёҚеҘҪ', '1 @жөӘеӯҗжёё2fans6@иў«_____жү“дёӢжқҘзҡ„йЈһжңә@жӢүж–Ҝзү№иҮЈеҗҺйқўдёҖдёӘзӮ№@дё“еҝғиҮҙеҝ—зҡ„еӯҰз”ҹ@зҢ«зҢ«еӨҙOmMeow@е°Ҹе°ҸShaun@йҫҗй–Җе·ҰйҒ“@е•Ұе•Ұз—ҙз—ҙи…»@bili_66938050009@ж—ҘжңҲжҳҹиҫ°668')
2026-06-05 18:11:11,639|line:587| ('at: ', 'iKFи“қзүҷиҖіжңә', 'жҒӯе–ң@е°Ҹе°ҸShaun е®қеӯҗжҲҗдёәиӢҸжіҠе°”зҰҸеҲ©еҠЁжҖҒе№ёиҝҗе„ҝпјҒ\nжіЁж„ҸпјҡеҚіж—Ҙиө·72е°Ҹж—¶еҶ…еӣһеӨҚдҝЎжҒҜзЎ®и®ӨйўҶеҘ–е“ҰпјҒйҖҫжңҹе°ҶиҮӘеҠЁи§Ҷдёәж”ҫејғдёӯеҘ–иө„ж јгҖӮ\nжІЎжңүдёӯеҘ–зҡ„е®қеӯҗд»¬дёҚиҰҒж°”йҰҒпјҢеҸӮдёҺдёҖдёӢдёӢзҪ®йЎ¶и§Ҷйў‘iKF MarsпјҢеўһеҠ ж¬§ж°”еҖјпјҢиҜҙдёҚе®ҡдёӢдёӘе№ёиҝҗе„ҝе°ұжҳҜдҪ пјҒ\nй“ҫжҺҘпјҡ\nhttps://www.bilibili.com/video/BV1Soo6YLEHZ/?spm_id_from=333.1387.list.card_archive.click&vd_source=21fb0967ccc75e6b3b2447ade2c740dd\nиҝҳжІЎеҸӮдёҺжҠҪеҘ–зҡ„е®қеӯҗд»¬пјҢиө¶зҙ§зӮ№еҮ»дёҠж–№й“ҫжҺҘеҸӮдёҺеҗ§пјҒиҝҳжңүзү№еҲ«зҰҸеҲ©жғҠе–ңзӯүдҪ е“Ұ~')
2026-06-05 18:11:11,639|line:587| ('at: ', 'wellymerckеЁҒеҲ©й»ҳе…Ӣ', 'жҒӯе–ң@е°Ҹе°ҸShaun\xa0 иҺ·еҫ—гҖҠжҲ‘жҳҜдҪ зҡ„е°ҸзӢ—3 ж°ёиҝңзӯүдҪ еӣһе®¶гҖӢ1жң¬пјҢиҜ·дәҺ5еӨ©еҶ…иҒ”зі»еЁҒе®қпјҢеҮӯе…іжіЁ+дә’еҠЁжҲӘеӣҫйўҶеҸ–еҘ–е“ҒпјҢйҖҫжңҹдҪңеәҹ~')
2026-06-05 18:11:11,639|line:587| ('at: ', 'е®ҒзҫҺNINGMEI', 'жҒӯе–ң@е°Ҹе°ҸShaun   дёӯеҘ–пјҢиҜ·еңЁ12жңҲ1ж—Ҙ24зӮ№еүҚз§ҒдҝЎжҲ‘пјҡ1. еҘ–е“Ғ+дёӯеҘ–дҝЎжҒҜa. е®һзү©еҘ–пјҡе§“еҗҚз”өиҜқең°еқҖпјҢз»ҷж–Үеӯ—пјҒзңҒеёӮеҢәи·Ҝжё…жҷ°пјҢжҸҗдәӨдёҚжё…жҷ°дёҚеҸ‘еҘ–пјҢдҝЎжҒҜй”ҷиҜҜиҮҙж— жі•зӯҫж”¶пјҢжҰӮдёҚиҙҹиҙЈпјӣ\n\nb. зҺ°йҮ‘зәўеҢ…з»ҷеҲ°ж”Ҝд»ҳе®қе®һеҗҚ+иҙҰеҸ·пјӣ\n\nc. дә¬дёңеҚЎ/зҢ«и¶…еҚЎ зӯүиҙӯзү©еҚЎз»ҷеҲ°е§“еҗҚ+з”өиҜқпјӣ2. е®ҒзҫҺе’Ңе“ҒзүҢж–№е…іжіЁжҲӘеӣҫ+иҪ¬еҸ‘жҲӘеӣҫпјҒ\n\nеҝ…йЎ»е…іжіЁе“ҒзүҢж–№пјҢеҗҰеҲҷеҘ–е“ҒдёҚдәҲеҸ‘ж”ҫпјӣеҰӮйҒҮж— жі•з§ҒдҝЎеӣҫзүҮзҡ„жғ…еҶөпјҢзӯүеҫ…жҲ‘еӣһеӨҚеҗҺеҚіеҸҜеҸ‘йҖҒеӣҫзүҮгҖӮPSпјҡ \n\nеӣ еҗҺеҸ°ж”¶дҝЎжңүж—¶дјҡеҮәй—®йўҳпјҢд»ҘеӣһеӨҚвҖңе·Ізҷ»и®°вҖқдёәеҮҶпјҢжІЎжңүеӣһеӨҚеҚіиЎЁзӨәз§ҒдҝЎжңӘж”¶еҲ°гҖӮ\n\nиҝҮжңҹи§ҶдёәиҮӘеҠЁж”ҫејғпјҢдёҚдјҡиЎҘеҸ‘пјӣеҘ–е“Ғ30дёӘе·ҘдҪңж—ҘеҶ…еҸ‘йҖҒпјҢеӢҝеӮ¬е“Ұ~\n\nдёҚеҸ‘е…ЁпјҢдёҚеӣһеӨҚгҖӮе…¶д»–е°ҸдјҷдјҙиҜ·з»§з»ӯеҠӘеҠӣпјҒ')
2026-06-05 18:11:11,639|line:587| ('at: ', 'зҲұзҺӣз”өеҠЁиҪҰе®ҳж–№иҙҰеҸ·', '#дёҖвҖңзҺӣвҖқеҪ“е…ҲжҰң# еҝ«жқҘзңӢзңӢ10жңҲйғҪжҳҜи°Ғе’ҢзҲұзҺӣй…ұдә’еҠЁжңҖеӨҡе‘Җ~ рҹ’•жҒӯе–ң@е°Ҹе°ҸShaun е’Ң@з”ҳз‘һеҮҜжӢүиҺҺ жҺ’иЎҢз¬¬дёҖпјҒиҝҷдёӨдҪҚе°ҸзҺӣиҫҫе°ҶдјҡиҺ·еҫ—гҖҗзҲұзҺӣйҡҸжңәе‘Ёиҫ№Г—1гҖ‘пјҢиҜ·5еӨ©еҶ…з§ҒдҝЎзҲұзҺӣй…ұйўҶеҘ–е“ҹ~[йј“жҺҢ] д»ҘеҗҺд№ҹиҜ·з»§з»ӯеҚ•жҺЁжҲ‘ж— ж•ҢеҸҜзҲұзҫҺе°‘еҘізҲұзҺӣй…ұе‘ҖеҳҝеҳҝпјҒ(в—ҸВҙР—пҪҖв—Ҹ)')
2026-06-05 18:11:11,639|line:587| ('at: ', 'зҲұзҺӣз”өеҠЁиҪҰе®ҳж–№иҙҰеҸ·', '')
2026-06-05 18:11:11,639|line:587| ('at: ', 'жө·йңІж»ҙзңјж¶І', 'дә’еҠЁжҰңеҮәзӮүе•Ұ')
2026-06-05 18:11:11,639|line:587| ('at: ', 'е’Ңи”јеҸҜдәІжЎғзҷҪзҷҪ', '\u200b//@д№қеҸ·е…¬еҸё:\u200bжҒӯе–ң@е°Ҹе°ҸShaun дёӯеҘ–пјҒеҗҺз»ӯи®°еҫ—жҹҘж”¶з§ҒдҝЎе“ҹпҪһ\u200b//@д№қеҸ·е…¬еҸё:#дә’еҠЁжҠҪеҘ–# и°ўи°ўзІ’зІ’зҡ„еӨҚе·ҘзӨјпјҒе°Ҹд№қд№ҹжқҘеҠ дёӘз Ғ~е…іжіЁгҖҗ@еҫ®зІ’иҙ·+@д№қеҸ·е…¬еҸё гҖ‘е№¶иҪ¬еҸ‘иҜҘеҠЁжҖҒпјҢжҠҪдёҖдҪҚе°ҸеҸҜзҲұиҺ·еҫ—гҖҗ100е…ғдә¬дёңеҚЎгҖ‘~ #дҫӣз”өеұҖзҰҸеҲ©зӨҫ# 10жңҲ31ж—ҘжҠҪеҮәпјҒ')
2026-06-05 18:11:11,639|line:587| ('at: ', 'жңӣеӨ§е®¶иә«дҪ“еҒҘеә·еҝ«д№җ', '\u200b//@д№қеҸ·е…¬еҸё:\u200bжҒӯе–ң@е°Ҹе°ҸShaun дёӯеҘ–пјҒеҗҺз»ӯи®°еҫ—жҹҘж”¶з§ҒдҝЎе“ҹпҪһ\u200b//@д№қеҸ·е…¬еҸё :#дә’еҠЁжҠҪеҘ–# и°ўи°ўзІ’зІ’зҡ„еӨҚе·ҘзӨјпјҒе°Ҹд№қд№ҹжқҘеҠ дёӘз Ғ~е…іжіЁгҖҗ@еҫ®зІ’иҙ·+@д№қеҸ·е…¬еҸё гҖ‘е№¶иҪ¬еҸ‘иҜҘеҠЁжҖҒпјҢжҠҪдёҖдҪҚе°ҸеҸҜзҲұиҺ·еҫ—гҖҗ100е…ғдә¬дёңеҚЎгҖ‘~ #дҫӣз”өеұҖзҰҸеҲ©зӨҫ# 10жңҲ31ж—ҘжҠҪеҮәпјҒ')
2026-06-05 18:11:11,639|line:587| ('at: ', 'MoMA_Reona', '//@д№қеҸ·е…¬еҸё:\u200bжҒӯе–ң@е°Ҹе°ҸShaun дёӯеҘ–пјҒеҗҺз»ӯи®°еҫ—жҹҘж”¶з§ҒдҝЎе“ҹпҪһ\u200b//@д№қеҸ·е…¬еҸё:#дә’еҠЁжҠҪеҘ–# и°ўи°ўзІ’зІ’зҡ„еӨҚе·ҘзӨјпјҒе°Ҹд№қд№ҹжқҘеҠ дёӘз Ғ~е…іжіЁгҖҗ@еҫ®зІ’иҙ·+@д№қеҸ·е…¬еҸё гҖ‘е№¶иҪ¬еҸ‘иҜҘеҠЁжҖҒпјҢжҠҪдёҖдҪҚе°ҸеҸҜзҲұиҺ·еҫ—гҖҗ100е…ғдә¬дёңеҚЎгҖ‘~ #дҫӣз”өеұҖзҰҸеҲ©зӨҫ# 10жңҲ31ж—ҘжҠҪеҮәпјҒ')
2026-06-05 18:11:11,640|line:587| ('at: ', 'ж‘ёйұјдәҢйҳҹ', '\u200b//@д№қеҸ·е…¬еҸё:\u200bжҒӯе–ң@е°Ҹе°ҸShaun дёӯеҘ–пјҒеҗҺз»ӯи®°еҫ—жҹҘж”¶з§ҒдҝЎе“ҹпҪһ\u200b//@д№қеҸ·е…¬еҸё :#дә’еҠЁжҠҪеҘ–# и°ўи°ўзІ’зІ’зҡ„еӨҚе·ҘзӨјпјҒе°Ҹд№қд№ҹжқҘеҠ дёӘз Ғ~е…іжіЁгҖҗ@еҫ®зІ’иҙ·+@д№қеҸ·е…¬еҸё гҖ‘е№¶иҪ¬еҸ‘иҜҘеҠЁжҖҒпјҢжҠҪдёҖдҪҚе°ҸеҸҜзҲұиҺ·еҫ—гҖҗ100е…ғдә¬дёңеҚЎгҖ‘~ #дҫӣз”өеұҖзҰҸеҲ©зӨҫ# 10жңҲ31ж—ҘжҠҪеҮәпјҒ')
2026-06-05 18:11:11,640|line:587| ('at: ', 'ж–Үе°‘еҳ…дёҖдәӣдәӢдёҖдәӣжғ…', '\u200b//@д№қеҸ·е…¬еҸё:\u200bжҒӯе–ң@е°Ҹе°ҸShaun дёӯеҘ–пјҒеҗҺз»ӯи®°еҫ—жҹҘж”¶з§ҒдҝЎе“ҹпҪһ\u200b//@д№қеҸ·е…¬еҸё :#дә’еҠЁжҠҪеҘ–# и°ўи°ўзІ’зІ’зҡ„еӨҚе·ҘзӨјпјҒе°Ҹд№қд№ҹжқҘеҠ дёӘз Ғ~е…іжіЁгҖҗ@еҫ®зІ’иҙ·+@д№қеҸ·е…¬еҸё гҖ‘е№¶иҪ¬еҸ‘иҜҘеҠЁжҖҒпјҢжҠҪдёҖдҪҚе°ҸеҸҜзҲұиҺ·еҫ—гҖҗ100е…ғдә¬дёңеҚЎгҖ‘~ #дҫӣз”өеұҖзҰҸеҲ©зӨҫ# 10жңҲ31ж—ҘжҠҪеҮәпјҒ')
2026-06-05 18:11:11,640|line:587| ('at: ', 'CarryйҳҹеҸӢзҡ„еҳҹеҳҹй…ұдё¶', '\u200b//@д№қеҸ·е…¬еҸё:\u200bжҒӯе–ң@е°Ҹе°ҸShaun дёӯеҘ–пјҒеҗҺз»ӯи®°еҫ—жҹҘж”¶з§ҒдҝЎе“ҹпҪһ\u200b//@д№қеҸ·е…¬еҸё :#дә’еҠЁжҠҪеҘ–# и°ўи°ўзІ’зІ’зҡ„еӨҚе·ҘзӨјпјҒе°Ҹд№қд№ҹжқҘеҠ дёӘз Ғ~е…іжіЁгҖҗ@еҫ®зІ’иҙ·+@д№қеҸ·е…¬еҸё гҖ‘е№¶иҪ¬еҸ‘иҜҘеҠЁжҖҒпјҢжҠҪдёҖдҪҚе°ҸеҸҜзҲұиҺ·еҫ—гҖҗ100е…ғдә¬дёңеҚЎгҖ‘~ #дҫӣз”өеұҖзҰҸеҲ©зӨҫ# 10жңҲ31ж—ҘжҠҪеҮәпјҒ')
2026-06-05 18:11:11,640|line:587| ('at: ', 'иӣӨиҹҶzero', '//@д№қеҸ·е…¬еҸё:\u200bжҒӯе–ң@е°Ҹе°ҸShaun дёӯеҘ–пјҒеҗҺз»ӯи®°еҫ—жҹҘж”¶з§ҒдҝЎе“ҹпҪһ\u200b//@д№қеҸ·е…¬еҸё:#дә’еҠЁжҠҪеҘ–# и°ўи°ўзІ’зІ’зҡ„еӨҚе·ҘзӨјпјҒе°Ҹд№қд№ҹжқҘеҠ дёӘз Ғ~е…іжіЁгҖҗ@еҫ®зІ’иҙ·+@д№қеҸ·е…¬еҸё гҖ‘е№¶иҪ¬еҸ‘иҜҘеҠЁжҖҒпјҢжҠҪдёҖдҪҚе°ҸеҸҜзҲұиҺ·еҫ—гҖҗ100е…ғдә¬дёңеҚЎгҖ‘~ #дҫӣз”өеұҖзҰҸеҲ©зӨҫ# 10жңҲ31ж—ҘжҠҪеҮәпјҒcеҶІеҶІеҶІ')
2026-06-05 18:11:11,640|line:587| ('at: ', 'жңЁиҖҢеҗ„еӯҗиҰҒеҗғз¬ғж —еӯҗ', '\u200b//@д№қеҸ·е…¬еҸё:\u200bжҒӯе–ң@е°Ҹе°ҸShaun дёӯеҘ–пјҒеҗҺз»ӯи®°еҫ—жҹҘж”¶з§ҒдҝЎе“ҹпҪһ\u200b//@д№қеҸ·е…¬еҸё :#дә’еҠЁжҠҪеҘ–# и°ўи°ўзІ’зІ’зҡ„еӨҚе·ҘзӨјпјҒе°Ҹд№қд№ҹжқҘеҠ дёӘз Ғ~е…іжіЁгҖҗ@еҫ®зІ’иҙ·+@д№қеҸ·е…¬еҸё гҖ‘е№¶иҪ¬еҸ‘иҜҘеҠЁжҖҒпјҢжҠҪдёҖдҪҚе°ҸеҸҜзҲұиҺ·еҫ—гҖҗ100е…ғдә¬дёңеҚЎгҖ‘~ #дҫӣз”өеұҖзҰҸеҲ©зӨҫ# 10жңҲ31ж—ҘжҠҪеҮәпјҒ')
2026-06-05 18:11:11,640|line:587| ('at: ', 'иЈҷдёӢж„ҡиҮЈжғ…й»ҳй»ҳ', '\u200b//@д№қеҸ·е…¬еҸё:\u200bжҒӯе–ң@е°Ҹе°ҸShaun дёӯеҘ–пјҒеҗҺз»ӯи®°еҫ—жҹҘж”¶з§ҒдҝЎе“ҹпҪһ\u200b//@д№қеҸ·е…¬еҸё :#дә’еҠЁжҠҪеҘ–# и°ўи°ўзІ’зІ’зҡ„еӨҚе·ҘзӨјпјҒе°Ҹд№қд№ҹжқҘеҠ дёӘз Ғ~е…іжіЁгҖҗ@еҫ®зІ’иҙ·+@д№қеҸ·е…¬еҸё гҖ‘е№¶иҪ¬еҸ‘иҜҘеҠЁжҖҒпјҢжҠҪдёҖдҪҚе°ҸеҸҜзҲұиҺ·еҫ—гҖҗ100е…ғдә¬дёңеҚЎгҖ‘~ #дҫӣз”өеұҖзҰҸеҲ©зӨҫ# 10жңҲ31ж—ҘжҠҪеҮәпјҒ')
2026-06-05 18:11:11,640|line:587| ('at: ', 'жҲҠеӯҗжҜ•е®ҝ', '')
