2026-07-09 18:05:11,361|line:232| processing article 51328207
2026-07-09 18:05:14,502|line:507| ==================================================2026-07-10 02:05==================================================
2026-07-09 18:05:14,503|line:519| https://t.bilibili.com/1222378354230951938
2026-07-09 18:05:19,012|line:346| Expecting value: line 1 column 1 (char 0)
2026-07-09 18:05:19,012|line:347| error line:319
2026-07-09 18:05:19,014|line:533| *#*#*#*#*#*#*#*#*#*原动态处理失败*#*#*#*#*#*#*#*#*#
2026-07-09 18:05:19,014|line:519| https://t.bilibili.com/1222934019916693513
2026-07-09 18:05:22,483|line:346| Expecting value: line 1 column 1 (char 0)
2026-07-09 18:05:22,483|line:347| error line:319
2026-07-09 18:05:22,484|line:533| *#*#*#*#*#*#*#*#*#*原动态处理失败*#*#*#*#*#*#*#*#*#
2026-07-09 18:05:22,484|line:519| https://t.bilibili.com/1223023965140680723
2026-07-09 18:05:26,943|line:346| Expecting value: line 1 column 1 (char 0)
2026-07-09 18:05:26,943|line:347| error line:319
2026-07-09 18:05:26,944|line:533| *#*#*#*#*#*#*#*#*#*原动态处理失败*#*#*#*#*#*#*#*#*#
2026-07-09 18:05:26,944|line:519| https://t.bilibili.com/1213702795189813256
2026-07-09 18:05:30,303|line:346| Expecting value: line 1 column 1 (char 0)
2026-07-09 18:05:30,303|line:347| error line:319
2026-07-09 18:05:30,305|line:533| *#*#*#*#*#*#*#*#*#*原动态处理失败*#*#*#*#*#*#*#*#*#
2026-07-09 18:05:30,305|line:519| https://t.bilibili.com/1221843510541418497
2026-07-09 18:05:32,771|line:346| Expecting value: line 1 column 1 (char 0)
2026-07-09 18:05:32,771|line:347| error line:319
2026-07-09 18:05:32,772|line:533| *#*#*#*#*#*#*#*#*#*原动态处理失败*#*#*#*#*#*#*#*#*#
2026-07-09 18:05:32,772|line:519| https://t.bilibili.com/1222002686372610055
2026-07-09 18:05:34,117|line:346| Expecting value: line 1 column 1 (char 0)
2026-07-09 18:05:34,117|line:347| error line:319
2026-07-09 18:05:34,118|line:533| *#*#*#*#*#*#*#*#*#*原动态处理失败*#*#*#*#*#*#*#*#*#
2026-07-09 18:05:34,119|line:519| https://t.bilibili.com/1222742803689242625
2026-07-09 18:05:36,477|line:346| Expecting value: line 1 column 1 (char 0)
2026-07-09 18:05:36,477|line:347| error line:319
2026-07-09 18:05:36,478|line:533| *#*#*#*#*#*#*#*#*#*原动态处理失败*#*#*#*#*#*#*#*#*#
2026-07-09 18:05:36,479|line:519| https://t.bilibili.com/1222895232110034978
2026-07-09 18:05:37,990|line:346| Expecting value: line 1 column 1 (char 0)
2026-07-09 18:05:37,990|line:347| error line:319
2026-07-09 18:05:37,992|line:533| *#*#*#*#*#*#*#*#*#*原动态处理失败*#*#*#*#*#*#*#*#*#
2026-07-09 18:05:37,992|line:519| https://t.bilibili.com/1220831427285745752
2026-07-09 18:05:42,394|line:346| Expecting value: line 1 column 1 (char 0)
2026-07-09 18:05:42,394|line:347| error line:319
2026-07-09 18:05:42,395|line:533| *#*#*#*#*#*#*#*#*#*原动态处理失败*#*#*#*#*#*#*#*#*#
2026-07-09 18:05:42,395|line:519| https://t.bilibili.com/1223049893877121078
2026-07-09 18:05:43,741|line:346| Expecting value: line 1 column 1 (char 0)
2026-07-09 18:05:43,741|line:347| error line:319
2026-07-09 18:05:43,742|line:533| *#*#*#*#*#*#*#*#*#*原动态处理失败*#*#*#*#*#*#*#*#*#
2026-07-09 18:05:43,743|line:519| https://t.bilibili.com/1223037760571441168
2026-07-09 18:05:45,095|line:346| Expecting value: line 1 column 1 (char 0)
2026-07-09 18:05:45,095|line:347| error line:319
2026-07-09 18:05:45,096|line:533| *#*#*#*#*#*#*#*#*#*原动态处理失败*#*#*#*#*#*#*#*#*#
2026-07-09 18:05:45,096|line:519| https://t.bilibili.com/1219880923122630665
2026-07-09 18:05:49,440|line:346| Expecting value: line 1 column 1 (char 0)
2026-07-09 18:05:49,440|line:347| error line:319
2026-07-09 18:05:49,441|line:533| *#*#*#*#*#*#*#*#*#*原动态处理失败*#*#*#*#*#*#*#*#*#
2026-07-09 18:05:49,441|line:519| https://t.bilibili.com/1221802167223976002
2026-07-09 18:05:50,784|line:346| Expecting value: line 1 column 1 (char 0)
2026-07-09 18:05:50,784|line:347| error line:319
2026-07-09 18:05:50,785|line:533| *#*#*#*#*#*#*#*#*#*原动态处理失败*#*#*#*#*#*#*#*#*#
2026-07-09 18:05:50,786|line:519| https://t.bilibili.com/1217447658755457044
2026-07-09 18:05:54,318|line:346| Expecting value: line 1 column 1 (char 0)
2026-07-09 18:05:54,318|line:347| error line:319
2026-07-09 18:05:54,319|line:533| *#*#*#*#*#*#*#*#*#*原动态处理失败*#*#*#*#*#*#*#*#*#
2026-07-09 18:05:54,319|line:552| 执行结束
2026-07-09 18:05:54,319|line:556| 执行失败，错误数量为14
2026-07-09 18:05:54,319|line:558| ==================================================2026-07-10 02:05==================================================
2026-07-09 18:05:54,319|line:232| processing article 51320080
2026-07-09 18:05:58,021|line:507| ==================================================2026-07-10 02:05==================================================
2026-07-09 18:05:58,022|line:232| processing article 51308350
2026-07-09 18:06:02,804|line:507| ==================================================2026-07-10 02:06==================================================
2026-07-09 18:06:02,804|line:232| processing article 51308237
2026-07-09 18:06:07,017|line:507| ==================================================2026-07-10 02:06==================================================
2026-07-09 18:06:07,017|line:519| https://t.bilibili.com/1220313651792052304
2026-07-09 18:06:08,309|line:346| Expecting value: line 1 column 1 (char 0)
2026-07-09 18:06:08,310|line:347| error line:319
2026-07-09 18:06:08,310|line:533| *#*#*#*#*#*#*#*#*#*原动态处理失败*#*#*#*#*#*#*#*#*#
2026-07-09 18:06:08,311|line:519| https://t.bilibili.com/1222617656952094744
2026-07-09 18:06:09,652|line:346| Expecting value: line 1 column 1 (char 0)
2026-07-09 18:06:09,653|line:347| error line:319
2026-07-09 18:06:09,653|line:533| *#*#*#*#*#*#*#*#*#*原动态处理失败*#*#*#*#*#*#*#*#*#
2026-07-09 18:06:09,654|line:519| https://t.bilibili.com/1222588653036896281
2026-07-09 18:06:12,948|line:346| Expecting value: line 1 column 1 (char 0)
2026-07-09 18:06:12,948|line:347| error line:319
2026-07-09 18:06:12,949|line:533| *#*#*#*#*#*#*#*#*#*原动态处理失败*#*#*#*#*#*#*#*#*#
2026-07-09 18:06:12,949|line:519| https://t.bilibili.com/1221433899496767509
2026-07-09 18:06:17,288|line:346| Expecting value: line 1 column 1 (char 0)
2026-07-09 18:06:17,288|line:347| error line:319
2026-07-09 18:06:17,289|line:533| *#*#*#*#*#*#*#*#*#*原动态处理失败*#*#*#*#*#*#*#*#*#
2026-07-09 18:06:17,289|line:519| https://t.bilibili.com/1219532878301364226
2026-07-09 18:06:18,640|line:346| Expecting value: line 1 column 1 (char 0)
2026-07-09 18:06:18,640|line:347| error line:319
2026-07-09 18:06:18,641|line:533| *#*#*#*#*#*#*#*#*#*原动态处理失败*#*#*#*#*#*#*#*#*#
2026-07-09 18:06:18,641|line:519| https://t.bilibili.com/1221867046953811976
2026-07-09 18:06:21,946|line:346| Expecting value: line 1 column 1 (char 0)
2026-07-09 18:06:21,946|line:347| error line:319
2026-07-09 18:06:21,947|line:533| *#*#*#*#*#*#*#*#*#*原动态处理失败*#*#*#*#*#*#*#*#*#
2026-07-09 18:06:21,947|line:519| https://t.bilibili.com/1222911187899908096
2026-07-09 18:06:26,289|line:346| Expecting value: line 1 column 1 (char 0)
2026-07-09 18:06:26,289|line:347| error line:319
2026-07-09 18:06:26,290|line:533| *#*#*#*#*#*#*#*#*#*原动态处理失败*#*#*#*#*#*#*#*#*#
2026-07-09 18:06:26,291|line:519| https://t.bilibili.com/1221816121565380609
2026-07-09 18:06:30,647|line:346| Expecting value: line 1 column 1 (char 0)
2026-07-09 18:06:30,648|line:347| error line:319
2026-07-09 18:06:30,649|line:533| *#*#*#*#*#*#*#*#*#*原动态处理失败*#*#*#*#*#*#*#*#*#
2026-07-09 18:06:30,649|line:519| https://t.bilibili.com/1217447658755457044
2026-07-09 18:06:31,993|line:346| Expecting value: line 1 column 1 (char 0)
2026-07-09 18:06:31,993|line:347| error line:319
2026-07-09 18:06:31,994|line:533| *#*#*#*#*#*#*#*#*#*原动态处理失败*#*#*#*#*#*#*#*#*#
2026-07-09 18:06:31,994|line:519| https://t.bilibili.com/1222606172227371011
2026-07-09 18:06:36,358|line:346| Expecting value: line 1 column 1 (char 0)
2026-07-09 18:06:36,358|line:347| error line:319
2026-07-09 18:06:36,359|line:533| *#*#*#*#*#*#*#*#*#*原动态处理失败*#*#*#*#*#*#*#*#*#
2026-07-09 18:06:36,359|line:519| https://t.bilibili.com/1221853908697088008
2026-07-09 18:06:39,701|line:346| Expecting value: line 1 column 1 (char 0)
2026-07-09 18:06:39,701|line:347| error line:319
2026-07-09 18:06:39,702|line:533| *#*#*#*#*#*#*#*#*#*原动态处理失败*#*#*#*#*#*#*#*#*#
2026-07-09 18:06:39,703|line:519| https://t.bilibili.com/1222540257310801925
2026-07-09 18:06:43,052|line:346| Expecting value: line 1 column 1 (char 0)
2026-07-09 18:06:43,053|line:347| error line:319
2026-07-09 18:06:43,053|line:533| *#*#*#*#*#*#*#*#*#*原动态处理失败*#*#*#*#*#*#*#*#*#
2026-07-09 18:06:43,054|line:519| https://t.bilibili.com/1222630958432256023
2026-07-09 18:06:47,351|line:346| Expecting value: line 1 column 1 (char 0)
2026-07-09 18:06:47,351|line:347| error line:319
2026-07-09 18:06:47,352|line:533| *#*#*#*#*#*#*#*#*#*原动态处理失败*#*#*#*#*#*#*#*#*#
2026-07-09 18:06:47,352|line:519| https://t.bilibili.com/1222525113260310534
2026-07-09 18:06:49,761|line:346| Expecting value: line 1 column 1 (char 0)
2026-07-09 18:06:49,761|line:347| error line:319
2026-07-09 18:06:49,762|line:533| *#*#*#*#*#*#*#*#*#*原动态处理失败*#*#*#*#*#*#*#*#*#
2026-07-09 18:06:49,762|line:519| https://t.bilibili.com/1219880923122630665
2026-07-09 18:06:52,059|line:346| Expecting value: line 1 column 1 (char 0)
2026-07-09 18:06:52,059|line:347| error line:319
2026-07-09 18:06:52,060|line:533| *#*#*#*#*#*#*#*#*#*原动态处理失败*#*#*#*#*#*#*#*#*#
2026-07-09 18:06:52,060|line:519| https://t.bilibili.com/1219695124954480644
2026-07-09 18:06:53,352|line:346| Expecting value: line 1 column 1 (char 0)
2026-07-09 18:06:53,352|line:347| error line:319
2026-07-09 18:06:53,353|line:533| *#*#*#*#*#*#*#*#*#*原动态处理失败*#*#*#*#*#*#*#*#*#
2026-07-09 18:06:53,353|line:519| https://t.bilibili.com/1221495712683917317
2026-07-09 18:06:57,651|line:346| Expecting value: line 1 column 1 (char 0)
2026-07-09 18:06:57,651|line:347| error line:319
2026-07-09 18:06:57,652|line:533| *#*#*#*#*#*#*#*#*#*原动态处理失败*#*#*#*#*#*#*#*#*#
2026-07-09 18:06:57,653|line:519| https://t.bilibili.com/1222636533305049088
2026-07-09 18:06:59,999|line:346| Expecting value: line 1 column 1 (char 0)
2026-07-09 18:06:59,999|line:347| error line:319
2026-07-09 18:07:00,000|line:533| *#*#*#*#*#*#*#*#*#*原动态处理失败*#*#*#*#*#*#*#*#*#
2026-07-09 18:07:00,000|line:519| https://t.bilibili.com/1222605115635007492
2026-07-09 18:07:02,299|line:346| Expecting value: line 1 column 1 (char 0)
2026-07-09 18:07:02,299|line:347| error line:319
2026-07-09 18:07:02,300|line:533| *#*#*#*#*#*#*#*#*#*原动态处理失败*#*#*#*#*#*#*#*#*#
2026-07-09 18:07:02,301|line:519| https://t.bilibili.com/1222237999021948946
2026-07-09 18:07:06,598|line:346| Expecting value: line 1 column 1 (char 0)
2026-07-09 18:07:06,598|line:347| error line:319
2026-07-09 18:07:06,599|line:533| *#*#*#*#*#*#*#*#*#*原动态处理失败*#*#*#*#*#*#*#*#*#
2026-07-09 18:07:06,599|line:519| https://t.bilibili.com/1222602250902306822
2026-07-09 18:07:09,897|line:346| Expecting value: line 1 column 1 (char 0)
2026-07-09 18:07:09,897|line:347| error line:319
2026-07-09 18:07:09,898|line:533| *#*#*#*#*#*#*#*#*#*原动态处理失败*#*#*#*#*#*#*#*#*#
2026-07-09 18:07:09,898|line:519| https://t.bilibili.com/1221148571944878209
2026-07-09 18:07:12,247|line:346| Expecting value: line 1 column 1 (char 0)
2026-07-09 18:07:12,247|line:347| error line:319
2026-07-09 18:07:12,248|line:533| *#*#*#*#*#*#*#*#*#*原动态处理失败*#*#*#*#*#*#*#*#*#
2026-07-09 18:07:12,248|line:519| https://t.bilibili.com/1219557643088035849
2026-07-09 18:07:16,589|line:346| Expecting value: line 1 column 1 (char 0)
2026-07-09 18:07:16,589|line:347| error line:319
2026-07-09 18:07:16,590|line:533| *#*#*#*#*#*#*#*#*#*原动态处理失败*#*#*#*#*#*#*#*#*#
2026-07-09 18:07:16,591|line:519| https://t.bilibili.com/1218087230914953253
2026-07-09 18:07:19,875|line:346| Expecting value: line 1 column 1 (char 0)
2026-07-09 18:07:19,875|line:347| error line:319
2026-07-09 18:07:19,876|line:533| *#*#*#*#*#*#*#*#*#*原动态处理失败*#*#*#*#*#*#*#*#*#
2026-07-09 18:07:19,876|line:519| https://t.bilibili.com/1219669698791079972
2026-07-09 18:07:23,196|line:346| Expecting value: line 1 column 1 (char 0)
2026-07-09 18:07:23,196|line:347| error line:319
2026-07-09 18:07:23,197|line:533| *#*#*#*#*#*#*#*#*#*原动态处理失败*#*#*#*#*#*#*#*#*#
2026-07-09 18:07:23,198|line:519| https://t.bilibili.com/1222601593790136324
2026-07-09 18:07:24,494|line:346| Expecting value: line 1 column 1 (char 0)
2026-07-09 18:07:24,494|line:347| error line:319
2026-07-09 18:07:24,495|line:533| *#*#*#*#*#*#*#*#*#*原动态处理失败*#*#*#*#*#*#*#*#*#
2026-07-09 18:07:24,495|line:519| https://t.bilibili.com/1221055925235744768
2026-07-09 18:07:27,845|line:346| Expecting value: line 1 column 1 (char 0)
2026-07-09 18:07:27,846|line:347| error line:319
2026-07-09 18:07:27,847|line:533| *#*#*#*#*#*#*#*#*#*原动态处理失败*#*#*#*#*#*#*#*#*#
2026-07-09 18:07:27,847|line:519| https://t.bilibili.com/1222629476658053124
2026-07-09 18:07:29,144|line:346| Expecting value: line 1 column 1 (char 0)
2026-07-09 18:07:29,145|line:347| error line:319
2026-07-09 18:07:29,146|line:533| *#*#*#*#*#*#*#*#*#*原动态处理失败*#*#*#*#*#*#*#*#*#
2026-07-09 18:07:29,146|line:552| 执行结束
2026-07-09 18:07:29,146|line:556| 执行失败，错误数量为28
2026-07-09 18:07:29,146|line:558| ==================================================2026-07-10 02:07==================================================
2026-07-09 18:07:29,146|line:232| processing article 51292115
2026-07-09 18:07:33,814|line:507| ==================================================2026-07-10 02:07==================================================
2026-07-09 18:07:33,815|line:232| processing article 51286432
2026-07-09 18:07:37,487|line:507| ==================================================2026-07-10 02:07==================================================
2026-07-09 18:07:37,487|line:232| processing article 51274672
2026-07-09 18:07:41,168|line:507| ==================================================2026-07-10 02:07==================================================
2026-07-09 18:07:41,168|line:232| processing article 51274395
2026-07-09 18:07:46,353|line:507| ==================================================2026-07-10 02:07==================================================
2026-07-09 18:07:46,353|line:519| https://t.bilibili.com/1221905203498844176
2026-07-09 18:07:50,649|line:346| Expecting value: line 1 column 1 (char 0)
2026-07-09 18:07:50,649|line:347| error line:319
2026-07-09 18:07:50,650|line:533| *#*#*#*#*#*#*#*#*#*原动态处理失败*#*#*#*#*#*#*#*#*#
2026-07-09 18:07:50,650|line:519| https://t.bilibili.com/1221122175089508354
2026-07-09 18:07:52,993|line:346| Expecting value: line 1 column 1 (char 0)
2026-07-09 18:07:52,993|line:347| error line:319
2026-07-09 18:07:52,994|line:533| *#*#*#*#*#*#*#*#*#*原动态处理失败*#*#*#*#*#*#*#*#*#
2026-07-09 18:07:52,994|line:519| https://t.bilibili.com/1221457800992915461
2026-07-09 18:07:54,339|line:346| Expecting value: line 1 column 1 (char 0)
2026-07-09 18:07:54,339|line:347| error line:319
2026-07-09 18:07:54,340|line:533| *#*#*#*#*#*#*#*#*#*原动态处理失败*#*#*#*#*#*#*#*#*#
2026-07-09 18:07:54,341|line:519| https://t.bilibili.com/1215881666458812424
2026-07-09 18:07:58,690|line:346| Expecting value: line 1 column 1 (char 0)
2026-07-09 18:07:58,690|line:347| error line:319
2026-07-09 18:07:58,691|line:533| *#*#*#*#*#*#*#*#*#*原动态处理失败*#*#*#*#*#*#*#*#*#
2026-07-09 18:07:58,691|line:519| https://t.bilibili.com/1218171962046545929
2026-07-09 18:08:00,984|line:346| Expecting value: line 1 column 1 (char 0)
2026-07-09 18:08:00,984|line:347| error line:319
2026-07-09 18:08:00,985|line:533| *#*#*#*#*#*#*#*#*#*原动态处理失败*#*#*#*#*#*#*#*#*#
2026-07-09 18:08:00,985|line:519| https://t.bilibili.com/1220777486801961015
2026-07-09 18:08:05,276|line:346| Expecting value: line 1 column 1 (char 0)
2026-07-09 18:08:05,276|line:347| error line:319
2026-07-09 18:08:05,277|line:533| *#*#*#*#*#*#*#*#*#*原动态处理失败*#*#*#*#*#*#*#*#*#
2026-07-09 18:08:05,277|line:519| https://t.bilibili.com/1221794844289007616
2026-07-09 18:08:09,617|line:346| Expecting value: line 1 column 1 (char 0)
2026-07-09 18:08:09,618|line:347| error line:319
2026-07-09 18:08:09,619|line:533| *#*#*#*#*#*#*#*#*#*原动态处理失败*#*#*#*#*#*#*#*#*#
2026-07-09 18:08:09,619|line:519| https://t.bilibili.com/1221867046953811976
2026-07-09 18:08:11,961|line:346| Expecting value: line 1 column 1 (char 0)
2026-07-09 18:08:11,961|line:347| error line:319
2026-07-09 18:08:11,962|line:533| *#*#*#*#*#*#*#*#*#*原动态处理失败*#*#*#*#*#*#*#*#*#
2026-07-09 18:08:11,962|line:519| https://t.bilibili.com/1221447102279712805
2026-07-09 18:08:16,308|line:346| Expecting value: line 1 column 1 (char 0)
2026-07-09 18:08:16,308|line:347| error line:319
2026-07-09 18:08:16,309|line:533| *#*#*#*#*#*#*#*#*#*原动态处理失败*#*#*#*#*#*#*#*#*#
2026-07-09 18:08:16,310|line:519| https://t.bilibili.com/1220701324166823940
2026-07-09 18:08:17,659|line:346| Expecting value: line 1 column 1 (char 0)
2026-07-09 18:08:17,659|line:347| error line:319
2026-07-09 18:08:17,660|line:533| *#*#*#*#*#*#*#*#*#*原动态处理失败*#*#*#*#*#*#*#*#*#
2026-07-09 18:08:17,661|line:519| https://t.bilibili.com/1217447658755457044
2026-07-09 18:08:19,953|line:346| Expecting value: line 1 column 1 (char 0)
2026-07-09 18:08:19,953|line:347| error line:319
2026-07-09 18:08:19,954|line:533| *#*#*#*#*#*#*#*#*#*原动态处理失败*#*#*#*#*#*#*#*#*#
2026-07-09 18:08:19,954|line:519| https://t.bilibili.com/1221875344859988019
2026-07-09 18:08:24,264|line:346| Expecting value: line 1 column 1 (char 0)
2026-07-09 18:08:24,264|line:347| error line:319
2026-07-09 18:08:24,265|line:533| *#*#*#*#*#*#*#*#*#*原动态处理失败*#*#*#*#*#*#*#*#*#
2026-07-09 18:08:24,265|line:519| https://t.bilibili.com/1221799508605665344
2026-07-09 18:08:26,627|line:346| Expecting value: line 1 column 1 (char 0)
2026-07-09 18:08:26,627|line:347| error line:319
2026-07-09 18:08:26,628|line:533| *#*#*#*#*#*#*#*#*#*原动态处理失败*#*#*#*#*#*#*#*#*#
2026-07-09 18:08:26,628|line:519| https://t.bilibili.com/1222266328596873222
2026-07-09 18:08:30,989|line:346| Expecting value: line 1 column 1 (char 0)
2026-07-09 18:08:30,989|line:347| error line:319
2026-07-09 18:08:30,990|line:533| *#*#*#*#*#*#*#*#*#*原动态处理失败*#*#*#*#*#*#*#*#*#
2026-07-09 18:08:30,991|line:519| https://t.bilibili.com/1221971590803095573
2026-07-09 18:08:33,342|line:346| Expecting value: line 1 column 1 (char 0)
2026-07-09 18:08:33,342|line:347| error line:319
2026-07-09 18:08:33,343|line:533| *#*#*#*#*#*#*#*#*#*原动态处理失败*#*#*#*#*#*#*#*#*#
2026-07-09 18:08:33,343|line:519| https://t.bilibili.com/1211133013163769865
2026-07-09 18:08:34,700|line:346| Expecting value: line 1 column 1 (char 0)
2026-07-09 18:08:34,701|line:347| error line:319
2026-07-09 18:08:34,702|line:533| *#*#*#*#*#*#*#*#*#*原动态处理失败*#*#*#*#*#*#*#*#*#
2026-07-09 18:08:34,702|line:519| https://t.bilibili.com/1218060129713258496
2026-07-09 18:08:37,064|line:346| Expecting value: line 1 column 1 (char 0)
2026-07-09 18:08:37,064|line:347| error line:319
2026-07-09 18:08:37,065|line:533| *#*#*#*#*#*#*#*#*#*原动态处理失败*#*#*#*#*#*#*#*#*#
2026-07-09 18:08:37,066|line:519| https://t.bilibili.com/1219200340419674137
2026-07-09 18:08:40,360|line:346| Expecting value: line 1 column 1 (char 0)
2026-07-09 18:08:40,360|line:347| error line:319
2026-07-09 18:08:40,361|line:533| *#*#*#*#*#*#*#*#*#*原动态处理失败*#*#*#*#*#*#*#*#*#
2026-07-09 18:08:40,361|line:519| https://t.bilibili.com/1219880923122630665
2026-07-09 18:08:44,659|line:346| Expecting value: line 1 column 1 (char 0)
2026-07-09 18:08:44,660|line:347| error line:319
2026-07-09 18:08:44,660|line:533| *#*#*#*#*#*#*#*#*#*原动态处理失败*#*#*#*#*#*#*#*#*#
2026-07-09 18:08:44,661|line:519| https://t.bilibili.com/1219169567004164135
2026-07-09 18:08:48,005|line:346| Expecting value: line 1 column 1 (char 0)
2026-07-09 18:08:48,005|line:347| error line:319
2026-07-09 18:08:48,006|line:533| *#*#*#*#*#*#*#*#*#*原动态处理失败*#*#*#*#*#*#*#*#*#
2026-07-09 18:08:48,006|line:519| https://t.bilibili.com/1221495712683917317
2026-07-09 18:08:51,587|line:346| Expecting value: line 1 column 1 (char 0)
2026-07-09 18:08:51,588|line:347| error line:319
2026-07-09 18:08:51,588|line:533| *#*#*#*#*#*#*#*#*#*原动态处理失败*#*#*#*#*#*#*#*#*#
2026-07-09 18:08:51,589|line:519| https://t.bilibili.com/1221891300687609896
2026-07-09 18:08:52,902|line:346| Expecting value: line 1 column 1 (char 0)
2026-07-09 18:08:52,902|line:347| error line:319
2026-07-09 18:08:52,903|line:533| *#*#*#*#*#*#*#*#*#*原动态处理失败*#*#*#*#*#*#*#*#*#
2026-07-09 18:08:52,904|line:519| https://t.bilibili.com/1221476986669498372
2026-07-09 18:08:55,213|line:346| Expecting value: line 1 column 1 (char 0)
2026-07-09 18:08:55,213|line:347| error line:319
2026-07-09 18:08:55,214|line:533| *#*#*#*#*#*#*#*#*#*原动态处理失败*#*#*#*#*#*#*#*#*#
2026-07-09 18:08:55,214|line:519| https://t.bilibili.com/1222543049031155729
2026-07-09 18:08:56,505|line:346| Expecting value: line 1 column 1 (char 0)
2026-07-09 18:08:56,505|line:347| error line:319
2026-07-09 18:08:56,506|line:533| *#*#*#*#*#*#*#*#*#*原动态处理失败*#*#*#*#*#*#*#*#*#
2026-07-09 18:08:56,507|line:519| https://t.bilibili.com/1218101451554816005
2026-07-09 18:08:59,825|line:346| Expecting value: line 1 column 1 (char 0)
2026-07-09 18:08:59,825|line:347| error line:319
2026-07-09 18:08:59,827|line:533| *#*#*#*#*#*#*#*#*#*原动态处理失败*#*#*#*#*#*#*#*#*#
2026-07-09 18:08:59,827|line:519| https://t.bilibili.com/1222237999021948946
2026-07-09 18:09:01,119|line:346| Expecting value: line 1 column 1 (char 0)
2026-07-09 18:09:01,119|line:347| error line:319
2026-07-09 18:09:01,120|line:533| *#*#*#*#*#*#*#*#*#*原动态处理失败*#*#*#*#*#*#*#*#*#
2026-07-09 18:09:01,120|line:519| https://t.bilibili.com/1222245343402393603
2026-07-09 18:09:05,486|line:346| Expecting value: line 1 column 1 (char 0)
2026-07-09 18:09:05,486|line:347| error line:319
2026-07-09 18:09:05,487|line:533| *#*#*#*#*#*#*#*#*#*原动态处理失败*#*#*#*#*#*#*#*#*#
2026-07-09 18:09:05,487|line:519| https://t.bilibili.com/1222332617125265415
2026-07-09 18:09:07,831|line:346| Expecting value: line 1 column 1 (char 0)
2026-07-09 18:09:07,831|line:347| error line:319
2026-07-09 18:09:07,832|line:533| *#*#*#*#*#*#*#*#*#*原动态处理失败*#*#*#*#*#*#*#*#*#
2026-07-09 18:09:07,832|line:519| https://t.bilibili.com/1220719113901441026
2026-07-09 18:09:10,179|line:346| Expecting value: line 1 column 1 (char 0)
2026-07-09 18:09:10,180|line:347| error line:319
2026-07-09 18:09:10,181|line:533| *#*#*#*#*#*#*#*#*#*原动态处理失败*#*#*#*#*#*#*#*#*#
2026-07-09 18:09:10,181|line:519| https://t.bilibili.com/1218087205166121017
2026-07-09 18:09:12,532|line:346| Expecting value: line 1 column 1 (char 0)
2026-07-09 18:09:12,532|line:347| error line:319
2026-07-09 18:09:12,533|line:533| *#*#*#*#*#*#*#*#*#*原动态处理失败*#*#*#*#*#*#*#*#*#
2026-07-09 18:09:12,534|line:519| https://t.bilibili.com/1221917186440822808
2026-07-09 18:09:14,829|line:346| Expecting value: line 1 column 1 (char 0)
2026-07-09 18:09:14,829|line:347| error line:319
2026-07-09 18:09:14,830|line:533| *#*#*#*#*#*#*#*#*#*原动态处理失败*#*#*#*#*#*#*#*#*#
2026-07-09 18:09:14,831|line:519| https://t.bilibili.com/1220750484352008217
2026-07-09 18:09:17,121|line:346| Expecting value: line 1 column 1 (char 0)
2026-07-09 18:09:17,122|line:347| error line:319
2026-07-09 18:09:17,123|line:533| *#*#*#*#*#*#*#*#*#*原动态处理失败*#*#*#*#*#*#*#*#*#
2026-07-09 18:09:17,123|line:519| https://t.bilibili.com/1221123132882944002
2026-07-09 18:09:18,473|line:346| Expecting value: line 1 column 1 (char 0)
2026-07-09 18:09:18,474|line:347| error line:319
2026-07-09 18:09:18,475|line:533| *#*#*#*#*#*#*#*#*#*原动态处理失败*#*#*#*#*#*#*#*#*#
2026-07-09 18:09:18,475|line:519| https://t.bilibili.com/1221844137628663830
2026-07-09 18:09:20,869|line:346| Expecting value: line 1 column 1 (char 0)
2026-07-09 18:09:20,869|line:347| error line:319
2026-07-09 18:09:20,870|line:533| *#*#*#*#*#*#*#*#*#*原动态处理失败*#*#*#*#*#*#*#*#*#
2026-07-09 18:09:20,870|line:519| https://t.bilibili.com/1221901144704417798
2026-07-09 18:09:25,236|line:346| Expecting value: line 1 column 1 (char 0)
2026-07-09 18:09:25,236|line:347| error line:319
2026-07-09 18:09:25,237|line:533| *#*#*#*#*#*#*#*#*#*原动态处理失败*#*#*#*#*#*#*#*#*#
2026-07-09 18:09:25,237|line:519| https://t.bilibili.com/1215860376311169048
2026-07-09 18:09:26,600|line:346| Expecting value: line 1 column 1 (char 0)
2026-07-09 18:09:26,601|line:347| error line:319
2026-07-09 18:09:26,602|line:533| *#*#*#*#*#*#*#*#*#*原动态处理失败*#*#*#*#*#*#*#*#*#
2026-07-09 18:09:26,602|line:519| https://t.bilibili.com/1221059829380939811
2026-07-09 18:09:30,012|line:346| Expecting value: line 1 column 1 (char 0)
2026-07-09 18:09:30,012|line:347| error line:319
2026-07-09 18:09:30,013|line:533| *#*#*#*#*#*#*#*#*#*原动态处理失败*#*#*#*#*#*#*#*#*#
2026-07-09 18:09:30,014|line:519| https://t.bilibili.com/1222153663003230249
2026-07-09 18:09:31,380|line:346| Expecting value: line 1 column 1 (char 0)
2026-07-09 18:09:31,380|line:347| error line:319
2026-07-09 18:09:31,381|line:533| *#*#*#*#*#*#*#*#*#*原动态处理失败*#*#*#*#*#*#*#*#*#
2026-07-09 18:09:31,381|line:519| https://t.bilibili.com/1221880636281716776
2026-07-09 18:09:35,863|line:346| Expecting value: line 1 column 1 (char 0)
2026-07-09 18:09:35,863|line:347| error line:319
2026-07-09 18:09:35,864|line:533| *#*#*#*#*#*#*#*#*#*原动态处理失败*#*#*#*#*#*#*#*#*#
2026-07-09 18:09:35,864|line:519| https://t.bilibili.com/1221040605071671331
2026-07-09 18:09:37,181|line:346| Expecting value: line 1 column 1 (char 0)
2026-07-09 18:09:37,181|line:347| error line:319
2026-07-09 18:09:37,182|line:533| *#*#*#*#*#*#*#*#*#*原动态处理失败*#*#*#*#*#*#*#*#*#
2026-07-09 18:09:37,183|line:552| 执行结束
2026-07-09 18:09:37,183|line:556| 执行失败，错误数量为40
2026-07-09 18:09:37,183|line:558| ==================================================2026-07-10 02:09==================================================
2026-07-09 18:09:44,370|line:578| ('reply: ', '榄菊官方', '[给心心]')
2026-07-09 18:09:44,371|line:578| ('reply: ', '吓死我啦芙莱', '并不是')
2026-07-09 18:09:44,371|line:578| ('reply: ', '花生十三-公考行测', '68')
2026-07-09 18:09:44,371|line:578| ('reply: ', '三鹿七茸猫尾巴', '[夏诺雅表情包_？？？]')
2026-07-09 18:09:44,371|line:578| ('reply: ', '小闪闪bling', 'hhh腾子买库洛让我感觉他自己有点不太想出大世界了')
2026-07-09 18:09:44,371|line:578| ('reply: ', '不修车的丸山彩', '不是，这……')
2026-07-09 18:09:44,371|line:578| ('reply: ', '好像都是一个人', '你在说什么')
2026-07-09 18:09:44,372|line:578| ('reply: ', '目标咨询', '太宠粉了啊')
2026-07-09 18:09:44,372|line:578| ('reply: ', '数玩工场', '祝你成功')
2026-07-09 18:09:44,372|line:578| ('reply: ', '益家有小佰', '恭喜宝子，获得小电视月度会员1份和克刻冰冰猴喉糖随机口味1份～记得私信小佰提供信息哦~')
2026-07-09 18:09:44,372|line:578| ('reply: ', '圆环之理-Madoka', '是的')
2026-07-09 18:09:44,372|line:578| ('reply: ', '兰的三姨', '这就是银河巨星的实力！')
2026-07-09 18:09:44,372|line:578| ('reply: ', '花园百合铃音', '有男不玩，我只吃麻辣火锅，xxn滚[吃瓜]')
2026-07-09 18:09:44,372|line:578| ('reply: ', '是绝赞的阿鬼', '[tv_难过]')
2026-07-09 18:09:44,372|line:578| ('reply: ', '桃稚不幼稚', '还行')
2026-07-09 18:09:44,372|line:578| ('reply: ', '陌罔子吖', '佬，这个报名有啥条件不。最近太非了，想下次报来抽[脱单doge][脱单doge][脱单doge]')
2026-07-09 18:09:44,373|line:578| ('reply: ', '太二酸菜鱼', '恭喜成为本期欧皇[打call]获得【肥龙联名显眼包】1份，在收到本信息的两天内回复哥的私信哦~逾期哥就自己收啦！[脱单doge]')
2026-07-09 18:09:44,373|line:578| ('reply: ', '得一想二的松鼠', '中奖分我一半')
2026-07-09 18:09:44,373|line:578| ('reply: ', '佑凉Uriyoo', '谢谢！！！[UP_24967030_感恩]')
2026-07-09 18:09:44,373|line:578| ('reply: ', '岛莓祁', '好耶')
2026-07-09 18:09:46,758|line:587| ('at: ', '电脑报', '恭喜@小小Shaun UID：1090970340，@-叶晓吖  UID：22437099  获得 【电竞大礼包】1份， 请在三日内私信我')
2026-07-09 18:09:46,759|line:587| ('at: ', '联想拯救者官方', '是我喜欢的奖品名单 直接开奖 上 趁现在没人偷摸开个奖 恭喜这些小伙伴 【拯救者7.1声卡H7游戏耳机】获奖名单 @泪水打湿猪脚饭o @xoomoon @小小Shaun @T山海连云T @超超超超薄脆饼干 @BerboomC 【拯救者C140氮化镓适配器】获奖名单 @改个天凉好个秋 @夜猫子牙不好 @LLL好久不见 @林殇倾慕婉 @今天也要拥抱微风 @洳不及我万一 @胜利の天平 【白金独角兽电竞鼠标】获奖名单 @底片上的诗旅人 【拯救者C170氮化镓适配器】获奖名单 @麦當劳无限好 @無名丶の辈 @任性的提莫 @广东有暖风 由于B站私信规则修改 我会私信中奖的小伙伴一条消息，还请注意查收并回复我您的收货地址与联系方式，奖品基本会在私信您信息后的三十个工作日内发货')
2026-07-09 18:09:46,759|line:587| ('at: ', 'Apexgaming艾湃电竞', '恭喜 @小小Shaun 获得饮料一份，三天内联系我，过时不候！')
2026-07-09 18:09:46,759|line:587| ('at: ', '梦_水晶花', '1 @浪子游2fans6@被_____打下来的飞机@拉斯特臣后面一个点@专心致志的学生@猫猫头OmMeow@小小Shaun@龐門左道@啦啦痴痴腻@bili_66938050009@日月星辰668')
2026-07-09 18:09:46,759|line:587| ('at: ', 'iKF蓝牙耳机', '恭喜@小小Shaun 宝子成为苏泊尔福利动态幸运儿！\n注意：即日起72小时内回复信息确认领奖哦！逾期将自动视为放弃中奖资格。\n没有中奖的宝子们不要气馁，参与一下下置顶视频iKF Mars，增加欧气值，说不定下个幸运儿就是你！\n链接：\nhttps://www.bilibili.com/video/BV1Soo6YLEHZ/?spm_id_from=333.1387.list.card_archive.click&vd_source=21fb0967ccc75e6b3b2447ade2c740dd\n还没参与抽奖的宝子们，赶紧点击上方链接参与吧！还有特别福利惊喜等你哦~')
2026-07-09 18:09:46,759|line:587| ('at: ', 'wellymerck威利默克', '恭喜@小小Shaun\xa0 获得《我是你的小狗3 永远等你回家》1本，请于5天内联系威宝，凭关注+互动截图领取奖品，逾期作废~')
2026-07-09 18:09:46,759|line:587| ('at: ', '宁美NINGMEI', '恭喜@小小Shaun   中奖，请在12月1日24点前私信我：1. 奖品+中奖信息a. 实物奖：姓名电话地址，给文字！省市区路清晰，提交不清晰不发奖，信息错误致无法签收，概不负责；\n\nb. 现金红包给到支付宝实名+账号；\n\nc. 京东卡/猫超卡 等购物卡给到姓名+电话；2. 宁美和品牌方关注截图+转发截图！\n\n必须关注品牌方，否则奖品不予发放；如遇无法私信图片的情况，等待我回复后即可发送图片。PS： \n\n因后台收信有时会出问题，以回复“已登记”为准，没有回复即表示私信未收到。\n\n过期视为自动放弃，不会补发；奖品30个工作日内发送，勿催哦~\n\n不发全，不回复。其他小伙伴请继续努力！')
2026-07-09 18:09:46,760|line:587| ('at: ', '爱玛电动车官方账号', '#一“玛”当先榜# 快来看看10月都是谁和爱玛酱互动最多呀~ 💕恭喜@小小Shaun 和@甘瑞凯拉莎 排行第一！这两位小玛达将会获得【爱玛随机周边×1】，请5天内私信爱玛酱领奖哟~[鼓掌] 以后也请继续单推我无敌可爱美少女爱玛酱呀嘿嘿！(●´З｀●)')
2026-07-09 18:09:46,760|line:587| ('at: ', '爱玛电动车官方账号', '')
2026-07-09 18:09:46,760|line:587| ('at: ', '海露滴眼液', '互动榜出炉啦')
2026-07-09 18:09:46,760|line:587| ('at: ', '和蔼可亲桃白白', '\u200b//@九号公司:\u200b恭喜@小小Shaun 中奖！后续记得查收私信哟～\u200b//@九号公司:#互动抽奖# 谢谢粒粒的复工礼！小九也来加个码~关注【@微粒贷+@九号公司 】并转发该动态，抽一位小可爱获得【100元京东卡】~ #供电局福利社# 10月31日抽出！')
2026-07-09 18:09:46,760|line:587| ('at: ', '望大家身体健康快乐', '\u200b//@九号公司:\u200b恭喜@小小Shaun 中奖！后续记得查收私信哟～\u200b//@九号公司 :#互动抽奖# 谢谢粒粒的复工礼！小九也来加个码~关注【@微粒贷+@九号公司 】并转发该动态，抽一位小可爱获得【100元京东卡】~ #供电局福利社# 10月31日抽出！')
2026-07-09 18:09:46,760|line:587| ('at: ', 'MoMA_Reona', '//@九号公司:\u200b恭喜@小小Shaun 中奖！后续记得查收私信哟～\u200b//@九号公司:#互动抽奖# 谢谢粒粒的复工礼！小九也来加个码~关注【@微粒贷+@九号公司 】并转发该动态，抽一位小可爱获得【100元京东卡】~ #供电局福利社# 10月31日抽出！')
2026-07-09 18:09:46,760|line:587| ('at: ', '摸鱼二队', '\u200b//@九号公司:\u200b恭喜@小小Shaun 中奖！后续记得查收私信哟～\u200b//@九号公司 :#互动抽奖# 谢谢粒粒的复工礼！小九也来加个码~关注【@微粒贷+@九号公司 】并转发该动态，抽一位小可爱获得【100元京东卡】~ #供电局福利社# 10月31日抽出！')
2026-07-09 18:09:46,760|line:587| ('at: ', '文少嘅一些事一些情', '\u200b//@九号公司:\u200b恭喜@小小Shaun 中奖！后续记得查收私信哟～\u200b//@九号公司 :#互动抽奖# 谢谢粒粒的复工礼！小九也来加个码~关注【@微粒贷+@九号公司 】并转发该动态，抽一位小可爱获得【100元京东卡】~ #供电局福利社# 10月31日抽出！')
2026-07-09 18:09:46,761|line:587| ('at: ', 'Carry队友的嘟嘟酱丶', '\u200b//@九号公司:\u200b恭喜@小小Shaun 中奖！后续记得查收私信哟～\u200b//@九号公司 :#互动抽奖# 谢谢粒粒的复工礼！小九也来加个码~关注【@微粒贷+@九号公司 】并转发该动态，抽一位小可爱获得【100元京东卡】~ #供电局福利社# 10月31日抽出！')
2026-07-09 18:09:46,761|line:587| ('at: ', '蛤蟆zero', '//@九号公司:\u200b恭喜@小小Shaun 中奖！后续记得查收私信哟～\u200b//@九号公司:#互动抽奖# 谢谢粒粒的复工礼！小九也来加个码~关注【@微粒贷+@九号公司 】并转发该动态，抽一位小可爱获得【100元京东卡】~ #供电局福利社# 10月31日抽出！c冲冲冲')
2026-07-09 18:09:46,761|line:587| ('at: ', '木而各子要吃笃栗子', '\u200b//@九号公司:\u200b恭喜@小小Shaun 中奖！后续记得查收私信哟～\u200b//@九号公司 :#互动抽奖# 谢谢粒粒的复工礼！小九也来加个码~关注【@微粒贷+@九号公司 】并转发该动态，抽一位小可爱获得【100元京东卡】~ #供电局福利社# 10月31日抽出！')
2026-07-09 18:09:46,761|line:587| ('at: ', '裙下愚臣情默默', '\u200b//@九号公司:\u200b恭喜@小小Shaun 中奖！后续记得查收私信哟～\u200b//@九号公司 :#互动抽奖# 谢谢粒粒的复工礼！小九也来加个码~关注【@微粒贷+@九号公司 】并转发该动态，抽一位小可爱获得【100元京东卡】~ #供电局福利社# 10月31日抽出！')
2026-07-09 18:09:46,761|line:587| ('at: ', '戊子毕宿', '')
