2026-04-26 16:57:08,582|line:232| processing article 48215914
2026-04-26 16:57:12,049|line:507| ==================================================2026-04-27 00:57==================================================
2026-04-26 16:57:12,049|line:519| https://t.bilibili.com/1190224777399238709
2026-04-26 16:57:15,463|line:341| =========此为源动态=========
2026-04-26 16:57:19,942|line:362| *********子动态开始*********
2026-04-26 16:57:19,943|line:381| *********子动态结束*********
2026-04-26 16:57:19,943|line:537| -=-=-=-=处理回最初的动态-=-=-=-=
2026-04-26 16:57:29,349|line:475| 转发成功 1195651245235240969
2026-04-26 16:57:32,776|line:494| 评论发送成功
2026-04-26 16:57:37,290|line:424| 651298625 === 已经关注了
2026-04-26 16:57:40,685|line:503| 动态-点赞 OK
2026-04-26 16:57:44,686|line:519| https://t.bilibili.com/1194530911578750997
2026-04-26 16:57:44,686|line:521| 已有
2026-04-26 16:57:44,686|line:519| https://t.bilibili.com/1191022254042906646
2026-04-26 16:57:46,036|line:341| =========此为源动态=========
2026-04-26 16:57:49,594|line:362| *********子动态开始*********
2026-04-26 16:57:49,594|line:381| *********子动态结束*********
2026-04-26 16:57:49,594|line:537| -=-=-=-=处理回最初的动态-=-=-=-=
2026-04-26 16:57:56,001|line:475| 转发成功 1195651356849864760
2026-04-26 16:57:59,507|line:494| 评论发送成功
2026-04-26 16:58:02,905|line:424| 107956072 === 已经关注了
2026-04-26 16:58:06,309|line:503| 动态-点赞 OK
2026-04-26 16:58:09,309|line:519| https://t.bilibili.com/1191824979089424388
2026-04-26 16:58:12,609|line:341| =========此为源动态=========
2026-04-26 16:58:17,204|line:362| *********子动态开始*********
2026-04-26 16:58:17,204|line:381| *********子动态结束*********
2026-04-26 16:58:17,204|line:537| -=-=-=-=处理回最初的动态-=-=-=-=
2026-04-26 16:58:28,408|line:475| 转发成功 1195651498642505731
2026-04-26 16:58:31,952|line:494| 评论发送成功
2026-04-26 16:58:34,316|line:424| 472780637 === 已经关注了
2026-04-26 16:58:37,640|line:503| 动态-点赞 OK
2026-04-26 16:58:41,640|line:519| https://t.bilibili.com/1176241562153123847
2026-04-26 16:58:42,991|line:526| 官方 或 预约 OUT！
2026-04-26 16:58:42,991|line:519| https://t.bilibili.com/1194122898262982665
2026-04-26 16:58:44,341|line:526| 官方 或 预约 OUT！
2026-04-26 16:58:44,342|line:519| https://t.bilibili.com/1194801492377206788
2026-04-26 16:58:48,699|line:341| =========此为源动态=========
2026-04-26 16:58:51,252|line:362| *********子动态开始*********
2026-04-26 16:58:51,253|line:381| *********子动态结束*********
2026-04-26 16:58:51,253|line:537| -=-=-=-=处理回最初的动态-=-=-=-=
2026-04-26 16:59:01,603|line:475| 转发成功 1195651640359649287
2026-04-26 16:59:05,054|line:494| 评论发送成功
2026-04-26 16:59:08,547|line:424| 3546813611117108 === 已经关注了
2026-04-26 16:59:11,863|line:503| 动态-点赞 OK
2026-04-26 16:59:15,863|line:519| https://t.bilibili.com/1185563896055857171
2026-04-26 16:59:20,172|line:526| 官方 或 预约 OUT！
2026-04-26 16:59:20,173|line:519| https://t.bilibili.com/1189915537599102999
2026-04-26 16:59:20,173|line:521| 已有
2026-04-26 16:59:20,173|line:519| https://t.bilibili.com/1189853722279149577
2026-04-26 16:59:20,173|line:521| 已有
2026-04-26 16:59:20,173|line:519| https://t.bilibili.com/1192080203240701976
2026-04-26 16:59:23,524|line:341| =========此为源动态=========
2026-04-26 16:59:28,096|line:362| *********子动态开始*********
2026-04-26 16:59:28,097|line:381| *********子动态结束*********
2026-04-26 16:59:28,097|line:537| -=-=-=-=处理回最初的动态-=-=-=-=
2026-04-26 16:59:39,490|line:475| 转发成功 1195651803532754968
2026-04-26 16:59:42,870|line:548| 'NoneType' object is not subscriptable
2026-04-26 16:59:42,870|line:549| error line:541
2026-04-26 16:59:44,870|line:519| https://t.bilibili.com/1186988837329436697
2026-04-26 16:59:44,871|line:521| 已有
2026-04-26 16:59:44,871|line:519| https://t.bilibili.com/1192451284103331846
2026-04-26 16:59:46,221|line:341| =========此为源动态=========
2026-04-26 16:59:47,697|line:362| *********子动态开始*********
2026-04-26 16:59:47,697|line:381| *********子动态结束*********
2026-04-26 16:59:47,698|line:537| -=-=-=-=处理回最初的动态-=-=-=-=
2026-04-26 17:00:00,000|line:475| 转发成功 1195651889455169553
2026-04-26 17:00:03,320|line:548| 'NoneType' object is not subscriptable
2026-04-26 17:00:03,321|line:549| error line:541
2026-04-26 17:00:04,321|line:519| https://t.bilibili.com/1192080203210293289
2026-04-26 17:00:05,675|line:341| =========此为源动态=========
2026-04-26 17:00:08,080|line:362| *********子动态开始*********
2026-04-26 17:00:08,080|line:381| *********子动态结束*********
2026-04-26 17:00:08,080|line:537| -=-=-=-=处理回最初的动态-=-=-=-=
2026-04-26 17:00:17,453|line:475| 转发成功 1195651966792892425
2026-04-26 17:00:20,940|line:494| 评论发送成功
2026-04-26 17:00:23,415|line:424| 651298625 === 已经关注了
2026-04-26 17:00:26,791|line:503| 动态-点赞 OK
2026-04-26 17:00:27,792|line:519| https://t.bilibili.com/1190966947745890355
2026-04-26 17:00:31,215|line:341| =========此为源动态=========
2026-04-26 17:00:33,782|line:362| *********子动态开始*********
2026-04-26 17:00:33,782|line:381| *********子动态结束*********
2026-04-26 17:00:33,783|line:537| -=-=-=-=处理回最初的动态-=-=-=-=
2026-04-26 17:00:41,216|line:475| 转发成功 1195652065525760009
2026-04-26 17:00:44,685|line:494| 评论发送成功
2026-04-26 17:00:47,112|line:424| 651298625 === 已经关注了
2026-04-26 17:00:50,490|line:503| 动态-点赞 OK
2026-04-26 17:00:51,491|line:519| https://t.bilibili.com/1193030447553052676
2026-04-26 17:00:51,491|line:521| 已有
2026-04-26 17:00:51,491|line:519| https://t.bilibili.com/1179613863065157635
2026-04-26 17:00:54,903|line:526| 官方 或 预约 OUT！
2026-04-26 17:00:54,903|line:519| https://t.bilibili.com/1194797626898251779
2026-04-26 17:00:58,196|line:341| =========此为源动态=========
2026-04-26 17:01:00,762|line:362| *********子动态开始*********
2026-04-26 17:01:00,763|line:381| *********子动态结束*********
2026-04-26 17:01:00,763|line:537| -=-=-=-=处理回最初的动态-=-=-=-=
2026-04-26 17:01:12,292|line:475| 转发成功 1195652202980442112
2026-04-26 17:01:15,850|line:494| 评论发送成功
2026-04-26 17:01:20,344|line:424| 3546813611117108 === 已经关注了
2026-04-26 17:01:23,719|line:503| 动态-点赞 OK
2026-04-26 17:01:25,720|line:519| https://t.bilibili.com/1194790353386864692
2026-04-26 17:01:29,129|line:341| =========此为源动态=========
2026-04-26 17:01:32,886|line:362| *********子动态开始*********
2026-04-26 17:01:32,887|line:381| *********子动态结束*********
2026-04-26 17:01:32,887|line:537| -=-=-=-=处理回最初的动态-=-=-=-=
2026-04-26 17:01:41,332|line:475| 转发成功 1195652327573291015
2026-04-26 17:01:44,947|line:494| 评论发送成功
2026-04-26 17:01:48,370|line:424| 1800086054 === 已经关注了
2026-04-26 17:01:51,743|line:503| 动态-点赞 OK
2026-04-26 17:01:55,743|line:519| https://t.bilibili.com/1192247913127870500
2026-04-26 17:01:58,112|line:526| 官方 或 预约 OUT！
2026-04-26 17:01:58,113|line:519| https://t.bilibili.com/1178439198159405058
2026-04-26 17:02:02,419|line:526| 官方 或 预约 OUT！
2026-04-26 17:02:02,420|line:519| https://t.bilibili.com/1194306714297434151
2026-04-26 17:02:04,833|line:341| =========此为源动态=========
2026-04-26 17:02:09,173|line:362| *********子动态开始*********
2026-04-26 17:02:09,173|line:381| *********子动态结束*********
2026-04-26 17:02:09,174|line:537| -=-=-=-=处理回最初的动态-=-=-=-=
2026-04-26 17:02:17,465|line:475| 转发成功 1195652482141782025
2026-04-26 17:02:20,947|line:494| 评论发送成功
2026-04-26 17:02:22,327|line:424| 651298625 === 已经关注了
2026-04-26 17:02:25,651|line:503| 动态-点赞 OK
2026-04-26 17:02:29,652|line:519| https://t.bilibili.com/1194009395185319942
2026-04-26 17:02:30,998|line:341| =========此为源动态=========
2026-04-26 17:02:32,394|line:362| *********子动态开始*********
2026-04-26 17:02:32,394|line:381| *********子动态结束*********
2026-04-26 17:02:32,394|line:537| -=-=-=-=处理回最初的动态-=-=-=-=
2026-04-26 17:02:44,773|line:475| 转发成功 1195652598139453448
2026-04-26 17:02:48,201|line:494| 评论发送成功
2026-04-26 17:02:49,624|line:424| 436170053 === 已经关注了
2026-04-26 17:02:52,944|line:503| 动态-点赞 OK
2026-04-26 17:02:53,945|line:519| https://t.bilibili.com/1194793761440268305
2026-04-26 17:02:56,242|line:341| =========此为源动态=========
2026-04-26 17:02:59,771|line:362| *********子动态开始*********
2026-04-26 17:02:59,772|line:381| *********子动态结束*********
2026-04-26 17:02:59,772|line:537| -=-=-=-=处理回最初的动态-=-=-=-=
2026-04-26 17:03:07,980|line:475| 转发成功 1195652696893292546
2026-04-26 17:03:11,445|line:494| 评论发送成功
2026-04-26 17:03:12,871|line:424| 3546813611117108 === 已经关注了
2026-04-26 17:03:16,246|line:503| 动态-点赞 OK
2026-04-26 17:03:18,247|line:519| https://t.bilibili.com/1189482602749231128
2026-04-26 17:03:18,247|line:521| 已有
2026-04-26 17:03:18,247|line:519| https://t.bilibili.com/1188078088305508359
2026-04-26 17:03:20,610|line:526| 官方 或 预约 OUT！
2026-04-26 17:03:20,611|line:519| https://t.bilibili.com/1193379417991151640
2026-04-26 17:03:23,962|line:341| =========此为源动态=========
2026-04-26 17:03:26,360|line:362| *********子动态开始*********
2026-04-26 17:03:26,360|line:381| *********子动态结束*********
2026-04-26 17:03:26,360|line:537| -=-=-=-=处理回最初的动态-=-=-=-=
2026-04-26 17:03:35,632|line:475| 转发成功 1195652817167056899
2026-04-26 17:03:39,120|line:494| 评论发送成功
2026-04-26 17:03:46,957|line:436| 关注 ==== 3493263761738359 0
2026-04-26 17:03:50,283|line:503| 动态-点赞 OK
2026-04-26 17:03:53,284|line:519| https://t.bilibili.com/1186132094461411334
2026-04-26 17:03:56,635|line:526| 官方 或 预约 OUT！
2026-04-26 17:03:56,635|line:519| https://t.bilibili.com/1185881577564930051
2026-04-26 17:04:00,947|line:341| =========此为源动态=========
2026-04-26 17:04:02,331|line:362| *********子动态开始*********
2026-04-26 17:04:02,332|line:381| *********子动态结束*********
2026-04-26 17:04:02,332|line:537| -=-=-=-=处理回最初的动态-=-=-=-=
2026-04-26 17:04:10,714|line:475| 转发成功 1195652967477280775
2026-04-26 17:04:14,176|line:494| 评论发送成功
2026-04-26 17:04:18,592|line:424| 384891268 === 已经关注了
2026-04-26 17:04:21,972|line:503| 动态-点赞 OK
2026-04-26 17:04:25,973|line:519| https://t.bilibili.com/1188740436697546838
2026-04-26 17:04:29,323|line:341| =========此为源动态=========
2026-04-26 17:04:31,911|line:362| *********子动态开始*********
2026-04-26 17:04:31,911|line:381| *********子动态结束*********
2026-04-26 17:04:31,912|line:537| -=-=-=-=处理回最初的动态-=-=-=-=
2026-04-26 17:04:40,303|line:475| 转发成功 1195653096320008215
2026-04-26 17:04:43,739|line:548| 'NoneType' object is not subscriptable
2026-04-26 17:04:43,740|line:549| error line:541
2026-04-26 17:04:45,740|line:519| https://t.bilibili.com/1193357569473642504
2026-04-26 17:04:50,051|line:526| 官方 或 预约 OUT！
2026-04-26 17:04:50,051|line:519| https://t.bilibili.com/1195285962561683456
2026-04-26 17:04:52,410|line:341| =========此为源动态=========
2026-04-26 17:04:57,023|line:362| *********子动态开始*********
2026-04-26 17:04:57,023|line:381| *********子动态结束*********
2026-04-26 17:04:57,024|line:537| -=-=-=-=处理回最初的动态-=-=-=-=
2026-04-26 17:05:05,498|line:475| 转发成功 1195653203738230802
2026-04-26 17:05:08,810|line:548| 'NoneType' object is not subscriptable
2026-04-26 17:05:08,810|line:549| error line:541
2026-04-26 17:05:09,810|line:519| https://t.bilibili.com/1180539273907011585
2026-04-26 17:05:13,148|line:526| 官方 或 预约 OUT！
2026-04-26 17:05:13,148|line:519| https://t.bilibili.com/1184496961743487009
2026-04-26 17:05:16,516|line:526| 官方 或 预约 OUT！
2026-04-26 17:05:16,516|line:519| https://t.bilibili.com/1193728169290498065
2026-04-26 17:05:20,861|line:341| =========此为源动态=========
2026-04-26 17:05:24,420|line:362| *********子动态开始*********
2026-04-26 17:05:24,421|line:381| *********子动态结束*********
2026-04-26 17:05:24,421|line:537| -=-=-=-=处理回最初的动态-=-=-=-=
2026-04-26 17:05:33,775|line:475| 转发成功 1195653324002557952
2026-04-26 17:05:37,228|line:494| 评论发送成功
2026-04-26 17:05:39,664|line:424| 386837540 === 已经关注了
2026-04-26 17:05:43,099|line:503| 动态-点赞 OK
2026-04-26 17:05:47,099|line:519| https://t.bilibili.com/1194684018584453144
2026-04-26 17:05:49,399|line:526| 官方 或 预约 OUT！
2026-04-26 17:05:49,399|line:519| https://t.bilibili.com/1195139478385066001
2026-04-26 17:05:51,749|line:526| 官方 或 预约 OUT！
2026-04-26 17:05:51,750|line:519| https://t.bilibili.com/1189111521840463908
2026-04-26 17:05:53,056|line:341| =========此为源动态=========
2026-04-26 17:05:56,644|line:362| *********子动态开始*********
2026-04-26 17:05:56,645|line:381| *********子动态结束*********
2026-04-26 17:05:56,645|line:537| -=-=-=-=处理回最初的动态-=-=-=-=
2026-04-26 17:06:05,138|line:475| 转发成功 1195653461443608585
2026-04-26 17:06:08,596|line:494| 评论发送成功
2026-04-26 17:06:10,001|line:424| 651298625 === 已经关注了
2026-04-26 17:06:13,375|line:503| 动态-点赞 OK
2026-04-26 17:06:14,375|line:519| https://t.bilibili.com/1194887870626660352
2026-04-26 17:06:18,717|line:341| =========此为源动态=========
2026-04-26 17:06:21,256|line:362| *********子动态开始*********
2026-04-26 17:06:21,257|line:381| *********子动态结束*********
2026-04-26 17:06:21,257|line:537| -=-=-=-=处理回最初的动态-=-=-=-=
2026-04-26 17:06:32,854|line:475| 转发成功 1195653577404579880
2026-04-26 17:06:36,363|line:494| 评论发送成功
2026-04-26 17:06:39,791|line:424| 873668 === 已经关注了
2026-04-26 17:06:43,169|line:503| 动态-点赞 OK
2026-04-26 17:06:45,169|line:519| https://t.bilibili.com/1185781663745966085
2026-04-26 17:06:46,598|line:341| =========此为源动态=========
2026-04-26 17:06:48,158|line:362| *********子动态开始*********
2026-04-26 17:06:48,158|line:381| *********子动态结束*********
2026-04-26 17:06:48,158|line:537| -=-=-=-=处理回最初的动态-=-=-=-=
2026-04-26 17:06:56,595|line:475| 转发成功 1195653680427171841
2026-04-26 17:07:00,061|line:494| 评论发送成功
2026-04-26 17:07:04,858|line:436| 关注 ==== 521041866 0
2026-04-26 17:07:08,217|line:503| 动态-点赞 OK
2026-04-26 17:07:11,218|line:519| https://t.bilibili.com/1194801494538322033
2026-04-26 17:07:14,707|line:526| 官方 或 预约 OUT！
2026-04-26 17:07:14,708|line:519| https://t.bilibili.com/1186600482127216658
2026-04-26 17:07:18,058|line:526| 官方 或 预约 OUT！
2026-04-26 17:07:18,059|line:519| https://t.bilibili.com/1194677803787747377
2026-04-26 17:07:22,411|line:341| =========此为源动态=========
2026-04-26 17:07:24,757|line:362| *********子动态开始*********
2026-04-26 17:07:24,758|line:381| *********子动态结束*********
2026-04-26 17:07:24,758|line:537| -=-=-=-=处理回最初的动态-=-=-=-=
2026-04-26 17:07:35,205|line:475| 转发成功 1195653847989616643
2026-04-26 17:07:38,680|line:494| 评论发送成功
2026-04-26 17:07:40,101|line:424| 651298625 === 已经关注了
2026-04-26 17:07:43,482|line:503| 动态-点赞 OK
2026-04-26 17:07:47,482|line:519| https://t.bilibili.com/1186288182115696642
2026-04-26 17:07:50,852|line:526| 官方 或 预约 OUT！
2026-04-26 17:07:50,852|line:519| https://t.bilibili.com/1188893444866572294
2026-04-26 17:07:52,208|line:526| 官方 或 预约 OUT！
2026-04-26 17:07:52,208|line:519| https://t.bilibili.com/1192822377854009351
2026-04-26 17:07:54,558|line:341| =========此为源动态=========
2026-04-26 17:07:59,005|line:362| *********子动态开始*********
2026-04-26 17:07:59,006|line:381| *********子动态结束*********
2026-04-26 17:07:59,006|line:537| -=-=-=-=处理回最初的动态-=-=-=-=
2026-04-26 17:08:06,400|line:475| 转发成功 1195653981126262793
2026-04-26 17:08:09,903|line:494| 评论发送成功
2026-04-26 17:08:12,338|line:424| 651298625 === 已经关注了
2026-04-26 17:08:15,669|line:503| 动态-点赞 OK
2026-04-26 17:08:16,670|line:519| https://t.bilibili.com/1193185216722632723
2026-04-26 17:08:16,670|line:521| 已有
2026-04-26 17:08:16,670|line:519| https://t.bilibili.com/1187330020976099349
2026-04-26 17:08:20,148|line:341| =========此为源动态=========
2026-04-26 17:08:22,499|line:362| *********子动态开始*********
2026-04-26 17:08:22,499|line:381| *********子动态结束*********
2026-04-26 17:08:22,499|line:537| -=-=-=-=处理回最初的动态-=-=-=-=
2026-04-26 17:08:31,783|line:475| 转发成功 1195654088497299496
2026-04-26 17:08:35,363|line:494| 评论发送成功
2026-04-26 17:08:42,200|line:436| 关注 ==== 2237204 0
2026-04-26 17:08:45,526|line:503| 动态-点赞 OK
2026-04-26 17:08:49,526|line:519| https://t.bilibili.com/1186166376843182096
2026-04-26 17:08:49,527|line:521| 已有
2026-04-26 17:08:49,527|line:519| https://t.bilibili.com/1193935633437950114
2026-04-26 17:08:50,911|line:341| =========此为源动态=========
2026-04-26 17:08:55,310|line:362| *********子动态开始*********
2026-04-26 17:08:55,311|line:381| *********子动态结束*********
2026-04-26 17:08:55,311|line:537| -=-=-=-=处理回最初的动态-=-=-=-=
2026-04-26 17:09:01,645|line:475| 转发成功 1195654217326395400
2026-04-26 17:09:05,150|line:494| 评论发送成功
2026-04-26 17:09:09,602|line:424| 651298625 === 已经关注了
2026-04-26 17:09:12,976|line:503| 动态-点赞 OK
2026-04-26 17:09:15,976|line:519| https://t.bilibili.com/1191709122361294856
2026-04-26 17:09:18,400|line:341| =========此为源动态=========
2026-04-26 17:09:22,840|line:362| *********子动态开始*********
2026-04-26 17:09:22,840|line:381| *********子动态结束*********
2026-04-26 17:09:22,840|line:537| -=-=-=-=处理回最初的动态-=-=-=-=
2026-04-26 17:09:31,062|line:475| 转发成功 1195654341905612836
2026-04-26 17:09:34,507|line:494| 评论发送成功
2026-04-26 17:09:39,013|line:424| 651298625 === 已经关注了
2026-04-26 17:09:42,327|line:503| 动态-点赞 OK
2026-04-26 17:09:43,328|line:519| https://t.bilibili.com/1191373762755297300
2026-04-26 17:09:45,631|line:526| 官方 或 预约 OUT！
2026-04-26 17:09:45,631|line:519| https://t.bilibili.com/1195158990426734595
2026-04-26 17:09:47,978|line:341| =========此为源动态=========
2026-04-26 17:09:50,363|line:362| *********子动态开始*********
2026-04-26 17:09:50,364|line:381| *********子动态结束*********
2026-04-26 17:09:50,364|line:537| -=-=-=-=处理回最初的动态-=-=-=-=
2026-04-26 17:09:56,515|line:475| 转发成功 1195654453562179584
2026-04-26 17:09:59,982|line:494| 评论发送成功
2026-04-26 17:10:05,777|line:436| 关注 ==== 39984966 0
2026-04-26 17:10:09,154|line:503| 动态-点赞 OK
2026-04-26 17:10:13,154|line:519| https://t.bilibili.com/1193564548204855363
2026-04-26 17:10:17,599|line:341| =========此为源动态=========
2026-04-26 17:10:18,957|line:362| *********子动态开始*********
2026-04-26 17:10:18,957|line:381| *********子动态结束*********
2026-04-26 17:10:18,957|line:537| -=-=-=-=处理回最初的动态-=-=-=-=
2026-04-26 17:10:28,214|line:475| 转发成功 1195654591016861703
2026-04-26 17:10:31,690|line:494| 评论发送成功
2026-04-26 17:10:34,120|line:424| 651298625 === 已经关注了
2026-04-26 17:10:37,437|line:503| 动态-点赞 OK
2026-04-26 17:10:41,438|line:519| https://t.bilibili.com/1194899415462051857
2026-04-26 17:10:43,793|line:341| =========此为源动态=========
2026-04-26 17:10:45,349|line:362| *********子动态开始*********
2026-04-26 17:10:45,349|line:381| *********子动态结束*********
2026-04-26 17:10:45,349|line:537| -=-=-=-=处理回最初的动态-=-=-=-=
2026-04-26 17:10:53,683|line:475| 转发成功 1195654698359586822
2026-04-26 17:10:57,193|line:494| 评论发送成功
2026-04-26 17:10:58,604|line:424| 100680137 === 已经关注了
2026-04-26 17:11:01,977|line:503| 动态-点赞 OK
2026-04-26 17:11:02,977|line:519| https://t.bilibili.com/1188505205585477680
2026-04-26 17:11:02,978|line:521| 已有
2026-04-26 17:11:02,978|line:519| https://t.bilibili.com/1192142048600260613
2026-04-26 17:11:07,330|line:341| =========此为源动态=========
2026-04-26 17:11:08,867|line:362| *********子动态开始*********
2026-04-26 17:11:08,868|line:381| *********子动态结束*********
2026-04-26 17:11:08,868|line:537| -=-=-=-=处理回最初的动态-=-=-=-=
2026-04-26 17:11:20,175|line:475| 转发成功 1195654814350966784
2026-04-26 17:11:23,667|line:494| 评论发送成功
2026-04-26 17:11:27,099|line:424| 65521332 === 已经关注了
2026-04-26 17:11:30,489|line:503| 动态-点赞 OK
2026-04-26 17:11:34,489|line:519| https://t.bilibili.com/1188373603540795400
2026-04-26 17:11:34,490|line:521| 已有
2026-04-26 17:11:34,490|line:519| https://t.bilibili.com/1183558180688363538
2026-04-26 17:11:34,490|line:521| 已有
2026-04-26 17:11:34,490|line:552| 执行结束
2026-04-26 17:11:34,490|line:558| ==================================================2026-04-27 01:11==================================================
2026-04-26 17:11:34,490|line:232| processing article 48213821
2026-04-26 17:11:38,402|line:507| ==================================================2026-04-27 01:11==================================================
2026-04-26 17:11:38,403|line:232| processing article 48206985
2026-04-26 17:11:41,745|line:507| ==================================================2026-04-27 01:11==================================================
2026-04-26 17:11:41,745|line:519| https://t.bilibili.com/1186203644296429591
2026-04-26 17:11:46,172|line:526| 官方 或 预约 OUT！
2026-04-26 17:11:46,172|line:519| https://t.bilibili.com/1192946176018612247
2026-04-26 17:11:47,522|line:526| 官方 或 预约 OUT！
2026-04-26 17:11:47,523|line:519| https://t.bilibili.com/1186596599468392485
2026-04-26 17:11:51,948|line:526| 官方 或 预约 OUT！
2026-04-26 17:11:51,948|line:519| https://t.bilibili.com/1178458379453988869
2026-04-26 17:11:56,301|line:526| 官方 或 预约 OUT！
2026-04-26 17:11:56,301|line:519| https://t.bilibili.com/1185911182809104388
2026-04-26 17:12:00,675|line:526| 官方 或 预约 OUT！
2026-04-26 17:12:00,676|line:519| https://t.bilibili.com/1176241562153123847
2026-04-26 17:12:05,046|line:526| 官方 或 预约 OUT！
2026-04-26 17:12:05,046|line:519| https://t.bilibili.com/1164705533383409669
2026-04-26 17:12:06,386|line:526| 官方 或 预约 OUT！
2026-04-26 17:12:06,386|line:519| https://t.bilibili.com/1185563896055857171
2026-04-26 17:12:07,749|line:526| 官方 或 预约 OUT！
2026-04-26 17:12:07,749|line:519| https://t.bilibili.com/1185966789721325571
2026-04-26 17:12:10,104|line:526| 官方 或 预约 OUT！
2026-04-26 17:12:10,104|line:519| https://t.bilibili.com/1180572066034745353
2026-04-26 17:12:14,451|line:526| 官方 或 预约 OUT！
2026-04-26 17:12:14,452|line:519| https://t.bilibili.com/1184040269286211601
2026-04-26 17:12:16,834|line:526| 官方 或 预约 OUT！
2026-04-26 17:12:16,834|line:519| https://t.bilibili.com/1190959259731361793
2026-04-26 17:12:18,137|line:526| 官方 或 预约 OUT！
2026-04-26 17:12:18,137|line:519| https://t.bilibili.com/1186174013333831712
2026-04-26 17:12:21,436|line:526| 官方 或 预约 OUT！
2026-04-26 17:12:21,437|line:519| https://t.bilibili.com/1186988837329436697
2026-04-26 17:12:21,437|line:521| 已有
2026-04-26 17:12:21,437|line:519| https://t.bilibili.com/1179212030223056921
2026-04-26 17:12:24,786|line:526| 官方 或 预约 OUT！
2026-04-26 17:12:24,787|line:519| https://t.bilibili.com/1179229648221896726
2026-04-26 17:12:26,128|line:526| 官方 或 预约 OUT！
2026-04-26 17:12:26,129|line:519| https://t.bilibili.com/1188819455502712834
2026-04-26 17:12:27,432|line:526| 官方 或 预约 OUT！
2026-04-26 17:12:27,432|line:519| https://t.bilibili.com/1194093271561797681
2026-04-26 17:12:29,730|line:526| 官方 或 预约 OUT！
2026-04-26 17:12:29,730|line:519| https://t.bilibili.com/1191368969570746377
2026-04-26 17:12:33,085|line:526| 官方 或 预约 OUT！
2026-04-26 17:12:33,086|line:519| https://t.bilibili.com/1173224119983931447
2026-04-26 17:12:36,471|line:526| 官方 或 预约 OUT！
2026-04-26 17:12:36,471|line:519| https://t.bilibili.com/1187081260718096388
2026-04-26 17:12:37,845|line:526| 官方 或 预约 OUT！
2026-04-26 17:12:37,845|line:519| https://t.bilibili.com/1186942979982491650
2026-04-26 17:12:40,146|line:526| 官方 或 预约 OUT！
2026-04-26 17:12:40,146|line:519| https://t.bilibili.com/1193642003674431493
2026-04-26 17:12:43,570|line:526| 官方 或 预约 OUT！
2026-04-26 17:12:43,570|line:519| https://t.bilibili.com/1186561612662702083
2026-04-26 17:12:44,928|line:526| 官方 或 预约 OUT！
2026-04-26 17:12:44,929|line:519| https://t.bilibili.com/1189142213653692420
2026-04-26 17:12:46,314|line:526| 官方 或 预约 OUT！
2026-04-26 17:12:46,315|line:519| https://t.bilibili.com/1188053757280124961
2026-04-26 17:12:48,615|line:526| 官方 或 预约 OUT！
2026-04-26 17:12:48,616|line:519| https://t.bilibili.com/1179919647562006547
2026-04-26 17:12:49,919|line:526| 官方 或 预约 OUT！
2026-04-26 17:12:49,919|line:519| https://t.bilibili.com/1193030447553052676
2026-04-26 17:12:49,919|line:521| 已有
2026-04-26 17:12:49,919|line:519| https://t.bilibili.com/1186154084660412416
2026-04-26 17:12:53,219|line:526| 官方 或 预约 OUT！
2026-04-26 17:12:53,219|line:519| https://t.bilibili.com/1186225578729013266
2026-04-26 17:12:56,524|line:526| 官方 或 预约 OUT！
2026-04-26 17:12:56,524|line:519| https://t.bilibili.com/1186323778851831808
2026-04-26 17:12:58,874|line:526| 官方 或 预约 OUT！
2026-04-26 17:12:58,874|line:519| https://t.bilibili.com/1185989454308835350
2026-04-26 17:13:02,228|line:526| 官方 或 预约 OUT！
2026-04-26 17:13:02,228|line:519| https://t.bilibili.com/1192242716193325076
2026-04-26 17:13:05,581|line:526| 官方 或 预约 OUT！
2026-04-26 17:13:05,581|line:519| https://t.bilibili.com/1178439198159405058
2026-04-26 17:13:09,938|line:526| 官方 或 预约 OUT！
2026-04-26 17:13:09,938|line:519| https://t.bilibili.com/1195226610400231444
2026-04-26 17:13:12,298|line:526| 官方 或 预约 OUT！
2026-04-26 17:13:12,298|line:519| https://t.bilibili.com/1192592025917063176
2026-04-26 17:13:16,639|line:526| 官方 或 预约 OUT！
2026-04-26 17:13:16,640|line:519| https://t.bilibili.com/1185420654607859715
2026-04-26 17:13:20,976|line:526| 官方 或 预约 OUT！
2026-04-26 17:13:20,976|line:519| https://t.bilibili.com/1191864492778061840
2026-04-26 17:13:23,538|line:526| 官方 或 预约 OUT！
2026-04-26 17:13:23,539|line:519| https://t.bilibili.com/1194828896388775953
2026-04-26 17:13:25,960|line:526| 官方 或 预约 OUT！
2026-04-26 17:13:25,960|line:519| https://t.bilibili.com/1191748309656535040
2026-04-26 17:13:28,264|line:526| 官方 或 预约 OUT！
2026-04-26 17:13:28,264|line:519| https://t.bilibili.com/1186132094461411334
2026-04-26 17:13:31,680|line:526| 官方 或 预约 OUT！
2026-04-26 17:13:31,680|line:519| https://t.bilibili.com/1186225939507314713
2026-04-26 17:13:33,047|line:526| 官方 或 预约 OUT！
2026-04-26 17:13:33,048|line:519| https://t.bilibili.com/1186566242601795604
2026-04-26 17:13:34,359|line:526| 官方 或 预约 OUT！
2026-04-26 17:13:34,359|line:519| https://t.bilibili.com/1185841041683513378
2026-04-26 17:13:38,718|line:526| 官方 或 预约 OUT！
2026-04-26 17:13:38,719|line:519| https://t.bilibili.com/1194470455649501209
2026-04-26 17:13:42,127|line:526| 官方 或 预约 OUT！
2026-04-26 17:13:42,127|line:519| https://t.bilibili.com/1195139478385066001
2026-04-26 17:13:44,501|line:526| 官方 或 预约 OUT！
2026-04-26 17:13:44,501|line:519| https://t.bilibili.com/1193635015755300867
2026-04-26 17:13:48,918|line:526| 官方 或 预约 OUT！
2026-04-26 17:13:48,918|line:519| https://t.bilibili.com/1193807175202373654
2026-04-26 17:13:53,308|line:526| 官方 或 预约 OUT！
2026-04-26 17:13:53,308|line:519| https://t.bilibili.com/1174385303026139140
2026-04-26 17:13:54,765|line:526| 官方 或 预约 OUT！
2026-04-26 17:13:54,765|line:519| https://t.bilibili.com/1186507040783073285
2026-04-26 17:13:59,203|line:526| 官方 或 预约 OUT！
2026-04-26 17:13:59,204|line:519| https://t.bilibili.com/1186166376843182096
2026-04-26 17:13:59,204|line:521| 已有
2026-04-26 17:13:59,204|line:519| https://t.bilibili.com/1194740342799204361
2026-04-26 17:14:03,574|line:526| 官方 或 预约 OUT！
2026-04-26 17:14:03,574|line:519| https://t.bilibili.com/1185928701983850531
2026-04-26 17:14:07,926|line:526| 官方 或 预约 OUT！
2026-04-26 17:14:07,927|line:519| https://t.bilibili.com/1184432056211341318
2026-04-26 17:14:09,244|line:526| 官方 或 预约 OUT！
2026-04-26 17:14:09,245|line:519| https://t.bilibili.com/1192982013212098614
2026-04-26 17:14:13,594|line:526| 官方 或 预约 OUT！
2026-04-26 17:14:13,594|line:519| https://t.bilibili.com/1188505205585477680
2026-04-26 17:14:13,594|line:521| 已有
2026-04-26 17:14:13,594|line:519| https://t.bilibili.com/1190709400017305608
2026-04-26 17:14:17,954|line:526| 官方 或 预约 OUT！
2026-04-26 17:14:17,955|line:519| https://t.bilibili.com/1185890687206293509
2026-04-26 17:14:20,303|line:526| 官方 或 预约 OUT！
2026-04-26 17:14:20,304|line:552| 执行结束
2026-04-26 17:14:20,304|line:558| ==================================================2026-04-27 01:14==================================================
2026-04-26 17:14:20,304|line:232| processing article 48206927
2026-04-26 17:14:24,984|line:507| ==================================================2026-04-27 01:14==================================================
2026-04-26 17:14:24,984|line:232| processing article 48187149
2026-04-26 17:14:27,345|line:507| ==================================================2026-04-27 01:14==================================================
2026-04-26 17:14:27,345|line:519| https://t.bilibili.com/1191152488188739587
2026-04-26 17:14:27,346|line:521| 已有
2026-04-26 17:14:27,346|line:519| https://t.bilibili.com/1186241817990922241
2026-04-26 17:14:27,346|line:521| 已有
2026-04-26 17:14:27,346|line:519| https://t.bilibili.com/1194001960570716192
2026-04-26 17:14:30,701|line:341| =========此为源动态=========
2026-04-26 17:14:35,073|line:362| *********子动态开始*********
2026-04-26 17:14:35,073|line:381| *********子动态结束*********
2026-04-26 17:14:35,074|line:537| -=-=-=-=处理回最初的动态-=-=-=-=
2026-04-26 17:14:45,491|line:475| 转发成功 1195655694780465172
2026-04-26 17:14:48,989|line:494| 评论发送成功
2026-04-26 17:14:52,425|line:424| 432158620 === 已经关注了
2026-04-26 17:14:55,806|line:503| 动态-点赞 OK
2026-04-26 17:14:59,806|line:519| https://t.bilibili.com/1189499834165362729
2026-04-26 17:15:02,156|line:341| =========此为源动态=========
2026-04-26 17:15:03,682|line:362| *********子动态开始*********
2026-04-26 17:15:03,682|line:381| *********子动态结束*********
2026-04-26 17:15:03,683|line:537| -=-=-=-=处理回最初的动态-=-=-=-=
2026-04-26 17:15:11,058|line:475| 转发成功 1195655802194493460
2026-04-26 17:15:14,548|line:494| 评论发送成功
2026-04-26 17:15:17,975|line:424| 2124109995 === 已经关注了
2026-04-26 17:15:21,357|line:503| 动态-点赞 OK
2026-04-26 17:15:25,357|line:519| https://t.bilibili.com/1194161961001025561
2026-04-26 17:15:25,358|line:521| 已有
2026-04-26 17:15:25,358|line:519| https://t.bilibili.com/1183633351190249573
2026-04-26 17:15:29,697|line:526| 官方 或 预约 OUT！
2026-04-26 17:15:29,697|line:519| https://t.bilibili.com/1194451040230965264
2026-04-26 17:15:31,048|line:526| 官方 或 预约 OUT！
2026-04-26 17:15:31,048|line:519| https://t.bilibili.com/1192175542923689993
2026-04-26 17:15:32,408|line:341| =========此为源动态=========
2026-04-26 17:15:33,941|line:362| *********子动态开始*********
2026-04-26 17:15:33,942|line:381| *********子动态结束*********
2026-04-26 17:15:33,942|line:537| -=-=-=-=处理回最初的动态-=-=-=-=
2026-04-26 17:15:43,250|line:475| 转发成功 1195655943922122755
2026-04-26 17:15:46,705|line:494| 评论发送成功
2026-04-26 17:15:50,130|line:424| 620617977 === 已经关注了
2026-04-26 17:15:53,504|line:503| 动态-点赞 OK
2026-04-26 17:15:56,505|line:519| https://t.bilibili.com/1191468475359428610
2026-04-26 17:16:00,857|line:526| 官方 或 预约 OUT！
2026-04-26 17:16:00,857|line:519| https://t.bilibili.com/1175858085963497497
2026-04-26 17:16:03,156|line:526| 官方 或 预约 OUT！
2026-04-26 17:16:03,156|line:519| https://t.bilibili.com/1186237192302755846
2026-04-26 17:16:03,157|line:521| 已有
2026-04-26 17:16:03,157|line:519| https://t.bilibili.com/1192141866105045009
2026-04-26 17:16:06,505|line:341| =========此为源动态=========
2026-04-26 17:16:11,063|line:362| *********子动态开始*********
2026-04-26 17:16:11,063|line:381| *********子动态结束*********
2026-04-26 17:16:11,063|line:537| -=-=-=-=处理回最初的动态-=-=-=-=
2026-04-26 17:16:22,558|line:475| 转发成功 1195656111416410129
2026-04-26 17:16:26,043|line:494| 评论发送成功
2026-04-26 17:16:28,484|line:424| 2124109995 === 已经关注了
2026-04-26 17:16:32,081|line:503| 动态-点赞 OK
2026-04-26 17:16:35,082|line:519| https://t.bilibili.com/1194033910818799624
2026-04-26 17:16:37,504|line:341| =========此为源动态=========
2026-04-26 17:16:42,019|line:362| *********子动态开始*********
2026-04-26 17:16:42,020|line:381| *********子动态结束*********
2026-04-26 17:16:42,020|line:537| -=-=-=-=处理回最初的动态-=-=-=-=
2026-04-26 17:16:53,899|line:475| 转发成功 1195656244561444885
2026-04-26 17:16:57,352|line:548| 'NoneType' object is not subscriptable
2026-04-26 17:16:57,353|line:549| error line:541
2026-04-26 17:16:59,353|line:519| https://t.bilibili.com/1192111122709217321
2026-04-26 17:17:00,739|line:341| =========此为源动态=========
2026-04-26 17:17:03,128|line:362| *********子动态开始*********
2026-04-26 17:17:03,129|line:381| *********子动态结束*********
2026-04-26 17:17:03,129|line:537| -=-=-=-=处理回最初的动态-=-=-=-=
2026-04-26 17:17:15,522|line:475| 转发成功 1195656339064356868
2026-04-26 17:17:18,999|line:494| 评论发送成功
2026-04-26 17:17:22,438|line:424| 651298625 === 已经关注了
2026-04-26 17:17:25,790|line:503| 动态-点赞 OK
2026-04-26 17:17:27,791|line:519| https://t.bilibili.com/1192223066751500288
2026-04-26 17:17:31,086|line:341| =========此为源动态=========
2026-04-26 17:17:32,714|line:362| *********子动态开始*********
2026-04-26 17:17:32,714|line:381| *********子动态结束*********
2026-04-26 17:17:32,715|line:537| -=-=-=-=处理回最初的动态-=-=-=-=
2026-04-26 17:17:42,992|line:475| 转发成功 1195656454977093668
2026-04-26 17:17:46,480|line:494| 评论发送成功
2026-04-26 17:17:51,008|line:424| 3546642101831946 === 已经关注了
2026-04-26 17:17:54,397|line:503| 动态-点赞 OK
2026-04-26 17:17:58,397|line:519| https://t.bilibili.com/1193317299880198152
2026-04-26 17:17:58,398|line:521| 已有
2026-04-26 17:17:58,398|line:519| https://t.bilibili.com/1190604667223015428
2026-04-26 17:17:59,770|line:336| =========此为子动态=========
2026-04-26 17:18:02,195|line:387| *************原动态处理开始***************
2026-04-26 17:18:09,105|line:475| 转发成功 1195656566656729127
2026-04-26 17:18:12,538|line:494| 评论发送成功
2026-04-26 17:18:15,963|line:424| 171086 === 已经关注了
2026-04-26 17:18:19,354|line:503| 动态-点赞 OK
2026-04-26 17:18:19,354|line:396| *************原动态处理完成***************
2026-04-26 17:18:20,841|line:362| *********子动态开始*********
2026-04-26 17:18:31,383|line:475| 转发成功 1195656665427345424
2026-04-26 17:18:34,905|line:494| 评论发送成功
2026-04-26 17:18:42,672|line:424| 396808737 === 已经关注了
2026-04-26 17:18:42,672|line:376| ----完成一个子动态----
2026-04-26 17:18:42,673|line:381| *********子动态结束*********
2026-04-26 17:18:45,673|line:519| https://t.bilibili.com/1193302185881894915
2026-04-26 17:18:48,032|line:336| =========此为子动态=========
2026-04-26 17:18:49,471|line:387| *************原动态处理开始***************
2026-04-26 17:18:55,416|line:475| 转发成功 1195656768565280777
2026-04-26 17:18:58,871|line:494| 评论发送成功
2026-04-26 17:19:01,301|line:424| 618389864 === 已经关注了
2026-04-26 17:19:04,772|line:503| 动态-点赞 OK
2026-04-26 17:19:04,772|line:396| *************原动态处理完成***************
2026-04-26 17:19:07,341|line:362| *********子动态开始*********
2026-04-26 17:19:18,688|line:475| 转发成功 1195656867307585558
2026-04-26 17:19:22,171|line:494| 评论发送成功
2026-04-26 17:19:28,932|line:424| 505670427 === 已经关注了
2026-04-26 17:19:28,932|line:376| ----完成一个子动态----
2026-04-26 17:19:28,933|line:381| *********子动态结束*********
2026-04-26 17:19:32,934|line:519| https://t.bilibili.com/1191481059592634371
2026-04-26 17:19:37,376|line:526| 官方 或 预约 OUT！
2026-04-26 17:19:37,376|line:519| https://t.bilibili.com/1194795799424270360
2026-04-26 17:19:39,671|line:341| =========此为源动态=========
2026-04-26 17:19:41,055|line:362| *********子动态开始*********
2026-04-26 17:19:41,055|line:381| *********子动态结束*********
2026-04-26 17:19:41,055|line:537| -=-=-=-=处理回最初的动态-=-=-=-=
2026-04-26 17:19:49,275|line:475| 转发成功 1195657000478834692
2026-04-26 17:19:52,734|line:494| 评论发送成功
2026-04-26 17:19:54,174|line:424| 1274986140 === 已经关注了
2026-04-26 17:19:57,497|line:503| 动态-点赞 OK
2026-04-26 17:20:00,497|line:519| https://t.bilibili.com/1194304304836509698
2026-04-26 17:20:02,854|line:341| =========此为源动态=========
2026-04-26 17:20:04,396|line:362| *********子动态开始*********
2026-04-26 17:20:04,396|line:381| *********子动态结束*********
2026-04-26 17:20:04,397|line:537| -=-=-=-=处理回最初的动态-=-=-=-=
2026-04-26 17:20:11,732|line:475| 转发成功 1195657094954483730
2026-04-26 17:20:15,213|line:494| 评论发送成功
2026-04-26 17:20:18,590|line:424| 873668 === 已经关注了
2026-04-26 17:20:21,988|line:503| 动态-点赞 OK
2026-04-26 17:20:24,989|line:519| https://t.bilibili.com/1194685680695902216
2026-04-26 17:20:26,384|line:341| =========此为源动态=========
2026-04-26 17:20:27,768|line:362| *********子动态开始*********
2026-04-26 17:20:27,768|line:381| *********子动态结束*********
2026-04-26 17:20:27,769|line:537| -=-=-=-=处理回最初的动态-=-=-=-=
2026-04-26 17:20:34,065|line:475| 转发成功 1195657189430132758
2026-04-26 17:20:37,598|line:494| 评论发送成功
2026-04-26 17:20:41,030|line:424| 534970347 === 已经关注了
2026-04-26 17:20:44,375|line:503| 动态-点赞 OK
2026-04-26 17:20:48,376|line:519| https://t.bilibili.com/1186132094461411334
2026-04-26 17:20:51,760|line:526| 官方 或 预约 OUT！
2026-04-26 17:20:51,760|line:519| https://t.bilibili.com/1191851577852297224
2026-04-26 17:20:54,114|line:526| 官方 或 预约 OUT！
2026-04-26 17:20:54,114|line:519| https://t.bilibili.com/1192940912551919624
2026-04-26 17:20:58,471|line:341| =========此为源动态=========
2026-04-26 17:21:01,033|line:362| *********子动态开始*********
2026-04-26 17:21:01,033|line:381| *********子动态结束*********
2026-04-26 17:21:01,034|line:537| -=-=-=-=处理回最初的动态-=-=-=-=
2026-04-26 17:21:09,428|line:475| 转发成功 1195657344035323911
2026-04-26 17:21:12,978|line:494| 评论发送成功
2026-04-26 17:21:16,398|line:424| 3546799323220184 === 已经关注了
2026-04-26 17:21:19,721|line:503| 动态-点赞 OK
2026-04-26 17:21:20,721|line:519| https://t.bilibili.com/1185909009556701254
2026-04-26 17:21:25,076|line:526| 官方 或 预约 OUT！
2026-04-26 17:21:25,076|line:519| https://t.bilibili.com/1185934023458816008
2026-04-26 17:21:28,385|line:341| =========此为源动态=========
2026-04-26 17:21:32,852|line:362| *********子动态开始*********
2026-04-26 17:21:32,852|line:381| *********子动态结束*********
2026-04-26 17:21:32,853|line:537| -=-=-=-=处理回最初的动态-=-=-=-=
2026-04-26 17:21:42,498|line:475| 转发成功 1195657485779730434
2026-04-26 17:21:46,006|line:494| 评论发送成功
2026-04-26 17:21:50,500|line:424| 3493265269590447 === 已经关注了
2026-04-26 17:21:53,880|line:503| 动态-点赞 OK
2026-04-26 17:21:55,880|line:519| https://t.bilibili.com/1185591572791558151
2026-04-26 17:22:00,335|line:526| 官方 或 预约 OUT！
2026-04-26 17:22:00,335|line:519| https://t.bilibili.com/1189559914270294016
2026-04-26 17:22:00,335|line:521| 已有
2026-04-26 17:22:00,335|line:519| https://t.bilibili.com/1192284991551176709
2026-04-26 17:22:03,644|line:341| =========此为源动态=========
2026-04-26 17:22:05,180|line:362| *********子动态开始*********
2026-04-26 17:22:05,181|line:381| *********子动态结束*********
2026-04-26 17:22:05,181|line:537| -=-=-=-=处理回最初的动态-=-=-=-=
2026-04-26 17:22:15,744|line:475| 转发成功 1195657627515748357
2026-04-26 17:22:19,145|line:494| 评论发送成功
2026-04-26 17:22:22,526|line:424| 31107135 === 已经关注了
2026-04-26 17:22:25,903|line:503| 动态-点赞 OK
2026-04-26 17:22:26,904|line:519| https://t.bilibili.com/1194664536599166995
2026-04-26 17:22:29,205|line:341| =========此为源动态=========
2026-04-26 17:22:33,584|line:362| *********子动态开始*********
2026-04-26 17:22:33,584|line:381| *********子动态结束*********
2026-04-26 17:22:33,584|line:537| -=-=-=-=处理回最初的动态-=-=-=-=
2026-04-26 17:22:43,081|line:475| 转发成功 1195657743489302553
2026-04-26 17:22:46,609|line:494| 评论发送成功
2026-04-26 17:22:48,189|line:424| 323252394 === 已经关注了
2026-04-26 17:22:51,562|line:503| 动态-点赞 OK
2026-04-26 17:22:53,563|line:519| https://t.bilibili.com/1191053302301720578
2026-04-26 17:22:56,044|line:341| =========此为源动态=========
2026-04-26 17:23:00,849|line:362| *********子动态开始*********
2026-04-26 17:23:00,849|line:381| *********子动态结束*********
2026-04-26 17:23:00,849|line:537| -=-=-=-=处理回最初的动态-=-=-=-=
2026-04-26 17:23:12,232|line:475| 转发成功 1195657872326787090
2026-04-26 17:23:15,775|line:494| 评论发送成功
2026-04-26 17:23:19,201|line:424| 651298625 === 已经关注了
2026-04-26 17:23:22,570|line:503| 动态-点赞 OK
2026-04-26 17:23:26,571|line:519| https://t.bilibili.com/1186620264703590418
2026-04-26 17:23:30,866|line:526| 官方 或 预约 OUT！
2026-04-26 17:23:30,866|line:519| https://t.bilibili.com/1186630860409929748
2026-04-26 17:23:35,224|line:341| =========此为源动态=========
2026-04-26 17:23:38,810|line:362| *********子动态开始*********
2026-04-26 17:23:38,811|line:381| *********子动态结束*********
2026-04-26 17:23:38,811|line:537| -=-=-=-=处理回最初的动态-=-=-=-=
2026-04-26 17:23:47,039|line:475| 转发成功 1195658018383986705
2026-04-26 17:23:50,467|line:494| 评论发送成功
2026-04-26 17:23:57,387|line:436| 关注 ==== 53472829 0
2026-04-26 17:24:00,706|line:503| 动态-点赞 OK
2026-04-26 17:24:02,706|line:519| https://t.bilibili.com/1192212166116114457
2026-04-26 17:24:07,137|line:341| =========此为源动态=========
2026-04-26 17:24:09,683|line:362| *********子动态开始*********
2026-04-26 17:24:09,684|line:381| *********子动态结束*********
2026-04-26 17:24:09,684|line:537| -=-=-=-=处理回最初的动态-=-=-=-=
2026-04-26 17:24:20,016|line:475| 转发成功 1195658160105324597
2026-04-26 17:24:23,533|line:494| 评论发送成功
2026-04-26 17:24:24,952|line:424| 436170053 === 已经关注了
2026-04-26 17:24:28,275|line:503| 动态-点赞 OK
2026-04-26 17:24:30,276|line:519| https://t.bilibili.com/1184497292455968785
2026-04-26 17:24:31,629|line:341| =========此为源动态=========
2026-04-26 17:24:35,177|line:362| *********子动态开始*********
2026-04-26 17:24:35,177|line:381| *********子动态结束*********
2026-04-26 17:24:35,177|line:537| -=-=-=-=处理回最初的动态-=-=-=-=
2026-04-26 17:24:43,602|line:475| 转发成功 1195658263206559767
2026-04-26 17:24:47,123|line:494| 评论发送成功
2026-04-26 17:24:54,913|line:436| 关注 ==== 3546601272380232 0
2026-04-26 17:24:58,288|line:503| 动态-点赞 OK
2026-04-26 17:25:01,289|line:519| https://t.bilibili.com/1191446263902502917
2026-04-26 17:25:01,289|line:521| 已有
2026-04-26 17:25:01,289|line:519| https://t.bilibili.com/1194899415462051857
2026-04-26 17:25:01,289|line:521| 已有
2026-04-26 17:25:01,289|line:519| https://t.bilibili.com/1193210458245431305
2026-04-26 17:25:01,289|line:521| 已有
2026-04-26 17:25:01,290|line:519| https://t.bilibili.com/1188505205585477680
2026-04-26 17:25:01,290|line:521| 已有
2026-04-26 17:25:01,290|line:519| https://t.bilibili.com/1186244364903383075
2026-04-26 17:25:03,646|line:526| 官方 或 预约 OUT！
2026-04-26 17:25:03,646|line:519| https://t.bilibili.com/1191476249229262849
2026-04-26 17:25:08,105|line:526| 官方 或 预约 OUT！
2026-04-26 17:25:08,105|line:519| https://t.bilibili.com/1176241562153123847
2026-04-26 17:25:12,456|line:526| 官方 或 预约 OUT！
2026-04-26 17:25:12,456|line:519| https://t.bilibili.com/1185563896055857171
2026-04-26 17:25:13,803|line:526| 官方 或 预约 OUT！
2026-04-26 17:25:13,803|line:519| https://t.bilibili.com/1175826397710516242
2026-04-26 17:25:16,179|line:341| =========此为源动态=========
2026-04-26 17:25:19,555|line:362| *********子动态开始*********
2026-04-26 17:25:19,556|line:381| *********子动态结束*********
2026-04-26 17:25:19,556|line:537| -=-=-=-=处理回最初的动态-=-=-=-=
2026-04-26 17:25:26,944|line:475| 转发成功 1195658447878619186
2026-04-26 17:25:30,456|line:494| 评论发送成功
2026-04-26 17:25:38,336|line:436| 关注 ==== 3546929973693164 0
2026-04-26 17:25:41,723|line:503| 动态-点赞 OK
2026-04-26 17:25:44,724|line:519| https://t.bilibili.com/1193719160593449013
2026-04-26 17:25:47,141|line:526| 官方 或 预约 OUT！
2026-04-26 17:25:47,141|line:519| https://t.bilibili.com/1193563882544693253
2026-04-26 17:25:49,444|line:341| =========此为源动态=========
2026-04-26 17:25:50,824|line:362| *********子动态开始*********
2026-04-26 17:25:50,825|line:381| *********子动态结束*********
2026-04-26 17:25:50,825|line:537| -=-=-=-=处理回最初的动态-=-=-=-=
2026-04-26 17:25:58,376|line:475| 转发成功 1195658585290309641
2026-04-26 17:26:01,908|line:494| 评论发送成功
2026-04-26 17:26:03,351|line:424| 37896119 === 已经关注了
2026-04-26 17:26:06,728|line:503| 动态-点赞 OK
2026-04-26 17:26:08,729|line:519| https://t.bilibili.com/1193962842041090049
2026-04-26 17:26:11,171|line:341| =========此为源动态=========
2026-04-26 17:26:13,534|line:362| *********子动态开始*********
2026-04-26 17:26:13,534|line:381| *********子动态结束*********
2026-04-26 17:26:13,534|line:537| -=-=-=-=处理回最初的动态-=-=-=-=
2026-04-26 17:26:23,036|line:475| 转发成功 1195658688415662089
2026-04-26 17:26:26,591|line:494| 评论发送成功
2026-04-26 17:26:28,016|line:424| 3546947480718133 === 已经关注了
2026-04-26 17:26:31,344|line:503| 动态-点赞 OK
2026-04-26 17:26:33,345|line:519| https://t.bilibili.com/1193030447553052676
2026-04-26 17:26:33,345|line:521| 已有
2026-04-26 17:26:33,345|line:519| https://t.bilibili.com/1192092091709128705
2026-04-26 17:26:37,692|line:341| =========此为源动态=========
2026-04-26 17:26:40,235|line:362| *********子动态开始*********
2026-04-26 17:26:40,236|line:381| *********子动态结束*********
2026-04-26 17:26:40,236|line:537| -=-=-=-=处理回最初的动态-=-=-=-=
2026-04-26 17:26:47,680|line:475| 转发成功 1195658795791941637
2026-04-26 17:26:51,084|line:548| 'NoneType' object is not subscriptable
2026-04-26 17:26:51,084|line:549| error line:541
2026-04-26 17:26:55,084|line:519| https://t.bilibili.com/1191132574571823126
2026-04-26 17:26:58,435|line:341| =========此为源动态=========
2026-04-26 17:26:59,913|line:362| *********子动态开始*********
2026-04-26 17:26:59,913|line:381| *********子动态结束*********
2026-04-26 17:26:59,914|line:537| -=-=-=-=处理回最初的动态-=-=-=-=
2026-04-26 17:27:10,390|line:475| 转发成功 1195658894546829321
2026-04-26 17:27:13,877|line:494| 评论发送成功
2026-04-26 17:27:15,253|line:424| 31107135 === 已经关注了
2026-04-26 17:27:18,582|line:503| 动态-点赞 OK
2026-04-26 17:27:21,582|line:519| https://t.bilibili.com/1191330018508144662
2026-04-26 17:27:21,582|line:521| 已有
2026-04-26 17:27:21,583|line:519| https://t.bilibili.com/1194399483448786952
2026-04-26 17:27:22,956|line:341| =========此为源动态=========
2026-04-26 17:27:24,513|line:362| *********子动态开始*********
2026-04-26 17:27:24,513|line:381| *********子动态结束*********
2026-04-26 17:27:24,513|line:537| -=-=-=-=处理回最初的动态-=-=-=-=
2026-04-26 17:27:32,841|line:475| 转发成功 1195658989022478340
2026-04-26 17:27:36,296|line:494| 评论发送成功
2026-04-26 17:27:38,717|line:424| 17236262 === 已经关注了
2026-04-26 17:27:42,091|line:503| 动态-点赞 OK
2026-04-26 17:27:44,092|line:519| https://t.bilibili.com/1191740037535891489
2026-04-26 17:27:48,431|line:341| =========此为源动态=========
2026-04-26 17:27:49,829|line:362| *********子动态开始*********
2026-04-26 17:27:49,829|line:381| *********子动态结束*********
2026-04-26 17:27:49,829|line:537| -=-=-=-=处理回最初的动态-=-=-=-=
2026-04-26 17:27:57,113|line:475| 转发成功 1195659092124762120
2026-04-26 17:28:00,647|line:494| 评论发送成功
2026-04-26 17:28:03,078|line:424| 651298625 === 已经关注了
2026-04-26 17:28:06,599|line:503| 动态-点赞 OK
2026-04-26 17:28:08,600|line:519| https://t.bilibili.com/1185732520751136773
2026-04-26 17:28:12,954|line:526| 官方 或 预约 OUT！
2026-04-26 17:28:12,954|line:519| https://t.bilibili.com/1193278743943053336
2026-04-26 17:28:12,954|line:521| 已有
2026-04-26 17:28:12,954|line:519| https://t.bilibili.com/1186997642054336521
2026-04-26 17:28:17,304|line:526| 官方 或 预约 OUT！
2026-04-26 17:28:17,304|line:519| https://t.bilibili.com/1194788424965423108
2026-04-26 17:28:18,665|line:336| =========此为子动态=========
2026-04-26 17:28:22,049|line:387| *************原动态处理开始***************
2026-04-26 17:28:26,963|line:475| 转发成功 1195659220982169621
2026-04-26 17:28:30,473|line:494| 评论发送成功
2026-04-26 17:28:34,896|line:424| 679151170 === 已经关注了
2026-04-26 17:28:38,301|line:503| 动态-点赞 OK
2026-04-26 17:28:38,301|line:396| *************原动态处理完成***************
2026-04-26 17:28:41,860|line:362| *********子动态开始*********
2026-04-26 17:28:51,258|line:475| 转发成功 1195659328351109129
2026-04-26 17:28:54,741|line:494| 评论发送成功
2026-04-26 17:28:58,561|line:424| 679151170 === 已经关注了
2026-04-26 17:28:58,561|line:376| ----完成一个子动态----
2026-04-26 17:28:58,562|line:381| *********子动态结束*********
2026-04-26 17:28:59,562|line:519| https://t.bilibili.com/1186183067096580096
2026-04-26 17:28:59,563|line:521| 已有
2026-04-26 17:28:59,563|line:519| https://t.bilibili.com/1195139478385066001
2026-04-26 17:29:01,860|line:526| 官方 或 预约 OUT！
2026-04-26 17:29:01,860|line:519| https://t.bilibili.com/1190595860394672130
2026-04-26 17:29:03,227|line:341| =========此为源动态=========
2026-04-26 17:29:05,796|line:362| *********子动态开始*********
2026-04-26 17:29:05,796|line:381| *********子动态结束*********
2026-04-26 17:29:05,796|line:537| -=-=-=-=处理回最初的动态-=-=-=-=
2026-04-26 17:29:14,215|line:475| 转发成功 1195659427132211208
2026-04-26 17:29:17,752|line:494| 评论发送成功
2026-04-26 17:29:22,163|line:424| 455722391 === 已经关注了
2026-04-26 17:29:25,546|line:503| 动态-点赞 OK
2026-04-26 17:29:29,547|line:519| https://t.bilibili.com/1184016829461299218
2026-04-26 17:29:32,944|line:341| =========此为源动态=========
2026-04-26 17:29:35,605|line:362| *********子动态开始*********
2026-04-26 17:29:35,605|line:381| *********子动态结束*********
2026-04-26 17:29:35,605|line:537| -=-=-=-=处理回最初的动态-=-=-=-=
2026-04-26 17:29:48,160|line:475| 转发成功 1195659573163196418
2026-04-26 17:29:51,749|line:494| 评论发送成功
2026-04-26 17:29:56,168|line:424| 1930420310 === 已经关注了
2026-04-26 17:29:59,608|line:503| 动态-点赞 OK
2026-04-26 17:30:01,608|line:519| https://t.bilibili.com/1186623881077587985
2026-04-26 17:30:06,078|line:526| 官方 或 预约 OUT！
2026-04-26 17:30:06,078|line:519| https://t.bilibili.com/1194829991652622391
2026-04-26 17:30:10,375|line:341| =========此为源动态=========
2026-04-26 17:30:11,881|line:362| *********子动态开始*********
2026-04-26 17:30:11,882|line:381| *********子动态结束*********
2026-04-26 17:30:11,882|line:537| -=-=-=-=处理回最初的动态-=-=-=-=
2026-04-26 17:30:20,269|line:475| 转发成功 1195659710569644039
2026-04-26 17:30:23,742|line:494| 评论发送成功
2026-04-26 17:30:30,537|line:436| 关注 ==== 3546386230414031 0
2026-04-26 17:30:33,930|line:503| 动态-点赞 OK
2026-04-26 17:30:36,931|line:519| https://t.bilibili.com/1194300589691895828
2026-04-26 17:30:40,228|line:526| 官方 或 预约 OUT！
2026-04-26 17:30:40,229|line:519| https://t.bilibili.com/1192077450153033747
2026-04-26 17:30:42,592|line:341| =========此为源动态=========
2026-04-26 17:30:45,991|line:362| *********子动态开始*********
2026-04-26 17:30:45,991|line:381| *********子动态结束*********
2026-04-26 17:30:45,991|line:537| -=-=-=-=处理回最初的动态-=-=-=-=
2026-04-26 17:30:57,384|line:475| 转发成功 1195659869526425605
2026-04-26 17:31:00,839|line:494| 评论发送成功
2026-04-26 17:31:05,270|line:424| 327652253 === 已经关注了
2026-04-26 17:31:08,660|line:503| 动态-点赞 OK
2026-04-26 17:31:12,660|line:519| https://t.bilibili.com/1191093181129687044
2026-04-26 17:31:16,017|line:526| 官方 或 预约 OUT！
2026-04-26 17:31:16,017|line:519| https://t.bilibili.com/1188104407878729731
2026-04-26 17:31:20,373|line:341| =========此为源动态=========
2026-04-26 17:31:21,699|line:362| *********子动态开始*********
2026-04-26 17:31:21,700|line:381| *********子动态结束*********
2026-04-26 17:31:21,700|line:537| -=-=-=-=处理回最初的动态-=-=-=-=
2026-04-26 17:31:30,189|line:475| 转发成功 1195660011217354753
2026-04-26 17:31:33,635|line:494| 评论发送成功
2026-04-26 17:31:38,061|line:424| 3546814034741408 === 已经关注了
2026-04-26 17:31:41,468|line:503| 动态-点赞 OK
2026-04-26 17:31:42,469|line:519| https://t.bilibili.com/1185500571061190658
2026-04-26 17:31:42,469|line:521| 已有
2026-04-26 17:31:42,469|line:519| https://t.bilibili.com/1190241484779028514
2026-04-26 17:31:43,820|line:526| 官方 或 预约 OUT！
2026-04-26 17:31:43,820|line:519| https://t.bilibili.com/1186590655193808937
2026-04-26 17:31:45,169|line:341| =========此为源动态=========
2026-04-26 17:31:46,718|line:362| *********子动态开始*********
2026-04-26 17:31:46,719|line:381| *********子动态结束*********
2026-04-26 17:31:46,719|line:537| -=-=-=-=处理回最初的动态-=-=-=-=
2026-04-26 17:31:57,022|line:475| 转发成功 1195660122878115843
2026-04-26 17:32:00,564|line:494| 评论发送成功
2026-04-26 17:32:03,997|line:424| 3494373710891428 === 已经关注了
2026-04-26 17:32:07,380|line:503| 动态-点赞 OK
2026-04-26 17:32:09,381|line:519| https://t.bilibili.com/1194867512491114528
2026-04-26 17:32:13,805|line:341| =========此为源动态=========
2026-04-26 17:32:15,358|line:362| *********子动态开始*********
2026-04-26 17:32:15,358|line:381| *********子动态结束*********
2026-04-26 17:32:15,358|line:537| -=-=-=-=处理回最初的动态-=-=-=-=
2026-04-26 17:32:24,669|line:475| 转发成功 1195660243185434632
2026-04-26 17:32:28,125|line:494| 评论发送成功
2026-04-26 17:32:32,553|line:424| 43995149 === 已经关注了
2026-04-26 17:32:35,933|line:503| 动态-点赞 OK
2026-04-26 17:32:38,933|line:519| https://t.bilibili.com/1191368965247467588
2026-04-26 17:32:38,934|line:521| 已有
2026-04-26 17:32:38,934|line:519| https://t.bilibili.com/1188766782010163222
2026-04-26 17:32:40,284|line:341| =========此为源动态=========
2026-04-26 17:32:41,706|line:362| *********子动态开始*********
2026-04-26 17:32:41,706|line:381| *********子动态结束*********
2026-04-26 17:32:41,706|line:537| -=-=-=-=处理回最初的动态-=-=-=-=
2026-04-26 17:32:53,059|line:475| 转发成功 1195660363435081737
2026-04-26 17:32:56,531|line:494| 评论发送成功
2026-04-26 17:32:59,947|line:424| 3546620132067507 === 已经关注了
2026-04-26 17:33:03,341|line:503| 动态-点赞 OK
2026-04-26 17:33:07,342|line:519| https://t.bilibili.com/1189559914288119815
2026-04-26 17:33:07,342|line:521| 已有
2026-04-26 17:33:07,342|line:519| https://t.bilibili.com/1178439198159405058
2026-04-26 17:33:11,717|line:526| 官方 或 预约 OUT！
2026-04-26 17:33:11,717|line:519| https://t.bilibili.com/1194745629885071360
2026-04-26 17:33:15,137|line:341| =========此为源动态=========
2026-04-26 17:33:19,510|line:362| *********子动态开始*********
2026-04-26 17:33:19,510|line:381| *********子动态结束*********
2026-04-26 17:33:19,510|line:537| -=-=-=-=处理回最初的动态-=-=-=-=
2026-04-26 17:33:30,760|line:475| 转发成功 1195660526650130434
2026-04-26 17:33:34,209|line:494| 评论发送成功
2026-04-26 17:33:37,653|line:424| 416514298 === 已经关注了
2026-04-26 17:33:41,005|line:503| 动态-点赞 OK
2026-04-26 17:33:45,005|line:519| https://t.bilibili.com/1192178815706595331
2026-04-26 17:33:47,371|line:526| 官方 或 预约 OUT！
2026-04-26 17:33:47,371|line:519| https://t.bilibili.com/1185760704300318741
2026-04-26 17:33:48,778|line:526| 官方 或 预约 OUT！
2026-04-26 17:33:48,778|line:519| https://t.bilibili.com/1188829698977693703
2026-04-26 17:33:51,161|line:341| =========此为源动态=========
2026-04-26 17:33:55,695|line:362| *********子动态开始*********
2026-04-26 17:33:55,695|line:381| *********子动态结束*********
2026-04-26 17:33:55,696|line:537| -=-=-=-=处理回最初的动态-=-=-=-=
2026-04-26 17:34:06,000|line:475| 转发成功 1195660676958257171
2026-04-26 17:34:09,614|line:494| 评论发送成功
2026-04-26 17:34:13,057|line:424| 11898922 === 已经关注了
2026-04-26 17:34:16,374|line:503| 动态-点赞 OK
2026-04-26 17:34:18,374|line:519| https://t.bilibili.com/1194011151845818386
2026-04-26 17:34:22,682|line:341| =========此为源动态=========
2026-04-26 17:34:26,125|line:362| *********子动态开始*********
2026-04-26 17:34:26,126|line:381| *********子动态结束*********
2026-04-26 17:34:26,126|line:537| -=-=-=-=处理回最初的动态-=-=-=-=
2026-04-26 17:34:34,468|line:475| 转发成功 1195660801496580117
2026-04-26 17:34:37,928|line:494| 评论发送成功
2026-04-26 17:34:41,360|line:424| 323252394 === 已经关注了
2026-04-26 17:34:44,739|line:503| 动态-点赞 OK
2026-04-26 17:34:48,740|line:519| https://t.bilibili.com/1193274577816387590
2026-04-26 17:34:48,740|line:521| 已有
2026-04-26 17:34:48,740|line:519| https://t.bilibili.com/1192583070874599446
2026-04-26 17:34:51,203|line:526| 官方 或 预约 OUT！
2026-04-26 17:34:51,204|line:519| https://t.bilibili.com/1180353757123182601
2026-04-26 17:34:53,502|line:526| 官方 或 预约 OUT！
2026-04-26 17:34:53,502|line:519| https://t.bilibili.com/1191523489591328785
2026-04-26 17:34:54,822|line:341| =========此为源动态=========
2026-04-26 17:34:57,204|line:362| *********子动态开始*********
2026-04-26 17:34:57,204|line:381| *********子动态结束*********
2026-04-26 17:34:57,205|line:537| -=-=-=-=处理回最初的动态-=-=-=-=
2026-04-26 17:35:06,588|line:475| 转发成功 1195660938981670915
2026-04-26 17:35:10,032|line:494| 评论发送成功
2026-04-26 17:35:15,869|line:436| 关注 ==== 16620072 0
2026-04-26 17:35:19,243|line:503| 动态-点赞 OK
2026-04-26 17:35:20,244|line:519| https://t.bilibili.com/1168439835631812615
2026-04-26 17:35:21,682|line:341| =========此为源动态=========
2026-04-26 17:35:26,202|line:362| *********子动态开始*********
2026-04-26 17:35:26,202|line:381| *********子动态结束*********
2026-04-26 17:35:26,202|line:537| -=-=-=-=处理回最初的动态-=-=-=-=
2026-04-26 17:35:35,490|line:475| 转发成功 1195661063521042439
2026-04-26 17:35:38,870|line:494| 评论发送成功
2026-04-26 17:35:41,293|line:424| 25592156 === 已经关注了
2026-04-26 17:35:44,661|line:503| 动态-点赞 OK
2026-04-26 17:35:47,661|line:519| https://t.bilibili.com/1185492371961282568
2026-04-26 17:35:48,962|line:526| 官方 或 预约 OUT！
2026-04-26 17:35:48,963|line:519| https://t.bilibili.com/1185808550241239058
2026-04-26 17:35:52,324|line:526| 官方 或 预约 OUT！
2026-04-26 17:35:52,324|line:519| https://t.bilibili.com/1193653097559228422
2026-04-26 17:35:53,630|line:341| =========此为源动态=========
2026-04-26 17:35:56,004|line:362| *********子动态开始*********
2026-04-26 17:35:56,005|line:381| *********子动态结束*********
2026-04-26 17:35:56,005|line:537| -=-=-=-=处理回最初的动态-=-=-=-=
2026-04-26 17:36:07,280|line:475| 转发成功 1195661200974675968
2026-04-26 17:36:10,766|line:494| 评论发送成功
2026-04-26 17:36:12,188|line:424| 3493144272309101 === 已经关注了
2026-04-26 17:36:15,578|line:503| 动态-点赞 OK
2026-04-26 17:36:18,579|line:519| https://t.bilibili.com/1190615743934234624
2026-04-26 17:36:19,936|line:341| =========此为源动态=========
2026-04-26 17:36:21,507|line:362| *********子动态开始*********
2026-04-26 17:36:21,508|line:381| *********子动态结束*********
2026-04-26 17:36:21,508|line:537| -=-=-=-=处理回最初的动态-=-=-=-=
2026-04-26 17:36:32,922|line:475| 转发成功 1195661308349906953
2026-04-26 17:36:36,493|line:494| 评论发送成功
2026-04-26 17:36:39,863|line:424| 434624234 === 已经关注了
2026-04-26 17:36:43,232|line:503| 动态-点赞 OK
2026-04-26 17:36:45,232|line:519| https://t.bilibili.com/1194530911578750997
2026-04-26 17:36:45,233|line:521| 已有
2026-04-26 17:36:45,233|line:519| https://t.bilibili.com/1186001909699313683
2026-04-26 17:36:45,233|line:521| 已有
2026-04-26 17:36:45,233|line:519| https://t.bilibili.com/1189568910065664000
2026-04-26 17:36:45,233|line:521| 已有
2026-04-26 17:36:45,233|line:519| https://t.bilibili.com/1191789227821498373
2026-04-26 17:36:49,635|line:341| =========此为源动态=========
2026-04-26 17:36:53,164|line:362| *********子动态开始*********
2026-04-26 17:36:53,165|line:381| *********子动态结束*********
2026-04-26 17:36:53,165|line:537| -=-=-=-=处理回最初的动态-=-=-=-=
2026-04-26 17:37:00,641|line:475| 转发成功 1195661428592214019
2026-04-26 17:37:04,006|line:548| 'NoneType' object is not subscriptable
2026-04-26 17:37:04,007|line:549| error line:541
2026-04-26 17:37:07,007|line:519| https://t.bilibili.com/1189838247461650437
2026-04-26 17:37:07,007|line:521| 已有
2026-04-26 17:37:07,007|line:519| https://t.bilibili.com/1184364474898841604
2026-04-26 17:37:10,422|line:341| =========此为源动态=========
2026-04-26 17:37:14,960|line:362| *********子动态开始*********
2026-04-26 17:37:14,961|line:381| *********子动态结束*********
2026-04-26 17:37:14,961|line:537| -=-=-=-=处理回最初的动态-=-=-=-=
2026-04-26 17:37:22,228|line:475| 转发成功 1195661523062620168
2026-04-26 17:37:25,742|line:494| 评论发送成功
2026-04-26 17:37:27,173|line:424| 2124109995 === 已经关注了
2026-04-26 17:37:30,555|line:503| 动态-点赞 OK
2026-04-26 17:37:31,556|line:519| https://t.bilibili.com/1192474479087845379
2026-04-26 17:37:34,908|line:341| =========此为源动态=========
2026-04-26 17:37:39,472|line:362| *********子动态开始*********
2026-04-26 17:37:39,472|line:381| *********子动态结束*********
2026-04-26 17:37:39,472|line:537| -=-=-=-=处理回最初的动态-=-=-=-=
2026-04-26 17:37:50,943|line:475| 转发成功 1195661643299684360
2026-04-26 17:37:54,455|line:494| 评论发送成功
2026-04-26 17:38:00,377|line:436| 关注 ==== 1695585090 0
2026-04-26 17:38:03,758|line:503| 动态-点赞 OK
2026-04-26 17:38:04,759|line:519| https://t.bilibili.com/1192474515598213124
2026-04-26 17:38:09,219|line:526| 官方 或 预约 OUT！
2026-04-26 17:38:09,220|line:519| https://t.bilibili.com/1185224151213801477
2026-04-26 17:38:09,220|line:521| 已有
2026-04-26 17:38:09,220|line:519| https://t.bilibili.com/1186988837329436697
2026-04-26 17:38:09,220|line:521| 已有
2026-04-26 17:38:09,220|line:519| https://t.bilibili.com/1194306712157290516
2026-04-26 17:38:13,560|line:341| =========此为源动态=========
2026-04-26 17:38:15,942|line:362| *********子动态开始*********
2026-04-26 17:38:15,942|line:381| *********子动态结束*********
2026-04-26 17:38:15,942|line:537| -=-=-=-=处理回最初的动态-=-=-=-=
2026-04-26 17:38:24,318|line:475| 转发成功 1195661789383098371
2026-04-26 17:38:27,856|line:494| 评论发送成功
2026-04-26 17:38:31,244|line:424| 524845477 === 已经关注了
2026-04-26 17:38:34,617|line:503| 动态-点赞 OK
2026-04-26 17:38:35,618|line:519| https://t.bilibili.com/1180254607796862993
2026-04-26 17:38:36,971|line:341| =========此为源动态=========
2026-04-26 17:38:39,545|line:362| *********子动态开始*********
2026-04-26 17:38:39,545|line:381| *********子动态结束*********
2026-04-26 17:38:39,545|line:537| -=-=-=-=处理回最初的动态-=-=-=-=
2026-04-26 17:38:50,852|line:475| 转发成功 1195661901051199506
2026-04-26 17:38:54,312|line:494| 评论发送成功
2026-04-26 17:38:58,684|line:424| 6491232 === 已经关注了
2026-04-26 17:39:02,015|line:503| 动态-点赞 OK
2026-04-26 17:39:06,016|line:519| https://t.bilibili.com/1194450737442062341
2026-04-26 17:39:07,478|line:341| =========此为源动态=========
2026-04-26 17:39:11,045|line:362| *********子动态开始*********
2026-04-26 17:39:11,045|line:381| *********子动态结束*********
2026-04-26 17:39:11,045|line:537| -=-=-=-=处理回最初的动态-=-=-=-=
2026-04-26 17:39:20,327|line:475| 转发成功 1195662029854081041
2026-04-26 17:39:23,791|line:494| 评论发送成功
2026-04-26 17:39:29,608|line:436| 关注 ==== 3537120293554929 0
2026-04-26 17:39:32,980|line:503| 动态-点赞 OK
2026-04-26 17:39:36,980|line:519| https://t.bilibili.com/1194303806626594840
2026-04-26 17:39:39,330|line:341| =========此为源动态=========
2026-04-26 17:39:42,710|line:362| *********子动态开始*********
2026-04-26 17:39:42,710|line:381| *********子动态结束*********
2026-04-26 17:39:42,710|line:537| -=-=-=-=处理回最初的动态-=-=-=-=
2026-04-26 17:39:50,974|line:475| 转发成功 1195662158732460034
2026-04-26 17:39:54,469|line:494| 评论发送成功
2026-04-26 17:39:57,909|line:424| 323252394 === 已经关注了
2026-04-26 17:40:01,273|line:503| 动态-点赞 OK
2026-04-26 17:40:03,274|line:519| https://t.bilibili.com/1194789017636306966
2026-04-26 17:40:06,627|line:341| =========此为源动态=========
2026-04-26 17:40:09,019|line:362| *********子动态开始*********
2026-04-26 17:40:09,019|line:381| *********子动态结束*********
2026-04-26 17:40:09,019|line:537| -=-=-=-=处理回最初的动态-=-=-=-=
2026-04-26 17:40:19,319|line:475| 转发成功 1195662283258200065
2026-04-26 17:40:22,829|line:494| 评论发送成功
2026-04-26 17:40:26,222|line:424| 26012012 === 已经关注了
2026-04-26 17:40:29,598|line:503| 动态-点赞 OK
2026-04-26 17:40:31,599|line:519| https://t.bilibili.com/1193997474484715538
2026-04-26 17:40:32,897|line:341| =========此为源动态=========
2026-04-26 17:40:34,419|line:362| *********子动态开始*********
2026-04-26 17:40:34,420|line:381| *********子动态结束*********
2026-04-26 17:40:34,420|line:537| -=-=-=-=处理回最初的动态-=-=-=-=
2026-04-26 17:40:44,697|line:475| 转发成功 1195662390659645448
2026-04-26 17:40:48,242|line:494| 评论发送成功
2026-04-26 17:40:49,669|line:424| 1429723107 === 已经关注了
2026-04-26 17:40:53,007|line:503| 动态-点赞 OK
2026-04-26 17:40:54,008|line:519| https://t.bilibili.com/1186885008664559623
2026-04-26 17:40:55,379|line:341| =========此为源动态=========
2026-04-26 17:40:58,812|line:362| *********子动态开始*********
2026-04-26 17:40:58,812|line:381| *********子动态结束*********
2026-04-26 17:40:58,812|line:537| -=-=-=-=处理回最初的动态-=-=-=-=
2026-04-26 17:41:08,167|line:475| 转发成功 1195662489419776041
2026-04-26 17:41:11,592|line:494| 评论发送成功
2026-04-26 17:41:13,987|line:424| 179236818 === 已经关注了
2026-04-26 17:41:17,415|line:503| 动态-点赞 OK
2026-04-26 17:41:21,416|line:519| https://t.bilibili.com/1186974810005045257
2026-04-26 17:41:24,772|line:341| =========此为源动态=========
2026-04-26 17:41:29,326|line:362| *********子动态开始*********
2026-04-26 17:41:29,326|line:381| *********子动态结束*********
2026-04-26 17:41:29,326|line:537| -=-=-=-=处理回最初的动态-=-=-=-=
2026-04-26 17:41:37,629|line:475| 转发成功 1195662618267746305
2026-04-26 17:41:41,127|line:494| 评论发送成功
2026-04-26 17:41:44,681|line:424| 2124109995 === 已经关注了
2026-04-26 17:41:48,024|line:503| 动态-点赞 OK
2026-04-26 17:41:52,025|line:519| https://t.bilibili.com/1189142443493163013
2026-04-26 17:41:56,332|line:341| =========此为源动态=========
2026-04-26 17:41:57,876|line:362| *********子动态开始*********
2026-04-26 17:41:57,876|line:381| *********子动态结束*********
2026-04-26 17:41:57,876|line:537| -=-=-=-=处理回最初的动态-=-=-=-=
2026-04-26 17:42:09,193|line:475| 转发成功 1195662755716136962
2026-04-26 17:42:12,711|line:494| 评论发送成功
2026-04-26 17:42:14,217|line:424| 287886755 === 已经关注了
2026-04-26 17:42:17,539|line:503| 动态-点赞 OK
2026-04-26 17:42:21,540|line:519| https://t.bilibili.com/1194000800971489301
2026-04-26 17:42:24,909|line:341| =========此为源动态=========
2026-04-26 17:42:26,341|line:362| *********子动态开始*********
2026-04-26 17:42:26,341|line:381| *********子动态结束*********
2026-04-26 17:42:26,341|line:537| -=-=-=-=处理回最初的动态-=-=-=-=
2026-04-26 17:42:32,757|line:475| 转发成功 1195662854537084933
2026-04-26 17:42:36,210|line:494| 评论发送成功
2026-04-26 17:42:38,695|line:424| 3546756669246007 === 已经关注了
2026-04-26 17:42:42,022|line:503| 动态-点赞 OK
2026-04-26 17:42:45,023|line:519| https://t.bilibili.com/1193214843378729008
2026-04-26 17:42:45,023|line:521| 已有
2026-04-26 17:42:45,023|line:519| https://t.bilibili.com/1186943933479911449
2026-04-26 17:42:47,322|line:341| =========此为源动态=========
2026-04-26 17:42:50,709|line:362| *********子动态开始*********
2026-04-26 17:42:50,710|line:381| *********子动态结束*********
2026-04-26 17:42:50,710|line:537| -=-=-=-=处理回最初的动态-=-=-=-=
2026-04-26 17:43:02,321|line:475| 转发成功 1195662983367229441
2026-04-26 17:43:05,947|line:494| 评论发送成功
2026-04-26 17:43:10,371|line:424| 382072818 === 已经关注了
2026-04-26 17:43:13,691|line:503| 动态-点赞 OK
2026-04-26 17:43:14,691|line:519| https://t.bilibili.com/1190070156423856151
2026-04-26 17:43:19,131|line:341| =========此为源动态=========
2026-04-26 17:43:20,515|line:362| *********子动态开始*********
2026-04-26 17:43:20,515|line:381| *********子动态结束*********
2026-04-26 17:43:20,516|line:537| -=-=-=-=处理回最初的动态-=-=-=-=
2026-04-26 17:43:27,747|line:475| 转发成功 1195663090746654721
2026-04-26 17:43:31,144|line:494| 评论发送成功
2026-04-26 17:43:35,584|line:424| 287886755 === 已经关注了
2026-04-26 17:43:38,906|line:503| 动态-点赞 OK
2026-04-26 17:43:40,906|line:519| https://t.bilibili.com/1188922049341423638
2026-04-26 17:43:45,244|line:526| 官方 或 预约 OUT！
2026-04-26 17:43:45,244|line:519| https://t.bilibili.com/1192945999929147417
2026-04-26 17:43:45,244|line:521| 已有
2026-04-26 17:43:45,244|line:519| https://t.bilibili.com/1186166376843182096
2026-04-26 17:43:45,244|line:521| 已有
2026-04-26 17:43:45,245|line:519| https://t.bilibili.com/1194306712169873415
2026-04-26 17:43:46,599|line:341| =========此为源动态=========
2026-04-26 17:43:50,153|line:362| *********子动态开始*********
2026-04-26 17:43:50,153|line:381| *********子动态结束*********
2026-04-26 17:43:50,153|line:537| -=-=-=-=处理回最初的动态-=-=-=-=
2026-04-26 17:43:58,479|line:475| 转发成功 1195663223883300884
2026-04-26 17:44:01,983|line:494| 评论发送成功
2026-04-26 17:44:03,349|line:424| 521950960 === 已经关注了
2026-04-26 17:44:06,719|line:503| 动态-点赞 OK
2026-04-26 17:44:09,720|line:519| https://t.bilibili.com/1189246491216052230
2026-04-26 17:44:13,054|line:341| =========此为源动态=========
2026-04-26 17:44:14,601|line:362| *********子动态开始*********
2026-04-26 17:44:14,602|line:381| *********子动态结束*********
2026-04-26 17:44:14,602|line:537| -=-=-=-=处理回最初的动态-=-=-=-=
2026-04-26 17:44:21,943|line:475| 转发成功 1195663322672791593
2026-04-26 17:44:25,366|line:494| 评论发送成功
2026-04-26 17:44:27,750|line:424| 20467627 === 已经关注了
2026-04-26 17:44:31,128|line:503| 动态-点赞 OK
2026-04-26 17:44:34,129|line:519| https://t.bilibili.com/1185539824918986754
2026-04-26 17:44:34,129|line:521| 已有
2026-04-26 17:44:34,129|line:519| https://t.bilibili.com/1194417262468005922
2026-04-26 17:44:38,532|line:341| =========此为源动态=========
2026-04-26 17:44:41,907|line:362| *********子动态开始*********
2026-04-26 17:44:41,908|line:381| *********子动态结束*********
2026-04-26 17:44:41,908|line:537| -=-=-=-=处理回最初的动态-=-=-=-=
2026-04-26 17:44:50,203|line:475| 转发成功 1195663447239426071
2026-04-26 17:44:53,751|line:494| 评论发送成功
2026-04-26 17:44:56,157|line:424| 1431814328 === 已经关注了
2026-04-26 17:44:59,495|line:503| 动态-点赞 OK
2026-04-26 17:45:01,495|line:519| https://t.bilibili.com/1186926375620050963
2026-04-26 17:45:02,903|line:341| =========此为源动态=========
2026-04-26 17:45:06,343|line:362| *********子动态开始*********
2026-04-26 17:45:06,344|line:381| *********子动态结束*********
2026-04-26 17:45:06,344|line:537| -=-=-=-=处理回最初的动态-=-=-=-=
2026-04-26 17:45:14,720|line:475| 转发成功 1195663550263066625
2026-04-26 17:45:18,175|line:494| 评论发送成功
2026-04-26 17:45:19,598|line:424| 1323620 === 已经关注了
2026-04-26 17:45:22,926|line:503| 动态-点赞 OK
2026-04-26 17:45:25,927|line:519| https://t.bilibili.com/1191129615322578966
2026-04-26 17:45:27,285|line:341| =========此为源动态=========
2026-04-26 17:45:31,838|line:362| *********子动态开始*********
2026-04-26 17:45:31,838|line:381| *********子动态结束*********
2026-04-26 17:45:31,839|line:537| -=-=-=-=处理回最初的动态-=-=-=-=
2026-04-26 17:45:42,352|line:475| 转发成功 1195663670573531145
2026-04-26 17:45:45,931|line:494| 评论发送成功
2026-04-26 17:45:48,390|line:424| 29143038 === 已经关注了
2026-04-26 17:45:51,766|line:503| 动态-点赞 OK
2026-04-26 17:45:52,767|line:552| 执行结束
2026-04-26 17:45:52,767|line:558| ==================================================2026-04-27 01:45==================================================
2026-04-26 17:45:52,767|line:232| processing article 48184895
2026-04-26 17:45:56,613|line:507| ==================================================2026-04-27 01:45==================================================
2026-04-26 17:45:56,613|line:232| processing article 48175300
2026-04-26 17:46:01,286|line:507| ==================================================2026-04-27 01:46==================================================
2026-04-26 17:46:01,286|line:232| processing article 48175010
2026-04-26 17:46:02,972|line:507| ==================================================2026-04-27 01:46==================================================
2026-04-26 17:46:09,724|line:578| ('reply: ', '榄菊官方', '[给心心]')
2026-04-26 17:46:09,725|line:578| ('reply: ', '吓死我啦芙莱', '并不是')
2026-04-26 17:46:09,725|line:578| ('reply: ', '花生十三-公考行测', '68')
2026-04-26 17:46:09,725|line:578| ('reply: ', '三鹿七茸猫尾巴', '[夏诺雅表情包_？？？]')
2026-04-26 17:46:09,725|line:578| ('reply: ', '小闪闪bling', 'hhh腾子买库洛让我感觉他自己有点不太想出大世界了')
2026-04-26 17:46:09,725|line:578| ('reply: ', '魔改后远野汉娜', '不是，这……')
2026-04-26 17:46:09,725|line:578| ('reply: ', '好像都是一个人', '你在说什么')
2026-04-26 17:46:09,725|line:578| ('reply: ', '目标咨询', '太宠粉了啊')
2026-04-26 17:46:09,726|line:578| ('reply: ', '数玩工场', '祝你成功')
2026-04-26 17:46:09,726|line:578| ('reply: ', '益家有小佰', '恭喜宝子，获得小电视月度会员1份和克刻冰冰猴喉糖随机口味1份～记得私信小佰提供信息哦~')
2026-04-26 17:46:09,726|line:578| ('reply: ', '圆环之理-Madoka', '是的')
2026-04-26 17:46:09,726|line:578| ('reply: ', '兰的三姨', '这就是银河巨星的实力！')
2026-04-26 17:46:09,726|line:578| ('reply: ', '花园百合铃音', '有男不玩，我只吃麻辣火锅，xxn滚[吃瓜]')
2026-04-26 17:46:09,726|line:578| ('reply: ', '是绝赞的阿鬼', '[tv_难过]')
2026-04-26 17:46:09,726|line:578| ('reply: ', '桃稚不幼稚', '还行')
2026-04-26 17:46:09,726|line:578| ('reply: ', '陌罔子吖', '佬，这个报名有啥条件不。最近太非了，想下次报来抽[脱单doge][脱单doge][脱单doge]')
2026-04-26 17:46:09,726|line:578| ('reply: ', '太二酸菜鱼', '恭喜成为本期欧皇[打call]获得【肥龙联名显眼包】1份，在收到本信息的两天内回复哥的私信哦~逾期哥就自己收啦！[脱单doge]')
2026-04-26 17:46:09,726|line:578| ('reply: ', '得一想二的松鼠', '中奖分我一半')
2026-04-26 17:46:09,727|line:578| ('reply: ', '佑凉Uriyoo', '谢谢！！！[UP_24967030_感恩]')
2026-04-26 17:46:09,727|line:578| ('reply: ', '岛莓祁', '好耶')
2026-04-26 17:46:13,060|line:587| ('at: ', '电脑报', '恭喜@小小Shaun UID：1090970340，@-叶晓吖  UID：22437099  获得 【电竞大礼包】1份， 请在三日内私信我')
2026-04-26 17:46:13,060|line:587| ('at: ', '联想拯救者官方', '是我喜欢的奖品名单 直接开奖 上 趁现在没人偷摸开个奖 恭喜这些小伙伴 【拯救者7.1声卡H7游戏耳机】获奖名单 @泪水打湿猪脚饭o @xoomoon @小小Shaun @T山海连云T @超超超超薄脆饼干 @BerboomC 【拯救者C140氮化镓适配器】获奖名单 @改个天凉好个秋 @夜猫子牙不好 @LLL好久不见 @林殇倾慕婉 @今天也要拥抱微风 @洳不及我万一 @胜利の天平 【白金独角兽电竞鼠标】获奖名单 @底片上的诗旅人 【拯救者C170氮化镓适配器】获奖名单 @麦當劳无限好 @無名丶の辈 @任性的提莫 @广东有暖风 由于B站私信规则修改 我会私信中奖的小伙伴一条消息，还请注意查收并回复我您的收货地址与联系方式，奖品基本会在私信您信息后的三十个工作日内发货')
2026-04-26 17:46:13,060|line:587| ('at: ', 'Apexgaming艾湃电竞', '恭喜 @小小Shaun 获得饮料一份，三天内联系我，过时不候！')
2026-04-26 17:46:13,060|line:587| ('at: ', '喜欢白毛有什么不好', '1 @浪子游2fans6@被_____打下来的飞机@拉斯特臣后面一个点@专心致志的学生@猫猫头OmMeow@小小Shaun@龐門左道@啦啦痴痴腻@bili_66938050009@日月星辰668')
2026-04-26 17:46:13,060|line:587| ('at: ', 'iKF蓝牙耳机', '恭喜@小小Shaun 宝子成为苏泊尔福利动态幸运儿！\n注意：即日起72小时内回复信息确认领奖哦！逾期将自动视为放弃中奖资格。\n没有中奖的宝子们不要气馁，参与一下下置顶视频iKF Mars，增加欧气值，说不定下个幸运儿就是你！\n链接：\nhttps://www.bilibili.com/video/BV1Soo6YLEHZ/?spm_id_from=333.1387.list.card_archive.click&vd_source=21fb0967ccc75e6b3b2447ade2c740dd\n还没参与抽奖的宝子们，赶紧点击上方链接参与吧！还有特别福利惊喜等你哦~')
2026-04-26 17:46:13,061|line:587| ('at: ', 'wellymerck威利默克', '恭喜@小小Shaun\xa0 获得《我是你的小狗3 永远等你回家》1本，请于5天内联系威宝，凭关注+互动截图领取奖品，逾期作废~')
2026-04-26 17:46:13,061|line:587| ('at: ', '宁美NINGMEI', '恭喜@小小Shaun   中奖，请在12月1日24点前私信我：1. 奖品+中奖信息a. 实物奖：姓名电话地址，给文字！省市区路清晰，提交不清晰不发奖，信息错误致无法签收，概不负责；\n\nb. 现金红包给到支付宝实名+账号；\n\nc. 京东卡/猫超卡 等购物卡给到姓名+电话；2. 宁美和品牌方关注截图+转发截图！\n\n必须关注品牌方，否则奖品不予发放；如遇无法私信图片的情况，等待我回复后即可发送图片。PS： \n\n因后台收信有时会出问题，以回复“已登记”为准，没有回复即表示私信未收到。\n\n过期视为自动放弃，不会补发；奖品30个工作日内发送，勿催哦~\n\n不发全，不回复。其他小伙伴请继续努力！')
2026-04-26 17:46:13,061|line:587| ('at: ', '爱玛电动车官方账号', '#一“玛”当先榜# 快来看看10月都是谁和爱玛酱互动最多呀~ 💕恭喜@小小Shaun 和@甘瑞凯拉莎 排行第一！这两位小玛达将会获得【爱玛随机周边×1】，请5天内私信爱玛酱领奖哟~[鼓掌] 以后也请继续单推我无敌可爱美少女爱玛酱呀嘿嘿！(●´З｀●)')
2026-04-26 17:46:13,061|line:587| ('at: ', '爱玛电动车官方账号', '')
2026-04-26 17:46:13,061|line:587| ('at: ', '海露滴眼液', '互动榜出炉啦')
2026-04-26 17:46:13,061|line:587| ('at: ', '和蔼可亲桃白白', '\u200b//@九号公司:\u200b恭喜@小小Shaun 中奖！后续记得查收私信哟～\u200b//@九号公司:#互动抽奖# 谢谢粒粒的复工礼！小九也来加个码~关注【@微粒贷+@九号公司 】并转发该动态，抽一位小可爱获得【100元京东卡】~ #供电局福利社# 10月31日抽出！')
2026-04-26 17:46:13,061|line:587| ('at: ', '望大家身体健康快乐', '\u200b//@九号公司:\u200b恭喜@小小Shaun 中奖！后续记得查收私信哟～\u200b//@九号公司 :#互动抽奖# 谢谢粒粒的复工礼！小九也来加个码~关注【@微粒贷+@九号公司 】并转发该动态，抽一位小可爱获得【100元京东卡】~ #供电局福利社# 10月31日抽出！')
2026-04-26 17:46:13,061|line:587| ('at: ', 'MoMA_Reona', '//@九号公司:\u200b恭喜@小小Shaun 中奖！后续记得查收私信哟～\u200b//@九号公司:#互动抽奖# 谢谢粒粒的复工礼！小九也来加个码~关注【@微粒贷+@九号公司 】并转发该动态，抽一位小可爱获得【100元京东卡】~ #供电局福利社# 10月31日抽出！')
2026-04-26 17:46:13,061|line:587| ('at: ', '摸鱼二队', '\u200b//@九号公司:\u200b恭喜@小小Shaun 中奖！后续记得查收私信哟～\u200b//@九号公司 :#互动抽奖# 谢谢粒粒的复工礼！小九也来加个码~关注【@微粒贷+@九号公司 】并转发该动态，抽一位小可爱获得【100元京东卡】~ #供电局福利社# 10月31日抽出！')
2026-04-26 17:46:13,062|line:587| ('at: ', '文少嘅一些事一些情', '\u200b//@九号公司:\u200b恭喜@小小Shaun 中奖！后续记得查收私信哟～\u200b//@九号公司 :#互动抽奖# 谢谢粒粒的复工礼！小九也来加个码~关注【@微粒贷+@九号公司 】并转发该动态，抽一位小可爱获得【100元京东卡】~ #供电局福利社# 10月31日抽出！')
2026-04-26 17:46:13,062|line:587| ('at: ', 'Carry队友的嘟嘟酱丶', '\u200b//@九号公司:\u200b恭喜@小小Shaun 中奖！后续记得查收私信哟～\u200b//@九号公司 :#互动抽奖# 谢谢粒粒的复工礼！小九也来加个码~关注【@微粒贷+@九号公司 】并转发该动态，抽一位小可爱获得【100元京东卡】~ #供电局福利社# 10月31日抽出！')
2026-04-26 17:46:13,062|line:587| ('at: ', '蛤蟆zero', '//@九号公司:\u200b恭喜@小小Shaun 中奖！后续记得查收私信哟～\u200b//@九号公司:#互动抽奖# 谢谢粒粒的复工礼！小九也来加个码~关注【@微粒贷+@九号公司 】并转发该动态，抽一位小可爱获得【100元京东卡】~ #供电局福利社# 10月31日抽出！c冲冲冲')
2026-04-26 17:46:13,062|line:587| ('at: ', '木而各子要吃笃栗子', '\u200b//@九号公司:\u200b恭喜@小小Shaun 中奖！后续记得查收私信哟～\u200b//@九号公司 :#互动抽奖# 谢谢粒粒的复工礼！小九也来加个码~关注【@微粒贷+@九号公司 】并转发该动态，抽一位小可爱获得【100元京东卡】~ #供电局福利社# 10月31日抽出！')
2026-04-26 17:46:13,062|line:587| ('at: ', '裙下愚臣情默默', '\u200b//@九号公司:\u200b恭喜@小小Shaun 中奖！后续记得查收私信哟～\u200b//@九号公司 :#互动抽奖# 谢谢粒粒的复工礼！小九也来加个码~关注【@微粒贷+@九号公司 】并转发该动态，抽一位小可爱获得【100元京东卡】~ #供电局福利社# 10月31日抽出！')
2026-04-26 17:46:13,062|line:587| ('at: ', '戊子毕宿', '')
