2026-03-31 17:10:53,492|line:232| processing article 47370705
2026-03-31 17:10:57,361|line:507| ==================================================2026-04-01 01:10==================================================
2026-03-31 17:10:57,361|line:232| processing article 47366324
2026-03-31 17:11:02,097|line:507| ==================================================2026-04-01 01:11==================================================
2026-03-31 17:11:02,097|line:232| processing article 47360994
2026-03-31 17:11:05,765|line:507| ==================================================2026-04-01 01:11==================================================
2026-03-31 17:11:05,765|line:232| processing article 47360813
2026-03-31 17:11:07,443|line:507| ==================================================2026-04-01 01:11==================================================
2026-03-31 17:11:07,443|line:232| processing article 47334117
2026-03-31 17:11:09,829|line:507| ==================================================2026-04-01 01:11==================================================
2026-03-31 17:11:09,829|line:519| https://t.bilibili.com/1184882697074376728
2026-03-31 17:11:13,345|line:341| =========此为源动态=========
2026-03-31 17:11:15,916|line:362| *********子动态开始*********
2026-03-31 17:11:15,917|line:381| *********子动态结束*********
2026-03-31 17:11:15,917|line:537| -=-=-=-=处理回最初的动态-=-=-=-=
2026-03-31 17:11:26,385|line:475| 转发成功 1186006625537753097
2026-03-31 17:11:29,758|line:548| 'NoneType' object is not subscriptable
2026-03-31 17:11:29,758|line:549| error line:541
2026-03-31 17:11:33,759|line:519| https://t.bilibili.com/1176241562153123847
2026-03-31 17:11:37,133|line:526| 官方 或 预约 OUT！
2026-03-31 17:11:37,134|line:519| https://t.bilibili.com/1185390001390616592
2026-03-31 17:11:38,508|line:526| 官方 或 预约 OUT！
2026-03-31 17:11:38,508|line:519| https://t.bilibili.com/1175736096017874952
2026-03-31 17:11:41,944|line:526| 官方 或 预约 OUT！
2026-03-31 17:11:41,944|line:519| https://t.bilibili.com/1178439198159405058
2026-03-31 17:11:46,308|line:526| 官方 或 预约 OUT！
2026-03-31 17:11:46,308|line:519| https://t.bilibili.com/1185462515502415892
2026-03-31 17:11:49,672|line:341| =========此为源动态=========
2026-03-31 17:11:51,228|line:362| *********子动态开始*********
2026-03-31 17:11:51,229|line:381| *********子动态结束*********
2026-03-31 17:11:51,229|line:537| -=-=-=-=处理回最初的动态-=-=-=-=
2026-03-31 17:12:03,404|line:475| 转发成功 1186006784506069001
2026-03-31 17:12:06,869|line:494| 评论发送成功
2026-03-31 17:12:10,298|line:424| 3493082584582776 === 已经关注了
2026-03-31 17:12:13,649|line:503| 动态-点赞 OK
2026-03-31 17:12:15,649|line:519| https://t.bilibili.com/1185563896055857171
2026-03-31 17:12:17,027|line:526| 官方 或 预约 OUT！
2026-03-31 17:12:17,028|line:519| https://t.bilibili.com/1184516482344681477
2026-03-31 17:12:17,028|line:521| 已有
2026-03-31 17:12:17,028|line:519| https://t.bilibili.com/1158766847743492101
2026-03-31 17:12:17,028|line:521| 已有
2026-03-31 17:12:17,028|line:519| https://t.bilibili.com/1182115017998204937
2026-03-31 17:12:20,404|line:341| =========此为源动态=========
2026-03-31 17:12:21,943|line:362| *********子动态开始*********
2026-03-31 17:12:21,944|line:381| *********子动态结束*********
2026-03-31 17:12:21,944|line:537| -=-=-=-=处理回最初的动态-=-=-=-=
2026-03-31 17:12:30,706|line:475| 转发成功 1186006900452360198
2026-03-31 17:12:34,184|line:494| 评论发送成功
2026-03-31 17:12:35,618|line:424| 3546749308242173 === 已经关注了
2026-03-31 17:12:38,995|line:503| 动态-点赞 OK
2026-03-31 17:12:41,995|line:519| https://t.bilibili.com/1185230404724981764
2026-03-31 17:12:46,310|line:341| =========此为源动态=========
2026-03-31 17:12:48,894|line:362| *********子动态开始*********
2026-03-31 17:12:48,894|line:381| *********子动态结束*********
2026-03-31 17:12:48,895|line:537| -=-=-=-=处理回最初的动态-=-=-=-=
2026-03-31 17:13:00,286|line:475| 转发成功 1186007029299281943
2026-03-31 17:13:03,670|line:548| 'NoneType' object is not subscriptable
2026-03-31 17:13:03,671|line:549| error line:541
2026-03-31 17:13:07,671|line:519| https://t.bilibili.com/1179215960168464419
2026-03-31 17:13:07,671|line:521| 已有
2026-03-31 17:13:07,671|line:519| https://t.bilibili.com/1184657387366121478
2026-03-31 17:13:07,672|line:521| 已有
2026-03-31 17:13:07,672|line:519| https://t.bilibili.com/1182895810831974421
2026-03-31 17:13:12,041|line:526| 官方 或 预约 OUT！
2026-03-31 17:13:12,041|line:519| https://t.bilibili.com/1177724300795314182
2026-03-31 17:13:12,041|line:521| 已有
2026-03-31 17:13:12,041|line:519| https://t.bilibili.com/1185066848083771392
2026-03-31 17:13:13,388|line:341| =========此为源动态=========
2026-03-31 17:13:16,798|line:362| *********子动态开始*********
2026-03-31 17:13:16,798|line:381| *********子动态结束*********
2026-03-31 17:13:16,798|line:537| -=-=-=-=处理回最初的动态-=-=-=-=
2026-03-31 17:13:26,155|line:475| 转发成功 1186007140936974337
2026-03-31 17:13:29,569|line:494| 评论发送成功
2026-03-31 17:13:33,021|line:424| 3239435 === 已经关注了
2026-03-31 17:13:36,351|line:503| 动态-点赞 OK
2026-03-31 17:13:38,351|line:519| https://t.bilibili.com/1181708029008019477
2026-03-31 17:13:40,736|line:341| =========此为源动态=========
2026-03-31 17:13:42,293|line:362| *********子动态开始*********
2026-03-31 17:13:42,293|line:381| *********子动态结束*********
2026-03-31 17:13:42,293|line:537| -=-=-=-=处理回最初的动态-=-=-=-=
2026-03-31 17:13:53,578|line:475| 转发成功 1186007256901091345
2026-03-31 17:13:57,108|line:494| 评论发送成功
2026-03-31 17:13:58,556|line:424| 472780637 === 已经关注了
2026-03-31 17:14:01,935|line:503| 动态-点赞 OK
2026-03-31 17:14:04,936|line:519| https://t.bilibili.com/1181009748955234313
2026-03-31 17:14:06,291|line:526| 官方 或 预约 OUT！
2026-03-31 17:14:06,291|line:519| https://t.bilibili.com/1184812809337176071
2026-03-31 17:14:07,636|line:526| 官方 或 预约 OUT！
2026-03-31 17:14:07,636|line:552| 执行结束
2026-03-31 17:14:07,636|line:558| ==================================================2026-04-01 01:14==================================================
2026-03-31 17:14:07,636|line:232| processing article 47325762
2026-03-31 17:14:10,064|line:507| ==================================================2026-04-01 01:14==================================================
2026-03-31 17:14:10,064|line:519| https://t.bilibili.com/1176241562153123847
2026-03-31 17:14:11,481|line:526| 官方 或 预约 OUT！
2026-03-31 17:14:11,481|line:519| https://t.bilibili.com/1185213929193734166
2026-03-31 17:14:12,857|line:526| 官方 或 预约 OUT！
2026-03-31 17:14:12,857|line:519| https://t.bilibili.com/1185409045300772885
2026-03-31 17:14:14,224|line:341| =========此为源动态=========
2026-03-31 17:14:16,769|line:362| *********子动态开始*********
2026-03-31 17:14:16,770|line:381| *********子动态结束*********
2026-03-31 17:14:16,770|line:537| -=-=-=-=处理回最初的动态-=-=-=-=
2026-03-31 17:14:27,052|line:475| 转发成功 1186007398661226496
2026-03-31 17:14:30,504|line:494| 评论发送成功
2026-03-31 17:14:33,883|line:424| 1439255 === 已经关注了
2026-03-31 17:14:37,294|line:503| 动态-点赞 OK
2026-03-31 17:14:40,294|line:519| https://t.bilibili.com/1185390001390616592
2026-03-31 17:14:43,646|line:526| 官方 或 预约 OUT！
2026-03-31 17:14:43,646|line:519| https://t.bilibili.com/1185555276070125576
2026-03-31 17:14:46,030|line:526| 官方 或 预约 OUT！
2026-03-31 17:14:46,031|line:519| https://t.bilibili.com/1185496954653638663
2026-03-31 17:14:47,377|line:341| =========此为源动态=========
2026-03-31 17:14:49,984|line:362| *********子动态开始*********
2026-03-31 17:14:49,984|line:381| *********子动态结束*********
2026-03-31 17:14:49,984|line:537| -=-=-=-=处理回最初的动态-=-=-=-=
2026-03-31 17:15:01,270|line:475| 转发成功 1186007548974596101
2026-03-31 17:15:04,736|line:494| 评论发送成功
2026-03-31 17:15:09,168|line:424| 100680137 === 已经关注了
2026-03-31 17:15:12,539|line:503| 动态-点赞 OK
2026-03-31 17:15:13,540|line:519| https://t.bilibili.com/1178439198159405058
2026-03-31 17:15:16,852|line:526| 官方 或 预约 OUT！
2026-03-31 17:15:16,852|line:519| https://t.bilibili.com/1185539824918986754
2026-03-31 17:15:20,223|line:341| =========此为源动态=========
2026-03-31 17:15:24,823|line:362| *********子动态开始*********
2026-03-31 17:15:24,823|line:381| *********子动态结束*********
2026-03-31 17:15:24,824|line:537| -=-=-=-=处理回最初的动态-=-=-=-=
2026-03-31 17:15:34,141|line:475| 转发成功 1186007690713759750
2026-03-31 17:15:37,590|line:494| 评论发送成功
2026-03-31 17:15:39,977|line:424| 287886755 === 已经关注了
2026-03-31 17:15:43,372|line:503| 动态-点赞 OK
2026-03-31 17:15:46,373|line:519| https://t.bilibili.com/1185485160718532609
2026-03-31 17:15:49,734|line:526| 官方 或 预约 OUT！
2026-03-31 17:15:49,734|line:519| https://t.bilibili.com/1185462515502415892
2026-03-31 17:15:49,734|line:521| 已有
2026-03-31 17:15:49,734|line:519| https://t.bilibili.com/1185563896055857171
2026-03-31 17:15:54,088|line:526| 官方 或 预约 OUT！
2026-03-31 17:15:54,088|line:519| https://t.bilibili.com/1185468479027806208
2026-03-31 17:15:57,457|line:526| 官方 或 预约 OUT！
2026-03-31 17:15:57,458|line:519| https://t.bilibili.com/1185476695347429399
2026-03-31 17:16:01,770|line:526| 官方 或 预约 OUT！
2026-03-31 17:16:01,770|line:519| https://t.bilibili.com/1185392355033743385
2026-03-31 17:16:03,116|line:526| 官方 或 预约 OUT！
2026-03-31 17:16:03,116|line:519| https://t.bilibili.com/1185423860804091925
2026-03-31 17:16:06,486|line:341| =========此为源动态=========
2026-03-31 17:16:08,875|line:362| *********子动态开始*********
2026-03-31 17:16:08,876|line:381| *********子动态结束*********
2026-03-31 17:16:08,876|line:537| -=-=-=-=处理回最初的动态-=-=-=-=
2026-03-31 17:16:19,161|line:475| 转发成功 1186007883998822408
2026-03-31 17:16:22,620|line:494| 评论发送成功
2026-03-31 17:16:24,057|line:424| 1312702972 === 已经关注了
2026-03-31 17:16:27,440|line:503| 动态-点赞 OK
2026-03-31 17:16:29,441|line:519| https://t.bilibili.com/1185469673032908808
2026-03-31 17:16:31,922|line:336| =========此为子动态=========
2026-03-31 17:16:35,464|line:387| *************原动态处理开始***************
2026-03-31 17:16:43,346|line:475| 转发成功 1186007987087474688
2026-03-31 17:16:46,804|line:494| 评论发送成功
2026-03-31 17:16:50,238|line:424| 3546757206116480 === 已经关注了
2026-03-31 17:16:53,650|line:503| 动态-点赞 OK
2026-03-31 17:16:53,650|line:396| *************原动态处理完成***************
2026-03-31 17:16:55,199|line:362| *********子动态开始*********
2026-03-31 17:17:06,614|line:475| 转发成功 1186008085838168065
2026-03-31 17:17:10,081|line:494| 评论发送成功
2026-03-31 17:17:15,015|line:424| 37896119 === 已经关注了
2026-03-31 17:17:15,015|line:376| ----完成一个子动态----
2026-03-31 17:17:25,411|line:475| 转发成功 1186008167467712519
2026-03-31 17:17:28,897|line:494| 评论发送成功
2026-03-31 17:17:36,631|line:424| 26012012 === 已经关注了
2026-03-31 17:17:36,631|line:376| ----完成一个子动态----
2026-03-31 17:17:47,122|line:475| 转发成功 1186008257681948726
2026-03-31 17:17:50,580|line:494| 评论发送成功
2026-03-31 17:17:56,362|line:424| 511744123 === 已经关注了
2026-03-31 17:17:56,362|line:376| ----完成一个子动态----
2026-03-31 17:18:04,792|line:475| 转发成功 1186008334991360008
2026-03-31 17:18:08,286|line:494| 评论评论已提交，被up主精选后对所有人可见
2026-03-31 17:18:14,996|line:424| 438072446 === 已经关注了
2026-03-31 17:18:14,996|line:376| ----完成一个子动态----
2026-03-31 17:18:22,534|line:475| 转发成功 1186008412285042709
2026-03-31 17:18:25,995|line:494| 评论发送成功
2026-03-31 17:18:31,708|line:424| 351899011 === 已经关注了
2026-03-31 17:18:31,709|line:376| ----完成一个子动态----
2026-03-31 17:18:44,152|line:475| 转发成功 1186008506749157384
2026-03-31 17:18:47,636|line:494| 评论发送成功
2026-03-31 17:18:56,494|line:424| 471130755 === 已经关注了
2026-03-31 17:18:56,494|line:376| ----完成一个子动态----
2026-03-31 17:19:05,924|line:475| 转发成功 1186008596957102101
2026-03-31 17:19:09,378|line:494| 评论发送成功
2026-03-31 17:19:16,172|line:424| 63414376 === 已经关注了
2026-03-31 17:19:16,172|line:376| ----完成一个子动态----
2026-03-31 17:19:26,622|line:475| 转发成功 1186008687157706774
2026-03-31 17:19:30,032|line:494| 评论发送成功
2026-03-31 17:19:38,880|line:424| 427487966 === 已经关注了
2026-03-31 17:19:38,880|line:376| ----完成一个子动态----
2026-03-31 17:19:38,880|line:381| *********子动态结束*********
2026-03-31 17:19:39,881|line:519| https://t.bilibili.com/1185439322647560199
2026-03-31 17:19:44,271|line:341| =========此为源动态=========
2026-03-31 17:19:46,814|line:362| *********子动态开始*********
2026-03-31 17:19:46,814|line:381| *********子动态结束*********
2026-03-31 17:19:46,814|line:537| -=-=-=-=处理回最初的动态-=-=-=-=
2026-03-31 17:19:53,951|line:475| 转发成功 1186008803122872321
2026-03-31 17:19:57,360|line:494| 评论发送成功
2026-03-31 17:19:59,779|line:424| 703021105 === 已经关注了
2026-03-31 17:20:03,120|line:503| 动态-点赞 OK
2026-03-31 17:20:04,121|line:519| https://t.bilibili.com/1185462998639050752
2026-03-31 17:20:08,499|line:341| =========此为源动态=========
2026-03-31 17:20:10,061|line:362| *********子动态开始*********
2026-03-31 17:20:10,061|line:381| *********子动态结束*********
2026-03-31 17:20:10,061|line:537| -=-=-=-=处理回最初的动态-=-=-=-=
2026-03-31 17:20:20,274|line:475| 转发成功 1186008919100620805
2026-03-31 17:20:23,730|line:494| 评论发送成功
2026-03-31 17:20:27,152|line:424| 1024366005 === 已经关注了
2026-03-31 17:20:30,543|line:503| 动态-点赞 OK
2026-03-31 17:20:34,543|line:519| https://t.bilibili.com/1185121183710838786
2026-03-31 17:20:37,851|line:526| 官方 或 预约 OUT！
2026-03-31 17:20:37,852|line:519| https://t.bilibili.com/1185499200940408841
2026-03-31 17:20:40,157|line:526| 官方 或 预约 OUT！
2026-03-31 17:20:40,158|line:519| https://t.bilibili.com/1158766847743492101
2026-03-31 17:20:40,158|line:521| 已有
2026-03-31 17:20:40,158|line:519| https://t.bilibili.com/1185461955002892304
2026-03-31 17:20:42,512|line:526| 官方 或 预约 OUT！
2026-03-31 17:20:42,512|line:519| https://t.bilibili.com/1185526645805547540
2026-03-31 17:20:46,966|line:341| =========此为源动态=========
2026-03-31 17:20:49,494|line:362| *********子动态开始*********
2026-03-31 17:20:49,494|line:381| *********子动态结束*********
2026-03-31 17:20:49,494|line:537| -=-=-=-=处理回最初的动态-=-=-=-=
2026-03-31 17:20:59,016|line:475| 转发成功 1186009082310426656
2026-03-31 17:21:02,492|line:494| 评论发送成功
2026-03-31 17:21:05,871|line:424| 690588074 === 已经关注了
2026-03-31 17:21:09,382|line:503| 动态-点赞 OK
2026-03-31 17:21:12,383|line:519| https://t.bilibili.com/1185541313105231874
2026-03-31 17:21:16,753|line:526| 官方 或 预约 OUT！
2026-03-31 17:21:16,753|line:519| https://t.bilibili.com/1185230404724981764
2026-03-31 17:21:20,248|line:341| =========此为源动态=========
2026-03-31 17:21:23,812|line:362| *********子动态开始*********
2026-03-31 17:21:23,812|line:381| *********子动态结束*********
2026-03-31 17:21:23,812|line:537| -=-=-=-=处理回最初的动态-=-=-=-=
2026-03-31 17:21:36,237|line:475| 转发成功 1186009245508698113
2026-03-31 17:21:39,676|line:548| 'NoneType' object is not subscriptable
2026-03-31 17:21:39,676|line:549| error line:541
2026-03-31 17:21:40,676|line:519| https://t.bilibili.com/1185500231748288536
2026-03-31 17:21:43,046|line:336| =========此为子动态=========
2026-03-31 17:21:44,463|line:387| *************原动态处理开始***************
2026-03-31 17:21:50,444|line:475| 转发成功 1186009305647677493
2026-03-31 17:21:53,838|line:346| 'NoneType' object is not subscriptable
2026-03-31 17:21:53,838|line:347| error line:338
2026-03-31 17:21:53,838|line:533| *#*#*#*#*#*#*#*#*#*原动态处理失败*#*#*#*#*#*#*#*#*#
2026-03-31 17:21:53,838|line:519| https://t.bilibili.com/1185483210804428821
2026-03-31 17:21:57,216|line:526| 官方 或 预约 OUT！
2026-03-31 17:21:57,216|line:519| https://t.bilibili.com/1185461422437433367
2026-03-31 17:22:00,554|line:526| 官方 或 预约 OUT！
2026-03-31 17:22:00,554|line:519| https://t.bilibili.com/1185501545985212449
2026-03-31 17:22:00,554|line:521| 已有
2026-03-31 17:22:00,555|line:519| https://t.bilibili.com/1185473156283891736
2026-03-31 17:22:01,924|line:526| 官方 或 预约 OUT！
2026-03-31 17:22:01,925|line:519| https://t.bilibili.com/1185411751129120768
2026-03-31 17:22:04,301|line:336| =========此为子动态=========
2026-03-31 17:22:05,742|line:400| *************原动态已存在***************
2026-03-31 17:22:07,480|line:362| *********子动态开始*********
2026-03-31 17:22:17,911|line:475| 转发成功 1186009421611794439
2026-03-31 17:22:21,373|line:494| 评论发送成功
2026-03-31 17:22:25,166|line:424| 99442306 === 已经关注了
2026-03-31 17:22:25,166|line:376| ----完成一个子动态----
2026-03-31 17:22:33,524|line:475| 转发成功 1186009490311348232
2026-03-31 17:22:36,983|line:494| 评论发送成功
2026-03-31 17:22:43,781|line:424| 2089637378 === 已经关注了
2026-03-31 17:22:43,781|line:376| ----完成一个子动态----
2026-03-31 17:22:43,782|line:381| *********子动态结束*********
2026-03-31 17:22:45,782|line:519| https://t.bilibili.com/1185525559185113128
2026-03-31 17:22:49,118|line:341| =========此为源动态=========
2026-03-31 17:22:52,455|line:362| *********子动态开始*********
2026-03-31 17:22:52,456|line:381| *********子动态结束*********
2026-03-31 17:22:52,456|line:537| -=-=-=-=处理回最初的动态-=-=-=-=
2026-03-31 17:23:04,768|line:475| 转发成功 1186009623462674467
2026-03-31 17:23:08,254|line:494| 评论发送成功
2026-03-31 17:23:10,651|line:424| 386615477 === 已经关注了
2026-03-31 17:23:14,032|line:503| 动态-点赞 OK
2026-03-31 17:23:15,033|line:519| https://t.bilibili.com/1185516690076598273
2026-03-31 17:23:16,380|line:526| 官方 或 预约 OUT！
2026-03-31 17:23:16,380|line:519| https://t.bilibili.com/1185401956465639443
2026-03-31 17:23:19,879|line:341| =========此为源动态=========
2026-03-31 17:23:21,419|line:362| *********子动态开始*********
2026-03-31 17:23:21,420|line:381| *********子动态结束*********
2026-03-31 17:23:21,420|line:537| -=-=-=-=处理回最初的动态-=-=-=-=
2026-03-31 17:23:30,680|line:475| 转发成功 1186009735130775554
2026-03-31 17:23:34,192|line:494| 评论发送成功
2026-03-31 17:23:37,573|line:424| 3546757206116480 === 已经关注了
2026-03-31 17:23:40,971|line:503| 动态-点赞 OK
2026-03-31 17:23:43,971|line:519| https://t.bilibili.com/1182895810831974421
2026-03-31 17:23:45,310|line:526| 官方 或 预约 OUT！
2026-03-31 17:23:45,311|line:519| https://t.bilibili.com/1185507558979272713
2026-03-31 17:23:46,659|line:526| 官方 或 预约 OUT！
2026-03-31 17:23:46,659|line:519| https://t.bilibili.com/1185417875751436289
2026-03-31 17:23:51,030|line:526| 官方 或 预约 OUT！
2026-03-31 17:23:51,030|line:519| https://t.bilibili.com/1177724300795314182
2026-03-31 17:23:51,030|line:521| 已有
2026-03-31 17:23:51,031|line:519| https://t.bilibili.com/1185536732491153416
2026-03-31 17:23:52,400|line:341| =========此为源动态=========
2026-03-31 17:23:54,972|line:362| *********子动态开始*********
2026-03-31 17:23:54,973|line:381| *********子动态结束*********
2026-03-31 17:23:54,973|line:537| -=-=-=-=处理回最初的动态-=-=-=-=
2026-03-31 17:24:02,288|line:475| 转发成功 1186009872541417492
2026-03-31 17:24:05,740|line:494| 评论发送成功
2026-03-31 17:24:09,123|line:424| 108766164 === 已经关注了
2026-03-31 17:24:12,491|line:503| 动态-点赞 OK
2026-03-31 17:24:15,491|line:519| https://t.bilibili.com/1185499256774983713
2026-03-31 17:24:16,861|line:341| =========此为源动态=========
2026-03-31 17:24:21,514|line:362| *********子动态开始*********
2026-03-31 17:24:21,515|line:381| *********子动态结束*********
2026-03-31 17:24:21,515|line:537| -=-=-=-=处理回最初的动态-=-=-=-=
2026-03-31 17:24:29,976|line:475| 转发成功 1186009988538040324
2026-03-31 17:24:33,468|line:494| 评论发送成功
2026-03-31 17:24:34,937|line:424| 100680137 === 已经关注了
2026-03-31 17:24:38,318|line:503| 动态-点赞 OK
2026-03-31 17:24:39,318|line:519| https://t.bilibili.com/1185455241980543008
2026-03-31 17:24:41,707|line:341| =========此为源动态=========
2026-03-31 17:24:44,232|line:362| *********子动态开始*********
2026-03-31 17:24:44,232|line:381| *********子动态结束*********
2026-03-31 17:24:44,233|line:537| -=-=-=-=处理回最初的动态-=-=-=-=
2026-03-31 17:24:52,503|line:475| 转发成功 1186010087329628181
2026-03-31 17:24:55,953|line:494| 评论发送成功
2026-03-31 17:24:58,419|line:424| 3493259242375305 === 已经关注了
2026-03-31 17:25:01,772|line:503| 动态-点赞 OK
2026-03-31 17:25:03,772|line:519| https://t.bilibili.com/1185463715938435094
2026-03-31 17:25:07,201|line:526| 官方 或 预约 OUT！
2026-03-31 17:25:07,201|line:519| https://t.bilibili.com/1185422290984108035
2026-03-31 17:25:09,556|line:341| =========此为源动态=========
2026-03-31 17:25:12,038|line:362| *********子动态开始*********
2026-03-31 17:25:12,038|line:381| *********子动态结束*********
2026-03-31 17:25:12,038|line:537| -=-=-=-=处理回最初的动态-=-=-=-=
2026-03-31 17:25:22,307|line:475| 转发成功 1186010216128315396
2026-03-31 17:25:25,819|line:494| 评论发送成功
2026-03-31 17:25:30,242|line:424| 3546710322186667 === 已经关注了
2026-03-31 17:25:33,656|line:503| 动态-点赞 OK
2026-03-31 17:25:34,656|line:519| https://t.bilibili.com/1185470398879236098
2026-03-31 17:25:38,972|line:336| =========此为子动态=========
2026-03-31 17:25:40,439|line:400| *************原动态已存在***************
2026-03-31 17:25:43,006|line:362| *********子动态开始*********
2026-03-31 17:25:54,626|line:475| 转发成功 1186010353605017602
2026-03-31 17:25:58,100|line:494| 评论发送成功
2026-03-31 17:26:05,855|line:424| 699204462 === 已经关注了
2026-03-31 17:26:05,855|line:376| ----完成一个子动态----
2026-03-31 17:26:16,252|line:475| 转发成功 1186010448056549380
2026-03-31 17:26:19,698|line:494| 评论发送成功
2026-03-31 17:26:25,439|line:424| 346469145 === 已经关注了
2026-03-31 17:26:25,439|line:376| ----完成一个子动态----
2026-03-31 17:26:34,863|line:475| 转发成功 1186010525414195200
2026-03-31 17:26:38,311|line:494| 评论发送成功
2026-03-31 17:26:45,101|line:424| 242136088 === 已经关注了
2026-03-31 17:26:45,101|line:376| ----完成一个子动态----
2026-03-31 17:26:53,612|line:475| 转发成功 1186010606979776519
2026-03-31 17:26:57,107|line:494| 评论发送成功
2026-03-31 17:27:04,843|line:424| 1129687681 === 已经关注了
2026-03-31 17:27:04,844|line:376| ----完成一个子动态----
2026-03-31 17:27:19,177|line:475| 转发成功 1186010718667800585
2026-03-31 17:27:22,639|line:494| 评论发送成功
2026-03-31 17:27:30,401|line:424| 627553716 === 已经关注了
2026-03-31 17:27:30,401|line:376| ----完成一个子动态----
2026-03-31 17:27:30,401|line:381| *********子动态结束*********
2026-03-31 17:27:33,402|line:519| https://t.bilibili.com/1185555286770843657
2026-03-31 17:27:34,813|line:341| =========此为源动态=========
2026-03-31 17:27:36,372|line:362| *********子动态开始*********
2026-03-31 17:27:36,373|line:381| *********子动态结束*********
2026-03-31 17:27:36,373|line:537| -=-=-=-=处理回最初的动态-=-=-=-=
2026-03-31 17:27:44,857|line:475| 转发成功 1186010826067148809
2026-03-31 17:27:48,323|line:494| 评论发送成功
2026-03-31 17:27:52,759|line:424| 17236262 === 已经关注了
2026-03-31 17:27:56,122|line:503| 动态-点赞 OK
2026-03-31 17:27:58,122|line:519| https://t.bilibili.com/1185486895891611669
2026-03-31 17:28:00,470|line:526| 官方 或 预约 OUT！
2026-03-31 17:28:00,471|line:519| https://t.bilibili.com/1185409371691024406
2026-03-31 17:28:02,835|line:341| =========此为源动态=========
2026-03-31 17:28:04,246|line:362| *********子动态开始*********
2026-03-31 17:28:04,246|line:381| *********子动态结束*********
2026-03-31 17:28:04,246|line:537| -=-=-=-=处理回最初的动态-=-=-=-=
2026-03-31 17:28:12,635|line:475| 转发成功 1186010946286387224
2026-03-31 17:28:16,038|line:494| 评论发送成功
2026-03-31 17:28:17,610|line:424| 427487966 === 已经关注了
2026-03-31 17:28:21,179|line:503| 动态-点赞 OK
2026-03-31 17:28:25,179|line:519| https://t.bilibili.com/1185490172956901383
2026-03-31 17:28:28,541|line:341| =========此为源动态=========
2026-03-31 17:28:31,934|line:362| *********子动态开始*********
2026-03-31 17:28:31,934|line:381| *********子动态结束*********
2026-03-31 17:28:31,934|line:537| -=-=-=-=处理回最初的动态-=-=-=-=
2026-03-31 17:28:40,150|line:475| 转发成功 1186011066580074501
2026-03-31 17:28:43,563|line:494| 评论发送成功
2026-03-31 17:28:45,943|line:424| 3493144272309101 === 已经关注了
2026-03-31 17:28:49,269|line:503| 动态-点赞 OK
2026-03-31 17:28:50,270|line:519| https://t.bilibili.com/1185481857894973447
2026-03-31 17:28:54,870|line:526| 官方 或 预约 OUT！
2026-03-31 17:28:54,870|line:519| https://t.bilibili.com/1185403710970265606
2026-03-31 17:28:58,210|line:526| 官方 或 预约 OUT！
2026-03-31 17:28:58,210|line:519| https://t.bilibili.com/1185398801816354816
2026-03-31 17:29:00,637|line:526| 官方 或 预约 OUT！
2026-03-31 17:29:00,637|line:519| https://t.bilibili.com/1185430902359982100
2026-03-31 17:29:00,637|line:521| 已有
2026-03-31 17:29:00,637|line:519| https://t.bilibili.com/1181009748955234313
2026-03-31 17:29:04,951|line:526| 官方 或 预约 OUT！
2026-03-31 17:29:04,951|line:519| https://t.bilibili.com/1185500571061190658
2026-03-31 17:29:07,258|line:341| =========此为源动态=========
2026-03-31 17:29:08,793|line:362| *********子动态开始*********
2026-03-31 17:29:08,794|line:381| *********子动态结束*********
2026-03-31 17:29:08,794|line:537| -=-=-=-=处理回最初的动态-=-=-=-=
2026-03-31 17:29:17,152|line:475| 转发成功 1186011225493864456
2026-03-31 17:29:20,666|line:494| 评论发送成功
2026-03-31 17:29:25,099|line:424| 3546819634138053 === 已经关注了
2026-03-31 17:29:28,449|line:503| 动态-点赞 OK
2026-03-31 17:29:31,449|line:519| https://t.bilibili.com/1185529729573191683
2026-03-31 17:29:32,796|line:341| =========此为源动态=========
2026-03-31 17:29:37,325|line:362| *********子动态开始*********
2026-03-31 17:29:37,325|line:381| *********子动态结束*********
2026-03-31 17:29:37,326|line:537| -=-=-=-=处理回最初的动态-=-=-=-=
2026-03-31 17:29:46,632|line:475| 转发成功 1186011350045818901
2026-03-31 17:29:50,057|line:494| 评论发送成功
2026-03-31 17:29:54,463|line:424| 96611127 === 已经关注了
2026-03-31 17:29:57,798|line:503| 动态-点赞 OK
2026-03-31 17:30:00,798|line:519| https://t.bilibili.com/1185400667954479106
2026-03-31 17:30:03,144|line:341| =========此为源动态=========
2026-03-31 17:30:07,696|line:362| *********子动态开始*********
2026-03-31 17:30:07,696|line:381| *********子动态结束*********
2026-03-31 17:30:07,696|line:537| -=-=-=-=处理回最初的动态-=-=-=-=
2026-03-31 17:30:19,127|line:475| 转发成功 1186011487451217923
2026-03-31 17:30:22,585|line:494| 评论发送成功
2026-03-31 17:30:27,016|line:424| 1902330279 === 已经关注了
2026-03-31 17:30:30,386|line:503| 动态-点赞 OK
2026-03-31 17:30:33,386|line:519| https://t.bilibili.com/1185224151213801477
2026-03-31 17:30:37,701|line:341| =========此为源动态=========
2026-03-31 17:30:40,260|line:362| *********子动态开始*********
2026-03-31 17:30:40,261|line:381| *********子动态结束*********
2026-03-31 17:30:40,261|line:537| -=-=-=-=处理回最初的动态-=-=-=-=
2026-03-31 17:30:49,505|line:475| 转发成功 1186011620604641288
2026-03-31 17:30:52,989|line:494| 评论发送成功
2026-03-31 17:31:00,840|line:436| 关注 ==== 2547027 0
2026-03-31 17:31:04,236|line:503| 动态-点赞 OK
2026-03-31 17:31:06,237|line:519| https://t.bilibili.com/1185395503238479878
2026-03-31 17:31:06,237|line:521| 已有
2026-03-31 17:31:06,237|line:519| https://t.bilibili.com/1185489640363130883
2026-03-31 17:31:08,548|line:336| =========此为子动态=========
2026-03-31 17:31:12,937|line:387| *************原动态处理开始***************
2026-03-31 17:31:19,809|line:475| 转发成功 1186011749433737249
2026-03-31 17:31:23,250|line:494| 评论发送成功
2026-03-31 17:31:25,630|line:424| 34578193 === 已经关注了
2026-03-31 17:31:29,029|line:503| 动态-点赞 OK
2026-03-31 17:31:29,030|line:396| *************原动态处理完成***************
2026-03-31 17:31:30,658|line:362| *********子动态开始*********
2026-03-31 17:31:38,066|line:475| 转发成功 1186011826777751557
2026-03-31 17:31:41,570|line:494| 评论发送成功
2026-03-31 17:31:46,367|line:424| 396808737 === 已经关注了
2026-03-31 17:31:46,367|line:376| ----完成一个子动态----
2026-03-31 17:31:46,368|line:381| *********子动态结束*********
2026-03-31 17:31:49,368|line:519| https://t.bilibili.com/1185568629064728614
2026-03-31 17:31:51,754|line:341| =========此为源动态=========
2026-03-31 17:31:54,170|line:362| *********子动态开始*********
2026-03-31 17:31:54,170|line:381| *********子动态结束*********
2026-03-31 17:31:54,170|line:537| -=-=-=-=处理回最初的动态-=-=-=-=
2026-03-31 17:32:06,488|line:475| 转发成功 1186011951295102999
2026-03-31 17:32:09,904|line:494| 评论发送成功
2026-03-31 17:32:16,763|line:436| 关注 ==== 3546814034741408 0
2026-03-31 17:32:20,136|line:503| 动态-点赞 OK
2026-03-31 17:32:21,136|line:519| https://t.bilibili.com/1185208380090744864
2026-03-31 17:32:25,510|line:341| =========此为源动态=========
2026-03-31 17:32:30,068|line:362| *********子动态开始*********
2026-03-31 17:32:30,069|line:381| *********子动态结束*********
2026-03-31 17:32:30,069|line:537| -=-=-=-=处理回最初的动态-=-=-=-=
2026-03-31 17:32:40,437|line:475| 转发成功 1186012097323991049
2026-03-31 17:32:43,900|line:494| 评论发送成功
2026-03-31 17:32:48,331|line:424| 100680137 === 已经关注了
2026-03-31 17:32:51,657|line:503| 动态-点赞 OK
2026-03-31 17:32:55,657|line:519| https://t.bilibili.com/1185492371961282568
2026-03-31 17:32:56,962|line:526| 官方 或 预约 OUT！
2026-03-31 17:32:56,963|line:519| https://t.bilibili.com/1185415453376249872
2026-03-31 17:32:56,963|line:521| 已有
2026-03-31 17:32:56,963|line:519| https://t.bilibili.com/1185392921958940675
2026-03-31 17:32:59,319|line:336| =========此为子动态=========
2026-03-31 17:33:01,696|line:400| *************原动态已存在***************
2026-03-31 17:33:05,297|line:362| *********子动态开始*********
2026-03-31 17:33:14,730|line:475| 转发成功 1186012243393773577
2026-03-31 17:33:18,222|line:494| 评论发送成功
2026-03-31 17:33:23,012|line:424| 401739957 === 已经关注了
2026-03-31 17:33:23,012|line:376| ----完成一个子动态----
2026-03-31 17:33:23,013|line:381| *********子动态结束*********
2026-03-31 17:33:24,014|line:519| https://t.bilibili.com/1183710982716784658
2026-03-31 17:33:25,413|line:336| =========此为子动态=========
2026-03-31 17:33:28,828|line:400| *************原动态已存在***************
2026-03-31 17:33:33,367|line:362| *********子动态开始*********
2026-03-31 17:33:39,753|line:475| 转发成功 1186012350741741592
2026-03-31 17:33:43,245|line:494| 评论发送成功
2026-03-31 17:33:49,973|line:424| 1129687681 === 已经关注了
2026-03-31 17:33:49,973|line:376| ----完成一个子动态----
2026-03-31 17:33:49,975|line:381| *********子动态结束*********
2026-03-31 17:33:51,975|line:519| https://t.bilibili.com/1185551470684012576
2026-03-31 17:33:55,400|line:341| =========此为源动态=========
2026-03-31 17:33:57,778|line:362| *********子动态开始*********
2026-03-31 17:33:57,778|line:381| *********子动态结束*********
2026-03-31 17:33:57,779|line:537| -=-=-=-=处理回最初的动态-=-=-=-=
2026-03-31 17:34:05,111|line:475| 转发成功 1186012458142138392
2026-03-31 17:34:08,613|line:494| 评论发送成功
2026-03-31 17:34:11,058|line:424| 238623328 === 已经关注了
2026-03-31 17:34:14,546|line:503| 动态-点赞 OK
2026-03-31 17:34:16,547|line:552| 执行结束
2026-03-31 17:34:16,547|line:558| ==================================================2026-04-01 01:34==================================================
2026-03-31 17:34:16,547|line:232| processing article 47317347
2026-03-31 17:34:19,263|line:507| ==================================================2026-04-01 01:34==================================================
2026-03-31 17:34:19,264|line:232| processing article 47317173
2026-03-31 17:34:22,950|line:507| ==================================================2026-04-01 01:34==================================================
2026-03-31 17:34:50,641|line:578| ('reply: ', '榄菊官方', '[给心心]')
2026-03-31 17:34:50,641|line:578| ('reply: ', '吓死我啦芙莱', '并不是')
2026-03-31 17:34:50,641|line:578| ('reply: ', '花生十三-公考行测', '68')
2026-03-31 17:34:50,641|line:578| ('reply: ', '三鹿七茸猫尾巴', '[夏诺雅表情包_？？？]')
2026-03-31 17:34:50,642|line:578| ('reply: ', '小闪闪bling', 'hhh腾子买库洛让我感觉他自己有点不太想出大世界了')
2026-03-31 17:34:50,642|line:578| ('reply: ', '魔改后远野汉娜', '不是，这……')
2026-03-31 17:34:50,642|line:578| ('reply: ', '好像都是一个人', '你在说什么')
2026-03-31 17:34:50,642|line:578| ('reply: ', '目标咨询', '太宠粉了啊')
2026-03-31 17:34:50,642|line:578| ('reply: ', '数玩工场', '祝你成功')
2026-03-31 17:34:50,642|line:578| ('reply: ', '益家有小佰', '恭喜宝子，获得小电视月度会员1份和克刻冰冰猴喉糖随机口味1份～记得私信小佰提供信息哦~')
2026-03-31 17:34:50,642|line:578| ('reply: ', '圆环之理-Madoka', '是的')
2026-03-31 17:34:50,642|line:578| ('reply: ', '兰的三姨', '这就是银河巨星的实力！')
2026-03-31 17:34:50,643|line:578| ('reply: ', '花园百合铃音', '有男不玩，我只吃麻辣火锅，xxn滚[吃瓜]')
2026-03-31 17:34:50,643|line:578| ('reply: ', '是绝赞的阿鬼', '[tv_难过]')
2026-03-31 17:34:50,643|line:578| ('reply: ', '桃稚不幼稚', '还行')
2026-03-31 17:34:50,643|line:578| ('reply: ', '陌罔子吖', '佬，这个报名有啥条件不。最近太非了，想下次报来抽[脱单doge][脱单doge][脱单doge]')
2026-03-31 17:34:50,643|line:578| ('reply: ', '太二酸菜鱼', '恭喜成为本期欧皇[打call]获得【肥龙联名显眼包】1份，在收到本信息的两天内回复哥的私信哦~逾期哥就自己收啦！[脱单doge]')
2026-03-31 17:34:50,643|line:578| ('reply: ', '得一想二的松鼠', '中奖分我一半')
2026-03-31 17:34:50,643|line:578| ('reply: ', '佑凉Uriyoo', '谢谢！！！[UP_24967030_感恩]')
2026-03-31 17:34:50,643|line:578| ('reply: ', '岛莓祁', '好耶')
2026-03-31 17:34:54,052|line:587| ('at: ', '电脑报', '恭喜@小小Shaun UID：1090970340，@-叶晓吖  UID：22437099  获得 【电竞大礼包】1份， 请在三日内私信我')
2026-03-31 17:34:54,052|line:587| ('at: ', '联想拯救者官方', '是我喜欢的奖品名单 直接开奖 上 趁现在没人偷摸开个奖 恭喜这些小伙伴 【拯救者7.1声卡H7游戏耳机】获奖名单 @泪水打湿猪脚饭o @xoomoon @小小Shaun @T山海连云T @超超超超薄脆饼干 @BerboomC 【拯救者C140氮化镓适配器】获奖名单 @改个天凉好个秋 @夜猫子牙不好 @LLL好久不见 @林殇倾慕婉 @今天也要拥抱微风 @洳不及我万一 @胜利の天平 【白金独角兽电竞鼠标】获奖名单 @底片上的诗旅人 【拯救者C170氮化镓适配器】获奖名单 @麦當劳无限好 @無名丶の辈 @任性的提莫 @广东有暖风 由于B站私信规则修改 我会私信中奖的小伙伴一条消息，还请注意查收并回复我您的收货地址与联系方式，奖品基本会在私信您信息后的三十个工作日内发货')
2026-03-31 17:34:54,052|line:587| ('at: ', 'Apexgaming艾湃电竞', '恭喜 @小小Shaun 获得饮料一份，三天内联系我，过时不候！')
2026-03-31 17:34:54,052|line:587| ('at: ', '喜欢白毛有什么不好', '1 @浪子游2fans6@被_____打下来的飞机@拉斯特臣后面一个点@专心致志的学生@猫猫头OmMeow@小小Shaun@龐門左道@啦啦痴痴腻@bili_66938050009@日月星辰668')
2026-03-31 17:34:54,052|line:587| ('at: ', 'iKF蓝牙耳机', '恭喜@小小Shaun 宝子成为苏泊尔福利动态幸运儿！\n注意：即日起72小时内回复信息确认领奖哦！逾期将自动视为放弃中奖资格。\n没有中奖的宝子们不要气馁，参与一下下置顶视频iKF Mars，增加欧气值，说不定下个幸运儿就是你！\n链接：\nhttps://www.bilibili.com/video/BV1Soo6YLEHZ/?spm_id_from=333.1387.list.card_archive.click&vd_source=21fb0967ccc75e6b3b2447ade2c740dd\n还没参与抽奖的宝子们，赶紧点击上方链接参与吧！还有特别福利惊喜等你哦~')
2026-03-31 17:34:54,052|line:587| ('at: ', 'wellymerck威利默克', '恭喜@小小Shaun\xa0 获得《我是你的小狗3 永远等你回家》1本，请于5天内联系威宝，凭关注+互动截图领取奖品，逾期作废~')
2026-03-31 17:34:54,053|line:587| ('at: ', '宁美NINGMEI', '恭喜@小小Shaun   中奖，请在12月1日24点前私信我：1. 奖品+中奖信息a. 实物奖：姓名电话地址，给文字！省市区路清晰，提交不清晰不发奖，信息错误致无法签收，概不负责；\n\nb. 现金红包给到支付宝实名+账号；\n\nc. 京东卡/猫超卡 等购物卡给到姓名+电话；2. 宁美和品牌方关注截图+转发截图！\n\n必须关注品牌方，否则奖品不予发放；如遇无法私信图片的情况，等待我回复后即可发送图片。PS： \n\n因后台收信有时会出问题，以回复“已登记”为准，没有回复即表示私信未收到。\n\n过期视为自动放弃，不会补发；奖品30个工作日内发送，勿催哦~\n\n不发全，不回复。其他小伙伴请继续努力！')
2026-03-31 17:34:54,053|line:587| ('at: ', '爱玛电动车官方账号', '#一“玛”当先榜# 快来看看10月都是谁和爱玛酱互动最多呀~ 💕恭喜@小小Shaun 和@甘瑞凯拉莎 排行第一！这两位小玛达将会获得【爱玛随机周边×1】，请5天内私信爱玛酱领奖哟~[鼓掌] 以后也请继续单推我无敌可爱美少女爱玛酱呀嘿嘿！(●´З｀●)')
2026-03-31 17:34:54,053|line:587| ('at: ', '爱玛电动车官方账号', '')
2026-03-31 17:34:54,053|line:587| ('at: ', '海露滴眼液', '互动榜出炉啦')
2026-03-31 17:34:54,053|line:587| ('at: ', '和蔼可亲桃白白', '\u200b//@九号公司:\u200b恭喜@小小Shaun 中奖！后续记得查收私信哟～\u200b//@九号公司:#互动抽奖# 谢谢粒粒的复工礼！小九也来加个码~关注【@微粒贷+@九号公司 】并转发该动态，抽一位小可爱获得【100元京东卡】~ #供电局福利社# 10月31日抽出！')
2026-03-31 17:34:54,053|line:587| ('at: ', '望大家身体健康快乐', '\u200b//@九号公司:\u200b恭喜@小小Shaun 中奖！后续记得查收私信哟～\u200b//@九号公司 :#互动抽奖# 谢谢粒粒的复工礼！小九也来加个码~关注【@微粒贷+@九号公司 】并转发该动态，抽一位小可爱获得【100元京东卡】~ #供电局福利社# 10月31日抽出！')
2026-03-31 17:34:54,053|line:587| ('at: ', 'MoMA_Reona', '//@九号公司:\u200b恭喜@小小Shaun 中奖！后续记得查收私信哟～\u200b//@九号公司:#互动抽奖# 谢谢粒粒的复工礼！小九也来加个码~关注【@微粒贷+@九号公司 】并转发该动态，抽一位小可爱获得【100元京东卡】~ #供电局福利社# 10月31日抽出！')
2026-03-31 17:34:54,053|line:587| ('at: ', '摸鱼二队', '\u200b//@九号公司:\u200b恭喜@小小Shaun 中奖！后续记得查收私信哟～\u200b//@九号公司 :#互动抽奖# 谢谢粒粒的复工礼！小九也来加个码~关注【@微粒贷+@九号公司 】并转发该动态，抽一位小可爱获得【100元京东卡】~ #供电局福利社# 10月31日抽出！')
2026-03-31 17:34:54,053|line:587| ('at: ', '文少嘅一些事一些情', '\u200b//@九号公司:\u200b恭喜@小小Shaun 中奖！后续记得查收私信哟～\u200b//@九号公司 :#互动抽奖# 谢谢粒粒的复工礼！小九也来加个码~关注【@微粒贷+@九号公司 】并转发该动态，抽一位小可爱获得【100元京东卡】~ #供电局福利社# 10月31日抽出！')
2026-03-31 17:34:54,054|line:587| ('at: ', 'Carry队友的嘟嘟酱丶', '\u200b//@九号公司:\u200b恭喜@小小Shaun 中奖！后续记得查收私信哟～\u200b//@九号公司 :#互动抽奖# 谢谢粒粒的复工礼！小九也来加个码~关注【@微粒贷+@九号公司 】并转发该动态，抽一位小可爱获得【100元京东卡】~ #供电局福利社# 10月31日抽出！')
2026-03-31 17:34:54,054|line:587| ('at: ', '蛤蟆zero', '//@九号公司:\u200b恭喜@小小Shaun 中奖！后续记得查收私信哟～\u200b//@九号公司:#互动抽奖# 谢谢粒粒的复工礼！小九也来加个码~关注【@微粒贷+@九号公司 】并转发该动态，抽一位小可爱获得【100元京东卡】~ #供电局福利社# 10月31日抽出！c冲冲冲')
2026-03-31 17:34:54,054|line:587| ('at: ', '木而各子要吃笃栗子', '\u200b//@九号公司:\u200b恭喜@小小Shaun 中奖！后续记得查收私信哟～\u200b//@九号公司 :#互动抽奖# 谢谢粒粒的复工礼！小九也来加个码~关注【@微粒贷+@九号公司 】并转发该动态，抽一位小可爱获得【100元京东卡】~ #供电局福利社# 10月31日抽出！')
2026-03-31 17:34:54,054|line:587| ('at: ', '裙下愚臣情默默', '\u200b//@九号公司:\u200b恭喜@小小Shaun 中奖！后续记得查收私信哟～\u200b//@九号公司 :#互动抽奖# 谢谢粒粒的复工礼！小九也来加个码~关注【@微粒贷+@九号公司 】并转发该动态，抽一位小可爱获得【100元京东卡】~ #供电局福利社# 10月31日抽出！')
2026-03-31 17:34:54,054|line:587| ('at: ', '戊子毕宿', '')
