2026-07-22 17:35:16,365|line:232| processing article 51716479
2026-07-22 17:35:19,114|line:507| ==================================================2026-07-23 01:35==================================================
2026-07-22 17:35:19,114|line:232| processing article 51722509
2026-07-22 17:35:20,629|line:507| ==================================================2026-07-23 01:35==================================================
2026-07-22 17:35:20,629|line:232| processing article 51719644
2026-07-22 17:35:23,159|line:507| ==================================================2026-07-23 01:35==================================================
2026-07-22 17:35:23,159|line:232| processing article 51714847
2026-07-22 17:35:27,197|line:507| ==================================================2026-07-23 01:35==================================================
2026-07-22 17:35:27,197|line:519| https://t.bilibili.com/1225595194584334338
2026-07-22 17:35:30,486|line:346| Expecting value: line 1 column 1 (char 0)
2026-07-22 17:35:30,487|line:347| error line:319
2026-07-22 17:35:30,488|line:533| *#*#*#*#*#*#*#*#*#*原动态处理失败*#*#*#*#*#*#*#*#*#
2026-07-22 17:35:30,488|line:519| https://t.bilibili.com/1218580726998368260
2026-07-22 17:35:32,707|line:346| Expecting value: line 1 column 1 (char 0)
2026-07-22 17:35:32,707|line:347| error line:319
2026-07-22 17:35:32,708|line:533| *#*#*#*#*#*#*#*#*#*原动态处理失败*#*#*#*#*#*#*#*#*#
2026-07-22 17:35:32,708|line:519| https://t.bilibili.com/1226384910165475352
2026-07-22 17:35:36,926|line:346| Expecting value: line 1 column 1 (char 0)
2026-07-22 17:35:36,926|line:347| error line:319
2026-07-22 17:35:36,927|line:533| *#*#*#*#*#*#*#*#*#*原动态处理失败*#*#*#*#*#*#*#*#*#
2026-07-22 17:35:36,928|line:519| https://t.bilibili.com/1222913850773340165
2026-07-22 17:35:39,149|line:346| Expecting value: line 1 column 1 (char 0)
2026-07-22 17:35:39,149|line:347| error line:319
2026-07-22 17:35:39,150|line:533| *#*#*#*#*#*#*#*#*#*原动态处理失败*#*#*#*#*#*#*#*#*#
2026-07-22 17:35:39,150|line:519| https://t.bilibili.com/1222509196159746115
2026-07-22 17:35:40,371|line:346| Expecting value: line 1 column 1 (char 0)
2026-07-22 17:35:40,371|line:347| error line:319
2026-07-22 17:35:40,372|line:533| *#*#*#*#*#*#*#*#*#*原动态处理失败*#*#*#*#*#*#*#*#*#
2026-07-22 17:35:40,373|line:519| https://t.bilibili.com/1223346955274420229
2026-07-22 17:35:43,589|line:346| Expecting value: line 1 column 1 (char 0)
2026-07-22 17:35:43,589|line:347| error line:319
2026-07-22 17:35:43,591|line:533| *#*#*#*#*#*#*#*#*#*原动态处理失败*#*#*#*#*#*#*#*#*#
2026-07-22 17:35:43,591|line:519| https://t.bilibili.com/1223416967562526738
2026-07-22 17:35:47,927|line:346| Expecting value: line 1 column 1 (char 0)
2026-07-22 17:35:47,928|line:347| error line:319
2026-07-22 17:35:47,929|line:533| *#*#*#*#*#*#*#*#*#*原动态处理失败*#*#*#*#*#*#*#*#*#
2026-07-22 17:35:47,929|line:519| https://t.bilibili.com/1220770189650427925
2026-07-22 17:35:51,179|line:346| Expecting value: line 1 column 1 (char 0)
2026-07-22 17:35:51,179|line:347| error line:319
2026-07-22 17:35:51,180|line:533| *#*#*#*#*#*#*#*#*#*原动态处理失败*#*#*#*#*#*#*#*#*#
2026-07-22 17:35:51,180|line:519| https://t.bilibili.com/1225602319919349764
2026-07-22 17:35:54,476|line:346| Expecting value: line 1 column 1 (char 0)
2026-07-22 17:35:54,476|line:347| error line:319
2026-07-22 17:35:54,477|line:533| *#*#*#*#*#*#*#*#*#*原动态处理失败*#*#*#*#*#*#*#*#*#
2026-07-22 17:35:54,477|line:519| https://t.bilibili.com/1223019867745026056
2026-07-22 17:35:55,714|line:346| Expecting value: line 1 column 1 (char 0)
2026-07-22 17:35:55,714|line:347| error line:319
2026-07-22 17:35:55,715|line:533| *#*#*#*#*#*#*#*#*#*原动态处理失败*#*#*#*#*#*#*#*#*#
2026-07-22 17:35:55,715|line:519| https://t.bilibili.com/1216973988285120521
2026-07-22 17:35:57,934|line:346| Expecting value: line 1 column 1 (char 0)
2026-07-22 17:35:57,934|line:347| error line:319
2026-07-22 17:35:57,935|line:533| *#*#*#*#*#*#*#*#*#*原动态处理失败*#*#*#*#*#*#*#*#*#
2026-07-22 17:35:57,935|line:519| https://t.bilibili.com/1195619595614945281
2026-07-22 17:35:59,155|line:346| Expecting value: line 1 column 1 (char 0)
2026-07-22 17:35:59,155|line:347| error line:319
2026-07-22 17:35:59,156|line:533| *#*#*#*#*#*#*#*#*#*原动态处理失败*#*#*#*#*#*#*#*#*#
2026-07-22 17:35:59,156|line:519| https://t.bilibili.com/1224548910473674760
2026-07-22 17:36:00,472|line:346| Expecting value: line 1 column 1 (char 0)
2026-07-22 17:36:00,473|line:347| error line:319
2026-07-22 17:36:00,474|line:533| *#*#*#*#*#*#*#*#*#*原动态处理失败*#*#*#*#*#*#*#*#*#
2026-07-22 17:36:00,474|line:519| https://t.bilibili.com/1222149677331251209
2026-07-22 17:36:02,794|line:346| Expecting value: line 1 column 1 (char 0)
2026-07-22 17:36:02,794|line:347| error line:319
2026-07-22 17:36:02,795|line:533| *#*#*#*#*#*#*#*#*#*原动态处理失败*#*#*#*#*#*#*#*#*#
2026-07-22 17:36:02,795|line:519| https://t.bilibili.com/1225138330326270009
2026-07-22 17:36:04,015|line:346| Expecting value: line 1 column 1 (char 0)
2026-07-22 17:36:04,016|line:347| error line:319
2026-07-22 17:36:04,017|line:533| *#*#*#*#*#*#*#*#*#*原动态处理失败*#*#*#*#*#*#*#*#*#
2026-07-22 17:36:04,017|line:519| https://t.bilibili.com/1225136006729039877
2026-07-22 17:36:06,239|line:346| Expecting value: line 1 column 1 (char 0)
2026-07-22 17:36:06,239|line:347| error line:319
2026-07-22 17:36:06,240|line:533| *#*#*#*#*#*#*#*#*#*原动态处理失败*#*#*#*#*#*#*#*#*#
2026-07-22 17:36:06,240|line:519| https://t.bilibili.com/1224389382470893576
2026-07-22 17:36:07,462|line:346| Expecting value: line 1 column 1 (char 0)
2026-07-22 17:36:07,462|line:347| error line:319
2026-07-22 17:36:07,463|line:533| *#*#*#*#*#*#*#*#*#*原动态处理失败*#*#*#*#*#*#*#*#*#
2026-07-22 17:36:07,463|line:519| https://t.bilibili.com/1224466833607753734
2026-07-22 17:36:10,682|line:346| Expecting value: line 1 column 1 (char 0)
2026-07-22 17:36:10,682|line:347| error line:319
2026-07-22 17:36:10,683|line:533| *#*#*#*#*#*#*#*#*#*原动态处理失败*#*#*#*#*#*#*#*#*#
2026-07-22 17:36:10,683|line:519| https://t.bilibili.com/1227099493946621987
2026-07-22 17:36:13,000|line:346| Expecting value: line 1 column 1 (char 0)
2026-07-22 17:36:13,000|line:347| error line:319
2026-07-22 17:36:13,001|line:533| *#*#*#*#*#*#*#*#*#*原动态处理失败*#*#*#*#*#*#*#*#*#
2026-07-22 17:36:13,001|line:519| https://t.bilibili.com/1221539413961474056
2026-07-22 17:36:16,221|line:346| Expecting value: line 1 column 1 (char 0)
2026-07-22 17:36:16,222|line:347| error line:319
2026-07-22 17:36:16,223|line:533| *#*#*#*#*#*#*#*#*#*原动态处理失败*#*#*#*#*#*#*#*#*#
2026-07-22 17:36:16,223|line:519| https://t.bilibili.com/1224879412514652165
2026-07-22 17:36:18,441|line:346| Expecting value: line 1 column 1 (char 0)
2026-07-22 17:36:18,442|line:347| error line:319
2026-07-22 17:36:18,442|line:533| *#*#*#*#*#*#*#*#*#*原动态处理失败*#*#*#*#*#*#*#*#*#
2026-07-22 17:36:18,443|line:519| https://t.bilibili.com/1219724884795457574
2026-07-22 17:36:19,759|line:346| Expecting value: line 1 column 1 (char 0)
2026-07-22 17:36:19,759|line:347| error line:319
2026-07-22 17:36:19,760|line:533| *#*#*#*#*#*#*#*#*#*原动态处理失败*#*#*#*#*#*#*#*#*#
2026-07-22 17:36:19,760|line:519| https://t.bilibili.com/1222911381191262244
2026-07-22 17:36:22,984|line:346| Expecting value: line 1 column 1 (char 0)
2026-07-22 17:36:22,985|line:347| error line:319
2026-07-22 17:36:22,985|line:533| *#*#*#*#*#*#*#*#*#*原动态处理失败*#*#*#*#*#*#*#*#*#
2026-07-22 17:36:22,986|line:519| https://t.bilibili.com/1223054017045725189
2026-07-22 17:36:27,330|line:346| Expecting value: line 1 column 1 (char 0)
2026-07-22 17:36:27,330|line:347| error line:319
2026-07-22 17:36:27,331|line:533| *#*#*#*#*#*#*#*#*#*原动态处理失败*#*#*#*#*#*#*#*#*#
2026-07-22 17:36:27,331|line:519| https://t.bilibili.com/1224854467309993993
2026-07-22 17:36:28,714|line:346| Expecting value: line 1 column 1 (char 0)
2026-07-22 17:36:28,714|line:347| error line:319
2026-07-22 17:36:28,715|line:533| *#*#*#*#*#*#*#*#*#*原动态处理失败*#*#*#*#*#*#*#*#*#
2026-07-22 17:36:28,715|line:519| https://t.bilibili.com/1219756598845505536
2026-07-22 17:36:30,956|line:346| Expecting value: line 1 column 1 (char 0)
2026-07-22 17:36:30,956|line:347| error line:319
2026-07-22 17:36:30,957|line:533| *#*#*#*#*#*#*#*#*#*原动态处理失败*#*#*#*#*#*#*#*#*#
2026-07-22 17:36:30,958|line:519| https://t.bilibili.com/1225477890430206001
2026-07-22 17:36:33,178|line:346| Expecting value: line 1 column 1 (char 0)
2026-07-22 17:36:33,178|line:347| error line:319
2026-07-22 17:36:33,179|line:533| *#*#*#*#*#*#*#*#*#*原动态处理失败*#*#*#*#*#*#*#*#*#
2026-07-22 17:36:33,180|line:519| https://t.bilibili.com/1217714006886711334
2026-07-22 17:36:35,496|line:346| Expecting value: line 1 column 1 (char 0)
2026-07-22 17:36:35,497|line:347| error line:319
2026-07-22 17:36:35,498|line:533| *#*#*#*#*#*#*#*#*#*原动态处理失败*#*#*#*#*#*#*#*#*#
2026-07-22 17:36:35,498|line:519| https://t.bilibili.com/1219756263859027992
2026-07-22 17:36:36,801|line:346| Expecting value: line 1 column 1 (char 0)
2026-07-22 17:36:36,801|line:347| error line:319
2026-07-22 17:36:36,802|line:533| *#*#*#*#*#*#*#*#*#*原动态处理失败*#*#*#*#*#*#*#*#*#
2026-07-22 17:36:36,803|line:552| 执行结束
2026-07-22 17:36:36,803|line:556| 执行失败，错误数量为29
2026-07-22 17:36:36,803|line:558| ==================================================2026-07-23 01:36==================================================
2026-07-22 17:36:36,803|line:232| processing article 51714770
2026-07-22 17:36:40,319|line:507| ==================================================2026-07-23 01:36==================================================
2026-07-22 17:36:40,319|line:232| processing article 51693963
2026-07-22 17:36:42,798|line:507| ==================================================2026-07-23 01:36==================================================
2026-07-22 17:36:42,798|line:232| processing article 51690373
2026-07-22 17:36:47,886|line:507| ==================================================2026-07-23 01:36==================================================
2026-07-22 17:36:47,887|line:519| https://t.bilibili.com/1227296821970206729
2026-07-22 17:36:50,207|line:346| Expecting value: line 1 column 1 (char 0)
2026-07-22 17:36:50,207|line:347| error line:319
2026-07-22 17:36:50,208|line:533| *#*#*#*#*#*#*#*#*#*原动态处理失败*#*#*#*#*#*#*#*#*#
2026-07-22 17:36:50,208|line:519| https://t.bilibili.com/1227350302849499143
2026-07-22 17:36:51,461|line:346| Expecting value: line 1 column 1 (char 0)
2026-07-22 17:36:51,461|line:347| error line:319
2026-07-22 17:36:51,462|line:533| *#*#*#*#*#*#*#*#*#*原动态处理失败*#*#*#*#*#*#*#*#*#
2026-07-22 17:36:51,462|line:519| https://t.bilibili.com/1227058142025613313
2026-07-22 17:36:54,841|line:346| Expecting value: line 1 column 1 (char 0)
2026-07-22 17:36:54,842|line:347| error line:319
2026-07-22 17:36:54,843|line:533| *#*#*#*#*#*#*#*#*#*原动态处理失败*#*#*#*#*#*#*#*#*#
2026-07-22 17:36:54,843|line:519| https://t.bilibili.com/1227415771064303624
2026-07-22 17:36:59,118|line:346| Expecting value: line 1 column 1 (char 0)
2026-07-22 17:36:59,118|line:347| error line:319
2026-07-22 17:36:59,119|line:533| *#*#*#*#*#*#*#*#*#*原动态处理失败*#*#*#*#*#*#*#*#*#
2026-07-22 17:36:59,119|line:519| https://t.bilibili.com/1227383850863165447
2026-07-22 17:37:00,336|line:346| Expecting value: line 1 column 1 (char 0)
2026-07-22 17:37:00,336|line:347| error line:319
2026-07-22 17:37:00,337|line:533| *#*#*#*#*#*#*#*#*#*原动态处理失败*#*#*#*#*#*#*#*#*#
2026-07-22 17:37:00,338|line:519| https://t.bilibili.com/1226987640142692361
2026-07-22 17:37:01,561|line:346| Expecting value: line 1 column 1 (char 0)
2026-07-22 17:37:01,561|line:347| error line:319
2026-07-22 17:37:01,563|line:533| *#*#*#*#*#*#*#*#*#*原动态处理失败*#*#*#*#*#*#*#*#*#
2026-07-22 17:37:01,563|line:519| https://t.bilibili.com/1225602319919349764
2026-07-22 17:37:04,781|line:346| Expecting value: line 1 column 1 (char 0)
2026-07-22 17:37:04,781|line:347| error line:319
2026-07-22 17:37:04,782|line:533| *#*#*#*#*#*#*#*#*#*原动态处理失败*#*#*#*#*#*#*#*#*#
2026-07-22 17:37:04,783|line:519| https://t.bilibili.com/1227145651963297825
2026-07-22 17:37:07,043|line:346| Expecting value: line 1 column 1 (char 0)
2026-07-22 17:37:07,044|line:347| error line:319
2026-07-22 17:37:07,045|line:533| *#*#*#*#*#*#*#*#*#*原动态处理失败*#*#*#*#*#*#*#*#*#
2026-07-22 17:37:07,045|line:519| https://t.bilibili.com/1227448116466155537
2026-07-22 17:37:09,347|line:346| Expecting value: line 1 column 1 (char 0)
2026-07-22 17:37:09,347|line:347| error line:319
2026-07-22 17:37:09,348|line:533| *#*#*#*#*#*#*#*#*#*原动态处理失败*#*#*#*#*#*#*#*#*#
2026-07-22 17:37:09,348|line:519| https://t.bilibili.com/1227369759098535959
2026-07-22 17:37:12,647|line:346| Expecting value: line 1 column 1 (char 0)
2026-07-22 17:37:12,647|line:347| error line:319
2026-07-22 17:37:12,648|line:533| *#*#*#*#*#*#*#*#*#*原动态处理失败*#*#*#*#*#*#*#*#*#
2026-07-22 17:37:12,649|line:519| https://t.bilibili.com/1227395140162682887
2026-07-22 17:37:15,948|line:346| Expecting value: line 1 column 1 (char 0)
2026-07-22 17:37:15,949|line:347| error line:319
2026-07-22 17:37:15,950|line:533| *#*#*#*#*#*#*#*#*#*原动态处理失败*#*#*#*#*#*#*#*#*#
2026-07-22 17:37:15,950|line:519| https://t.bilibili.com/1227462657051721731
2026-07-22 17:37:20,191|line:346| Expecting value: line 1 column 1 (char 0)
2026-07-22 17:37:20,191|line:347| error line:319
2026-07-22 17:37:20,192|line:533| *#*#*#*#*#*#*#*#*#*原动态处理失败*#*#*#*#*#*#*#*#*#
2026-07-22 17:37:20,192|line:519| https://t.bilibili.com/1227477240659312642
2026-07-22 17:37:24,413|line:346| Expecting value: line 1 column 1 (char 0)
2026-07-22 17:37:24,413|line:347| error line:319
2026-07-22 17:37:24,414|line:533| *#*#*#*#*#*#*#*#*#*原动态处理失败*#*#*#*#*#*#*#*#*#
2026-07-22 17:37:24,414|line:519| https://t.bilibili.com/1227407546206126121
2026-07-22 17:37:27,635|line:346| Expecting value: line 1 column 1 (char 0)
2026-07-22 17:37:27,635|line:347| error line:319
2026-07-22 17:37:27,636|line:533| *#*#*#*#*#*#*#*#*#*原动态处理失败*#*#*#*#*#*#*#*#*#
2026-07-22 17:37:27,636|line:519| https://t.bilibili.com/1227150479548481545
2026-07-22 17:37:30,909|line:346| Expecting value: line 1 column 1 (char 0)
2026-07-22 17:37:30,909|line:347| error line:319
2026-07-22 17:37:30,910|line:533| *#*#*#*#*#*#*#*#*#*原动态处理失败*#*#*#*#*#*#*#*#*#
2026-07-22 17:37:30,910|line:519| https://t.bilibili.com/1227143884622004246
2026-07-22 17:37:32,134|line:346| Expecting value: line 1 column 1 (char 0)
2026-07-22 17:37:32,134|line:347| error line:319
2026-07-22 17:37:32,135|line:533| *#*#*#*#*#*#*#*#*#*原动态处理失败*#*#*#*#*#*#*#*#*#
2026-07-22 17:37:32,135|line:519| https://t.bilibili.com/1227472449596030982
2026-07-22 17:37:35,373|line:346| Expecting value: line 1 column 1 (char 0)
2026-07-22 17:37:35,373|line:347| error line:319
2026-07-22 17:37:35,374|line:533| *#*#*#*#*#*#*#*#*#*原动态处理失败*#*#*#*#*#*#*#*#*#
2026-07-22 17:37:35,374|line:519| https://t.bilibili.com/1227440441365889031
2026-07-22 17:37:38,675|line:346| Expecting value: line 1 column 1 (char 0)
2026-07-22 17:37:38,675|line:347| error line:319
2026-07-22 17:37:38,676|line:533| *#*#*#*#*#*#*#*#*#*原动态处理失败*#*#*#*#*#*#*#*#*#
2026-07-22 17:37:38,676|line:519| https://t.bilibili.com/1226981661567090720
2026-07-22 17:37:40,036|line:346| Expecting value: line 1 column 1 (char 0)
2026-07-22 17:37:40,036|line:347| error line:319
2026-07-22 17:37:40,037|line:533| *#*#*#*#*#*#*#*#*#*原动态处理失败*#*#*#*#*#*#*#*#*#
2026-07-22 17:37:40,037|line:519| https://t.bilibili.com/1227431327418023945
2026-07-22 17:37:44,276|line:346| Expecting value: line 1 column 1 (char 0)
2026-07-22 17:37:44,276|line:347| error line:319
2026-07-22 17:37:44,277|line:533| *#*#*#*#*#*#*#*#*#*原动态处理失败*#*#*#*#*#*#*#*#*#
2026-07-22 17:37:44,277|line:519| https://t.bilibili.com/1227505978279198728
2026-07-22 17:37:47,576|line:346| Expecting value: line 1 column 1 (char 0)
2026-07-22 17:37:47,576|line:347| error line:319
2026-07-22 17:37:47,577|line:533| *#*#*#*#*#*#*#*#*#*原动态处理失败*#*#*#*#*#*#*#*#*#
2026-07-22 17:37:47,577|line:519| https://t.bilibili.com/1227157609149104130
2026-07-22 17:37:48,889|line:346| Expecting value: line 1 column 1 (char 0)
2026-07-22 17:37:48,889|line:347| error line:319
2026-07-22 17:37:48,890|line:533| *#*#*#*#*#*#*#*#*#*原动态处理失败*#*#*#*#*#*#*#*#*#
2026-07-22 17:37:48,891|line:519| https://t.bilibili.com/1226962207501189122
2026-07-22 17:37:50,109|line:346| Expecting value: line 1 column 1 (char 0)
2026-07-22 17:37:50,109|line:347| error line:319
2026-07-22 17:37:50,110|line:533| *#*#*#*#*#*#*#*#*#*原动态处理失败*#*#*#*#*#*#*#*#*#
2026-07-22 17:37:50,111|line:519| https://t.bilibili.com/1227472449625391110
2026-07-22 17:37:54,328|line:346| Expecting value: line 1 column 1 (char 0)
2026-07-22 17:37:54,329|line:347| error line:319
2026-07-22 17:37:54,330|line:533| *#*#*#*#*#*#*#*#*#*原动态处理失败*#*#*#*#*#*#*#*#*#
2026-07-22 17:37:54,330|line:519| https://t.bilibili.com/1227399660646170633
2026-07-22 17:37:56,546|line:346| Expecting value: line 1 column 1 (char 0)
2026-07-22 17:37:56,546|line:347| error line:319
2026-07-22 17:37:56,547|line:533| *#*#*#*#*#*#*#*#*#*原动态处理失败*#*#*#*#*#*#*#*#*#
2026-07-22 17:37:56,547|line:519| https://t.bilibili.com/1227163566266646552
2026-07-22 17:37:58,767|line:346| Expecting value: line 1 column 1 (char 0)
2026-07-22 17:37:58,767|line:347| error line:319
2026-07-22 17:37:58,768|line:533| *#*#*#*#*#*#*#*#*#*原动态处理失败*#*#*#*#*#*#*#*#*#
2026-07-22 17:37:58,768|line:519| https://t.bilibili.com/1224879412514652165
2026-07-22 17:38:00,988|line:346| Expecting value: line 1 column 1 (char 0)
2026-07-22 17:38:00,989|line:347| error line:319
2026-07-22 17:38:00,990|line:533| *#*#*#*#*#*#*#*#*#*原动态处理失败*#*#*#*#*#*#*#*#*#
2026-07-22 17:38:00,990|line:519| https://t.bilibili.com/1227402813176283176
2026-07-22 17:38:04,212|line:346| Expecting value: line 1 column 1 (char 0)
2026-07-22 17:38:04,212|line:347| error line:319
2026-07-22 17:38:04,213|line:533| *#*#*#*#*#*#*#*#*#*原动态处理失败*#*#*#*#*#*#*#*#*#
2026-07-22 17:38:04,213|line:519| https://t.bilibili.com/1227177430436806656
2026-07-22 17:38:08,430|line:346| Expecting value: line 1 column 1 (char 0)
2026-07-22 17:38:08,430|line:347| error line:319
2026-07-22 17:38:08,431|line:533| *#*#*#*#*#*#*#*#*#*原动态处理失败*#*#*#*#*#*#*#*#*#
2026-07-22 17:38:08,431|line:519| https://t.bilibili.com/1227448438557245440
2026-07-22 17:38:09,648|line:346| Expecting value: line 1 column 1 (char 0)
2026-07-22 17:38:09,648|line:347| error line:319
2026-07-22 17:38:09,649|line:533| *#*#*#*#*#*#*#*#*#*原动态处理失败*#*#*#*#*#*#*#*#*#
2026-07-22 17:38:09,650|line:519| https://t.bilibili.com/1227428479846318080
2026-07-22 17:38:10,885|line:346| Expecting value: line 1 column 1 (char 0)
2026-07-22 17:38:10,886|line:347| error line:319
2026-07-22 17:38:10,887|line:533| *#*#*#*#*#*#*#*#*#*原动态处理失败*#*#*#*#*#*#*#*#*#
2026-07-22 17:38:10,887|line:519| https://t.bilibili.com/1227183829939126279
2026-07-22 17:38:15,109|line:346| Expecting value: line 1 column 1 (char 0)
2026-07-22 17:38:15,109|line:347| error line:319
2026-07-22 17:38:15,110|line:533| *#*#*#*#*#*#*#*#*#*原动态处理失败*#*#*#*#*#*#*#*#*#
2026-07-22 17:38:15,110|line:519| https://t.bilibili.com/1226808183502143524
2026-07-22 17:38:16,332|line:346| Expecting value: line 1 column 1 (char 0)
2026-07-22 17:38:16,332|line:347| error line:319
2026-07-22 17:38:16,333|line:533| *#*#*#*#*#*#*#*#*#*原动态处理失败*#*#*#*#*#*#*#*#*#
2026-07-22 17:38:16,333|line:519| https://t.bilibili.com/1227160113128669223
2026-07-22 17:38:20,775|line:346| Expecting value: line 1 column 1 (char 0)
2026-07-22 17:38:20,775|line:347| error line:319
2026-07-22 17:38:20,776|line:533| *#*#*#*#*#*#*#*#*#*原动态处理失败*#*#*#*#*#*#*#*#*#
2026-07-22 17:38:20,776|line:519| https://t.bilibili.com/1224854467309993993
2026-07-22 17:38:22,997|line:346| Expecting value: line 1 column 1 (char 0)
2026-07-22 17:38:22,998|line:347| error line:319
2026-07-22 17:38:22,999|line:533| *#*#*#*#*#*#*#*#*#*原动态处理失败*#*#*#*#*#*#*#*#*#
2026-07-22 17:38:22,999|line:519| https://t.bilibili.com/1226962207471829028
2026-07-22 17:38:27,215|line:346| Expecting value: line 1 column 1 (char 0)
2026-07-22 17:38:27,216|line:347| error line:319
2026-07-22 17:38:27,216|line:533| *#*#*#*#*#*#*#*#*#*原动态处理失败*#*#*#*#*#*#*#*#*#
2026-07-22 17:38:27,217|line:519| https://t.bilibili.com/1227404380834103305
2026-07-22 17:38:30,517|line:346| Expecting value: line 1 column 1 (char 0)
2026-07-22 17:38:30,517|line:347| error line:319
2026-07-22 17:38:30,518|line:533| *#*#*#*#*#*#*#*#*#*原动态处理失败*#*#*#*#*#*#*#*#*#
2026-07-22 17:38:30,519|line:519| https://t.bilibili.com/1227402701481967617
2026-07-22 17:38:34,903|line:346| Expecting value: line 1 column 1 (char 0)
2026-07-22 17:38:34,903|line:347| error line:319
2026-07-22 17:38:34,904|line:533| *#*#*#*#*#*#*#*#*#*原动态处理失败*#*#*#*#*#*#*#*#*#
2026-07-22 17:38:34,904|line:519| https://t.bilibili.com/1227403736596348933
2026-07-22 17:38:36,128|line:346| Expecting value: line 1 column 1 (char 0)
2026-07-22 17:38:36,128|line:347| error line:319
2026-07-22 17:38:36,130|line:533| *#*#*#*#*#*#*#*#*#*原动态处理失败*#*#*#*#*#*#*#*#*#
2026-07-22 17:38:36,130|line:519| https://t.bilibili.com/1227432233686532101
2026-07-22 17:38:39,353|line:346| Expecting value: line 1 column 1 (char 0)
2026-07-22 17:38:39,353|line:347| error line:319
2026-07-22 17:38:39,354|line:533| *#*#*#*#*#*#*#*#*#*原动态处理失败*#*#*#*#*#*#*#*#*#
2026-07-22 17:38:39,354|line:519| https://t.bilibili.com/1227430124874366997
2026-07-22 17:38:41,652|line:346| Expecting value: line 1 column 1 (char 0)
2026-07-22 17:38:41,652|line:347| error line:319
2026-07-22 17:38:41,653|line:533| *#*#*#*#*#*#*#*#*#*原动态处理失败*#*#*#*#*#*#*#*#*#
2026-07-22 17:38:41,654|line:519| https://t.bilibili.com/1227364216418074647
2026-07-22 17:38:43,962|line:346| Expecting value: line 1 column 1 (char 0)
2026-07-22 17:38:43,962|line:347| error line:319
2026-07-22 17:38:43,963|line:533| *#*#*#*#*#*#*#*#*#*原动态处理失败*#*#*#*#*#*#*#*#*#
2026-07-22 17:38:43,963|line:552| 执行结束
2026-07-22 17:38:43,963|line:556| 执行失败，错误数量为42
2026-07-22 17:38:43,963|line:558| ==================================================2026-07-23 01:38==================================================
2026-07-22 17:38:43,963|line:232| processing article 51685513
2026-07-22 17:38:48,023|line:507| ==================================================2026-07-23 01:38==================================================
2026-07-22 17:38:48,023|line:519| https://t.bilibili.com/1225595194584334338
2026-07-22 17:38:51,245|line:346| Expecting value: line 1 column 1 (char 0)
2026-07-22 17:38:51,245|line:347| error line:319
2026-07-22 17:38:51,246|line:533| *#*#*#*#*#*#*#*#*#*原动态处理失败*#*#*#*#*#*#*#*#*#
2026-07-22 17:38:51,247|line:519| https://t.bilibili.com/1226384910165475352
2026-07-22 17:38:54,551|line:346| Expecting value: line 1 column 1 (char 0)
2026-07-22 17:38:54,552|line:347| error line:319
2026-07-22 17:38:54,552|line:533| *#*#*#*#*#*#*#*#*#*原动态处理失败*#*#*#*#*#*#*#*#*#
2026-07-22 17:38:54,553|line:519| https://t.bilibili.com/1222913850773340165
2026-07-22 17:38:55,856|line:346| Expecting value: line 1 column 1 (char 0)
2026-07-22 17:38:55,856|line:347| error line:319
2026-07-22 17:38:55,857|line:533| *#*#*#*#*#*#*#*#*#*原动态处理失败*#*#*#*#*#*#*#*#*#
2026-07-22 17:38:55,857|line:519| https://t.bilibili.com/1222509196159746115
2026-07-22 17:38:58,076|line:346| Expecting value: line 1 column 1 (char 0)
2026-07-22 17:38:58,076|line:347| error line:319
2026-07-22 17:38:58,077|line:533| *#*#*#*#*#*#*#*#*#*原动态处理失败*#*#*#*#*#*#*#*#*#
2026-07-22 17:38:58,077|line:519| https://t.bilibili.com/1223346955274420229
2026-07-22 17:39:00,296|line:346| Expecting value: line 1 column 1 (char 0)
2026-07-22 17:39:00,296|line:347| error line:319
2026-07-22 17:39:00,297|line:533| *#*#*#*#*#*#*#*#*#*原动态处理失败*#*#*#*#*#*#*#*#*#
2026-07-22 17:39:00,298|line:519| https://t.bilibili.com/1223416967562526738
2026-07-22 17:39:03,519|line:346| Expecting value: line 1 column 1 (char 0)
2026-07-22 17:39:03,519|line:347| error line:319
2026-07-22 17:39:03,520|line:533| *#*#*#*#*#*#*#*#*#*原动态处理失败*#*#*#*#*#*#*#*#*#
2026-07-22 17:39:03,520|line:519| https://t.bilibili.com/1220770189650427925
2026-07-22 17:39:04,738|line:346| Expecting value: line 1 column 1 (char 0)
2026-07-22 17:39:04,739|line:347| error line:319
2026-07-22 17:39:04,739|line:533| *#*#*#*#*#*#*#*#*#*原动态处理失败*#*#*#*#*#*#*#*#*#
2026-07-22 17:39:04,739|line:519| https://t.bilibili.com/1225602319919349764
2026-07-22 17:39:06,957|line:346| Expecting value: line 1 column 1 (char 0)
2026-07-22 17:39:06,957|line:347| error line:319
2026-07-22 17:39:06,958|line:533| *#*#*#*#*#*#*#*#*#*原动态处理失败*#*#*#*#*#*#*#*#*#
2026-07-22 17:39:06,958|line:519| https://t.bilibili.com/1223019867745026056
2026-07-22 17:39:09,178|line:346| Expecting value: line 1 column 1 (char 0)
2026-07-22 17:39:09,178|line:347| error line:319
2026-07-22 17:39:09,179|line:533| *#*#*#*#*#*#*#*#*#*原动态处理失败*#*#*#*#*#*#*#*#*#
2026-07-22 17:39:09,179|line:519| https://t.bilibili.com/1222901799073087491
2026-07-22 17:39:13,403|line:346| Expecting value: line 1 column 1 (char 0)
2026-07-22 17:39:13,404|line:347| error line:319
2026-07-22 17:39:13,405|line:533| *#*#*#*#*#*#*#*#*#*原动态处理失败*#*#*#*#*#*#*#*#*#
2026-07-22 17:39:13,405|line:519| https://t.bilibili.com/1216973988285120521
2026-07-22 17:39:14,623|line:346| Expecting value: line 1 column 1 (char 0)
2026-07-22 17:39:14,623|line:347| error line:319
2026-07-22 17:39:14,624|line:533| *#*#*#*#*#*#*#*#*#*原动态处理失败*#*#*#*#*#*#*#*#*#
2026-07-22 17:39:14,624|line:519| https://t.bilibili.com/1195619595614945281
2026-07-22 17:39:15,843|line:346| Expecting value: line 1 column 1 (char 0)
2026-07-22 17:39:15,843|line:347| error line:319
2026-07-22 17:39:15,844|line:533| *#*#*#*#*#*#*#*#*#*原动态处理失败*#*#*#*#*#*#*#*#*#
2026-07-22 17:39:15,844|line:519| https://t.bilibili.com/1222149677331251209
2026-07-22 17:39:20,143|line:346| Expecting value: line 1 column 1 (char 0)
2026-07-22 17:39:20,143|line:347| error line:319
2026-07-22 17:39:20,144|line:533| *#*#*#*#*#*#*#*#*#*原动态处理失败*#*#*#*#*#*#*#*#*#
2026-07-22 17:39:20,144|line:519| https://t.bilibili.com/1225138330326270009
2026-07-22 17:39:21,384|line:346| Expecting value: line 1 column 1 (char 0)
2026-07-22 17:39:21,385|line:347| error line:319
2026-07-22 17:39:21,385|line:533| *#*#*#*#*#*#*#*#*#*原动态处理失败*#*#*#*#*#*#*#*#*#
2026-07-22 17:39:21,386|line:519| https://t.bilibili.com/1225136006729039877
2026-07-22 17:39:22,690|line:346| Expecting value: line 1 column 1 (char 0)
2026-07-22 17:39:22,690|line:347| error line:319
2026-07-22 17:39:22,691|line:533| *#*#*#*#*#*#*#*#*#*原动态处理失败*#*#*#*#*#*#*#*#*#
2026-07-22 17:39:22,691|line:519| https://t.bilibili.com/1224389382470893576
2026-07-22 17:39:26,988|line:346| Expecting value: line 1 column 1 (char 0)
2026-07-22 17:39:26,989|line:347| error line:319
2026-07-22 17:39:26,990|line:533| *#*#*#*#*#*#*#*#*#*原动态处理失败*#*#*#*#*#*#*#*#*#
2026-07-22 17:39:26,990|line:519| https://t.bilibili.com/1225225531031552018
2026-07-22 17:39:30,210|line:346| Expecting value: line 1 column 1 (char 0)
2026-07-22 17:39:30,210|line:347| error line:319
2026-07-22 17:39:30,211|line:533| *#*#*#*#*#*#*#*#*#*原动态处理失败*#*#*#*#*#*#*#*#*#
2026-07-22 17:39:30,212|line:519| https://t.bilibili.com/1224724196687347719
2026-07-22 17:39:33,442|line:346| Expecting value: line 1 column 1 (char 0)
2026-07-22 17:39:33,442|line:347| error line:319
2026-07-22 17:39:33,444|line:533| *#*#*#*#*#*#*#*#*#*原动态处理失败*#*#*#*#*#*#*#*#*#
2026-07-22 17:39:33,444|line:519| https://t.bilibili.com/1224466833607753734
2026-07-22 17:39:37,683|line:346| Expecting value: line 1 column 1 (char 0)
2026-07-22 17:39:37,683|line:347| error line:319
2026-07-22 17:39:37,685|line:533| *#*#*#*#*#*#*#*#*#*原动态处理失败*#*#*#*#*#*#*#*#*#
2026-07-22 17:39:37,685|line:519| https://t.bilibili.com/1227099493946621987
2026-07-22 17:39:41,906|line:346| Expecting value: line 1 column 1 (char 0)
2026-07-22 17:39:41,906|line:347| error line:319
2026-07-22 17:39:41,907|line:533| *#*#*#*#*#*#*#*#*#*原动态处理失败*#*#*#*#*#*#*#*#*#
2026-07-22 17:39:41,907|line:519| https://t.bilibili.com/1224879412514652165
2026-07-22 17:39:45,124|line:346| Expecting value: line 1 column 1 (char 0)
2026-07-22 17:39:45,124|line:347| error line:319
2026-07-22 17:39:45,125|line:533| *#*#*#*#*#*#*#*#*#*原动态处理失败*#*#*#*#*#*#*#*#*#
2026-07-22 17:39:45,126|line:519| https://t.bilibili.com/1223778419085410345
2026-07-22 17:39:46,345|line:346| Expecting value: line 1 column 1 (char 0)
2026-07-22 17:39:46,345|line:347| error line:319
2026-07-22 17:39:46,346|line:533| *#*#*#*#*#*#*#*#*#*原动态处理失败*#*#*#*#*#*#*#*#*#
2026-07-22 17:39:46,347|line:519| https://t.bilibili.com/1219724884795457574
2026-07-22 17:39:47,667|line:346| Expecting value: line 1 column 1 (char 0)
2026-07-22 17:39:47,667|line:347| error line:319
2026-07-22 17:39:47,668|line:533| *#*#*#*#*#*#*#*#*#*原动态处理失败*#*#*#*#*#*#*#*#*#
2026-07-22 17:39:47,669|line:519| https://t.bilibili.com/1222911381191262244
2026-07-22 17:39:50,887|line:346| Expecting value: line 1 column 1 (char 0)
2026-07-22 17:39:50,887|line:347| error line:319
2026-07-22 17:39:50,888|line:533| *#*#*#*#*#*#*#*#*#*原动态处理失败*#*#*#*#*#*#*#*#*#
2026-07-22 17:39:50,888|line:519| https://t.bilibili.com/1223054017045725189
2026-07-22 17:39:54,383|line:346| Expecting value: line 1 column 1 (char 0)
2026-07-22 17:39:54,384|line:347| error line:319
2026-07-22 17:39:54,385|line:533| *#*#*#*#*#*#*#*#*#*原动态处理失败*#*#*#*#*#*#*#*#*#
2026-07-22 17:39:54,385|line:519| https://t.bilibili.com/1224854467309993993
2026-07-22 17:39:57,607|line:346| Expecting value: line 1 column 1 (char 0)
2026-07-22 17:39:57,607|line:347| error line:319
2026-07-22 17:39:57,608|line:533| *#*#*#*#*#*#*#*#*#*原动态处理失败*#*#*#*#*#*#*#*#*#
2026-07-22 17:39:57,609|line:519| https://t.bilibili.com/1219756598845505536
2026-07-22 17:39:58,831|line:346| Expecting value: line 1 column 1 (char 0)
2026-07-22 17:39:58,831|line:347| error line:319
2026-07-22 17:39:58,832|line:533| *#*#*#*#*#*#*#*#*#*原动态处理失败*#*#*#*#*#*#*#*#*#
2026-07-22 17:39:58,832|line:519| https://t.bilibili.com/1225477890430206001
2026-07-22 17:40:02,051|line:346| Expecting value: line 1 column 1 (char 0)
2026-07-22 17:40:02,051|line:347| error line:319
2026-07-22 17:40:02,052|line:533| *#*#*#*#*#*#*#*#*#*原动态处理失败*#*#*#*#*#*#*#*#*#
2026-07-22 17:40:02,052|line:519| https://t.bilibili.com/1219756263859027992
2026-07-22 17:40:05,351|line:346| Expecting value: line 1 column 1 (char 0)
2026-07-22 17:40:05,351|line:347| error line:319
2026-07-22 17:40:05,352|line:533| *#*#*#*#*#*#*#*#*#*原动态处理失败*#*#*#*#*#*#*#*#*#
2026-07-22 17:40:05,352|line:552| 执行结束
2026-07-22 17:40:05,352|line:556| 执行失败，错误数量为29
2026-07-22 17:40:05,352|line:558| ==================================================2026-07-23 01:40==================================================
2026-07-22 17:40:05,352|line:232| processing article 51685382
2026-07-22 17:40:07,872|line:507| ==================================================2026-07-23 01:40==================================================
2026-07-22 17:40:16,357|line:578| ('reply: ', '榄菊官方', '[给心心]')
2026-07-22 17:40:16,357|line:578| ('reply: ', '吓死我啦芙莱', '并不是')
2026-07-22 17:40:16,357|line:578| ('reply: ', '花生十三-公考行测', '68')
2026-07-22 17:40:16,357|line:578| ('reply: ', '三鹿七茸猫尾巴', '[夏诺雅表情包_？？？]')
2026-07-22 17:40:16,358|line:578| ('reply: ', '小闪闪bling', 'hhh腾子买库洛让我感觉他自己有点不太想出大世界了')
2026-07-22 17:40:16,358|line:578| ('reply: ', '不修车的丸山彩', '不是，这……')
2026-07-22 17:40:16,358|line:578| ('reply: ', '好像都是一个人', '你在说什么')
2026-07-22 17:40:16,358|line:578| ('reply: ', '目标咨询', '太宠粉了啊')
2026-07-22 17:40:16,358|line:578| ('reply: ', '数玩工场', '祝你成功')
2026-07-22 17:40:16,358|line:578| ('reply: ', '益家有小佰', '恭喜宝子，获得小电视月度会员1份和克刻冰冰猴喉糖随机口味1份～记得私信小佰提供信息哦~')
2026-07-22 17:40:16,358|line:578| ('reply: ', '圆环之理-Madoka', '是的')
2026-07-22 17:40:16,358|line:578| ('reply: ', '兰的三姨', '这就是银河巨星的实力！')
2026-07-22 17:40:16,358|line:578| ('reply: ', '花园百合铃音', '有男不玩，我只吃麻辣火锅，xxn滚[吃瓜]')
2026-07-22 17:40:16,359|line:578| ('reply: ', '是绝赞的阿鬼', '[tv_难过]')
2026-07-22 17:40:16,359|line:578| ('reply: ', '桃稚不幼稚', '还行')
2026-07-22 17:40:16,359|line:578| ('reply: ', '陌罔子吖', '佬，这个报名有啥条件不。最近太非了，想下次报来抽[脱单doge][脱单doge][脱单doge]')
2026-07-22 17:40:16,359|line:578| ('reply: ', '太二酸菜鱼', '恭喜成为本期欧皇[打call]获得【肥龙联名显眼包】1份，在收到本信息的两天内回复哥的私信哦~逾期哥就自己收啦！[脱单doge]')
2026-07-22 17:40:16,359|line:578| ('reply: ', '得一想二的松鼠', '中奖分我一半')
2026-07-22 17:40:16,359|line:578| ('reply: ', '佑凉Uriyoo', '谢谢！！！[UP_24967030_感恩]')
2026-07-22 17:40:16,359|line:578| ('reply: ', '岛莓祁', '好耶')
2026-07-22 17:40:17,708|line:587| ('at: ', '电脑报', '恭喜@小小Shaun UID：1090970340，@-叶晓吖  UID：22437099  获得 【电竞大礼包】1份， 请在三日内私信我')
2026-07-22 17:40:17,708|line:587| ('at: ', '联想拯救者官方', '是我喜欢的奖品名单 直接开奖 上 趁现在没人偷摸开个奖 恭喜这些小伙伴 【拯救者7.1声卡H7游戏耳机】获奖名单 @泪水打湿猪脚饭o @xoomoon @小小Shaun @T山海连云T @超超超超薄脆饼干 @BerboomC 【拯救者C140氮化镓适配器】获奖名单 @改个天凉好个秋 @夜猫子牙不好 @LLL好久不见 @林殇倾慕婉 @今天也要拥抱微风 @洳不及我万一 @胜利の天平 【白金独角兽电竞鼠标】获奖名单 @底片上的诗旅人 【拯救者C170氮化镓适配器】获奖名单 @麦當劳无限好 @無名丶の辈 @任性的提莫 @广东有暖风 由于B站私信规则修改 我会私信中奖的小伙伴一条消息，还请注意查收并回复我您的收货地址与联系方式，奖品基本会在私信您信息后的三十个工作日内发货')
2026-07-22 17:40:17,709|line:587| ('at: ', 'Apexgaming艾湃电竞', '恭喜 @小小Shaun 获得饮料一份，三天内联系我，过时不候！')
2026-07-22 17:40:17,709|line:587| ('at: ', '梦_水晶花', '1 @浪子游2fans6@被_____打下来的飞机@拉斯特臣后面一个点@专心致志的学生@猫猫头OmMeow@小小Shaun@龐門左道@啦啦痴痴腻@bili_66938050009@日月星辰668')
2026-07-22 17:40:17,709|line:587| ('at: ', 'iKF蓝牙耳机', '恭喜@小小Shaun 宝子成为苏泊尔福利动态幸运儿！\n注意：即日起72小时内回复信息确认领奖哦！逾期将自动视为放弃中奖资格。\n没有中奖的宝子们不要气馁，参与一下下置顶视频iKF Mars，增加欧气值，说不定下个幸运儿就是你！\n链接：\nhttps://www.bilibili.com/video/BV1Soo6YLEHZ/?spm_id_from=333.1387.list.card_archive.click&vd_source=21fb0967ccc75e6b3b2447ade2c740dd\n还没参与抽奖的宝子们，赶紧点击上方链接参与吧！还有特别福利惊喜等你哦~')
2026-07-22 17:40:17,709|line:587| ('at: ', 'wellymerck威利默克', '恭喜@小小Shaun\xa0 获得《我是你的小狗3 永远等你回家》1本，请于5天内联系威宝，凭关注+互动截图领取奖品，逾期作废~')
2026-07-22 17:40:17,709|line:587| ('at: ', '宁美NINGMEI', '恭喜@小小Shaun   中奖，请在12月1日24点前私信我：1. 奖品+中奖信息a. 实物奖：姓名电话地址，给文字！省市区路清晰，提交不清晰不发奖，信息错误致无法签收，概不负责；\n\nb. 现金红包给到支付宝实名+账号；\n\nc. 京东卡/猫超卡 等购物卡给到姓名+电话；2. 宁美和品牌方关注截图+转发截图！\n\n必须关注品牌方，否则奖品不予发放；如遇无法私信图片的情况，等待我回复后即可发送图片。PS： \n\n因后台收信有时会出问题，以回复“已登记”为准，没有回复即表示私信未收到。\n\n过期视为自动放弃，不会补发；奖品30个工作日内发送，勿催哦~\n\n不发全，不回复。其他小伙伴请继续努力！')
2026-07-22 17:40:17,709|line:587| ('at: ', '爱玛电动车官方账号', '#一“玛”当先榜# 快来看看10月都是谁和爱玛酱互动最多呀~ 💕恭喜@小小Shaun 和@甘瑞凯拉莎 排行第一！这两位小玛达将会获得【爱玛随机周边×1】，请5天内私信爱玛酱领奖哟~[鼓掌] 以后也请继续单推我无敌可爱美少女爱玛酱呀嘿嘿！(●´З｀●)')
2026-07-22 17:40:17,709|line:587| ('at: ', '爱玛电动车官方账号', '')
2026-07-22 17:40:17,709|line:587| ('at: ', '海露滴眼液', '互动榜出炉啦')
2026-07-22 17:40:17,710|line:587| ('at: ', '和蔼可亲桃白白', '\u200b//@九号公司:\u200b恭喜@小小Shaun 中奖！后续记得查收私信哟～\u200b//@九号公司:#互动抽奖# 谢谢粒粒的复工礼！小九也来加个码~关注【@微粒贷+@九号公司 】并转发该动态，抽一位小可爱获得【100元京东卡】~ #供电局福利社# 10月31日抽出！')
2026-07-22 17:40:17,710|line:587| ('at: ', '望大家身体健康快乐', '\u200b//@九号公司:\u200b恭喜@小小Shaun 中奖！后续记得查收私信哟～\u200b//@九号公司 :#互动抽奖# 谢谢粒粒的复工礼！小九也来加个码~关注【@微粒贷+@九号公司 】并转发该动态，抽一位小可爱获得【100元京东卡】~ #供电局福利社# 10月31日抽出！')
2026-07-22 17:40:17,710|line:587| ('at: ', 'MoMA_Reona', '//@九号公司:\u200b恭喜@小小Shaun 中奖！后续记得查收私信哟～\u200b//@九号公司:#互动抽奖# 谢谢粒粒的复工礼！小九也来加个码~关注【@微粒贷+@九号公司 】并转发该动态，抽一位小可爱获得【100元京东卡】~ #供电局福利社# 10月31日抽出！')
2026-07-22 17:40:17,710|line:587| ('at: ', '摸鱼二队', '\u200b//@九号公司:\u200b恭喜@小小Shaun 中奖！后续记得查收私信哟～\u200b//@九号公司 :#互动抽奖# 谢谢粒粒的复工礼！小九也来加个码~关注【@微粒贷+@九号公司 】并转发该动态，抽一位小可爱获得【100元京东卡】~ #供电局福利社# 10月31日抽出！')
2026-07-22 17:40:17,710|line:587| ('at: ', '文少嘅一些事一些情', '\u200b//@九号公司:\u200b恭喜@小小Shaun 中奖！后续记得查收私信哟～\u200b//@九号公司 :#互动抽奖# 谢谢粒粒的复工礼！小九也来加个码~关注【@微粒贷+@九号公司 】并转发该动态，抽一位小可爱获得【100元京东卡】~ #供电局福利社# 10月31日抽出！')
2026-07-22 17:40:17,710|line:587| ('at: ', 'Carry队友的嘟嘟酱丶', '\u200b//@九号公司:\u200b恭喜@小小Shaun 中奖！后续记得查收私信哟～\u200b//@九号公司 :#互动抽奖# 谢谢粒粒的复工礼！小九也来加个码~关注【@微粒贷+@九号公司 】并转发该动态，抽一位小可爱获得【100元京东卡】~ #供电局福利社# 10月31日抽出！')
2026-07-22 17:40:17,710|line:587| ('at: ', '蛤蟆zero', '//@九号公司:\u200b恭喜@小小Shaun 中奖！后续记得查收私信哟～\u200b//@九号公司:#互动抽奖# 谢谢粒粒的复工礼！小九也来加个码~关注【@微粒贷+@九号公司 】并转发该动态，抽一位小可爱获得【100元京东卡】~ #供电局福利社# 10月31日抽出！c冲冲冲')
2026-07-22 17:40:17,710|line:587| ('at: ', '木而各子要吃笃栗子', '\u200b//@九号公司:\u200b恭喜@小小Shaun 中奖！后续记得查收私信哟～\u200b//@九号公司 :#互动抽奖# 谢谢粒粒的复工礼！小九也来加个码~关注【@微粒贷+@九号公司 】并转发该动态，抽一位小可爱获得【100元京东卡】~ #供电局福利社# 10月31日抽出！')
2026-07-22 17:40:17,710|line:587| ('at: ', '裙下愚臣情默默', '\u200b//@九号公司:\u200b恭喜@小小Shaun 中奖！后续记得查收私信哟～\u200b//@九号公司 :#互动抽奖# 谢谢粒粒的复工礼！小九也来加个码~关注【@微粒贷+@九号公司 】并转发该动态，抽一位小可爱获得【100元京东卡】~ #供电局福利社# 10月31日抽出！')
2026-07-22 17:40:17,710|line:587| ('at: ', '戊子毕宿', '')
