2026-06-27 17:19:19,610|line:232| processing article 50942614
2026-06-27 17:19:22,521|line:507| ==================================================2026-06-28 01:19==================================================
2026-06-27 17:19:22,521|line:232| processing article 50937262
2026-06-27 17:19:25,786|line:507| ==================================================2026-06-28 01:19==================================================
2026-06-27 17:19:25,787|line:519| https://t.bilibili.com/1212256924542697478
2026-06-27 17:19:28,258|line:346| Expecting value: line 1 column 1 (char 0)
2026-06-27 17:19:28,258|line:347| error line:319
2026-06-27 17:19:28,259|line:533| *#*#*#*#*#*#*#*#*#*原动态处理失败*#*#*#*#*#*#*#*#*#
2026-06-27 17:19:28,259|line:519| https://t.bilibili.com/1213361710367244321
2026-06-27 17:19:29,615|line:346| Expecting value: line 1 column 1 (char 0)
2026-06-27 17:19:29,615|line:347| error line:319
2026-06-27 17:19:29,616|line:533| *#*#*#*#*#*#*#*#*#*原动态处理失败*#*#*#*#*#*#*#*#*#
2026-06-27 17:19:29,616|line:519| https://t.bilibili.com/1212890067127762965
2026-06-27 17:19:32,914|line:346| Expecting value: line 1 column 1 (char 0)
2026-06-27 17:19:32,914|line:347| error line:319
2026-06-27 17:19:32,915|line:533| *#*#*#*#*#*#*#*#*#*原动态处理失败*#*#*#*#*#*#*#*#*#
2026-06-27 17:19:32,915|line:519| https://t.bilibili.com/1208858608977051651
2026-06-27 17:19:36,386|line:346| Expecting value: line 1 column 1 (char 0)
2026-06-27 17:19:36,387|line:347| error line:319
2026-06-27 17:19:36,387|line:533| *#*#*#*#*#*#*#*#*#*原动态处理失败*#*#*#*#*#*#*#*#*#
2026-06-27 17:19:36,388|line:519| https://t.bilibili.com/1215488659736756230
2026-06-27 17:19:39,724|line:346| Expecting value: line 1 column 1 (char 0)
2026-06-27 17:19:39,724|line:347| error line:319
2026-06-27 17:19:39,725|line:533| *#*#*#*#*#*#*#*#*#*原动态处理失败*#*#*#*#*#*#*#*#*#
2026-06-27 17:19:39,725|line:519| https://t.bilibili.com/1196998348842729477
2026-06-27 17:19:43,072|line:346| Expecting value: line 1 column 1 (char 0)
2026-06-27 17:19:43,072|line:347| error line:319
2026-06-27 17:19:43,073|line:533| *#*#*#*#*#*#*#*#*#*原动态处理失败*#*#*#*#*#*#*#*#*#
2026-06-27 17:19:43,073|line:519| https://t.bilibili.com/1217447658755457044
2026-06-27 17:19:46,419|line:346| Expecting value: line 1 column 1 (char 0)
2026-06-27 17:19:46,419|line:347| error line:319
2026-06-27 17:19:46,420|line:533| *#*#*#*#*#*#*#*#*#*原动态处理失败*#*#*#*#*#*#*#*#*#
2026-06-27 17:19:46,421|line:519| https://t.bilibili.com/1208841265894916099
2026-06-27 17:19:48,709|line:346| Expecting value: line 1 column 1 (char 0)
2026-06-27 17:19:48,709|line:347| error line:319
2026-06-27 17:19:48,710|line:533| *#*#*#*#*#*#*#*#*#*原动态处理失败*#*#*#*#*#*#*#*#*#
2026-06-27 17:19:48,710|line:519| https://t.bilibili.com/1213263033484181568
2026-06-27 17:19:53,051|line:346| Expecting value: line 1 column 1 (char 0)
2026-06-27 17:19:53,052|line:347| error line:319
2026-06-27 17:19:53,053|line:533| *#*#*#*#*#*#*#*#*#*原动态处理失败*#*#*#*#*#*#*#*#*#
2026-06-27 17:19:53,053|line:519| https://t.bilibili.com/1208760228436246546
2026-06-27 17:19:55,480|line:346| Expecting value: line 1 column 1 (char 0)
2026-06-27 17:19:55,481|line:347| error line:319
2026-06-27 17:19:55,482|line:533| *#*#*#*#*#*#*#*#*#*原动态处理失败*#*#*#*#*#*#*#*#*#
2026-06-27 17:19:55,482|line:519| https://t.bilibili.com/1209187882613342231
2026-06-27 17:19:59,833|line:346| Expecting value: line 1 column 1 (char 0)
2026-06-27 17:19:59,833|line:347| error line:319
2026-06-27 17:19:59,834|line:533| *#*#*#*#*#*#*#*#*#*原动态处理失败*#*#*#*#*#*#*#*#*#
2026-06-27 17:19:59,834|line:519| https://t.bilibili.com/1208546734205042690
2026-06-27 17:20:01,182|line:346| Expecting value: line 1 column 1 (char 0)
2026-06-27 17:20:01,182|line:347| error line:319
2026-06-27 17:20:01,183|line:533| *#*#*#*#*#*#*#*#*#*原动态处理失败*#*#*#*#*#*#*#*#*#
2026-06-27 17:20:01,184|line:519| https://t.bilibili.com/1214840527736799251
2026-06-27 17:20:02,513|line:346| Expecting value: line 1 column 1 (char 0)
2026-06-27 17:20:02,513|line:347| error line:319
2026-06-27 17:20:02,514|line:533| *#*#*#*#*#*#*#*#*#*原动态处理失败*#*#*#*#*#*#*#*#*#
2026-06-27 17:20:02,514|line:519| https://t.bilibili.com/1213966630761005074
2026-06-27 17:20:04,810|line:346| Expecting value: line 1 column 1 (char 0)
2026-06-27 17:20:04,810|line:347| error line:319
2026-06-27 17:20:04,811|line:533| *#*#*#*#*#*#*#*#*#*原动态处理失败*#*#*#*#*#*#*#*#*#
2026-06-27 17:20:04,812|line:519| https://t.bilibili.com/1186155978756718609
2026-06-27 17:20:08,109|line:346| Expecting value: line 1 column 1 (char 0)
2026-06-27 17:20:08,109|line:347| error line:319
2026-06-27 17:20:08,110|line:533| *#*#*#*#*#*#*#*#*#*原动态处理失败*#*#*#*#*#*#*#*#*#
2026-06-27 17:20:08,111|line:519| https://t.bilibili.com/1209968445657972740
2026-06-27 17:20:12,454|line:346| Expecting value: line 1 column 1 (char 0)
2026-06-27 17:20:12,454|line:347| error line:319
2026-06-27 17:20:12,455|line:533| *#*#*#*#*#*#*#*#*#*原动态处理失败*#*#*#*#*#*#*#*#*#
2026-06-27 17:20:12,456|line:519| https://t.bilibili.com/1209604322660188165
2026-06-27 17:20:15,854|line:346| Expecting value: line 1 column 1 (char 0)
2026-06-27 17:20:15,855|line:347| error line:319
2026-06-27 17:20:15,856|line:533| *#*#*#*#*#*#*#*#*#*原动态处理失败*#*#*#*#*#*#*#*#*#
2026-06-27 17:20:15,856|line:519| https://t.bilibili.com/1202217816431788033
2026-06-27 17:20:19,195|line:346| Expecting value: line 1 column 1 (char 0)
2026-06-27 17:20:19,196|line:347| error line:319
2026-06-27 17:20:19,197|line:533| *#*#*#*#*#*#*#*#*#*原动态处理失败*#*#*#*#*#*#*#*#*#
2026-06-27 17:20:19,197|line:519| https://t.bilibili.com/1209926793065136130
2026-06-27 17:20:21,537|line:346| Expecting value: line 1 column 1 (char 0)
2026-06-27 17:20:21,537|line:347| error line:319
2026-06-27 17:20:21,539|line:533| *#*#*#*#*#*#*#*#*#*原动态处理失败*#*#*#*#*#*#*#*#*#
2026-06-27 17:20:21,539|line:519| https://t.bilibili.com/1211500219974287383
2026-06-27 17:20:22,879|line:346| Expecting value: line 1 column 1 (char 0)
2026-06-27 17:20:22,880|line:347| error line:319
2026-06-27 17:20:22,881|line:533| *#*#*#*#*#*#*#*#*#*原动态处理失败*#*#*#*#*#*#*#*#*#
2026-06-27 17:20:22,881|line:519| https://t.bilibili.com/1208596830664785926
2026-06-27 17:20:26,222|line:346| Expecting value: line 1 column 1 (char 0)
2026-06-27 17:20:26,222|line:347| error line:319
2026-06-27 17:20:26,223|line:533| *#*#*#*#*#*#*#*#*#*原动态处理失败*#*#*#*#*#*#*#*#*#
2026-06-27 17:20:26,223|line:519| https://t.bilibili.com/1216953935136292871
2026-06-27 17:20:30,624|line:346| Expecting value: line 1 column 1 (char 0)
2026-06-27 17:20:30,624|line:347| error line:319
2026-06-27 17:20:30,625|line:533| *#*#*#*#*#*#*#*#*#*原动态处理失败*#*#*#*#*#*#*#*#*#
2026-06-27 17:20:30,625|line:519| https://t.bilibili.com/1208910629602066436
2026-06-27 17:20:31,966|line:346| Expecting value: line 1 column 1 (char 0)
2026-06-27 17:20:31,966|line:347| error line:319
2026-06-27 17:20:31,967|line:533| *#*#*#*#*#*#*#*#*#*原动态处理失败*#*#*#*#*#*#*#*#*#
2026-06-27 17:20:31,967|line:519| https://t.bilibili.com/1208913872276160521
2026-06-27 17:20:34,308|line:346| Expecting value: line 1 column 1 (char 0)
2026-06-27 17:20:34,308|line:347| error line:319
2026-06-27 17:20:34,309|line:533| *#*#*#*#*#*#*#*#*#*原动态处理失败*#*#*#*#*#*#*#*#*#
2026-06-27 17:20:34,309|line:519| https://t.bilibili.com/1209911288241586184
2026-06-27 17:20:36,651|line:346| Expecting value: line 1 column 1 (char 0)
2026-06-27 17:20:36,651|line:347| error line:319
2026-06-27 17:20:36,652|line:533| *#*#*#*#*#*#*#*#*#*原动态处理失败*#*#*#*#*#*#*#*#*#
2026-06-27 17:20:36,652|line:519| https://t.bilibili.com/1208753266289016856
2026-06-27 17:20:39,078|line:346| Expecting value: line 1 column 1 (char 0)
2026-06-27 17:20:39,078|line:347| error line:319
2026-06-27 17:20:39,079|line:533| *#*#*#*#*#*#*#*#*#*原动态处理失败*#*#*#*#*#*#*#*#*#
2026-06-27 17:20:39,080|line:519| https://t.bilibili.com/1208619452268019712
2026-06-27 17:20:42,442|line:346| Expecting value: line 1 column 1 (char 0)
2026-06-27 17:20:42,442|line:347| error line:319
2026-06-27 17:20:42,443|line:533| *#*#*#*#*#*#*#*#*#*原动态处理失败*#*#*#*#*#*#*#*#*#
2026-06-27 17:20:42,444|line:519| https://t.bilibili.com/1186507508949188631
2026-06-27 17:20:43,803|line:346| Expecting value: line 1 column 1 (char 0)
2026-06-27 17:20:43,803|line:347| error line:319
2026-06-27 17:20:43,804|line:533| *#*#*#*#*#*#*#*#*#*原动态处理失败*#*#*#*#*#*#*#*#*#
2026-06-27 17:20:43,805|line:519| https://t.bilibili.com/1217774767796387847
2026-06-27 17:20:48,226|line:346| Expecting value: line 1 column 1 (char 0)
2026-06-27 17:20:48,226|line:347| error line:319
2026-06-27 17:20:48,227|line:533| *#*#*#*#*#*#*#*#*#*原动态处理失败*#*#*#*#*#*#*#*#*#
2026-06-27 17:20:48,227|line:519| https://t.bilibili.com/1210115574091218969
2026-06-27 17:20:49,658|line:346| Expecting value: line 1 column 1 (char 0)
2026-06-27 17:20:49,658|line:347| error line:319
2026-06-27 17:20:49,659|line:533| *#*#*#*#*#*#*#*#*#*原动态处理失败*#*#*#*#*#*#*#*#*#
2026-06-27 17:20:49,659|line:519| https://t.bilibili.com/1185785323072782352
2026-06-27 17:20:53,011|line:346| Expecting value: line 1 column 1 (char 0)
2026-06-27 17:20:53,012|line:347| error line:319
2026-06-27 17:20:53,013|line:533| *#*#*#*#*#*#*#*#*#*原动态处理失败*#*#*#*#*#*#*#*#*#
2026-06-27 17:20:53,013|line:519| https://t.bilibili.com/1218503658108354561
2026-06-27 17:20:56,372|line:346| Expecting value: line 1 column 1 (char 0)
2026-06-27 17:20:56,372|line:347| error line:319
2026-06-27 17:20:56,373|line:533| *#*#*#*#*#*#*#*#*#*原动态处理失败*#*#*#*#*#*#*#*#*#
2026-06-27 17:20:56,374|line:519| https://t.bilibili.com/1216318782484512785
2026-06-27 17:21:00,671|line:346| Expecting value: line 1 column 1 (char 0)
2026-06-27 17:21:00,672|line:347| error line:319
2026-06-27 17:21:00,673|line:533| *#*#*#*#*#*#*#*#*#*原动态处理失败*#*#*#*#*#*#*#*#*#
2026-06-27 17:21:00,673|line:519| https://t.bilibili.com/1208793119275876354
2026-06-27 17:21:04,991|line:346| Expecting value: line 1 column 1 (char 0)
2026-06-27 17:21:04,991|line:347| error line:319
2026-06-27 17:21:04,992|line:533| *#*#*#*#*#*#*#*#*#*原动态处理失败*#*#*#*#*#*#*#*#*#
2026-06-27 17:21:04,992|line:519| https://t.bilibili.com/1208813936985505796
2026-06-27 17:21:07,345|line:346| Expecting value: line 1 column 1 (char 0)
2026-06-27 17:21:07,345|line:347| error line:319
2026-06-27 17:21:07,346|line:533| *#*#*#*#*#*#*#*#*#*原动态处理失败*#*#*#*#*#*#*#*#*#
2026-06-27 17:21:07,347|line:519| https://t.bilibili.com/1215131108038934534
2026-06-27 17:21:10,687|line:346| Expecting value: line 1 column 1 (char 0)
2026-06-27 17:21:10,687|line:347| error line:319
2026-06-27 17:21:10,688|line:533| *#*#*#*#*#*#*#*#*#*原动态处理失败*#*#*#*#*#*#*#*#*#
2026-06-27 17:21:10,688|line:519| https://t.bilibili.com/1217867079486537733
2026-06-27 17:21:14,094|line:346| Expecting value: line 1 column 1 (char 0)
2026-06-27 17:21:14,094|line:347| error line:319
2026-06-27 17:21:14,095|line:533| *#*#*#*#*#*#*#*#*#*原动态处理失败*#*#*#*#*#*#*#*#*#
2026-06-27 17:21:14,096|line:519| https://t.bilibili.com/1214097966556512309
2026-06-27 17:21:16,447|line:346| Expecting value: line 1 column 1 (char 0)
2026-06-27 17:21:16,447|line:347| error line:319
2026-06-27 17:21:16,448|line:533| *#*#*#*#*#*#*#*#*#*原动态处理失败*#*#*#*#*#*#*#*#*#
2026-06-27 17:21:16,448|line:519| https://t.bilibili.com/1196972381427466257
2026-06-27 17:21:18,802|line:346| Expecting value: line 1 column 1 (char 0)
2026-06-27 17:21:18,802|line:347| error line:319
2026-06-27 17:21:18,803|line:533| *#*#*#*#*#*#*#*#*#*原动态处理失败*#*#*#*#*#*#*#*#*#
2026-06-27 17:21:18,803|line:519| https://t.bilibili.com/1207066701371277349
2026-06-27 17:21:20,142|line:346| Expecting value: line 1 column 1 (char 0)
2026-06-27 17:21:20,142|line:347| error line:319
2026-06-27 17:21:20,143|line:533| *#*#*#*#*#*#*#*#*#*原动态处理失败*#*#*#*#*#*#*#*#*#
2026-06-27 17:21:20,143|line:519| https://t.bilibili.com/1186234198672801792
2026-06-27 17:21:21,596|line:346| Expecting value: line 1 column 1 (char 0)
2026-06-27 17:21:21,596|line:347| error line:319
2026-06-27 17:21:21,598|line:533| *#*#*#*#*#*#*#*#*#*原动态处理失败*#*#*#*#*#*#*#*#*#
2026-06-27 17:21:21,598|line:519| https://t.bilibili.com/1215103160657379347
2026-06-27 17:21:23,890|line:346| Expecting value: line 1 column 1 (char 0)
2026-06-27 17:21:23,890|line:347| error line:319
2026-06-27 17:21:23,891|line:533| *#*#*#*#*#*#*#*#*#*原动态处理失败*#*#*#*#*#*#*#*#*#
2026-06-27 17:21:23,891|line:519| https://t.bilibili.com/1208812506791804980
2026-06-27 17:21:25,355|line:346| Expecting value: line 1 column 1 (char 0)
2026-06-27 17:21:25,355|line:347| error line:319
2026-06-27 17:21:25,356|line:533| *#*#*#*#*#*#*#*#*#*原动态处理失败*#*#*#*#*#*#*#*#*#
2026-06-27 17:21:25,357|line:519| https://t.bilibili.com/1209268164144136214
2026-06-27 17:21:28,721|line:346| Expecting value: line 1 column 1 (char 0)
2026-06-27 17:21:28,721|line:347| error line:319
2026-06-27 17:21:28,722|line:533| *#*#*#*#*#*#*#*#*#*原动态处理失败*#*#*#*#*#*#*#*#*#
2026-06-27 17:21:28,723|line:519| https://t.bilibili.com/1217447182063370246
2026-06-27 17:21:31,132|line:346| Expecting value: line 1 column 1 (char 0)
2026-06-27 17:21:31,133|line:347| error line:319
2026-06-27 17:21:31,134|line:533| *#*#*#*#*#*#*#*#*#*原动态处理失败*#*#*#*#*#*#*#*#*#
2026-06-27 17:21:31,134|line:519| https://t.bilibili.com/1211779959823007784
2026-06-27 17:21:34,472|line:346| Expecting value: line 1 column 1 (char 0)
2026-06-27 17:21:34,472|line:347| error line:319
2026-06-27 17:21:34,473|line:533| *#*#*#*#*#*#*#*#*#*原动态处理失败*#*#*#*#*#*#*#*#*#
2026-06-27 17:21:34,473|line:519| https://t.bilibili.com/1213417171286229016
2026-06-27 17:21:37,821|line:346| Expecting value: line 1 column 1 (char 0)
2026-06-27 17:21:37,821|line:347| error line:319
2026-06-27 17:21:37,822|line:533| *#*#*#*#*#*#*#*#*#*原动态处理失败*#*#*#*#*#*#*#*#*#
2026-06-27 17:21:37,823|line:519| https://t.bilibili.com/1202233974051569665
2026-06-27 17:21:40,172|line:346| Expecting value: line 1 column 1 (char 0)
2026-06-27 17:21:40,172|line:347| error line:319
2026-06-27 17:21:40,173|line:533| *#*#*#*#*#*#*#*#*#*原动态处理失败*#*#*#*#*#*#*#*#*#
2026-06-27 17:21:40,174|line:519| https://t.bilibili.com/1215489707711922185
2026-06-27 17:21:43,525|line:346| Expecting value: line 1 column 1 (char 0)
2026-06-27 17:21:43,525|line:347| error line:319
2026-06-27 17:21:43,526|line:533| *#*#*#*#*#*#*#*#*#*原动态处理失败*#*#*#*#*#*#*#*#*#
2026-06-27 17:21:43,526|line:519| https://t.bilibili.com/1213307774144872457
2026-06-27 17:21:44,826|line:346| Expecting value: line 1 column 1 (char 0)
2026-06-27 17:21:44,826|line:347| error line:319
2026-06-27 17:21:44,827|line:533| *#*#*#*#*#*#*#*#*#*原动态处理失败*#*#*#*#*#*#*#*#*#
2026-06-27 17:21:44,828|line:519| https://t.bilibili.com/1217062352947511319
2026-06-27 17:21:46,174|line:346| Expecting value: line 1 column 1 (char 0)
2026-06-27 17:21:46,174|line:347| error line:319
2026-06-27 17:21:46,175|line:533| *#*#*#*#*#*#*#*#*#*原动态处理失败*#*#*#*#*#*#*#*#*#
2026-06-27 17:21:46,176|line:519| https://t.bilibili.com/1208618464422395923
2026-06-27 17:21:48,525|line:346| Expecting value: line 1 column 1 (char 0)
2026-06-27 17:21:48,525|line:347| error line:319
2026-06-27 17:21:48,526|line:533| *#*#*#*#*#*#*#*#*#*原动态处理失败*#*#*#*#*#*#*#*#*#
2026-06-27 17:21:48,527|line:552| 执行结束
2026-06-27 17:21:48,527|line:556| 执行失败，错误数量为52
2026-06-27 17:21:48,527|line:558| ==================================================2026-06-28 01:21==================================================
2026-06-27 17:21:48,527|line:232| processing article 50937204
2026-06-27 17:21:51,318|line:507| ==================================================2026-06-28 01:21==================================================
2026-06-27 17:21:51,318|line:232| processing article 50924744
2026-06-27 17:21:54,591|line:507| ==================================================2026-06-28 01:21==================================================
2026-06-27 17:21:54,591|line:519| https://t.bilibili.com/1212256924542697478
2026-06-27 17:21:55,938|line:346| Expecting value: line 1 column 1 (char 0)
2026-06-27 17:21:55,938|line:347| error line:319
2026-06-27 17:21:55,939|line:533| *#*#*#*#*#*#*#*#*#*原动态处理失败*#*#*#*#*#*#*#*#*#
2026-06-27 17:21:55,940|line:519| https://t.bilibili.com/1217347113620340786
2026-06-27 17:22:00,240|line:346| Expecting value: line 1 column 1 (char 0)
2026-06-27 17:22:00,240|line:347| error line:319
2026-06-27 17:22:00,241|line:533| *#*#*#*#*#*#*#*#*#*原动态处理失败*#*#*#*#*#*#*#*#*#
2026-06-27 17:22:00,241|line:519| https://t.bilibili.com/1205323335464910848
2026-06-27 17:22:03,588|line:346| Expecting value: line 1 column 1 (char 0)
2026-06-27 17:22:03,589|line:347| error line:319
2026-06-27 17:22:03,590|line:533| *#*#*#*#*#*#*#*#*#*原动态处理失败*#*#*#*#*#*#*#*#*#
2026-06-27 17:22:03,590|line:519| https://t.bilibili.com/1210665383571226629
2026-06-27 17:22:05,936|line:346| Expecting value: line 1 column 1 (char 0)
2026-06-27 17:22:05,937|line:347| error line:319
2026-06-27 17:22:05,938|line:533| *#*#*#*#*#*#*#*#*#*原动态处理失败*#*#*#*#*#*#*#*#*#
2026-06-27 17:22:05,938|line:519| https://t.bilibili.com/1214732028267724809
2026-06-27 17:22:09,300|line:346| Expecting value: line 1 column 1 (char 0)
2026-06-27 17:22:09,300|line:347| error line:319
2026-06-27 17:22:09,301|line:533| *#*#*#*#*#*#*#*#*#*原动态处理失败*#*#*#*#*#*#*#*#*#
2026-06-27 17:22:09,302|line:519| https://t.bilibili.com/1218163185264099332
2026-06-27 17:22:13,595|line:346| Expecting value: line 1 column 1 (char 0)
2026-06-27 17:22:13,595|line:347| error line:319
2026-06-27 17:22:13,596|line:533| *#*#*#*#*#*#*#*#*#*原动态处理失败*#*#*#*#*#*#*#*#*#
2026-06-27 17:22:13,597|line:519| https://t.bilibili.com/1216200739584475185
2026-06-27 17:22:14,954|line:346| Expecting value: line 1 column 1 (char 0)
2026-06-27 17:22:14,954|line:347| error line:319
2026-06-27 17:22:14,955|line:533| *#*#*#*#*#*#*#*#*#*原动态处理失败*#*#*#*#*#*#*#*#*#
2026-06-27 17:22:14,956|line:519| https://t.bilibili.com/1217447658755457044
2026-06-27 17:22:16,302|line:346| Expecting value: line 1 column 1 (char 0)
2026-06-27 17:22:16,303|line:347| error line:319
2026-06-27 17:22:16,303|line:533| *#*#*#*#*#*#*#*#*#*原动态处理失败*#*#*#*#*#*#*#*#*#
2026-06-27 17:22:16,304|line:519| https://t.bilibili.com/1210374680862523415
2026-06-27 17:22:17,651|line:346| Expecting value: line 1 column 1 (char 0)
2026-06-27 17:22:17,651|line:347| error line:319
2026-06-27 17:22:17,652|line:533| *#*#*#*#*#*#*#*#*#*原动态处理失败*#*#*#*#*#*#*#*#*#
2026-06-27 17:22:17,652|line:519| https://t.bilibili.com/1216359627582603286
2026-06-27 17:22:21,000|line:346| Expecting value: line 1 column 1 (char 0)
2026-06-27 17:22:21,000|line:347| error line:319
2026-06-27 17:22:21,001|line:533| *#*#*#*#*#*#*#*#*#*原动态处理失败*#*#*#*#*#*#*#*#*#
2026-06-27 17:22:21,001|line:519| https://t.bilibili.com/1217381030942474245
2026-06-27 17:22:22,405|line:346| Expecting value: line 1 column 1 (char 0)
2026-06-27 17:22:22,405|line:347| error line:319
2026-06-27 17:22:22,406|line:533| *#*#*#*#*#*#*#*#*#*原动态处理失败*#*#*#*#*#*#*#*#*#
2026-06-27 17:22:22,406|line:519| https://t.bilibili.com/1217685078149169153
2026-06-27 17:22:26,752|line:346| Expecting value: line 1 column 1 (char 0)
2026-06-27 17:22:26,752|line:347| error line:319
2026-06-27 17:22:26,753|line:533| *#*#*#*#*#*#*#*#*#*原动态处理失败*#*#*#*#*#*#*#*#*#
2026-06-27 17:22:26,753|line:519| https://t.bilibili.com/1218071625210003474
2026-06-27 17:22:29,093|line:346| Expecting value: line 1 column 1 (char 0)
2026-06-27 17:22:29,093|line:347| error line:319
2026-06-27 17:22:29,094|line:533| *#*#*#*#*#*#*#*#*#*原动态处理失败*#*#*#*#*#*#*#*#*#
2026-06-27 17:22:29,095|line:519| https://t.bilibili.com/1217546851073392661
2026-06-27 17:22:32,448|line:346| Expecting value: line 1 column 1 (char 0)
2026-06-27 17:22:32,448|line:347| error line:319
2026-06-27 17:22:32,449|line:533| *#*#*#*#*#*#*#*#*#*原动态处理失败*#*#*#*#*#*#*#*#*#
2026-06-27 17:22:32,450|line:519| https://t.bilibili.com/1210696307328417796
2026-06-27 17:22:34,791|line:346| Expecting value: line 1 column 1 (char 0)
2026-06-27 17:22:34,791|line:347| error line:319
2026-06-27 17:22:34,792|line:533| *#*#*#*#*#*#*#*#*#*原动态处理失败*#*#*#*#*#*#*#*#*#
2026-06-27 17:22:34,793|line:519| https://t.bilibili.com/1215534534285590536
2026-06-27 17:22:38,143|line:346| Expecting value: line 1 column 1 (char 0)
2026-06-27 17:22:38,143|line:347| error line:319
2026-06-27 17:22:38,144|line:533| *#*#*#*#*#*#*#*#*#*原动态处理失败*#*#*#*#*#*#*#*#*#
2026-06-27 17:22:38,145|line:519| https://t.bilibili.com/1209294307622649893
2026-06-27 17:22:39,482|line:346| Expecting value: line 1 column 1 (char 0)
2026-06-27 17:22:39,482|line:347| error line:319
2026-06-27 17:22:39,483|line:533| *#*#*#*#*#*#*#*#*#*原动态处理失败*#*#*#*#*#*#*#*#*#
2026-06-27 17:22:39,484|line:519| https://t.bilibili.com/1218102684268101636
2026-06-27 17:22:41,778|line:346| Expecting value: line 1 column 1 (char 0)
2026-06-27 17:22:41,778|line:347| error line:319
2026-06-27 17:22:41,779|line:533| *#*#*#*#*#*#*#*#*#*原动态处理失败*#*#*#*#*#*#*#*#*#
2026-06-27 17:22:41,779|line:519| https://t.bilibili.com/1212149724291792902
2026-06-27 17:22:46,078|line:346| Expecting value: line 1 column 1 (char 0)
2026-06-27 17:22:46,078|line:347| error line:319
2026-06-27 17:22:46,079|line:533| *#*#*#*#*#*#*#*#*#*原动态处理失败*#*#*#*#*#*#*#*#*#
2026-06-27 17:22:46,080|line:519| https://t.bilibili.com/1217399610945830917
2026-06-27 17:22:48,368|line:346| Expecting value: line 1 column 1 (char 0)
2026-06-27 17:22:48,368|line:347| error line:319
2026-06-27 17:22:48,369|line:533| *#*#*#*#*#*#*#*#*#*原动态处理失败*#*#*#*#*#*#*#*#*#
2026-06-27 17:22:48,370|line:519| https://t.bilibili.com/1208905080521097223
2026-06-27 17:22:51,749|line:346| Expecting value: line 1 column 1 (char 0)
2026-06-27 17:22:51,749|line:347| error line:319
2026-06-27 17:22:51,750|line:533| *#*#*#*#*#*#*#*#*#*原动态处理失败*#*#*#*#*#*#*#*#*#
2026-06-27 17:22:51,750|line:519| https://t.bilibili.com/1210004665115082754
2026-06-27 17:22:54,038|line:346| Expecting value: line 1 column 1 (char 0)
2026-06-27 17:22:54,038|line:347| error line:319
2026-06-27 17:22:54,039|line:533| *#*#*#*#*#*#*#*#*#*原动态处理失败*#*#*#*#*#*#*#*#*#
2026-06-27 17:22:54,039|line:519| https://t.bilibili.com/1211500383211356215
2026-06-27 17:22:56,381|line:346| Expecting value: line 1 column 1 (char 0)
2026-06-27 17:22:56,381|line:347| error line:319
2026-06-27 17:22:56,382|line:533| *#*#*#*#*#*#*#*#*#*原动态处理失败*#*#*#*#*#*#*#*#*#
2026-06-27 17:22:56,382|line:519| https://t.bilibili.com/1217160600346427394
2026-06-27 17:22:59,673|line:346| Expecting value: line 1 column 1 (char 0)
2026-06-27 17:22:59,673|line:347| error line:319
2026-06-27 17:22:59,674|line:533| *#*#*#*#*#*#*#*#*#*原动态处理失败*#*#*#*#*#*#*#*#*#
2026-06-27 17:22:59,674|line:519| https://t.bilibili.com/1208931971309240325
2026-06-27 17:23:04,016|line:346| Expecting value: line 1 column 1 (char 0)
2026-06-27 17:23:04,016|line:347| error line:319
2026-06-27 17:23:04,018|line:533| *#*#*#*#*#*#*#*#*#*原动态处理失败*#*#*#*#*#*#*#*#*#
2026-06-27 17:23:04,018|line:519| https://t.bilibili.com/1217349690568212486
2026-06-27 17:23:08,371|line:346| Expecting value: line 1 column 1 (char 0)
2026-06-27 17:23:08,371|line:347| error line:319
2026-06-27 17:23:08,372|line:533| *#*#*#*#*#*#*#*#*#*原动态处理失败*#*#*#*#*#*#*#*#*#
2026-06-27 17:23:08,372|line:519| https://t.bilibili.com/1217313992962211849
2026-06-27 17:23:09,714|line:346| Expecting value: line 1 column 1 (char 0)
2026-06-27 17:23:09,714|line:347| error line:319
2026-06-27 17:23:09,715|line:533| *#*#*#*#*#*#*#*#*#*原动态处理失败*#*#*#*#*#*#*#*#*#
2026-06-27 17:23:09,715|line:519| https://t.bilibili.com/1217910969767821336
2026-06-27 17:23:11,056|line:346| Expecting value: line 1 column 1 (char 0)
2026-06-27 17:23:11,057|line:347| error line:319
2026-06-27 17:23:11,058|line:533| *#*#*#*#*#*#*#*#*#*原动态处理失败*#*#*#*#*#*#*#*#*#
2026-06-27 17:23:11,058|line:519| https://t.bilibili.com/1208858883845521413
2026-06-27 17:23:13,398|line:346| Expecting value: line 1 column 1 (char 0)
2026-06-27 17:23:13,398|line:347| error line:319
2026-06-27 17:23:13,399|line:533| *#*#*#*#*#*#*#*#*#*原动态处理失败*#*#*#*#*#*#*#*#*#
2026-06-27 17:23:13,399|line:519| https://t.bilibili.com/1217344916690042885
2026-06-27 17:23:15,754|line:346| Expecting value: line 1 column 1 (char 0)
2026-06-27 17:23:15,754|line:347| error line:319
2026-06-27 17:23:15,755|line:533| *#*#*#*#*#*#*#*#*#*原动态处理失败*#*#*#*#*#*#*#*#*#
2026-06-27 17:23:15,755|line:519| https://t.bilibili.com/1214037063890894871
2026-06-27 17:23:19,055|line:346| Expecting value: line 1 column 1 (char 0)
2026-06-27 17:23:19,055|line:347| error line:319
2026-06-27 17:23:19,056|line:533| *#*#*#*#*#*#*#*#*#*原动态处理失败*#*#*#*#*#*#*#*#*#
2026-06-27 17:23:19,057|line:519| https://t.bilibili.com/1214749452965773350
2026-06-27 17:23:21,410|line:346| Expecting value: line 1 column 1 (char 0)
2026-06-27 17:23:21,410|line:347| error line:319
2026-06-27 17:23:21,411|line:533| *#*#*#*#*#*#*#*#*#*原动态处理失败*#*#*#*#*#*#*#*#*#
2026-06-27 17:23:21,411|line:519| https://t.bilibili.com/1208888050963185670
2026-06-27 17:23:23,700|line:346| Expecting value: line 1 column 1 (char 0)
2026-06-27 17:23:23,700|line:347| error line:319
2026-06-27 17:23:23,701|line:533| *#*#*#*#*#*#*#*#*#*原动态处理失败*#*#*#*#*#*#*#*#*#
2026-06-27 17:23:23,702|line:519| https://t.bilibili.com/1199914966638919688
2026-06-27 17:23:28,004|line:346| Expecting value: line 1 column 1 (char 0)
2026-06-27 17:23:28,004|line:347| error line:319
2026-06-27 17:23:28,005|line:533| *#*#*#*#*#*#*#*#*#*原动态处理失败*#*#*#*#*#*#*#*#*#
2026-06-27 17:23:28,005|line:519| https://t.bilibili.com/1207027505447305237
2026-06-27 17:23:30,292|line:346| Expecting value: line 1 column 1 (char 0)
2026-06-27 17:23:30,292|line:347| error line:319
2026-06-27 17:23:30,293|line:533| *#*#*#*#*#*#*#*#*#*原动态处理失败*#*#*#*#*#*#*#*#*#
2026-06-27 17:23:30,293|line:519| https://t.bilibili.com/1217313992983183367
2026-06-27 17:23:31,633|line:346| Expecting value: line 1 column 1 (char 0)
2026-06-27 17:23:31,633|line:347| error line:319
2026-06-27 17:23:31,634|line:533| *#*#*#*#*#*#*#*#*#*原动态处理失败*#*#*#*#*#*#*#*#*#
2026-06-27 17:23:31,635|line:519| https://t.bilibili.com/1211487558398115848
2026-06-27 17:23:35,986|line:346| Expecting value: line 1 column 1 (char 0)
2026-06-27 17:23:35,986|line:347| error line:319
2026-06-27 17:23:35,988|line:533| *#*#*#*#*#*#*#*#*#*原动态处理失败*#*#*#*#*#*#*#*#*#
2026-06-27 17:23:35,988|line:519| https://t.bilibili.com/1210731354302447636
2026-06-27 17:23:39,281|line:346| Expecting value: line 1 column 1 (char 0)
2026-06-27 17:23:39,282|line:347| error line:319
2026-06-27 17:23:39,283|line:533| *#*#*#*#*#*#*#*#*#*原动态处理失败*#*#*#*#*#*#*#*#*#
2026-06-27 17:23:39,283|line:519| https://t.bilibili.com/1218117153960493075
2026-06-27 17:23:43,626|line:346| Expecting value: line 1 column 1 (char 0)
2026-06-27 17:23:43,627|line:347| error line:319
2026-06-27 17:23:43,628|line:533| *#*#*#*#*#*#*#*#*#*原动态处理失败*#*#*#*#*#*#*#*#*#
2026-06-27 17:23:43,628|line:552| 执行结束
2026-06-27 17:23:43,628|line:556| 执行失败，错误数量为39
2026-06-27 17:23:43,628|line:558| ==================================================2026-06-28 01:23==================================================
2026-06-27 17:23:43,628|line:232| processing article 50917985
2026-06-27 17:23:46,987|line:507| ==================================================2026-06-28 01:23==================================================
2026-06-27 17:23:46,987|line:519| https://t.bilibili.com/1218052995777822729
2026-06-27 17:23:50,347|line:346| Expecting value: line 1 column 1 (char 0)
2026-06-27 17:23:50,347|line:347| error line:319
2026-06-27 17:23:50,348|line:533| *#*#*#*#*#*#*#*#*#*原动态处理失败*#*#*#*#*#*#*#*#*#
2026-06-27 17:23:50,348|line:519| https://t.bilibili.com/1212256924542697478
2026-06-27 17:23:51,759|line:346| Expecting value: line 1 column 1 (char 0)
2026-06-27 17:23:51,759|line:347| error line:319
2026-06-27 17:23:51,760|line:533| *#*#*#*#*#*#*#*#*#*原动态处理失败*#*#*#*#*#*#*#*#*#
2026-06-27 17:23:51,760|line:519| https://t.bilibili.com/1218134681722028034
2026-06-27 17:23:56,112|line:346| Expecting value: line 1 column 1 (char 0)
2026-06-27 17:23:56,112|line:347| error line:319
2026-06-27 17:23:56,113|line:533| *#*#*#*#*#*#*#*#*#*原动态处理失败*#*#*#*#*#*#*#*#*#
2026-06-27 17:23:56,113|line:519| https://t.bilibili.com/1218062264312004616
2026-06-27 17:23:59,459|line:346| Expecting value: line 1 column 1 (char 0)
2026-06-27 17:23:59,459|line:347| error line:319
2026-06-27 17:23:59,460|line:533| *#*#*#*#*#*#*#*#*#*原动态处理失败*#*#*#*#*#*#*#*#*#
2026-06-27 17:23:59,460|line:519| https://t.bilibili.com/1218071625204760582
2026-06-27 17:24:02,808|line:346| Expecting value: line 1 column 1 (char 0)
2026-06-27 17:24:02,808|line:347| error line:319
2026-06-27 17:24:02,809|line:533| *#*#*#*#*#*#*#*#*#*原动态处理失败*#*#*#*#*#*#*#*#*#
2026-06-27 17:24:02,809|line:519| https://t.bilibili.com/1218163185264099332
2026-06-27 17:24:05,161|line:346| Expecting value: line 1 column 1 (char 0)
2026-06-27 17:24:05,161|line:347| error line:319
2026-06-27 17:24:05,162|line:533| *#*#*#*#*#*#*#*#*#*原动态处理失败*#*#*#*#*#*#*#*#*#
2026-06-27 17:24:05,162|line:519| https://t.bilibili.com/1218133472723337221
2026-06-27 17:24:09,529|line:346| Expecting value: line 1 column 1 (char 0)
2026-06-27 17:24:09,529|line:347| error line:319
2026-06-27 17:24:09,530|line:533| *#*#*#*#*#*#*#*#*#*原动态处理失败*#*#*#*#*#*#*#*#*#
2026-06-27 17:24:09,531|line:519| https://t.bilibili.com/1218164396501499904
2026-06-27 17:24:10,878|line:346| Expecting value: line 1 column 1 (char 0)
2026-06-27 17:24:10,878|line:347| error line:319
2026-06-27 17:24:10,879|line:533| *#*#*#*#*#*#*#*#*#*原动态处理失败*#*#*#*#*#*#*#*#*#
2026-06-27 17:24:10,879|line:519| https://t.bilibili.com/1217447658755457044
2026-06-27 17:24:15,252|line:346| Expecting value: line 1 column 1 (char 0)
2026-06-27 17:24:15,252|line:347| error line:319
2026-06-27 17:24:15,253|line:533| *#*#*#*#*#*#*#*#*#*原动态处理失败*#*#*#*#*#*#*#*#*#
2026-06-27 17:24:15,253|line:519| https://t.bilibili.com/1218155538092654610
2026-06-27 17:24:16,601|line:346| Expecting value: line 1 column 1 (char 0)
2026-06-27 17:24:16,601|line:347| error line:319
2026-06-27 17:24:16,602|line:533| *#*#*#*#*#*#*#*#*#*原动态处理失败*#*#*#*#*#*#*#*#*#
2026-06-27 17:24:16,602|line:519| https://t.bilibili.com/1218048580514742278
2026-06-27 17:24:19,898|line:346| Expecting value: line 1 column 1 (char 0)
2026-06-27 17:24:19,898|line:347| error line:319
2026-06-27 17:24:19,899|line:533| *#*#*#*#*#*#*#*#*#*原动态处理失败*#*#*#*#*#*#*#*#*#
2026-06-27 17:24:19,899|line:519| https://t.bilibili.com/1218087087044034569
2026-06-27 17:24:22,259|line:346| Expecting value: line 1 column 1 (char 0)
2026-06-27 17:24:22,259|line:347| error line:319
2026-06-27 17:24:22,260|line:533| *#*#*#*#*#*#*#*#*#*原动态处理失败*#*#*#*#*#*#*#*#*#
2026-06-27 17:24:22,260|line:519| https://t.bilibili.com/1218157634061860883
2026-06-27 17:24:25,615|line:346| Expecting value: line 1 column 1 (char 0)
2026-06-27 17:24:25,615|line:347| error line:319
2026-06-27 17:24:25,617|line:533| *#*#*#*#*#*#*#*#*#*原动态处理失败*#*#*#*#*#*#*#*#*#
2026-06-27 17:24:25,617|line:519| https://t.bilibili.com/1218154309761368065
2026-06-27 17:24:29,958|line:346| Expecting value: line 1 column 1 (char 0)
2026-06-27 17:24:29,958|line:347| error line:319
2026-06-27 17:24:29,959|line:533| *#*#*#*#*#*#*#*#*#*原动态处理失败*#*#*#*#*#*#*#*#*#
2026-06-27 17:24:29,959|line:519| https://t.bilibili.com/1217864631399219206
2026-06-27 17:24:32,257|line:346| Expecting value: line 1 column 1 (char 0)
2026-06-27 17:24:32,257|line:347| error line:319
2026-06-27 17:24:32,258|line:533| *#*#*#*#*#*#*#*#*#*原动态处理失败*#*#*#*#*#*#*#*#*#
2026-06-27 17:24:32,258|line:519| https://t.bilibili.com/1218102548963000320
2026-06-27 17:24:34,603|line:346| Expecting value: line 1 column 1 (char 0)
2026-06-27 17:24:34,604|line:347| error line:319
2026-06-27 17:24:34,604|line:533| *#*#*#*#*#*#*#*#*#*原动态处理失败*#*#*#*#*#*#*#*#*#
2026-06-27 17:24:34,605|line:519| https://t.bilibili.com/1218164396475285505
2026-06-27 17:24:38,944|line:346| Expecting value: line 1 column 1 (char 0)
2026-06-27 17:24:38,944|line:347| error line:319
2026-06-27 17:24:38,945|line:533| *#*#*#*#*#*#*#*#*#*原动态处理失败*#*#*#*#*#*#*#*#*#
2026-06-27 17:24:38,946|line:519| https://t.bilibili.com/1218210818616721448
2026-06-27 17:24:43,352|line:346| Expecting value: line 1 column 1 (char 0)
2026-06-27 17:24:43,352|line:347| error line:319
2026-06-27 17:24:43,353|line:533| *#*#*#*#*#*#*#*#*#*原动态处理失败*#*#*#*#*#*#*#*#*#
2026-06-27 17:24:43,353|line:519| https://t.bilibili.com/1217808773170593800
2026-06-27 17:24:45,778|line:346| Expecting value: line 1 column 1 (char 0)
2026-06-27 17:24:45,779|line:347| error line:319
2026-06-27 17:24:45,779|line:533| *#*#*#*#*#*#*#*#*#*原动态处理失败*#*#*#*#*#*#*#*#*#
2026-06-27 17:24:45,780|line:519| https://t.bilibili.com/1218071625210003474
2026-06-27 17:24:49,195|line:346| Expecting value: line 1 column 1 (char 0)
2026-06-27 17:24:49,195|line:347| error line:319
2026-06-27 17:24:49,197|line:533| *#*#*#*#*#*#*#*#*#*原动态处理失败*#*#*#*#*#*#*#*#*#
2026-06-27 17:24:49,197|line:519| https://t.bilibili.com/1218056163299426305
2026-06-27 17:24:52,583|line:346| Expecting value: line 1 column 1 (char 0)
2026-06-27 17:24:52,583|line:347| error line:319
2026-06-27 17:24:52,584|line:533| *#*#*#*#*#*#*#*#*#*原动态处理失败*#*#*#*#*#*#*#*#*#
2026-06-27 17:24:52,584|line:519| https://t.bilibili.com/1218087087088074769
2026-06-27 17:24:54,939|line:346| Expecting value: line 1 column 1 (char 0)
2026-06-27 17:24:54,939|line:347| error line:319
2026-06-27 17:24:54,940|line:533| *#*#*#*#*#*#*#*#*#*原动态处理失败*#*#*#*#*#*#*#*#*#
2026-06-27 17:24:54,940|line:519| https://t.bilibili.com/1218151977601466369
2026-06-27 17:24:58,293|line:346| Expecting value: line 1 column 1 (char 0)
2026-06-27 17:24:58,294|line:347| error line:319
2026-06-27 17:24:58,295|line:533| *#*#*#*#*#*#*#*#*#*原动态处理失败*#*#*#*#*#*#*#*#*#
2026-06-27 17:24:58,295|line:519| https://t.bilibili.com/1218179858383765505
2026-06-27 17:24:59,671|line:346| Expecting value: line 1 column 1 (char 0)
2026-06-27 17:24:59,671|line:347| error line:319
2026-06-27 17:24:59,672|line:533| *#*#*#*#*#*#*#*#*#*原动态处理失败*#*#*#*#*#*#*#*#*#
2026-06-27 17:24:59,672|line:519| https://t.bilibili.com/1218193801938468901
2026-06-27 17:25:03,960|line:346| Expecting value: line 1 column 1 (char 0)
2026-06-27 17:25:03,960|line:347| error line:319
2026-06-27 17:25:03,961|line:533| *#*#*#*#*#*#*#*#*#*原动态处理失败*#*#*#*#*#*#*#*#*#
2026-06-27 17:25:03,961|line:519| https://t.bilibili.com/1217862290609537058
2026-06-27 17:25:08,304|line:346| Expecting value: line 1 column 1 (char 0)
2026-06-27 17:25:08,304|line:347| error line:319
2026-06-27 17:25:08,305|line:533| *#*#*#*#*#*#*#*#*#*原动态处理失败*#*#*#*#*#*#*#*#*#
2026-06-27 17:25:08,306|line:519| https://t.bilibili.com/1218056163277406217
2026-06-27 17:25:12,696|line:346| Expecting value: line 1 column 1 (char 0)
2026-06-27 17:25:12,696|line:347| error line:319
2026-06-27 17:25:12,697|line:533| *#*#*#*#*#*#*#*#*#*原动态处理失败*#*#*#*#*#*#*#*#*#
2026-06-27 17:25:12,698|line:519| https://t.bilibili.com/1218126388142276615
2026-06-27 17:25:17,040|line:346| Expecting value: line 1 column 1 (char 0)
2026-06-27 17:25:17,040|line:347| error line:319
2026-06-27 17:25:17,041|line:533| *#*#*#*#*#*#*#*#*#*原动态处理失败*#*#*#*#*#*#*#*#*#
2026-06-27 17:25:17,042|line:519| https://t.bilibili.com/1218092200247689267
2026-06-27 17:25:20,390|line:346| Expecting value: line 1 column 1 (char 0)
2026-06-27 17:25:20,390|line:347| error line:319
2026-06-27 17:25:20,391|line:533| *#*#*#*#*#*#*#*#*#*原动态处理失败*#*#*#*#*#*#*#*#*#
2026-06-27 17:25:20,391|line:519| https://t.bilibili.com/1218100794426916868
2026-06-27 17:25:21,757|line:346| Expecting value: line 1 column 1 (char 0)
2026-06-27 17:25:21,757|line:347| error line:319
2026-06-27 17:25:21,758|line:533| *#*#*#*#*#*#*#*#*#*原动态处理失败*#*#*#*#*#*#*#*#*#
2026-06-27 17:25:21,759|line:519| https://t.bilibili.com/1218057982228561959
2026-06-27 17:25:25,171|line:346| Expecting value: line 1 column 1 (char 0)
2026-06-27 17:25:25,171|line:347| error line:319
2026-06-27 17:25:25,172|line:533| *#*#*#*#*#*#*#*#*#*原动态处理失败*#*#*#*#*#*#*#*#*#
2026-06-27 17:25:25,172|line:519| https://t.bilibili.com/1217735125236711427
2026-06-27 17:25:26,515|line:346| Expecting value: line 1 column 1 (char 0)
2026-06-27 17:25:26,515|line:347| error line:319
2026-06-27 17:25:26,516|line:533| *#*#*#*#*#*#*#*#*#*原动态处理失败*#*#*#*#*#*#*#*#*#
2026-06-27 17:25:26,516|line:519| https://t.bilibili.com/1218078632433418249
2026-06-27 17:25:30,856|line:346| Expecting value: line 1 column 1 (char 0)
2026-06-27 17:25:30,856|line:347| error line:319
2026-06-27 17:25:30,857|line:533| *#*#*#*#*#*#*#*#*#*原动态处理失败*#*#*#*#*#*#*#*#*#
2026-06-27 17:25:30,857|line:519| https://t.bilibili.com/1218098445123846152
2026-06-27 17:25:35,273|line:346| Expecting value: line 1 column 1 (char 0)
2026-06-27 17:25:35,273|line:347| error line:319
2026-06-27 17:25:35,275|line:533| *#*#*#*#*#*#*#*#*#*原动态处理失败*#*#*#*#*#*#*#*#*#
2026-06-27 17:25:35,275|line:519| https://t.bilibili.com/1218149928896823304
2026-06-27 17:25:38,616|line:346| Expecting value: line 1 column 1 (char 0)
2026-06-27 17:25:38,616|line:347| error line:319
2026-06-27 17:25:38,617|line:533| *#*#*#*#*#*#*#*#*#*原动态处理失败*#*#*#*#*#*#*#*#*#
2026-06-27 17:25:38,617|line:519| https://t.bilibili.com/1217868080240132118
2026-06-27 17:25:40,008|line:346| Expecting value: line 1 column 1 (char 0)
2026-06-27 17:25:40,009|line:347| error line:319
2026-06-27 17:25:40,010|line:533| *#*#*#*#*#*#*#*#*#*原动态处理失败*#*#*#*#*#*#*#*#*#
2026-06-27 17:25:40,010|line:519| https://t.bilibili.com/1218156665546735623
2026-06-27 17:25:41,357|line:346| Expecting value: line 1 column 1 (char 0)
2026-06-27 17:25:41,357|line:347| error line:319
2026-06-27 17:25:41,358|line:533| *#*#*#*#*#*#*#*#*#*原动态处理失败*#*#*#*#*#*#*#*#*#
2026-06-27 17:25:41,358|line:519| https://t.bilibili.com/1218063312291364887
2026-06-27 17:25:45,698|line:346| Expecting value: line 1 column 1 (char 0)
2026-06-27 17:25:45,698|line:347| error line:319
2026-06-27 17:25:45,699|line:533| *#*#*#*#*#*#*#*#*#*原动态处理失败*#*#*#*#*#*#*#*#*#
2026-06-27 17:25:45,699|line:519| https://t.bilibili.com/1217910969767821336
2026-06-27 17:25:46,993|line:346| Expecting value: line 1 column 1 (char 0)
2026-06-27 17:25:46,994|line:347| error line:319
2026-06-27 17:25:46,994|line:533| *#*#*#*#*#*#*#*#*#*原动态处理失败*#*#*#*#*#*#*#*#*#
2026-06-27 17:25:46,995|line:519| https://t.bilibili.com/1218102548926300197
2026-06-27 17:25:48,356|line:346| Expecting value: line 1 column 1 (char 0)
2026-06-27 17:25:48,356|line:347| error line:319
2026-06-27 17:25:48,357|line:533| *#*#*#*#*#*#*#*#*#*原动态处理失败*#*#*#*#*#*#*#*#*#
2026-06-27 17:25:48,357|line:519| https://t.bilibili.com/1218102548977680406
2026-06-27 17:25:52,737|line:346| Expecting value: line 1 column 1 (char 0)
2026-06-27 17:25:52,737|line:347| error line:319
2026-06-27 17:25:52,738|line:533| *#*#*#*#*#*#*#*#*#*原动态处理失败*#*#*#*#*#*#*#*#*#
2026-06-27 17:25:52,738|line:519| https://t.bilibili.com/1218173796039524359
2026-06-27 17:25:55,123|line:346| Expecting value: line 1 column 1 (char 0)
2026-06-27 17:25:55,123|line:347| error line:319
2026-06-27 17:25:55,124|line:533| *#*#*#*#*#*#*#*#*#*原动态处理失败*#*#*#*#*#*#*#*#*#
2026-06-27 17:25:55,124|line:519| https://t.bilibili.com/1218071625164914693
2026-06-27 17:25:57,411|line:346| Expecting value: line 1 column 1 (char 0)
2026-06-27 17:25:57,411|line:347| error line:319
2026-06-27 17:25:57,412|line:533| *#*#*#*#*#*#*#*#*#*原动态处理失败*#*#*#*#*#*#*#*#*#
2026-06-27 17:25:57,412|line:519| https://t.bilibili.com/1218175992905859073
2026-06-27 17:26:00,753|line:346| Expecting value: line 1 column 1 (char 0)
2026-06-27 17:26:00,753|line:347| error line:319
2026-06-27 17:26:00,754|line:533| *#*#*#*#*#*#*#*#*#*原动态处理失败*#*#*#*#*#*#*#*#*#
2026-06-27 17:26:00,754|line:519| https://t.bilibili.com/1218059021586530307
2026-06-27 17:26:03,119|line:346| Expecting value: line 1 column 1 (char 0)
2026-06-27 17:26:03,119|line:347| error line:319
2026-06-27 17:26:03,120|line:533| *#*#*#*#*#*#*#*#*#*原动态处理失败*#*#*#*#*#*#*#*#*#
2026-06-27 17:26:03,120|line:519| https://t.bilibili.com/1218128844866715650
2026-06-27 17:26:04,462|line:346| Expecting value: line 1 column 1 (char 0)
2026-06-27 17:26:04,462|line:347| error line:319
2026-06-27 17:26:04,463|line:533| *#*#*#*#*#*#*#*#*#*原动态处理失败*#*#*#*#*#*#*#*#*#
2026-06-27 17:26:04,463|line:519| https://t.bilibili.com/1218215856643768326
2026-06-27 17:26:06,809|line:346| Expecting value: line 1 column 1 (char 0)
2026-06-27 17:26:06,809|line:347| error line:319
2026-06-27 17:26:06,810|line:533| *#*#*#*#*#*#*#*#*#*原动态处理失败*#*#*#*#*#*#*#*#*#
2026-06-27 17:26:06,810|line:519| https://t.bilibili.com/1218172127426904069
2026-06-27 17:26:10,159|line:346| Expecting value: line 1 column 1 (char 0)
2026-06-27 17:26:10,159|line:347| error line:319
2026-06-27 17:26:10,160|line:533| *#*#*#*#*#*#*#*#*#*原动态处理失败*#*#*#*#*#*#*#*#*#
2026-06-27 17:26:10,160|line:519| https://t.bilibili.com/1218051080237088769
2026-06-27 17:26:12,461|line:346| Expecting value: line 1 column 1 (char 0)
2026-06-27 17:26:12,461|line:347| error line:319
2026-06-27 17:26:12,462|line:533| *#*#*#*#*#*#*#*#*#*原动态处理失败*#*#*#*#*#*#*#*#*#
2026-06-27 17:26:12,462|line:519| https://t.bilibili.com/1218179858339725361
2026-06-27 17:26:14,849|line:346| Expecting value: line 1 column 1 (char 0)
2026-06-27 17:26:14,849|line:347| error line:319
2026-06-27 17:26:14,850|line:533| *#*#*#*#*#*#*#*#*#*原动态处理失败*#*#*#*#*#*#*#*#*#
2026-06-27 17:26:14,850|line:519| https://t.bilibili.com/1218179858344968198
2026-06-27 17:26:18,200|line:346| Expecting value: line 1 column 1 (char 0)
2026-06-27 17:26:18,201|line:347| error line:319
2026-06-27 17:26:18,202|line:533| *#*#*#*#*#*#*#*#*#*原动态处理失败*#*#*#*#*#*#*#*#*#
2026-06-27 17:26:18,202|line:519| https://t.bilibili.com/1218068152717410309
2026-06-27 17:26:19,691|line:346| Expecting value: line 1 column 1 (char 0)
2026-06-27 17:26:19,691|line:347| error line:319
2026-06-27 17:26:19,692|line:533| *#*#*#*#*#*#*#*#*#*原动态处理失败*#*#*#*#*#*#*#*#*#
2026-06-27 17:26:19,692|line:519| https://t.bilibili.com/1218117153960493075
2026-06-27 17:26:24,041|line:346| Expecting value: line 1 column 1 (char 0)
2026-06-27 17:26:24,041|line:347| error line:319
2026-06-27 17:26:24,042|line:533| *#*#*#*#*#*#*#*#*#*原动态处理失败*#*#*#*#*#*#*#*#*#
2026-06-27 17:26:24,042|line:519| https://t.bilibili.com/1218056163309912099
2026-06-27 17:26:28,386|line:346| Expecting value: line 1 column 1 (char 0)
2026-06-27 17:26:28,386|line:347| error line:319
2026-06-27 17:26:28,387|line:533| *#*#*#*#*#*#*#*#*#*原动态处理失败*#*#*#*#*#*#*#*#*#
2026-06-27 17:26:28,387|line:519| https://t.bilibili.com/1218206811408039956
2026-06-27 17:26:29,736|line:346| Expecting value: line 1 column 1 (char 0)
2026-06-27 17:26:29,736|line:347| error line:319
2026-06-27 17:26:29,737|line:533| *#*#*#*#*#*#*#*#*#*原动态处理失败*#*#*#*#*#*#*#*#*#
2026-06-27 17:26:29,737|line:519| https://t.bilibili.com/1218117755263254530
2026-06-27 17:26:32,032|line:346| Expecting value: line 1 column 1 (char 0)
2026-06-27 17:26:32,033|line:347| error line:319
2026-06-27 17:26:32,033|line:533| *#*#*#*#*#*#*#*#*#*原动态处理失败*#*#*#*#*#*#*#*#*#
2026-06-27 17:26:32,034|line:519| https://t.bilibili.com/1218102684268101636
2026-06-27 17:26:35,328|line:346| Expecting value: line 1 column 1 (char 0)
2026-06-27 17:26:35,328|line:347| error line:319
2026-06-27 17:26:35,329|line:533| *#*#*#*#*#*#*#*#*#*原动态处理失败*#*#*#*#*#*#*#*#*#
2026-06-27 17:26:35,329|line:552| 执行结束
2026-06-27 17:26:35,329|line:556| 执行失败，错误数量为57
2026-06-27 17:26:35,329|line:558| ==================================================2026-06-28 01:26==================================================
2026-06-27 17:26:35,329|line:232| processing article 50911536
2026-06-27 17:26:38,099|line:507| ==================================================2026-06-28 01:26==================================================
2026-06-27 17:26:38,100|line:232| processing article 50911441
2026-06-27 17:26:41,810|line:507| ==================================================2026-06-28 01:26==================================================
2026-06-27 17:26:49,993|line:578| ('reply: ', '榄菊官方', '[给心心]')
2026-06-27 17:26:49,994|line:578| ('reply: ', '吓死我啦芙莱', '并不是')
2026-06-27 17:26:49,994|line:578| ('reply: ', '花生十三-公考行测', '68')
2026-06-27 17:26:49,994|line:578| ('reply: ', '三鹿七茸猫尾巴', '[夏诺雅表情包_？？？]')
2026-06-27 17:26:49,994|line:578| ('reply: ', '小闪闪bling', 'hhh腾子买库洛让我感觉他自己有点不太想出大世界了')
2026-06-27 17:26:49,994|line:578| ('reply: ', '不修车的丸山彩', '不是，这……')
2026-06-27 17:26:49,994|line:578| ('reply: ', '好像都是一个人', '你在说什么')
2026-06-27 17:26:49,994|line:578| ('reply: ', '目标咨询', '太宠粉了啊')
2026-06-27 17:26:49,994|line:578| ('reply: ', '数玩工场', '祝你成功')
2026-06-27 17:26:49,994|line:578| ('reply: ', '益家有小佰', '恭喜宝子，获得小电视月度会员1份和克刻冰冰猴喉糖随机口味1份～记得私信小佰提供信息哦~')
2026-06-27 17:26:49,994|line:578| ('reply: ', '圆环之理-Madoka', '是的')
2026-06-27 17:26:49,995|line:578| ('reply: ', '兰的三姨', '这就是银河巨星的实力！')
2026-06-27 17:26:49,995|line:578| ('reply: ', '花园百合铃音', '有男不玩，我只吃麻辣火锅，xxn滚[吃瓜]')
2026-06-27 17:26:49,995|line:578| ('reply: ', '是绝赞的阿鬼', '[tv_难过]')
2026-06-27 17:26:49,995|line:578| ('reply: ', '桃稚不幼稚', '还行')
2026-06-27 17:26:49,995|line:578| ('reply: ', '陌罔子吖', '佬，这个报名有啥条件不。最近太非了，想下次报来抽[脱单doge][脱单doge][脱单doge]')
2026-06-27 17:26:49,995|line:578| ('reply: ', '太二酸菜鱼', '恭喜成为本期欧皇[打call]获得【肥龙联名显眼包】1份，在收到本信息的两天内回复哥的私信哦~逾期哥就自己收啦！[脱单doge]')
2026-06-27 17:26:49,995|line:578| ('reply: ', '得一想二的松鼠', '中奖分我一半')
2026-06-27 17:26:49,995|line:578| ('reply: ', '佑凉Uriyoo', '谢谢！！！[UP_24967030_感恩]')
2026-06-27 17:26:49,995|line:578| ('reply: ', '岛莓祁', '好耶')
2026-06-27 17:26:53,331|line:587| ('at: ', '电脑报', '恭喜@小小Shaun UID：1090970340，@-叶晓吖  UID：22437099  获得 【电竞大礼包】1份， 请在三日内私信我')
2026-06-27 17:26:53,331|line:587| ('at: ', '联想拯救者官方', '是我喜欢的奖品名单 直接开奖 上 趁现在没人偷摸开个奖 恭喜这些小伙伴 【拯救者7.1声卡H7游戏耳机】获奖名单 @泪水打湿猪脚饭o @xoomoon @小小Shaun @T山海连云T @超超超超薄脆饼干 @BerboomC 【拯救者C140氮化镓适配器】获奖名单 @改个天凉好个秋 @夜猫子牙不好 @LLL好久不见 @林殇倾慕婉 @今天也要拥抱微风 @洳不及我万一 @胜利の天平 【白金独角兽电竞鼠标】获奖名单 @底片上的诗旅人 【拯救者C170氮化镓适配器】获奖名单 @麦當劳无限好 @無名丶の辈 @任性的提莫 @广东有暖风 由于B站私信规则修改 我会私信中奖的小伙伴一条消息，还请注意查收并回复我您的收货地址与联系方式，奖品基本会在私信您信息后的三十个工作日内发货')
2026-06-27 17:26:53,331|line:587| ('at: ', 'Apexgaming艾湃电竞', '恭喜 @小小Shaun 获得饮料一份，三天内联系我，过时不候！')
2026-06-27 17:26:53,331|line:587| ('at: ', '喜欢白毛有什么不好', '1 @浪子游2fans6@被_____打下来的飞机@拉斯特臣后面一个点@专心致志的学生@猫猫头OmMeow@小小Shaun@龐門左道@啦啦痴痴腻@bili_66938050009@日月星辰668')
2026-06-27 17:26:53,331|line:587| ('at: ', 'iKF蓝牙耳机', '恭喜@小小Shaun 宝子成为苏泊尔福利动态幸运儿！\n注意：即日起72小时内回复信息确认领奖哦！逾期将自动视为放弃中奖资格。\n没有中奖的宝子们不要气馁，参与一下下置顶视频iKF Mars，增加欧气值，说不定下个幸运儿就是你！\n链接：\nhttps://www.bilibili.com/video/BV1Soo6YLEHZ/?spm_id_from=333.1387.list.card_archive.click&vd_source=21fb0967ccc75e6b3b2447ade2c740dd\n还没参与抽奖的宝子们，赶紧点击上方链接参与吧！还有特别福利惊喜等你哦~')
2026-06-27 17:26:53,332|line:587| ('at: ', 'wellymerck威利默克', '恭喜@小小Shaun\xa0 获得《我是你的小狗3 永远等你回家》1本，请于5天内联系威宝，凭关注+互动截图领取奖品，逾期作废~')
2026-06-27 17:26:53,332|line:587| ('at: ', '宁美NINGMEI', '恭喜@小小Shaun   中奖，请在12月1日24点前私信我：1. 奖品+中奖信息a. 实物奖：姓名电话地址，给文字！省市区路清晰，提交不清晰不发奖，信息错误致无法签收，概不负责；\n\nb. 现金红包给到支付宝实名+账号；\n\nc. 京东卡/猫超卡 等购物卡给到姓名+电话；2. 宁美和品牌方关注截图+转发截图！\n\n必须关注品牌方，否则奖品不予发放；如遇无法私信图片的情况，等待我回复后即可发送图片。PS： \n\n因后台收信有时会出问题，以回复“已登记”为准，没有回复即表示私信未收到。\n\n过期视为自动放弃，不会补发；奖品30个工作日内发送，勿催哦~\n\n不发全，不回复。其他小伙伴请继续努力！')
2026-06-27 17:26:53,332|line:587| ('at: ', '爱玛电动车官方账号', '#一“玛”当先榜# 快来看看10月都是谁和爱玛酱互动最多呀~ 💕恭喜@小小Shaun 和@甘瑞凯拉莎 排行第一！这两位小玛达将会获得【爱玛随机周边×1】，请5天内私信爱玛酱领奖哟~[鼓掌] 以后也请继续单推我无敌可爱美少女爱玛酱呀嘿嘿！(●´З｀●)')
2026-06-27 17:26:53,332|line:587| ('at: ', '爱玛电动车官方账号', '')
2026-06-27 17:26:53,332|line:587| ('at: ', '海露滴眼液', '互动榜出炉啦')
2026-06-27 17:26:53,332|line:587| ('at: ', '和蔼可亲桃白白', '\u200b//@九号公司:\u200b恭喜@小小Shaun 中奖！后续记得查收私信哟～\u200b//@九号公司:#互动抽奖# 谢谢粒粒的复工礼！小九也来加个码~关注【@微粒贷+@九号公司 】并转发该动态，抽一位小可爱获得【100元京东卡】~ #供电局福利社# 10月31日抽出！')
2026-06-27 17:26:53,332|line:587| ('at: ', '望大家身体健康快乐', '\u200b//@九号公司:\u200b恭喜@小小Shaun 中奖！后续记得查收私信哟～\u200b//@九号公司 :#互动抽奖# 谢谢粒粒的复工礼！小九也来加个码~关注【@微粒贷+@九号公司 】并转发该动态，抽一位小可爱获得【100元京东卡】~ #供电局福利社# 10月31日抽出！')
2026-06-27 17:26:53,332|line:587| ('at: ', 'MoMA_Reona', '//@九号公司:\u200b恭喜@小小Shaun 中奖！后续记得查收私信哟～\u200b//@九号公司:#互动抽奖# 谢谢粒粒的复工礼！小九也来加个码~关注【@微粒贷+@九号公司 】并转发该动态，抽一位小可爱获得【100元京东卡】~ #供电局福利社# 10月31日抽出！')
2026-06-27 17:26:53,332|line:587| ('at: ', '摸鱼二队', '\u200b//@九号公司:\u200b恭喜@小小Shaun 中奖！后续记得查收私信哟～\u200b//@九号公司 :#互动抽奖# 谢谢粒粒的复工礼！小九也来加个码~关注【@微粒贷+@九号公司 】并转发该动态，抽一位小可爱获得【100元京东卡】~ #供电局福利社# 10月31日抽出！')
2026-06-27 17:26:53,333|line:587| ('at: ', '文少嘅一些事一些情', '\u200b//@九号公司:\u200b恭喜@小小Shaun 中奖！后续记得查收私信哟～\u200b//@九号公司 :#互动抽奖# 谢谢粒粒的复工礼！小九也来加个码~关注【@微粒贷+@九号公司 】并转发该动态，抽一位小可爱获得【100元京东卡】~ #供电局福利社# 10月31日抽出！')
2026-06-27 17:26:53,333|line:587| ('at: ', 'Carry队友的嘟嘟酱丶', '\u200b//@九号公司:\u200b恭喜@小小Shaun 中奖！后续记得查收私信哟～\u200b//@九号公司 :#互动抽奖# 谢谢粒粒的复工礼！小九也来加个码~关注【@微粒贷+@九号公司 】并转发该动态，抽一位小可爱获得【100元京东卡】~ #供电局福利社# 10月31日抽出！')
2026-06-27 17:26:53,333|line:587| ('at: ', '蛤蟆zero', '//@九号公司:\u200b恭喜@小小Shaun 中奖！后续记得查收私信哟～\u200b//@九号公司:#互动抽奖# 谢谢粒粒的复工礼！小九也来加个码~关注【@微粒贷+@九号公司 】并转发该动态，抽一位小可爱获得【100元京东卡】~ #供电局福利社# 10月31日抽出！c冲冲冲')
2026-06-27 17:26:53,333|line:587| ('at: ', '木而各子要吃笃栗子', '\u200b//@九号公司:\u200b恭喜@小小Shaun 中奖！后续记得查收私信哟～\u200b//@九号公司 :#互动抽奖# 谢谢粒粒的复工礼！小九也来加个码~关注【@微粒贷+@九号公司 】并转发该动态，抽一位小可爱获得【100元京东卡】~ #供电局福利社# 10月31日抽出！')
2026-06-27 17:26:53,333|line:587| ('at: ', '裙下愚臣情默默', '\u200b//@九号公司:\u200b恭喜@小小Shaun 中奖！后续记得查收私信哟～\u200b//@九号公司 :#互动抽奖# 谢谢粒粒的复工礼！小九也来加个码~关注【@微粒贷+@九号公司 】并转发该动态，抽一位小可爱获得【100元京东卡】~ #供电局福利社# 10月31日抽出！')
2026-06-27 17:26:53,333|line:587| ('at: ', '戊子毕宿', '')
