2026-07-21 17:38:35,164|line:232| processing article 51693963
2026-07-21 17:38:38,297|line:507| ==================================================2026-07-22 01:38==================================================
2026-07-21 17:38:38,297|line:232| processing article 51690373
2026-07-21 17:38:40,844|line:507| ==================================================2026-07-22 01:38==================================================
2026-07-21 17:38:40,844|line:519| https://t.bilibili.com/1227150479548481545
2026-07-21 17:38:43,547|line:346| Expecting value: line 1 column 1 (char 0)
2026-07-21 17:38:43,547|line:347| error line:319
2026-07-21 17:38:43,548|line:533| *#*#*#*#*#*#*#*#*#*原动态处理失败*#*#*#*#*#*#*#*#*#
2026-07-21 17:38:43,548|line:519| https://t.bilibili.com/1225602319919349764
2026-07-21 17:38:45,895|line:346| Expecting value: line 1 column 1 (char 0)
2026-07-21 17:38:45,895|line:347| error line:319
2026-07-21 17:38:45,896|line:533| *#*#*#*#*#*#*#*#*#*原动态处理失败*#*#*#*#*#*#*#*#*#
2026-07-21 17:38:45,896|line:519| https://t.bilibili.com/1227448438557245440
2026-07-21 17:38:49,238|line:346| Expecting value: line 1 column 1 (char 0)
2026-07-21 17:38:49,238|line:347| error line:319
2026-07-21 17:38:49,239|line:533| *#*#*#*#*#*#*#*#*#*原动态处理失败*#*#*#*#*#*#*#*#*#
2026-07-21 17:38:49,239|line:519| https://t.bilibili.com/1227505978279198728
2026-07-21 17:38:53,617|line:346| Expecting value: line 1 column 1 (char 0)
2026-07-21 17:38:53,617|line:347| error line:319
2026-07-21 17:38:53,618|line:533| *#*#*#*#*#*#*#*#*#*原动态处理失败*#*#*#*#*#*#*#*#*#
2026-07-21 17:38:53,619|line:519| https://t.bilibili.com/1227440441365889031
2026-07-21 17:38:55,965|line:346| Expecting value: line 1 column 1 (char 0)
2026-07-21 17:38:55,965|line:347| error line:319
2026-07-21 17:38:55,966|line:533| *#*#*#*#*#*#*#*#*#*原动态处理失败*#*#*#*#*#*#*#*#*#
2026-07-21 17:38:55,966|line:519| https://t.bilibili.com/1227160113128669223
2026-07-21 17:38:59,310|line:346| Expecting value: line 1 column 1 (char 0)
2026-07-21 17:38:59,311|line:347| error line:319
2026-07-21 17:38:59,311|line:533| *#*#*#*#*#*#*#*#*#*原动态处理失败*#*#*#*#*#*#*#*#*#
2026-07-21 17:38:59,311|line:519| https://t.bilibili.com/1227395140162682887
2026-07-21 17:39:03,658|line:346| Expecting value: line 1 column 1 (char 0)
2026-07-21 17:39:03,659|line:347| error line:319
2026-07-21 17:39:03,660|line:533| *#*#*#*#*#*#*#*#*#*原动态处理失败*#*#*#*#*#*#*#*#*#
2026-07-21 17:39:03,660|line:519| https://t.bilibili.com/1227402813176283176
2026-07-21 17:39:06,009|line:346| Expecting value: line 1 column 1 (char 0)
2026-07-21 17:39:06,009|line:347| error line:319
2026-07-21 17:39:06,010|line:533| *#*#*#*#*#*#*#*#*#*原动态处理失败*#*#*#*#*#*#*#*#*#
2026-07-21 17:39:06,010|line:519| https://t.bilibili.com/1226962207471829028
2026-07-21 17:39:07,343|line:346| Expecting value: line 1 column 1 (char 0)
2026-07-21 17:39:07,343|line:347| error line:319
2026-07-21 17:39:07,344|line:533| *#*#*#*#*#*#*#*#*#*原动态处理失败*#*#*#*#*#*#*#*#*#
2026-07-21 17:39:07,345|line:519| https://t.bilibili.com/1227177430436806656
2026-07-21 17:39:08,641|line:346| Expecting value: line 1 column 1 (char 0)
2026-07-21 17:39:08,641|line:347| error line:319
2026-07-21 17:39:08,642|line:533| *#*#*#*#*#*#*#*#*#*原动态处理失败*#*#*#*#*#*#*#*#*#
2026-07-21 17:39:08,642|line:519| https://t.bilibili.com/1227432233686532101
2026-07-21 17:39:12,937|line:346| Expecting value: line 1 column 1 (char 0)
2026-07-21 17:39:12,938|line:347| error line:319
2026-07-21 17:39:12,939|line:533| *#*#*#*#*#*#*#*#*#*原动态处理失败*#*#*#*#*#*#*#*#*#
2026-07-21 17:39:12,939|line:519| https://t.bilibili.com/1227404380834103305
2026-07-21 17:39:15,231|line:346| Expecting value: line 1 column 1 (char 0)
2026-07-21 17:39:15,231|line:347| error line:319
2026-07-21 17:39:15,232|line:533| *#*#*#*#*#*#*#*#*#*原动态处理失败*#*#*#*#*#*#*#*#*#
2026-07-21 17:39:15,233|line:519| https://t.bilibili.com/1227369759098535959
2026-07-21 17:39:19,532|line:346| Expecting value: line 1 column 1 (char 0)
2026-07-21 17:39:19,533|line:347| error line:319
2026-07-21 17:39:19,534|line:533| *#*#*#*#*#*#*#*#*#*原动态处理失败*#*#*#*#*#*#*#*#*#
2026-07-21 17:39:19,534|line:519| https://t.bilibili.com/1227472449596030982
2026-07-21 17:39:20,880|line:346| Expecting value: line 1 column 1 (char 0)
2026-07-21 17:39:20,880|line:347| error line:319
2026-07-21 17:39:20,881|line:533| *#*#*#*#*#*#*#*#*#*原动态处理失败*#*#*#*#*#*#*#*#*#
2026-07-21 17:39:20,881|line:519| https://t.bilibili.com/1227407546206126121
2026-07-21 17:39:22,181|line:346| Expecting value: line 1 column 1 (char 0)
2026-07-21 17:39:22,181|line:347| error line:319
2026-07-21 17:39:22,182|line:533| *#*#*#*#*#*#*#*#*#*原动态处理失败*#*#*#*#*#*#*#*#*#
2026-07-21 17:39:22,182|line:519| https://t.bilibili.com/1227415771064303624
2026-07-21 17:39:24,532|line:346| Expecting value: line 1 column 1 (char 0)
2026-07-21 17:39:24,532|line:347| error line:319
2026-07-21 17:39:24,533|line:533| *#*#*#*#*#*#*#*#*#*原动态处理失败*#*#*#*#*#*#*#*#*#
2026-07-21 17:39:24,533|line:519| https://t.bilibili.com/1227157609149104130
2026-07-21 17:39:26,909|line:346| Expecting value: line 1 column 1 (char 0)
2026-07-21 17:39:26,909|line:347| error line:319
2026-07-21 17:39:26,910|line:533| *#*#*#*#*#*#*#*#*#*原动态处理失败*#*#*#*#*#*#*#*#*#
2026-07-21 17:39:26,910|line:519| https://t.bilibili.com/1227145651963297825
2026-07-21 17:39:31,257|line:346| Expecting value: line 1 column 1 (char 0)
2026-07-21 17:39:31,258|line:347| error line:319
2026-07-21 17:39:31,258|line:533| *#*#*#*#*#*#*#*#*#*原动态处理失败*#*#*#*#*#*#*#*#*#
2026-07-21 17:39:31,259|line:519| https://t.bilibili.com/1227183829939126279
2026-07-21 17:39:34,594|line:346| Expecting value: line 1 column 1 (char 0)
2026-07-21 17:39:34,594|line:347| error line:319
2026-07-21 17:39:34,595|line:533| *#*#*#*#*#*#*#*#*#*原动态处理失败*#*#*#*#*#*#*#*#*#
2026-07-21 17:39:34,596|line:519| https://t.bilibili.com/1227163566266646552
2026-07-21 17:39:36,995|line:346| Expecting value: line 1 column 1 (char 0)
2026-07-21 17:39:36,995|line:347| error line:319
2026-07-21 17:39:36,996|line:533| *#*#*#*#*#*#*#*#*#*原动态处理失败*#*#*#*#*#*#*#*#*#
2026-07-21 17:39:36,996|line:519| https://t.bilibili.com/1227058142025613313
2026-07-21 17:39:38,342|line:346| Expecting value: line 1 column 1 (char 0)
2026-07-21 17:39:38,342|line:347| error line:319
2026-07-21 17:39:38,343|line:533| *#*#*#*#*#*#*#*#*#*原动态处理失败*#*#*#*#*#*#*#*#*#
2026-07-21 17:39:38,344|line:519| https://t.bilibili.com/1227462657051721731
2026-07-21 17:39:42,689|line:346| Expecting value: line 1 column 1 (char 0)
2026-07-21 17:39:42,689|line:347| error line:319
2026-07-21 17:39:42,690|line:533| *#*#*#*#*#*#*#*#*#*原动态处理失败*#*#*#*#*#*#*#*#*#
2026-07-21 17:39:42,690|line:519| https://t.bilibili.com/1226962207501189122
2026-07-21 17:39:46,002|line:346| Expecting value: line 1 column 1 (char 0)
2026-07-21 17:39:46,002|line:347| error line:319
2026-07-21 17:39:46,003|line:533| *#*#*#*#*#*#*#*#*#*原动态处理失败*#*#*#*#*#*#*#*#*#
2026-07-21 17:39:46,003|line:519| https://t.bilibili.com/1227428479846318080
2026-07-21 17:39:47,359|line:346| Expecting value: line 1 column 1 (char 0)
2026-07-21 17:39:47,359|line:347| error line:319
2026-07-21 17:39:47,360|line:533| *#*#*#*#*#*#*#*#*#*原动态处理失败*#*#*#*#*#*#*#*#*#
2026-07-21 17:39:47,360|line:519| https://t.bilibili.com/1226981661567090720
2026-07-21 17:39:51,733|line:346| Expecting value: line 1 column 1 (char 0)
2026-07-21 17:39:51,734|line:347| error line:319
2026-07-21 17:39:51,735|line:533| *#*#*#*#*#*#*#*#*#*原动态处理失败*#*#*#*#*#*#*#*#*#
2026-07-21 17:39:51,735|line:519| https://t.bilibili.com/1227472449625391110
2026-07-21 17:39:55,079|line:346| Expecting value: line 1 column 1 (char 0)
2026-07-21 17:39:55,079|line:347| error line:319
2026-07-21 17:39:55,080|line:533| *#*#*#*#*#*#*#*#*#*原动态处理失败*#*#*#*#*#*#*#*#*#
2026-07-21 17:39:55,081|line:519| https://t.bilibili.com/1227430124874366997
2026-07-21 17:39:56,397|line:346| Expecting value: line 1 column 1 (char 0)
2026-07-21 17:39:56,398|line:347| error line:319
2026-07-21 17:39:56,398|line:533| *#*#*#*#*#*#*#*#*#*原动态处理失败*#*#*#*#*#*#*#*#*#
2026-07-21 17:39:56,399|line:519| https://t.bilibili.com/1227431327418023945
2026-07-21 17:39:59,804|line:346| Expecting value: line 1 column 1 (char 0)
2026-07-21 17:39:59,804|line:347| error line:319
2026-07-21 17:39:59,805|line:533| *#*#*#*#*#*#*#*#*#*原动态处理失败*#*#*#*#*#*#*#*#*#
2026-07-21 17:39:59,806|line:519| https://t.bilibili.com/1227477240659312642
2026-07-21 17:40:04,144|line:346| Expecting value: line 1 column 1 (char 0)
2026-07-21 17:40:04,144|line:347| error line:319
2026-07-21 17:40:04,145|line:533| *#*#*#*#*#*#*#*#*#*原动态处理失败*#*#*#*#*#*#*#*#*#
2026-07-21 17:40:04,145|line:519| https://t.bilibili.com/1227350302849499143
2026-07-21 17:40:05,530|line:346| Expecting value: line 1 column 1 (char 0)
2026-07-21 17:40:05,530|line:347| error line:319
2026-07-21 17:40:05,531|line:533| *#*#*#*#*#*#*#*#*#*原动态处理失败*#*#*#*#*#*#*#*#*#
2026-07-21 17:40:05,531|line:519| https://t.bilibili.com/1227448116466155537
2026-07-21 17:40:09,874|line:346| Expecting value: line 1 column 1 (char 0)
2026-07-21 17:40:09,874|line:347| error line:319
2026-07-21 17:40:09,875|line:533| *#*#*#*#*#*#*#*#*#*原动态处理失败*#*#*#*#*#*#*#*#*#
2026-07-21 17:40:09,875|line:519| https://t.bilibili.com/1227402701481967617
2026-07-21 17:40:14,221|line:346| Expecting value: line 1 column 1 (char 0)
2026-07-21 17:40:14,221|line:347| error line:319
2026-07-21 17:40:14,222|line:533| *#*#*#*#*#*#*#*#*#*原动态处理失败*#*#*#*#*#*#*#*#*#
2026-07-21 17:40:14,223|line:519| https://t.bilibili.com/1227296821970206729
2026-07-21 17:40:16,573|line:346| Expecting value: line 1 column 1 (char 0)
2026-07-21 17:40:16,574|line:347| error line:319
2026-07-21 17:40:16,574|line:533| *#*#*#*#*#*#*#*#*#*原动态处理失败*#*#*#*#*#*#*#*#*#
2026-07-21 17:40:16,575|line:519| https://t.bilibili.com/1224854467309993993
2026-07-21 17:40:20,944|line:346| Expecting value: line 1 column 1 (char 0)
2026-07-21 17:40:20,944|line:347| error line:319
2026-07-21 17:40:20,945|line:533| *#*#*#*#*#*#*#*#*#*原动态处理失败*#*#*#*#*#*#*#*#*#
2026-07-21 17:40:20,945|line:519| https://t.bilibili.com/1224879412514652165
2026-07-21 17:40:24,278|line:346| Expecting value: line 1 column 1 (char 0)
2026-07-21 17:40:24,278|line:347| error line:319
2026-07-21 17:40:24,279|line:533| *#*#*#*#*#*#*#*#*#*原动态处理失败*#*#*#*#*#*#*#*#*#
2026-07-21 17:40:24,279|line:519| https://t.bilibili.com/1227143884622004246
2026-07-21 17:40:27,769|line:346| Expecting value: line 1 column 1 (char 0)
2026-07-21 17:40:27,770|line:347| error line:319
2026-07-21 17:40:27,770|line:533| *#*#*#*#*#*#*#*#*#*原动态处理失败*#*#*#*#*#*#*#*#*#
2026-07-21 17:40:27,771|line:519| https://t.bilibili.com/1226808183502143524
2026-07-21 17:40:31,117|line:346| Expecting value: line 1 column 1 (char 0)
2026-07-21 17:40:31,117|line:347| error line:319
2026-07-21 17:40:31,118|line:533| *#*#*#*#*#*#*#*#*#*原动态处理失败*#*#*#*#*#*#*#*#*#
2026-07-21 17:40:31,118|line:519| https://t.bilibili.com/1227399660646170633
2026-07-21 17:40:33,415|line:346| Expecting value: line 1 column 1 (char 0)
2026-07-21 17:40:33,415|line:347| error line:319
2026-07-21 17:40:33,416|line:533| *#*#*#*#*#*#*#*#*#*原动态处理失败*#*#*#*#*#*#*#*#*#
2026-07-21 17:40:33,416|line:519| https://t.bilibili.com/1227383850863165447
2026-07-21 17:40:37,749|line:346| Expecting value: line 1 column 1 (char 0)
2026-07-21 17:40:37,749|line:347| error line:319
2026-07-21 17:40:37,750|line:533| *#*#*#*#*#*#*#*#*#*原动态处理失败*#*#*#*#*#*#*#*#*#
2026-07-21 17:40:37,750|line:519| https://t.bilibili.com/1227364216418074647
2026-07-21 17:40:42,095|line:346| Expecting value: line 1 column 1 (char 0)
2026-07-21 17:40:42,095|line:347| error line:319
2026-07-21 17:40:42,096|line:533| *#*#*#*#*#*#*#*#*#*原动态处理失败*#*#*#*#*#*#*#*#*#
2026-07-21 17:40:42,096|line:519| https://t.bilibili.com/1227403736596348933
2026-07-21 17:40:46,593|line:346| Expecting value: line 1 column 1 (char 0)
2026-07-21 17:40:46,593|line:347| error line:319
2026-07-21 17:40:46,594|line:533| *#*#*#*#*#*#*#*#*#*原动态处理失败*#*#*#*#*#*#*#*#*#
2026-07-21 17:40:46,594|line:519| https://t.bilibili.com/1226987640142692361
2026-07-21 17:40:47,912|line:346| Expecting value: line 1 column 1 (char 0)
2026-07-21 17:40:47,912|line:347| error line:319
2026-07-21 17:40:47,913|line:533| *#*#*#*#*#*#*#*#*#*原动态处理失败*#*#*#*#*#*#*#*#*#
2026-07-21 17:40:47,914|line:552| 执行结束
2026-07-21 17:40:47,914|line:556| 执行失败，错误数量为42
2026-07-21 17:40:47,914|line:558| ==================================================2026-07-22 01:40==================================================
2026-07-21 17:40:47,914|line:232| processing article 51685513
2026-07-21 17:40:53,132|line:507| ==================================================2026-07-22 01:40==================================================
2026-07-21 17:40:53,132|line:519| https://t.bilibili.com/1222913850773340165
2026-07-21 17:40:56,530|line:346| Expecting value: line 1 column 1 (char 0)
2026-07-21 17:40:56,530|line:347| error line:319
2026-07-21 17:40:56,531|line:533| *#*#*#*#*#*#*#*#*#*原动态处理失败*#*#*#*#*#*#*#*#*#
2026-07-21 17:40:56,531|line:519| https://t.bilibili.com/1225138330326270009
2026-07-21 17:40:59,883|line:346| Expecting value: line 1 column 1 (char 0)
2026-07-21 17:40:59,883|line:347| error line:319
2026-07-21 17:40:59,884|line:533| *#*#*#*#*#*#*#*#*#*原动态处理失败*#*#*#*#*#*#*#*#*#
2026-07-21 17:40:59,884|line:519| https://t.bilibili.com/1225602319919349764
2026-07-21 17:41:03,231|line:346| Expecting value: line 1 column 1 (char 0)
2026-07-21 17:41:03,231|line:347| error line:319
2026-07-21 17:41:03,232|line:533| *#*#*#*#*#*#*#*#*#*原动态处理失败*#*#*#*#*#*#*#*#*#
2026-07-21 17:41:03,233|line:519| https://t.bilibili.com/1225136006729039877
2026-07-21 17:41:07,634|line:346| Expecting value: line 1 column 1 (char 0)
2026-07-21 17:41:07,634|line:347| error line:319
2026-07-21 17:41:07,635|line:533| *#*#*#*#*#*#*#*#*#*原动态处理失败*#*#*#*#*#*#*#*#*#
2026-07-21 17:41:07,635|line:519| https://t.bilibili.com/1224724196687347719
2026-07-21 17:41:08,976|line:346| Expecting value: line 1 column 1 (char 0)
2026-07-21 17:41:08,976|line:347| error line:319
2026-07-21 17:41:08,977|line:533| *#*#*#*#*#*#*#*#*#*原动态处理失败*#*#*#*#*#*#*#*#*#
2026-07-21 17:41:08,977|line:519| https://t.bilibili.com/1225477890430206001
2026-07-21 17:41:12,362|line:346| Expecting value: line 1 column 1 (char 0)
2026-07-21 17:41:12,362|line:347| error line:319
2026-07-21 17:41:12,362|line:533| *#*#*#*#*#*#*#*#*#*原动态处理失败*#*#*#*#*#*#*#*#*#
2026-07-21 17:41:12,363|line:519| https://t.bilibili.com/1195619595614945281
2026-07-21 17:41:15,707|line:346| Expecting value: line 1 column 1 (char 0)
2026-07-21 17:41:15,707|line:347| error line:319
2026-07-21 17:41:15,708|line:533| *#*#*#*#*#*#*#*#*#*原动态处理失败*#*#*#*#*#*#*#*#*#
2026-07-21 17:41:15,708|line:519| https://t.bilibili.com/1226384910165475352
2026-07-21 17:41:18,048|line:346| Expecting value: line 1 column 1 (char 0)
2026-07-21 17:41:18,048|line:347| error line:319
2026-07-21 17:41:18,049|line:533| *#*#*#*#*#*#*#*#*#*原动态处理失败*#*#*#*#*#*#*#*#*#
2026-07-21 17:41:18,049|line:519| https://t.bilibili.com/1225595194584334338
2026-07-21 17:41:19,351|line:346| Expecting value: line 1 column 1 (char 0)
2026-07-21 17:41:19,351|line:347| error line:319
2026-07-21 17:41:19,352|line:533| *#*#*#*#*#*#*#*#*#*原动态处理失败*#*#*#*#*#*#*#*#*#
2026-07-21 17:41:19,352|line:519| https://t.bilibili.com/1219756263859027992
2026-07-21 17:41:23,644|line:346| Expecting value: line 1 column 1 (char 0)
2026-07-21 17:41:23,644|line:347| error line:319
2026-07-21 17:41:23,645|line:533| *#*#*#*#*#*#*#*#*#*原动态处理失败*#*#*#*#*#*#*#*#*#
2026-07-21 17:41:23,645|line:519| https://t.bilibili.com/1220770189650427925
2026-07-21 17:41:27,946|line:346| Expecting value: line 1 column 1 (char 0)
2026-07-21 17:41:27,946|line:347| error line:319
2026-07-21 17:41:27,947|line:533| *#*#*#*#*#*#*#*#*#*原动态处理失败*#*#*#*#*#*#*#*#*#
2026-07-21 17:41:27,947|line:519| https://t.bilibili.com/1222149677331251209
2026-07-21 17:41:32,300|line:346| Expecting value: line 1 column 1 (char 0)
2026-07-21 17:41:32,300|line:347| error line:319
2026-07-21 17:41:32,301|line:533| *#*#*#*#*#*#*#*#*#*原动态处理失败*#*#*#*#*#*#*#*#*#
2026-07-21 17:41:32,301|line:519| https://t.bilibili.com/1223054017045725189
2026-07-21 17:41:36,647|line:346| Expecting value: line 1 column 1 (char 0)
2026-07-21 17:41:36,648|line:347| error line:319
2026-07-21 17:41:36,648|line:533| *#*#*#*#*#*#*#*#*#*原动态处理失败*#*#*#*#*#*#*#*#*#
2026-07-21 17:41:36,649|line:519| https://t.bilibili.com/1219756598845505536
2026-07-21 17:41:37,995|line:346| Expecting value: line 1 column 1 (char 0)
2026-07-21 17:41:37,995|line:347| error line:319
2026-07-21 17:41:37,996|line:533| *#*#*#*#*#*#*#*#*#*原动态处理失败*#*#*#*#*#*#*#*#*#
2026-07-21 17:41:37,996|line:519| https://t.bilibili.com/1223346955274420229
2026-07-21 17:41:41,342|line:346| Expecting value: line 1 column 1 (char 0)
2026-07-21 17:41:41,342|line:347| error line:319
2026-07-21 17:41:41,343|line:533| *#*#*#*#*#*#*#*#*#*原动态处理失败*#*#*#*#*#*#*#*#*#
2026-07-21 17:41:41,343|line:519| https://t.bilibili.com/1225225531031552018
2026-07-21 17:41:45,697|line:346| Expecting value: line 1 column 1 (char 0)
2026-07-21 17:41:45,697|line:347| error line:319
2026-07-21 17:41:45,698|line:533| *#*#*#*#*#*#*#*#*#*原动态处理失败*#*#*#*#*#*#*#*#*#
2026-07-21 17:41:45,699|line:519| https://t.bilibili.com/1216973988285120521
2026-07-21 17:41:50,062|line:346| Expecting value: line 1 column 1 (char 0)
2026-07-21 17:41:50,063|line:347| error line:319
2026-07-21 17:41:50,064|line:533| *#*#*#*#*#*#*#*#*#*原动态处理失败*#*#*#*#*#*#*#*#*#
2026-07-21 17:41:50,064|line:519| https://t.bilibili.com/1222901799073087491
2026-07-21 17:41:52,406|line:346| Expecting value: line 1 column 1 (char 0)
2026-07-21 17:41:52,407|line:347| error line:319
2026-07-21 17:41:52,408|line:533| *#*#*#*#*#*#*#*#*#*原动态处理失败*#*#*#*#*#*#*#*#*#
2026-07-21 17:41:52,408|line:519| https://t.bilibili.com/1219724884795457574
2026-07-21 17:41:55,757|line:346| Expecting value: line 1 column 1 (char 0)
2026-07-21 17:41:55,757|line:347| error line:319
2026-07-21 17:41:55,758|line:533| *#*#*#*#*#*#*#*#*#*原动态处理失败*#*#*#*#*#*#*#*#*#
2026-07-21 17:41:55,758|line:519| https://t.bilibili.com/1222509196159746115
2026-07-21 17:41:59,063|line:346| Expecting value: line 1 column 1 (char 0)
2026-07-21 17:41:59,063|line:347| error line:319
2026-07-21 17:41:59,064|line:533| *#*#*#*#*#*#*#*#*#*原动态处理失败*#*#*#*#*#*#*#*#*#
2026-07-21 17:41:59,064|line:519| https://t.bilibili.com/1222911381191262244
2026-07-21 17:42:00,477|line:346| Expecting value: line 1 column 1 (char 0)
2026-07-21 17:42:00,477|line:347| error line:319
2026-07-21 17:42:00,478|line:533| *#*#*#*#*#*#*#*#*#*原动态处理失败*#*#*#*#*#*#*#*#*#
2026-07-21 17:42:00,478|line:519| https://t.bilibili.com/1224854467309993993
2026-07-21 17:42:04,804|line:346| Expecting value: line 1 column 1 (char 0)
2026-07-21 17:42:04,804|line:347| error line:319
2026-07-21 17:42:04,805|line:533| *#*#*#*#*#*#*#*#*#*原动态处理失败*#*#*#*#*#*#*#*#*#
2026-07-21 17:42:04,805|line:519| https://t.bilibili.com/1224879412514652165
2026-07-21 17:42:09,101|line:346| Expecting value: line 1 column 1 (char 0)
2026-07-21 17:42:09,102|line:347| error line:319
2026-07-21 17:42:09,102|line:533| *#*#*#*#*#*#*#*#*#*原动态处理失败*#*#*#*#*#*#*#*#*#
2026-07-21 17:42:09,103|line:519| https://t.bilibili.com/1223778419085410345
2026-07-21 17:42:11,430|line:346| Expecting value: line 1 column 1 (char 0)
2026-07-21 17:42:11,430|line:347| error line:319
2026-07-21 17:42:11,431|line:533| *#*#*#*#*#*#*#*#*#*原动态处理失败*#*#*#*#*#*#*#*#*#
2026-07-21 17:42:11,431|line:519| https://t.bilibili.com/1227099493946621987
2026-07-21 17:42:15,790|line:346| Expecting value: line 1 column 1 (char 0)
2026-07-21 17:42:15,790|line:347| error line:319
2026-07-21 17:42:15,791|line:533| *#*#*#*#*#*#*#*#*#*原动态处理失败*#*#*#*#*#*#*#*#*#
2026-07-21 17:42:15,791|line:519| https://t.bilibili.com/1223019867745026056
2026-07-21 17:42:18,137|line:346| Expecting value: line 1 column 1 (char 0)
2026-07-21 17:42:18,137|line:347| error line:319
2026-07-21 17:42:18,138|line:533| *#*#*#*#*#*#*#*#*#*原动态处理失败*#*#*#*#*#*#*#*#*#
2026-07-21 17:42:18,138|line:519| https://t.bilibili.com/1224466833607753734
2026-07-21 17:42:21,433|line:346| Expecting value: line 1 column 1 (char 0)
2026-07-21 17:42:21,433|line:347| error line:319
2026-07-21 17:42:21,434|line:533| *#*#*#*#*#*#*#*#*#*原动态处理失败*#*#*#*#*#*#*#*#*#
2026-07-21 17:42:21,435|line:519| https://t.bilibili.com/1224389382470893576
2026-07-21 17:42:22,780|line:346| Expecting value: line 1 column 1 (char 0)
2026-07-21 17:42:22,781|line:347| error line:319
2026-07-21 17:42:22,781|line:533| *#*#*#*#*#*#*#*#*#*原动态处理失败*#*#*#*#*#*#*#*#*#
2026-07-21 17:42:22,782|line:519| https://t.bilibili.com/1223416967562526738
2026-07-21 17:42:25,081|line:346| Expecting value: line 1 column 1 (char 0)
2026-07-21 17:42:25,081|line:347| error line:319
2026-07-21 17:42:25,082|line:533| *#*#*#*#*#*#*#*#*#*原动态处理失败*#*#*#*#*#*#*#*#*#
2026-07-21 17:42:25,083|line:552| 执行结束
2026-07-21 17:42:25,083|line:556| 执行失败，错误数量为29
2026-07-21 17:42:25,083|line:558| ==================================================2026-07-22 01:42==================================================
2026-07-21 17:42:25,083|line:232| processing article 51685382
2026-07-21 17:42:28,690|line:507| ==================================================2026-07-22 01:42==================================================
2026-07-21 17:42:28,690|line:232| processing article 51659768
2026-07-21 17:42:33,395|line:507| ==================================================2026-07-22 01:42==================================================
2026-07-21 17:42:33,395|line:232| processing article 51659308
2026-07-21 17:42:36,046|line:507| ==================================================2026-07-22 01:42==================================================
2026-07-21 17:42:36,046|line:232| processing article 51651737
2026-07-21 17:42:38,754|line:507| ==================================================2026-07-22 01:42==================================================
2026-07-21 17:42:38,754|line:232| processing article 51651559
2026-07-21 17:42:42,941|line:507| ==================================================2026-07-22 01:42==================================================
2026-07-21 17:42:42,941|line:519| https://t.bilibili.com/1225138330326270009
2026-07-21 17:42:45,288|line:346| Expecting value: line 1 column 1 (char 0)
2026-07-21 17:42:45,288|line:347| error line:319
2026-07-21 17:42:45,289|line:533| *#*#*#*#*#*#*#*#*#*原动态处理失败*#*#*#*#*#*#*#*#*#
2026-07-21 17:42:45,290|line:519| https://t.bilibili.com/1226691042589278259
2026-07-21 17:42:48,622|line:346| Expecting value: line 1 column 1 (char 0)
2026-07-21 17:42:48,622|line:347| error line:319
2026-07-21 17:42:48,623|line:533| *#*#*#*#*#*#*#*#*#*原动态处理失败*#*#*#*#*#*#*#*#*#
2026-07-21 17:42:48,623|line:519| https://t.bilibili.com/1223267296536952838
2026-07-21 17:42:49,916|line:346| Expecting value: line 1 column 1 (char 0)
2026-07-21 17:42:49,916|line:347| error line:319
2026-07-21 17:42:49,917|line:533| *#*#*#*#*#*#*#*#*#*原动态处理失败*#*#*#*#*#*#*#*#*#
2026-07-21 17:42:49,917|line:519| https://t.bilibili.com/1225602319919349764
2026-07-21 17:42:54,336|line:346| Expecting value: line 1 column 1 (char 0)
2026-07-21 17:42:54,336|line:347| error line:319
2026-07-21 17:42:54,337|line:533| *#*#*#*#*#*#*#*#*#*原动态处理失败*#*#*#*#*#*#*#*#*#
2026-07-21 17:42:54,337|line:519| https://t.bilibili.com/1226344700702621700
2026-07-21 17:42:56,687|line:346| Expecting value: line 1 column 1 (char 0)
2026-07-21 17:42:56,687|line:347| error line:319
2026-07-21 17:42:56,688|line:533| *#*#*#*#*#*#*#*#*#*原动态处理失败*#*#*#*#*#*#*#*#*#
2026-07-21 17:42:56,688|line:519| https://t.bilibili.com/1226392757091696658
2026-07-21 17:42:59,986|line:346| Expecting value: line 1 column 1 (char 0)
2026-07-21 17:42:59,986|line:347| error line:319
2026-07-21 17:42:59,987|line:533| *#*#*#*#*#*#*#*#*#*原动态处理失败*#*#*#*#*#*#*#*#*#
2026-07-21 17:42:59,987|line:519| https://t.bilibili.com/1225982531905519621
2026-07-21 17:43:02,353|line:346| Expecting value: line 1 column 1 (char 0)
2026-07-21 17:43:02,353|line:347| error line:319
2026-07-21 17:43:02,354|line:533| *#*#*#*#*#*#*#*#*#*原动态处理失败*#*#*#*#*#*#*#*#*#
2026-07-21 17:43:02,354|line:519| https://t.bilibili.com/1219743683899817990
2026-07-21 17:43:06,640|line:346| Expecting value: line 1 column 1 (char 0)
2026-07-21 17:43:06,641|line:347| error line:319
2026-07-21 17:43:06,641|line:533| *#*#*#*#*#*#*#*#*#*原动态处理失败*#*#*#*#*#*#*#*#*#
2026-07-21 17:43:06,642|line:519| https://t.bilibili.com/1222635343591768071
2026-07-21 17:43:09,936|line:346| Expecting value: line 1 column 1 (char 0)
2026-07-21 17:43:09,936|line:347| error line:319
2026-07-21 17:43:09,937|line:533| *#*#*#*#*#*#*#*#*#*原动态处理失败*#*#*#*#*#*#*#*#*#
2026-07-21 17:43:09,937|line:519| https://t.bilibili.com/1226274168738152472
2026-07-21 17:43:13,245|line:346| Expecting value: line 1 column 1 (char 0)
2026-07-21 17:43:13,245|line:347| error line:319
2026-07-21 17:43:13,246|line:533| *#*#*#*#*#*#*#*#*#*原动态处理失败*#*#*#*#*#*#*#*#*#
2026-07-21 17:43:13,247|line:519| https://t.bilibili.com/1226384910165475352
2026-07-21 17:43:16,577|line:346| Expecting value: line 1 column 1 (char 0)
2026-07-21 17:43:16,577|line:347| error line:319
2026-07-21 17:43:16,578|line:533| *#*#*#*#*#*#*#*#*#*原动态处理失败*#*#*#*#*#*#*#*#*#
2026-07-21 17:43:16,578|line:519| https://t.bilibili.com/1219756263859027992
2026-07-21 17:43:20,927|line:346| Expecting value: line 1 column 1 (char 0)
2026-07-21 17:43:20,927|line:347| error line:319
2026-07-21 17:43:20,928|line:533| *#*#*#*#*#*#*#*#*#*原动态处理失败*#*#*#*#*#*#*#*#*#
2026-07-21 17:43:20,929|line:519| https://t.bilibili.com/1226316938027728900
2026-07-21 17:43:24,278|line:346| Expecting value: line 1 column 1 (char 0)
2026-07-21 17:43:24,278|line:347| error line:319
2026-07-21 17:43:24,279|line:533| *#*#*#*#*#*#*#*#*#*原动态处理失败*#*#*#*#*#*#*#*#*#
2026-07-21 17:43:24,280|line:519| https://t.bilibili.com/1222149677331251209
2026-07-21 17:43:25,575|line:346| Expecting value: line 1 column 1 (char 0)
2026-07-21 17:43:25,575|line:347| error line:319
2026-07-21 17:43:25,576|line:533| *#*#*#*#*#*#*#*#*#*原动态处理失败*#*#*#*#*#*#*#*#*#
2026-07-21 17:43:25,576|line:519| https://t.bilibili.com/1219756598845505536
2026-07-21 17:43:27,939|line:346| Expecting value: line 1 column 1 (char 0)
2026-07-21 17:43:27,939|line:347| error line:319
2026-07-21 17:43:27,940|line:533| *#*#*#*#*#*#*#*#*#*原动态处理失败*#*#*#*#*#*#*#*#*#
2026-07-21 17:43:27,940|line:519| https://t.bilibili.com/1226262353325064201
2026-07-21 17:43:30,262|line:346| Expecting value: line 1 column 1 (char 0)
2026-07-21 17:43:30,262|line:347| error line:319
2026-07-21 17:43:30,263|line:533| *#*#*#*#*#*#*#*#*#*原动态处理失败*#*#*#*#*#*#*#*#*#
2026-07-21 17:43:30,263|line:519| https://t.bilibili.com/1225942519958732851
2026-07-21 17:43:32,603|line:346| Expecting value: line 1 column 1 (char 0)
2026-07-21 17:43:32,603|line:347| error line:319
2026-07-21 17:43:32,604|line:533| *#*#*#*#*#*#*#*#*#*原动态处理失败*#*#*#*#*#*#*#*#*#
2026-07-21 17:43:32,604|line:519| https://t.bilibili.com/1226342085067538439
2026-07-21 17:43:36,933|line:346| Expecting value: line 1 column 1 (char 0)
2026-07-21 17:43:36,933|line:347| error line:319
2026-07-21 17:43:36,934|line:533| *#*#*#*#*#*#*#*#*#*原动态处理失败*#*#*#*#*#*#*#*#*#
2026-07-21 17:43:36,934|line:519| https://t.bilibili.com/1225576971010834457
2026-07-21 17:43:38,277|line:346| Expecting value: line 1 column 1 (char 0)
2026-07-21 17:43:38,278|line:347| error line:319
2026-07-21 17:43:38,278|line:533| *#*#*#*#*#*#*#*#*#*原动态处理失败*#*#*#*#*#*#*#*#*#
2026-07-21 17:43:38,279|line:519| https://t.bilibili.com/1224854467309993993
2026-07-21 17:43:42,622|line:346| Expecting value: line 1 column 1 (char 0)
2026-07-21 17:43:42,622|line:347| error line:319
2026-07-21 17:43:42,623|line:533| *#*#*#*#*#*#*#*#*#*原动态处理失败*#*#*#*#*#*#*#*#*#
2026-07-21 17:43:42,623|line:519| https://t.bilibili.com/1224879412514652165
2026-07-21 17:43:46,958|line:346| Expecting value: line 1 column 1 (char 0)
2026-07-21 17:43:46,958|line:347| error line:319
2026-07-21 17:43:46,959|line:533| *#*#*#*#*#*#*#*#*#*原动态处理失败*#*#*#*#*#*#*#*#*#
2026-07-21 17:43:46,959|line:519| https://t.bilibili.com/1224027059019317269
2026-07-21 17:43:50,304|line:346| Expecting value: line 1 column 1 (char 0)
2026-07-21 17:43:50,304|line:347| error line:319
2026-07-21 17:43:50,305|line:533| *#*#*#*#*#*#*#*#*#*原动态处理失败*#*#*#*#*#*#*#*#*#
2026-07-21 17:43:50,305|line:519| https://t.bilibili.com/1226278025630318598
2026-07-21 17:43:53,670|line:346| Expecting value: line 1 column 1 (char 0)
2026-07-21 17:43:53,671|line:347| error line:319
2026-07-21 17:43:53,671|line:533| *#*#*#*#*#*#*#*#*#*原动态处理失败*#*#*#*#*#*#*#*#*#
2026-07-21 17:43:53,671|line:519| https://t.bilibili.com/1226270303306383366
2026-07-21 17:43:57,071|line:346| Expecting value: line 1 column 1 (char 0)
2026-07-21 17:43:57,071|line:347| error line:319
2026-07-21 17:43:57,072|line:533| *#*#*#*#*#*#*#*#*#*原动态处理失败*#*#*#*#*#*#*#*#*#
2026-07-21 17:43:57,072|line:519| https://t.bilibili.com/1219976058765312002
2026-07-21 17:44:00,540|line:346| Expecting value: line 1 column 1 (char 0)
2026-07-21 17:44:00,540|line:347| error line:319
2026-07-21 17:44:00,541|line:533| *#*#*#*#*#*#*#*#*#*原动态处理失败*#*#*#*#*#*#*#*#*#
2026-07-21 17:44:00,541|line:519| https://t.bilibili.com/1219701434257244160
2026-07-21 17:44:03,870|line:346| Expecting value: line 1 column 1 (char 0)
2026-07-21 17:44:03,870|line:347| error line:319
2026-07-21 17:44:03,871|line:533| *#*#*#*#*#*#*#*#*#*原动态处理失败*#*#*#*#*#*#*#*#*#
2026-07-21 17:44:03,871|line:519| https://t.bilibili.com/1226281891104030806
2026-07-21 17:44:05,228|line:346| Expecting value: line 1 column 1 (char 0)
2026-07-21 17:44:05,228|line:347| error line:319
2026-07-21 17:44:05,229|line:533| *#*#*#*#*#*#*#*#*#*原动态处理失败*#*#*#*#*#*#*#*#*#
2026-07-21 17:44:05,229|line:552| 执行结束
2026-07-21 17:44:05,230|line:556| 执行失败，错误数量为27
2026-07-21 17:44:05,230|line:558| ==================================================2026-07-22 01:44==================================================
2026-07-21 17:44:13,000|line:578| ('reply: ', '榄菊官方', '[给心心]')
2026-07-21 17:44:13,001|line:578| ('reply: ', '吓死我啦芙莱', '并不是')
2026-07-21 17:44:13,001|line:578| ('reply: ', '花生十三-公考行测', '68')
2026-07-21 17:44:13,001|line:578| ('reply: ', '三鹿七茸猫尾巴', '[夏诺雅表情包_？？？]')
2026-07-21 17:44:13,001|line:578| ('reply: ', '小闪闪bling', 'hhh腾子买库洛让我感觉他自己有点不太想出大世界了')
2026-07-21 17:44:13,001|line:578| ('reply: ', '不修车的丸山彩', '不是，这……')
2026-07-21 17:44:13,001|line:578| ('reply: ', '好像都是一个人', '你在说什么')
2026-07-21 17:44:13,001|line:578| ('reply: ', '目标咨询', '太宠粉了啊')
2026-07-21 17:44:13,002|line:578| ('reply: ', '数玩工场', '祝你成功')
2026-07-21 17:44:13,002|line:578| ('reply: ', '益家有小佰', '恭喜宝子，获得小电视月度会员1份和克刻冰冰猴喉糖随机口味1份～记得私信小佰提供信息哦~')
2026-07-21 17:44:13,002|line:578| ('reply: ', '圆环之理-Madoka', '是的')
2026-07-21 17:44:13,002|line:578| ('reply: ', '兰的三姨', '这就是银河巨星的实力！')
2026-07-21 17:44:13,002|line:578| ('reply: ', '花园百合铃音', '有男不玩，我只吃麻辣火锅，xxn滚[吃瓜]')
2026-07-21 17:44:13,002|line:578| ('reply: ', '是绝赞的阿鬼', '[tv_难过]')
2026-07-21 17:44:13,002|line:578| ('reply: ', '桃稚不幼稚', '还行')
2026-07-21 17:44:13,002|line:578| ('reply: ', '陌罔子吖', '佬，这个报名有啥条件不。最近太非了，想下次报来抽[脱单doge][脱单doge][脱单doge]')
2026-07-21 17:44:13,002|line:578| ('reply: ', '太二酸菜鱼', '恭喜成为本期欧皇[打call]获得【肥龙联名显眼包】1份，在收到本信息的两天内回复哥的私信哦~逾期哥就自己收啦！[脱单doge]')
2026-07-21 17:44:13,002|line:578| ('reply: ', '得一想二的松鼠', '中奖分我一半')
2026-07-21 17:44:13,002|line:578| ('reply: ', '佑凉Uriyoo', '谢谢！！！[UP_24967030_感恩]')
2026-07-21 17:44:13,002|line:578| ('reply: ', '岛莓祁', '好耶')
2026-07-21 17:44:14,410|line:587| ('at: ', '电脑报', '恭喜@小小Shaun UID：1090970340，@-叶晓吖  UID：22437099  获得 【电竞大礼包】1份， 请在三日内私信我')
2026-07-21 17:44:14,410|line:587| ('at: ', '联想拯救者官方', '是我喜欢的奖品名单 直接开奖 上 趁现在没人偷摸开个奖 恭喜这些小伙伴 【拯救者7.1声卡H7游戏耳机】获奖名单 @泪水打湿猪脚饭o @xoomoon @小小Shaun @T山海连云T @超超超超薄脆饼干 @BerboomC 【拯救者C140氮化镓适配器】获奖名单 @改个天凉好个秋 @夜猫子牙不好 @LLL好久不见 @林殇倾慕婉 @今天也要拥抱微风 @洳不及我万一 @胜利の天平 【白金独角兽电竞鼠标】获奖名单 @底片上的诗旅人 【拯救者C170氮化镓适配器】获奖名单 @麦當劳无限好 @無名丶の辈 @任性的提莫 @广东有暖风 由于B站私信规则修改 我会私信中奖的小伙伴一条消息，还请注意查收并回复我您的收货地址与联系方式，奖品基本会在私信您信息后的三十个工作日内发货')
2026-07-21 17:44:14,410|line:587| ('at: ', 'Apexgaming艾湃电竞', '恭喜 @小小Shaun 获得饮料一份，三天内联系我，过时不候！')
2026-07-21 17:44:14,410|line:587| ('at: ', '梦_水晶花', '1 @浪子游2fans6@被_____打下来的飞机@拉斯特臣后面一个点@专心致志的学生@猫猫头OmMeow@小小Shaun@龐門左道@啦啦痴痴腻@bili_66938050009@日月星辰668')
2026-07-21 17:44:14,410|line:587| ('at: ', 'iKF蓝牙耳机', '恭喜@小小Shaun 宝子成为苏泊尔福利动态幸运儿！\n注意：即日起72小时内回复信息确认领奖哦！逾期将自动视为放弃中奖资格。\n没有中奖的宝子们不要气馁，参与一下下置顶视频iKF Mars，增加欧气值，说不定下个幸运儿就是你！\n链接：\nhttps://www.bilibili.com/video/BV1Soo6YLEHZ/?spm_id_from=333.1387.list.card_archive.click&vd_source=21fb0967ccc75e6b3b2447ade2c740dd\n还没参与抽奖的宝子们，赶紧点击上方链接参与吧！还有特别福利惊喜等你哦~')
2026-07-21 17:44:14,410|line:587| ('at: ', 'wellymerck威利默克', '恭喜@小小Shaun\xa0 获得《我是你的小狗3 永远等你回家》1本，请于5天内联系威宝，凭关注+互动截图领取奖品，逾期作废~')
2026-07-21 17:44:14,411|line:587| ('at: ', '宁美NINGMEI', '恭喜@小小Shaun   中奖，请在12月1日24点前私信我：1. 奖品+中奖信息a. 实物奖：姓名电话地址，给文字！省市区路清晰，提交不清晰不发奖，信息错误致无法签收，概不负责；\n\nb. 现金红包给到支付宝实名+账号；\n\nc. 京东卡/猫超卡 等购物卡给到姓名+电话；2. 宁美和品牌方关注截图+转发截图！\n\n必须关注品牌方，否则奖品不予发放；如遇无法私信图片的情况，等待我回复后即可发送图片。PS： \n\n因后台收信有时会出问题，以回复“已登记”为准，没有回复即表示私信未收到。\n\n过期视为自动放弃，不会补发；奖品30个工作日内发送，勿催哦~\n\n不发全，不回复。其他小伙伴请继续努力！')
2026-07-21 17:44:14,411|line:587| ('at: ', '爱玛电动车官方账号', '#一“玛”当先榜# 快来看看10月都是谁和爱玛酱互动最多呀~ 💕恭喜@小小Shaun 和@甘瑞凯拉莎 排行第一！这两位小玛达将会获得【爱玛随机周边×1】，请5天内私信爱玛酱领奖哟~[鼓掌] 以后也请继续单推我无敌可爱美少女爱玛酱呀嘿嘿！(●´З｀●)')
2026-07-21 17:44:14,411|line:587| ('at: ', '爱玛电动车官方账号', '')
2026-07-21 17:44:14,411|line:587| ('at: ', '海露滴眼液', '互动榜出炉啦')
2026-07-21 17:44:14,411|line:587| ('at: ', '和蔼可亲桃白白', '\u200b//@九号公司:\u200b恭喜@小小Shaun 中奖！后续记得查收私信哟～\u200b//@九号公司:#互动抽奖# 谢谢粒粒的复工礼！小九也来加个码~关注【@微粒贷+@九号公司 】并转发该动态，抽一位小可爱获得【100元京东卡】~ #供电局福利社# 10月31日抽出！')
2026-07-21 17:44:14,411|line:587| ('at: ', '望大家身体健康快乐', '\u200b//@九号公司:\u200b恭喜@小小Shaun 中奖！后续记得查收私信哟～\u200b//@九号公司 :#互动抽奖# 谢谢粒粒的复工礼！小九也来加个码~关注【@微粒贷+@九号公司 】并转发该动态，抽一位小可爱获得【100元京东卡】~ #供电局福利社# 10月31日抽出！')
2026-07-21 17:44:14,411|line:587| ('at: ', 'MoMA_Reona', '//@九号公司:\u200b恭喜@小小Shaun 中奖！后续记得查收私信哟～\u200b//@九号公司:#互动抽奖# 谢谢粒粒的复工礼！小九也来加个码~关注【@微粒贷+@九号公司 】并转发该动态，抽一位小可爱获得【100元京东卡】~ #供电局福利社# 10月31日抽出！')
2026-07-21 17:44:14,411|line:587| ('at: ', '摸鱼二队', '\u200b//@九号公司:\u200b恭喜@小小Shaun 中奖！后续记得查收私信哟～\u200b//@九号公司 :#互动抽奖# 谢谢粒粒的复工礼！小九也来加个码~关注【@微粒贷+@九号公司 】并转发该动态，抽一位小可爱获得【100元京东卡】~ #供电局福利社# 10月31日抽出！')
2026-07-21 17:44:14,411|line:587| ('at: ', '文少嘅一些事一些情', '\u200b//@九号公司:\u200b恭喜@小小Shaun 中奖！后续记得查收私信哟～\u200b//@九号公司 :#互动抽奖# 谢谢粒粒的复工礼！小九也来加个码~关注【@微粒贷+@九号公司 】并转发该动态，抽一位小可爱获得【100元京东卡】~ #供电局福利社# 10月31日抽出！')
2026-07-21 17:44:14,412|line:587| ('at: ', 'Carry队友的嘟嘟酱丶', '\u200b//@九号公司:\u200b恭喜@小小Shaun 中奖！后续记得查收私信哟～\u200b//@九号公司 :#互动抽奖# 谢谢粒粒的复工礼！小九也来加个码~关注【@微粒贷+@九号公司 】并转发该动态，抽一位小可爱获得【100元京东卡】~ #供电局福利社# 10月31日抽出！')
2026-07-21 17:44:14,412|line:587| ('at: ', '蛤蟆zero', '//@九号公司:\u200b恭喜@小小Shaun 中奖！后续记得查收私信哟～\u200b//@九号公司:#互动抽奖# 谢谢粒粒的复工礼！小九也来加个码~关注【@微粒贷+@九号公司 】并转发该动态，抽一位小可爱获得【100元京东卡】~ #供电局福利社# 10月31日抽出！c冲冲冲')
2026-07-21 17:44:14,412|line:587| ('at: ', '木而各子要吃笃栗子', '\u200b//@九号公司:\u200b恭喜@小小Shaun 中奖！后续记得查收私信哟～\u200b//@九号公司 :#互动抽奖# 谢谢粒粒的复工礼！小九也来加个码~关注【@微粒贷+@九号公司 】并转发该动态，抽一位小可爱获得【100元京东卡】~ #供电局福利社# 10月31日抽出！')
2026-07-21 17:44:14,412|line:587| ('at: ', '裙下愚臣情默默', '\u200b//@九号公司:\u200b恭喜@小小Shaun 中奖！后续记得查收私信哟～\u200b//@九号公司 :#互动抽奖# 谢谢粒粒的复工礼！小九也来加个码~关注【@微粒贷+@九号公司 】并转发该动态，抽一位小可爱获得【100元京东卡】~ #供电局福利社# 10月31日抽出！')
2026-07-21 17:44:14,412|line:587| ('at: ', '戊子毕宿', '')
