2026-05-02 17:01:12,774|line:232| processing article 48440098
2026-05-02 17:01:16,561|line:507| ==================================================2026-05-03 01:01==================================================
2026-05-02 17:01:16,561|line:232| processing article 48497212
2026-05-02 17:01:20,207|line:507| ==================================================2026-05-03 01:01==================================================
2026-05-02 17:01:20,207|line:232| processing article 48488696
2026-05-02 17:01:24,823|line:507| ==================================================2026-05-03 01:01==================================================
2026-05-02 17:01:24,823|line:232| processing article 48470698
2026-05-02 17:01:26,416|line:507| ==================================================2026-05-03 01:01==================================================
2026-05-02 17:01:26,417|line:232| processing article 48470442
2026-05-02 17:01:30,653|line:507| ==================================================2026-05-03 01:01==================================================
2026-05-02 17:01:30,654|line:519| https://t.bilibili.com/1196259485586292752
2026-05-02 17:01:30,654|line:521| 已有
2026-05-02 17:01:30,654|line:519| https://t.bilibili.com/1166197351605338112
2026-05-02 17:01:31,994|line:526| 官方 或 预约 OUT！
2026-05-02 17:01:31,994|line:519| https://t.bilibili.com/1194122898262982665
2026-05-02 17:01:33,276|line:526| 官方 或 预约 OUT！
2026-05-02 17:01:33,277|line:519| https://t.bilibili.com/1195825895787462665
2026-05-02 17:01:34,572|line:526| 官方 或 预约 OUT！
2026-05-02 17:01:34,572|line:519| https://t.bilibili.com/1188871927099293699
2026-05-02 17:01:37,865|line:526| 官方 或 预约 OUT！
2026-05-02 17:01:37,866|line:519| https://t.bilibili.com/1197029362779553798
2026-05-02 17:01:39,201|line:526| 官方 或 预约 OUT！
2026-05-02 17:01:39,201|line:519| https://t.bilibili.com/1194368604795043841
2026-05-02 17:01:40,594|line:526| 官方 或 预约 OUT！
2026-05-02 17:01:40,595|line:519| https://t.bilibili.com/1196631524248649730
2026-05-02 17:01:40,595|line:521| 已有
2026-05-02 17:01:40,595|line:519| https://t.bilibili.com/1186132094461411334
2026-05-02 17:01:44,881|line:526| 官方 或 预约 OUT！
2026-05-02 17:01:44,881|line:519| https://t.bilibili.com/1194430409356607505
2026-05-02 17:01:46,176|line:526| 官方 或 预约 OUT！
2026-05-02 17:01:46,176|line:519| https://t.bilibili.com/1197268545225883650
2026-05-02 17:01:47,449|line:526| 官方 或 预约 OUT！
2026-05-02 17:01:47,450|line:519| https://t.bilibili.com/1196929573487378485
2026-05-02 17:01:48,728|line:526| 官方 或 预约 OUT！
2026-05-02 17:01:48,728|line:519| https://t.bilibili.com/1197028383534350354
2026-05-02 17:01:53,034|line:526| 官方 或 预约 OUT！
2026-05-02 17:01:53,034|line:519| https://t.bilibili.com/1195139478385066001
2026-05-02 17:01:54,335|line:526| 官方 或 预约 OUT！
2026-05-02 17:01:54,335|line:519| https://t.bilibili.com/1188505205585477680
2026-05-02 17:01:54,336|line:521| 已有
2026-05-02 17:01:54,336|line:519| https://t.bilibili.com/1194712408326668292
2026-05-02 17:01:55,624|line:526| 官方 或 预约 OUT！
2026-05-02 17:01:55,624|line:519| https://t.bilibili.com/1196914399399378953
2026-05-02 17:01:57,922|line:526| 官方 或 预约 OUT！
2026-05-02 17:01:57,922|line:519| https://t.bilibili.com/1194430435087614036
2026-05-02 17:02:01,209|line:526| 官方 或 预约 OUT！
2026-05-02 17:02:01,210|line:519| https://t.bilibili.com/1196328565832941605
2026-05-02 17:02:03,502|line:526| 官方 或 预约 OUT！
2026-05-02 17:02:03,502|line:519| https://t.bilibili.com/1194322193349083172
2026-05-02 17:02:05,797|line:526| 官方 或 预约 OUT！
2026-05-02 17:02:05,797|line:519| https://t.bilibili.com/1196291371415109669
2026-05-02 17:02:07,097|line:526| 官方 或 预约 OUT！
2026-05-02 17:02:07,097|line:519| https://t.bilibili.com/1197294645725364291
2026-05-02 17:02:10,385|line:526| 官方 或 预约 OUT！
2026-05-02 17:02:10,385|line:519| https://t.bilibili.com/1197451042684403729
2026-05-02 17:02:14,676|line:526| 官方 或 预约 OUT！
2026-05-02 17:02:14,676|line:519| https://t.bilibili.com/1188218383381823491
2026-05-02 17:02:15,972|line:526| 官方 或 预约 OUT！
2026-05-02 17:02:15,973|line:519| https://t.bilibili.com/1186988837329436697
2026-05-02 17:02:15,973|line:521| 已有
2026-05-02 17:02:15,973|line:519| https://t.bilibili.com/1197058207779913760
2026-05-02 17:02:19,271|line:526| 官方 或 预约 OUT！
2026-05-02 17:02:19,272|line:519| https://t.bilibili.com/1194429670636912657
2026-05-02 17:02:23,592|line:526| 官方 或 预约 OUT！
2026-05-02 17:02:23,592|line:519| https://t.bilibili.com/1185563896055857171
2026-05-02 17:02:24,886|line:526| 官方 或 预约 OUT！
2026-05-02 17:02:24,886|line:519| https://t.bilibili.com/1196935504845602833
2026-05-02 17:02:29,186|line:526| 官方 或 预约 OUT！
2026-05-02 17:02:29,187|line:519| https://t.bilibili.com/1197374669527711817
2026-05-02 17:02:33,526|line:341| =========此为源动态=========
2026-05-02 17:02:38,075|line:362| *********子动态开始*********
2026-05-02 17:02:38,076|line:381| *********子动态结束*********
2026-05-02 17:02:38,076|line:537| -=-=-=-=处理回最初的动态-=-=-=-=
2026-05-02 17:02:46,418|line:475| 转发成功 1197879117782974487
2026-05-02 17:02:49,716|line:548| 'NoneType' object is not subscriptable
2026-05-02 17:02:49,716|line:549| error line:541
2026-05-02 17:02:51,716|line:519| https://t.bilibili.com/1197244596484046855
2026-05-02 17:02:55,011|line:526| 官方 或 预约 OUT！
2026-05-02 17:02:55,011|line:519| https://t.bilibili.com/1176241562153123847
2026-05-02 17:02:57,309|line:526| 官方 或 预约 OUT！
2026-05-02 17:02:57,309|line:519| https://t.bilibili.com/1197272655491760151
2026-05-02 17:03:01,588|line:526| 官方 或 预约 OUT！
2026-05-02 17:03:01,588|line:519| https://t.bilibili.com/1196983303563902976
2026-05-02 17:03:01,588|line:521| 已有
2026-05-02 17:03:01,588|line:519| https://t.bilibili.com/1188817385304358914
2026-05-02 17:03:02,877|line:526| 官方 或 预约 OUT！
2026-05-02 17:03:02,878|line:519| https://t.bilibili.com/1197515394131165208
2026-05-02 17:03:05,172|line:526| 官方 或 预约 OUT！
2026-05-02 17:03:05,172|line:519| https://t.bilibili.com/1196920189019488310
2026-05-02 17:03:09,458|line:526| 官方 或 预约 OUT！
2026-05-02 17:03:09,459|line:552| 执行结束
2026-05-02 17:03:09,459|line:558| ==================================================2026-05-03 01:03==================================================
2026-05-02 17:03:09,459|line:232| processing article 48439637
2026-05-02 17:03:14,054|line:507| ==================================================2026-05-03 01:03==================================================
2026-05-02 17:03:14,054|line:232| processing article 48433698
2026-05-02 17:03:18,382|line:507| ==================================================2026-05-03 01:03==================================================
2026-05-02 17:03:18,383|line:519| https://t.bilibili.com/1197383998235475975
2026-05-02 17:03:19,667|line:526| 官方 或 预约 OUT！
2026-05-02 17:03:19,668|line:519| https://t.bilibili.com/1194122898262982665
2026-05-02 17:03:23,955|line:526| 官方 或 预约 OUT！
2026-05-02 17:03:23,956|line:519| https://t.bilibili.com/1197277455119810581
2026-05-02 17:03:26,236|line:341| =========此为源动态=========
2026-05-02 17:03:29,565|line:362| *********子动态开始*********
2026-05-02 17:03:29,565|line:381| *********子动态结束*********
2026-05-02 17:03:29,565|line:537| -=-=-=-=处理回最初的动态-=-=-=-=
2026-05-02 17:03:36,753|line:475| 转发成功 1197879332498833433
2026-05-02 17:03:40,149|line:494| 评论发送成功
2026-05-02 17:03:42,595|line:424| 458088758 === 已经关注了
2026-05-02 17:03:45,904|line:503| 动态-点赞 OK
2026-05-02 17:03:46,905|line:519| https://t.bilibili.com/1197283124450426887
2026-05-02 17:03:51,387|line:341| =========此为源动态=========
2026-05-02 17:03:53,848|line:362| *********子动态开始*********
2026-05-02 17:03:53,848|line:381| *********子动态结束*********
2026-05-02 17:03:53,849|line:537| -=-=-=-=处理回最初的动态-=-=-=-=
2026-05-02 17:04:04,982|line:475| 转发成功 1197879452790423554
2026-05-02 17:04:08,403|line:494| 评论发送成功
2026-05-02 17:04:10,763|line:424| 334454303 === 已经关注了
2026-05-02 17:04:14,109|line:503| 动态-点赞 OK
2026-05-02 17:04:17,109|line:519| https://t.bilibili.com/1197283124460912665
2026-05-02 17:04:21,472|line:341| =========此为源动态=========
2026-05-02 17:04:25,016|line:362| *********子动态开始*********
2026-05-02 17:04:25,016|line:381| *********子动态结束*********
2026-05-02 17:04:25,017|line:537| -=-=-=-=处理回最初的动态-=-=-=-=
2026-05-02 17:04:33,154|line:475| 转发成功 1197879577316163585
2026-05-02 17:04:36,600|line:494| 评论发送成功
2026-05-02 17:04:40,948|line:424| 1536750746 === 已经关注了
2026-05-02 17:04:44,431|line:503| 动态-点赞 OK
2026-05-02 17:04:46,432|line:519| https://t.bilibili.com/1197290855411482642
2026-05-02 17:04:47,863|line:341| =========此为源动态=========
2026-05-02 17:04:51,385|line:362| *********子动态开始*********
2026-05-02 17:04:51,385|line:381| *********子动态结束*********
2026-05-02 17:04:51,385|line:537| -=-=-=-=处理回最初的动态-=-=-=-=
2026-05-02 17:05:00,682|line:475| 转发成功 1197879693271891986
2026-05-02 17:05:04,171|line:494| 评论发送成功
2026-05-02 17:05:05,521|line:424| 1724750549 === 已经关注了
2026-05-02 17:05:08,820|line:503| 动态-点赞 OK
2026-05-02 17:05:11,820|line:519| https://t.bilibili.com/1197275393519779865
2026-05-02 17:05:13,139|line:341| =========此为源动态=========
2026-05-02 17:05:15,451|line:362| *********子动态开始*********
2026-05-02 17:05:15,451|line:381| *********子动态结束*********
2026-05-02 17:05:15,452|line:537| -=-=-=-=处理回最初的动态-=-=-=-=
2026-05-02 17:05:24,639|line:475| 转发成功 1197879796385710096
2026-05-02 17:05:28,017|line:494| 评论发送成功
2026-05-02 17:05:32,410|line:424| 427487966 === 已经关注了
2026-05-02 17:05:35,727|line:503| 动态-点赞 OK
2026-05-02 17:05:37,728|line:519| https://t.bilibili.com/1197399088617750535
2026-05-02 17:05:42,003|line:341| =========此为源动态=========
2026-05-02 17:05:46,501|line:362| *********子动态开始*********
2026-05-02 17:05:46,502|line:381| *********子动态结束*********
2026-05-02 17:05:46,502|line:537| -=-=-=-=处理回最初的动态-=-=-=-=
2026-05-02 17:05:54,680|line:475| 转发成功 1197879925226340357
2026-05-02 17:05:58,073|line:494| 评论发送成功
2026-05-02 17:06:00,430|line:424| 3546813611117108 === 已经关注了
2026-05-02 17:06:03,747|line:503| 动态-点赞 OK
2026-05-02 17:06:07,748|line:519| https://t.bilibili.com/1197275393517682709
2026-05-02 17:06:12,082|line:341| =========此为源动态=========
2026-05-02 17:06:15,581|line:362| *********子动态开始*********
2026-05-02 17:06:15,581|line:381| *********子动态结束*********
2026-05-02 17:06:15,581|line:537| -=-=-=-=处理回最初的动态-=-=-=-=
2026-05-02 17:06:25,735|line:475| 转发成功 1197880058337820695
2026-05-02 17:06:29,195|line:494| 评论发送成功
2026-05-02 17:06:31,561|line:424| 2122458627 === 已经关注了
2026-05-02 17:06:34,868|line:503| 动态-点赞 OK
2026-05-02 17:06:36,868|line:519| https://t.bilibili.com/1197306317270679554
2026-05-02 17:06:41,162|line:341| =========此为源动态=========
2026-05-02 17:06:42,488|line:362| *********子动态开始*********
2026-05-02 17:06:42,488|line:381| *********子动态结束*********
2026-05-02 17:06:42,489|line:537| -=-=-=-=处理回最初的动态-=-=-=-=
2026-05-02 17:06:52,676|line:475| 转发成功 1197880174299840513
2026-05-02 17:06:56,121|line:494| 评论发送成功
2026-05-02 17:06:59,484|line:424| 171617844 === 已经关注了
2026-05-02 17:07:02,797|line:503| 动态-点赞 OK
2026-05-02 17:07:03,798|line:519| https://t.bilibili.com/1197385527249076276
2026-05-02 17:07:06,093|line:341| =========此为源动态=========
2026-05-02 17:07:07,594|line:362| *********子动态开始*********
2026-05-02 17:07:12,355|line:381| *********子动态结束*********
2026-05-02 17:07:12,356|line:537| -=-=-=-=处理回最初的动态-=-=-=-=
2026-05-02 17:07:20,531|line:475| 转发成功 1197880294611353608
2026-05-02 17:07:23,985|line:494| 评论发送成功
2026-05-02 17:07:26,362|line:424| 53472829 === 已经关注了
2026-05-02 17:07:29,662|line:503| 动态-点赞 OK
2026-05-02 17:07:32,662|line:519| https://t.bilibili.com/1197096372866646020
2026-05-02 17:07:34,043|line:341| =========此为源动态=========
2026-05-02 17:07:36,377|line:362| *********子动态开始*********
2026-05-02 17:07:36,378|line:381| *********子动态结束*********
2026-05-02 17:07:36,378|line:537| -=-=-=-=处理回最初的动态-=-=-=-=
2026-05-02 17:07:48,552|line:475| 转发成功 1197880414811717654
2026-05-02 17:07:51,951|line:494| 评论发送成功
2026-05-02 17:07:55,349|line:424| 16620072 === 已经关注了
2026-05-02 17:07:58,646|line:503| 动态-点赞 OK
2026-05-02 17:08:01,647|line:519| https://t.bilibili.com/1197259931684700176
2026-05-02 17:08:05,995|line:341| =========此为源动态=========
2026-05-02 17:08:10,326|line:362| *********子动态开始*********
2026-05-02 17:08:10,326|line:381| *********子动态结束*********
2026-05-02 17:08:10,326|line:537| -=-=-=-=处理回最初的动态-=-=-=-=
2026-05-02 17:08:18,507|line:475| 转发成功 1197880543719456771
2026-05-02 17:08:21,900|line:494| 评论发送成功
2026-05-02 17:08:23,255|line:424| 397664175 === 已经关注了
2026-05-02 17:08:26,596|line:503| 动态-点赞 OK
2026-05-02 17:08:27,597|line:519| https://t.bilibili.com/1197014970345193475
2026-05-02 17:08:30,026|line:336| =========此为子动态=========
2026-05-02 17:08:33,379|line:387| *************原动态处理开始***************
2026-05-02 17:08:38,250|line:475| 转发成功 1197880629597831170
2026-05-02 17:08:41,645|line:494| 评论发送成功
2026-05-02 17:08:45,996|line:424| 3546579820611803 === 已经关注了
2026-05-02 17:08:49,370|line:503| 动态-点赞 OK
2026-05-02 17:08:49,371|line:396| *************原动态处理完成***************
2026-05-02 17:08:53,906|line:362| *********子动态开始*********
2026-05-02 17:09:04,159|line:475| 转发成功 1197880741270126598
2026-05-02 17:09:07,613|line:494| 评论发送成功
2026-05-02 17:09:15,232|line:424| 3546579820611803 === 已经关注了
2026-05-02 17:09:15,233|line:376| ----完成一个子动态----
2026-05-02 17:09:15,234|line:381| *********子动态结束*********
2026-05-02 17:09:16,234|line:519| https://t.bilibili.com/1197321811373588529
2026-05-02 17:09:19,527|line:526| 官方 或 预约 OUT！
2026-05-02 17:09:19,528|line:519| https://t.bilibili.com/1197273231043592199
2026-05-02 17:09:21,877|line:526| 官方 或 预约 OUT！
2026-05-02 17:09:21,877|line:519| https://t.bilibili.com/1186132094461411334
2026-05-02 17:09:23,149|line:526| 官方 或 预约 OUT！
2026-05-02 17:09:23,149|line:519| https://t.bilibili.com/1197276198852362272
2026-05-02 17:09:27,436|line:526| 官方 或 预约 OUT！
2026-05-02 17:09:27,436|line:519| https://t.bilibili.com/1197275393555431424
2026-05-02 17:09:30,753|line:341| =========此为源动态=========
2026-05-02 17:09:35,084|line:362| *********子动态开始*********
2026-05-02 17:09:35,084|line:381| *********子动态结束*********
2026-05-02 17:09:35,084|line:537| -=-=-=-=处理回最初的动态-=-=-=-=
2026-05-02 17:09:45,313|line:475| 转发成功 1197880917381611522
2026-05-02 17:09:48,719|line:494| 评论发送成功
2026-05-02 17:09:50,062|line:424| 622557681 === 已经关注了
2026-05-02 17:09:53,380|line:503| 动态-点赞 OK
2026-05-02 17:09:57,381|line:519| https://t.bilibili.com/1197269803614601238
2026-05-02 17:10:01,671|line:341| =========此为源动态=========
2026-05-02 17:10:05,073|line:362| *********子动态开始*********
2026-05-02 17:10:05,074|line:381| *********子动态结束*********
2026-05-02 17:10:05,074|line:537| -=-=-=-=处理回最初的动态-=-=-=-=
2026-05-02 17:10:14,278|line:475| 转发成功 1197881041895817225
2026-05-02 17:10:17,645|line:494| 评论发送成功
2026-05-02 17:10:21,007|line:424| 31748830 === 已经关注了
2026-05-02 17:10:24,305|line:503| 动态-点赞 OK
2026-05-02 17:10:25,305|line:519| https://t.bilibili.com/1197275393559625730
2026-05-02 17:10:26,599|line:341| =========此为源动态=========
2026-05-02 17:10:28,126|line:362| *********子动态开始*********
2026-05-02 17:10:28,127|line:381| *********子动态结束*********
2026-05-02 17:10:28,127|line:537| -=-=-=-=处理回最初的动态-=-=-=-=
2026-05-02 17:10:35,307|line:475| 转发成功 1197881132128927780
2026-05-02 17:10:38,716|line:494| 评论发送成功
2026-05-02 17:10:42,056|line:424| 410502055 === 已经关注了
2026-05-02 17:10:45,404|line:503| 动态-点赞 OK
2026-05-02 17:10:46,405|line:519| https://t.bilibili.com/1197315336725069828
2026-05-02 17:10:49,704|line:341| =========此为源动态=========
2026-05-02 17:10:54,032|line:362| *********子动态开始*********
2026-05-02 17:10:54,032|line:381| *********子动态结束*********
2026-05-02 17:10:54,032|line:537| -=-=-=-=处理回最初的动态-=-=-=-=
2026-05-02 17:11:03,156|line:475| 转发成功 1197881252355506184
2026-05-02 17:11:06,560|line:494| 评论发送成功
2026-05-02 17:11:10,906|line:424| 302951148 === 已经关注了
2026-05-02 17:11:14,212|line:503| 动态-点赞 OK
2026-05-02 17:11:17,213|line:519| https://t.bilibili.com/1197337241094979607
2026-05-02 17:11:18,483|line:341| =========此为源动态=========
2026-05-02 17:11:19,961|line:362| *********子动态开始*********
2026-05-02 17:11:19,961|line:381| *********子动态结束*********
2026-05-02 17:11:19,962|line:537| -=-=-=-=处理回最初的动态-=-=-=-=
2026-05-02 17:11:31,085|line:475| 转发成功 1197881368345837571
2026-05-02 17:11:34,475|line:494| 评论发送成功
2026-05-02 17:11:36,838|line:424| 238623328 === 已经关注了
2026-05-02 17:11:40,164|line:503| 动态-点赞 OK
2026-05-02 17:11:41,164|line:519| https://t.bilibili.com/1197275393525022721
2026-05-02 17:11:44,441|line:341| =========此为源动态=========
2026-05-02 17:11:45,946|line:362| *********子动态开始*********
2026-05-02 17:11:45,946|line:381| *********子动态结束*********
2026-05-02 17:11:45,946|line:537| -=-=-=-=处理回最初的动态-=-=-=-=
2026-05-02 17:11:55,191|line:475| 转发成功 1197881475709534210
2026-05-02 17:11:58,594|line:494| 评论发送成功
2026-05-02 17:12:02,018|line:424| 383768376 === 已经关注了
2026-05-02 17:12:05,320|line:503| 动态-点赞 OK
2026-05-02 17:12:06,321|line:519| https://t.bilibili.com/1196935232156073985
2026-05-02 17:12:09,593|line:341| =========此为源动态=========
2026-05-02 17:12:12,915|line:362| *********子动态开始*********
2026-05-02 17:12:12,915|line:381| *********子动态结束*********
2026-05-02 17:12:12,915|line:537| -=-=-=-=处理回最初的动态-=-=-=-=
2026-05-02 17:12:23,229|line:475| 转发成功 1197881595930869763
2026-05-02 17:12:26,701|line:494| 评论发送成功
2026-05-02 17:12:29,054|line:424| 3546815985092830 === 已经关注了
2026-05-02 17:12:32,372|line:503| 动态-点赞 OK
2026-05-02 17:12:36,373|line:519| https://t.bilibili.com/1197300233506127888
2026-05-02 17:12:40,906|line:336| =========此为子动态=========
2026-05-02 17:12:42,319|line:400| *************原动态已存在***************
2026-05-02 17:12:43,847|line:362| *********子动态开始*********
2026-05-02 17:12:53,059|line:475| 转发成功 1197881720536301576
2026-05-02 17:12:56,562|line:494| 评论发送成功
2026-05-02 17:13:00,208|line:424| 242136088 === 已经关注了
2026-05-02 17:13:00,209|line:376| ----完成一个子动态----
2026-05-02 17:13:07,435|line:475| 转发成功 1197881784907333635
2026-05-02 17:13:10,838|line:494| 评论发送成功
2026-05-02 17:13:16,481|line:424| 493230543 === 已经关注了
2026-05-02 17:13:16,481|line:376| ----完成一个子动态----
2026-05-02 17:13:23,838|line:475| 转发成功 1197881853679239187
2026-05-02 17:13:27,275|line:494| 评论发送成功
2026-05-02 17:13:33,992|line:424| 434978041 === 已经关注了
2026-05-02 17:13:33,993|line:376| ----完成一个子动态----
2026-05-02 17:13:45,363|line:475| 转发成功 1197881948115042308
2026-05-02 17:13:48,791|line:494| 评论发送成功
2026-05-02 17:13:52,448|line:424| 1719393819 === 已经关注了
2026-05-02 17:13:52,449|line:376| ----完成一个子动态----
2026-05-02 17:13:52,449|line:381| *********子动态结束*********
2026-05-02 17:13:55,450|line:519| https://t.bilibili.com/1197339747196862513
2026-05-02 17:13:56,870|line:526| 官方 或 预约 OUT！
2026-05-02 17:13:56,870|line:519| https://t.bilibili.com/1197103296343441449
2026-05-02 17:14:00,151|line:341| =========此为源动态=========
2026-05-02 17:14:02,478|line:362| *********子动态开始*********
2026-05-02 17:14:02,478|line:381| *********子动态结束*********
2026-05-02 17:14:02,479|line:537| -=-=-=-=处理回最初的动态-=-=-=-=
2026-05-02 17:14:11,580|line:475| 转发成功 1197882059809357825
2026-05-02 17:14:14,964|line:494| 评论发送成功
2026-05-02 17:14:17,327|line:424| 380926733 === 已经关注了
2026-05-02 17:14:20,658|line:503| 动态-点赞 OK
2026-05-02 17:14:22,658|line:519| https://t.bilibili.com/1197243449714147333
2026-05-02 17:14:23,954|line:526| 官方 或 预约 OUT！
2026-05-02 17:14:23,954|line:519| https://t.bilibili.com/1188505205585477680
2026-05-02 17:14:23,955|line:521| 已有
2026-05-02 17:14:23,955|line:519| https://t.bilibili.com/1195139478385066001
2026-05-02 17:14:27,251|line:526| 官方 或 预约 OUT！
2026-05-02 17:14:27,252|line:519| https://t.bilibili.com/1197390505083666441
2026-05-02 17:14:30,537|line:526| 官方 或 预约 OUT！
2026-05-02 17:14:30,537|line:519| https://t.bilibili.com/1197259931624931334
2026-05-02 17:14:34,835|line:341| =========此为源动态=========
2026-05-02 17:14:36,136|line:362| *********子动态开始*********
2026-05-02 17:14:36,137|line:381| *********子动态结束*********
2026-05-02 17:14:36,137|line:537| -=-=-=-=处理回最初的动态-=-=-=-=
2026-05-02 17:14:43,323|line:475| 转发成功 1197882197248311305
2026-05-02 17:14:46,722|line:494| 评论发送成功
2026-05-02 17:14:50,083|line:424| 488757623 === 已经关注了
2026-05-02 17:14:53,392|line:503| 动态-点赞 OK
2026-05-02 17:14:54,392|line:519| https://t.bilibili.com/1197284604086583336
2026-05-02 17:14:55,687|line:526| 官方 或 预约 OUT！
2026-05-02 17:14:55,688|line:519| https://t.bilibili.com/1197386901651193881
2026-05-02 17:14:59,015|line:526| 官方 或 预约 OUT！
2026-05-02 17:14:59,016|line:519| https://t.bilibili.com/1197301384515420180
2026-05-02 17:15:01,291|line:526| 官方 或 预约 OUT！
2026-05-02 17:15:01,292|line:519| https://t.bilibili.com/1197094865320542211
2026-05-02 17:15:03,579|line:341| =========此为源动态=========
2026-05-02 17:15:07,059|line:362| *********子动态开始*********
2026-05-02 17:15:07,059|line:381| *********子动态结束*********
2026-05-02 17:15:07,060|line:537| -=-=-=-=处理回最初的动态-=-=-=-=
2026-05-02 17:15:15,155|line:475| 转发成功 1197882334708236297
2026-05-02 17:15:18,564|line:494| 评论发送成功
2026-05-02 17:15:21,066|line:424| 1431814328 === 已经关注了
2026-05-02 17:15:24,365|line:503| 动态-点赞 OK
2026-05-02 17:15:25,365|line:519| https://t.bilibili.com/1197078261003190320
2026-05-02 17:15:29,669|line:341| =========此为源动态=========
2026-05-02 17:15:33,996|line:362| *********子动态开始*********
2026-05-02 17:15:33,996|line:381| *********子动态结束*********
2026-05-02 17:15:33,997|line:537| -=-=-=-=处理回最初的动态-=-=-=-=
2026-05-02 17:15:40,429|line:475| 转发成功 1197882442078224403
2026-05-02 17:15:43,724|line:548| 'NoneType' object is not subscriptable
2026-05-02 17:15:43,724|line:549| error line:541
2026-05-02 17:15:47,724|line:519| https://t.bilibili.com/1197278269020307464
2026-05-02 17:15:47,725|line:521| 已有
2026-05-02 17:15:47,725|line:519| https://t.bilibili.com/1197086000492314642
2026-05-02 17:15:47,725|line:521| 已有
2026-05-02 17:15:47,725|line:519| https://t.bilibili.com/1197295118196932608
2026-05-02 17:15:50,015|line:526| 官方 或 预约 OUT！
2026-05-02 17:15:50,015|line:519| https://t.bilibili.com/1197252232924364820
2026-05-02 17:15:53,326|line:526| 官方 或 预约 OUT！
2026-05-02 17:15:53,327|line:519| https://t.bilibili.com/1186988837329436697
2026-05-02 17:15:53,327|line:521| 已有
2026-05-02 17:15:53,327|line:519| https://t.bilibili.com/1197321779207471126
2026-05-02 17:15:56,649|line:341| =========此为源动态=========
2026-05-02 17:15:59,055|line:362| *********子动态开始*********
2026-05-02 17:15:59,055|line:381| *********子动态结束*********
2026-05-02 17:15:59,056|line:537| -=-=-=-=处理回最初的动态-=-=-=-=
2026-05-02 17:16:11,219|line:475| 转发成功 1197882575226404866
2026-05-02 17:16:14,676|line:494| 评论发送成功
2026-05-02 17:16:18,022|line:424| 485703766 === 已经关注了
2026-05-02 17:16:21,362|line:503| 动态-点赞 OK
2026-05-02 17:16:25,363|line:519| https://t.bilibili.com/1197275479403397143
2026-05-02 17:16:29,636|line:526| 官方 或 预约 OUT！
2026-05-02 17:16:29,637|line:519| https://t.bilibili.com/1185563896055857171
2026-05-02 17:16:31,920|line:526| 官方 或 预约 OUT！
2026-05-02 17:16:31,920|line:519| https://t.bilibili.com/1197290855410434087
2026-05-02 17:16:33,192|line:341| =========此为源动态=========
2026-05-02 17:16:34,760|line:362| *********子动态开始*********
2026-05-02 17:16:34,760|line:381| *********子动态结束*********
2026-05-02 17:16:34,760|line:537| -=-=-=-=处理回最初的动态-=-=-=-=
2026-05-02 17:16:41,955|line:475| 转发成功 1197882704082763814
2026-05-02 17:16:45,386|line:494| 评论发送成功
2026-05-02 17:16:49,761|line:424| 1902330279 === 已经关注了
2026-05-02 17:16:53,113|line:503| 动态-点赞 OK
2026-05-02 17:16:54,114|line:519| https://t.bilibili.com/1196289524611678213
2026-05-02 17:16:58,413|line:341| =========此为源动态=========
2026-05-02 17:17:00,765|line:362| *********子动态开始*********
2026-05-02 17:17:00,765|line:381| *********子动态结束*********
2026-05-02 17:17:00,765|line:537| -=-=-=-=处理回最初的动态-=-=-=-=
2026-05-02 17:17:08,008|line:475| 转发成功 1197882815739330579
2026-05-02 17:17:11,413|line:494| 评论发送成功
2026-05-02 17:17:14,806|line:424| 578243133 === 已经关注了
2026-05-02 17:17:18,104|line:503| 动态-点赞 OK
2026-05-02 17:17:20,104|line:519| https://t.bilibili.com/1196177599894650896
2026-05-02 17:17:21,390|line:341| =========此为源动态=========
2026-05-02 17:17:24,898|line:362| *********子动态开始*********
2026-05-02 17:17:24,899|line:381| *********子动态结束*********
2026-05-02 17:17:24,899|line:537| -=-=-=-=处理回最初的动态-=-=-=-=
2026-05-02 17:17:37,158|line:475| 转发成功 1197882944561086467
2026-05-02 17:17:40,556|line:494| 评论发送成功
2026-05-02 17:17:43,892|line:424| 3461571554577304 === 已经关注了
2026-05-02 17:17:47,192|line:503| 动态-点赞 OK
2026-05-02 17:17:51,192|line:519| https://t.bilibili.com/1197385995359617042
2026-05-02 17:17:54,569|line:526| 官方 或 预约 OUT！
2026-05-02 17:17:54,570|line:519| https://t.bilibili.com/1197374669527711817
2026-05-02 17:17:55,843|line:341| =========此为源动态=========
2026-05-02 17:17:58,336|line:362| *********子动态开始*********
2026-05-02 17:17:58,336|line:381| *********子动态结束*********
2026-05-02 17:17:58,336|line:537| -=-=-=-=处理回最初的动态-=-=-=-=
2026-05-02 17:18:06,550|line:475| 转发成功 1197883069143449603
2026-05-02 17:18:09,841|line:548| 'NoneType' object is not subscriptable
2026-05-02 17:18:09,842|line:549| error line:541
2026-05-02 17:18:13,842|line:519| https://t.bilibili.com/1197306317304234034
2026-05-02 17:18:17,142|line:341| =========此为源动态=========
2026-05-02 17:18:21,474|line:362| *********子动态开始*********
2026-05-02 17:18:21,474|line:381| *********子动态结束*********
2026-05-02 17:18:21,475|line:537| -=-=-=-=处理回最初的动态-=-=-=-=
2026-05-02 17:18:29,860|line:475| 转发成功 1197883167924551684
2026-05-02 17:18:33,224|line:494| 评论发送成功
2026-05-02 17:18:34,572|line:424| 3546733590087876 === 已经关注了
2026-05-02 17:18:37,886|line:503| 动态-点赞 OK
2026-05-02 17:18:39,886|line:519| https://t.bilibili.com/1197306317328351235
2026-05-02 17:18:44,181|line:341| =========此为源动态=========
2026-05-02 17:18:46,499|line:362| *********子动态开始*********
2026-05-02 17:18:46,499|line:381| *********子动态结束*********
2026-05-02 17:18:46,500|line:537| -=-=-=-=处理回最初的动态-=-=-=-=
2026-05-02 17:18:56,641|line:475| 转发成功 1197883283858259993
2026-05-02 17:19:00,060|line:494| 评论发送成功
2026-05-02 17:19:02,423|line:424| 10878474 === 已经关注了
2026-05-02 17:19:05,732|line:503| 动态-点赞 OK
2026-05-02 17:19:09,733|line:519| https://t.bilibili.com/1197270654067408930
2026-05-02 17:19:12,133|line:336| =========此为子动态=========
2026-05-02 17:19:16,500|line:387| *************原动态处理开始***************
2026-05-02 17:19:24,283|line:475| 转发成功 1197883404158238728
2026-05-02 17:19:27,732|line:494| 评论发送成功
2026-05-02 17:19:30,212|line:424| 643923340 === 已经关注了
2026-05-02 17:19:33,536|line:503| 动态-点赞 OK
2026-05-02 17:19:33,536|line:396| *************原动态处理完成***************
2026-05-02 17:19:38,025|line:362| *********子动态开始*********
2026-05-02 17:19:45,286|line:475| 转发成功 1197883494325288961
2026-05-02 17:19:48,687|line:494| 评论发送成功
2026-05-02 17:19:54,383|line:424| 643923340 === 已经关注了
2026-05-02 17:19:54,383|line:376| ----完成一个子动态----
2026-05-02 17:19:54,384|line:381| *********子动态结束*********
2026-05-02 17:19:56,385|line:519| https://t.bilibili.com/1176241562153123847
2026-05-02 17:20:00,670|line:526| 官方 或 预约 OUT！
2026-05-02 17:20:00,670|line:519| https://t.bilibili.com/1197338913957478403
2026-05-02 17:20:01,993|line:341| =========此为源动态=========
2026-05-02 17:20:03,466|line:362| *********子动态开始*********
2026-05-02 17:20:03,466|line:381| *********子动态结束*********
2026-05-02 17:20:03,467|line:537| -=-=-=-=处理回最初的动态-=-=-=-=
2026-05-02 17:20:10,699|line:475| 转发成功 1197883601675354115
2026-05-02 17:20:14,084|line:494| 评论发送成功
2026-05-02 17:20:18,429|line:424| 125086406 === 已经关注了
2026-05-02 17:20:21,748|line:503| 动态-点赞 OK
2026-05-02 17:20:25,748|line:519| https://t.bilibili.com/1197352702963613732
2026-05-02 17:20:28,059|line:341| =========此为源动态=========
2026-05-02 17:20:29,547|line:362| *********子动态开始*********
2026-05-02 17:20:29,548|line:381| *********子动态结束*********
2026-05-02 17:20:29,548|line:537| -=-=-=-=处理回最初的动态-=-=-=-=
2026-05-02 17:20:38,666|line:475| 转发成功 1197883721937584162
2026-05-02 17:20:42,066|line:494| 评论发送成功
2026-05-02 17:20:44,458|line:424| 1902330279 === 已经关注了
2026-05-02 17:20:47,809|line:503| 动态-点赞 OK
2026-05-02 17:20:49,810|line:519| https://t.bilibili.com/1197311963011481604
2026-05-02 17:20:53,171|line:341| =========此为源动态=========
2026-05-02 17:20:57,493|line:362| *********子动态开始*********
2026-05-02 17:20:57,493|line:381| *********子动态结束*********
2026-05-02 17:20:57,493|line:537| -=-=-=-=处理回最初的动态-=-=-=-=
2026-05-02 17:21:03,626|line:475| 转发成功 1197883829363146753
2026-05-02 17:21:07,215|line:494| 评论发送成功
2026-05-02 17:21:10,627|line:424| 349713519 === 已经关注了
2026-05-02 17:21:13,942|line:503| 动态-点赞 OK
2026-05-02 17:21:14,943|line:519| https://t.bilibili.com/1197140117129527299
2026-05-02 17:21:18,225|line:341| =========此为源动态=========
2026-05-02 17:21:20,767|line:362| *********子动态开始*********
2026-05-02 17:21:20,767|line:381| *********子动态结束*********
2026-05-02 17:21:20,767|line:537| -=-=-=-=处理回最初的动态-=-=-=-=
2026-05-02 17:21:27,014|line:475| 转发成功 1197883928123277316
2026-05-02 17:21:30,407|line:494| 评论发送成功
2026-05-02 17:21:32,777|line:424| 100680137 === 已经关注了
2026-05-02 17:21:36,107|line:503| 动态-点赞 OK
2026-05-02 17:21:38,107|line:519| https://t.bilibili.com/1197246271524438050
2026-05-02 17:21:40,475|line:526| 官方 或 预约 OUT！
2026-05-02 17:21:40,475|line:519| https://t.bilibili.com/1197368164815470641
2026-05-02 17:21:42,764|line:341| =========此为源动态=========
2026-05-02 17:21:47,263|line:362| *********子动态开始*********
2026-05-02 17:21:47,263|line:381| *********子动态结束*********
2026-05-02 17:21:47,264|line:537| -=-=-=-=处理回最初的动态-=-=-=-=
2026-05-02 17:21:55,363|line:475| 转发成功 1197884052660551688
2026-05-02 17:21:58,772|line:494| 评论发送成功
2026-05-02 17:22:00,123|line:424| 238623328 === 已经关注了
2026-05-02 17:22:03,432|line:503| 动态-点赞 OK
2026-05-02 17:22:06,432|line:519| https://t.bilibili.com/1197414550505259032
2026-05-02 17:22:07,714|line:341| =========此为源动态=========
2026-05-02 17:22:09,183|line:362| *********子动态开始*********
2026-05-02 17:22:09,183|line:381| *********子动态结束*********
2026-05-02 17:22:09,183|line:537| -=-=-=-=处理回最初的动态-=-=-=-=
2026-05-02 17:22:17,288|line:475| 转发成功 1197884147151929350
2026-05-02 17:22:20,669|line:494| 评论发送成功
2026-05-02 17:22:22,034|line:424| 17236262 === 已经关注了
2026-05-02 17:22:25,330|line:503| 动态-点赞 OK
2026-05-02 17:22:29,331|line:519| https://t.bilibili.com/1197391357638868994
2026-05-02 17:22:30,630|line:341| =========此为源动态=========
2026-05-02 17:22:35,138|line:362| *********子动态开始*********
2026-05-02 17:22:35,139|line:381| *********子动态结束*********
2026-05-02 17:22:35,139|line:537| -=-=-=-=处理回最初的动态-=-=-=-=
2026-05-02 17:22:44,354|line:475| 转发成功 1197884263118143490
2026-05-02 17:22:47,784|line:494| 评论发送成功
2026-05-02 17:22:52,126|line:424| 3546813611117108 === 已经关注了
2026-05-02 17:22:55,440|line:503| 动态-点赞 OK
2026-05-02 17:22:59,441|line:519| https://t.bilibili.com/1197306317327302658
2026-05-02 17:23:00,783|line:341| =========此为源动态=========
2026-05-02 17:23:05,296|line:362| *********子动态开始*********
2026-05-02 17:23:05,297|line:381| *********子动态结束*********
2026-05-02 17:23:05,297|line:537| -=-=-=-=处理回最初的动态-=-=-=-=
2026-05-02 17:23:13,469|line:475| 转发成功 1197884387710992409
2026-05-02 17:23:16,835|line:494| 评论发送成功
2026-05-02 17:23:19,209|line:424| 434624234 === 已经关注了
2026-05-02 17:23:22,524|line:503| 动态-点赞 OK
2026-05-02 17:23:25,524|line:519| https://t.bilibili.com/1197290855410434057
2026-05-02 17:23:27,815|line:341| =========此为源动态=========
2026-05-02 17:23:32,145|line:362| *********子动态开始*********
2026-05-02 17:23:32,145|line:381| *********子动态结束*********
2026-05-02 17:23:32,146|line:537| -=-=-=-=处理回最初的动态-=-=-=-=
2026-05-02 17:23:41,271|line:475| 转发成功 1197884507926036485
2026-05-02 17:23:44,654|line:494| 评论发送成功
2026-05-02 17:23:48,026|line:424| 1312702972 === 已经关注了
2026-05-02 17:23:51,375|line:503| 动态-点赞 OK
2026-05-02 17:23:52,376|line:519| https://t.bilibili.com/1197310790517915654
2026-05-02 17:23:53,697|line:341| =========此为源动态=========
2026-05-02 17:23:55,045|line:362| *********子动态开始*********
2026-05-02 17:23:55,046|line:381| *********子动态结束*********
2026-05-02 17:23:55,046|line:537| -=-=-=-=处理回最初的动态-=-=-=-=
2026-05-02 17:24:02,195|line:475| 转发成功 1197884598128738310
2026-05-02 17:24:05,644|line:494| 评论发送成功
2026-05-02 17:24:07,007|line:424| 238623328 === 已经关注了
2026-05-02 17:24:10,300|line:503| 动态-点赞 OK
2026-05-02 17:24:13,300|line:519| https://t.bilibili.com/1197275393547042837
2026-05-02 17:24:15,658|line:341| =========此为源动态=========
2026-05-02 17:24:16,987|line:362| *********子动态开始*********
2026-05-02 17:24:16,988|line:381| *********子动态结束*********
2026-05-02 17:24:16,988|line:537| -=-=-=-=处理回最初的动态-=-=-=-=
2026-05-02 17:24:27,103|line:475| 转发成功 1197884701217390608
2026-05-02 17:24:30,481|line:494| 评论发送成功
2026-05-02 17:24:32,846|line:424| 533316954 === 已经关注了
2026-05-02 17:24:36,162|line:503| 动态-点赞 OK
2026-05-02 17:24:40,162|line:519| https://t.bilibili.com/1197395223108386835
2026-05-02 17:24:44,448|line:341| =========此为源动态=========
2026-05-02 17:24:48,004|line:362| *********子动态开始*********
2026-05-02 17:24:48,005|line:381| *********子动态结束*********
2026-05-02 17:24:48,005|line:537| -=-=-=-=处理回最初的动态-=-=-=-=
2026-05-02 17:25:00,547|line:475| 转发成功 1197884847239987240
2026-05-02 17:25:03,936|line:494| 评论发送成功
2026-05-02 17:25:08,288|line:424| 3546813611117108 === 已经关注了
2026-05-02 17:25:11,604|line:503| 动态-点赞 OK
2026-05-02 17:25:15,605|line:519| https://t.bilibili.com/1197312250786873344
2026-05-02 17:25:16,952|line:526| 官方 或 预约 OUT！
2026-05-02 17:25:16,952|line:519| https://t.bilibili.com/1197057357354369025
2026-05-02 17:25:21,257|line:341| =========此为源动态=========
2026-05-02 17:25:25,773|line:362| *********子动态开始*********
2026-05-02 17:25:25,773|line:381| *********子动态结束*********
2026-05-02 17:25:25,774|line:537| -=-=-=-=处理回最初的动态-=-=-=-=
2026-05-02 17:25:33,176|line:475| 转发成功 1197884989009559555
2026-05-02 17:25:36,634|line:494| 评论发送成功
2026-05-02 17:25:40,988|line:424| 3546569007696142 === 已经关注了
2026-05-02 17:25:44,305|line:503| 动态-点赞 OK
2026-05-02 17:25:48,306|line:519| https://t.bilibili.com/1196193061748604948
2026-05-02 17:25:52,603|line:341| =========此为源动态=========
2026-05-02 17:25:54,934|line:362| *********子动态开始*********
2026-05-02 17:25:54,934|line:381| *********子动态结束*********
2026-05-02 17:25:54,935|line:537| -=-=-=-=处理回最初的动态-=-=-=-=
2026-05-02 17:26:06,155|line:475| 转发成功 1197885130731945988
2026-05-02 17:26:09,544|line:494| 评论发送成功
2026-05-02 17:26:13,893|line:424| 198427927 === 已经关注了
2026-05-02 17:26:17,203|line:503| 动态-点赞 OK
2026-05-02 17:26:18,204|line:519| https://t.bilibili.com/1196999937953366051
2026-05-02 17:26:21,769|line:341| =========此为源动态=========
2026-05-02 17:26:23,095|line:362| *********子动态开始*********
2026-05-02 17:26:23,095|line:381| *********子动态结束*********
2026-05-02 17:26:23,095|line:537| -=-=-=-=处理回最初的动态-=-=-=-=
2026-05-02 17:26:32,390|line:475| 转发成功 1197885242400047105
2026-05-02 17:26:35,811|line:494| 评论发送成功
2026-05-02 17:26:40,175|line:424| 3494362388367705 === 已经关注了
2026-05-02 17:26:43,489|line:503| 动态-点赞 OK
2026-05-02 17:26:47,489|line:519| https://t.bilibili.com/1197376026783514648
2026-05-02 17:26:50,782|line:341| =========此为源动态=========
2026-05-02 17:26:52,297|line:362| *********子动态开始*********
2026-05-02 17:26:52,297|line:381| *********子动态结束*********
2026-05-02 17:26:52,297|line:537| -=-=-=-=处理回最初的动态-=-=-=-=
2026-05-02 17:26:59,521|line:475| 转发成功 1197885358372552720
2026-05-02 17:27:02,899|line:494| 评论发送成功
2026-05-02 17:27:04,280|line:424| 100680137 === 已经关注了
2026-05-02 17:27:07,573|line:503| 动态-点赞 OK
2026-05-02 17:27:11,574|line:519| https://t.bilibili.com/1197306602892296230
2026-05-02 17:27:14,859|line:526| 官方 或 预约 OUT！
2026-05-02 17:27:14,860|line:552| 执行结束
2026-05-02 17:27:14,860|line:558| ==================================================2026-05-03 01:27==================================================
2026-05-02 17:27:14,860|line:232| processing article 48424194
2026-05-02 17:27:16,500|line:507| ==================================================2026-05-03 01:27==================================================
2026-05-02 17:27:16,500|line:232| processing article 48424087
2026-05-02 17:27:20,093|line:507| ==================================================2026-05-03 01:27==================================================
2026-05-02 17:27:27,064|line:578| ('reply: ', '榄菊官方', '[给心心]')
2026-05-02 17:27:27,064|line:578| ('reply: ', '吓死我啦芙莱', '并不是')
2026-05-02 17:27:27,064|line:578| ('reply: ', '花生十三-公考行测', '68')
2026-05-02 17:27:27,065|line:578| ('reply: ', '三鹿七茸猫尾巴', '[夏诺雅表情包_？？？]')
2026-05-02 17:27:27,065|line:578| ('reply: ', '小闪闪bling', 'hhh腾子买库洛让我感觉他自己有点不太想出大世界了')
2026-05-02 17:27:27,065|line:578| ('reply: ', '魔改后远野汉娜', '不是，这……')
2026-05-02 17:27:27,065|line:578| ('reply: ', '好像都是一个人', '你在说什么')
2026-05-02 17:27:27,065|line:578| ('reply: ', '目标咨询', '太宠粉了啊')
2026-05-02 17:27:27,065|line:578| ('reply: ', '数玩工场', '祝你成功')
2026-05-02 17:27:27,065|line:578| ('reply: ', '益家有小佰', '恭喜宝子，获得小电视月度会员1份和克刻冰冰猴喉糖随机口味1份～记得私信小佰提供信息哦~')
2026-05-02 17:27:27,065|line:578| ('reply: ', '圆环之理-Madoka', '是的')
2026-05-02 17:27:27,065|line:578| ('reply: ', '兰的三姨', '这就是银河巨星的实力！')
2026-05-02 17:27:27,066|line:578| ('reply: ', '花园百合铃音', '有男不玩，我只吃麻辣火锅，xxn滚[吃瓜]')
2026-05-02 17:27:27,066|line:578| ('reply: ', '是绝赞的阿鬼', '[tv_难过]')
2026-05-02 17:27:27,066|line:578| ('reply: ', '桃稚不幼稚', '还行')
2026-05-02 17:27:27,066|line:578| ('reply: ', '陌罔子吖', '佬，这个报名有啥条件不。最近太非了，想下次报来抽[脱单doge][脱单doge][脱单doge]')
2026-05-02 17:27:27,066|line:578| ('reply: ', '太二酸菜鱼', '恭喜成为本期欧皇[打call]获得【肥龙联名显眼包】1份，在收到本信息的两天内回复哥的私信哦~逾期哥就自己收啦！[脱单doge]')
2026-05-02 17:27:27,066|line:578| ('reply: ', '得一想二的松鼠', '中奖分我一半')
2026-05-02 17:27:27,066|line:578| ('reply: ', '佑凉Uriyoo', '谢谢！！！[UP_24967030_感恩]')
2026-05-02 17:27:27,066|line:578| ('reply: ', '岛莓祁', '好耶')
2026-05-02 17:27:31,385|line:587| ('at: ', '电脑报', '恭喜@小小Shaun UID：1090970340，@-叶晓吖  UID：22437099  获得 【电竞大礼包】1份， 请在三日内私信我')
2026-05-02 17:27:31,385|line:587| ('at: ', '联想拯救者官方', '是我喜欢的奖品名单 直接开奖 上 趁现在没人偷摸开个奖 恭喜这些小伙伴 【拯救者7.1声卡H7游戏耳机】获奖名单 @泪水打湿猪脚饭o @xoomoon @小小Shaun @T山海连云T @超超超超薄脆饼干 @BerboomC 【拯救者C140氮化镓适配器】获奖名单 @改个天凉好个秋 @夜猫子牙不好 @LLL好久不见 @林殇倾慕婉 @今天也要拥抱微风 @洳不及我万一 @胜利の天平 【白金独角兽电竞鼠标】获奖名单 @底片上的诗旅人 【拯救者C170氮化镓适配器】获奖名单 @麦當劳无限好 @無名丶の辈 @任性的提莫 @广东有暖风 由于B站私信规则修改 我会私信中奖的小伙伴一条消息，还请注意查收并回复我您的收货地址与联系方式，奖品基本会在私信您信息后的三十个工作日内发货')
2026-05-02 17:27:31,385|line:587| ('at: ', 'Apexgaming艾湃电竞', '恭喜 @小小Shaun 获得饮料一份，三天内联系我，过时不候！')
2026-05-02 17:27:31,385|line:587| ('at: ', '喜欢白毛有什么不好', '1 @浪子游2fans6@被_____打下来的飞机@拉斯特臣后面一个点@专心致志的学生@猫猫头OmMeow@小小Shaun@龐門左道@啦啦痴痴腻@bili_66938050009@日月星辰668')
2026-05-02 17:27:31,385|line:587| ('at: ', 'iKF蓝牙耳机', '恭喜@小小Shaun 宝子成为苏泊尔福利动态幸运儿！\n注意：即日起72小时内回复信息确认领奖哦！逾期将自动视为放弃中奖资格。\n没有中奖的宝子们不要气馁，参与一下下置顶视频iKF Mars，增加欧气值，说不定下个幸运儿就是你！\n链接：\nhttps://www.bilibili.com/video/BV1Soo6YLEHZ/?spm_id_from=333.1387.list.card_archive.click&vd_source=21fb0967ccc75e6b3b2447ade2c740dd\n还没参与抽奖的宝子们，赶紧点击上方链接参与吧！还有特别福利惊喜等你哦~')
2026-05-02 17:27:31,386|line:587| ('at: ', 'wellymerck威利默克', '恭喜@小小Shaun\xa0 获得《我是你的小狗3 永远等你回家》1本，请于5天内联系威宝，凭关注+互动截图领取奖品，逾期作废~')
2026-05-02 17:27:31,386|line:587| ('at: ', '宁美NINGMEI', '恭喜@小小Shaun   中奖，请在12月1日24点前私信我：1. 奖品+中奖信息a. 实物奖：姓名电话地址，给文字！省市区路清晰，提交不清晰不发奖，信息错误致无法签收，概不负责；\n\nb. 现金红包给到支付宝实名+账号；\n\nc. 京东卡/猫超卡 等购物卡给到姓名+电话；2. 宁美和品牌方关注截图+转发截图！\n\n必须关注品牌方，否则奖品不予发放；如遇无法私信图片的情况，等待我回复后即可发送图片。PS： \n\n因后台收信有时会出问题，以回复“已登记”为准，没有回复即表示私信未收到。\n\n过期视为自动放弃，不会补发；奖品30个工作日内发送，勿催哦~\n\n不发全，不回复。其他小伙伴请继续努力！')
2026-05-02 17:27:31,386|line:587| ('at: ', '爱玛电动车官方账号', '#一“玛”当先榜# 快来看看10月都是谁和爱玛酱互动最多呀~ 💕恭喜@小小Shaun 和@甘瑞凯拉莎 排行第一！这两位小玛达将会获得【爱玛随机周边×1】，请5天内私信爱玛酱领奖哟~[鼓掌] 以后也请继续单推我无敌可爱美少女爱玛酱呀嘿嘿！(●´З｀●)')
2026-05-02 17:27:31,386|line:587| ('at: ', '爱玛电动车官方账号', '')
2026-05-02 17:27:31,386|line:587| ('at: ', '海露滴眼液', '互动榜出炉啦')
2026-05-02 17:27:31,386|line:587| ('at: ', '和蔼可亲桃白白', '\u200b//@九号公司:\u200b恭喜@小小Shaun 中奖！后续记得查收私信哟～\u200b//@九号公司:#互动抽奖# 谢谢粒粒的复工礼！小九也来加个码~关注【@微粒贷+@九号公司 】并转发该动态，抽一位小可爱获得【100元京东卡】~ #供电局福利社# 10月31日抽出！')
2026-05-02 17:27:31,386|line:587| ('at: ', '望大家身体健康快乐', '\u200b//@九号公司:\u200b恭喜@小小Shaun 中奖！后续记得查收私信哟～\u200b//@九号公司 :#互动抽奖# 谢谢粒粒的复工礼！小九也来加个码~关注【@微粒贷+@九号公司 】并转发该动态，抽一位小可爱获得【100元京东卡】~ #供电局福利社# 10月31日抽出！')
2026-05-02 17:27:31,386|line:587| ('at: ', 'MoMA_Reona', '//@九号公司:\u200b恭喜@小小Shaun 中奖！后续记得查收私信哟～\u200b//@九号公司:#互动抽奖# 谢谢粒粒的复工礼！小九也来加个码~关注【@微粒贷+@九号公司 】并转发该动态，抽一位小可爱获得【100元京东卡】~ #供电局福利社# 10月31日抽出！')
2026-05-02 17:27:31,387|line:587| ('at: ', '摸鱼二队', '\u200b//@九号公司:\u200b恭喜@小小Shaun 中奖！后续记得查收私信哟～\u200b//@九号公司 :#互动抽奖# 谢谢粒粒的复工礼！小九也来加个码~关注【@微粒贷+@九号公司 】并转发该动态，抽一位小可爱获得【100元京东卡】~ #供电局福利社# 10月31日抽出！')
2026-05-02 17:27:31,387|line:587| ('at: ', '文少嘅一些事一些情', '\u200b//@九号公司:\u200b恭喜@小小Shaun 中奖！后续记得查收私信哟～\u200b//@九号公司 :#互动抽奖# 谢谢粒粒的复工礼！小九也来加个码~关注【@微粒贷+@九号公司 】并转发该动态，抽一位小可爱获得【100元京东卡】~ #供电局福利社# 10月31日抽出！')
2026-05-02 17:27:31,387|line:587| ('at: ', 'Carry队友的嘟嘟酱丶', '\u200b//@九号公司:\u200b恭喜@小小Shaun 中奖！后续记得查收私信哟～\u200b//@九号公司 :#互动抽奖# 谢谢粒粒的复工礼！小九也来加个码~关注【@微粒贷+@九号公司 】并转发该动态，抽一位小可爱获得【100元京东卡】~ #供电局福利社# 10月31日抽出！')
2026-05-02 17:27:31,387|line:587| ('at: ', '蛤蟆zero', '//@九号公司:\u200b恭喜@小小Shaun 中奖！后续记得查收私信哟～\u200b//@九号公司:#互动抽奖# 谢谢粒粒的复工礼！小九也来加个码~关注【@微粒贷+@九号公司 】并转发该动态，抽一位小可爱获得【100元京东卡】~ #供电局福利社# 10月31日抽出！c冲冲冲')
2026-05-02 17:27:31,387|line:587| ('at: ', '木而各子要吃笃栗子', '\u200b//@九号公司:\u200b恭喜@小小Shaun 中奖！后续记得查收私信哟～\u200b//@九号公司 :#互动抽奖# 谢谢粒粒的复工礼！小九也来加个码~关注【@微粒贷+@九号公司 】并转发该动态，抽一位小可爱获得【100元京东卡】~ #供电局福利社# 10月31日抽出！')
2026-05-02 17:27:31,387|line:587| ('at: ', '裙下愚臣情默默', '\u200b//@九号公司:\u200b恭喜@小小Shaun 中奖！后续记得查收私信哟～\u200b//@九号公司 :#互动抽奖# 谢谢粒粒的复工礼！小九也来加个码~关注【@微粒贷+@九号公司 】并转发该动态，抽一位小可爱获得【100元京东卡】~ #供电局福利社# 10月31日抽出！')
2026-05-02 17:27:31,387|line:587| ('at: ', '戊子毕宿', '')
