2026-07-12 17:11:18,378|line:232| processing article 51419676
2026-07-12 17:11:22,949|line:507| ==================================================2026-07-13 01:11==================================================
2026-07-12 17:11:22,949|line:232| processing article 51414735
2026-07-12 17:11:27,646|line:507| ==================================================2026-07-13 01:11==================================================
2026-07-12 17:11:27,646|line:232| processing article 51406214
2026-07-12 17:11:30,621|line:507| ==================================================2026-07-13 01:11==================================================
2026-07-12 17:11:30,622|line:232| processing article 51406120
2026-07-12 17:11:32,154|line:507| ==================================================2026-07-13 01:11==================================================
2026-07-12 17:11:32,154|line:232| processing article 51387920
2026-07-12 17:11:35,737|line:507| ==================================================2026-07-13 01:11==================================================
2026-07-12 17:11:35,737|line:232| processing article 51384496
2026-07-12 17:11:40,281|line:507| ==================================================2026-07-13 01:11==================================================
2026-07-12 17:11:40,281|line:232| processing article 51380074
2026-07-12 17:11:43,267|line:507| ==================================================2026-07-13 01:11==================================================
2026-07-12 17:11:43,267|line:519| https://t.bilibili.com/1219630605977780225
2026-07-12 17:11:45,562|line:346| Expecting value: line 1 column 1 (char 0)
2026-07-12 17:11:45,562|line:347| error line:319
2026-07-12 17:11:45,562|line:533| *#*#*#*#*#*#*#*#*#*еҺҹеҠЁжҖҒеӨ„зҗҶеӨұиҙҘ*#*#*#*#*#*#*#*#*#
2026-07-12 17:11:45,563|line:519| https://t.bilibili.com/1208931614786060297
2026-07-12 17:11:49,782|line:346| Expecting value: line 1 column 1 (char 0)
2026-07-12 17:11:49,783|line:347| error line:319
2026-07-12 17:11:49,783|line:533| *#*#*#*#*#*#*#*#*#*еҺҹеҠЁжҖҒеӨ„зҗҶеӨұиҙҘ*#*#*#*#*#*#*#*#*#
2026-07-12 17:11:49,784|line:519| https://t.bilibili.com/1219934840008212499
2026-07-12 17:11:54,125|line:346| Expecting value: line 1 column 1 (char 0)
2026-07-12 17:11:54,126|line:347| error line:319
2026-07-12 17:11:54,127|line:533| *#*#*#*#*#*#*#*#*#*еҺҹеҠЁжҖҒеӨ„зҗҶеӨұиҙҘ*#*#*#*#*#*#*#*#*#
2026-07-12 17:11:54,127|line:519| https://t.bilibili.com/1204848045799243781
2026-07-12 17:11:55,374|line:346| Expecting value: line 1 column 1 (char 0)
2026-07-12 17:11:55,374|line:347| error line:319
2026-07-12 17:11:55,375|line:533| *#*#*#*#*#*#*#*#*#*еҺҹеҠЁжҖҒеӨ„зҗҶеӨұиҙҘ*#*#*#*#*#*#*#*#*#
2026-07-12 17:11:55,375|line:519| https://t.bilibili.com/1222896889952731144
2026-07-12 17:11:57,723|line:346| Expecting value: line 1 column 1 (char 0)
2026-07-12 17:11:57,723|line:347| error line:319
2026-07-12 17:11:57,724|line:533| *#*#*#*#*#*#*#*#*#*еҺҹеҠЁжҖҒеӨ„зҗҶеӨұиҙҘ*#*#*#*#*#*#*#*#*#
2026-07-12 17:11:57,724|line:519| https://t.bilibili.com/1211877842138169353
2026-07-12 17:11:59,943|line:346| Expecting value: line 1 column 1 (char 0)
2026-07-12 17:11:59,943|line:347| error line:319
2026-07-12 17:11:59,944|line:533| *#*#*#*#*#*#*#*#*#*еҺҹеҠЁжҖҒеӨ„зҗҶеӨұиҙҘ*#*#*#*#*#*#*#*#*#
2026-07-12 17:11:59,944|line:519| https://t.bilibili.com/1212636389137448968
2026-07-12 17:12:01,289|line:346| Expecting value: line 1 column 1 (char 0)
2026-07-12 17:12:01,289|line:347| error line:319
2026-07-12 17:12:01,290|line:533| *#*#*#*#*#*#*#*#*#*еҺҹеҠЁжҖҒеӨ„зҗҶеӨұиҙҘ*#*#*#*#*#*#*#*#*#
2026-07-12 17:12:01,290|line:519| https://t.bilibili.com/1222662844276801543
2026-07-12 17:12:05,509|line:346| Expecting value: line 1 column 1 (char 0)
2026-07-12 17:12:05,509|line:347| error line:319
2026-07-12 17:12:05,510|line:533| *#*#*#*#*#*#*#*#*#*еҺҹеҠЁжҖҒеӨ„зҗҶеӨұиҙҘ*#*#*#*#*#*#*#*#*#
2026-07-12 17:12:05,510|line:519| https://t.bilibili.com/1217447658755457044
2026-07-12 17:12:09,856|line:346| Expecting value: line 1 column 1 (char 0)
2026-07-12 17:12:09,856|line:347| error line:319
2026-07-12 17:12:09,857|line:533| *#*#*#*#*#*#*#*#*#*еҺҹеҠЁжҖҒеӨ„зҗҶеӨұиҙҘ*#*#*#*#*#*#*#*#*#
2026-07-12 17:12:09,857|line:519| https://t.bilibili.com/1220838539744247814
2026-07-12 17:12:14,197|line:346| Expecting value: line 1 column 1 (char 0)
2026-07-12 17:12:14,197|line:347| error line:319
2026-07-12 17:12:14,198|line:533| *#*#*#*#*#*#*#*#*#*еҺҹеҠЁжҖҒеӨ„зҗҶеӨұиҙҘ*#*#*#*#*#*#*#*#*#
2026-07-12 17:12:14,198|line:519| https://t.bilibili.com/1221411466925572101
2026-07-12 17:12:18,425|line:346| Expecting value: line 1 column 1 (char 0)
2026-07-12 17:12:18,426|line:347| error line:319
2026-07-12 17:12:18,427|line:533| *#*#*#*#*#*#*#*#*#*еҺҹеҠЁжҖҒеӨ„зҗҶеӨұиҙҘ*#*#*#*#*#*#*#*#*#
2026-07-12 17:12:18,427|line:519| https://t.bilibili.com/1220691102143610902
2026-07-12 17:12:19,766|line:346| Expecting value: line 1 column 1 (char 0)
2026-07-12 17:12:19,766|line:347| error line:319
2026-07-12 17:12:19,767|line:533| *#*#*#*#*#*#*#*#*#*еҺҹеҠЁжҖҒеӨ„зҗҶеӨұиҙҘ*#*#*#*#*#*#*#*#*#
2026-07-12 17:12:19,767|line:519| https://t.bilibili.com/1219670102472917012
2026-07-12 17:12:23,984|line:346| Expecting value: line 1 column 1 (char 0)
2026-07-12 17:12:23,985|line:347| error line:319
2026-07-12 17:12:23,986|line:533| *#*#*#*#*#*#*#*#*#*еҺҹеҠЁжҖҒеӨ„зҗҶеӨұиҙҘ*#*#*#*#*#*#*#*#*#
2026-07-12 17:12:23,986|line:519| https://t.bilibili.com/1221153837594705929
2026-07-12 17:12:27,205|line:346| Expecting value: line 1 column 1 (char 0)
2026-07-12 17:12:27,206|line:347| error line:319
2026-07-12 17:12:27,206|line:533| *#*#*#*#*#*#*#*#*#*еҺҹеҠЁжҖҒеӨ„зҗҶеӨұиҙҘ*#*#*#*#*#*#*#*#*#
2026-07-12 17:12:27,207|line:519| https://t.bilibili.com/1201839197895262214
2026-07-12 17:12:29,432|line:346| Expecting value: line 1 column 1 (char 0)
2026-07-12 17:12:29,433|line:347| error line:319
2026-07-12 17:12:29,434|line:533| *#*#*#*#*#*#*#*#*#*еҺҹеҠЁжҖҒеӨ„зҗҶеӨұиҙҘ*#*#*#*#*#*#*#*#*#
2026-07-12 17:12:29,434|line:519| https://t.bilibili.com/1217464044101828624
2026-07-12 17:12:30,664|line:346| Expecting value: line 1 column 1 (char 0)
2026-07-12 17:12:30,664|line:347| error line:319
2026-07-12 17:12:30,665|line:533| *#*#*#*#*#*#*#*#*#*еҺҹеҠЁжҖҒеӨ„зҗҶеӨұиҙҘ*#*#*#*#*#*#*#*#*#
2026-07-12 17:12:30,666|line:519| https://t.bilibili.com/1221476986669498372
2026-07-12 17:12:33,886|line:346| Expecting value: line 1 column 1 (char 0)
2026-07-12 17:12:33,886|line:347| error line:319
2026-07-12 17:12:33,887|line:533| *#*#*#*#*#*#*#*#*#*еҺҹеҠЁжҖҒеӨ„зҗҶеӨұиҙҘ*#*#*#*#*#*#*#*#*#
2026-07-12 17:12:33,887|line:519| https://t.bilibili.com/1219959050682236931
2026-07-12 17:12:37,232|line:346| Expecting value: line 1 column 1 (char 0)
2026-07-12 17:12:37,232|line:347| error line:319
2026-07-12 17:12:37,233|line:533| *#*#*#*#*#*#*#*#*#*еҺҹеҠЁжҖҒеӨ„зҗҶеӨұиҙҘ*#*#*#*#*#*#*#*#*#
2026-07-12 17:12:37,233|line:519| https://t.bilibili.com/1219532878301364226
2026-07-12 17:12:38,452|line:346| Expecting value: line 1 column 1 (char 0)
2026-07-12 17:12:38,452|line:347| error line:319
2026-07-12 17:12:38,453|line:533| *#*#*#*#*#*#*#*#*#*еҺҹеҠЁжҖҒеӨ„зҗҶеӨұиҙҘ*#*#*#*#*#*#*#*#*#
2026-07-12 17:12:38,453|line:519| https://t.bilibili.com/1220701324166823940
2026-07-12 17:12:42,677|line:346| Expecting value: line 1 column 1 (char 0)
2026-07-12 17:12:42,677|line:347| error line:319
2026-07-12 17:12:42,678|line:533| *#*#*#*#*#*#*#*#*#*еҺҹеҠЁжҖҒеӨ„зҗҶеӨұиҙҘ*#*#*#*#*#*#*#*#*#
2026-07-12 17:12:42,678|line:519| https://t.bilibili.com/1220741473486503957
2026-07-12 17:12:45,023|line:346| Expecting value: line 1 column 1 (char 0)
2026-07-12 17:12:45,023|line:347| error line:319
2026-07-12 17:12:45,024|line:533| *#*#*#*#*#*#*#*#*#*еҺҹеҠЁжҖҒеӨ„зҗҶеӨұиҙҘ*#*#*#*#*#*#*#*#*#
2026-07-12 17:12:45,024|line:519| https://t.bilibili.com/1219880923122630665
2026-07-12 17:12:48,314|line:346| Expecting value: line 1 column 1 (char 0)
2026-07-12 17:12:48,314|line:347| error line:319
2026-07-12 17:12:48,315|line:533| *#*#*#*#*#*#*#*#*#*еҺҹеҠЁжҖҒеӨ„зҗҶеӨұиҙҘ*#*#*#*#*#*#*#*#*#
2026-07-12 17:12:48,315|line:519| https://t.bilibili.com/1210785361360322582
2026-07-12 17:12:50,536|line:346| Expecting value: line 1 column 1 (char 0)
2026-07-12 17:12:50,537|line:347| error line:319
2026-07-12 17:12:50,538|line:533| *#*#*#*#*#*#*#*#*#*еҺҹеҠЁжҖҒеӨ„зҗҶеӨұиҙҘ*#*#*#*#*#*#*#*#*#
2026-07-12 17:12:50,538|line:519| https://t.bilibili.com/1222549285386584067
2026-07-12 17:12:52,756|line:346| Expecting value: line 1 column 1 (char 0)
2026-07-12 17:12:52,756|line:347| error line:319
2026-07-12 17:12:52,757|line:533| *#*#*#*#*#*#*#*#*#*еҺҹеҠЁжҖҒеӨ„зҗҶеӨұиҙҘ*#*#*#*#*#*#*#*#*#
2026-07-12 17:12:52,758|line:519| https://t.bilibili.com/1214796233712861233
2026-07-12 17:12:55,975|line:346| Expecting value: line 1 column 1 (char 0)
2026-07-12 17:12:55,975|line:347| error line:319
2026-07-12 17:12:55,976|line:533| *#*#*#*#*#*#*#*#*#*еҺҹеҠЁжҖҒеӨ„зҗҶеӨұиҙҘ*#*#*#*#*#*#*#*#*#
2026-07-12 17:12:55,976|line:519| https://t.bilibili.com/1223383771726741512
2026-07-12 17:12:59,197|line:346| Expecting value: line 1 column 1 (char 0)
2026-07-12 17:12:59,197|line:347| error line:319
2026-07-12 17:12:59,198|line:533| *#*#*#*#*#*#*#*#*#*еҺҹеҠЁжҖҒеӨ„зҗҶеӨұиҙҘ*#*#*#*#*#*#*#*#*#
2026-07-12 17:12:59,198|line:519| https://t.bilibili.com/1222636533305049088
2026-07-12 17:13:03,537|line:346| Expecting value: line 1 column 1 (char 0)
2026-07-12 17:13:03,537|line:347| error line:319
2026-07-12 17:13:03,539|line:533| *#*#*#*#*#*#*#*#*#*еҺҹеҠЁжҖҒеӨ„зҗҶеӨұиҙҘ*#*#*#*#*#*#*#*#*#
2026-07-12 17:13:03,539|line:519| https://t.bilibili.com/1222332617125265415
2026-07-12 17:13:05,757|line:346| Expecting value: line 1 column 1 (char 0)
2026-07-12 17:13:05,757|line:347| error line:319
2026-07-12 17:13:05,758|line:533| *#*#*#*#*#*#*#*#*#*еҺҹеҠЁжҖҒеӨ„зҗҶеӨұиҙҘ*#*#*#*#*#*#*#*#*#
2026-07-12 17:13:05,759|line:519| https://t.bilibili.com/1221447102279712805
2026-07-12 17:13:07,104|line:346| Expecting value: line 1 column 1 (char 0)
2026-07-12 17:13:07,105|line:347| error line:319
2026-07-12 17:13:07,106|line:533| *#*#*#*#*#*#*#*#*#*еҺҹеҠЁжҖҒеӨ„зҗҶеӨұиҙҘ*#*#*#*#*#*#*#*#*#
2026-07-12 17:13:07,106|line:519| https://t.bilibili.com/1218060129713258496
2026-07-12 17:13:11,322|line:346| Expecting value: line 1 column 1 (char 0)
2026-07-12 17:13:11,322|line:347| error line:319
2026-07-12 17:13:11,323|line:533| *#*#*#*#*#*#*#*#*#*еҺҹеҠЁжҖҒеӨ„зҗҶеӨұиҙҘ*#*#*#*#*#*#*#*#*#
2026-07-12 17:13:11,323|line:519| https://t.bilibili.com/1217816553503850499
2026-07-12 17:13:12,541|line:346| Expecting value: line 1 column 1 (char 0)
2026-07-12 17:13:12,541|line:347| error line:319
2026-07-12 17:13:12,542|line:533| *#*#*#*#*#*#*#*#*#*еҺҹеҠЁжҖҒеӨ„зҗҶеӨұиҙҘ*#*#*#*#*#*#*#*#*#
2026-07-12 17:13:12,543|line:519| https://t.bilibili.com/1198149013518417976
2026-07-12 17:13:14,881|line:346| Expecting value: line 1 column 1 (char 0)
2026-07-12 17:13:14,881|line:347| error line:319
2026-07-12 17:13:14,882|line:533| *#*#*#*#*#*#*#*#*#*еҺҹеҠЁжҖҒеӨ„зҗҶеӨұиҙҘ*#*#*#*#*#*#*#*#*#
2026-07-12 17:13:14,882|line:519| https://t.bilibili.com/1218590201709854728
2026-07-12 17:13:18,101|line:346| Expecting value: line 1 column 1 (char 0)
2026-07-12 17:13:18,102|line:347| error line:319
2026-07-12 17:13:18,103|line:533| *#*#*#*#*#*#*#*#*#*еҺҹеҠЁжҖҒеӨ„зҗҶеӨұиҙҘ*#*#*#*#*#*#*#*#*#
2026-07-12 17:13:18,103|line:519| https://t.bilibili.com/1218922297157484551
2026-07-12 17:13:20,321|line:346| Expecting value: line 1 column 1 (char 0)
2026-07-12 17:13:20,321|line:347| error line:319
2026-07-12 17:13:20,322|line:533| *#*#*#*#*#*#*#*#*#*еҺҹеҠЁжҖҒеӨ„зҗҶеӨұиҙҘ*#*#*#*#*#*#*#*#*#
2026-07-12 17:13:20,322|line:519| https://t.bilibili.com/1216714503587102726
2026-07-12 17:13:21,540|line:346| Expecting value: line 1 column 1 (char 0)
2026-07-12 17:13:21,541|line:347| error line:319
2026-07-12 17:13:21,541|line:533| *#*#*#*#*#*#*#*#*#*еҺҹеҠЁжҖҒеӨ„зҗҶеӨұиҙҘ*#*#*#*#*#*#*#*#*#
2026-07-12 17:13:21,542|line:519| https://t.bilibili.com/1220750484352008217
2026-07-12 17:13:24,763|line:346| Expecting value: line 1 column 1 (char 0)
2026-07-12 17:13:24,763|line:347| error line:319
2026-07-12 17:13:24,764|line:533| *#*#*#*#*#*#*#*#*#*еҺҹеҠЁжҖҒеӨ„зҗҶеӨұиҙҘ*#*#*#*#*#*#*#*#*#
2026-07-12 17:13:24,764|line:519| https://t.bilibili.com/1222512125315907585
2026-07-12 17:13:25,981|line:346| Expecting value: line 1 column 1 (char 0)
2026-07-12 17:13:25,981|line:347| error line:319
2026-07-12 17:13:25,982|line:533| *#*#*#*#*#*#*#*#*#*еҺҹеҠЁжҖҒеӨ„зҗҶеӨұиҙҘ*#*#*#*#*#*#*#*#*#
2026-07-12 17:13:25,982|line:519| https://t.bilibili.com/1223679901155983392
2026-07-12 17:13:27,320|line:346| Expecting value: line 1 column 1 (char 0)
2026-07-12 17:13:27,320|line:347| error line:319
2026-07-12 17:13:27,321|line:533| *#*#*#*#*#*#*#*#*#*еҺҹеҠЁжҖҒеӨ„зҗҶеӨұиҙҘ*#*#*#*#*#*#*#*#*#
2026-07-12 17:13:27,321|line:519| https://t.bilibili.com/1214730507828330501
2026-07-12 17:13:28,665|line:346| Expecting value: line 1 column 1 (char 0)
2026-07-12 17:13:28,665|line:347| error line:319
2026-07-12 17:13:28,666|line:533| *#*#*#*#*#*#*#*#*#*еҺҹеҠЁжҖҒеӨ„зҗҶеӨұиҙҘ*#*#*#*#*#*#*#*#*#
2026-07-12 17:13:28,666|line:519| https://t.bilibili.com/1214099727485763592
2026-07-12 17:13:31,883|line:346| Expecting value: line 1 column 1 (char 0)
2026-07-12 17:13:31,883|line:347| error line:319
2026-07-12 17:13:31,884|line:533| *#*#*#*#*#*#*#*#*#*еҺҹеҠЁжҖҒеӨ„зҗҶеӨұиҙҘ*#*#*#*#*#*#*#*#*#
2026-07-12 17:13:31,885|line:552| жү§иЎҢз»“жқҹ
2026-07-12 17:13:31,885|line:556| жү§иЎҢеӨұиҙҘпјҢй”ҷиҜҜж•°йҮҸдёә40
2026-07-12 17:13:31,885|line:558| ==================================================2026-07-13 01:13==================================================
2026-07-12 17:13:31,885|line:232| processing article 51379897
2026-07-12 17:13:34,017|line:507| ==================================================2026-07-13 01:13==================================================
2026-07-12 17:13:34,017|line:519| https://t.bilibili.com/1222911282400723080
2026-07-12 17:13:38,370|line:346| Expecting value: line 1 column 1 (char 0)
2026-07-12 17:13:38,370|line:347| error line:319
2026-07-12 17:13:38,372|line:533| *#*#*#*#*#*#*#*#*#*еҺҹеҠЁжҖҒеӨ„зҗҶеӨұиҙҘ*#*#*#*#*#*#*#*#*#
2026-07-12 17:13:38,372|line:519| https://t.bilibili.com/1223031915128291332
2026-07-12 17:13:39,591|line:346| Expecting value: line 1 column 1 (char 0)
2026-07-12 17:13:39,591|line:347| error line:319
2026-07-12 17:13:39,593|line:533| *#*#*#*#*#*#*#*#*#*еҺҹеҠЁжҖҒеӨ„зҗҶеӨұиҙҘ*#*#*#*#*#*#*#*#*#
2026-07-12 17:13:39,593|line:519| https://t.bilibili.com/1222896889952731144
2026-07-12 17:13:43,812|line:346| Expecting value: line 1 column 1 (char 0)
2026-07-12 17:13:43,812|line:347| error line:319
2026-07-12 17:13:43,813|line:533| *#*#*#*#*#*#*#*#*#*еҺҹеҠЁжҖҒеӨ„зҗҶеӨұиҙҘ*#*#*#*#*#*#*#*#*#
2026-07-12 17:13:43,813|line:519| https://t.bilibili.com/1222909697522139140
2026-07-12 17:13:45,037|line:346| Expecting value: line 1 column 1 (char 0)
2026-07-12 17:13:45,038|line:347| error line:319
2026-07-12 17:13:45,039|line:533| *#*#*#*#*#*#*#*#*#*еҺҹеҠЁжҖҒеӨ„зҗҶеӨұиҙҘ*#*#*#*#*#*#*#*#*#
2026-07-12 17:13:45,039|line:519| https://t.bilibili.com/1220313943871848489
2026-07-12 17:13:47,255|line:346| Expecting value: line 1 column 1 (char 0)
2026-07-12 17:13:47,255|line:347| error line:319
2026-07-12 17:13:47,256|line:533| *#*#*#*#*#*#*#*#*#*еҺҹеҠЁжҖҒеӨ„зҗҶеӨұиҙҘ*#*#*#*#*#*#*#*#*#
2026-07-12 17:13:47,256|line:519| https://t.bilibili.com/1217447658755457044
2026-07-12 17:13:51,671|line:346| Expecting value: line 1 column 1 (char 0)
2026-07-12 17:13:51,671|line:347| error line:319
2026-07-12 17:13:51,672|line:533| *#*#*#*#*#*#*#*#*#*еҺҹеҠЁжҖҒеӨ„зҗҶеӨұиҙҘ*#*#*#*#*#*#*#*#*#
2026-07-12 17:13:51,672|line:519| https://t.bilibili.com/1218462048443170818
2026-07-12 17:13:52,889|line:346| Expecting value: line 1 column 1 (char 0)
2026-07-12 17:13:52,890|line:347| error line:319
2026-07-12 17:13:52,890|line:533| *#*#*#*#*#*#*#*#*#*еҺҹеҠЁжҖҒеӨ„зҗҶеӨұиҙҘ*#*#*#*#*#*#*#*#*#
2026-07-12 17:13:52,891|line:519| https://t.bilibili.com/1220315494362382339
2026-07-12 17:13:54,110|line:346| Expecting value: line 1 column 1 (char 0)
2026-07-12 17:13:54,110|line:347| error line:319
2026-07-12 17:13:54,111|line:533| *#*#*#*#*#*#*#*#*#*еҺҹеҠЁжҖҒеӨ„зҗҶеӨұиҙҘ*#*#*#*#*#*#*#*#*#
2026-07-12 17:13:54,111|line:519| https://t.bilibili.com/1223282337497743385
2026-07-12 17:13:57,454|line:346| Expecting value: line 1 column 1 (char 0)
2026-07-12 17:13:57,454|line:347| error line:319
2026-07-12 17:13:57,455|line:533| *#*#*#*#*#*#*#*#*#*еҺҹеҠЁжҖҒеӨ„зҗҶеӨұиҙҘ*#*#*#*#*#*#*#*#*#
2026-07-12 17:13:57,456|line:519| https://t.bilibili.com/1223404357538545687
2026-07-12 17:13:58,792|line:346| Expecting value: line 1 column 1 (char 0)
2026-07-12 17:13:58,792|line:347| error line:319
2026-07-12 17:13:58,793|line:533| *#*#*#*#*#*#*#*#*#*еҺҹеҠЁжҖҒеӨ„зҗҶеӨұиҙҘ*#*#*#*#*#*#*#*#*#
2026-07-12 17:13:58,794|line:519| https://t.bilibili.com/1223081088191037464
2026-07-12 17:14:01,012|line:346| Expecting value: line 1 column 1 (char 0)
2026-07-12 17:14:01,012|line:347| error line:319
2026-07-12 17:14:01,013|line:533| *#*#*#*#*#*#*#*#*#*еҺҹеҠЁжҖҒеӨ„зҗҶеӨұиҙҘ*#*#*#*#*#*#*#*#*#
2026-07-12 17:14:01,014|line:519| https://t.bilibili.com/1223430887495958548
2026-07-12 17:14:03,359|line:346| Expecting value: line 1 column 1 (char 0)
2026-07-12 17:14:03,360|line:347| error line:319
2026-07-12 17:14:03,360|line:533| *#*#*#*#*#*#*#*#*#*еҺҹеҠЁжҖҒеӨ„зҗҶеӨұиҙҘ*#*#*#*#*#*#*#*#*#
2026-07-12 17:14:03,361|line:519| https://t.bilibili.com/1219880923122630665
2026-07-12 17:14:07,763|line:346| Expecting value: line 1 column 1 (char 0)
2026-07-12 17:14:07,763|line:347| error line:319
2026-07-12 17:14:07,764|line:533| *#*#*#*#*#*#*#*#*#*еҺҹеҠЁжҖҒеӨ„зҗҶеӨұиҙҘ*#*#*#*#*#*#*#*#*#
2026-07-12 17:14:07,765|line:519| https://t.bilibili.com/1222237999021948946
2026-07-12 17:14:08,994|line:346| Expecting value: line 1 column 1 (char 0)
2026-07-12 17:14:08,994|line:347| error line:319
2026-07-12 17:14:08,995|line:533| *#*#*#*#*#*#*#*#*#*еҺҹеҠЁжҖҒеӨ„зҗҶеӨұиҙҘ*#*#*#*#*#*#*#*#*#
2026-07-12 17:14:08,996|line:519| https://t.bilibili.com/1220314910192304168
2026-07-12 17:14:10,241|line:346| Expecting value: line 1 column 1 (char 0)
2026-07-12 17:14:10,242|line:347| error line:319
2026-07-12 17:14:10,242|line:533| *#*#*#*#*#*#*#*#*#*еҺҹеҠЁжҖҒеӨ„зҗҶеӨұиҙҘ*#*#*#*#*#*#*#*#*#
2026-07-12 17:14:10,243|line:519| https://t.bilibili.com/1223380352934871061
2026-07-12 17:14:11,471|line:346| Expecting value: line 1 column 1 (char 0)
2026-07-12 17:14:11,472|line:347| error line:319
2026-07-12 17:14:11,473|line:533| *#*#*#*#*#*#*#*#*#*еҺҹеҠЁжҖҒеӨ„зҗҶеӨұиҙҘ*#*#*#*#*#*#*#*#*#
2026-07-12 17:14:11,473|line:519| https://t.bilibili.com/1219200409158025337
2026-07-12 17:14:13,819|line:346| Expecting value: line 1 column 1 (char 0)
2026-07-12 17:14:13,820|line:347| error line:319
2026-07-12 17:14:13,820|line:533| *#*#*#*#*#*#*#*#*#*еҺҹеҠЁжҖҒеӨ„зҗҶеӨұиҙҘ*#*#*#*#*#*#*#*#*#
2026-07-12 17:14:13,821|line:519| https://t.bilibili.com/1223383771726741512
2026-07-12 17:14:18,238|line:346| Expecting value: line 1 column 1 (char 0)
2026-07-12 17:14:18,239|line:347| error line:319
2026-07-12 17:14:18,239|line:533| *#*#*#*#*#*#*#*#*#*еҺҹеҠЁжҖҒеӨ„зҗҶеӨұиҙҘ*#*#*#*#*#*#*#*#*#
2026-07-12 17:14:18,240|line:519| https://t.bilibili.com/1223313218322038835
2026-07-12 17:14:22,590|line:346| Expecting value: line 1 column 1 (char 0)
2026-07-12 17:14:22,590|line:347| error line:319
2026-07-12 17:14:22,591|line:533| *#*#*#*#*#*#*#*#*#*еҺҹеҠЁжҖҒеӨ„зҗҶеӨұиҙҘ*#*#*#*#*#*#*#*#*#
2026-07-12 17:14:22,592|line:519| https://t.bilibili.com/1223390536315961381
2026-07-12 17:14:23,929|line:346| Expecting value: line 1 column 1 (char 0)
2026-07-12 17:14:23,930|line:347| error line:319
2026-07-12 17:14:23,931|line:533| *#*#*#*#*#*#*#*#*#*еҺҹеҠЁжҖҒеӨ„зҗҶеӨұиҙҘ*#*#*#*#*#*#*#*#*#
2026-07-12 17:14:23,931|line:519| https://t.bilibili.com/1220421988025106457
2026-07-12 17:14:27,155|line:346| Expecting value: line 1 column 1 (char 0)
2026-07-12 17:14:27,155|line:347| error line:319
2026-07-12 17:14:27,156|line:533| *#*#*#*#*#*#*#*#*#*еҺҹеҠЁжҖҒеӨ„зҗҶеӨұиҙҘ*#*#*#*#*#*#*#*#*#
2026-07-12 17:14:27,156|line:519| https://t.bilibili.com/1223348565870379010
2026-07-12 17:14:31,501|line:346| Expecting value: line 1 column 1 (char 0)
2026-07-12 17:14:31,501|line:347| error line:319
2026-07-12 17:14:31,502|line:533| *#*#*#*#*#*#*#*#*#*еҺҹеҠЁжҖҒеӨ„зҗҶеӨұиҙҘ*#*#*#*#*#*#*#*#*#
2026-07-12 17:14:31,502|line:519| https://t.bilibili.com/1222977575230373896
2026-07-12 17:14:32,719|line:346| Expecting value: line 1 column 1 (char 0)
2026-07-12 17:14:32,719|line:347| error line:319
2026-07-12 17:14:32,720|line:533| *#*#*#*#*#*#*#*#*#*еҺҹеҠЁжҖҒеӨ„зҗҶеӨұиҙҘ*#*#*#*#*#*#*#*#*#
2026-07-12 17:14:32,721|line:519| https://t.bilibili.com/1220300006706118674
2026-07-12 17:14:36,943|line:346| Expecting value: line 1 column 1 (char 0)
2026-07-12 17:14:36,943|line:347| error line:319
2026-07-12 17:14:36,944|line:533| *#*#*#*#*#*#*#*#*#*еҺҹеҠЁжҖҒеӨ„зҗҶеӨұиҙҘ*#*#*#*#*#*#*#*#*#
2026-07-12 17:14:36,944|line:519| https://t.bilibili.com/1223631393785905154
2026-07-12 17:14:40,292|line:346| Expecting value: line 1 column 1 (char 0)
2026-07-12 17:14:40,292|line:347| error line:319
2026-07-12 17:14:40,293|line:533| *#*#*#*#*#*#*#*#*#*еҺҹеҠЁжҖҒеӨ„зҗҶеӨұиҙҘ*#*#*#*#*#*#*#*#*#
2026-07-12 17:14:40,293|line:519| https://t.bilibili.com/1222540901576867864
2026-07-12 17:14:43,639|line:346| Expecting value: line 1 column 1 (char 0)
2026-07-12 17:14:43,640|line:347| error line:319
2026-07-12 17:14:43,641|line:533| *#*#*#*#*#*#*#*#*#*еҺҹеҠЁжҖҒеӨ„зҗҶеӨұиҙҘ*#*#*#*#*#*#*#*#*#
2026-07-12 17:14:43,641|line:519| https://t.bilibili.com/1216714503587102726
2026-07-12 17:14:47,979|line:346| Expecting value: line 1 column 1 (char 0)
2026-07-12 17:14:47,979|line:347| error line:319
2026-07-12 17:14:47,980|line:533| *#*#*#*#*#*#*#*#*#*еҺҹеҠЁжҖҒеӨ„зҗҶеӨұиҙҘ*#*#*#*#*#*#*#*#*#
2026-07-12 17:14:47,980|line:519| https://t.bilibili.com/1223387482576388149
2026-07-12 17:14:51,211|line:346| Expecting value: line 1 column 1 (char 0)
2026-07-12 17:14:51,211|line:347| error line:319
2026-07-12 17:14:51,212|line:533| *#*#*#*#*#*#*#*#*#*еҺҹеҠЁжҖҒеӨ„зҗҶеӨұиҙҘ*#*#*#*#*#*#*#*#*#
2026-07-12 17:14:51,213|line:519| https://t.bilibili.com/1222605115635007492
2026-07-12 17:14:52,498|line:346| Expecting value: line 1 column 1 (char 0)
2026-07-12 17:14:52,498|line:347| error line:319
2026-07-12 17:14:52,499|line:533| *#*#*#*#*#*#*#*#*#*еҺҹеҠЁжҖҒеӨ„зҗҶеӨұиҙҘ*#*#*#*#*#*#*#*#*#
2026-07-12 17:14:52,499|line:519| https://t.bilibili.com/1222512125315907585
2026-07-12 17:14:56,719|line:346| Expecting value: line 1 column 1 (char 0)
2026-07-12 17:14:56,719|line:347| error line:319
2026-07-12 17:14:56,720|line:533| *#*#*#*#*#*#*#*#*#*еҺҹеҠЁжҖҒеӨ„зҗҶеӨұиҙҘ*#*#*#*#*#*#*#*#*#
2026-07-12 17:14:56,720|line:519| https://t.bilibili.com/1220407471087026197
2026-07-12 17:14:58,064|line:346| Expecting value: line 1 column 1 (char 0)
2026-07-12 17:14:58,064|line:347| error line:319
2026-07-12 17:14:58,065|line:533| *#*#*#*#*#*#*#*#*#*еҺҹеҠЁжҖҒеӨ„зҗҶеӨұиҙҘ*#*#*#*#*#*#*#*#*#
2026-07-12 17:14:58,066|line:519| https://t.bilibili.com/1218172168232239137
2026-07-12 17:14:59,291|line:346| Expecting value: line 1 column 1 (char 0)
2026-07-12 17:14:59,291|line:347| error line:319
2026-07-12 17:14:59,292|line:533| *#*#*#*#*#*#*#*#*#*еҺҹеҠЁжҖҒеӨ„зҗҶеӨұиҙҘ*#*#*#*#*#*#*#*#*#
2026-07-12 17:14:59,292|line:519| https://t.bilibili.com/1223350975377440816
2026-07-12 17:15:01,510|line:346| Expecting value: line 1 column 1 (char 0)
2026-07-12 17:15:01,510|line:347| error line:319
2026-07-12 17:15:01,511|line:533| *#*#*#*#*#*#*#*#*#*еҺҹеҠЁжҖҒеӨ„зҗҶеӨұиҙҘ*#*#*#*#*#*#*#*#*#
2026-07-12 17:15:01,512|line:519| https://t.bilibili.com/1223679901155983392
2026-07-12 17:15:04,851|line:346| Expecting value: line 1 column 1 (char 0)
2026-07-12 17:15:04,852|line:347| error line:319
2026-07-12 17:15:04,852|line:533| *#*#*#*#*#*#*#*#*#*еҺҹеҠЁжҖҒеӨ„зҗҶеӨұиҙҘ*#*#*#*#*#*#*#*#*#
2026-07-12 17:15:04,853|line:519| https://t.bilibili.com/1214730507828330501
2026-07-12 17:15:09,072|line:346| Expecting value: line 1 column 1 (char 0)
2026-07-12 17:15:09,072|line:347| error line:319
2026-07-12 17:15:09,073|line:533| *#*#*#*#*#*#*#*#*#*еҺҹеҠЁжҖҒеӨ„зҗҶеӨұиҙҘ*#*#*#*#*#*#*#*#*#
2026-07-12 17:15:09,073|line:552| жү§иЎҢз»“жқҹ
2026-07-12 17:15:09,073|line:556| жү§иЎҢеӨұиҙҘпјҢй”ҷиҜҜж•°йҮҸдёә35
2026-07-12 17:15:09,073|line:558| ==================================================2026-07-13 01:15==================================================
2026-07-12 17:15:14,353|line:578| ('reply: ', 'жҰ„иҸҠе®ҳж–№', '[з»ҷеҝғеҝғ]')
2026-07-12 17:15:14,354|line:578| ('reply: ', 'еҗ“жӯ»жҲ‘е•ҰиҠҷиҺұ', 'е№¶дёҚжҳҜ')
2026-07-12 17:15:14,354|line:578| ('reply: ', 'иҠұз”ҹеҚҒдёү-е…¬иҖғиЎҢжөӢ', '68')
2026-07-12 17:15:14,354|line:578| ('reply: ', 'дёүй№ҝдёғиҢёзҢ«е°ҫе·ҙ', '[еӨҸиҜәйӣ…иЎЁжғ…еҢ…_пјҹпјҹпјҹ]')
2026-07-12 17:15:14,354|line:578| ('reply: ', 'е°Ҹй—Әй—Әbling', 'hhhи…ҫеӯҗд№°еә“жҙӣи®©жҲ‘ж„ҹи§үд»–иҮӘе·ұжңүзӮ№дёҚеӨӘжғіеҮәеӨ§дё–з•ҢдәҶ')
2026-07-12 17:15:14,354|line:578| ('reply: ', 'дёҚдҝ®иҪҰзҡ„дёёеұұеҪ©', 'дёҚжҳҜпјҢиҝҷвҖҰвҖҰ')
2026-07-12 17:15:14,354|line:578| ('reply: ', 'еҘҪеғҸйғҪжҳҜдёҖдёӘдәә', 'дҪ еңЁиҜҙд»Җд№Ҳ')
2026-07-12 17:15:14,354|line:578| ('reply: ', 'зӣ®ж Үе’ЁиҜў', 'еӨӘе® зІүдәҶе•Ҡ')
2026-07-12 17:15:14,354|line:578| ('reply: ', 'ж•°зҺ©е·Ҙеңә', 'зҘқдҪ жҲҗеҠҹ')
2026-07-12 17:15:14,355|line:578| ('reply: ', 'зӣҠе®¶жңүе°ҸдҪ°', 'жҒӯе–ңе®қеӯҗпјҢиҺ·еҫ—е°Ҹз”өи§ҶжңҲеәҰдјҡе‘ҳ1д»Ҫе’Ңе…ӢеҲ»еҶ°еҶ°зҢҙе–үзі–йҡҸжңәеҸЈе‘і1д»ҪпҪһи®°еҫ—з§ҒдҝЎе°ҸдҪ°жҸҗдҫӣдҝЎжҒҜе“Ұ~')
2026-07-12 17:15:14,355|line:578| ('reply: ', 'еңҶзҺҜд№ӢзҗҶ-Madoka', 'жҳҜзҡ„')
2026-07-12 17:15:14,355|line:578| ('reply: ', 'е…°зҡ„дёүе§Ё', 'иҝҷе°ұжҳҜй“¶жІіе·Ёжҳҹзҡ„е®һеҠӣпјҒ')
2026-07-12 17:15:14,355|line:578| ('reply: ', 'иҠұеӣӯзҷҫеҗҲй“ғйҹі', 'жңүз”·дёҚзҺ©пјҢжҲ‘еҸӘеҗғйә»иҫЈзҒ«й”…пјҢxxnж»ҡ[еҗғз“ң]')
2026-07-12 17:15:14,355|line:578| ('reply: ', 'жҳҜз»қиөһзҡ„йҳҝй¬ј', '[tv_йҡҫиҝҮ]')
2026-07-12 17:15:14,355|line:578| ('reply: ', 'жЎғзЁҡдёҚе№јзЁҡ', 'иҝҳиЎҢ')
2026-07-12 17:15:14,355|line:578| ('reply: ', 'йҷҢзҪ”еӯҗеҗ–', 'дҪ¬пјҢиҝҷдёӘжҠҘеҗҚжңүе•ҘжқЎд»¶дёҚгҖӮжңҖиҝ‘еӨӘйқһдәҶпјҢжғідёӢж¬ЎжҠҘжқҘжҠҪ[и„ұеҚ•doge][и„ұеҚ•doge][и„ұеҚ•doge]')
2026-07-12 17:15:14,355|line:578| ('reply: ', 'еӨӘдәҢй…ёиҸңйұј', 'жҒӯе–ңжҲҗдёәжң¬жңҹж¬§зҡҮ[жү“call]иҺ·еҫ—гҖҗиӮҘйҫҷиҒ”еҗҚжҳҫзңјеҢ…гҖ‘1д»ҪпјҢеңЁж”¶еҲ°жң¬дҝЎжҒҜзҡ„дёӨеӨ©еҶ…еӣһеӨҚе“Ҙзҡ„з§ҒдҝЎе“Ұ~йҖҫжңҹе“Ҙе°ұиҮӘе·ұж”¶е•ҰпјҒ[и„ұеҚ•doge]')
2026-07-12 17:15:14,355|line:578| ('reply: ', 'еҫ—дёҖжғідәҢзҡ„жқҫйј ', 'дёӯеҘ–еҲҶжҲ‘дёҖеҚҠ')
2026-07-12 17:15:14,355|line:578| ('reply: ', 'дҪ‘еҮүUriyoo', 'и°ўи°ўпјҒпјҒпјҒ[UP_24967030_ж„ҹжҒ©]')
2026-07-12 17:15:14,355|line:578| ('reply: ', 'еІӣиҺ“зҘҒ', 'еҘҪиҖ¶')
2026-07-12 17:15:17,727|line:587| ('at: ', 'з”өи„‘жҠҘ', 'жҒӯе–ң@е°Ҹе°ҸShaun UIDпјҡ1090970340пјҢ@-еҸ¶жҷ“еҗ–  UIDпјҡ22437099  иҺ·еҫ— гҖҗз”өз«һеӨ§зӨјеҢ…гҖ‘1д»ҪпјҢ иҜ·еңЁдёүж—ҘеҶ…з§ҒдҝЎжҲ‘')
2026-07-12 17:15:17,727|line:587| ('at: ', 'иҒ”жғіжӢҜж•‘иҖ…е®ҳж–№', 'жҳҜжҲ‘е–ңж¬ўзҡ„еҘ–е“ҒеҗҚеҚ• зӣҙжҺҘејҖеҘ– дёҠ и¶ҒзҺ°еңЁжІЎдәәеҒ·ж‘ёејҖдёӘеҘ– жҒӯе–ңиҝҷдәӣе°Ҹдјҷдјҙ гҖҗжӢҜж•‘иҖ…7.1еЈ°еҚЎH7жёёжҲҸиҖіжңәгҖ‘иҺ·еҘ–еҗҚеҚ• @жіӘж°ҙжү“ж№ҝзҢӘи„ҡйҘӯo @xoomoon @е°Ҹе°ҸShaun @Tеұұжө·иҝһдә‘T @и¶…и¶…и¶…и¶…и–„и„ҶйҘје№І @BerboomC гҖҗжӢҜж•‘иҖ…C140ж°®еҢ–й•“йҖӮй…ҚеҷЁгҖ‘иҺ·еҘ–еҗҚеҚ• @ж”№дёӘеӨ©еҮүеҘҪдёӘз§Ӣ @еӨңзҢ«еӯҗзүҷдёҚеҘҪ @LLLеҘҪд№…дёҚи§Ғ @жһ—ж®ҮеҖҫж…•е©ү @д»ҠеӨ©д№ҹиҰҒжӢҘжҠұеҫ®йЈҺ @жҙідёҚеҸҠжҲ‘дёҮдёҖ @иғңеҲ©гҒ®еӨ©е№і гҖҗзҷҪйҮ‘зӢ¬и§’е…Ҫз”өз«һйј ж ҮгҖ‘иҺ·еҘ–еҗҚеҚ• @еә•зүҮдёҠзҡ„иҜ—ж—…дәә гҖҗжӢҜж•‘иҖ…C170ж°®еҢ–й•“йҖӮй…ҚеҷЁгҖ‘иҺ·еҘ–еҗҚеҚ• @йәҰз•¶еҠіж— йҷҗеҘҪ @з„ЎеҗҚдё¶гҒ®иҫҲ @д»»жҖ§зҡ„жҸҗиҺ« @е№ҝдёңжңүжҡ–йЈҺ з”ұдәҺBз«ҷз§ҒдҝЎи§„еҲҷдҝ®ж”№ жҲ‘дјҡз§ҒдҝЎдёӯеҘ–зҡ„е°ҸдјҷдјҙдёҖжқЎж¶ҲжҒҜпјҢиҝҳиҜ·жіЁж„ҸжҹҘж”¶е№¶еӣһеӨҚжҲ‘жӮЁзҡ„ж”¶иҙ§ең°еқҖдёҺиҒ”зі»ж–№ејҸпјҢеҘ–е“Ғеҹәжң¬дјҡеңЁз§ҒдҝЎжӮЁдҝЎжҒҜеҗҺзҡ„дёүеҚҒдёӘе·ҘдҪңж—ҘеҶ…еҸ‘иҙ§')
2026-07-12 17:15:17,728|line:587| ('at: ', 'Apexgamingиүҫж№ғз”өз«һ', 'жҒӯе–ң @е°Ҹе°ҸShaun иҺ·еҫ—йҘ®ж–ҷдёҖд»ҪпјҢдёүеӨ©еҶ…иҒ”зі»жҲ‘пјҢиҝҮж—¶дёҚеҖҷпјҒ')
2026-07-12 17:15:17,728|line:587| ('at: ', 'жўҰ_ж°ҙжҷ¶иҠұ', '1 @жөӘеӯҗжёё2fans6@иў«_____жү“дёӢжқҘзҡ„йЈһжңә@жӢүж–Ҝзү№иҮЈеҗҺйқўдёҖдёӘзӮ№@дё“еҝғиҮҙеҝ—зҡ„еӯҰз”ҹ@зҢ«зҢ«еӨҙOmMeow@е°Ҹе°ҸShaun@йҫҗй–Җе·ҰйҒ“@е•Ұе•Ұз—ҙз—ҙи…»@bili_66938050009@ж—ҘжңҲжҳҹиҫ°668')
2026-07-12 17:15:17,728|line:587| ('at: ', 'iKFи“қзүҷиҖіжңә', 'жҒӯе–ң@е°Ҹе°ҸShaun е®қеӯҗжҲҗдёәиӢҸжіҠе°”зҰҸеҲ©еҠЁжҖҒе№ёиҝҗе„ҝпјҒ\nжіЁж„ҸпјҡеҚіж—Ҙиө·72е°Ҹж—¶еҶ…еӣһеӨҚдҝЎжҒҜзЎ®и®ӨйўҶеҘ–е“ҰпјҒйҖҫжңҹе°ҶиҮӘеҠЁи§Ҷдёәж”ҫејғдёӯеҘ–иө„ж јгҖӮ\nжІЎжңүдёӯеҘ–зҡ„е®қеӯҗд»¬дёҚиҰҒж°”йҰҒпјҢеҸӮдёҺдёҖдёӢдёӢзҪ®йЎ¶и§Ҷйў‘iKF MarsпјҢеўһеҠ ж¬§ж°”еҖјпјҢиҜҙдёҚе®ҡдёӢдёӘе№ёиҝҗе„ҝе°ұжҳҜдҪ пјҒ\nй“ҫжҺҘпјҡ\nhttps://www.bilibili.com/video/BV1Soo6YLEHZ/?spm_id_from=333.1387.list.card_archive.click&vd_source=21fb0967ccc75e6b3b2447ade2c740dd\nиҝҳжІЎеҸӮдёҺжҠҪеҘ–зҡ„е®қеӯҗд»¬пјҢиө¶зҙ§зӮ№еҮ»дёҠж–№й“ҫжҺҘеҸӮдёҺеҗ§пјҒиҝҳжңүзү№еҲ«зҰҸеҲ©жғҠе–ңзӯүдҪ е“Ұ~')
2026-07-12 17:15:17,728|line:587| ('at: ', 'wellymerckеЁҒеҲ©й»ҳе…Ӣ', 'жҒӯе–ң@е°Ҹе°ҸShaun\xa0 иҺ·еҫ—гҖҠжҲ‘жҳҜдҪ зҡ„е°ҸзӢ—3 ж°ёиҝңзӯүдҪ еӣһе®¶гҖӢ1жң¬пјҢиҜ·дәҺ5еӨ©еҶ…иҒ”зі»еЁҒе®қпјҢеҮӯе…іжіЁ+дә’еҠЁжҲӘеӣҫйўҶеҸ–еҘ–е“ҒпјҢйҖҫжңҹдҪңеәҹ~')
2026-07-12 17:15:17,728|line:587| ('at: ', 'е®ҒзҫҺNINGMEI', 'жҒӯе–ң@е°Ҹе°ҸShaun   дёӯеҘ–пјҢиҜ·еңЁ12жңҲ1ж—Ҙ24зӮ№еүҚз§ҒдҝЎжҲ‘пјҡ1. еҘ–е“Ғ+дёӯеҘ–дҝЎжҒҜa. е®һзү©еҘ–пјҡе§“еҗҚз”өиҜқең°еқҖпјҢз»ҷж–Үеӯ—пјҒзңҒеёӮеҢәи·Ҝжё…жҷ°пјҢжҸҗдәӨдёҚжё…жҷ°дёҚеҸ‘еҘ–пјҢдҝЎжҒҜй”ҷиҜҜиҮҙж— жі•зӯҫж”¶пјҢжҰӮдёҚиҙҹиҙЈпјӣ\n\nb. зҺ°йҮ‘зәўеҢ…з»ҷеҲ°ж”Ҝд»ҳе®қе®һеҗҚ+иҙҰеҸ·пјӣ\n\nc. дә¬дёңеҚЎ/зҢ«и¶…еҚЎ зӯүиҙӯзү©еҚЎз»ҷеҲ°е§“еҗҚ+з”өиҜқпјӣ2. е®ҒзҫҺе’Ңе“ҒзүҢж–№е…іжіЁжҲӘеӣҫ+иҪ¬еҸ‘жҲӘеӣҫпјҒ\n\nеҝ…йЎ»е…іжіЁе“ҒзүҢж–№пјҢеҗҰеҲҷеҘ–е“ҒдёҚдәҲеҸ‘ж”ҫпјӣеҰӮйҒҮж— жі•з§ҒдҝЎеӣҫзүҮзҡ„жғ…еҶөпјҢзӯүеҫ…жҲ‘еӣһеӨҚеҗҺеҚіеҸҜеҸ‘йҖҒеӣҫзүҮгҖӮPSпјҡ \n\nеӣ еҗҺеҸ°ж”¶дҝЎжңүж—¶дјҡеҮәй—®йўҳпјҢд»ҘеӣһеӨҚвҖңе·Ізҷ»и®°вҖқдёәеҮҶпјҢжІЎжңүеӣһеӨҚеҚіиЎЁзӨәз§ҒдҝЎжңӘж”¶еҲ°гҖӮ\n\nиҝҮжңҹи§ҶдёәиҮӘеҠЁж”ҫејғпјҢдёҚдјҡиЎҘеҸ‘пјӣеҘ–е“Ғ30дёӘе·ҘдҪңж—ҘеҶ…еҸ‘йҖҒпјҢеӢҝеӮ¬е“Ұ~\n\nдёҚеҸ‘е…ЁпјҢдёҚеӣһеӨҚгҖӮе…¶д»–е°ҸдјҷдјҙиҜ·з»§з»ӯеҠӘеҠӣпјҒ')
2026-07-12 17:15:17,728|line:587| ('at: ', 'зҲұзҺӣз”өеҠЁиҪҰе®ҳж–№иҙҰеҸ·', '#дёҖвҖңзҺӣвҖқеҪ“е…ҲжҰң# еҝ«жқҘзңӢзңӢ10жңҲйғҪжҳҜи°Ғе’ҢзҲұзҺӣй…ұдә’еҠЁжңҖеӨҡе‘Җ~ рҹ’•жҒӯе–ң@е°Ҹе°ҸShaun е’Ң@з”ҳз‘һеҮҜжӢүиҺҺ жҺ’иЎҢз¬¬дёҖпјҒиҝҷдёӨдҪҚе°ҸзҺӣиҫҫе°ҶдјҡиҺ·еҫ—гҖҗзҲұзҺӣйҡҸжңәе‘Ёиҫ№Г—1гҖ‘пјҢиҜ·5еӨ©еҶ…з§ҒдҝЎзҲұзҺӣй…ұйўҶеҘ–е“ҹ~[йј“жҺҢ] д»ҘеҗҺд№ҹиҜ·з»§з»ӯеҚ•жҺЁжҲ‘ж— ж•ҢеҸҜзҲұзҫҺе°‘еҘізҲұзҺӣй…ұе‘ҖеҳҝеҳҝпјҒ(в—ҸВҙР—пҪҖв—Ҹ)')
2026-07-12 17:15:17,728|line:587| ('at: ', 'зҲұзҺӣз”өеҠЁиҪҰе®ҳж–№иҙҰеҸ·', '')
2026-07-12 17:15:17,728|line:587| ('at: ', 'жө·йңІж»ҙзңјж¶І', 'дә’еҠЁжҰңеҮәзӮүе•Ұ')
2026-07-12 17:15:17,729|line:587| ('at: ', 'е’Ңи”јеҸҜдәІжЎғзҷҪзҷҪ', '\u200b//@д№қеҸ·е…¬еҸё:\u200bжҒӯе–ң@е°Ҹе°ҸShaun дёӯеҘ–пјҒеҗҺз»ӯи®°еҫ—жҹҘж”¶з§ҒдҝЎе“ҹпҪһ\u200b//@д№қеҸ·е…¬еҸё:#дә’еҠЁжҠҪеҘ–# и°ўи°ўзІ’зІ’зҡ„еӨҚе·ҘзӨјпјҒе°Ҹд№қд№ҹжқҘеҠ дёӘз Ғ~е…іжіЁгҖҗ@еҫ®зІ’иҙ·+@д№қеҸ·е…¬еҸё гҖ‘е№¶иҪ¬еҸ‘иҜҘеҠЁжҖҒпјҢжҠҪдёҖдҪҚе°ҸеҸҜзҲұиҺ·еҫ—гҖҗ100е…ғдә¬дёңеҚЎгҖ‘~ #дҫӣз”өеұҖзҰҸеҲ©зӨҫ# 10жңҲ31ж—ҘжҠҪеҮәпјҒ')
2026-07-12 17:15:17,729|line:587| ('at: ', 'жңӣеӨ§е®¶иә«дҪ“еҒҘеә·еҝ«д№җ', '\u200b//@д№қеҸ·е…¬еҸё:\u200bжҒӯе–ң@е°Ҹе°ҸShaun дёӯеҘ–пјҒеҗҺз»ӯи®°еҫ—жҹҘж”¶з§ҒдҝЎе“ҹпҪһ\u200b//@д№қеҸ·е…¬еҸё :#дә’еҠЁжҠҪеҘ–# и°ўи°ўзІ’зІ’зҡ„еӨҚе·ҘзӨјпјҒе°Ҹд№қд№ҹжқҘеҠ дёӘз Ғ~е…іжіЁгҖҗ@еҫ®зІ’иҙ·+@д№қеҸ·е…¬еҸё гҖ‘е№¶иҪ¬еҸ‘иҜҘеҠЁжҖҒпјҢжҠҪдёҖдҪҚе°ҸеҸҜзҲұиҺ·еҫ—гҖҗ100е…ғдә¬дёңеҚЎгҖ‘~ #дҫӣз”өеұҖзҰҸеҲ©зӨҫ# 10жңҲ31ж—ҘжҠҪеҮәпјҒ')
2026-07-12 17:15:17,729|line:587| ('at: ', 'MoMA_Reona', '//@д№қеҸ·е…¬еҸё:\u200bжҒӯе–ң@е°Ҹе°ҸShaun дёӯеҘ–пјҒеҗҺз»ӯи®°еҫ—жҹҘж”¶з§ҒдҝЎе“ҹпҪһ\u200b//@д№қеҸ·е…¬еҸё:#дә’еҠЁжҠҪеҘ–# и°ўи°ўзІ’зІ’зҡ„еӨҚе·ҘзӨјпјҒе°Ҹд№қд№ҹжқҘеҠ дёӘз Ғ~е…іжіЁгҖҗ@еҫ®зІ’иҙ·+@д№қеҸ·е…¬еҸё гҖ‘е№¶иҪ¬еҸ‘иҜҘеҠЁжҖҒпјҢжҠҪдёҖдҪҚе°ҸеҸҜзҲұиҺ·еҫ—гҖҗ100е…ғдә¬дёңеҚЎгҖ‘~ #дҫӣз”өеұҖзҰҸеҲ©зӨҫ# 10жңҲ31ж—ҘжҠҪеҮәпјҒ')
2026-07-12 17:15:17,729|line:587| ('at: ', 'ж‘ёйұјдәҢйҳҹ', '\u200b//@д№қеҸ·е…¬еҸё:\u200bжҒӯе–ң@е°Ҹе°ҸShaun дёӯеҘ–пјҒеҗҺз»ӯи®°еҫ—жҹҘж”¶з§ҒдҝЎе“ҹпҪһ\u200b//@д№қеҸ·е…¬еҸё :#дә’еҠЁжҠҪеҘ–# и°ўи°ўзІ’зІ’зҡ„еӨҚе·ҘзӨјпјҒе°Ҹд№қд№ҹжқҘеҠ дёӘз Ғ~е…іжіЁгҖҗ@еҫ®зІ’иҙ·+@д№қеҸ·е…¬еҸё гҖ‘е№¶иҪ¬еҸ‘иҜҘеҠЁжҖҒпјҢжҠҪдёҖдҪҚе°ҸеҸҜзҲұиҺ·еҫ—гҖҗ100е…ғдә¬дёңеҚЎгҖ‘~ #дҫӣз”өеұҖзҰҸеҲ©зӨҫ# 10жңҲ31ж—ҘжҠҪеҮәпјҒ')
2026-07-12 17:15:17,729|line:587| ('at: ', 'ж–Үе°‘еҳ…дёҖдәӣдәӢдёҖдәӣжғ…', '\u200b//@д№қеҸ·е…¬еҸё:\u200bжҒӯе–ң@е°Ҹе°ҸShaun дёӯеҘ–пјҒеҗҺз»ӯи®°еҫ—жҹҘж”¶з§ҒдҝЎе“ҹпҪһ\u200b//@д№қеҸ·е…¬еҸё :#дә’еҠЁжҠҪеҘ–# и°ўи°ўзІ’зІ’зҡ„еӨҚе·ҘзӨјпјҒе°Ҹд№қд№ҹжқҘеҠ дёӘз Ғ~е…іжіЁгҖҗ@еҫ®зІ’иҙ·+@д№қеҸ·е…¬еҸё гҖ‘е№¶иҪ¬еҸ‘иҜҘеҠЁжҖҒпјҢжҠҪдёҖдҪҚе°ҸеҸҜзҲұиҺ·еҫ—гҖҗ100е…ғдә¬дёңеҚЎгҖ‘~ #дҫӣз”өеұҖзҰҸеҲ©зӨҫ# 10жңҲ31ж—ҘжҠҪеҮәпјҒ')
2026-07-12 17:15:17,729|line:587| ('at: ', 'CarryйҳҹеҸӢзҡ„еҳҹеҳҹй…ұдё¶', '\u200b//@д№қеҸ·е…¬еҸё:\u200bжҒӯе–ң@е°Ҹе°ҸShaun дёӯеҘ–пјҒеҗҺз»ӯи®°еҫ—жҹҘж”¶з§ҒдҝЎе“ҹпҪһ\u200b//@д№қеҸ·е…¬еҸё :#дә’еҠЁжҠҪеҘ–# и°ўи°ўзІ’зІ’зҡ„еӨҚе·ҘзӨјпјҒе°Ҹд№қд№ҹжқҘеҠ дёӘз Ғ~е…іжіЁгҖҗ@еҫ®зІ’иҙ·+@д№қеҸ·е…¬еҸё гҖ‘е№¶иҪ¬еҸ‘иҜҘеҠЁжҖҒпјҢжҠҪдёҖдҪҚе°ҸеҸҜзҲұиҺ·еҫ—гҖҗ100е…ғдә¬дёңеҚЎгҖ‘~ #дҫӣз”өеұҖзҰҸеҲ©зӨҫ# 10жңҲ31ж—ҘжҠҪеҮәпјҒ')
2026-07-12 17:15:17,729|line:587| ('at: ', 'иӣӨиҹҶzero', '//@д№қеҸ·е…¬еҸё:\u200bжҒӯе–ң@е°Ҹе°ҸShaun дёӯеҘ–пјҒеҗҺз»ӯи®°еҫ—жҹҘж”¶з§ҒдҝЎе“ҹпҪһ\u200b//@д№қеҸ·е…¬еҸё:#дә’еҠЁжҠҪеҘ–# и°ўи°ўзІ’зІ’зҡ„еӨҚе·ҘзӨјпјҒе°Ҹд№қд№ҹжқҘеҠ дёӘз Ғ~е…іжіЁгҖҗ@еҫ®зІ’иҙ·+@д№қеҸ·е…¬еҸё гҖ‘е№¶иҪ¬еҸ‘иҜҘеҠЁжҖҒпјҢжҠҪдёҖдҪҚе°ҸеҸҜзҲұиҺ·еҫ—гҖҗ100е…ғдә¬дёңеҚЎгҖ‘~ #дҫӣз”өеұҖзҰҸеҲ©зӨҫ# 10жңҲ31ж—ҘжҠҪеҮәпјҒcеҶІеҶІеҶІ')
2026-07-12 17:15:17,729|line:587| ('at: ', 'жңЁиҖҢеҗ„еӯҗиҰҒеҗғз¬ғж —еӯҗ', '\u200b//@д№қеҸ·е…¬еҸё:\u200bжҒӯе–ң@е°Ҹе°ҸShaun дёӯеҘ–пјҒеҗҺз»ӯи®°еҫ—жҹҘж”¶з§ҒдҝЎе“ҹпҪһ\u200b//@д№қеҸ·е…¬еҸё :#дә’еҠЁжҠҪеҘ–# и°ўи°ўзІ’зІ’зҡ„еӨҚе·ҘзӨјпјҒе°Ҹд№қд№ҹжқҘеҠ дёӘз Ғ~е…іжіЁгҖҗ@еҫ®зІ’иҙ·+@д№қеҸ·е…¬еҸё гҖ‘е№¶иҪ¬еҸ‘иҜҘеҠЁжҖҒпјҢжҠҪдёҖдҪҚе°ҸеҸҜзҲұиҺ·еҫ—гҖҗ100е…ғдә¬дёңеҚЎгҖ‘~ #дҫӣз”өеұҖзҰҸеҲ©зӨҫ# 10жңҲ31ж—ҘжҠҪеҮәпјҒ')
2026-07-12 17:15:17,729|line:587| ('at: ', 'иЈҷдёӢж„ҡиҮЈжғ…й»ҳй»ҳ', '\u200b//@д№қеҸ·е…¬еҸё:\u200bжҒӯе–ң@е°Ҹе°ҸShaun дёӯеҘ–пјҒеҗҺз»ӯи®°еҫ—жҹҘж”¶з§ҒдҝЎе“ҹпҪһ\u200b//@д№қеҸ·е…¬еҸё :#дә’еҠЁжҠҪеҘ–# и°ўи°ўзІ’зІ’зҡ„еӨҚе·ҘзӨјпјҒе°Ҹд№қд№ҹжқҘеҠ дёӘз Ғ~е…іжіЁгҖҗ@еҫ®зІ’иҙ·+@д№қеҸ·е…¬еҸё гҖ‘е№¶иҪ¬еҸ‘иҜҘеҠЁжҖҒпјҢжҠҪдёҖдҪҚе°ҸеҸҜзҲұиҺ·еҫ—гҖҗ100е…ғдә¬дёңеҚЎгҖ‘~ #дҫӣз”өеұҖзҰҸеҲ©зӨҫ# 10жңҲ31ж—ҘжҠҪеҮәпјҒ')
2026-07-12 17:15:17,730|line:587| ('at: ', 'жҲҠеӯҗжҜ•е®ҝ', '')
