2026-03-01 16:40:14,790|line:232| processing article 46354063
2026-03-01 16:40:18,128|line:507| ==================================================2026-03-02 00:40==================================================
2026-03-01 16:40:18,128|line:519| https://t.bilibili.com/1173971160818253824
2026-03-01 16:40:18,128|line:521| 已有
2026-03-01 16:40:18,128|line:519| https://t.bilibili.com/1169567700531281923
2026-03-01 16:40:18,128|line:521| 已有
2026-03-01 16:40:18,129|line:519| https://t.bilibili.com/1173526305292943377
2026-03-01 16:40:18,129|line:521| 已有
2026-03-01 16:40:18,129|line:519| https://t.bilibili.com/1173743141039112210
2026-03-01 16:40:18,129|line:521| 已有
2026-03-01 16:40:18,129|line:519| https://t.bilibili.com/1168825530145832982
2026-03-01 16:40:18,129|line:521| 已有
2026-03-01 16:40:18,129|line:519| https://t.bilibili.com/1160695296654573584
2026-03-01 16:40:21,796|line:526| 官方 或 预约 OUT！
2026-03-01 16:40:21,796|line:519| https://t.bilibili.com/1170309870880030726
2026-03-01 16:40:26,245|line:341| =========此为源动态=========
2026-03-01 16:40:30,653|line:362| *********子动态开始*********
2026-03-01 16:40:30,654|line:381| *********子动态结束*********
2026-03-01 16:40:30,654|line:537| -=-=-=-=处理回最初的动态-=-=-=-=
2026-03-01 16:40:38,956|line:475| 转发成功 1174866133263581206
2026-03-01 16:40:42,383|line:494| 评论发送成功
2026-03-01 16:40:43,852|line:424| 2137338328 === 已经关注了
2026-03-01 16:40:47,243|line:503| 动态-点赞 OK
2026-03-01 16:40:51,243|line:519| https://t.bilibili.com/1172056404268154885
2026-03-01 16:40:55,585|line:526| 官方 或 预约 OUT！
2026-03-01 16:40:55,585|line:519| https://t.bilibili.com/1173583419761754118
2026-03-01 16:40:55,585|line:521| 已有
2026-03-01 16:40:55,585|line:519| https://t.bilibili.com/1174021253056430086
2026-03-01 16:40:55,586|line:521| 已有
2026-03-01 16:40:55,586|line:519| https://t.bilibili.com/1173280749120389129
2026-03-01 16:40:55,586|line:521| 已有
2026-03-01 16:40:55,586|line:519| https://t.bilibili.com/1158766847743492101
2026-03-01 16:40:55,586|line:521| 已有
2026-03-01 16:40:55,586|line:519| https://t.bilibili.com/1168454444964118531
2026-03-01 16:40:55,586|line:521| 已有
2026-03-01 16:40:55,586|line:519| https://t.bilibili.com/1169938785671053318
2026-03-01 16:40:55,586|line:521| 已有
2026-03-01 16:40:55,587|line:519| https://t.bilibili.com/1173606616904237073
2026-03-01 16:40:56,892|line:526| 官方 或 预约 OUT！
2026-03-01 16:40:56,892|line:519| https://t.bilibili.com/1172783772050915334
2026-03-01 16:40:56,892|line:521| 已有
2026-03-01 16:40:56,892|line:519| https://t.bilibili.com/1173598851604414482
2026-03-01 16:40:59,207|line:526| 官方 或 预约 OUT！
2026-03-01 16:40:59,207|line:519| https://t.bilibili.com/1174020823568089125
2026-03-01 16:41:02,580|line:526| 官方 或 预约 OUT！
2026-03-01 16:41:02,580|line:519| https://t.bilibili.com/1164984693400010770
2026-03-01 16:41:06,985|line:526| 官方 或 预约 OUT！
2026-03-01 16:41:06,986|line:519| https://t.bilibili.com/1174015755497242647
2026-03-01 16:41:06,986|line:521| 已有
2026-03-01 16:41:06,986|line:519| https://t.bilibili.com/1174393343251054612
2026-03-01 16:41:08,306|line:526| 官方 或 预约 OUT！
2026-03-01 16:41:08,306|line:519| https://t.bilibili.com/1173644833535819777
2026-03-01 16:41:12,620|line:526| 官方 或 预约 OUT！
2026-03-01 16:41:12,620|line:519| https://t.bilibili.com/1174050733665812503
2026-03-01 16:41:14,027|line:526| 官方 或 预约 OUT！
2026-03-01 16:41:14,028|line:519| https://t.bilibili.com/1162034226957123584
2026-03-01 16:41:16,343|line:526| 官方 或 预约 OUT！
2026-03-01 16:41:16,343|line:519| https://t.bilibili.com/1167294857481289753
2026-03-01 16:41:16,343|line:521| 已有
2026-03-01 16:41:16,343|line:519| https://t.bilibili.com/1173999022264811528
2026-03-01 16:41:18,686|line:526| 官方 或 预约 OUT！
2026-03-01 16:41:18,686|line:519| https://t.bilibili.com/1170296674593013769
2026-03-01 16:41:23,020|line:526| 官方 或 预约 OUT！
2026-03-01 16:41:23,020|line:519| https://t.bilibili.com/1167331283104170021
2026-03-01 16:41:23,020|line:521| 已有
2026-03-01 16:41:23,020|line:519| https://t.bilibili.com/1173974336935034915
2026-03-01 16:41:23,020|line:521| 已有
2026-03-01 16:41:23,020|line:519| https://t.bilibili.com/1169196615333838868
2026-03-01 16:41:23,020|line:521| 已有
2026-03-01 16:41:23,020|line:519| https://t.bilibili.com/1173907943177846789
2026-03-01 16:41:23,021|line:521| 已有
2026-03-01 16:41:23,021|line:519| https://t.bilibili.com/1173726729959637000
2026-03-01 16:41:24,527|line:526| 官方 或 预约 OUT！
2026-03-01 16:41:24,527|line:519| https://t.bilibili.com/1173527318891593737
2026-03-01 16:41:24,527|line:521| 已有
2026-03-01 16:41:24,527|line:519| https://t.bilibili.com/1167322551458725896
2026-03-01 16:41:24,527|line:521| 已有
2026-03-01 16:41:24,527|line:519| https://t.bilibili.com/1168149139405406229
2026-03-01 16:41:28,867|line:526| 官方 或 预约 OUT！
2026-03-01 16:41:28,867|line:519| https://t.bilibili.com/1170217099595874313
2026-03-01 16:41:28,867|line:521| 已有
2026-03-01 16:41:28,868|line:519| https://t.bilibili.com/1173619415895244823
2026-03-01 16:41:28,868|line:521| 已有
2026-03-01 16:41:28,868|line:519| https://t.bilibili.com/1170649516895895557
2026-03-01 16:41:28,868|line:521| 已有
2026-03-01 16:41:28,868|line:519| https://t.bilibili.com/1169917626553466899
2026-03-01 16:41:28,868|line:521| 已有
2026-03-01 16:41:28,868|line:519| https://t.bilibili.com/1174122945009680421
2026-03-01 16:41:28,868|line:521| 已有
2026-03-01 16:41:28,869|line:519| https://t.bilibili.com/1173627748117118980
2026-03-01 16:41:28,869|line:521| 已有
2026-03-01 16:41:28,869|line:519| https://t.bilibili.com/1174493506192801792
2026-03-01 16:41:33,270|line:341| =========此为源动态=========
2026-03-01 16:41:35,813|line:362| *********子动态开始*********
2026-03-01 16:41:35,813|line:381| *********子动态结束*********
2026-03-01 16:41:35,813|line:537| -=-=-=-=处理回最初的动态-=-=-=-=
2026-03-01 16:41:46,326|line:475| 转发成功 1174866425315065862
2026-03-01 16:41:49,736|line:494| 评论发送成功
2026-03-01 16:41:52,160|line:424| 100680137 === 已经关注了
2026-03-01 16:41:55,558|line:503| 动态-点赞 OK
2026-03-01 16:41:56,559|line:519| https://t.bilibili.com/1168725777436377093
2026-03-01 16:41:56,559|line:521| 已有
2026-03-01 16:41:56,559|line:552| 执行结束
2026-03-01 16:41:56,559|line:558| ==================================================2026-03-02 00:41==================================================
2026-03-01 16:41:56,559|line:232| processing article 46347099
2026-03-01 16:41:59,984|line:507| ==================================================2026-03-02 00:41==================================================
2026-03-01 16:41:59,984|line:519| https://t.bilibili.com/1174799471061499908
2026-03-01 16:42:03,288|line:341| =========此为源动态=========
2026-03-01 16:42:07,010|line:362| *********子动态开始*********
2026-03-01 16:42:07,010|line:381| *********子动态结束*********
2026-03-01 16:42:07,010|line:537| -=-=-=-=处理回最初的动态-=-=-=-=
2026-03-01 16:42:19,250|line:475| 转发成功 1174866567053180935
2026-03-01 16:42:22,628|line:494| 评论发送成功
2026-03-01 16:42:28,438|line:436| 关注 ==== 10160261 0
2026-03-01 16:42:31,767|line:503| 动态-点赞 OK
2026-03-01 16:42:35,768|line:519| https://t.bilibili.com/1174728793072336915
2026-03-01 16:42:40,118|line:341| =========此为源动态=========
2026-03-01 16:42:43,682|line:362| *********子动态开始*********
2026-03-01 16:42:43,682|line:381| *********子动态结束*********
2026-03-01 16:42:43,682|line:537| -=-=-=-=处理回最初的动态-=-=-=-=
2026-03-01 16:42:55,236|line:475| 转发成功 1174866721676197896
2026-03-01 16:42:58,649|line:494| 评论发送成功
2026-03-01 16:43:03,083|line:424| 100680137 === 已经关注了
2026-03-01 16:43:06,445|line:503| 动态-点赞 OK
2026-03-01 16:43:08,445|line:519| https://t.bilibili.com/1174289744338616321
2026-03-01 16:43:12,819|line:336| =========此为子动态=========
2026-03-01 16:43:16,234|line:400| *************原动态已存在***************
2026-03-01 16:43:17,786|line:362| *********子动态开始*********
2026-03-01 16:43:28,193|line:475| 转发成功 1174866863393341444
2026-03-01 16:43:31,564|line:494| 评论发送成功
2026-03-01 16:43:37,287|line:424| 352104082 === 已经关注了
2026-03-01 16:43:37,287|line:376| ----完成一个子动态----
2026-03-01 16:43:53,687|line:475| 转发成功 1174866970720337960
2026-03-01 16:43:57,052|line:494| 评论发送成功
2026-03-01 16:44:00,811|line:424| 674121390 === 已经关注了
2026-03-01 16:44:00,811|line:376| ----完成一个子动态----
2026-03-01 16:44:13,093|line:475| 转发成功 1174867052372951043
2026-03-01 16:44:16,499|line:494| 评论发送成功
2026-03-01 16:44:21,253|line:424| 487793027 === 已经关注了
2026-03-01 16:44:21,253|line:376| ----完成一个子动态----
2026-03-01 16:44:47,415|line:475| 转发成功 1174867202666397702
2026-03-01 16:44:50,983|line:494| 评论发送成功
2026-03-01 16:44:59,689|line:424| 505670427 === 已经关注了
2026-03-01 16:44:59,689|line:376| ----完成一个子动态----
2026-03-01 16:45:14,342|line:381| *********子动态结束*********
2026-03-01 16:45:14,343|line:537| -=-=-=-=处理回最初的动态-=-=-=-=
2026-03-01 16:45:22,821|line:475| 转发成功 1174867352972427264
2026-03-01 16:45:26,206|line:494| 评论发送成功
2026-03-01 16:45:29,625|line:424| 631208134 === 已经关注了
2026-03-01 16:45:32,991|line:503| 动态-点赞 OK
2026-03-01 16:45:36,991|line:519| https://t.bilibili.com/1174644001847902211
2026-03-01 16:45:38,390|line:526| 官方 或 预约 OUT！
2026-03-01 16:45:38,390|line:519| https://t.bilibili.com/1174639197931175940
2026-03-01 16:45:42,732|line:341| =========此为源动态=========
2026-03-01 16:45:45,105|line:362| *********子动态开始*********
2026-03-01 16:45:45,106|line:381| *********子动态结束*********
2026-03-01 16:45:45,106|line:537| -=-=-=-=处理回最初的动态-=-=-=-=
2026-03-01 16:45:56,358|line:475| 转发成功 1174867499026481154
2026-03-01 16:45:59,780|line:494| 评论发送成功
2026-03-01 16:46:04,241|line:424| 1750535730 === 已经关注了
2026-03-01 16:46:07,577|line:503| 动态-点赞 OK
2026-03-01 16:46:09,577|line:519| https://t.bilibili.com/1174728178854264834
2026-03-01 16:46:10,925|line:341| =========此为源动态=========
2026-03-01 16:46:15,448|line:362| *********子动态开始*********
2026-03-01 16:46:15,449|line:381| *********子动态结束*********
2026-03-01 16:46:15,449|line:537| -=-=-=-=处理回最初的动态-=-=-=-=
2026-03-01 16:46:23,829|line:475| 转发成功 1174867614965432327
2026-03-01 16:46:27,193|line:548| 'NoneType' object is not subscriptable
2026-03-01 16:46:27,194|line:549| error line:541
2026-03-01 16:46:28,194|line:519| https://t.bilibili.com/1160695296654573584
2026-03-01 16:46:31,581|line:526| 官方 或 预约 OUT！
2026-03-01 16:46:31,581|line:519| https://t.bilibili.com/1174762892973572101
2026-03-01 16:46:34,922|line:341| =========此为源动态=========
2026-03-01 16:46:38,471|line:362| *********子动态开始*********
2026-03-01 16:46:38,471|line:381| *********子动态结束*********
2026-03-01 16:46:38,471|line:537| -=-=-=-=处理回最初的动态-=-=-=-=
2026-03-01 16:46:47,846|line:475| 转发成功 1174867718079250436
2026-03-01 16:46:51,217|line:494| 评论发送成功
2026-03-01 16:46:54,615|line:424| 3546898906483135 === 已经关注了
2026-03-01 16:46:57,977|line:503| 动态-点赞 OK
2026-03-01 16:47:00,978|line:519| https://t.bilibili.com/1174334502160302096
2026-03-01 16:47:05,391|line:341| =========此为源动态=========
2026-03-01 16:47:08,898|line:362| *********子动态开始*********
2026-03-01 16:47:08,898|line:381| *********子动态结束*********
2026-03-01 16:47:08,899|line:537| -=-=-=-=处理回最初的动态-=-=-=-=
2026-03-01 16:47:18,137|line:475| 转发成功 1174867846917783561
2026-03-01 16:47:21,544|line:494| 评论发送成功
2026-03-01 16:47:25,959|line:424| 238623328 === 已经关注了
2026-03-01 16:47:29,317|line:503| 动态-点赞 OK
2026-03-01 16:47:30,318|line:519| https://t.bilibili.com/1174349706390667280
2026-03-01 16:47:34,709|line:336| =========此为子动态=========
2026-03-01 16:47:36,114|line:387| *************原动态处理开始***************
2026-03-01 16:47:42,980|line:475| 转发成功 1174867954313986069
2026-03-01 16:47:46,418|line:494| 评论发送成功
2026-03-01 16:47:49,849|line:424| 383666009 === 已经关注了
2026-03-01 16:47:53,256|line:503| 动态-点赞 OK
2026-03-01 16:47:53,256|line:396| *************原动态处理完成***************
2026-03-01 16:47:57,801|line:362| *********子动态开始*********
2026-03-01 16:48:08,080|line:475| 转发成功 1174868061673488417
2026-03-01 16:48:11,504|line:494| 评论发送成功
2026-03-01 16:48:14,290|line:424| 79955050 === 已经关注了
2026-03-01 16:48:14,291|line:376| ----完成一个子动态----
2026-03-01 16:48:14,291|line:381| *********子动态结束*********
2026-03-01 16:48:18,292|line:519| https://t.bilibili.com/1174036074978082853
2026-03-01 16:48:21,732|line:526| 官方 或 预约 OUT！
2026-03-01 16:48:21,732|line:519| https://t.bilibili.com/1158766847743492101
2026-03-01 16:48:21,732|line:521| 已有
2026-03-01 16:48:21,733|line:519| https://t.bilibili.com/1174731155289669635
2026-03-01 16:48:23,187|line:526| 官方 或 预约 OUT！
2026-03-01 16:48:23,187|line:519| https://t.bilibili.com/1174299036482535462
2026-03-01 16:48:24,558|line:341| =========此为源动态=========
2026-03-01 16:48:25,930|line:362| *********子动态开始*********
2026-03-01 16:48:25,930|line:381| *********子动态结束*********
2026-03-01 16:48:25,930|line:537| -=-=-=-=处理回最初的动态-=-=-=-=
2026-03-01 16:48:36,216|line:475| 转发成功 1174868186245365769
2026-03-01 16:48:39,588|line:494| 评论发送成功
2026-03-01 16:48:40,971|line:424| 198427927 === 已经关注了
2026-03-01 16:48:44,493|line:503| 动态-点赞 OK
2026-03-01 16:48:46,494|line:519| https://t.bilibili.com/1164984693400010770
2026-03-01 16:48:50,972|line:526| 官方 或 预约 OUT！
2026-03-01 16:48:50,972|line:519| https://t.bilibili.com/1174341455762685953
2026-03-01 16:48:50,972|line:521| 已有
2026-03-01 16:48:50,973|line:519| https://t.bilibili.com/1174360884007403525
2026-03-01 16:48:52,291|line:341| =========此为源动态=========
2026-03-01 16:48:55,672|line:362| *********子动态开始*********
2026-03-01 16:48:55,672|line:381| *********子动态结束*********
2026-03-01 16:48:55,673|line:537| -=-=-=-=处理回最初的动态-=-=-=-=
2026-03-01 16:49:07,826|line:475| 转发成功 1174868319355797512
2026-03-01 16:49:11,257|line:494| 评论发送成功
2026-03-01 16:49:12,681|line:424| 238623328 === 已经关注了
2026-03-01 16:49:16,058|line:503| 动态-点赞 OK
2026-03-01 16:49:18,059|line:519| https://t.bilibili.com/1174283228843868178
2026-03-01 16:49:18,059|line:521| 已有
2026-03-01 16:49:18,059|line:519| https://t.bilibili.com/1174447558608551937
2026-03-01 16:49:21,412|line:341| =========此为源动态=========
2026-03-01 16:49:24,176|line:362| *********子动态开始*********
2026-03-01 16:49:24,177|line:381| *********子动态结束*********
2026-03-01 16:49:24,177|line:537| -=-=-=-=处理回最初的动态-=-=-=-=
2026-03-01 16:49:32,469|line:475| 转发成功 1174868426754097158
2026-03-01 16:49:35,832|line:548| 'NoneType' object is not subscriptable
2026-03-01 16:49:35,832|line:549| error line:541
2026-03-01 16:49:36,832|line:519| https://t.bilibili.com/1174670121655861255
2026-03-01 16:49:39,245|line:341| =========此为源动态=========
2026-03-01 16:49:42,845|line:362| *********子动态开始*********
2026-03-01 16:49:42,845|line:381| *********子动态结束*********
2026-03-01 16:49:42,845|line:537| -=-=-=-=处理回最初的动态-=-=-=-=
2026-03-01 16:49:52,189|line:475| 转发成功 1174868512675463176
2026-03-01 16:49:55,603|line:494| 评论发送成功
2026-03-01 16:49:57,977|line:424| 10878474 === 已经关注了
2026-03-01 16:50:01,356|line:503| 动态-点赞 OK
2026-03-01 16:50:03,357|line:519| https://t.bilibili.com/1174670121688367109
2026-03-01 16:50:06,670|line:341| =========此为源动态=========
2026-03-01 16:50:08,205|line:362| *********子动态开始*********
2026-03-01 16:50:08,205|line:381| *********子动态结束*********
2026-03-01 16:50:08,206|line:537| -=-=-=-=处理回最初的动态-=-=-=-=
2026-03-01 16:50:18,606|line:475| 转发成功 1174868624337272837
2026-03-01 16:50:22,012|line:494| 评论发送成功
2026-03-01 16:50:25,427|line:424| 1263987303 === 已经关注了
2026-03-01 16:50:28,762|line:503| 动态-点赞 OK
2026-03-01 16:50:30,762|line:519| https://t.bilibili.com/1174379212771950593
2026-03-01 16:50:30,762|line:521| 已有
2026-03-01 16:50:30,762|line:519| https://t.bilibili.com/1174406661941493763
2026-03-01 16:50:34,134|line:341| =========此为源动态=========
2026-03-01 16:50:37,674|line:362| *********子动态开始*********
2026-03-01 16:50:37,674|line:381| *********子动态结束*********
2026-03-01 16:50:37,674|line:537| -=-=-=-=处理回最初的动态-=-=-=-=
2026-03-01 16:50:48,880|line:475| 转发成功 1174868753182097409
2026-03-01 16:50:52,322|line:494| 评论发送成功
2026-03-01 16:50:54,731|line:424| 3546947480718133 === 已经关注了
2026-03-01 16:50:58,098|line:503| 动态-点赞 OK
2026-03-01 16:51:01,098|line:519| https://t.bilibili.com/1174772773548982272
2026-03-01 16:51:03,827|line:526| 官方 或 预约 OUT！
2026-03-01 16:51:03,827|line:519| https://t.bilibili.com/1174809353780199428
2026-03-01 16:51:05,180|line:341| =========此为源动态=========
2026-03-01 16:51:08,721|line:362| *********子动态开始*********
2026-03-01 16:51:08,721|line:381| *********子动态结束*********
2026-03-01 16:51:08,721|line:537| -=-=-=-=处理回最初的动态-=-=-=-=
2026-03-01 16:51:19,002|line:475| 转发成功 1174868882010144772
2026-03-01 16:51:22,440|line:494| 评论发送成功
2026-03-01 16:51:26,828|line:424| 363888343 === 已经关注了
2026-03-01 16:51:30,190|line:503| 动态-点赞 OK
2026-03-01 16:51:34,190|line:519| https://t.bilibili.com/1174484579084402693
2026-03-01 16:51:38,533|line:341| =========此为源动态=========
2026-03-01 16:51:41,068|line:362| *********子动态开始*********
2026-03-01 16:51:41,068|line:381| *********子动态结束*********
2026-03-01 16:51:41,068|line:537| -=-=-=-=处理回最初的动态-=-=-=-=
2026-03-01 16:51:49,268|line:475| 转发成功 1174869015130013703
2026-03-01 16:51:52,737|line:494| 评论发送成功
2026-03-01 16:51:56,151|line:424| 434624234 === 已经关注了
2026-03-01 16:51:59,590|line:503| 动态-点赞 OK
2026-03-01 16:52:03,591|line:519| https://t.bilibili.com/1174694995940081688
2026-03-01 16:52:05,110|line:526| 官方 或 预约 OUT！
2026-03-01 16:52:05,111|line:519| https://t.bilibili.com/1174279784307359764
2026-03-01 16:52:05,111|line:521| 已有
2026-03-01 16:52:05,111|line:519| https://t.bilibili.com/1174370365158195203
2026-03-01 16:52:08,454|line:336| =========此为子动态=========
2026-03-01 16:52:11,939|line:400| *************原动态已存在***************
2026-03-01 16:52:13,302|line:362| *********子动态开始*********
2026-03-01 16:52:19,727|line:475| 转发成功 1174869144025169927
2026-03-01 16:52:23,105|line:494| 评论发送成功
2026-03-01 16:52:27,799|line:424| 1929903779 === 已经关注了
2026-03-01 16:52:27,799|line:376| ----完成一个子动态----
2026-03-01 16:52:27,800|line:381| *********子动态结束*********
2026-03-01 16:52:29,801|line:519| https://t.bilibili.com/1174591302568771587
2026-03-01 16:52:31,160|line:526| 官方 或 预约 OUT！
2026-03-01 16:52:31,161|line:519| https://t.bilibili.com/1174781969049845776
2026-03-01 16:52:32,501|line:526| 官方 或 预约 OUT！
2026-03-01 16:52:32,501|line:519| https://t.bilibili.com/1168149139405406229
2026-03-01 16:52:36,813|line:526| 官方 或 预约 OUT！
2026-03-01 16:52:36,813|line:519| https://t.bilibili.com/1169917626553466899
2026-03-01 16:52:36,813|line:521| 已有
2026-03-01 16:52:36,813|line:519| https://t.bilibili.com/1174728552560459776
2026-03-01 16:52:39,153|line:341| =========此为源动态=========
2026-03-01 16:52:42,537|line:362| *********子动态开始*********
2026-03-01 16:52:42,537|line:381| *********子动态结束*********
2026-03-01 16:52:42,537|line:537| -=-=-=-=处理回最初的动态-=-=-=-=
2026-03-01 16:52:51,763|line:475| 转发成功 1174869281433714689
2026-03-01 16:52:55,185|line:494| 评论发送成功
2026-03-01 16:52:58,692|line:424| 238623328 === 已经关注了
2026-03-01 16:53:02,023|line:503| 动态-点赞 OK
2026-03-01 16:53:04,024|line:519| https://t.bilibili.com/1174794798117158916
2026-03-01 16:53:08,426|line:341| =========此为源动态=========
2026-03-01 16:53:12,952|line:362| *********子动态开始*********
2026-03-01 16:53:12,953|line:381| *********子动态结束*********
2026-03-01 16:53:12,953|line:537| -=-=-=-=处理回最初的动态-=-=-=-=
2026-03-01 16:53:20,269|line:475| 转发成功 1174869406026563585
2026-03-01 16:53:23,720|line:494| 评论发送成功
2026-03-01 16:53:25,136|line:424| 3494373710891428 === 已经关注了
2026-03-01 16:53:28,499|line:503| 动态-点赞 OK
2026-03-01 16:53:32,499|line:519| https://t.bilibili.com/1174735510402236420
2026-03-01 16:53:35,852|line:526| 官方 或 预约 OUT！
2026-03-01 16:53:35,852|line:519| https://t.bilibili.com/1174440772586438695
2026-03-01 16:53:40,163|line:526| 官方 或 预约 OUT！
2026-03-01 16:53:40,163|line:519| https://t.bilibili.com/1174493506192801792
2026-03-01 16:53:40,164|line:521| 已有
2026-03-01 16:53:40,164|line:519| https://t.bilibili.com/1174644547267854352
2026-03-01 16:53:41,504|line:526| 官方 或 预约 OUT！
2026-03-01 16:53:41,505|line:552| 执行结束
2026-03-01 16:53:41,505|line:558| ==================================================2026-03-02 00:53==================================================
2026-03-01 16:53:41,505|line:232| processing article 46341625
2026-03-01 16:53:43,856|line:507| ==================================================2026-03-02 00:53==================================================
2026-03-01 16:53:43,856|line:519| https://t.bilibili.com/1164991041379500032
2026-03-01 16:53:45,200|line:526| 官方 或 预约 OUT！
2026-03-01 16:53:45,201|line:519| https://t.bilibili.com/1169230513399922705
2026-03-01 16:53:46,553|line:526| 官方 或 预约 OUT！
2026-03-01 16:53:46,554|line:519| https://t.bilibili.com/1170588204080824361
2026-03-01 16:53:50,880|line:526| 官方 或 预约 OUT！
2026-03-01 16:53:50,880|line:519| https://t.bilibili.com/1173160301080608790
2026-03-01 16:53:52,233|line:526| 官方 或 预约 OUT！
2026-03-01 16:53:52,233|line:519| https://t.bilibili.com/1142393178301661192
2026-03-01 16:53:53,614|line:526| 官方 或 预约 OUT！
2026-03-01 16:53:53,614|line:519| https://t.bilibili.com/1174374741701558281
2026-03-01 16:53:55,933|line:526| 官方 或 预约 OUT！
2026-03-01 16:53:55,933|line:519| https://t.bilibili.com/1164341633731264513
2026-03-01 16:54:00,271|line:526| 官方 或 预约 OUT！
2026-03-01 16:54:00,271|line:519| https://t.bilibili.com/1164780776907079696
2026-03-01 16:54:02,616|line:526| 官方 或 预约 OUT！
2026-03-01 16:54:02,616|line:519| https://t.bilibili.com/1165238955419893797
2026-03-01 16:54:06,922|line:526| 官方 或 预约 OUT！
2026-03-01 16:54:06,923|line:519| https://t.bilibili.com/1169235594339942408
2026-03-01 16:54:10,394|line:526| 官方 或 预约 OUT！
2026-03-01 16:54:10,395|line:519| https://t.bilibili.com/1160695296654573584
2026-03-01 16:54:13,778|line:526| 官方 或 预约 OUT！
2026-03-01 16:54:13,779|line:519| https://t.bilibili.com/1173619514661666840
2026-03-01 16:54:18,083|line:526| 官方 或 预约 OUT！
2026-03-01 16:54:18,083|line:519| https://t.bilibili.com/1170227834820493351
2026-03-01 16:54:20,427|line:526| 官方 或 预约 OUT！
2026-03-01 16:54:20,427|line:519| https://t.bilibili.com/1141613680383754246
2026-03-01 16:54:22,743|line:526| 官方 或 预约 OUT！
2026-03-01 16:54:22,743|line:519| https://t.bilibili.com/1173964804301258758
2026-03-01 16:54:25,125|line:526| 官方 或 预约 OUT！
2026-03-01 16:54:25,126|line:519| https://t.bilibili.com/1158766847743492101
2026-03-01 16:54:25,126|line:521| 已有
2026-03-01 16:54:25,126|line:519| https://t.bilibili.com/1171683090007851011
2026-03-01 16:54:27,472|line:526| 官方 或 预约 OUT！
2026-03-01 16:54:27,472|line:519| https://t.bilibili.com/1170248141434257432
2026-03-01 16:54:30,787|line:526| 官方 或 预约 OUT！
2026-03-01 16:54:30,787|line:519| https://t.bilibili.com/1171052064859488322
2026-03-01 16:54:34,138|line:526| 官方 或 预约 OUT！
2026-03-01 16:54:34,138|line:519| https://t.bilibili.com/1172915359076843537
2026-03-01 16:54:35,453|line:526| 官方 或 预约 OUT！
2026-03-01 16:54:35,453|line:519| https://t.bilibili.com/1165037379778510850
2026-03-01 16:54:39,808|line:526| 官方 或 预约 OUT！
2026-03-01 16:54:39,808|line:519| https://t.bilibili.com/1164984693400010770
2026-03-01 16:54:43,148|line:526| 官方 或 预约 OUT！
2026-03-01 16:54:43,148|line:519| https://t.bilibili.com/1157590039610261510
2026-03-01 16:54:45,518|line:526| 官方 或 预约 OUT！
2026-03-01 16:54:45,519|line:519| https://t.bilibili.com/1152517958096912393
2026-03-01 16:54:49,863|line:526| 官方 或 预约 OUT！
2026-03-01 16:54:49,864|line:519| https://t.bilibili.com/1167297730858450951
2026-03-01 16:54:51,234|line:526| 官方 或 预约 OUT！
2026-03-01 16:54:51,234|line:519| https://t.bilibili.com/1170217161862414355
2026-03-01 16:54:53,575|line:526| 官方 或 预约 OUT！
2026-03-01 16:54:53,575|line:519| https://t.bilibili.com/1174307954973736965
2026-03-01 16:54:57,898|line:526| 官方 或 预约 OUT！
2026-03-01 16:54:57,898|line:519| https://t.bilibili.com/1166109665587626002
2026-03-01 16:55:00,219|line:526| 官方 或 预约 OUT！
2026-03-01 16:55:00,219|line:519| https://t.bilibili.com/1168720958483070995
2026-03-01 16:55:03,537|line:526| 官方 或 预约 OUT！
2026-03-01 16:55:03,537|line:519| https://t.bilibili.com/1169940664737071105
2026-03-01 16:55:06,851|line:526| 官方 或 预约 OUT！
2026-03-01 16:55:06,851|line:519| https://t.bilibili.com/1169627067733508121
2026-03-01 16:55:10,168|line:526| 官方 或 预约 OUT！
2026-03-01 16:55:10,168|line:519| https://t.bilibili.com/1171408293734645783
2026-03-01 16:55:11,523|line:526| 官方 或 预约 OUT！
2026-03-01 16:55:11,524|line:519| https://t.bilibili.com/1147690474979459109
2026-03-01 16:55:14,833|line:526| 官方 或 预约 OUT！
2026-03-01 16:55:14,833|line:519| https://t.bilibili.com/1165070674333532183
2026-03-01 16:55:18,148|line:526| 官方 或 预约 OUT！
2026-03-01 16:55:18,148|line:519| https://t.bilibili.com/1168099931974533154
2026-03-01 16:55:19,487|line:526| 官方 或 预约 OUT！
2026-03-01 16:55:19,488|line:519| https://t.bilibili.com/1168711148754698263
2026-03-01 16:55:20,804|line:526| 官方 或 预约 OUT！
2026-03-01 16:55:20,804|line:519| https://t.bilibili.com/1166258739572899844
2026-03-01 16:55:24,155|line:526| 官方 或 预约 OUT！
2026-03-01 16:55:24,155|line:519| https://t.bilibili.com/1173983861047033888
2026-03-01 16:55:25,530|line:526| 官方 或 预约 OUT！
2026-03-01 16:55:25,530|line:519| https://t.bilibili.com/1171045523629539335
2026-03-01 16:55:26,881|line:526| 官方 或 预约 OUT！
2026-03-01 16:55:26,882|line:519| https://t.bilibili.com/1169917626553466899
2026-03-01 16:55:26,882|line:521| 已有
2026-03-01 16:55:26,882|line:519| https://t.bilibili.com/1166262317293240326
2026-03-01 16:55:29,262|line:526| 官方 或 预约 OUT！
2026-03-01 16:55:29,263|line:519| https://t.bilibili.com/1168149139405406229
2026-03-01 16:55:31,577|line:526| 官方 或 预约 OUT！
2026-03-01 16:55:31,577|line:519| https://t.bilibili.com/1171703817526312979
2026-03-01 16:55:32,912|line:526| 官方 或 预约 OUT！
2026-03-01 16:55:32,912|line:519| https://t.bilibili.com/1165082171945254913
2026-03-01 16:55:36,219|line:526| 官方 或 预约 OUT！
2026-03-01 16:55:36,219|line:519| https://t.bilibili.com/1170140028500705282
2026-03-01 16:55:37,580|line:526| 官方 或 预约 OUT！
2026-03-01 16:55:37,581|line:552| 执行结束
2026-03-01 16:55:37,581|line:558| ==================================================2026-03-02 00:55==================================================
2026-03-01 16:55:37,581|line:232| processing article 46341608
2026-03-01 16:55:39,845|line:507| ==================================================2026-03-02 00:55==================================================
2026-03-01 16:55:39,845|line:519| https://t.bilibili.com/1174356763029274649
2026-03-01 16:55:39,845|line:521| 已有
2026-03-01 16:55:39,845|line:519| https://t.bilibili.com/1174299047258750985
2026-03-01 16:55:41,152|line:526| 官方 或 预约 OUT！
2026-03-01 16:55:41,152|line:519| https://t.bilibili.com/1173928670740348934
2026-03-01 16:55:43,460|line:526| 官方 或 预约 OUT！
2026-03-01 16:55:43,460|line:519| https://t.bilibili.com/1173643940170039302
2026-03-01 16:55:46,768|line:526| 官方 或 预约 OUT！
2026-03-01 16:55:46,768|line:519| https://t.bilibili.com/1174374741701558281
2026-03-01 16:55:50,099|line:526| 官方 或 预约 OUT！
2026-03-01 16:55:50,099|line:519| https://t.bilibili.com/1173177695660408835
2026-03-01 16:55:51,449|line:526| 官方 或 预约 OUT！
2026-03-01 16:55:51,449|line:519| https://t.bilibili.com/1174391951688990729
2026-03-01 16:55:52,790|line:526| 官方 或 预约 OUT！
2026-03-01 16:55:52,790|line:519| https://t.bilibili.com/1173612161683947545
2026-03-01 16:55:52,790|line:521| 已有
2026-03-01 16:55:52,790|line:519| https://t.bilibili.com/1160695296654573584
2026-03-01 16:55:57,132|line:526| 官方 或 预约 OUT！
2026-03-01 16:55:57,132|line:519| https://t.bilibili.com/1173244284880551944
2026-03-01 16:55:57,132|line:521| 已有
2026-03-01 16:55:57,132|line:519| https://t.bilibili.com/1173964804301258758
2026-03-01 16:55:59,476|line:526| 官方 或 预约 OUT！
2026-03-01 16:55:59,476|line:519| https://t.bilibili.com/1173935765978087446
2026-03-01 16:56:00,785|line:346| 'NoneType' object has no attribute 'get'
2026-03-01 16:56:00,786|line:347| error line:328
2026-03-01 16:56:00,786|line:533| *#*#*#*#*#*#*#*#*#*原动态处理失败*#*#*#*#*#*#*#*#*#
2026-03-01 16:56:00,786|line:519| https://t.bilibili.com/1173928004999446615
2026-03-01 16:56:04,158|line:526| 官方 或 预约 OUT！
2026-03-01 16:56:04,158|line:519| https://t.bilibili.com/1158766847743492101
2026-03-01 16:56:04,158|line:521| 已有
2026-03-01 16:56:04,158|line:519| https://t.bilibili.com/1173929680048226325
2026-03-01 16:56:07,495|line:346| 'NoneType' object has no attribute 'get'
2026-03-01 16:56:07,495|line:347| error line:328
2026-03-01 16:56:07,495|line:533| *#*#*#*#*#*#*#*#*#*原动态处理失败*#*#*#*#*#*#*#*#*#
2026-03-01 16:56:07,495|line:519| https://t.bilibili.com/1174005297250828325
2026-03-01 16:56:12,017|line:526| 官方 或 预约 OUT！
2026-03-01 16:56:12,017|line:519| https://t.bilibili.com/1171683090007851011
2026-03-01 16:56:15,326|line:526| 官方 或 预约 OUT！
2026-03-01 16:56:15,326|line:519| https://t.bilibili.com/1164984693400010770
2026-03-01 16:56:19,698|line:526| 官方 或 预约 OUT！
2026-03-01 16:56:19,698|line:519| https://t.bilibili.com/1174668590496874512
2026-03-01 16:56:21,071|line:526| 官方 或 预约 OUT！
2026-03-01 16:56:21,072|line:519| https://t.bilibili.com/1166270752599572521
2026-03-01 16:56:24,414|line:526| 官方 或 预约 OUT！
2026-03-01 16:56:24,414|line:519| https://t.bilibili.com/1166109665587626002
2026-03-01 16:56:26,742|line:526| 官方 或 预约 OUT！
2026-03-01 16:56:26,742|line:519| https://t.bilibili.com/1166192674442575877
2026-03-01 16:56:29,050|line:526| 官方 或 预约 OUT！
2026-03-01 16:56:29,051|line:519| https://t.bilibili.com/1172072592033448038
2026-03-01 16:56:31,370|line:526| 官方 或 预约 OUT！
2026-03-01 16:56:31,370|line:519| https://t.bilibili.com/1166258739572899844
2026-03-01 16:56:35,685|line:526| 官方 或 预约 OUT！
2026-03-01 16:56:35,686|line:519| https://t.bilibili.com/1173983861047033888
2026-03-01 16:56:38,020|line:526| 官方 或 预约 OUT！
2026-03-01 16:56:38,021|line:519| https://t.bilibili.com/1173985789472669752
2026-03-01 16:56:38,021|line:521| 已有
2026-03-01 16:56:38,021|line:519| https://t.bilibili.com/1169917626553466899
2026-03-01 16:56:38,021|line:521| 已有
2026-03-01 16:56:38,021|line:519| https://t.bilibili.com/1166262317293240326
2026-03-01 16:56:40,365|line:526| 官方 或 预约 OUT！
2026-03-01 16:56:40,366|line:519| https://t.bilibili.com/1168149139405406229
2026-03-01 16:56:44,672|line:526| 官方 或 预约 OUT！
2026-03-01 16:56:44,672|line:552| 执行结束
2026-03-01 16:56:44,673|line:558| ==================================================2026-03-02 00:56==================================================
2026-03-01 16:56:44,673|line:232| processing article 46328448
2026-03-01 16:56:46,983|line:507| ==================================================2026-03-02 00:56==================================================
2026-03-01 16:56:46,983|line:519| https://t.bilibili.com/1173556866157903891
2026-03-01 16:56:46,984|line:521| 已有
2026-03-01 16:56:46,984|line:519| https://t.bilibili.com/1165383068796583936
2026-03-01 16:56:48,323|line:336| =========此为子动态=========
2026-03-01 16:56:49,828|line:387| *************原动态处理开始***************
2026-03-01 16:56:56,785|line:475| 转发成功 1174870333697556489
2026-03-01 16:57:00,159|line:494| 评论发送成功
2026-03-01 16:57:01,576|line:424| 620617977 === 已经关注了
2026-03-01 16:57:04,935|line:503| 动态-点赞 OK
2026-03-01 16:57:04,935|line:396| *************原动态处理完成***************
2026-03-01 16:57:08,291|line:362| *********子动态开始*********
2026-03-01 16:57:16,727|line:475| 转发成功 1174870419604242432
2026-03-01 16:57:20,155|line:494| 评论发送成功
2026-03-01 16:57:25,880|line:424| 1494786563 === 已经关注了
2026-03-01 16:57:25,881|line:376| ----完成一个子动态----
2026-03-01 16:57:35,267|line:475| 转发成功 1174870501229592581
2026-03-01 16:57:38,688|line:494| 评论发送成功
2026-03-01 16:57:43,374|line:424| 627553716 === 已经关注了
2026-03-01 16:57:43,374|line:376| ----完成一个子动态----
2026-03-01 16:57:51,760|line:475| 转发成功 1174870569958506500
2026-03-01 16:57:55,150|line:494| 评论发送成功
2026-03-01 16:58:01,913|line:424| 333641046 === 已经关注了
2026-03-01 16:58:01,913|line:376| ----完成一个子动态----
2026-03-01 16:58:01,914|line:381| *********子动态结束*********
2026-03-01 16:58:03,914|line:519| https://t.bilibili.com/1166183680740163585
2026-03-01 16:58:03,914|line:521| 已有
2026-03-01 16:58:03,914|line:519| https://t.bilibili.com/1167712274646827025
2026-03-01 16:58:03,914|line:521| 已有
2026-03-01 16:58:03,915|line:519| https://t.bilibili.com/1173743141039112210
2026-03-01 16:58:03,915|line:521| 已有
2026-03-01 16:58:03,915|line:519| https://t.bilibili.com/1165098149213110281
2026-03-01 16:58:03,915|line:521| 已有
2026-03-01 16:58:03,915|line:519| https://t.bilibili.com/1166183749499486216
2026-03-01 16:58:03,915|line:521| 已有
2026-03-01 16:58:03,916|line:519| https://t.bilibili.com/1160695296654573584
2026-03-01 16:58:05,254|line:526| 官方 或 预约 OUT！
2026-03-01 16:58:05,255|line:519| https://t.bilibili.com/1172805115845804102
2026-03-01 16:58:07,561|line:526| 官方 或 预约 OUT！
2026-03-01 16:58:07,562|line:519| https://t.bilibili.com/1173303134527684631
2026-03-01 16:58:11,872|line:526| 官方 或 预约 OUT！
2026-03-01 16:58:11,872|line:519| https://t.bilibili.com/1166227933960863761
2026-03-01 16:58:15,212|line:341| =========此为源动态=========
2026-03-01 16:58:18,728|line:362| *********子动态开始*********
2026-03-01 16:58:18,728|line:381| *********子动态结束*********
2026-03-01 16:58:18,728|line:537| -=-=-=-=处理回最初的动态-=-=-=-=
2026-03-01 16:58:27,969|line:475| 转发成功 1174870724542726162
2026-03-01 16:58:31,399|line:494| 评论发送成功
2026-03-01 16:58:34,815|line:424| 287886755 === 已经关注了
2026-03-01 16:58:38,224|line:503| 动态-点赞 OK
2026-03-01 16:58:42,225|line:519| https://t.bilibili.com/1168351037197647879
2026-03-01 16:58:42,225|line:521| 已有
2026-03-01 16:58:42,225|line:519| https://t.bilibili.com/1165380401636573206
2026-03-01 16:58:42,225|line:521| 已有
2026-03-01 16:58:42,225|line:519| https://t.bilibili.com/1158766847743492101
2026-03-01 16:58:42,225|line:521| 已有
2026-03-01 16:58:42,225|line:519| https://t.bilibili.com/1173549173840019493
2026-03-01 16:58:44,568|line:526| 官方 或 预约 OUT！
2026-03-01 16:58:44,568|line:519| https://t.bilibili.com/1164714518465478711
2026-03-01 16:58:47,911|line:526| 官方 或 预约 OUT！
2026-03-01 16:58:47,912|line:519| https://t.bilibili.com/1167294803850821649
2026-03-01 16:58:47,912|line:521| 已有
2026-03-01 16:58:47,912|line:519| https://t.bilibili.com/1169969709463896072
2026-03-01 16:58:47,912|line:521| 已有
2026-03-01 16:58:47,912|line:519| https://t.bilibili.com/1164984693400010770
2026-03-01 16:58:52,280|line:526| 官方 或 预约 OUT！
2026-03-01 16:58:52,280|line:519| https://t.bilibili.com/1173239959863164965
2026-03-01 16:58:52,280|line:521| 已有
2026-03-01 16:58:52,280|line:519| https://t.bilibili.com/1173363062167568423
2026-03-01 16:58:52,280|line:521| 已有
2026-03-01 16:58:52,280|line:519| https://t.bilibili.com/1171711827618299943
2026-03-01 16:58:55,623|line:526| 官方 或 预约 OUT！
2026-03-01 16:58:55,623|line:519| https://t.bilibili.com/1174361401560399877
2026-03-01 16:58:58,938|line:526| 官方 或 预约 OUT！
2026-03-01 16:58:58,938|line:519| https://t.bilibili.com/1168857920690978824
2026-03-01 16:59:02,252|line:526| 官方 或 预约 OUT！
2026-03-01 16:59:02,253|line:519| https://t.bilibili.com/1171515897670533144
2026-03-01 16:59:02,253|line:521| 已有
2026-03-01 16:59:02,253|line:519| https://t.bilibili.com/1170174579381895170
2026-03-01 16:59:03,566|line:341| =========此为源动态=========
2026-03-01 16:59:08,098|line:362| *********子动态开始*********
2026-03-01 16:59:08,099|line:381| *********子动态结束*********
2026-03-01 16:59:08,099|line:537| -=-=-=-=处理回最初的动态-=-=-=-=
2026-03-01 16:59:15,375|line:475| 转发成功 1174870930724225030
2026-03-01 16:59:18,756|line:494| 评论发送成功
2026-03-01 16:59:20,139|line:424| 3546923738860114 === 已经关注了
2026-03-01 16:59:23,500|line:503| 动态-点赞 OK
2026-03-01 16:59:24,501|line:519| https://t.bilibili.com/1168314031772008467
2026-03-01 16:59:24,501|line:521| 已有
2026-03-01 16:59:24,501|line:519| https://t.bilibili.com/1167294803793149960
2026-03-01 16:59:28,929|line:341| =========此为源动态=========
2026-03-01 16:59:30,438|line:362| *********子动态开始*********
2026-03-01 16:59:30,438|line:381| *********子动态结束*********
2026-03-01 16:59:30,438|line:537| -=-=-=-=处理回最初的动态-=-=-=-=
2026-03-01 16:59:40,718|line:475| 转发成功 1174871038096310277
2026-03-01 16:59:44,112|line:494| 评论发送成功
2026-03-01 16:59:45,530|line:424| 287886755 === 已经关注了
2026-03-01 16:59:48,863|line:503| 动态-点赞 OK
2026-03-01 16:59:51,863|line:519| https://t.bilibili.com/1172861197376028677
2026-03-01 16:59:54,232|line:526| 官方 或 预约 OUT！
2026-03-01 16:59:54,232|line:519| https://t.bilibili.com/1165456894959026176
2026-03-01 16:59:54,232|line:521| 已有
2026-03-01 16:59:54,232|line:519| https://t.bilibili.com/1166183315655360564
2026-03-01 16:59:54,232|line:521| 已有
2026-03-01 16:59:54,232|line:519| https://t.bilibili.com/1173275827129810951
2026-03-01 16:59:57,551|line:526| 官方 或 预约 OUT！
2026-03-01 16:59:57,551|line:519| https://t.bilibili.com/1165493494532276263
2026-03-01 17:00:00,863|line:341| =========此为源动态=========
2026-03-01 17:00:04,244|line:362| *********子动态开始*********
2026-03-01 17:00:04,245|line:381| *********子动态结束*********
2026-03-01 17:00:04,245|line:537| -=-=-=-=处理回最初的动态-=-=-=-=
2026-03-01 17:00:12,441|line:475| 转发成功 1174871175548895241
2026-03-01 17:00:15,807|line:494| 评论发送成功
2026-03-01 17:00:20,187|line:424| 287886755 === 已经关注了
2026-03-01 17:00:23,583|line:503| 动态-点赞 OK
2026-03-01 17:00:24,583|line:519| https://t.bilibili.com/1171052041194176521
2026-03-01 17:00:24,583|line:521| 已有
2026-03-01 17:00:24,584|line:519| https://t.bilibili.com/1166183779527557177
2026-03-01 17:00:24,584|line:521| 已有
2026-03-01 17:00:24,584|line:519| https://t.bilibili.com/1173312016482304017
2026-03-01 17:00:24,584|line:521| 已有
2026-03-01 17:00:24,584|line:519| https://t.bilibili.com/1168149139405406229
2026-03-01 17:00:27,928|line:526| 官方 或 预约 OUT！
2026-03-01 17:00:27,929|line:519| https://t.bilibili.com/1173595628205244441
2026-03-01 17:00:32,505|line:526| 官方 或 预约 OUT！
2026-03-01 17:00:32,505|line:519| https://t.bilibili.com/1165841386863329305
2026-03-01 17:00:34,846|line:341| =========此为源动态=========
2026-03-01 17:00:36,401|line:362| *********子动态开始*********
2026-03-01 17:00:36,401|line:381| *********子动态结束*********
2026-03-01 17:00:36,401|line:537| -=-=-=-=处理回最初的动态-=-=-=-=
2026-03-01 17:00:45,715|line:475| 转发成功 1174871317283864595
2026-03-01 17:00:49,113|line:494| 评论发送成功
2026-03-01 17:00:52,506|line:424| 287886755 === 已经关注了
2026-03-01 17:00:55,830|line:503| 动态-点赞 OK
2026-03-01 17:00:56,831|line:519| https://t.bilibili.com/1173649637464080401
2026-03-01 17:00:56,831|line:521| 已有
2026-03-01 17:00:56,831|line:519| https://t.bilibili.com/1165393312265273385
2026-03-01 17:00:56,831|line:521| 已有
2026-03-01 17:00:56,831|line:519| https://t.bilibili.com/1173532103488307207
2026-03-01 17:00:58,137|line:526| 官方 或 预约 OUT！
2026-03-01 17:00:58,137|line:519| https://t.bilibili.com/1169917626553466899
2026-03-01 17:00:58,137|line:521| 已有
2026-03-01 17:00:58,137|line:519| https://t.bilibili.com/1173897027568795654
2026-03-01 17:00:58,138|line:521| 已有
2026-03-01 17:00:58,138|line:519| https://t.bilibili.com/1173525942404907029
2026-03-01 17:00:58,138|line:521| 已有
2026-03-01 17:00:58,138|line:519| https://t.bilibili.com/1164002842372997143
2026-03-01 17:00:59,452|line:526| 官方 或 预约 OUT！
2026-03-01 17:00:59,452|line:519| https://t.bilibili.com/1173216910907539460
2026-03-01 17:01:00,795|line:526| 官方 或 预约 OUT！
2026-03-01 17:01:00,796|line:519| https://t.bilibili.com/1174122945009680421
2026-03-01 17:01:00,796|line:521| 已有
2026-03-01 17:01:00,796|line:519| https://t.bilibili.com/1174280617548840963
2026-03-01 17:01:00,796|line:521| 已有
2026-03-01 17:01:00,796|line:519| https://t.bilibili.com/1173168697763692553
2026-03-01 17:01:05,138|line:526| 官方 或 预约 OUT！
2026-03-01 17:01:05,139|line:519| https://t.bilibili.com/1174398677564784648
2026-03-01 17:01:05,139|line:521| 已有
2026-03-01 17:01:05,139|line:519| https://t.bilibili.com/1166171281164337176
2026-03-01 17:01:05,139|line:521| 已有
2026-03-01 17:01:05,139|line:552| 执行结束
2026-03-01 17:01:05,139|line:558| ==================================================2026-03-02 01:01==================================================
2026-03-01 17:01:05,139|line:232| processing article 46324424
2026-03-01 17:01:10,580|line:507| ==================================================2026-03-02 01:01==================================================
2026-03-01 17:01:10,580|line:519| https://t.bilibili.com/1174356763029274649
2026-03-01 17:01:10,580|line:521| 已有
2026-03-01 17:01:10,580|line:519| https://t.bilibili.com/1174384302311342098
2026-03-01 17:01:14,885|line:526| 官方 或 预约 OUT！
2026-03-01 17:01:14,885|line:519| https://t.bilibili.com/1174283675506835478
2026-03-01 17:01:14,885|line:521| 已有
2026-03-01 17:01:14,885|line:519| https://t.bilibili.com/1174279569567383556
2026-03-01 17:01:17,189|line:526| 官方 或 预约 OUT！
2026-03-01 17:01:17,189|line:519| https://t.bilibili.com/1174279187266011155
2026-03-01 17:01:17,190|line:521| 已有
2026-03-01 17:01:17,190|line:519| https://t.bilibili.com/1174280617548840963
2026-03-01 17:01:17,190|line:521| 已有
2026-03-01 17:01:17,190|line:519| https://t.bilibili.com/1174424382933565462
2026-03-01 17:01:17,190|line:521| 已有
2026-03-01 17:01:17,190|line:519| https://t.bilibili.com/1174395675423539267
2026-03-01 17:01:17,190|line:521| 已有
2026-03-01 17:01:17,190|line:519| https://t.bilibili.com/1174357218259107856
2026-03-01 17:01:17,191|line:521| 已有
2026-03-01 17:01:17,191|line:519| https://t.bilibili.com/1160695296654573584
2026-03-01 17:01:19,504|line:526| 官方 或 预约 OUT！
2026-03-01 17:01:19,504|line:519| https://t.bilibili.com/1169127073410711568
2026-03-01 17:01:22,879|line:526| 官方 或 预约 OUT！
2026-03-01 17:01:22,879|line:519| https://t.bilibili.com/1174418997066596356
2026-03-01 17:01:27,270|line:526| 官方 或 预约 OUT！
2026-03-01 17:01:27,270|line:519| https://t.bilibili.com/1174285792938295299
2026-03-01 17:01:28,582|line:526| 官方 或 预约 OUT！
2026-03-01 17:01:28,582|line:519| https://t.bilibili.com/1174101732133699602
2026-03-01 17:01:28,582|line:521| 已有
2026-03-01 17:01:28,582|line:519| https://t.bilibili.com/1174268123447033893
2026-03-01 17:01:28,582|line:521| 已有
2026-03-01 17:01:28,582|line:519| https://t.bilibili.com/1174364773081415681
2026-03-01 17:01:28,583|line:521| 已有
2026-03-01 17:01:28,583|line:519| https://t.bilibili.com/1174073660208578579
2026-03-01 17:01:28,583|line:521| 已有
2026-03-01 17:01:28,583|line:519| https://t.bilibili.com/1158766847743492101
2026-03-01 17:01:28,583|line:521| 已有
2026-03-01 17:01:28,583|line:519| https://t.bilibili.com/1174069386751770624
2026-03-01 17:01:33,016|line:526| 官方 或 预约 OUT！
2026-03-01 17:01:33,016|line:519| https://t.bilibili.com/1174028453541838850
2026-03-01 17:01:33,016|line:521| 已有
2026-03-01 17:01:33,016|line:519| https://t.bilibili.com/1174334652537634820
2026-03-01 17:01:33,017|line:521| 已有
2026-03-01 17:01:33,017|line:519| https://t.bilibili.com/1164984693400010770
2026-03-01 17:01:36,348|line:526| 官方 或 预约 OUT！
2026-03-01 17:01:36,349|line:519| https://t.bilibili.com/1174281523728220165
2026-03-01 17:01:36,349|line:521| 已有
2026-03-01 17:01:36,349|line:519| https://t.bilibili.com/1174391807771934743
2026-03-01 17:01:36,349|line:521| 已有
2026-03-01 17:01:36,349|line:519| https://t.bilibili.com/1174361401560399877
2026-03-01 17:01:40,691|line:526| 官方 或 预约 OUT！
2026-03-01 17:01:40,691|line:519| https://t.bilibili.com/1174346373494997040
2026-03-01 17:01:40,691|line:521| 已有
2026-03-01 17:01:40,692|line:519| https://t.bilibili.com/1174393343251054612
2026-03-01 17:01:42,032|line:526| 官方 或 预约 OUT！
2026-03-01 17:01:42,033|line:519| https://t.bilibili.com/1174406146554855433
2026-03-01 17:01:45,337|line:526| 官方 或 预约 OUT！
2026-03-01 17:01:45,338|line:519| https://t.bilibili.com/1174333540112793625
2026-03-01 17:01:47,645|line:526| 官方 或 预约 OUT！
2026-03-01 17:01:47,646|line:519| https://t.bilibili.com/1174253743904915509
2026-03-01 17:01:47,646|line:521| 已有
2026-03-01 17:01:47,646|line:519| https://t.bilibili.com/1174357879720771619
2026-03-01 17:01:47,646|line:521| 已有
2026-03-01 17:01:47,646|line:519| https://t.bilibili.com/1174282511579086882
2026-03-01 17:01:47,646|line:521| 已有
2026-03-01 17:01:47,647|line:519| https://t.bilibili.com/1174273698357575685
2026-03-01 17:01:50,985|line:526| 官方 或 预约 OUT！
2026-03-01 17:01:50,985|line:519| https://t.bilibili.com/1174252650824204344
2026-03-01 17:01:50,985|line:521| 已有
2026-03-01 17:01:50,985|line:519| https://t.bilibili.com/1174018959513485353
2026-03-01 17:01:50,985|line:521| 已有
2026-03-01 17:01:50,986|line:519| https://t.bilibili.com/1174407269651054592
2026-03-01 17:01:50,986|line:521| 已有
2026-03-01 17:01:50,986|line:519| https://t.bilibili.com/1174274673319346181
2026-03-01 17:01:50,986|line:521| 已有
2026-03-01 17:01:50,986|line:519| https://t.bilibili.com/1174354276235870216
2026-03-01 17:01:50,986|line:521| 已有
2026-03-01 17:01:50,986|line:519| https://t.bilibili.com/1174314375977107465
2026-03-01 17:01:53,326|line:526| 官方 或 预约 OUT！
2026-03-01 17:01:53,326|line:519| https://t.bilibili.com/1174083693255327776
2026-03-01 17:01:56,668|line:526| 官方 或 预约 OUT！
2026-03-01 17:01:56,668|line:519| https://t.bilibili.com/1174261122674458644
2026-03-01 17:02:00,974|line:526| 官方 或 预约 OUT！
2026-03-01 17:02:00,974|line:519| https://t.bilibili.com/1174220629724889109
2026-03-01 17:02:00,974|line:521| 已有
2026-03-01 17:02:00,974|line:519| https://t.bilibili.com/1168149139405406229
2026-03-01 17:02:02,433|line:526| 官方 或 预约 OUT！
2026-03-01 17:02:02,433|line:519| https://t.bilibili.com/1174329960272232449
2026-03-01 17:02:02,433|line:521| 已有
2026-03-01 17:02:02,434|line:519| https://t.bilibili.com/1174303251991887873
2026-03-01 17:02:03,771|line:526| 官方 或 预约 OUT！
2026-03-01 17:02:03,771|line:519| https://t.bilibili.com/1169917626553466899
2026-03-01 17:02:03,771|line:521| 已有
2026-03-01 17:02:03,771|line:519| https://t.bilibili.com/1174327759105687560
2026-03-01 17:02:03,772|line:521| 已有
2026-03-01 17:02:03,772|line:519| https://t.bilibili.com/1174385247201001475
2026-03-01 17:02:05,076|line:526| 官方 或 预约 OUT！
2026-03-01 17:02:05,076|line:519| https://t.bilibili.com/1173966273172733993
2026-03-01 17:02:05,076|line:521| 已有
2026-03-01 17:02:05,076|line:519| https://t.bilibili.com/1174398643193511941
2026-03-01 17:02:07,451|line:526| 官方 或 预约 OUT！
2026-03-01 17:02:07,452|line:519| https://t.bilibili.com/1174280102138085382
2026-03-01 17:02:07,452|line:521| 已有
2026-03-01 17:02:07,452|line:519| https://t.bilibili.com/1174346472247787528
2026-03-01 17:02:07,452|line:521| 已有
2026-03-01 17:02:07,452|line:519| https://t.bilibili.com/1174122945009680421
2026-03-01 17:02:07,452|line:521| 已有
2026-03-01 17:02:07,452|line:519| https://t.bilibili.com/1174388562919948338
2026-03-01 17:02:07,453|line:521| 已有
2026-03-01 17:02:07,453|line:519| https://t.bilibili.com/1174278070576611330
2026-03-01 17:02:07,453|line:521| 已有
2026-03-01 17:02:07,453|line:519| https://t.bilibili.com/1174398677564784648
2026-03-01 17:02:07,453|line:521| 已有
2026-03-01 17:02:07,453|line:552| 执行结束
2026-03-01 17:02:07,453|line:558| ==================================================2026-03-02 01:02==================================================
2026-03-01 17:02:07,453|line:232| processing article 46312114
2026-03-01 17:02:10,995|line:507| ==================================================2026-03-02 01:02==================================================
2026-03-01 17:02:10,995|line:519| https://t.bilibili.com/1164991041379500032
2026-03-01 17:02:15,346|line:526| 官方 或 预约 OUT！
2026-03-01 17:02:15,346|line:519| https://t.bilibili.com/1172879045109481476
2026-03-01 17:02:19,674|line:526| 官方 或 预约 OUT！
2026-03-01 17:02:19,674|line:519| https://t.bilibili.com/1168392612494704691
2026-03-01 17:02:21,016|line:526| 官方 或 预约 OUT！
2026-03-01 17:02:21,016|line:519| https://t.bilibili.com/1152179192584994855
2026-03-01 17:02:22,329|line:526| 官方 或 预约 OUT！
2026-03-01 17:02:22,330|line:519| https://t.bilibili.com/1169230513399922705
2026-03-01 17:02:25,673|line:526| 官方 或 预约 OUT！
2026-03-01 17:02:25,674|line:519| https://t.bilibili.com/1170588204080824361
2026-03-01 17:02:28,980|line:526| 官方 或 预约 OUT！
2026-03-01 17:02:28,980|line:519| https://t.bilibili.com/1173160301080608790
2026-03-01 17:02:30,293|line:526| 官方 或 预约 OUT！
2026-03-01 17:02:30,293|line:519| https://t.bilibili.com/1142393178301661192
2026-03-01 17:02:34,732|line:526| 官方 或 预约 OUT！
2026-03-01 17:02:34,733|line:519| https://t.bilibili.com/1164341633731264513
2026-03-01 17:02:39,042|line:526| 官方 或 预约 OUT！
2026-03-01 17:02:39,043|line:519| https://t.bilibili.com/1164627261910941701
2026-03-01 17:02:40,386|line:526| 官方 或 预约 OUT！
2026-03-01 17:02:40,386|line:519| https://t.bilibili.com/1164780776907079696
2026-03-01 17:02:42,724|line:526| 官方 或 预约 OUT！
2026-03-01 17:02:42,724|line:519| https://t.bilibili.com/1165238955419893797
2026-03-01 17:02:45,029|line:526| 官方 或 预约 OUT！
2026-03-01 17:02:45,029|line:519| https://t.bilibili.com/1169235594339942408
2026-03-01 17:02:47,346|line:526| 官方 或 预约 OUT！
2026-03-01 17:02:47,347|line:519| https://t.bilibili.com/1160695296654573584
2026-03-01 17:02:49,685|line:526| 官方 或 预约 OUT！
2026-03-01 17:02:49,685|line:519| https://t.bilibili.com/1169127073410711568
2026-03-01 17:02:53,999|line:526| 官方 或 预约 OUT！
2026-03-01 17:02:53,999|line:519| https://t.bilibili.com/1173619514661666840
2026-03-01 17:02:57,343|line:526| 官方 或 预约 OUT！
2026-03-01 17:02:57,343|line:519| https://t.bilibili.com/1164751433688416313
2026-03-01 17:02:59,659|line:526| 官方 或 预约 OUT！
2026-03-01 17:02:59,660|line:519| https://t.bilibili.com/1141613680383754246
2026-03-01 17:03:00,995|line:526| 官方 或 预约 OUT！
2026-03-01 17:03:00,996|line:519| https://t.bilibili.com/1170227834820493351
2026-03-01 17:03:02,344|line:526| 官方 或 预约 OUT！
2026-03-01 17:03:02,344|line:519| https://t.bilibili.com/1169185373234921496
2026-03-01 17:03:04,687|line:526| 官方 或 预约 OUT！
2026-03-01 17:03:04,688|line:519| https://t.bilibili.com/1158766847743492101
2026-03-01 17:03:04,688|line:521| 已有
2026-03-01 17:03:04,688|line:519| https://t.bilibili.com/1165192449562247209
2026-03-01 17:03:09,038|line:526| 官方 或 预约 OUT！
2026-03-01 17:03:09,038|line:519| https://t.bilibili.com/1170248141434257432
2026-03-01 17:03:13,382|line:526| 官方 或 预约 OUT！
2026-03-01 17:03:13,383|line:519| https://t.bilibili.com/1171052064859488322
2026-03-01 17:03:17,725|line:526| 官方 或 预约 OUT！
2026-03-01 17:03:17,725|line:519| https://t.bilibili.com/1165082171945254913
2026-03-01 17:03:22,036|line:526| 官方 或 预约 OUT！
2026-03-01 17:03:22,036|line:519| https://t.bilibili.com/1172915359076843537
2026-03-01 17:03:25,348|line:526| 官方 或 预约 OUT！
2026-03-01 17:03:25,348|line:519| https://t.bilibili.com/1165037379778510850
2026-03-01 17:03:29,654|line:526| 官方 或 预约 OUT！
2026-03-01 17:03:29,654|line:519| https://t.bilibili.com/1164984693400010770
2026-03-01 17:03:32,966|line:526| 官方 或 预约 OUT！
2026-03-01 17:03:32,966|line:519| https://t.bilibili.com/1164362339748675590
2026-03-01 17:03:34,311|line:526| 官方 或 预约 OUT！
2026-03-01 17:03:34,311|line:519| https://t.bilibili.com/1157590039610261510
2026-03-01 17:03:36,775|line:526| 官方 或 预约 OUT！
2026-03-01 17:03:36,775|line:519| https://t.bilibili.com/1152517958096912393
2026-03-01 17:03:40,124|line:526| 官方 或 预约 OUT！
2026-03-01 17:03:40,124|line:519| https://t.bilibili.com/1167297730858450951
2026-03-01 17:03:44,446|line:526| 官方 或 预约 OUT！
2026-03-01 17:03:44,446|line:519| https://t.bilibili.com/1169849559879254017
2026-03-01 17:03:46,792|line:526| 官方 或 预约 OUT！
2026-03-01 17:03:46,792|line:519| https://t.bilibili.com/1170217161862414355
2026-03-01 17:03:48,135|line:526| 官方 或 预约 OUT！
2026-03-01 17:03:48,135|line:519| https://t.bilibili.com/1163243814262931492
2026-03-01 17:03:52,480|line:526| 官方 或 预约 OUT！
2026-03-01 17:03:52,480|line:519| https://t.bilibili.com/1174307954973736965
2026-03-01 17:03:56,789|line:526| 官方 或 预约 OUT！
2026-03-01 17:03:56,789|line:519| https://t.bilibili.com/1168451530871799816
2026-03-01 17:03:58,160|line:526| 官方 或 预约 OUT！
2026-03-01 17:03:58,160|line:519| https://t.bilibili.com/1168720958483070995
2026-03-01 17:04:01,470|line:526| 官方 或 预约 OUT！
2026-03-01 17:04:01,470|line:519| https://t.bilibili.com/1169627067733508121
2026-03-01 17:04:04,786|line:526| 官方 或 预约 OUT！
2026-03-01 17:04:04,786|line:519| https://t.bilibili.com/1169940664737071105
2026-03-01 17:04:06,134|line:526| 官方 或 预约 OUT！
2026-03-01 17:04:06,134|line:519| https://t.bilibili.com/1171408293734645783
2026-03-01 17:04:09,449|line:526| 官方 或 预约 OUT！
2026-03-01 17:04:09,449|line:519| https://t.bilibili.com/1147690474979459109
2026-03-01 17:04:12,766|line:526| 官方 或 预约 OUT！
2026-03-01 17:04:12,766|line:519| https://t.bilibili.com/1165070674333532183
2026-03-01 17:04:14,100|line:526| 官方 或 预约 OUT！
2026-03-01 17:04:14,100|line:519| https://t.bilibili.com/1168099931974533154
2026-03-01 17:04:17,487|line:526| 官方 或 预约 OUT！
2026-03-01 17:04:17,487|line:519| https://t.bilibili.com/1164675460059103240
2026-03-01 17:04:21,832|line:526| 官方 或 预约 OUT！
2026-03-01 17:04:21,832|line:519| https://t.bilibili.com/1168711148754698263
2026-03-01 17:04:23,193|line:526| 官方 或 预约 OUT！
2026-03-01 17:04:23,194|line:519| https://t.bilibili.com/1171045523629539335
2026-03-01 17:04:24,572|line:526| 官方 或 预约 OUT！
2026-03-01 17:04:24,572|line:519| https://t.bilibili.com/1163862843626356739
2026-03-01 17:04:27,887|line:526| 官方 或 预约 OUT！
2026-03-01 17:04:27,887|line:519| https://t.bilibili.com/1169917626553466899
2026-03-01 17:04:27,887|line:521| 已有
2026-03-01 17:04:27,887|line:519| https://t.bilibili.com/1168149139405406229
2026-03-01 17:04:32,228|line:526| 官方 或 预约 OUT！
2026-03-01 17:04:32,229|line:519| https://t.bilibili.com/1171703817526312979
2026-03-01 17:04:33,538|line:526| 官方 或 预约 OUT！
2026-03-01 17:04:33,538|line:519| https://t.bilibili.com/1172917961867919384
2026-03-01 17:04:35,850|line:526| 官方 或 预约 OUT！
2026-03-01 17:04:35,850|line:519| https://t.bilibili.com/1170031580605841413
2026-03-01 17:04:39,229|line:526| 官方 或 预约 OUT！
2026-03-01 17:04:39,230|line:519| https://t.bilibili.com/1170140028500705282
2026-03-01 17:04:41,547|line:526| 官方 或 预约 OUT！
2026-03-01 17:04:41,548|line:552| 执行结束
2026-03-01 17:04:41,548|line:558| ==================================================2026-03-02 01:04==================================================
2026-03-01 17:04:41,548|line:232| processing article 46311898
2026-03-01 17:04:46,911|line:507| ==================================================2026-03-02 01:04==================================================
2026-03-01 17:04:46,911|line:519| https://t.bilibili.com/1173553153160773633
2026-03-01 17:04:51,216|line:526| 官方 或 预约 OUT！
2026-03-01 17:04:51,217|line:519| https://t.bilibili.com/1173612161683947545
2026-03-01 17:04:51,217|line:521| 已有
2026-03-01 17:04:51,217|line:519| https://t.bilibili.com/1173244284880551944
2026-03-01 17:04:51,217|line:521| 已有
2026-03-01 17:04:51,217|line:519| https://t.bilibili.com/1160695296654573584
2026-03-01 17:04:53,559|line:526| 官方 或 预约 OUT！
2026-03-01 17:04:53,559|line:519| https://t.bilibili.com/1169127073410711568
2026-03-01 17:04:54,894|line:526| 官方 或 预约 OUT！
2026-03-01 17:04:54,895|line:519| https://t.bilibili.com/1170227834820493351
2026-03-01 17:04:56,240|line:526| 官方 或 预约 OUT！
2026-03-01 17:04:56,241|line:519| https://t.bilibili.com/1173619514661666840
2026-03-01 17:04:59,585|line:526| 官方 或 预约 OUT！
2026-03-01 17:04:59,585|line:519| https://t.bilibili.com/1173549188867162114
2026-03-01 17:05:03,927|line:526| 官方 或 预约 OUT！
2026-03-01 17:05:03,927|line:519| https://t.bilibili.com/1173637639454064672
2026-03-01 17:05:07,267|line:526| 官方 或 预约 OUT！
2026-03-01 17:05:07,267|line:519| https://t.bilibili.com/1167372171234770995
2026-03-01 17:05:11,577|line:526| 官方 或 预约 OUT！
2026-03-01 17:05:11,577|line:519| https://t.bilibili.com/1170217419543674889
2026-03-01 17:05:14,935|line:526| 官方 或 预约 OUT！
2026-03-01 17:05:14,935|line:519| https://t.bilibili.com/1158766847743492101
2026-03-01 17:05:14,935|line:521| 已有
2026-03-01 17:05:14,936|line:519| https://t.bilibili.com/1169831581146152983
2026-03-01 17:05:18,280|line:526| 官方 或 预约 OUT！
2026-03-01 17:05:18,280|line:519| https://t.bilibili.com/1164984693400010770
2026-03-01 17:05:20,620|line:526| 官方 或 预约 OUT！
2026-03-01 17:05:20,620|line:519| https://t.bilibili.com/1169837405108174869
2026-03-01 17:05:24,931|line:526| 官方 或 预约 OUT！
2026-03-01 17:05:24,931|line:519| https://t.bilibili.com/1172870476693766151
2026-03-01 17:05:24,931|line:521| 已有
2026-03-01 17:05:24,932|line:519| https://t.bilibili.com/1167297730858450951
2026-03-01 17:05:28,249|line:526| 官方 或 预约 OUT！
2026-03-01 17:05:28,249|line:519| https://t.bilibili.com/1169884976187965449
2026-03-01 17:05:31,591|line:526| 官方 或 预约 OUT！
2026-03-01 17:05:31,592|line:519| https://t.bilibili.com/1174075670280536104
2026-03-01 17:05:35,934|line:526| 官方 或 预约 OUT！
2026-03-01 17:05:35,934|line:519| https://t.bilibili.com/1172481318300155910
2026-03-01 17:05:39,253|line:526| 官方 或 预约 OUT！
2026-03-01 17:05:39,253|line:519| https://t.bilibili.com/1172159273052930103
2026-03-01 17:05:41,561|line:526| 官方 或 预约 OUT！
2026-03-01 17:05:41,561|line:519| https://t.bilibili.com/1170217161862414355
2026-03-01 17:05:45,880|line:526| 官方 或 预约 OUT！
2026-03-01 17:05:45,880|line:519| https://t.bilibili.com/1165849175836852230
2026-03-01 17:05:48,262|line:526| 官方 或 预约 OUT！
2026-03-01 17:05:48,262|line:519| https://t.bilibili.com/1174307954973736965
2026-03-01 17:05:52,614|line:526| 官方 或 预约 OUT！
2026-03-01 17:05:52,615|line:519| https://t.bilibili.com/1167217518017773569
2026-03-01 17:05:53,979|line:526| 官方 或 预约 OUT！
2026-03-01 17:05:53,980|line:519| https://t.bilibili.com/1170031567692628160
2026-03-01 17:05:57,313|line:526| 官方 或 预约 OUT！
2026-03-01 17:05:57,314|line:519| https://t.bilibili.com/1172908491445108753
2026-03-01 17:05:58,655|line:526| 官方 或 预约 OUT！
2026-03-01 17:05:58,655|line:519| https://t.bilibili.com/1171408293734645783
2026-03-01 17:06:00,998|line:526| 官方 或 预约 OUT！
2026-03-01 17:06:00,999|line:519| https://t.bilibili.com/1168711148754698263
2026-03-01 17:06:05,309|line:526| 官方 或 预约 OUT！
2026-03-01 17:06:05,309|line:519| https://t.bilibili.com/1171045523629539335
2026-03-01 17:06:07,628|line:526| 官方 或 预约 OUT！
2026-03-01 17:06:07,628|line:519| https://t.bilibili.com/1173985789472669752
2026-03-01 17:06:07,628|line:521| 已有
2026-03-01 17:06:07,628|line:519| https://t.bilibili.com/1169917626553466899
2026-03-01 17:06:07,628|line:521| 已有
2026-03-01 17:06:07,628|line:519| https://t.bilibili.com/1173870735888744454
2026-03-01 17:06:10,005|line:526| 官方 或 预约 OUT！
2026-03-01 17:06:10,005|line:519| https://t.bilibili.com/1173556958496555048
2026-03-01 17:06:12,344|line:526| 官方 或 预约 OUT！
2026-03-01 17:06:12,345|line:519| https://t.bilibili.com/1168149139405406229
2026-03-01 17:06:13,695|line:526| 官方 或 预约 OUT！
2026-03-01 17:06:13,695|line:552| 执行结束
2026-03-01 17:06:13,696|line:558| ==================================================2026-03-02 01:06==================================================
2026-03-01 17:06:21,541|line:578| ('reply: ', '吓死我啦芙莱', '并不是')
2026-03-01 17:06:21,541|line:578| ('reply: ', '花生十三-公考行测', '68')
2026-03-01 17:06:21,541|line:578| ('reply: ', '三鹿七茸猫尾巴', '[夏诺雅表情包_？？？]')
2026-03-01 17:06:21,541|line:578| ('reply: ', '小闪闪bling', 'hhh腾子买库洛让我感觉他自己有点不太想出大世界了')
2026-03-01 17:06:21,542|line:578| ('reply: ', '魔改后远野汉娜', '不是，这……')
2026-03-01 17:06:21,542|line:578| ('reply: ', '好像都是一个人', '你在说什么')
2026-03-01 17:06:21,542|line:578| ('reply: ', '目标咨询', '太宠粉了啊')
2026-03-01 17:06:21,542|line:578| ('reply: ', '数玩工场', '祝你成功')
2026-03-01 17:06:21,542|line:578| ('reply: ', '益家有小佰', '恭喜宝子，获得小电视月度会员1份和克刻冰冰猴喉糖随机口味1份～记得私信小佰提供信息哦~')
2026-03-01 17:06:21,542|line:578| ('reply: ', '圆环之理-Madoka', '是的')
2026-03-01 17:06:21,542|line:578| ('reply: ', '兰的三姨', '这就是银河巨星的实力！')
2026-03-01 17:06:21,542|line:578| ('reply: ', '花园百合铃音', '有男不玩，我只吃麻辣火锅，xxn滚[吃瓜]')
2026-03-01 17:06:21,542|line:578| ('reply: ', '是绝赞的阿鬼', '[tv_难过]')
2026-03-01 17:06:21,543|line:578| ('reply: ', '桃稚不幼稚', '还行')
2026-03-01 17:06:21,543|line:578| ('reply: ', '陌罔子吖', '佬，这个报名有啥条件不。最近太非了，想下次报来抽[脱单doge][脱单doge][脱单doge]')
2026-03-01 17:06:21,543|line:578| ('reply: ', '太二酸菜鱼', '恭喜成为本期欧皇[打call]获得【肥龙联名显眼包】1份，在收到本信息的两天内回复哥的私信哦~逾期哥就自己收啦！[脱单doge]')
2026-03-01 17:06:21,543|line:578| ('reply: ', '得一想二的松鼠', '中奖分我一半')
2026-03-01 17:06:21,543|line:578| ('reply: ', '佑凉Uriyoo', '谢谢！！！[UP_24967030_感恩]')
2026-03-01 17:06:21,543|line:578| ('reply: ', '岛莓祁', '好耶')
2026-03-01 17:06:21,543|line:578| ('reply: ', '苏酥_SUSU_', 'https://b23.tv/3HJcDkm')
2026-03-01 17:06:24,888|line:587| ('at: ', '电脑报', '恭喜@小小Shaun UID：1090970340，@-叶晓吖  UID：22437099  获得 【电竞大礼包】1份， 请在三日内私信我')
2026-03-01 17:06:24,889|line:587| ('at: ', '联想拯救者官方', '是我喜欢的奖品名单 直接开奖 上 趁现在没人偷摸开个奖 恭喜这些小伙伴 【拯救者7.1声卡H7游戏耳机】获奖名单 @泪水打湿猪脚饭o @xoomoon @小小Shaun @T山海连云T @超超超超薄脆饼干 @BerboomC 【拯救者C140氮化镓适配器】获奖名单 @改个天凉好个秋 @夜猫子牙不好 @LLL好久不见 @林殇倾慕婉 @今天也要拥抱微风 @洳不及我万一 @胜利の天平 【白金独角兽电竞鼠标】获奖名单 @底片上的诗旅人 【拯救者C170氮化镓适配器】获奖名单 @麦當劳无限好 @無名丶の辈 @任性的提莫 @广东有暖风 由于B站私信规则修改 我会私信中奖的小伙伴一条消息，还请注意查收并回复我您的收货地址与联系方式，奖品基本会在私信您信息后的三十个工作日内发货')
2026-03-01 17:06:24,889|line:587| ('at: ', 'Apexgaming艾湃电竞', '恭喜 @小小Shaun 获得饮料一份，三天内联系我，过时不候！')
2026-03-01 17:06:24,889|line:587| ('at: ', '喜欢白毛有什么不好', '1 @浪子游2fans6@被_____打下来的飞机@拉斯特臣后面一个点@专心致志的学生@猫猫头OmMeow@小小Shaun@龐門左道@啦啦痴痴腻@bili_66938050009@日月星辰668')
2026-03-01 17:06:24,889|line:587| ('at: ', 'iKF蓝牙耳机', '恭喜@小小Shaun 宝子成为苏泊尔福利动态幸运儿！\n注意：即日起72小时内回复信息确认领奖哦！逾期将自动视为放弃中奖资格。\n没有中奖的宝子们不要气馁，参与一下下置顶视频iKF Mars，增加欧气值，说不定下个幸运儿就是你！\n链接：\nhttps://www.bilibili.com/video/BV1Soo6YLEHZ/?spm_id_from=333.1387.list.card_archive.click&vd_source=21fb0967ccc75e6b3b2447ade2c740dd\n还没参与抽奖的宝子们，赶紧点击上方链接参与吧！还有特别福利惊喜等你哦~')
2026-03-01 17:06:24,889|line:587| ('at: ', 'wellymerck威利默克', '恭喜@小小Shaun\xa0 获得《我是你的小狗3 永远等你回家》1本，请于5天内联系威宝，凭关注+互动截图领取奖品，逾期作废~')
2026-03-01 17:06:24,889|line:587| ('at: ', '宁美NINGMEI', '恭喜@小小Shaun   中奖，请在12月1日24点前私信我：1. 奖品+中奖信息a. 实物奖：姓名电话地址，给文字！省市区路清晰，提交不清晰不发奖，信息错误致无法签收，概不负责；\n\nb. 现金红包给到支付宝实名+账号；\n\nc. 京东卡/猫超卡 等购物卡给到姓名+电话；2. 宁美和品牌方关注截图+转发截图！\n\n必须关注品牌方，否则奖品不予发放；如遇无法私信图片的情况，等待我回复后即可发送图片。PS： \n\n因后台收信有时会出问题，以回复“已登记”为准，没有回复即表示私信未收到。\n\n过期视为自动放弃，不会补发；奖品30个工作日内发送，勿催哦~\n\n不发全，不回复。其他小伙伴请继续努力！')
2026-03-01 17:06:24,889|line:587| ('at: ', '爱玛电动车官方账号', '#一“玛”当先榜# 快来看看10月都是谁和爱玛酱互动最多呀~ 💕恭喜@小小Shaun 和@甘瑞凯拉莎 排行第一！这两位小玛达将会获得【爱玛随机周边×1】，请5天内私信爱玛酱领奖哟~[鼓掌] 以后也请继续单推我无敌可爱美少女爱玛酱呀嘿嘿！(●´З｀●)')
2026-03-01 17:06:24,890|line:587| ('at: ', '爱玛电动车官方账号', '')
2026-03-01 17:06:24,890|line:587| ('at: ', '海露滴眼液', '互动榜出炉啦')
2026-03-01 17:06:24,890|line:587| ('at: ', '和蔼可亲桃白白', '\u200b//@九号公司:\u200b恭喜@小小Shaun 中奖！后续记得查收私信哟～\u200b//@九号公司:#互动抽奖# 谢谢粒粒的复工礼！小九也来加个码~关注【@微粒贷+@九号公司 】并转发该动态，抽一位小可爱获得【100元京东卡】~ #供电局福利社# 10月31日抽出！')
2026-03-01 17:06:24,890|line:587| ('at: ', '望大家身体健康快乐', '\u200b//@九号公司:\u200b恭喜@小小Shaun 中奖！后续记得查收私信哟～\u200b//@九号公司 :#互动抽奖# 谢谢粒粒的复工礼！小九也来加个码~关注【@微粒贷+@九号公司 】并转发该动态，抽一位小可爱获得【100元京东卡】~ #供电局福利社# 10月31日抽出！')
2026-03-01 17:06:24,890|line:587| ('at: ', 'MoMA_Reona', '//@九号公司:\u200b恭喜@小小Shaun 中奖！后续记得查收私信哟～\u200b//@九号公司:#互动抽奖# 谢谢粒粒的复工礼！小九也来加个码~关注【@微粒贷+@九号公司 】并转发该动态，抽一位小可爱获得【100元京东卡】~ #供电局福利社# 10月31日抽出！')
2026-03-01 17:06:24,890|line:587| ('at: ', '摸鱼二队', '\u200b//@九号公司:\u200b恭喜@小小Shaun 中奖！后续记得查收私信哟～\u200b//@九号公司 :#互动抽奖# 谢谢粒粒的复工礼！小九也来加个码~关注【@微粒贷+@九号公司 】并转发该动态，抽一位小可爱获得【100元京东卡】~ #供电局福利社# 10月31日抽出！')
2026-03-01 17:06:24,890|line:587| ('at: ', '文少嘅一些事一些情', '\u200b//@九号公司:\u200b恭喜@小小Shaun 中奖！后续记得查收私信哟～\u200b//@九号公司 :#互动抽奖# 谢谢粒粒的复工礼！小九也来加个码~关注【@微粒贷+@九号公司 】并转发该动态，抽一位小可爱获得【100元京东卡】~ #供电局福利社# 10月31日抽出！')
2026-03-01 17:06:24,890|line:587| ('at: ', 'Carry队友的嘟嘟酱丶', '\u200b//@九号公司:\u200b恭喜@小小Shaun 中奖！后续记得查收私信哟～\u200b//@九号公司 :#互动抽奖# 谢谢粒粒的复工礼！小九也来加个码~关注【@微粒贷+@九号公司 】并转发该动态，抽一位小可爱获得【100元京东卡】~ #供电局福利社# 10月31日抽出！')
2026-03-01 17:06:24,890|line:587| ('at: ', '蛤蟆zero', '//@九号公司:\u200b恭喜@小小Shaun 中奖！后续记得查收私信哟～\u200b//@九号公司:#互动抽奖# 谢谢粒粒的复工礼！小九也来加个码~关注【@微粒贷+@九号公司 】并转发该动态，抽一位小可爱获得【100元京东卡】~ #供电局福利社# 10月31日抽出！c冲冲冲')
2026-03-01 17:06:24,891|line:587| ('at: ', '木而各子要吃笃栗子', '\u200b//@九号公司:\u200b恭喜@小小Shaun 中奖！后续记得查收私信哟～\u200b//@九号公司 :#互动抽奖# 谢谢粒粒的复工礼！小九也来加个码~关注【@微粒贷+@九号公司 】并转发该动态，抽一位小可爱获得【100元京东卡】~ #供电局福利社# 10月31日抽出！')
2026-03-01 17:06:24,891|line:587| ('at: ', '裙下愚臣情默默', '\u200b//@九号公司:\u200b恭喜@小小Shaun 中奖！后续记得查收私信哟～\u200b//@九号公司 :#互动抽奖# 谢谢粒粒的复工礼！小九也来加个码~关注【@微粒贷+@九号公司 】并转发该动态，抽一位小可爱获得【100元京东卡】~ #供电局福利社# 10月31日抽出！')
2026-03-01 17:06:24,891|line:587| ('at: ', '戊子毕宿', '')
