2026-06-09 18:18:16,945|line:232| processing article 50296725
2026-06-09 18:18:19,839|line:507| ==================================================2026-06-10 02:18==================================================
2026-06-09 18:18:19,840|line:232| processing article 50292871
2026-06-09 18:18:21,630|line:507| ==================================================2026-06-10 02:18==================================================
2026-06-09 18:18:21,630|line:232| processing article 50275774
2026-06-09 18:18:24,301|line:507| ==================================================2026-06-10 02:18==================================================
2026-06-09 18:18:24,301|line:232| processing article 50275359
2026-06-09 18:18:25,918|line:507| ==================================================2026-06-10 02:18==================================================
2026-06-09 18:18:25,918|line:232| processing article 50232200
2026-06-09 18:18:28,192|line:507| ==================================================2026-06-10 02:18==================================================
2026-06-09 18:18:28,193|line:519| https://t.bilibili.com/1211375537117724689
2026-06-09 18:18:30,629|line:346| Expecting value: line 1 column 1 (char 0)
2026-06-09 18:18:30,630|line:347| error line:319
2026-06-09 18:18:30,631|line:533| *#*#*#*#*#*#*#*#*#*原动态处理失败*#*#*#*#*#*#*#*#*#
2026-06-09 18:18:30,631|line:519| https://t.bilibili.com/1207665778399117347
2026-06-09 18:18:32,039|line:346| Expecting value: line 1 column 1 (char 0)
2026-06-09 18:18:32,039|line:347| error line:319
2026-06-09 18:18:32,040|line:533| *#*#*#*#*#*#*#*#*#*原动态处理失败*#*#*#*#*#*#*#*#*#
2026-06-09 18:18:32,040|line:519| https://t.bilibili.com/1210641909456830481
2026-06-09 18:18:34,407|line:346| Expecting value: line 1 column 1 (char 0)
2026-06-09 18:18:34,407|line:347| error line:319
2026-06-09 18:18:34,408|line:533| *#*#*#*#*#*#*#*#*#*原动态处理失败*#*#*#*#*#*#*#*#*#
2026-06-09 18:18:34,408|line:519| https://t.bilibili.com/1211376632318656601
2026-06-09 18:18:37,784|line:346| Expecting value: line 1 column 1 (char 0)
2026-06-09 18:18:37,784|line:347| error line:319
2026-06-09 18:18:37,785|line:533| *#*#*#*#*#*#*#*#*#*原动态处理失败*#*#*#*#*#*#*#*#*#
2026-06-09 18:18:37,785|line:519| https://t.bilibili.com/1201479863740923906
2026-06-09 18:18:42,157|line:346| Expecting value: line 1 column 1 (char 0)
2026-06-09 18:18:42,157|line:347| error line:319
2026-06-09 18:18:42,158|line:533| *#*#*#*#*#*#*#*#*#*原动态处理失败*#*#*#*#*#*#*#*#*#
2026-06-09 18:18:42,158|line:519| https://t.bilibili.com/1211457205920858114
2026-06-09 18:18:43,572|line:346| Expecting value: line 1 column 1 (char 0)
2026-06-09 18:18:43,572|line:347| error line:319
2026-06-09 18:18:43,573|line:533| *#*#*#*#*#*#*#*#*#*原动态处理失败*#*#*#*#*#*#*#*#*#
2026-06-09 18:18:43,574|line:519| https://t.bilibili.com/1210694445491552262
2026-06-09 18:18:46,922|line:346| Expecting value: line 1 column 1 (char 0)
2026-06-09 18:18:46,922|line:347| error line:319
2026-06-09 18:18:46,923|line:533| *#*#*#*#*#*#*#*#*#*原动态处理失败*#*#*#*#*#*#*#*#*#
2026-06-09 18:18:46,924|line:519| https://t.bilibili.com/1211393773523697670
2026-06-09 18:18:49,212|line:346| Expecting value: line 1 column 1 (char 0)
2026-06-09 18:18:49,212|line:347| error line:319
2026-06-09 18:18:49,213|line:533| *#*#*#*#*#*#*#*#*#*原动态处理失败*#*#*#*#*#*#*#*#*#
2026-06-09 18:18:49,213|line:519| https://t.bilibili.com/1210722740748681239
2026-06-09 18:18:51,560|line:346| Expecting value: line 1 column 1 (char 0)
2026-06-09 18:18:51,561|line:347| error line:319
2026-06-09 18:18:51,562|line:533| *#*#*#*#*#*#*#*#*#*原动态处理失败*#*#*#*#*#*#*#*#*#
2026-06-09 18:18:51,562|line:519| https://t.bilibili.com/1210635187828817953
2026-06-09 18:18:52,928|line:346| Expecting value: line 1 column 1 (char 0)
2026-06-09 18:18:52,928|line:347| error line:319
2026-06-09 18:18:52,929|line:533| *#*#*#*#*#*#*#*#*#*原动态处理失败*#*#*#*#*#*#*#*#*#
2026-06-09 18:18:52,930|line:519| https://t.bilibili.com/1207720313777815556
2026-06-09 18:18:54,273|line:346| Expecting value: line 1 column 1 (char 0)
2026-06-09 18:18:54,273|line:347| error line:319
2026-06-09 18:18:54,274|line:533| *#*#*#*#*#*#*#*#*#*原动态处理失败*#*#*#*#*#*#*#*#*#
2026-06-09 18:18:54,274|line:519| https://t.bilibili.com/1210645963905957895
2026-06-09 18:18:56,615|line:346| Expecting value: line 1 column 1 (char 0)
2026-06-09 18:18:56,615|line:347| error line:319
2026-06-09 18:18:56,616|line:533| *#*#*#*#*#*#*#*#*#*原动态处理失败*#*#*#*#*#*#*#*#*#
2026-06-09 18:18:56,617|line:519| https://t.bilibili.com/1210495867679670273
2026-06-09 18:19:00,986|line:346| Expecting value: line 1 column 1 (char 0)
2026-06-09 18:19:00,987|line:347| error line:319
2026-06-09 18:19:00,988|line:533| *#*#*#*#*#*#*#*#*#*原动态处理失败*#*#*#*#*#*#*#*#*#
2026-06-09 18:19:00,988|line:519| https://t.bilibili.com/1210648991827492886
2026-06-09 18:19:05,277|line:346| Expecting value: line 1 column 1 (char 0)
2026-06-09 18:19:05,278|line:347| error line:319
2026-06-09 18:19:05,279|line:533| *#*#*#*#*#*#*#*#*#*原动态处理失败*#*#*#*#*#*#*#*#*#
2026-06-09 18:19:05,279|line:519| https://t.bilibili.com/1211220407183474688
2026-06-09 18:19:06,626|line:346| Expecting value: line 1 column 1 (char 0)
2026-06-09 18:19:06,626|line:347| error line:319
2026-06-09 18:19:06,627|line:533| *#*#*#*#*#*#*#*#*#*原动态处理失败*#*#*#*#*#*#*#*#*#
2026-06-09 18:19:06,627|line:519| https://t.bilibili.com/1211010121272918025
2026-06-09 18:19:09,999|line:346| Expecting value: line 1 column 1 (char 0)
2026-06-09 18:19:09,999|line:347| error line:319
2026-06-09 18:19:10,000|line:533| *#*#*#*#*#*#*#*#*#*原动态处理失败*#*#*#*#*#*#*#*#*#
2026-06-09 18:19:10,000|line:519| https://t.bilibili.com/1211391376949772313
2026-06-09 18:19:12,345|line:346| Expecting value: line 1 column 1 (char 0)
2026-06-09 18:19:12,346|line:347| error line:319
2026-06-09 18:19:12,346|line:533| *#*#*#*#*#*#*#*#*#*原动态处理失败*#*#*#*#*#*#*#*#*#
2026-06-09 18:19:12,347|line:519| https://t.bilibili.com/1211389096313749521
2026-06-09 18:19:16,687|line:346| Expecting value: line 1 column 1 (char 0)
2026-06-09 18:19:16,687|line:347| error line:319
2026-06-09 18:19:16,688|line:533| *#*#*#*#*#*#*#*#*#*原动态处理失败*#*#*#*#*#*#*#*#*#
2026-06-09 18:19:16,688|line:519| https://t.bilibili.com/1211474750819270679
2026-06-09 18:19:20,988|line:346| Expecting value: line 1 column 1 (char 0)
2026-06-09 18:19:20,988|line:347| error line:319
2026-06-09 18:19:20,989|line:533| *#*#*#*#*#*#*#*#*#*原动态处理失败*#*#*#*#*#*#*#*#*#
2026-06-09 18:19:20,989|line:519| https://t.bilibili.com/1210714520136187937
2026-06-09 18:19:22,276|line:346| Expecting value: line 1 column 1 (char 0)
2026-06-09 18:19:22,277|line:347| error line:319
2026-06-09 18:19:22,278|line:533| *#*#*#*#*#*#*#*#*#*原动态处理失败*#*#*#*#*#*#*#*#*#
2026-06-09 18:19:22,278|line:519| https://t.bilibili.com/1211405601872019461
2026-06-09 18:19:24,742|line:346| Expecting value: line 1 column 1 (char 0)
2026-06-09 18:19:24,742|line:347| error line:319
2026-06-09 18:19:24,743|line:533| *#*#*#*#*#*#*#*#*#*原动态处理失败*#*#*#*#*#*#*#*#*#
2026-06-09 18:19:24,743|line:519| https://t.bilibili.com/1211005547150573621
2026-06-09 18:19:26,089|line:346| Expecting value: line 1 column 1 (char 0)
2026-06-09 18:19:26,089|line:347| error line:319
2026-06-09 18:19:26,090|line:533| *#*#*#*#*#*#*#*#*#*原动态处理失败*#*#*#*#*#*#*#*#*#
2026-06-09 18:19:26,090|line:519| https://t.bilibili.com/1210851070062886914
2026-06-09 18:19:30,431|line:346| Expecting value: line 1 column 1 (char 0)
2026-06-09 18:19:30,431|line:347| error line:319
2026-06-09 18:19:30,432|line:533| *#*#*#*#*#*#*#*#*#*原动态处理失败*#*#*#*#*#*#*#*#*#
2026-06-09 18:19:30,432|line:519| https://t.bilibili.com/1211432346652246033
2026-06-09 18:19:31,787|line:346| Expecting value: line 1 column 1 (char 0)
2026-06-09 18:19:31,787|line:347| error line:319
2026-06-09 18:19:31,788|line:533| *#*#*#*#*#*#*#*#*#*原动态处理失败*#*#*#*#*#*#*#*#*#
2026-06-09 18:19:31,788|line:519| https://t.bilibili.com/1205282773769650183
2026-06-09 18:19:36,127|line:346| Expecting value: line 1 column 1 (char 0)
2026-06-09 18:19:36,127|line:347| error line:319
2026-06-09 18:19:36,128|line:533| *#*#*#*#*#*#*#*#*#*原动态处理失败*#*#*#*#*#*#*#*#*#
2026-06-09 18:19:36,129|line:519| https://t.bilibili.com/1208451995793358872
2026-06-09 18:19:37,418|line:346| Expecting value: line 1 column 1 (char 0)
2026-06-09 18:19:37,418|line:347| error line:319
2026-06-09 18:19:37,419|line:533| *#*#*#*#*#*#*#*#*#*原动态处理失败*#*#*#*#*#*#*#*#*#
2026-06-09 18:19:37,419|line:552| 执行结束
2026-06-09 18:19:37,419|line:556| 执行失败，错误数量为26
2026-06-09 18:19:37,420|line:558| ==================================================2026-06-10 02:19==================================================
2026-06-09 18:19:37,420|line:232| processing article 50229459
2026-06-09 18:19:42,897|line:507| ==================================================2026-06-10 02:19==================================================
2026-06-09 18:19:42,897|line:519| https://t.bilibili.com/1211546919183056921
2026-06-09 18:19:45,199|line:346| Expecting value: line 1 column 1 (char 0)
2026-06-09 18:19:45,199|line:347| error line:319
2026-06-09 18:19:45,200|line:533| *#*#*#*#*#*#*#*#*#*原动态处理失败*#*#*#*#*#*#*#*#*#
2026-06-09 18:19:45,200|line:519| https://t.bilibili.com/1211484169699328006
2026-06-09 18:19:47,547|line:346| Expecting value: line 1 column 1 (char 0)
2026-06-09 18:19:47,547|line:347| error line:319
2026-06-09 18:19:47,548|line:533| *#*#*#*#*#*#*#*#*#*原动态处理失败*#*#*#*#*#*#*#*#*#
2026-06-09 18:19:47,548|line:519| https://t.bilibili.com/1211384569428705285
2026-06-09 18:19:48,894|line:346| Expecting value: line 1 column 1 (char 0)
2026-06-09 18:19:48,894|line:347| error line:319
2026-06-09 18:19:48,895|line:533| *#*#*#*#*#*#*#*#*#*原动态处理失败*#*#*#*#*#*#*#*#*#
2026-06-09 18:19:48,896|line:519| https://t.bilibili.com/1211510210101772288
2026-06-09 18:19:52,240|line:346| Expecting value: line 1 column 1 (char 0)
2026-06-09 18:19:52,240|line:347| error line:319
2026-06-09 18:19:52,241|line:533| *#*#*#*#*#*#*#*#*#*原动态处理失败*#*#*#*#*#*#*#*#*#
2026-06-09 18:19:52,241|line:519| https://t.bilibili.com/1211457205920858114
2026-06-09 18:19:55,586|line:346| Expecting value: line 1 column 1 (char 0)
2026-06-09 18:19:55,586|line:347| error line:319
2026-06-09 18:19:55,588|line:533| *#*#*#*#*#*#*#*#*#*原动态处理失败*#*#*#*#*#*#*#*#*#
2026-06-09 18:19:55,588|line:519| https://t.bilibili.com/1211438477672972305
2026-06-09 18:19:59,894|line:346| Expecting value: line 1 column 1 (char 0)
2026-06-09 18:19:59,894|line:347| error line:319
2026-06-09 18:19:59,895|line:533| *#*#*#*#*#*#*#*#*#*原动态处理失败*#*#*#*#*#*#*#*#*#
2026-06-09 18:19:59,895|line:519| https://t.bilibili.com/1211438477701283841
2026-06-09 18:20:01,245|line:346| Expecting value: line 1 column 1 (char 0)
2026-06-09 18:20:01,245|line:347| error line:319
2026-06-09 18:20:01,246|line:533| *#*#*#*#*#*#*#*#*#*原动态处理失败*#*#*#*#*#*#*#*#*#
2026-06-09 18:20:01,246|line:519| https://t.bilibili.com/1211441701091016707
2026-06-09 18:20:04,596|line:346| Expecting value: line 1 column 1 (char 0)
2026-06-09 18:20:04,596|line:347| error line:319
2026-06-09 18:20:04,597|line:533| *#*#*#*#*#*#*#*#*#*原动态处理失败*#*#*#*#*#*#*#*#*#
2026-06-09 18:20:04,597|line:519| https://t.bilibili.com/1211376630143909888
2026-06-09 18:20:08,942|line:346| Expecting value: line 1 column 1 (char 0)
2026-06-09 18:20:08,942|line:347| error line:319
2026-06-09 18:20:08,943|line:533| *#*#*#*#*#*#*#*#*#*原动态处理失败*#*#*#*#*#*#*#*#*#
2026-06-09 18:20:08,943|line:519| https://t.bilibili.com/1211371564232081409
2026-06-09 18:20:13,237|line:346| Expecting value: line 1 column 1 (char 0)
2026-06-09 18:20:13,237|line:347| error line:319
2026-06-09 18:20:13,238|line:533| *#*#*#*#*#*#*#*#*#*原动态处理失败*#*#*#*#*#*#*#*#*#
2026-06-09 18:20:13,239|line:519| https://t.bilibili.com/1211474750819270679
2026-06-09 18:20:16,538|line:346| Expecting value: line 1 column 1 (char 0)
2026-06-09 18:20:16,539|line:347| error line:319
2026-06-09 18:20:16,540|line:533| *#*#*#*#*#*#*#*#*#*原动态处理失败*#*#*#*#*#*#*#*#*#
2026-06-09 18:20:16,540|line:519| https://t.bilibili.com/1211398609671553047
2026-06-09 18:20:20,836|line:346| Expecting value: line 1 column 1 (char 0)
2026-06-09 18:20:20,836|line:347| error line:319
2026-06-09 18:20:20,837|line:533| *#*#*#*#*#*#*#*#*#*原动态处理失败*#*#*#*#*#*#*#*#*#
2026-06-09 18:20:20,837|line:519| https://t.bilibili.com/1211409944074518548
2026-06-09 18:20:23,176|line:346| Expecting value: line 1 column 1 (char 0)
2026-06-09 18:20:23,176|line:347| error line:319
2026-06-09 18:20:23,177|line:533| *#*#*#*#*#*#*#*#*#*原动态处理失败*#*#*#*#*#*#*#*#*#
2026-06-09 18:20:23,177|line:519| https://t.bilibili.com/1211469498065879043
2026-06-09 18:20:26,520|line:346| Expecting value: line 1 column 1 (char 0)
2026-06-09 18:20:26,520|line:347| error line:319
2026-06-09 18:20:26,521|line:533| *#*#*#*#*#*#*#*#*#*原动态处理失败*#*#*#*#*#*#*#*#*#
2026-06-09 18:20:26,521|line:519| https://t.bilibili.com/1211368257094680582
2026-06-09 18:20:27,815|line:346| Expecting value: line 1 column 1 (char 0)
2026-06-09 18:20:27,815|line:347| error line:319
2026-06-09 18:20:27,816|line:533| *#*#*#*#*#*#*#*#*#*原动态处理失败*#*#*#*#*#*#*#*#*#
2026-06-09 18:20:27,817|line:519| https://t.bilibili.com/1211376630193192965
2026-06-09 18:20:32,163|line:346| Expecting value: line 1 column 1 (char 0)
2026-06-09 18:20:32,164|line:347| error line:319
2026-06-09 18:20:32,165|line:533| *#*#*#*#*#*#*#*#*#*原动态处理失败*#*#*#*#*#*#*#*#*#
2026-06-09 18:20:32,165|line:519| https://t.bilibili.com/1211405601872019461
2026-06-09 18:20:35,463|line:346| Expecting value: line 1 column 1 (char 0)
2026-06-09 18:20:35,463|line:347| error line:319
2026-06-09 18:20:35,464|line:533| *#*#*#*#*#*#*#*#*#*原动态处理失败*#*#*#*#*#*#*#*#*#
2026-06-09 18:20:35,464|line:519| https://t.bilibili.com/1211390801385357314
2026-06-09 18:20:36,812|line:346| Expecting value: line 1 column 1 (char 0)
2026-06-09 18:20:36,812|line:347| error line:319
2026-06-09 18:20:36,813|line:533| *#*#*#*#*#*#*#*#*#*原动态处理失败*#*#*#*#*#*#*#*#*#
2026-06-09 18:20:36,814|line:519| https://t.bilibili.com/1211005547150573621
2026-06-09 18:20:38,154|line:346| Expecting value: line 1 column 1 (char 0)
2026-06-09 18:20:38,154|line:347| error line:319
2026-06-09 18:20:38,155|line:533| *#*#*#*#*#*#*#*#*#*原动态处理失败*#*#*#*#*#*#*#*#*#
2026-06-09 18:20:38,155|line:519| https://t.bilibili.com/1211415630611218453
2026-06-09 18:20:41,499|line:346| Expecting value: line 1 column 1 (char 0)
2026-06-09 18:20:41,499|line:347| error line:319
2026-06-09 18:20:41,500|line:533| *#*#*#*#*#*#*#*#*#*原动态处理失败*#*#*#*#*#*#*#*#*#
2026-06-09 18:20:41,501|line:519| https://t.bilibili.com/1205282773769650183
2026-06-09 18:20:42,804|line:346| Expecting value: line 1 column 1 (char 0)
2026-06-09 18:20:42,805|line:347| error line:319
2026-06-09 18:20:42,806|line:533| *#*#*#*#*#*#*#*#*#*原动态处理失败*#*#*#*#*#*#*#*#*#
2026-06-09 18:20:42,806|line:519| https://t.bilibili.com/1211348955548352515
2026-06-09 18:20:47,152|line:346| Expecting value: line 1 column 1 (char 0)
2026-06-09 18:20:47,152|line:347| error line:319
2026-06-09 18:20:47,153|line:533| *#*#*#*#*#*#*#*#*#*原动态处理失败*#*#*#*#*#*#*#*#*#
2026-06-09 18:20:47,153|line:519| https://t.bilibili.com/1211368899210117144
2026-06-09 18:20:49,523|line:346| Expecting value: line 1 column 1 (char 0)
2026-06-09 18:20:49,523|line:347| error line:319
2026-06-09 18:20:49,524|line:533| *#*#*#*#*#*#*#*#*#*原动态处理失败*#*#*#*#*#*#*#*#*#
2026-06-09 18:20:49,524|line:519| https://t.bilibili.com/1211407553953529859
2026-06-09 18:20:53,869|line:346| Expecting value: line 1 column 1 (char 0)
2026-06-09 18:20:53,869|line:347| error line:319
2026-06-09 18:20:53,870|line:533| *#*#*#*#*#*#*#*#*#*原动态处理失败*#*#*#*#*#*#*#*#*#
2026-06-09 18:20:53,871|line:519| https://t.bilibili.com/1211446208659193862
2026-06-09 18:20:57,221|line:346| Expecting value: line 1 column 1 (char 0)
2026-06-09 18:20:57,221|line:347| error line:319
2026-06-09 18:20:57,222|line:533| *#*#*#*#*#*#*#*#*#*原动态处理失败*#*#*#*#*#*#*#*#*#
2026-06-09 18:20:57,222|line:519| https://t.bilibili.com/1211352915470450706
2026-06-09 18:21:01,576|line:346| Expecting value: line 1 column 1 (char 0)
2026-06-09 18:21:01,576|line:347| error line:319
2026-06-09 18:21:01,577|line:533| *#*#*#*#*#*#*#*#*#*原动态处理失败*#*#*#*#*#*#*#*#*#
2026-06-09 18:21:01,578|line:519| https://t.bilibili.com/1211472586167287811
2026-06-09 18:21:04,875|line:346| Expecting value: line 1 column 1 (char 0)
2026-06-09 18:21:04,875|line:347| error line:319
2026-06-09 18:21:04,876|line:533| *#*#*#*#*#*#*#*#*#*原动态处理失败*#*#*#*#*#*#*#*#*#
2026-06-09 18:21:04,876|line:519| https://t.bilibili.com/1211397063484375047
2026-06-09 18:21:08,217|line:346| Expecting value: line 1 column 1 (char 0)
2026-06-09 18:21:08,217|line:347| error line:319
2026-06-09 18:21:08,218|line:533| *#*#*#*#*#*#*#*#*#*原动态处理失败*#*#*#*#*#*#*#*#*#
2026-06-09 18:21:08,218|line:519| https://t.bilibili.com/1204806960125313025
2026-06-09 18:21:10,511|line:346| Expecting value: line 1 column 1 (char 0)
2026-06-09 18:21:10,512|line:347| error line:319
2026-06-09 18:21:10,513|line:533| *#*#*#*#*#*#*#*#*#*原动态处理失败*#*#*#*#*#*#*#*#*#
2026-06-09 18:21:10,513|line:519| https://t.bilibili.com/1211436590055817220
2026-06-09 18:21:13,859|line:346| Expecting value: line 1 column 1 (char 0)
2026-06-09 18:21:13,859|line:347| error line:319
2026-06-09 18:21:13,860|line:533| *#*#*#*#*#*#*#*#*#*原动态处理失败*#*#*#*#*#*#*#*#*#
2026-06-09 18:21:13,860|line:519| https://t.bilibili.com/1211184320866156566
2026-06-09 18:21:17,272|line:346| Expecting value: line 1 column 1 (char 0)
2026-06-09 18:21:17,272|line:347| error line:319
2026-06-09 18:21:17,273|line:533| *#*#*#*#*#*#*#*#*#*原动态处理失败*#*#*#*#*#*#*#*#*#
2026-06-09 18:21:17,273|line:519| https://t.bilibili.com/1211445871472803856
2026-06-09 18:21:18,619|line:346| Expecting value: line 1 column 1 (char 0)
2026-06-09 18:21:18,619|line:347| error line:319
2026-06-09 18:21:18,620|line:533| *#*#*#*#*#*#*#*#*#*原动态处理失败*#*#*#*#*#*#*#*#*#
2026-06-09 18:21:18,620|line:519| https://t.bilibili.com/1208451995793358872
2026-06-09 18:21:22,919|line:346| Expecting value: line 1 column 1 (char 0)
2026-06-09 18:21:22,919|line:347| error line:319
2026-06-09 18:21:22,920|line:533| *#*#*#*#*#*#*#*#*#*原动态处理失败*#*#*#*#*#*#*#*#*#
2026-06-09 18:21:22,920|line:519| https://t.bilibili.com/1211461670523633670
2026-06-09 18:21:27,269|line:346| Expecting value: line 1 column 1 (char 0)
2026-06-09 18:21:27,269|line:347| error line:319
2026-06-09 18:21:27,270|line:533| *#*#*#*#*#*#*#*#*#*原动态处理失败*#*#*#*#*#*#*#*#*#
2026-06-09 18:21:27,270|line:519| https://t.bilibili.com/1211366322264342565
2026-06-09 18:21:29,636|line:346| Expecting value: line 1 column 1 (char 0)
2026-06-09 18:21:29,636|line:347| error line:319
2026-06-09 18:21:29,637|line:533| *#*#*#*#*#*#*#*#*#*原动态处理失败*#*#*#*#*#*#*#*#*#
2026-06-09 18:21:29,637|line:519| https://t.bilibili.com/1211376915787546632
2026-06-09 18:21:31,931|line:346| Expecting value: line 1 column 1 (char 0)
2026-06-09 18:21:31,931|line:347| error line:319
2026-06-09 18:21:31,932|line:533| *#*#*#*#*#*#*#*#*#*原动态处理失败*#*#*#*#*#*#*#*#*#
2026-06-09 18:21:31,932|line:519| https://t.bilibili.com/1211375537117724689
2026-06-09 18:21:36,273|line:346| Expecting value: line 1 column 1 (char 0)
2026-06-09 18:21:36,273|line:347| error line:319
2026-06-09 18:21:36,275|line:533| *#*#*#*#*#*#*#*#*#*原动态处理失败*#*#*#*#*#*#*#*#*#
2026-06-09 18:21:36,275|line:519| https://t.bilibili.com/1211407553957724247
2026-06-09 18:21:40,682|line:346| Expecting value: line 1 column 1 (char 0)
2026-06-09 18:21:40,683|line:347| error line:319
2026-06-09 18:21:40,684|line:533| *#*#*#*#*#*#*#*#*#*原动态处理失败*#*#*#*#*#*#*#*#*#
2026-06-09 18:21:40,684|line:519| https://t.bilibili.com/1211469401475252247
2026-06-09 18:21:43,031|line:346| Expecting value: line 1 column 1 (char 0)
2026-06-09 18:21:43,032|line:347| error line:319
2026-06-09 18:21:43,033|line:533| *#*#*#*#*#*#*#*#*#*原动态处理失败*#*#*#*#*#*#*#*#*#
2026-06-09 18:21:43,033|line:519| https://t.bilibili.com/1211406181694701591
2026-06-09 18:21:44,389|line:346| Expecting value: line 1 column 1 (char 0)
2026-06-09 18:21:44,390|line:347| error line:319
2026-06-09 18:21:44,390|line:533| *#*#*#*#*#*#*#*#*#*原动态处理失败*#*#*#*#*#*#*#*#*#
2026-06-09 18:21:44,391|line:519| https://t.bilibili.com/1211496114019106834
2026-06-09 18:21:45,687|line:346| Expecting value: line 1 column 1 (char 0)
2026-06-09 18:21:45,687|line:347| error line:319
2026-06-09 18:21:45,688|line:533| *#*#*#*#*#*#*#*#*#*原动态处理失败*#*#*#*#*#*#*#*#*#
2026-06-09 18:21:45,688|line:519| https://t.bilibili.com/1211506679651237924
2026-06-09 18:21:50,031|line:346| Expecting value: line 1 column 1 (char 0)
2026-06-09 18:21:50,031|line:347| error line:319
2026-06-09 18:21:50,032|line:533| *#*#*#*#*#*#*#*#*#*原动态处理失败*#*#*#*#*#*#*#*#*#
2026-06-09 18:21:50,033|line:519| https://t.bilibili.com/1211376630130278424
2026-06-09 18:21:53,378|line:346| Expecting value: line 1 column 1 (char 0)
2026-06-09 18:21:53,378|line:347| error line:319
2026-06-09 18:21:53,379|line:533| *#*#*#*#*#*#*#*#*#*原动态处理失败*#*#*#*#*#*#*#*#*#
2026-06-09 18:21:53,379|line:519| https://t.bilibili.com/1211384361074556937
2026-06-09 18:21:55,741|line:346| Expecting value: line 1 column 1 (char 0)
2026-06-09 18:21:55,741|line:347| error line:319
2026-06-09 18:21:55,742|line:533| *#*#*#*#*#*#*#*#*#*原动态处理失败*#*#*#*#*#*#*#*#*#
2026-06-09 18:21:55,743|line:519| https://t.bilibili.com/1211387116348506120
2026-06-09 18:21:59,089|line:346| Expecting value: line 1 column 1 (char 0)
2026-06-09 18:21:59,089|line:347| error line:319
2026-06-09 18:21:59,090|line:533| *#*#*#*#*#*#*#*#*#*原动态处理失败*#*#*#*#*#*#*#*#*#
2026-06-09 18:21:59,090|line:519| https://t.bilibili.com/1211361168308830245
2026-06-09 18:22:03,508|line:346| Expecting value: line 1 column 1 (char 0)
2026-06-09 18:22:03,508|line:347| error line:319
2026-06-09 18:22:03,509|line:533| *#*#*#*#*#*#*#*#*#*原动态处理失败*#*#*#*#*#*#*#*#*#
2026-06-09 18:22:03,509|line:519| https://t.bilibili.com/1211391376949772313
2026-06-09 18:22:07,938|line:346| Expecting value: line 1 column 1 (char 0)
2026-06-09 18:22:07,938|line:347| error line:319
2026-06-09 18:22:07,939|line:533| *#*#*#*#*#*#*#*#*#*原动态处理失败*#*#*#*#*#*#*#*#*#
2026-06-09 18:22:07,939|line:519| https://t.bilibili.com/1211508406210265096
2026-06-09 18:22:09,313|line:346| Expecting value: line 1 column 1 (char 0)
2026-06-09 18:22:09,313|line:347| error line:319
2026-06-09 18:22:09,314|line:533| *#*#*#*#*#*#*#*#*#*原动态处理失败*#*#*#*#*#*#*#*#*#
2026-06-09 18:22:09,315|line:519| https://t.bilibili.com/1211460358433144873
2026-06-09 18:22:11,608|line:346| Expecting value: line 1 column 1 (char 0)
2026-06-09 18:22:11,608|line:347| error line:319
2026-06-09 18:22:11,609|line:533| *#*#*#*#*#*#*#*#*#*原动态处理失败*#*#*#*#*#*#*#*#*#
2026-06-09 18:22:11,610|line:519| https://t.bilibili.com/1211471890399363104
2026-06-09 18:22:13,949|line:346| Expecting value: line 1 column 1 (char 0)
2026-06-09 18:22:13,949|line:347| error line:319
2026-06-09 18:22:13,950|line:533| *#*#*#*#*#*#*#*#*#*原动态处理失败*#*#*#*#*#*#*#*#*#
2026-06-09 18:22:13,951|line:519| https://t.bilibili.com/1211392092033515525
2026-06-09 18:22:17,296|line:346| Expecting value: line 1 column 1 (char 0)
2026-06-09 18:22:17,296|line:347| error line:319
2026-06-09 18:22:17,297|line:533| *#*#*#*#*#*#*#*#*#*原动态处理失败*#*#*#*#*#*#*#*#*#
2026-06-09 18:22:17,297|line:519| https://t.bilibili.com/1211455363374645249
2026-06-09 18:22:21,628|line:346| Expecting value: line 1 column 1 (char 0)
2026-06-09 18:22:21,628|line:347| error line:319
2026-06-09 18:22:21,629|line:533| *#*#*#*#*#*#*#*#*#*原动态处理失败*#*#*#*#*#*#*#*#*#
2026-06-09 18:22:21,629|line:519| https://t.bilibili.com/1211394314666508308
2026-06-09 18:22:22,938|line:346| Expecting value: line 1 column 1 (char 0)
2026-06-09 18:22:22,938|line:347| error line:319
2026-06-09 18:22:22,939|line:533| *#*#*#*#*#*#*#*#*#*原动态处理失败*#*#*#*#*#*#*#*#*#
2026-06-09 18:22:22,939|line:519| https://t.bilibili.com/1211500018139136007
2026-06-09 18:22:25,251|line:346| Expecting value: line 1 column 1 (char 0)
2026-06-09 18:22:25,252|line:347| error line:319
2026-06-09 18:22:25,252|line:533| *#*#*#*#*#*#*#*#*#*原动态处理失败*#*#*#*#*#*#*#*#*#
2026-06-09 18:22:25,253|line:519| https://t.bilibili.com/1211539832503795717
2026-06-09 18:22:27,541|line:346| Expecting value: line 1 column 1 (char 0)
2026-06-09 18:22:27,542|line:347| error line:319
2026-06-09 18:22:27,543|line:533| *#*#*#*#*#*#*#*#*#*原动态处理失败*#*#*#*#*#*#*#*#*#
2026-06-09 18:22:27,543|line:519| https://t.bilibili.com/1211500325251317795
2026-06-09 18:22:29,882|line:346| Expecting value: line 1 column 1 (char 0)
2026-06-09 18:22:29,883|line:347| error line:319
2026-06-09 18:22:29,884|line:533| *#*#*#*#*#*#*#*#*#*原动态处理失败*#*#*#*#*#*#*#*#*#
2026-06-09 18:22:29,884|line:519| https://t.bilibili.com/1211432346652246033
2026-06-09 18:22:31,231|line:346| Expecting value: line 1 column 1 (char 0)
2026-06-09 18:22:31,231|line:347| error line:319
2026-06-09 18:22:31,232|line:533| *#*#*#*#*#*#*#*#*#*原动态处理失败*#*#*#*#*#*#*#*#*#
2026-06-09 18:22:31,232|line:519| https://t.bilibili.com/1211503432605630486
2026-06-09 18:22:34,585|line:346| Expecting value: line 1 column 1 (char 0)
2026-06-09 18:22:34,585|line:347| error line:319
2026-06-09 18:22:34,586|line:533| *#*#*#*#*#*#*#*#*#*原动态处理失败*#*#*#*#*#*#*#*#*#
2026-06-09 18:22:34,586|line:519| https://t.bilibili.com/1211376630151249927
2026-06-09 18:22:35,901|line:346| Expecting value: line 1 column 1 (char 0)
2026-06-09 18:22:35,901|line:347| error line:319
2026-06-09 18:22:35,902|line:533| *#*#*#*#*#*#*#*#*#*原动态处理失败*#*#*#*#*#*#*#*#*#
2026-06-09 18:22:35,903|line:519| https://t.bilibili.com/1211376630170124325
2026-06-09 18:22:38,248|line:346| Expecting value: line 1 column 1 (char 0)
2026-06-09 18:22:38,248|line:347| error line:319
2026-06-09 18:22:38,249|line:533| *#*#*#*#*#*#*#*#*#*原动态处理失败*#*#*#*#*#*#*#*#*#
2026-06-09 18:22:38,250|line:519| https://t.bilibili.com/1211504716841746436
2026-06-09 18:22:41,547|line:346| Expecting value: line 1 column 1 (char 0)
2026-06-09 18:22:41,547|line:347| error line:319
2026-06-09 18:22:41,548|line:533| *#*#*#*#*#*#*#*#*#*原动态处理失败*#*#*#*#*#*#*#*#*#
2026-06-09 18:22:41,548|line:519| https://t.bilibili.com/1211549646494629922
2026-06-09 18:22:43,895|line:346| Expecting value: line 1 column 1 (char 0)
2026-06-09 18:22:43,895|line:347| error line:319
2026-06-09 18:22:43,896|line:533| *#*#*#*#*#*#*#*#*#*原动态处理失败*#*#*#*#*#*#*#*#*#
2026-06-09 18:22:43,897|line:519| https://t.bilibili.com/1211509664594788377
2026-06-09 18:22:45,239|line:346| Expecting value: line 1 column 1 (char 0)
2026-06-09 18:22:45,239|line:347| error line:319
2026-06-09 18:22:45,240|line:533| *#*#*#*#*#*#*#*#*#*原动态处理失败*#*#*#*#*#*#*#*#*#
2026-06-09 18:22:45,241|line:519| https://t.bilibili.com/1211376632318656601
2026-06-09 18:22:47,539|line:346| Expecting value: line 1 column 1 (char 0)
2026-06-09 18:22:47,539|line:347| error line:319
2026-06-09 18:22:47,540|line:533| *#*#*#*#*#*#*#*#*#*原动态处理失败*#*#*#*#*#*#*#*#*#
2026-06-09 18:22:47,540|line:519| https://t.bilibili.com/1211473891853074440
2026-06-09 18:22:48,881|line:346| Expecting value: line 1 column 1 (char 0)
2026-06-09 18:22:48,882|line:347| error line:319
2026-06-09 18:22:48,883|line:533| *#*#*#*#*#*#*#*#*#*原动态处理失败*#*#*#*#*#*#*#*#*#
2026-06-09 18:22:48,883|line:519| https://t.bilibili.com/1201479863740923906
2026-06-09 18:22:52,244|line:346| Expecting value: line 1 column 1 (char 0)
2026-06-09 18:22:52,244|line:347| error line:319
2026-06-09 18:22:52,245|line:533| *#*#*#*#*#*#*#*#*#*原动态处理失败*#*#*#*#*#*#*#*#*#
2026-06-09 18:22:52,246|line:519| https://t.bilibili.com/1211368497651646466
2026-06-09 18:22:55,589|line:346| Expecting value: line 1 column 1 (char 0)
2026-06-09 18:22:55,589|line:347| error line:319
2026-06-09 18:22:55,590|line:533| *#*#*#*#*#*#*#*#*#*原动态处理失败*#*#*#*#*#*#*#*#*#
2026-06-09 18:22:55,590|line:519| https://t.bilibili.com/1211393773523697670
2026-06-09 18:22:56,886|line:346| Expecting value: line 1 column 1 (char 0)
2026-06-09 18:22:56,886|line:347| error line:319
2026-06-09 18:22:56,887|line:533| *#*#*#*#*#*#*#*#*#*原动态处理失败*#*#*#*#*#*#*#*#*#
2026-06-09 18:22:56,888|line:519| https://t.bilibili.com/1210663959812636676
2026-06-09 18:23:00,184|line:346| Expecting value: line 1 column 1 (char 0)
2026-06-09 18:23:00,184|line:347| error line:319
2026-06-09 18:23:00,185|line:533| *#*#*#*#*#*#*#*#*#*原动态处理失败*#*#*#*#*#*#*#*#*#
2026-06-09 18:23:00,186|line:519| https://t.bilibili.com/1211439837075210247
2026-06-09 18:23:04,527|line:346| Expecting value: line 1 column 1 (char 0)
2026-06-09 18:23:04,527|line:347| error line:319
2026-06-09 18:23:04,528|line:533| *#*#*#*#*#*#*#*#*#*原动态处理失败*#*#*#*#*#*#*#*#*#
2026-06-09 18:23:04,528|line:519| https://t.bilibili.com/1211013275924299794
2026-06-09 18:23:06,870|line:346| Expecting value: line 1 column 1 (char 0)
2026-06-09 18:23:06,870|line:347| error line:319
2026-06-09 18:23:06,871|line:533| *#*#*#*#*#*#*#*#*#*原动态处理失败*#*#*#*#*#*#*#*#*#
2026-06-09 18:23:06,871|line:519| https://t.bilibili.com/1211407553919975433
2026-06-09 18:23:10,215|line:346| Expecting value: line 1 column 1 (char 0)
2026-06-09 18:23:10,215|line:347| error line:319
2026-06-09 18:23:10,216|line:533| *#*#*#*#*#*#*#*#*#*原动态处理失败*#*#*#*#*#*#*#*#*#
2026-06-09 18:23:10,216|line:519| https://t.bilibili.com/1211220407183474688
2026-06-09 18:23:12,555|line:346| Expecting value: line 1 column 1 (char 0)
2026-06-09 18:23:12,555|line:347| error line:319
2026-06-09 18:23:12,556|line:533| *#*#*#*#*#*#*#*#*#*原动态处理失败*#*#*#*#*#*#*#*#*#
2026-06-09 18:23:12,556|line:519| https://t.bilibili.com/1211469401459523590
2026-06-09 18:23:13,855|line:346| Expecting value: line 1 column 1 (char 0)
2026-06-09 18:23:13,855|line:347| error line:319
2026-06-09 18:23:13,856|line:533| *#*#*#*#*#*#*#*#*#*原动态处理失败*#*#*#*#*#*#*#*#*#
2026-06-09 18:23:13,856|line:519| https://t.bilibili.com/1211553486200635396
2026-06-09 18:23:15,151|line:346| Expecting value: line 1 column 1 (char 0)
2026-06-09 18:23:15,151|line:347| error line:319
2026-06-09 18:23:15,152|line:533| *#*#*#*#*#*#*#*#*#*原动态处理失败*#*#*#*#*#*#*#*#*#
2026-06-09 18:23:15,152|line:519| https://t.bilibili.com/1211381361076600833
2026-06-09 18:23:16,492|line:346| Expecting value: line 1 column 1 (char 0)
2026-06-09 18:23:16,493|line:347| error line:319
2026-06-09 18:23:16,494|line:533| *#*#*#*#*#*#*#*#*#*原动态处理失败*#*#*#*#*#*#*#*#*#
2026-06-09 18:23:16,494|line:519| https://t.bilibili.com/1211389096313749521
2026-06-09 18:23:20,788|line:346| Expecting value: line 1 column 1 (char 0)
2026-06-09 18:23:20,788|line:347| error line:319
2026-06-09 18:23:20,789|line:533| *#*#*#*#*#*#*#*#*#*原动态处理失败*#*#*#*#*#*#*#*#*#
2026-06-09 18:23:20,790|line:519| https://t.bilibili.com/1211313045289041927
2026-06-09 18:23:24,381|line:346| Expecting value: line 1 column 1 (char 0)
2026-06-09 18:23:24,381|line:347| error line:319
2026-06-09 18:23:24,382|line:533| *#*#*#*#*#*#*#*#*#*原动态处理失败*#*#*#*#*#*#*#*#*#
2026-06-09 18:23:24,382|line:519| https://t.bilibili.com/1211439021026181124
2026-06-09 18:23:26,728|line:346| Expecting value: line 1 column 1 (char 0)
2026-06-09 18:23:26,728|line:347| error line:319
2026-06-09 18:23:26,729|line:533| *#*#*#*#*#*#*#*#*#*原动态处理失败*#*#*#*#*#*#*#*#*#
2026-06-09 18:23:26,730|line:519| https://t.bilibili.com/1211495456870236169
2026-06-09 18:23:30,076|line:346| Expecting value: line 1 column 1 (char 0)
2026-06-09 18:23:30,076|line:347| error line:319
2026-06-09 18:23:30,077|line:533| *#*#*#*#*#*#*#*#*#*原动态处理失败*#*#*#*#*#*#*#*#*#
2026-06-09 18:23:30,077|line:552| 执行结束
2026-06-09 18:23:30,077|line:556| 执行失败，错误数量为80
2026-06-09 18:23:30,077|line:558| ==================================================2026-06-10 02:23==================================================
2026-06-09 18:23:30,077|line:232| processing article 50215792
2026-06-09 18:23:34,876|line:507| ==================================================2026-06-10 02:23==================================================
2026-06-09 18:23:34,877|line:232| processing article 50215575
2026-06-09 18:23:39,564|line:507| ==================================================2026-06-10 02:23==================================================
2026-06-09 18:23:48,353|line:578| ('reply: ', '榄菊官方', '[给心心]')
2026-06-09 18:23:48,353|line:578| ('reply: ', '吓死我啦芙莱', '并不是')
2026-06-09 18:23:48,354|line:578| ('reply: ', '花生十三-公考行测', '68')
2026-06-09 18:23:48,354|line:578| ('reply: ', '三鹿七茸猫尾巴', '[夏诺雅表情包_？？？]')
2026-06-09 18:23:48,354|line:578| ('reply: ', '小闪闪bling', 'hhh腾子买库洛让我感觉他自己有点不太想出大世界了')
2026-06-09 18:23:48,354|line:578| ('reply: ', '不修车的丸山彩', '不是，这……')
2026-06-09 18:23:48,354|line:578| ('reply: ', '好像都是一个人', '你在说什么')
2026-06-09 18:23:48,354|line:578| ('reply: ', '目标咨询', '太宠粉了啊')
2026-06-09 18:23:48,354|line:578| ('reply: ', '数玩工场', '祝你成功')
2026-06-09 18:23:48,354|line:578| ('reply: ', '益家有小佰', '恭喜宝子，获得小电视月度会员1份和克刻冰冰猴喉糖随机口味1份～记得私信小佰提供信息哦~')
2026-06-09 18:23:48,354|line:578| ('reply: ', '圆环之理-Madoka', '是的')
2026-06-09 18:23:48,354|line:578| ('reply: ', '兰的三姨', '这就是银河巨星的实力！')
2026-06-09 18:23:48,354|line:578| ('reply: ', '花园百合铃音', '有男不玩，我只吃麻辣火锅，xxn滚[吃瓜]')
2026-06-09 18:23:48,354|line:578| ('reply: ', '是绝赞的阿鬼', '[tv_难过]')
2026-06-09 18:23:48,354|line:578| ('reply: ', '桃稚不幼稚', '还行')
2026-06-09 18:23:48,355|line:578| ('reply: ', '陌罔子吖', '佬，这个报名有啥条件不。最近太非了，想下次报来抽[脱单doge][脱单doge][脱单doge]')
2026-06-09 18:23:48,355|line:578| ('reply: ', '太二酸菜鱼', '恭喜成为本期欧皇[打call]获得【肥龙联名显眼包】1份，在收到本信息的两天内回复哥的私信哦~逾期哥就自己收啦！[脱单doge]')
2026-06-09 18:23:48,355|line:578| ('reply: ', '得一想二的松鼠', '中奖分我一半')
2026-06-09 18:23:48,355|line:578| ('reply: ', '佑凉Uriyoo', '谢谢！！！[UP_24967030_感恩]')
2026-06-09 18:23:48,355|line:578| ('reply: ', '岛莓祁', '好耶')
2026-06-09 18:23:50,735|line:587| ('at: ', '电脑报', '恭喜@小小Shaun UID：1090970340，@-叶晓吖  UID：22437099  获得 【电竞大礼包】1份， 请在三日内私信我')
2026-06-09 18:23:50,735|line:587| ('at: ', '联想拯救者官方', '是我喜欢的奖品名单 直接开奖 上 趁现在没人偷摸开个奖 恭喜这些小伙伴 【拯救者7.1声卡H7游戏耳机】获奖名单 @泪水打湿猪脚饭o @xoomoon @小小Shaun @T山海连云T @超超超超薄脆饼干 @BerboomC 【拯救者C140氮化镓适配器】获奖名单 @改个天凉好个秋 @夜猫子牙不好 @LLL好久不见 @林殇倾慕婉 @今天也要拥抱微风 @洳不及我万一 @胜利の天平 【白金独角兽电竞鼠标】获奖名单 @底片上的诗旅人 【拯救者C170氮化镓适配器】获奖名单 @麦當劳无限好 @無名丶の辈 @任性的提莫 @广东有暖风 由于B站私信规则修改 我会私信中奖的小伙伴一条消息，还请注意查收并回复我您的收货地址与联系方式，奖品基本会在私信您信息后的三十个工作日内发货')
2026-06-09 18:23:50,735|line:587| ('at: ', 'Apexgaming艾湃电竞', '恭喜 @小小Shaun 获得饮料一份，三天内联系我，过时不候！')
2026-06-09 18:23:50,735|line:587| ('at: ', '喜欢白毛有什么不好', '1 @浪子游2fans6@被_____打下来的飞机@拉斯特臣后面一个点@专心致志的学生@猫猫头OmMeow@小小Shaun@龐門左道@啦啦痴痴腻@bili_66938050009@日月星辰668')
2026-06-09 18:23:50,735|line:587| ('at: ', 'iKF蓝牙耳机', '恭喜@小小Shaun 宝子成为苏泊尔福利动态幸运儿！\n注意：即日起72小时内回复信息确认领奖哦！逾期将自动视为放弃中奖资格。\n没有中奖的宝子们不要气馁，参与一下下置顶视频iKF Mars，增加欧气值，说不定下个幸运儿就是你！\n链接：\nhttps://www.bilibili.com/video/BV1Soo6YLEHZ/?spm_id_from=333.1387.list.card_archive.click&vd_source=21fb0967ccc75e6b3b2447ade2c740dd\n还没参与抽奖的宝子们，赶紧点击上方链接参与吧！还有特别福利惊喜等你哦~')
2026-06-09 18:23:50,735|line:587| ('at: ', 'wellymerck威利默克', '恭喜@小小Shaun\xa0 获得《我是你的小狗3 永远等你回家》1本，请于5天内联系威宝，凭关注+互动截图领取奖品，逾期作废~')
2026-06-09 18:23:50,736|line:587| ('at: ', '宁美NINGMEI', '恭喜@小小Shaun   中奖，请在12月1日24点前私信我：1. 奖品+中奖信息a. 实物奖：姓名电话地址，给文字！省市区路清晰，提交不清晰不发奖，信息错误致无法签收，概不负责；\n\nb. 现金红包给到支付宝实名+账号；\n\nc. 京东卡/猫超卡 等购物卡给到姓名+电话；2. 宁美和品牌方关注截图+转发截图！\n\n必须关注品牌方，否则奖品不予发放；如遇无法私信图片的情况，等待我回复后即可发送图片。PS： \n\n因后台收信有时会出问题，以回复“已登记”为准，没有回复即表示私信未收到。\n\n过期视为自动放弃，不会补发；奖品30个工作日内发送，勿催哦~\n\n不发全，不回复。其他小伙伴请继续努力！')
2026-06-09 18:23:50,736|line:587| ('at: ', '爱玛电动车官方账号', '#一“玛”当先榜# 快来看看10月都是谁和爱玛酱互动最多呀~ 💕恭喜@小小Shaun 和@甘瑞凯拉莎 排行第一！这两位小玛达将会获得【爱玛随机周边×1】，请5天内私信爱玛酱领奖哟~[鼓掌] 以后也请继续单推我无敌可爱美少女爱玛酱呀嘿嘿！(●´З｀●)')
2026-06-09 18:23:50,736|line:587| ('at: ', '爱玛电动车官方账号', '')
2026-06-09 18:23:50,736|line:587| ('at: ', '海露滴眼液', '互动榜出炉啦')
2026-06-09 18:23:50,736|line:587| ('at: ', '和蔼可亲桃白白', '\u200b//@九号公司:\u200b恭喜@小小Shaun 中奖！后续记得查收私信哟～\u200b//@九号公司:#互动抽奖# 谢谢粒粒的复工礼！小九也来加个码~关注【@微粒贷+@九号公司 】并转发该动态，抽一位小可爱获得【100元京东卡】~ #供电局福利社# 10月31日抽出！')
2026-06-09 18:23:50,736|line:587| ('at: ', '望大家身体健康快乐', '\u200b//@九号公司:\u200b恭喜@小小Shaun 中奖！后续记得查收私信哟～\u200b//@九号公司 :#互动抽奖# 谢谢粒粒的复工礼！小九也来加个码~关注【@微粒贷+@九号公司 】并转发该动态，抽一位小可爱获得【100元京东卡】~ #供电局福利社# 10月31日抽出！')
2026-06-09 18:23:50,736|line:587| ('at: ', 'MoMA_Reona', '//@九号公司:\u200b恭喜@小小Shaun 中奖！后续记得查收私信哟～\u200b//@九号公司:#互动抽奖# 谢谢粒粒的复工礼！小九也来加个码~关注【@微粒贷+@九号公司 】并转发该动态，抽一位小可爱获得【100元京东卡】~ #供电局福利社# 10月31日抽出！')
2026-06-09 18:23:50,736|line:587| ('at: ', '摸鱼二队', '\u200b//@九号公司:\u200b恭喜@小小Shaun 中奖！后续记得查收私信哟～\u200b//@九号公司 :#互动抽奖# 谢谢粒粒的复工礼！小九也来加个码~关注【@微粒贷+@九号公司 】并转发该动态，抽一位小可爱获得【100元京东卡】~ #供电局福利社# 10月31日抽出！')
2026-06-09 18:23:50,736|line:587| ('at: ', '文少嘅一些事一些情', '\u200b//@九号公司:\u200b恭喜@小小Shaun 中奖！后续记得查收私信哟～\u200b//@九号公司 :#互动抽奖# 谢谢粒粒的复工礼！小九也来加个码~关注【@微粒贷+@九号公司 】并转发该动态，抽一位小可爱获得【100元京东卡】~ #供电局福利社# 10月31日抽出！')
2026-06-09 18:23:50,736|line:587| ('at: ', 'Carry队友的嘟嘟酱丶', '\u200b//@九号公司:\u200b恭喜@小小Shaun 中奖！后续记得查收私信哟～\u200b//@九号公司 :#互动抽奖# 谢谢粒粒的复工礼！小九也来加个码~关注【@微粒贷+@九号公司 】并转发该动态，抽一位小可爱获得【100元京东卡】~ #供电局福利社# 10月31日抽出！')
2026-06-09 18:23:50,736|line:587| ('at: ', '蛤蟆zero', '//@九号公司:\u200b恭喜@小小Shaun 中奖！后续记得查收私信哟～\u200b//@九号公司:#互动抽奖# 谢谢粒粒的复工礼！小九也来加个码~关注【@微粒贷+@九号公司 】并转发该动态，抽一位小可爱获得【100元京东卡】~ #供电局福利社# 10月31日抽出！c冲冲冲')
2026-06-09 18:23:50,736|line:587| ('at: ', '木而各子要吃笃栗子', '\u200b//@九号公司:\u200b恭喜@小小Shaun 中奖！后续记得查收私信哟～\u200b//@九号公司 :#互动抽奖# 谢谢粒粒的复工礼！小九也来加个码~关注【@微粒贷+@九号公司 】并转发该动态，抽一位小可爱获得【100元京东卡】~ #供电局福利社# 10月31日抽出！')
2026-06-09 18:23:50,736|line:587| ('at: ', '裙下愚臣情默默', '\u200b//@九号公司:\u200b恭喜@小小Shaun 中奖！后续记得查收私信哟～\u200b//@九号公司 :#互动抽奖# 谢谢粒粒的复工礼！小九也来加个码~关注【@微粒贷+@九号公司 】并转发该动态，抽一位小可爱获得【100元京东卡】~ #供电局福利社# 10月31日抽出！')
2026-06-09 18:23:50,737|line:587| ('at: ', '戊子毕宿', '')
