2026-02-01 16:42:35,094|line:232| processing article 45203546
2026-02-01 16:42:40,706|line:507| ==================================================2026-02-02 00:42==================================================
2026-02-01 16:42:40,707|line:519| https://t.bilibili.com/1160342409251389462
2026-02-01 16:42:44,276|line:526| 官方 或 预约 OUT！
2026-02-01 16:42:44,276|line:519| https://t.bilibili.com/1164341942911238150
2026-02-01 16:42:48,567|line:526| 官方 或 预约 OUT！
2026-02-01 16:42:48,567|line:519| https://t.bilibili.com/1164406298727415827
2026-02-01 16:42:50,857|line:341| =========此为源动态=========
2026-02-01 16:42:54,530|line:362| *********子动态开始*********
2026-02-01 16:42:54,531|line:381| *********子动态结束*********
2026-02-01 16:42:54,531|line:537| -=-=-=-=处理回最初的动态-=-=-=-=
2026-02-01 16:43:02,621|line:475| 转发成功 1164476366850097154
2026-02-01 16:43:05,995|line:494| 评论发送成功
2026-02-01 16:43:11,849|line:424| 363888343 === 已经关注了
2026-02-01 16:43:15,146|line:503| 动态-点赞 OK
2026-02-01 16:43:16,146|line:519| https://t.bilibili.com/1163944495253815317
2026-02-01 16:43:20,444|line:341| =========此为源动态=========
2026-02-01 16:43:23,932|line:362| *********子动态开始*********
2026-02-01 16:43:23,932|line:381| *********子动态结束*********
2026-02-01 16:43:23,933|line:537| -=-=-=-=处理回最初的动态-=-=-=-=
2026-02-01 16:43:36,021|line:475| 转发成功 1164476508545220610
2026-02-01 16:43:39,395|line:494| 评论发送成功
2026-02-01 16:43:46,153|line:436| 关注 ==== 22157527 0
2026-02-01 16:43:49,455|line:503| 动态-点赞 OK
2026-02-01 16:43:50,455|line:519| https://t.bilibili.com/1164238941007642627
2026-02-01 16:43:54,745|line:341| =========此为源动态=========
2026-02-01 16:43:58,230|line:362| *********子动态开始*********
2026-02-01 16:43:58,231|line:381| *********子动态结束*********
2026-02-01 16:43:58,231|line:537| -=-=-=-=处理回最初的动态-=-=-=-=
2026-02-01 16:44:07,325|line:475| 转发成功 1164476645992562697
2026-02-01 16:44:10,691|line:494| 评论发送成功
2026-02-01 16:44:14,037|line:424| 386837540 === 已经关注了
2026-02-01 16:44:17,352|line:503| 动态-点赞 OK
2026-02-01 16:44:20,352|line:519| https://t.bilibili.com/1164402514835013636
2026-02-01 16:44:24,624|line:526| 官方 或 预约 OUT！
2026-02-01 16:44:24,625|line:519| https://t.bilibili.com/1164040857170477061
2026-02-01 16:44:26,899|line:336| =========此为子动态=========
2026-02-01 16:44:28,262|line:387| *************原动态处理开始***************
2026-02-01 16:44:35,992|line:475| 转发成功 1164476766286249991
2026-02-01 16:44:39,321|line:494| 评论发送成功
2026-02-01 16:44:40,674|line:424| 1899220593 === 已经关注了
2026-02-01 16:44:43,991|line:503| 动态-点赞 OK
2026-02-01 16:44:43,991|line:396| *************原动态处理完成***************
2026-02-01 16:44:45,502|line:362| *********子动态开始*********
2026-02-01 16:44:56,726|line:475| 转发成功 1164476856461688848
2026-02-01 16:45:00,183|line:494| 评论发送成功
2026-02-01 16:45:04,833|line:424| 397664175 === 已经关注了
2026-02-01 16:45:04,833|line:376| ----完成一个子动态----
2026-02-01 16:45:11,984|line:475| 转发成功 1164476920885149713
2026-02-01 16:45:15,330|line:494| 评论发送成功
2026-02-01 16:45:23,006|line:424| 2124352378 === 已经关注了
2026-02-01 16:45:23,006|line:376| ----完成一个子动态----
2026-02-01 16:45:32,170|line:475| 转发成功 1164477006760378368
2026-02-01 16:45:35,520|line:494| 评论发送成功
2026-02-01 16:45:42,166|line:424| 88751999 === 已经关注了
2026-02-01 16:45:42,166|line:376| ----完成一个子动态----
2026-02-01 16:45:51,448|line:475| 转发成功 1164477092668112900
2026-02-01 16:45:54,793|line:494| 评论发送成功
2026-02-01 16:46:00,552|line:424| 323252394 === 已经关注了
2026-02-01 16:46:00,552|line:376| ----完成一个子动态----
2026-02-01 16:46:00,553|line:381| *********子动态结束*********
2026-02-01 16:46:01,553|line:519| https://t.bilibili.com/1159170944059572231
2026-02-01 16:46:04,846|line:526| 官方 或 预约 OUT！
2026-02-01 16:46:04,846|line:519| https://t.bilibili.com/1164384183929274391
2026-02-01 16:46:07,149|line:526| 官方 或 预约 OUT！
2026-02-01 16:46:07,149|line:519| https://t.bilibili.com/1164352688962404359
2026-02-01 16:46:09,448|line:526| 官方 或 预约 OUT！
2026-02-01 16:46:09,448|line:519| https://t.bilibili.com/1164073859656187923
2026-02-01 16:46:11,744|line:526| 官方 或 预约 OUT！
2026-02-01 16:46:11,744|line:519| https://t.bilibili.com/1155351249225252880
2026-02-01 16:46:16,029|line:346| 'NoneType' object has no attribute 'get'
2026-02-01 16:46:16,030|line:347| error line:328
2026-02-01 16:46:16,030|line:533| *#*#*#*#*#*#*#*#*#*原动态处理失败*#*#*#*#*#*#*#*#*#
2026-02-01 16:46:16,030|line:519| https://t.bilibili.com/1164377702861373477
2026-02-01 16:46:18,303|line:526| 官方 或 预约 OUT！
2026-02-01 16:46:18,303|line:519| https://t.bilibili.com/1164348870751158281
2026-02-01 16:46:20,601|line:341| =========此为源动态=========
2026-02-01 16:46:23,133|line:362| *********子动态开始*********
2026-02-01 16:46:23,133|line:381| *********子动态结束*********
2026-02-01 16:46:23,133|line:537| -=-=-=-=处理回最初的动态-=-=-=-=
2026-02-01 16:46:34,335|line:475| 转发成功 1164477277344366597
2026-02-01 16:46:37,690|line:494| 评论发送成功
2026-02-01 16:46:40,163|line:424| 100680137 === 已经关注了
2026-02-01 16:46:43,454|line:503| 动态-点赞 OK
2026-02-01 16:46:46,454|line:519| https://t.bilibili.com/1164393778893553671
2026-02-01 16:46:50,728|line:526| 官方 或 预约 OUT！
2026-02-01 16:46:50,728|line:519| https://t.bilibili.com/1158766847743492101
2026-02-01 16:46:50,728|line:521| 已有
2026-02-01 16:46:50,728|line:519| https://t.bilibili.com/1164248813040304130
2026-02-01 16:46:54,042|line:341| =========此为源动态=========
2026-02-01 16:46:58,510|line:362| *********子动态开始*********
2026-02-01 16:46:58,511|line:381| *********子动态结束*********
2026-02-01 16:46:58,511|line:537| -=-=-=-=处理回最初的动态-=-=-=-=
2026-02-01 16:47:07,620|line:475| 转发成功 1164477419117084692
2026-02-01 16:47:10,969|line:494| 评论发送成功
2026-02-01 16:47:16,705|line:436| 关注 ==== 448229014 0
2026-02-01 16:47:20,019|line:503| 动态-点赞 OK
2026-02-01 16:47:23,019|line:519| https://t.bilibili.com/1163580226219802628
2026-02-01 16:47:27,315|line:526| 官方 或 预约 OUT！
2026-02-01 16:47:27,315|line:519| https://t.bilibili.com/1164350854994591762
2026-02-01 16:47:31,605|line:341| =========此为源动态=========
2026-02-01 16:47:35,124|line:362| *********子动态开始*********
2026-02-01 16:47:35,125|line:381| *********子动态结束*********
2026-02-01 16:47:35,125|line:537| -=-=-=-=处理回最初的动态-=-=-=-=
2026-02-01 16:47:43,312|line:475| 转发成功 1164477573709692933
2026-02-01 16:47:46,690|line:494| 评论发送成功
2026-02-01 16:47:51,052|line:424| 238623328 === 已经关注了
2026-02-01 16:47:54,367|line:503| 动态-点赞 OK
2026-02-01 16:47:57,368|line:519| https://t.bilibili.com/1164362511537930248
2026-02-01 16:48:01,731|line:341| =========此为源动态=========
2026-02-01 16:48:05,257|line:362| *********子动态开始*********
2026-02-01 16:48:05,257|line:381| *********子动态结束*********
2026-02-01 16:48:05,258|line:537| -=-=-=-=处理回最初的动态-=-=-=-=
2026-02-01 16:48:15,369|line:475| 转发成功 1164477711132917785
2026-02-01 16:48:18,885|line:494| 评论发送成功
2026-02-01 16:48:24,590|line:436| 关注 ==== 14399578 0
2026-02-01 16:48:27,884|line:503| 动态-点赞 OK
2026-02-01 16:48:28,885|line:519| https://t.bilibili.com/1164345958737117203
2026-02-01 16:48:32,234|line:341| =========此为源动态=========
2026-02-01 16:48:34,954|line:362| *********子动态开始*********
2026-02-01 16:48:34,954|line:381| *********子动态结束*********
2026-02-01 16:48:34,954|line:537| -=-=-=-=处理回最初的动态-=-=-=-=
2026-02-01 16:48:42,314|line:475| 转发成功 1164477827112763393
2026-02-01 16:48:45,670|line:494| 评论发送成功
2026-02-01 16:48:48,030|line:424| 100680137 === 已经关注了
2026-02-01 16:48:51,322|line:503| 动态-点赞 OK
2026-02-01 16:48:54,323|line:519| https://t.bilibili.com/1164248813019332617
2026-02-01 16:48:55,622|line:341| =========此为源动态=========
2026-02-01 16:48:59,115|line:362| *********子动态开始*********
2026-02-01 16:48:59,115|line:381| *********子动态结束*********
2026-02-01 16:48:59,116|line:537| -=-=-=-=处理回最初的动态-=-=-=-=
2026-02-01 16:49:07,467|line:475| 转发成功 1164477934514208775
2026-02-01 16:49:10,910|line:494| 评论发送成功
2026-02-01 16:49:15,254|line:424| 1902330279 === 已经关注了
2026-02-01 16:49:18,737|line:503| 动态-点赞 OK
2026-02-01 16:49:21,737|line:519| https://t.bilibili.com/1164282900038811718
2026-02-01 16:49:24,025|line:526| 官方 或 预约 OUT！
2026-02-01 16:49:24,025|line:519| https://t.bilibili.com/1160274570270212096
2026-02-01 16:49:24,025|line:521| 已有
2026-02-01 16:49:24,025|line:519| https://t.bilibili.com/1164047930969030677
2026-02-01 16:49:26,318|line:341| =========此为源动态=========
2026-02-01 16:49:30,088|line:362| *********子动态开始*********
2026-02-01 16:49:30,088|line:381| *********子动态结束*********
2026-02-01 16:49:30,089|line:537| -=-=-=-=处理回最初的动态-=-=-=-=
2026-02-01 16:49:42,306|line:475| 转发成功 1164478084784586758
2026-02-01 16:49:45,665|line:494| 评论发送成功
2026-02-01 16:49:53,344|line:436| 关注 ==== 3546899713887018 0
2026-02-01 16:49:56,722|line:503| 动态-点赞 OK
2026-02-01 16:49:57,723|line:519| https://t.bilibili.com/1164059703483826194
2026-02-01 16:49:59,066|line:341| =========此为源动态=========
2026-02-01 16:50:03,592|line:362| *********子动态开始*********
2026-02-01 16:50:03,592|line:381| *********子动态结束*********
2026-02-01 16:50:03,592|line:537| -=-=-=-=处理回最初的动态-=-=-=-=
2026-02-01 16:50:15,215|line:475| 转发成功 1164478226576179200
2026-02-01 16:50:18,582|line:494| 评论发送成功
2026-02-01 16:50:20,947|line:424| 100680137 === 已经关注了
2026-02-01 16:50:24,251|line:503| 动态-点赞 OK
2026-02-01 16:50:25,251|line:519| https://t.bilibili.com/1164332936379498499
2026-02-01 16:50:27,543|line:526| 官方 或 预约 OUT！
2026-02-01 16:50:27,544|line:519| https://t.bilibili.com/1164285193567076352
2026-02-01 16:50:28,838|line:341| =========此为源动态=========
2026-02-01 16:50:30,400|line:362| *********子动态开始*********
2026-02-01 16:50:30,401|line:381| *********子动态结束*********
2026-02-01 16:50:30,401|line:537| -=-=-=-=处理回最初的动态-=-=-=-=
2026-02-01 16:50:40,487|line:475| 转发成功 1164478333891641369
2026-02-01 16:50:43,859|line:494| 评论发送成功
2026-02-01 16:50:45,259|line:424| 3632313590090073 === 已经关注了
2026-02-01 16:50:48,568|line:503| 动态-点赞 OK
2026-02-01 16:50:51,569|line:519| https://t.bilibili.com/1164094194220793856
2026-02-01 16:50:54,865|line:341| =========此为源动态=========
2026-02-01 16:50:57,357|line:362| *********子动态开始*********
2026-02-01 16:50:57,358|line:381| *********子动态结束*********
2026-02-01 16:50:57,358|line:537| -=-=-=-=处理回最初的动态-=-=-=-=
2026-02-01 16:51:05,483|line:475| 转发成功 1164478441284698120
2026-02-01 16:51:08,869|line:494| 评论发送成功
2026-02-01 16:51:12,245|line:424| 434624234 === 已经关注了
2026-02-01 16:51:15,547|line:503| 动态-点赞 OK
2026-02-01 16:51:18,548|line:519| https://t.bilibili.com/1160695296654573584
2026-02-01 16:51:22,847|line:526| 官方 或 预约 OUT！
2026-02-01 16:51:22,847|line:519| https://t.bilibili.com/1164372508060680201
2026-02-01 16:51:25,139|line:341| =========此为源动态=========
2026-02-01 16:51:27,614|line:362| *********子动态开始*********
2026-02-01 16:51:27,614|line:381| *********子动态结束*********
2026-02-01 16:51:27,614|line:537| -=-=-=-=处理回最初的动态-=-=-=-=
2026-02-01 16:51:36,760|line:475| 转发成功 1164478574448607238
2026-02-01 16:51:40,110|line:494| 评论发送成功
2026-02-01 16:51:41,475|line:424| 399259929 === 已经关注了
2026-02-01 16:51:44,789|line:503| 动态-点赞 OK
2026-02-01 16:51:48,790|line:519| https://t.bilibili.com/1163267810259894295
2026-02-01 16:51:51,078|line:526| 官方 或 预约 OUT！
2026-02-01 16:51:51,079|line:519| https://t.bilibili.com/1164114923826970645
2026-02-01 16:51:54,359|line:341| =========此为源动态=========
2026-02-01 16:51:58,851|line:362| *********子动态开始*********
2026-02-01 16:51:58,852|line:381| *********子动态结束*********
2026-02-01 16:51:58,852|line:537| -=-=-=-=处理回最初的动态-=-=-=-=
2026-02-01 16:52:06,423|line:475| 转发成功 1164478703315451910
2026-02-01 16:52:09,770|line:494| 评论发送成功
2026-02-01 16:52:13,123|line:424| 100680137 === 已经关注了
2026-02-01 16:52:16,418|line:503| 动态-点赞 OK
2026-02-01 16:52:20,419|line:552| 执行结束
2026-02-01 16:52:20,419|line:558| ==================================================2026-02-02 00:52==================================================
2026-02-01 16:52:20,419|line:232| processing article 45192931
2026-02-01 16:52:25,024|line:507| ==================================================2026-02-02 00:52==================================================
2026-02-01 16:52:25,024|line:519| https://t.bilibili.com/1153117260692324392
2026-02-01 16:52:27,403|line:526| 官方 或 预约 OUT！
2026-02-01 16:52:27,404|line:519| https://t.bilibili.com/1159085757653057574
2026-02-01 16:52:30,727|line:526| 官方 或 预约 OUT！
2026-02-01 16:52:30,727|line:519| https://t.bilibili.com/1154360898530312193
2026-02-01 16:52:33,018|line:526| 官方 或 预约 OUT！
2026-02-01 16:52:33,018|line:519| https://t.bilibili.com/1152879332364910649
2026-02-01 16:52:34,307|line:526| 官方 或 预约 OUT！
2026-02-01 16:52:34,307|line:519| https://t.bilibili.com/1133123702590799911
2026-02-01 16:52:35,591|line:526| 官方 或 预约 OUT！
2026-02-01 16:52:35,591|line:519| https://t.bilibili.com/1160553442497790072
2026-02-01 16:52:38,059|line:526| 官方 或 预约 OUT！
2026-02-01 16:52:38,059|line:519| https://t.bilibili.com/1160342409251389462
2026-02-01 16:52:42,356|line:526| 官方 或 预约 OUT！
2026-02-01 16:52:42,356|line:519| https://t.bilibili.com/1162111244286558208
2026-02-01 16:52:46,657|line:526| 官方 或 预约 OUT！
2026-02-01 16:52:46,657|line:519| https://t.bilibili.com/1162130756365975561
2026-02-01 16:52:50,949|line:526| 官方 或 预约 OUT！
2026-02-01 16:52:50,950|line:519| https://t.bilibili.com/1160198265859211270
2026-02-01 16:52:53,248|line:526| 官方 或 预约 OUT！
2026-02-01 16:52:53,248|line:519| https://t.bilibili.com/1159819033148653576
2026-02-01 16:52:54,523|line:526| 官方 或 预约 OUT！
2026-02-01 16:52:54,524|line:519| https://t.bilibili.com/1163908438992879619
2026-02-01 16:52:58,815|line:526| 官方 或 预约 OUT！
2026-02-01 16:52:58,816|line:519| https://t.bilibili.com/1159457074778734617
2026-02-01 16:53:03,109|line:526| 官方 或 预约 OUT！
2026-02-01 16:53:03,109|line:519| https://t.bilibili.com/1161794546312413185
2026-02-01 16:53:05,396|line:526| 官方 或 预约 OUT！
2026-02-01 16:53:05,397|line:519| https://t.bilibili.com/1161433640225210391
2026-02-01 16:53:07,693|line:526| 官方 或 预约 OUT！
2026-02-01 16:53:07,693|line:519| https://t.bilibili.com/1159170944059572231
2026-02-01 16:53:09,979|line:526| 官方 或 预约 OUT！
2026-02-01 16:53:09,979|line:519| https://t.bilibili.com/1162188716918177808
2026-02-01 16:53:14,254|line:526| 官方 或 预约 OUT！
2026-02-01 16:53:14,254|line:519| https://t.bilibili.com/1160686156994576386
2026-02-01 16:53:15,546|line:526| 官方 或 预约 OUT！
2026-02-01 16:53:15,546|line:519| https://t.bilibili.com/1163259271876444200
2026-02-01 16:53:16,841|line:526| 官方 或 预约 OUT！
2026-02-01 16:53:16,841|line:519| https://t.bilibili.com/1155351249225252880
2026-02-01 16:53:21,167|line:346| 'NoneType' object has no attribute 'get'
2026-02-01 16:53:21,167|line:347| error line:328
2026-02-01 16:53:21,167|line:533| *#*#*#*#*#*#*#*#*#*原动态处理失败*#*#*#*#*#*#*#*#*#
2026-02-01 16:53:21,167|line:519| https://t.bilibili.com/1158766847743492101
2026-02-01 16:53:21,167|line:521| 已有
2026-02-01 16:53:21,168|line:519| https://t.bilibili.com/1160198051104555011
2026-02-01 16:53:25,445|line:526| 官方 或 预约 OUT！
2026-02-01 16:53:25,445|line:519| https://t.bilibili.com/1162182656698351651
2026-02-01 16:53:29,824|line:526| 官方 或 预约 OUT！
2026-02-01 16:53:29,824|line:519| https://t.bilibili.com/1160274570270212096
2026-02-01 16:53:29,824|line:521| 已有
2026-02-01 16:53:29,824|line:519| https://t.bilibili.com/1162497731212607491
2026-02-01 16:53:33,124|line:526| 官方 或 预约 OUT！
2026-02-01 16:53:33,125|line:519| https://t.bilibili.com/1164332936379498499
2026-02-01 16:53:34,464|line:526| 官方 或 预约 OUT！
2026-02-01 16:53:34,464|line:519| https://t.bilibili.com/1153228388627906580
2026-02-01 16:53:38,738|line:526| 官方 或 预约 OUT！
2026-02-01 16:53:38,739|line:519| https://t.bilibili.com/1155837508243685400
2026-02-01 16:53:41,013|line:526| 官方 或 预约 OUT！
2026-02-01 16:53:41,014|line:519| https://t.bilibili.com/1160190638007779333
2026-02-01 16:53:42,304|line:526| 官方 或 预约 OUT！
2026-02-01 16:53:42,305|line:519| https://t.bilibili.com/1161311817724592134
2026-02-01 16:53:46,585|line:526| 官方 或 预约 OUT！
2026-02-01 16:53:46,585|line:519| https://t.bilibili.com/1159456439130914820
2026-02-01 16:53:50,880|line:526| 官方 或 预约 OUT！
2026-02-01 16:53:50,880|line:519| https://t.bilibili.com/1159952074039885846
2026-02-01 16:53:55,180|line:526| 官方 或 预约 OUT！
2026-02-01 16:53:55,180|line:519| https://t.bilibili.com/1155735854957723665
2026-02-01 16:53:56,456|line:526| 官方 或 预约 OUT！
2026-02-01 16:53:56,456|line:519| https://t.bilibili.com/1160695296654573584
2026-02-01 16:53:59,729|line:526| 官方 或 预约 OUT！
2026-02-01 16:53:59,729|line:519| https://t.bilibili.com/1158471396980949012
2026-02-01 16:54:01,023|line:526| 官方 或 预约 OUT！
2026-02-01 16:54:01,024|line:519| https://t.bilibili.com/1162808781371867140
2026-02-01 16:54:03,319|line:526| 官方 或 预约 OUT！
2026-02-01 16:54:03,320|line:519| https://t.bilibili.com/1162424338808307745
2026-02-01 16:54:07,617|line:526| 官方 或 预约 OUT！
2026-02-01 16:54:07,617|line:552| 执行结束
2026-02-01 16:54:07,617|line:558| ==================================================2026-02-02 00:54==================================================
2026-02-01 16:54:07,618|line:232| processing article 45192759
2026-02-01 16:54:12,193|line:507| ==================================================2026-02-02 00:54==================================================
2026-02-01 16:54:12,194|line:519| https://t.bilibili.com/1163507276162531350
2026-02-01 16:54:16,471|line:526| 官方 或 预约 OUT！
2026-02-01 16:54:16,471|line:519| https://t.bilibili.com/1154360898530312193
2026-02-01 16:54:19,767|line:526| 官方 或 预约 OUT！
2026-02-01 16:54:19,767|line:519| https://t.bilibili.com/1155729167704129555
2026-02-01 16:54:21,057|line:526| 官方 或 预约 OUT！
2026-02-01 16:54:21,057|line:519| https://t.bilibili.com/1133123702590799911
2026-02-01 16:54:25,345|line:526| 官方 或 预约 OUT！
2026-02-01 16:54:25,346|line:519| https://t.bilibili.com/1160553442497790072
2026-02-01 16:54:28,640|line:526| 官方 或 预约 OUT！
2026-02-01 16:54:28,641|line:519| https://t.bilibili.com/1163221725248225304
2026-02-01 16:54:31,052|line:341| =========此为源动态=========
2026-02-01 16:54:32,564|line:362| *********子动态开始*********
2026-02-01 16:54:32,565|line:381| *********子动态结束*********
2026-02-01 16:54:32,565|line:537| -=-=-=-=处理回最初的动态-=-=-=-=
2026-02-01 16:54:43,873|line:475| 转发成功 1164479377630560276
2026-02-01 16:54:47,253|line:494| 评论发送成功
2026-02-01 16:54:51,612|line:424| 100680137 === 已经关注了
2026-02-01 16:54:54,923|line:503| 动态-点赞 OK
2026-02-01 16:54:58,923|line:519| https://t.bilibili.com/1160342409251389462
2026-02-01 16:55:03,272|line:526| 官方 或 预约 OUT！
2026-02-01 16:55:03,272|line:519| https://t.bilibili.com/1160924540528754728
2026-02-01 16:55:06,759|line:526| 官方 或 预约 OUT！
2026-02-01 16:55:06,759|line:519| https://t.bilibili.com/1164266866896535574
2026-02-01 16:55:11,054|line:526| 官方 或 预约 OUT！
2026-02-01 16:55:11,054|line:519| https://t.bilibili.com/1162111244286558208
2026-02-01 16:55:15,342|line:526| 官方 或 预约 OUT！
2026-02-01 16:55:15,342|line:519| https://t.bilibili.com/1163968147665977348
2026-02-01 16:55:16,641|line:341| =========此为源动态=========
2026-02-01 16:55:19,136|line:362| *********子动态开始*********
2026-02-01 16:55:19,136|line:381| *********子动态结束*********
2026-02-01 16:55:19,136|line:537| -=-=-=-=处理回最初的动态-=-=-=-=
2026-02-01 16:55:28,434|line:475| 转发成功 1164479570886262789
2026-02-01 16:55:31,764|line:548| 'NoneType' object is not subscriptable
2026-02-01 16:55:31,764|line:549| error line:541
2026-02-01 16:55:32,764|line:519| https://t.bilibili.com/1161311139152265253
2026-02-01 16:55:36,113|line:526| 官方 或 预约 OUT！
2026-02-01 16:55:36,113|line:519| https://t.bilibili.com/1163153297827168260
2026-02-01 16:55:40,438|line:526| 官方 或 预约 OUT！
2026-02-01 16:55:40,438|line:519| https://t.bilibili.com/1160939998097178676
2026-02-01 16:55:44,732|line:526| 官方 或 预约 OUT！
2026-02-01 16:55:44,732|line:519| https://t.bilibili.com/1159170944059572231
2026-02-01 16:55:48,025|line:526| 官方 或 预约 OUT！
2026-02-01 16:55:48,025|line:519| https://t.bilibili.com/1162188716918177808
2026-02-01 16:55:50,322|line:526| 官方 或 预约 OUT！
2026-02-01 16:55:50,322|line:519| https://t.bilibili.com/1164256975628795905
2026-02-01 16:55:52,617|line:526| 官方 或 预约 OUT！
2026-02-01 16:55:52,617|line:519| https://t.bilibili.com/1163648606339596306
2026-02-01 16:55:54,911|line:526| 官方 或 预约 OUT！
2026-02-01 16:55:54,911|line:519| https://t.bilibili.com/1162572064218939412
2026-02-01 16:55:59,201|line:526| 官方 或 预约 OUT！
2026-02-01 16:55:59,201|line:519| https://t.bilibili.com/1160571086222393365
2026-02-01 16:56:00,489|line:526| 官方 或 预约 OUT！
2026-02-01 16:56:00,489|line:519| https://t.bilibili.com/1163670021063311368
2026-02-01 16:56:01,779|line:526| 官方 或 预约 OUT！
2026-02-01 16:56:01,779|line:519| https://t.bilibili.com/1163623244604899362
2026-02-01 16:56:04,069|line:526| 官方 或 预约 OUT！
2026-02-01 16:56:04,069|line:519| https://t.bilibili.com/1163667907925770260
2026-02-01 16:56:06,360|line:526| 官方 或 预约 OUT！
2026-02-01 16:56:06,360|line:519| https://t.bilibili.com/1155351249225252880
2026-02-01 16:56:09,632|line:346| 'NoneType' object has no attribute 'get'
2026-02-01 16:56:09,632|line:347| error line:328
2026-02-01 16:56:09,633|line:533| *#*#*#*#*#*#*#*#*#*原动态处理失败*#*#*#*#*#*#*#*#*#
2026-02-01 16:56:09,633|line:519| https://t.bilibili.com/1163593725305159685
2026-02-01 16:56:13,931|line:341| =========此为源动态=========
2026-02-01 16:56:18,438|line:362| *********子动态开始*********
2026-02-01 16:56:18,438|line:381| *********子动态结束*********
2026-02-01 16:56:18,438|line:537| -=-=-=-=处理回最初的动态-=-=-=-=
2026-02-01 16:56:28,913|line:475| 转发成功 1164479828543406119
2026-02-01 16:56:32,215|line:548| 'NoneType' object is not subscriptable
2026-02-01 16:56:32,215|line:549| error line:541
2026-02-01 16:56:33,216|line:519| https://t.bilibili.com/1164009151708266551
2026-02-01 16:56:37,569|line:526| 官方 或 预约 OUT！
2026-02-01 16:56:37,569|line:519| https://t.bilibili.com/1158766847743492101
2026-02-01 16:56:37,569|line:521| 已有
2026-02-01 16:56:37,569|line:519| https://t.bilibili.com/1161682881470267392
2026-02-01 16:56:39,863|line:526| 官方 或 预约 OUT！
2026-02-01 16:56:39,864|line:519| https://t.bilibili.com/1162855549250830339
2026-02-01 16:56:39,864|line:521| 已有
2026-02-01 16:56:39,864|line:519| https://t.bilibili.com/1154782209026031620
2026-02-01 16:56:41,163|line:526| 官方 或 预约 OUT！
2026-02-01 16:56:41,163|line:519| https://t.bilibili.com/1155087679957762072
2026-02-01 16:56:45,453|line:526| 官方 或 预约 OUT！
2026-02-01 16:56:45,454|line:519| https://t.bilibili.com/1163955043714465797
2026-02-01 16:56:46,741|line:526| 官方 或 预约 OUT！
2026-02-01 16:56:46,741|line:519| https://t.bilibili.com/1160274570270212096
2026-02-01 16:56:46,742|line:521| 已有
2026-02-01 16:56:46,742|line:519| https://t.bilibili.com/1162497731212607491
2026-02-01 16:56:50,015|line:526| 官方 或 预约 OUT！
2026-02-01 16:56:50,016|line:519| https://t.bilibili.com/1164332936379498499
2026-02-01 16:56:52,310|line:526| 官方 或 预约 OUT！
2026-02-01 16:56:52,311|line:519| https://t.bilibili.com/1163616239503802384
2026-02-01 16:56:55,601|line:526| 官方 或 预约 OUT！
2026-02-01 16:56:55,602|line:519| https://t.bilibili.com/1162797086181163033
2026-02-01 16:56:58,895|line:526| 官方 或 预约 OUT！
2026-02-01 16:56:58,896|line:519| https://t.bilibili.com/1156487203672555540
2026-02-01 16:57:01,196|line:526| 官方 或 预约 OUT！
2026-02-01 16:57:01,197|line:519| https://t.bilibili.com/1148869490757337097
2026-02-01 16:57:04,469|line:526| 官方 或 预约 OUT！
2026-02-01 16:57:04,470|line:519| https://t.bilibili.com/1163623674077511680
2026-02-01 16:57:05,757|line:526| 官方 或 预约 OUT！
2026-02-01 16:57:05,757|line:519| https://t.bilibili.com/1163893728726745109
2026-02-01 16:57:09,203|line:526| 官方 或 预约 OUT！
2026-02-01 16:57:09,203|line:519| https://t.bilibili.com/1160695296654573584
2026-02-01 16:57:11,496|line:526| 官方 或 预约 OUT！
2026-02-01 16:57:11,496|line:519| https://t.bilibili.com/1156265475993239569
2026-02-01 16:57:15,826|line:526| 官方 或 预约 OUT！
2026-02-01 16:57:15,827|line:519| https://t.bilibili.com/1162903906269790217
2026-02-01 16:57:17,115|line:526| 官方 或 预约 OUT！
2026-02-01 16:57:17,116|line:552| 执行结束
2026-02-01 16:57:17,116|line:558| ==================================================2026-02-02 00:57==================================================
2026-02-01 16:57:17,116|line:232| processing article 45175642
2026-02-01 16:57:20,155|line:507| ==================================================2026-02-02 00:57==================================================
2026-02-01 16:57:20,155|line:519| https://t.bilibili.com/1163506642692603905
2026-02-01 16:57:22,448|line:341| =========此为源动态=========
2026-02-01 16:57:26,917|line:362| *********子动态开始*********
2026-02-01 16:57:26,918|line:381| *********子动态结束*********
2026-02-01 16:57:26,918|line:537| -=-=-=-=处理回最初的动态-=-=-=-=
2026-02-01 16:57:37,034|line:475| 转发成功 1164480120657805378
2026-02-01 16:57:40,391|line:494| 评论发送成功
2026-02-01 16:57:43,756|line:424| 1930420310 === 已经关注了
2026-02-01 16:57:47,069|line:503| 动态-点赞 OK
2026-02-01 16:57:48,070|line:519| https://t.bilibili.com/1163274802461409378
2026-02-01 16:57:52,343|line:341| =========此为源动态=========
2026-02-01 16:57:53,674|line:362| *********子动态开始*********
2026-02-01 16:57:53,674|line:381| *********子动态结束*********
2026-02-01 16:57:53,674|line:537| -=-=-=-=处理回最初的动态-=-=-=-=
2026-02-01 16:58:03,781|line:475| 转发成功 1164480236581027849
2026-02-01 16:58:07,194|line:494| 评论发送成功
2026-02-01 16:58:13,888|line:436| 关注 ==== 1439255 0
2026-02-01 16:58:17,391|line:503| 动态-点赞 OK
2026-02-01 16:58:20,392|line:519| https://t.bilibili.com/1163724807657750563
2026-02-01 16:58:22,734|line:341| =========此为源动态=========
2026-02-01 16:58:24,258|line:362| *********子动态开始*********
2026-02-01 16:58:24,258|line:381| *********子动态结束*********
2026-02-01 16:58:24,259|line:537| -=-=-=-=处理回最初的动态-=-=-=-=
2026-02-01 16:58:33,558|line:475| 转发成功 1164480365468844033
2026-02-01 16:58:36,867|line:548| 'NoneType' object is not subscriptable
2026-02-01 16:58:36,868|line:549| error line:541
2026-02-01 16:58:37,868|line:519| https://t.bilibili.com/1163323161683427330
2026-02-01 16:58:42,253|line:341| =========此为源动态=========
2026-02-01 16:58:45,740|line:362| *********子动态开始*********
2026-02-01 16:58:45,740|line:381| *********子动态结束*********
2026-02-01 16:58:45,740|line:537| -=-=-=-=处理回最初的动态-=-=-=-=
2026-02-01 16:58:55,839|line:475| 转发成功 1164480459928764435
2026-02-01 16:58:59,201|line:494| 评论发送成功
2026-02-01 16:59:04,933|line:436| 关注 ==== 3546672057551172 0
2026-02-01 16:59:08,244|line:503| 动态-点赞 OK
2026-02-01 16:59:10,244|line:519| https://t.bilibili.com/1159564509107453972
2026-02-01 16:59:12,594|line:341| =========此为源动态=========
2026-02-01 16:59:16,095|line:362| *********子动态开始*********
2026-02-01 16:59:16,095|line:381| *********子动态结束*********
2026-02-01 16:59:16,096|line:537| -=-=-=-=处理回最初的动态-=-=-=-=
2026-02-01 16:59:28,245|line:475| 转发成功 1164480597353037831
2026-02-01 16:59:31,608|line:494| 评论发送成功
2026-02-01 16:59:35,166|line:424| 39279965 === 已经关注了
2026-02-01 16:59:38,513|line:503| 动态-点赞 OK
2026-02-01 16:59:42,513|line:519| https://t.bilibili.com/1163321100109611012
2026-02-01 16:59:45,831|line:341| =========此为源动态=========
2026-02-01 16:59:49,155|line:362| *********子动态开始*********
2026-02-01 16:59:49,155|line:381| *********子动态结束*********
2026-02-01 16:59:49,156|line:537| -=-=-=-=处理回最初的动态-=-=-=-=
2026-02-01 16:59:56,314|line:475| 转发成功 1164480721910235140
2026-02-01 16:59:59,671|line:494| 评论发送成功
2026-02-01 17:00:04,053|line:424| 578270486 === 已经关注了
2026-02-01 17:00:07,366|line:503| 动态-点赞 OK
2026-02-01 17:00:08,366|line:519| https://t.bilibili.com/1162426001005740039
2026-02-01 17:00:10,651|line:526| 官方 或 预约 OUT！
2026-02-01 17:00:10,651|line:519| https://t.bilibili.com/1163328831030820866
2026-02-01 17:00:11,945|line:341| =========此为源动态=========
2026-02-01 17:00:16,334|line:362| *********子动态开始*********
2026-02-01 17:00:16,335|line:381| *********子动态结束*********
2026-02-01 17:00:16,335|line:537| -=-=-=-=处理回最初的动态-=-=-=-=
2026-02-01 17:00:28,410|line:475| 转发成功 1164480859346042884
2026-02-01 17:00:31,772|line:494| 评论发送成功
2026-02-01 17:00:34,140|line:424| 630815423 === 已经关注了
2026-02-01 17:00:37,465|line:503| 动态-点赞 OK
2026-02-01 17:00:39,465|line:519| https://t.bilibili.com/1163310545184489475
2026-02-01 17:00:40,742|line:526| 官方 或 预约 OUT！
2026-02-01 17:00:40,743|line:519| https://t.bilibili.com/1162141605432393751
2026-02-01 17:00:45,031|line:526| 官方 或 预约 OUT！
2026-02-01 17:00:45,031|line:519| https://t.bilibili.com/1160342409251389462
2026-02-01 17:00:47,325|line:526| 官方 或 预约 OUT！
2026-02-01 17:00:47,325|line:519| https://t.bilibili.com/1163321100112756760
2026-02-01 17:00:50,602|line:341| =========此为源动态=========
2026-02-01 17:00:53,097|line:362| *********子动态开始*********
2026-02-01 17:00:53,097|line:381| *********子动态结束*********
2026-02-01 17:00:53,097|line:537| -=-=-=-=处理回最初的动态-=-=-=-=
2026-02-01 17:01:00,216|line:475| 转发成功 1164480996769267716
2026-02-01 17:01:03,566|line:494| 评论发送成功
2026-02-01 17:01:06,953|line:424| 410910599 === 已经关注了
2026-02-01 17:01:10,273|line:503| 动态-点赞 OK
2026-02-01 17:01:11,274|line:519| https://t.bilibili.com/1163321357767802887
2026-02-01 17:01:15,570|line:341| =========此为源动态=========
2026-02-01 17:01:19,111|line:362| *********子动态开始*********
2026-02-01 17:01:19,111|line:381| *********子动态结束*********
2026-02-01 17:01:19,111|line:537| -=-=-=-=处理回最初的动态-=-=-=-=
2026-02-01 17:01:27,305|line:475| 转发成功 1164481112787910663
2026-02-01 17:01:30,676|line:494| 评论发送成功
2026-02-01 17:01:38,445|line:436| 关注 ==== 3546383000799307 0
2026-02-01 17:01:41,749|line:503| 动态-点赞 OK
2026-02-01 17:01:45,749|line:519| https://t.bilibili.com/1163323677093134341
2026-02-01 17:01:47,250|line:341| =========此为源动态=========
2026-02-01 17:01:50,730|line:362| *********子动态开始*********
2026-02-01 17:01:50,730|line:381| *********子动态结束*********
2026-02-01 17:01:50,730|line:537| -=-=-=-=处理回最初的动态-=-=-=-=
2026-02-01 17:01:58,901|line:475| 转发成功 1164481245902536712
2026-02-01 17:02:02,239|line:494| 评论发送成功
2026-02-01 17:02:05,771|line:424| 429717985 === 已经关注了
2026-02-01 17:02:09,113|line:503| 动态-点赞 OK
2026-02-01 17:02:11,114|line:519| https://t.bilibili.com/1163322388556808200
2026-02-01 17:02:15,390|line:341| =========此为源动态=========
2026-02-01 17:02:19,881|line:362| *********子动态开始*********
2026-02-01 17:02:19,882|line:381| *********子动态结束*********
2026-02-01 17:02:19,882|line:537| -=-=-=-=处理回最初的动态-=-=-=-=
2026-02-01 17:02:31,019|line:475| 转发成功 1164481383318421510
2026-02-01 17:02:34,397|line:494| 评论发送成功
2026-02-01 17:02:37,778|line:424| 492967553 === 已经关注了
2026-02-01 17:02:41,149|line:503| 动态-点赞 OK
2026-02-01 17:02:43,149|line:519| https://t.bilibili.com/1163321100065570824
2026-02-01 17:02:45,473|line:341| =========此为源动态=========
2026-02-01 17:02:47,960|line:362| *********子动态开始*********
2026-02-01 17:02:47,960|line:381| *********子动态结束*********
2026-02-01 17:02:47,961|line:537| -=-=-=-=处理回最初的动态-=-=-=-=
2026-02-01 17:02:56,124|line:475| 转发成功 1164481490692603913
2026-02-01 17:02:59,515|line:494| 评论发送成功
2026-02-01 17:03:04,239|line:436| 关注 ==== 3546373645404611 0
2026-02-01 17:03:07,553|line:503| 动态-点赞 OK
2026-02-01 17:03:10,553|line:519| https://t.bilibili.com/1159919486009081881
2026-02-01 17:03:11,845|line:341| =========此为源动态=========
2026-02-01 17:03:14,170|line:362| *********子动态开始*********
2026-02-01 17:03:14,171|line:381| *********子动态结束*********
2026-02-01 17:03:14,171|line:537| -=-=-=-=处理回最初的动态-=-=-=-=
2026-02-01 17:03:22,287|line:475| 转发成功 1164481606703906820
2026-02-01 17:03:25,661|line:494| 评论发送成功
2026-02-01 17:03:29,027|line:424| 96611127 === 已经关注了
2026-02-01 17:03:32,515|line:503| 动态-点赞 OK
2026-02-01 17:03:34,515|line:519| https://t.bilibili.com/1163322317713965058
2026-02-01 17:03:38,792|line:526| 官方 或 预约 OUT！
2026-02-01 17:03:38,792|line:519| https://t.bilibili.com/1163606434093465604
2026-02-01 17:03:41,305|line:526| 官方 或 预约 OUT！
2026-02-01 17:03:41,305|line:519| https://t.bilibili.com/1163573302739861512
2026-02-01 17:03:44,592|line:341| =========此为源动态=========
2026-02-01 17:03:46,010|line:362| *********子动态开始*********
2026-02-01 17:03:46,011|line:381| *********子动态结束*********
2026-02-01 17:03:46,011|line:537| -=-=-=-=处理回最初的动态-=-=-=-=
2026-02-01 17:03:56,071|line:475| 转发成功 1164481748391690244
2026-02-01 17:03:59,454|line:494| 评论发送成功
2026-02-01 17:04:01,803|line:424| 17236262 === 已经关注了
2026-02-01 17:04:05,119|line:503| 动态-点赞 OK
2026-02-01 17:04:08,120|line:519| https://t.bilibili.com/1163328831005655049
2026-02-01 17:04:12,406|line:341| =========此为源动态=========
2026-02-01 17:04:15,926|line:362| *********子动态开始*********
2026-02-01 17:04:15,926|line:381| *********子动态结束*********
2026-02-01 17:04:15,926|line:537| -=-=-=-=处理回最初的动态-=-=-=-=
2026-02-01 17:04:27,087|line:475| 转发成功 1164481881592299544
2026-02-01 17:04:30,440|line:494| 评论发送成功
2026-02-01 17:04:33,803|line:424| 686890441 === 已经关注了
2026-02-01 17:04:37,120|line:503| 动态-点赞 OK
2026-02-01 17:04:40,121|line:519| https://t.bilibili.com/1163321100050890777
2026-02-01 17:04:44,396|line:341| =========此为源动态=========
2026-02-01 17:04:46,957|line:362| *********子动态开始*********
2026-02-01 17:04:46,958|line:381| *********子动态结束*********
2026-02-01 17:04:46,958|line:537| -=-=-=-=处理回最初的动态-=-=-=-=
2026-02-01 17:04:54,242|line:475| 转发成功 1164482001840898053
2026-02-01 17:04:57,625|line:494| 评论发送成功
2026-02-01 17:05:02,000|line:424| 679151170 === 已经关注了
2026-02-01 17:05:05,317|line:503| 动态-点赞 OK
2026-02-01 17:05:08,318|line:519| https://t.bilibili.com/1155379024769318933
2026-02-01 17:05:10,648|line:341| =========此为源动态=========
2026-02-01 17:05:11,967|line:362| *********子动态开始*********
2026-02-01 17:05:11,967|line:381| *********子动态结束*********
2026-02-01 17:05:11,968|line:537| -=-=-=-=处理回最初的动态-=-=-=-=
2026-02-01 17:05:20,011|line:475| 转发成功 1164482109227663362
2026-02-01 17:05:23,382|line:494| 评论发送成功
2026-02-01 17:05:25,861|line:424| 3493279620401432 === 已经关注了
2026-02-01 17:05:29,157|line:503| 动态-点赞 OK
2026-02-01 17:05:31,158|line:519| https://t.bilibili.com/1160282339838787584
2026-02-01 17:05:32,434|line:526| 官方 或 预约 OUT！
2026-02-01 17:05:32,434|line:519| https://t.bilibili.com/1163321357787725824
2026-02-01 17:05:33,727|line:341| =========此为源动态=========
2026-02-01 17:05:37,198|line:362| *********子动态开始*********
2026-02-01 17:05:37,198|line:381| *********子动态结束*********
2026-02-01 17:05:37,199|line:537| -=-=-=-=处理回最初的动态-=-=-=-=
2026-02-01 17:05:44,415|line:475| 转发成功 1164482216586117139
2026-02-01 17:05:47,765|line:494| 评论发送成功
2026-02-01 17:05:51,153|line:424| 26350092 === 已经关注了
2026-02-01 17:05:54,641|line:503| 动态-点赞 OK
2026-02-01 17:05:58,641|line:519| https://t.bilibili.com/1159170944059572231
2026-02-01 17:06:02,021|line:526| 官方 或 预约 OUT！
2026-02-01 17:06:02,021|line:519| https://t.bilibili.com/1158386073117655046
2026-02-01 17:06:04,315|line:526| 官方 或 预约 OUT！
2026-02-01 17:06:04,316|line:519| https://t.bilibili.com/1163263317753462804
2026-02-01 17:06:06,589|line:341| =========此为源动态=========
2026-02-01 17:06:08,054|line:362| *********子动态开始*********
2026-02-01 17:06:08,054|line:381| *********子动态结束*********
2026-02-01 17:06:08,054|line:537| -=-=-=-=处理回最初的动态-=-=-=-=
2026-02-01 17:06:16,141|line:475| 转发成功 1164482353978933254
2026-02-01 17:06:19,490|line:494| 评论发送成功
2026-02-01 17:06:23,875|line:424| 3494370223327232 === 已经关注了
2026-02-01 17:06:27,196|line:503| 动态-点赞 OK
2026-02-01 17:06:31,196|line:519| https://t.bilibili.com/1163328738695315459
2026-02-01 17:06:34,492|line:341| =========此为源动态=========
2026-02-01 17:06:36,985|line:362| *********子动态开始*********
2026-02-01 17:06:36,986|line:381| *********子动态结束*********
2026-02-01 17:06:36,986|line:537| -=-=-=-=处理回最初的动态-=-=-=-=
2026-02-01 17:06:47,142|line:475| 转发成功 1164482487179542534
2026-02-01 17:06:50,486|line:494| 评论发送成功
2026-02-01 17:06:54,901|line:424| 1568450094 === 已经关注了
2026-02-01 17:06:58,383|line:503| 动态-点赞 OK
2026-02-01 17:06:59,383|line:519| https://t.bilibili.com/1163135005583474691
2026-02-01 17:07:03,742|line:341| =========此为源动态=========
2026-02-01 17:07:06,225|line:362| *********子动态开始*********
2026-02-01 17:07:06,226|line:381| *********子动态结束*********
2026-02-01 17:07:06,226|line:537| -=-=-=-=处理回最初的动态-=-=-=-=
2026-02-01 17:07:14,326|line:475| 转发成功 1164482603087036424
2026-02-01 17:07:17,694|line:494| 评论发送成功
2026-02-01 17:07:20,061|line:424| 624211844 === 已经关注了
2026-02-01 17:07:23,375|line:503| 动态-点赞 OK
2026-02-01 17:07:24,376|line:519| https://t.bilibili.com/1155778027241603088
2026-02-01 17:07:27,668|line:341| =========此为源动态=========
2026-02-01 17:07:31,189|line:362| *********子动态开始*********
2026-02-01 17:09:12,114|line:381| *********子动态结束*********
2026-02-01 17:09:12,115|line:537| -=-=-=-=处理回最初的动态-=-=-=-=
2026-02-01 17:09:21,240|line:475| 转发成功 1164483148556271616
2026-02-01 17:09:24,611|line:494| 评论发送成功
2026-02-01 17:09:26,958|line:424| 1864084681 === 已经关注了
2026-02-01 17:09:30,252|line:503| 动态-点赞 OK
2026-02-01 17:09:31,253|line:519| https://t.bilibili.com/1163374115036332066
2026-02-01 17:09:34,617|line:341| =========此为源动态=========
2026-02-01 17:09:36,130|line:362| *********子动态开始*********
2026-02-01 17:09:36,131|line:381| *********子动态结束*********
2026-02-01 17:09:36,131|line:537| -=-=-=-=处理回最初的动态-=-=-=-=
2026-02-01 17:09:44,415|line:475| 转发成功 1164483247347859457
2026-02-01 17:09:47,741|line:494| 评论发送成功
2026-02-01 17:09:51,282|line:424| 100680137 === 已经关注了
2026-02-01 17:09:54,579|line:503| 动态-点赞 OK
2026-02-01 17:09:56,580|line:519| https://t.bilibili.com/1159525207984046098
2026-02-01 17:09:59,046|line:341| =========此为源动态=========
2026-02-01 17:10:00,593|line:362| *********子动态开始*********
2026-02-01 17:10:00,593|line:381| *********子动态结束*********
2026-02-01 17:10:00,593|line:537| -=-=-=-=处理回最初的动态-=-=-=-=
2026-02-01 17:10:08,687|line:475| 转发成功 1164483350416588824
2026-02-01 17:10:12,093|line:494| 评论发送成功
2026-02-01 17:10:13,477|line:424| 1930420310 === 已经关注了
2026-02-01 17:10:16,795|line:503| 动态-点赞 OK
2026-02-01 17:10:19,795|line:519| https://t.bilibili.com/1163227343068594210
2026-02-01 17:10:22,070|line:526| 官方 或 预约 OUT！
2026-02-01 17:10:22,070|line:519| https://t.bilibili.com/1156829284952702996
2026-02-01 17:10:23,361|line:336| =========此为子动态=========
2026-02-01 17:10:26,721|line:400| *************原动态已存在***************
2026-02-01 17:10:31,181|line:362| *********子动态开始*********
2026-02-01 17:12:25,862|line:381| *********子动态结束*********
2026-02-01 17:12:25,863|line:537| -=-=-=-=处理回最初的动态-=-=-=-=
2026-02-01 17:12:37,076|line:475| 转发成功 1164483986109497360
2026-02-01 17:12:40,670|line:494| 评论发送成功
2026-02-01 17:12:42,036|line:424| 1899220593 === 已经关注了
2026-02-01 17:12:45,344|line:503| 动态-点赞 OK
2026-02-01 17:12:48,344|line:519| https://t.bilibili.com/1162053225716645910
2026-02-01 17:12:49,819|line:346| 'NoneType' object has no attribute 'get'
2026-02-01 17:12:49,820|line:347| error line:328
2026-02-01 17:12:49,820|line:533| *#*#*#*#*#*#*#*#*#*原动态处理失败*#*#*#*#*#*#*#*#*#
2026-02-01 17:12:49,820|line:519| https://t.bilibili.com/1159919485984964608
2026-02-01 17:12:51,113|line:341| =========此为源动态=========
2026-02-01 17:12:53,610|line:362| *********子动态开始*********
2026-02-01 17:12:53,610|line:381| *********子动态结束*********
2026-02-01 17:12:53,611|line:537| -=-=-=-=处理回最初的动态-=-=-=-=
2026-02-01 17:13:05,675|line:475| 转发成功 1164484110669840386
2026-02-01 17:13:09,051|line:494| 评论发送成功
2026-02-01 17:13:13,460|line:424| 698926571 === 已经关注了
2026-02-01 17:13:16,777|line:503| 动态-点赞 OK
2026-02-01 17:13:20,777|line:519| https://t.bilibili.com/1163537362431508481
2026-02-01 17:13:23,067|line:341| =========此为源动态=========
2026-02-01 17:13:24,557|line:362| *********子动态开始*********
2026-02-01 17:13:24,557|line:381| *********子动态结束*********
2026-02-01 17:13:24,558|line:537| -=-=-=-=处理回最初的动态-=-=-=-=
2026-02-01 17:13:33,655|line:475| 转发成功 1164484230879641604
2026-02-01 17:13:37,011|line:494| 评论发送成功
2026-02-01 17:13:39,378|line:424| 1435278966 === 已经关注了
2026-02-01 17:13:42,872|line:503| 动态-点赞 OK
2026-02-01 17:13:46,872|line:519| https://t.bilibili.com/1163912910077952034
2026-02-01 17:13:48,165|line:341| =========此为源动态=========
2026-02-01 17:13:51,787|line:362| *********子动态开始*********
2026-02-01 17:13:51,788|line:381| *********子动态结束*********
2026-02-01 17:13:51,788|line:537| -=-=-=-=处理回最初的动态-=-=-=-=
2026-02-01 17:14:00,935|line:475| 转发成功 1164484346854244372
2026-02-01 17:14:04,360|line:494| 评论发送成功
2026-02-01 17:14:10,063|line:436| 关注 ==== 2702376 0
2026-02-01 17:14:13,376|line:503| 动态-点赞 OK
2026-02-01 17:14:15,376|line:519| https://t.bilibili.com/1162128810734256131
2026-02-01 17:14:17,647|line:341| =========此为源动态=========
2026-02-01 17:14:21,149|line:362| *********子动态开始*********
2026-02-01 17:14:21,150|line:381| *********子动态结束*********
2026-02-01 17:14:21,150|line:537| -=-=-=-=处理回最初的动态-=-=-=-=
2026-02-01 17:14:28,289|line:475| 转发成功 1164484467144785925
2026-02-01 17:14:31,667|line:494| 评论发送成功
2026-02-01 17:14:36,225|line:424| 1930420310 === 已经关注了
2026-02-01 17:14:39,533|line:503| 动态-点赞 OK
2026-02-01 17:14:41,534|line:519| https://t.bilibili.com/1159449923678109702
2026-02-01 17:14:45,913|line:526| 官方 或 预约 OUT！
2026-02-01 17:14:45,914|line:519| https://t.bilibili.com/1163493884453453849
2026-02-01 17:14:48,209|line:526| 官方 或 预约 OUT！
2026-02-01 17:14:48,210|line:519| https://t.bilibili.com/1163014020659150852
2026-02-01 17:14:51,489|line:341| =========此为源动态=========
2026-02-01 17:14:54,173|line:362| *********子动态开始*********
2026-02-01 17:14:54,174|line:381| *********子动态结束*********
2026-02-01 17:14:54,174|line:537| -=-=-=-=处理回最初的动态-=-=-=-=
2026-02-01 17:15:05,757|line:475| 转发成功 1164484626018729990
2026-02-01 17:15:09,062|line:548| 'NoneType' object is not subscriptable
2026-02-01 17:15:09,062|line:549| error line:541
2026-02-01 17:15:12,063|line:519| https://t.bilibili.com/1163333579100389377
2026-02-01 17:15:16,356|line:341| =========此为源动态=========
2026-02-01 17:15:19,842|line:362| *********子动态开始*********
2026-02-01 17:15:19,842|line:381| *********子动态结束*********
2026-02-01 17:15:19,843|line:537| -=-=-=-=处理回最初的动态-=-=-=-=
2026-02-01 17:15:27,187|line:475| 转发成功 1164484720569876489
2026-02-01 17:15:30,554|line:494| 评论发送成功
2026-02-01 17:15:34,977|line:424| 493105507 === 已经关注了
2026-02-01 17:15:38,275|line:503| 动态-点赞 OK
2026-02-01 17:15:39,276|line:519| https://t.bilibili.com/1158766847743492101
2026-02-01 17:15:39,276|line:521| 已有
2026-02-01 17:15:39,276|line:519| https://t.bilibili.com/1163166487668588553
2026-02-01 17:15:42,549|line:341| =========此为源动态=========
2026-02-01 17:15:47,076|line:362| *********子动态开始*********
2026-02-01 17:15:47,076|line:381| *********子动态结束*********
2026-02-01 17:15:47,076|line:537| -=-=-=-=处理回最初的动态-=-=-=-=
2026-02-01 17:15:56,212|line:475| 转发成功 1164484845100859398
2026-02-01 17:15:59,585|line:494| 评论发送成功
2026-02-01 17:16:02,964|line:424| 480582281 === 已经关注了
2026-02-01 17:16:06,279|line:503| 动态-点赞 OK
2026-02-01 17:16:07,280|line:519| https://t.bilibili.com/1163321100065570841
2026-02-01 17:16:08,575|line:341| =========此为源动态=========
2026-02-01 17:16:10,067|line:362| *********子动态开始*********
2026-02-01 17:16:10,067|line:381| *********子动态结束*********
2026-02-01 17:16:10,067|line:537| -=-=-=-=处理回最初的动态-=-=-=-=
2026-02-01 17:16:17,158|line:475| 转发成功 1164484935296221189
2026-02-01 17:16:20,513|line:494| 评论发送成功
2026-02-01 17:16:27,322|line:436| 关注 ==== 3546579820611803 0
2026-02-01 17:16:30,630|line:503| 动态-点赞 OK
2026-02-01 17:16:32,631|line:519| https://t.bilibili.com/1163274330049609753
2026-02-01 17:16:35,927|line:526| 官方 或 预约 OUT！
2026-02-01 17:16:35,927|line:519| https://t.bilibili.com/1163259252576354310
2026-02-01 17:16:38,424|line:341| =========此为源动态=========
2026-02-01 17:16:41,745|line:362| *********子动态开始*********
2026-02-01 17:16:41,745|line:381| *********子动态结束*********
2026-02-01 17:16:41,746|line:537| -=-=-=-=处理回最初的动态-=-=-=-=
2026-02-01 17:16:53,146|line:475| 转发成功 1164485089888829462
2026-02-01 17:16:56,530|line:494| 评论发送成功
2026-02-01 17:16:58,884|line:424| 1429723107 === 已经关注了
2026-02-01 17:17:02,181|line:503| 动态-点赞 OK
2026-02-01 17:17:06,181|line:519| https://t.bilibili.com/1163322388602945576
2026-02-01 17:17:08,599|line:341| =========此为源动态=========
2026-02-01 17:17:11,105|line:362| *********子动态开始*********
2026-02-01 17:17:11,106|line:381| *********子动态结束*********
2026-02-01 17:17:11,106|line:537| -=-=-=-=处理回最初的动态-=-=-=-=
2026-02-01 17:17:19,228|line:475| 转发成功 1164485201591533577
2026-02-01 17:17:22,609|line:494| 评论发送成功
2026-02-01 17:17:26,978|line:424| 258852214 === 已经关注了
2026-02-01 17:17:30,285|line:503| 动态-点赞 OK
2026-02-01 17:17:34,285|line:519| https://t.bilibili.com/1163847319476502563
2026-02-01 17:17:38,583|line:341| =========此为源动态=========
2026-02-01 17:17:40,065|line:362| *********子动态开始*********
2026-02-01 17:17:40,066|line:381| *********子动态结束*********
2026-02-01 17:17:40,066|line:537| -=-=-=-=处理回最初的动态-=-=-=-=
2026-02-01 17:17:48,133|line:475| 转发成功 1164485326120419333
2026-02-01 17:17:51,479|line:494| 评论发送成功
2026-02-01 17:17:55,841|line:424| 526410150 === 已经关注了
2026-02-01 17:17:59,134|line:503| 动态-点赞 OK
2026-02-01 17:18:03,134|line:519| https://t.bilibili.com/1159567824783409161
2026-02-01 17:18:04,423|line:526| 官方 或 预约 OUT！
2026-02-01 17:18:04,424|line:519| https://t.bilibili.com/1152776096345751568
2026-02-01 17:18:06,710|line:341| =========此为源动态=========
2026-02-01 17:18:09,284|line:362| *********子动态开始*********
2026-02-01 17:18:09,284|line:381| *********子动态结束*********
2026-02-01 17:18:09,284|line:537| -=-=-=-=处理回最初的动态-=-=-=-=
2026-02-01 17:18:19,484|line:475| 转发成功 1164485459295862784
2026-02-01 17:18:22,838|line:494| 评论发送成功
2026-02-01 17:18:26,189|line:424| 356084798 === 已经关注了
2026-02-01 17:18:29,500|line:503| 动态-点赞 OK
2026-02-01 17:18:30,501|line:519| https://t.bilibili.com/1164032026707230738
2026-02-01 17:18:34,776|line:526| 官方 或 预约 OUT！
2026-02-01 17:18:34,777|line:519| https://t.bilibili.com/1160274570270212096
2026-02-01 17:18:34,777|line:521| 已有
2026-02-01 17:18:34,777|line:519| https://t.bilibili.com/1163638470278643729
2026-02-01 17:18:36,068|line:341| =========此为源动态=========
2026-02-01 17:18:38,535|line:362| *********子动态开始*********
2026-02-01 17:18:38,536|line:381| *********子动态结束*********
2026-02-01 17:18:38,536|line:537| -=-=-=-=处理回最初的动态-=-=-=-=
2026-02-01 17:18:45,671|line:475| 转发成功 1164485570933555206
2026-02-01 17:18:49,037|line:494| 评论发送成功
2026-02-01 17:18:53,817|line:436| 关注 ==== 3546948053240561 0
2026-02-01 17:18:57,132|line:503| 动态-点赞 OK
2026-02-01 17:19:00,132|line:519| https://t.bilibili.com/1155516691371786275
2026-02-01 17:19:04,542|line:341| =========此为源动态=========
2026-02-01 17:19:08,855|line:362| *********子动态开始*********
2026-02-01 17:19:08,855|line:381| *********子动态结束*********
2026-02-01 17:19:08,855|line:537| -=-=-=-=处理回最初的动态-=-=-=-=
2026-02-01 17:19:19,052|line:475| 转发成功 1164485712686350377
2026-02-01 17:19:22,414|line:494| 评论发送成功
2026-02-01 17:19:30,132|line:436| 关注 ==== 385875654 0
2026-02-01 17:19:33,448|line:503| 动态-点赞 OK
2026-02-01 17:19:37,448|line:519| https://t.bilibili.com/1154615809077674007
2026-02-01 17:19:41,927|line:341| =========此为源动态=========
2026-02-01 17:19:43,244|line:362| *********子动态开始*********
2026-02-01 17:19:43,245|line:381| *********子动态结束*********
2026-02-01 17:19:43,245|line:537| -=-=-=-=处理回最初的动态-=-=-=-=
2026-02-01 17:19:51,305|line:475| 转发成功 1164485854423416835
2026-02-01 17:19:54,665|line:494| 评论发送成功
2026-02-01 17:19:56,000|line:424| 397339091 === 已经关注了
2026-02-01 17:19:59,292|line:503| 动态-点赞 OK
2026-02-01 17:20:02,292|line:519| https://t.bilibili.com/1158404221498818564
2026-02-01 17:20:04,619|line:341| =========此为源动态=========
2026-02-01 17:20:06,095|line:362| *********子动态开始*********
2026-02-01 17:20:06,096|line:381| *********子动态结束*********
2026-02-01 17:20:06,096|line:537| -=-=-=-=处理回最初的动态-=-=-=-=
2026-02-01 17:20:14,306|line:475| 转发成功 1164485953185644548
2026-02-01 17:20:17,666|line:494| 评论发送成功
2026-02-01 17:20:22,027|line:424| 287886755 === 已经关注了
2026-02-01 17:20:25,342|line:503| 动态-点赞 OK
2026-02-01 17:20:27,343|line:519| https://t.bilibili.com/1163539020250087431
2026-02-01 17:20:28,618|line:526| 官方 或 预约 OUT！
2026-02-01 17:20:28,618|line:519| https://t.bilibili.com/1163321100091785241
2026-02-01 17:20:30,914|line:341| =========此为源动态=========
2026-02-01 17:20:32,425|line:362| *********子动态开始*********
2026-02-01 17:20:32,425|line:381| *********子动态结束*********
2026-02-01 17:20:32,425|line:537| -=-=-=-=处理回最初的动态-=-=-=-=
2026-02-01 17:20:42,583|line:475| 转发成功 1164486073469894662
2026-02-01 17:20:45,951|line:494| 评论发送成功
2026-02-01 17:20:48,483|line:424| 395606249 === 已经关注了
2026-02-01 17:20:51,781|line:503| 动态-点赞 OK
2026-02-01 17:20:52,782|line:519| https://t.bilibili.com/1163322388564148230
2026-02-01 17:20:54,058|line:341| =========此为源动态=========
2026-02-01 17:20:56,529|line:362| *********子动态开始*********
2026-02-01 17:20:56,530|line:381| *********子动态结束*********
2026-02-01 17:20:56,530|line:537| -=-=-=-=处理回最初的动态-=-=-=-=
2026-02-01 17:21:04,685|line:475| 转发成功 1164486167971758086
2026-02-01 17:21:08,062|line:494| 评论发送成功
2026-02-01 17:21:11,432|line:424| 171617844 === 已经关注了
2026-02-01 17:21:14,797|line:503| 动态-点赞 OK
2026-02-01 17:21:15,798|line:519| https://t.bilibili.com/1160695296654573584
2026-02-01 17:21:17,119|line:526| 官方 或 预约 OUT！
2026-02-01 17:21:17,119|line:519| https://t.bilibili.com/1160949610244472851
2026-02-01 17:21:19,392|line:526| 官方 或 预约 OUT！
2026-02-01 17:21:19,393|line:519| https://t.bilibili.com/1163504437216411648
2026-02-01 17:21:21,713|line:336| =========此为子动态=========
2026-02-01 17:21:24,080|line:387| *************原动态处理开始***************
2026-02-01 17:21:30,812|line:475| 转发成功 1164486279603159063
2026-02-01 17:21:34,189|line:494| 评论发送成功
2026-02-01 17:21:35,543|line:424| 1366468120 === 已经关注了
2026-02-01 17:21:38,849|line:503| 动态-点赞 OK
2026-02-01 17:21:38,849|line:396| *************原动态处理完成***************
2026-02-01 17:21:43,321|line:362| *********子动态开始*********
2026-02-01 17:21:54,545|line:475| 转发成功 1164486382689714178
2026-02-01 17:21:57,913|line:494| 评论发送成功
2026-02-01 17:22:05,606|line:424| 396808737 === 已经关注了
2026-02-01 17:22:05,607|line:376| ----完成一个子动态----
2026-02-01 17:22:05,608|line:381| *********子动态结束*********
2026-02-01 17:22:08,608|line:519| https://t.bilibili.com/1163321100095979544
2026-02-01 17:22:12,893|line:341| =========此为源动态=========
2026-02-01 17:22:17,457|line:362| *********子动态开始*********
2026-02-01 17:22:17,458|line:381| *********子动态结束*********
2026-02-01 17:22:17,458|line:537| -=-=-=-=处理回最初的动态-=-=-=-=
2026-02-01 17:22:29,783|line:475| 转发成功 1164486533028249618
2026-02-01 17:22:33,156|line:494| 评论发送成功
2026-02-01 17:22:39,842|line:436| 关注 ==== 3493261670877877 0
2026-02-01 17:22:43,153|line:503| 动态-点赞 OK
2026-02-01 17:22:46,154|line:552| 执行结束
2026-02-01 17:22:46,154|line:558| ==================================================2026-02-02 01:22==================================================
2026-02-01 17:22:46,154|line:232| processing article 45166816
2026-02-01 17:22:50,751|line:507| ==================================================2026-02-02 01:22==================================================
2026-02-01 17:22:50,751|line:519| https://t.bilibili.com/1163724807657750563
2026-02-01 17:22:52,030|line:341| =========此为源动态=========
2026-02-01 17:22:53,557|line:362| *********子动态开始*********
2026-02-01 17:22:53,557|line:381| *********子动态结束*********
2026-02-01 17:22:53,557|line:537| -=-=-=-=处理回最初的动态-=-=-=-=
2026-02-01 17:23:03,774|line:475| 转发成功 1164486679072866311
2026-02-01 17:23:07,078|line:548| 'NoneType' object is not subscriptable
2026-02-01 17:23:07,078|line:549| error line:541
2026-02-01 17:23:09,078|line:519| https://t.bilibili.com/1163895214771798020
2026-02-01 17:23:09,079|line:521| 已有
2026-02-01 17:23:09,079|line:519| https://t.bilibili.com/1163634523144978448
2026-02-01 17:23:13,353|line:341| =========此为源动态=========
2026-02-01 17:23:14,817|line:362| *********子动态开始*********
2026-02-01 17:23:14,817|line:381| *********子动态结束*********
2026-02-01 17:23:14,817|line:537| -=-=-=-=处理回最初的动态-=-=-=-=
2026-02-01 17:23:21,871|line:475| 转发成功 1164486756323557464
2026-02-01 17:23:25,326|line:494| 评论发送成功
2026-02-01 17:23:26,680|line:424| 690588074 === 已经关注了
2026-02-01 17:23:29,976|line:503| 动态-点赞 OK
2026-02-01 17:23:32,977|line:519| https://t.bilibili.com/1160342409251389462
2026-02-01 17:23:34,276|line:526| 官方 或 预约 OUT！
2026-02-01 17:23:34,276|line:519| https://t.bilibili.com/1163988943851487250
2026-02-01 17:23:36,565|line:336| =========此为子动态=========
2026-02-01 17:23:39,923|line:387| *************原动态处理开始***************
2026-02-01 17:23:46,618|line:475| 转发成功 1164486863711371289
2026-02-01 17:23:49,948|line:494| 评论发送成功
2026-02-01 17:23:52,330|line:424| 436170053 === 已经关注了
2026-02-01 17:23:55,650|line:503| 动态-点赞 OK
2026-02-01 17:23:55,650|line:396| *************原动态处理完成***************
2026-02-01 17:23:57,315|line:362| *********子动态开始*********
2026-02-01 17:24:06,487|line:475| 转发成功 1164486949640077337
2026-02-01 17:24:09,830|line:494| 评论发送成功
2026-02-01 17:24:17,501|line:424| 493230543 === 已经关注了
2026-02-01 17:24:17,501|line:376| ----完成一个子动态----
2026-02-01 17:24:17,502|line:381| *********子动态结束*********
2026-02-01 17:24:19,503|line:519| https://t.bilibili.com/1163992160833372169
2026-02-01 17:24:21,775|line:341| =========此为源动态=========
2026-02-01 17:24:23,090|line:362| *********子动态开始*********
2026-02-01 17:24:23,090|line:381| *********子动态结束*********
2026-02-01 17:24:23,090|line:537| -=-=-=-=处理回最初的动态-=-=-=-=
2026-02-01 17:24:33,282|line:475| 转发成功 1164487065597902848
2026-02-01 17:24:36,629|line:494| 评论发送成功
2026-02-01 17:24:40,973|line:424| 297991412 === 已经关注了
2026-02-01 17:24:44,288|line:503| 动态-点赞 OK
2026-02-01 17:24:46,288|line:519| https://t.bilibili.com/1163981225790013459
2026-02-01 17:24:48,576|line:341| =========此为源动态=========
2026-02-01 17:24:51,900|line:362| *********子动态开始*********
2026-02-01 17:24:51,900|line:381| *********子动态结束*********
2026-02-01 17:24:51,901|line:537| -=-=-=-=处理回最初的动态-=-=-=-=
2026-02-01 17:24:59,170|line:475| 转发成功 1164487177267052550
2026-02-01 17:25:02,591|line:494| 评论发送成功
2026-02-01 17:25:07,032|line:424| 1790756206 === 已经关注了
2026-02-01 17:25:10,402|line:503| 动态-点赞 OK
2026-02-01 17:25:13,402|line:519| https://t.bilibili.com/1163888669289873446
2026-02-01 17:25:16,781|line:341| =========此为源动态=========
2026-02-01 17:25:21,258|line:362| *********子动态开始*********
2026-02-01 17:25:21,258|line:381| *********子动态结束*********
2026-02-01 17:25:21,258|line:537| -=-=-=-=处理回最初的动态-=-=-=-=
2026-02-01 17:25:27,311|line:475| 转发成功 1164487297515651079
2026-02-01 17:25:30,661|line:494| 评论发送成功
2026-02-01 17:25:35,023|line:424| 2124352378 === 已经关注了
2026-02-01 17:25:38,332|line:503| 动态-点赞 OK
2026-02-01 17:25:39,332|line:519| https://t.bilibili.com/1163698896134733845
2026-02-01 17:25:43,607|line:526| 官方 或 预约 OUT！
2026-02-01 17:25:43,608|line:519| https://t.bilibili.com/1164030321606262803
2026-02-01 17:25:44,888|line:526| 官方 或 预约 OUT！
2026-02-01 17:25:44,889|line:519| https://t.bilibili.com/1164044494998339589
2026-02-01 17:25:49,162|line:526| 官方 或 预约 OUT！
2026-02-01 17:25:49,162|line:519| https://t.bilibili.com/1163968147665977348
2026-02-01 17:25:52,463|line:341| =========此为源动态=========
2026-02-01 17:25:56,971|line:362| *********子动态开始*********
2026-02-01 17:25:56,972|line:381| *********子动态结束*********
2026-02-01 17:25:56,972|line:537| -=-=-=-=处理回最初的动态-=-=-=-=
2026-02-01 17:26:06,262|line:475| 转发成功 1164487465033007108
2026-02-01 17:26:09,644|line:548| 'NoneType' object is not subscriptable
2026-02-01 17:26:09,644|line:549| error line:541
2026-02-01 17:26:13,644|line:519| https://t.bilibili.com/1163978230099607561
2026-02-01 17:26:17,042|line:341| =========此为源动态=========
2026-02-01 17:26:20,547|line:362| *********子动态开始*********
2026-02-01 17:26:20,547|line:381| *********子动态结束*********
2026-02-01 17:26:20,547|line:537| -=-=-=-=处理回最初的动态-=-=-=-=
2026-02-01 17:26:31,788|line:475| 转发成功 1164487572414529538
2026-02-01 17:26:35,130|line:494| 评论发送成功
2026-02-01 17:26:37,472|line:424| 1930420310 === 已经关注了
2026-02-01 17:26:40,769|line:503| 动态-点赞 OK
2026-02-01 17:26:44,770|line:519| https://t.bilibili.com/1163965111124099089
2026-02-01 17:26:48,064|line:341| =========此为源动态=========
2026-02-01 17:26:49,562|line:362| *********子动态开始*********
2026-02-01 17:26:49,563|line:381| *********子动态结束*********
2026-02-01 17:26:49,563|line:537| -=-=-=-=处理回最初的动态-=-=-=-=
2026-02-01 17:27:00,680|line:475| 转发成功 1164487696942366726
2026-02-01 17:27:04,015|line:494| 评论发送成功
2026-02-01 17:27:09,840|line:436| 关注 ==== 306480077 0
2026-02-01 17:27:13,152|line:503| 动态-点赞 OK
2026-02-01 17:27:15,153|line:519| https://t.bilibili.com/1163877510949109780
2026-02-01 17:27:17,445|line:341| =========此为源动态=========
2026-02-01 17:27:20,999|line:362| *********子动态开始*********
2026-02-01 17:27:21,000|line:381| *********子动态结束*********
2026-02-01 17:27:21,000|line:537| -=-=-=-=处理回最初的动态-=-=-=-=
2026-02-01 17:27:29,155|line:475| 转发成功 1164487817241296899
2026-02-01 17:27:32,539|line:494| 评论发送成功
2026-02-01 17:27:33,886|line:424| 165016731 === 已经关注了
2026-02-01 17:27:37,205|line:503| 动态-点赞 OK
2026-02-01 17:27:38,205|line:519| https://t.bilibili.com/1163898513360158801
2026-02-01 17:27:39,481|line:526| 官方 或 预约 OUT！
2026-02-01 17:27:39,481|line:519| https://t.bilibili.com/1163862830724677641
2026-02-01 17:27:42,778|line:526| 官方 或 预约 OUT！
2026-02-01 17:27:42,778|line:519| https://t.bilibili.com/1159170944059572231
2026-02-01 17:27:46,072|line:526| 官方 或 预约 OUT！
2026-02-01 17:27:46,072|line:519| https://t.bilibili.com/1163877727853346820
2026-02-01 17:27:47,366|line:341| =========此为源动态=========
2026-02-01 17:27:48,900|line:362| *********子动态开始*********
2026-02-01 17:27:48,900|line:381| *********子动态结束*********
2026-02-01 17:27:48,900|line:537| -=-=-=-=处理回最初的动态-=-=-=-=
2026-02-01 17:27:54,975|line:475| 转发成功 1164487928854872086
2026-02-01 17:27:58,380|line:494| 评论发送成功
2026-02-01 17:28:01,769|line:424| 1902330279 === 已经关注了
2026-02-01 17:28:05,081|line:503| 动态-点赞 OK
2026-02-01 17:28:06,081|line:519| https://t.bilibili.com/1163969470514855973
2026-02-01 17:28:07,377|line:341| =========此为源动态=========
2026-02-01 17:28:09,906|line:362| *********子动态开始*********
2026-02-01 17:28:09,907|line:381| *********子动态结束*********
2026-02-01 17:28:09,907|line:537| -=-=-=-=处理回最初的动态-=-=-=-=
2026-02-01 17:28:20,230|line:475| 转发成功 1164488040546041856
2026-02-01 17:28:23,570|line:494| 评论发送成功
2026-02-01 17:28:27,933|line:424| 100680137 === 已经关注了
2026-02-01 17:28:31,250|line:503| 动态-点赞 OK
2026-02-01 17:28:32,251|line:519| https://t.bilibili.com/1163882282664067079
2026-02-01 17:28:36,656|line:341| =========此为源动态=========
2026-02-01 17:28:40,120|line:362| *********子动态开始*********
2026-02-01 17:28:40,120|line:381| *********子动态结束*********
2026-02-01 17:28:40,121|line:537| -=-=-=-=处理回最初的动态-=-=-=-=
2026-02-01 17:28:48,186|line:475| 转发成功 1164488160833437703
2026-02-01 17:28:51,522|line:494| 评论发送成功
2026-02-01 17:28:55,885|line:424| 625076962 === 已经关注了
2026-02-01 17:28:59,211|line:503| 动态-点赞 OK
2026-02-01 17:29:02,212|line:519| https://t.bilibili.com/1163714508317786120
2026-02-01 17:29:05,493|line:341| =========此为源动态=========
2026-02-01 17:29:07,960|line:362| *********子动态开始*********
2026-02-01 17:29:07,961|line:381| *********子动态结束*********
2026-02-01 17:29:07,961|line:537| -=-=-=-=处理回最初的动态-=-=-=-=
2026-02-01 17:29:19,073|line:475| 转发成功 1164488289663582224
2026-02-01 17:29:22,460|line:494| 评论发送成功
2026-02-01 17:29:28,155|line:436| 关注 ==== 263165317 0
2026-02-01 17:29:31,473|line:503| 动态-点赞 OK
2026-02-01 17:29:34,473|line:519| https://t.bilibili.com/1155351249225252880
2026-02-01 17:29:35,765|line:346| 'NoneType' object has no attribute 'get'
2026-02-01 17:29:35,765|line:347| error line:328
2026-02-01 17:29:35,765|line:533| *#*#*#*#*#*#*#*#*#*原动态处理失败*#*#*#*#*#*#*#*#*#
2026-02-01 17:29:35,765|line:519| https://t.bilibili.com/1163912910077952034
2026-02-01 17:29:35,766|line:521| 已有
2026-02-01 17:29:35,766|line:519| https://t.bilibili.com/1163683438571552786
2026-02-01 17:29:37,118|line:526| 官方 或 预约 OUT！
2026-02-01 17:29:37,119|line:519| https://t.bilibili.com/1163912517048598569
2026-02-01 17:29:38,416|line:341| =========此为源动态=========
2026-02-01 17:29:40,918|line:362| *********子动态开始*********
2026-02-01 17:29:40,918|line:381| *********子动态结束*********
2026-02-01 17:29:40,919|line:537| -=-=-=-=处理回最初的动态-=-=-=-=
2026-02-01 17:29:50,018|line:475| 转发成功 1164488422829588502
2026-02-01 17:29:53,361|line:494| 评论发送成功
2026-02-01 17:29:57,727|line:424| 399259929 === 已经关注了
2026-02-01 17:30:01,025|line:503| 动态-点赞 OK
2026-02-01 17:30:04,025|line:519| https://t.bilibili.com/1163701309900062721
2026-02-01 17:30:06,323|line:341| =========此为源动态=========
2026-02-01 17:30:07,841|line:362| *********子动态开始*********
2026-02-01 17:30:07,842|line:381| *********子动态结束*********
2026-02-01 17:30:07,842|line:537| -=-=-=-=处理回最初的动态-=-=-=-=
2026-02-01 17:30:15,978|line:475| 转发成功 1164488534486155267
2026-02-01 17:30:19,317|line:494| 评论发送成功
2026-02-01 17:30:20,681|line:424| 3494373710891428 === 已经关注了
2026-02-01 17:30:23,991|line:503| 动态-点赞 OK
2026-02-01 17:30:24,991|line:519| https://t.bilibili.com/1158766847743492101
2026-02-01 17:30:24,991|line:521| 已有
2026-02-01 17:30:24,991|line:519| https://t.bilibili.com/1163908651615780883
2026-02-01 17:30:29,360|line:341| =========此为源动态=========
2026-02-01 17:30:32,855|line:362| *********子动态开始*********
2026-02-01 17:30:32,855|line:381| *********子动态结束*********
2026-02-01 17:30:32,855|line:537| -=-=-=-=处理回最初的动态-=-=-=-=
2026-02-01 17:30:42,996|line:475| 转发成功 1164488650413572131
2026-02-01 17:30:46,352|line:494| 评论发送成功
2026-02-01 17:30:53,057|line:436| 关注 ==== 33548672 0
2026-02-01 17:30:56,377|line:503| 动态-点赞 OK
2026-02-01 17:30:57,377|line:519| https://t.bilibili.com/1163917918026596402
2026-02-01 17:31:00,760|line:526| 官方 或 预约 OUT！
2026-02-01 17:31:00,761|line:519| https://t.bilibili.com/1163949498874986545
2026-02-01 17:31:03,035|line:526| 官方 或 预约 OUT！
2026-02-01 17:31:03,036|line:519| https://t.bilibili.com/1163913760448970776
2026-02-01 17:31:06,345|line:341| =========此为源动态=========
2026-02-01 17:31:09,705|line:362| *********子动态开始*********
2026-02-01 17:31:09,705|line:381| *********子动态结束*********
2026-02-01 17:31:09,705|line:537| -=-=-=-=处理回最初的动态-=-=-=-=
2026-02-01 17:31:20,877|line:475| 转发成功 1164488813620232196
2026-02-01 17:31:24,285|line:494| 评论发送成功
2026-02-01 17:31:32,032|line:436| 关注 ==== 454875657 0
2026-02-01 17:31:35,346|line:503| 动态-点赞 OK
2026-02-01 17:31:39,346|line:519| https://t.bilibili.com/1160658059314331681
2026-02-01 17:31:41,690|line:341| =========此为源动态=========
2026-02-01 17:31:45,194|line:362| *********子动态开始*********
2026-02-01 17:31:45,195|line:381| *********子动态结束*********
2026-02-01 17:31:45,195|line:537| -=-=-=-=处理回最初的动态-=-=-=-=
2026-02-01 17:31:51,257|line:475| 转发成功 1164488946808258567
2026-02-01 17:31:54,615|line:494| 评论发送成功
2026-02-01 17:32:01,312|line:436| 关注 ==== 1862029222 0
2026-02-01 17:32:04,628|line:503| 动态-点赞 OK
2026-02-01 17:32:08,629|line:519| https://t.bilibili.com/1163847319476502563
2026-02-01 17:32:08,629|line:521| 已有
2026-02-01 17:32:08,629|line:519| https://t.bilibili.com/1163908651595857929
2026-02-01 17:32:12,903|line:341| =========此为源动态=========
2026-02-01 17:32:15,403|line:362| *********子动态开始*********
2026-02-01 17:32:15,403|line:381| *********子动态结束*********
2026-02-01 17:32:15,403|line:537| -=-=-=-=处理回最初的动态-=-=-=-=
2026-02-01 17:32:25,553|line:475| 转发成功 1164489092814077956
2026-02-01 17:32:28,921|line:494| 评论发送成功
2026-02-01 17:32:30,293|line:424| 399259929 === 已经关注了
2026-02-01 17:32:33,612|line:503| 动态-点赞 OK
2026-02-01 17:32:37,613|line:519| https://t.bilibili.com/1163891783152697345
2026-02-01 17:32:37,613|line:521| 已有
2026-02-01 17:32:37,613|line:519| https://t.bilibili.com/1163679186568609808
2026-02-01 17:32:40,887|line:341| =========此为源动态=========
2026-02-01 17:32:42,366|line:362| *********子动态开始*********
2026-02-01 17:32:42,367|line:381| *********子动态结束*********
2026-02-01 17:32:42,367|line:537| -=-=-=-=处理回最初的动态-=-=-=-=
2026-02-01 17:32:53,426|line:475| 转发成功 1164489213066870785
2026-02-01 17:32:56,794|line:494| 评论发送成功
2026-02-01 17:33:00,146|line:424| 383768376 === 已经关注了
2026-02-01 17:33:03,443|line:503| 动态-点赞 OK
2026-02-01 17:33:07,444|line:519| https://t.bilibili.com/1163140511770345475
2026-02-01 17:33:10,730|line:526| 官方 或 预约 OUT！
2026-02-01 17:33:10,730|line:519| https://t.bilibili.com/1160274570270212096
2026-02-01 17:33:10,730|line:521| 已有
2026-02-01 17:33:10,730|line:519| https://t.bilibili.com/1163943206774112281
2026-02-01 17:33:15,014|line:526| 官方 或 预约 OUT！
2026-02-01 17:33:15,015|line:519| https://t.bilibili.com/1164032026707230738
2026-02-01 17:33:19,310|line:526| 官方 或 预约 OUT！
2026-02-01 17:33:19,310|line:519| https://t.bilibili.com/1163687402793861137
2026-02-01 17:33:21,585|line:526| 官方 或 预约 OUT！
2026-02-01 17:33:21,585|line:519| https://t.bilibili.com/1163645799623557153
2026-02-01 17:33:22,875|line:341| =========此为源动态=========
2026-02-01 17:33:24,390|line:362| *********子动态开始*********
2026-02-01 17:33:24,391|line:381| *********子动态结束*********
2026-02-01 17:33:24,391|line:537| -=-=-=-=处理回最初的动态-=-=-=-=
2026-02-01 17:33:32,501|line:475| 转发成功 1164489380592615428
2026-02-01 17:33:35,862|line:494| 评论发送成功
2026-02-01 17:33:38,213|line:424| 79955050 === 已经关注了
2026-02-01 17:33:41,520|line:503| 动态-点赞 OK
2026-02-01 17:33:44,521|line:519| https://t.bilibili.com/1163691925386035222
2026-02-01 17:33:47,050|line:341| =========此为源动态=========
2026-02-01 17:33:52,152|line:362| *********子动态开始*********
2026-02-01 17:33:52,152|line:381| *********子动态结束*********
2026-02-01 17:33:52,153|line:537| -=-=-=-=处理回最初的动态-=-=-=-=
2026-02-01 17:34:04,499|line:475| 转发成功 1164489518044151824
2026-02-01 17:34:07,908|line:494| 评论发送成功
2026-02-01 17:34:09,275|line:424| 100680137 === 已经关注了
2026-02-01 17:34:12,628|line:503| 动态-点赞 OK
2026-02-01 17:34:16,629|line:519| https://t.bilibili.com/1163908651592712213
2026-02-01 17:34:18,124|line:341| =========此为源动态=========
2026-02-01 17:34:22,632|line:362| *********子动态开始*********
2026-02-01 17:34:22,632|line:381| *********子动态结束*********
2026-02-01 17:34:22,632|line:537| -=-=-=-=处理回最初的动态-=-=-=-=
2026-02-01 17:34:29,735|line:475| 转发成功 1164489625387925528
2026-02-01 17:34:33,087|line:494| 评论发送成功
2026-02-01 17:34:34,461|line:424| 3625120 === 已经关注了
2026-02-01 17:34:37,796|line:503| 动态-点赞 OK
2026-02-01 17:34:41,797|line:519| https://t.bilibili.com/1163997611105976337
2026-02-01 17:34:46,086|line:526| 官方 或 预约 OUT！
2026-02-01 17:34:46,086|line:519| https://t.bilibili.com/1163909066082222089
2026-02-01 17:34:46,086|line:521| 已有
2026-02-01 17:34:46,086|line:519| https://t.bilibili.com/1164032761110986777
2026-02-01 17:34:49,358|line:526| 官方 或 预约 OUT！
2026-02-01 17:34:49,359|line:519| https://t.bilibili.com/1163877727864881156
2026-02-01 17:34:50,653|line:341| =========此为源动态=========
2026-02-01 17:34:52,136|line:362| *********子动态开始*********
2026-02-01 17:34:52,137|line:381| *********子动态结束*********
2026-02-01 17:34:52,137|line:537| -=-=-=-=处理回最初的动态-=-=-=-=
2026-02-01 17:35:03,258|line:475| 转发成功 1164489771397939200
2026-02-01 17:35:06,796|line:494| 评论发送成功
2026-02-01 17:35:09,167|line:424| 3494356755417944 === 已经关注了
2026-02-01 17:35:12,483|line:503| 动态-点赞 OK
2026-02-01 17:35:15,483|line:519| https://t.bilibili.com/1160695296654573584
2026-02-01 17:35:16,778|line:526| 官方 或 预约 OUT！
2026-02-01 17:35:16,778|line:519| https://t.bilibili.com/1163689546005610582
2026-02-01 17:35:18,070|line:526| 官方 或 预约 OUT！
2026-02-01 17:35:18,071|line:519| https://t.bilibili.com/1163638068664598531
2026-02-01 17:35:20,366|line:341| =========此为源动态=========
2026-02-01 17:35:22,871|line:362| *********子动态开始*********
2026-02-01 17:35:22,872|line:381| *********子动态结束*********
2026-02-01 17:35:22,872|line:537| -=-=-=-=处理回最初的动态-=-=-=-=
2026-02-01 17:35:32,987|line:475| 转发成功 1164489895981350920
2026-02-01 17:35:36,351|line:494| 评论发送成功
2026-02-01 17:35:37,708|line:424| 3546813611117108 === 已经关注了
2026-02-01 17:35:41,025|line:503| 动态-点赞 OK
2026-02-01 17:35:43,026|line:519| https://t.bilibili.com/1163933332628570135
2026-02-01 17:35:45,310|line:526| 官方 或 预约 OUT！
2026-02-01 17:35:45,310|line:519| https://t.bilibili.com/1164016884791640070
2026-02-01 17:35:47,603|line:341| =========此为源动态=========
2026-02-01 17:35:50,090|line:362| *********子动态开始*********
2026-02-01 17:35:50,090|line:381| *********子动态结束*********
2026-02-01 17:35:50,090|line:537| -=-=-=-=处理回最初的动态-=-=-=-=
2026-02-01 17:36:00,147|line:475| 转发成功 1164490016259309569
2026-02-01 17:36:03,723|line:494| 评论发送成功
2026-02-01 17:36:09,428|line:436| 关注 ==== 3546962401954116 0
2026-02-01 17:36:12,748|line:503| 动态-点赞 OK
2026-02-01 17:36:16,748|line:519| https://t.bilibili.com/1163897439618334724
2026-02-01 17:36:16,748|line:521| 已有
2026-02-01 17:36:16,748|line:519| https://t.bilibili.com/1163700184623874068
2026-02-01 17:36:20,034|line:526| 官方 或 预约 OUT！
2026-02-01 17:36:20,034|line:519| https://t.bilibili.com/1163836687258746883
2026-02-01 17:36:21,323|line:341| =========此为源动态=========
2026-02-01 17:36:25,642|line:362| *********子动态开始*********
2026-02-01 17:36:25,642|line:381| *********子动态结束*********
2026-02-01 17:36:25,642|line:537| -=-=-=-=处理回最初的动态-=-=-=-=
2026-02-01 17:36:34,741|line:475| 转发成功 1164490162293440515
2026-02-01 17:36:38,067|line:494| 评论发送成功
2026-02-01 17:36:41,427|line:424| 33009791 === 已经关注了
2026-02-01 17:36:44,767|line:503| 动态-点赞 OK
2026-02-01 17:36:47,768|line:552| 执行结束
2026-02-01 17:36:47,768|line:558| ==================================================2026-02-02 01:36==================================================
2026-02-01 17:36:47,768|line:232| processing article 45159277
2026-02-01 17:36:51,588|line:507| ==================================================2026-02-02 01:36==================================================
2026-02-01 17:36:51,589|line:519| https://t.bilibili.com/1153117260692324392
2026-02-01 17:36:53,920|line:526| 官方 或 预约 OUT！
2026-02-01 17:36:53,921|line:519| https://t.bilibili.com/1159085757653057574
2026-02-01 17:36:58,217|line:526| 官方 或 预约 OUT！
2026-02-01 17:36:58,218|line:519| https://t.bilibili.com/1152879332364910649
2026-02-01 17:37:02,495|line:526| 官方 或 预约 OUT！
2026-02-01 17:37:02,496|line:519| https://t.bilibili.com/1160342409251389462
2026-02-01 17:37:05,781|line:526| 官方 或 预约 OUT！
2026-02-01 17:37:05,781|line:519| https://t.bilibili.com/1154366580769947664
2026-02-01 17:37:09,107|line:526| 官方 或 预约 OUT！
2026-02-01 17:37:09,108|line:519| https://t.bilibili.com/1162130756365975561
2026-02-01 17:37:13,405|line:526| 官方 或 预约 OUT！
2026-02-01 17:37:13,406|line:519| https://t.bilibili.com/1152829527902126101
2026-02-01 17:37:14,701|line:526| 官方 或 预约 OUT！
2026-02-01 17:37:14,702|line:519| https://t.bilibili.com/1160198265859211270
2026-02-01 17:37:19,017|line:526| 官方 或 预约 OUT！
2026-02-01 17:37:19,017|line:519| https://t.bilibili.com/1159819033148653576
2026-02-01 17:37:21,515|line:526| 官方 或 预约 OUT！
2026-02-01 17:37:21,516|line:519| https://t.bilibili.com/1152590553791070225
2026-02-01 17:37:21,516|line:521| 已有
2026-02-01 17:37:21,516|line:519| https://t.bilibili.com/1152853416510226496
2026-02-01 17:37:25,791|line:526| 官方 或 预约 OUT！
2026-02-01 17:37:25,791|line:519| https://t.bilibili.com/1152828449877917697
2026-02-01 17:37:29,136|line:526| 官方 或 预约 OUT！
2026-02-01 17:37:29,137|line:519| https://t.bilibili.com/1163908438992879619
2026-02-01 17:37:30,422|line:526| 官方 或 预约 OUT！
2026-02-01 17:37:30,422|line:519| https://t.bilibili.com/1159457074778734617
2026-02-01 17:37:31,695|line:526| 官方 或 预约 OUT！
2026-02-01 17:37:31,695|line:519| https://t.bilibili.com/1161794546312413185
2026-02-01 17:37:34,974|line:526| 官方 或 预约 OUT！
2026-02-01 17:37:34,975|line:519| https://t.bilibili.com/1161433640225210391
2026-02-01 17:37:37,269|line:526| 官方 或 预约 OUT！
2026-02-01 17:37:37,269|line:519| https://t.bilibili.com/1159170944059572231
2026-02-01 17:37:41,556|line:526| 官方 或 预约 OUT！
2026-02-01 17:37:41,556|line:519| https://t.bilibili.com/1160686156994576386
2026-02-01 17:37:43,849|line:526| 官方 或 预约 OUT！
2026-02-01 17:37:43,849|line:519| https://t.bilibili.com/1141038446833303554
2026-02-01 17:37:48,120|line:526| 官方 或 预约 OUT！
2026-02-01 17:37:48,120|line:519| https://t.bilibili.com/1163259271876444200
2026-02-01 17:37:52,415|line:526| 官方 或 预约 OUT！
2026-02-01 17:37:52,415|line:519| https://t.bilibili.com/1152885860677451779
2026-02-01 17:37:56,789|line:526| 官方 或 预约 OUT！
2026-02-01 17:37:56,789|line:519| https://t.bilibili.com/1155351249225252880
2026-02-01 17:37:59,070|line:346| 'NoneType' object has no attribute 'get'
2026-02-01 17:37:59,071|line:347| error line:328
2026-02-01 17:37:59,071|line:533| *#*#*#*#*#*#*#*#*#*原动态处理失败*#*#*#*#*#*#*#*#*#
2026-02-01 17:37:59,071|line:519| https://t.bilibili.com/1158766847743492101
2026-02-01 17:37:59,071|line:521| 已有
2026-02-01 17:37:59,071|line:519| https://t.bilibili.com/1160198051104555011
2026-02-01 17:38:01,538|line:526| 官方 或 预约 OUT！
2026-02-01 17:38:01,539|line:519| https://t.bilibili.com/1158713568705642515
2026-02-01 17:38:03,824|line:526| 官方 或 预约 OUT！
2026-02-01 17:38:03,825|line:519| https://t.bilibili.com/1161035286262579206
2026-02-01 17:38:05,118|line:526| 官方 或 预约 OUT！
2026-02-01 17:38:05,118|line:519| https://t.bilibili.com/1162182656698351651
2026-02-01 17:38:07,427|line:526| 官方 或 预约 OUT！
2026-02-01 17:38:07,427|line:519| https://t.bilibili.com/1160274570270212096
2026-02-01 17:38:07,427|line:521| 已有
2026-02-01 17:38:07,428|line:519| https://t.bilibili.com/1136870653481189395
2026-02-01 17:38:11,720|line:526| 官方 或 预约 OUT！
2026-02-01 17:38:11,720|line:519| https://t.bilibili.com/1153228388627906580
2026-02-01 17:38:15,019|line:526| 官方 或 预约 OUT！
2026-02-01 17:38:15,019|line:519| https://t.bilibili.com/1155837508243685400
2026-02-01 17:38:17,313|line:526| 官方 或 预约 OUT！
2026-02-01 17:38:17,313|line:519| https://t.bilibili.com/1160190638007779333
2026-02-01 17:38:18,609|line:526| 官方 或 预约 OUT！
2026-02-01 17:38:18,610|line:519| https://t.bilibili.com/1161311817724592134
2026-02-01 17:38:22,898|line:526| 官方 或 预约 OUT！
2026-02-01 17:38:22,898|line:519| https://t.bilibili.com/1159456439130914820
2026-02-01 17:38:27,191|line:526| 官方 或 预约 OUT！
2026-02-01 17:38:27,191|line:519| https://t.bilibili.com/1159952074039885846
2026-02-01 17:38:28,479|line:526| 官方 或 预约 OUT！
2026-02-01 17:38:28,479|line:519| https://t.bilibili.com/1155735854957723665
2026-02-01 17:38:29,777|line:526| 官方 或 预约 OUT！
2026-02-01 17:38:29,778|line:519| https://t.bilibili.com/1160695296654573584
2026-02-01 17:38:34,071|line:526| 官方 或 预约 OUT！
2026-02-01 17:38:34,071|line:519| https://t.bilibili.com/1158471396980949012
2026-02-01 17:38:36,365|line:526| 官方 或 预约 OUT！
2026-02-01 17:38:36,365|line:519| https://t.bilibili.com/1155822415725461505
2026-02-01 17:38:37,640|line:526| 官方 或 预约 OUT！
2026-02-01 17:38:37,640|line:519| https://t.bilibili.com/1162808781371867140
2026-02-01 17:38:40,934|line:526| 官方 或 预约 OUT！
2026-02-01 17:38:40,934|line:519| https://t.bilibili.com/1162424338808307745
2026-02-01 17:38:43,221|line:526| 官方 或 预约 OUT！
2026-02-01 17:38:43,221|line:552| 执行结束
2026-02-01 17:38:43,221|line:558| ==================================================2026-02-02 01:38==================================================
2026-02-01 17:38:43,221|line:232| processing article 45159179
2026-02-01 17:38:45,502|line:507| ==================================================2026-02-02 01:38==================================================
2026-02-01 17:38:45,502|line:519| https://t.bilibili.com/1163295740444803074
2026-02-01 17:38:49,789|line:526| 官方 或 预约 OUT！
2026-02-01 17:38:49,789|line:519| https://t.bilibili.com/1160183658705846272
2026-02-01 17:38:54,087|line:526| 官方 或 预约 OUT！
2026-02-01 17:38:54,088|line:519| https://t.bilibili.com/1163521200487399426
2026-02-01 17:38:56,381|line:526| 官方 或 预约 OUT！
2026-02-01 17:38:56,382|line:519| https://t.bilibili.com/1162426065430249495
2026-02-01 17:38:59,744|line:526| 官方 或 预约 OUT！
2026-02-01 17:38:59,744|line:519| https://t.bilibili.com/1163221725248225304
2026-02-01 17:38:59,744|line:521| 已有
2026-02-01 17:38:59,744|line:519| https://t.bilibili.com/1161682155579899908
2026-02-01 17:39:01,020|line:526| 官方 或 预约 OUT！
2026-02-01 17:39:01,021|line:519| https://t.bilibili.com/1163166530678030342
2026-02-01 17:39:04,302|line:526| 官方 或 预约 OUT！
2026-02-01 17:39:04,302|line:519| https://t.bilibili.com/1160342409251389462
2026-02-01 17:39:08,573|line:526| 官方 或 预约 OUT！
2026-02-01 17:39:08,574|line:519| https://t.bilibili.com/1163541477018566661
2026-02-01 17:39:10,848|line:526| 官方 或 预约 OUT！
2026-02-01 17:39:10,848|line:519| https://t.bilibili.com/1161001841348051060
2026-02-01 17:39:14,138|line:526| 官方 或 预约 OUT！
2026-02-01 17:39:14,139|line:519| https://t.bilibili.com/1154631425594490889
2026-02-01 17:39:17,433|line:526| 官方 或 预约 OUT！
2026-02-01 17:39:17,433|line:519| https://t.bilibili.com/1163661267911573600
2026-02-01 17:39:18,726|line:526| 官方 或 预约 OUT！
2026-02-01 17:39:18,727|line:519| https://t.bilibili.com/1163540205707198487
2026-02-01 17:39:23,000|line:526| 官方 或 预约 OUT！
2026-02-01 17:39:23,000|line:519| https://t.bilibili.com/1163545381140692998
2026-02-01 17:39:25,460|line:526| 官方 或 预约 OUT！
2026-02-01 17:39:25,461|line:519| https://t.bilibili.com/1152590553791070225
2026-02-01 17:39:25,461|line:521| 已有
2026-02-01 17:39:25,461|line:519| https://t.bilibili.com/1160194718209933328
2026-02-01 17:39:29,738|line:526| 官方 或 预约 OUT！
2026-02-01 17:39:29,738|line:519| https://t.bilibili.com/1163174291688128534
2026-02-01 17:39:34,014|line:526| 官方 或 预约 OUT！
2026-02-01 17:39:34,014|line:519| https://t.bilibili.com/1163700111644033025
2026-02-01 17:39:35,288|line:526| 官方 或 预约 OUT！
2026-02-01 17:39:35,288|line:519| https://t.bilibili.com/1163908438992879619
2026-02-01 17:39:38,575|line:526| 官方 或 预约 OUT！
2026-02-01 17:39:38,575|line:519| https://t.bilibili.com/1160661705715351560
2026-02-01 17:39:40,861|line:526| 官方 或 预约 OUT！
2026-02-01 17:39:40,861|line:519| https://t.bilibili.com/1158316060845277206
2026-02-01 17:39:42,157|line:526| 官方 或 预约 OUT！
2026-02-01 17:39:42,157|line:519| https://t.bilibili.com/1159457074778734617
2026-02-01 17:39:46,450|line:526| 官方 或 预约 OUT！
2026-02-01 17:39:46,450|line:519| https://t.bilibili.com/1161433640225210391
2026-02-01 17:39:49,724|line:526| 官方 或 预约 OUT！
2026-02-01 17:39:49,725|line:519| https://t.bilibili.com/1159170944059572231
2026-02-01 17:39:53,998|line:526| 官方 或 预约 OUT！
2026-02-01 17:39:53,999|line:519| https://t.bilibili.com/1141038446833303554
2026-02-01 17:39:57,288|line:526| 官方 或 预约 OUT！
2026-02-01 17:39:57,288|line:519| https://t.bilibili.com/1163666031081684994
2026-02-01 17:39:59,585|line:526| 官方 或 预约 OUT！
2026-02-01 17:39:59,585|line:519| https://t.bilibili.com/1163674079844106249
2026-02-01 17:40:04,024|line:526| 官方 或 预约 OUT！
2026-02-01 17:40:04,024|line:519| https://t.bilibili.com/1161403828842528776
2026-02-01 17:40:06,298|line:526| 官方 或 预约 OUT！
2026-02-01 17:40:06,299|line:519| https://t.bilibili.com/1155351249225252880
2026-02-01 17:40:07,582|line:346| 'NoneType' object has no attribute 'get'
2026-02-01 17:40:07,582|line:347| error line:328
2026-02-01 17:40:07,582|line:533| *#*#*#*#*#*#*#*#*#*原动态处理失败*#*#*#*#*#*#*#*#*#
2026-02-01 17:40:07,582|line:519| https://t.bilibili.com/1163593725305159685
2026-02-01 17:40:09,935|line:341| =========此为源动态=========
2026-02-01 17:40:13,468|line:362| *********子动态开始*********
2026-02-01 17:40:13,468|line:381| *********子动态结束*********
2026-02-01 17:40:13,468|line:537| -=-=-=-=处理回最初的动态-=-=-=-=
2026-02-01 17:40:20,731|line:475| 转发成功 1164491132948709376
2026-02-01 17:40:24,071|line:548| 'NoneType' object is not subscriptable
2026-02-01 17:40:24,071|line:549| error line:541
2026-02-01 17:40:28,071|line:519| https://t.bilibili.com/1162808781371867140
2026-02-01 17:40:30,365|line:526| 官方 或 预约 OUT！
2026-02-01 17:40:30,365|line:519| https://t.bilibili.com/1158766847743492101
2026-02-01 17:40:30,365|line:521| 已有
2026-02-01 17:40:30,365|line:519| https://t.bilibili.com/1160198051104555011
2026-02-01 17:40:33,677|line:526| 官方 或 预约 OUT！
2026-02-01 17:40:33,677|line:519| https://t.bilibili.com/1163168751118450692
2026-02-01 17:40:34,978|line:526| 官方 或 预约 OUT！
2026-02-01 17:40:34,978|line:519| https://t.bilibili.com/1162855549250830339
2026-02-01 17:40:34,978|line:521| 已有
2026-02-01 17:40:34,979|line:519| https://t.bilibili.com/1162182656698351651
2026-02-01 17:40:37,270|line:526| 官方 或 预约 OUT！
2026-02-01 17:40:37,271|line:519| https://t.bilibili.com/1163159014474776577
2026-02-01 17:40:40,563|line:526| 官方 或 预约 OUT！
2026-02-01 17:40:40,564|line:519| https://t.bilibili.com/1160274570270212096
2026-02-01 17:40:40,564|line:521| 已有
2026-02-01 17:40:40,564|line:519| https://t.bilibili.com/1136870653481189395
2026-02-01 17:40:43,863|line:526| 官方 或 预约 OUT！
2026-02-01 17:40:43,863|line:519| https://t.bilibili.com/1160648477239148544
2026-02-01 17:40:45,153|line:526| 官方 或 预约 OUT！
2026-02-01 17:40:45,153|line:519| https://t.bilibili.com/1160190638007779333
2026-02-01 17:40:47,448|line:526| 官方 或 预约 OUT！
2026-02-01 17:40:47,448|line:519| https://t.bilibili.com/1163614899444645921
2026-02-01 17:40:51,972|line:526| 官方 或 预约 OUT！
2026-02-01 17:40:51,972|line:519| https://t.bilibili.com/1160946685366501392
2026-02-01 17:40:55,266|line:526| 官方 或 预约 OUT！
2026-02-01 17:40:55,266|line:519| https://t.bilibili.com/1159952074039885846
2026-02-01 17:40:58,585|line:526| 官方 或 预约 OUT！
2026-02-01 17:40:58,586|line:519| https://t.bilibili.com/1155735854957723665
2026-02-01 17:41:01,864|line:526| 官方 或 预约 OUT！
2026-02-01 17:41:01,864|line:519| https://t.bilibili.com/1158346044039233590
2026-02-01 17:41:03,154|line:526| 官方 或 预约 OUT！
2026-02-01 17:41:03,154|line:519| https://t.bilibili.com/1160695296654573584
2026-02-01 17:41:06,428|line:526| 官方 或 预约 OUT！
2026-02-01 17:41:06,429|line:519| https://t.bilibili.com/1162491636677083152
2026-02-01 17:41:06,429|line:521| 已有
2026-02-01 17:41:06,429|line:519| https://t.bilibili.com/1162037770303045682
2026-02-01 17:41:10,771|line:526| 官方 或 预约 OUT！
2026-02-01 17:41:10,771|line:552| 执行结束
2026-02-01 17:41:10,771|line:558| ==================================================2026-02-02 01:41==================================================
2026-02-01 17:41:18,407|line:578| ('reply: ', '三鹿七茸猫尾巴', '[夏诺雅表情包_？？？]')
2026-02-01 17:41:18,407|line:578| ('reply: ', '小闪闪bling', 'hhh腾子买库洛让我感觉他自己有点不太想出大世界了')
2026-02-01 17:41:18,408|line:578| ('reply: ', '魔改后远野汉娜', '不是，这……')
2026-02-01 17:41:18,408|line:578| ('reply: ', '好像都是一个人', '你在说什么')
2026-02-01 17:41:18,408|line:578| ('reply: ', '目标咨询', '太宠粉了啊')
2026-02-01 17:41:18,408|line:578| ('reply: ', '数玩工场', '祝你成功')
2026-02-01 17:41:18,408|line:578| ('reply: ', '益家有小佰', '恭喜宝子，获得小电视月度会员1份和克刻冰冰猴喉糖随机口味1份～记得私信小佰提供信息哦~')
2026-02-01 17:41:18,408|line:578| ('reply: ', '圆环之理-Madoka', '是的')
2026-02-01 17:41:18,408|line:578| ('reply: ', '兰的三姨', '这就是银河巨星的实力！')
2026-02-01 17:41:18,408|line:578| ('reply: ', '花园百合铃音', '有男不玩，我只吃麻辣火锅，xxn滚[吃瓜]')
2026-02-01 17:41:18,408|line:578| ('reply: ', '是绝赞的阿鬼', '[tv_难过]')
2026-02-01 17:41:18,409|line:578| ('reply: ', '桃稚不幼稚', '还行')
2026-02-01 17:41:18,409|line:578| ('reply: ', '陌罔子吖', '佬，这个报名有啥条件不。最近太非了，想下次报来抽[脱单doge][脱单doge][脱单doge]')
2026-02-01 17:41:18,409|line:578| ('reply: ', '太二酸菜鱼', '恭喜成为本期欧皇[打call]获得【肥龙联名显眼包】1份，在收到本信息的两天内回复哥的私信哦~逾期哥就自己收啦！[脱单doge]')
2026-02-01 17:41:18,409|line:578| ('reply: ', '得一想二的松鼠', '中奖分我一半')
2026-02-01 17:41:18,409|line:578| ('reply: ', '佑凉Uriyoo', '谢谢！！！[UP_24967030_感恩]')
2026-02-01 17:41:18,409|line:578| ('reply: ', '岛莓祁', '好耶')
2026-02-01 17:41:18,409|line:578| ('reply: ', '苏酥_SUSU_', 'https://b23.tv/3HJcDkm')
2026-02-01 17:41:18,409|line:578| ('reply: ', '心想事成イ', 'I[UP_410636303_比心鸟][UP_410636303_比心鸟][UP_410636303_比心鸟]')
2026-02-01 17:41:18,409|line:578| ('reply: ', 'FWF第五人格娱乐赛', '加油[doge]')
2026-02-01 17:41:19,731|line:587| ('at: ', '电脑报', '恭喜@小小Shaun UID：1090970340，@-叶晓吖  UID：22437099  获得 【电竞大礼包】1份， 请在三日内私信我')
2026-02-01 17:41:19,731|line:587| ('at: ', '联想拯救者官方', '是我喜欢的奖品名单 直接开奖 上 趁现在没人偷摸开个奖 恭喜这些小伙伴 【拯救者7.1声卡H7游戏耳机】获奖名单 @泪水打湿猪脚饭o @xoomoon @小小Shaun @T山海连云T @超超超超薄脆饼干 @BerboomC 【拯救者C140氮化镓适配器】获奖名单 @改个天凉好个秋 @夜猫子牙不好 @LLL好久不见 @林殇倾慕婉 @今天也要拥抱微风 @洳不及我万一 @胜利の天平 【白金独角兽电竞鼠标】获奖名单 @底片上的诗旅人 【拯救者C170氮化镓适配器】获奖名单 @麦當劳无限好 @無名丶の辈 @任性的提莫 @广东有暖风 由于B站私信规则修改 我会私信中奖的小伙伴一条消息，还请注意查收并回复我您的收货地址与联系方式，奖品基本会在私信您信息后的三十个工作日内发货')
2026-02-01 17:41:19,731|line:587| ('at: ', 'Apexgaming艾湃电竞', '恭喜 @小小Shaun 获得饮料一份，三天内联系我，过时不候！')
2026-02-01 17:41:19,731|line:587| ('at: ', '喜欢白毛有什么不好', '1 @浪子游2fans6@被_____打下来的飞机@拉斯特臣后面一个点@专心致志的学生@猫猫头OmMeow@小小Shaun@龐門左道@啦啦痴痴腻@bili_66938050009@日月星辰668')
2026-02-01 17:41:19,732|line:587| ('at: ', 'iKF蓝牙耳机', '恭喜@小小Shaun 宝子成为苏泊尔福利动态幸运儿！\n注意：即日起72小时内回复信息确认领奖哦！逾期将自动视为放弃中奖资格。\n没有中奖的宝子们不要气馁，参与一下下置顶视频iKF Mars，增加欧气值，说不定下个幸运儿就是你！\n链接：\nhttps://www.bilibili.com/video/BV1Soo6YLEHZ/?spm_id_from=333.1387.list.card_archive.click&vd_source=21fb0967ccc75e6b3b2447ade2c740dd\n还没参与抽奖的宝子们，赶紧点击上方链接参与吧！还有特别福利惊喜等你哦~')
2026-02-01 17:41:19,732|line:587| ('at: ', 'wellymerck威利默克', '恭喜@小小Shaun\xa0 获得《我是你的小狗3 永远等你回家》1本，请于5天内联系威宝，凭关注+互动截图领取奖品，逾期作废~')
2026-02-01 17:41:19,732|line:587| ('at: ', '宁美NINGMEI', '恭喜@小小Shaun   中奖，请在12月1日24点前私信我：1. 奖品+中奖信息a. 实物奖：姓名电话地址，给文字！省市区路清晰，提交不清晰不发奖，信息错误致无法签收，概不负责；\n\nb. 现金红包给到支付宝实名+账号；\n\nc. 京东卡/猫超卡 等购物卡给到姓名+电话；2. 宁美和品牌方关注截图+转发截图！\n\n必须关注品牌方，否则奖品不予发放；如遇无法私信图片的情况，等待我回复后即可发送图片。PS： \n\n因后台收信有时会出问题，以回复“已登记”为准，没有回复即表示私信未收到。\n\n过期视为自动放弃，不会补发；奖品30个工作日内发送，勿催哦~\n\n不发全，不回复。其他小伙伴请继续努力！')
2026-02-01 17:41:19,732|line:587| ('at: ', '爱玛电动车官方账号', '#一“玛”当先榜# 快来看看10月都是谁和爱玛酱互动最多呀~ 💕恭喜@小小Shaun 和@甘瑞凯拉莎 排行第一！这两位小玛达将会获得【爱玛随机周边×1】，请5天内私信爱玛酱领奖哟~[鼓掌] 以后也请继续单推我无敌可爱美少女爱玛酱呀嘿嘿！(●´З｀●)')
2026-02-01 17:41:19,732|line:587| ('at: ', '爱玛电动车官方账号', '')
2026-02-01 17:41:19,732|line:587| ('at: ', '海露滴眼液', '互动榜出炉啦')
2026-02-01 17:41:19,732|line:587| ('at: ', '和蔼可亲桃白白', '\u200b//@九号公司:\u200b恭喜@小小Shaun 中奖！后续记得查收私信哟～\u200b//@九号公司:#互动抽奖# 谢谢粒粒的复工礼！小九也来加个码~关注【@微粒贷+@九号公司 】并转发该动态，抽一位小可爱获得【100元京东卡】~ #供电局福利社# 10月31日抽出！')
2026-02-01 17:41:19,732|line:587| ('at: ', '望大家身体健康快乐', '\u200b//@九号公司:\u200b恭喜@小小Shaun 中奖！后续记得查收私信哟～\u200b//@九号公司 :#互动抽奖# 谢谢粒粒的复工礼！小九也来加个码~关注【@微粒贷+@九号公司 】并转发该动态，抽一位小可爱获得【100元京东卡】~ #供电局福利社# 10月31日抽出！')
2026-02-01 17:41:19,732|line:587| ('at: ', 'MoMA_Reona', '//@九号公司:\u200b恭喜@小小Shaun 中奖！后续记得查收私信哟～\u200b//@九号公司:#互动抽奖# 谢谢粒粒的复工礼！小九也来加个码~关注【@微粒贷+@九号公司 】并转发该动态，抽一位小可爱获得【100元京东卡】~ #供电局福利社# 10月31日抽出！')
2026-02-01 17:41:19,733|line:587| ('at: ', '摸鱼二队', '\u200b//@九号公司:\u200b恭喜@小小Shaun 中奖！后续记得查收私信哟～\u200b//@九号公司 :#互动抽奖# 谢谢粒粒的复工礼！小九也来加个码~关注【@微粒贷+@九号公司 】并转发该动态，抽一位小可爱获得【100元京东卡】~ #供电局福利社# 10月31日抽出！')
2026-02-01 17:41:19,733|line:587| ('at: ', '文少嘅一些事一些情', '\u200b//@九号公司:\u200b恭喜@小小Shaun 中奖！后续记得查收私信哟～\u200b//@九号公司 :#互动抽奖# 谢谢粒粒的复工礼！小九也来加个码~关注【@微粒贷+@九号公司 】并转发该动态，抽一位小可爱获得【100元京东卡】~ #供电局福利社# 10月31日抽出！')
2026-02-01 17:41:19,733|line:587| ('at: ', 'Carry队友的嘟嘟酱丶', '\u200b//@九号公司:\u200b恭喜@小小Shaun 中奖！后续记得查收私信哟～\u200b//@九号公司 :#互动抽奖# 谢谢粒粒的复工礼！小九也来加个码~关注【@微粒贷+@九号公司 】并转发该动态，抽一位小可爱获得【100元京东卡】~ #供电局福利社# 10月31日抽出！')
2026-02-01 17:41:19,733|line:587| ('at: ', '蛤蟆zero', '//@九号公司:\u200b恭喜@小小Shaun 中奖！后续记得查收私信哟～\u200b//@九号公司:#互动抽奖# 谢谢粒粒的复工礼！小九也来加个码~关注【@微粒贷+@九号公司 】并转发该动态，抽一位小可爱获得【100元京东卡】~ #供电局福利社# 10月31日抽出！c冲冲冲')
2026-02-01 17:41:19,733|line:587| ('at: ', '木而各子要吃笃栗子', '\u200b//@九号公司:\u200b恭喜@小小Shaun 中奖！后续记得查收私信哟～\u200b//@九号公司 :#互动抽奖# 谢谢粒粒的复工礼！小九也来加个码~关注【@微粒贷+@九号公司 】并转发该动态，抽一位小可爱获得【100元京东卡】~ #供电局福利社# 10月31日抽出！')
2026-02-01 17:41:19,733|line:587| ('at: ', '裙下愚臣情默默', '\u200b//@九号公司:\u200b恭喜@小小Shaun 中奖！后续记得查收私信哟～\u200b//@九号公司 :#互动抽奖# 谢谢粒粒的复工礼！小九也来加个码~关注【@微粒贷+@九号公司 】并转发该动态，抽一位小可爱获得【100元京东卡】~ #供电局福利社# 10月31日抽出！')
2026-02-01 17:41:19,733|line:587| ('at: ', '戊子毕宿', '')
