2026-03-09 17:04:34,220|line:232| processing article 46623161
2026-03-09 17:04:36,568|line:507| ==================================================2026-03-10 01:04==================================================
2026-03-09 17:04:36,568|line:519| https://t.bilibili.com/1158766847743492101
2026-03-09 17:04:36,568|line:521| 已有
2026-03-09 17:04:36,568|line:519| https://t.bilibili.com/1177266564714463253
2026-03-09 17:04:38,165|line:526| 官方 或 预约 OUT！
2026-03-09 17:04:38,165|line:519| https://t.bilibili.com/1176695742050336772
2026-03-09 17:04:38,166|line:521| 已有
2026-03-09 17:04:38,166|line:519| https://t.bilibili.com/1177091536173662208
2026-03-09 17:04:38,166|line:521| 已有
2026-03-09 17:04:38,166|line:519| https://t.bilibili.com/1164984693400010770
2026-03-09 17:04:41,540|line:526| 官方 或 预约 OUT！
2026-03-09 17:04:41,540|line:519| https://t.bilibili.com/1177724300795314182
2026-03-09 17:04:44,035|line:341| =========此为源动态=========
2026-03-09 17:04:48,537|line:362| *********子动态开始*********
2026-03-09 17:04:48,538|line:381| *********子动态结束*********
2026-03-09 17:04:48,538|line:537| -=-=-=-=处理回最初的动态-=-=-=-=
2026-03-09 17:05:00,742|line:475| 转发成功 1177841093868257284
2026-03-09 17:05:04,250|line:494| 评论发送成功
2026-03-09 17:05:08,706|line:424| 2873935 === 已经关注了
2026-03-09 17:05:12,086|line:503| 动态-点赞 OK
2026-03-09 17:05:14,087|line:519| https://t.bilibili.com/1175105367224352771
2026-03-09 17:05:14,087|line:521| 已有
2026-03-09 17:05:14,087|line:519| https://t.bilibili.com/1176817156491313157
2026-03-09 17:05:14,088|line:521| 已有
2026-03-09 17:05:14,088|line:519| https://t.bilibili.com/1168149139405406229
2026-03-09 17:05:15,445|line:526| 官方 或 预约 OUT！
2026-03-09 17:05:15,446|line:519| https://t.bilibili.com/1160695296654573584
2026-03-09 17:05:17,739|line:526| 官方 或 预约 OUT！
2026-03-09 17:05:17,739|line:519| https://t.bilibili.com/1177467577740296199
2026-03-09 17:05:19,038|line:341| =========此为源动态=========
2026-03-09 17:05:22,553|line:362| *********子动态开始*********
2026-03-09 17:05:22,554|line:381| *********子动态结束*********
2026-03-09 17:05:22,554|line:537| -=-=-=-=处理回最初的动态-=-=-=-=
2026-03-09 17:05:30,878|line:475| 转发成功 1177841222747684865
2026-03-09 17:05:34,674|line:494| 评论发送成功
2026-03-09 17:05:36,049|line:424| 100680137 === 已经关注了
2026-03-09 17:05:39,359|line:503| 动态-点赞 OK
2026-03-09 17:05:40,360|line:519| https://t.bilibili.com/1177236794151796741
2026-03-09 17:05:41,668|line:341| =========此为源动态=========
2026-03-09 17:05:44,167|line:362| *********子动态开始*********
2026-03-09 17:05:44,167|line:381| *********子动态结束*********
2026-03-09 17:05:44,168|line:537| -=-=-=-=处理回最初的动态-=-=-=-=
2026-03-09 17:05:53,553|line:475| 转发成功 1177841321484746773
2026-03-09 17:05:56,913|line:494| 评论发送成功
2026-03-09 17:06:02,679|line:436| 关注 ==== 37493793 0
2026-03-09 17:06:05,992|line:503| 动态-点赞 OK
2026-03-09 17:06:06,993|line:519| https://t.bilibili.com/1169151885423149064
2026-03-09 17:06:11,284|line:526| 官方 或 预约 OUT！
2026-03-09 17:06:11,285|line:519| https://t.bilibili.com/1169134727042433024
2026-03-09 17:06:15,577|line:526| 官方 或 预约 OUT！
2026-03-09 17:06:15,577|line:519| https://t.bilibili.com/1176241562153123847
2026-03-09 17:06:16,872|line:526| 官方 或 预约 OUT！
2026-03-09 17:06:16,872|line:519| https://t.bilibili.com/1172958102613393408
2026-03-09 17:06:16,872|line:521| 已有
2026-03-09 17:06:16,872|line:519| https://t.bilibili.com/1176603630038417456
2026-03-09 17:06:19,231|line:341| =========此为源动态=========
2026-03-09 17:06:20,735|line:362| *********子动态开始*********
2026-03-09 17:06:20,735|line:381| *********子动态结束*********
2026-03-09 17:06:20,735|line:537| -=-=-=-=处理回最初的动态-=-=-=-=
2026-03-09 17:06:29,901|line:475| 转发成功 1177841476120346663
2026-03-09 17:06:33,257|line:494| 评论发送成功
2026-03-09 17:06:36,687|line:424| 350255 === 已经关注了
2026-03-09 17:06:40,002|line:503| 动态-点赞 OK
2026-03-09 17:06:41,003|line:519| https://t.bilibili.com/1169917626553466899
2026-03-09 17:06:41,003|line:521| 已有
2026-03-09 17:06:41,003|line:552| 执行结束
2026-03-09 17:06:41,003|line:558| ==================================================2026-03-10 01:06==================================================
2026-03-09 17:06:41,004|line:232| processing article 46619143
2026-03-09 17:06:44,738|line:507| ==================================================2026-03-10 01:06==================================================
2026-03-09 17:06:44,738|line:519| https://t.bilibili.com/1177205870374682626
2026-03-09 17:06:46,032|line:341| =========此为源动态=========
2026-03-09 17:06:49,536|line:362| *********子动态开始*********
2026-03-09 17:06:49,536|line:381| *********子动态结束*********
2026-03-09 17:06:49,536|line:537| -=-=-=-=处理回最初的动态-=-=-=-=
2026-03-09 17:06:57,873|line:475| 转发成功 1177841596405645314
2026-03-09 17:07:01,353|line:494| 评论发送成功
2026-03-09 17:07:02,810|line:424| 2022652873 === 已经关注了
2026-03-09 17:07:06,127|line:503| 动态-点赞 OK
2026-03-09 17:07:07,128|line:519| https://t.bilibili.com/1177607879281082403
2026-03-09 17:07:09,424|line:341| =========此为源动态=========
2026-03-09 17:07:13,935|line:362| *********子动态开始*********
2026-03-09 17:07:13,935|line:381| *********子动态结束*********
2026-03-09 17:07:13,935|line:537| -=-=-=-=处理回最初的动态-=-=-=-=
2026-03-09 17:07:23,182|line:475| 转发成功 1177841708034949129
2026-03-09 17:07:26,594|line:494| 评论发送成功
2026-03-09 17:07:30,024|line:424| 1750535730 === 已经关注了
2026-03-09 17:07:33,341|line:503| 动态-点赞 OK
2026-03-09 17:07:36,341|line:519| https://t.bilibili.com/1177611094045229064
2026-03-09 17:07:38,632|line:341| =========此为源动态=========
2026-03-09 17:07:43,085|line:362| *********子动态开始*********
2026-03-09 17:07:43,085|line:381| *********子动态结束*********
2026-03-09 17:07:43,086|line:537| -=-=-=-=处理回最初的动态-=-=-=-=
2026-03-09 17:07:51,405|line:475| 转发成功 1177841828303470594
2026-03-09 17:07:54,805|line:494| 评论发送成功
2026-03-09 17:07:56,263|line:424| 1676248821 === 已经关注了
2026-03-09 17:07:59,581|line:503| 动态-点赞 OK
2026-03-09 17:08:01,581|line:519| https://t.bilibili.com/1177127038381719552
2026-03-09 17:08:05,874|line:341| =========此为源动态=========
2026-03-09 17:08:09,401|line:362| *********子动态开始*********
2026-03-09 17:08:09,401|line:381| *********子动态结束*********
2026-03-09 17:08:09,401|line:537| -=-=-=-=处理回最初的动态-=-=-=-=
2026-03-09 17:08:17,813|line:475| 转发成功 1177841939991494673
2026-03-09 17:08:21,230|line:494| 评论发送成功
2026-03-09 17:08:25,958|line:436| 关注 ==== 226367621 0
2026-03-09 17:08:29,269|line:503| 动态-点赞 OK
2026-03-09 17:08:33,270|line:519| https://t.bilibili.com/1177570781495820296
2026-03-09 17:08:35,627|line:526| 官方 或 预约 OUT！
2026-03-09 17:08:35,628|line:519| https://t.bilibili.com/1177685188720721923
2026-03-09 17:08:37,925|line:341| =========此为源动态=========
2026-03-09 17:08:42,540|line:362| *********子动态开始*********
2026-03-09 17:08:42,540|line:381| *********子动态结束*********
2026-03-09 17:08:42,540|line:537| -=-=-=-=处理回最初的动态-=-=-=-=
2026-03-09 17:08:54,887|line:475| 转发成功 1177842098892701705
2026-03-09 17:08:58,289|line:494| 评论发送成功
2026-03-09 17:09:02,685|line:424| 9535164 === 已经关注了
2026-03-09 17:09:06,069|line:503| 动态-点赞 OK
2026-03-09 17:09:09,069|line:519| https://t.bilibili.com/1177409380964892675
2026-03-09 17:09:09,069|line:521| 已有
2026-03-09 17:09:09,070|line:519| https://t.bilibili.com/1177777959975518246
2026-03-09 17:09:10,419|line:346| 'NoneType' object has no attribute 'get'
2026-03-09 17:09:10,419|line:347| error line:328
2026-03-09 17:09:10,419|line:533| *#*#*#*#*#*#*#*#*#*原动态处理失败*#*#*#*#*#*#*#*#*#
2026-03-09 17:09:10,419|line:519| https://t.bilibili.com/1177619314676596740
2026-03-09 17:09:11,774|line:341| =========此为源动态=========
2026-03-09 17:09:13,361|line:362| *********子动态开始*********
2026-03-09 17:09:13,362|line:381| *********子动态结束*********
2026-03-09 17:09:13,362|line:537| -=-=-=-=处理回最初的动态-=-=-=-=
2026-03-09 17:09:20,693|line:475| 转发成功 1177842210572337176
2026-03-09 17:09:24,178|line:494| 评论发送成功
2026-03-09 17:09:28,542|line:424| 3546391102097741 === 已经关注了
2026-03-09 17:09:31,872|line:503| 动态-点赞 OK
2026-03-09 17:09:32,873|line:519| https://t.bilibili.com/1175406062149304326
2026-03-09 17:09:35,168|line:336| =========此为子动态=========
2026-03-09 17:09:37,559|line:400| *************原动态已存在***************
2026-03-09 17:09:40,141|line:362| *********子动态开始*********
2026-03-09 17:09:49,376|line:475| 转发成功 1177842335128485888
2026-03-09 17:09:52,764|line:494| 评论发送成功
2026-03-09 17:09:59,515|line:424| 1129687681 === 已经关注了
2026-03-09 17:09:59,515|line:376| ----完成一个子动态----
2026-03-09 17:09:59,516|line:381| *********子动态结束*********
2026-03-09 17:10:01,516|line:519| https://t.bilibili.com/1177394400120012823
2026-03-09 17:10:05,808|line:341| =========此为源动态=========
2026-03-09 17:10:08,139|line:362| *********子动态开始*********
2026-03-09 17:10:08,139|line:381| *********子动态结束*********
2026-03-09 17:10:08,140|line:537| -=-=-=-=处理回最初的动态-=-=-=-=
2026-03-09 17:10:16,308|line:475| 转发成功 1177842451077922841
2026-03-09 17:10:19,789|line:494| 评论发送成功
2026-03-09 17:10:27,571|line:436| 关注 ==== 108833238 0
2026-03-09 17:10:30,893|line:503| 动态-点赞 OK
2026-03-09 17:10:32,894|line:519| https://t.bilibili.com/1177599600755736576
2026-03-09 17:10:36,250|line:341| =========此为源动态=========
2026-03-09 17:10:38,843|line:362| *********子动态开始*********
2026-03-09 17:10:38,844|line:381| *********子动态结束*********
2026-03-09 17:10:38,844|line:537| -=-=-=-=处理回最初的动态-=-=-=-=
2026-03-09 17:10:47,117|line:475| 转发成功 1177842584219811845
2026-03-09 17:10:50,520|line:494| 评论发送成功
2026-03-09 17:10:54,881|line:424| 1521701206 === 已经关注了
2026-03-09 17:10:58,199|line:503| 动态-点赞 OK
2026-03-09 17:10:59,200|line:519| https://t.bilibili.com/1177429524343685127
2026-03-09 17:11:02,537|line:341| =========此为源动态=========
2026-03-09 17:11:04,034|line:362| *********子动态开始*********
2026-03-09 17:11:04,034|line:381| *********子动态结束*********
2026-03-09 17:11:04,034|line:537| -=-=-=-=处理回最初的动态-=-=-=-=
2026-03-09 17:11:11,213|line:475| 转发成功 1177842687295881223
2026-03-09 17:11:14,672|line:494| 评论发送成功
2026-03-09 17:11:19,109|line:424| 1306125969 === 已经关注了
2026-03-09 17:11:22,423|line:503| 动态-点赞 OK
2026-03-09 17:11:26,423|line:519| https://t.bilibili.com/1177422935853367301
2026-03-09 17:11:30,779|line:526| 官方 或 预约 OUT！
2026-03-09 17:11:30,779|line:519| https://t.bilibili.com/1177731649506377768
2026-03-09 17:11:34,198|line:341| =========此为源动态=========
2026-03-09 17:11:38,739|line:362| *********子动态开始*********
2026-03-09 17:11:38,739|line:381| *********子动态结束*********
2026-03-09 17:11:38,739|line:537| -=-=-=-=处理回最初的动态-=-=-=-=
2026-03-09 17:11:48,960|line:475| 转发成功 1177842846221205545
2026-03-09 17:11:52,347|line:494| 评论发送成功
2026-03-09 17:11:56,738|line:424| 386615477 === 已经关注了
2026-03-09 17:12:00,119|line:503| 动态-点赞 OK
2026-03-09 17:12:03,119|line:519| https://t.bilibili.com/1176851615038046249
2026-03-09 17:12:03,119|line:521| 已有
2026-03-09 17:12:03,120|line:519| https://t.bilibili.com/1160695296654573584
2026-03-09 17:12:06,507|line:526| 官方 或 预约 OUT！
2026-03-09 17:12:06,508|line:519| https://t.bilibili.com/1177714237701619713
2026-03-09 17:12:10,802|line:341| =========此为源动态=========
2026-03-09 17:12:12,318|line:362| *********子动态开始*********
2026-03-09 17:12:12,318|line:381| *********子动态结束*********
2026-03-09 17:12:12,318|line:537| -=-=-=-=处理回最初的动态-=-=-=-=
2026-03-09 17:12:19,552|line:475| 转发成功 1177842979376726017
2026-03-09 17:12:23,035|line:494| 评论发送成功
2026-03-09 17:12:27,403|line:424| 100680137 === 已经关注了
2026-03-09 17:12:30,736|line:503| 动态-点赞 OK
2026-03-09 17:12:33,736|line:519| https://t.bilibili.com/1177417421119553540
2026-03-09 17:12:37,061|line:526| 官方 或 预约 OUT！
2026-03-09 17:12:37,061|line:519| https://t.bilibili.com/1177731574354935810
2026-03-09 17:12:39,378|line:341| =========此为源动态=========
2026-03-09 17:12:42,878|line:362| *********子动态开始*********
2026-03-09 17:12:42,878|line:381| *********子动态结束*********
2026-03-09 17:12:42,878|line:537| -=-=-=-=处理回最初的动态-=-=-=-=
2026-03-09 17:12:53,236|line:475| 转发成功 1177843125366816773
2026-03-09 17:12:56,628|line:494| 评论发送成功
2026-03-09 17:12:58,053|line:424| 2026733267 === 已经关注了
2026-03-09 17:13:01,398|line:503| 动态-点赞 OK
2026-03-09 17:13:05,399|line:519| https://t.bilibili.com/1177731574366470161
2026-03-09 17:13:06,704|line:341| =========此为源动态=========
2026-03-09 17:13:10,195|line:362| *********子动态开始*********
2026-03-09 17:13:10,196|line:381| *********子动态结束*********
2026-03-09 17:13:10,196|line:537| -=-=-=-=处理回最初的动态-=-=-=-=
2026-03-09 17:13:17,365|line:475| 转发成功 1177843228501606408
2026-03-09 17:13:20,768|line:494| 评论发送成功
2026-03-09 17:13:23,133|line:424| 3493082584582776 === 已经关注了
2026-03-09 17:13:26,445|line:503| 动态-点赞 OK
2026-03-09 17:13:28,446|line:519| https://t.bilibili.com/1177700614078988309
2026-03-09 17:13:30,817|line:526| 官方 或 预约 OUT！
2026-03-09 17:13:30,817|line:519| https://t.bilibili.com/1177625585277468696
2026-03-09 17:13:33,111|line:341| =========此为源动态=========
2026-03-09 17:13:34,514|line:362| *********子动态开始*********
2026-03-09 17:13:34,515|line:381| *********子动态结束*********
2026-03-09 17:13:34,515|line:537| -=-=-=-=处理回最初的动态-=-=-=-=
2026-03-09 17:13:43,644|line:475| 转发成功 1177843340137201669
2026-03-09 17:13:47,038|line:494| 评论发送成功
2026-03-09 17:13:49,470|line:424| 614205199 === 已经关注了
2026-03-09 17:13:52,789|line:503| 动态-点赞 OK
2026-03-09 17:13:55,789|line:519| https://t.bilibili.com/1177608645963153409
2026-03-09 17:13:59,082|line:336| =========此为子动态=========
2026-03-09 17:14:02,521|line:387| *************原动态处理开始***************
2026-03-09 17:14:09,379|line:475| 转发成功 1177843451811594240
2026-03-09 17:14:12,760|line:494| 评论发送成功
2026-03-09 17:14:15,122|line:424| 622557681 === 已经关注了
2026-03-09 17:14:18,436|line:503| 动态-点赞 OK
2026-03-09 17:14:18,436|line:396| *************原动态处理完成***************
2026-03-09 17:14:21,855|line:362| *********子动态开始*********
2026-03-09 17:14:32,116|line:475| 转发成功 1177843546268368905
2026-03-09 17:14:35,626|line:494| 评论发送成功
2026-03-09 17:14:42,367|line:424| 505670427 === 已经关注了
2026-03-09 17:14:42,368|line:376| ----完成一个子动态----
2026-03-09 17:14:50,626|line:475| 转发成功 1177843627913641986
2026-03-09 17:14:54,059|line:494| 评论发送成功
2026-03-09 17:14:58,731|line:424| 1681276938 === 已经关注了
2026-03-09 17:14:58,732|line:376| ----完成一个子动态----
2026-03-09 17:15:08,997|line:475| 转发成功 1177843705184256008
2026-03-09 17:15:12,408|line:494| 评论发送成功
2026-03-09 17:15:18,147|line:424| 1494786563 === 已经关注了
2026-03-09 17:15:18,147|line:376| ----完成一个子动态----
2026-03-09 17:15:18,148|line:381| *********子动态结束*********
2026-03-09 17:15:20,148|line:519| https://t.bilibili.com/1177612090533216263
2026-03-09 17:15:21,728|line:336| =========此为子动态=========
2026-03-09 17:15:26,316|line:387| *************原动态处理开始***************
2026-03-09 17:15:33,076|line:475| 转发成功 1177843808313802757
2026-03-09 17:15:36,520|line:494| 评论发送成功
2026-03-09 17:15:40,879|line:424| 1929903779 === 已经关注了
2026-03-09 17:15:44,213|line:503| 动态-点赞 OK
2026-03-09 17:15:44,213|line:396| *************原动态处理完成***************
2026-03-09 17:15:48,722|line:362| *********子动态开始*********
2026-03-09 17:15:58,003|line:475| 转发成功 1177843915692179490
2026-03-09 17:16:01,387|line:494| 评论发送成功
2026-03-09 17:16:05,113|line:424| 99442306 === 已经关注了
2026-03-09 17:16:05,113|line:376| ----完成一个子动态----
2026-03-09 17:16:12,496|line:475| 转发成功 1177843980106203139
2026-03-09 17:16:15,873|line:494| 评论发送成功
2026-03-09 17:16:23,585|line:424| 242136088 === 已经关注了
2026-03-09 17:16:23,586|line:376| ----完成一个子动态----
2026-03-09 17:16:31,930|line:475| 转发成功 1177844061725261863
2026-03-09 17:16:35,383|line:494| 评论发送成功
2026-03-09 17:16:42,113|line:424| 699204462 === 已经关注了
2026-03-09 17:16:42,113|line:376| ----完成一个子动态----
2026-03-09 17:16:52,614|line:475| 转发成功 1177844151897554945
2026-03-09 17:16:56,009|line:494| 评论发送成功
2026-03-09 17:16:59,730|line:424| 2089637378 === 已经关注了
2026-03-09 17:16:59,731|line:376| ----完成一个子动态----
2026-03-09 17:18:02,273|line:381| *********子动态结束*********
2026-03-09 17:18:04,273|line:519| https://t.bilibili.com/1177645801689579543
2026-03-09 17:18:08,672|line:341| =========此为源动态=========
2026-03-09 17:18:13,166|line:362| *********子动态开始*********
2026-03-09 17:18:13,166|line:381| *********子动态结束*********
2026-03-09 17:18:13,166|line:537| -=-=-=-=处理回最初的动态-=-=-=-=
2026-03-09 17:18:22,269|line:475| 转发成功 1177844538453000208
2026-03-09 17:18:25,655|line:494| 评论发送成功
2026-03-09 17:18:28,046|line:424| 65521332 === 已经关注了
2026-03-09 17:18:31,358|line:503| 动态-点赞 OK
2026-03-09 17:18:33,359|line:519| https://t.bilibili.com/1177635120113254403
2026-03-09 17:18:37,780|line:341| =========此为源动态=========
2026-03-09 17:18:42,125|line:362| *********子动态开始*********
2026-03-09 17:18:42,125|line:381| *********子动态结束*********
2026-03-09 17:18:42,126|line:537| -=-=-=-=处理回最初的动态-=-=-=-=
2026-03-09 17:18:50,320|line:475| 转发成功 1177844658692161556
2026-03-09 17:18:53,715|line:494| 评论发送成功
2026-03-09 17:18:58,080|line:424| 403046608 === 已经关注了
2026-03-09 17:19:01,389|line:503| 动态-点赞 OK
2026-03-09 17:19:04,390|line:519| https://t.bilibili.com/1177677777726341128
2026-03-09 17:19:06,753|line:336| =========此为子动态=========
2026-03-09 17:19:10,175|line:387| *************原动态处理开始***************
2026-03-09 17:19:17,095|line:475| 转发成功 1177844770373894151
2026-03-09 17:19:20,473|line:494| 评论发送成功
2026-03-09 17:19:23,908|line:424| 622557681 === 已经关注了
2026-03-09 17:19:27,220|line:503| 动态-点赞 OK
2026-03-09 17:19:27,220|line:396| *************原动态处理完成***************
2026-03-09 17:19:29,551|line:362| *********子动态开始*********
2026-03-09 17:19:39,899|line:475| 转发成功 1177844869174919189
2026-03-09 17:19:43,283|line:494| 评论发送成功
2026-03-09 17:19:49,008|line:424| 1129687681 === 已经关注了
2026-03-09 17:19:49,008|line:376| ----完成一个子动态----
2026-03-09 17:19:49,009|line:381| *********子动态结束*********
2026-03-09 17:19:51,010|line:519| https://t.bilibili.com/1177717373028794371
2026-03-09 17:19:51,010|line:521| 已有
2026-03-09 17:19:51,010|line:519| https://t.bilibili.com/1177720096028622867
2026-03-09 17:19:53,449|line:341| =========此为源动态=========
2026-03-09 17:19:56,883|line:362| *********子动态开始*********
2026-03-09 17:19:56,883|line:381| *********子动态结束*********
2026-03-09 17:19:56,883|line:537| -=-=-=-=处理回最初的动态-=-=-=-=
2026-03-09 17:20:09,006|line:475| 转发成功 1177844993681784834
2026-03-09 17:20:12,392|line:494| 评论发送成功
2026-03-09 17:20:18,166|line:436| 关注 ==== 406511630 0
2026-03-09 17:20:21,485|line:503| 动态-点赞 OK
2026-03-09 17:20:24,486|line:519| https://t.bilibili.com/1177586853289656342
2026-03-09 17:20:28,853|line:341| =========此为源动态=========
2026-03-09 17:20:30,340|line:362| *********子动态开始*********
2026-03-09 17:20:30,340|line:381| *********子动态结束*********
2026-03-09 17:20:30,341|line:537| -=-=-=-=处理回最初的动态-=-=-=-=
2026-03-09 17:20:39,901|line:475| 转发成功 1177845126854082564
2026-03-09 17:20:43,347|line:494| 评论发送成功
2026-03-09 17:20:46,708|line:424| 1930420310 === 已经关注了
2026-03-09 17:20:50,018|line:503| 动态-点赞 OK
2026-03-09 17:20:51,019|line:519| https://t.bilibili.com/1177752190210539541
2026-03-09 17:20:52,313|line:341| =========此为源动态=========
2026-03-09 17:20:55,043|line:362| *********子动态开始*********
2026-03-09 17:20:55,044|line:381| *********子动态结束*********
2026-03-09 17:20:55,044|line:537| -=-=-=-=处理回最初的动态-=-=-=-=
2026-03-09 17:21:06,150|line:475| 转发成功 1177845242780450822
2026-03-09 17:21:09,559|line:494| 评论发送成功
2026-03-09 17:21:10,995|line:424| 481429887 === 已经关注了
2026-03-09 17:21:14,375|line:503| 动态-点赞 OK
2026-03-09 17:21:18,375|line:519| https://t.bilibili.com/1177724300795314182
2026-03-09 17:21:18,375|line:521| 已有
2026-03-09 17:21:18,376|line:519| https://t.bilibili.com/1175105367224352771
2026-03-09 17:21:18,376|line:521| 已有
2026-03-09 17:21:18,376|line:519| https://t.bilibili.com/1177676145670225925
2026-03-09 17:21:22,706|line:526| 官方 或 预约 OUT！
2026-03-09 17:21:22,706|line:519| https://t.bilibili.com/1177616140693667861
2026-03-09 17:21:26,069|line:336| =========此为子动态=========
2026-03-09 17:21:30,521|line:400| *************原动态已存在***************
2026-03-09 17:21:33,099|line:362| *********子动态开始*********
2026-03-09 17:22:19,850|line:381| *********子动态结束*********
2026-03-09 17:22:19,851|line:537| -=-=-=-=处理回最初的动态-=-=-=-=
2026-03-09 17:22:30,177|line:475| 转发成功 1177845603557703686
2026-03-09 17:22:33,650|line:494| 评论发送成功
2026-03-09 17:22:36,017|line:424| 3546664837057135 === 已经关注了
2026-03-09 17:22:39,336|line:503| 动态-点赞 OK
2026-03-09 17:22:43,337|line:519| https://t.bilibili.com/1177641751567925248
2026-03-09 17:22:43,337|line:521| 已有
2026-03-09 17:22:43,337|line:519| https://t.bilibili.com/1177607879262208003
2026-03-09 17:22:46,631|line:341| =========此为源动态=========
2026-03-09 17:22:48,962|line:362| *********子动态开始*********
2026-03-09 17:22:48,962|line:381| *********子动态结束*********
2026-03-09 17:22:48,962|line:537| -=-=-=-=处理回最初的动态-=-=-=-=
2026-03-09 17:22:58,264|line:475| 转发成功 1177845723861876738
2026-03-09 17:23:01,668|line:494| 评论发送成功
2026-03-09 17:23:06,046|line:424| 9535164 === 已经关注了
2026-03-09 17:23:09,372|line:503| 动态-点赞 OK
2026-03-09 17:23:12,373|line:519| https://t.bilibili.com/1177623341175930883
2026-03-09 17:23:13,662|line:341| =========此为源动态=========
2026-03-09 17:23:15,058|line:362| *********子动态开始*********
2026-03-09 17:23:15,058|line:381| *********子动态结束*********
2026-03-09 17:23:15,058|line:537| -=-=-=-=处理回最初的动态-=-=-=-=
2026-03-09 17:23:25,218|line:475| 转发成功 1177845839786147879
2026-03-09 17:23:28,631|line:494| 评论发送成功
2026-03-09 17:23:32,059|line:424| 9535164 === 已经关注了
2026-03-09 17:23:35,592|line:503| 动态-点赞 OK
2026-03-09 17:23:39,593|line:519| https://t.bilibili.com/1177611768397037574
2026-03-09 17:23:39,593|line:521| 已有
2026-03-09 17:23:39,593|line:519| https://t.bilibili.com/1177607147016421383
2026-03-09 17:23:43,886|line:341| =========此为源动态=========
2026-03-09 17:23:47,270|line:362| *********子动态开始*********
2026-03-09 17:23:47,271|line:381| *********子动态结束*********
2026-03-09 17:23:47,271|line:537| -=-=-=-=处理回最初的动态-=-=-=-=
2026-03-09 17:23:56,352|line:475| 转发成功 1177845972932231173
2026-03-09 17:23:59,807|line:494| 评论发送成功
2026-03-09 17:24:04,248|line:424| 79955050 === 已经关注了
2026-03-09 17:24:07,565|line:503| 动态-点赞 OK
2026-03-09 17:24:10,566|line:519| https://t.bilibili.com/1177599171267395591
2026-03-09 17:24:10,566|line:521| 已有
2026-03-09 17:24:10,566|line:519| https://t.bilibili.com/1177669726810144768
2026-03-09 17:24:11,858|line:341| =========此为源动态=========
2026-03-09 17:24:13,190|line:362| *********子动态开始*********
2026-03-09 17:24:13,190|line:381| *********子动态结束*********
2026-03-09 17:24:13,190|line:537| -=-=-=-=处理回最初的动态-=-=-=-=
2026-03-09 17:24:21,362|line:475| 转发成功 1177846080331579399
2026-03-09 17:24:24,881|line:494| 评论发送成功
2026-03-09 17:24:29,245|line:424| 9535164 === 已经关注了
2026-03-09 17:24:32,724|line:503| 动态-点赞 OK
2026-03-09 17:24:35,725|line:519| https://t.bilibili.com/1177762504557723696
2026-03-09 17:24:37,079|line:341| =========此为源动态=========
2026-03-09 17:24:41,575|line:362| *********子动态开始*********
2026-03-09 17:24:41,575|line:381| *********子动态结束*********
2026-03-09 17:24:41,576|line:537| -=-=-=-=处理回最初的动态-=-=-=-=
2026-03-09 17:24:51,746|line:475| 转发成功 1177846209155432456
2026-03-09 17:24:55,138|line:494| 评论发送成功
2026-03-09 17:24:57,574|line:424| 651298625 === 已经关注了
2026-03-09 17:25:00,891|line:503| 动态-点赞 OK
2026-03-09 17:25:04,892|line:519| https://t.bilibili.com/1164984693400010770
2026-03-09 17:25:08,182|line:526| 官方 或 预约 OUT！
2026-03-09 17:25:08,183|line:519| https://t.bilibili.com/1169917626553466899
2026-03-09 17:25:08,183|line:521| 已有
2026-03-09 17:25:08,183|line:519| https://t.bilibili.com/1177712635677769729
2026-03-09 17:25:12,479|line:341| =========此为源动态=========
2026-03-09 17:25:13,981|line:362| *********子动态开始*********
2026-03-09 17:25:13,982|line:381| *********子动态结束*********
2026-03-09 17:25:13,982|line:537| -=-=-=-=处理回最初的动态-=-=-=-=
2026-03-09 17:25:23,230|line:475| 转发成功 1177846346627940353
2026-03-09 17:25:26,642|line:494| 评论发送成功
2026-03-09 17:25:28,007|line:424| 100680137 === 已经关注了
2026-03-09 17:25:31,318|line:503| 动态-点赞 OK
2026-03-09 17:25:32,319|line:519| https://t.bilibili.com/1177627780024631305
2026-03-09 17:25:35,631|line:341| =========此为源动态=========
2026-03-09 17:25:38,972|line:362| *********子动态开始*********
2026-03-09 17:25:38,973|line:381| *********子动态结束*********
2026-03-09 17:25:38,973|line:537| -=-=-=-=处理回最初的动态-=-=-=-=
2026-03-09 17:25:48,311|line:475| 转发成功 1177846454022045700
2026-03-09 17:25:51,723|line:494| 评论发送成功
2026-03-09 17:25:55,097|line:424| 396808737 === 已经关注了
2026-03-09 17:25:58,477|line:503| 动态-点赞 OK
2026-03-09 17:26:00,478|line:519| https://t.bilibili.com/1177417631594971137
2026-03-09 17:26:04,870|line:526| 官方 或 预约 OUT！
2026-03-09 17:26:04,871|line:519| https://t.bilibili.com/1177221332229685300
2026-03-09 17:26:06,163|line:341| =========此为源动态=========
2026-03-09 17:26:08,590|line:362| *********子动态开始*********
2026-03-09 17:26:08,590|line:381| *********子动态结束*********
2026-03-09 17:26:08,590|line:537| -=-=-=-=处理回最初的动态-=-=-=-=
2026-03-09 17:26:18,691|line:475| 转发成功 1177846582838558726
2026-03-09 17:26:22,125|line:494| 评论发送成功
2026-03-09 17:26:25,547|line:424| 3546947480718133 === 已经关注了
2026-03-09 17:26:28,881|line:503| 动态-点赞 OK
2026-03-09 17:26:29,882|line:519| https://t.bilibili.com/1177741673948512256
2026-03-09 17:26:33,238|line:341| =========此为源动态=========
2026-03-09 17:26:35,635|line:362| *********子动态开始*********
2026-03-09 17:26:35,636|line:381| *********子动态结束*********
2026-03-09 17:26:35,636|line:537| -=-=-=-=处理回最初的动态-=-=-=-=
2026-03-09 17:26:46,779|line:475| 转发成功 1177846703081914386
2026-03-09 17:26:50,188|line:494| 评论发送成功
2026-03-09 17:26:54,613|line:424| 9535164 === 已经关注了
2026-03-09 17:26:57,992|line:503| 动态-点赞 OK
2026-03-09 17:27:01,993|line:519| https://t.bilibili.com/1177711789574455316
2026-03-09 17:27:05,311|line:341| =========此为源动态=========
2026-03-09 17:27:08,900|line:362| *********子动态开始*********
2026-03-09 17:27:08,901|line:381| *********子动态结束*********
2026-03-09 17:27:08,901|line:537| -=-=-=-=处理回最初的动态-=-=-=-=
2026-03-09 17:27:16,193|line:475| 转发成功 1177846831970779140
2026-03-09 17:27:19,574|line:494| 评论发送成功
2026-03-09 17:27:23,962|line:424| 3546947480718133 === 已经关注了
2026-03-09 17:27:27,276|line:503| 动态-点赞 OK
2026-03-09 17:27:30,277|line:519| https://t.bilibili.com/1177609736854437890
2026-03-09 17:27:34,569|line:526| 官方 或 预约 OUT！
2026-03-09 17:27:34,569|line:519| https://t.bilibili.com/1177598054532907010
2026-03-09 17:27:38,930|line:526| 官方 或 预约 OUT！
2026-03-09 17:27:38,930|line:519| https://t.bilibili.com/1177723843426385929
2026-03-09 17:27:42,288|line:341| =========此为源动态=========
2026-03-09 17:27:45,788|line:362| *********子动态开始*********
2026-03-09 17:27:45,789|line:381| *********子动态结束*********
2026-03-09 17:27:45,789|line:537| -=-=-=-=处理回最初的动态-=-=-=-=
2026-03-09 17:27:55,052|line:475| 转发成功 1177846995134447622
2026-03-09 17:27:58,459|line:494| 评论发送成功
2026-03-09 17:27:59,891|line:424| 90668673 === 已经关注了
2026-03-09 17:28:03,205|line:503| 动态-点赞 OK
2026-03-09 17:28:07,206|line:519| https://t.bilibili.com/1177676562258984966
2026-03-09 17:28:09,556|line:341| =========此为源动态=========
2026-03-09 17:28:14,201|line:362| *********子动态开始*********
2026-03-09 17:28:14,202|line:381| *********子动态结束*********
2026-03-09 17:28:14,202|line:537| -=-=-=-=处理回最初的动态-=-=-=-=
2026-03-09 17:28:24,443|line:475| 转发成功 1177847123981369349
2026-03-09 17:28:27,792|line:494| 评论发送成功
2026-03-09 17:28:30,217|line:424| 3493118529768296 === 已经关注了
2026-03-09 17:28:33,529|line:503| 动态-点赞 OK
2026-03-09 17:28:36,529|line:519| https://t.bilibili.com/1168149139405406229
2026-03-09 17:28:38,822|line:526| 官方 或 预约 OUT！
2026-03-09 17:28:38,822|line:519| https://t.bilibili.com/1177599905668005893
2026-03-09 17:28:43,181|line:341| =========此为源动态=========
2026-03-09 17:28:44,670|line:362| *********子动态开始*********
2026-03-09 17:28:44,670|line:381| *********子动态结束*********
2026-03-09 17:28:44,670|line:537| -=-=-=-=处理回最初的动态-=-=-=-=
2026-03-09 17:28:51,823|line:475| 转发成功 1177847239987429397
2026-03-09 17:28:55,230|line:494| 评论发送成功
2026-03-09 17:28:56,607|line:424| 505706074 === 已经关注了
2026-03-09 17:28:59,929|line:503| 动态-点赞 OK
2026-03-09 17:29:01,929|line:519| https://t.bilibili.com/1177601971536789529
2026-03-09 17:29:03,309|line:341| =========此为源动态=========
2026-03-09 17:29:05,807|line:362| *********子动态开始*********
2026-03-09 17:29:05,807|line:381| *********子动态结束*********
2026-03-09 17:29:05,807|line:537| -=-=-=-=处理回最初的动态-=-=-=-=
2026-03-09 17:29:15,963|line:475| 转发成功 1177847343019458568
2026-03-09 17:29:19,364|line:494| 评论发送成功
2026-03-09 17:29:24,139|line:436| 关注 ==== 3493118078880377 0
2026-03-09 17:29:27,517|line:503| 动态-点赞 OK
2026-03-09 17:29:28,518|line:519| https://t.bilibili.com/1177616905161146498
2026-03-09 17:29:31,810|line:341| =========此为源动态=========
2026-03-09 17:29:35,214|line:362| *********子动态开始*********
2026-03-09 17:29:35,214|line:381| *********子动态结束*********
2026-03-09 17:29:35,215|line:537| -=-=-=-=处理回最初的动态-=-=-=-=
2026-03-09 17:29:45,764|line:475| 转发成功 1177847471884206100
2026-03-09 17:29:49,273|line:494| 评论发送成功
2026-03-09 17:29:52,711|line:424| 1863894913 === 已经关注了
2026-03-09 17:29:56,028|line:503| 动态-点赞 OK
2026-03-09 17:30:00,028|line:519| https://t.bilibili.com/1158766847743492101
2026-03-09 17:30:00,029|line:521| 已有
2026-03-09 17:30:00,029|line:519| https://t.bilibili.com/1177692919675486261
2026-03-09 17:30:02,320|line:341| =========此为源动态=========
2026-03-09 17:30:05,904|line:362| *********子动态开始*********
2026-03-09 17:30:05,904|line:381| *********子动态结束*********
2026-03-09 17:30:05,904|line:537| -=-=-=-=处理回最初的动态-=-=-=-=
2026-03-09 17:30:12,049|line:475| 转发成功 1177847583565938705
2026-03-09 17:30:15,433|line:494| 评论发送成功
2026-03-09 17:30:19,862|line:424| 9535164 === 已经关注了
2026-03-09 17:30:23,240|line:503| 动态-点赞 OK
2026-03-09 17:30:25,241|line:519| https://t.bilibili.com/1177732693161410564
2026-03-09 17:30:26,658|line:526| 官方 或 预约 OUT！
2026-03-09 17:30:26,659|line:519| https://t.bilibili.com/1176527821737033751
2026-03-09 17:30:28,018|line:336| =========此为子动态=========
2026-03-09 17:30:31,426|line:400| *************原动态已存在***************
2026-03-09 17:30:36,009|line:362| *********子动态开始*********
2026-03-09 17:30:47,502|line:475| 转发成功 1177847738184761349
2026-03-09 17:30:50,886|line:494| 评论发送成功
2026-03-09 17:30:56,568|line:424| 505670427 === 已经关注了
2026-03-09 17:30:56,568|line:376| ----完成一个子动态----
2026-03-09 17:31:05,815|line:475| 转发成功 1177847815486832648
2026-03-09 17:31:09,273|line:494| 评论发送成功
2026-03-09 17:31:14,942|line:424| 1563299793 === 已经关注了
2026-03-09 17:31:14,942|line:376| ----完成一个子动态----
2026-03-09 17:31:23,121|line:475| 转发成功 1177847888536928264
2026-03-09 17:31:26,511|line:494| 评论发送成功
2026-03-09 17:31:33,166|line:424| 346469145 === 已经关注了
2026-03-09 17:31:33,166|line:376| ----完成一个子动态----
2026-03-09 17:31:44,400|line:475| 转发成功 1177847982995800072
2026-03-09 17:31:47,794|line:494| 评论发送成功
2026-03-09 17:31:54,462|line:424| 487793027 === 已经关注了
2026-03-09 17:31:54,462|line:376| ----完成一个子动态----
2026-03-09 17:32:06,710|line:475| 转发成功 1177848077498712068
2026-03-09 17:32:10,228|line:494| 评论发送成功
2026-03-09 17:32:15,951|line:424| 242136088 === 已经关注了
2026-03-09 17:32:15,951|line:376| ----完成一个子动态----
2026-03-09 17:32:15,952|line:381| *********子动态结束*********
2026-03-09 17:32:19,952|line:519| https://t.bilibili.com/1177419495573028873
2026-03-09 17:32:22,321|line:341| =========此为源动态=========
2026-03-09 17:32:25,842|line:362| *********子动态开始*********
2026-03-09 17:32:25,843|line:381| *********子动态结束*********
2026-03-09 17:32:25,843|line:537| -=-=-=-=处理回最初的动态-=-=-=-=
2026-03-09 17:32:36,136|line:475| 转发成功 1177848206334099462
2026-03-09 17:32:39,526|line:494| 评论发送成功
2026-03-09 17:32:42,896|line:424| 100680137 === 已经关注了
2026-03-09 17:32:46,275|line:503| 动态-点赞 OK
2026-03-09 17:32:48,275|line:519| https://t.bilibili.com/1177467577740296199
2026-03-09 17:32:48,276|line:521| 已有
2026-03-09 17:32:48,276|line:519| https://t.bilibili.com/1177236794151796741
2026-03-09 17:32:48,276|line:521| 已有
2026-03-09 17:32:48,276|line:519| https://t.bilibili.com/1176241562153123847
2026-03-09 17:32:50,568|line:526| 官方 或 预约 OUT！
2026-03-09 17:32:50,568|line:519| https://t.bilibili.com/1177604037430738984
2026-03-09 17:32:51,932|line:341| =========此为源动态=========
2026-03-09 17:32:55,265|line:362| *********子动态开始*********
2026-03-09 17:32:55,265|line:381| *********子动态结束*********
2026-03-09 17:32:55,265|line:537| -=-=-=-=处理回最初的动态-=-=-=-=
2026-03-09 17:33:04,404|line:475| 转发成功 1177848326576406537
2026-03-09 17:33:07,798|line:494| 评论发送成功
2026-03-09 17:33:09,164|line:424| 3546892633901313 === 已经关注了
2026-03-09 17:33:12,479|line:503| 动态-点赞 OK
2026-03-09 17:33:14,480|line:519| https://t.bilibili.com/1177276958482890787
2026-03-09 17:33:17,856|line:341| =========此为源动态=========
2026-03-09 17:33:22,253|line:362| *********子动态开始*********
2026-03-09 17:33:22,254|line:381| *********子动态结束*********
2026-03-09 17:33:22,254|line:537| -=-=-=-=处理回最初的动态-=-=-=-=
2026-03-09 17:33:32,493|line:475| 转发成功 1177848446886871049
2026-03-09 17:33:35,951|line:494| 评论发送成功
2026-03-09 17:33:38,382|line:424| 348632860 === 已经关注了
2026-03-09 17:33:41,756|line:503| 动态-点赞 OK
2026-03-09 17:33:44,757|line:519| https://t.bilibili.com/1177680496478388240
2026-03-09 17:33:44,757|line:521| 已有
2026-03-09 17:33:44,757|line:552| 执行结束
2026-03-09 17:33:44,758|line:558| ==================================================2026-03-10 01:33==================================================
2026-03-09 17:33:44,758|line:232| processing article 46610948
2026-03-09 17:33:47,861|line:507| ==================================================2026-03-10 01:33==================================================
2026-03-09 17:33:47,862|line:519| https://t.bilibili.com/1175412307023364113
2026-03-09 17:33:50,153|line:526| 官方 或 预约 OUT！
2026-03-09 17:33:50,153|line:519| https://t.bilibili.com/1175419282057592898
2026-03-09 17:33:51,471|line:526| 官方 或 预约 OUT！
2026-03-09 17:33:51,471|line:519| https://t.bilibili.com/1177405412383653904
2026-03-09 17:33:52,765|line:526| 官方 或 预约 OUT！
2026-03-09 17:33:52,765|line:519| https://t.bilibili.com/1176882371282075649
2026-03-09 17:33:57,081|line:526| 官方 或 预约 OUT！
2026-03-09 17:33:57,081|line:519| https://t.bilibili.com/1173557375092654097
2026-03-09 17:34:00,377|line:526| 官方 或 预约 OUT！
2026-03-09 17:34:00,378|line:519| https://t.bilibili.com/1160695296654573584
2026-03-09 17:34:01,799|line:526| 官方 或 预约 OUT！
2026-03-09 17:34:01,799|line:519| https://t.bilibili.com/1167235788833816598
2026-03-09 17:34:03,122|line:526| 官方 或 预约 OUT！
2026-03-09 17:34:03,123|line:519| https://t.bilibili.com/1173957258023796742
2026-03-09 17:34:05,416|line:526| 官方 或 预约 OUT！
2026-03-09 17:34:05,416|line:519| https://t.bilibili.com/1175105367224352771
2026-03-09 17:34:05,416|line:521| 已有
2026-03-09 17:34:05,416|line:519| https://t.bilibili.com/1167248656573661220
2026-03-09 17:34:08,712|line:526| 官方 或 预约 OUT！
2026-03-09 17:34:08,713|line:519| https://t.bilibili.com/1170959912021262340
2026-03-09 17:34:13,005|line:526| 官方 或 预约 OUT！
2026-03-09 17:34:13,005|line:519| https://t.bilibili.com/1169118857122545664
2026-03-09 17:34:14,297|line:526| 官方 或 预约 OUT！
2026-03-09 17:34:14,297|line:519| https://t.bilibili.com/1170217101688832036
2026-03-09 17:34:17,729|line:526| 官方 或 预约 OUT！
2026-03-09 17:34:17,730|line:519| https://t.bilibili.com/1176967162496024601
2026-03-09 17:34:19,061|line:526| 官方 或 预约 OUT！
2026-03-09 17:34:19,061|line:519| https://t.bilibili.com/1156109087631474695
2026-03-09 17:34:20,354|line:526| 官方 或 预约 OUT！
2026-03-09 17:34:20,354|line:519| https://t.bilibili.com/1164984693400010770
2026-03-09 17:34:21,714|line:526| 官方 或 预约 OUT！
2026-03-09 17:34:21,715|line:519| https://t.bilibili.com/1169917626553466899
2026-03-09 17:34:21,715|line:521| 已有
2026-03-09 17:34:21,715|line:519| https://t.bilibili.com/1170317586746834976
2026-03-09 17:34:23,033|line:526| 官方 或 预约 OUT！
2026-03-09 17:34:23,033|line:519| https://t.bilibili.com/1173270883581558805
2026-03-09 17:34:24,328|line:526| 官方 或 预约 OUT！
2026-03-09 17:34:24,328|line:519| https://t.bilibili.com/1176245771237851157
2026-03-09 17:34:26,688|line:526| 官方 或 预约 OUT！
2026-03-09 17:34:26,688|line:519| https://t.bilibili.com/1176245590859710481
2026-03-09 17:34:29,051|line:526| 官方 或 预约 OUT！
2026-03-09 17:34:29,052|line:519| https://t.bilibili.com/1167260695313514533
2026-03-09 17:34:31,349|line:526| 官方 或 预约 OUT！
2026-03-09 17:34:31,349|line:519| https://t.bilibili.com/1176517754288603200
2026-03-09 17:34:33,708|line:526| 官方 或 预约 OUT！
2026-03-09 17:34:33,708|line:519| https://t.bilibili.com/1150635976473706514
2026-03-09 17:34:37,004|line:526| 官方 或 预约 OUT！
2026-03-09 17:34:37,004|line:519| https://t.bilibili.com/1174407336264990754
2026-03-09 17:34:40,373|line:526| 官方 或 预约 OUT！
2026-03-09 17:34:40,373|line:519| https://t.bilibili.com/1168149139405406229
2026-03-09 17:34:43,669|line:526| 官方 或 预约 OUT！
2026-03-09 17:34:43,669|line:519| https://t.bilibili.com/1158766847743492101
2026-03-09 17:34:43,669|line:521| 已有
2026-03-09 17:34:43,669|line:519| https://t.bilibili.com/1175397283241394182
2026-03-09 17:34:44,961|line:526| 官方 或 预约 OUT！
2026-03-09 17:34:44,961|line:519| https://t.bilibili.com/1170588251345387561
2026-03-09 17:34:49,256|line:526| 官方 或 预约 OUT！
2026-03-09 17:34:49,256|line:519| https://t.bilibili.com/1169468372986888213
2026-03-09 17:34:50,720|line:526| 官方 或 预约 OUT！
2026-03-09 17:34:50,720|line:519| https://t.bilibili.com/1174020879355478040
2026-03-09 17:34:54,028|line:526| 官方 或 预约 OUT！
2026-03-09 17:34:54,028|line:519| https://t.bilibili.com/1168406687085756425
2026-03-09 17:34:57,386|line:526| 官方 或 预约 OUT！
2026-03-09 17:34:57,386|line:519| https://t.bilibili.com/1169104168286158865
2026-03-09 17:34:58,679|line:526| 官方 或 预约 OUT！
2026-03-09 17:34:58,679|line:519| https://t.bilibili.com/1168080849390796833
2026-03-09 17:35:02,038|line:526| 官方 或 预约 OUT！
2026-03-09 17:35:02,039|line:519| https://t.bilibili.com/1174013388947193865
2026-03-09 17:35:05,406|line:526| 官方 或 预约 OUT！
2026-03-09 17:35:05,406|line:519| https://t.bilibili.com/1174339935283445760
2026-03-09 17:35:08,703|line:526| 官方 或 预约 OUT！
2026-03-09 17:35:08,703|line:519| https://t.bilibili.com/1168438993855971400
2026-03-09 17:35:13,000|line:526| 官方 或 预约 OUT！
2026-03-09 17:35:13,000|line:519| https://t.bilibili.com/1169846411652497462
2026-03-09 17:35:15,358|line:526| 官方 或 预约 OUT！
2026-03-09 17:35:15,358|line:519| https://t.bilibili.com/1176241562153123847
2026-03-09 17:35:19,866|line:526| 官方 或 预约 OUT！
2026-03-09 17:35:19,867|line:552| 执行结束
2026-03-09 17:35:19,867|line:558| ==================================================2026-03-10 01:35==================================================
2026-03-09 17:35:19,867|line:232| processing article 46610752
2026-03-09 17:35:23,081|line:507| ==================================================2026-03-10 01:35==================================================
2026-03-09 17:35:23,081|line:519| https://t.bilibili.com/1176219584811761671
2026-03-09 17:35:23,081|line:521| 已有
2026-03-09 17:35:23,081|line:519| https://t.bilibili.com/1168434750412554265
2026-03-09 17:35:25,371|line:526| 官方 或 预约 OUT！
2026-03-09 17:35:25,372|line:519| https://t.bilibili.com/1175535834631241765
2026-03-09 17:35:29,736|line:526| 官方 或 预约 OUT！
2026-03-09 17:35:29,736|line:519| https://t.bilibili.com/1177405412383653904
2026-03-09 17:35:32,029|line:526| 官方 或 预约 OUT！
2026-03-09 17:35:32,030|line:519| https://t.bilibili.com/1177242173537517568
2026-03-09 17:35:36,322|line:526| 官方 或 预约 OUT！
2026-03-09 17:35:36,322|line:519| https://t.bilibili.com/1176882371282075649
2026-03-09 17:35:40,614|line:526| 官方 或 预约 OUT！
2026-03-09 17:35:40,615|line:519| https://t.bilibili.com/1174392192193527856
2026-03-09 17:35:43,963|line:526| 官方 或 预约 OUT！
2026-03-09 17:35:43,964|line:519| https://t.bilibili.com/1160695296654573584
2026-03-09 17:35:45,256|line:526| 官方 或 预约 OUT！
2026-03-09 17:35:45,256|line:519| https://t.bilibili.com/1173957258023796742
2026-03-09 17:35:48,549|line:526| 官方 或 预约 OUT！
2026-03-09 17:35:48,549|line:519| https://t.bilibili.com/1175105367224352771
2026-03-09 17:35:48,549|line:521| 已有
2026-03-09 17:35:48,549|line:519| https://t.bilibili.com/1176904378669334546
2026-03-09 17:35:50,859|line:526| 官方 或 预约 OUT！
2026-03-09 17:35:50,859|line:519| https://t.bilibili.com/1169118857122545664
2026-03-09 17:35:55,216|line:526| 官方 或 预约 OUT！
2026-03-09 17:35:55,216|line:519| https://t.bilibili.com/1164984693400010770
2026-03-09 17:35:56,507|line:526| 官方 或 预约 OUT！
2026-03-09 17:35:56,507|line:519| https://t.bilibili.com/1169917626553466899
2026-03-09 17:35:56,507|line:521| 已有
2026-03-09 17:35:56,507|line:519| https://t.bilibili.com/1175907705741639685
2026-03-09 17:35:59,890|line:526| 官方 或 预约 OUT！
2026-03-09 17:35:59,891|line:519| https://t.bilibili.com/1175079799296622629
2026-03-09 17:36:04,247|line:526| 官方 或 预约 OUT！
2026-03-09 17:36:04,248|line:519| https://t.bilibili.com/1168149139405406229
2026-03-09 17:36:07,608|line:526| 官方 或 预约 OUT！
2026-03-09 17:36:07,609|line:519| https://t.bilibili.com/1176960848886759447
2026-03-09 17:36:07,609|line:521| 已有
2026-03-09 17:36:07,609|line:519| https://t.bilibili.com/1174407336264990754
2026-03-09 17:36:09,956|line:526| 官方 或 预约 OUT！
2026-03-09 17:36:09,956|line:519| https://t.bilibili.com/1158766847743492101
2026-03-09 17:36:09,957|line:521| 已有
2026-03-09 17:36:09,957|line:519| https://t.bilibili.com/1169104168286158865
2026-03-09 17:36:13,246|line:526| 官方 或 预约 OUT！
2026-03-09 17:36:13,247|line:519| https://t.bilibili.com/1176592405136146434
2026-03-09 17:36:13,247|line:521| 已有
2026-03-09 17:36:13,247|line:519| https://t.bilibili.com/1177331367162150913
2026-03-09 17:36:13,247|line:521| 已有
2026-03-09 17:36:13,247|line:519| https://t.bilibili.com/1176241562153123847
2026-03-09 17:36:15,544|line:526| 官方 或 预约 OUT！
2026-03-09 17:36:15,545|line:552| 执行结束
2026-03-09 17:36:15,545|line:558| ==================================================2026-03-10 01:36==================================================
2026-03-09 17:36:15,545|line:232| processing article 46591637
2026-03-09 17:36:19,561|line:507| ==================================================2026-03-10 01:36==================================================
2026-03-09 17:36:19,561|line:519| https://t.bilibili.com/1175484419526361105
2026-03-09 17:36:20,993|line:526| 官方 或 预约 OUT！
2026-03-09 17:36:20,993|line:519| https://t.bilibili.com/1177298641651499026
2026-03-09 17:36:20,993|line:521| 已有
2026-03-09 17:36:20,994|line:519| https://t.bilibili.com/1177091536173662208
2026-03-09 17:36:20,994|line:521| 已有
2026-03-09 17:36:20,994|line:519| https://t.bilibili.com/1176324025532547106
2026-03-09 17:36:20,994|line:521| 已有
2026-03-09 17:36:20,994|line:519| https://t.bilibili.com/1176560703983583241
2026-03-09 17:36:22,288|line:341| =========此为源动态=========
2026-03-09 17:36:24,657|line:362| *********子动态开始*********
2026-03-09 17:36:24,657|line:381| *********子动态结束*********
2026-03-09 17:36:24,657|line:537| -=-=-=-=处理回最初的动态-=-=-=-=
2026-03-09 17:36:33,959|line:475| 转发成功 1177849224270708737
2026-03-09 17:36:37,430|line:494| 评论发送成功
2026-03-09 17:36:40,875|line:424| 26398586 === 已经关注了
2026-03-09 17:36:44,188|line:503| 动态-点赞 OK
2026-03-09 17:36:45,189|line:519| https://t.bilibili.com/1174406661941493763
2026-03-09 17:36:45,189|line:521| 已有
2026-03-09 17:36:45,189|line:519| https://t.bilibili.com/1176614453356003328
2026-03-09 17:36:46,596|line:341| =========此为源动态=========
2026-03-09 17:36:49,099|line:362| *********子动态开始*********
2026-03-09 17:36:49,100|line:381| *********子动态结束*********
2026-03-09 17:36:49,100|line:537| -=-=-=-=处理回最初的动态-=-=-=-=
2026-03-09 17:36:59,294|line:475| 转发成功 1177849335886381056
2026-03-09 17:37:02,745|line:494| 评论发送成功
2026-03-09 17:37:07,111|line:424| 3546813611117108 === 已经关注了
2026-03-09 17:37:10,500|line:503| 动态-点赞 OK
2026-03-09 17:37:14,500|line:519| https://t.bilibili.com/1160695296654573584
2026-03-09 17:37:17,795|line:526| 官方 或 预约 OUT！
2026-03-09 17:37:17,795|line:519| https://t.bilibili.com/1176247274468016184
2026-03-09 17:37:17,795|line:521| 已有
2026-03-09 17:37:17,795|line:519| https://t.bilibili.com/1177236794117193728
2026-03-09 17:37:17,795|line:521| 已有
2026-03-09 17:37:17,795|line:519| https://t.bilibili.com/1173901762738782232
2026-03-09 17:37:17,796|line:521| 已有
2026-03-09 17:37:17,796|line:519| https://t.bilibili.com/1173899280283336760
2026-03-09 17:37:17,796|line:521| 已有
2026-03-09 17:37:17,796|line:519| https://t.bilibili.com/1177250709799698466
2026-03-09 17:37:17,796|line:521| 已有
2026-03-09 17:37:17,796|line:519| https://t.bilibili.com/1175105367224352771
2026-03-09 17:37:17,796|line:521| 已有
2026-03-09 17:37:17,796|line:519| https://t.bilibili.com/1176610587891728385
2026-03-09 17:37:22,211|line:341| =========此为源动态=========
2026-03-09 17:37:26,998|line:362| *********子动态开始*********
2026-03-09 17:37:26,998|line:381| *********子动态结束*********
2026-03-09 17:37:26,999|line:537| -=-=-=-=处理回最初的动态-=-=-=-=
2026-03-09 17:37:37,330|line:475| 转发成功 1177849499145469956
2026-03-09 17:37:40,826|line:494| 评论发送成功
2026-03-09 17:37:44,251|line:424| 3546813611117108 === 已经关注了
2026-03-09 17:37:47,566|line:503| 动态-点赞 OK
2026-03-09 17:37:48,566|line:519| https://t.bilibili.com/1176571933207035924
2026-03-09 17:37:50,596|line:341| =========此为源动态=========
2026-03-09 17:37:55,096|line:362| *********子动态开始*********
2026-03-09 17:37:55,096|line:381| *********子动态结束*********
2026-03-09 17:37:55,096|line:537| -=-=-=-=处理回最初的动态-=-=-=-=
2026-03-09 17:38:04,311|line:475| 转发成功 1177849615083372553
2026-03-09 17:38:07,698|line:494| 评论发送成功
2026-03-09 17:38:09,127|line:424| 17236262 === 已经关注了
2026-03-09 17:38:12,517|line:503| 动态-点赞 OK
2026-03-09 17:38:13,517|line:519| https://t.bilibili.com/1175420226988146693
2026-03-09 17:38:16,899|line:526| 官方 或 预约 OUT！
2026-03-09 17:38:16,900|line:519| https://t.bilibili.com/1175389294593835013
2026-03-09 17:38:16,900|line:521| 已有
2026-03-09 17:38:16,900|line:519| https://t.bilibili.com/1173897027564601349
2026-03-09 17:38:16,900|line:521| 已有
2026-03-09 17:38:16,900|line:519| https://t.bilibili.com/1164984693400010770
2026-03-09 17:38:21,256|line:526| 官方 或 预约 OUT！
2026-03-09 17:38:21,257|line:519| https://t.bilibili.com/1169917626553466899
2026-03-09 17:38:21,257|line:521| 已有
2026-03-09 17:38:21,257|line:519| https://t.bilibili.com/1174370365158195203
2026-03-09 17:38:21,257|line:521| 已有
2026-03-09 17:38:21,257|line:519| https://t.bilibili.com/1176558449132044310
2026-03-09 17:38:24,556|line:341| =========此为源动态=========
2026-03-09 17:38:27,047|line:362| *********子动态开始*********
2026-03-09 17:38:27,047|line:381| *********子动态结束*********
2026-03-09 17:38:27,047|line:537| -=-=-=-=处理回最初的动态-=-=-=-=
2026-03-09 17:38:38,165|line:475| 转发成功 1177849756804710437
2026-03-09 17:38:41,571|line:494| 评论发送成功
2026-03-09 17:38:44,935|line:424| 8827538 === 已经关注了
2026-03-09 17:38:48,248|line:503| 动态-点赞 OK
2026-03-09 17:38:52,248|line:519| https://t.bilibili.com/1173904202273914931
2026-03-09 17:38:52,249|line:521| 已有
2026-03-09 17:38:52,249|line:519| https://t.bilibili.com/1176896750835728390
2026-03-09 17:38:52,249|line:521| 已有
2026-03-09 17:38:52,249|line:519| https://t.bilibili.com/1176499620936679430
2026-03-09 17:38:55,707|line:526| 官方 或 预约 OUT！
2026-03-09 17:38:55,708|line:519| https://t.bilibili.com/1176618329547210760
2026-03-09 17:38:58,000|line:526| 官方 或 预约 OUT！
2026-03-09 17:38:58,000|line:519| https://t.bilibili.com/1173903326117363736
2026-03-09 17:38:58,000|line:521| 已有
2026-03-09 17:38:58,000|line:519| https://t.bilibili.com/1176602856974712851
2026-03-09 17:38:59,314|line:341| =========此为源动态=========
2026-03-09 17:39:02,914|line:362| *********子动态开始*********
2026-03-09 17:39:02,915|line:381| *********子动态结束*********
2026-03-09 17:39:02,915|line:537| -=-=-=-=处理回最初的动态-=-=-=-=
2026-03-09 17:39:12,194|line:475| 转发成功 1177849907136954369
2026-03-09 17:39:15,581|line:494| 评论发送成功
2026-03-09 17:39:16,972|line:424| 9089321 === 已经关注了
2026-03-09 17:39:20,285|line:503| 动态-点赞 OK
2026-03-09 17:39:21,285|line:519| https://t.bilibili.com/1168149139405406229
2026-03-09 17:39:22,582|line:526| 官方 或 预约 OUT！
2026-03-09 17:39:22,582|line:519| https://t.bilibili.com/1176618318805598216
2026-03-09 17:39:23,872|line:341| =========此为源动态=========
2026-03-09 17:39:28,465|line:362| *********子动态开始*********
2026-03-09 17:39:28,465|line:381| *********子动态结束*********
2026-03-09 17:39:28,465|line:537| -=-=-=-=处理回最初的动态-=-=-=-=
2026-03-09 17:39:35,860|line:475| 转发成功 1177850005904424983
2026-03-09 17:39:39,290|line:494| 评论发送成功
2026-03-09 17:39:40,718|line:424| 3546813611117108 === 已经关注了
2026-03-09 17:39:44,034|line:503| 动态-点赞 OK
2026-03-09 17:39:46,035|line:519| https://t.bilibili.com/1173900590224244743
2026-03-09 17:39:46,035|line:521| 已有
2026-03-09 17:39:46,035|line:519| https://t.bilibili.com/1158766847743492101
2026-03-09 17:39:46,036|line:521| 已有
2026-03-09 17:39:46,036|line:519| https://t.bilibili.com/1173990157441826818
2026-03-09 17:39:46,036|line:521| 已有
2026-03-09 17:39:46,036|line:519| https://t.bilibili.com/1173901273104121863
2026-03-09 17:39:46,036|line:521| 已有
2026-03-09 17:39:46,036|line:519| https://t.bilibili.com/1173905009744543750
2026-03-09 17:39:46,036|line:521| 已有
2026-03-09 17:39:46,036|line:519| https://t.bilibili.com/1176695742050336772
2026-03-09 17:39:46,036|line:521| 已有
2026-03-09 17:39:46,036|line:519| https://t.bilibili.com/1173906594605301762
2026-03-09 17:39:46,037|line:521| 已有
2026-03-09 17:39:46,037|line:519| https://t.bilibili.com/1173901728390578180
2026-03-09 17:39:46,037|line:521| 已有
2026-03-09 17:39:46,037|line:519| https://t.bilibili.com/1168061569286799368
2026-03-09 17:39:49,346|line:526| 官方 或 预约 OUT！
2026-03-09 17:39:49,347|line:519| https://t.bilibili.com/1176241562153123847
2026-03-09 17:39:51,803|line:526| 官方 或 预约 OUT！
2026-03-09 17:39:51,803|line:519| https://t.bilibili.com/1176563250922258481
2026-03-09 17:39:53,118|line:526| 官方 或 预约 OUT！
2026-03-09 17:39:53,119|line:519| https://t.bilibili.com/1177236794104610832
2026-03-09 17:39:53,119|line:521| 已有
2026-03-09 17:39:53,119|line:519| https://t.bilibili.com/1176131572350320658
2026-03-09 17:39:54,477|line:341| =========此为源动态=========
2026-03-09 17:39:57,128|line:362| *********子动态开始*********
2026-03-09 17:39:57,128|line:381| *********子动态结束*********
2026-03-09 17:39:57,128|line:537| -=-=-=-=处理回最初的动态-=-=-=-=
2026-03-09 17:40:04,232|line:475| 转发成功 1177850130485739520
2026-03-09 17:40:07,626|line:494| 评论发送成功
2026-03-09 17:40:08,992|line:424| 28153104 === 已经关注了
2026-03-09 17:40:12,307|line:503| 动态-点赞 OK
2026-03-09 17:40:15,307|line:519| https://t.bilibili.com/1176292096739377156
2026-03-09 17:40:18,603|line:526| 官方 或 预约 OUT！
2026-03-09 17:40:18,604|line:552| 执行结束
2026-03-09 17:40:18,604|line:558| ==================================================2026-03-10 01:40==================================================
2026-03-09 17:40:18,604|line:232| processing article 46585081
2026-03-09 17:40:24,014|line:507| ==================================================2026-03-10 01:40==================================================
2026-03-09 17:40:24,014|line:519| https://t.bilibili.com/1177252256029868032
2026-03-09 17:40:24,014|line:521| 已有
2026-03-09 17:40:24,014|line:519| https://t.bilibili.com/1177298641651499026
2026-03-09 17:40:24,014|line:521| 已有
2026-03-09 17:40:24,015|line:519| https://t.bilibili.com/1177091536173662208
2026-03-09 17:40:24,015|line:521| 已有
2026-03-09 17:40:24,015|line:519| https://t.bilibili.com/1176596244863123475
2026-03-09 17:40:24,015|line:521| 已有
2026-03-09 17:40:24,015|line:519| https://t.bilibili.com/1177213601277018114
2026-03-09 17:40:24,015|line:521| 已有
2026-03-09 17:40:24,015|line:519| https://t.bilibili.com/1177332831748096017
2026-03-09 17:40:24,015|line:521| 已有
2026-03-09 17:40:24,016|line:519| https://t.bilibili.com/1177047366729990169
2026-03-09 17:40:24,016|line:521| 已有
2026-03-09 17:40:24,016|line:519| https://t.bilibili.com/1176931063295901715
2026-03-09 17:40:24,016|line:521| 已有
2026-03-09 17:40:24,016|line:519| https://t.bilibili.com/1176935512913477672
2026-03-09 17:40:24,016|line:521| 已有
2026-03-09 17:40:24,016|line:519| https://t.bilibili.com/1160695296654573584
2026-03-09 17:40:26,369|line:526| 官方 或 预约 OUT！
2026-03-09 17:40:26,369|line:519| https://t.bilibili.com/1176247274468016184
2026-03-09 17:40:26,370|line:521| 已有
2026-03-09 17:40:26,370|line:519| https://t.bilibili.com/1177236794117193728
2026-03-09 17:40:26,370|line:521| 已有
2026-03-09 17:40:26,370|line:519| https://t.bilibili.com/1177252256014139443
2026-03-09 17:40:26,370|line:521| 已有
2026-03-09 17:40:26,370|line:519| https://t.bilibili.com/1177082175314460680
2026-03-09 17:40:26,370|line:521| 已有
2026-03-09 17:40:26,370|line:519| https://t.bilibili.com/1177250709799698466
2026-03-09 17:40:26,371|line:521| 已有
2026-03-09 17:40:26,371|line:519| https://t.bilibili.com/1177205870374682646
2026-03-09 17:40:26,371|line:521| 已有
2026-03-09 17:40:26,371|line:519| https://t.bilibili.com/1175105367224352771
2026-03-09 17:40:26,371|line:521| 已有
2026-03-09 17:40:26,371|line:519| https://t.bilibili.com/1176627112783642628
2026-03-09 17:40:26,371|line:521| 已有
2026-03-09 17:40:26,371|line:519| https://t.bilibili.com/1176123538581487639
2026-03-09 17:40:26,371|line:521| 已有
2026-03-09 17:40:26,372|line:519| https://t.bilibili.com/1177298641676664832
2026-03-09 17:40:26,372|line:521| 已有
2026-03-09 17:40:26,372|line:519| https://t.bilibili.com/1164984693400010770
2026-03-09 17:40:28,732|line:526| 官方 或 预约 OUT！
2026-03-09 17:40:28,732|line:519| https://t.bilibili.com/1169917626553466899
2026-03-09 17:40:28,732|line:521| 已有
2026-03-09 17:40:28,733|line:519| https://t.bilibili.com/1177236794129776661
2026-03-09 17:40:28,733|line:521| 已有
2026-03-09 17:40:28,733|line:519| https://t.bilibili.com/1177066079925567493
2026-03-09 17:40:32,023|line:526| 官方 或 预约 OUT！
2026-03-09 17:40:32,023|line:519| https://t.bilibili.com/1177267975575568386
2026-03-09 17:40:32,023|line:521| 已有
2026-03-09 17:40:32,024|line:519| https://t.bilibili.com/1175862041679757314
2026-03-09 17:40:32,024|line:521| 已有
2026-03-09 17:40:32,024|line:519| https://t.bilibili.com/1177323185228480580
2026-03-09 17:40:33,385|line:526| 官方 或 预约 OUT！
2026-03-09 17:40:33,386|line:519| https://t.bilibili.com/1177247185810489377
2026-03-09 17:40:36,678|line:526| 官方 或 预约 OUT！
2026-03-09 17:40:36,678|line:519| https://t.bilibili.com/1177230351645278233
2026-03-09 17:40:36,678|line:521| 已有
2026-03-09 17:40:36,678|line:519| https://t.bilibili.com/1177295134819090441
2026-03-09 17:40:36,678|line:521| 已有
2026-03-09 17:40:36,678|line:519| https://t.bilibili.com/1177351703830200345
2026-03-09 17:40:36,679|line:521| 已有
2026-03-09 17:40:36,679|line:519| https://t.bilibili.com/1168149139405406229
2026-03-09 17:40:37,967|line:526| 官方 或 预约 OUT！
2026-03-09 17:40:37,967|line:519| https://t.bilibili.com/1177236794100416518
2026-03-09 17:40:37,967|line:521| 已有
2026-03-09 17:40:37,967|line:519| https://t.bilibili.com/1175414695069220881
2026-03-09 17:40:42,270|line:526| 官方 或 预约 OUT！
2026-03-09 17:40:42,270|line:519| https://t.bilibili.com/1158766847743492101
2026-03-09 17:40:42,270|line:521| 已有
2026-03-09 17:40:42,270|line:519| https://t.bilibili.com/1177266564714463253
2026-03-09 17:40:43,626|line:526| 官方 或 预约 OUT！
2026-03-09 17:40:43,626|line:519| https://t.bilibili.com/1177235245779386374
2026-03-09 17:40:43,626|line:521| 已有
2026-03-09 17:40:43,626|line:519| https://t.bilibili.com/1177236794144456705
2026-03-09 17:40:43,626|line:521| 已有
2026-03-09 17:40:43,626|line:519| https://t.bilibili.com/1177222620755525641
2026-03-09 17:40:43,627|line:521| 已有
2026-03-09 17:40:43,627|line:519| https://t.bilibili.com/1177236796256288789
2026-03-09 17:40:43,627|line:521| 已有
2026-03-09 17:40:43,627|line:519| https://t.bilibili.com/1177331367162150913
2026-03-09 17:40:43,627|line:521| 已有
2026-03-09 17:40:43,627|line:519| https://t.bilibili.com/1176241562153123847
2026-03-09 17:40:44,919|line:526| 官方 或 预约 OUT！
2026-03-09 17:40:44,919|line:519| https://t.bilibili.com/1177236794104610832
2026-03-09 17:40:44,919|line:521| 已有
2026-03-09 17:40:44,919|line:519| https://t.bilibili.com/1177403711576604692
2026-03-09 17:40:48,277|line:526| 官方 或 预约 OUT！
2026-03-09 17:40:48,277|line:552| 执行结束
2026-03-09 17:40:48,278|line:558| ==================================================2026-03-10 01:40==================================================
2026-03-09 17:40:48,278|line:232| processing article 46578004
2026-03-09 17:40:50,602|line:507| ==================================================2026-03-10 01:40==================================================
2026-03-09 17:40:50,602|line:519| https://t.bilibili.com/1175412307023364113
2026-03-09 17:40:51,919|line:526| 官方 或 预约 OUT！
2026-03-09 17:40:51,919|line:519| https://t.bilibili.com/1175419282057592898
2026-03-09 17:40:55,340|line:526| 官方 或 预约 OUT！
2026-03-09 17:40:55,340|line:519| https://t.bilibili.com/1173557375092654097
2026-03-09 17:40:58,631|line:526| 官方 或 预约 OUT！
2026-03-09 17:40:58,631|line:519| https://t.bilibili.com/1160695296654573584
2026-03-09 17:41:02,920|line:526| 官方 或 预约 OUT！
2026-03-09 17:41:02,920|line:519| https://t.bilibili.com/1167235788833816598
2026-03-09 17:41:06,210|line:526| 官方 或 预约 OUT！
2026-03-09 17:41:06,211|line:519| https://t.bilibili.com/1175105367224352771
2026-03-09 17:41:06,211|line:521| 已有
2026-03-09 17:41:06,211|line:519| https://t.bilibili.com/1167248656573661220
2026-03-09 17:41:07,505|line:526| 官方 或 预约 OUT！
2026-03-09 17:41:07,505|line:519| https://t.bilibili.com/1170959912021262340
2026-03-09 17:41:09,799|line:526| 官方 或 预约 OUT！
2026-03-09 17:41:09,799|line:519| https://t.bilibili.com/1166877365212545058
2026-03-09 17:41:13,096|line:526| 官方 或 预约 OUT！
2026-03-09 17:41:13,097|line:519| https://t.bilibili.com/1170217101688832036
2026-03-09 17:41:16,389|line:526| 官方 或 预约 OUT！
2026-03-09 17:41:16,390|line:519| https://t.bilibili.com/1176967162496024601
2026-03-09 17:41:18,706|line:526| 官方 或 预约 OUT！
2026-03-09 17:41:18,706|line:519| https://t.bilibili.com/1156109087631474695
2026-03-09 17:41:21,089|line:526| 官方 或 预约 OUT！
2026-03-09 17:41:21,089|line:519| https://t.bilibili.com/1164984693400010770
2026-03-09 17:41:22,381|line:526| 官方 或 预约 OUT！
2026-03-09 17:41:22,381|line:519| https://t.bilibili.com/1169917626553466899
2026-03-09 17:41:22,381|line:521| 已有
2026-03-09 17:41:22,381|line:519| https://t.bilibili.com/1166873890614411266
2026-03-09 17:41:26,673|line:526| 官方 或 预约 OUT！
2026-03-09 17:41:26,673|line:519| https://t.bilibili.com/1170317586746834976
2026-03-09 17:41:28,134|line:526| 官方 或 预约 OUT！
2026-03-09 17:41:28,134|line:519| https://t.bilibili.com/1173270883581558805
2026-03-09 17:41:30,496|line:526| 官方 或 预约 OUT！
2026-03-09 17:41:30,496|line:519| https://t.bilibili.com/1169846080976715785
2026-03-09 17:41:33,854|line:526| 官方 或 预约 OUT！
2026-03-09 17:41:33,855|line:519| https://t.bilibili.com/1176245771237851157
2026-03-09 17:41:38,151|line:526| 官方 或 预约 OUT！
2026-03-09 17:41:38,151|line:519| https://t.bilibili.com/1176245590859710481
2026-03-09 17:41:39,445|line:526| 官方 或 预约 OUT！
2026-03-09 17:41:39,446|line:519| https://t.bilibili.com/1167260695313514533
2026-03-09 17:41:42,741|line:526| 官方 或 预约 OUT！
2026-03-09 17:41:42,741|line:519| https://t.bilibili.com/1176517754288603200
2026-03-09 17:41:44,097|line:526| 官方 或 预约 OUT！
2026-03-09 17:41:44,098|line:519| https://t.bilibili.com/1150635976473706514
2026-03-09 17:41:47,393|line:526| 官方 或 预约 OUT！
2026-03-09 17:41:47,393|line:519| https://t.bilibili.com/1168149139405406229
2026-03-09 17:41:50,685|line:526| 官方 或 预约 OUT！
2026-03-09 17:41:50,686|line:519| https://t.bilibili.com/1158766847743492101
2026-03-09 17:41:50,686|line:521| 已有
2026-03-09 17:41:50,686|line:519| https://t.bilibili.com/1175397283241394182
2026-03-09 17:41:52,977|line:526| 官方 或 预约 OUT！
2026-03-09 17:41:52,977|line:519| https://t.bilibili.com/1170588251345387561
2026-03-09 17:41:55,345|line:526| 官方 或 预约 OUT！
2026-03-09 17:41:55,345|line:519| https://t.bilibili.com/1169468372986888213
2026-03-09 17:41:59,705|line:526| 官方 或 预约 OUT！
2026-03-09 17:41:59,705|line:519| https://t.bilibili.com/1174020879355478040
2026-03-09 17:42:04,063|line:526| 官方 或 预约 OUT！
2026-03-09 17:42:04,063|line:519| https://t.bilibili.com/1168406687085756425
2026-03-09 17:42:07,422|line:526| 官方 或 预约 OUT！
2026-03-09 17:42:07,422|line:519| https://t.bilibili.com/1168080849390796833
2026-03-09 17:42:08,780|line:526| 官方 或 预约 OUT！
2026-03-09 17:42:08,780|line:519| https://t.bilibili.com/1174013388947193865
2026-03-09 17:42:11,070|line:526| 官方 或 预约 OUT！
2026-03-09 17:42:11,070|line:519| https://t.bilibili.com/1174339935283445760
2026-03-09 17:42:15,459|line:526| 官方 或 预约 OUT！
2026-03-09 17:42:15,459|line:519| https://t.bilibili.com/1168438993855971400
2026-03-09 17:42:18,818|line:526| 官方 或 预约 OUT！
2026-03-09 17:42:18,818|line:519| https://t.bilibili.com/1169846411652497462
2026-03-09 17:42:21,176|line:526| 官方 或 预约 OUT！
2026-03-09 17:42:21,177|line:519| https://t.bilibili.com/1176241562153123847
2026-03-09 17:42:22,533|line:526| 官方 或 预约 OUT！
2026-03-09 17:42:22,534|line:552| 执行结束
2026-03-09 17:42:22,534|line:558| ==================================================2026-03-10 01:42==================================================
2026-03-09 17:42:22,534|line:232| processing article 46577902
2026-03-09 17:42:25,855|line:507| ==================================================2026-03-10 01:42==================================================
2026-03-09 17:42:25,855|line:519| https://t.bilibili.com/1176219584811761671
2026-03-09 17:42:25,856|line:521| 已有
2026-03-09 17:42:25,856|line:519| https://t.bilibili.com/1171066878201692163
2026-03-09 17:42:29,211|line:526| 官方 或 预约 OUT！
2026-03-09 17:42:29,211|line:519| https://t.bilibili.com/1175412285550624772
2026-03-09 17:42:30,503|line:526| 官方 或 预约 OUT！
2026-03-09 17:42:30,504|line:519| https://t.bilibili.com/1174013049631145984
2026-03-09 17:42:31,806|line:526| 官方 或 预约 OUT！
2026-03-09 17:42:31,806|line:519| https://t.bilibili.com/1160695296654573584
2026-03-09 17:42:36,218|line:526| 官方 或 预约 OUT！
2026-03-09 17:42:36,218|line:519| https://t.bilibili.com/1173202542052507652
2026-03-09 17:42:40,511|line:526| 官方 或 预约 OUT！
2026-03-09 17:42:40,512|line:519| https://t.bilibili.com/1176529479586021383
2026-03-09 17:42:44,870|line:526| 官方 或 预约 OUT！
2026-03-09 17:42:44,870|line:519| https://t.bilibili.com/1175413428060160006
2026-03-09 17:42:47,166|line:526| 官方 或 预约 OUT！
2026-03-09 17:42:47,166|line:519| https://t.bilibili.com/1175105367224352771
2026-03-09 17:42:47,166|line:521| 已有
2026-03-09 17:42:47,166|line:519| https://t.bilibili.com/1176967162496024601
2026-03-09 17:42:48,458|line:526| 官方 或 预约 OUT！
2026-03-09 17:42:48,459|line:519| https://t.bilibili.com/1174291346321571848
2026-03-09 17:42:51,772|line:526| 官方 或 预约 OUT！
2026-03-09 17:42:51,772|line:519| https://t.bilibili.com/1164984693400010770
2026-03-09 17:42:56,064|line:526| 官方 或 预约 OUT！
2026-03-09 17:42:56,064|line:519| https://t.bilibili.com/1169917626553466899
2026-03-09 17:42:56,064|line:521| 已有
2026-03-09 17:42:56,064|line:519| https://t.bilibili.com/1175043858972540951
2026-03-09 17:42:58,358|line:526| 官方 或 预约 OUT！
2026-03-09 17:42:58,359|line:519| https://t.bilibili.com/1176581027762536455
2026-03-09 17:43:02,732|line:526| 官方 或 预约 OUT！
2026-03-09 17:43:02,732|line:519| https://t.bilibili.com/1176517754288603200
2026-03-09 17:43:05,023|line:526| 官方 或 预约 OUT！
2026-03-09 17:43:05,024|line:519| https://t.bilibili.com/1168149139405406229
2026-03-09 17:43:07,395|line:526| 官方 或 预约 OUT！
2026-03-09 17:43:07,395|line:519| https://t.bilibili.com/1176960848886759447
2026-03-09 17:43:07,396|line:521| 已有
2026-03-09 17:43:07,396|line:519| https://t.bilibili.com/1176556812747407381
2026-03-09 17:43:10,747|line:526| 官方 或 预约 OUT！
2026-03-09 17:43:10,748|line:519| https://t.bilibili.com/1158766847743492101
2026-03-09 17:43:10,748|line:521| 已有
2026-03-09 17:43:10,748|line:519| https://t.bilibili.com/1168857641487695939
2026-03-09 17:43:13,042|line:526| 官方 或 预约 OUT！
2026-03-09 17:43:13,042|line:519| https://t.bilibili.com/1177253873052549124
2026-03-09 17:43:17,400|line:526| 官方 或 预约 OUT！
2026-03-09 17:43:17,400|line:519| https://t.bilibili.com/1175504597312077856
2026-03-09 17:43:19,759|line:526| 官方 或 预约 OUT！
2026-03-09 17:43:19,759|line:519| https://t.bilibili.com/1175845488872652805
2026-03-09 17:43:19,759|line:521| 已有
2026-03-09 17:43:19,759|line:519| https://t.bilibili.com/1168406687085756425
2026-03-09 17:43:23,056|line:526| 官方 或 预约 OUT！
2026-03-09 17:43:23,057|line:519| https://t.bilibili.com/1176592405136146434
2026-03-09 17:43:23,057|line:521| 已有
2026-03-09 17:43:23,057|line:519| https://t.bilibili.com/1175492923578384408
2026-03-09 17:43:26,426|line:526| 官方 或 预约 OUT！
2026-03-09 17:43:26,427|line:519| https://t.bilibili.com/1174013388947193865
2026-03-09 17:43:30,784|line:526| 官方 或 预约 OUT！
2026-03-09 17:43:30,784|line:519| https://t.bilibili.com/1150635976473706514
2026-03-09 17:43:34,211|line:526| 官方 或 预约 OUT！
2026-03-09 17:43:34,211|line:519| https://t.bilibili.com/1176241562153123847
2026-03-09 17:43:37,509|line:526| 官方 或 预约 OUT！
2026-03-09 17:43:37,509|line:552| 执行结束
2026-03-09 17:43:37,510|line:558| ==================================================2026-03-10 01:43==================================================
2026-03-09 17:43:43,744|line:578| ('reply: ', '吓死我啦芙莱', '并不是')
2026-03-09 17:43:43,744|line:578| ('reply: ', '花生十三-公考行测', '68')
2026-03-09 17:43:43,744|line:578| ('reply: ', '三鹿七茸猫尾巴', '[夏诺雅表情包_？？？]')
2026-03-09 17:43:43,744|line:578| ('reply: ', '小闪闪bling', 'hhh腾子买库洛让我感觉他自己有点不太想出大世界了')
2026-03-09 17:43:43,744|line:578| ('reply: ', '魔改后远野汉娜', '不是，这……')
2026-03-09 17:43:43,744|line:578| ('reply: ', '好像都是一个人', '你在说什么')
2026-03-09 17:43:43,745|line:578| ('reply: ', '目标咨询', '太宠粉了啊')
2026-03-09 17:43:43,745|line:578| ('reply: ', '数玩工场', '祝你成功')
2026-03-09 17:43:43,745|line:578| ('reply: ', '益家有小佰', '恭喜宝子，获得小电视月度会员1份和克刻冰冰猴喉糖随机口味1份～记得私信小佰提供信息哦~')
2026-03-09 17:43:43,745|line:578| ('reply: ', '圆环之理-Madoka', '是的')
2026-03-09 17:43:43,745|line:578| ('reply: ', '兰的三姨', '这就是银河巨星的实力！')
2026-03-09 17:43:43,745|line:578| ('reply: ', '花园百合铃音', '有男不玩，我只吃麻辣火锅，xxn滚[吃瓜]')
2026-03-09 17:43:43,745|line:578| ('reply: ', '是绝赞的阿鬼', '[tv_难过]')
2026-03-09 17:43:43,745|line:578| ('reply: ', '桃稚不幼稚', '还行')
2026-03-09 17:43:43,745|line:578| ('reply: ', '陌罔子吖', '佬，这个报名有啥条件不。最近太非了，想下次报来抽[脱单doge][脱单doge][脱单doge]')
2026-03-09 17:43:43,745|line:578| ('reply: ', '太二酸菜鱼', '恭喜成为本期欧皇[打call]获得【肥龙联名显眼包】1份，在收到本信息的两天内回复哥的私信哦~逾期哥就自己收啦！[脱单doge]')
2026-03-09 17:43:43,746|line:578| ('reply: ', '得一想二的松鼠', '中奖分我一半')
2026-03-09 17:43:43,746|line:578| ('reply: ', '佑凉Uriyoo', '谢谢！！！[UP_24967030_感恩]')
2026-03-09 17:43:43,746|line:578| ('reply: ', '岛莓祁', '好耶')
2026-03-09 17:43:43,746|line:578| ('reply: ', '苏酥_SUSU_', 'https://b23.tv/3HJcDkm')
2026-03-09 17:43:46,069|line:587| ('at: ', '电脑报', '恭喜@小小Shaun UID：1090970340，@-叶晓吖  UID：22437099  获得 【电竞大礼包】1份， 请在三日内私信我')
2026-03-09 17:43:46,069|line:587| ('at: ', '联想拯救者官方', '是我喜欢的奖品名单 直接开奖 上 趁现在没人偷摸开个奖 恭喜这些小伙伴 【拯救者7.1声卡H7游戏耳机】获奖名单 @泪水打湿猪脚饭o @xoomoon @小小Shaun @T山海连云T @超超超超薄脆饼干 @BerboomC 【拯救者C140氮化镓适配器】获奖名单 @改个天凉好个秋 @夜猫子牙不好 @LLL好久不见 @林殇倾慕婉 @今天也要拥抱微风 @洳不及我万一 @胜利の天平 【白金独角兽电竞鼠标】获奖名单 @底片上的诗旅人 【拯救者C170氮化镓适配器】获奖名单 @麦當劳无限好 @無名丶の辈 @任性的提莫 @广东有暖风 由于B站私信规则修改 我会私信中奖的小伙伴一条消息，还请注意查收并回复我您的收货地址与联系方式，奖品基本会在私信您信息后的三十个工作日内发货')
2026-03-09 17:43:46,069|line:587| ('at: ', 'Apexgaming艾湃电竞', '恭喜 @小小Shaun 获得饮料一份，三天内联系我，过时不候！')
2026-03-09 17:43:46,069|line:587| ('at: ', '喜欢白毛有什么不好', '1 @浪子游2fans6@被_____打下来的飞机@拉斯特臣后面一个点@专心致志的学生@猫猫头OmMeow@小小Shaun@龐門左道@啦啦痴痴腻@bili_66938050009@日月星辰668')
2026-03-09 17:43:46,069|line:587| ('at: ', 'iKF蓝牙耳机', '恭喜@小小Shaun 宝子成为苏泊尔福利动态幸运儿！\n注意：即日起72小时内回复信息确认领奖哦！逾期将自动视为放弃中奖资格。\n没有中奖的宝子们不要气馁，参与一下下置顶视频iKF Mars，增加欧气值，说不定下个幸运儿就是你！\n链接：\nhttps://www.bilibili.com/video/BV1Soo6YLEHZ/?spm_id_from=333.1387.list.card_archive.click&vd_source=21fb0967ccc75e6b3b2447ade2c740dd\n还没参与抽奖的宝子们，赶紧点击上方链接参与吧！还有特别福利惊喜等你哦~')
2026-03-09 17:43:46,069|line:587| ('at: ', 'wellymerck威利默克', '恭喜@小小Shaun\xa0 获得《我是你的小狗3 永远等你回家》1本，请于5天内联系威宝，凭关注+互动截图领取奖品，逾期作废~')
2026-03-09 17:43:46,070|line:587| ('at: ', '宁美NINGMEI', '恭喜@小小Shaun   中奖，请在12月1日24点前私信我：1. 奖品+中奖信息a. 实物奖：姓名电话地址，给文字！省市区路清晰，提交不清晰不发奖，信息错误致无法签收，概不负责；\n\nb. 现金红包给到支付宝实名+账号；\n\nc. 京东卡/猫超卡 等购物卡给到姓名+电话；2. 宁美和品牌方关注截图+转发截图！\n\n必须关注品牌方，否则奖品不予发放；如遇无法私信图片的情况，等待我回复后即可发送图片。PS： \n\n因后台收信有时会出问题，以回复“已登记”为准，没有回复即表示私信未收到。\n\n过期视为自动放弃，不会补发；奖品30个工作日内发送，勿催哦~\n\n不发全，不回复。其他小伙伴请继续努力！')
2026-03-09 17:43:46,070|line:587| ('at: ', '爱玛电动车官方账号', '#一“玛”当先榜# 快来看看10月都是谁和爱玛酱互动最多呀~ 💕恭喜@小小Shaun 和@甘瑞凯拉莎 排行第一！这两位小玛达将会获得【爱玛随机周边×1】，请5天内私信爱玛酱领奖哟~[鼓掌] 以后也请继续单推我无敌可爱美少女爱玛酱呀嘿嘿！(●´З｀●)')
2026-03-09 17:43:46,070|line:587| ('at: ', '爱玛电动车官方账号', '')
2026-03-09 17:43:46,070|line:587| ('at: ', '海露滴眼液', '互动榜出炉啦')
2026-03-09 17:43:46,070|line:587| ('at: ', '和蔼可亲桃白白', '\u200b//@九号公司:\u200b恭喜@小小Shaun 中奖！后续记得查收私信哟～\u200b//@九号公司:#互动抽奖# 谢谢粒粒的复工礼！小九也来加个码~关注【@微粒贷+@九号公司 】并转发该动态，抽一位小可爱获得【100元京东卡】~ #供电局福利社# 10月31日抽出！')
2026-03-09 17:43:46,070|line:587| ('at: ', '望大家身体健康快乐', '\u200b//@九号公司:\u200b恭喜@小小Shaun 中奖！后续记得查收私信哟～\u200b//@九号公司 :#互动抽奖# 谢谢粒粒的复工礼！小九也来加个码~关注【@微粒贷+@九号公司 】并转发该动态，抽一位小可爱获得【100元京东卡】~ #供电局福利社# 10月31日抽出！')
2026-03-09 17:43:46,070|line:587| ('at: ', 'MoMA_Reona', '//@九号公司:\u200b恭喜@小小Shaun 中奖！后续记得查收私信哟～\u200b//@九号公司:#互动抽奖# 谢谢粒粒的复工礼！小九也来加个码~关注【@微粒贷+@九号公司 】并转发该动态，抽一位小可爱获得【100元京东卡】~ #供电局福利社# 10月31日抽出！')
2026-03-09 17:43:46,070|line:587| ('at: ', '摸鱼二队', '\u200b//@九号公司:\u200b恭喜@小小Shaun 中奖！后续记得查收私信哟～\u200b//@九号公司 :#互动抽奖# 谢谢粒粒的复工礼！小九也来加个码~关注【@微粒贷+@九号公司 】并转发该动态，抽一位小可爱获得【100元京东卡】~ #供电局福利社# 10月31日抽出！')
2026-03-09 17:43:46,070|line:587| ('at: ', '文少嘅一些事一些情', '\u200b//@九号公司:\u200b恭喜@小小Shaun 中奖！后续记得查收私信哟～\u200b//@九号公司 :#互动抽奖# 谢谢粒粒的复工礼！小九也来加个码~关注【@微粒贷+@九号公司 】并转发该动态，抽一位小可爱获得【100元京东卡】~ #供电局福利社# 10月31日抽出！')
2026-03-09 17:43:46,071|line:587| ('at: ', 'Carry队友的嘟嘟酱丶', '\u200b//@九号公司:\u200b恭喜@小小Shaun 中奖！后续记得查收私信哟～\u200b//@九号公司 :#互动抽奖# 谢谢粒粒的复工礼！小九也来加个码~关注【@微粒贷+@九号公司 】并转发该动态，抽一位小可爱获得【100元京东卡】~ #供电局福利社# 10月31日抽出！')
2026-03-09 17:43:46,071|line:587| ('at: ', '蛤蟆zero', '//@九号公司:\u200b恭喜@小小Shaun 中奖！后续记得查收私信哟～\u200b//@九号公司:#互动抽奖# 谢谢粒粒的复工礼！小九也来加个码~关注【@微粒贷+@九号公司 】并转发该动态，抽一位小可爱获得【100元京东卡】~ #供电局福利社# 10月31日抽出！c冲冲冲')
2026-03-09 17:43:46,071|line:587| ('at: ', '木而各子要吃笃栗子', '\u200b//@九号公司:\u200b恭喜@小小Shaun 中奖！后续记得查收私信哟～\u200b//@九号公司 :#互动抽奖# 谢谢粒粒的复工礼！小九也来加个码~关注【@微粒贷+@九号公司 】并转发该动态，抽一位小可爱获得【100元京东卡】~ #供电局福利社# 10月31日抽出！')
2026-03-09 17:43:46,071|line:587| ('at: ', '裙下愚臣情默默', '\u200b//@九号公司:\u200b恭喜@小小Shaun 中奖！后续记得查收私信哟～\u200b//@九号公司 :#互动抽奖# 谢谢粒粒的复工礼！小九也来加个码~关注【@微粒贷+@九号公司 】并转发该动态，抽一位小可爱获得【100元京东卡】~ #供电局福利社# 10月31日抽出！')
2026-03-09 17:43:46,071|line:587| ('at: ', '戊子毕宿', '')
