2026-02-08 16:43:57,062|line:232| processing article 45479438
2026-02-08 16:44:00,551|line:507| ==================================================2026-02-09 00:44==================================================
2026-02-08 16:44:00,552|line:519| https://t.bilibili.com/1160274570270212096
2026-02-08 16:44:00,552|line:521| 已有
2026-02-08 16:44:00,552|line:519| https://t.bilibili.com/1166904548060561425
2026-02-08 16:44:03,040|line:526| 官方 或 预约 OUT！
2026-02-08 16:44:03,040|line:519| https://t.bilibili.com/1166877333033844739
2026-02-08 16:44:04,390|line:341| =========此为源动态=========
2026-02-08 16:44:08,928|line:362| *********子动态开始*********
2026-02-08 16:44:08,928|line:381| *********子动态结束*********
2026-02-08 16:44:08,929|line:537| -=-=-=-=处理回最初的动态-=-=-=-=
2026-02-08 16:44:20,121|line:475| 转发成功 1167074293736013844
2026-02-08 16:44:23,596|line:494| 评论发送成功
2026-02-08 16:44:29,796|line:424| 471130755 === 已经关注了
2026-02-08 16:44:33,157|line:503| 动态-点赞 OK
2026-02-08 16:44:35,157|line:519| https://t.bilibili.com/1166905548816252931
2026-02-08 16:44:39,516|line:526| 官方 或 预约 OUT！
2026-02-08 16:44:39,517|line:519| https://t.bilibili.com/1166664850213961780
2026-02-08 16:44:41,905|line:341| =========此为源动态=========
2026-02-08 16:44:46,561|line:362| *********子动态开始*********
2026-02-08 16:44:46,561|line:381| *********子动态结束*********
2026-02-08 16:44:46,562|line:537| -=-=-=-=处理回最初的动态-=-=-=-=
2026-02-08 16:44:53,902|line:475| 转发成功 1167074439774339109
2026-02-08 16:44:57,307|line:494| 评论发送成功
2026-02-08 16:44:58,890|line:424| 100680137 === 已经关注了
2026-02-08 16:45:02,261|line:503| 动态-点赞 OK
2026-02-08 16:45:05,262|line:519| https://t.bilibili.com/1164691338544807945
2026-02-08 16:45:08,816|line:526| 官方 或 预约 OUT！
2026-02-08 16:45:08,817|line:519| https://t.bilibili.com/1166877333012873236
2026-02-08 16:45:12,306|line:526| 官方 或 预约 OUT！
2026-02-08 16:45:12,306|line:519| https://t.bilibili.com/1156976065461092357
2026-02-08 16:45:16,683|line:526| 官方 或 预约 OUT！
2026-02-08 16:45:16,683|line:519| https://t.bilibili.com/1167013726153342996
2026-02-08 16:45:20,041|line:341| =========此为源动态=========
2026-02-08 16:45:21,597|line:362| *********子动态开始*********
2026-02-08 16:45:21,597|line:381| *********子动态结束*********
2026-02-08 16:45:21,597|line:537| -=-=-=-=处理回最初的动态-=-=-=-=
2026-02-08 16:45:30,810|line:475| 转发成功 1167074598686031879
2026-02-08 16:45:34,286|line:494| 评论发送成功
2026-02-08 16:45:38,824|line:424| 1306125969 === 已经关注了
2026-02-08 16:45:42,194|line:503| 动态-点赞 OK
2026-02-08 16:45:43,194|line:519| https://t.bilibili.com/1166873924974149655
2026-02-08 16:45:44,721|line:526| 官方 或 预约 OUT！
2026-02-08 16:45:44,721|line:519| https://t.bilibili.com/1166709728354500612
2026-02-08 16:45:49,229|line:341| =========此为源动态=========
2026-02-08 16:45:53,811|line:362| *********子动态开始*********
2026-02-08 16:45:53,811|line:381| *********子动态结束*********
2026-02-08 16:45:53,812|line:537| -=-=-=-=处理回最初的动态-=-=-=-=
2026-02-08 16:46:05,121|line:475| 转发成功 1167074744702337026
2026-02-08 16:46:08,596|line:494| 评论发送成功
2026-02-08 16:46:12,043|line:424| 100680137 === 已经关注了
2026-02-08 16:46:15,422|line:503| 动态-点赞 OK
2026-02-08 16:46:18,422|line:519| https://t.bilibili.com/1166938452548124688
2026-02-08 16:46:22,003|line:341| =========此为源动态=========
2026-02-08 16:46:25,388|line:362| *********子动态开始*********
2026-02-08 16:46:25,389|line:381| *********子动态结束*********
2026-02-08 16:46:25,389|line:537| -=-=-=-=处理回最初的动态-=-=-=-=
2026-02-08 16:46:34,717|line:475| 转发成功 1167074873591201813
2026-02-08 16:46:38,190|line:494| 评论发送成功
2026-02-08 16:46:45,219|line:436| 关注 ==== 298590209 0
2026-02-08 16:46:48,552|line:503| 动态-点赞 OK
2026-02-08 16:46:49,553|line:519| https://t.bilibili.com/1166890486349168646
2026-02-08 16:46:51,864|line:526| 官方 或 预约 OUT！
2026-02-08 16:46:51,865|line:519| https://t.bilibili.com/1159170944059572231
2026-02-08 16:46:56,260|line:526| 官方 或 预约 OUT！
2026-02-08 16:46:56,261|line:519| https://t.bilibili.com/1160695296654573584
2026-02-08 16:46:59,620|line:526| 官方 或 预约 OUT！
2026-02-08 16:46:59,620|line:519| https://t.bilibili.com/1166938512644112386
2026-02-08 16:47:01,997|line:341| =========此为源动态=========
2026-02-08 16:47:06,408|line:362| *********子动态开始*********
2026-02-08 16:47:06,409|line:381| *********子动态结束*********
2026-02-08 16:47:06,409|line:537| -=-=-=-=处理回最初的动态-=-=-=-=
2026-02-08 16:47:16,102|line:475| 转发成功 1167075049684860932
2026-02-08 16:47:19,510|line:494| 评论发送成功
2026-02-08 16:47:25,383|line:436| 关注 ==== 1926325439 0
2026-02-08 16:47:28,762|line:503| 动态-点赞 OK
2026-02-08 16:47:31,762|line:519| https://t.bilibili.com/1166998247036682249
2026-02-08 16:47:33,202|line:341| =========此为源动态=========
2026-02-08 16:47:37,772|line:362| *********子动态开始*********
2026-02-08 16:47:37,772|line:381| *********子动态结束*********
2026-02-08 16:47:37,772|line:537| -=-=-=-=处理回最初的动态-=-=-=-=
2026-02-08 16:47:48,069|line:475| 转发成功 1167075187136397313
2026-02-08 16:47:51,482|line:494| 评论发送成功
2026-02-08 16:47:54,913|line:424| 200504782 === 已经关注了
2026-02-08 16:47:58,283|line:503| 动态-点赞 OK
2026-02-08 16:47:59,283|line:519| https://t.bilibili.com/1166931687963099177
2026-02-08 16:48:01,604|line:526| 官方 或 预约 OUT！
2026-02-08 16:48:01,604|line:519| https://t.bilibili.com/1166964024795987974
2026-02-08 16:48:03,964|line:341| =========此为源动态=========
2026-02-08 16:48:07,520|line:362| *********子动态开始*********
2026-02-08 16:48:07,520|line:381| *********子动态结束*********
2026-02-08 16:48:07,520|line:537| -=-=-=-=处理回最初的动态-=-=-=-=
2026-02-08 16:48:17,765|line:475| 转发成功 1167075315975979032
2026-02-08 16:48:21,236|line:494| 评论发送成功
2026-02-08 16:48:23,662|line:424| 3546671927527558 === 已经关注了
2026-02-08 16:48:27,050|line:503| 动态-点赞 OK
2026-02-08 16:48:28,051|line:519| https://t.bilibili.com/1166928428050415619
2026-02-08 16:48:29,360|line:341| =========此为源动态=========
2026-02-08 16:48:32,085|line:362| *********子动态开始*********
2026-02-08 16:48:32,085|line:381| *********子动态结束*********
2026-02-08 16:48:32,086|line:537| -=-=-=-=处理回最初的动态-=-=-=-=
2026-02-08 16:48:40,420|line:475| 转发成功 1167075414774906904
2026-02-08 16:48:43,889|line:494| 评论发送成功
2026-02-08 16:48:47,312|line:424| 1323620 === 已经关注了
2026-02-08 16:48:50,711|line:503| 动态-点赞 OK
2026-02-08 16:48:54,711|line:519| https://t.bilibili.com/1166927633513971718
2026-02-08 16:48:58,136|line:526| 官方 或 预约 OUT！
2026-02-08 16:48:58,136|line:519| https://t.bilibili.com/1166498355847626753
2026-02-08 16:49:01,550|line:341| =========此为源动态=========
2026-02-08 16:49:03,097|line:362| *********子动态开始*********
2026-02-08 16:49:03,097|line:381| *********子动态结束*********
2026-02-08 16:49:03,098|line:537| -=-=-=-=处理回最初的动态-=-=-=-=
2026-02-08 16:49:12,442|line:475| 转发成功 1167075552217006084
2026-02-08 16:49:15,878|line:494| 评论发送成功
2026-02-08 16:49:17,282|line:424| 3546573648693548 === 已经关注了
2026-02-08 16:49:20,647|line:503| 动态-点赞 OK
2026-02-08 16:49:23,648|line:519| https://t.bilibili.com/1158766847743492101
2026-02-08 16:49:23,648|line:521| 已有
2026-02-08 16:49:23,648|line:519| https://t.bilibili.com/1165371326325587984
2026-02-08 16:49:28,196|line:341| =========此为源动态=========
2026-02-08 16:49:29,805|line:362| *********子动态开始*********
2026-02-08 16:49:29,805|line:381| *********子动态结束*********
2026-02-08 16:49:29,806|line:537| -=-=-=-=处理回最初的动态-=-=-=-=
2026-02-08 16:49:40,076|line:475| 转发成功 1167075668146520072
2026-02-08 16:49:43,506|line:494| 评论发送成功
2026-02-08 16:49:47,930|line:424| 1489578702 === 已经关注了
2026-02-08 16:49:51,457|line:503| 动态-点赞 OK
2026-02-08 16:49:55,457|line:519| https://t.bilibili.com/1166859541076246544
2026-02-08 16:49:58,805|line:336| =========此为子动态=========
2026-02-08 16:50:00,263|line:387| *************原动态处理开始***************
2026-02-08 16:50:08,138|line:475| 转发成功 1167075788440207394
2026-02-08 16:50:11,827|line:494| 评论发送成功
2026-02-08 16:50:14,241|line:424| 112025951 === 已经关注了
2026-02-08 16:50:17,588|line:503| 动态-点赞 OK
2026-02-08 16:50:17,588|line:396| *************原动态处理完成***************
2026-02-08 16:50:21,162|line:362| *********子动态开始*********
2026-02-08 16:50:29,551|line:475| 转发成功 1167075882870767620
2026-02-08 16:50:33,004|line:494| 评论发送成功
2026-02-08 16:50:38,751|line:424| 396808737 === 已经关注了
2026-02-08 16:50:38,751|line:376| ----完成一个子动态----
2026-02-08 16:50:38,752|line:381| *********子动态结束*********
2026-02-08 16:50:40,752|line:519| https://t.bilibili.com/1166926933441642504
2026-02-08 16:50:45,149|line:526| 官方 或 预约 OUT！
2026-02-08 16:50:45,149|line:519| https://t.bilibili.com/1166958505723166760
2026-02-08 16:50:46,507|line:526| 官方 或 预约 OUT！
2026-02-08 16:50:46,508|line:519| https://t.bilibili.com/1166930962135646214
2026-02-08 16:50:47,855|line:341| =========此为源动态=========
2026-02-08 16:50:50,427|line:362| *********子动态开始*********
2026-02-08 16:50:50,427|line:381| *********子动态结束*********
2026-02-08 16:50:50,428|line:537| -=-=-=-=处理回最初的动态-=-=-=-=
2026-02-08 16:50:56,730|line:475| 转发成功 1167075998843273234
2026-02-08 16:51:00,109|line:494| 评论发送成功
2026-02-08 16:51:01,494|line:424| 17236262 === 已经关注了
2026-02-08 16:51:04,879|line:503| 动态-点赞 OK
2026-02-08 16:51:08,880|line:519| https://t.bilibili.com/1166938469707022339
2026-02-08 16:51:13,238|line:341| =========此为源动态=========
2026-02-08 16:51:16,769|line:362| *********子动态开始*********
2026-02-08 16:51:16,770|line:381| *********子动态结束*********
2026-02-08 16:51:16,770|line:537| -=-=-=-=处理回最初的动态-=-=-=-=
2026-02-08 16:51:26,921|line:475| 转发成功 1167076127692292120
2026-02-08 16:51:30,322|line:494| 评论发送成功
2026-02-08 16:51:38,265|line:436| 关注 ==== 3493261297584674 0
2026-02-08 16:51:41,645|line:503| 动态-点赞 OK
2026-02-08 16:51:44,645|line:519| https://t.bilibili.com/1166959897294667784
2026-02-08 16:51:46,960|line:526| 官方 或 预约 OUT！
2026-02-08 16:51:46,960|line:519| https://t.bilibili.com/1166673676388532228
2026-02-08 16:51:48,298|line:526| 官方 或 预约 OUT！
2026-02-08 16:51:48,298|line:519| https://t.bilibili.com/1166676833172717602
2026-02-08 16:51:51,624|line:526| 官方 或 预约 OUT！
2026-02-08 16:51:51,624|line:519| https://t.bilibili.com/1166697607921139716
2026-02-08 16:51:53,957|line:526| 官方 或 预约 OUT！
2026-02-08 16:51:53,957|line:519| https://t.bilibili.com/1167015280940941317
2026-02-08 16:51:56,336|line:341| =========此为源动态=========
2026-02-08 16:51:58,876|line:362| *********子动态开始*********
2026-02-08 16:51:58,876|line:381| *********子动态结束*********
2026-02-08 16:51:58,876|line:537| -=-=-=-=处理回最初的动态-=-=-=-=
2026-02-08 16:52:05,211|line:475| 转发成功 1167076295211745289
2026-02-08 16:52:08,666|line:494| 评论发送成功
2026-02-08 16:52:10,047|line:424| 635675 === 已经关注了
2026-02-08 16:52:13,431|line:503| 动态-点赞 OK
2026-02-08 16:52:15,431|line:519| https://t.bilibili.com/1166938632950382599
2026-02-08 16:52:18,775|line:341| =========此为源动态=========
2026-02-08 16:52:23,348|line:362| *********子动态开始*********
2026-02-08 16:52:23,348|line:381| *********子动态结束*********
2026-02-08 16:52:23,349|line:537| -=-=-=-=处理回最初的动态-=-=-=-=
2026-02-08 16:52:32,779|line:475| 转发成功 1167076411148599301
2026-02-08 16:52:36,140|line:494| 评论发送成功
2026-02-08 16:52:39,582|line:424| 100680137 === 已经关注了
2026-02-08 16:52:42,915|line:503| 动态-点赞 OK
2026-02-08 16:52:46,915|line:519| https://t.bilibili.com/1166937503376080905
2026-02-08 16:52:51,269|line:341| =========此为源动态=========
2026-02-08 16:52:53,824|line:362| *********子动态开始*********
2026-02-08 16:52:53,824|line:381| *********子动态结束*********
2026-02-08 16:52:53,824|line:537| -=-=-=-=处理回最初的动态-=-=-=-=
2026-02-08 16:53:05,446|line:475| 转发成功 1167076552937046023
2026-02-08 16:53:08,878|line:494| 评论发送成功
2026-02-08 16:53:13,322|line:424| 100680137 === 已经关注了
2026-02-08 16:53:16,704|line:503| 动态-点赞 OK
2026-02-08 16:53:18,704|line:519| https://t.bilibili.com/1164332936379498499
2026-02-08 16:53:21,043|line:526| 官方 或 预约 OUT！
2026-02-08 16:53:21,043|line:519| https://t.bilibili.com/1166993084527935526
2026-02-08 16:53:25,351|line:526| 官方 或 预约 OUT！
2026-02-08 16:53:25,351|line:519| https://t.bilibili.com/1166962465669382150
2026-02-08 16:53:29,778|line:526| 官方 或 预约 OUT！
2026-02-08 16:53:29,779|line:519| https://t.bilibili.com/1166877332993998880
2026-02-08 16:53:33,083|line:341| =========此为源动态=========
2026-02-08 16:53:37,674|line:362| *********子动态开始*********
2026-02-08 16:53:37,674|line:381| *********子动态结束*********
2026-02-08 16:53:37,675|line:537| -=-=-=-=处理回最初的动态-=-=-=-=
2026-02-08 16:53:46,931|line:475| 转发成功 1167076728986664984
2026-02-08 16:53:50,327|line:494| 评论发送成功
2026-02-08 16:53:54,735|line:424| 238623328 === 已经关注了
2026-02-08 16:53:58,070|line:503| 动态-点赞 OK
2026-02-08 16:54:01,071|line:519| https://t.bilibili.com/1166877332993998887
2026-02-08 16:54:04,454|line:341| =========此为源动态=========
2026-02-08 16:54:06,875|line:362| *********子动态开始*********
2026-02-08 16:54:06,875|line:381| *********子动态结束*********
2026-02-08 16:54:06,875|line:537| -=-=-=-=处理回最初的动态-=-=-=-=
2026-02-08 16:54:18,198|line:475| 转发成功 1167076862164205568
2026-02-08 16:54:21,653|line:494| 评论发送成功
2026-02-08 16:54:24,100|line:424| 25876049 === 已经关注了
2026-02-08 16:54:27,431|line:503| 动态-点赞 OK
2026-02-08 16:54:30,431|line:552| 执行结束
2026-02-08 16:54:30,432|line:558| ==================================================2026-02-09 00:54==================================================
2026-02-08 16:54:30,432|line:232| processing article 45472459
2026-02-08 16:54:36,025|line:507| ==================================================2026-02-09 00:54==================================================
2026-02-08 16:54:36,026|line:519| https://t.bilibili.com/1133939522985263140
2026-02-08 16:54:38,385|line:526| 官方 或 预约 OUT！
2026-02-08 16:54:38,385|line:519| https://t.bilibili.com/1160274570270212096
2026-02-08 16:54:38,385|line:521| 已有
2026-02-08 16:54:38,385|line:519| https://t.bilibili.com/1163663514186809368
2026-02-08 16:54:42,745|line:526| 官方 或 预约 OUT！
2026-02-08 16:54:42,746|line:519| https://t.bilibili.com/1157650710320381960
2026-02-08 16:54:44,107|line:526| 官方 或 预约 OUT！
2026-02-08 16:54:44,108|line:519| https://t.bilibili.com/1165742793738420231
2026-02-08 16:54:45,427|line:526| 官方 或 预约 OUT！
2026-02-08 16:54:45,427|line:519| https://t.bilibili.com/1165473426332188676
2026-02-08 16:54:48,789|line:526| 官方 或 预约 OUT！
2026-02-08 16:54:48,789|line:519| https://t.bilibili.com/1164691338544807945
2026-02-08 16:54:53,143|line:526| 官方 或 预约 OUT！
2026-02-08 16:54:53,143|line:519| https://t.bilibili.com/1140222403068035077
2026-02-08 16:54:56,508|line:526| 官方 或 预约 OUT！
2026-02-08 16:54:56,508|line:519| https://t.bilibili.com/1156976065461092357
2026-02-08 16:54:58,879|line:526| 官方 或 预约 OUT！
2026-02-08 16:54:58,879|line:519| https://t.bilibili.com/1152729751520018466
2026-02-08 16:55:02,227|line:526| 官方 或 预约 OUT！
2026-02-08 16:55:02,227|line:519| https://t.bilibili.com/1160289735812317207
2026-02-08 16:55:04,624|line:526| 官方 或 预约 OUT！
2026-02-08 16:55:04,624|line:519| https://t.bilibili.com/1160695296654573584
2026-02-08 16:55:08,002|line:526| 官方 或 预约 OUT！
2026-02-08 16:55:08,002|line:519| https://t.bilibili.com/1159170944059572231
2026-02-08 16:55:10,356|line:526| 官方 或 预约 OUT！
2026-02-08 16:55:10,356|line:519| https://t.bilibili.com/1158766847743492101
2026-02-08 16:55:10,356|line:521| 已有
2026-02-08 16:55:10,356|line:519| https://t.bilibili.com/1160297406615519236
2026-02-08 16:55:13,716|line:526| 官方 或 预约 OUT！
2026-02-08 16:55:13,716|line:519| https://t.bilibili.com/1160928698048708632
2026-02-08 16:55:15,024|line:526| 官方 或 预约 OUT！
2026-02-08 16:55:15,025|line:519| https://t.bilibili.com/1166599510924722214
2026-02-08 16:55:16,328|line:526| 官方 或 预约 OUT！
2026-02-08 16:55:16,329|line:519| https://t.bilibili.com/1140194425638486025
2026-02-08 16:55:17,668|line:526| 官方 或 预约 OUT！
2026-02-08 16:55:17,668|line:519| https://t.bilibili.com/1166127493969608712
2026-02-08 16:55:21,976|line:526| 官方 或 预约 OUT！
2026-02-08 16:55:21,976|line:519| https://t.bilibili.com/1166276082670764041
2026-02-08 16:55:25,285|line:526| 官方 或 预约 OUT！
2026-02-08 16:55:25,285|line:519| https://t.bilibili.com/1164028612222910486
2026-02-08 16:55:27,591|line:526| 官方 或 预约 OUT！
2026-02-08 16:55:27,591|line:519| https://t.bilibili.com/1164790152812298243
2026-02-08 16:55:29,928|line:526| 官方 或 预约 OUT！
2026-02-08 16:55:29,928|line:519| https://t.bilibili.com/1164332936379498499
2026-02-08 16:55:33,468|line:526| 官方 或 预约 OUT！
2026-02-08 16:55:33,468|line:519| https://t.bilibili.com/1164309168037822470
2026-02-08 16:55:34,782|line:526| 官方 或 预约 OUT！
2026-02-08 16:55:34,783|line:519| https://t.bilibili.com/1162506986896490499
2026-02-08 16:55:36,127|line:526| 官方 或 预约 OUT！
2026-02-08 16:55:36,128|line:552| 执行结束
2026-02-08 16:55:36,128|line:558| ==================================================2026-02-09 00:55==================================================
2026-02-08 16:55:36,128|line:232| processing article 45472334
2026-02-08 16:55:39,576|line:507| ==================================================2026-02-09 00:55==================================================
2026-02-08 16:55:39,577|line:519| https://t.bilibili.com/1166182744445681666
2026-02-08 16:55:41,938|line:341| =========此为源动态=========
2026-02-08 16:55:43,500|line:362| *********子动态开始*********
2026-02-08 16:55:43,500|line:381| *********子动态结束*********
2026-02-08 16:55:43,500|line:537| -=-=-=-=处理回最初的动态-=-=-=-=
2026-02-08 16:55:53,850|line:475| 转发成功 1167077274453803015
2026-02-08 16:55:57,260|line:494| 评论发送成功
2026-02-08 16:55:58,700|line:424| 100680137 === 已经关注了
2026-02-08 16:56:02,070|line:503| 动态-点赞 OK
2026-02-08 16:56:05,070|line:519| https://t.bilibili.com/1166555874038120482
2026-02-08 16:56:09,439|line:341| =========此为源动态=========
2026-02-08 16:56:14,010|line:362| *********子动态开始*********
2026-02-08 16:56:14,010|line:381| *********子动态结束*********
2026-02-08 16:56:14,010|line:537| -=-=-=-=处理回最初的动态-=-=-=-=
2026-02-08 16:56:22,270|line:475| 转发成功 1167077399030923265
2026-02-08 16:56:25,721|line:494| 评论发送成功
2026-02-08 16:56:30,159|line:424| 100680137 === 已经关注了
2026-02-08 16:56:33,539|line:503| 动态-点赞 OK
2026-02-08 16:56:34,540|line:519| https://t.bilibili.com/1160274570270212096
2026-02-08 16:56:34,540|line:521| 已有
2026-02-08 16:56:34,540|line:519| https://t.bilibili.com/1166877395289899140
2026-02-08 16:56:36,878|line:526| 官方 或 预约 OUT！
2026-02-08 16:56:36,878|line:519| https://t.bilibili.com/1164691338544807945
2026-02-08 16:56:41,236|line:526| 官方 或 预约 OUT！
2026-02-08 16:56:41,236|line:519| https://t.bilibili.com/1166166097181802568
2026-02-08 16:56:44,596|line:526| 官方 或 预约 OUT！
2026-02-08 16:56:44,597|line:519| https://t.bilibili.com/1156976065461092357
2026-02-08 16:56:48,954|line:526| 官方 或 预约 OUT！
2026-02-08 16:56:48,954|line:519| https://t.bilibili.com/1165749214761713685
2026-02-08 16:56:50,315|line:526| 官方 或 预约 OUT！
2026-02-08 16:56:50,316|line:519| https://t.bilibili.com/1166490831013544037
2026-02-08 16:56:52,686|line:526| 官方 或 预约 OUT！
2026-02-08 16:56:52,686|line:519| https://t.bilibili.com/1166613791676301331
2026-02-08 16:56:54,032|line:526| 官方 或 预约 OUT！
2026-02-08 16:56:54,033|line:519| https://t.bilibili.com/1166266646615031812
2026-02-08 16:56:57,378|line:526| 官方 或 预约 OUT！
2026-02-08 16:56:57,379|line:519| https://t.bilibili.com/1159170944059572231
2026-02-08 16:57:01,737|line:526| 官方 或 预约 OUT！
2026-02-08 16:57:01,737|line:519| https://t.bilibili.com/1160695296654573584
2026-02-08 16:57:04,093|line:526| 官方 或 预约 OUT！
2026-02-08 16:57:04,094|line:519| https://t.bilibili.com/1166120342844866584
2026-02-08 16:57:05,432|line:526| 官方 或 预约 OUT！
2026-02-08 16:57:05,433|line:519| https://t.bilibili.com/1166529468560310275
2026-02-08 16:57:09,785|line:526| 官方 或 预约 OUT！
2026-02-08 16:57:09,785|line:519| https://t.bilibili.com/1166127468229165058
2026-02-08 16:57:14,098|line:526| 官方 或 预约 OUT！
2026-02-08 16:57:14,098|line:519| https://t.bilibili.com/1165819119656763394
2026-02-08 16:57:14,098|line:521| 已有
2026-02-08 16:57:14,099|line:519| https://t.bilibili.com/1158056627666944002
2026-02-08 16:57:16,457|line:526| 官方 或 预约 OUT！
2026-02-08 16:57:16,457|line:519| https://t.bilibili.com/1163646007916888067
2026-02-08 16:57:19,793|line:526| 官方 或 预约 OUT！
2026-02-08 16:57:19,794|line:519| https://t.bilibili.com/1158766847743492101
2026-02-08 16:57:19,794|line:521| 已有
2026-02-08 16:57:19,794|line:519| https://t.bilibili.com/1165455537744117778
2026-02-08 16:57:19,794|line:521| 已有
2026-02-08 16:57:19,794|line:519| https://t.bilibili.com/1166588983927373829
2026-02-08 16:57:21,148|line:526| 官方 或 预约 OUT！
2026-02-08 16:57:21,148|line:519| https://t.bilibili.com/1166181554765955078
2026-02-08 16:57:25,508|line:526| 官方 或 预约 OUT！
2026-02-08 16:57:25,508|line:519| https://t.bilibili.com/1166599510924722214
2026-02-08 16:57:28,880|line:526| 官方 或 预约 OUT！
2026-02-08 16:57:28,880|line:519| https://t.bilibili.com/1163630412872810501
2026-02-08 16:57:31,189|line:526| 官方 或 预约 OUT！
2026-02-08 16:57:31,189|line:519| https://t.bilibili.com/1164016912678518832
2026-02-08 16:57:34,527|line:526| 官方 或 预约 OUT！
2026-02-08 16:57:34,527|line:519| https://t.bilibili.com/1166877348004364384
2026-02-08 16:57:38,836|line:526| 官方 或 预约 OUT！
2026-02-08 16:57:38,836|line:519| https://t.bilibili.com/1166228034907275287
2026-02-08 16:57:40,196|line:526| 官方 或 预约 OUT！
2026-02-08 16:57:40,197|line:519| https://t.bilibili.com/1166599098576404520
2026-02-08 16:57:43,507|line:526| 官方 或 预约 OUT！
2026-02-08 16:57:43,507|line:519| https://t.bilibili.com/1163522175446024216
2026-02-08 16:57:45,866|line:526| 官方 或 预约 OUT！
2026-02-08 16:57:45,867|line:519| https://t.bilibili.com/1163653446806536215
2026-02-08 16:57:49,271|line:526| 官方 或 预约 OUT！
2026-02-08 16:57:49,272|line:519| https://t.bilibili.com/1166135272201519171
2026-02-08 16:57:52,633|line:526| 官方 或 预约 OUT！
2026-02-08 16:57:52,633|line:519| https://t.bilibili.com/1166521759085625353
2026-02-08 16:57:54,054|line:526| 官方 或 预约 OUT！
2026-02-08 16:57:54,054|line:519| https://t.bilibili.com/1166506370218852390
2026-02-08 16:57:58,392|line:526| 官方 或 预约 OUT！
2026-02-08 16:57:58,392|line:519| https://t.bilibili.com/1166135852012666913
2026-02-08 16:58:01,753|line:526| 官方 或 预约 OUT！
2026-02-08 16:58:01,754|line:519| https://t.bilibili.com/1166276082670764041
2026-02-08 16:58:06,115|line:526| 官方 或 预约 OUT！
2026-02-08 16:58:06,115|line:519| https://t.bilibili.com/1164028612222910486
2026-02-08 16:58:10,501|line:526| 官方 或 预约 OUT！
2026-02-08 16:58:10,501|line:519| https://t.bilibili.com/1165485770033594487
2026-02-08 16:58:15,028|line:526| 官方 或 预约 OUT！
2026-02-08 16:58:15,028|line:519| https://t.bilibili.com/1166529511546683394
2026-02-08 16:58:19,395|line:526| 官方 或 预约 OUT！
2026-02-08 16:58:19,395|line:519| https://t.bilibili.com/1164332936379498499
2026-02-08 16:58:23,754|line:526| 官方 或 预约 OUT！
2026-02-08 16:58:23,754|line:519| https://t.bilibili.com/1166135830535733271
2026-02-08 16:58:28,063|line:526| 官方 或 预约 OUT！
2026-02-08 16:58:28,063|line:519| https://t.bilibili.com/1166135461139185671
2026-02-08 16:58:30,429|line:526| 官方 或 预约 OUT！
2026-02-08 16:58:30,429|line:519| https://t.bilibili.com/1163644543345623080
2026-02-08 16:58:34,957|line:526| 官方 或 预约 OUT！
2026-02-08 16:58:34,957|line:552| 执行结束
2026-02-08 16:58:34,957|line:558| ==================================================2026-02-09 00:58==================================================
2026-02-08 16:58:34,957|line:232| processing article 45441496
2026-02-08 16:58:40,296|line:507| ==================================================2026-02-09 00:58==================================================
2026-02-08 16:58:40,296|line:519| https://t.bilibili.com/1160274570270212096
2026-02-08 16:58:40,296|line:521| 已有
2026-02-08 16:58:40,296|line:519| https://t.bilibili.com/1165489029920063513
2026-02-08 16:58:40,297|line:521| 已有
2026-02-08 16:58:40,297|line:519| https://t.bilibili.com/1162018992681910276
2026-02-08 16:58:44,725|line:341| =========此为源动态=========
2026-02-08 16:58:49,098|line:362| *********子动态开始*********
2026-02-08 16:58:49,098|line:381| *********子动态结束*********
2026-02-08 16:58:49,098|line:537| -=-=-=-=处理回最初的动态-=-=-=-=
2026-02-08 16:59:00,469|line:475| 转发成功 1167078077648338951
2026-02-08 16:59:03,951|line:494| 评论发送成功
2026-02-08 16:59:06,389|line:424| 3546923738860114 === 已经关注了
2026-02-08 16:59:09,719|line:503| 动态-点赞 OK
2026-02-08 16:59:12,720|line:519| https://t.bilibili.com/1157375578998833160
2026-02-08 16:59:15,199|line:526| 官方 或 预约 OUT！
2026-02-08 16:59:15,199|line:519| https://t.bilibili.com/1164691338544807945
2026-02-08 16:59:16,507|line:526| 官方 或 预约 OUT！
2026-02-08 16:59:16,507|line:519| https://t.bilibili.com/1156976065461092357
2026-02-08 16:59:21,012|line:526| 官方 或 预约 OUT！
2026-02-08 16:59:21,012|line:519| https://t.bilibili.com/1162817508725489664
2026-02-08 16:59:21,012|line:521| 已有
2026-02-08 16:59:21,012|line:519| https://t.bilibili.com/1157372140877512720
2026-02-08 16:59:22,363|line:341| =========此为源动态=========
2026-02-08 16:59:25,080|line:362| *********子动态开始*********
2026-02-08 16:59:25,081|line:381| *********子动态结束*********
2026-02-08 16:59:25,081|line:537| -=-=-=-=处理回最初的动态-=-=-=-=
2026-02-08 16:59:34,354|line:475| 转发成功 1167078223638429699
2026-02-08 16:59:37,825|line:494| 评论发送成功
2026-02-08 16:59:39,197|line:424| 39279965 === 已经关注了
2026-02-08 16:59:42,589|line:503| 动态-点赞 OK
2026-02-08 16:59:44,590|line:519| https://t.bilibili.com/1158753889862811655
2026-02-08 16:59:47,949|line:526| 官方 或 预约 OUT！
2026-02-08 16:59:47,950|line:519| https://t.bilibili.com/1166339807125700609
2026-02-08 16:59:51,301|line:341| =========此为源动态=========
2026-02-08 16:59:54,851|line:362| *********子动态开始*********
2026-02-08 16:59:54,852|line:381| *********子动态结束*********
2026-02-08 16:59:54,852|line:537| -=-=-=-=处理回最初的动态-=-=-=-=
2026-02-08 17:00:04,193|line:475| 转发成功 1167078348194578469
2026-02-08 17:00:07,784|line:494| 评论发送成功
2026-02-08 17:00:09,222|line:424| 100680137 === 已经关注了
2026-02-08 17:00:12,612|line:503| 动态-点赞 OK
2026-02-08 17:00:15,612|line:519| https://t.bilibili.com/1159170944059572231
2026-02-08 17:00:20,032|line:526| 官方 或 预约 OUT！
2026-02-08 17:00:20,032|line:519| https://t.bilibili.com/1160695296654573584
2026-02-08 17:00:22,374|line:526| 官方 或 预约 OUT！
2026-02-08 17:00:22,375|line:519| https://t.bilibili.com/1165485763584851969
2026-02-08 17:00:22,375|line:521| 已有
2026-02-08 17:00:22,375|line:519| https://t.bilibili.com/1163580226219802628
2026-02-08 17:00:25,719|line:526| 官方 或 预约 OUT！
2026-02-08 17:00:25,719|line:519| https://t.bilibili.com/1159886361071714345
2026-02-08 17:00:28,073|line:341| =========此为源动态=========
2026-02-08 17:00:29,409|line:362| *********子动态开始*********
2026-02-08 17:00:29,409|line:381| *********子动态结束*********
2026-02-08 17:00:29,409|line:537| -=-=-=-=处理回最初的动态-=-=-=-=
2026-02-08 17:00:35,703|line:475| 转发成功 1167078485647163397
2026-02-08 17:00:39,164|line:494| 评论发送成功
2026-02-08 17:00:42,547|line:424| 270695025 === 已经关注了
2026-02-08 17:00:45,933|line:503| 动态-点赞 OK
2026-02-08 17:00:49,933|line:519| https://t.bilibili.com/1165381552640622600
2026-02-08 17:00:49,933|line:521| 已有
2026-02-08 17:00:49,934|line:519| https://t.bilibili.com/1158766847743492101
2026-02-08 17:00:49,934|line:521| 已有
2026-02-08 17:00:49,934|line:519| https://t.bilibili.com/1163159018781278208
2026-02-08 17:00:51,278|line:341| =========此为源动态=========
2026-02-08 17:00:54,836|line:362| *********子动态开始*********
2026-02-08 17:00:54,836|line:381| *********子动态结束*********
2026-02-08 17:00:54,836|line:537| -=-=-=-=处理回最初的动态-=-=-=-=
2026-02-08 17:01:01,029|line:475| 转发成功 1167078593003520002
2026-02-08 17:01:04,501|line:494| 评论发送成功
2026-02-08 17:01:06,885|line:424| 306455387 === 已经关注了
2026-02-08 17:01:10,276|line:503| 动态-点赞 OK
2026-02-08 17:01:14,276|line:519| https://t.bilibili.com/1165864579745447952
2026-02-08 17:01:18,624|line:341| =========此为源动态=========
2026-02-08 17:01:21,419|line:362| *********子动态开始*********
2026-02-08 17:01:21,420|line:381| *********子动态结束*********
2026-02-08 17:01:21,420|line:537| -=-=-=-=处理回最初的动态-=-=-=-=
2026-02-08 17:01:29,827|line:475| 转发成功 1167078717549182978
2026-02-08 17:01:33,283|line:494| 评论发送成功
2026-02-08 17:01:37,721|line:424| 1429723107 === 已经关注了
2026-02-08 17:01:41,055|line:503| 动态-点赞 OK
2026-02-08 17:01:42,055|line:519| https://t.bilibili.com/1166606700668518408
2026-02-08 17:01:46,414|line:526| 官方 或 预约 OUT！
2026-02-08 17:01:46,414|line:519| https://t.bilibili.com/1165799165213540407
2026-02-08 17:01:46,414|line:521| 已有
2026-02-08 17:01:46,414|line:519| https://t.bilibili.com/1165433633425588227
2026-02-08 17:01:49,742|line:341| =========此为源动态=========
2026-02-08 17:01:52,305|line:362| *********子动态开始*********
2026-02-08 17:01:52,306|line:381| *********子动态结束*********
2026-02-08 17:01:52,306|line:537| -=-=-=-=处理回最初的动态-=-=-=-=
2026-02-08 17:02:01,828|line:475| 转发成功 1167078855008059401
2026-02-08 17:02:05,239|line:494| 评论发送成功
2026-02-08 17:02:06,688|line:424| 228323941 === 已经关注了
2026-02-08 17:02:10,054|line:503| 动态-点赞 OK
2026-02-08 17:02:12,054|line:519| https://t.bilibili.com/1165606291146539008
2026-02-08 17:02:12,055|line:521| 已有
2026-02-08 17:02:12,055|line:519| https://t.bilibili.com/1166232647701102608
2026-02-08 17:02:16,435|line:526| 官方 或 预约 OUT！
2026-02-08 17:02:16,435|line:519| https://t.bilibili.com/1165749904078798857
2026-02-08 17:02:16,435|line:521| 已有
2026-02-08 17:02:16,436|line:519| https://t.bilibili.com/1163259252530216965
2026-02-08 17:02:18,751|line:341| =========此为源动态=========
2026-02-08 17:02:22,479|line:362| *********子动态开始*********
2026-02-08 17:02:22,479|line:381| *********子动态结束*********
2026-02-08 17:02:22,480|line:537| -=-=-=-=处理回最初的动态-=-=-=-=
2026-02-08 17:02:32,727|line:475| 转发成功 1167078988145754116
2026-02-08 17:02:36,175|line:494| 评论发送成功
2026-02-08 17:02:39,620|line:424| 1601764239 === 已经关注了
2026-02-08 17:02:42,977|line:503| 动态-点赞 OK
2026-02-08 17:02:45,977|line:519| https://t.bilibili.com/1165501483148378116
2026-02-08 17:02:45,977|line:521| 已有
2026-02-08 17:02:45,978|line:519| https://t.bilibili.com/1165952976612753440
2026-02-08 17:02:48,344|line:341| =========此为源动态=========
2026-02-08 17:02:51,485|line:362| *********子动态开始*********
2026-02-08 17:02:51,486|line:381| *********子动态结束*********
2026-02-08 17:02:51,486|line:537| -=-=-=-=处理回最初的动态-=-=-=-=
2026-02-08 17:03:01,822|line:475| 转发成功 1167079112705048585
2026-02-08 17:03:05,254|line:494| 评论发送成功
2026-02-08 17:03:08,692|line:424| 100680137 === 已经关注了
2026-02-08 17:03:12,070|line:503| 动态-点赞 OK
2026-02-08 17:03:15,070|line:519| https://t.bilibili.com/1166162330445152257
2026-02-08 17:03:16,415|line:341| =========此为源动态=========
2026-02-08 17:03:19,817|line:362| *********子动态开始*********
2026-02-08 17:03:19,818|line:381| *********子动态结束*********
2026-02-08 17:03:19,818|line:537| -=-=-=-=处理回最初的动态-=-=-=-=
2026-02-08 17:03:31,262|line:475| 转发成功 1167079241586573320
2026-02-08 17:03:34,694|line:494| 评论发送成功
2026-02-08 17:03:39,074|line:424| 3546642129094759 === 已经关注了
2026-02-08 17:03:42,465|line:503| 动态-点赞 OK
2026-02-08 17:03:46,465|line:519| https://t.bilibili.com/1164332936379498499
2026-02-08 17:03:48,804|line:526| 官方 或 预约 OUT！
2026-02-08 17:03:48,804|line:519| https://t.bilibili.com/1140152382204674056
2026-02-08 17:03:51,118|line:341| =========此为源动态=========
2026-02-08 17:03:54,728|line:362| *********子动态开始*********
2026-02-08 17:03:54,728|line:381| *********子动态结束*********
2026-02-08 17:03:54,728|line:537| -=-=-=-=处理回最初的动态-=-=-=-=
2026-02-08 17:04:05,040|line:475| 转发成功 1167079383295328264
2026-02-08 17:04:08,447|line:494| 评论发送成功
2026-02-08 17:04:12,882|line:424| 25592156 === 已经关注了
2026-02-08 17:04:16,268|line:503| 动态-点赞 OK
2026-02-08 17:04:18,269|line:519| https://t.bilibili.com/1156983723363663929
2026-02-08 17:04:21,681|line:341| =========此为源动态=========
2026-02-08 17:04:25,065|line:362| *********子动态开始*********
2026-02-08 17:04:25,066|line:381| *********子动态结束*********
2026-02-08 17:04:25,066|line:537| -=-=-=-=处理回最初的动态-=-=-=-=
2026-02-08 17:04:31,376|line:475| 转发成功 1167079499259445265
2026-02-08 17:04:34,781|line:494| 评论发送成功
2026-02-08 17:04:39,172|line:424| 14079394 === 已经关注了
2026-02-08 17:04:42,545|line:503| 动态-点赞 OK
2026-02-08 17:04:44,545|line:552| 执行结束
2026-02-08 17:04:44,545|line:558| ==================================================2026-02-09 01:04==================================================
2026-02-08 17:04:44,546|line:232| processing article 45434807
2026-02-08 17:04:48,110|line:507| ==================================================2026-02-09 01:04==================================================
2026-02-08 17:04:48,110|line:519| https://t.bilibili.com/1166555874038120482
2026-02-08 17:04:48,110|line:521| 已有
2026-02-08 17:04:48,110|line:519| https://t.bilibili.com/1166506928572989448
2026-02-08 17:04:50,469|line:341| =========此为源动态=========
2026-02-08 17:04:53,028|line:362| *********子动态开始*********
2026-02-08 17:04:53,028|line:381| *********子动态结束*********
2026-02-08 17:04:53,028|line:537| -=-=-=-=处理回最初的动态-=-=-=-=
2026-02-08 17:05:00,481|line:475| 转发成功 1167079623812448295
2026-02-08 17:05:03,967|line:494| 评论发送成功
2026-02-08 17:05:08,404|line:424| 43912005 === 已经关注了
2026-02-08 17:05:11,786|line:503| 动态-点赞 OK
2026-02-08 17:05:14,787|line:519| https://t.bilibili.com/1160274570270212096
2026-02-08 17:05:14,787|line:521| 已有
2026-02-08 17:05:14,788|line:519| https://t.bilibili.com/1166618088774303782
2026-02-08 17:05:17,090|line:346| 'NoneType' object has no attribute 'get'
2026-02-08 17:05:17,090|line:347| error line:328
2026-02-08 17:05:17,090|line:533| *#*#*#*#*#*#*#*#*#*原动态处理失败*#*#*#*#*#*#*#*#*#
2026-02-08 17:05:17,090|line:519| https://t.bilibili.com/1166609123049996288
2026-02-08 17:05:19,519|line:341| =========此为源动态=========
2026-02-08 17:05:24,064|line:362| *********子动态开始*********
2026-02-08 17:05:24,065|line:381| *********子动态结束*********
2026-02-08 17:05:24,065|line:537| -=-=-=-=处理回最初的动态-=-=-=-=
2026-02-08 17:05:31,309|line:475| 转发成功 1167079756969017351
2026-02-08 17:05:34,869|line:494| 评论发送成功
2026-02-08 17:05:37,307|line:424| 8614818 === 已经关注了
2026-02-08 17:05:40,693|line:503| 动态-点赞 OK
2026-02-08 17:05:42,693|line:519| https://t.bilibili.com/1166292188786589698
2026-02-08 17:05:46,016|line:341| =========此为源动态=========
2026-02-08 17:05:50,542|line:362| *********子动态开始*********
2026-02-08 17:05:50,542|line:381| *********子动态结束*********
2026-02-08 17:05:50,543|line:537| -=-=-=-=处理回最初的动态-=-=-=-=
2026-02-08 17:05:56,880|line:475| 转发成功 1167079864364171265
2026-02-08 17:06:00,325|line:494| 评论发送成功
2026-02-08 17:06:02,761|line:424| 1439255 === 已经关注了
2026-02-08 17:06:06,088|line:503| 动态-点赞 OK
2026-02-08 17:06:08,089|line:519| https://t.bilibili.com/1164735988998602771
2026-02-08 17:06:09,395|line:341| =========此为源动态=========
2026-02-08 17:06:11,952|line:362| *********子动态开始*********
2026-02-08 17:06:11,952|line:381| *********子动态结束*********
2026-02-08 17:06:11,953|line:537| -=-=-=-=处理回最初的动态-=-=-=-=
2026-02-08 17:06:25,284|line:475| 转发成功 1167079988909834245
2026-02-08 17:06:28,747|line:494| 评论评论已提交，被up主精选后对所有人可见
2026-02-08 17:06:33,565|line:436| 关注 ==== 2133039945 0
2026-02-08 17:06:37,113|line:503| 动态-点赞 OK
2026-02-08 17:06:41,114|line:519| https://t.bilibili.com/1166583557249826836
2026-02-08 17:06:42,522|line:341| =========此为源动态=========
2026-02-08 17:06:47,056|line:362| *********子动态开始*********
2026-02-08 17:06:47,057|line:381| *********子动态结束*********
2026-02-08 17:06:47,057|line:537| -=-=-=-=处理回最初的动态-=-=-=-=
2026-02-08 17:06:55,260|line:475| 转发成功 1167080117722152963
2026-02-08 17:06:58,660|line:494| 评论发送成功
2026-02-08 17:07:03,092|line:424| 2038413965 === 已经关注了
2026-02-08 17:07:06,493|line:503| 动态-点赞 OK
2026-02-08 17:07:08,494|line:519| https://t.bilibili.com/1166526182936543270
2026-02-08 17:07:09,834|line:526| 官方 或 预约 OUT！
2026-02-08 17:07:09,834|line:519| https://t.bilibili.com/1164691338544807945
2026-02-08 17:07:14,191|line:526| 官方 或 预约 OUT！
2026-02-08 17:07:14,191|line:519| https://t.bilibili.com/1166599019148869635
2026-02-08 17:07:16,556|line:341| =========此为源动态=========
2026-02-08 17:07:20,106|line:362| *********子动态开始*********
2026-02-08 17:07:20,106|line:381| *********子动态结束*********
2026-02-08 17:07:20,106|line:537| -=-=-=-=处理回最初的动态-=-=-=-=
2026-02-08 17:07:30,342|line:475| 转发成功 1167080268087951383
2026-02-08 17:07:33,798|line:494| 评论发送成功
2026-02-08 17:07:37,239|line:424| 396808737 === 已经关注了
2026-02-08 17:07:40,611|line:503| 动态-点赞 OK
2026-02-08 17:07:43,612|line:519| https://t.bilibili.com/1166506247825915961
2026-02-08 17:07:45,022|line:341| =========此为源动态=========
2026-02-08 17:07:48,547|line:362| *********子动态开始*********
2026-02-08 17:07:48,548|line:381| *********子动态结束*********
2026-02-08 17:07:48,548|line:537| -=-=-=-=处理回最初的动态-=-=-=-=
2026-02-08 17:07:58,786|line:475| 转发成功 1167080388348084248
2026-02-08 17:08:02,188|line:494| 评论发送成功
2026-02-08 17:08:03,639|line:424| 410910599 === 已经关注了
2026-02-08 17:08:07,004|line:503| 动态-点赞 OK
2026-02-08 17:08:08,005|line:519| https://t.bilibili.com/1166506247797604384
2026-02-08 17:08:12,379|line:341| =========此为源动态=========
2026-02-08 17:08:13,789|line:362| *********子动态开始*********
2026-02-08 17:08:13,790|line:381| *********子动态结束*********
2026-02-08 17:08:13,790|line:537| -=-=-=-=处理回最初的动态-=-=-=-=
2026-02-08 17:08:20,050|line:475| 转发成功 1167080478521425936
2026-02-08 17:08:23,649|line:494| 评论发送成功
2026-02-08 17:08:26,035|line:424| 25876049 === 已经关注了
2026-02-08 17:08:29,363|line:503| 动态-点赞 OK
2026-02-08 17:08:33,364|line:519| https://t.bilibili.com/1156976065461092357
2026-02-08 17:08:37,671|line:526| 官方 或 预约 OUT！
2026-02-08 17:08:37,672|line:519| https://t.bilibili.com/1166289251058319365
2026-02-08 17:08:39,045|line:341| =========此为源动态=========
2026-02-08 17:08:42,634|line:362| *********子动态开始*********
2026-02-08 17:08:42,634|line:381| *********子动态结束*********
2026-02-08 17:08:42,634|line:537| -=-=-=-=处理回最初的动态-=-=-=-=
2026-02-08 17:08:49,993|line:475| 转发成功 1167080607342133253
2026-02-08 17:08:53,416|line:494| 评论发送成功
2026-02-08 17:08:57,958|line:424| 100680137 === 已经关注了
2026-02-08 17:09:01,332|line:503| 动态-点赞 OK
2026-02-08 17:09:02,333|line:519| https://t.bilibili.com/1166577421910016005
2026-02-08 17:09:04,762|line:336| =========此为子动态=========
2026-02-08 17:09:06,156|line:387| *************原动态处理开始***************
2026-02-08 17:09:13,051|line:475| 转发成功 1167080706137915458
2026-02-08 17:09:16,526|line:494| 评论发送成功
2026-02-08 17:09:17,948|line:424| 526479088 === 已经关注了
2026-02-08 17:09:21,282|line:503| 动态-点赞 OK
2026-02-08 17:09:21,282|line:396| *************原动态处理完成***************
2026-02-08 17:09:22,880|line:362| *********子动态开始*********
2026-02-08 17:09:33,303|line:475| 转发成功 1167080796368928775
2026-02-08 17:09:36,705|line:494| 评论发送成功
2026-02-08 17:09:41,633|line:424| 407029461 === 已经关注了
2026-02-08 17:09:41,633|line:376| ----完成一个子动态----
2026-02-08 17:09:53,919|line:475| 转发成功 1167080882254643255
2026-02-08 17:09:57,335|line:494| 评论发送成功
2026-02-08 17:10:03,085|line:424| 37896119 === 已经关注了
2026-02-08 17:10:03,085|line:376| ----完成一个子动态----
2026-02-08 17:10:11,273|line:475| 转发成功 1167080959520014342
2026-02-08 17:10:14,688|line:494| 评论发送成功
2026-02-08 17:10:21,487|line:424| 493105507 === 已经关注了
2026-02-08 17:10:21,487|line:376| ----完成一个子动态----
2026-02-08 17:10:29,004|line:475| 转发成功 1167081032590032917
2026-02-08 17:10:32,460|line:494| 评论发送成功
2026-02-08 17:10:38,289|line:424| 487793027 === 已经关注了
2026-02-08 17:10:38,289|line:376| ----完成一个子动态----
2026-02-08 17:10:47,553|line:475| 转发成功 1167081114181828632
2026-02-08 17:10:50,974|line:494| 评论发送成功
2026-02-08 17:10:56,877|line:424| 493230543 === 已经关注了
2026-02-08 17:10:56,877|line:376| ----完成一个子动态----
2026-02-08 17:11:05,228|line:475| 转发成功 1167081191474462725
2026-02-08 17:11:08,664|line:494| 评论发送成功
2026-02-08 17:11:16,483|line:424| 396808737 === 已经关注了
2026-02-08 17:11:16,483|line:376| ----完成一个子动态----
2026-02-08 17:11:25,897|line:475| 转发成功 1167081277404217376
2026-02-08 17:11:29,334|line:494| 评论发送成功
2026-02-08 17:11:35,095|line:424| 242136088 === 已经关注了
2026-02-08 17:11:35,096|line:376| ----完成一个子动态----
2026-02-08 17:11:47,536|line:475| 转发成功 1167081371858894855
2026-02-08 17:11:50,973|line:494| 评论发送成功
2026-02-08 17:11:56,757|line:424| 346469145 === 已经关注了
2026-02-08 17:11:56,758|line:376| ----完成一个子动态----
2026-02-08 17:12:07,120|line:475| 转发成功 1167081453454884883
2026-02-08 17:12:10,566|line:494| 评论发送成功
2026-02-08 17:12:14,338|line:424| 488757623 === 已经关注了
2026-02-08 17:12:14,338|line:376| ----完成一个子动态----
2026-02-08 17:12:24,867|line:475| 转发成功 1167081530796802082
2026-02-08 17:12:28,296|line:494| 评论发送成功
2026-02-08 17:12:32,086|line:424| 509955674 === 已经关注了
2026-02-08 17:12:32,087|line:376| ----完成一个子动态----
2026-02-08 17:12:40,485|line:475| 转发成功 1167081599516278786
2026-02-08 17:12:43,924|line:494| 评论发送成功
2026-02-08 17:12:51,695|line:424| 397664175 === 已经关注了
2026-02-08 17:12:51,696|line:376| ----完成一个子动态----
2026-02-08 17:12:51,696|line:381| *********子动态结束*********
2026-02-08 17:12:55,697|line:519| https://t.bilibili.com/1166273385456467985
2026-02-08 17:12:59,158|line:341| =========此为源动态=========
2026-02-08 17:13:01,687|line:362| *********子动态开始*********
2026-02-08 17:13:01,687|line:381| *********子动态结束*********
2026-02-08 17:13:01,687|line:537| -=-=-=-=处理回最初的动态-=-=-=-=
2026-02-08 17:13:12,063|line:475| 转发成功 1167081732613079048
2026-02-08 17:13:15,463|line:494| 评论发送成功
2026-02-08 17:13:21,324|line:436| 关注 ==== 3546692316039328 0
2026-02-08 17:13:24,700|line:503| 动态-点赞 OK
2026-02-08 17:13:27,701|line:519| https://t.bilibili.com/1166339807125700609
2026-02-08 17:13:27,701|line:521| 已有
2026-02-08 17:13:27,701|line:519| https://t.bilibili.com/1166495860476870691
2026-02-08 17:13:32,009|line:341| =========此为源动态=========
2026-02-08 17:13:33,547|line:362| *********子动态开始*********
2026-02-08 17:13:33,547|line:381| *********子动态结束*********
2026-02-08 17:13:33,547|line:537| -=-=-=-=处理回最初的动态-=-=-=-=
2026-02-08 17:13:42,780|line:475| 转发成功 1167081865784328233
2026-02-08 17:13:46,193|line:494| 评论发送成功
2026-02-08 17:13:50,624|line:424| 1681276938 === 已经关注了
2026-02-08 17:13:53,993|line:503| 动态-点赞 OK
2026-02-08 17:13:55,993|line:519| https://t.bilibili.com/1166472306878316549
2026-02-08 17:13:58,370|line:341| =========此为源动态=========
2026-02-08 17:14:01,773|line:362| *********子动态开始*********
2026-02-08 17:14:01,774|line:381| *********子动态结束*********
2026-02-08 17:14:01,774|line:537| -=-=-=-=处理回最初的动态-=-=-=-=
2026-02-08 17:14:13,682|line:475| 转发成功 1167081998909440008
2026-02-08 17:14:17,109|line:494| 评论发送成功
2026-02-08 17:14:18,515|line:424| 33009791 === 已经关注了
2026-02-08 17:14:21,845|line:503| 动态-点赞 OK
2026-02-08 17:14:25,845|line:519| https://t.bilibili.com/1160695296654573584
2026-02-08 17:14:28,203|line:526| 官方 或 预约 OUT！
2026-02-08 17:14:28,204|line:519| https://t.bilibili.com/1166233566782160896
2026-02-08 17:14:31,521|line:341| =========此为源动态=========
2026-02-08 17:14:34,902|line:362| *********子动态开始*********
2026-02-08 17:14:34,902|line:381| *********子动态结束*********
2026-02-08 17:14:34,902|line:537| -=-=-=-=处理回最初的动态-=-=-=-=
2026-02-08 17:14:44,091|line:475| 转发成功 1167082127809839125
2026-02-08 17:14:47,614|line:494| 评论发送成功
2026-02-08 17:14:54,501|line:436| 关注 ==== 381875112 0
2026-02-08 17:14:57,890|line:503| 动态-点赞 OK
2026-02-08 17:14:59,891|line:519| https://t.bilibili.com/1166477091413164035
2026-02-08 17:15:02,334|line:341| =========此为源动态=========
2026-02-08 17:15:06,874|line:362| *********子动态开始*********
2026-02-08 17:15:06,875|line:381| *********子动态结束*********
2026-02-08 17:15:06,875|line:537| -=-=-=-=处理回最初的动态-=-=-=-=
2026-02-08 17:15:18,299|line:475| 转发成功 1167082278119014416
2026-02-08 17:15:21,705|line:494| 评论发送成功
2026-02-08 17:15:23,148|line:424| 386837540 === 已经关注了
2026-02-08 17:15:26,755|line:503| 动态-点赞 OK
2026-02-08 17:15:29,756|line:519| https://t.bilibili.com/1166629584232251410
2026-02-08 17:15:31,116|line:526| 官方 或 预约 OUT！
2026-02-08 17:15:31,117|line:519| https://t.bilibili.com/1166228034895740995
2026-02-08 17:15:32,466|line:341| =========此为源动态=========
2026-02-08 17:15:34,996|line:362| *********子动态开始*********
2026-02-08 17:15:34,996|line:381| *********子动态结束*********
2026-02-08 17:15:34,996|line:537| -=-=-=-=处理回最初的动态-=-=-=-=
2026-02-08 17:15:44,256|line:475| 转发成功 1167082389761949700
2026-02-08 17:15:47,740|line:494| 评论发送成功
2026-02-08 17:15:51,124|line:424| 109778207 === 已经关注了
2026-02-08 17:15:54,543|line:503| 动态-点赞 OK
2026-02-08 17:15:55,543|line:519| https://t.bilibili.com/1166555775228706816
2026-02-08 17:15:56,903|line:336| =========此为子动态=========
2026-02-08 17:16:01,298|line:387| *************原动态处理开始***************
2026-02-08 17:16:07,132|line:475| 转发成功 1167082484279541761
2026-02-08 17:16:10,598|line:494| 评论发送成功
2026-02-08 17:16:14,009|line:424| 63414376 === 已经关注了
2026-02-08 17:16:17,368|line:503| 动态-点赞 OK
2026-02-08 17:16:17,368|line:396| *************原动态处理完成***************
2026-02-08 17:16:20,947|line:362| *********子动态开始*********
2026-02-08 17:16:30,322|line:475| 转发成功 1167082587328348169
2026-02-08 17:16:33,769|line:494| 评论发送成功
2026-02-08 17:16:38,546|line:424| 1494786563 === 已经关注了
2026-02-08 17:16:38,546|line:376| ----完成一个子动态----
2026-02-08 17:16:47,964|line:475| 转发成功 1167082660383686680
2026-02-08 17:16:51,410|line:494| 评论发送成功
2026-02-08 17:16:59,225|line:424| 2089637378 === 已经关注了
2026-02-08 17:16:59,225|line:376| ----完成一个子动态----
2026-02-08 17:17:10,642|line:475| 转发成功 1167082759162691601
2026-02-08 17:17:14,105|line:494| 评论发送成功
2026-02-08 17:17:18,953|line:424| 396808737 === 已经关注了
2026-02-08 17:17:18,954|line:376| ----完成一个子动态----
2026-02-08 17:17:25,556|line:475| 转发成功 1167082823581958147
2026-02-08 17:17:29,002|line:494| 评论发送成功
2026-02-08 17:17:32,783|line:424| 242136088 === 已经关注了
2026-02-08 17:17:32,784|line:376| ----完成一个子动态----
2026-02-08 17:17:43,210|line:475| 转发成功 1167082900902903816
2026-02-08 17:17:46,615|line:494| 评论发送成功
2026-02-08 17:17:53,354|line:424| 1694196506 === 已经关注了
2026-02-08 17:17:53,355|line:376| ----完成一个子动态----
2026-02-08 17:18:04,758|line:475| 转发成功 1167082991038496833
2026-02-08 17:18:08,207|line:494| 评论发送成功
2026-02-08 17:18:12,988|line:424| 346469145 === 已经关注了
2026-02-08 17:18:12,989|line:376| ----完成一个子动态----
2026-02-08 17:18:20,468|line:475| 转发成功 1167083059817742341
2026-02-08 17:18:23,906|line:494| 评论发送成功
2026-02-08 17:18:28,734|line:424| 505670427 === 已经关注了
2026-02-08 17:18:28,734|line:376| ----完成一个子动态----
2026-02-08 17:18:28,735|line:381| *********子动态结束*********
2026-02-08 17:18:30,736|line:519| https://t.bilibili.com/1159170944059572231
2026-02-08 17:18:33,151|line:526| 官方 或 预约 OUT！
2026-02-08 17:18:33,152|line:519| https://t.bilibili.com/1166517223631618051
2026-02-08 17:18:35,495|line:526| 官方 或 预约 OUT！
2026-02-08 17:18:35,496|line:519| https://t.bilibili.com/1166475324072919044
2026-02-08 17:18:36,849|line:341| =========此为源动态=========
2026-02-08 17:18:41,384|line:362| *********子动态开始*********
2026-02-08 17:18:41,384|line:381| *********子动态结束*********
2026-02-08 17:18:41,384|line:537| -=-=-=-=处理回最初的动态-=-=-=-=
2026-02-08 17:18:50,565|line:475| 转发成功 1167083188610138118
2026-02-08 17:18:53,966|line:494| 评论发送成功
2026-02-08 17:18:58,398|line:424| 509955674 === 已经关注了
2026-02-08 17:19:01,794|line:503| 动态-点赞 OK
2026-02-08 17:19:05,794|line:519| https://t.bilibili.com/1158766847743492101
2026-02-08 17:19:05,794|line:521| 已有
2026-02-08 17:19:05,794|line:519| https://t.bilibili.com/1166234095062089752
2026-02-08 17:19:08,102|line:341| =========此为源动态=========
2026-02-08 17:19:09,637|line:362| *********子动态开始*********
2026-02-08 17:19:09,637|line:381| *********子动态结束*********
2026-02-08 17:19:09,638|line:537| -=-=-=-=处理回最初的动态-=-=-=-=
2026-02-08 17:19:19,003|line:475| 转发成功 1167083308927942672
2026-02-08 17:19:22,457|line:494| 评论发送成功
2026-02-08 17:19:28,324|line:436| 关注 ==== 3493132494703177 0
2026-02-08 17:19:31,772|line:503| 动态-点赞 OK
2026-02-08 17:19:33,773|line:519| https://t.bilibili.com/1166490785943650308
2026-02-08 17:19:38,171|line:341| =========此为源动态=========
2026-02-08 17:19:41,702|line:362| *********子动态开始*********
2026-02-08 17:19:41,702|line:381| *********子动态结束*********
2026-02-08 17:19:41,703|line:537| -=-=-=-=处理回最初的动态-=-=-=-=
2026-02-08 17:19:51,858|line:475| 转发成功 1167083450629357569
2026-02-08 17:19:55,261|line:494| 评论发送成功
2026-02-08 17:19:59,693|line:424| 383768376 === 已经关注了
2026-02-08 17:20:03,243|line:503| 动态-点赞 OK
2026-02-08 17:20:06,244|line:519| https://t.bilibili.com/1166481777249746983
2026-02-08 17:20:08,650|line:526| 官方 或 预约 OUT！
2026-02-08 17:20:08,650|line:519| https://t.bilibili.com/1166557660726689795
2026-02-08 17:20:10,015|line:341| =========此为源动态=========
2026-02-08 17:20:13,611|line:362| *********子动态开始*********
2026-02-08 17:20:13,612|line:381| *********子动态结束*********
2026-02-08 17:20:13,612|line:537| -=-=-=-=处理回最初的动态-=-=-=-=
2026-02-08 17:20:23,078|line:475| 转发成功 1167083583776489472
2026-02-08 17:20:26,512|line:494| 评论发送成功
2026-02-08 17:20:27,928|line:424| 100680137 === 已经关注了
2026-02-08 17:20:31,309|line:503| 动态-点赞 OK
2026-02-08 17:20:35,310|line:519| https://t.bilibili.com/1166606700668518408
2026-02-08 17:20:36,856|line:526| 官方 或 预约 OUT！
2026-02-08 17:20:36,856|line:519| https://t.bilibili.com/1166503698775408645
2026-02-08 17:20:39,193|line:526| 官方 或 预约 OUT！
2026-02-08 17:20:39,194|line:519| https://t.bilibili.com/1166475330490204165
2026-02-08 17:20:42,555|line:526| 官方 或 预约 OUT！
2026-02-08 17:20:42,556|line:519| https://t.bilibili.com/1166135162663075849
2026-02-08 17:20:45,917|line:341| =========此为源动态=========
2026-02-08 17:20:48,470|line:362| *********子动态开始*********
2026-02-08 17:20:48,471|line:381| *********子动态结束*********
2026-02-08 17:20:48,471|line:537| -=-=-=-=处理回最初的动态-=-=-=-=
2026-02-08 17:20:58,790|line:475| 转发成功 1167083738381680643
2026-02-08 17:21:02,249|line:494| 评论发送成功
2026-02-08 17:21:03,684|line:424| 109778207 === 已经关注了
2026-02-08 17:21:07,012|line:503| 动态-点赞 OK
2026-02-08 17:21:08,012|line:519| https://t.bilibili.com/1165433633425588227
2026-02-08 17:21:08,012|line:521| 已有
2026-02-08 17:21:08,013|line:519| https://t.bilibili.com/1166487021392232450
2026-02-08 17:21:11,376|line:526| 官方 或 预约 OUT！
2026-02-08 17:21:11,376|line:519| https://t.bilibili.com/1166521709702938645
2026-02-08 17:21:12,737|line:341| =========此为源动态=========
2026-02-08 17:21:14,136|line:362| *********子动态开始*********
2026-02-08 17:21:14,136|line:381| *********子动态结束*********
2026-02-08 17:21:14,137|line:537| -=-=-=-=处理回最初的动态-=-=-=-=
2026-02-08 17:21:23,535|line:475| 转发成功 1167083845764251657
2026-02-08 17:21:26,982|line:494| 评论发送成功
2026-02-08 17:21:33,779|line:436| 关注 ==== 473940554 0
2026-02-08 17:21:37,176|line:503| 动态-点赞 OK
2026-02-08 17:21:38,176|line:519| https://t.bilibili.com/1166611459512205316
2026-02-08 17:21:39,553|line:526| 官方 或 预约 OUT！
2026-02-08 17:21:39,553|line:519| https://t.bilibili.com/1166232647701102608
2026-02-08 17:21:42,860|line:526| 官方 或 预约 OUT！
2026-02-08 17:21:42,860|line:519| https://t.bilibili.com/1166268764051734582
2026-02-08 17:21:47,204|line:341| =========此为源动态=========
2026-02-08 17:21:51,936|line:362| *********子动态开始*********
2026-02-08 17:21:51,936|line:381| *********子动态结束*********
2026-02-08 17:21:51,936|line:537| -=-=-=-=处理回最初的动态-=-=-=-=
2026-02-08 17:22:01,168|line:475| 转发成功 1167084008943648774
2026-02-08 17:22:04,570|line:494| 评论发送成功
2026-02-08 17:22:09,417|line:436| 关注 ==== 3494354614224933 0
2026-02-08 17:22:12,751|line:503| 动态-点赞 OK
2026-02-08 17:22:14,751|line:519| https://t.bilibili.com/1166523640270815254
2026-02-08 17:22:19,134|line:526| 官方 或 预约 OUT！
2026-02-08 17:22:19,134|line:519| https://t.bilibili.com/1166541958340935713
2026-02-08 17:22:22,445|line:526| 官方 或 预约 OUT！
2026-02-08 17:22:22,445|line:519| https://t.bilibili.com/1166227933923115008
2026-02-08 17:22:24,806|line:341| =========此为源动态=========
2026-02-08 17:22:29,379|line:362| *********子动态开始*********
2026-02-08 17:22:29,379|line:381| *********子动态结束*********
2026-02-08 17:22:29,379|line:537| -=-=-=-=处理回最初的动态-=-=-=-=
2026-02-08 17:22:38,732|line:475| 转发成功 1167084167857438724
2026-02-08 17:22:42,166|line:494| 评论发送成功
2026-02-08 17:22:44,610|line:424| 1263987303 === 已经关注了
2026-02-08 17:22:47,979|line:503| 动态-点赞 OK
2026-02-08 17:22:49,979|line:519| https://t.bilibili.com/1166501727404294151
2026-02-08 17:22:49,979|line:521| 已有
2026-02-08 17:22:49,980|line:519| https://t.bilibili.com/1164332936379498499
2026-02-08 17:22:52,363|line:526| 官方 或 预约 OUT！
2026-02-08 17:22:52,363|line:519| https://t.bilibili.com/1166235664898850848
2026-02-08 17:22:56,725|line:341| =========此为源动态=========
2026-02-08 17:23:00,285|line:362| *********子动态开始*********
2026-02-08 17:23:00,286|line:381| *********子动态结束*********
2026-02-08 17:23:00,286|line:537| -=-=-=-=处理回最初的动态-=-=-=-=
2026-02-08 17:23:09,527|line:475| 转发成功 1167084301048610840
2026-02-08 17:23:12,938|line:494| 评论发送成功
2026-02-08 17:23:15,374|line:424| 356084798 === 已经关注了
2026-02-08 17:23:18,799|line:503| 动态-点赞 OK
2026-02-08 17:23:22,800|line:519| https://t.bilibili.com/1166476097174372361
2026-02-08 17:23:27,161|line:341| =========此为源动态=========
2026-02-08 17:23:28,544|line:362| *********子动态开始*********
2026-02-08 17:23:28,545|line:381| *********子动态结束*********
2026-02-08 17:23:28,545|line:537| -=-=-=-=处理回最初的动态-=-=-=-=
2026-02-08 17:23:34,771|line:475| 转发成功 1167084408396578841
2026-02-08 17:23:38,292|line:494| 评论发送成功
2026-02-08 17:23:40,745|line:424| 432158620 === 已经关注了
2026-02-08 17:23:44,077|line:503| 动态-点赞 OK
2026-02-08 17:23:48,077|line:552| 执行结束
2026-02-08 17:23:48,078|line:558| ==================================================2026-02-09 01:23==================================================
2026-02-08 17:23:48,078|line:232| processing article 45422419
2026-02-08 17:23:51,300|line:507| ==================================================2026-02-09 01:23==================================================
2026-02-08 17:23:51,300|line:519| https://t.bilibili.com/1133939522985263140
2026-02-08 17:23:54,674|line:526| 官方 或 预约 OUT！
2026-02-08 17:23:54,674|line:519| https://t.bilibili.com/1160274570270212096
2026-02-08 17:23:54,674|line:521| 已有
2026-02-08 17:23:54,674|line:519| https://t.bilibili.com/1165818642893373449
2026-02-08 17:23:59,007|line:526| 官方 或 预约 OUT！
2026-02-08 17:23:59,008|line:519| https://t.bilibili.com/1163663514186809368
2026-02-08 17:24:00,363|line:526| 官方 或 预约 OUT！
2026-02-08 17:24:00,364|line:519| https://t.bilibili.com/1157650710320381960
2026-02-08 17:24:01,729|line:526| 官方 或 预约 OUT！
2026-02-08 17:24:01,729|line:519| https://t.bilibili.com/1165742793738420231
2026-02-08 17:24:05,096|line:526| 官方 或 预约 OUT！
2026-02-08 17:24:05,097|line:519| https://t.bilibili.com/1165473426332188676
2026-02-08 17:24:09,459|line:526| 官方 或 预约 OUT！
2026-02-08 17:24:09,459|line:519| https://t.bilibili.com/1164691338544807945
2026-02-08 17:24:12,818|line:526| 官方 或 预约 OUT！
2026-02-08 17:24:12,818|line:519| https://t.bilibili.com/1140222403068035077
2026-02-08 17:24:17,128|line:526| 官方 或 预约 OUT！
2026-02-08 17:24:17,128|line:519| https://t.bilibili.com/1156976065461092357
2026-02-08 17:24:21,537|line:526| 官方 或 预约 OUT！
2026-02-08 17:24:21,537|line:519| https://t.bilibili.com/1152729751520018466
2026-02-08 17:24:22,885|line:526| 官方 或 预约 OUT！
2026-02-08 17:24:22,885|line:519| https://t.bilibili.com/1165033106279759879
2026-02-08 17:24:24,226|line:526| 官方 或 预约 OUT！
2026-02-08 17:24:24,226|line:519| https://t.bilibili.com/1160289735812317207
2026-02-08 17:24:25,582|line:526| 官方 或 预约 OUT！
2026-02-08 17:24:25,582|line:519| https://t.bilibili.com/1160695296654573584
2026-02-08 17:24:29,952|line:526| 官方 或 预约 OUT！
2026-02-08 17:24:29,952|line:519| https://t.bilibili.com/1159170944059572231
2026-02-08 17:24:32,307|line:526| 官方 或 预约 OUT！
2026-02-08 17:24:32,307|line:519| https://t.bilibili.com/1166297536037650448
2026-02-08 17:24:36,669|line:526| 官方 或 预约 OUT！
2026-02-08 17:24:36,669|line:519| https://t.bilibili.com/1158766847743492101
2026-02-08 17:24:36,669|line:521| 已有
2026-02-08 17:24:36,669|line:519| https://t.bilibili.com/1160297406615519236
2026-02-08 17:24:38,032|line:526| 官方 或 预约 OUT！
2026-02-08 17:24:38,032|line:519| https://t.bilibili.com/1160928698048708632
2026-02-08 17:24:41,361|line:526| 官方 或 预约 OUT！
2026-02-08 17:24:41,361|line:519| https://t.bilibili.com/1166186566947700754
2026-02-08 17:24:42,678|line:526| 官方 或 预约 OUT！
2026-02-08 17:24:42,678|line:519| https://t.bilibili.com/1140194425638486025
2026-02-08 17:24:45,989|line:526| 官方 或 预约 OUT！
2026-02-08 17:24:45,990|line:519| https://t.bilibili.com/1166127493969608712
2026-02-08 17:24:50,354|line:526| 官方 或 预约 OUT！
2026-02-08 17:24:50,354|line:519| https://t.bilibili.com/1151764139774836744
2026-02-08 17:24:54,727|line:526| 官方 或 预约 OUT！
2026-02-08 17:24:54,727|line:519| https://t.bilibili.com/1164790152812298243
2026-02-08 17:24:59,077|line:526| 官方 或 预约 OUT！
2026-02-08 17:24:59,078|line:519| https://t.bilibili.com/1164332936379498499
2026-02-08 17:25:02,396|line:526| 官方 或 预约 OUT！
2026-02-08 17:25:02,396|line:519| https://t.bilibili.com/1164309168037822470
2026-02-08 17:25:04,748|line:526| 官方 或 预约 OUT！
2026-02-08 17:25:04,748|line:519| https://t.bilibili.com/1162506986896490499
2026-02-08 17:25:08,117|line:526| 官方 或 预约 OUT！
2026-02-08 17:25:08,118|line:552| 执行结束
2026-02-08 17:25:08,118|line:558| ==================================================2026-02-09 01:25==================================================
2026-02-08 17:25:08,118|line:232| processing article 45422132
2026-02-08 17:25:13,462|line:507| ==================================================2026-02-09 01:25==================================================
2026-02-08 17:25:13,462|line:519| https://t.bilibili.com/1166182744445681666
2026-02-08 17:25:13,462|line:521| 已有
2026-02-08 17:25:13,462|line:519| https://t.bilibili.com/1164742135081074729
2026-02-08 17:25:14,774|line:526| 官方 或 预约 OUT！
2026-02-08 17:25:14,774|line:519| https://t.bilibili.com/1166228210950602752
2026-02-08 17:25:18,140|line:526| 官方 或 预约 OUT！
2026-02-08 17:25:18,140|line:519| https://t.bilibili.com/1165734667712725028
2026-02-08 17:25:20,492|line:526| 官方 或 预约 OUT！
2026-02-08 17:25:20,492|line:519| https://t.bilibili.com/1165764075330732050
2026-02-08 17:25:24,850|line:526| 官方 或 预约 OUT！
2026-02-08 17:25:24,851|line:519| https://t.bilibili.com/1160274570270212096
2026-02-08 17:25:24,851|line:521| 已有
2026-02-08 17:25:24,851|line:519| https://t.bilibili.com/1163264524642418713
2026-02-08 17:25:27,214|line:526| 官方 或 预约 OUT！
2026-02-08 17:25:27,214|line:519| https://t.bilibili.com/1166250055178387475
2026-02-08 17:25:29,598|line:526| 官方 或 预约 OUT！
2026-02-08 17:25:29,598|line:519| https://t.bilibili.com/1164650854165250128
2026-02-08 17:25:33,969|line:526| 官方 或 预约 OUT！
2026-02-08 17:25:33,969|line:519| https://t.bilibili.com/1166537315449831447
2026-02-08 17:25:36,331|line:526| 官方 或 预约 OUT！
2026-02-08 17:25:36,332|line:519| https://t.bilibili.com/1164691338544807945
2026-02-08 17:25:39,691|line:526| 官方 或 预约 OUT！
2026-02-08 17:25:39,692|line:519| https://t.bilibili.com/1163261909016772617
2026-02-08 17:25:43,008|line:526| 官方 或 预约 OUT！
2026-02-08 17:25:43,008|line:519| https://t.bilibili.com/1156976065461092357
2026-02-08 17:25:44,369|line:526| 官方 或 预约 OUT！
2026-02-08 17:25:44,369|line:519| https://t.bilibili.com/1165856872371060801
2026-02-08 17:25:45,758|line:526| 官方 或 预约 OUT！
2026-02-08 17:25:45,758|line:519| https://t.bilibili.com/1166138798328774695
2026-02-08 17:25:47,106|line:526| 官方 或 预约 OUT！
2026-02-08 17:25:47,106|line:519| https://t.bilibili.com/1166282774245539841
2026-02-08 17:25:50,420|line:526| 官方 或 预约 OUT！
2026-02-08 17:25:50,420|line:519| https://t.bilibili.com/1165081424617799681
2026-02-08 17:25:50,420|line:521| 已有
2026-02-08 17:25:50,420|line:519| https://t.bilibili.com/1161760319705448453
2026-02-08 17:25:53,809|line:526| 官方 或 预约 OUT！
2026-02-08 17:25:53,810|line:519| https://t.bilibili.com/1160695296654573584
2026-02-08 17:25:58,136|line:526| 官方 或 预约 OUT！
2026-02-08 17:25:58,137|line:519| https://t.bilibili.com/1163259426506801173
2026-02-08 17:26:01,690|line:526| 官方 或 预约 OUT！
2026-02-08 17:26:01,690|line:519| https://t.bilibili.com/1159170944059572231
2026-02-08 17:26:04,052|line:526| 官方 或 预约 OUT！
2026-02-08 17:26:04,052|line:519| https://t.bilibili.com/1166297536037650448
2026-02-08 17:26:05,407|line:526| 官方 或 预约 OUT！
2026-02-08 17:26:05,408|line:519| https://t.bilibili.com/1166465696908967959
2026-02-08 17:26:07,773|line:526| 官方 或 预约 OUT！
2026-02-08 17:26:07,773|line:519| https://t.bilibili.com/1165819119656763394
2026-02-08 17:26:07,774|line:521| 已有
2026-02-08 17:26:07,774|line:519| https://t.bilibili.com/1165949630779752534
2026-02-08 17:26:09,131|line:526| 官方 或 预约 OUT！
2026-02-08 17:26:09,132|line:519| https://t.bilibili.com/1158766847743492101
2026-02-08 17:26:09,132|line:521| 已有
2026-02-08 17:26:09,132|line:519| https://t.bilibili.com/1164650832704045097
2026-02-08 17:26:11,495|line:526| 官方 或 预约 OUT！
2026-02-08 17:26:11,495|line:519| https://t.bilibili.com/1165067727969189889
2026-02-08 17:26:12,835|line:526| 官方 或 预约 OUT！
2026-02-08 17:26:12,835|line:519| https://t.bilibili.com/1165455537744117778
2026-02-08 17:26:12,836|line:521| 已有
2026-02-08 17:26:12,836|line:519| https://t.bilibili.com/1160297406615519236
2026-02-08 17:26:15,206|line:526| 官方 或 预约 OUT！
2026-02-08 17:26:15,206|line:519| https://t.bilibili.com/1165857684151336964
2026-02-08 17:26:19,548|line:526| 官方 或 预约 OUT！
2026-02-08 17:26:19,548|line:519| https://t.bilibili.com/1160928698048708632
2026-02-08 17:26:24,054|line:526| 官方 或 预约 OUT！
2026-02-08 17:26:24,055|line:519| https://t.bilibili.com/1165765363830358089
2026-02-08 17:26:26,358|line:526| 官方 或 预约 OUT！
2026-02-08 17:26:26,358|line:519| https://t.bilibili.com/1166186566947700754
2026-02-08 17:26:30,741|line:526| 官方 或 预约 OUT！
2026-02-08 17:26:30,742|line:519| https://t.bilibili.com/1160960665535381509
2026-02-08 17:26:32,105|line:526| 官方 或 预约 OUT！
2026-02-08 17:26:32,106|line:519| https://t.bilibili.com/1166127493969608712
2026-02-08 17:26:33,415|line:526| 官方 或 预约 OUT！
2026-02-08 17:26:33,415|line:519| https://t.bilibili.com/1164642414572339222
2026-02-08 17:26:35,843|line:526| 官方 或 预约 OUT！
2026-02-08 17:26:35,844|line:519| https://t.bilibili.com/1164279751836172323
2026-02-08 17:26:39,227|line:526| 官方 或 预约 OUT！
2026-02-08 17:26:39,228|line:519| https://t.bilibili.com/1166246327162503168
2026-02-08 17:26:43,569|line:526| 官方 或 预约 OUT！
2026-02-08 17:26:43,569|line:519| https://t.bilibili.com/1164332936379498499
2026-02-08 17:26:44,924|line:526| 官方 或 预约 OUT！
2026-02-08 17:26:44,924|line:519| https://t.bilibili.com/1164035625856270340
2026-02-08 17:26:47,287|line:526| 官方 或 预约 OUT！
2026-02-08 17:26:47,288|line:519| https://t.bilibili.com/1165022085351735321
2026-02-08 17:26:49,649|line:526| 官方 或 预约 OUT！
2026-02-08 17:26:49,650|line:519| https://t.bilibili.com/1162506986896490499
2026-02-08 17:26:52,960|line:526| 官方 或 预约 OUT！
2026-02-08 17:26:52,961|line:552| 执行结束
2026-02-08 17:26:52,961|line:558| ==================================================2026-02-09 01:26==================================================
2026-02-08 17:27:00,432|line:578| ('reply: ', '花生十三-公考行测', '68')
2026-02-08 17:27:00,432|line:578| ('reply: ', '三鹿七茸猫尾巴', '[夏诺雅表情包_？？？]')
2026-02-08 17:27:00,432|line:578| ('reply: ', '小闪闪bling', 'hhh腾子买库洛让我感觉他自己有点不太想出大世界了')
2026-02-08 17:27:00,432|line:578| ('reply: ', '魔改后远野汉娜', '不是，这……')
2026-02-08 17:27:00,432|line:578| ('reply: ', '好像都是一个人', '你在说什么')
2026-02-08 17:27:00,432|line:578| ('reply: ', '目标咨询', '太宠粉了啊')
2026-02-08 17:27:00,433|line:578| ('reply: ', '数玩工场', '祝你成功')
2026-02-08 17:27:00,433|line:578| ('reply: ', '益家有小佰', '恭喜宝子，获得小电视月度会员1份和克刻冰冰猴喉糖随机口味1份～记得私信小佰提供信息哦~')
2026-02-08 17:27:00,433|line:578| ('reply: ', '圆环之理-Madoka', '是的')
2026-02-08 17:27:00,433|line:578| ('reply: ', '兰的三姨', '这就是银河巨星的实力！')
2026-02-08 17:27:00,433|line:578| ('reply: ', '花园百合铃音', '有男不玩，我只吃麻辣火锅，xxn滚[吃瓜]')
2026-02-08 17:27:00,433|line:578| ('reply: ', '是绝赞的阿鬼', '[tv_难过]')
2026-02-08 17:27:00,433|line:578| ('reply: ', '桃稚不幼稚', '还行')
2026-02-08 17:27:00,433|line:578| ('reply: ', '陌罔子吖', '佬，这个报名有啥条件不。最近太非了，想下次报来抽[脱单doge][脱单doge][脱单doge]')
2026-02-08 17:27:00,433|line:578| ('reply: ', '太二酸菜鱼', '恭喜成为本期欧皇[打call]获得【肥龙联名显眼包】1份，在收到本信息的两天内回复哥的私信哦~逾期哥就自己收啦！[脱单doge]')
2026-02-08 17:27:00,434|line:578| ('reply: ', '得一想二的松鼠', '中奖分我一半')
2026-02-08 17:27:00,434|line:578| ('reply: ', '佑凉Uriyoo', '谢谢！！！[UP_24967030_感恩]')
2026-02-08 17:27:00,434|line:578| ('reply: ', '岛莓祁', '好耶')
2026-02-08 17:27:00,434|line:578| ('reply: ', '苏酥_SUSU_', 'https://b23.tv/3HJcDkm')
2026-02-08 17:27:00,434|line:578| ('reply: ', '心想事成イ', 'I[UP_410636303_比心鸟][UP_410636303_比心鸟][UP_410636303_比心鸟]')
2026-02-08 17:27:02,901|line:587| ('at: ', '电脑报', '恭喜@小小Shaun UID：1090970340，@-叶晓吖  UID：22437099  获得 【电竞大礼包】1份， 请在三日内私信我')
2026-02-08 17:27:02,901|line:587| ('at: ', '联想拯救者官方', '是我喜欢的奖品名单 直接开奖 上 趁现在没人偷摸开个奖 恭喜这些小伙伴 【拯救者7.1声卡H7游戏耳机】获奖名单 @泪水打湿猪脚饭o @xoomoon @小小Shaun @T山海连云T @超超超超薄脆饼干 @BerboomC 【拯救者C140氮化镓适配器】获奖名单 @改个天凉好个秋 @夜猫子牙不好 @LLL好久不见 @林殇倾慕婉 @今天也要拥抱微风 @洳不及我万一 @胜利の天平 【白金独角兽电竞鼠标】获奖名单 @底片上的诗旅人 【拯救者C170氮化镓适配器】获奖名单 @麦當劳无限好 @無名丶の辈 @任性的提莫 @广东有暖风 由于B站私信规则修改 我会私信中奖的小伙伴一条消息，还请注意查收并回复我您的收货地址与联系方式，奖品基本会在私信您信息后的三十个工作日内发货')
2026-02-08 17:27:02,901|line:587| ('at: ', 'Apexgaming艾湃电竞', '恭喜 @小小Shaun 获得饮料一份，三天内联系我，过时不候！')
2026-02-08 17:27:02,901|line:587| ('at: ', '喜欢白毛有什么不好', '1 @浪子游2fans6@被_____打下来的飞机@拉斯特臣后面一个点@专心致志的学生@猫猫头OmMeow@小小Shaun@龐門左道@啦啦痴痴腻@bili_66938050009@日月星辰668')
2026-02-08 17:27:02,901|line:587| ('at: ', 'iKF蓝牙耳机', '恭喜@小小Shaun 宝子成为苏泊尔福利动态幸运儿！\n注意：即日起72小时内回复信息确认领奖哦！逾期将自动视为放弃中奖资格。\n没有中奖的宝子们不要气馁，参与一下下置顶视频iKF Mars，增加欧气值，说不定下个幸运儿就是你！\n链接：\nhttps://www.bilibili.com/video/BV1Soo6YLEHZ/?spm_id_from=333.1387.list.card_archive.click&vd_source=21fb0967ccc75e6b3b2447ade2c740dd\n还没参与抽奖的宝子们，赶紧点击上方链接参与吧！还有特别福利惊喜等你哦~')
2026-02-08 17:27:02,902|line:587| ('at: ', 'wellymerck威利默克', '恭喜@小小Shaun\xa0 获得《我是你的小狗3 永远等你回家》1本，请于5天内联系威宝，凭关注+互动截图领取奖品，逾期作废~')
2026-02-08 17:27:02,902|line:587| ('at: ', '宁美NINGMEI', '恭喜@小小Shaun   中奖，请在12月1日24点前私信我：1. 奖品+中奖信息a. 实物奖：姓名电话地址，给文字！省市区路清晰，提交不清晰不发奖，信息错误致无法签收，概不负责；\n\nb. 现金红包给到支付宝实名+账号；\n\nc. 京东卡/猫超卡 等购物卡给到姓名+电话；2. 宁美和品牌方关注截图+转发截图！\n\n必须关注品牌方，否则奖品不予发放；如遇无法私信图片的情况，等待我回复后即可发送图片。PS： \n\n因后台收信有时会出问题，以回复“已登记”为准，没有回复即表示私信未收到。\n\n过期视为自动放弃，不会补发；奖品30个工作日内发送，勿催哦~\n\n不发全，不回复。其他小伙伴请继续努力！')
2026-02-08 17:27:02,902|line:587| ('at: ', '爱玛电动车官方账号', '#一“玛”当先榜# 快来看看10月都是谁和爱玛酱互动最多呀~ 💕恭喜@小小Shaun 和@甘瑞凯拉莎 排行第一！这两位小玛达将会获得【爱玛随机周边×1】，请5天内私信爱玛酱领奖哟~[鼓掌] 以后也请继续单推我无敌可爱美少女爱玛酱呀嘿嘿！(●´З｀●)')
2026-02-08 17:27:02,902|line:587| ('at: ', '爱玛电动车官方账号', '')
2026-02-08 17:27:02,902|line:587| ('at: ', '海露滴眼液', '互动榜出炉啦')
2026-02-08 17:27:02,902|line:587| ('at: ', '和蔼可亲桃白白', '\u200b//@九号公司:\u200b恭喜@小小Shaun 中奖！后续记得查收私信哟～\u200b//@九号公司:#互动抽奖# 谢谢粒粒的复工礼！小九也来加个码~关注【@微粒贷+@九号公司 】并转发该动态，抽一位小可爱获得【100元京东卡】~ #供电局福利社# 10月31日抽出！')
2026-02-08 17:27:02,902|line:587| ('at: ', '望大家身体健康快乐', '\u200b//@九号公司:\u200b恭喜@小小Shaun 中奖！后续记得查收私信哟～\u200b//@九号公司 :#互动抽奖# 谢谢粒粒的复工礼！小九也来加个码~关注【@微粒贷+@九号公司 】并转发该动态，抽一位小可爱获得【100元京东卡】~ #供电局福利社# 10月31日抽出！')
2026-02-08 17:27:02,902|line:587| ('at: ', 'MoMA_Reona', '//@九号公司:\u200b恭喜@小小Shaun 中奖！后续记得查收私信哟～\u200b//@九号公司:#互动抽奖# 谢谢粒粒的复工礼！小九也来加个码~关注【@微粒贷+@九号公司 】并转发该动态，抽一位小可爱获得【100元京东卡】~ #供电局福利社# 10月31日抽出！')
2026-02-08 17:27:02,902|line:587| ('at: ', '摸鱼二队', '\u200b//@九号公司:\u200b恭喜@小小Shaun 中奖！后续记得查收私信哟～\u200b//@九号公司 :#互动抽奖# 谢谢粒粒的复工礼！小九也来加个码~关注【@微粒贷+@九号公司 】并转发该动态，抽一位小可爱获得【100元京东卡】~ #供电局福利社# 10月31日抽出！')
2026-02-08 17:27:02,903|line:587| ('at: ', '文少嘅一些事一些情', '\u200b//@九号公司:\u200b恭喜@小小Shaun 中奖！后续记得查收私信哟～\u200b//@九号公司 :#互动抽奖# 谢谢粒粒的复工礼！小九也来加个码~关注【@微粒贷+@九号公司 】并转发该动态，抽一位小可爱获得【100元京东卡】~ #供电局福利社# 10月31日抽出！')
2026-02-08 17:27:02,903|line:587| ('at: ', 'Carry队友的嘟嘟酱丶', '\u200b//@九号公司:\u200b恭喜@小小Shaun 中奖！后续记得查收私信哟～\u200b//@九号公司 :#互动抽奖# 谢谢粒粒的复工礼！小九也来加个码~关注【@微粒贷+@九号公司 】并转发该动态，抽一位小可爱获得【100元京东卡】~ #供电局福利社# 10月31日抽出！')
2026-02-08 17:27:02,903|line:587| ('at: ', '蛤蟆zero', '//@九号公司:\u200b恭喜@小小Shaun 中奖！后续记得查收私信哟～\u200b//@九号公司:#互动抽奖# 谢谢粒粒的复工礼！小九也来加个码~关注【@微粒贷+@九号公司 】并转发该动态，抽一位小可爱获得【100元京东卡】~ #供电局福利社# 10月31日抽出！c冲冲冲')
2026-02-08 17:27:02,903|line:587| ('at: ', '木而各子要吃笃栗子', '\u200b//@九号公司:\u200b恭喜@小小Shaun 中奖！后续记得查收私信哟～\u200b//@九号公司 :#互动抽奖# 谢谢粒粒的复工礼！小九也来加个码~关注【@微粒贷+@九号公司 】并转发该动态，抽一位小可爱获得【100元京东卡】~ #供电局福利社# 10月31日抽出！')
2026-02-08 17:27:02,903|line:587| ('at: ', '裙下愚臣情默默', '\u200b//@九号公司:\u200b恭喜@小小Shaun 中奖！后续记得查收私信哟～\u200b//@九号公司 :#互动抽奖# 谢谢粒粒的复工礼！小九也来加个码~关注【@微粒贷+@九号公司 】并转发该动态，抽一位小可爱获得【100元京东卡】~ #供电局福利社# 10月31日抽出！')
2026-02-08 17:27:02,903|line:587| ('at: ', '戊子毕宿', '')
