2026-07-18 17:07:00,256|line:232| processing article 51603006
2026-07-18 17:07:03,513|line:507| ==================================================2026-07-19 01:07==================================================
2026-07-18 17:07:03,513|line:519| https://t.bilibili.com/1225926525526736934
2026-07-18 17:07:06,944|line:346| Expecting value: line 1 column 1 (char 0)
2026-07-18 17:07:06,944|line:347| error line:319
2026-07-18 17:07:06,946|line:533| *#*#*#*#*#*#*#*#*#*原动态处理失败*#*#*#*#*#*#*#*#*#
2026-07-18 17:07:06,946|line:519| https://t.bilibili.com/1225864413838311424
2026-07-18 17:07:10,210|line:346| Expecting value: line 1 column 1 (char 0)
2026-07-18 17:07:10,210|line:347| error line:319
2026-07-18 17:07:10,211|line:533| *#*#*#*#*#*#*#*#*#*原动态处理失败*#*#*#*#*#*#*#*#*#
2026-07-18 17:07:10,212|line:519| https://t.bilibili.com/1226220037152440325
2026-07-18 17:07:14,434|line:346| Expecting value: line 1 column 1 (char 0)
2026-07-18 17:07:14,435|line:347| error line:319
2026-07-18 17:07:14,435|line:533| *#*#*#*#*#*#*#*#*#*原动态处理失败*#*#*#*#*#*#*#*#*#
2026-07-18 17:07:14,436|line:519| https://t.bilibili.com/1226227768060018696
2026-07-18 17:07:18,840|line:346| Expecting value: line 1 column 1 (char 0)
2026-07-18 17:07:18,840|line:347| error line:319
2026-07-18 17:07:18,841|line:533| *#*#*#*#*#*#*#*#*#*原动态处理失败*#*#*#*#*#*#*#*#*#
2026-07-18 17:07:18,841|line:519| https://t.bilibili.com/1226259207263617024
2026-07-18 17:07:21,089|line:346| Expecting value: line 1 column 1 (char 0)
2026-07-18 17:07:21,089|line:347| error line:319
2026-07-18 17:07:21,090|line:533| *#*#*#*#*#*#*#*#*#*原动态处理失败*#*#*#*#*#*#*#*#*#
2026-07-18 17:07:21,091|line:519| https://t.bilibili.com/1226329608193835028
2026-07-18 17:07:24,400|line:346| Expecting value: line 1 column 1 (char 0)
2026-07-18 17:07:24,400|line:347| error line:319
2026-07-18 17:07:24,401|line:533| *#*#*#*#*#*#*#*#*#*原动态处理失败*#*#*#*#*#*#*#*#*#
2026-07-18 17:07:24,401|line:519| https://t.bilibili.com/1225236139601821698
2026-07-18 17:07:28,645|line:346| Expecting value: line 1 column 1 (char 0)
2026-07-18 17:07:28,645|line:347| error line:319
2026-07-18 17:07:28,646|line:533| *#*#*#*#*#*#*#*#*#*原动态处理失败*#*#*#*#*#*#*#*#*#
2026-07-18 17:07:28,646|line:519| https://t.bilibili.com/1225924627149094995
2026-07-18 17:07:32,949|line:346| Expecting value: line 1 column 1 (char 0)
2026-07-18 17:07:32,950|line:347| error line:319
2026-07-18 17:07:32,950|line:533| *#*#*#*#*#*#*#*#*#*原动态处理失败*#*#*#*#*#*#*#*#*#
2026-07-18 17:07:32,951|line:519| https://t.bilibili.com/1225926237766025255
2026-07-18 17:07:36,215|line:346| Expecting value: line 1 column 1 (char 0)
2026-07-18 17:07:36,216|line:347| error line:319
2026-07-18 17:07:36,216|line:533| *#*#*#*#*#*#*#*#*#*原动态处理失败*#*#*#*#*#*#*#*#*#
2026-07-18 17:07:36,217|line:519| https://t.bilibili.com/1226050615680958466
2026-07-18 17:07:40,441|line:346| Expecting value: line 1 column 1 (char 0)
2026-07-18 17:07:40,441|line:347| error line:319
2026-07-18 17:07:40,442|line:533| *#*#*#*#*#*#*#*#*#*原动态处理失败*#*#*#*#*#*#*#*#*#
2026-07-18 17:07:40,442|line:519| https://t.bilibili.com/1226227768048484386
2026-07-18 17:07:44,766|line:346| Expecting value: line 1 column 1 (char 0)
2026-07-18 17:07:44,766|line:347| error line:319
2026-07-18 17:07:44,767|line:533| *#*#*#*#*#*#*#*#*#*原动态处理失败*#*#*#*#*#*#*#*#*#
2026-07-18 17:07:44,767|line:519| https://t.bilibili.com/1225984541957554179
2026-07-18 17:07:47,016|line:346| Expecting value: line 1 column 1 (char 0)
2026-07-18 17:07:47,016|line:347| error line:319
2026-07-18 17:07:47,017|line:533| *#*#*#*#*#*#*#*#*#*原动态处理失败*#*#*#*#*#*#*#*#*#
2026-07-18 17:07:47,017|line:519| https://t.bilibili.com/1225981251961225218
2026-07-18 17:07:49,245|line:346| Expecting value: line 1 column 1 (char 0)
2026-07-18 17:07:49,245|line:347| error line:319
2026-07-18 17:07:49,246|line:533| *#*#*#*#*#*#*#*#*#*原动态处理失败*#*#*#*#*#*#*#*#*#
2026-07-18 17:07:49,247|line:519| https://t.bilibili.com/1225987887696183303
2026-07-18 17:07:50,486|line:346| Expecting value: line 1 column 1 (char 0)
2026-07-18 17:07:50,486|line:347| error line:319
2026-07-18 17:07:50,487|line:533| *#*#*#*#*#*#*#*#*#*原动态处理失败*#*#*#*#*#*#*#*#*#
2026-07-18 17:07:50,488|line:519| https://t.bilibili.com/1225958454271672323
2026-07-18 17:07:53,738|line:346| Expecting value: line 1 column 1 (char 0)
2026-07-18 17:07:53,738|line:347| error line:319
2026-07-18 17:07:53,739|line:533| *#*#*#*#*#*#*#*#*#*原动态处理失败*#*#*#*#*#*#*#*#*#
2026-07-18 17:07:53,739|line:519| https://t.bilibili.com/1225986977177796647
2026-07-18 17:07:55,983|line:346| Expecting value: line 1 column 1 (char 0)
2026-07-18 17:07:55,983|line:347| error line:319
2026-07-18 17:07:55,984|line:533| *#*#*#*#*#*#*#*#*#*原动态处理失败*#*#*#*#*#*#*#*#*#
2026-07-18 17:07:55,985|line:519| https://t.bilibili.com/1226214468685398034
2026-07-18 17:07:58,332|line:346| Expecting value: line 1 column 1 (char 0)
2026-07-18 17:07:58,332|line:347| error line:319
2026-07-18 17:07:58,333|line:533| *#*#*#*#*#*#*#*#*#*原动态处理失败*#*#*#*#*#*#*#*#*#
2026-07-18 17:07:58,333|line:519| https://t.bilibili.com/1226010013207625729
2026-07-18 17:08:01,641|line:346| Expecting value: line 1 column 1 (char 0)
2026-07-18 17:08:01,642|line:347| error line:319
2026-07-18 17:08:01,642|line:533| *#*#*#*#*#*#*#*#*#*原动态处理失败*#*#*#*#*#*#*#*#*#
2026-07-18 17:08:01,643|line:519| https://t.bilibili.com/1225965343409700881
2026-07-18 17:08:04,871|line:346| Expecting value: line 1 column 1 (char 0)
2026-07-18 17:08:04,872|line:347| error line:319
2026-07-18 17:08:04,873|line:533| *#*#*#*#*#*#*#*#*#*原动态处理失败*#*#*#*#*#*#*#*#*#
2026-07-18 17:08:04,873|line:519| https://t.bilibili.com/1225946522877689879
2026-07-18 17:08:07,218|line:346| Expecting value: line 1 column 1 (char 0)
2026-07-18 17:08:07,218|line:347| error line:319
2026-07-18 17:08:07,219|line:533| *#*#*#*#*#*#*#*#*#*原动态处理失败*#*#*#*#*#*#*#*#*#
2026-07-18 17:08:07,219|line:519| https://t.bilibili.com/1226316938027728900
2026-07-18 17:08:08,458|line:346| Expecting value: line 1 column 1 (char 0)
2026-07-18 17:08:08,458|line:347| error line:319
2026-07-18 17:08:08,459|line:533| *#*#*#*#*#*#*#*#*#*原动态处理失败*#*#*#*#*#*#*#*#*#
2026-07-18 17:08:08,460|line:519| https://t.bilibili.com/1225988108898533417
2026-07-18 17:08:12,687|line:346| Expecting value: line 1 column 1 (char 0)
2026-07-18 17:08:12,687|line:347| error line:319
2026-07-18 17:08:12,688|line:533| *#*#*#*#*#*#*#*#*#*原动态处理失败*#*#*#*#*#*#*#*#*#
2026-07-18 17:08:12,688|line:519| https://t.bilibili.com/1225989313666220036
2026-07-18 17:08:14,009|line:346| Expecting value: line 1 column 1 (char 0)
2026-07-18 17:08:14,009|line:347| error line:319
2026-07-18 17:08:14,010|line:533| *#*#*#*#*#*#*#*#*#*原动态处理失败*#*#*#*#*#*#*#*#*#
2026-07-18 17:08:14,011|line:519| https://t.bilibili.com/1225926091751817256
2026-07-18 17:08:16,260|line:346| Expecting value: line 1 column 1 (char 0)
2026-07-18 17:08:16,260|line:347| error line:319
2026-07-18 17:08:16,261|line:533| *#*#*#*#*#*#*#*#*#*原动态处理失败*#*#*#*#*#*#*#*#*#
2026-07-18 17:08:16,261|line:519| https://t.bilibili.com/1226057466150649879
2026-07-18 17:08:20,495|line:346| Expecting value: line 1 column 1 (char 0)
2026-07-18 17:08:20,495|line:347| error line:319
2026-07-18 17:08:20,496|line:533| *#*#*#*#*#*#*#*#*#*原动态处理失败*#*#*#*#*#*#*#*#*#
2026-07-18 17:08:20,496|line:519| https://t.bilibili.com/1226270288265609239
2026-07-18 17:08:24,725|line:346| Expecting value: line 1 column 1 (char 0)
2026-07-18 17:08:24,725|line:347| error line:319
2026-07-18 17:08:24,726|line:533| *#*#*#*#*#*#*#*#*#*原动态处理失败*#*#*#*#*#*#*#*#*#
2026-07-18 17:08:24,726|line:519| https://t.bilibili.com/1226112982915743752
2026-07-18 17:08:28,962|line:346| Expecting value: line 1 column 1 (char 0)
2026-07-18 17:08:28,962|line:347| error line:319
2026-07-18 17:08:28,963|line:533| *#*#*#*#*#*#*#*#*#*原动态处理失败*#*#*#*#*#*#*#*#*#
2026-07-18 17:08:28,963|line:519| https://t.bilibili.com/1224879412514652165
2026-07-18 17:08:33,276|line:346| Expecting value: line 1 column 1 (char 0)
2026-07-18 17:08:33,276|line:347| error line:319
2026-07-18 17:08:33,277|line:533| *#*#*#*#*#*#*#*#*#*原动态处理失败*#*#*#*#*#*#*#*#*#
2026-07-18 17:08:33,277|line:519| https://t.bilibili.com/1226235604276084756
2026-07-18 17:08:36,582|line:346| Expecting value: line 1 column 1 (char 0)
2026-07-18 17:08:36,582|line:347| error line:319
2026-07-18 17:08:36,583|line:533| *#*#*#*#*#*#*#*#*#*原动态处理失败*#*#*#*#*#*#*#*#*#
2026-07-18 17:08:36,584|line:519| https://t.bilibili.com/1226250960909631529
2026-07-18 17:08:39,897|line:346| Expecting value: line 1 column 1 (char 0)
2026-07-18 17:08:39,898|line:347| error line:319
2026-07-18 17:08:39,899|line:533| *#*#*#*#*#*#*#*#*#*原动态处理失败*#*#*#*#*#*#*#*#*#
2026-07-18 17:08:39,899|line:519| https://t.bilibili.com/1225934312279375875
2026-07-18 17:08:41,127|line:346| Expecting value: line 1 column 1 (char 0)
2026-07-18 17:08:41,128|line:347| error line:319
2026-07-18 17:08:41,129|line:533| *#*#*#*#*#*#*#*#*#*原动态处理失败*#*#*#*#*#*#*#*#*#
2026-07-18 17:08:41,129|line:519| https://t.bilibili.com/1226031408618668035
2026-07-18 17:08:42,356|line:346| Expecting value: line 1 column 1 (char 0)
2026-07-18 17:08:42,356|line:347| error line:319
2026-07-18 17:08:42,357|line:533| *#*#*#*#*#*#*#*#*#*原动态处理失败*#*#*#*#*#*#*#*#*#
2026-07-18 17:08:42,357|line:519| https://t.bilibili.com/1226329380535402504
2026-07-18 17:08:46,584|line:346| Expecting value: line 1 column 1 (char 0)
2026-07-18 17:08:46,584|line:347| error line:319
2026-07-18 17:08:46,585|line:533| *#*#*#*#*#*#*#*#*#*原动态处理失败*#*#*#*#*#*#*#*#*#
2026-07-18 17:08:46,586|line:519| https://t.bilibili.com/1225230476648644613
2026-07-18 17:08:50,809|line:346| Expecting value: line 1 column 1 (char 0)
2026-07-18 17:08:50,809|line:347| error line:319
2026-07-18 17:08:50,810|line:533| *#*#*#*#*#*#*#*#*#*原动态处理失败*#*#*#*#*#*#*#*#*#
2026-07-18 17:08:50,811|line:519| https://t.bilibili.com/1226278019174236168
2026-07-18 17:08:54,035|line:346| Expecting value: line 1 column 1 (char 0)
2026-07-18 17:08:54,036|line:347| error line:319
2026-07-18 17:08:54,037|line:533| *#*#*#*#*#*#*#*#*#*原动态处理失败*#*#*#*#*#*#*#*#*#
2026-07-18 17:08:54,037|line:519| https://t.bilibili.com/1225972647038287875
2026-07-18 17:08:55,341|line:346| Expecting value: line 1 column 1 (char 0)
2026-07-18 17:08:55,341|line:347| error line:319
2026-07-18 17:08:55,342|line:533| *#*#*#*#*#*#*#*#*#*原动态处理失败*#*#*#*#*#*#*#*#*#
2026-07-18 17:08:55,342|line:519| https://t.bilibili.com/1219880923122630665
2026-07-18 17:08:57,568|line:346| Expecting value: line 1 column 1 (char 0)
2026-07-18 17:08:57,568|line:347| error line:319
2026-07-18 17:08:57,569|line:533| *#*#*#*#*#*#*#*#*#*原动态处理失败*#*#*#*#*#*#*#*#*#
2026-07-18 17:08:57,569|line:519| https://t.bilibili.com/1225929192710864930
2026-07-18 17:09:00,907|line:346| Expecting value: line 1 column 1 (char 0)
2026-07-18 17:09:00,908|line:347| error line:319
2026-07-18 17:09:00,909|line:533| *#*#*#*#*#*#*#*#*#*原动态处理失败*#*#*#*#*#*#*#*#*#
2026-07-18 17:09:00,909|line:519| https://t.bilibili.com/1226043035068923939
2026-07-18 17:09:04,135|line:346| Expecting value: line 1 column 1 (char 0)
2026-07-18 17:09:04,135|line:347| error line:319
2026-07-18 17:09:04,136|line:533| *#*#*#*#*#*#*#*#*#*原动态处理失败*#*#*#*#*#*#*#*#*#
2026-07-18 17:09:04,137|line:519| https://t.bilibili.com/1226359194077102086
2026-07-18 17:09:07,383|line:346| Expecting value: line 1 column 1 (char 0)
2026-07-18 17:09:07,384|line:347| error line:319
2026-07-18 17:09:07,385|line:533| *#*#*#*#*#*#*#*#*#*原动态处理失败*#*#*#*#*#*#*#*#*#
2026-07-18 17:09:07,385|line:519| https://t.bilibili.com/1224854467309993993
2026-07-18 17:09:08,615|line:346| Expecting value: line 1 column 1 (char 0)
2026-07-18 17:09:08,615|line:347| error line:319
2026-07-18 17:09:08,616|line:533| *#*#*#*#*#*#*#*#*#*原动态处理失败*#*#*#*#*#*#*#*#*#
2026-07-18 17:09:08,617|line:519| https://t.bilibili.com/1226057586440142873
2026-07-18 17:09:11,849|line:346| Expecting value: line 1 column 1 (char 0)
2026-07-18 17:09:11,849|line:347| error line:319
2026-07-18 17:09:11,850|line:533| *#*#*#*#*#*#*#*#*#*原动态处理失败*#*#*#*#*#*#*#*#*#
2026-07-18 17:09:11,851|line:519| https://t.bilibili.com/1225602319919349764
2026-07-18 17:09:16,096|line:346| Expecting value: line 1 column 1 (char 0)
2026-07-18 17:09:16,096|line:347| error line:319
2026-07-18 17:09:16,097|line:533| *#*#*#*#*#*#*#*#*#*原动态处理失败*#*#*#*#*#*#*#*#*#
2026-07-18 17:09:16,097|line:519| https://t.bilibili.com/1224823818457972738
2026-07-18 17:09:20,325|line:346| Expecting value: line 1 column 1 (char 0)
2026-07-18 17:09:20,325|line:347| error line:319
2026-07-18 17:09:20,326|line:533| *#*#*#*#*#*#*#*#*#*原动态处理失败*#*#*#*#*#*#*#*#*#
2026-07-18 17:09:20,327|line:519| https://t.bilibili.com/1226112184044486672
2026-07-18 17:09:22,585|line:346| Expecting value: line 1 column 1 (char 0)
2026-07-18 17:09:22,586|line:347| error line:319
2026-07-18 17:09:22,587|line:533| *#*#*#*#*#*#*#*#*#*原动态处理失败*#*#*#*#*#*#*#*#*#
2026-07-18 17:09:22,587|line:519| https://t.bilibili.com/1226318106294485009
2026-07-18 17:09:25,859|line:346| Expecting value: line 1 column 1 (char 0)
2026-07-18 17:09:25,859|line:347| error line:319
2026-07-18 17:09:25,860|line:533| *#*#*#*#*#*#*#*#*#*原动态处理失败*#*#*#*#*#*#*#*#*#
2026-07-18 17:09:25,860|line:519| https://t.bilibili.com/1226066163484590128
2026-07-18 17:09:29,102|line:346| Expecting value: line 1 column 1 (char 0)
2026-07-18 17:09:29,102|line:347| error line:319
2026-07-18 17:09:29,103|line:533| *#*#*#*#*#*#*#*#*#*原动态处理失败*#*#*#*#*#*#*#*#*#
2026-07-18 17:09:29,103|line:552| 执行结束
2026-07-18 17:09:29,103|line:556| 执行失败，错误数量为47
2026-07-18 17:09:29,103|line:558| ==================================================2026-07-19 01:09==================================================
2026-07-18 17:09:29,103|line:232| processing article 51594146
2026-07-18 17:09:32,790|line:507| ==================================================2026-07-19 01:09==================================================
2026-07-18 17:09:32,790|line:232| processing article 51594056
2026-07-18 17:09:34,291|line:507| ==================================================2026-07-19 01:09==================================================
2026-07-18 17:09:34,292|line:232| processing article 51582140
2026-07-18 17:09:36,017|line:507| ==================================================2026-07-19 01:09==================================================
2026-07-18 17:09:36,017|line:232| processing article 51580011
2026-07-18 17:09:37,619|line:507| ==================================================2026-07-19 01:09==================================================
2026-07-18 17:09:37,619|line:232| processing article 51566656
2026-07-18 17:09:39,966|line:507| ==================================================2026-07-19 01:09==================================================
2026-07-18 17:09:39,966|line:519| https://t.bilibili.com/1223778419085410345
2026-07-18 17:09:43,192|line:346| Expecting value: line 1 column 1 (char 0)
2026-07-18 17:09:43,192|line:347| error line:319
2026-07-18 17:09:43,193|line:533| *#*#*#*#*#*#*#*#*#*原动态处理失败*#*#*#*#*#*#*#*#*#
2026-07-18 17:09:43,193|line:519| https://t.bilibili.com/1218566459124350982
2026-07-18 17:09:45,461|line:346| Expecting value: line 1 column 1 (char 0)
2026-07-18 17:09:45,462|line:347| error line:319
2026-07-18 17:09:45,462|line:533| *#*#*#*#*#*#*#*#*#*原动态处理失败*#*#*#*#*#*#*#*#*#
2026-07-18 17:09:45,463|line:519| https://t.bilibili.com/1225568784817848358
2026-07-18 17:09:47,704|line:346| Expecting value: line 1 column 1 (char 0)
2026-07-18 17:09:47,704|line:347| error line:319
2026-07-18 17:09:47,705|line:533| *#*#*#*#*#*#*#*#*#*原动态处理失败*#*#*#*#*#*#*#*#*#
2026-07-18 17:09:47,706|line:519| https://t.bilibili.com/1215118622593122307
2026-07-18 17:09:51,943|line:346| Expecting value: line 1 column 1 (char 0)
2026-07-18 17:09:51,943|line:347| error line:319
2026-07-18 17:09:51,944|line:533| *#*#*#*#*#*#*#*#*#*原动态处理失败*#*#*#*#*#*#*#*#*#
2026-07-18 17:09:51,945|line:519| https://t.bilibili.com/1193697919881969668
2026-07-18 17:09:55,185|line:346| Expecting value: line 1 column 1 (char 0)
2026-07-18 17:09:55,186|line:347| error line:319
2026-07-18 17:09:55,187|line:533| *#*#*#*#*#*#*#*#*#*原动态处理失败*#*#*#*#*#*#*#*#*#
2026-07-18 17:09:55,187|line:519| https://t.bilibili.com/1222540149943959575
2026-07-18 17:09:58,413|line:346| Expecting value: line 1 column 1 (char 0)
2026-07-18 17:09:58,413|line:347| error line:319
2026-07-18 17:09:58,414|line:533| *#*#*#*#*#*#*#*#*#*原动态处理失败*#*#*#*#*#*#*#*#*#
2026-07-18 17:09:58,414|line:519| https://t.bilibili.com/1204540079432794121
2026-07-18 17:10:01,690|line:346| Expecting value: line 1 column 1 (char 0)
2026-07-18 17:10:01,691|line:347| error line:319
2026-07-18 17:10:01,692|line:533| *#*#*#*#*#*#*#*#*#*原动态处理失败*#*#*#*#*#*#*#*#*#
2026-07-18 17:10:01,692|line:519| https://t.bilibili.com/1209598240969719810
2026-07-18 17:10:04,956|line:346| Expecting value: line 1 column 1 (char 0)
2026-07-18 17:10:04,956|line:347| error line:319
2026-07-18 17:10:04,957|line:533| *#*#*#*#*#*#*#*#*#*原动态处理失败*#*#*#*#*#*#*#*#*#
2026-07-18 17:10:04,957|line:519| https://t.bilibili.com/1215580202671800323
2026-07-18 17:10:08,274|line:346| Expecting value: line 1 column 1 (char 0)
2026-07-18 17:10:08,274|line:347| error line:319
2026-07-18 17:10:08,275|line:533| *#*#*#*#*#*#*#*#*#*原动态处理失败*#*#*#*#*#*#*#*#*#
2026-07-18 17:10:08,275|line:519| https://t.bilibili.com/1219616166300876806
2026-07-18 17:10:10,583|line:346| Expecting value: line 1 column 1 (char 0)
2026-07-18 17:10:10,583|line:347| error line:319
2026-07-18 17:10:10,584|line:533| *#*#*#*#*#*#*#*#*#*原动态处理失败*#*#*#*#*#*#*#*#*#
2026-07-18 17:10:10,584|line:519| https://t.bilibili.com/1222901799073087491
2026-07-18 17:10:14,890|line:346| Expecting value: line 1 column 1 (char 0)
2026-07-18 17:10:14,890|line:347| error line:319
2026-07-18 17:10:14,891|line:533| *#*#*#*#*#*#*#*#*#*原动态处理失败*#*#*#*#*#*#*#*#*#
2026-07-18 17:10:14,892|line:519| https://t.bilibili.com/1223418891655446534
2026-07-18 17:10:18,118|line:346| Expecting value: line 1 column 1 (char 0)
2026-07-18 17:10:18,118|line:347| error line:319
2026-07-18 17:10:18,119|line:533| *#*#*#*#*#*#*#*#*#*原动态处理失败*#*#*#*#*#*#*#*#*#
2026-07-18 17:10:18,120|line:519| https://t.bilibili.com/1220791896399413249
2026-07-18 17:10:20,344|line:346| Expecting value: line 1 column 1 (char 0)
2026-07-18 17:10:20,344|line:347| error line:319
2026-07-18 17:10:20,345|line:533| *#*#*#*#*#*#*#*#*#*原动态处理失败*#*#*#*#*#*#*#*#*#
2026-07-18 17:10:20,345|line:519| https://t.bilibili.com/1215466459086454790
2026-07-18 17:10:21,568|line:346| Expecting value: line 1 column 1 (char 0)
2026-07-18 17:10:21,568|line:347| error line:319
2026-07-18 17:10:21,569|line:533| *#*#*#*#*#*#*#*#*#*原动态处理失败*#*#*#*#*#*#*#*#*#
2026-07-18 17:10:21,569|line:519| https://t.bilibili.com/1225225531031552018
2026-07-18 17:10:23,806|line:346| Expecting value: line 1 column 1 (char 0)
2026-07-18 17:10:23,806|line:347| error line:319
2026-07-18 17:10:23,807|line:533| *#*#*#*#*#*#*#*#*#*原动态处理失败*#*#*#*#*#*#*#*#*#
2026-07-18 17:10:23,807|line:519| https://t.bilibili.com/1223421447200833622
2026-07-18 17:10:28,109|line:346| Expecting value: line 1 column 1 (char 0)
2026-07-18 17:10:28,109|line:347| error line:319
2026-07-18 17:10:28,110|line:533| *#*#*#*#*#*#*#*#*#*原动态处理失败*#*#*#*#*#*#*#*#*#
2026-07-18 17:10:28,110|line:519| https://t.bilibili.com/1221024889809403941
2026-07-18 17:10:32,338|line:346| Expecting value: line 1 column 1 (char 0)
2026-07-18 17:10:32,339|line:347| error line:319
2026-07-18 17:10:32,339|line:533| *#*#*#*#*#*#*#*#*#*原动态处理失败*#*#*#*#*#*#*#*#*#
2026-07-18 17:10:32,340|line:519| https://t.bilibili.com/1224929277026238480
2026-07-18 17:10:34,655|line:346| Expecting value: line 1 column 1 (char 0)
2026-07-18 17:10:34,655|line:347| error line:319
2026-07-18 17:10:34,656|line:533| *#*#*#*#*#*#*#*#*#*原动态处理失败*#*#*#*#*#*#*#*#*#
2026-07-18 17:10:34,656|line:519| https://t.bilibili.com/1224751254940418071
2026-07-18 17:10:38,878|line:346| Expecting value: line 1 column 1 (char 0)
2026-07-18 17:10:38,878|line:347| error line:319
2026-07-18 17:10:38,879|line:533| *#*#*#*#*#*#*#*#*#*原动态处理失败*#*#*#*#*#*#*#*#*#
2026-07-18 17:10:38,880|line:519| https://t.bilibili.com/1224879412514652165
2026-07-18 17:10:40,184|line:346| Expecting value: line 1 column 1 (char 0)
2026-07-18 17:10:40,184|line:347| error line:319
2026-07-18 17:10:40,185|line:533| *#*#*#*#*#*#*#*#*#*原动态处理失败*#*#*#*#*#*#*#*#*#
2026-07-18 17:10:40,185|line:519| https://t.bilibili.com/1217717344080494597
2026-07-18 17:10:41,412|line:346| Expecting value: line 1 column 1 (char 0)
2026-07-18 17:10:41,412|line:347| error line:319
2026-07-18 17:10:41,413|line:533| *#*#*#*#*#*#*#*#*#*原动态处理失败*#*#*#*#*#*#*#*#*#
2026-07-18 17:10:41,413|line:519| https://t.bilibili.com/1223416331860181048
2026-07-18 17:10:44,739|line:346| Expecting value: line 1 column 1 (char 0)
2026-07-18 17:10:44,739|line:347| error line:319
2026-07-18 17:10:44,740|line:533| *#*#*#*#*#*#*#*#*#*原动态处理失败*#*#*#*#*#*#*#*#*#
2026-07-18 17:10:44,741|line:519| https://t.bilibili.com/1222540162843541556
2026-07-18 17:10:45,973|line:346| Expecting value: line 1 column 1 (char 0)
2026-07-18 17:10:45,973|line:347| error line:319
2026-07-18 17:10:45,974|line:533| *#*#*#*#*#*#*#*#*#*原动态处理失败*#*#*#*#*#*#*#*#*#
2026-07-18 17:10:45,975|line:519| https://t.bilibili.com/1223413729156137025
2026-07-18 17:10:49,202|line:346| Expecting value: line 1 column 1 (char 0)
2026-07-18 17:10:49,202|line:347| error line:319
2026-07-18 17:10:49,203|line:533| *#*#*#*#*#*#*#*#*#*原动态处理失败*#*#*#*#*#*#*#*#*#
2026-07-18 17:10:49,203|line:519| https://t.bilibili.com/1224724196687347719
2026-07-18 17:10:53,444|line:346| Expecting value: line 1 column 1 (char 0)
2026-07-18 17:10:53,444|line:347| error line:319
2026-07-18 17:10:53,445|line:533| *#*#*#*#*#*#*#*#*#*原动态处理失败*#*#*#*#*#*#*#*#*#
2026-07-18 17:10:53,446|line:519| https://t.bilibili.com/1204673399530455049
2026-07-18 17:10:57,667|line:346| Expecting value: line 1 column 1 (char 0)
2026-07-18 17:10:57,668|line:347| error line:319
2026-07-18 17:10:57,669|line:533| *#*#*#*#*#*#*#*#*#*原动态处理失败*#*#*#*#*#*#*#*#*#
2026-07-18 17:10:57,669|line:519| https://t.bilibili.com/1219880923122630665
2026-07-18 17:10:58,899|line:346| Expecting value: line 1 column 1 (char 0)
2026-07-18 17:10:58,899|line:347| error line:319
2026-07-18 17:10:58,900|line:533| *#*#*#*#*#*#*#*#*#*原动态处理失败*#*#*#*#*#*#*#*#*#
2026-07-18 17:10:58,900|line:519| https://t.bilibili.com/1222946582713860121
2026-07-18 17:11:01,133|line:346| Expecting value: line 1 column 1 (char 0)
2026-07-18 17:11:01,133|line:347| error line:319
2026-07-18 17:11:01,134|line:533| *#*#*#*#*#*#*#*#*#*原动态处理失败*#*#*#*#*#*#*#*#*#
2026-07-18 17:11:01,134|line:519| https://t.bilibili.com/1223359943224066052
2026-07-18 17:11:02,363|line:346| Expecting value: line 1 column 1 (char 0)
2026-07-18 17:11:02,363|line:347| error line:319
2026-07-18 17:11:02,364|line:533| *#*#*#*#*#*#*#*#*#*原动态处理失败*#*#*#*#*#*#*#*#*#
2026-07-18 17:11:02,364|line:519| https://t.bilibili.com/1224854467309993993
2026-07-18 17:11:04,668|line:346| Expecting value: line 1 column 1 (char 0)
2026-07-18 17:11:04,668|line:347| error line:319
2026-07-18 17:11:04,669|line:533| *#*#*#*#*#*#*#*#*#*原动态处理失败*#*#*#*#*#*#*#*#*#
2026-07-18 17:11:04,669|line:519| https://t.bilibili.com/1225484835403857924
2026-07-18 17:11:08,085|line:346| Expecting value: line 1 column 1 (char 0)
2026-07-18 17:11:08,085|line:347| error line:319
2026-07-18 17:11:08,086|line:533| *#*#*#*#*#*#*#*#*#*原动态处理失败*#*#*#*#*#*#*#*#*#
2026-07-18 17:11:08,086|line:519| https://t.bilibili.com/1225602319919349764
2026-07-18 17:11:11,399|line:346| Expecting value: line 1 column 1 (char 0)
2026-07-18 17:11:11,399|line:347| error line:319
2026-07-18 17:11:11,400|line:533| *#*#*#*#*#*#*#*#*#*原动态处理失败*#*#*#*#*#*#*#*#*#
2026-07-18 17:11:11,401|line:519| https://t.bilibili.com/1224823818457972738
2026-07-18 17:11:13,645|line:346| Expecting value: line 1 column 1 (char 0)
2026-07-18 17:11:13,645|line:347| error line:319
2026-07-18 17:11:13,646|line:533| *#*#*#*#*#*#*#*#*#*原动态处理失败*#*#*#*#*#*#*#*#*#
2026-07-18 17:11:13,646|line:552| 执行结束
2026-07-18 17:11:13,647|line:556| 执行失败，错误数量为33
2026-07-18 17:11:13,647|line:558| ==================================================2026-07-19 01:11==================================================
2026-07-18 17:11:13,647|line:232| processing article 51566491
2026-07-18 17:11:17,163|line:507| ==================================================2026-07-19 01:11==================================================
2026-07-18 17:11:23,156|line:578| ('reply: ', '榄菊官方', '[给心心]')
2026-07-18 17:11:23,157|line:578| ('reply: ', '吓死我啦芙莱', '并不是')
2026-07-18 17:11:23,157|line:578| ('reply: ', '花生十三-公考行测', '68')
2026-07-18 17:11:23,157|line:578| ('reply: ', '三鹿七茸猫尾巴', '[夏诺雅表情包_？？？]')
2026-07-18 17:11:23,157|line:578| ('reply: ', '小闪闪bling', 'hhh腾子买库洛让我感觉他自己有点不太想出大世界了')
2026-07-18 17:11:23,157|line:578| ('reply: ', '不修车的丸山彩', '不是，这……')
2026-07-18 17:11:23,157|line:578| ('reply: ', '好像都是一个人', '你在说什么')
2026-07-18 17:11:23,157|line:578| ('reply: ', '目标咨询', '太宠粉了啊')
2026-07-18 17:11:23,157|line:578| ('reply: ', '数玩工场', '祝你成功')
2026-07-18 17:11:23,157|line:578| ('reply: ', '益家有小佰', '恭喜宝子，获得小电视月度会员1份和克刻冰冰猴喉糖随机口味1份～记得私信小佰提供信息哦~')
2026-07-18 17:11:23,157|line:578| ('reply: ', '圆环之理-Madoka', '是的')
2026-07-18 17:11:23,157|line:578| ('reply: ', '兰的三姨', '这就是银河巨星的实力！')
2026-07-18 17:11:23,158|line:578| ('reply: ', '花园百合铃音', '有男不玩，我只吃麻辣火锅，xxn滚[吃瓜]')
2026-07-18 17:11:23,158|line:578| ('reply: ', '是绝赞的阿鬼', '[tv_难过]')
2026-07-18 17:11:23,158|line:578| ('reply: ', '桃稚不幼稚', '还行')
2026-07-18 17:11:23,158|line:578| ('reply: ', '陌罔子吖', '佬，这个报名有啥条件不。最近太非了，想下次报来抽[脱单doge][脱单doge][脱单doge]')
2026-07-18 17:11:23,158|line:578| ('reply: ', '太二酸菜鱼', '恭喜成为本期欧皇[打call]获得【肥龙联名显眼包】1份，在收到本信息的两天内回复哥的私信哦~逾期哥就自己收啦！[脱单doge]')
2026-07-18 17:11:23,158|line:578| ('reply: ', '得一想二的松鼠', '中奖分我一半')
2026-07-18 17:11:23,158|line:578| ('reply: ', '佑凉Uriyoo', '谢谢！！！[UP_24967030_感恩]')
2026-07-18 17:11:23,158|line:578| ('reply: ', '岛莓祁', '好耶')
2026-07-18 17:11:25,453|line:587| ('at: ', '电脑报', '恭喜@小小Shaun UID：1090970340，@-叶晓吖  UID：22437099  获得 【电竞大礼包】1份， 请在三日内私信我')
2026-07-18 17:11:25,453|line:587| ('at: ', '联想拯救者官方', '是我喜欢的奖品名单 直接开奖 上 趁现在没人偷摸开个奖 恭喜这些小伙伴 【拯救者7.1声卡H7游戏耳机】获奖名单 @泪水打湿猪脚饭o @xoomoon @小小Shaun @T山海连云T @超超超超薄脆饼干 @BerboomC 【拯救者C140氮化镓适配器】获奖名单 @改个天凉好个秋 @夜猫子牙不好 @LLL好久不见 @林殇倾慕婉 @今天也要拥抱微风 @洳不及我万一 @胜利の天平 【白金独角兽电竞鼠标】获奖名单 @底片上的诗旅人 【拯救者C170氮化镓适配器】获奖名单 @麦當劳无限好 @無名丶の辈 @任性的提莫 @广东有暖风 由于B站私信规则修改 我会私信中奖的小伙伴一条消息，还请注意查收并回复我您的收货地址与联系方式，奖品基本会在私信您信息后的三十个工作日内发货')
2026-07-18 17:11:25,453|line:587| ('at: ', 'Apexgaming艾湃电竞', '恭喜 @小小Shaun 获得饮料一份，三天内联系我，过时不候！')
2026-07-18 17:11:25,453|line:587| ('at: ', '梦_水晶花', '1 @浪子游2fans6@被_____打下来的飞机@拉斯特臣后面一个点@专心致志的学生@猫猫头OmMeow@小小Shaun@龐門左道@啦啦痴痴腻@bili_66938050009@日月星辰668')
2026-07-18 17:11:25,454|line:587| ('at: ', 'iKF蓝牙耳机', '恭喜@小小Shaun 宝子成为苏泊尔福利动态幸运儿！\n注意：即日起72小时内回复信息确认领奖哦！逾期将自动视为放弃中奖资格。\n没有中奖的宝子们不要气馁，参与一下下置顶视频iKF Mars，增加欧气值，说不定下个幸运儿就是你！\n链接：\nhttps://www.bilibili.com/video/BV1Soo6YLEHZ/?spm_id_from=333.1387.list.card_archive.click&vd_source=21fb0967ccc75e6b3b2447ade2c740dd\n还没参与抽奖的宝子们，赶紧点击上方链接参与吧！还有特别福利惊喜等你哦~')
2026-07-18 17:11:25,454|line:587| ('at: ', 'wellymerck威利默克', '恭喜@小小Shaun\xa0 获得《我是你的小狗3 永远等你回家》1本，请于5天内联系威宝，凭关注+互动截图领取奖品，逾期作废~')
2026-07-18 17:11:25,454|line:587| ('at: ', '宁美NINGMEI', '恭喜@小小Shaun   中奖，请在12月1日24点前私信我：1. 奖品+中奖信息a. 实物奖：姓名电话地址，给文字！省市区路清晰，提交不清晰不发奖，信息错误致无法签收，概不负责；\n\nb. 现金红包给到支付宝实名+账号；\n\nc. 京东卡/猫超卡 等购物卡给到姓名+电话；2. 宁美和品牌方关注截图+转发截图！\n\n必须关注品牌方，否则奖品不予发放；如遇无法私信图片的情况，等待我回复后即可发送图片。PS： \n\n因后台收信有时会出问题，以回复“已登记”为准，没有回复即表示私信未收到。\n\n过期视为自动放弃，不会补发；奖品30个工作日内发送，勿催哦~\n\n不发全，不回复。其他小伙伴请继续努力！')
2026-07-18 17:11:25,454|line:587| ('at: ', '爱玛电动车官方账号', '#一“玛”当先榜# 快来看看10月都是谁和爱玛酱互动最多呀~ 💕恭喜@小小Shaun 和@甘瑞凯拉莎 排行第一！这两位小玛达将会获得【爱玛随机周边×1】，请5天内私信爱玛酱领奖哟~[鼓掌] 以后也请继续单推我无敌可爱美少女爱玛酱呀嘿嘿！(●´З｀●)')
2026-07-18 17:11:25,454|line:587| ('at: ', '爱玛电动车官方账号', '')
2026-07-18 17:11:25,454|line:587| ('at: ', '海露滴眼液', '互动榜出炉啦')
2026-07-18 17:11:25,454|line:587| ('at: ', '和蔼可亲桃白白', '\u200b//@九号公司:\u200b恭喜@小小Shaun 中奖！后续记得查收私信哟～\u200b//@九号公司:#互动抽奖# 谢谢粒粒的复工礼！小九也来加个码~关注【@微粒贷+@九号公司 】并转发该动态，抽一位小可爱获得【100元京东卡】~ #供电局福利社# 10月31日抽出！')
2026-07-18 17:11:25,454|line:587| ('at: ', '望大家身体健康快乐', '\u200b//@九号公司:\u200b恭喜@小小Shaun 中奖！后续记得查收私信哟～\u200b//@九号公司 :#互动抽奖# 谢谢粒粒的复工礼！小九也来加个码~关注【@微粒贷+@九号公司 】并转发该动态，抽一位小可爱获得【100元京东卡】~ #供电局福利社# 10月31日抽出！')
2026-07-18 17:11:25,454|line:587| ('at: ', 'MoMA_Reona', '//@九号公司:\u200b恭喜@小小Shaun 中奖！后续记得查收私信哟～\u200b//@九号公司:#互动抽奖# 谢谢粒粒的复工礼！小九也来加个码~关注【@微粒贷+@九号公司 】并转发该动态，抽一位小可爱获得【100元京东卡】~ #供电局福利社# 10月31日抽出！')
2026-07-18 17:11:25,454|line:587| ('at: ', '摸鱼二队', '\u200b//@九号公司:\u200b恭喜@小小Shaun 中奖！后续记得查收私信哟～\u200b//@九号公司 :#互动抽奖# 谢谢粒粒的复工礼！小九也来加个码~关注【@微粒贷+@九号公司 】并转发该动态，抽一位小可爱获得【100元京东卡】~ #供电局福利社# 10月31日抽出！')
2026-07-18 17:11:25,454|line:587| ('at: ', '文少嘅一些事一些情', '\u200b//@九号公司:\u200b恭喜@小小Shaun 中奖！后续记得查收私信哟～\u200b//@九号公司 :#互动抽奖# 谢谢粒粒的复工礼！小九也来加个码~关注【@微粒贷+@九号公司 】并转发该动态，抽一位小可爱获得【100元京东卡】~ #供电局福利社# 10月31日抽出！')
2026-07-18 17:11:25,454|line:587| ('at: ', 'Carry队友的嘟嘟酱丶', '\u200b//@九号公司:\u200b恭喜@小小Shaun 中奖！后续记得查收私信哟～\u200b//@九号公司 :#互动抽奖# 谢谢粒粒的复工礼！小九也来加个码~关注【@微粒贷+@九号公司 】并转发该动态，抽一位小可爱获得【100元京东卡】~ #供电局福利社# 10月31日抽出！')
2026-07-18 17:11:25,455|line:587| ('at: ', '蛤蟆zero', '//@九号公司:\u200b恭喜@小小Shaun 中奖！后续记得查收私信哟～\u200b//@九号公司:#互动抽奖# 谢谢粒粒的复工礼！小九也来加个码~关注【@微粒贷+@九号公司 】并转发该动态，抽一位小可爱获得【100元京东卡】~ #供电局福利社# 10月31日抽出！c冲冲冲')
2026-07-18 17:11:25,455|line:587| ('at: ', '木而各子要吃笃栗子', '\u200b//@九号公司:\u200b恭喜@小小Shaun 中奖！后续记得查收私信哟～\u200b//@九号公司 :#互动抽奖# 谢谢粒粒的复工礼！小九也来加个码~关注【@微粒贷+@九号公司 】并转发该动态，抽一位小可爱获得【100元京东卡】~ #供电局福利社# 10月31日抽出！')
2026-07-18 17:11:25,455|line:587| ('at: ', '裙下愚臣情默默', '\u200b//@九号公司:\u200b恭喜@小小Shaun 中奖！后续记得查收私信哟～\u200b//@九号公司 :#互动抽奖# 谢谢粒粒的复工礼！小九也来加个码~关注【@微粒贷+@九号公司 】并转发该动态，抽一位小可爱获得【100元京东卡】~ #供电局福利社# 10月31日抽出！')
2026-07-18 17:11:25,455|line:587| ('at: ', '戊子毕宿', '')
