2026-03-03 17:01:20,907|line:232| processing article 46435241
2026-03-03 17:01:25,117|line:507| ==================================================2026-03-04 01:01==================================================
2026-03-03 17:01:25,117|line:519| https://t.bilibili.com/1160695296654573584
2026-03-03 17:01:26,814|line:526| 官方 或 预约 OUT！
2026-03-03 17:01:26,814|line:519| https://t.bilibili.com/1158766847743492101
2026-03-03 17:01:26,814|line:521| 已有
2026-03-03 17:01:26,815|line:519| https://t.bilibili.com/1173278552282365952
2026-03-03 17:01:26,815|line:521| 已有
2026-03-03 17:01:26,815|line:519| https://t.bilibili.com/1164984693400010770
2026-03-03 17:01:28,208|line:526| 官方 或 预约 OUT！
2026-03-03 17:01:28,208|line:519| https://t.bilibili.com/1174036074978082853
2026-03-03 17:01:29,651|line:526| 官方 或 预约 OUT！
2026-03-03 17:01:29,652|line:519| https://t.bilibili.com/1168721954864103445
2026-03-03 17:01:29,652|line:521| 已有
2026-03-03 17:01:29,652|line:519| https://t.bilibili.com/1175210310462603302
2026-03-03 17:01:32,972|line:341| =========此为源动态=========
2026-03-03 17:01:35,551|line:362| *********子动态开始*********
2026-03-03 17:01:35,552|line:381| *********子动态结束*********
2026-03-03 17:01:35,552|line:537| -=-=-=-=处理回最初的动态-=-=-=-=
2026-03-03 17:01:48,003|line:475| 转发成功 1175613753920585731
2026-03-03 17:01:51,599|line:494| 评论发送成功
2026-03-03 17:01:56,124|line:424| 100680137 === 已经关注了
2026-03-03 17:01:59,494|line:503| 动态-点赞 OK
2026-03-03 17:02:01,494|line:519| https://t.bilibili.com/1167051388672278553
2026-03-03 17:02:05,882|line:526| 官方 或 预约 OUT！
2026-03-03 17:02:05,882|line:519| https://t.bilibili.com/1168149139405406229
2026-03-03 17:02:07,191|line:526| 官方 或 预约 OUT！
2026-03-03 17:02:07,191|line:519| https://t.bilibili.com/1173261550620770306
2026-03-03 17:02:07,191|line:521| 已有
2026-03-03 17:02:07,191|line:519| https://t.bilibili.com/1175489601410695185
2026-03-03 17:02:11,652|line:341| =========此为源动态=========
2026-03-03 17:02:15,071|line:362| *********子动态开始*********
2026-03-03 17:02:15,072|line:381| *********子动态结束*********
2026-03-03 17:02:15,072|line:537| -=-=-=-=处理回最初的动态-=-=-=-=
2026-03-03 17:02:25,316|line:475| 转发成功 1175613917124100104
2026-03-03 17:02:28,792|line:494| 评论发送成功
2026-03-03 17:02:33,174|line:424| 359817973 === 已经关注了
2026-03-03 17:02:36,504|line:503| 动态-点赞 OK
2026-03-03 17:02:40,505|line:519| https://t.bilibili.com/1169665653716549635
2026-03-03 17:02:40,505|line:521| 已有
2026-03-03 17:02:40,505|line:519| https://t.bilibili.com/1174273698357575685
2026-03-03 17:02:44,812|line:526| 官方 或 预约 OUT！
2026-03-03 17:02:44,812|line:519| https://t.bilibili.com/1175468833121501203
2026-03-03 17:02:46,172|line:526| 官方 或 预约 OUT！
2026-03-03 17:02:46,173|line:519| https://t.bilibili.com/1172979178009526288
2026-03-03 17:02:46,173|line:521| 已有
2026-03-03 17:02:46,173|line:519| https://t.bilibili.com/1170918038226075672
2026-03-03 17:02:46,173|line:521| 已有
2026-03-03 17:02:46,173|line:519| https://t.bilibili.com/1174762892973572101
2026-03-03 17:02:46,173|line:521| 已有
2026-03-03 17:02:46,173|line:519| https://t.bilibili.com/1173931870484693031
2026-03-03 17:02:47,476|line:341| =========此为源动态=========
2026-03-03 17:02:50,844|line:362| *********子动态开始*********
2026-03-03 17:02:50,845|line:381| *********子动态结束*********
2026-03-03 17:02:50,845|line:537| -=-=-=-=处理回最初的动态-=-=-=-=
2026-03-03 17:02:57,049|line:475| 转发成功 1175614050267037698
2026-03-03 17:03:00,485|line:494| 评论发送成功
2026-03-03 17:03:08,317|line:436| 关注 ==== 39335598 0
2026-03-03 17:03:11,688|line:503| 动态-点赞 OK
2026-03-03 17:03:14,688|line:519| https://t.bilibili.com/1175321893666816018
2026-03-03 17:03:19,031|line:526| 官方 或 预约 OUT！
2026-03-03 17:03:19,032|line:519| https://t.bilibili.com/1175105367224352771
2026-03-03 17:03:19,032|line:521| 已有
2026-03-03 17:03:19,032|line:519| https://t.bilibili.com/1169917626553466899
2026-03-03 17:03:19,032|line:521| 已有
2026-03-03 17:03:19,032|line:519| https://t.bilibili.com/1174261122674458644
2026-03-03 17:03:21,382|line:526| 官方 或 预约 OUT！
2026-03-03 17:03:21,383|line:519| https://t.bilibili.com/1174493506192801792
2026-03-03 17:03:21,383|line:521| 已有
2026-03-03 17:03:21,383|line:519| https://t.bilibili.com/1174837382695878664
2026-03-03 17:03:23,690|line:526| 官方 或 预约 OUT！
2026-03-03 17:03:23,690|line:519| https://t.bilibili.com/1174864312140824582
2026-03-03 17:03:23,691|line:521| 已有
2026-03-03 17:03:23,691|line:552| 执行结束
2026-03-03 17:03:23,691|line:558| ==================================================2026-03-04 01:03==================================================
2026-03-03 17:03:23,691|line:232| processing article 46432286
2026-03-03 17:03:27,119|line:507| ==================================================2026-03-04 01:03==================================================
2026-03-03 17:03:27,119|line:519| https://t.bilibili.com/1175381368226447360
2026-03-03 17:03:29,537|line:341| =========此为源动态=========
2026-03-03 17:03:31,077|line:362| *********子动态开始*********
2026-03-03 17:03:31,077|line:381| *********子动态结束*********
2026-03-03 17:03:31,078|line:537| -=-=-=-=处理回最初的动态-=-=-=-=
2026-03-03 17:03:37,361|line:475| 转发成功 1175614226318753797
2026-03-03 17:03:40,784|line:494| 评论发送成功
2026-03-03 17:03:45,216|line:424| 238623328 === 已经关注了
2026-03-03 17:03:48,585|line:503| 动态-点赞 OK
2026-03-03 17:03:52,586|line:519| https://t.bilibili.com/1175417276321497125
2026-03-03 17:03:53,899|line:336| =========此为子动态=========
2026-03-03 17:03:56,309|line:400| *************原动态已存在***************
2026-03-03 17:04:00,846|line:362| *********子动态开始*********
2026-03-03 17:04:12,142|line:475| 转发成功 1175614376693989377
2026-03-03 17:04:15,553|line:494| 评论发送成功
2026-03-03 17:04:21,300|line:424| 1681276938 === 已经关注了
2026-03-03 17:04:21,300|line:376| ----完成一个子动态----
2026-03-03 17:04:29,652|line:475| 转发成功 1175614449707384853
2026-03-03 17:04:33,138|line:494| 评论发送成功
2026-03-03 17:04:41,050|line:424| 242136088 === 已经关注了
2026-03-03 17:04:41,051|line:376| ----完成一个子动态----
2026-03-03 17:04:49,434|line:475| 转发成功 1175614535551156228
2026-03-03 17:04:52,877|line:494| 评论发送成功
2026-03-03 17:04:57,673|line:424| 397664175 === 已经关注了
2026-03-03 17:04:57,673|line:376| ----完成一个子动态----
2026-03-03 17:04:57,674|line:381| *********子动态结束*********
2026-03-03 17:05:01,674|line:519| https://t.bilibili.com/1174762892975669252
2026-03-03 17:05:06,016|line:341| =========此为源动态=========
2026-03-03 17:05:10,571|line:362| *********子动态开始*********
2026-03-03 17:05:10,572|line:381| *********子动态结束*********
2026-03-03 17:05:10,572|line:537| -=-=-=-=处理回最初的动态-=-=-=-=
2026-03-03 17:05:19,908|line:475| 转发成功 1175614664415903779
2026-03-03 17:05:23,359|line:494| 评论发送成功
2026-03-03 17:05:24,788|line:424| 3546725434263665 === 已经关注了
2026-03-03 17:05:28,153|line:503| 动态-点赞 OK
2026-03-03 17:05:30,154|line:519| https://t.bilibili.com/1158766847743492101
2026-03-03 17:05:30,154|line:521| 已有
2026-03-03 17:05:30,154|line:519| https://t.bilibili.com/1174391807805489172
2026-03-03 17:05:32,469|line:341| =========此为源动态=========
2026-03-03 17:05:36,930|line:362| *********子动态开始*********
2026-03-03 17:05:36,930|line:381| *********子动态结束*********
2026-03-03 17:05:36,930|line:537| -=-=-=-=处理回最初的动态-=-=-=-=
2026-03-03 17:05:45,196|line:475| 转发成功 1175614776130142210
2026-03-03 17:05:48,638|line:494| 评论发送成功
2026-03-03 17:05:52,030|line:424| 3546725434263665 === 已经关注了
2026-03-03 17:05:55,406|line:503| 动态-点赞 OK
2026-03-03 17:05:59,407|line:519| https://t.bilibili.com/1175519633985241127
2026-03-03 17:06:01,718|line:336| =========此为子动态=========
2026-03-03 17:06:03,236|line:387| *************原动态处理开始***************
2026-03-03 17:06:11,183|line:475| 转发成功 1175614887737425929
2026-03-03 17:06:14,668|line:494| 评论发送成功
2026-03-03 17:06:17,182|line:424| 26012012 === 已经关注了
2026-03-03 17:06:20,525|line:503| 动态-点赞 OK
2026-03-03 17:06:20,525|line:396| *************原动态处理完成***************
2026-03-03 17:06:22,086|line:362| *********子动态开始*********
2026-03-03 17:06:32,594|line:475| 转发成功 1175614977976827922
2026-03-03 17:06:36,062|line:494| 评论发送成功
2026-03-03 17:06:42,829|line:424| 26012012 === 已经关注了
2026-03-03 17:06:42,830|line:376| ----完成一个子动态----
2026-03-03 17:06:42,831|line:381| *********子动态结束*********
2026-03-03 17:06:45,831|line:519| https://t.bilibili.com/1175375812736581633
2026-03-03 17:06:48,296|line:526| 官方 或 预约 OUT！
2026-03-03 17:06:48,296|line:519| https://t.bilibili.com/1175210310462603302
2026-03-03 17:06:48,296|line:521| 已有
2026-03-03 17:06:48,296|line:519| https://t.bilibili.com/1175191275110924293
2026-03-03 17:06:50,611|line:341| =========此为源动态=========
2026-03-03 17:06:53,200|line:362| *********子动态开始*********
2026-03-03 17:06:53,200|line:381| *********子动态结束*********
2026-03-03 17:06:53,200|line:537| -=-=-=-=处理回最初的动态-=-=-=-=
2026-03-03 17:07:03,608|line:475| 转发成功 1175615111125008388
2026-03-03 17:07:06,975|line:548| 'NoneType' object is not subscriptable
2026-03-03 17:07:06,975|line:549| error line:541
2026-03-03 17:07:07,976|line:519| https://t.bilibili.com/1175510064780279833
2026-03-03 17:07:11,317|line:341| =========此为源动态=========
2026-03-03 17:07:14,824|line:362| *********子动态开始*********
2026-03-03 17:07:14,824|line:381| *********子动态结束*********
2026-03-03 17:07:14,825|line:537| -=-=-=-=处理回最初的动态-=-=-=-=
2026-03-03 17:07:23,210|line:475| 转发成功 1175615197028548611
2026-03-03 17:07:26,700|line:494| 评论发送成功
2026-03-03 17:07:33,584|line:436| 关注 ==== 431674049 0
2026-03-03 17:07:36,929|line:503| 动态-点赞 OK
2026-03-03 17:07:40,930|line:519| https://t.bilibili.com/1175505063330709522
2026-03-03 17:07:43,245|line:341| =========此为源动态=========
2026-03-03 17:07:47,622|line:362| *********子动态开始*********
2026-03-03 17:07:47,623|line:381| *********子动态结束*********
2026-03-03 17:07:47,623|line:537| -=-=-=-=处理回最初的动态-=-=-=-=
2026-03-03 17:07:54,909|line:475| 转发成功 1175615330133737491
2026-03-03 17:07:58,344|line:494| 评论发送成功
2026-03-03 17:07:59,731|line:424| 2137338328 === 已经关注了
2026-03-03 17:08:03,062|line:503| 动态-点赞 OK
2026-03-03 17:08:06,063|line:519| https://t.bilibili.com/1175509652501168180
2026-03-03 17:08:10,370|line:341| =========此为源动态=========
2026-03-03 17:08:14,716|line:362| *********子动态开始*********
2026-03-03 17:08:14,716|line:381| *********子动态结束*********
2026-03-03 17:08:14,717|line:537| -=-=-=-=处理回最初的动态-=-=-=-=
2026-03-03 17:08:22,153|line:475| 转发成功 1175615450431619072
2026-03-03 17:08:25,603|line:494| 评论发送成功
2026-03-03 17:08:28,986|line:424| 407029461 === 已经关注了
2026-03-03 17:08:32,322|line:503| 动态-点赞 OK
2026-03-03 17:08:34,322|line:519| https://t.bilibili.com/1175489601410695185
2026-03-03 17:08:34,322|line:521| 已有
2026-03-03 17:08:34,322|line:519| https://t.bilibili.com/1175505063286669312
2026-03-03 17:08:35,637|line:526| 官方 或 预约 OUT！
2026-03-03 17:08:35,637|line:519| https://t.bilibili.com/1175105938441371649
2026-03-03 17:08:39,985|line:341| =========此为源动态=========
2026-03-03 17:08:43,554|line:362| *********子动态开始*********
2026-03-03 17:08:43,555|line:381| *********子动态结束*********
2026-03-03 17:08:43,555|line:537| -=-=-=-=处理回最初的动态-=-=-=-=
2026-03-03 17:08:54,827|line:475| 转发成功 1175615587846455299
2026-03-03 17:08:58,264|line:494| 评论发送成功
2026-03-03 17:08:59,662|line:424| 1930420310 === 已经关注了
2026-03-03 17:09:03,032|line:503| 动态-点赞 OK
2026-03-03 17:09:05,032|line:519| https://t.bilibili.com/1175502486345089046
2026-03-03 17:09:07,405|line:341| =========此为源动态=========
2026-03-03 17:09:08,761|line:362| *********子动态开始*********
2026-03-03 17:09:08,761|line:381| *********子动态结束*********
2026-03-03 17:09:08,762|line:537| -=-=-=-=处理回最初的动态-=-=-=-=
2026-03-03 17:09:17,091|line:475| 转发成功 1175615682338881543
2026-03-03 17:09:20,559|line:494| 评论发送成功
2026-03-03 17:09:22,981|line:424| 20467627 === 已经关注了
2026-03-03 17:09:26,316|line:503| 动态-点赞 OK
2026-03-03 17:09:30,317|line:519| https://t.bilibili.com/1175468833121501203
2026-03-03 17:09:31,660|line:526| 官方 或 预约 OUT！
2026-03-03 17:09:31,660|line:519| https://t.bilibili.com/1175497330245238804
2026-03-03 17:09:35,010|line:341| =========此为源动态=========
2026-03-03 17:09:36,409|line:362| *********子动态开始*********
2026-03-03 17:09:36,409|line:381| *********子动态结束*********
2026-03-03 17:09:36,409|line:537| -=-=-=-=处理回最初的动态-=-=-=-=
2026-03-03 17:09:45,847|line:475| 转发成功 1175615806868815895
2026-03-03 17:09:49,348|line:494| 评论发送成功
2026-03-03 17:09:51,732|line:424| 200504782 === 已经关注了
2026-03-03 17:09:55,062|line:503| 动态-点赞 OK
2026-03-03 17:09:59,063|line:519| https://t.bilibili.com/1175396830149607443
2026-03-03 17:10:03,484|line:341| =========此为源动态=========
2026-03-03 17:10:05,863|line:362| *********子动态开始*********
2026-03-03 17:10:05,864|line:381| *********子动态结束*********
2026-03-03 17:10:05,864|line:537| -=-=-=-=处理回最初的动态-=-=-=-=
2026-03-03 17:10:15,291|line:475| 转发成功 1175615935717834754
2026-03-03 17:10:18,733|line:494| 评论发送成功
2026-03-03 17:10:20,137|line:424| 1312702972 === 已经关注了
2026-03-03 17:10:23,483|line:503| 动态-点赞 OK
2026-03-03 17:10:26,484|line:519| https://t.bilibili.com/1175321893666816018
2026-03-03 17:10:27,827|line:526| 官方 或 预约 OUT！
2026-03-03 17:10:27,827|line:519| https://t.bilibili.com/1175372423976976385
2026-03-03 17:10:29,132|line:341| =========此为源动态=========
2026-03-03 17:10:31,489|line:362| *********子动态开始*********
2026-03-03 17:10:31,490|line:381| *********子动态结束*********
2026-03-03 17:10:31,490|line:537| -=-=-=-=处理回最初的动态-=-=-=-=
2026-03-03 17:10:39,776|line:475| 转发成功 1175616038804389897
2026-03-03 17:10:43,243|line:494| 评论发送成功
2026-03-03 17:10:46,655|line:424| 3546923738860114 === 已经关注了
2026-03-03 17:10:49,993|line:503| 动态-点赞 OK
2026-03-03 17:10:53,994|line:519| https://t.bilibili.com/1175435581487841284
2026-03-03 17:10:58,311|line:526| 官方 或 预约 OUT！
2026-03-03 17:10:58,312|line:519| https://t.bilibili.com/1175381834267099160
2026-03-03 17:10:59,655|line:341| =========此为源动态=========
2026-03-03 17:11:04,091|line:362| *********子动态开始*********
2026-03-03 17:11:04,092|line:381| *********子动态结束*********
2026-03-03 17:11:04,092|line:537| -=-=-=-=处理回最初的动态-=-=-=-=
2026-03-03 17:11:16,412|line:475| 转发成功 1175616197740199959
2026-03-03 17:11:19,854|line:494| 评论发送成功
2026-03-03 17:11:23,239|line:424| 524845477 === 已经关注了
2026-03-03 17:11:26,604|line:503| 动态-点赞 OK
2026-03-03 17:11:28,604|line:519| https://t.bilibili.com/1175373347405430790
2026-03-03 17:11:31,026|line:341| =========此为源动态=========
2026-03-03 17:11:34,398|line:362| *********子动态开始*********
2026-03-03 17:11:34,399|line:381| *********子动态结束*********
2026-03-03 17:11:34,399|line:537| -=-=-=-=处理回最初的动态-=-=-=-=
2026-03-03 17:11:41,713|line:475| 转发成功 1175616305138499585
2026-03-03 17:11:45,161|line:494| 评论发送成功
2026-03-03 17:11:48,553|line:424| 79955050 === 已经关注了
2026-03-03 17:11:51,912|line:503| 动态-点赞 OK
2026-03-03 17:11:55,913|line:519| https://t.bilibili.com/1175105367224352771
2026-03-03 17:11:55,913|line:521| 已有
2026-03-03 17:11:55,913|line:519| https://t.bilibili.com/1175365906360958980
2026-03-03 17:11:58,225|line:341| =========此为源动态=========
2026-03-03 17:11:59,563|line:362| *********子动态开始*********
2026-03-03 17:11:59,564|line:381| *********子动态结束*********
2026-03-03 17:11:59,564|line:537| -=-=-=-=处理回最初的动态-=-=-=-=
2026-03-03 17:12:07,934|line:475| 转发成功 1175616416757317632
2026-03-03 17:12:11,355|line:494| 评论发送成功
2026-03-03 17:12:15,779|line:424| 483980557 === 已经关注了
2026-03-03 17:12:19,143|line:503| 动态-点赞 OK
2026-03-03 17:12:21,144|line:519| https://t.bilibili.com/1175526278308036617
2026-03-03 17:12:24,582|line:341| =========此为源动态=========
2026-03-03 17:12:26,125|line:362| *********子动态开始*********
2026-03-03 17:12:26,126|line:381| *********子动态结束*********
2026-03-03 17:12:26,126|line:537| -=-=-=-=处理回最初的动态-=-=-=-=
2026-03-03 17:12:32,341|line:475| 转发成功 1175616524119965696
2026-03-03 17:12:35,814|line:494| 评论发送成功
2026-03-03 17:12:37,228|line:424| 147546636 === 已经关注了
2026-03-03 17:12:40,599|line:503| 动态-点赞 OK
2026-03-03 17:12:43,600|line:519| https://t.bilibili.com/1175505063323369490
2026-03-03 17:12:45,915|line:341| =========此为源动态=========
2026-03-03 17:12:48,451|line:362| *********子动态开始*********
2026-03-03 17:12:48,451|line:381| *********子动态结束*********
2026-03-03 17:12:48,452|line:537| -=-=-=-=处理回最初的动态-=-=-=-=
2026-03-03 17:12:58,752|line:475| 转发成功 1175616635831058440
2026-03-03 17:13:02,154|line:494| 评论发送成功
2026-03-03 17:13:06,568|line:424| 1263987303 === 已经关注了
2026-03-03 17:13:09,959|line:503| 动态-点赞 OK
2026-03-03 17:13:13,960|line:519| https://t.bilibili.com/1175505063298203648
2026-03-03 17:13:17,306|line:341| =========此为源动态=========
2026-03-03 17:13:19,842|line:362| *********子动态开始*********
2026-03-03 17:13:19,842|line:381| *********子动态结束*********
2026-03-03 17:13:19,843|line:537| -=-=-=-=处理回最初的动态-=-=-=-=
2026-03-03 17:13:29,063|line:475| 转发成功 1175616764665397257
2026-03-03 17:13:32,490|line:494| 评论发送成功
2026-03-03 17:13:33,906|line:424| 399259929 === 已经关注了
2026-03-03 17:13:37,280|line:503| 动态-点赞 OK
2026-03-03 17:13:38,281|line:519| https://t.bilibili.com/1175072914462998528
2026-03-03 17:13:40,625|line:341| =========此为源动态=========
2026-03-03 17:13:43,012|line:362| *********子动态开始*********
2026-03-03 17:13:43,012|line:381| *********子动态结束*********
2026-03-03 17:13:43,012|line:537| -=-=-=-=处理回最初的动态-=-=-=-=
2026-03-03 17:13:51,222|line:475| 转发成功 1175616863449645061
2026-03-03 17:13:54,636|line:494| 评论发送成功
2026-03-03 17:13:58,071|line:424| 690588074 === 已经关注了
2026-03-03 17:14:01,429|line:503| 动态-点赞 OK
2026-03-03 17:14:03,430|line:519| https://t.bilibili.com/1175410563256156183
2026-03-03 17:14:03,430|line:521| 已有
2026-03-03 17:14:03,430|line:519| https://t.bilibili.com/1175381368258953233
2026-03-03 17:14:06,825|line:341| =========此为源动态=========
2026-03-03 17:14:10,366|line:362| *********子动态开始*********
2026-03-03 17:14:10,366|line:381| *********子动态结束*********
2026-03-03 17:14:10,367|line:537| -=-=-=-=处理回最初的动态-=-=-=-=
2026-03-03 17:14:21,603|line:475| 转发成功 1175616992296566806
2026-03-03 17:14:25,045|line:494| 评论发送成功
2026-03-03 17:14:31,862|line:436| 关注 ==== 1871737115 0
2026-03-03 17:14:35,263|line:503| 动态-点赞 OK
2026-03-03 17:14:39,263|line:519| https://t.bilibili.com/1175492073155985412
2026-03-03 17:14:40,626|line:341| =========此为源动态=========
2026-03-03 17:14:44,172|line:362| *********子动态开始*********
2026-03-03 17:14:44,173|line:381| *********子动态结束*********
2026-03-03 17:14:44,173|line:537| -=-=-=-=处理回最初的动态-=-=-=-=
2026-03-03 17:14:54,780|line:475| 转发成功 1175617134013710361
2026-03-03 17:14:58,226|line:494| 评论发送成功
2026-03-03 17:15:00,650|line:424| 238623328 === 已经关注了
2026-03-03 17:15:04,083|line:503| 动态-点赞 OK
2026-03-03 17:15:08,083|line:519| https://t.bilibili.com/1175381368234835976
2026-03-03 17:15:11,392|line:341| =========此为源动态=========
2026-03-03 17:15:14,777|line:362| *********子动态开始*********
2026-03-03 17:15:14,778|line:381| *********子动态结束*********
2026-03-03 17:15:14,778|line:537| -=-=-=-=处理回最初的动态-=-=-=-=
2026-03-03 17:15:23,949|line:475| 转发成功 1175617258613899264
2026-03-03 17:15:27,449|line:494| 评论发送成功
2026-03-03 17:15:30,879|line:424| 429643625 === 已经关注了
2026-03-03 17:15:34,248|line:503| 动态-点赞 OK
2026-03-03 17:15:38,248|line:519| https://t.bilibili.com/1175497332338196480
2026-03-03 17:15:42,597|line:341| =========此为源动态=========
2026-03-03 17:15:45,111|line:362| *********子动态开始*********
2026-03-03 17:15:45,112|line:381| *********子动态结束*********
2026-03-03 17:15:45,112|line:537| -=-=-=-=处理回最初的动态-=-=-=-=
2026-03-03 17:15:56,395|line:475| 转发成功 1175617400349917190
2026-03-03 17:15:59,836|line:494| 评论发送成功
2026-03-03 17:16:05,724|line:436| 关注 ==== 3546948147612449 0
2026-03-03 17:16:09,052|line:503| 动态-点赞 OK
2026-03-03 17:16:11,052|line:519| https://t.bilibili.com/1168149139405406229
2026-03-03 17:16:14,362|line:526| 官方 或 预约 OUT！
2026-03-03 17:16:14,362|line:519| https://t.bilibili.com/1175476731582087168
2026-03-03 17:16:17,717|line:341| =========此为源动态=========
2026-03-03 17:16:20,088|line:362| *********子动态开始*********
2026-03-03 17:16:20,088|line:381| *********子动态结束*********
2026-03-03 17:16:20,089|line:537| -=-=-=-=处理回最初的动态-=-=-=-=
2026-03-03 17:16:28,381|line:475| 转发成功 1175617537764753415
2026-03-03 17:16:31,778|line:494| 评论发送成功
2026-03-03 17:16:35,191|line:424| 436170053 === 已经关注了
2026-03-03 17:16:38,553|line:503| 动态-点赞 OK
2026-03-03 17:16:39,554|line:519| https://t.bilibili.com/1175410082280636441
2026-03-03 17:16:39,554|line:521| 已有
2026-03-03 17:16:39,554|line:519| https://t.bilibili.com/1175484419526361105
2026-03-03 17:16:41,897|line:526| 官方 或 预约 OUT！
2026-03-03 17:16:41,897|line:519| https://t.bilibili.com/1175457232414834706
2026-03-03 17:16:46,239|line:341| =========此为源动态=========
2026-03-03 17:16:50,621|line:362| *********子动态开始*********
2026-03-03 17:16:50,621|line:381| *********子动态结束*********
2026-03-03 17:16:50,621|line:537| -=-=-=-=处理回最初的动态-=-=-=-=
2026-03-03 17:17:01,823|line:475| 转发成功 1175617679508111381
2026-03-03 17:17:05,319|line:494| 评论发送成功
2026-03-03 17:17:07,760|line:424| 2124352378 === 已经关注了
2026-03-03 17:17:11,087|line:503| 动态-点赞 OK
2026-03-03 17:17:15,087|line:519| https://t.bilibili.com/1175434632294825992
2026-03-03 17:17:19,431|line:341| =========此为源动态=========
2026-03-03 17:17:21,999|line:362| *********子动态开始*********
2026-03-03 17:17:22,000|line:381| *********子动态结束*********
2026-03-03 17:17:22,000|line:537| -=-=-=-=处理回最初的动态-=-=-=-=
2026-03-03 17:17:31,375|line:475| 转发成功 1175617808371810328
2026-03-03 17:17:34,782|line:494| 评论发送成功
2026-03-03 17:17:37,201|line:424| 1536750746 === 已经关注了
2026-03-03 17:17:40,532|line:503| 动态-点赞 OK
2026-03-03 17:17:41,532|line:519| https://t.bilibili.com/1175537118812831753
2026-03-03 17:17:42,950|line:341| =========此为源动态=========
2026-03-03 17:17:45,463|line:362| *********子动态开始*********
2026-03-03 17:17:45,464|line:381| *********子动态结束*********
2026-03-03 17:17:45,464|line:537| -=-=-=-=处理回最初的动态-=-=-=-=
2026-03-03 17:17:52,656|line:475| 转发成功 1175617898561929240
2026-03-03 17:17:56,019|line:494| 评论发送成功
2026-03-03 17:17:57,474|line:424| 245684615 === 已经关注了
2026-03-03 17:18:00,887|line:503| 动态-点赞 OK
2026-03-03 17:18:04,888|line:519| https://t.bilibili.com/1175350444507004929
2026-03-03 17:18:07,195|line:341| =========此为源动态=========
2026-03-03 17:18:11,560|line:362| *********子动态开始*********
2026-03-03 17:18:11,561|line:381| *********子动态结束*********
2026-03-03 17:18:11,561|line:537| -=-=-=-=处理回最初的动态-=-=-=-=
2026-03-03 17:18:19,982|line:475| 转发成功 1175618014488297475
2026-03-03 17:18:23,401|line:494| 评论发送成功
2026-03-03 17:18:25,826|line:424| 544161405 === 已经关注了
2026-03-03 17:18:29,166|line:503| 动态-点赞 OK
2026-03-03 17:18:30,167|line:519| https://t.bilibili.com/1175389294593835013
2026-03-03 17:18:33,473|line:341| =========此为源动态=========
2026-03-03 17:18:35,813|line:362| *********子动态开始*********
2026-03-03 17:18:35,814|line:381| *********子动态结束*********
2026-03-03 17:18:35,814|line:537| -=-=-=-=处理回最初的动态-=-=-=-=
2026-03-03 17:18:47,064|line:475| 转发成功 1175618130466045956
2026-03-03 17:18:50,510|line:494| 评论发送成功
2026-03-03 17:18:54,957|line:424| 1779174270 === 已经关注了
2026-03-03 17:18:58,284|line:503| 动态-点赞 OK
2026-03-03 17:19:01,285|line:519| https://t.bilibili.com/1175507530757963796
2026-03-03 17:19:02,680|line:341| =========此为源动态=========
2026-03-03 17:19:06,256|line:362| *********子动态开始*********
2026-03-03 17:19:06,256|line:381| *********子动态结束*********
2026-03-03 17:19:06,256|line:537| -=-=-=-=处理回最初的动态-=-=-=-=
2026-03-03 17:19:15,544|line:475| 转发成功 1175618255044214801
2026-03-03 17:19:18,981|line:494| 评论发送成功
2026-03-03 17:19:22,379|line:424| 3493259242375305 === 已经关注了
2026-03-03 17:19:25,794|line:503| 动态-点赞 OK
2026-03-03 17:19:27,794|line:519| https://t.bilibili.com/1173885914338820100
2026-03-03 17:19:29,110|line:526| 官方 或 预约 OUT！
2026-03-03 17:19:29,110|line:519| https://t.bilibili.com/1175397087796264965
2026-03-03 17:19:32,453|line:341| =========此为源动态=========
2026-03-03 17:19:34,995|line:362| *********子动态开始*********
2026-03-03 17:19:34,996|line:381| *********子动态结束*********
2026-03-03 17:19:34,996|line:537| -=-=-=-=处理回最初的动态-=-=-=-=
2026-03-03 17:19:45,211|line:475| 转发成功 1175618383880650754
2026-03-03 17:19:48,636|line:494| 评论发送成功
2026-03-03 17:19:53,137|line:424| 79955050 === 已经关注了
2026-03-03 17:19:56,501|line:503| 动态-点赞 OK
2026-03-03 17:19:59,502|line:519| https://t.bilibili.com/1175366823343816710
2026-03-03 17:20:03,936|line:526| 官方 或 预约 OUT！
2026-03-03 17:20:03,937|line:519| https://t.bilibili.com/1175478995010977799
2026-03-03 17:20:07,317|line:341| =========此为源动态=========
2026-03-03 17:20:08,840|line:362| *********子动态开始*********
2026-03-03 17:20:08,841|line:381| *********子动态结束*********
2026-03-03 17:20:08,841|line:537| -=-=-=-=处理回最初的动态-=-=-=-=
2026-03-03 17:20:18,149|line:475| 转发成功 1175618525601988609
2026-03-03 17:20:21,481|line:548| 'NoneType' object is not subscriptable
2026-03-03 17:20:21,482|line:549| error line:541
2026-03-03 17:20:25,482|line:519| https://t.bilibili.com/1175474206124539908
2026-03-03 17:20:28,797|line:341| =========此为源动态=========
2026-03-03 17:20:30,130|line:362| *********子动态开始*********
2026-03-03 17:20:30,131|line:381| *********子动态结束*********
2026-03-03 17:20:30,131|line:537| -=-=-=-=处理回最初的动态-=-=-=-=
2026-03-03 17:20:39,493|line:475| 转发成功 1175618615782670339
2026-03-03 17:20:42,844|line:494| 评论发送成功
2026-03-03 17:20:44,275|line:424| 238623328 === 已经关注了
2026-03-03 17:20:47,643|line:503| 动态-点赞 OK
2026-03-03 17:20:48,644|line:519| https://t.bilibili.com/1175434507747065856
2026-03-03 17:20:51,986|line:341| =========此为源动态=========
2026-03-03 17:20:56,335|line:362| *********子动态开始*********
2026-03-03 17:20:56,336|line:381| *********子动态结束*********
2026-03-03 17:20:56,336|line:537| -=-=-=-=处理回最初的动态-=-=-=-=
2026-03-03 17:21:07,766|line:475| 转发成功 1175618736076357654
2026-03-03 17:21:11,174|line:494| 评论发送成功
2026-03-03 17:21:19,154|line:436| 关注 ==== 443249451 0
2026-03-03 17:21:22,498|line:503| 动态-点赞 OK
2026-03-03 17:21:23,499|line:519| https://t.bilibili.com/1175412292030824455
2026-03-03 17:21:24,925|line:341| =========此为源动态=========
2026-03-03 17:21:27,358|line:362| *********子动态开始*********
2026-03-03 17:21:27,359|line:381| *********子动态结束*********
2026-03-03 17:21:27,359|line:537| -=-=-=-=处理回最初的动态-=-=-=-=
2026-03-03 17:21:37,906|line:475| 转发成功 1175618864919085077
2026-03-03 17:21:41,330|line:494| 评论发送成功
2026-03-03 17:21:42,750|line:424| 231896831 === 已经关注了
2026-03-03 17:21:46,079|line:503| 动态-点赞 OK
2026-03-03 17:21:50,079|line:519| https://t.bilibili.com/1175415841831780376
2026-03-03 17:21:52,424|line:341| =========此为源动态=========
2026-03-03 17:21:55,003|line:362| *********子动态开始*********
2026-03-03 17:21:55,004|line:381| *********子动态结束*********
2026-03-03 17:21:55,004|line:537| -=-=-=-=处理回最初的动态-=-=-=-=
2026-03-03 17:22:05,327|line:475| 转发成功 1175618985146712069
2026-03-03 17:22:08,773|line:494| 评论发送成功
2026-03-03 17:22:11,232|line:424| 3494361113299785 === 已经关注了
2026-03-03 17:22:14,600|line:503| 动态-点赞 OK
2026-03-03 17:22:15,601|line:519| https://t.bilibili.com/1175381368251613216
2026-03-03 17:22:17,997|line:341| =========此为源动态=========
2026-03-03 17:22:19,347|line:362| *********子动态开始*********
2026-03-03 17:22:19,347|line:381| *********子动态结束*********
2026-03-03 17:22:19,348|line:537| -=-=-=-=处理回最初的动态-=-=-=-=
2026-03-03 17:22:26,558|line:475| 转发成功 1175619075346268165
2026-03-03 17:22:29,962|line:494| 评论发送成功
2026-03-03 17:22:32,370|line:424| 1310714247 === 已经关注了
2026-03-03 17:22:35,765|line:503| 动态-点赞 OK
2026-03-03 17:22:37,765|line:519| https://t.bilibili.com/1175477839665823752
2026-03-03 17:22:42,277|line:526| 官方 或 预约 OUT！
2026-03-03 17:22:42,278|line:519| https://t.bilibili.com/1175395015474544649
2026-03-03 17:22:44,621|line:341| =========此为源动态=========
2026-03-03 17:22:45,975|line:362| *********子动态开始*********
2026-03-03 17:22:45,976|line:381| *********子动态结束*********
2026-03-03 17:22:45,976|line:537| -=-=-=-=处理回最初的动态-=-=-=-=
2026-03-03 17:22:57,214|line:475| 转发成功 1175619208536391684
2026-03-03 17:23:00,660|line:494| 评论发送成功
2026-03-03 17:23:05,146|line:424| 84567302 === 已经关注了
2026-03-03 17:23:08,482|line:503| 动态-点赞 OK
2026-03-03 17:23:10,482|line:519| https://t.bilibili.com/1175520525197246469
2026-03-03 17:23:12,829|line:341| =========此为源动态=========
2026-03-03 17:23:15,362|line:362| *********子动态开始*********
2026-03-03 17:23:15,362|line:381| *********子动态结束*********
2026-03-03 17:23:15,363|line:537| -=-=-=-=处理回最初的动态-=-=-=-=
2026-03-03 17:23:24,533|line:475| 转发成功 1175619324495265798
2026-03-03 17:23:27,965|line:494| 评论发送成功
2026-03-03 17:23:34,718|line:436| 关注 ==== 3546844231633349 0
2026-03-03 17:23:38,090|line:503| 动态-点赞 OK
2026-03-03 17:23:41,091|line:519| https://t.bilibili.com/1175404623362523139
2026-03-03 17:23:44,408|line:341| =========此为源动态=========
2026-03-03 17:23:48,984|line:362| *********子动态开始*********
2026-03-03 17:23:48,984|line:381| *********子动态结束*********
2026-03-03 17:23:48,984|line:537| -=-=-=-=处理回最初的动态-=-=-=-=
2026-03-03 17:23:56,266|line:475| 转发成功 1175619461939462150
2026-03-03 17:23:59,665|line:494| 评论发送成功
2026-03-03 17:24:04,083|line:424| 34932803 === 已经关注了
2026-03-03 17:24:07,410|line:503| 动态-点赞 OK
2026-03-03 17:24:10,411|line:519| https://t.bilibili.com/1175517215899779079
2026-03-03 17:24:14,754|line:526| 官方 或 预约 OUT！
2026-03-03 17:24:14,754|line:519| https://t.bilibili.com/1175528447250792450
2026-03-03 17:24:17,098|line:341| =========此为源动态=========
2026-03-03 17:24:20,608|line:362| *********子动态开始*********
2026-03-03 17:24:20,608|line:381| *********子动态结束*********
2026-03-03 17:24:20,608|line:537| -=-=-=-=处理回最初的动态-=-=-=-=
2026-03-03 17:24:30,911|line:475| 转发成功 1175619607945281558
2026-03-03 17:24:34,368|line:494| 评论发送成功
2026-03-03 17:24:38,782|line:424| 1917691550 === 已经关注了
2026-03-03 17:24:42,131|line:503| 动态-点赞 OK
2026-03-03 17:24:45,132|line:519| https://t.bilibili.com/1175350444492324868
2026-03-03 17:24:49,507|line:341| =========此为源动态=========
2026-03-03 17:24:51,925|line:362| *********子动态开始*********
2026-03-03 17:24:51,926|line:381| *********子动态结束*********
2026-03-03 17:24:51,926|line:537| -=-=-=-=处理回最初的动态-=-=-=-=
2026-03-03 17:25:03,117|line:475| 转发成功 1175619745394720776
2026-03-03 17:25:06,575|line:494| 评论发送成功
2026-03-03 17:25:10,987|line:424| 9089321 === 已经关注了
2026-03-03 17:25:14,375|line:503| 动态-点赞 OK
2026-03-03 17:25:15,376|line:519| https://t.bilibili.com/1175396830128635929
2026-03-03 17:25:16,698|line:341| =========此为源动态=========
2026-03-03 17:25:19,237|line:362| *********子动态开始*********
2026-03-03 17:25:19,238|line:381| *********子动态结束*********
2026-03-03 17:25:19,238|line:537| -=-=-=-=处理回最初的动态-=-=-=-=
2026-03-03 17:25:28,525|line:475| 转发成功 1175619857017733124
2026-03-03 17:25:31,954|line:494| 评论发送成功
2026-03-03 17:25:34,364|line:424| 3546599741458758 === 已经关注了
2026-03-03 17:25:37,726|line:503| 动态-点赞 OK
2026-03-03 17:25:41,726|line:519| https://t.bilibili.com/1175453624616091657
2026-03-03 17:25:43,032|line:341| =========此为源动态=========
2026-03-03 17:25:46,566|line:362| *********子动态开始*********
2026-03-03 17:25:46,566|line:381| *********子动态结束*********
2026-03-03 17:25:46,567|line:537| -=-=-=-=处理回最初的动态-=-=-=-=
2026-03-03 17:25:54,829|line:475| 转发成功 1175619968708902931
2026-03-03 17:25:58,285|line:494| 评论发送成功
2026-03-03 17:26:01,678|line:424| 3494372228204559 === 已经关注了
2026-03-03 17:26:05,042|line:503| 动态-点赞 OK
2026-03-03 17:26:09,043|line:519| https://t.bilibili.com/1175409715024232457
2026-03-03 17:26:13,421|line:341| =========此为源动态=========
2026-03-03 17:26:17,795|line:362| *********子动态开始*********
2026-03-03 17:26:17,795|line:381| *********子动态结束*********
2026-03-03 17:26:17,796|line:537| -=-=-=-=处理回最初的动态-=-=-=-=
2026-03-03 17:26:28,156|line:475| 转发成功 1175620110434435108
2026-03-03 17:26:31,597|line:494| 评论发送成功
2026-03-03 17:26:36,020|line:424| 20467627 === 已经关注了
2026-03-03 17:26:39,346|line:503| 动态-点赞 OK
2026-03-03 17:26:40,347|line:519| https://t.bilibili.com/1175505063334903830
2026-03-03 17:26:42,811|line:341| =========此为源动态=========
2026-03-03 17:26:46,325|line:362| *********子动态开始*********
2026-03-03 17:26:46,326|line:381| *********子动态结束*********
2026-03-03 17:26:46,326|line:537| -=-=-=-=处理回最初的动态-=-=-=-=
2026-03-03 17:26:55,619|line:475| 转发成功 1175620230706102289
2026-03-03 17:26:59,026|line:494| 评论发送成功
2026-03-03 17:27:00,488|line:424| 3546733590087876 === 已经关注了
2026-03-03 17:27:03,832|line:503| 动态-点赞 OK
2026-03-03 17:27:05,832|line:519| https://t.bilibili.com/1175412292031873080
2026-03-03 17:27:10,173|line:341| =========此为源动态=========
2026-03-03 17:27:13,518|line:362| *********子动态开始*********
2026-03-03 17:27:13,518|line:381| *********子动态结束*********
2026-03-03 17:27:13,518|line:537| -=-=-=-=处理回最初的动态-=-=-=-=
2026-03-03 17:27:25,701|line:475| 转发成功 1175620359567704066
2026-03-03 17:27:29,123|line:494| 评论发送成功
2026-03-03 17:27:31,575|line:424| 9535164 === 已经关注了
2026-03-03 17:27:34,914|line:503| 动态-点赞 OK
2026-03-03 17:27:35,914|line:519| https://t.bilibili.com/1175145280347045894
2026-03-03 17:27:38,235|line:526| 官方 或 预约 OUT！
2026-03-03 17:27:38,236|line:519| https://t.bilibili.com/1175375670969106457
2026-03-03 17:27:41,578|line:341| =========此为源动态=========
2026-03-03 17:27:44,082|line:362| *********子动态开始*********
2026-03-03 17:27:44,082|line:381| *********子动态结束*********
2026-03-03 17:27:44,082|line:537| -=-=-=-=处理回最初的动态-=-=-=-=
2026-03-03 17:27:51,317|line:475| 转发成功 1175620471210639367
2026-03-03 17:27:54,833|line:494| 评论发送成功
2026-03-03 17:27:57,291|line:424| 273212397 === 已经关注了
2026-03-03 17:28:00,620|line:503| 动态-点赞 OK
2026-03-03 17:28:01,620|line:519| https://t.bilibili.com/1175369438944296967
2026-03-03 17:28:03,938|line:341| =========此为源动态=========
2026-03-03 17:28:05,333|line:362| *********子动态开始*********
2026-03-03 17:28:05,334|line:381| *********子动态结束*********
2026-03-03 17:28:05,334|line:537| -=-=-=-=处理回最初的动态-=-=-=-=
2026-03-03 17:28:15,903|line:475| 转发成功 1175620574285660182
2026-03-03 17:28:19,493|line:494| 评论发送成功
2026-03-03 17:28:21,919|line:424| 1521701206 === 已经关注了
2026-03-03 17:28:25,286|line:503| 动态-点赞 OK
2026-03-03 17:28:28,287|line:519| https://t.bilibili.com/1175403425041481731
2026-03-03 17:28:29,630|line:526| 官方 或 预约 OUT！
2026-03-03 17:28:29,630|line:519| https://t.bilibili.com/1169917626553466899
2026-03-03 17:28:29,630|line:521| 已有
2026-03-03 17:28:29,630|line:519| https://t.bilibili.com/1175436414698913796
2026-03-03 17:28:30,946|line:526| 官方 或 预约 OUT！
2026-03-03 17:28:30,947|line:519| https://t.bilibili.com/1175420226988146693
2026-03-03 17:28:32,254|line:526| 官方 或 预约 OUT！
2026-03-03 17:28:32,254|line:519| https://t.bilibili.com/1175412292016144406
2026-03-03 17:28:34,598|line:341| =========此为源动态=========
2026-03-03 17:28:38,992|line:362| *********子动态开始*********
2026-03-03 17:28:38,993|line:381| *********子动态结束*********
2026-03-03 17:28:38,993|line:537| -=-=-=-=处理回最初的动态-=-=-=-=
2026-03-03 17:28:47,249|line:475| 转发成功 1175620711759216642
2026-03-03 17:28:50,692|line:494| 评论发送成功
2026-03-03 17:28:54,109|line:424| 1310714247 === 已经关注了
2026-03-03 17:28:57,437|line:503| 动态-点赞 OK
2026-03-03 17:29:01,438|line:519| https://t.bilibili.com/1175202566622937091
2026-03-03 17:29:04,757|line:341| =========此为源动态=========
2026-03-03 17:29:08,310|line:362| *********子动态开始*********
2026-03-03 17:29:08,311|line:381| *********子动态结束*********
2026-03-03 17:29:08,311|line:537| -=-=-=-=处理回最初的动态-=-=-=-=
2026-03-03 17:29:17,654|line:475| 转发成功 1175620840595652660
2026-03-03 17:29:21,092|line:494| 评论发送成功
2026-03-03 17:29:22,476|line:424| 2143305948 === 已经关注了
2026-03-03 17:29:25,924|line:503| 动态-点赞 OK
2026-03-03 17:29:28,925|line:519| https://t.bilibili.com/1160695296654573584
2026-03-03 17:29:32,290|line:526| 官方 或 预约 OUT！
2026-03-03 17:29:32,291|line:519| https://t.bilibili.com/1164984693400010770
2026-03-03 17:29:34,633|line:526| 官方 或 预约 OUT！
2026-03-03 17:29:34,634|line:519| https://t.bilibili.com/1175469352816738313
2026-03-03 17:29:38,978|line:341| =========此为源动态=========
2026-03-03 17:29:42,325|line:362| *********子动态开始*********
2026-03-03 17:29:42,325|line:381| *********子动态结束*********
2026-03-03 17:29:42,326|line:537| -=-=-=-=处理回最初的动态-=-=-=-=
2026-03-03 17:29:52,559|line:475| 转发成功 1175620990894342149
2026-03-03 17:29:55,981|line:494| 评论发送成功
2026-03-03 17:29:57,375|line:424| 432158620 === 已经关注了
2026-03-03 17:30:00,707|line:503| 动态-点赞 OK
2026-03-03 17:30:04,708|line:519| https://t.bilibili.com/1175433305158320132
2026-03-03 17:30:07,025|line:526| 官方 或 预约 OUT！
2026-03-03 17:30:07,025|line:519| https://t.bilibili.com/1175511009675182089
2026-03-03 17:30:09,344|line:341| =========此为源动态=========
2026-03-03 17:30:12,864|line:362| *********子动态开始*********
2026-03-03 17:30:12,865|line:381| *********子动态结束*********
2026-03-03 17:30:12,865|line:537| -=-=-=-=处理回最初的动态-=-=-=-=
2026-03-03 17:30:24,325|line:475| 转发成功 1175621128328052759
2026-03-03 17:30:27,747|line:494| 评论发送成功
2026-03-03 17:30:35,564|line:436| 关注 ==== 224387154 0
2026-03-03 17:30:38,929|line:503| 动态-点赞 OK
2026-03-03 17:30:41,930|line:519| https://t.bilibili.com/1175457984033062917
2026-03-03 17:30:46,334|line:341| =========此为源动态=========
2026-03-03 17:30:49,774|line:362| *********子动态开始*********
2026-03-03 17:30:49,774|line:381| *********子动态结束*********
2026-03-03 17:30:49,774|line:537| -=-=-=-=处理回最初的动态-=-=-=-=
2026-03-03 17:30:55,969|line:475| 转发成功 1175621261530759218
2026-03-03 17:30:59,519|line:494| 评论发送成功
2026-03-03 17:31:00,936|line:424| 1813205998 === 已经关注了
2026-03-03 17:31:04,330|line:503| 动态-点赞 OK
2026-03-03 17:31:07,331|line:519| https://t.bilibili.com/1174466946072051716
2026-03-03 17:31:10,638|line:341| =========此为源动态=========
2026-03-03 17:31:12,049|line:362| *********子动态开始*********
2026-03-03 17:31:12,049|line:381| *********子动态结束*********
2026-03-03 17:31:12,050|line:537| -=-=-=-=处理回最初的动态-=-=-=-=
2026-03-03 17:31:19,287|line:475| 转发成功 1175621364593197057
2026-03-03 17:31:22,850|line:494| 评论发送成功
2026-03-03 17:31:30,681|line:436| 关注 ==== 432487490 0
2026-03-03 17:31:34,077|line:503| 动态-点赞 OK
2026-03-03 17:31:37,078|line:519| https://t.bilibili.com/1175442487779524641
2026-03-03 17:31:40,384|line:341| =========此为源动态=========
2026-03-03 17:31:43,950|line:362| *********子动态开始*********
2026-03-03 17:31:43,950|line:381| *********子动态结束*********
2026-03-03 17:31:43,950|line:537| -=-=-=-=处理回最初的动态-=-=-=-=
2026-03-03 17:31:53,322|line:475| 转发成功 1175621510604259336
2026-03-03 17:31:56,738|line:494| 评论发送成功
2026-03-03 17:32:01,127|line:424| 349713519 === 已经关注了
2026-03-03 17:32:04,464|line:503| 动态-点赞 OK
2026-03-03 17:32:07,465|line:519| https://t.bilibili.com/1175506134916661250
2026-03-03 17:32:08,820|line:526| 官方 或 预约 OUT！
2026-03-03 17:32:08,820|line:519| https://t.bilibili.com/1175511447770234884
2026-03-03 17:32:13,303|line:341| =========此为源动态=========
2026-03-03 17:32:15,733|line:362| *********子动态开始*********
2026-03-03 17:32:15,734|line:381| *********子动态结束*********
2026-03-03 17:32:15,734|line:537| -=-=-=-=处理回最初的动态-=-=-=-=
2026-03-03 17:32:25,983|line:475| 转发成功 1175621648039018518
2026-03-03 17:32:29,384|line:494| 评论发送成功
2026-03-03 17:32:30,754|line:424| 3690994765662998 === 已经关注了
2026-03-03 17:32:34,132|line:503| 动态-点赞 OK
2026-03-03 17:32:36,132|line:519| https://t.bilibili.com/1175379927285891075
2026-03-03 17:32:40,451|line:341| =========此为源动态=========
2026-03-03 17:32:42,839|line:362| *********子动态开始*********
2026-03-03 17:32:42,840|line:381| *********子动态结束*********
2026-03-03 17:32:42,840|line:537| -=-=-=-=处理回最初的动态-=-=-=-=
2026-03-03 17:32:50,084|line:475| 转发成功 1175621751095164930
2026-03-03 17:32:53,514|line:494| 评论发送成功
2026-03-03 17:32:55,917|line:424| 327652253 === 已经关注了
2026-03-03 17:32:59,281|line:503| 动态-点赞 OK
2026-03-03 17:33:02,281|line:519| https://t.bilibili.com/1175426549178957845
2026-03-03 17:33:03,887|line:341| =========此为源动态=========
2026-03-03 17:33:07,433|line:362| *********子动态开始*********
2026-03-03 17:33:07,434|line:381| *********子动态结束*********
2026-03-03 17:33:07,434|line:537| -=-=-=-=处理回最初的动态-=-=-=-=
2026-03-03 17:33:14,613|line:475| 转发成功 1175621858484027394
2026-03-03 17:33:18,014|line:494| 评论发送成功
2026-03-03 17:33:19,565|line:424| 1304841421 === 已经关注了
2026-03-03 17:33:22,902|line:503| 动态-点赞 OK
2026-03-03 17:33:26,903|line:519| https://t.bilibili.com/1175474910474010649
2026-03-03 17:33:31,213|line:341| =========此为源动态=========
2026-03-03 17:33:35,787|line:362| *********子动态开始*********
2026-03-03 17:33:35,788|line:381| *********子动态结束*********
2026-03-03 17:33:35,788|line:537| -=-=-=-=处理回最初的动态-=-=-=-=
2026-03-03 17:33:43,047|line:475| 转发成功 1175621978747305990
2026-03-03 17:33:46,498|line:494| 评论发送成功
2026-03-03 17:33:50,926|line:424| 25876049 === 已经关注了
2026-03-03 17:33:54,263|line:503| 动态-点赞 OK
2026-03-03 17:33:58,264|line:519| https://t.bilibili.com/1175428526974697478
2026-03-03 17:34:00,781|line:341| =========此为源动态=========
2026-03-03 17:34:03,144|line:362| *********子动态开始*********
2026-03-03 17:34:03,144|line:381| *********子动态结束*********
2026-03-03 17:34:03,145|line:537| -=-=-=-=处理回最初的动态-=-=-=-=
2026-03-03 17:34:12,335|line:475| 转发成功 1175622107599470600
2026-03-03 17:34:15,787|line:494| 评论发送成功
2026-03-03 17:34:19,169|line:424| 79955050 === 已经关注了
2026-03-03 17:34:22,532|line:503| 动态-点赞 OK
2026-03-03 17:34:24,532|line:519| https://t.bilibili.com/1175480060140847108
2026-03-03 17:34:28,877|line:341| =========此为源动态=========
2026-03-03 17:34:32,487|line:362| *********子动态开始*********
2026-03-03 17:34:32,487|line:381| *********子动态结束*********
2026-03-03 17:34:32,487|line:537| -=-=-=-=处理回最初的动态-=-=-=-=
2026-03-03 17:34:42,939|line:475| 转发成功 1175622236478898178
2026-03-03 17:34:46,343|line:494| 评论发送成功
2026-03-03 17:34:50,750|line:424| 100680137 === 已经关注了
2026-03-03 17:34:54,122|line:503| 动态-点赞 OK
2026-03-03 17:34:57,123|line:519| https://t.bilibili.com/1175498635884888080
2026-03-03 17:35:01,619|line:341| =========此为源动态=========
2026-03-03 17:35:05,967|line:362| *********子动态开始*********
2026-03-03 17:35:05,967|line:381| *********子动态结束*********
2026-03-03 17:35:05,967|line:537| -=-=-=-=处理回最初的动态-=-=-=-=
2026-03-03 17:35:15,186|line:475| 转发成功 1175622373879054371
2026-03-03 17:35:18,605|line:494| 评论发送成功
2026-03-03 17:35:22,025|line:424| 108766164 === 已经关注了
2026-03-03 17:35:25,395|line:503| 动态-点赞 OK
2026-03-03 17:35:29,396|line:519| https://t.bilibili.com/1173931870484693031
2026-03-03 17:35:29,396|line:521| 已有
2026-03-03 17:35:29,396|line:519| https://t.bilibili.com/1175487567756263440
2026-03-03 17:35:31,712|line:341| =========此为源动态=========
2026-03-03 17:35:36,043|line:362| *********子动态开始*********
2026-03-03 17:35:36,043|line:381| *********子动态结束*********
2026-03-03 17:35:36,043|line:537| -=-=-=-=处理回最初的动态-=-=-=-=
2026-03-03 17:35:44,297|line:475| 转发成功 1175622502728073224
2026-03-03 17:35:47,773|line:494| 评论发送成功
2026-03-03 17:35:50,222|line:424| 334454303 === 已经关注了
2026-03-03 17:35:53,559|line:503| 动态-点赞 OK
2026-03-03 17:35:56,560|line:519| https://t.bilibili.com/1175489601416986645
2026-03-03 17:35:58,902|line:341| =========此为源动态=========
2026-03-03 17:36:00,458|line:362| *********子动态开始*********
2026-03-03 17:36:00,458|line:381| *********子动态结束*********
2026-03-03 17:36:00,458|line:537| -=-=-=-=处理回最初的动态-=-=-=-=
2026-03-03 17:36:09,666|line:475| 转发成功 1175622610137907203
2026-03-03 17:36:13,115|line:494| 评论发送成功
2026-03-03 17:36:15,499|line:424| 399259929 === 已经关注了
2026-03-03 17:36:19,044|line:503| 动态-点赞 OK
2026-03-03 17:36:22,045|line:519| https://t.bilibili.com/1175486549819654162
2026-03-03 17:36:26,418|line:526| 官方 或 预约 OUT！
2026-03-03 17:36:26,419|line:519| https://t.bilibili.com/1175475009259307009
2026-03-03 17:36:27,759|line:341| =========此为源动态=========
2026-03-03 17:36:32,302|line:362| *********子动态开始*********
2026-03-03 17:36:32,302|line:381| *********子动态结束*********
2026-03-03 17:36:32,302|line:537| -=-=-=-=处理回最初的动态-=-=-=-=
2026-03-03 17:36:40,622|line:475| 转发成功 1175622743261970440
2026-03-03 17:36:44,051|line:494| 评论发送成功
2026-03-03 17:36:47,422|line:424| 2000380121 === 已经关注了
2026-03-03 17:36:50,750|line:503| 动态-点赞 OK
2026-03-03 17:36:53,751|line:519| https://t.bilibili.com/1175414033614897169
2026-03-03 17:36:56,117|line:526| 官方 或 预约 OUT！
2026-03-03 17:36:56,117|line:552| 执行结束
2026-03-03 17:36:56,118|line:558| ==================================================2026-03-04 01:36==================================================
2026-03-03 17:36:56,118|line:232| processing article 46415826
2026-03-03 17:36:59,498|line:507| ==================================================2026-03-04 01:36==================================================
2026-03-03 17:36:59,499|line:519| https://t.bilibili.com/1169256905952985091
2026-03-03 17:37:03,929|line:526| 官方 或 预约 OUT！
2026-03-03 17:37:03,929|line:519| https://t.bilibili.com/1171683090007851011
2026-03-03 17:37:07,273|line:526| 官方 或 预约 OUT！
2026-03-03 17:37:07,273|line:519| https://t.bilibili.com/1166109665587626002
2026-03-03 17:37:10,621|line:526| 官方 或 预约 OUT！
2026-03-03 17:37:10,621|line:519| https://t.bilibili.com/1173983861047033888
2026-03-03 17:37:11,981|line:526| 官方 或 预约 OUT！
2026-03-03 17:37:11,982|line:519| https://t.bilibili.com/1160695296654573584
2026-03-03 17:37:14,300|line:526| 官方 或 预约 OUT！
2026-03-03 17:37:14,300|line:519| https://t.bilibili.com/1158766847743492101
2026-03-03 17:37:14,300|line:521| 已有
2026-03-03 17:37:14,300|line:519| https://t.bilibili.com/1164984693400010770
2026-03-03 17:37:17,627|line:526| 官方 或 预约 OUT！
2026-03-03 17:37:17,627|line:519| https://t.bilibili.com/1171045523629539335
2026-03-03 17:37:20,947|line:526| 官方 或 预约 OUT！
2026-03-03 17:37:20,948|line:519| https://t.bilibili.com/1174339531572248583
2026-03-03 17:37:24,309|line:526| 官方 或 预约 OUT！
2026-03-03 17:37:24,310|line:519| https://t.bilibili.com/1170140028500705282
2026-03-03 17:37:27,650|line:526| 官方 或 预约 OUT！
2026-03-03 17:37:27,650|line:519| https://t.bilibili.com/1174422785251868802
2026-03-03 17:37:30,990|line:526| 官方 或 预约 OUT！
2026-03-03 17:37:30,991|line:519| https://t.bilibili.com/1168149139405406229
2026-03-03 17:37:34,332|line:526| 官方 或 预约 OUT！
2026-03-03 17:37:34,332|line:519| https://t.bilibili.com/1167297730858450951
2026-03-03 17:37:37,651|line:526| 官方 或 预约 OUT！
2026-03-03 17:37:37,651|line:519| https://t.bilibili.com/1166262317293240326
2026-03-03 17:37:39,994|line:526| 官方 或 预约 OUT！
2026-03-03 17:37:39,995|line:519| https://t.bilibili.com/1174466520916426769
2026-03-03 17:37:43,351|line:526| 官方 或 预约 OUT！
2026-03-03 17:37:43,351|line:519| https://t.bilibili.com/1168711148754698263
2026-03-03 17:37:47,693|line:526| 官方 或 预约 OUT！
2026-03-03 17:37:47,694|line:519| https://t.bilibili.com/1165872360078704643
2026-03-03 17:37:49,999|line:526| 官方 或 预约 OUT！
2026-03-03 17:37:50,000|line:519| https://t.bilibili.com/1168099931974533154
2026-03-03 17:37:54,310|line:526| 官方 或 预约 OUT！
2026-03-03 17:37:54,311|line:519| https://t.bilibili.com/1170217161862414355
2026-03-03 17:37:57,653|line:526| 官方 或 预约 OUT！
2026-03-03 17:37:57,653|line:519| https://t.bilibili.com/1170227834820493351
2026-03-03 17:37:59,032|line:526| 官方 或 预约 OUT！
2026-03-03 17:37:59,032|line:519| https://t.bilibili.com/1166258739572899844
2026-03-03 17:38:03,343|line:526| 官方 或 预约 OUT！
2026-03-03 17:38:03,343|line:519| https://t.bilibili.com/1165238955419893797
2026-03-03 17:38:06,681|line:526| 官方 或 预约 OUT！
2026-03-03 17:38:06,681|line:519| https://t.bilibili.com/1173619514661666840
2026-03-03 17:38:10,074|line:526| 官方 或 预约 OUT！
2026-03-03 17:38:10,075|line:519| https://t.bilibili.com/1170414262214983684
2026-03-03 17:38:12,417|line:526| 官方 或 预约 OUT！
2026-03-03 17:38:12,417|line:519| https://t.bilibili.com/1175105367224352771
2026-03-03 17:38:12,417|line:521| 已有
2026-03-03 17:38:12,417|line:519| https://t.bilibili.com/1169917626553466899
2026-03-03 17:38:12,417|line:521| 已有
2026-03-03 17:38:12,417|line:519| https://t.bilibili.com/1173964804301258758
2026-03-03 17:38:16,791|line:526| 官方 或 预约 OUT！
2026-03-03 17:38:16,792|line:519| https://t.bilibili.com/1175419002908835862
2026-03-03 17:38:20,176|line:526| 官方 或 预约 OUT！
2026-03-03 17:38:20,176|line:519| https://t.bilibili.com/1171408293734645783
2026-03-03 17:38:21,497|line:526| 官方 或 预约 OUT！
2026-03-03 17:38:21,497|line:552| 执行结束
2026-03-03 17:38:21,497|line:558| ==================================================2026-03-04 01:38==================================================
2026-03-03 17:38:21,497|line:232| processing article 46415708
2026-03-03 17:38:24,727|line:507| ==================================================2026-03-04 01:38==================================================
2026-03-03 17:38:24,727|line:519| https://t.bilibili.com/1160695296654573584
2026-03-03 17:38:27,071|line:526| 官方 或 预约 OUT！
2026-03-03 17:38:27,072|line:519| https://t.bilibili.com/1158766847743492101
2026-03-03 17:38:27,072|line:521| 已有
2026-03-03 17:38:27,072|line:519| https://t.bilibili.com/1164984693400010770
2026-03-03 17:38:28,408|line:526| 官方 或 预约 OUT！
2026-03-03 17:38:28,408|line:519| https://t.bilibili.com/1174422785251868802
2026-03-03 17:38:31,786|line:526| 官方 或 预约 OUT！
2026-03-03 17:38:31,786|line:519| https://t.bilibili.com/1174670377184395286
2026-03-03 17:38:34,095|line:526| 官方 或 预约 OUT！
2026-03-03 17:38:34,095|line:519| https://t.bilibili.com/1167214365545332744
2026-03-03 17:38:36,438|line:526| 官方 或 预约 OUT！
2026-03-03 17:38:36,439|line:519| https://t.bilibili.com/1168149139405406229
2026-03-03 17:38:38,744|line:526| 官方 或 预约 OUT！
2026-03-03 17:38:38,744|line:519| https://t.bilibili.com/1175412354298413095
2026-03-03 17:38:40,088|line:526| 官方 或 预约 OUT！
2026-03-03 17:38:40,089|line:519| https://t.bilibili.com/1175155545326223363
2026-03-03 17:38:41,414|line:526| 官方 或 预约 OUT！
2026-03-03 17:38:41,415|line:519| https://t.bilibili.com/1174728178854264834
2026-03-03 17:38:41,415|line:521| 已有
2026-03-03 17:38:41,415|line:519| https://t.bilibili.com/1174466520916426769
2026-03-03 17:38:43,769|line:526| 官方 或 预约 OUT！
2026-03-03 17:38:43,769|line:519| https://t.bilibili.com/1175132382521458693
2026-03-03 17:38:46,116|line:526| 官方 或 预约 OUT！
2026-03-03 17:38:46,116|line:519| https://t.bilibili.com/1175103365739184133
2026-03-03 17:38:46,116|line:521| 已有
2026-03-03 17:38:46,116|line:519| https://t.bilibili.com/1175415206166134784
2026-03-03 17:38:50,475|line:526| 官方 或 预约 OUT！
2026-03-03 17:38:50,475|line:519| https://t.bilibili.com/1174719541724315656
2026-03-03 17:38:51,814|line:526| 官方 或 预约 OUT！
2026-03-03 17:38:51,814|line:519| https://t.bilibili.com/1175396888093917225
2026-03-03 17:38:56,121|line:526| 官方 或 预约 OUT！
2026-03-03 17:38:56,121|line:519| https://t.bilibili.com/1175413453816332312
2026-03-03 17:39:00,431|line:526| 官方 或 预约 OUT！
2026-03-03 17:39:00,432|line:519| https://t.bilibili.com/1174356763029274649
2026-03-03 17:39:00,432|line:521| 已有
2026-03-03 17:39:00,432|line:519| https://t.bilibili.com/1170414262214983684
2026-03-03 17:39:04,739|line:526| 官方 或 预约 OUT！
2026-03-03 17:39:04,740|line:519| https://t.bilibili.com/1175105367224352771
2026-03-03 17:39:04,740|line:521| 已有
2026-03-03 17:39:04,740|line:519| https://t.bilibili.com/1169917626553466899
2026-03-03 17:39:04,740|line:521| 已有
2026-03-03 17:39:04,740|line:519| https://t.bilibili.com/1173985789472669752
2026-03-03 17:39:04,740|line:521| 已有
2026-03-03 17:39:04,740|line:519| https://t.bilibili.com/1172853155058155526
2026-03-03 17:39:09,082|line:526| 官方 或 预约 OUT！
2026-03-03 17:39:09,082|line:519| https://t.bilibili.com/1175419002908835862
2026-03-03 17:39:12,392|line:526| 官方 或 预约 OUT！
2026-03-03 17:39:12,392|line:552| 执行结束
2026-03-03 17:39:12,393|line:558| ==================================================2026-03-04 01:39==================================================
2026-03-03 17:39:12,393|line:232| processing article 46387248
2026-03-03 17:39:14,699|line:507| ==================================================2026-03-04 01:39==================================================
2026-03-03 17:39:14,700|line:519| https://t.bilibili.com/1168149139405406229
2026-03-03 17:39:18,017|line:526| 官方 或 预约 OUT！
2026-03-03 17:39:18,017|line:519| https://t.bilibili.com/1174220629724889109
2026-03-03 17:39:18,017|line:521| 已有
2026-03-03 17:39:18,017|line:519| https://t.bilibili.com/1160695296654573584
2026-03-03 17:39:19,333|line:526| 官方 或 预约 OUT！
2026-03-03 17:39:19,333|line:519| https://t.bilibili.com/1158766847743492101
2026-03-03 17:39:19,334|line:521| 已有
2026-03-03 17:39:19,334|line:519| https://t.bilibili.com/1175105100892340229
2026-03-03 17:39:19,334|line:521| 已有
2026-03-03 17:39:19,334|line:519| https://t.bilibili.com/1166228079961440262
2026-03-03 17:39:22,677|line:526| 官方 或 预约 OUT！
2026-03-03 17:39:22,677|line:519| https://t.bilibili.com/1164984693400010770
2026-03-03 17:39:24,053|line:526| 官方 或 预约 OUT！
2026-03-03 17:39:24,053|line:519| https://t.bilibili.com/1169917626553466899
2026-03-03 17:39:24,053|line:521| 已有
2026-03-03 17:39:24,053|line:519| https://t.bilibili.com/1174493506192801792
2026-03-03 17:39:24,054|line:521| 已有
2026-03-03 17:39:24,054|line:519| https://t.bilibili.com/1174122945009680421
2026-03-03 17:39:24,054|line:521| 已有
2026-03-03 17:39:24,054|line:519| https://t.bilibili.com/1166495860476870691
2026-03-03 17:39:24,054|line:521| 已有
2026-03-03 17:39:24,054|line:519| https://t.bilibili.com/1174864312140824582
2026-03-03 17:39:24,054|line:521| 已有
2026-03-03 17:39:24,054|line:519| https://t.bilibili.com/1172814695768260630
2026-03-03 17:39:24,054|line:521| 已有
2026-03-03 17:39:24,055|line:519| https://t.bilibili.com/1174835269617057800
2026-03-03 17:39:24,055|line:521| 已有
2026-03-03 17:39:24,055|line:519| https://t.bilibili.com/1175014837894250497
2026-03-03 17:39:24,055|line:521| 已有
2026-03-03 17:39:24,055|line:519| https://t.bilibili.com/1175091034904854545
2026-03-03 17:39:24,055|line:521| 已有
2026-03-03 17:39:24,055|line:519| https://t.bilibili.com/1174283675506835478
2026-03-03 17:39:24,055|line:521| 已有
2026-03-03 17:39:24,055|line:552| 执行结束
2026-03-03 17:39:24,056|line:558| ==================================================2026-03-04 01:39==================================================
2026-03-03 17:39:24,056|line:232| processing article 46385341
2026-03-03 17:39:28,541|line:507| ==================================================2026-03-04 01:39==================================================
2026-03-03 17:39:28,541|line:519| https://t.bilibili.com/1160695296654573584
2026-03-03 17:39:29,915|line:526| 官方 或 预约 OUT！
2026-03-03 17:39:29,915|line:519| https://t.bilibili.com/1175113686528819217
2026-03-03 17:39:29,916|line:521| 已有
2026-03-03 17:39:29,916|line:519| https://t.bilibili.com/1158766847743492101
2026-03-03 17:39:29,916|line:521| 已有
2026-03-03 17:39:29,916|line:519| https://t.bilibili.com/1175105100892340229
2026-03-03 17:39:29,916|line:521| 已有
2026-03-03 17:39:29,916|line:519| https://t.bilibili.com/1164984693400010770
2026-03-03 17:39:33,270|line:526| 官方 或 预约 OUT！
2026-03-03 17:39:33,271|line:519| https://t.bilibili.com/1175132743342751784
2026-03-03 17:39:33,271|line:521| 已有
2026-03-03 17:39:33,271|line:519| https://t.bilibili.com/1175008614495027203
2026-03-03 17:39:33,271|line:521| 已有
2026-03-03 17:39:33,271|line:519| https://t.bilibili.com/1175104263373717504
2026-03-03 17:39:33,271|line:521| 已有
2026-03-03 17:39:33,271|line:519| https://t.bilibili.com/1175018986805395463
2026-03-03 17:39:37,612|line:526| 官方 或 预约 OUT！
2026-03-03 17:39:37,613|line:519| https://t.bilibili.com/1168149139405406229
2026-03-03 17:39:40,955|line:526| 官方 或 预约 OUT！
2026-03-03 17:39:40,955|line:519| https://t.bilibili.com/1175018205156999170
2026-03-03 17:39:40,955|line:521| 已有
2026-03-03 17:39:40,955|line:519| https://t.bilibili.com/1174996897796980745
2026-03-03 17:39:40,955|line:521| 已有
2026-03-03 17:39:40,955|line:519| https://t.bilibili.com/1175180363810471945
2026-03-03 17:39:40,956|line:521| 已有
2026-03-03 17:39:40,956|line:519| https://t.bilibili.com/1175041206860644360
2026-03-03 17:39:40,956|line:521| 已有
2026-03-03 17:39:40,956|line:519| https://t.bilibili.com/1175136419834757124
2026-03-03 17:39:40,956|line:521| 已有
2026-03-03 17:39:40,956|line:519| https://t.bilibili.com/1175079932421734400
2026-03-03 17:39:40,956|line:521| 已有
2026-03-03 17:39:40,956|line:519| https://t.bilibili.com/1175162747985330183
2026-03-03 17:39:40,957|line:521| 已有
2026-03-03 17:39:40,957|line:519| https://t.bilibili.com/1175153019861336066
2026-03-03 17:39:42,299|line:526| 官方 或 预约 OUT！
2026-03-03 17:39:42,299|line:519| https://t.bilibili.com/1175143764231979026
2026-03-03 17:39:42,299|line:521| 已有
2026-03-03 17:39:42,299|line:519| https://t.bilibili.com/1175089918232231940
2026-03-03 17:39:42,299|line:521| 已有
2026-03-03 17:39:42,299|line:519| https://t.bilibili.com/1175128499917160464
2026-03-03 17:39:43,648|line:526| 官方 或 预约 OUT！
2026-03-03 17:39:43,648|line:519| https://t.bilibili.com/1174820851386679301
2026-03-03 17:39:43,649|line:521| 已有
2026-03-03 17:39:43,649|line:519| https://t.bilibili.com/1175125261506576400
2026-03-03 17:39:46,958|line:526| 官方 或 预约 OUT！
2026-03-03 17:39:46,958|line:519| https://t.bilibili.com/1175136780582649862
2026-03-03 17:39:46,958|line:521| 已有
2026-03-03 17:39:46,958|line:519| https://t.bilibili.com/1175103365739184133
2026-03-03 17:39:46,959|line:521| 已有
2026-03-03 17:39:46,959|line:519| https://t.bilibili.com/1175134255181725751
2026-03-03 17:39:46,959|line:521| 已有
2026-03-03 17:39:46,959|line:519| https://t.bilibili.com/1175120511242338337
2026-03-03 17:39:46,959|line:521| 已有
2026-03-03 17:39:46,959|line:519| https://t.bilibili.com/1175127915765956610
2026-03-03 17:39:46,959|line:521| 已有
2026-03-03 17:39:46,959|line:519| https://t.bilibili.com/1175010873648873479
2026-03-03 17:39:46,959|line:521| 已有
2026-03-03 17:39:46,960|line:519| https://t.bilibili.com/1174994821164564483
2026-03-03 17:39:46,960|line:521| 已有
2026-03-03 17:39:46,960|line:519| https://t.bilibili.com/1175126247175356424
2026-03-03 17:39:46,960|line:521| 已有
2026-03-03 17:39:46,960|line:519| https://t.bilibili.com/1175101278369349638
2026-03-03 17:39:51,282|line:526| 官方 或 预约 OUT！
2026-03-03 17:39:51,283|line:519| https://t.bilibili.com/1175134061853671496
2026-03-03 17:39:51,283|line:521| 已有
2026-03-03 17:39:51,283|line:519| https://t.bilibili.com/1175166626309341189
2026-03-03 17:39:52,637|line:526| 官方 或 预约 OUT！
2026-03-03 17:39:52,637|line:519| https://t.bilibili.com/1175120734571200537
2026-03-03 17:39:52,638|line:521| 已有
2026-03-03 17:39:52,638|line:519| https://t.bilibili.com/1175100823102816262
2026-03-03 17:39:54,981|line:526| 官方 或 预约 OUT！
2026-03-03 17:39:54,981|line:519| https://t.bilibili.com/1174663518178246656
2026-03-03 17:39:59,324|line:526| 官方 或 预约 OUT！
2026-03-03 17:39:59,324|line:519| https://t.bilibili.com/1174835269617057800
2026-03-03 17:39:59,324|line:521| 已有
2026-03-03 17:39:59,324|line:519| https://t.bilibili.com/1175014837894250497
2026-03-03 17:39:59,324|line:521| 已有
2026-03-03 17:39:59,324|line:519| https://t.bilibili.com/1175091034904854545
2026-03-03 17:39:59,325|line:521| 已有
2026-03-03 17:39:59,325|line:519| https://t.bilibili.com/1175041206816604160
2026-03-03 17:39:59,325|line:521| 已有
2026-03-03 17:39:59,325|line:519| https://t.bilibili.com/1175128671727386629
2026-03-03 17:39:59,325|line:521| 已有
2026-03-03 17:39:59,325|line:519| https://t.bilibili.com/1175179090319114246
2026-03-03 17:39:59,325|line:521| 已有
2026-03-03 17:39:59,325|line:519| https://t.bilibili.com/1175141689773260809
2026-03-03 17:39:59,326|line:521| 已有
2026-03-03 17:39:59,326|line:519| https://t.bilibili.com/1175131918693302281
2026-03-03 17:40:01,871|line:526| 官方 或 预约 OUT！
2026-03-03 17:40:01,872|line:519| https://t.bilibili.com/1175026992651698197
2026-03-03 17:40:01,872|line:521| 已有
2026-03-03 17:40:01,872|line:519| https://t.bilibili.com/1175029913202196515
2026-03-03 17:40:05,209|line:526| 官方 或 预约 OUT！
2026-03-03 17:40:05,209|line:519| https://t.bilibili.com/1175134946674606102
2026-03-03 17:40:07,517|line:526| 官方 或 预约 OUT！
2026-03-03 17:40:07,517|line:519| https://t.bilibili.com/1175105367224352771
2026-03-03 17:40:07,517|line:521| 已有
2026-03-03 17:40:07,517|line:519| https://t.bilibili.com/1169917626553466899
2026-03-03 17:40:07,518|line:521| 已有
2026-03-03 17:40:07,518|line:519| https://t.bilibili.com/1174837382695878664
2026-03-03 17:40:09,825|line:526| 官方 或 预约 OUT！
2026-03-03 17:40:09,825|line:519| https://t.bilibili.com/1175035956255784965
2026-03-03 17:40:09,825|line:521| 已有
2026-03-03 17:40:09,826|line:519| https://t.bilibili.com/1174864312140824582
2026-03-03 17:40:09,826|line:521| 已有
2026-03-03 17:40:09,826|line:519| https://t.bilibili.com/1175010283083530244
2026-03-03 17:40:09,826|line:521| 已有
2026-03-03 17:40:09,826|line:519| https://t.bilibili.com/1175159127337336833
2026-03-03 17:40:09,826|line:521| 已有
2026-03-03 17:40:09,826|line:552| 执行结束
2026-03-03 17:40:09,826|line:558| ==================================================2026-03-04 01:40==================================================
2026-03-03 17:40:09,827|line:232| processing article 46377030
2026-03-03 17:40:12,228|line:507| ==================================================2026-03-04 01:40==================================================
2026-03-03 17:40:12,228|line:519| https://t.bilibili.com/1169256905952985091
2026-03-03 17:40:16,540|line:526| 官方 或 预约 OUT！
2026-03-03 17:40:16,540|line:519| https://t.bilibili.com/1171683090007851011
2026-03-03 17:40:19,920|line:526| 官方 或 预约 OUT！
2026-03-03 17:40:19,921|line:519| https://t.bilibili.com/1166109665587626002
2026-03-03 17:40:22,277|line:526| 官方 或 预约 OUT！
2026-03-03 17:40:22,277|line:519| https://t.bilibili.com/1173983861047033888
2026-03-03 17:40:25,625|line:526| 官方 或 预约 OUT！
2026-03-03 17:40:25,626|line:519| https://t.bilibili.com/1160695296654573584
2026-03-03 17:40:29,968|line:526| 官方 或 预约 OUT！
2026-03-03 17:40:29,968|line:519| https://t.bilibili.com/1158766847743492101
2026-03-03 17:40:29,968|line:521| 已有
2026-03-03 17:40:29,968|line:519| https://t.bilibili.com/1170248141434257432
2026-03-03 17:40:32,311|line:526| 官方 或 预约 OUT！
2026-03-03 17:40:32,311|line:519| https://t.bilibili.com/1164984693400010770
2026-03-03 17:40:36,653|line:526| 官方 或 预约 OUT！
2026-03-03 17:40:36,654|line:519| https://t.bilibili.com/1171045523629539335
2026-03-03 17:40:40,972|line:526| 官方 或 预约 OUT！
2026-03-03 17:40:40,972|line:519| https://t.bilibili.com/1147690474979459109
2026-03-03 17:40:43,314|line:526| 官方 或 预约 OUT！
2026-03-03 17:40:43,315|line:519| https://t.bilibili.com/1170140028500705282
2026-03-03 17:40:45,658|line:526| 官方 或 预约 OUT！
2026-03-03 17:40:45,659|line:519| https://t.bilibili.com/1174339531572248583
2026-03-03 17:40:48,968|line:526| 官方 或 预约 OUT！
2026-03-03 17:40:48,968|line:519| https://t.bilibili.com/1168149139405406229
2026-03-03 17:40:51,310|line:526| 官方 或 预约 OUT！
2026-03-03 17:40:51,311|line:519| https://t.bilibili.com/1171703817526312979
2026-03-03 17:40:54,631|line:526| 官方 或 预约 OUT！
2026-03-03 17:40:54,632|line:519| https://t.bilibili.com/1167297730858450951
2026-03-03 17:40:58,952|line:526| 官方 或 预约 OUT！
2026-03-03 17:40:58,952|line:519| https://t.bilibili.com/1166262317293240326
2026-03-03 17:41:00,262|line:526| 官方 或 预约 OUT！
2026-03-03 17:41:00,262|line:519| https://t.bilibili.com/1152517958096912393
2026-03-03 17:41:04,681|line:526| 官方 或 预约 OUT！
2026-03-03 17:41:04,681|line:519| https://t.bilibili.com/1168711148754698263
2026-03-03 17:41:05,996|line:526| 官方 或 预约 OUT！
2026-03-03 17:41:05,996|line:519| https://t.bilibili.com/1169230513399922705
2026-03-03 17:41:08,374|line:526| 官方 或 预约 OUT！
2026-03-03 17:41:08,374|line:519| https://t.bilibili.com/1142393178301661192
2026-03-03 17:41:09,698|line:526| 官方 或 预约 OUT！
2026-03-03 17:41:09,698|line:519| https://t.bilibili.com/1165872360078704643
2026-03-03 17:41:14,011|line:526| 官方 或 预约 OUT！
2026-03-03 17:41:14,012|line:519| https://t.bilibili.com/1157590039610261510
2026-03-03 17:41:18,351|line:526| 官方 或 预约 OUT！
2026-03-03 17:41:18,351|line:519| https://t.bilibili.com/1168099931974533154
2026-03-03 17:41:21,725|line:526| 官方 或 预约 OUT！
2026-03-03 17:41:21,725|line:519| https://t.bilibili.com/1165082171945254913
2026-03-03 17:41:26,070|line:526| 官方 或 预约 OUT！
2026-03-03 17:41:26,070|line:519| https://t.bilibili.com/1165037379778510850
2026-03-03 17:41:28,414|line:526| 官方 或 预约 OUT！
2026-03-03 17:41:28,415|line:519| https://t.bilibili.com/1170227834820493351
2026-03-03 17:41:29,767|line:526| 官方 或 预约 OUT！
2026-03-03 17:41:29,768|line:519| https://t.bilibili.com/1170217161862414355
2026-03-03 17:41:32,117|line:526| 官方 或 预约 OUT！
2026-03-03 17:41:32,117|line:519| https://t.bilibili.com/1166258739572899844
2026-03-03 17:41:33,425|line:526| 官方 或 预约 OUT！
2026-03-03 17:41:33,426|line:519| https://t.bilibili.com/1165238955419893797
2026-03-03 17:41:37,771|line:526| 官方 或 预约 OUT！
2026-03-03 17:41:37,771|line:519| https://t.bilibili.com/1172915359076843537
2026-03-03 17:41:40,117|line:526| 官方 或 预约 OUT！
2026-03-03 17:41:40,118|line:519| https://t.bilibili.com/1173619514661666840
2026-03-03 17:41:43,436|line:526| 官方 或 预约 OUT！
2026-03-03 17:41:43,437|line:519| https://t.bilibili.com/1169917626553466899
2026-03-03 17:41:43,437|line:521| 已有
2026-03-03 17:41:43,437|line:519| https://t.bilibili.com/1173964804301258758
2026-03-03 17:41:44,747|line:526| 官方 或 预约 OUT！
2026-03-03 17:41:44,747|line:519| https://t.bilibili.com/1171052064859488322
2026-03-03 17:41:46,093|line:526| 官方 或 预约 OUT！
2026-03-03 17:41:46,094|line:519| https://t.bilibili.com/1165070674333532183
2026-03-03 17:41:49,470|line:526| 官方 或 预约 OUT！
2026-03-03 17:41:49,470|line:519| https://t.bilibili.com/1168720958483070995
2026-03-03 17:41:52,886|line:526| 官方 或 预约 OUT！
2026-03-03 17:41:52,887|line:519| https://t.bilibili.com/1171408293734645783
2026-03-03 17:41:56,230|line:526| 官方 或 预约 OUT！
2026-03-03 17:41:56,230|line:519| https://t.bilibili.com/1169235594339942408
2026-03-03 17:41:57,578|line:526| 官方 或 预约 OUT！
2026-03-03 17:41:57,579|line:552| 执行结束
2026-03-03 17:41:57,579|line:558| ==================================================2026-03-04 01:41==================================================
2026-03-03 17:41:57,579|line:232| processing article 46376915
2026-03-03 17:42:00,898|line:507| ==================================================2026-03-04 01:42==================================================
2026-03-03 17:42:00,899|line:519| https://t.bilibili.com/1169256905952985091
2026-03-03 17:42:03,211|line:526| 官方 或 预约 OUT！
2026-03-03 17:42:03,212|line:519| https://t.bilibili.com/1173542493024682000
2026-03-03 17:42:06,607|line:526| 官方 或 预约 OUT！
2026-03-03 17:42:06,608|line:519| https://t.bilibili.com/1160695296654573584
2026-03-03 17:42:07,948|line:526| 官方 或 预约 OUT！
2026-03-03 17:42:07,949|line:519| https://t.bilibili.com/1174756255063867394
2026-03-03 17:42:10,267|line:526| 官方 或 预约 OUT！
2026-03-03 17:42:10,268|line:519| https://t.bilibili.com/1171809748629061686
2026-03-03 17:42:11,578|line:526| 官方 或 预约 OUT！
2026-03-03 17:42:11,578|line:519| https://t.bilibili.com/1158766847743492101
2026-03-03 17:42:11,578|line:521| 已有
2026-03-03 17:42:11,578|line:519| https://t.bilibili.com/1164984693400010770
2026-03-03 17:42:12,887|line:526| 官方 或 预约 OUT！
2026-03-03 17:42:12,888|line:519| https://t.bilibili.com/1174339531572248583
2026-03-03 17:42:15,202|line:526| 官方 或 预约 OUT！
2026-03-03 17:42:15,202|line:519| https://t.bilibili.com/1168149139405406229
2026-03-03 17:42:19,546|line:526| 官方 或 预约 OUT！
2026-03-03 17:42:19,546|line:519| https://t.bilibili.com/1174728178854264834
2026-03-03 17:42:19,546|line:521| 已有
2026-03-03 17:42:19,547|line:519| https://t.bilibili.com/1165872360078704643
2026-03-03 17:42:23,863|line:526| 官方 或 预约 OUT！
2026-03-03 17:42:23,864|line:519| https://t.bilibili.com/1171677592444469253
2026-03-03 17:42:26,181|line:526| 官方 或 预约 OUT！
2026-03-03 17:42:26,181|line:519| https://t.bilibili.com/1173919384970723333
2026-03-03 17:42:30,500|line:526| 官方 或 预约 OUT！
2026-03-03 17:42:30,500|line:519| https://t.bilibili.com/1164064707110240259
2026-03-03 17:42:32,846|line:526| 官方 或 预约 OUT！
2026-03-03 17:42:32,847|line:519| https://t.bilibili.com/1174356763029274649
2026-03-03 17:42:32,847|line:521| 已有
2026-03-03 17:42:32,847|line:519| https://t.bilibili.com/1173612161683947545
2026-03-03 17:42:32,847|line:521| 已有
2026-03-03 17:42:32,847|line:519| https://t.bilibili.com/1166510381763395585
2026-03-03 17:42:37,227|line:526| 官方 或 预约 OUT！
2026-03-03 17:42:37,228|line:519| https://t.bilibili.com/1169917626553466899
2026-03-03 17:42:37,228|line:521| 已有
2026-03-03 17:42:37,228|line:519| https://t.bilibili.com/1173985789472669752
2026-03-03 17:42:37,228|line:521| 已有
2026-03-03 17:42:37,228|line:552| 执行结束
2026-03-03 17:42:37,228|line:558| ==================================================2026-03-04 01:42==================================================
2026-03-03 17:42:46,073|line:578| ('reply: ', '吓死我啦芙莱', '并不是')
2026-03-03 17:42:46,074|line:578| ('reply: ', '花生十三-公考行测', '68')
2026-03-03 17:42:46,074|line:578| ('reply: ', '三鹿七茸猫尾巴', '[夏诺雅表情包_？？？]')
2026-03-03 17:42:46,074|line:578| ('reply: ', '小闪闪bling', 'hhh腾子买库洛让我感觉他自己有点不太想出大世界了')
2026-03-03 17:42:46,074|line:578| ('reply: ', '魔改后远野汉娜', '不是，这……')
2026-03-03 17:42:46,074|line:578| ('reply: ', '好像都是一个人', '你在说什么')
2026-03-03 17:42:46,074|line:578| ('reply: ', '目标咨询', '太宠粉了啊')
2026-03-03 17:42:46,074|line:578| ('reply: ', '数玩工场', '祝你成功')
2026-03-03 17:42:46,074|line:578| ('reply: ', '益家有小佰', '恭喜宝子，获得小电视月度会员1份和克刻冰冰猴喉糖随机口味1份～记得私信小佰提供信息哦~')
2026-03-03 17:42:46,075|line:578| ('reply: ', '圆环之理-Madoka', '是的')
2026-03-03 17:42:46,075|line:578| ('reply: ', '兰的三姨', '这就是银河巨星的实力！')
2026-03-03 17:42:46,075|line:578| ('reply: ', '花园百合铃音', '有男不玩，我只吃麻辣火锅，xxn滚[吃瓜]')
2026-03-03 17:42:46,075|line:578| ('reply: ', '是绝赞的阿鬼', '[tv_难过]')
2026-03-03 17:42:46,075|line:578| ('reply: ', '桃稚不幼稚', '还行')
2026-03-03 17:42:46,075|line:578| ('reply: ', '陌罔子吖', '佬，这个报名有啥条件不。最近太非了，想下次报来抽[脱单doge][脱单doge][脱单doge]')
2026-03-03 17:42:46,075|line:578| ('reply: ', '太二酸菜鱼', '恭喜成为本期欧皇[打call]获得【肥龙联名显眼包】1份，在收到本信息的两天内回复哥的私信哦~逾期哥就自己收啦！[脱单doge]')
2026-03-03 17:42:46,075|line:578| ('reply: ', '得一想二的松鼠', '中奖分我一半')
2026-03-03 17:42:46,075|line:578| ('reply: ', '佑凉Uriyoo', '谢谢！！！[UP_24967030_感恩]')
2026-03-03 17:42:46,076|line:578| ('reply: ', '岛莓祁', '好耶')
2026-03-03 17:42:46,076|line:578| ('reply: ', '苏酥_SUSU_', 'https://b23.tv/3HJcDkm')
2026-03-03 17:42:47,418|line:587| ('at: ', '电脑报', '恭喜@小小Shaun UID：1090970340，@-叶晓吖  UID：22437099  获得 【电竞大礼包】1份， 请在三日内私信我')
2026-03-03 17:42:47,419|line:587| ('at: ', '联想拯救者官方', '是我喜欢的奖品名单 直接开奖 上 趁现在没人偷摸开个奖 恭喜这些小伙伴 【拯救者7.1声卡H7游戏耳机】获奖名单 @泪水打湿猪脚饭o @xoomoon @小小Shaun @T山海连云T @超超超超薄脆饼干 @BerboomC 【拯救者C140氮化镓适配器】获奖名单 @改个天凉好个秋 @夜猫子牙不好 @LLL好久不见 @林殇倾慕婉 @今天也要拥抱微风 @洳不及我万一 @胜利の天平 【白金独角兽电竞鼠标】获奖名单 @底片上的诗旅人 【拯救者C170氮化镓适配器】获奖名单 @麦當劳无限好 @無名丶の辈 @任性的提莫 @广东有暖风 由于B站私信规则修改 我会私信中奖的小伙伴一条消息，还请注意查收并回复我您的收货地址与联系方式，奖品基本会在私信您信息后的三十个工作日内发货')
2026-03-03 17:42:47,419|line:587| ('at: ', 'Apexgaming艾湃电竞', '恭喜 @小小Shaun 获得饮料一份，三天内联系我，过时不候！')
2026-03-03 17:42:47,419|line:587| ('at: ', '喜欢白毛有什么不好', '1 @浪子游2fans6@被_____打下来的飞机@拉斯特臣后面一个点@专心致志的学生@猫猫头OmMeow@小小Shaun@龐門左道@啦啦痴痴腻@bili_66938050009@日月星辰668')
2026-03-03 17:42:47,419|line:587| ('at: ', 'iKF蓝牙耳机', '恭喜@小小Shaun 宝子成为苏泊尔福利动态幸运儿！\n注意：即日起72小时内回复信息确认领奖哦！逾期将自动视为放弃中奖资格。\n没有中奖的宝子们不要气馁，参与一下下置顶视频iKF Mars，增加欧气值，说不定下个幸运儿就是你！\n链接：\nhttps://www.bilibili.com/video/BV1Soo6YLEHZ/?spm_id_from=333.1387.list.card_archive.click&vd_source=21fb0967ccc75e6b3b2447ade2c740dd\n还没参与抽奖的宝子们，赶紧点击上方链接参与吧！还有特别福利惊喜等你哦~')
2026-03-03 17:42:47,419|line:587| ('at: ', 'wellymerck威利默克', '恭喜@小小Shaun\xa0 获得《我是你的小狗3 永远等你回家》1本，请于5天内联系威宝，凭关注+互动截图领取奖品，逾期作废~')
2026-03-03 17:42:47,419|line:587| ('at: ', '宁美NINGMEI', '恭喜@小小Shaun   中奖，请在12月1日24点前私信我：1. 奖品+中奖信息a. 实物奖：姓名电话地址，给文字！省市区路清晰，提交不清晰不发奖，信息错误致无法签收，概不负责；\n\nb. 现金红包给到支付宝实名+账号；\n\nc. 京东卡/猫超卡 等购物卡给到姓名+电话；2. 宁美和品牌方关注截图+转发截图！\n\n必须关注品牌方，否则奖品不予发放；如遇无法私信图片的情况，等待我回复后即可发送图片。PS： \n\n因后台收信有时会出问题，以回复“已登记”为准，没有回复即表示私信未收到。\n\n过期视为自动放弃，不会补发；奖品30个工作日内发送，勿催哦~\n\n不发全，不回复。其他小伙伴请继续努力！')
2026-03-03 17:42:47,419|line:587| ('at: ', '爱玛电动车官方账号', '#一“玛”当先榜# 快来看看10月都是谁和爱玛酱互动最多呀~ 💕恭喜@小小Shaun 和@甘瑞凯拉莎 排行第一！这两位小玛达将会获得【爱玛随机周边×1】，请5天内私信爱玛酱领奖哟~[鼓掌] 以后也请继续单推我无敌可爱美少女爱玛酱呀嘿嘿！(●´З｀●)')
2026-03-03 17:42:47,420|line:587| ('at: ', '爱玛电动车官方账号', '')
2026-03-03 17:42:47,420|line:587| ('at: ', '海露滴眼液', '互动榜出炉啦')
2026-03-03 17:42:47,420|line:587| ('at: ', '和蔼可亲桃白白', '\u200b//@九号公司:\u200b恭喜@小小Shaun 中奖！后续记得查收私信哟～\u200b//@九号公司:#互动抽奖# 谢谢粒粒的复工礼！小九也来加个码~关注【@微粒贷+@九号公司 】并转发该动态，抽一位小可爱获得【100元京东卡】~ #供电局福利社# 10月31日抽出！')
2026-03-03 17:42:47,420|line:587| ('at: ', '望大家身体健康快乐', '\u200b//@九号公司:\u200b恭喜@小小Shaun 中奖！后续记得查收私信哟～\u200b//@九号公司 :#互动抽奖# 谢谢粒粒的复工礼！小九也来加个码~关注【@微粒贷+@九号公司 】并转发该动态，抽一位小可爱获得【100元京东卡】~ #供电局福利社# 10月31日抽出！')
2026-03-03 17:42:47,420|line:587| ('at: ', 'MoMA_Reona', '//@九号公司:\u200b恭喜@小小Shaun 中奖！后续记得查收私信哟～\u200b//@九号公司:#互动抽奖# 谢谢粒粒的复工礼！小九也来加个码~关注【@微粒贷+@九号公司 】并转发该动态，抽一位小可爱获得【100元京东卡】~ #供电局福利社# 10月31日抽出！')
2026-03-03 17:42:47,420|line:587| ('at: ', '摸鱼二队', '\u200b//@九号公司:\u200b恭喜@小小Shaun 中奖！后续记得查收私信哟～\u200b//@九号公司 :#互动抽奖# 谢谢粒粒的复工礼！小九也来加个码~关注【@微粒贷+@九号公司 】并转发该动态，抽一位小可爱获得【100元京东卡】~ #供电局福利社# 10月31日抽出！')
2026-03-03 17:42:47,420|line:587| ('at: ', '文少嘅一些事一些情', '\u200b//@九号公司:\u200b恭喜@小小Shaun 中奖！后续记得查收私信哟～\u200b//@九号公司 :#互动抽奖# 谢谢粒粒的复工礼！小九也来加个码~关注【@微粒贷+@九号公司 】并转发该动态，抽一位小可爱获得【100元京东卡】~ #供电局福利社# 10月31日抽出！')
2026-03-03 17:42:47,420|line:587| ('at: ', 'Carry队友的嘟嘟酱丶', '\u200b//@九号公司:\u200b恭喜@小小Shaun 中奖！后续记得查收私信哟～\u200b//@九号公司 :#互动抽奖# 谢谢粒粒的复工礼！小九也来加个码~关注【@微粒贷+@九号公司 】并转发该动态，抽一位小可爱获得【100元京东卡】~ #供电局福利社# 10月31日抽出！')
2026-03-03 17:42:47,420|line:587| ('at: ', '蛤蟆zero', '//@九号公司:\u200b恭喜@小小Shaun 中奖！后续记得查收私信哟～\u200b//@九号公司:#互动抽奖# 谢谢粒粒的复工礼！小九也来加个码~关注【@微粒贷+@九号公司 】并转发该动态，抽一位小可爱获得【100元京东卡】~ #供电局福利社# 10月31日抽出！c冲冲冲')
2026-03-03 17:42:47,421|line:587| ('at: ', '木而各子要吃笃栗子', '\u200b//@九号公司:\u200b恭喜@小小Shaun 中奖！后续记得查收私信哟～\u200b//@九号公司 :#互动抽奖# 谢谢粒粒的复工礼！小九也来加个码~关注【@微粒贷+@九号公司 】并转发该动态，抽一位小可爱获得【100元京东卡】~ #供电局福利社# 10月31日抽出！')
2026-03-03 17:42:47,421|line:587| ('at: ', '裙下愚臣情默默', '\u200b//@九号公司:\u200b恭喜@小小Shaun 中奖！后续记得查收私信哟～\u200b//@九号公司 :#互动抽奖# 谢谢粒粒的复工礼！小九也来加个码~关注【@微粒贷+@九号公司 】并转发该动态，抽一位小可爱获得【100元京东卡】~ #供电局福利社# 10月31日抽出！')
2026-03-03 17:42:47,421|line:587| ('at: ', '戊子毕宿', '')
