2026-06-01 20:22:42,204|line:232| processing article 49943423
2026-06-01 20:22:47,360|line:507| ==================================================2026-06-02 04:22==================================================
2026-06-01 20:22:47,360|line:519| https://t.bilibili.com/1204820858626900037
2026-06-01 20:22:50,603|line:346| Expecting value: line 1 column 1 (char 0)
2026-06-01 20:22:50,604|line:347| error line:319
2026-06-01 20:22:50,604|line:533| *#*#*#*#*#*#*#*#*#*еҺҹеҠЁжҖҒеӨ„зҗҶеӨұиҙҘ*#*#*#*#*#*#*#*#*#
2026-06-01 20:22:50,605|line:519| https://t.bilibili.com/1198501522945605638
2026-06-01 20:22:52,827|line:346| Expecting value: line 1 column 1 (char 0)
2026-06-01 20:22:52,827|line:347| error line:319
2026-06-01 20:22:52,828|line:533| *#*#*#*#*#*#*#*#*#*еҺҹеҠЁжҖҒеӨ„зҗҶеӨұиҙҘ*#*#*#*#*#*#*#*#*#
2026-06-01 20:22:52,828|line:519| https://t.bilibili.com/1202597856563691523
2026-06-01 20:22:54,047|line:346| Expecting value: line 1 column 1 (char 0)
2026-06-01 20:22:54,047|line:347| error line:319
2026-06-01 20:22:54,048|line:533| *#*#*#*#*#*#*#*#*#*еҺҹеҠЁжҖҒеӨ„зҗҶеӨұиҙҘ*#*#*#*#*#*#*#*#*#
2026-06-01 20:22:54,048|line:519| https://t.bilibili.com/1208756356506451969
2026-06-01 20:22:58,277|line:346| Expecting value: line 1 column 1 (char 0)
2026-06-01 20:22:58,277|line:347| error line:319
2026-06-01 20:22:58,278|line:533| *#*#*#*#*#*#*#*#*#*еҺҹеҠЁжҖҒеӨ„зҗҶеӨұиҙҘ*#*#*#*#*#*#*#*#*#
2026-06-01 20:22:58,278|line:519| https://t.bilibili.com/1208779033969426438
2026-06-01 20:23:02,494|line:346| Expecting value: line 1 column 1 (char 0)
2026-06-01 20:23:02,495|line:347| error line:319
2026-06-01 20:23:02,496|line:533| *#*#*#*#*#*#*#*#*#*еҺҹеҠЁжҖҒеӨ„зҗҶеӨұиҙҘ*#*#*#*#*#*#*#*#*#
2026-06-01 20:23:02,496|line:519| https://t.bilibili.com/1208021670141362201
2026-06-01 20:23:05,713|line:346| Expecting value: line 1 column 1 (char 0)
2026-06-01 20:23:05,714|line:347| error line:319
2026-06-01 20:23:05,715|line:533| *#*#*#*#*#*#*#*#*#*еҺҹеҠЁжҖҒеӨ„зҗҶеӨұиҙҘ*#*#*#*#*#*#*#*#*#
2026-06-01 20:23:05,715|line:519| https://t.bilibili.com/1208780973148209152
2026-06-01 20:23:07,963|line:346| Expecting value: line 1 column 1 (char 0)
2026-06-01 20:23:07,963|line:347| error line:319
2026-06-01 20:23:07,964|line:533| *#*#*#*#*#*#*#*#*#*еҺҹеҠЁжҖҒеӨ„зҗҶеӨұиҙҘ*#*#*#*#*#*#*#*#*#
2026-06-01 20:23:07,964|line:519| https://t.bilibili.com/1201479863740923906
2026-06-01 20:23:10,257|line:346| Expecting value: line 1 column 1 (char 0)
2026-06-01 20:23:10,257|line:347| error line:319
2026-06-01 20:23:10,258|line:533| *#*#*#*#*#*#*#*#*#*еҺҹеҠЁжҖҒеӨ„зҗҶеӨұиҙҘ*#*#*#*#*#*#*#*#*#
2026-06-01 20:23:10,258|line:519| https://t.bilibili.com/1207860441387106309
2026-06-01 20:23:13,602|line:346| Expecting value: line 1 column 1 (char 0)
2026-06-01 20:23:13,602|line:347| error line:319
2026-06-01 20:23:13,603|line:533| *#*#*#*#*#*#*#*#*#*еҺҹеҠЁжҖҒеӨ„зҗҶеӨұиҙҘ*#*#*#*#*#*#*#*#*#
2026-06-01 20:23:13,603|line:519| https://t.bilibili.com/1208794495800311809
2026-06-01 20:23:17,822|line:346| Expecting value: line 1 column 1 (char 0)
2026-06-01 20:23:17,822|line:347| error line:319
2026-06-01 20:23:17,823|line:533| *#*#*#*#*#*#*#*#*#*еҺҹеҠЁжҖҒеӨ„зҗҶеӨұиҙҘ*#*#*#*#*#*#*#*#*#
2026-06-01 20:23:17,823|line:519| https://t.bilibili.com/1206939140837343267
2026-06-01 20:23:19,115|line:346| Expecting value: line 1 column 1 (char 0)
2026-06-01 20:23:19,115|line:347| error line:319
2026-06-01 20:23:19,116|line:533| *#*#*#*#*#*#*#*#*#*еҺҹеҠЁжҖҒеӨ„зҗҶеӨұиҙҘ*#*#*#*#*#*#*#*#*#
2026-06-01 20:23:19,116|line:519| https://t.bilibili.com/1208451995793358872
2026-06-01 20:23:20,335|line:346| Expecting value: line 1 column 1 (char 0)
2026-06-01 20:23:20,335|line:347| error line:319
2026-06-01 20:23:20,336|line:533| *#*#*#*#*#*#*#*#*#*еҺҹеҠЁжҖҒеӨ„зҗҶеӨұиҙҘ*#*#*#*#*#*#*#*#*#
2026-06-01 20:23:20,336|line:519| https://t.bilibili.com/1205888553182035970
2026-06-01 20:23:23,553|line:346| Expecting value: line 1 column 1 (char 0)
2026-06-01 20:23:23,553|line:347| error line:319
2026-06-01 20:23:23,554|line:533| *#*#*#*#*#*#*#*#*#*еҺҹеҠЁжҖҒеӨ„зҗҶеӨұиҙҘ*#*#*#*#*#*#*#*#*#
2026-06-01 20:23:23,554|line:519| https://t.bilibili.com/1202573246456659991
2026-06-01 20:23:26,900|line:346| Expecting value: line 1 column 1 (char 0)
2026-06-01 20:23:26,901|line:347| error line:319
2026-06-01 20:23:26,901|line:533| *#*#*#*#*#*#*#*#*#*еҺҹеҠЁжҖҒеӨ„зҗҶеӨұиҙҘ*#*#*#*#*#*#*#*#*#
2026-06-01 20:23:26,902|line:519| https://t.bilibili.com/1207818934772826136
2026-06-01 20:23:31,119|line:346| Expecting value: line 1 column 1 (char 0)
2026-06-01 20:23:31,119|line:347| error line:319
2026-06-01 20:23:31,120|line:533| *#*#*#*#*#*#*#*#*#*еҺҹеҠЁжҖҒеӨ„зҗҶеӨұиҙҘ*#*#*#*#*#*#*#*#*#
2026-06-01 20:23:31,120|line:519| https://t.bilibili.com/1204821180797681664
2026-06-01 20:23:34,339|line:346| Expecting value: line 1 column 1 (char 0)
2026-06-01 20:23:34,340|line:347| error line:319
2026-06-01 20:23:34,340|line:533| *#*#*#*#*#*#*#*#*#*еҺҹеҠЁжҖҒеӨ„зҗҶеӨұиҙҘ*#*#*#*#*#*#*#*#*#
2026-06-01 20:23:34,341|line:519| https://t.bilibili.com/1205282773769650183
2026-06-01 20:23:35,574|line:346| Expecting value: line 1 column 1 (char 0)
2026-06-01 20:23:35,574|line:347| error line:319
2026-06-01 20:23:35,575|line:533| *#*#*#*#*#*#*#*#*#*еҺҹеҠЁжҖҒеӨ„зҗҶеӨұиҙҘ*#*#*#*#*#*#*#*#*#
2026-06-01 20:23:35,575|line:519| https://t.bilibili.com/1198227761701847058
2026-06-01 20:23:38,794|line:346| Expecting value: line 1 column 1 (char 0)
2026-06-01 20:23:38,794|line:347| error line:319
2026-06-01 20:23:38,795|line:533| *#*#*#*#*#*#*#*#*#*еҺҹеҠЁжҖҒеӨ„зҗҶеӨұиҙҘ*#*#*#*#*#*#*#*#*#
2026-06-01 20:23:38,795|line:519| https://t.bilibili.com/1208262772438073345
2026-06-01 20:23:43,012|line:346| Expecting value: line 1 column 1 (char 0)
2026-06-01 20:23:43,013|line:347| error line:319
2026-06-01 20:23:43,013|line:533| *#*#*#*#*#*#*#*#*#*еҺҹеҠЁжҖҒеӨ„зҗҶеӨұиҙҘ*#*#*#*#*#*#*#*#*#
2026-06-01 20:23:43,014|line:519| https://t.bilibili.com/1208618958393966627
2026-06-01 20:23:46,233|line:346| Expecting value: line 1 column 1 (char 0)
2026-06-01 20:23:46,233|line:347| error line:319
2026-06-01 20:23:46,234|line:533| *#*#*#*#*#*#*#*#*#*еҺҹеҠЁжҖҒеӨ„зҗҶеӨұиҙҘ*#*#*#*#*#*#*#*#*#
2026-06-01 20:23:46,234|line:552| жү§иЎҢз»“жқҹ
2026-06-01 20:23:46,234|line:556| жү§иЎҢеӨұиҙҘпјҢй”ҷиҜҜж•°йҮҸдёә20
2026-06-01 20:23:46,234|line:558| ==================================================2026-06-02 04:23==================================================
2026-06-01 20:23:46,234|line:232| processing article 49933153
2026-06-01 20:23:50,628|line:507| ==================================================2026-06-02 04:23==================================================
2026-06-01 20:23:50,628|line:519| https://t.bilibili.com/1208779033927483429
2026-06-01 20:23:53,046|line:346| Expecting value: line 1 column 1 (char 0)
2026-06-01 20:23:53,046|line:347| error line:319
2026-06-01 20:23:53,047|line:533| *#*#*#*#*#*#*#*#*#*еҺҹеҠЁжҖҒеӨ„зҗҶеӨұиҙҘ*#*#*#*#*#*#*#*#*#
2026-06-01 20:23:53,047|line:519| https://t.bilibili.com/1208810282006085641
2026-06-01 20:23:56,268|line:346| Expecting value: line 1 column 1 (char 0)
2026-06-01 20:23:56,268|line:347| error line:319
2026-06-01 20:23:56,269|line:533| *#*#*#*#*#*#*#*#*#*еҺҹеҠЁжҖҒеӨ„зҗҶеӨұиҙҘ*#*#*#*#*#*#*#*#*#
2026-06-01 20:23:56,269|line:519| https://t.bilibili.com/1208845715442237475
2026-06-01 20:23:59,486|line:346| Expecting value: line 1 column 1 (char 0)
2026-06-01 20:23:59,487|line:347| error line:319
2026-06-01 20:23:59,487|line:533| *#*#*#*#*#*#*#*#*#*еҺҹеҠЁжҖҒеӨ„зҗҶеӨұиҙҘ*#*#*#*#*#*#*#*#*#
2026-06-01 20:23:59,488|line:519| https://t.bilibili.com/1208847854343290881
2026-06-01 20:24:03,705|line:346| Expecting value: line 1 column 1 (char 0)
2026-06-01 20:24:03,705|line:347| error line:319
2026-06-01 20:24:03,707|line:533| *#*#*#*#*#*#*#*#*#*еҺҹеҠЁжҖҒеӨ„зҗҶеӨұиҙҘ*#*#*#*#*#*#*#*#*#
2026-06-01 20:24:03,707|line:519| https://t.bilibili.com/1208505502529486848
2026-06-01 20:24:07,927|line:346| Expecting value: line 1 column 1 (char 0)
2026-06-01 20:24:07,927|line:347| error line:319
2026-06-01 20:24:07,928|line:533| *#*#*#*#*#*#*#*#*#*еҺҹеҠЁжҖҒеӨ„зҗҶеӨұиҙҘ*#*#*#*#*#*#*#*#*#
2026-06-01 20:24:07,929|line:519| https://t.bilibili.com/1208822346570268705
2026-06-01 20:24:11,148|line:346| Expecting value: line 1 column 1 (char 0)
2026-06-01 20:24:11,148|line:347| error line:319
2026-06-01 20:24:11,149|line:533| *#*#*#*#*#*#*#*#*#*еҺҹеҠЁжҖҒеӨ„зҗҶеӨұиҙҘ*#*#*#*#*#*#*#*#*#
2026-06-01 20:24:11,149|line:519| https://t.bilibili.com/1208917694835851317
2026-06-01 20:24:12,367|line:346| Expecting value: line 1 column 1 (char 0)
2026-06-01 20:24:12,367|line:347| error line:319
2026-06-01 20:24:12,368|line:533| *#*#*#*#*#*#*#*#*#*еҺҹеҠЁжҖҒеӨ„зҗҶеӨұиҙҘ*#*#*#*#*#*#*#*#*#
2026-06-01 20:24:12,369|line:519| https://t.bilibili.com/1208779070464065601
2026-06-01 20:24:13,720|line:346| Expecting value: line 1 column 1 (char 0)
2026-06-01 20:24:13,721|line:347| error line:319
2026-06-01 20:24:13,722|line:533| *#*#*#*#*#*#*#*#*#*еҺҹеҠЁжҖҒеӨ„зҗҶеӨұиҙҘ*#*#*#*#*#*#*#*#*#
2026-06-01 20:24:13,722|line:519| https://t.bilibili.com/1208782965968994310
2026-06-01 20:24:15,062|line:346| Expecting value: line 1 column 1 (char 0)
2026-06-01 20:24:15,062|line:347| error line:319
2026-06-01 20:24:15,063|line:533| *#*#*#*#*#*#*#*#*#*еҺҹеҠЁжҖҒеӨ„зҗҶеӨұиҙҘ*#*#*#*#*#*#*#*#*#
2026-06-01 20:24:15,063|line:519| https://t.bilibili.com/1208794495850643475
2026-06-01 20:24:17,281|line:346| Expecting value: line 1 column 1 (char 0)
2026-06-01 20:24:17,282|line:347| error line:319
2026-06-01 20:24:17,283|line:533| *#*#*#*#*#*#*#*#*#*еҺҹеҠЁжҖҒеӨ„зҗҶеӨұиҙҘ*#*#*#*#*#*#*#*#*#
2026-06-01 20:24:17,283|line:519| https://t.bilibili.com/1208896286576607249
2026-06-01 20:24:20,504|line:346| Expecting value: line 1 column 1 (char 0)
2026-06-01 20:24:20,504|line:347| error line:319
2026-06-01 20:24:20,505|line:533| *#*#*#*#*#*#*#*#*#*еҺҹеҠЁжҖҒеӨ„зҗҶеӨұиҙҘ*#*#*#*#*#*#*#*#*#
2026-06-01 20:24:20,505|line:519| https://t.bilibili.com/1208780973148209152
2026-06-01 20:24:24,734|line:346| Expecting value: line 1 column 1 (char 0)
2026-06-01 20:24:24,734|line:347| error line:319
2026-06-01 20:24:24,735|line:533| *#*#*#*#*#*#*#*#*#*еҺҹеҠЁжҖҒеӨ„зҗҶеӨұиҙҘ*#*#*#*#*#*#*#*#*#
2026-06-01 20:24:24,735|line:519| https://t.bilibili.com/1208846565857296386
2026-06-01 20:24:27,954|line:346| Expecting value: line 1 column 1 (char 0)
2026-06-01 20:24:27,954|line:347| error line:319
2026-06-01 20:24:27,955|line:533| *#*#*#*#*#*#*#*#*#*еҺҹеҠЁжҖҒеӨ„зҗҶеӨұиҙҘ*#*#*#*#*#*#*#*#*#
2026-06-01 20:24:27,955|line:519| https://t.bilibili.com/1208794495854837777
2026-06-01 20:24:32,174|line:346| Expecting value: line 1 column 1 (char 0)
2026-06-01 20:24:32,174|line:347| error line:319
2026-06-01 20:24:32,175|line:533| *#*#*#*#*#*#*#*#*#*еҺҹеҠЁжҖҒеӨ„зҗҶеӨұиҙҘ*#*#*#*#*#*#*#*#*#
2026-06-01 20:24:32,175|line:519| https://t.bilibili.com/1208769411049062420
2026-06-01 20:24:34,394|line:346| Expecting value: line 1 column 1 (char 0)
2026-06-01 20:24:34,395|line:347| error line:319
2026-06-01 20:24:34,396|line:533| *#*#*#*#*#*#*#*#*#*еҺҹеҠЁжҖҒеӨ„зҗҶеӨұиҙҘ*#*#*#*#*#*#*#*#*#
2026-06-01 20:24:34,396|line:519| https://t.bilibili.com/1207818934772826136
2026-06-01 20:24:37,744|line:346| Expecting value: line 1 column 1 (char 0)
2026-06-01 20:24:37,744|line:347| error line:319
2026-06-01 20:24:37,745|line:533| *#*#*#*#*#*#*#*#*#*еҺҹеҠЁжҖҒеӨ„зҗҶеӨұиҙҘ*#*#*#*#*#*#*#*#*#
2026-06-01 20:24:37,745|line:519| https://t.bilibili.com/1208809957690966041
2026-06-01 20:24:40,988|line:346| Expecting value: line 1 column 1 (char 0)
2026-06-01 20:24:40,988|line:347| error line:319
2026-06-01 20:24:40,989|line:533| *#*#*#*#*#*#*#*#*#*еҺҹеҠЁжҖҒеӨ„зҗҶеӨұиҙҘ*#*#*#*#*#*#*#*#*#
2026-06-01 20:24:40,989|line:519| https://t.bilibili.com/1208780784168599569
2026-06-01 20:24:45,333|line:346| Expecting value: line 1 column 1 (char 0)
2026-06-01 20:24:45,333|line:347| error line:319
2026-06-01 20:24:45,333|line:533| *#*#*#*#*#*#*#*#*#*еҺҹеҠЁжҖҒеӨ„зҗҶеӨұиҙҘ*#*#*#*#*#*#*#*#*#
2026-06-01 20:24:45,334|line:519| https://t.bilibili.com/1208902731117363219
2026-06-01 20:24:46,678|line:346| Expecting value: line 1 column 1 (char 0)
2026-06-01 20:24:46,679|line:347| error line:319
2026-06-01 20:24:46,679|line:533| *#*#*#*#*#*#*#*#*#*еҺҹеҠЁжҖҒеӨ„зҗҶеӨұиҙҘ*#*#*#*#*#*#*#*#*#
2026-06-01 20:24:46,680|line:519| https://t.bilibili.com/1208878395871461376
2026-06-01 20:24:49,900|line:346| Expecting value: line 1 column 1 (char 0)
2026-06-01 20:24:49,900|line:347| error line:319
2026-06-01 20:24:49,901|line:533| *#*#*#*#*#*#*#*#*#*еҺҹеҠЁжҖҒеӨ„зҗҶеӨұиҙҘ*#*#*#*#*#*#*#*#*#
2026-06-01 20:24:49,901|line:519| https://t.bilibili.com/1208779033964183558
2026-06-01 20:24:51,117|line:346| Expecting value: line 1 column 1 (char 0)
2026-06-01 20:24:51,118|line:347| error line:319
2026-06-01 20:24:51,118|line:533| *#*#*#*#*#*#*#*#*#*еҺҹеҠЁжҖҒеӨ„зҗҶеӨұиҙҘ*#*#*#*#*#*#*#*#*#
2026-06-01 20:24:51,118|line:519| https://t.bilibili.com/1208714972383674390
2026-06-01 20:24:54,337|line:346| Expecting value: line 1 column 1 (char 0)
2026-06-01 20:24:54,337|line:347| error line:319
2026-06-01 20:24:54,338|line:533| *#*#*#*#*#*#*#*#*#*еҺҹеҠЁжҖҒеӨ„зҗҶеӨұиҙҘ*#*#*#*#*#*#*#*#*#
2026-06-01 20:24:54,338|line:519| https://t.bilibili.com/1208798453664055333
2026-06-01 20:24:58,554|line:346| Expecting value: line 1 column 1 (char 0)
2026-06-01 20:24:58,554|line:347| error line:319
2026-06-01 20:24:58,555|line:533| *#*#*#*#*#*#*#*#*#*еҺҹеҠЁжҖҒеӨ„зҗҶеӨұиҙҘ*#*#*#*#*#*#*#*#*#
2026-06-01 20:24:58,556|line:519| https://t.bilibili.com/1208474570176069637
2026-06-01 20:25:01,776|line:346| Expecting value: line 1 column 1 (char 0)
2026-06-01 20:25:01,776|line:347| error line:319
2026-06-01 20:25:01,777|line:533| *#*#*#*#*#*#*#*#*#*еҺҹеҠЁжҖҒеӨ„зҗҶеӨұиҙҘ*#*#*#*#*#*#*#*#*#
2026-06-01 20:25:01,777|line:519| https://t.bilibili.com/1208776733981933569
2026-06-01 20:25:05,125|line:346| Expecting value: line 1 column 1 (char 0)
2026-06-01 20:25:05,125|line:347| error line:319
2026-06-01 20:25:05,126|line:533| *#*#*#*#*#*#*#*#*#*еҺҹеҠЁжҖҒеӨ„зҗҶеӨұиҙҘ*#*#*#*#*#*#*#*#*#
2026-06-01 20:25:05,126|line:519| https://t.bilibili.com/1208867589722210312
2026-06-01 20:25:07,346|line:346| Expecting value: line 1 column 1 (char 0)
2026-06-01 20:25:07,346|line:347| error line:319
2026-06-01 20:25:07,347|line:533| *#*#*#*#*#*#*#*#*#*еҺҹеҠЁжҖҒеӨ„зҗҶеӨұиҙҘ*#*#*#*#*#*#*#*#*#
2026-06-01 20:25:07,347|line:519| https://t.bilibili.com/1208776562172756002
2026-06-01 20:25:11,693|line:346| Expecting value: line 1 column 1 (char 0)
2026-06-01 20:25:11,693|line:347| error line:319
2026-06-01 20:25:11,694|line:533| *#*#*#*#*#*#*#*#*#*еҺҹеҠЁжҖҒеӨ„зҗҶеӨұиҙҘ*#*#*#*#*#*#*#*#*#
2026-06-01 20:25:11,694|line:519| https://t.bilibili.com/1208579659423285269
2026-06-01 20:25:14,911|line:346| Expecting value: line 1 column 1 (char 0)
2026-06-01 20:25:14,911|line:347| error line:319
2026-06-01 20:25:14,912|line:533| *#*#*#*#*#*#*#*#*#*еҺҹеҠЁжҖҒеӨ„зҗҶеӨұиҙҘ*#*#*#*#*#*#*#*#*#
2026-06-01 20:25:14,912|line:519| https://t.bilibili.com/1208894998073835523
2026-06-01 20:25:19,131|line:346| Expecting value: line 1 column 1 (char 0)
2026-06-01 20:25:19,131|line:347| error line:319
2026-06-01 20:25:19,132|line:533| *#*#*#*#*#*#*#*#*#*еҺҹеҠЁжҖҒеӨ„зҗҶеӨұиҙҘ*#*#*#*#*#*#*#*#*#
2026-06-01 20:25:19,132|line:519| https://t.bilibili.com/1202597856563691523
2026-06-01 20:25:21,479|line:346| Expecting value: line 1 column 1 (char 0)
2026-06-01 20:25:21,479|line:347| error line:319
2026-06-01 20:25:21,480|line:533| *#*#*#*#*#*#*#*#*#*еҺҹеҠЁжҖҒеӨ„зҗҶеӨұиҙҘ*#*#*#*#*#*#*#*#*#
2026-06-01 20:25:21,481|line:519| https://t.bilibili.com/1208489980510339094
2026-06-01 20:25:25,828|line:346| Expecting value: line 1 column 1 (char 0)
2026-06-01 20:25:25,828|line:347| error line:319
2026-06-01 20:25:25,829|line:533| *#*#*#*#*#*#*#*#*#*еҺҹеҠЁжҖҒеӨ„зҗҶеӨұиҙҘ*#*#*#*#*#*#*#*#*#
2026-06-01 20:25:25,829|line:519| https://t.bilibili.com/1208763572090306578
2026-06-01 20:25:30,047|line:346| Expecting value: line 1 column 1 (char 0)
2026-06-01 20:25:30,047|line:347| error line:319
2026-06-01 20:25:30,048|line:533| *#*#*#*#*#*#*#*#*#*еҺҹеҠЁжҖҒеӨ„зҗҶеӨұиҙҘ*#*#*#*#*#*#*#*#*#
2026-06-01 20:25:30,048|line:519| https://t.bilibili.com/1208786925928841254
2026-06-01 20:25:34,392|line:346| Expecting value: line 1 column 1 (char 0)
2026-06-01 20:25:34,392|line:347| error line:319
2026-06-01 20:25:34,393|line:533| *#*#*#*#*#*#*#*#*#*еҺҹеҠЁжҖҒеӨ„зҗҶеӨұиҙҘ*#*#*#*#*#*#*#*#*#
2026-06-01 20:25:34,393|line:519| https://t.bilibili.com/1208779033969426438
2026-06-01 20:25:35,613|line:346| Expecting value: line 1 column 1 (char 0)
2026-06-01 20:25:35,613|line:347| error line:319
2026-06-01 20:25:35,614|line:533| *#*#*#*#*#*#*#*#*#*еҺҹеҠЁжҖҒеӨ„зҗҶеӨұиҙҘ*#*#*#*#*#*#*#*#*#
2026-06-01 20:25:35,615|line:519| https://t.bilibili.com/1208840363930812453
2026-06-01 20:25:37,832|line:346| Expecting value: line 1 column 1 (char 0)
2026-06-01 20:25:37,832|line:347| error line:319
2026-06-01 20:25:37,833|line:533| *#*#*#*#*#*#*#*#*#*еҺҹеҠЁжҖҒеӨ„зҗҶеӨұиҙҘ*#*#*#*#*#*#*#*#*#
2026-06-01 20:25:37,833|line:519| https://t.bilibili.com/1208931971309240325
2026-06-01 20:25:41,176|line:346| Expecting value: line 1 column 1 (char 0)
2026-06-01 20:25:41,176|line:347| error line:319
2026-06-01 20:25:41,177|line:533| *#*#*#*#*#*#*#*#*#*еҺҹеҠЁжҖҒеӨ„зҗҶеӨұиҙҘ*#*#*#*#*#*#*#*#*#
2026-06-01 20:25:41,178|line:519| https://t.bilibili.com/1208924197367054339
2026-06-01 20:25:42,404|line:346| Expecting value: line 1 column 1 (char 0)
2026-06-01 20:25:42,404|line:347| error line:319
2026-06-01 20:25:42,405|line:533| *#*#*#*#*#*#*#*#*#*еҺҹеҠЁжҖҒеӨ„зҗҶеӨұиҙҘ*#*#*#*#*#*#*#*#*#
2026-06-01 20:25:42,405|line:519| https://t.bilibili.com/1208868710708674563
2026-06-01 20:25:44,625|line:346| Expecting value: line 1 column 1 (char 0)
2026-06-01 20:25:44,626|line:347| error line:319
2026-06-01 20:25:44,626|line:533| *#*#*#*#*#*#*#*#*#*еҺҹеҠЁжҖҒеӨ„зҗҶеӨұиҙҘ*#*#*#*#*#*#*#*#*#
2026-06-01 20:25:44,627|line:519| https://t.bilibili.com/1206939140837343267
2026-06-01 20:25:45,860|line:346| Expecting value: line 1 column 1 (char 0)
2026-06-01 20:25:45,860|line:347| error line:319
2026-06-01 20:25:45,861|line:533| *#*#*#*#*#*#*#*#*#*еҺҹеҠЁжҖҒеӨ„зҗҶеӨұиҙҘ*#*#*#*#*#*#*#*#*#
2026-06-01 20:25:45,862|line:519| https://t.bilibili.com/1208587231470551042
2026-06-01 20:25:48,208|line:346| Expecting value: line 1 column 1 (char 0)
2026-06-01 20:25:48,209|line:347| error line:319
2026-06-01 20:25:48,210|line:533| *#*#*#*#*#*#*#*#*#*еҺҹеҠЁжҖҒеӨ„зҗҶеӨұиҙҘ*#*#*#*#*#*#*#*#*#
2026-06-01 20:25:48,210|line:519| https://t.bilibili.com/1202573246456659991
2026-06-01 20:25:50,622|line:346| Expecting value: line 1 column 1 (char 0)
2026-06-01 20:25:50,622|line:347| error line:319
2026-06-01 20:25:50,623|line:533| *#*#*#*#*#*#*#*#*#*еҺҹеҠЁжҖҒеӨ„зҗҶеӨұиҙҘ*#*#*#*#*#*#*#*#*#
2026-06-01 20:25:50,624|line:519| https://t.bilibili.com/1208871631274901505
2026-06-01 20:25:54,969|line:346| Expecting value: line 1 column 1 (char 0)
2026-06-01 20:25:54,969|line:347| error line:319
2026-06-01 20:25:54,970|line:533| *#*#*#*#*#*#*#*#*#*еҺҹеҠЁжҖҒеӨ„зҗҶеӨұиҙҘ*#*#*#*#*#*#*#*#*#
2026-06-01 20:25:54,970|line:519| https://t.bilibili.com/1208794495805554697
2026-06-01 20:25:57,191|line:346| Expecting value: line 1 column 1 (char 0)
2026-06-01 20:25:57,191|line:347| error line:319
2026-06-01 20:25:57,192|line:533| *#*#*#*#*#*#*#*#*#*еҺҹеҠЁжҖҒеӨ„зҗҶеӨұиҙҘ*#*#*#*#*#*#*#*#*#
2026-06-01 20:25:57,192|line:519| https://t.bilibili.com/1208878872607588361
2026-06-01 20:26:01,411|line:346| Expecting value: line 1 column 1 (char 0)
2026-06-01 20:26:01,411|line:347| error line:319
2026-06-01 20:26:01,412|line:533| *#*#*#*#*#*#*#*#*#*еҺҹеҠЁжҖҒеӨ„зҗҶеӨұиҙҘ*#*#*#*#*#*#*#*#*#
2026-06-01 20:26:01,412|line:519| https://t.bilibili.com/1208909182164533289
2026-06-01 20:26:04,643|line:346| Expecting value: line 1 column 1 (char 0)
2026-06-01 20:26:04,643|line:347| error line:319
2026-06-01 20:26:04,644|line:533| *#*#*#*#*#*#*#*#*#*еҺҹеҠЁжҖҒеӨ„зҗҶеӨұиҙҘ*#*#*#*#*#*#*#*#*#
2026-06-01 20:26:04,645|line:519| https://t.bilibili.com/1208840881459691522
2026-06-01 20:26:08,059|line:346| Expecting value: line 1 column 1 (char 0)
2026-06-01 20:26:08,059|line:347| error line:319
2026-06-01 20:26:08,060|line:533| *#*#*#*#*#*#*#*#*#*еҺҹеҠЁжҖҒеӨ„зҗҶеӨұиҙҘ*#*#*#*#*#*#*#*#*#
2026-06-01 20:26:08,060|line:519| https://t.bilibili.com/1208801009161207817
2026-06-01 20:26:09,278|line:346| Expecting value: line 1 column 1 (char 0)
2026-06-01 20:26:09,278|line:347| error line:319
2026-06-01 20:26:09,279|line:533| *#*#*#*#*#*#*#*#*#*еҺҹеҠЁжҖҒеӨ„зҗҶеӨұиҙҘ*#*#*#*#*#*#*#*#*#
2026-06-01 20:26:09,280|line:519| https://t.bilibili.com/1208262772438073345
2026-06-01 20:26:13,562|line:346| Expecting value: line 1 column 1 (char 0)
2026-06-01 20:26:13,563|line:347| error line:319
2026-06-01 20:26:13,564|line:533| *#*#*#*#*#*#*#*#*#*еҺҹеҠЁжҖҒеӨ„зҗҶеӨұиҙҘ*#*#*#*#*#*#*#*#*#
2026-06-01 20:26:13,564|line:519| https://t.bilibili.com/1208832693132853267
2026-06-01 20:26:15,907|line:346| Expecting value: line 1 column 1 (char 0)
2026-06-01 20:26:15,907|line:347| error line:319
2026-06-01 20:26:15,908|line:533| *#*#*#*#*#*#*#*#*#*еҺҹеҠЁжҖҒеӨ„зҗҶеӨұиҙҘ*#*#*#*#*#*#*#*#*#
2026-06-01 20:26:15,909|line:519| https://t.bilibili.com/1208619181718634513
2026-06-01 20:26:20,129|line:346| Expecting value: line 1 column 1 (char 0)
2026-06-01 20:26:20,129|line:347| error line:319
2026-06-01 20:26:20,130|line:533| *#*#*#*#*#*#*#*#*#*еҺҹеҠЁжҖҒеӨ„зҗҶеӨұиҙҘ*#*#*#*#*#*#*#*#*#
2026-06-01 20:26:20,130|line:519| https://t.bilibili.com/1208839977406824457
2026-06-01 20:26:22,345|line:346| Expecting value: line 1 column 1 (char 0)
2026-06-01 20:26:22,346|line:347| error line:319
2026-06-01 20:26:22,347|line:533| *#*#*#*#*#*#*#*#*#*еҺҹеҠЁжҖҒеӨ„зҗҶеӨұиҙҘ*#*#*#*#*#*#*#*#*#
2026-06-01 20:26:22,347|line:519| https://t.bilibili.com/1208879881920708608
2026-06-01 20:26:23,567|line:346| Expecting value: line 1 column 1 (char 0)
2026-06-01 20:26:23,567|line:347| error line:319
2026-06-01 20:26:23,568|line:533| *#*#*#*#*#*#*#*#*#*еҺҹеҠЁжҖҒеӨ„зҗҶеӨұиҙҘ*#*#*#*#*#*#*#*#*#
2026-06-01 20:26:23,569|line:519| https://t.bilibili.com/1208880805366988806
2026-06-01 20:26:25,787|line:346| Expecting value: line 1 column 1 (char 0)
2026-06-01 20:26:25,787|line:347| error line:319
2026-06-01 20:26:25,788|line:533| *#*#*#*#*#*#*#*#*#*еҺҹеҠЁжҖҒеӨ„зҗҶеӨұиҙҘ*#*#*#*#*#*#*#*#*#
2026-06-01 20:26:25,789|line:519| https://t.bilibili.com/1208779033940066310
2026-06-01 20:26:28,134|line:346| Expecting value: line 1 column 1 (char 0)
2026-06-01 20:26:28,134|line:347| error line:319
2026-06-01 20:26:28,135|line:533| *#*#*#*#*#*#*#*#*#*еҺҹеҠЁжҖҒеӨ„зҗҶеӨұиҙҘ*#*#*#*#*#*#*#*#*#
2026-06-01 20:26:28,136|line:519| https://t.bilibili.com/1208806304820232217
2026-06-01 20:26:31,353|line:346| Expecting value: line 1 column 1 (char 0)
2026-06-01 20:26:31,353|line:347| error line:319
2026-06-01 20:26:31,354|line:533| *#*#*#*#*#*#*#*#*#*еҺҹеҠЁжҖҒеӨ„зҗҶеӨұиҙҘ*#*#*#*#*#*#*#*#*#
2026-06-01 20:26:31,355|line:519| https://t.bilibili.com/1208811768008146951
2026-06-01 20:26:34,574|line:346| Expecting value: line 1 column 1 (char 0)
2026-06-01 20:26:34,574|line:347| error line:319
2026-06-01 20:26:34,575|line:533| *#*#*#*#*#*#*#*#*#*еҺҹеҠЁжҖҒеӨ„зҗҶеӨұиҙҘ*#*#*#*#*#*#*#*#*#
2026-06-01 20:26:34,575|line:519| https://t.bilibili.com/1208841085466443784
2026-06-01 20:26:36,921|line:346| Expecting value: line 1 column 1 (char 0)
2026-06-01 20:26:36,921|line:347| error line:319
2026-06-01 20:26:36,923|line:533| *#*#*#*#*#*#*#*#*#*еҺҹеҠЁжҖҒеӨ„зҗҶеӨұиҙҘ*#*#*#*#*#*#*#*#*#
2026-06-01 20:26:36,923|line:519| https://t.bilibili.com/1208756356506451969
2026-06-01 20:26:41,162|line:346| Expecting value: line 1 column 1 (char 0)
2026-06-01 20:26:41,162|line:347| error line:319
2026-06-01 20:26:41,163|line:533| *#*#*#*#*#*#*#*#*#*еҺҹеҠЁжҖҒеӨ„зҗҶеӨұиҙҘ*#*#*#*#*#*#*#*#*#
2026-06-01 20:26:41,164|line:519| https://t.bilibili.com/1208933652750139429
2026-06-01 20:26:42,385|line:346| Expecting value: line 1 column 1 (char 0)
2026-06-01 20:26:42,385|line:347| error line:319
2026-06-01 20:26:42,386|line:533| *#*#*#*#*#*#*#*#*#*еҺҹеҠЁжҖҒеӨ„зҗҶеӨұиҙҘ*#*#*#*#*#*#*#*#*#
2026-06-01 20:26:42,386|line:519| https://t.bilibili.com/1208848683290853397
2026-06-01 20:26:43,676|line:346| Expecting value: line 1 column 1 (char 0)
2026-06-01 20:26:43,676|line:347| error line:319
2026-06-01 20:26:43,677|line:533| *#*#*#*#*#*#*#*#*#*еҺҹеҠЁжҖҒеӨ„зҗҶеӨұиҙҘ*#*#*#*#*#*#*#*#*#
2026-06-01 20:26:43,678|line:519| https://t.bilibili.com/1208186120141012997
2026-06-01 20:26:47,895|line:346| Expecting value: line 1 column 1 (char 0)
2026-06-01 20:26:47,895|line:347| error line:319
2026-06-01 20:26:47,896|line:533| *#*#*#*#*#*#*#*#*#*еҺҹеҠЁжҖҒеӨ„зҗҶеӨұиҙҘ*#*#*#*#*#*#*#*#*#
2026-06-01 20:26:47,896|line:519| https://t.bilibili.com/1208796821547122688
2026-06-01 20:26:51,125|line:346| Expecting value: line 1 column 1 (char 0)
2026-06-01 20:26:51,125|line:347| error line:319
2026-06-01 20:26:51,126|line:533| *#*#*#*#*#*#*#*#*#*еҺҹеҠЁжҖҒеӨ„зҗҶеӨұиҙҘ*#*#*#*#*#*#*#*#*#
2026-06-01 20:26:51,127|line:519| https://t.bilibili.com/1208785624550604822
2026-06-01 20:26:52,356|line:346| Expecting value: line 1 column 1 (char 0)
2026-06-01 20:26:52,356|line:347| error line:319
2026-06-01 20:26:52,357|line:533| *#*#*#*#*#*#*#*#*#*еҺҹеҠЁжҖҒеӨ„зҗҶеӨұиҙҘ*#*#*#*#*#*#*#*#*#
2026-06-01 20:26:52,358|line:519| https://t.bilibili.com/1208780285932470291
2026-06-01 20:26:56,589|line:346| Expecting value: line 1 column 1 (char 0)
2026-06-01 20:26:56,589|line:347| error line:319
2026-06-01 20:26:56,590|line:533| *#*#*#*#*#*#*#*#*#*еҺҹеҠЁжҖҒеӨ„зҗҶеӨұиҙҘ*#*#*#*#*#*#*#*#*#
2026-06-01 20:26:56,590|line:519| https://t.bilibili.com/1208800897470038017
2026-06-01 20:26:58,808|line:346| Expecting value: line 1 column 1 (char 0)
2026-06-01 20:26:58,808|line:347| error line:319
2026-06-01 20:26:58,809|line:533| *#*#*#*#*#*#*#*#*#*еҺҹеҠЁжҖҒеӨ„зҗҶеӨұиҙҘ*#*#*#*#*#*#*#*#*#
2026-06-01 20:26:58,810|line:519| https://t.bilibili.com/1208067787374723080
2026-06-01 20:27:00,154|line:346| Expecting value: line 1 column 1 (char 0)
2026-06-01 20:27:00,154|line:347| error line:319
2026-06-01 20:27:00,155|line:533| *#*#*#*#*#*#*#*#*#*еҺҹеҠЁжҖҒеӨ„зҗҶеӨұиҙҘ*#*#*#*#*#*#*#*#*#
2026-06-01 20:27:00,156|line:519| https://t.bilibili.com/1208775196377350160
2026-06-01 20:27:01,375|line:346| Expecting value: line 1 column 1 (char 0)
2026-06-01 20:27:01,375|line:347| error line:319
2026-06-01 20:27:01,376|line:533| *#*#*#*#*#*#*#*#*#*еҺҹеҠЁжҖҒеӨ„зҗҶеӨұиҙҘ*#*#*#*#*#*#*#*#*#
2026-06-01 20:27:01,377|line:519| https://t.bilibili.com/1208888050963185670
2026-06-01 20:27:02,749|line:346| Expecting value: line 1 column 1 (char 0)
2026-06-01 20:27:02,749|line:347| error line:319
2026-06-01 20:27:02,750|line:533| *#*#*#*#*#*#*#*#*#*еҺҹеҠЁжҖҒеӨ„зҗҶеӨұиҙҘ*#*#*#*#*#*#*#*#*#
2026-06-01 20:27:02,751|line:519| https://t.bilibili.com/1208902729021259813
2026-06-01 20:27:05,970|line:346| Expecting value: line 1 column 1 (char 0)
2026-06-01 20:27:05,970|line:347| error line:319
2026-06-01 20:27:05,971|line:533| *#*#*#*#*#*#*#*#*#*еҺҹеҠЁжҖҒеӨ„зҗҶеӨұиҙҘ*#*#*#*#*#*#*#*#*#
2026-06-01 20:27:05,971|line:519| https://t.bilibili.com/1208779033930629123
2026-06-01 20:27:10,188|line:346| Expecting value: line 1 column 1 (char 0)
2026-06-01 20:27:10,189|line:347| error line:319
2026-06-01 20:27:10,190|line:533| *#*#*#*#*#*#*#*#*#*еҺҹеҠЁжҖҒеӨ„зҗҶеӨұиҙҘ*#*#*#*#*#*#*#*#*#
2026-06-01 20:27:10,190|line:519| https://t.bilibili.com/1208865824521060354
2026-06-01 20:27:14,407|line:346| Expecting value: line 1 column 1 (char 0)
2026-06-01 20:27:14,407|line:347| error line:319
2026-06-01 20:27:14,408|line:533| *#*#*#*#*#*#*#*#*#*еҺҹеҠЁжҖҒеӨ„зҗҶеӨұиҙҘ*#*#*#*#*#*#*#*#*#
2026-06-01 20:27:14,409|line:519| https://t.bilibili.com/1208779048998666292
2026-06-01 20:27:18,753|line:346| Expecting value: line 1 column 1 (char 0)
2026-06-01 20:27:18,753|line:347| error line:319
2026-06-01 20:27:18,754|line:533| *#*#*#*#*#*#*#*#*#*еҺҹеҠЁжҖҒеӨ„зҗҶеӨұиҙҘ*#*#*#*#*#*#*#*#*#
2026-06-01 20:27:18,754|line:519| https://t.bilibili.com/1208762423177117699
2026-06-01 20:27:21,098|line:346| Expecting value: line 1 column 1 (char 0)
2026-06-01 20:27:21,098|line:347| error line:319
2026-06-01 20:27:21,099|line:533| *#*#*#*#*#*#*#*#*#*еҺҹеҠЁжҖҒеӨ„зҗҶеӨұиҙҘ*#*#*#*#*#*#*#*#*#
2026-06-01 20:27:21,100|line:519| https://t.bilibili.com/1208776072560115716
2026-06-01 20:27:24,318|line:346| Expecting value: line 1 column 1 (char 0)
2026-06-01 20:27:24,318|line:347| error line:319
2026-06-01 20:27:24,319|line:533| *#*#*#*#*#*#*#*#*#*еҺҹеҠЁжҖҒеӨ„зҗҶеӨұиҙҘ*#*#*#*#*#*#*#*#*#
2026-06-01 20:27:24,320|line:519| https://t.bilibili.com/1208581218458664964
2026-06-01 20:27:28,538|line:346| Expecting value: line 1 column 1 (char 0)
2026-06-01 20:27:28,538|line:347| error line:319
2026-06-01 20:27:28,539|line:533| *#*#*#*#*#*#*#*#*#*еҺҹеҠЁжҖҒеӨ„зҗҶеӨұиҙҘ*#*#*#*#*#*#*#*#*#
2026-06-01 20:27:28,540|line:519| https://t.bilibili.com/1208910535105445908
2026-06-01 20:27:32,761|line:346| Expecting value: line 1 column 1 (char 0)
2026-06-01 20:27:32,761|line:347| error line:319
2026-06-01 20:27:32,762|line:533| *#*#*#*#*#*#*#*#*#*еҺҹеҠЁжҖҒеӨ„зҗҶеӨұиҙҘ*#*#*#*#*#*#*#*#*#
2026-06-01 20:27:32,762|line:519| https://t.bilibili.com/1208783343936602130
2026-06-01 20:27:34,106|line:346| Expecting value: line 1 column 1 (char 0)
2026-06-01 20:27:34,106|line:347| error line:319
2026-06-01 20:27:34,107|line:533| *#*#*#*#*#*#*#*#*#*еҺҹеҠЁжҖҒеӨ„зҗҶеӨұиҙҘ*#*#*#*#*#*#*#*#*#
2026-06-01 20:27:34,107|line:519| https://t.bilibili.com/1208810037165686806
2026-06-01 20:27:35,469|line:346| Expecting value: line 1 column 1 (char 0)
2026-06-01 20:27:35,470|line:347| error line:319
2026-06-01 20:27:35,470|line:533| *#*#*#*#*#*#*#*#*#*еҺҹеҠЁжҖҒеӨ„зҗҶеӨұиҙҘ*#*#*#*#*#*#*#*#*#
2026-06-01 20:27:35,471|line:519| https://t.bilibili.com/1208845127017037831
2026-06-01 20:27:38,816|line:346| Expecting value: line 1 column 1 (char 0)
2026-06-01 20:27:38,816|line:347| error line:319
2026-06-01 20:27:38,817|line:533| *#*#*#*#*#*#*#*#*#*еҺҹеҠЁжҖҒеӨ„зҗҶеӨұиҙҘ*#*#*#*#*#*#*#*#*#
2026-06-01 20:27:38,817|line:519| https://t.bilibili.com/1208503020030001169
2026-06-01 20:27:41,036|line:346| Expecting value: line 1 column 1 (char 0)
2026-06-01 20:27:41,036|line:347| error line:319
2026-06-01 20:27:41,037|line:533| *#*#*#*#*#*#*#*#*#*еҺҹеҠЁжҖҒеӨ„зҗҶеӨұиҙҘ*#*#*#*#*#*#*#*#*#
2026-06-01 20:27:41,037|line:519| https://t.bilibili.com/1208888433184866320
2026-06-01 20:27:42,382|line:346| Expecting value: line 1 column 1 (char 0)
2026-06-01 20:27:42,383|line:347| error line:319
2026-06-01 20:27:42,383|line:533| *#*#*#*#*#*#*#*#*#*еҺҹеҠЁжҖҒеӨ„зҗҶеӨұиҙҘ*#*#*#*#*#*#*#*#*#
2026-06-01 20:27:42,384|line:519| https://t.bilibili.com/1208798513735925780
2026-06-01 20:27:46,727|line:346| Expecting value: line 1 column 1 (char 0)
2026-06-01 20:27:46,727|line:347| error line:319
2026-06-01 20:27:46,728|line:533| *#*#*#*#*#*#*#*#*#*еҺҹеҠЁжҖҒеӨ„зҗҶеӨұиҙҘ*#*#*#*#*#*#*#*#*#
2026-06-01 20:27:46,728|line:519| https://t.bilibili.com/1208903048972206089
2026-06-01 20:27:49,076|line:346| Expecting value: line 1 column 1 (char 0)
2026-06-01 20:27:49,076|line:347| error line:319
2026-06-01 20:27:49,077|line:533| *#*#*#*#*#*#*#*#*#*еҺҹеҠЁжҖҒеӨ„зҗҶеӨұиҙҘ*#*#*#*#*#*#*#*#*#
2026-06-01 20:27:49,077|line:519| https://t.bilibili.com/1208896769732116484
2026-06-01 20:27:53,312|line:346| Expecting value: line 1 column 1 (char 0)
2026-06-01 20:27:53,312|line:347| error line:319
2026-06-01 20:27:53,313|line:533| *#*#*#*#*#*#*#*#*#*еҺҹеҠЁжҖҒеӨ„зҗҶеӨұиҙҘ*#*#*#*#*#*#*#*#*#
2026-06-01 20:27:53,313|line:519| https://t.bilibili.com/1201479863740923906
2026-06-01 20:27:54,533|line:346| Expecting value: line 1 column 1 (char 0)
2026-06-01 20:27:54,534|line:347| error line:319
2026-06-01 20:27:54,535|line:533| *#*#*#*#*#*#*#*#*#*еҺҹеҠЁжҖҒеӨ„зҗҶеӨұиҙҘ*#*#*#*#*#*#*#*#*#
2026-06-01 20:27:54,535|line:519| https://t.bilibili.com/1208783146389078022
2026-06-01 20:27:57,881|line:346| Expecting value: line 1 column 1 (char 0)
2026-06-01 20:27:57,882|line:347| error line:319
2026-06-01 20:27:57,883|line:533| *#*#*#*#*#*#*#*#*#*еҺҹеҠЁжҖҒеӨ„зҗҶеӨұиҙҘ*#*#*#*#*#*#*#*#*#
2026-06-01 20:27:57,883|line:519| https://t.bilibili.com/1208830695923777540
2026-06-01 20:27:59,100|line:346| Expecting value: line 1 column 1 (char 0)
2026-06-01 20:27:59,100|line:347| error line:319
2026-06-01 20:27:59,101|line:533| *#*#*#*#*#*#*#*#*#*еҺҹеҠЁжҖҒеӨ„зҗҶеӨұиҙҘ*#*#*#*#*#*#*#*#*#
2026-06-01 20:27:59,102|line:519| https://t.bilibili.com/1208794495800311809
2026-06-01 20:28:01,448|line:346| Expecting value: line 1 column 1 (char 0)
2026-06-01 20:28:01,449|line:347| error line:319
2026-06-01 20:28:01,450|line:533| *#*#*#*#*#*#*#*#*#*еҺҹеҠЁжҖҒеӨ„зҗҶеӨұиҙҘ*#*#*#*#*#*#*#*#*#
2026-06-01 20:28:01,450|line:519| https://t.bilibili.com/1208775514208075779
2026-06-01 20:28:04,669|line:346| Expecting value: line 1 column 1 (char 0)
2026-06-01 20:28:04,669|line:347| error line:319
2026-06-01 20:28:04,670|line:533| *#*#*#*#*#*#*#*#*#*еҺҹеҠЁжҖҒеӨ„зҗҶеӨұиҙҘ*#*#*#*#*#*#*#*#*#
2026-06-01 20:28:04,670|line:519| https://t.bilibili.com/1208777932261031977
2026-06-01 20:28:07,889|line:346| Expecting value: line 1 column 1 (char 0)
2026-06-01 20:28:07,889|line:347| error line:319
2026-06-01 20:28:07,890|line:533| *#*#*#*#*#*#*#*#*#*еҺҹеҠЁжҖҒеӨ„зҗҶеӨұиҙҘ*#*#*#*#*#*#*#*#*#
2026-06-01 20:28:07,891|line:519| https://t.bilibili.com/1207713854111350824
2026-06-01 20:28:11,110|line:346| Expecting value: line 1 column 1 (char 0)
2026-06-01 20:28:11,110|line:347| error line:319
2026-06-01 20:28:11,111|line:533| *#*#*#*#*#*#*#*#*#*еҺҹеҠЁжҖҒеӨ„зҗҶеӨұиҙҘ*#*#*#*#*#*#*#*#*#
2026-06-01 20:28:11,111|line:519| https://t.bilibili.com/1208067787349557268
2026-06-01 20:28:13,456|line:346| Expecting value: line 1 column 1 (char 0)
2026-06-01 20:28:13,456|line:347| error line:319
2026-06-01 20:28:13,457|line:533| *#*#*#*#*#*#*#*#*#*еҺҹеҠЁжҖҒеӨ„зҗҶеӨұиҙҘ*#*#*#*#*#*#*#*#*#
2026-06-01 20:28:13,458|line:519| https://t.bilibili.com/1208624415112167448
2026-06-01 20:28:17,674|line:346| Expecting value: line 1 column 1 (char 0)
2026-06-01 20:28:17,674|line:347| error line:319
2026-06-01 20:28:17,675|line:533| *#*#*#*#*#*#*#*#*#*еҺҹеҠЁжҖҒеӨ„зҗҶеӨұиҙҘ*#*#*#*#*#*#*#*#*#
2026-06-01 20:28:17,675|line:519| https://t.bilibili.com/1208864332009439268
2026-06-01 20:28:18,893|line:346| Expecting value: line 1 column 1 (char 0)
2026-06-01 20:28:18,894|line:347| error line:319
2026-06-01 20:28:18,894|line:533| *#*#*#*#*#*#*#*#*#*еҺҹеҠЁжҖҒеӨ„зҗҶеӨұиҙҘ*#*#*#*#*#*#*#*#*#
2026-06-01 20:28:18,895|line:519| https://t.bilibili.com/1208882055147945987
2026-06-01 20:28:22,239|line:346| Expecting value: line 1 column 1 (char 0)
2026-06-01 20:28:22,240|line:347| error line:319
2026-06-01 20:28:22,240|line:533| *#*#*#*#*#*#*#*#*#*еҺҹеҠЁжҖҒеӨ„зҗҶеӨұиҙҘ*#*#*#*#*#*#*#*#*#
2026-06-01 20:28:22,241|line:519| https://t.bilibili.com/1208858883845521413
2026-06-01 20:28:23,457|line:346| Expecting value: line 1 column 1 (char 0)
2026-06-01 20:28:23,457|line:347| error line:319
2026-06-01 20:28:23,458|line:533| *#*#*#*#*#*#*#*#*#*еҺҹеҠЁжҖҒеӨ„зҗҶеӨұиҙҘ*#*#*#*#*#*#*#*#*#
2026-06-01 20:28:23,458|line:519| https://t.bilibili.com/1208811265542062105
2026-06-01 20:28:26,677|line:346| Expecting value: line 1 column 1 (char 0)
2026-06-01 20:28:26,677|line:347| error line:319
2026-06-01 20:28:26,678|line:533| *#*#*#*#*#*#*#*#*#*еҺҹеҠЁжҖҒеӨ„зҗҶеӨұиҙҘ*#*#*#*#*#*#*#*#*#
2026-06-01 20:28:26,679|line:519| https://t.bilibili.com/1208560095865077795
2026-06-01 20:28:31,024|line:346| Expecting value: line 1 column 1 (char 0)
2026-06-01 20:28:31,024|line:347| error line:319
2026-06-01 20:28:31,025|line:533| *#*#*#*#*#*#*#*#*#*еҺҹеҠЁжҖҒеӨ„зҗҶеӨұиҙҘ*#*#*#*#*#*#*#*#*#
2026-06-01 20:28:31,025|line:519| https://t.bilibili.com/1205282773769650183
2026-06-01 20:28:35,243|line:346| Expecting value: line 1 column 1 (char 0)
2026-06-01 20:28:35,243|line:347| error line:319
2026-06-01 20:28:35,244|line:533| *#*#*#*#*#*#*#*#*#*еҺҹеҠЁжҖҒеӨ„зҗҶеӨұиҙҘ*#*#*#*#*#*#*#*#*#
2026-06-01 20:28:35,244|line:519| https://t.bilibili.com/1208797749286273064
2026-06-01 20:28:36,463|line:346| Expecting value: line 1 column 1 (char 0)
2026-06-01 20:28:36,464|line:347| error line:319
2026-06-01 20:28:36,465|line:533| *#*#*#*#*#*#*#*#*#*еҺҹеҠЁжҖҒеӨ„зҗҶеӨұиҙҘ*#*#*#*#*#*#*#*#*#
2026-06-01 20:28:36,465|line:552| жү§иЎҢз»“жқҹ
2026-06-01 20:28:36,465|line:556| жү§иЎҢеӨұиҙҘпјҢй”ҷиҜҜж•°йҮҸдёә100
2026-06-01 20:28:36,465|line:558| ==================================================2026-06-02 04:28==================================================
2026-06-01 20:28:36,465|line:232| processing article 49916170
2026-06-01 20:28:38,022|line:507| ==================================================2026-06-02 04:28==================================================
2026-06-01 20:28:38,022|line:232| processing article 49915754
2026-06-01 20:28:42,912|line:507| ==================================================2026-06-02 04:28==================================================
2026-06-01 20:28:42,912|line:519| https://t.bilibili.com/1208810114458320933
2026-06-01 20:28:47,258|line:346| Expecting value: line 1 column 1 (char 0)
2026-06-01 20:28:47,258|line:347| error line:319
2026-06-01 20:28:47,259|line:533| *#*#*#*#*#*#*#*#*#*еҺҹеҠЁжҖҒеӨ„зҗҶеӨұиҙҘ*#*#*#*#*#*#*#*#*#
2026-06-01 20:28:47,260|line:519| https://t.bilibili.com/1207761420883591174
2026-06-01 20:28:50,479|line:346| Expecting value: line 1 column 1 (char 0)
2026-06-01 20:28:50,479|line:347| error line:319
2026-06-01 20:28:50,480|line:533| *#*#*#*#*#*#*#*#*#*еҺҹеҠЁжҖҒеӨ„зҗҶеӨұиҙҘ*#*#*#*#*#*#*#*#*#
2026-06-01 20:28:50,480|line:519| https://t.bilibili.com/1202597856563691523
2026-06-01 20:28:51,700|line:346| Expecting value: line 1 column 1 (char 0)
2026-06-01 20:28:51,700|line:347| error line:319
2026-06-01 20:28:51,701|line:533| *#*#*#*#*#*#*#*#*#*еҺҹеҠЁжҖҒеӨ„зҗҶеӨұиҙҘ*#*#*#*#*#*#*#*#*#
2026-06-01 20:28:51,701|line:519| https://t.bilibili.com/1208520388833705991
2026-06-01 20:28:53,936|line:346| Expecting value: line 1 column 1 (char 0)
2026-06-01 20:28:53,936|line:347| error line:319
2026-06-01 20:28:53,937|line:533| *#*#*#*#*#*#*#*#*#*еҺҹеҠЁжҖҒеӨ„зҗҶеӨұиҙҘ*#*#*#*#*#*#*#*#*#
2026-06-01 20:28:53,937|line:519| https://t.bilibili.com/1208535176460632084
2026-06-01 20:28:57,154|line:346| Expecting value: line 1 column 1 (char 0)
2026-06-01 20:28:57,154|line:347| error line:319
2026-06-01 20:28:57,156|line:533| *#*#*#*#*#*#*#*#*#*еҺҹеҠЁжҖҒеӨ„зҗҶеӨұиҙҘ*#*#*#*#*#*#*#*#*#
2026-06-01 20:28:57,156|line:519| https://t.bilibili.com/1199161783985635400
2026-06-01 20:29:00,374|line:346| Expecting value: line 1 column 1 (char 0)
2026-06-01 20:29:00,374|line:347| error line:319
2026-06-01 20:29:00,376|line:533| *#*#*#*#*#*#*#*#*#*еҺҹеҠЁжҖҒеӨ„зҗҶеӨұиҙҘ*#*#*#*#*#*#*#*#*#
2026-06-01 20:29:00,376|line:519| https://t.bilibili.com/1207754450193612808
2026-06-01 20:29:04,595|line:346| Expecting value: line 1 column 1 (char 0)
2026-06-01 20:29:04,595|line:347| error line:319
2026-06-01 20:29:04,596|line:533| *#*#*#*#*#*#*#*#*#*еҺҹеҠЁжҖҒеӨ„зҗҶеӨұиҙҘ*#*#*#*#*#*#*#*#*#
2026-06-01 20:29:04,597|line:519| https://t.bilibili.com/1208503020030001169
2026-06-01 20:29:07,941|line:346| Expecting value: line 1 column 1 (char 0)
2026-06-01 20:29:07,941|line:347| error line:319
2026-06-01 20:29:07,942|line:533| *#*#*#*#*#*#*#*#*#*еҺҹеҠЁжҖҒеӨ„зҗҶеӨұиҙҘ*#*#*#*#*#*#*#*#*#
2026-06-01 20:29:07,942|line:519| https://t.bilibili.com/1205841497513001015
2026-06-01 20:29:09,163|line:346| Expecting value: line 1 column 1 (char 0)
2026-06-01 20:29:09,163|line:347| error line:319
2026-06-01 20:29:09,164|line:533| *#*#*#*#*#*#*#*#*#*еҺҹеҠЁжҖҒеӨ„зҗҶеӨұиҙҘ*#*#*#*#*#*#*#*#*#
2026-06-01 20:29:09,164|line:519| https://t.bilibili.com/1208067999955681297
2026-06-01 20:29:12,385|line:346| Expecting value: line 1 column 1 (char 0)
2026-06-01 20:29:12,385|line:347| error line:319
2026-06-01 20:29:12,386|line:533| *#*#*#*#*#*#*#*#*#*еҺҹеҠЁжҖҒеӨ„зҗҶеӨұиҙҘ*#*#*#*#*#*#*#*#*#
2026-06-01 20:29:12,386|line:519| https://t.bilibili.com/1201479863740923906
2026-06-01 20:29:13,603|line:346| Expecting value: line 1 column 1 (char 0)
2026-06-01 20:29:13,603|line:347| error line:319
2026-06-01 20:29:13,604|line:533| *#*#*#*#*#*#*#*#*#*еҺҹеҠЁжҖҒеӨ„зҗҶеӨұиҙҘ*#*#*#*#*#*#*#*#*#
2026-06-01 20:29:13,604|line:519| https://t.bilibili.com/1208794455006511129
2026-06-01 20:29:15,822|line:346| Expecting value: line 1 column 1 (char 0)
2026-06-01 20:29:15,822|line:347| error line:319
2026-06-01 20:29:15,823|line:533| *#*#*#*#*#*#*#*#*#*еҺҹеҠЁжҖҒеӨ„зҗҶеӨұиҙҘ*#*#*#*#*#*#*#*#*#
2026-06-01 20:29:15,823|line:519| https://t.bilibili.com/1208156313086853155
2026-06-01 20:29:19,042|line:346| Expecting value: line 1 column 1 (char 0)
2026-06-01 20:29:19,042|line:347| error line:319
2026-06-01 20:29:19,043|line:533| *#*#*#*#*#*#*#*#*#*еҺҹеҠЁжҖҒеӨ„зҗҶеӨұиҙҘ*#*#*#*#*#*#*#*#*#
2026-06-01 20:29:19,043|line:519| https://t.bilibili.com/1200275984369057847
2026-06-01 20:29:21,388|line:346| Expecting value: line 1 column 1 (char 0)
2026-06-01 20:29:21,389|line:347| error line:319
2026-06-01 20:29:21,390|line:533| *#*#*#*#*#*#*#*#*#*еҺҹеҠЁжҖҒеӨ„зҗҶеӨұиҙҘ*#*#*#*#*#*#*#*#*#
2026-06-01 20:29:21,390|line:519| https://t.bilibili.com/1207409121928675350
2026-06-01 20:29:25,731|line:346| Expecting value: line 1 column 1 (char 0)
2026-06-01 20:29:25,732|line:347| error line:319
2026-06-01 20:29:25,733|line:533| *#*#*#*#*#*#*#*#*#*еҺҹеҠЁжҖҒеӨ„зҗҶеӨұиҙҘ*#*#*#*#*#*#*#*#*#
2026-06-01 20:29:25,733|line:519| https://t.bilibili.com/1185563896055857171
2026-06-01 20:29:27,954|line:346| Expecting value: line 1 column 1 (char 0)
2026-06-01 20:29:27,955|line:347| error line:319
2026-06-01 20:29:27,956|line:533| *#*#*#*#*#*#*#*#*#*еҺҹеҠЁжҖҒеӨ„зҗҶеӨұиҙҘ*#*#*#*#*#*#*#*#*#
2026-06-01 20:29:27,956|line:519| https://t.bilibili.com/1206583504670818341
2026-06-01 20:29:29,173|line:346| Expecting value: line 1 column 1 (char 0)
2026-06-01 20:29:29,173|line:347| error line:319
2026-06-01 20:29:29,174|line:533| *#*#*#*#*#*#*#*#*#*еҺҹеҠЁжҖҒеӨ„зҗҶеӨұиҙҘ*#*#*#*#*#*#*#*#*#
2026-06-01 20:29:29,174|line:519| https://t.bilibili.com/1208127996370616356
2026-06-01 20:29:32,394|line:346| Expecting value: line 1 column 1 (char 0)
2026-06-01 20:29:32,394|line:347| error line:319
2026-06-01 20:29:32,395|line:533| *#*#*#*#*#*#*#*#*#*еҺҹеҠЁжҖҒеӨ„зҗҶеӨұиҙҘ*#*#*#*#*#*#*#*#*#
2026-06-01 20:29:32,395|line:519| https://t.bilibili.com/1202662775008002084
2026-06-01 20:29:33,613|line:346| Expecting value: line 1 column 1 (char 0)
2026-06-01 20:29:33,614|line:347| error line:319
2026-06-01 20:29:33,615|line:533| *#*#*#*#*#*#*#*#*#*еҺҹеҠЁжҖҒеӨ„зҗҶеӨұиҙҘ*#*#*#*#*#*#*#*#*#
2026-06-01 20:29:33,615|line:519| https://t.bilibili.com/1202573246456659991
2026-06-01 20:29:34,962|line:346| Expecting value: line 1 column 1 (char 0)
2026-06-01 20:29:34,962|line:347| error line:319
2026-06-01 20:29:34,964|line:533| *#*#*#*#*#*#*#*#*#*еҺҹеҠЁжҖҒеӨ„зҗҶеӨұиҙҘ*#*#*#*#*#*#*#*#*#
2026-06-01 20:29:34,964|line:519| https://t.bilibili.com/1199239196462546967
2026-06-01 20:29:38,311|line:346| Expecting value: line 1 column 1 (char 0)
2026-06-01 20:29:38,311|line:347| error line:319
2026-06-01 20:29:38,312|line:533| *#*#*#*#*#*#*#*#*#*еҺҹеҠЁжҖҒеӨ„зҗҶеӨұиҙҘ*#*#*#*#*#*#*#*#*#
2026-06-01 20:29:38,313|line:519| https://t.bilibili.com/1208423481519112197
2026-06-01 20:29:42,659|line:346| Expecting value: line 1 column 1 (char 0)
2026-06-01 20:29:42,660|line:347| error line:319
2026-06-01 20:29:42,660|line:533| *#*#*#*#*#*#*#*#*#*еҺҹеҠЁжҖҒеӨ„зҗҶеӨұиҙҘ*#*#*#*#*#*#*#*#*#
2026-06-01 20:29:42,661|line:519| https://t.bilibili.com/1207390309962481680
2026-06-01 20:29:45,877|line:346| Expecting value: line 1 column 1 (char 0)
2026-06-01 20:29:45,877|line:347| error line:319
2026-06-01 20:29:45,878|line:533| *#*#*#*#*#*#*#*#*#*еҺҹеҠЁжҖҒеӨ„зҗҶеӨұиҙҘ*#*#*#*#*#*#*#*#*#
2026-06-01 20:29:45,878|line:519| https://t.bilibili.com/1208157532839739412
2026-06-01 20:29:49,096|line:346| Expecting value: line 1 column 1 (char 0)
2026-06-01 20:29:49,096|line:347| error line:319
2026-06-01 20:29:49,097|line:533| *#*#*#*#*#*#*#*#*#*еҺҹеҠЁжҖҒеӨ„зҗҶеӨұиҙҘ*#*#*#*#*#*#*#*#*#
2026-06-01 20:29:49,097|line:519| https://t.bilibili.com/1205282773769650183
2026-06-01 20:29:51,317|line:346| Expecting value: line 1 column 1 (char 0)
2026-06-01 20:29:51,318|line:347| error line:319
2026-06-01 20:29:51,318|line:533| *#*#*#*#*#*#*#*#*#*еҺҹеҠЁжҖҒеӨ„зҗҶеӨұиҙҘ*#*#*#*#*#*#*#*#*#
2026-06-01 20:29:51,319|line:552| жү§иЎҢз»“жқҹ
2026-06-01 20:29:51,319|line:556| жү§иЎҢеӨұиҙҘпјҢй”ҷиҜҜж•°йҮҸдёә25
2026-06-01 20:29:51,319|line:558| ==================================================2026-06-02 04:29==================================================
2026-06-01 20:29:51,319|line:232| processing article 49886905
2026-06-01 20:29:55,695|line:507| ==================================================2026-06-02 04:29==================================================
2026-06-01 20:29:55,695|line:519| https://t.bilibili.com/1205154075112374289
2026-06-01 20:29:59,915|line:346| Expecting value: line 1 column 1 (char 0)
2026-06-01 20:29:59,915|line:347| error line:319
2026-06-01 20:29:59,916|line:533| *#*#*#*#*#*#*#*#*#*еҺҹеҠЁжҖҒеӨ„зҗҶеӨұиҙҘ*#*#*#*#*#*#*#*#*#
2026-06-01 20:29:59,916|line:519| https://t.bilibili.com/1207064944679321606
2026-06-01 20:30:02,139|line:346| Expecting value: line 1 column 1 (char 0)
2026-06-01 20:30:02,139|line:347| error line:319
2026-06-01 20:30:02,140|line:533| *#*#*#*#*#*#*#*#*#*еҺҹеҠЁжҖҒеӨ„зҗҶеӨұиҙҘ*#*#*#*#*#*#*#*#*#
2026-06-01 20:30:02,140|line:519| https://t.bilibili.com/1202568994396045314
2026-06-01 20:30:05,358|line:346| Expecting value: line 1 column 1 (char 0)
2026-06-01 20:30:05,358|line:347| error line:319
2026-06-01 20:30:05,359|line:533| *#*#*#*#*#*#*#*#*#*еҺҹеҠЁжҖҒеӨ„зҗҶеӨұиҙҘ*#*#*#*#*#*#*#*#*#
2026-06-01 20:30:05,360|line:519| https://t.bilibili.com/1203596999132184597
2026-06-01 20:30:09,707|line:346| Expecting value: line 1 column 1 (char 0)
2026-06-01 20:30:09,707|line:347| error line:319
2026-06-01 20:30:09,708|line:533| *#*#*#*#*#*#*#*#*#*еҺҹеҠЁжҖҒеӨ„зҗҶеӨұиҙҘ*#*#*#*#*#*#*#*#*#
2026-06-01 20:30:09,708|line:519| https://t.bilibili.com/1203590268922626069
2026-06-01 20:30:10,924|line:346| Expecting value: line 1 column 1 (char 0)
2026-06-01 20:30:10,924|line:347| error line:319
2026-06-01 20:30:10,925|line:533| *#*#*#*#*#*#*#*#*#*еҺҹеҠЁжҖҒеӨ„зҗҶеӨұиҙҘ*#*#*#*#*#*#*#*#*#
2026-06-01 20:30:10,925|line:519| https://t.bilibili.com/1207650316538871814
2026-06-01 20:30:14,143|line:346| Expecting value: line 1 column 1 (char 0)
2026-06-01 20:30:14,144|line:347| error line:319
2026-06-01 20:30:14,144|line:533| *#*#*#*#*#*#*#*#*#*еҺҹеҠЁжҖҒеӨ„зҗҶеӨұиҙҘ*#*#*#*#*#*#*#*#*#
2026-06-01 20:30:14,144|line:519| https://t.bilibili.com/1202543778633613329
2026-06-01 20:30:15,365|line:346| Expecting value: line 1 column 1 (char 0)
2026-06-01 20:30:15,365|line:347| error line:319
2026-06-01 20:30:15,366|line:533| *#*#*#*#*#*#*#*#*#*еҺҹеҠЁжҖҒеӨ„зҗҶеӨұиҙҘ*#*#*#*#*#*#*#*#*#
2026-06-01 20:30:15,366|line:519| https://t.bilibili.com/1206343682286944275
2026-06-01 20:30:16,589|line:346| Expecting value: line 1 column 1 (char 0)
2026-06-01 20:30:16,589|line:347| error line:319
2026-06-01 20:30:16,590|line:533| *#*#*#*#*#*#*#*#*#*еҺҹеҠЁжҖҒеӨ„зҗҶеӨұиҙҘ*#*#*#*#*#*#*#*#*#
2026-06-01 20:30:16,590|line:519| https://t.bilibili.com/1207751589685624855
2026-06-01 20:30:20,811|line:346| Expecting value: line 1 column 1 (char 0)
2026-06-01 20:30:20,812|line:347| error line:319
2026-06-01 20:30:20,812|line:533| *#*#*#*#*#*#*#*#*#*еҺҹеҠЁжҖҒеӨ„зҗҶеӨұиҙҘ*#*#*#*#*#*#*#*#*#
2026-06-01 20:30:20,813|line:519| https://t.bilibili.com/1207037736087715856
2026-06-01 20:30:22,030|line:346| Expecting value: line 1 column 1 (char 0)
2026-06-01 20:30:22,030|line:347| error line:319
2026-06-01 20:30:22,031|line:533| *#*#*#*#*#*#*#*#*#*еҺҹеҠЁжҖҒеӨ„зҗҶеӨұиҙҘ*#*#*#*#*#*#*#*#*#
2026-06-01 20:30:22,031|line:519| https://t.bilibili.com/1202597856563691523
2026-06-01 20:30:26,250|line:346| Expecting value: line 1 column 1 (char 0)
2026-06-01 20:30:26,250|line:347| error line:319
2026-06-01 20:30:26,251|line:533| *#*#*#*#*#*#*#*#*#*еҺҹеҠЁжҖҒеӨ„зҗҶеӨұиҙҘ*#*#*#*#*#*#*#*#*#
2026-06-01 20:30:26,251|line:519| https://t.bilibili.com/1207774011564490755
2026-06-01 20:30:27,470|line:346| Expecting value: line 1 column 1 (char 0)
2026-06-01 20:30:27,470|line:347| error line:319
2026-06-01 20:30:27,471|line:533| *#*#*#*#*#*#*#*#*#*еҺҹеҠЁжҖҒеӨ„зҗҶеӨұиҙҘ*#*#*#*#*#*#*#*#*#
2026-06-01 20:30:27,471|line:519| https://t.bilibili.com/1207698894759133184
2026-06-01 20:30:30,711|line:346| Expecting value: line 1 column 1 (char 0)
2026-06-01 20:30:30,711|line:347| error line:319
2026-06-01 20:30:30,712|line:533| *#*#*#*#*#*#*#*#*#*еҺҹеҠЁжҖҒеӨ„зҗҶеӨұиҙҘ*#*#*#*#*#*#*#*#*#
2026-06-01 20:30:30,712|line:519| https://t.bilibili.com/1207789473494990852
2026-06-01 20:30:33,056|line:346| Expecting value: line 1 column 1 (char 0)
2026-06-01 20:30:33,056|line:347| error line:319
2026-06-01 20:30:33,057|line:533| *#*#*#*#*#*#*#*#*#*еҺҹеҠЁжҖҒеӨ„зҗҶеӨұиҙҘ*#*#*#*#*#*#*#*#*#
2026-06-01 20:30:33,058|line:519| https://t.bilibili.com/1207696702191960072
2026-06-01 20:30:35,277|line:346| Expecting value: line 1 column 1 (char 0)
2026-06-01 20:30:35,278|line:347| error line:319
2026-06-01 20:30:35,279|line:533| *#*#*#*#*#*#*#*#*#*еҺҹеҠЁжҖҒеӨ„зҗҶеӨұиҙҘ*#*#*#*#*#*#*#*#*#
2026-06-01 20:30:35,279|line:519| https://t.bilibili.com/1208147673761185792
2026-06-01 20:30:37,499|line:346| Expecting value: line 1 column 1 (char 0)
2026-06-01 20:30:37,499|line:347| error line:319
2026-06-01 20:30:37,500|line:533| *#*#*#*#*#*#*#*#*#*еҺҹеҠЁжҖҒеӨ„зҗҶеӨұиҙҘ*#*#*#*#*#*#*#*#*#
2026-06-01 20:30:37,501|line:519| https://t.bilibili.com/1198862128381952008
2026-06-01 20:30:38,718|line:346| Expecting value: line 1 column 1 (char 0)
2026-06-01 20:30:38,718|line:347| error line:319
2026-06-01 20:30:38,719|line:533| *#*#*#*#*#*#*#*#*#*еҺҹеҠЁжҖҒеӨ„зҗҶеӨұиҙҘ*#*#*#*#*#*#*#*#*#
2026-06-01 20:30:38,719|line:519| https://t.bilibili.com/1207479720464089093
2026-06-01 20:30:40,065|line:346| Expecting value: line 1 column 1 (char 0)
2026-06-01 20:30:40,065|line:347| error line:319
2026-06-01 20:30:40,066|line:533| *#*#*#*#*#*#*#*#*#*еҺҹеҠЁжҖҒеӨ„зҗҶеӨұиҙҘ*#*#*#*#*#*#*#*#*#
2026-06-01 20:30:40,066|line:519| https://t.bilibili.com/1206322679848632322
2026-06-01 20:30:41,383|line:346| Expecting value: line 1 column 1 (char 0)
2026-06-01 20:30:41,383|line:347| error line:319
2026-06-01 20:30:41,385|line:533| *#*#*#*#*#*#*#*#*#*еҺҹеҠЁжҖҒеӨ„зҗҶеӨұиҙҘ*#*#*#*#*#*#*#*#*#
2026-06-01 20:30:41,385|line:519| https://t.bilibili.com/1202559476797800457
2026-06-01 20:30:43,624|line:346| Expecting value: line 1 column 1 (char 0)
2026-06-01 20:30:43,624|line:347| error line:319
2026-06-01 20:30:43,625|line:533| *#*#*#*#*#*#*#*#*#*еҺҹеҠЁжҖҒеӨ„зҗҶеӨұиҙҘ*#*#*#*#*#*#*#*#*#
2026-06-01 20:30:43,625|line:519| https://t.bilibili.com/1201479863740923906
2026-06-01 20:30:47,053|line:346| Expecting value: line 1 column 1 (char 0)
2026-06-01 20:30:47,053|line:347| error line:319
2026-06-01 20:30:47,054|line:533| *#*#*#*#*#*#*#*#*#*еҺҹеҠЁжҖҒеӨ„зҗҶеӨұиҙҘ*#*#*#*#*#*#*#*#*#
2026-06-01 20:30:47,054|line:519| https://t.bilibili.com/1202548730730905605
2026-06-01 20:30:49,275|line:346| Expecting value: line 1 column 1 (char 0)
2026-06-01 20:30:49,275|line:347| error line:319
2026-06-01 20:30:49,275|line:533| *#*#*#*#*#*#*#*#*#*еҺҹеҠЁжҖҒеӨ„зҗҶеӨұиҙҘ*#*#*#*#*#*#*#*#*#
2026-06-01 20:30:49,276|line:519| https://t.bilibili.com/1207860441387106309
2026-06-01 20:30:52,621|line:346| Expecting value: line 1 column 1 (char 0)
2026-06-01 20:30:52,621|line:347| error line:319
2026-06-01 20:30:52,622|line:533| *#*#*#*#*#*#*#*#*#*еҺҹеҠЁжҖҒеӨ„зҗҶеӨұиҙҘ*#*#*#*#*#*#*#*#*#
2026-06-01 20:30:52,623|line:519| https://t.bilibili.com/1205096995013787650
2026-06-01 20:30:54,870|line:346| Expecting value: line 1 column 1 (char 0)
2026-06-01 20:30:54,870|line:347| error line:319
2026-06-01 20:30:54,871|line:533| *#*#*#*#*#*#*#*#*#*еҺҹеҠЁжҖҒеӨ„зҗҶеӨұиҙҘ*#*#*#*#*#*#*#*#*#
2026-06-01 20:30:54,871|line:519| https://t.bilibili.com/1207781742505623552
2026-06-01 20:30:56,183|line:346| Expecting value: line 1 column 1 (char 0)
2026-06-01 20:30:56,183|line:347| error line:319
2026-06-01 20:30:56,184|line:533| *#*#*#*#*#*#*#*#*#*еҺҹеҠЁжҖҒеӨ„зҗҶеӨұиҙҘ*#*#*#*#*#*#*#*#*#
2026-06-01 20:30:56,184|line:519| https://t.bilibili.com/1204454622501011473
2026-06-01 20:31:00,526|line:346| Expecting value: line 1 column 1 (char 0)
2026-06-01 20:31:00,526|line:347| error line:319
2026-06-01 20:31:00,527|line:533| *#*#*#*#*#*#*#*#*#*еҺҹеҠЁжҖҒеӨ„зҗҶеӨұиҙҘ*#*#*#*#*#*#*#*#*#
2026-06-01 20:31:00,527|line:519| https://t.bilibili.com/1205099121019453444
2026-06-01 20:31:01,872|line:346| Expecting value: line 1 column 1 (char 0)
2026-06-01 20:31:01,872|line:347| error line:319
2026-06-01 20:31:01,873|line:533| *#*#*#*#*#*#*#*#*#*еҺҹеҠЁжҖҒеӨ„зҗҶеӨұиҙҘ*#*#*#*#*#*#*#*#*#
2026-06-01 20:31:01,873|line:519| https://t.bilibili.com/1202602011957133321
2026-06-01 20:31:05,102|line:346| Expecting value: line 1 column 1 (char 0)
2026-06-01 20:31:05,102|line:347| error line:319
2026-06-01 20:31:05,103|line:533| *#*#*#*#*#*#*#*#*#*еҺҹеҠЁжҖҒеӨ„зҗҶеӨұиҙҘ*#*#*#*#*#*#*#*#*#
2026-06-01 20:31:05,103|line:519| https://t.bilibili.com/1207781742560149522
2026-06-01 20:31:07,322|line:346| Expecting value: line 1 column 1 (char 0)
2026-06-01 20:31:07,323|line:347| error line:319
2026-06-01 20:31:07,324|line:533| *#*#*#*#*#*#*#*#*#*еҺҹеҠЁжҖҒеӨ„зҗҶеӨұиҙҘ*#*#*#*#*#*#*#*#*#
2026-06-01 20:31:07,324|line:519| https://t.bilibili.com/1207308851626377237
2026-06-01 20:31:11,680|line:346| Expecting value: line 1 column 1 (char 0)
2026-06-01 20:31:11,681|line:347| error line:319
2026-06-01 20:31:11,681|line:533| *#*#*#*#*#*#*#*#*#*еҺҹеҠЁжҖҒеӨ„зҗҶеӨұиҙҘ*#*#*#*#*#*#*#*#*#
2026-06-01 20:31:11,682|line:519| https://t.bilibili.com/1202544478765711376
2026-06-01 20:31:13,922|line:346| Expecting value: line 1 column 1 (char 0)
2026-06-01 20:31:13,922|line:347| error line:319
2026-06-01 20:31:13,923|line:533| *#*#*#*#*#*#*#*#*#*еҺҹеҠЁжҖҒеӨ„зҗҶеӨұиҙҘ*#*#*#*#*#*#*#*#*#
2026-06-01 20:31:13,924|line:519| https://t.bilibili.com/1208234326835068950
2026-06-01 20:31:17,145|line:346| Expecting value: line 1 column 1 (char 0)
2026-06-01 20:31:17,145|line:347| error line:319
2026-06-01 20:31:17,146|line:533| *#*#*#*#*#*#*#*#*#*еҺҹеҠЁжҖҒеӨ„зҗҶеӨұиҙҘ*#*#*#*#*#*#*#*#*#
2026-06-01 20:31:17,146|line:519| https://t.bilibili.com/1185563896055857171
2026-06-01 20:31:19,366|line:346| Expecting value: line 1 column 1 (char 0)
2026-06-01 20:31:19,367|line:347| error line:319
2026-06-01 20:31:19,367|line:533| *#*#*#*#*#*#*#*#*#*еҺҹеҠЁжҖҒеӨ„зҗҶеӨұиҙҘ*#*#*#*#*#*#*#*#*#
2026-06-01 20:31:19,368|line:519| https://t.bilibili.com/1205525104438542375
2026-06-01 20:31:21,588|line:346| Expecting value: line 1 column 1 (char 0)
2026-06-01 20:31:21,588|line:347| error line:319
2026-06-01 20:31:21,589|line:533| *#*#*#*#*#*#*#*#*#*еҺҹеҠЁжҖҒеӨ„зҗҶеӨұиҙҘ*#*#*#*#*#*#*#*#*#
2026-06-01 20:31:21,589|line:519| https://t.bilibili.com/1202573246456659991
2026-06-01 20:31:25,808|line:346| Expecting value: line 1 column 1 (char 0)
2026-06-01 20:31:25,808|line:347| error line:319
2026-06-01 20:31:25,809|line:533| *#*#*#*#*#*#*#*#*#*еҺҹеҠЁжҖҒеӨ„зҗҶеӨұиҙҘ*#*#*#*#*#*#*#*#*#
2026-06-01 20:31:25,809|line:519| https://t.bilibili.com/1208208746018242579
2026-06-01 20:31:27,027|line:346| Expecting value: line 1 column 1 (char 0)
2026-06-01 20:31:27,028|line:347| error line:319
2026-06-01 20:31:27,028|line:533| *#*#*#*#*#*#*#*#*#*еҺҹеҠЁжҖҒеӨ„зҗҶеӨұиҙҘ*#*#*#*#*#*#*#*#*#
2026-06-01 20:31:27,029|line:519| https://t.bilibili.com/1204406527478202369
2026-06-01 20:31:30,247|line:346| Expecting value: line 1 column 1 (char 0)
2026-06-01 20:31:30,247|line:347| error line:319
2026-06-01 20:31:30,248|line:533| *#*#*#*#*#*#*#*#*#*еҺҹеҠЁжҖҒеӨ„зҗҶеӨұиҙҘ*#*#*#*#*#*#*#*#*#
2026-06-01 20:31:30,248|line:519| https://t.bilibili.com/1207775194868875280
2026-06-01 20:31:31,592|line:346| Expecting value: line 1 column 1 (char 0)
2026-06-01 20:31:31,592|line:347| error line:319
2026-06-01 20:31:31,593|line:533| *#*#*#*#*#*#*#*#*#*еҺҹеҠЁжҖҒеӨ„зҗҶеӨұиҙҘ*#*#*#*#*#*#*#*#*#
2026-06-01 20:31:31,594|line:519| https://t.bilibili.com/1206933157913296901
2026-06-01 20:31:33,816|line:346| Expecting value: line 1 column 1 (char 0)
2026-06-01 20:31:33,816|line:347| error line:319
2026-06-01 20:31:33,817|line:533| *#*#*#*#*#*#*#*#*#*еҺҹеҠЁжҖҒеӨ„зҗҶеӨұиҙҘ*#*#*#*#*#*#*#*#*#
2026-06-01 20:31:33,817|line:519| https://t.bilibili.com/1207090620036808729
2026-06-01 20:31:38,035|line:346| Expecting value: line 1 column 1 (char 0)
2026-06-01 20:31:38,035|line:347| error line:319
2026-06-01 20:31:38,036|line:533| *#*#*#*#*#*#*#*#*#*еҺҹеҠЁжҖҒеӨ„зҗҶеӨұиҙҘ*#*#*#*#*#*#*#*#*#
2026-06-01 20:31:38,036|line:519| https://t.bilibili.com/1203588185867681797
2026-06-01 20:31:39,256|line:346| Expecting value: line 1 column 1 (char 0)
2026-06-01 20:31:39,256|line:347| error line:319
2026-06-01 20:31:39,257|line:533| *#*#*#*#*#*#*#*#*#*еҺҹеҠЁжҖҒеӨ„зҗҶеӨұиҙҘ*#*#*#*#*#*#*#*#*#
2026-06-01 20:31:39,257|line:519| https://t.bilibili.com/1207512029311533063
2026-06-01 20:31:40,476|line:346| Expecting value: line 1 column 1 (char 0)
2026-06-01 20:31:40,476|line:347| error line:319
2026-06-01 20:31:40,477|line:533| *#*#*#*#*#*#*#*#*#*еҺҹеҠЁжҖҒеӨ„зҗҶеӨұиҙҘ*#*#*#*#*#*#*#*#*#
2026-06-01 20:31:40,477|line:519| https://t.bilibili.com/1203580141396033545
2026-06-01 20:31:42,825|line:346| Expecting value: line 1 column 1 (char 0)
2026-06-01 20:31:42,825|line:347| error line:319
2026-06-01 20:31:42,826|line:533| *#*#*#*#*#*#*#*#*#*еҺҹеҠЁжҖҒеӨ„зҗҶеӨұиҙҘ*#*#*#*#*#*#*#*#*#
2026-06-01 20:31:42,826|line:519| https://t.bilibili.com/1203570378937466901
2026-06-01 20:31:46,042|line:346| Expecting value: line 1 column 1 (char 0)
2026-06-01 20:31:46,043|line:347| error line:319
2026-06-01 20:31:46,043|line:533| *#*#*#*#*#*#*#*#*#*еҺҹеҠЁжҖҒеӨ„зҗҶеӨұиҙҘ*#*#*#*#*#*#*#*#*#
2026-06-01 20:31:46,044|line:519| https://t.bilibili.com/1202579641625214982
2026-06-01 20:31:47,391|line:346| Expecting value: line 1 column 1 (char 0)
2026-06-01 20:31:47,391|line:347| error line:319
2026-06-01 20:31:47,392|line:533| *#*#*#*#*#*#*#*#*#*еҺҹеҠЁжҖҒеӨ„зҗҶеӨұиҙҘ*#*#*#*#*#*#*#*#*#
2026-06-01 20:31:47,392|line:519| https://t.bilibili.com/1202559820382601223
2026-06-01 20:31:49,611|line:346| Expecting value: line 1 column 1 (char 0)
2026-06-01 20:31:49,611|line:347| error line:319
2026-06-01 20:31:49,612|line:533| *#*#*#*#*#*#*#*#*#*еҺҹеҠЁжҖҒеӨ„зҗҶеӨұиҙҘ*#*#*#*#*#*#*#*#*#
2026-06-01 20:31:49,612|line:519| https://t.bilibili.com/1207785608022327313
2026-06-01 20:31:53,956|line:346| Expecting value: line 1 column 1 (char 0)
2026-06-01 20:31:53,957|line:347| error line:319
2026-06-01 20:31:53,957|line:533| *#*#*#*#*#*#*#*#*#*еҺҹеҠЁжҖҒеӨ„зҗҶеӨұиҙҘ*#*#*#*#*#*#*#*#*#
2026-06-01 20:31:53,958|line:519| https://t.bilibili.com/1207391800336056336
2026-06-01 20:31:57,297|line:346| Expecting value: line 1 column 1 (char 0)
2026-06-01 20:31:57,297|line:347| error line:319
2026-06-01 20:31:57,298|line:533| *#*#*#*#*#*#*#*#*#*еҺҹеҠЁжҖҒеӨ„зҗҶеӨұиҙҘ*#*#*#*#*#*#*#*#*#
2026-06-01 20:31:57,299|line:519| https://t.bilibili.com/1205282773769650183
2026-06-01 20:32:00,516|line:346| Expecting value: line 1 column 1 (char 0)
2026-06-01 20:32:00,516|line:347| error line:319
2026-06-01 20:32:00,517|line:533| *#*#*#*#*#*#*#*#*#*еҺҹеҠЁжҖҒеӨ„зҗҶеӨұиҙҘ*#*#*#*#*#*#*#*#*#
2026-06-01 20:32:00,517|line:519| https://t.bilibili.com/1202530666157178886
2026-06-01 20:32:02,812|line:346| Expecting value: line 1 column 1 (char 0)
2026-06-01 20:32:02,812|line:347| error line:319
2026-06-01 20:32:02,813|line:533| *#*#*#*#*#*#*#*#*#*еҺҹеҠЁжҖҒеӨ„зҗҶеӨұиҙҘ*#*#*#*#*#*#*#*#*#
2026-06-01 20:32:02,813|line:519| https://t.bilibili.com/1207291474184503321
2026-06-01 20:32:07,028|line:346| Expecting value: line 1 column 1 (char 0)
2026-06-01 20:32:07,028|line:347| error line:319
2026-06-01 20:32:07,029|line:533| *#*#*#*#*#*#*#*#*#*еҺҹеҠЁжҖҒеӨ„зҗҶеӨұиҙҘ*#*#*#*#*#*#*#*#*#
2026-06-01 20:32:07,029|line:519| https://t.bilibili.com/1208262772438073345
2026-06-01 20:32:08,246|line:346| Expecting value: line 1 column 1 (char 0)
2026-06-01 20:32:08,246|line:347| error line:319
2026-06-01 20:32:08,247|line:533| *#*#*#*#*#*#*#*#*#*еҺҹеҠЁжҖҒеӨ„зҗҶеӨұиҙҘ*#*#*#*#*#*#*#*#*#
2026-06-01 20:32:08,247|line:519| https://t.bilibili.com/1202579091913441285
2026-06-01 20:32:09,599|line:346| Expecting value: line 1 column 1 (char 0)
2026-06-01 20:32:09,600|line:347| error line:319
2026-06-01 20:32:09,601|line:533| *#*#*#*#*#*#*#*#*#*еҺҹеҠЁжҖҒеӨ„зҗҶеӨұиҙҘ*#*#*#*#*#*#*#*#*#
2026-06-01 20:32:09,601|line:552| жү§иЎҢз»“жқҹ
2026-06-01 20:32:09,601|line:556| жү§иЎҢеӨұиҙҘпјҢй”ҷиҜҜж•°йҮҸдёә53
2026-06-01 20:32:09,601|line:558| ==================================================2026-06-02 04:32==================================================
2026-06-01 20:32:09,601|line:232| processing article 49879816
2026-06-01 20:32:14,117|line:507| ==================================================2026-06-02 04:32==================================================
2026-06-01 20:32:20,629|line:578| ('reply: ', 'жҰ„иҸҠе®ҳж–№', '[з»ҷеҝғеҝғ]')
2026-06-01 20:32:20,630|line:578| ('reply: ', 'еҗ“жӯ»жҲ‘е•ҰиҠҷиҺұ', 'е№¶дёҚжҳҜ')
2026-06-01 20:32:20,630|line:578| ('reply: ', 'иҠұз”ҹеҚҒдёү-е…¬иҖғиЎҢжөӢ', '68')
2026-06-01 20:32:20,630|line:578| ('reply: ', 'дёүй№ҝдёғиҢёзҢ«е°ҫе·ҙ', '[еӨҸиҜәйӣ…иЎЁжғ…еҢ…_пјҹпјҹпјҹ]')
2026-06-01 20:32:20,630|line:578| ('reply: ', 'е°Ҹй—Әй—Әbling', 'hhhи…ҫеӯҗд№°еә“жҙӣи®©жҲ‘ж„ҹи§үд»–иҮӘе·ұжңүзӮ№дёҚеӨӘжғіеҮәеӨ§дё–з•ҢдәҶ')
2026-06-01 20:32:20,630|line:578| ('reply: ', 'дҝ®жҢ–жңәзҡ„дёёеұұеҪ©', 'дёҚжҳҜпјҢиҝҷвҖҰвҖҰ')
2026-06-01 20:32:20,630|line:578| ('reply: ', 'еҘҪеғҸйғҪжҳҜдёҖдёӘдәә', 'дҪ еңЁиҜҙд»Җд№Ҳ')
2026-06-01 20:32:20,630|line:578| ('reply: ', 'зӣ®ж Үе’ЁиҜў', 'еӨӘе® зІүдәҶе•Ҡ')
2026-06-01 20:32:20,631|line:578| ('reply: ', 'ж•°зҺ©е·Ҙеңә', 'зҘқдҪ жҲҗеҠҹ')
2026-06-01 20:32:20,631|line:578| ('reply: ', 'зӣҠе®¶жңүе°ҸдҪ°', 'жҒӯе–ңе®қеӯҗпјҢиҺ·еҫ—е°Ҹз”өи§ҶжңҲеәҰдјҡе‘ҳ1д»Ҫе’Ңе…ӢеҲ»еҶ°еҶ°зҢҙе–үзі–йҡҸжңәеҸЈе‘і1д»ҪпҪһи®°еҫ—з§ҒдҝЎе°ҸдҪ°жҸҗдҫӣдҝЎжҒҜе“Ұ~')
2026-06-01 20:32:20,631|line:578| ('reply: ', 'еңҶзҺҜд№ӢзҗҶ-Madoka', 'жҳҜзҡ„')
2026-06-01 20:32:20,631|line:578| ('reply: ', 'е…°зҡ„дёүе§Ё', 'иҝҷе°ұжҳҜй“¶жІіе·Ёжҳҹзҡ„е®һеҠӣпјҒ')
2026-06-01 20:32:20,631|line:578| ('reply: ', 'иҠұеӣӯзҷҫеҗҲй“ғйҹі', 'жңүз”·дёҚзҺ©пјҢжҲ‘еҸӘеҗғйә»иҫЈзҒ«й”…пјҢxxnж»ҡ[еҗғз“ң]')
2026-06-01 20:32:20,631|line:578| ('reply: ', 'жҳҜз»қиөһзҡ„йҳҝй¬ј', '[tv_йҡҫиҝҮ]')
2026-06-01 20:32:20,631|line:578| ('reply: ', 'жЎғзЁҡдёҚе№јзЁҡ', 'иҝҳиЎҢ')
2026-06-01 20:32:20,631|line:578| ('reply: ', 'йҷҢзҪ”еӯҗеҗ–', 'дҪ¬пјҢиҝҷдёӘжҠҘеҗҚжңүе•ҘжқЎд»¶дёҚгҖӮжңҖиҝ‘еӨӘйқһдәҶпјҢжғідёӢж¬ЎжҠҘжқҘжҠҪ[и„ұеҚ•doge][и„ұеҚ•doge][и„ұеҚ•doge]')
2026-06-01 20:32:20,631|line:578| ('reply: ', 'еӨӘдәҢй…ёиҸңйұј', 'жҒӯе–ңжҲҗдёәжң¬жңҹж¬§зҡҮ[жү“call]иҺ·еҫ—гҖҗиӮҘйҫҷиҒ”еҗҚжҳҫзңјеҢ…гҖ‘1д»ҪпјҢеңЁж”¶еҲ°жң¬дҝЎжҒҜзҡ„дёӨеӨ©еҶ…еӣһеӨҚе“Ҙзҡ„з§ҒдҝЎе“Ұ~йҖҫжңҹе“Ҙе°ұиҮӘе·ұж”¶е•ҰпјҒ[и„ұеҚ•doge]')
2026-06-01 20:32:20,632|line:578| ('reply: ', 'еҫ—дёҖжғідәҢзҡ„жқҫйј ', 'дёӯеҘ–еҲҶжҲ‘дёҖеҚҠ')
2026-06-01 20:32:20,632|line:578| ('reply: ', 'дҪ‘еҮүUriyoo', 'и°ўи°ўпјҒпјҒпјҒ[UP_24967030_ж„ҹжҒ©]')
2026-06-01 20:32:20,632|line:578| ('reply: ', 'еІӣиҺ“зҘҒ', 'еҘҪиҖ¶')
2026-06-01 20:32:23,009|line:587| ('at: ', 'з”өи„‘жҠҘ', 'жҒӯе–ң@е°Ҹе°ҸShaun UIDпјҡ1090970340пјҢ@-еҸ¶жҷ“еҗ–  UIDпјҡ22437099  иҺ·еҫ— гҖҗз”өз«һеӨ§зӨјеҢ…гҖ‘1д»ҪпјҢ иҜ·еңЁдёүж—ҘеҶ…з§ҒдҝЎжҲ‘')
2026-06-01 20:32:23,010|line:587| ('at: ', 'иҒ”жғіжӢҜж•‘иҖ…е®ҳж–№', 'жҳҜжҲ‘е–ңж¬ўзҡ„еҘ–е“ҒеҗҚеҚ• зӣҙжҺҘејҖеҘ– дёҠ и¶ҒзҺ°еңЁжІЎдәәеҒ·ж‘ёејҖдёӘеҘ– жҒӯе–ңиҝҷдәӣе°Ҹдјҷдјҙ гҖҗжӢҜж•‘иҖ…7.1еЈ°еҚЎH7жёёжҲҸиҖіжңәгҖ‘иҺ·еҘ–еҗҚеҚ• @жіӘж°ҙжү“ж№ҝзҢӘи„ҡйҘӯo @xoomoon @е°Ҹе°ҸShaun @Tеұұжө·иҝһдә‘T @и¶…и¶…и¶…и¶…и–„и„ҶйҘје№І @BerboomC гҖҗжӢҜж•‘иҖ…C140ж°®еҢ–й•“йҖӮй…ҚеҷЁгҖ‘иҺ·еҘ–еҗҚеҚ• @ж”№дёӘеӨ©еҮүеҘҪдёӘз§Ӣ @еӨңзҢ«еӯҗзүҷдёҚеҘҪ @LLLеҘҪд№…дёҚи§Ғ @жһ—ж®ҮеҖҫж…•е©ү @д»ҠеӨ©д№ҹиҰҒжӢҘжҠұеҫ®йЈҺ @жҙідёҚеҸҠжҲ‘дёҮдёҖ @иғңеҲ©гҒ®еӨ©е№і гҖҗзҷҪйҮ‘зӢ¬и§’е…Ҫз”өз«һйј ж ҮгҖ‘иҺ·еҘ–еҗҚеҚ• @еә•зүҮдёҠзҡ„иҜ—ж—…дәә гҖҗжӢҜж•‘иҖ…C170ж°®еҢ–й•“йҖӮй…ҚеҷЁгҖ‘иҺ·еҘ–еҗҚеҚ• @йәҰз•¶еҠіж— йҷҗеҘҪ @з„ЎеҗҚдё¶гҒ®иҫҲ @д»»жҖ§зҡ„жҸҗиҺ« @е№ҝдёңжңүжҡ–йЈҺ з”ұдәҺBз«ҷз§ҒдҝЎи§„еҲҷдҝ®ж”№ жҲ‘дјҡз§ҒдҝЎдёӯеҘ–зҡ„е°ҸдјҷдјҙдёҖжқЎж¶ҲжҒҜпјҢиҝҳиҜ·жіЁж„ҸжҹҘж”¶е№¶еӣһеӨҚжҲ‘жӮЁзҡ„ж”¶иҙ§ең°еқҖдёҺиҒ”зі»ж–№ејҸпјҢеҘ–е“Ғеҹәжң¬дјҡеңЁз§ҒдҝЎжӮЁдҝЎжҒҜеҗҺзҡ„дёүеҚҒдёӘе·ҘдҪңж—ҘеҶ…еҸ‘иҙ§')
2026-06-01 20:32:23,010|line:587| ('at: ', 'Apexgamingиүҫж№ғз”өз«һ', 'жҒӯе–ң @е°Ҹе°ҸShaun иҺ·еҫ—йҘ®ж–ҷдёҖд»ҪпјҢдёүеӨ©еҶ…иҒ”зі»жҲ‘пјҢиҝҮж—¶дёҚеҖҷпјҒ')
2026-06-01 20:32:23,010|line:587| ('at: ', 'е–ңж¬ўзҷҪжҜӣжңүд»Җд№ҲдёҚеҘҪ', '1 @жөӘеӯҗжёё2fans6@иў«_____жү“дёӢжқҘзҡ„йЈһжңә@жӢүж–Ҝзү№иҮЈеҗҺйқўдёҖдёӘзӮ№@дё“еҝғиҮҙеҝ—зҡ„еӯҰз”ҹ@зҢ«зҢ«еӨҙOmMeow@е°Ҹе°ҸShaun@йҫҗй–Җе·ҰйҒ“@е•Ұе•Ұз—ҙз—ҙи…»@bili_66938050009@ж—ҘжңҲжҳҹиҫ°668')
2026-06-01 20:32:23,010|line:587| ('at: ', 'iKFи“қзүҷиҖіжңә', 'жҒӯе–ң@е°Ҹе°ҸShaun е®қеӯҗжҲҗдёәиӢҸжіҠе°”зҰҸеҲ©еҠЁжҖҒе№ёиҝҗе„ҝпјҒ\nжіЁж„ҸпјҡеҚіж—Ҙиө·72е°Ҹж—¶еҶ…еӣһеӨҚдҝЎжҒҜзЎ®и®ӨйўҶеҘ–е“ҰпјҒйҖҫжңҹе°ҶиҮӘеҠЁи§Ҷдёәж”ҫејғдёӯеҘ–иө„ж јгҖӮ\nжІЎжңүдёӯеҘ–зҡ„е®қеӯҗд»¬дёҚиҰҒж°”йҰҒпјҢеҸӮдёҺдёҖдёӢдёӢзҪ®йЎ¶и§Ҷйў‘iKF MarsпјҢеўһеҠ ж¬§ж°”еҖјпјҢиҜҙдёҚе®ҡдёӢдёӘе№ёиҝҗе„ҝе°ұжҳҜдҪ пјҒ\nй“ҫжҺҘпјҡ\nhttps://www.bilibili.com/video/BV1Soo6YLEHZ/?spm_id_from=333.1387.list.card_archive.click&vd_source=21fb0967ccc75e6b3b2447ade2c740dd\nиҝҳжІЎеҸӮдёҺжҠҪеҘ–зҡ„е®қеӯҗд»¬пјҢиө¶зҙ§зӮ№еҮ»дёҠж–№й“ҫжҺҘеҸӮдёҺеҗ§пјҒиҝҳжңүзү№еҲ«зҰҸеҲ©жғҠе–ңзӯүдҪ е“Ұ~')
2026-06-01 20:32:23,010|line:587| ('at: ', 'wellymerckеЁҒеҲ©й»ҳе…Ӣ', 'жҒӯе–ң@е°Ҹе°ҸShaun\xa0 иҺ·еҫ—гҖҠжҲ‘жҳҜдҪ зҡ„е°ҸзӢ—3 ж°ёиҝңзӯүдҪ еӣһе®¶гҖӢ1жң¬пјҢиҜ·дәҺ5еӨ©еҶ…иҒ”зі»еЁҒе®қпјҢеҮӯе…іжіЁ+дә’еҠЁжҲӘеӣҫйўҶеҸ–еҘ–е“ҒпјҢйҖҫжңҹдҪңеәҹ~')
2026-06-01 20:32:23,010|line:587| ('at: ', 'е®ҒзҫҺNINGMEI', 'жҒӯе–ң@е°Ҹе°ҸShaun   дёӯеҘ–пјҢиҜ·еңЁ12жңҲ1ж—Ҙ24зӮ№еүҚз§ҒдҝЎжҲ‘пјҡ1. еҘ–е“Ғ+дёӯеҘ–дҝЎжҒҜa. е®һзү©еҘ–пјҡе§“еҗҚз”өиҜқең°еқҖпјҢз»ҷж–Үеӯ—пјҒзңҒеёӮеҢәи·Ҝжё…жҷ°пјҢжҸҗдәӨдёҚжё…жҷ°дёҚеҸ‘еҘ–пјҢдҝЎжҒҜй”ҷиҜҜиҮҙж— жі•зӯҫж”¶пјҢжҰӮдёҚиҙҹиҙЈпјӣ\n\nb. зҺ°йҮ‘зәўеҢ…з»ҷеҲ°ж”Ҝд»ҳе®қе®һеҗҚ+иҙҰеҸ·пјӣ\n\nc. дә¬дёңеҚЎ/зҢ«и¶…еҚЎ зӯүиҙӯзү©еҚЎз»ҷеҲ°е§“еҗҚ+з”өиҜқпјӣ2. е®ҒзҫҺе’Ңе“ҒзүҢж–№е…іжіЁжҲӘеӣҫ+иҪ¬еҸ‘жҲӘеӣҫпјҒ\n\nеҝ…йЎ»е…іжіЁе“ҒзүҢж–№пјҢеҗҰеҲҷеҘ–е“ҒдёҚдәҲеҸ‘ж”ҫпјӣеҰӮйҒҮж— жі•з§ҒдҝЎеӣҫзүҮзҡ„жғ…еҶөпјҢзӯүеҫ…жҲ‘еӣһеӨҚеҗҺеҚіеҸҜеҸ‘йҖҒеӣҫзүҮгҖӮPSпјҡ \n\nеӣ еҗҺеҸ°ж”¶дҝЎжңүж—¶дјҡеҮәй—®йўҳпјҢд»ҘеӣһеӨҚвҖңе·Ізҷ»и®°вҖқдёәеҮҶпјҢжІЎжңүеӣһеӨҚеҚіиЎЁзӨәз§ҒдҝЎжңӘж”¶еҲ°гҖӮ\n\nиҝҮжңҹи§ҶдёәиҮӘеҠЁж”ҫејғпјҢдёҚдјҡиЎҘеҸ‘пјӣеҘ–е“Ғ30дёӘе·ҘдҪңж—ҘеҶ…еҸ‘йҖҒпјҢеӢҝеӮ¬е“Ұ~\n\nдёҚеҸ‘е…ЁпјҢдёҚеӣһеӨҚгҖӮе…¶д»–е°ҸдјҷдјҙиҜ·з»§з»ӯеҠӘеҠӣпјҒ')
2026-06-01 20:32:23,011|line:587| ('at: ', 'зҲұзҺӣз”өеҠЁиҪҰе®ҳж–№иҙҰеҸ·', '#дёҖвҖңзҺӣвҖқеҪ“е…ҲжҰң# еҝ«жқҘзңӢзңӢ10жңҲйғҪжҳҜи°Ғе’ҢзҲұзҺӣй…ұдә’еҠЁжңҖеӨҡе‘Җ~ рҹ’•жҒӯе–ң@е°Ҹе°ҸShaun е’Ң@з”ҳз‘һеҮҜжӢүиҺҺ жҺ’иЎҢз¬¬дёҖпјҒиҝҷдёӨдҪҚе°ҸзҺӣиҫҫе°ҶдјҡиҺ·еҫ—гҖҗзҲұзҺӣйҡҸжңәе‘Ёиҫ№Г—1гҖ‘пјҢиҜ·5еӨ©еҶ…з§ҒдҝЎзҲұзҺӣй…ұйўҶеҘ–е“ҹ~[йј“жҺҢ] д»ҘеҗҺд№ҹиҜ·з»§з»ӯеҚ•жҺЁжҲ‘ж— ж•ҢеҸҜзҲұзҫҺе°‘еҘізҲұзҺӣй…ұе‘ҖеҳҝеҳҝпјҒ(в—ҸВҙР—пҪҖв—Ҹ)')
2026-06-01 20:32:23,011|line:587| ('at: ', 'зҲұзҺӣз”өеҠЁиҪҰе®ҳж–№иҙҰеҸ·', '')
2026-06-01 20:32:23,011|line:587| ('at: ', 'жө·йңІж»ҙзңјж¶І', 'дә’еҠЁжҰңеҮәзӮүе•Ұ')
2026-06-01 20:32:23,011|line:587| ('at: ', 'е’Ңи”јеҸҜдәІжЎғзҷҪзҷҪ', '\u200b//@д№қеҸ·е…¬еҸё:\u200bжҒӯе–ң@е°Ҹе°ҸShaun дёӯеҘ–пјҒеҗҺз»ӯи®°еҫ—жҹҘж”¶з§ҒдҝЎе“ҹпҪһ\u200b//@д№қеҸ·е…¬еҸё:#дә’еҠЁжҠҪеҘ–# и°ўи°ўзІ’зІ’зҡ„еӨҚе·ҘзӨјпјҒе°Ҹд№қд№ҹжқҘеҠ дёӘз Ғ~е…іжіЁгҖҗ@еҫ®зІ’иҙ·+@д№қеҸ·е…¬еҸё гҖ‘е№¶иҪ¬еҸ‘иҜҘеҠЁжҖҒпјҢжҠҪдёҖдҪҚе°ҸеҸҜзҲұиҺ·еҫ—гҖҗ100е…ғдә¬дёңеҚЎгҖ‘~ #дҫӣз”өеұҖзҰҸеҲ©зӨҫ# 10жңҲ31ж—ҘжҠҪеҮәпјҒ')
2026-06-01 20:32:23,011|line:587| ('at: ', 'жңӣеӨ§е®¶иә«дҪ“еҒҘеә·еҝ«д№җ', '\u200b//@д№қеҸ·е…¬еҸё:\u200bжҒӯе–ң@е°Ҹе°ҸShaun дёӯеҘ–пјҒеҗҺз»ӯи®°еҫ—жҹҘж”¶з§ҒдҝЎе“ҹпҪһ\u200b//@д№қеҸ·е…¬еҸё :#дә’еҠЁжҠҪеҘ–# и°ўи°ўзІ’зІ’зҡ„еӨҚе·ҘзӨјпјҒе°Ҹд№қд№ҹжқҘеҠ дёӘз Ғ~е…іжіЁгҖҗ@еҫ®зІ’иҙ·+@д№қеҸ·е…¬еҸё гҖ‘е№¶иҪ¬еҸ‘иҜҘеҠЁжҖҒпјҢжҠҪдёҖдҪҚе°ҸеҸҜзҲұиҺ·еҫ—гҖҗ100е…ғдә¬дёңеҚЎгҖ‘~ #дҫӣз”өеұҖзҰҸеҲ©зӨҫ# 10жңҲ31ж—ҘжҠҪеҮәпјҒ')
2026-06-01 20:32:23,011|line:587| ('at: ', 'MoMA_Reona', '//@д№қеҸ·е…¬еҸё:\u200bжҒӯе–ң@е°Ҹе°ҸShaun дёӯеҘ–пјҒеҗҺз»ӯи®°еҫ—жҹҘж”¶з§ҒдҝЎе“ҹпҪһ\u200b//@д№қеҸ·е…¬еҸё:#дә’еҠЁжҠҪеҘ–# и°ўи°ўзІ’зІ’зҡ„еӨҚе·ҘзӨјпјҒе°Ҹд№қд№ҹжқҘеҠ дёӘз Ғ~е…іжіЁгҖҗ@еҫ®зІ’иҙ·+@д№қеҸ·е…¬еҸё гҖ‘е№¶иҪ¬еҸ‘иҜҘеҠЁжҖҒпјҢжҠҪдёҖдҪҚе°ҸеҸҜзҲұиҺ·еҫ—гҖҗ100е…ғдә¬дёңеҚЎгҖ‘~ #дҫӣз”өеұҖзҰҸеҲ©зӨҫ# 10жңҲ31ж—ҘжҠҪеҮәпјҒ')
2026-06-01 20:32:23,011|line:587| ('at: ', 'ж‘ёйұјдәҢйҳҹ', '\u200b//@д№қеҸ·е…¬еҸё:\u200bжҒӯе–ң@е°Ҹе°ҸShaun дёӯеҘ–пјҒеҗҺз»ӯи®°еҫ—жҹҘж”¶з§ҒдҝЎе“ҹпҪһ\u200b//@д№қеҸ·е…¬еҸё :#дә’еҠЁжҠҪеҘ–# и°ўи°ўзІ’зІ’зҡ„еӨҚе·ҘзӨјпјҒе°Ҹд№қд№ҹжқҘеҠ дёӘз Ғ~е…іжіЁгҖҗ@еҫ®зІ’иҙ·+@д№қеҸ·е…¬еҸё гҖ‘е№¶иҪ¬еҸ‘иҜҘеҠЁжҖҒпјҢжҠҪдёҖдҪҚе°ҸеҸҜзҲұиҺ·еҫ—гҖҗ100е…ғдә¬дёңеҚЎгҖ‘~ #дҫӣз”өеұҖзҰҸеҲ©зӨҫ# 10жңҲ31ж—ҘжҠҪеҮәпјҒ')
2026-06-01 20:32:23,011|line:587| ('at: ', 'ж–Үе°‘еҳ…дёҖдәӣдәӢдёҖдәӣжғ…', '\u200b//@д№қеҸ·е…¬еҸё:\u200bжҒӯе–ң@е°Ҹе°ҸShaun дёӯеҘ–пјҒеҗҺз»ӯи®°еҫ—жҹҘж”¶з§ҒдҝЎе“ҹпҪһ\u200b//@д№қеҸ·е…¬еҸё :#дә’еҠЁжҠҪеҘ–# и°ўи°ўзІ’зІ’зҡ„еӨҚе·ҘзӨјпјҒе°Ҹд№қд№ҹжқҘеҠ дёӘз Ғ~е…іжіЁгҖҗ@еҫ®зІ’иҙ·+@д№қеҸ·е…¬еҸё гҖ‘е№¶иҪ¬еҸ‘иҜҘеҠЁжҖҒпјҢжҠҪдёҖдҪҚе°ҸеҸҜзҲұиҺ·еҫ—гҖҗ100е…ғдә¬дёңеҚЎгҖ‘~ #дҫӣз”өеұҖзҰҸеҲ©зӨҫ# 10жңҲ31ж—ҘжҠҪеҮәпјҒ')
2026-06-01 20:32:23,011|line:587| ('at: ', 'CarryйҳҹеҸӢзҡ„еҳҹеҳҹй…ұдё¶', '\u200b//@д№қеҸ·е…¬еҸё:\u200bжҒӯе–ң@е°Ҹе°ҸShaun дёӯеҘ–пјҒеҗҺз»ӯи®°еҫ—жҹҘж”¶з§ҒдҝЎе“ҹпҪһ\u200b//@д№қеҸ·е…¬еҸё :#дә’еҠЁжҠҪеҘ–# и°ўи°ўзІ’зІ’зҡ„еӨҚе·ҘзӨјпјҒе°Ҹд№қд№ҹжқҘеҠ дёӘз Ғ~е…іжіЁгҖҗ@еҫ®зІ’иҙ·+@д№қеҸ·е…¬еҸё гҖ‘е№¶иҪ¬еҸ‘иҜҘеҠЁжҖҒпјҢжҠҪдёҖдҪҚе°ҸеҸҜзҲұиҺ·еҫ—гҖҗ100е…ғдә¬дёңеҚЎгҖ‘~ #дҫӣз”өеұҖзҰҸеҲ©зӨҫ# 10жңҲ31ж—ҘжҠҪеҮәпјҒ')
2026-06-01 20:32:23,012|line:587| ('at: ', 'иӣӨиҹҶzero', '//@д№қеҸ·е…¬еҸё:\u200bжҒӯе–ң@е°Ҹе°ҸShaun дёӯеҘ–пјҒеҗҺз»ӯи®°еҫ—жҹҘж”¶з§ҒдҝЎе“ҹпҪһ\u200b//@д№қеҸ·е…¬еҸё:#дә’еҠЁжҠҪеҘ–# и°ўи°ўзІ’зІ’зҡ„еӨҚе·ҘзӨјпјҒе°Ҹд№қд№ҹжқҘеҠ дёӘз Ғ~е…іжіЁгҖҗ@еҫ®зІ’иҙ·+@д№қеҸ·е…¬еҸё гҖ‘е№¶иҪ¬еҸ‘иҜҘеҠЁжҖҒпјҢжҠҪдёҖдҪҚе°ҸеҸҜзҲұиҺ·еҫ—гҖҗ100е…ғдә¬дёңеҚЎгҖ‘~ #дҫӣз”өеұҖзҰҸеҲ©зӨҫ# 10жңҲ31ж—ҘжҠҪеҮәпјҒcеҶІеҶІеҶІ')
2026-06-01 20:32:23,012|line:587| ('at: ', 'жңЁиҖҢеҗ„еӯҗиҰҒеҗғз¬ғж —еӯҗ', '\u200b//@д№қеҸ·е…¬еҸё:\u200bжҒӯе–ң@е°Ҹе°ҸShaun дёӯеҘ–пјҒеҗҺз»ӯи®°еҫ—жҹҘж”¶з§ҒдҝЎе“ҹпҪһ\u200b//@д№қеҸ·е…¬еҸё :#дә’еҠЁжҠҪеҘ–# и°ўи°ўзІ’зІ’зҡ„еӨҚе·ҘзӨјпјҒе°Ҹд№қд№ҹжқҘеҠ дёӘз Ғ~е…іжіЁгҖҗ@еҫ®зІ’иҙ·+@д№қеҸ·е…¬еҸё гҖ‘е№¶иҪ¬еҸ‘иҜҘеҠЁжҖҒпјҢжҠҪдёҖдҪҚе°ҸеҸҜзҲұиҺ·еҫ—гҖҗ100е…ғдә¬дёңеҚЎгҖ‘~ #дҫӣз”өеұҖзҰҸеҲ©зӨҫ# 10жңҲ31ж—ҘжҠҪеҮәпјҒ')
2026-06-01 20:32:23,012|line:587| ('at: ', 'иЈҷдёӢж„ҡиҮЈжғ…й»ҳй»ҳ', '\u200b//@д№қеҸ·е…¬еҸё:\u200bжҒӯе–ң@е°Ҹе°ҸShaun дёӯеҘ–пјҒеҗҺз»ӯи®°еҫ—жҹҘж”¶з§ҒдҝЎе“ҹпҪһ\u200b//@д№қеҸ·е…¬еҸё :#дә’еҠЁжҠҪеҘ–# и°ўи°ўзІ’зІ’зҡ„еӨҚе·ҘзӨјпјҒе°Ҹд№қд№ҹжқҘеҠ дёӘз Ғ~е…іжіЁгҖҗ@еҫ®зІ’иҙ·+@д№қеҸ·е…¬еҸё гҖ‘е№¶иҪ¬еҸ‘иҜҘеҠЁжҖҒпјҢжҠҪдёҖдҪҚе°ҸеҸҜзҲұиҺ·еҫ—гҖҗ100е…ғдә¬дёңеҚЎгҖ‘~ #дҫӣз”өеұҖзҰҸеҲ©зӨҫ# 10жңҲ31ж—ҘжҠҪеҮәпјҒ')
2026-06-01 20:32:23,012|line:587| ('at: ', 'жҲҠеӯҗжҜ•е®ҝ', '')
