2026-06-06 17:22:20,013|line:232| processing article 50155358
2026-06-06 17:22:23,787|line:507| ==================================================2026-06-07 01:22==================================================
2026-06-06 17:22:23,787|line:232| processing article 50149826
2026-06-06 17:22:27,108|line:507| ==================================================2026-06-07 01:22==================================================
2026-06-06 17:22:27,109|line:519| https://t.bilibili.com/1210696307350437956
2026-06-06 17:22:31,499|line:346| Expecting value: line 1 column 1 (char 0)
2026-06-06 17:22:31,499|line:347| error line:319
2026-06-06 17:22:31,500|line:533| *#*#*#*#*#*#*#*#*#*原动态处理失败*#*#*#*#*#*#*#*#*#
2026-06-06 17:22:31,500|line:519| https://t.bilibili.com/1210443258577027072
2026-06-06 17:22:35,790|line:346| Expecting value: line 1 column 1 (char 0)
2026-06-06 17:22:35,790|line:347| error line:319
2026-06-06 17:22:35,791|line:533| *#*#*#*#*#*#*#*#*#*原动态处理失败*#*#*#*#*#*#*#*#*#
2026-06-06 17:22:35,791|line:519| https://t.bilibili.com/1210635187828817953
2026-06-06 17:22:37,146|line:346| Expecting value: line 1 column 1 (char 0)
2026-06-06 17:22:37,147|line:347| error line:319
2026-06-06 17:22:37,147|line:533| *#*#*#*#*#*#*#*#*#*原动态处理失败*#*#*#*#*#*#*#*#*#
2026-06-06 17:22:37,148|line:519| https://t.bilibili.com/1210634459837104129
2026-06-06 17:22:40,454|line:346| Expecting value: line 1 column 1 (char 0)
2026-06-06 17:22:40,454|line:347| error line:319
2026-06-06 17:22:40,455|line:533| *#*#*#*#*#*#*#*#*#*原动态处理失败*#*#*#*#*#*#*#*#*#
2026-06-06 17:22:40,455|line:519| https://t.bilibili.com/1210441798330089472
2026-06-06 17:22:41,814|line:346| Expecting value: line 1 column 1 (char 0)
2026-06-06 17:22:41,814|line:347| error line:319
2026-06-06 17:22:41,814|line:533| *#*#*#*#*#*#*#*#*#*原动态处理失败*#*#*#*#*#*#*#*#*#
2026-06-06 17:22:41,815|line:519| https://t.bilibili.com/1210456040433254403
2026-06-06 17:22:46,160|line:346| Expecting value: line 1 column 1 (char 0)
2026-06-06 17:22:46,160|line:347| error line:319
2026-06-06 17:22:46,161|line:533| *#*#*#*#*#*#*#*#*#*原动态处理失败*#*#*#*#*#*#*#*#*#
2026-06-06 17:22:46,162|line:519| https://t.bilibili.com/1210674649958973441
2026-06-06 17:22:48,470|line:346| Expecting value: line 1 column 1 (char 0)
2026-06-06 17:22:48,470|line:347| error line:319
2026-06-06 17:22:48,471|line:533| *#*#*#*#*#*#*#*#*#*原动态处理失败*#*#*#*#*#*#*#*#*#
2026-06-06 17:22:48,471|line:519| https://t.bilibili.com/1210645963905957895
2026-06-06 17:22:52,770|line:346| Expecting value: line 1 column 1 (char 0)
2026-06-06 17:22:52,770|line:347| error line:319
2026-06-06 17:22:52,771|line:533| *#*#*#*#*#*#*#*#*#*原动态处理失败*#*#*#*#*#*#*#*#*#
2026-06-06 17:22:52,771|line:519| https://t.bilibili.com/1208451995793358872
2026-06-06 17:22:57,112|line:346| Expecting value: line 1 column 1 (char 0)
2026-06-06 17:22:57,112|line:347| error line:319
2026-06-06 17:22:57,113|line:533| *#*#*#*#*#*#*#*#*#*原动态处理失败*#*#*#*#*#*#*#*#*#
2026-06-06 17:22:57,114|line:519| https://t.bilibili.com/1210733478144901125
2026-06-06 17:23:00,480|line:346| Expecting value: line 1 column 1 (char 0)
2026-06-06 17:23:00,480|line:347| error line:319
2026-06-06 17:23:00,481|line:533| *#*#*#*#*#*#*#*#*#*原动态处理失败*#*#*#*#*#*#*#*#*#
2026-06-06 17:23:00,481|line:519| https://t.bilibili.com/1210731354302447636
2026-06-06 17:23:03,775|line:346| Expecting value: line 1 column 1 (char 0)
2026-06-06 17:23:03,776|line:347| error line:319
2026-06-06 17:23:03,777|line:533| *#*#*#*#*#*#*#*#*#*原动态处理失败*#*#*#*#*#*#*#*#*#
2026-06-06 17:23:03,777|line:519| https://t.bilibili.com/1210409534553587716
2026-06-06 17:23:07,067|line:346| Expecting value: line 1 column 1 (char 0)
2026-06-06 17:23:07,067|line:347| error line:319
2026-06-06 17:23:07,068|line:533| *#*#*#*#*#*#*#*#*#*原动态处理失败*#*#*#*#*#*#*#*#*#
2026-06-06 17:23:07,068|line:519| https://t.bilibili.com/1210731931966111753
2026-06-06 17:23:10,360|line:346| Expecting value: line 1 column 1 (char 0)
2026-06-06 17:23:10,360|line:347| error line:319
2026-06-06 17:23:10,361|line:533| *#*#*#*#*#*#*#*#*#*原动态处理失败*#*#*#*#*#*#*#*#*#
2026-06-06 17:23:10,361|line:519| https://t.bilibili.com/1210750851291807749
2026-06-06 17:23:11,706|line:346| Expecting value: line 1 column 1 (char 0)
2026-06-06 17:23:11,706|line:347| error line:319
2026-06-06 17:23:11,707|line:533| *#*#*#*#*#*#*#*#*#*原动态处理失败*#*#*#*#*#*#*#*#*#
2026-06-06 17:23:11,708|line:519| https://t.bilibili.com/1210421337087016980
2026-06-06 17:23:16,059|line:346| Expecting value: line 1 column 1 (char 0)
2026-06-06 17:23:16,059|line:347| error line:319
2026-06-06 17:23:16,060|line:533| *#*#*#*#*#*#*#*#*#*原动态处理失败*#*#*#*#*#*#*#*#*#
2026-06-06 17:23:16,060|line:519| https://t.bilibili.com/1201479863740923906
2026-06-06 17:23:17,413|line:346| Expecting value: line 1 column 1 (char 0)
2026-06-06 17:23:17,414|line:347| error line:319
2026-06-06 17:23:17,415|line:533| *#*#*#*#*#*#*#*#*#*原动态处理失败*#*#*#*#*#*#*#*#*#
2026-06-06 17:23:17,415|line:519| https://t.bilibili.com/1210648991827492886
2026-06-06 17:23:19,719|line:346| Expecting value: line 1 column 1 (char 0)
2026-06-06 17:23:19,719|line:347| error line:319
2026-06-06 17:23:19,720|line:533| *#*#*#*#*#*#*#*#*#*原动态处理失败*#*#*#*#*#*#*#*#*#
2026-06-06 17:23:19,721|line:519| https://t.bilibili.com/1210350719253610530
2026-06-06 17:23:24,070|line:346| Expecting value: line 1 column 1 (char 0)
2026-06-06 17:23:24,070|line:347| error line:319
2026-06-06 17:23:24,071|line:533| *#*#*#*#*#*#*#*#*#*原动态处理失败*#*#*#*#*#*#*#*#*#
2026-06-06 17:23:24,071|line:519| https://t.bilibili.com/1210709052687908865
2026-06-06 17:23:25,427|line:346| Expecting value: line 1 column 1 (char 0)
2026-06-06 17:23:25,427|line:347| error line:319
2026-06-06 17:23:25,428|line:533| *#*#*#*#*#*#*#*#*#*原动态处理失败*#*#*#*#*#*#*#*#*#
2026-06-06 17:23:25,428|line:519| https://t.bilibili.com/1210714520136187937
2026-06-06 17:23:27,731|line:346| Expecting value: line 1 column 1 (char 0)
2026-06-06 17:23:27,731|line:347| error line:319
2026-06-06 17:23:27,732|line:533| *#*#*#*#*#*#*#*#*#*原动态处理失败*#*#*#*#*#*#*#*#*#
2026-06-06 17:23:27,732|line:519| https://t.bilibili.com/1210641909456830481
2026-06-06 17:23:29,145|line:346| Expecting value: line 1 column 1 (char 0)
2026-06-06 17:23:29,145|line:347| error line:319
2026-06-06 17:23:29,146|line:533| *#*#*#*#*#*#*#*#*#*原动态处理失败*#*#*#*#*#*#*#*#*#
2026-06-06 17:23:29,146|line:519| https://t.bilibili.com/1210649921676378145
2026-06-06 17:23:32,489|line:346| Expecting value: line 1 column 1 (char 0)
2026-06-06 17:23:32,489|line:347| error line:319
2026-06-06 17:23:32,490|line:533| *#*#*#*#*#*#*#*#*#*原动态处理失败*#*#*#*#*#*#*#*#*#
2026-06-06 17:23:32,490|line:519| https://t.bilibili.com/1205282773769650183
2026-06-06 17:23:34,951|line:346| Expecting value: line 1 column 1 (char 0)
2026-06-06 17:23:34,951|line:347| error line:319
2026-06-06 17:23:34,952|line:533| *#*#*#*#*#*#*#*#*#*原动态处理失败*#*#*#*#*#*#*#*#*#
2026-06-06 17:23:34,952|line:519| https://t.bilibili.com/1210368238439890947
2026-06-06 17:23:36,277|line:346| Expecting value: line 1 column 1 (char 0)
2026-06-06 17:23:36,277|line:347| error line:319
2026-06-06 17:23:36,278|line:533| *#*#*#*#*#*#*#*#*#*原动态处理失败*#*#*#*#*#*#*#*#*#
2026-06-06 17:23:36,278|line:519| https://t.bilibili.com/1210649919550914561
2026-06-06 17:23:38,643|line:346| Expecting value: line 1 column 1 (char 0)
2026-06-06 17:23:38,643|line:347| error line:319
2026-06-06 17:23:38,644|line:533| *#*#*#*#*#*#*#*#*#*原动态处理失败*#*#*#*#*#*#*#*#*#
2026-06-06 17:23:38,644|line:519| https://t.bilibili.com/1210722740748681239
2026-06-06 17:23:41,006|line:346| Expecting value: line 1 column 1 (char 0)
2026-06-06 17:23:41,006|line:347| error line:319
2026-06-06 17:23:41,007|line:533| *#*#*#*#*#*#*#*#*#*原动态处理失败*#*#*#*#*#*#*#*#*#
2026-06-06 17:23:41,007|line:519| https://t.bilibili.com/1210391959531683844
2026-06-06 17:23:44,355|line:346| Expecting value: line 1 column 1 (char 0)
2026-06-06 17:23:44,356|line:347| error line:319
2026-06-06 17:23:44,357|line:533| *#*#*#*#*#*#*#*#*#*原动态处理失败*#*#*#*#*#*#*#*#*#
2026-06-06 17:23:44,357|line:519| https://t.bilibili.com/1210742763877826595
2026-06-06 17:23:45,673|line:346| Expecting value: line 1 column 1 (char 0)
2026-06-06 17:23:45,673|line:347| error line:319
2026-06-06 17:23:45,674|line:533| *#*#*#*#*#*#*#*#*#*原动态处理失败*#*#*#*#*#*#*#*#*#
2026-06-06 17:23:45,674|line:519| https://t.bilibili.com/1210728777314729990
2026-06-06 17:23:47,039|line:346| Expecting value: line 1 column 1 (char 0)
2026-06-06 17:23:47,040|line:347| error line:319
2026-06-06 17:23:47,041|line:533| *#*#*#*#*#*#*#*#*#*原动态处理失败*#*#*#*#*#*#*#*#*#
2026-06-06 17:23:47,041|line:519| https://t.bilibili.com/1210694445491552262
2026-06-06 17:23:49,552|line:346| Expecting value: line 1 column 1 (char 0)
2026-06-06 17:23:49,552|line:347| error line:319
2026-06-06 17:23:49,553|line:533| *#*#*#*#*#*#*#*#*#*原动态处理失败*#*#*#*#*#*#*#*#*#
2026-06-06 17:23:49,553|line:519| https://t.bilibili.com/1210646277401870355
2026-06-06 17:23:52,015|line:346| Expecting value: line 1 column 1 (char 0)
2026-06-06 17:23:52,015|line:347| error line:319
2026-06-06 17:23:52,016|line:533| *#*#*#*#*#*#*#*#*#*原动态处理失败*#*#*#*#*#*#*#*#*#
2026-06-06 17:23:52,016|line:519| https://t.bilibili.com/1210649919534137348
2026-06-06 17:23:53,525|line:346| Expecting value: line 1 column 1 (char 0)
2026-06-06 17:23:53,525|line:347| error line:319
2026-06-06 17:23:53,526|line:533| *#*#*#*#*#*#*#*#*#*原动态处理失败*#*#*#*#*#*#*#*#*#
2026-06-06 17:23:53,526|line:519| https://t.bilibili.com/1210696307328417796
2026-06-06 17:23:56,823|line:346| Expecting value: line 1 column 1 (char 0)
2026-06-06 17:23:56,823|line:347| error line:319
2026-06-06 17:23:56,824|line:533| *#*#*#*#*#*#*#*#*#*原动态处理失败*#*#*#*#*#*#*#*#*#
2026-06-06 17:23:56,824|line:519| https://t.bilibili.com/1210634459795161092
2026-06-06 17:24:01,183|line:346| Expecting value: line 1 column 1 (char 0)
2026-06-06 17:24:01,183|line:347| error line:319
2026-06-06 17:24:01,184|line:533| *#*#*#*#*#*#*#*#*#*原动态处理失败*#*#*#*#*#*#*#*#*#
2026-06-06 17:24:01,184|line:519| https://t.bilibili.com/1210495524047683593
2026-06-06 17:24:02,496|line:346| Expecting value: line 1 column 1 (char 0)
2026-06-06 17:24:02,496|line:347| error line:319
2026-06-06 17:24:02,497|line:533| *#*#*#*#*#*#*#*#*#*原动态处理失败*#*#*#*#*#*#*#*#*#
2026-06-06 17:24:02,497|line:519| https://t.bilibili.com/1210649921713078291
2026-06-06 17:24:06,844|line:346| Expecting value: line 1 column 1 (char 0)
2026-06-06 17:24:06,844|line:347| error line:319
2026-06-06 17:24:06,845|line:533| *#*#*#*#*#*#*#*#*#*原动态处理失败*#*#*#*#*#*#*#*#*#
2026-06-06 17:24:06,845|line:519| https://t.bilibili.com/1210495867679670273
2026-06-06 17:24:09,136|line:346| Expecting value: line 1 column 1 (char 0)
2026-06-06 17:24:09,136|line:347| error line:319
2026-06-06 17:24:09,137|line:533| *#*#*#*#*#*#*#*#*#*原动态处理失败*#*#*#*#*#*#*#*#*#
2026-06-06 17:24:09,137|line:519| https://t.bilibili.com/1210737115955986433
2026-06-06 17:24:12,479|line:346| Expecting value: line 1 column 1 (char 0)
2026-06-06 17:24:12,480|line:347| error line:319
2026-06-06 17:24:12,480|line:533| *#*#*#*#*#*#*#*#*#*原动态处理失败*#*#*#*#*#*#*#*#*#
2026-06-06 17:24:12,481|line:552| 执行结束
2026-06-06 17:24:12,481|line:556| 执行失败，错误数量为38
2026-06-06 17:24:12,481|line:558| ==================================================2026-06-07 01:24==================================================
2026-06-06 17:24:12,481|line:232| processing article 50140262
2026-06-06 17:24:16,823|line:507| ==================================================2026-06-07 01:24==================================================
2026-06-06 17:24:16,823|line:519| https://t.bilibili.com/1203368485370986504
2026-06-06 17:24:19,176|line:346| Expecting value: line 1 column 1 (char 0)
2026-06-06 17:24:19,176|line:347| error line:319
2026-06-06 17:24:19,177|line:533| *#*#*#*#*#*#*#*#*#*原动态处理失败*#*#*#*#*#*#*#*#*#
2026-06-06 17:24:19,178|line:519| https://t.bilibili.com/1179220783407300610
2026-06-06 17:24:21,523|line:346| Expecting value: line 1 column 1 (char 0)
2026-06-06 17:24:21,523|line:347| error line:319
2026-06-06 17:24:21,524|line:533| *#*#*#*#*#*#*#*#*#*原动态处理失败*#*#*#*#*#*#*#*#*#
2026-06-06 17:24:21,524|line:519| https://t.bilibili.com/1208539694736867331
2026-06-06 17:24:23,873|line:346| Expecting value: line 1 column 1 (char 0)
2026-06-06 17:24:23,873|line:347| error line:319
2026-06-06 17:24:23,874|line:533| *#*#*#*#*#*#*#*#*#*原动态处理失败*#*#*#*#*#*#*#*#*#
2026-06-06 17:24:23,874|line:519| https://t.bilibili.com/1209181075121635333
2026-06-06 17:24:25,220|line:346| Expecting value: line 1 column 1 (char 0)
2026-06-06 17:24:25,220|line:347| error line:319
2026-06-06 17:24:25,221|line:533| *#*#*#*#*#*#*#*#*#*原动态处理失败*#*#*#*#*#*#*#*#*#
2026-06-06 17:24:25,222|line:519| https://t.bilibili.com/1208853476492181506
2026-06-06 17:24:28,524|line:346| Expecting value: line 1 column 1 (char 0)
2026-06-06 17:24:28,525|line:347| error line:319
2026-06-06 17:24:28,526|line:533| *#*#*#*#*#*#*#*#*#*原动态处理失败*#*#*#*#*#*#*#*#*#
2026-06-06 17:24:28,526|line:519| https://t.bilibili.com/1199896210470600740
2026-06-06 17:24:29,869|line:346| Expecting value: line 1 column 1 (char 0)
2026-06-06 17:24:29,869|line:347| error line:319
2026-06-06 17:24:29,870|line:533| *#*#*#*#*#*#*#*#*#*原动态处理失败*#*#*#*#*#*#*#*#*#
2026-06-06 17:24:29,870|line:519| https://t.bilibili.com/1208451995793358872
2026-06-06 17:24:33,191|line:346| Expecting value: line 1 column 1 (char 0)
2026-06-06 17:24:33,192|line:347| error line:319
2026-06-06 17:24:33,193|line:533| *#*#*#*#*#*#*#*#*#*原动态处理失败*#*#*#*#*#*#*#*#*#
2026-06-06 17:24:33,193|line:519| https://t.bilibili.com/1206976004501798921
2026-06-06 17:24:34,545|line:346| Expecting value: line 1 column 1 (char 0)
2026-06-06 17:24:34,545|line:347| error line:319
2026-06-06 17:24:34,546|line:533| *#*#*#*#*#*#*#*#*#*原动态处理失败*#*#*#*#*#*#*#*#*#
2026-06-06 17:24:34,546|line:519| https://t.bilibili.com/1201479863740923906
2026-06-06 17:24:35,833|line:346| Expecting value: line 1 column 1 (char 0)
2026-06-06 17:24:35,833|line:347| error line:319
2026-06-06 17:24:35,834|line:533| *#*#*#*#*#*#*#*#*#*原动态处理失败*#*#*#*#*#*#*#*#*#
2026-06-06 17:24:35,834|line:519| https://t.bilibili.com/1209212028903751696
2026-06-06 17:24:40,185|line:346| Expecting value: line 1 column 1 (char 0)
2026-06-06 17:24:40,185|line:347| error line:319
2026-06-06 17:24:40,186|line:533| *#*#*#*#*#*#*#*#*#*原动态处理失败*#*#*#*#*#*#*#*#*#
2026-06-06 17:24:40,187|line:519| https://t.bilibili.com/1208809964145999875
2026-06-06 17:24:42,531|line:346| Expecting value: line 1 column 1 (char 0)
2026-06-06 17:24:42,531|line:347| error line:319
2026-06-06 17:24:42,532|line:533| *#*#*#*#*#*#*#*#*#*原动态处理失败*#*#*#*#*#*#*#*#*#
2026-06-06 17:24:42,532|line:519| https://t.bilibili.com/1205282773769650183
2026-06-06 17:24:44,888|line:346| Expecting value: line 1 column 1 (char 0)
2026-06-06 17:24:44,888|line:347| error line:319
2026-06-06 17:24:44,890|line:533| *#*#*#*#*#*#*#*#*#*原动态处理失败*#*#*#*#*#*#*#*#*#
2026-06-06 17:24:44,890|line:519| https://t.bilibili.com/1208483967571853318
2026-06-06 17:24:47,232|line:346| Expecting value: line 1 column 1 (char 0)
2026-06-06 17:24:47,232|line:347| error line:319
2026-06-06 17:24:47,233|line:533| *#*#*#*#*#*#*#*#*#*原动态处理失败*#*#*#*#*#*#*#*#*#
2026-06-06 17:24:47,233|line:519| https://t.bilibili.com/1196673726570037268
2026-06-06 17:24:50,520|line:346| Expecting value: line 1 column 1 (char 0)
2026-06-06 17:24:50,520|line:347| error line:319
2026-06-06 17:24:50,521|line:533| *#*#*#*#*#*#*#*#*#*原动态处理失败*#*#*#*#*#*#*#*#*#
2026-06-06 17:24:50,521|line:519| https://t.bilibili.com/1208892208455876608
2026-06-06 17:24:52,817|line:346| Expecting value: line 1 column 1 (char 0)
2026-06-06 17:24:52,817|line:347| error line:319
2026-06-06 17:24:52,818|line:533| *#*#*#*#*#*#*#*#*#*原动态处理失败*#*#*#*#*#*#*#*#*#
2026-06-06 17:24:52,819|line:519| https://t.bilibili.com/1207325709378257047
2026-06-06 17:24:57,166|line:346| Expecting value: line 1 column 1 (char 0)
2026-06-06 17:24:57,166|line:347| error line:319
2026-06-06 17:24:57,167|line:533| *#*#*#*#*#*#*#*#*#*原动态处理失败*#*#*#*#*#*#*#*#*#
2026-06-06 17:24:57,167|line:519| https://t.bilibili.com/1210070743222583335
2026-06-06 17:25:01,514|line:346| Expecting value: line 1 column 1 (char 0)
2026-06-06 17:25:01,514|line:347| error line:319
2026-06-06 17:25:01,515|line:533| *#*#*#*#*#*#*#*#*#*原动态处理失败*#*#*#*#*#*#*#*#*#
2026-06-06 17:25:01,515|line:519| https://t.bilibili.com/1199610221533593601
2026-06-06 17:25:02,859|line:346| Expecting value: line 1 column 1 (char 0)
2026-06-06 17:25:02,859|line:347| error line:319
2026-06-06 17:25:02,859|line:533| *#*#*#*#*#*#*#*#*#*原动态处理失败*#*#*#*#*#*#*#*#*#
2026-06-06 17:25:02,860|line:519| https://t.bilibili.com/1209290476522307603
2026-06-06 17:25:04,155|line:346| Expecting value: line 1 column 1 (char 0)
2026-06-06 17:25:04,155|line:347| error line:319
2026-06-06 17:25:04,156|line:533| *#*#*#*#*#*#*#*#*#*原动态处理失败*#*#*#*#*#*#*#*#*#
2026-06-06 17:25:04,156|line:519| https://t.bilibili.com/1199728620876070920
2026-06-06 17:25:05,502|line:346| Expecting value: line 1 column 1 (char 0)
2026-06-06 17:25:05,502|line:347| error line:319
2026-06-06 17:25:05,503|line:533| *#*#*#*#*#*#*#*#*#*原动态处理失败*#*#*#*#*#*#*#*#*#
2026-06-06 17:25:05,503|line:519| https://t.bilibili.com/1207104222185652247
2026-06-06 17:25:09,810|line:346| Expecting value: line 1 column 1 (char 0)
2026-06-06 17:25:09,810|line:347| error line:319
2026-06-06 17:25:09,811|line:533| *#*#*#*#*#*#*#*#*#*原动态处理失败*#*#*#*#*#*#*#*#*#
2026-06-06 17:25:09,811|line:519| https://t.bilibili.com/1208556385012285480
2026-06-06 17:25:13,164|line:346| Expecting value: line 1 column 1 (char 0)
2026-06-06 17:25:13,165|line:347| error line:319
2026-06-06 17:25:13,166|line:533| *#*#*#*#*#*#*#*#*#*原动态处理失败*#*#*#*#*#*#*#*#*#
2026-06-06 17:25:13,166|line:519| https://t.bilibili.com/1209525574396018713
2026-06-06 17:25:17,527|line:346| Expecting value: line 1 column 1 (char 0)
2026-06-06 17:25:17,527|line:347| error line:319
2026-06-06 17:25:17,528|line:533| *#*#*#*#*#*#*#*#*#*原动态处理失败*#*#*#*#*#*#*#*#*#
2026-06-06 17:25:17,529|line:519| https://t.bilibili.com/1208166406225395715
2026-06-06 17:25:19,819|line:346| Expecting value: line 1 column 1 (char 0)
2026-06-06 17:25:19,819|line:347| error line:319
2026-06-06 17:25:19,820|line:533| *#*#*#*#*#*#*#*#*#*原动态处理失败*#*#*#*#*#*#*#*#*#
2026-06-06 17:25:19,820|line:552| 执行结束
2026-06-06 17:25:19,821|line:556| 执行失败，错误数量为24
2026-06-06 17:25:19,821|line:558| ==================================================2026-06-07 01:25==================================================
2026-06-06 17:25:19,821|line:232| processing article 50140035
2026-06-06 17:25:22,180|line:507| ==================================================2026-06-07 01:25==================================================
2026-06-06 17:25:22,180|line:519| https://t.bilibili.com/1179220783407300610
2026-06-06 17:25:25,521|line:346| Expecting value: line 1 column 1 (char 0)
2026-06-06 17:25:25,522|line:347| error line:319
2026-06-06 17:25:25,523|line:533| *#*#*#*#*#*#*#*#*#*原动态处理失败*#*#*#*#*#*#*#*#*#
2026-06-06 17:25:25,523|line:519| https://t.bilibili.com/1210300167504265217
2026-06-06 17:25:27,872|line:346| Expecting value: line 1 column 1 (char 0)
2026-06-06 17:25:27,872|line:347| error line:319
2026-06-06 17:25:27,873|line:533| *#*#*#*#*#*#*#*#*#*原动态处理失败*#*#*#*#*#*#*#*#*#
2026-06-06 17:25:27,874|line:519| https://t.bilibili.com/1209248707940188169
2026-06-06 17:25:32,241|line:346| Expecting value: line 1 column 1 (char 0)
2026-06-06 17:25:32,241|line:347| error line:319
2026-06-06 17:25:32,242|line:533| *#*#*#*#*#*#*#*#*#*原动态处理失败*#*#*#*#*#*#*#*#*#
2026-06-06 17:25:32,242|line:519| https://t.bilibili.com/1208451995793358872
2026-06-06 17:25:35,551|line:346| Expecting value: line 1 column 1 (char 0)
2026-06-06 17:25:35,551|line:347| error line:319
2026-06-06 17:25:35,551|line:533| *#*#*#*#*#*#*#*#*#*原动态处理失败*#*#*#*#*#*#*#*#*#
2026-06-06 17:25:35,552|line:519| https://t.bilibili.com/1209987300587470857
2026-06-06 17:25:38,847|line:346| Expecting value: line 1 column 1 (char 0)
2026-06-06 17:25:38,847|line:347| error line:319
2026-06-06 17:25:38,848|line:533| *#*#*#*#*#*#*#*#*#*原动态处理失败*#*#*#*#*#*#*#*#*#
2026-06-06 17:25:38,848|line:519| https://t.bilibili.com/1208472749059604486
2026-06-06 17:25:43,139|line:346| Expecting value: line 1 column 1 (char 0)
2026-06-06 17:25:43,139|line:347| error line:319
2026-06-06 17:25:43,140|line:533| *#*#*#*#*#*#*#*#*#*原动态处理失败*#*#*#*#*#*#*#*#*#
2026-06-06 17:25:43,140|line:519| https://t.bilibili.com/1206976004501798921
2026-06-06 17:25:45,482|line:346| Expecting value: line 1 column 1 (char 0)
2026-06-06 17:25:45,482|line:347| error line:319
2026-06-06 17:25:45,483|line:533| *#*#*#*#*#*#*#*#*#*原动态处理失败*#*#*#*#*#*#*#*#*#
2026-06-06 17:25:45,483|line:519| https://t.bilibili.com/1201479863740923906
2026-06-06 17:25:46,832|line:346| Expecting value: line 1 column 1 (char 0)
2026-06-06 17:25:46,832|line:347| error line:319
2026-06-06 17:25:46,833|line:533| *#*#*#*#*#*#*#*#*#*原动态处理失败*#*#*#*#*#*#*#*#*#
2026-06-06 17:25:46,833|line:519| https://t.bilibili.com/1207681255348371541
2026-06-06 17:25:51,178|line:346| Expecting value: line 1 column 1 (char 0)
2026-06-06 17:25:51,179|line:347| error line:319
2026-06-06 17:25:51,179|line:533| *#*#*#*#*#*#*#*#*#*原动态处理失败*#*#*#*#*#*#*#*#*#
2026-06-06 17:25:51,180|line:519| https://t.bilibili.com/1207325632025853960
2026-06-06 17:25:52,470|line:346| Expecting value: line 1 column 1 (char 0)
2026-06-06 17:25:52,470|line:347| error line:319
2026-06-06 17:25:52,471|line:533| *#*#*#*#*#*#*#*#*#*原动态处理失败*#*#*#*#*#*#*#*#*#
2026-06-06 17:25:52,471|line:519| https://t.bilibili.com/1205282773769650183
2026-06-06 17:25:56,835|line:346| Expecting value: line 1 column 1 (char 0)
2026-06-06 17:25:56,835|line:347| error line:319
2026-06-06 17:25:56,836|line:533| *#*#*#*#*#*#*#*#*#*原动态处理失败*#*#*#*#*#*#*#*#*#
2026-06-06 17:25:56,837|line:519| https://t.bilibili.com/1209616181072232450
2026-06-06 17:25:59,126|line:346| Expecting value: line 1 column 1 (char 0)
2026-06-06 17:25:59,127|line:347| error line:319
2026-06-06 17:25:59,127|line:533| *#*#*#*#*#*#*#*#*#*原动态处理失败*#*#*#*#*#*#*#*#*#
2026-06-06 17:25:59,128|line:519| https://t.bilibili.com/1208483967571853318
2026-06-06 17:26:01,479|line:346| Expecting value: line 1 column 1 (char 0)
2026-06-06 17:26:01,479|line:347| error line:319
2026-06-06 17:26:01,480|line:533| *#*#*#*#*#*#*#*#*#*原动态处理失败*#*#*#*#*#*#*#*#*#
2026-06-06 17:26:01,480|line:519| https://t.bilibili.com/1210294352086040632
2026-06-06 17:26:05,772|line:346| Expecting value: line 1 column 1 (char 0)
2026-06-06 17:26:05,772|line:347| error line:319
2026-06-06 17:26:05,773|line:533| *#*#*#*#*#*#*#*#*#*原动态处理失败*#*#*#*#*#*#*#*#*#
2026-06-06 17:26:05,773|line:519| https://t.bilibili.com/1196673726570037268
2026-06-06 17:26:08,116|line:346| Expecting value: line 1 column 1 (char 0)
2026-06-06 17:26:08,117|line:347| error line:319
2026-06-06 17:26:08,117|line:533| *#*#*#*#*#*#*#*#*#*原动态处理失败*#*#*#*#*#*#*#*#*#
2026-06-06 17:26:08,118|line:519| https://t.bilibili.com/1207294759805124624
2026-06-06 17:26:12,472|line:346| Expecting value: line 1 column 1 (char 0)
2026-06-06 17:26:12,472|line:347| error line:319
2026-06-06 17:26:12,473|line:533| *#*#*#*#*#*#*#*#*#*原动态处理失败*#*#*#*#*#*#*#*#*#
2026-06-06 17:26:12,473|line:519| https://t.bilibili.com/1204448682541318144
2026-06-06 17:26:14,819|line:346| Expecting value: line 1 column 1 (char 0)
2026-06-06 17:26:14,819|line:347| error line:319
2026-06-06 17:26:14,820|line:533| *#*#*#*#*#*#*#*#*#*原动态处理失败*#*#*#*#*#*#*#*#*#
2026-06-06 17:26:14,820|line:519| https://t.bilibili.com/1204805392446521395
2026-06-06 17:26:16,160|line:346| Expecting value: line 1 column 1 (char 0)
2026-06-06 17:26:16,160|line:347| error line:319
2026-06-06 17:26:16,161|line:533| *#*#*#*#*#*#*#*#*#*原动态处理失败*#*#*#*#*#*#*#*#*#
2026-06-06 17:26:16,161|line:519| https://t.bilibili.com/1210360683533697032
2026-06-06 17:26:17,480|line:346| Expecting value: line 1 column 1 (char 0)
2026-06-06 17:26:17,480|line:347| error line:319
2026-06-06 17:26:17,481|line:533| *#*#*#*#*#*#*#*#*#*原动态处理失败*#*#*#*#*#*#*#*#*#
2026-06-06 17:26:17,481|line:519| https://t.bilibili.com/1210070743222583335
2026-06-06 17:26:21,828|line:346| Expecting value: line 1 column 1 (char 0)
2026-06-06 17:26:21,828|line:347| error line:319
2026-06-06 17:26:21,829|line:533| *#*#*#*#*#*#*#*#*#*原动态处理失败*#*#*#*#*#*#*#*#*#
2026-06-06 17:26:21,829|line:519| https://t.bilibili.com/1207104222185652247
2026-06-06 17:26:26,178|line:346| Expecting value: line 1 column 1 (char 0)
2026-06-06 17:26:26,178|line:347| error line:319
2026-06-06 17:26:26,179|line:533| *#*#*#*#*#*#*#*#*#*原动态处理失败*#*#*#*#*#*#*#*#*#
2026-06-06 17:26:26,180|line:519| https://t.bilibili.com/1210017258000089105
2026-06-06 17:26:27,467|line:346| Expecting value: line 1 column 1 (char 0)
2026-06-06 17:26:27,467|line:347| error line:319
2026-06-06 17:26:27,468|line:533| *#*#*#*#*#*#*#*#*#*原动态处理失败*#*#*#*#*#*#*#*#*#
2026-06-06 17:26:27,468|line:552| 执行结束
2026-06-06 17:26:27,468|line:556| 执行失败，错误数量为22
2026-06-06 17:26:27,469|line:558| ==================================================2026-06-07 01:26==================================================
2026-06-06 17:26:27,469|line:232| processing article 50121632
2026-06-06 17:26:31,800|line:507| ==================================================2026-06-07 01:26==================================================
2026-06-06 17:26:31,800|line:519| https://t.bilibili.com/1204806290138726421
2026-06-06 17:26:35,144|line:346| Expecting value: line 1 column 1 (char 0)
2026-06-06 17:26:35,144|line:347| error line:319
2026-06-06 17:26:35,145|line:533| *#*#*#*#*#*#*#*#*#*原动态处理失败*#*#*#*#*#*#*#*#*#
2026-06-06 17:26:35,145|line:519| https://t.bilibili.com/1203991247050506296
2026-06-06 17:26:37,435|line:346| Expecting value: line 1 column 1 (char 0)
2026-06-06 17:26:37,435|line:347| error line:319
2026-06-06 17:26:37,436|line:533| *#*#*#*#*#*#*#*#*#*原动态处理失败*#*#*#*#*#*#*#*#*#
2026-06-06 17:26:37,436|line:519| https://t.bilibili.com/1202158880889503748
2026-06-06 17:26:38,805|line:346| Expecting value: line 1 column 1 (char 0)
2026-06-06 17:26:38,806|line:347| error line:319
2026-06-06 17:26:38,807|line:533| *#*#*#*#*#*#*#*#*#*原动态处理失败*#*#*#*#*#*#*#*#*#
2026-06-06 17:26:38,807|line:519| https://t.bilibili.com/1206211410128797719
2026-06-06 17:26:41,151|line:346| Expecting value: line 1 column 1 (char 0)
2026-06-06 17:26:41,152|line:347| error line:319
2026-06-06 17:26:41,153|line:533| *#*#*#*#*#*#*#*#*#*原动态处理失败*#*#*#*#*#*#*#*#*#
2026-06-06 17:26:41,153|line:519| https://t.bilibili.com/1199988406280519697
2026-06-06 17:26:45,519|line:346| Expecting value: line 1 column 1 (char 0)
2026-06-06 17:26:45,520|line:347| error line:319
2026-06-06 17:26:45,520|line:533| *#*#*#*#*#*#*#*#*#*原动态处理失败*#*#*#*#*#*#*#*#*#
2026-06-06 17:26:45,521|line:519| https://t.bilibili.com/1208032811313790981
2026-06-06 17:26:48,811|line:346| Expecting value: line 1 column 1 (char 0)
2026-06-06 17:26:48,811|line:347| error line:319
2026-06-06 17:26:48,812|line:533| *#*#*#*#*#*#*#*#*#*原动态处理失败*#*#*#*#*#*#*#*#*#
2026-06-06 17:26:48,812|line:519| https://t.bilibili.com/1203968161624358918
2026-06-06 17:26:50,160|line:346| Expecting value: line 1 column 1 (char 0)
2026-06-06 17:26:50,160|line:347| error line:319
2026-06-06 17:26:50,161|line:533| *#*#*#*#*#*#*#*#*#*原动态处理失败*#*#*#*#*#*#*#*#*#
2026-06-06 17:26:50,161|line:519| https://t.bilibili.com/1202164743489454082
2026-06-06 17:26:53,557|line:346| Expecting value: line 1 column 1 (char 0)
2026-06-06 17:26:53,558|line:347| error line:319
2026-06-06 17:26:53,558|line:533| *#*#*#*#*#*#*#*#*#*原动态处理失败*#*#*#*#*#*#*#*#*#
2026-06-06 17:26:53,559|line:519| https://t.bilibili.com/1201725286767394817
2026-06-06 17:26:54,904|line:346| Expecting value: line 1 column 1 (char 0)
2026-06-06 17:26:54,904|line:347| error line:319
2026-06-06 17:26:54,905|line:533| *#*#*#*#*#*#*#*#*#*原动态处理失败*#*#*#*#*#*#*#*#*#
2026-06-06 17:26:54,905|line:519| https://t.bilibili.com/1199603611582070784
2026-06-06 17:26:54,905|line:521| 已有
2026-06-06 17:26:54,905|line:519| https://t.bilibili.com/1204326254503788552
2026-06-06 17:26:56,249|line:346| Expecting value: line 1 column 1 (char 0)
2026-06-06 17:26:56,249|line:347| error line:319
2026-06-06 17:26:56,250|line:533| *#*#*#*#*#*#*#*#*#*原动态处理失败*#*#*#*#*#*#*#*#*#
2026-06-06 17:26:56,250|line:519| https://t.bilibili.com/1208451995793358872
2026-06-06 17:26:57,595|line:346| Expecting value: line 1 column 1 (char 0)
2026-06-06 17:26:57,595|line:347| error line:319
2026-06-06 17:26:57,596|line:533| *#*#*#*#*#*#*#*#*#*原动态处理失败*#*#*#*#*#*#*#*#*#
2026-06-06 17:26:57,596|line:519| https://t.bilibili.com/1210316131862052868
2026-06-06 17:27:01,945|line:346| Expecting value: line 1 column 1 (char 0)
2026-06-06 17:27:01,945|line:347| error line:319
2026-06-06 17:27:01,946|line:533| *#*#*#*#*#*#*#*#*#*原动态处理失败*#*#*#*#*#*#*#*#*#
2026-06-06 17:27:01,946|line:519| https://t.bilibili.com/1203591621852004359
2026-06-06 17:27:03,303|line:346| Expecting value: line 1 column 1 (char 0)
2026-06-06 17:27:03,303|line:347| error line:319
2026-06-06 17:27:03,304|line:533| *#*#*#*#*#*#*#*#*#*原动态处理失败*#*#*#*#*#*#*#*#*#
2026-06-06 17:27:03,304|line:519| https://t.bilibili.com/1200004415778455572
2026-06-06 17:27:07,623|line:346| Expecting value: line 1 column 1 (char 0)
2026-06-06 17:27:07,623|line:347| error line:319
2026-06-06 17:27:07,624|line:533| *#*#*#*#*#*#*#*#*#*原动态处理失败*#*#*#*#*#*#*#*#*#
2026-06-06 17:27:07,624|line:519| https://t.bilibili.com/1208848683290853397
2026-06-06 17:27:09,003|line:346| Expecting value: line 1 column 1 (char 0)
2026-06-06 17:27:09,003|line:347| error line:319
2026-06-06 17:27:09,004|line:533| *#*#*#*#*#*#*#*#*#*原动态处理失败*#*#*#*#*#*#*#*#*#
2026-06-06 17:27:09,004|line:519| https://t.bilibili.com/1200004701394829380
2026-06-06 17:27:11,315|line:346| Expecting value: line 1 column 1 (char 0)
2026-06-06 17:27:11,315|line:347| error line:319
2026-06-06 17:27:11,316|line:533| *#*#*#*#*#*#*#*#*#*原动态处理失败*#*#*#*#*#*#*#*#*#
2026-06-06 17:27:11,316|line:519| https://t.bilibili.com/1200462987284971571
2026-06-06 17:27:15,737|line:346| Expecting value: line 1 column 1 (char 0)
2026-06-06 17:27:15,738|line:347| error line:319
2026-06-06 17:27:15,739|line:533| *#*#*#*#*#*#*#*#*#*原动态处理失败*#*#*#*#*#*#*#*#*#
2026-06-06 17:27:15,739|line:519| https://t.bilibili.com/1207448197536940034
2026-06-06 17:27:18,080|line:346| Expecting value: line 1 column 1 (char 0)
2026-06-06 17:27:18,081|line:347| error line:319
2026-06-06 17:27:18,081|line:533| *#*#*#*#*#*#*#*#*#*原动态处理失败*#*#*#*#*#*#*#*#*#
2026-06-06 17:27:18,082|line:519| https://t.bilibili.com/1202581471299108867
2026-06-06 17:27:21,437|line:346| Expecting value: line 1 column 1 (char 0)
2026-06-06 17:27:21,437|line:347| error line:319
2026-06-06 17:27:21,438|line:533| *#*#*#*#*#*#*#*#*#*原动态处理失败*#*#*#*#*#*#*#*#*#
2026-06-06 17:27:21,438|line:519| https://t.bilibili.com/1208888433184866320
2026-06-06 17:27:24,812|line:346| Expecting value: line 1 column 1 (char 0)
2026-06-06 17:27:24,812|line:347| error line:319
2026-06-06 17:27:24,813|line:533| *#*#*#*#*#*#*#*#*#*原动态处理失败*#*#*#*#*#*#*#*#*#
2026-06-06 17:27:24,813|line:519| https://t.bilibili.com/1207736836533780518
2026-06-06 17:27:27,155|line:346| Expecting value: line 1 column 1 (char 0)
2026-06-06 17:27:27,155|line:347| error line:319
2026-06-06 17:27:27,156|line:533| *#*#*#*#*#*#*#*#*#*原动态处理失败*#*#*#*#*#*#*#*#*#
2026-06-06 17:27:27,156|line:519| https://t.bilibili.com/1208846565857296386
2026-06-06 17:27:28,505|line:346| Expecting value: line 1 column 1 (char 0)
2026-06-06 17:27:28,505|line:347| error line:319
2026-06-06 17:27:28,506|line:533| *#*#*#*#*#*#*#*#*#*原动态处理失败*#*#*#*#*#*#*#*#*#
2026-06-06 17:27:28,506|line:519| https://t.bilibili.com/1201479863740923906
2026-06-06 17:27:32,900|line:346| Expecting value: line 1 column 1 (char 0)
2026-06-06 17:27:32,901|line:347| error line:319
2026-06-06 17:27:32,902|line:533| *#*#*#*#*#*#*#*#*#*原动态处理失败*#*#*#*#*#*#*#*#*#
2026-06-06 17:27:32,902|line:519| https://t.bilibili.com/1204342459410153472
2026-06-06 17:27:35,308|line:346| Expecting value: line 1 column 1 (char 0)
2026-06-06 17:27:35,308|line:347| error line:319
2026-06-06 17:27:35,309|line:533| *#*#*#*#*#*#*#*#*#*原动态处理失败*#*#*#*#*#*#*#*#*#
2026-06-06 17:27:35,310|line:519| https://t.bilibili.com/1201048258177138688
2026-06-06 17:27:36,778|line:346| Expecting value: line 1 column 1 (char 0)
2026-06-06 17:27:36,778|line:347| error line:319
2026-06-06 17:27:36,779|line:533| *#*#*#*#*#*#*#*#*#*原动态处理失败*#*#*#*#*#*#*#*#*#
2026-06-06 17:27:36,779|line:519| https://t.bilibili.com/1209368490266329091
2026-06-06 17:27:38,227|line:346| Expecting value: line 1 column 1 (char 0)
2026-06-06 17:27:38,228|line:347| error line:319
2026-06-06 17:27:38,229|line:533| *#*#*#*#*#*#*#*#*#*原动态处理失败*#*#*#*#*#*#*#*#*#
2026-06-06 17:27:38,229|line:519| https://t.bilibili.com/1208807859623559187
2026-06-06 17:27:40,571|line:346| Expecting value: line 1 column 1 (char 0)
2026-06-06 17:27:40,571|line:347| error line:319
2026-06-06 17:27:40,572|line:533| *#*#*#*#*#*#*#*#*#*原动态处理失败*#*#*#*#*#*#*#*#*#
2026-06-06 17:27:40,572|line:519| https://t.bilibili.com/1208871244763496500
2026-06-06 17:27:41,864|line:346| Expecting value: line 1 column 1 (char 0)
2026-06-06 17:27:41,864|line:347| error line:319
2026-06-06 17:27:41,865|line:533| *#*#*#*#*#*#*#*#*#*原动态处理失败*#*#*#*#*#*#*#*#*#
2026-06-06 17:27:41,865|line:519| https://t.bilibili.com/1209960843569004568
2026-06-06 17:27:45,336|line:346| Expecting value: line 1 column 1 (char 0)
2026-06-06 17:27:45,336|line:347| error line:319
2026-06-06 17:27:45,337|line:533| *#*#*#*#*#*#*#*#*#*原动态处理失败*#*#*#*#*#*#*#*#*#
2026-06-06 17:27:45,338|line:519| https://t.bilibili.com/1209712753403494441
2026-06-06 17:27:46,679|line:346| Expecting value: line 1 column 1 (char 0)
2026-06-06 17:27:46,679|line:347| error line:319
2026-06-06 17:27:46,680|line:533| *#*#*#*#*#*#*#*#*#*原动态处理失败*#*#*#*#*#*#*#*#*#
2026-06-06 17:27:46,680|line:519| https://t.bilibili.com/1205282773769650183
2026-06-06 17:27:50,023|line:346| Expecting value: line 1 column 1 (char 0)
2026-06-06 17:27:50,023|line:347| error line:319
2026-06-06 17:27:50,023|line:533| *#*#*#*#*#*#*#*#*#*原动态处理失败*#*#*#*#*#*#*#*#*#
2026-06-06 17:27:50,024|line:519| https://t.bilibili.com/1207458857653108737
2026-06-06 17:27:53,481|line:346| Expecting value: line 1 column 1 (char 0)
2026-06-06 17:27:53,481|line:347| error line:319
2026-06-06 17:27:53,482|line:533| *#*#*#*#*#*#*#*#*#*原动态处理失败*#*#*#*#*#*#*#*#*#
2026-06-06 17:27:53,482|line:519| https://t.bilibili.com/1207687160897994753
2026-06-06 17:27:57,828|line:346| Expecting value: line 1 column 1 (char 0)
2026-06-06 17:27:57,828|line:347| error line:319
2026-06-06 17:27:57,829|line:533| *#*#*#*#*#*#*#*#*#*原动态处理失败*#*#*#*#*#*#*#*#*#
2026-06-06 17:27:57,829|line:519| https://t.bilibili.com/1200235538702925829
2026-06-06 17:28:01,140|line:346| Expecting value: line 1 column 1 (char 0)
2026-06-06 17:28:01,141|line:347| error line:319
2026-06-06 17:28:01,141|line:533| *#*#*#*#*#*#*#*#*#*原动态处理失败*#*#*#*#*#*#*#*#*#
2026-06-06 17:28:01,142|line:519| https://t.bilibili.com/1208776072560115716
2026-06-06 17:28:03,509|line:346| Expecting value: line 1 column 1 (char 0)
2026-06-06 17:28:03,509|line:347| error line:319
2026-06-06 17:28:03,510|line:533| *#*#*#*#*#*#*#*#*#*原动态处理失败*#*#*#*#*#*#*#*#*#
2026-06-06 17:28:03,510|line:519| https://t.bilibili.com/1199951989264351240
2026-06-06 17:28:05,860|line:346| Expecting value: line 1 column 1 (char 0)
2026-06-06 17:28:05,860|line:347| error line:319
2026-06-06 17:28:05,861|line:533| *#*#*#*#*#*#*#*#*#*原动态处理失败*#*#*#*#*#*#*#*#*#
2026-06-06 17:28:05,861|line:519| https://t.bilibili.com/1204310549977890816
2026-06-06 17:28:09,327|line:346| Expecting value: line 1 column 1 (char 0)
2026-06-06 17:28:09,328|line:347| error line:319
2026-06-06 17:28:09,329|line:533| *#*#*#*#*#*#*#*#*#*原动态处理失败*#*#*#*#*#*#*#*#*#
2026-06-06 17:28:09,329|line:519| https://t.bilibili.com/1200599698226806791
2026-06-06 17:28:13,838|line:346| Expecting value: line 1 column 1 (char 0)
2026-06-06 17:28:13,838|line:347| error line:319
2026-06-06 17:28:13,839|line:533| *#*#*#*#*#*#*#*#*#*原动态处理失败*#*#*#*#*#*#*#*#*#
2026-06-06 17:28:13,839|line:519| https://t.bilibili.com/1208841085466443784
2026-06-06 17:28:17,188|line:346| Expecting value: line 1 column 1 (char 0)
2026-06-06 17:28:17,188|line:347| error line:319
2026-06-06 17:28:17,189|line:533| *#*#*#*#*#*#*#*#*#*原动态处理失败*#*#*#*#*#*#*#*#*#
2026-06-06 17:28:17,189|line:519| https://t.bilibili.com/1202132801856471063
2026-06-06 17:28:21,538|line:346| Expecting value: line 1 column 1 (char 0)
2026-06-06 17:28:21,538|line:347| error line:319
2026-06-06 17:28:21,539|line:533| *#*#*#*#*#*#*#*#*#*原动态处理失败*#*#*#*#*#*#*#*#*#
2026-06-06 17:28:21,539|line:519| https://t.bilibili.com/1200984611015884824
2026-06-06 17:28:24,885|line:346| Expecting value: line 1 column 1 (char 0)
2026-06-06 17:28:24,886|line:347| error line:319
2026-06-06 17:28:24,887|line:533| *#*#*#*#*#*#*#*#*#*原动态处理失败*#*#*#*#*#*#*#*#*#
2026-06-06 17:28:24,887|line:519| https://t.bilibili.com/1203627149792116742
2026-06-06 17:28:27,237|line:346| Expecting value: line 1 column 1 (char 0)
2026-06-06 17:28:27,238|line:347| error line:319
2026-06-06 17:28:27,239|line:533| *#*#*#*#*#*#*#*#*#*原动态处理失败*#*#*#*#*#*#*#*#*#
2026-06-06 17:28:27,239|line:519| https://t.bilibili.com/1198710516065763344
2026-06-06 17:28:29,585|line:346| Expecting value: line 1 column 1 (char 0)
2026-06-06 17:28:29,585|line:347| error line:319
2026-06-06 17:28:29,586|line:533| *#*#*#*#*#*#*#*#*#*原动态处理失败*#*#*#*#*#*#*#*#*#
2026-06-06 17:28:29,586|line:519| https://t.bilibili.com/1199641634870919175
2026-06-06 17:28:29,586|line:521| 已有
2026-06-06 17:28:29,586|line:519| https://t.bilibili.com/1204450911637733383
2026-06-06 17:28:34,016|line:346| Expecting value: line 1 column 1 (char 0)
2026-06-06 17:28:34,016|line:347| error line:319
2026-06-06 17:28:34,017|line:533| *#*#*#*#*#*#*#*#*#*原动态处理失败*#*#*#*#*#*#*#*#*#
2026-06-06 17:28:34,017|line:519| https://t.bilibili.com/1210120959981256707
2026-06-06 17:28:36,378|line:346| Expecting value: line 1 column 1 (char 0)
2026-06-06 17:28:36,378|line:347| error line:319
2026-06-06 17:28:36,379|line:533| *#*#*#*#*#*#*#*#*#*原动态处理失败*#*#*#*#*#*#*#*#*#
2026-06-06 17:28:36,379|line:519| https://t.bilibili.com/1210391637423816709
2026-06-06 17:28:40,687|line:346| Expecting value: line 1 column 1 (char 0)
2026-06-06 17:28:40,687|line:347| error line:319
2026-06-06 17:28:40,688|line:533| *#*#*#*#*#*#*#*#*#*原动态处理失败*#*#*#*#*#*#*#*#*#
2026-06-06 17:28:40,688|line:519| https://t.bilibili.com/1200973027503767561
2026-06-06 17:28:43,032|line:346| Expecting value: line 1 column 1 (char 0)
2026-06-06 17:28:43,032|line:347| error line:319
2026-06-06 17:28:43,033|line:533| *#*#*#*#*#*#*#*#*#*原动态处理失败*#*#*#*#*#*#*#*#*#
2026-06-06 17:28:43,033|line:519| https://t.bilibili.com/1193649970858688515
2026-06-06 17:28:44,376|line:346| Expecting value: line 1 column 1 (char 0)
2026-06-06 17:28:44,376|line:347| error line:319
2026-06-06 17:28:44,377|line:533| *#*#*#*#*#*#*#*#*#*原动态处理失败*#*#*#*#*#*#*#*#*#
2026-06-06 17:28:44,377|line:519| https://t.bilibili.com/1200747988409909267
2026-06-06 17:28:47,668|line:346| Expecting value: line 1 column 1 (char 0)
2026-06-06 17:28:47,668|line:347| error line:319
2026-06-06 17:28:47,669|line:533| *#*#*#*#*#*#*#*#*#*原动态处理失败*#*#*#*#*#*#*#*#*#
2026-06-06 17:28:47,669|line:519| https://t.bilibili.com/1208581218458664964
2026-06-06 17:28:52,009|line:346| Expecting value: line 1 column 1 (char 0)
2026-06-06 17:28:52,009|line:347| error line:319
2026-06-06 17:28:52,010|line:533| *#*#*#*#*#*#*#*#*#*原动态处理失败*#*#*#*#*#*#*#*#*#
2026-06-06 17:28:52,011|line:519| https://t.bilibili.com/1202090470665093129
2026-06-06 17:28:53,307|line:346| Expecting value: line 1 column 1 (char 0)
2026-06-06 17:28:53,307|line:347| error line:319
2026-06-06 17:28:53,308|line:533| *#*#*#*#*#*#*#*#*#*原动态处理失败*#*#*#*#*#*#*#*#*#
2026-06-06 17:28:53,308|line:519| https://t.bilibili.com/1204424222716198921
2026-06-06 17:28:56,652|line:346| Expecting value: line 1 column 1 (char 0)
2026-06-06 17:28:56,652|line:347| error line:319
2026-06-06 17:28:56,653|line:533| *#*#*#*#*#*#*#*#*#*原动态处理失败*#*#*#*#*#*#*#*#*#
2026-06-06 17:28:56,653|line:519| https://t.bilibili.com/1207458428145893411
2026-06-06 17:28:58,022|line:346| Expecting value: line 1 column 1 (char 0)
2026-06-06 17:28:58,022|line:347| error line:319
2026-06-06 17:28:58,023|line:533| *#*#*#*#*#*#*#*#*#*原动态处理失败*#*#*#*#*#*#*#*#*#
2026-06-06 17:28:58,023|line:519| https://t.bilibili.com/1208776733981933569
2026-06-06 17:29:00,373|line:346| Expecting value: line 1 column 1 (char 0)
2026-06-06 17:29:00,374|line:347| error line:319
2026-06-06 17:29:00,375|line:533| *#*#*#*#*#*#*#*#*#*原动态处理失败*#*#*#*#*#*#*#*#*#
2026-06-06 17:29:00,375|line:519| https://t.bilibili.com/1200244235994923012
2026-06-06 17:29:04,727|line:346| Expecting value: line 1 column 1 (char 0)
2026-06-06 17:29:04,727|line:347| error line:319
2026-06-06 17:29:04,728|line:533| *#*#*#*#*#*#*#*#*#*原动态处理失败*#*#*#*#*#*#*#*#*#
2026-06-06 17:29:04,728|line:519| https://t.bilibili.com/1204341473759199257
2026-06-06 17:29:08,093|line:346| Expecting value: line 1 column 1 (char 0)
2026-06-06 17:29:08,093|line:347| error line:319
2026-06-06 17:29:08,094|line:533| *#*#*#*#*#*#*#*#*#*原动态处理失败*#*#*#*#*#*#*#*#*#
2026-06-06 17:29:08,094|line:519| https://t.bilibili.com/1200390754504015891
2026-06-06 17:29:09,385|line:346| Expecting value: line 1 column 1 (char 0)
2026-06-06 17:29:09,385|line:347| error line:319
2026-06-06 17:29:09,386|line:533| *#*#*#*#*#*#*#*#*#*原动态处理失败*#*#*#*#*#*#*#*#*#
2026-06-06 17:29:09,386|line:519| https://t.bilibili.com/1202597856563691523
2026-06-06 17:29:13,683|line:346| Expecting value: line 1 column 1 (char 0)
2026-06-06 17:29:13,684|line:347| error line:319
2026-06-06 17:29:13,685|line:533| *#*#*#*#*#*#*#*#*#*原动态处理失败*#*#*#*#*#*#*#*#*#
2026-06-06 17:29:13,685|line:552| 执行结束
2026-06-06 17:29:13,685|line:556| 执行失败，错误数量为58
2026-06-06 17:29:13,686|line:558| ==================================================2026-06-07 01:29==================================================
2026-06-06 17:29:13,686|line:232| processing article 50116747
2026-06-06 17:29:18,381|line:507| ==================================================2026-06-07 01:29==================================================
2026-06-06 17:29:18,381|line:519| https://t.bilibili.com/1210266597983256583
2026-06-06 17:29:21,670|line:346| Expecting value: line 1 column 1 (char 0)
2026-06-06 17:29:21,671|line:347| error line:319
2026-06-06 17:29:21,672|line:533| *#*#*#*#*#*#*#*#*#*原动态处理失败*#*#*#*#*#*#*#*#*#
2026-06-06 17:29:21,672|line:519| https://t.bilibili.com/1210299214024671234
2026-06-06 17:29:23,126|line:346| Expecting value: line 1 column 1 (char 0)
2026-06-06 17:29:23,127|line:347| error line:319
2026-06-06 17:29:23,127|line:533| *#*#*#*#*#*#*#*#*#*原动态处理失败*#*#*#*#*#*#*#*#*#
2026-06-06 17:29:23,128|line:519| https://t.bilibili.com/1210325222177112087
2026-06-06 17:29:26,478|line:346| Expecting value: line 1 column 1 (char 0)
2026-06-06 17:29:26,478|line:347| error line:319
2026-06-06 17:29:26,479|line:533| *#*#*#*#*#*#*#*#*#*原动态处理失败*#*#*#*#*#*#*#*#*#
2026-06-06 17:29:26,479|line:519| https://t.bilibili.com/1210298163883147271
2026-06-06 17:29:27,821|line:346| Expecting value: line 1 column 1 (char 0)
2026-06-06 17:29:27,821|line:347| error line:319
2026-06-06 17:29:27,822|line:533| *#*#*#*#*#*#*#*#*#*原动态处理失败*#*#*#*#*#*#*#*#*#
2026-06-06 17:29:27,822|line:519| https://t.bilibili.com/1210278946040446998
2026-06-06 17:29:31,164|line:346| Expecting value: line 1 column 1 (char 0)
2026-06-06 17:29:31,164|line:347| error line:319
2026-06-06 17:29:31,165|line:533| *#*#*#*#*#*#*#*#*#*原动态处理失败*#*#*#*#*#*#*#*#*#
2026-06-06 17:29:31,166|line:519| https://t.bilibili.com/1210383204205199384
2026-06-06 17:29:32,475|line:346| Expecting value: line 1 column 1 (char 0)
2026-06-06 17:29:32,475|line:347| error line:319
2026-06-06 17:29:32,476|line:533| *#*#*#*#*#*#*#*#*#*原动态处理失败*#*#*#*#*#*#*#*#*#
2026-06-06 17:29:32,476|line:519| https://t.bilibili.com/1210340684039454721
2026-06-06 17:29:36,821|line:346| Expecting value: line 1 column 1 (char 0)
2026-06-06 17:29:36,821|line:347| error line:319
2026-06-06 17:29:36,822|line:533| *#*#*#*#*#*#*#*#*#*原动态处理失败*#*#*#*#*#*#*#*#*#
2026-06-06 17:29:36,822|line:519| https://t.bilibili.com/1210005992312406036
2026-06-06 17:29:41,164|line:346| Expecting value: line 1 column 1 (char 0)
2026-06-06 17:29:41,164|line:347| error line:319
2026-06-06 17:29:41,165|line:533| *#*#*#*#*#*#*#*#*#*原动态处理失败*#*#*#*#*#*#*#*#*#
2026-06-06 17:29:41,165|line:519| https://t.bilibili.com/1210368062337843206
2026-06-06 17:29:44,511|line:346| Expecting value: line 1 column 1 (char 0)
2026-06-06 17:29:44,511|line:347| error line:319
2026-06-06 17:29:44,512|line:533| *#*#*#*#*#*#*#*#*#*原动态处理失败*#*#*#*#*#*#*#*#*#
2026-06-06 17:29:44,512|line:519| https://t.bilibili.com/1210319284386922514
2026-06-06 17:29:46,870|line:346| Expecting value: line 1 column 1 (char 0)
2026-06-06 17:29:46,870|line:347| error line:319
2026-06-06 17:29:46,871|line:533| *#*#*#*#*#*#*#*#*#*原动态处理失败*#*#*#*#*#*#*#*#*#
2026-06-06 17:29:46,871|line:519| https://t.bilibili.com/1210378752495714343
2026-06-06 17:29:51,218|line:346| Expecting value: line 1 column 1 (char 0)
2026-06-06 17:29:51,218|line:347| error line:319
2026-06-06 17:29:51,219|line:533| *#*#*#*#*#*#*#*#*#*原动态处理失败*#*#*#*#*#*#*#*#*#
2026-06-06 17:29:51,219|line:519| https://t.bilibili.com/1210120959981256707
2026-06-06 17:29:54,562|line:346| Expecting value: line 1 column 1 (char 0)
2026-06-06 17:29:54,563|line:347| error line:319
2026-06-06 17:29:54,563|line:533| *#*#*#*#*#*#*#*#*#*原动态处理失败*#*#*#*#*#*#*#*#*#
2026-06-06 17:29:54,564|line:519| https://t.bilibili.com/1210008253599055872
2026-06-06 17:29:56,909|line:346| Expecting value: line 1 column 1 (char 0)
2026-06-06 17:29:56,910|line:347| error line:319
2026-06-06 17:29:56,911|line:533| *#*#*#*#*#*#*#*#*#*原动态处理失败*#*#*#*#*#*#*#*#*#
2026-06-06 17:29:56,911|line:519| https://t.bilibili.com/1209999455312412705
2026-06-06 17:30:00,257|line:346| Expecting value: line 1 column 1 (char 0)
2026-06-06 17:30:00,258|line:347| error line:319
2026-06-06 17:30:00,258|line:533| *#*#*#*#*#*#*#*#*#*原动态处理失败*#*#*#*#*#*#*#*#*#
2026-06-06 17:30:00,259|line:519| https://t.bilibili.com/1210216989008592913
2026-06-06 17:30:04,545|line:346| Expecting value: line 1 column 1 (char 0)
2026-06-06 17:30:04,545|line:347| error line:319
2026-06-06 17:30:04,546|line:533| *#*#*#*#*#*#*#*#*#*原动态处理失败*#*#*#*#*#*#*#*#*#
2026-06-06 17:30:04,546|line:519| https://t.bilibili.com/1210070738883575844
2026-06-06 17:30:06,893|line:346| Expecting value: line 1 column 1 (char 0)
2026-06-06 17:30:06,894|line:347| error line:319
2026-06-06 17:30:06,895|line:533| *#*#*#*#*#*#*#*#*#*原动态处理失败*#*#*#*#*#*#*#*#*#
2026-06-06 17:30:06,895|line:519| https://t.bilibili.com/1210381131897110532
2026-06-06 17:30:11,252|line:346| Expecting value: line 1 column 1 (char 0)
2026-06-06 17:30:11,252|line:347| error line:319
2026-06-06 17:30:11,253|line:533| *#*#*#*#*#*#*#*#*#*原动态处理失败*#*#*#*#*#*#*#*#*#
2026-06-06 17:30:11,253|line:519| https://t.bilibili.com/1210278836546043910
2026-06-06 17:30:14,600|line:346| Expecting value: line 1 column 1 (char 0)
2026-06-06 17:30:14,601|line:347| error line:319
2026-06-06 17:30:14,602|line:533| *#*#*#*#*#*#*#*#*#*原动态处理失败*#*#*#*#*#*#*#*#*#
2026-06-06 17:30:14,602|line:519| https://t.bilibili.com/1210275978193928217
2026-06-06 17:30:15,948|line:346| Expecting value: line 1 column 1 (char 0)
2026-06-06 17:30:15,948|line:347| error line:319
2026-06-06 17:30:15,949|line:533| *#*#*#*#*#*#*#*#*#*原动态处理失败*#*#*#*#*#*#*#*#*#
2026-06-06 17:30:15,949|line:519| https://t.bilibili.com/1210366851146579969
2026-06-06 17:30:19,291|line:346| Expecting value: line 1 column 1 (char 0)
2026-06-06 17:30:19,291|line:347| error line:319
2026-06-06 17:30:19,292|line:533| *#*#*#*#*#*#*#*#*#*原动态处理失败*#*#*#*#*#*#*#*#*#
2026-06-06 17:30:19,292|line:519| https://t.bilibili.com/1208451995793358872
2026-06-06 17:30:23,637|line:346| Expecting value: line 1 column 1 (char 0)
2026-06-06 17:30:23,637|line:347| error line:319
2026-06-06 17:30:23,638|line:533| *#*#*#*#*#*#*#*#*#*原动态处理失败*#*#*#*#*#*#*#*#*#
2026-06-06 17:30:23,638|line:519| https://t.bilibili.com/1209972568875859969
2026-06-06 17:30:26,985|line:346| Expecting value: line 1 column 1 (char 0)
2026-06-06 17:30:26,986|line:347| error line:319
2026-06-06 17:30:26,986|line:533| *#*#*#*#*#*#*#*#*#*原动态处理失败*#*#*#*#*#*#*#*#*#
2026-06-06 17:30:26,987|line:519| https://t.bilibili.com/1210385255098220550
2026-06-06 17:30:28,331|line:346| Expecting value: line 1 column 1 (char 0)
2026-06-06 17:30:28,331|line:347| error line:319
2026-06-06 17:30:28,332|line:533| *#*#*#*#*#*#*#*#*#*原动态处理失败*#*#*#*#*#*#*#*#*#
2026-06-06 17:30:28,333|line:519| https://t.bilibili.com/1209279094867361846
2026-06-06 17:30:32,676|line:346| Expecting value: line 1 column 1 (char 0)
2026-06-06 17:30:32,676|line:347| error line:319
2026-06-06 17:30:32,677|line:533| *#*#*#*#*#*#*#*#*#*原动态处理失败*#*#*#*#*#*#*#*#*#
2026-06-06 17:30:32,677|line:519| https://t.bilibili.com/1210429287056801859
2026-06-06 17:30:34,043|line:346| Expecting value: line 1 column 1 (char 0)
2026-06-06 17:30:34,043|line:347| error line:319
2026-06-06 17:30:34,044|line:533| *#*#*#*#*#*#*#*#*#*原动态处理失败*#*#*#*#*#*#*#*#*#
2026-06-06 17:30:34,045|line:519| https://t.bilibili.com/1210359201783611400
2026-06-06 17:30:37,336|line:346| Expecting value: line 1 column 1 (char 0)
2026-06-06 17:30:37,337|line:347| error line:319
2026-06-06 17:30:37,337|line:533| *#*#*#*#*#*#*#*#*#*原动态处理失败*#*#*#*#*#*#*#*#*#
2026-06-06 17:30:37,338|line:519| https://t.bilibili.com/1209955650948300800
2026-06-06 17:30:38,685|line:346| Expecting value: line 1 column 1 (char 0)
2026-06-06 17:30:38,685|line:347| error line:319
2026-06-06 17:30:38,686|line:533| *#*#*#*#*#*#*#*#*#*原动态处理失败*#*#*#*#*#*#*#*#*#
2026-06-06 17:30:38,686|line:519| https://t.bilibili.com/1210338680467619840
2026-06-06 17:30:43,030|line:346| Expecting value: line 1 column 1 (char 0)
2026-06-06 17:30:43,030|line:347| error line:319
2026-06-06 17:30:43,031|line:533| *#*#*#*#*#*#*#*#*#*原动态处理失败*#*#*#*#*#*#*#*#*#
2026-06-06 17:30:43,031|line:519| https://t.bilibili.com/1210327986002198537
2026-06-06 17:30:46,444|line:346| Expecting value: line 1 column 1 (char 0)
2026-06-06 17:30:46,444|line:347| error line:319
2026-06-06 17:30:46,445|line:533| *#*#*#*#*#*#*#*#*#*原动态处理失败*#*#*#*#*#*#*#*#*#
2026-06-06 17:30:46,445|line:519| https://t.bilibili.com/1210340514380906505
2026-06-06 17:30:50,786|line:346| Expecting value: line 1 column 1 (char 0)
2026-06-06 17:30:50,786|line:347| error line:319
2026-06-06 17:30:50,787|line:533| *#*#*#*#*#*#*#*#*#*原动态处理失败*#*#*#*#*#*#*#*#*#
2026-06-06 17:30:50,787|line:519| https://t.bilibili.com/1210379338782867464
2026-06-06 17:30:53,097|line:346| Expecting value: line 1 column 1 (char 0)
2026-06-06 17:30:53,097|line:347| error line:319
2026-06-06 17:30:53,098|line:533| *#*#*#*#*#*#*#*#*#*原动态处理失败*#*#*#*#*#*#*#*#*#
2026-06-06 17:30:53,098|line:519| https://t.bilibili.com/1210357264750215174
2026-06-06 17:30:56,403|line:346| Expecting value: line 1 column 1 (char 0)
2026-06-06 17:30:56,403|line:347| error line:319
2026-06-06 17:30:56,404|line:533| *#*#*#*#*#*#*#*#*#*原动态处理失败*#*#*#*#*#*#*#*#*#
2026-06-06 17:30:56,404|line:519| https://t.bilibili.com/1205282773769650183
2026-06-06 17:31:00,751|line:346| Expecting value: line 1 column 1 (char 0)
2026-06-06 17:31:00,751|line:347| error line:319
2026-06-06 17:31:00,751|line:533| *#*#*#*#*#*#*#*#*#*原动态处理失败*#*#*#*#*#*#*#*#*#
2026-06-06 17:31:00,752|line:519| https://t.bilibili.com/1210363103750914057
2026-06-06 17:31:03,043|line:346| Expecting value: line 1 column 1 (char 0)
2026-06-06 17:31:03,044|line:347| error line:319
2026-06-06 17:31:03,045|line:533| *#*#*#*#*#*#*#*#*#*原动态处理失败*#*#*#*#*#*#*#*#*#
2026-06-06 17:31:03,045|line:519| https://t.bilibili.com/1210325222177112071
2026-06-06 17:31:04,341|line:346| Expecting value: line 1 column 1 (char 0)
2026-06-06 17:31:04,342|line:347| error line:319
2026-06-06 17:31:04,343|line:533| *#*#*#*#*#*#*#*#*#*原动态处理失败*#*#*#*#*#*#*#*#*#
2026-06-06 17:31:04,343|line:519| https://t.bilibili.com/1210016227219472389
2026-06-06 17:31:08,684|line:346| Expecting value: line 1 column 1 (char 0)
2026-06-06 17:31:08,684|line:347| error line:319
2026-06-06 17:31:08,685|line:533| *#*#*#*#*#*#*#*#*#*原动态处理失败*#*#*#*#*#*#*#*#*#
2026-06-06 17:31:08,685|line:519| https://t.bilibili.com/1210352643368550422
2026-06-06 17:31:09,994|line:346| Expecting value: line 1 column 1 (char 0)
2026-06-06 17:31:09,994|line:347| error line:319
2026-06-06 17:31:09,995|line:533| *#*#*#*#*#*#*#*#*#*原动态处理失败*#*#*#*#*#*#*#*#*#
2026-06-06 17:31:09,995|line:519| https://t.bilibili.com/1210004411726692354
2026-06-06 17:31:12,509|line:346| Expecting value: line 1 column 1 (char 0)
2026-06-06 17:31:12,509|line:347| error line:319
2026-06-06 17:31:12,510|line:533| *#*#*#*#*#*#*#*#*#*原动态处理失败*#*#*#*#*#*#*#*#*#
2026-06-06 17:31:12,511|line:519| https://t.bilibili.com/1210286567487176720
2026-06-06 17:31:15,869|line:346| Expecting value: line 1 column 1 (char 0)
2026-06-06 17:31:15,869|line:347| error line:319
2026-06-06 17:31:15,870|line:533| *#*#*#*#*#*#*#*#*#*原动态处理失败*#*#*#*#*#*#*#*#*#
2026-06-06 17:31:15,870|line:519| https://t.bilibili.com/1210294298423066663
2026-06-06 17:31:20,270|line:346| Expecting value: line 1 column 1 (char 0)
2026-06-06 17:31:20,270|line:347| error line:319
2026-06-06 17:31:20,271|line:533| *#*#*#*#*#*#*#*#*#*原动态处理失败*#*#*#*#*#*#*#*#*#
2026-06-06 17:31:20,271|line:519| https://t.bilibili.com/1210375943579762693
2026-06-06 17:31:24,613|line:346| Expecting value: line 1 column 1 (char 0)
2026-06-06 17:31:24,613|line:347| error line:319
2026-06-06 17:31:24,614|line:533| *#*#*#*#*#*#*#*#*#*原动态处理失败*#*#*#*#*#*#*#*#*#
2026-06-06 17:31:24,614|line:519| https://t.bilibili.com/1210283228103966738
2026-06-06 17:31:27,977|line:346| Expecting value: line 1 column 1 (char 0)
2026-06-06 17:31:27,978|line:347| error line:319
2026-06-06 17:31:27,979|line:533| *#*#*#*#*#*#*#*#*#*原动态处理失败*#*#*#*#*#*#*#*#*#
2026-06-06 17:31:27,979|line:519| https://t.bilibili.com/1210294298432503848
2026-06-06 17:31:30,345|line:346| Expecting value: line 1 column 1 (char 0)
2026-06-06 17:31:30,345|line:347| error line:319
2026-06-06 17:31:30,346|line:533| *#*#*#*#*#*#*#*#*#*原动态处理失败*#*#*#*#*#*#*#*#*#
2026-06-06 17:31:30,346|line:519| https://t.bilibili.com/1210334699005673491
2026-06-06 17:31:34,695|line:346| Expecting value: line 1 column 1 (char 0)
2026-06-06 17:31:34,695|line:347| error line:319
2026-06-06 17:31:34,696|line:533| *#*#*#*#*#*#*#*#*#*原动态处理失败*#*#*#*#*#*#*#*#*#
2026-06-06 17:31:34,697|line:519| https://t.bilibili.com/1210265580132630529
2026-06-06 17:31:38,206|line:346| Expecting value: line 1 column 1 (char 0)
2026-06-06 17:31:38,206|line:347| error line:319
2026-06-06 17:31:38,207|line:533| *#*#*#*#*#*#*#*#*#*原动态处理失败*#*#*#*#*#*#*#*#*#
2026-06-06 17:31:38,208|line:519| https://t.bilibili.com/1210316131862052868
2026-06-06 17:31:40,515|line:346| Expecting value: line 1 column 1 (char 0)
2026-06-06 17:31:40,515|line:347| error line:319
2026-06-06 17:31:40,516|line:533| *#*#*#*#*#*#*#*#*#*原动态处理失败*#*#*#*#*#*#*#*#*#
2026-06-06 17:31:40,516|line:519| https://t.bilibili.com/1208779033939017745
2026-06-06 17:31:42,878|line:346| Expecting value: line 1 column 1 (char 0)
2026-06-06 17:31:42,878|line:347| error line:319
2026-06-06 17:31:42,879|line:533| *#*#*#*#*#*#*#*#*#*原动态处理失败*#*#*#*#*#*#*#*#*#
2026-06-06 17:31:42,879|line:519| https://t.bilibili.com/1210362620598550544
2026-06-06 17:31:45,240|line:346| Expecting value: line 1 column 1 (char 0)
2026-06-06 17:31:45,240|line:347| error line:319
2026-06-06 17:31:45,241|line:533| *#*#*#*#*#*#*#*#*#*原动态处理失败*#*#*#*#*#*#*#*#*#
2026-06-06 17:31:45,241|line:519| https://t.bilibili.com/1210291830933946433
2026-06-06 17:31:49,606|line:346| Expecting value: line 1 column 1 (char 0)
2026-06-06 17:31:49,606|line:347| error line:319
2026-06-06 17:31:49,607|line:533| *#*#*#*#*#*#*#*#*#*原动态处理失败*#*#*#*#*#*#*#*#*#
2026-06-06 17:31:49,608|line:519| https://t.bilibili.com/1210263374631272485
2026-06-06 17:31:50,972|line:346| Expecting value: line 1 column 1 (char 0)
2026-06-06 17:31:50,972|line:347| error line:319
2026-06-06 17:31:50,973|line:533| *#*#*#*#*#*#*#*#*#*原动态处理失败*#*#*#*#*#*#*#*#*#
2026-06-06 17:31:50,973|line:519| https://t.bilibili.com/1210377429654175752
2026-06-06 17:31:55,431|line:346| Expecting value: line 1 column 1 (char 0)
2026-06-06 17:31:55,431|line:347| error line:319
2026-06-06 17:31:55,432|line:533| *#*#*#*#*#*#*#*#*#*原动态处理失败*#*#*#*#*#*#*#*#*#
2026-06-06 17:31:55,432|line:519| https://t.bilibili.com/1210356145913331751
2026-06-06 17:31:57,796|line:346| Expecting value: line 1 column 1 (char 0)
2026-06-06 17:31:57,796|line:347| error line:319
2026-06-06 17:31:57,797|line:533| *#*#*#*#*#*#*#*#*#*原动态处理失败*#*#*#*#*#*#*#*#*#
2026-06-06 17:31:57,798|line:519| https://t.bilibili.com/1210336477152542729
2026-06-06 17:32:02,149|line:346| Expecting value: line 1 column 1 (char 0)
2026-06-06 17:32:02,149|line:347| error line:319
2026-06-06 17:32:02,150|line:533| *#*#*#*#*#*#*#*#*#*原动态处理失败*#*#*#*#*#*#*#*#*#
2026-06-06 17:32:02,150|line:519| https://t.bilibili.com/1210263374647001090
2026-06-06 17:32:06,499|line:346| Expecting value: line 1 column 1 (char 0)
2026-06-06 17:32:06,499|line:347| error line:319
2026-06-06 17:32:06,500|line:533| *#*#*#*#*#*#*#*#*#*原动态处理失败*#*#*#*#*#*#*#*#*#
2026-06-06 17:32:06,500|line:519| https://t.bilibili.com/1210374594935914517
2026-06-06 17:32:08,956|line:346| Expecting value: line 1 column 1 (char 0)
2026-06-06 17:32:08,956|line:347| error line:319
2026-06-06 17:32:08,957|line:533| *#*#*#*#*#*#*#*#*#*原动态处理失败*#*#*#*#*#*#*#*#*#
2026-06-06 17:32:08,957|line:519| https://t.bilibili.com/1210264663160258582
2026-06-06 17:32:11,298|line:346| Expecting value: line 1 column 1 (char 0)
2026-06-06 17:32:11,298|line:347| error line:319
2026-06-06 17:32:11,299|line:533| *#*#*#*#*#*#*#*#*#*原动态处理失败*#*#*#*#*#*#*#*#*#
2026-06-06 17:32:11,299|line:519| https://t.bilibili.com/1210271105582891028
2026-06-06 17:32:14,756|line:346| Expecting value: line 1 column 1 (char 0)
2026-06-06 17:32:14,756|line:347| error line:319
2026-06-06 17:32:14,757|line:533| *#*#*#*#*#*#*#*#*#*原动态处理失败*#*#*#*#*#*#*#*#*#
2026-06-06 17:32:14,757|line:519| https://t.bilibili.com/1210360683533697032
2026-06-06 17:32:18,047|line:346| Expecting value: line 1 column 1 (char 0)
2026-06-06 17:32:18,047|line:347| error line:319
2026-06-06 17:32:18,048|line:533| *#*#*#*#*#*#*#*#*#*原动态处理失败*#*#*#*#*#*#*#*#*#
2026-06-06 17:32:18,048|line:519| https://t.bilibili.com/1210377502652891139
2026-06-06 17:32:21,455|line:346| Expecting value: line 1 column 1 (char 0)
2026-06-06 17:32:21,455|line:347| error line:319
2026-06-06 17:32:21,456|line:533| *#*#*#*#*#*#*#*#*#*原动态处理失败*#*#*#*#*#*#*#*#*#
2026-06-06 17:32:21,456|line:519| https://t.bilibili.com/1210377524143456261
2026-06-06 17:32:24,800|line:346| Expecting value: line 1 column 1 (char 0)
2026-06-06 17:32:24,800|line:347| error line:319
2026-06-06 17:32:24,801|line:533| *#*#*#*#*#*#*#*#*#*原动态处理失败*#*#*#*#*#*#*#*#*#
2026-06-06 17:32:24,802|line:519| https://t.bilibili.com/1210286567486128129
2026-06-06 17:32:26,131|line:346| Expecting value: line 1 column 1 (char 0)
2026-06-06 17:32:26,131|line:347| error line:319
2026-06-06 17:32:26,132|line:533| *#*#*#*#*#*#*#*#*#*原动态处理失败*#*#*#*#*#*#*#*#*#
2026-06-06 17:32:26,132|line:519| https://t.bilibili.com/1210333208674041874
2026-06-06 17:32:29,591|line:346| Expecting value: line 1 column 1 (char 0)
2026-06-06 17:32:29,591|line:347| error line:319
2026-06-06 17:32:29,592|line:533| *#*#*#*#*#*#*#*#*#*原动态处理失败*#*#*#*#*#*#*#*#*#
2026-06-06 17:32:29,592|line:519| https://t.bilibili.com/1210271039026626568
2026-06-06 17:32:30,943|line:346| Expecting value: line 1 column 1 (char 0)
2026-06-06 17:32:30,944|line:347| error line:319
2026-06-06 17:32:30,945|line:533| *#*#*#*#*#*#*#*#*#*原动态处理失败*#*#*#*#*#*#*#*#*#
2026-06-06 17:32:30,945|line:519| https://t.bilibili.com/1210376862728978439
2026-06-06 17:32:32,295|line:346| Expecting value: line 1 column 1 (char 0)
2026-06-06 17:32:32,295|line:347| error line:319
2026-06-06 17:32:32,296|line:533| *#*#*#*#*#*#*#*#*#*原动态处理失败*#*#*#*#*#*#*#*#*#
2026-06-06 17:32:32,296|line:519| https://t.bilibili.com/1210357153112522777
2026-06-06 17:32:35,644|line:346| Expecting value: line 1 column 1 (char 0)
2026-06-06 17:32:35,644|line:347| error line:319
2026-06-06 17:32:35,645|line:533| *#*#*#*#*#*#*#*#*#*原动态处理失败*#*#*#*#*#*#*#*#*#
2026-06-06 17:32:35,645|line:519| https://t.bilibili.com/1210405849426558985
2026-06-06 17:32:37,938|line:346| Expecting value: line 1 column 1 (char 0)
2026-06-06 17:32:37,938|line:347| error line:319
2026-06-06 17:32:37,939|line:533| *#*#*#*#*#*#*#*#*#*原动态处理失败*#*#*#*#*#*#*#*#*#
2026-06-06 17:32:37,939|line:519| https://t.bilibili.com/1210294298402095105
2026-06-06 17:32:42,229|line:346| Expecting value: line 1 column 1 (char 0)
2026-06-06 17:32:42,229|line:347| error line:319
2026-06-06 17:32:42,231|line:533| *#*#*#*#*#*#*#*#*#*原动态处理失败*#*#*#*#*#*#*#*#*#
2026-06-06 17:32:42,231|line:519| https://t.bilibili.com/1210247912764735508
2026-06-06 17:32:44,596|line:346| Expecting value: line 1 column 1 (char 0)
2026-06-06 17:32:44,596|line:347| error line:319
2026-06-06 17:32:44,597|line:533| *#*#*#*#*#*#*#*#*#*原动态处理失败*#*#*#*#*#*#*#*#*#
2026-06-06 17:32:44,597|line:519| https://t.bilibili.com/1209637168387981319
2026-06-06 17:32:47,942|line:346| Expecting value: line 1 column 1 (char 0)
2026-06-06 17:32:47,942|line:347| error line:319
2026-06-06 17:32:47,943|line:533| *#*#*#*#*#*#*#*#*#*原动态处理失败*#*#*#*#*#*#*#*#*#
2026-06-06 17:32:47,943|line:519| https://t.bilibili.com/1210273736243019776
2026-06-06 17:32:51,288|line:346| Expecting value: line 1 column 1 (char 0)
2026-06-06 17:32:51,288|line:347| error line:319
2026-06-06 17:32:51,289|line:533| *#*#*#*#*#*#*#*#*#*原动态处理失败*#*#*#*#*#*#*#*#*#
2026-06-06 17:32:51,289|line:519| https://t.bilibili.com/1210020109823770648
2026-06-06 17:32:55,579|line:346| Expecting value: line 1 column 1 (char 0)
2026-06-06 17:32:55,579|line:347| error line:319
2026-06-06 17:32:55,580|line:533| *#*#*#*#*#*#*#*#*#*原动态处理失败*#*#*#*#*#*#*#*#*#
2026-06-06 17:32:55,580|line:519| https://t.bilibili.com/1210407938929197081
2026-06-06 17:32:59,923|line:346| Expecting value: line 1 column 1 (char 0)
2026-06-06 17:32:59,923|line:347| error line:319
2026-06-06 17:32:59,924|line:533| *#*#*#*#*#*#*#*#*#*原动态处理失败*#*#*#*#*#*#*#*#*#
2026-06-06 17:32:59,924|line:519| https://t.bilibili.com/1210294298423066645
2026-06-06 17:33:02,270|line:346| Expecting value: line 1 column 1 (char 0)
2026-06-06 17:33:02,271|line:347| error line:319
2026-06-06 17:33:02,271|line:533| *#*#*#*#*#*#*#*#*#*原动态处理失败*#*#*#*#*#*#*#*#*#
2026-06-06 17:33:02,272|line:519| https://t.bilibili.com/1209997170427559945
2026-06-06 17:33:04,624|line:346| Expecting value: line 1 column 1 (char 0)
2026-06-06 17:33:04,624|line:347| error line:319
2026-06-06 17:33:04,625|line:533| *#*#*#*#*#*#*#*#*#*原动态处理失败*#*#*#*#*#*#*#*#*#
2026-06-06 17:33:04,625|line:519| https://t.bilibili.com/1210004665115082754
2026-06-06 17:33:05,967|line:346| Expecting value: line 1 column 1 (char 0)
2026-06-06 17:33:05,967|line:347| error line:319
2026-06-06 17:33:05,968|line:533| *#*#*#*#*#*#*#*#*#*原动态处理失败*#*#*#*#*#*#*#*#*#
2026-06-06 17:33:05,968|line:519| https://t.bilibili.com/1201479863740923906
2026-06-06 17:33:07,256|line:346| Expecting value: line 1 column 1 (char 0)
2026-06-06 17:33:07,257|line:347| error line:319
2026-06-06 17:33:07,257|line:533| *#*#*#*#*#*#*#*#*#*原动态处理失败*#*#*#*#*#*#*#*#*#
2026-06-06 17:33:07,258|line:519| https://t.bilibili.com/1210374680862523415
2026-06-06 17:33:09,559|line:346| Expecting value: line 1 column 1 (char 0)
2026-06-06 17:33:09,559|line:347| error line:319
2026-06-06 17:33:09,560|line:533| *#*#*#*#*#*#*#*#*#*原动态处理失败*#*#*#*#*#*#*#*#*#
2026-06-06 17:33:09,560|line:519| https://t.bilibili.com/1208807859623559187
2026-06-06 17:33:11,909|line:346| Expecting value: line 1 column 1 (char 0)
2026-06-06 17:33:11,910|line:347| error line:319
2026-06-06 17:33:11,910|line:533| *#*#*#*#*#*#*#*#*#*原动态处理失败*#*#*#*#*#*#*#*#*#
2026-06-06 17:33:11,911|line:519| https://t.bilibili.com/1210032088495947785
2026-06-06 17:33:14,250|line:346| Expecting value: line 1 column 1 (char 0)
2026-06-06 17:33:14,250|line:347| error line:319
2026-06-06 17:33:14,251|line:533| *#*#*#*#*#*#*#*#*#*原动态处理失败*#*#*#*#*#*#*#*#*#
2026-06-06 17:33:14,252|line:519| https://t.bilibili.com/1210354494527766548
2026-06-06 17:33:16,789|line:346| Expecting value: line 1 column 1 (char 0)
2026-06-06 17:33:16,789|line:347| error line:319
2026-06-06 17:33:16,790|line:533| *#*#*#*#*#*#*#*#*#*原动态处理失败*#*#*#*#*#*#*#*#*#
2026-06-06 17:33:16,790|line:519| https://t.bilibili.com/1209960843569004568
2026-06-06 17:33:20,086|line:346| Expecting value: line 1 column 1 (char 0)
2026-06-06 17:33:20,086|line:347| error line:319
2026-06-06 17:33:20,087|line:533| *#*#*#*#*#*#*#*#*#*原动态处理失败*#*#*#*#*#*#*#*#*#
2026-06-06 17:33:20,088|line:519| https://t.bilibili.com/1210367589858934857
2026-06-06 17:33:24,430|line:346| Expecting value: line 1 column 1 (char 0)
2026-06-06 17:33:24,430|line:347| error line:319
2026-06-06 17:33:24,431|line:533| *#*#*#*#*#*#*#*#*#*原动态处理失败*#*#*#*#*#*#*#*#*#
2026-06-06 17:33:24,431|line:519| https://t.bilibili.com/1210281188001841170
2026-06-06 17:33:27,773|line:346| Expecting value: line 1 column 1 (char 0)
2026-06-06 17:33:27,773|line:347| error line:319
2026-06-06 17:33:27,774|line:533| *#*#*#*#*#*#*#*#*#*原动态处理失败*#*#*#*#*#*#*#*#*#
2026-06-06 17:33:27,774|line:519| https://t.bilibili.com/1210271850767056903
2026-06-06 17:33:31,118|line:346| Expecting value: line 1 column 1 (char 0)
2026-06-06 17:33:31,118|line:347| error line:319
2026-06-06 17:33:31,119|line:533| *#*#*#*#*#*#*#*#*#*原动态处理失败*#*#*#*#*#*#*#*#*#
2026-06-06 17:33:31,119|line:519| https://t.bilibili.com/1209988558979334144
2026-06-06 17:33:32,462|line:346| Expecting value: line 1 column 1 (char 0)
2026-06-06 17:33:32,462|line:347| error line:319
2026-06-06 17:33:32,462|line:533| *#*#*#*#*#*#*#*#*#*原动态处理失败*#*#*#*#*#*#*#*#*#
2026-06-06 17:33:32,463|line:519| https://t.bilibili.com/1210264663122509856
2026-06-06 17:33:34,797|line:346| Expecting value: line 1 column 1 (char 0)
2026-06-06 17:33:34,797|line:347| error line:319
2026-06-06 17:33:34,798|line:533| *#*#*#*#*#*#*#*#*#*原动态处理失败*#*#*#*#*#*#*#*#*#
2026-06-06 17:33:34,798|line:519| https://t.bilibili.com/1210391637423816709
2026-06-06 17:33:39,089|line:346| Expecting value: line 1 column 1 (char 0)
2026-06-06 17:33:39,089|line:347| error line:319
2026-06-06 17:33:39,090|line:533| *#*#*#*#*#*#*#*#*#*原动态处理失败*#*#*#*#*#*#*#*#*#
2026-06-06 17:33:39,090|line:519| https://t.bilibili.com/1210387069727146009
2026-06-06 17:33:42,388|line:346| Expecting value: line 1 column 1 (char 0)
2026-06-06 17:33:42,388|line:347| error line:319
2026-06-06 17:33:42,389|line:533| *#*#*#*#*#*#*#*#*#*原动态处理失败*#*#*#*#*#*#*#*#*#
2026-06-06 17:33:42,389|line:519| https://t.bilibili.com/1210294298403143704
2026-06-06 17:33:45,733|line:346| Expecting value: line 1 column 1 (char 0)
2026-06-06 17:33:45,733|line:347| error line:319
2026-06-06 17:33:45,734|line:533| *#*#*#*#*#*#*#*#*#*原动态处理失败*#*#*#*#*#*#*#*#*#
2026-06-06 17:33:45,734|line:519| https://t.bilibili.com/1210073088274726917
2026-06-06 17:33:50,074|line:346| Expecting value: line 1 column 1 (char 0)
2026-06-06 17:33:50,074|line:347| error line:319
2026-06-06 17:33:50,074|line:533| *#*#*#*#*#*#*#*#*#*原动态处理失败*#*#*#*#*#*#*#*#*#
2026-06-06 17:33:50,075|line:519| https://t.bilibili.com/1210043637646229513
2026-06-06 17:33:52,366|line:346| Expecting value: line 1 column 1 (char 0)
2026-06-06 17:33:52,367|line:347| error line:319
2026-06-06 17:33:52,368|line:533| *#*#*#*#*#*#*#*#*#*原动态处理失败*#*#*#*#*#*#*#*#*#
2026-06-06 17:33:52,368|line:519| https://t.bilibili.com/1210401524437483539
2026-06-06 17:33:55,710|line:346| Expecting value: line 1 column 1 (char 0)
2026-06-06 17:33:55,710|line:347| error line:319
2026-06-06 17:33:55,711|line:533| *#*#*#*#*#*#*#*#*#*原动态处理失败*#*#*#*#*#*#*#*#*#
2026-06-06 17:33:55,711|line:552| 执行结束
2026-06-06 17:33:55,711|line:556| 执行失败，错误数量为92
2026-06-06 17:33:55,711|line:558| ==================================================2026-06-07 01:33==================================================
2026-06-06 17:33:55,711|line:232| processing article 50110895
2026-06-06 17:34:00,063|line:507| ==================================================2026-06-07 01:34==================================================
2026-06-06 17:34:00,063|line:519| https://t.bilibili.com/1203368485370986504
2026-06-06 17:34:04,406|line:346| Expecting value: line 1 column 1 (char 0)
2026-06-06 17:34:04,406|line:347| error line:319
2026-06-06 17:34:04,407|line:533| *#*#*#*#*#*#*#*#*#*原动态处理失败*#*#*#*#*#*#*#*#*#
2026-06-06 17:34:04,407|line:519| https://t.bilibili.com/1208539694736867331
2026-06-06 17:34:05,922|line:346| Expecting value: line 1 column 1 (char 0)
2026-06-06 17:34:05,922|line:347| error line:319
2026-06-06 17:34:05,923|line:533| *#*#*#*#*#*#*#*#*#*原动态处理失败*#*#*#*#*#*#*#*#*#
2026-06-06 17:34:05,923|line:519| https://t.bilibili.com/1209181075121635333
2026-06-06 17:34:07,268|line:346| Expecting value: line 1 column 1 (char 0)
2026-06-06 17:34:07,268|line:347| error line:319
2026-06-06 17:34:07,269|line:533| *#*#*#*#*#*#*#*#*#*原动态处理失败*#*#*#*#*#*#*#*#*#
2026-06-06 17:34:07,269|line:519| https://t.bilibili.com/1208853476492181506
2026-06-06 17:34:09,557|line:346| Expecting value: line 1 column 1 (char 0)
2026-06-06 17:34:09,558|line:347| error line:319
2026-06-06 17:34:09,558|line:533| *#*#*#*#*#*#*#*#*#*原动态处理失败*#*#*#*#*#*#*#*#*#
2026-06-06 17:34:09,559|line:519| https://t.bilibili.com/1199896210470600740
2026-06-06 17:34:13,904|line:346| Expecting value: line 1 column 1 (char 0)
2026-06-06 17:34:13,905|line:347| error line:319
2026-06-06 17:34:13,905|line:533| *#*#*#*#*#*#*#*#*#*原动态处理失败*#*#*#*#*#*#*#*#*#
2026-06-06 17:34:13,906|line:519| https://t.bilibili.com/1208451995793358872
2026-06-06 17:34:17,206|line:346| Expecting value: line 1 column 1 (char 0)
2026-06-06 17:34:17,207|line:347| error line:319
2026-06-06 17:34:17,207|line:533| *#*#*#*#*#*#*#*#*#*原动态处理失败*#*#*#*#*#*#*#*#*#
2026-06-06 17:34:17,208|line:519| https://t.bilibili.com/1208877438065442824
2026-06-06 17:34:18,551|line:346| Expecting value: line 1 column 1 (char 0)
2026-06-06 17:34:18,552|line:347| error line:319
2026-06-06 17:34:18,552|line:533| *#*#*#*#*#*#*#*#*#*原动态处理失败*#*#*#*#*#*#*#*#*#
2026-06-06 17:34:18,553|line:519| https://t.bilibili.com/1202662775008002084
2026-06-06 17:34:19,895|line:346| Expecting value: line 1 column 1 (char 0)
2026-06-06 17:34:19,895|line:347| error line:319
2026-06-06 17:34:19,896|line:533| *#*#*#*#*#*#*#*#*#*原动态处理失败*#*#*#*#*#*#*#*#*#
2026-06-06 17:34:19,896|line:519| https://t.bilibili.com/1201479863740923906
2026-06-06 17:34:21,242|line:346| Expecting value: line 1 column 1 (char 0)
2026-06-06 17:34:21,242|line:347| error line:319
2026-06-06 17:34:21,243|line:533| *#*#*#*#*#*#*#*#*#*原动态处理失败*#*#*#*#*#*#*#*#*#
2026-06-06 17:34:21,243|line:519| https://t.bilibili.com/1205841497513001015
2026-06-06 17:34:22,534|line:346| Expecting value: line 1 column 1 (char 0)
2026-06-06 17:34:22,534|line:347| error line:319
2026-06-06 17:34:22,535|line:533| *#*#*#*#*#*#*#*#*#*原动态处理失败*#*#*#*#*#*#*#*#*#
2026-06-06 17:34:22,535|line:519| https://t.bilibili.com/1209212028903751696
2026-06-06 17:34:24,826|line:346| Expecting value: line 1 column 1 (char 0)
2026-06-06 17:34:24,826|line:347| error line:319
2026-06-06 17:34:24,827|line:533| *#*#*#*#*#*#*#*#*#*原动态处理失败*#*#*#*#*#*#*#*#*#
2026-06-06 17:34:24,828|line:519| https://t.bilibili.com/1208809964145999875
2026-06-06 17:34:26,172|line:346| Expecting value: line 1 column 1 (char 0)
2026-06-06 17:34:26,172|line:347| error line:319
2026-06-06 17:34:26,173|line:533| *#*#*#*#*#*#*#*#*#*原动态处理失败*#*#*#*#*#*#*#*#*#
2026-06-06 17:34:26,174|line:519| https://t.bilibili.com/1206583504670818341
2026-06-06 17:34:29,517|line:346| Expecting value: line 1 column 1 (char 0)
2026-06-06 17:34:29,517|line:347| error line:319
2026-06-06 17:34:29,518|line:533| *#*#*#*#*#*#*#*#*#*原动态处理失败*#*#*#*#*#*#*#*#*#
2026-06-06 17:34:29,519|line:519| https://t.bilibili.com/1205282773769650183
2026-06-06 17:34:31,863|line:346| Expecting value: line 1 column 1 (char 0)
2026-06-06 17:34:31,863|line:347| error line:319
2026-06-06 17:34:31,864|line:533| *#*#*#*#*#*#*#*#*#*原动态处理失败*#*#*#*#*#*#*#*#*#
2026-06-06 17:34:31,864|line:519| https://t.bilibili.com/1210022669657833472
2026-06-06 17:34:36,213|line:346| Expecting value: line 1 column 1 (char 0)
2026-06-06 17:34:36,213|line:347| error line:319
2026-06-06 17:34:36,214|line:533| *#*#*#*#*#*#*#*#*#*原动态处理失败*#*#*#*#*#*#*#*#*#
2026-06-06 17:34:36,214|line:519| https://t.bilibili.com/1208892208455876608
2026-06-06 17:34:38,573|line:346| Expecting value: line 1 column 1 (char 0)
2026-06-06 17:34:38,573|line:347| error line:319
2026-06-06 17:34:38,574|line:533| *#*#*#*#*#*#*#*#*#*原动态处理失败*#*#*#*#*#*#*#*#*#
2026-06-06 17:34:38,574|line:519| https://t.bilibili.com/1207325709378257047
2026-06-06 17:34:41,866|line:346| Expecting value: line 1 column 1 (char 0)
2026-06-06 17:34:41,866|line:347| error line:319
2026-06-06 17:34:41,867|line:533| *#*#*#*#*#*#*#*#*#*原动态处理失败*#*#*#*#*#*#*#*#*#
2026-06-06 17:34:41,867|line:519| https://t.bilibili.com/1199610221533593601
2026-06-06 17:34:43,206|line:346| Expecting value: line 1 column 1 (char 0)
2026-06-06 17:34:43,207|line:347| error line:319
2026-06-06 17:34:43,207|line:533| *#*#*#*#*#*#*#*#*#*原动态处理失败*#*#*#*#*#*#*#*#*#
2026-06-06 17:34:43,208|line:519| https://t.bilibili.com/1209345241609404416
2026-06-06 17:34:46,551|line:346| Expecting value: line 1 column 1 (char 0)
2026-06-06 17:34:46,552|line:347| error line:319
2026-06-06 17:34:46,552|line:533| *#*#*#*#*#*#*#*#*#*原动态处理失败*#*#*#*#*#*#*#*#*#
2026-06-06 17:34:46,553|line:519| https://t.bilibili.com/1199728620876070920
2026-06-06 17:34:49,897|line:346| Expecting value: line 1 column 1 (char 0)
2026-06-06 17:34:49,897|line:347| error line:319
2026-06-06 17:34:49,898|line:533| *#*#*#*#*#*#*#*#*#*原动态处理失败*#*#*#*#*#*#*#*#*#
2026-06-06 17:34:49,899|line:519| https://t.bilibili.com/1209290476522307603
2026-06-06 17:34:53,186|line:346| Expecting value: line 1 column 1 (char 0)
2026-06-06 17:34:53,186|line:347| error line:319
2026-06-06 17:34:53,187|line:533| *#*#*#*#*#*#*#*#*#*原动态处理失败*#*#*#*#*#*#*#*#*#
2026-06-06 17:34:53,187|line:519| https://t.bilibili.com/1208556385012285480
2026-06-06 17:34:57,599|line:346| Expecting value: line 1 column 1 (char 0)
2026-06-06 17:34:57,600|line:347| error line:319
2026-06-06 17:34:57,600|line:533| *#*#*#*#*#*#*#*#*#*原动态处理失败*#*#*#*#*#*#*#*#*#
2026-06-06 17:34:57,601|line:519| https://t.bilibili.com/1209525574396018713
2026-06-06 17:34:58,962|line:346| Expecting value: line 1 column 1 (char 0)
2026-06-06 17:34:58,962|line:347| error line:319
2026-06-06 17:34:58,963|line:533| *#*#*#*#*#*#*#*#*#*原动态处理失败*#*#*#*#*#*#*#*#*#
2026-06-06 17:34:58,963|line:519| https://t.bilibili.com/1208166406225395715
2026-06-06 17:35:02,557|line:346| Expecting value: line 1 column 1 (char 0)
2026-06-06 17:35:02,557|line:347| error line:319
2026-06-06 17:35:02,558|line:533| *#*#*#*#*#*#*#*#*#*原动态处理失败*#*#*#*#*#*#*#*#*#
2026-06-06 17:35:02,558|line:519| https://t.bilibili.com/1207754450193612808
2026-06-06 17:35:06,903|line:346| Expecting value: line 1 column 1 (char 0)
2026-06-06 17:35:06,904|line:347| error line:319
2026-06-06 17:35:06,904|line:533| *#*#*#*#*#*#*#*#*#*原动态处理失败*#*#*#*#*#*#*#*#*#
2026-06-06 17:35:06,905|line:552| 执行结束
2026-06-06 17:35:06,905|line:556| 执行失败，错误数量为25
2026-06-06 17:35:06,905|line:558| ==================================================2026-06-07 01:35==================================================
2026-06-06 17:35:06,905|line:232| processing article 50110529
2026-06-06 17:35:08,596|line:507| ==================================================2026-06-07 01:35==================================================
2026-06-06 17:35:15,329|line:578| ('reply: ', '榄菊官方', '[给心心]')
2026-06-06 17:35:15,329|line:578| ('reply: ', '吓死我啦芙莱', '并不是')
2026-06-06 17:35:15,329|line:578| ('reply: ', '花生十三-公考行测', '68')
2026-06-06 17:35:15,330|line:578| ('reply: ', '三鹿七茸猫尾巴', '[夏诺雅表情包_？？？]')
2026-06-06 17:35:15,330|line:578| ('reply: ', '小闪闪bling', 'hhh腾子买库洛让我感觉他自己有点不太想出大世界了')
2026-06-06 17:35:15,330|line:578| ('reply: ', '不修车的丸山彩', '不是，这……')
2026-06-06 17:35:15,330|line:578| ('reply: ', '好像都是一个人', '你在说什么')
2026-06-06 17:35:15,330|line:578| ('reply: ', '目标咨询', '太宠粉了啊')
2026-06-06 17:35:15,330|line:578| ('reply: ', '数玩工场', '祝你成功')
2026-06-06 17:35:15,330|line:578| ('reply: ', '益家有小佰', '恭喜宝子，获得小电视月度会员1份和克刻冰冰猴喉糖随机口味1份～记得私信小佰提供信息哦~')
2026-06-06 17:35:15,330|line:578| ('reply: ', '圆环之理-Madoka', '是的')
2026-06-06 17:35:15,331|line:578| ('reply: ', '兰的三姨', '这就是银河巨星的实力！')
2026-06-06 17:35:15,331|line:578| ('reply: ', '花园百合铃音', '有男不玩，我只吃麻辣火锅，xxn滚[吃瓜]')
2026-06-06 17:35:15,331|line:578| ('reply: ', '是绝赞的阿鬼', '[tv_难过]')
2026-06-06 17:35:15,331|line:578| ('reply: ', '桃稚不幼稚', '还行')
2026-06-06 17:35:15,331|line:578| ('reply: ', '陌罔子吖', '佬，这个报名有啥条件不。最近太非了，想下次报来抽[脱单doge][脱单doge][脱单doge]')
2026-06-06 17:35:15,331|line:578| ('reply: ', '太二酸菜鱼', '恭喜成为本期欧皇[打call]获得【肥龙联名显眼包】1份，在收到本信息的两天内回复哥的私信哦~逾期哥就自己收啦！[脱单doge]')
2026-06-06 17:35:15,331|line:578| ('reply: ', '得一想二的松鼠', '中奖分我一半')
2026-06-06 17:35:15,331|line:578| ('reply: ', '佑凉Uriyoo', '谢谢！！！[UP_24967030_感恩]')
2026-06-06 17:35:15,331|line:578| ('reply: ', '岛莓祁', '好耶')
2026-06-06 17:35:18,653|line:587| ('at: ', '电脑报', '恭喜@小小Shaun UID：1090970340，@-叶晓吖  UID：22437099  获得 【电竞大礼包】1份， 请在三日内私信我')
2026-06-06 17:35:18,654|line:587| ('at: ', '联想拯救者官方', '是我喜欢的奖品名单 直接开奖 上 趁现在没人偷摸开个奖 恭喜这些小伙伴 【拯救者7.1声卡H7游戏耳机】获奖名单 @泪水打湿猪脚饭o @xoomoon @小小Shaun @T山海连云T @超超超超薄脆饼干 @BerboomC 【拯救者C140氮化镓适配器】获奖名单 @改个天凉好个秋 @夜猫子牙不好 @LLL好久不见 @林殇倾慕婉 @今天也要拥抱微风 @洳不及我万一 @胜利の天平 【白金独角兽电竞鼠标】获奖名单 @底片上的诗旅人 【拯救者C170氮化镓适配器】获奖名单 @麦當劳无限好 @無名丶の辈 @任性的提莫 @广东有暖风 由于B站私信规则修改 我会私信中奖的小伙伴一条消息，还请注意查收并回复我您的收货地址与联系方式，奖品基本会在私信您信息后的三十个工作日内发货')
2026-06-06 17:35:18,654|line:587| ('at: ', 'Apexgaming艾湃电竞', '恭喜 @小小Shaun 获得饮料一份，三天内联系我，过时不候！')
2026-06-06 17:35:18,654|line:587| ('at: ', '喜欢白毛有什么不好', '1 @浪子游2fans6@被_____打下来的飞机@拉斯特臣后面一个点@专心致志的学生@猫猫头OmMeow@小小Shaun@龐門左道@啦啦痴痴腻@bili_66938050009@日月星辰668')
2026-06-06 17:35:18,654|line:587| ('at: ', 'iKF蓝牙耳机', '恭喜@小小Shaun 宝子成为苏泊尔福利动态幸运儿！\n注意：即日起72小时内回复信息确认领奖哦！逾期将自动视为放弃中奖资格。\n没有中奖的宝子们不要气馁，参与一下下置顶视频iKF Mars，增加欧气值，说不定下个幸运儿就是你！\n链接：\nhttps://www.bilibili.com/video/BV1Soo6YLEHZ/?spm_id_from=333.1387.list.card_archive.click&vd_source=21fb0967ccc75e6b3b2447ade2c740dd\n还没参与抽奖的宝子们，赶紧点击上方链接参与吧！还有特别福利惊喜等你哦~')
2026-06-06 17:35:18,654|line:587| ('at: ', 'wellymerck威利默克', '恭喜@小小Shaun\xa0 获得《我是你的小狗3 永远等你回家》1本，请于5天内联系威宝，凭关注+互动截图领取奖品，逾期作废~')
2026-06-06 17:35:18,654|line:587| ('at: ', '宁美NINGMEI', '恭喜@小小Shaun   中奖，请在12月1日24点前私信我：1. 奖品+中奖信息a. 实物奖：姓名电话地址，给文字！省市区路清晰，提交不清晰不发奖，信息错误致无法签收，概不负责；\n\nb. 现金红包给到支付宝实名+账号；\n\nc. 京东卡/猫超卡 等购物卡给到姓名+电话；2. 宁美和品牌方关注截图+转发截图！\n\n必须关注品牌方，否则奖品不予发放；如遇无法私信图片的情况，等待我回复后即可发送图片。PS： \n\n因后台收信有时会出问题，以回复“已登记”为准，没有回复即表示私信未收到。\n\n过期视为自动放弃，不会补发；奖品30个工作日内发送，勿催哦~\n\n不发全，不回复。其他小伙伴请继续努力！')
2026-06-06 17:35:18,655|line:587| ('at: ', '爱玛电动车官方账号', '#一“玛”当先榜# 快来看看10月都是谁和爱玛酱互动最多呀~ 💕恭喜@小小Shaun 和@甘瑞凯拉莎 排行第一！这两位小玛达将会获得【爱玛随机周边×1】，请5天内私信爱玛酱领奖哟~[鼓掌] 以后也请继续单推我无敌可爱美少女爱玛酱呀嘿嘿！(●´З｀●)')
2026-06-06 17:35:18,655|line:587| ('at: ', '爱玛电动车官方账号', '')
2026-06-06 17:35:18,655|line:587| ('at: ', '海露滴眼液', '互动榜出炉啦')
2026-06-06 17:35:18,655|line:587| ('at: ', '和蔼可亲桃白白', '\u200b//@九号公司:\u200b恭喜@小小Shaun 中奖！后续记得查收私信哟～\u200b//@九号公司:#互动抽奖# 谢谢粒粒的复工礼！小九也来加个码~关注【@微粒贷+@九号公司 】并转发该动态，抽一位小可爱获得【100元京东卡】~ #供电局福利社# 10月31日抽出！')
2026-06-06 17:35:18,655|line:587| ('at: ', '望大家身体健康快乐', '\u200b//@九号公司:\u200b恭喜@小小Shaun 中奖！后续记得查收私信哟～\u200b//@九号公司 :#互动抽奖# 谢谢粒粒的复工礼！小九也来加个码~关注【@微粒贷+@九号公司 】并转发该动态，抽一位小可爱获得【100元京东卡】~ #供电局福利社# 10月31日抽出！')
2026-06-06 17:35:18,655|line:587| ('at: ', 'MoMA_Reona', '//@九号公司:\u200b恭喜@小小Shaun 中奖！后续记得查收私信哟～\u200b//@九号公司:#互动抽奖# 谢谢粒粒的复工礼！小九也来加个码~关注【@微粒贷+@九号公司 】并转发该动态，抽一位小可爱获得【100元京东卡】~ #供电局福利社# 10月31日抽出！')
2026-06-06 17:35:18,655|line:587| ('at: ', '摸鱼二队', '\u200b//@九号公司:\u200b恭喜@小小Shaun 中奖！后续记得查收私信哟～\u200b//@九号公司 :#互动抽奖# 谢谢粒粒的复工礼！小九也来加个码~关注【@微粒贷+@九号公司 】并转发该动态，抽一位小可爱获得【100元京东卡】~ #供电局福利社# 10月31日抽出！')
2026-06-06 17:35:18,655|line:587| ('at: ', '文少嘅一些事一些情', '\u200b//@九号公司:\u200b恭喜@小小Shaun 中奖！后续记得查收私信哟～\u200b//@九号公司 :#互动抽奖# 谢谢粒粒的复工礼！小九也来加个码~关注【@微粒贷+@九号公司 】并转发该动态，抽一位小可爱获得【100元京东卡】~ #供电局福利社# 10月31日抽出！')
2026-06-06 17:35:18,656|line:587| ('at: ', 'Carry队友的嘟嘟酱丶', '\u200b//@九号公司:\u200b恭喜@小小Shaun 中奖！后续记得查收私信哟～\u200b//@九号公司 :#互动抽奖# 谢谢粒粒的复工礼！小九也来加个码~关注【@微粒贷+@九号公司 】并转发该动态，抽一位小可爱获得【100元京东卡】~ #供电局福利社# 10月31日抽出！')
2026-06-06 17:35:18,656|line:587| ('at: ', '蛤蟆zero', '//@九号公司:\u200b恭喜@小小Shaun 中奖！后续记得查收私信哟～\u200b//@九号公司:#互动抽奖# 谢谢粒粒的复工礼！小九也来加个码~关注【@微粒贷+@九号公司 】并转发该动态，抽一位小可爱获得【100元京东卡】~ #供电局福利社# 10月31日抽出！c冲冲冲')
2026-06-06 17:35:18,656|line:587| ('at: ', '木而各子要吃笃栗子', '\u200b//@九号公司:\u200b恭喜@小小Shaun 中奖！后续记得查收私信哟～\u200b//@九号公司 :#互动抽奖# 谢谢粒粒的复工礼！小九也来加个码~关注【@微粒贷+@九号公司 】并转发该动态，抽一位小可爱获得【100元京东卡】~ #供电局福利社# 10月31日抽出！')
2026-06-06 17:35:18,656|line:587| ('at: ', '裙下愚臣情默默', '\u200b//@九号公司:\u200b恭喜@小小Shaun 中奖！后续记得查收私信哟～\u200b//@九号公司 :#互动抽奖# 谢谢粒粒的复工礼！小九也来加个码~关注【@微粒贷+@九号公司 】并转发该动态，抽一位小可爱获得【100元京东卡】~ #供电局福利社# 10月31日抽出！')
2026-06-06 17:35:18,656|line:587| ('at: ', '戊子毕宿', '')
