2024-10-25 16:31:48,906|line:233| processing article 39578581
2024-10-25 16:31:50,810|line:502| ==================================================2024-10-26 00:31==================================================
2024-10-25 16:31:50,810|line:514| https://t.bilibili.com/991074861934706697
2024-10-25 16:31:55,336|line:339| =========此为源动态=========
2024-10-25 16:31:58,010|line:358| *********子动态开始*********
2024-10-25 16:31:58,010|line:377| *********子动态结束*********
2024-10-25 16:31:58,011|line:532| -=-=-=-=处理回最初的动态-=-=-=-=
2024-10-25 16:32:06,776|line:470| 转发成功 992290028395692057
2024-10-25 16:32:10,441|line:489| 评论发送成功
2024-10-25 16:32:13,063|line:543| not all arguments converted during string formatting
2024-10-25 16:32:13,063|line:544| error line:537
2024-10-25 16:32:15,064|line:514| https://t.bilibili.com/991393471171395620
2024-10-25 16:32:19,506|line:339| =========此为源动态=========
2024-10-25 16:32:24,151|line:358| *********子动态开始*********
2024-10-25 16:32:24,151|line:377| *********子动态结束*********
2024-10-25 16:32:24,151|line:532| -=-=-=-=处理回最初的动态-=-=-=-=
2024-10-25 16:32:36,660|line:470| 转发成功 992290157271973897
2024-10-25 16:32:40,398|line:489| 评论发送成功
2024-10-25 16:32:42,826|line:543| not all arguments converted during string formatting
2024-10-25 16:32:42,826|line:544| error line:537
2024-10-25 16:32:46,827|line:514| https://t.bilibili.com/991707527762673669
2024-10-25 16:32:49,419|line:334| =========此为子动态=========
2024-10-25 16:32:52,951|line:383| *************原动态处理开始***************
2024-10-25 16:32:58,894|line:470| 转发成功 992290251726651425
2024-10-25 16:33:02,478|line:489| 评论发送成功
2024-10-25 16:33:06,918|line:344| not all arguments converted during string formatting
2024-10-25 16:33:06,918|line:345| error line:336
2024-10-25 16:33:06,918|line:528| *#*#*#*#*#*#*#*#*#*原动态处理失败*#*#*#*#*#*#*#*#*#
2024-10-25 16:33:06,919|line:514| https://t.bilibili.com/991411776315719705
2024-10-25 16:33:06,919|line:516| 已有
2024-10-25 16:33:06,919|line:514| https://t.bilibili.com/991085809802149888
2024-10-25 16:33:08,517|line:339| =========此为源动态=========
2024-10-25 16:33:10,195|line:358| *********子动态开始*********
2024-10-25 16:33:10,195|line:377| *********子动态结束*********
2024-10-25 16:33:10,195|line:532| -=-=-=-=处理回最初的动态-=-=-=-=
2024-10-25 16:33:18,719|line:470| 转发成功 992290337661648918
2024-10-25 16:33:22,394|line:489| 评论发送成功
2024-10-25 16:33:26,888|line:543| not all arguments converted during string formatting
2024-10-25 16:33:26,888|line:544| error line:537
2024-10-25 16:33:27,888|line:514| https://t.bilibili.com/991725150001954853
2024-10-25 16:33:32,291|line:521| 官方 或 预约 OUT！
2024-10-25 16:33:32,291|line:514| https://t.bilibili.com/991398041039667222
2024-10-25 16:33:33,635|line:339| =========此为源动态=========
2024-10-25 16:33:34,973|line:358| *********子动态开始*********
2024-10-25 16:33:34,973|line:377| *********子动态结束*********
2024-10-25 16:33:34,973|line:532| -=-=-=-=处理回最初的动态-=-=-=-=
2024-10-25 16:33:46,563|line:470| 转发成功 992290457901858838
2024-10-25 16:33:50,220|line:489| 评论发送成功
2024-10-25 16:33:53,695|line:543| not all arguments converted during string formatting
2024-10-25 16:33:53,695|line:544| error line:537
2024-10-25 16:33:54,696|line:514| https://t.bilibili.com/991835049615687684
2024-10-25 16:33:58,045|line:521| 官方 或 预约 OUT！
2024-10-25 16:33:58,045|line:514| https://t.bilibili.com/991029541387370535
2024-10-25 16:33:58,046|line:516| 已有
2024-10-25 16:33:58,046|line:514| https://t.bilibili.com/991485224566128646
2024-10-25 16:33:59,371|line:339| =========此为源动态=========
2024-10-25 16:34:03,718|line:358| *********子动态开始*********
2024-10-25 16:34:03,718|line:377| *********子动态结束*********
2024-10-25 16:34:03,718|line:532| -=-=-=-=处理回最初的动态-=-=-=-=
2024-10-25 16:34:14,337|line:470| 转发成功 992290578142068740
2024-10-25 16:34:17,952|line:489| 评论发送成功
2024-10-25 16:34:21,595|line:543| not all arguments converted during string formatting
2024-10-25 16:34:21,596|line:544| error line:537
2024-10-25 16:34:23,596|line:514| https://t.bilibili.com/991470428375482393
2024-10-25 16:34:26,929|line:521| 官方 或 预约 OUT！
2024-10-25 16:34:26,929|line:514| https://t.bilibili.com/991439298444132355
2024-10-25 16:34:28,254|line:521| 官方 或 预约 OUT！
2024-10-25 16:34:28,254|line:514| https://t.bilibili.com/991808773045616672
2024-10-25 16:34:29,600|line:521| 官方 或 预约 OUT！
2024-10-25 16:34:29,601|line:514| https://t.bilibili.com/991740040644132884
2024-10-25 16:34:31,923|line:339| =========此为源动态=========
2024-10-25 16:34:34,295|line:358| *********子动态开始*********
2024-10-25 16:34:34,295|line:377| *********子动态结束*********
2024-10-25 16:34:34,295|line:532| -=-=-=-=处理回最初的动态-=-=-=-=
2024-10-25 16:34:43,081|line:470| 转发成功 992290698406395909
2024-10-25 16:34:46,861|line:489| 评论发送成功
2024-10-25 16:34:50,322|line:543| not all arguments converted during string formatting
2024-10-25 16:34:50,323|line:544| error line:537
2024-10-25 16:34:51,323|line:514| https://t.bilibili.com/991424914609143856
2024-10-25 16:34:55,676|line:521| 官方 或 预约 OUT！
2024-10-25 16:34:55,676|line:514| https://t.bilibili.com/991446816800112640
2024-10-25 16:35:00,019|line:339| =========此为源动态=========
2024-10-25 16:35:01,562|line:358| *********子动态开始*********
2024-10-25 16:35:01,562|line:377| *********子动态结束*********
2024-10-25 16:35:01,562|line:532| -=-=-=-=处理回最初的动态-=-=-=-=
2024-10-25 16:35:11,260|line:470| 转发成功 992290822992953350
2024-10-25 16:35:14,986|line:489| 评论发送成功
2024-10-25 16:35:19,513|line:543| not all arguments converted during string formatting
2024-10-25 16:35:19,513|line:544| error line:537
2024-10-25 16:35:23,514|line:514| https://t.bilibili.com/991462680254480390
2024-10-25 16:35:28,062|line:339| =========此为源动态=========
2024-10-25 16:35:29,854|line:358| *********子动态开始*********
2024-10-25 16:35:48,471|line:470| 转发成功 992290981883674629
2024-10-25 16:35:52,104|line:489| 评论发送成功
2024-10-25 16:35:56,989|line:375| not all arguments converted during string formatting
2024-10-25 16:35:56,990|line:376| error line:370
2024-10-25 16:36:07,801|line:470| 转发成功 992291063511121942
2024-10-25 16:36:11,424|line:489| 评论发送成功
2024-10-25 16:36:16,316|line:375| not all arguments converted during string formatting
2024-10-25 16:36:16,316|line:376| error line:370
2024-10-25 16:36:26,008|line:470| 转发成功 992291140822630416
2024-10-25 16:36:29,661|line:489| 评论发送成功
2024-10-25 16:36:35,791|line:375| not all arguments converted during string formatting
2024-10-25 16:36:35,791|line:376| error line:370
2024-10-25 16:36:46,297|line:470| 转发成功 992291230981292035
2024-10-25 16:36:49,992|line:489| 评论发送成功
2024-10-25 16:36:53,819|line:375| not all arguments converted during string formatting
2024-10-25 16:36:53,819|line:376| error line:370
2024-10-25 16:37:03,346|line:470| 转发成功 992291304022999049
2024-10-25 16:37:06,921|line:489| 评论发送成功
2024-10-25 16:37:11,746|line:375| not all arguments converted during string formatting
2024-10-25 16:37:11,746|line:376| error line:370
2024-10-25 16:37:22,278|line:470| 转发成功 992291385595920385
2024-10-25 16:37:25,910|line:489| 评论发送成功
2024-10-25 16:37:30,752|line:375| not all arguments converted during string formatting
2024-10-25 16:37:30,752|line:376| error line:370
2024-10-25 16:37:43,366|line:470| 转发成功 992291475804913672
2024-10-25 16:37:46,953|line:489| 评论发送成功
2024-10-25 16:37:52,768|line:375| not all arguments converted during string formatting
2024-10-25 16:37:52,769|line:376| error line:370
2024-10-25 16:38:01,389|line:470| 转发成功 992291553103839234
2024-10-25 16:38:05,002|line:489| 评论发送成功
2024-10-25 16:38:11,030|line:375| not all arguments converted during string formatting
2024-10-25 16:38:11,030|line:376| error line:370
2024-10-25 16:38:22,815|line:470| 转发成功 992291643299201033
2024-10-25 16:38:26,447|line:489| 评论发送成功
2024-10-25 16:38:33,388|line:375| not all arguments converted during string formatting
2024-10-25 16:38:33,388|line:376| error line:370
2024-10-25 16:38:43,086|line:470| 转发成功 992291729221615649
2024-10-25 16:38:46,739|line:489| 评论发送成功
2024-10-25 16:38:51,857|line:375| not all arguments converted during string formatting
2024-10-25 16:38:51,857|line:376| error line:370
2024-10-25 16:39:01,541|line:470| 转发成功 992291810816557059
2024-10-25 16:39:05,395|line:489| 评论发送成功
2024-10-25 16:39:11,287|line:375| not all arguments converted during string formatting
2024-10-25 16:39:11,287|line:376| error line:370
2024-10-25 16:39:22,915|line:470| 转发成功 992291901008773137
2024-10-25 16:39:26,610|line:489| 评论发送成功
2024-10-25 16:39:33,557|line:375| not all arguments converted during string formatting
2024-10-25 16:39:33,557|line:376| error line:370
2024-10-25 16:39:42,166|line:470| 转发成功 992291982618394629
2024-10-25 16:39:45,650|line:489| 评论发送成功
2024-10-25 16:39:50,342|line:375| not all arguments converted during string formatting
2024-10-25 16:39:50,342|line:376| error line:370
2024-10-25 16:40:01,709|line:470| 转发成功 992292068511449126
2024-10-25 16:40:05,177|line:489| 评论发送成功
2024-10-25 16:40:10,870|line:375| not all arguments converted during string formatting
2024-10-25 16:40:10,870|line:376| error line:370
2024-10-25 16:40:19,121|line:470| 转发成功 992292141534281737
2024-10-25 16:40:22,616|line:489| 评论发送成功
2024-10-25 16:40:27,296|line:375| not all arguments converted during string formatting
2024-10-25 16:40:27,296|line:376| error line:370
2024-10-25 16:40:35,774|line:470| 转发成功 992292214552920073
2024-10-25 16:40:39,266|line:489| 评论发送成功
2024-10-25 16:40:48,026|line:375| not all arguments converted during string formatting
2024-10-25 16:40:48,026|line:376| error line:370
2024-10-25 16:40:55,323|line:470| 转发成功 992292300430245904
2024-10-25 16:40:58,891|line:489| 评论发送成功
2024-10-25 16:41:02,578|line:375| not all arguments converted during string formatting
2024-10-25 16:41:02,579|line:376| error line:370
2024-10-25 16:41:08,923|line:470| 转发成功 992292356267966468
2024-10-25 16:41:12,582|line:489| 评论发送成功
2024-10-25 16:41:15,406|line:375| not all arguments converted during string formatting
2024-10-25 16:41:15,406|line:376| error line:370
2024-10-25 16:41:24,947|line:470| 转发成功 992292424980103174
2024-10-25 16:41:28,539|line:489| 评论发送成功
2024-10-25 16:41:31,504|line:375| not all arguments converted during string formatting
2024-10-25 16:41:31,504|line:376| error line:370
2024-10-25 16:41:45,023|line:470| 转发成功 992292510887837696
2024-10-25 16:41:48,485|line:489| 评论
2024-10-25 16:41:58,191|line:470| 转发成功 992292571023671303
2024-10-25 16:42:01,766|line:489| 评论发送成功
2024-10-25 16:42:05,594|line:375| not all arguments converted during string formatting
2024-10-25 16:42:05,594|line:376| error line:370
2024-10-25 16:42:17,371|line:470| 转发成功 992292652625952771
2024-10-25 16:42:20,763|line:489| 评论
2024-10-25 16:42:32,405|line:470| 转发成功 992292717072482309
2024-10-25 16:42:36,019|line:489| 评论发送成功
2024-10-25 16:42:42,849|line:375| not all arguments converted during string formatting
2024-10-25 16:42:42,849|line:376| error line:370
2024-10-25 16:42:52,529|line:470| 转发成功 992292802970779651
2024-10-25 16:42:56,122|line:489| 评论发送成功
2024-10-25 16:43:02,939|line:375| not all arguments converted during string formatting
2024-10-25 16:43:02,939|line:376| error line:370
2024-10-25 16:43:14,508|line:470| 转发成功 992292897461108758
2024-10-25 16:43:18,323|line:489| 评论发送成功
2024-10-25 16:43:25,209|line:375| not all arguments converted during string formatting
2024-10-25 16:43:25,209|line:376| error line:370
2024-10-25 16:43:33,852|line:470| 转发成功 992292979034030080
2024-10-25 16:43:37,283|line:489| 评论
2024-10-25 16:43:49,948|line:470| 转发成功 992293047769235461
2024-10-25 16:43:53,613|line:489| 评论发送成功
2024-10-25 16:43:57,493|line:375| not all arguments converted during string formatting
2024-10-25 16:43:57,493|line:376| error line:370
2024-10-25 16:44:06,243|line:470| 转发成功 992293120775290884
2024-10-25 16:44:09,733|line:489| 评论
2024-10-25 16:44:18,539|line:470| 转发成功 992293172306509825
2024-10-25 16:44:22,214|line:489| 评论发送成功
2024-10-25 16:44:26,127|line:375| not all arguments converted during string formatting
2024-10-25 16:44:26,127|line:376| error line:370
2024-10-25 16:44:33,647|line:470| 转发成功 992293236728922119
2024-10-25 16:44:37,383|line:489| 评论发送成功
2024-10-25 16:44:41,310|line:375| not all arguments converted during string formatting
2024-10-25 16:44:41,310|line:376| error line:370
2024-10-25 16:44:50,955|line:470| 转发成功 992293309774823445
2024-10-25 16:44:54,513|line:489| 评论发送成功
2024-10-25 16:45:02,328|line:375| not all arguments converted during string formatting
2024-10-25 16:45:02,328|line:376| error line:370
2024-10-25 16:45:14,019|line:470| 转发成功 992293408559071281
2024-10-25 16:45:17,474|line:489| 评论
2024-10-25 16:45:25,067|line:470| 转发成功 992293455791128578
2024-10-25 16:45:28,652|line:489| 评论发送成功
2024-10-25 16:45:34,537|line:375| not all arguments converted during string formatting
2024-10-25 16:45:34,537|line:376| error line:370
2024-10-25 16:45:45,334|line:470| 转发成功 992293545973907456
2024-10-25 16:45:49,130|line:489| 评论发送成功
2024-10-25 16:45:54,940|line:375| not all arguments converted during string formatting
2024-10-25 16:45:54,940|line:376| error line:370
2024-10-25 16:46:04,498|line:470| 转发成功 992293627575140355
2024-10-25 16:46:08,109|line:489| 评论发送成功
2024-10-25 16:46:14,935|line:375| not all arguments converted during string formatting
2024-10-25 16:46:14,935|line:376| error line:370
2024-10-25 16:46:22,623|line:470| 转发成功 992293704900280322
2024-10-25 16:46:26,285|line:489| 评论发送成功
2024-10-25 16:46:30,112|line:375| not all arguments converted during string formatting
2024-10-25 16:46:30,113|line:376| error line:370
2024-10-25 16:46:39,859|line:470| 转发成功 992293777903190020
2024-10-25 16:46:43,483|line:489| 评论发送成功
2024-10-25 16:46:50,286|line:375| not all arguments converted during string formatting
2024-10-25 16:46:50,286|line:376| error line:370
2024-10-25 16:46:57,845|line:470| 转发成功 992293855237767169
2024-10-25 16:47:01,546|line:489| 评论发送成功
2024-10-25 16:47:08,352|line:375| not all arguments converted during string formatting
2024-10-25 16:47:08,352|line:376| error line:370
2024-10-25 16:47:15,904|line:470| 转发成功 992293932540887061
2024-10-25 16:47:19,513|line:489| 评论发送成功
2024-10-25 16:47:27,332|line:375| not all arguments converted during string formatting
2024-10-25 16:47:27,333|line:376| error line:370
2024-10-25 16:47:36,880|line:470| 转发成功 992294022715277314
2024-10-25 16:47:40,492|line:489| 评论发送成功
2024-10-25 16:47:47,294|line:375| not all arguments converted during string formatting
2024-10-25 16:47:47,294|line:376| error line:370
2024-10-25 16:47:57,944|line:470| 转发成功 992294112902250499
2024-10-25 16:48:01,544|line:489| 评论发送成功
2024-10-25 16:48:06,498|line:375| not all arguments converted during string formatting
2024-10-25 16:48:06,498|line:376| error line:370
2024-10-25 16:48:14,996|line:470| 转发成功 992294185936617479
2024-10-25 16:48:18,441|line:489| 评论
2024-10-25 16:48:37,133|line:470| 转发成功 992294280441626628
2024-10-25 16:48:40,764|line:489| 评论发送成功
2024-10-25 16:48:47,710|line:375| not all arguments converted during string formatting
2024-10-25 16:48:47,710|line:376| error line:370
2024-10-25 16:48:57,333|line:470| 转发成功 992294370627551237
2024-10-25 16:49:00,763|line:489| 评论
2024-10-25 16:49:00,763|line:377| *********子动态结束*********
2024-10-25 16:49:00,764|line:532| -=-=-=-=处理回最初的动态-=-=-=-=
2024-10-25 16:49:08,400|line:470| 转发成功 992294417848074242
2024-10-25 16:49:12,012|line:489| 评论发送成功
2024-10-25 16:49:16,500|line:543| not all arguments converted during string formatting
2024-10-25 16:49:16,500|line:544| error line:537
2024-10-25 16:49:18,501|line:514| https://t.bilibili.com/990981540829724679
2024-10-25 16:49:18,501|line:516| 已有
2024-10-25 16:49:18,501|line:514| https://t.bilibili.com/991446816839958530
2024-10-25 16:49:21,912|line:339| =========此为源动态=========
2024-10-25 16:49:26,479|line:358| *********子动态开始*********
2024-10-25 16:49:26,480|line:377| *********子动态结束*********
2024-10-25 16:49:26,480|line:532| -=-=-=-=处理回最初的动态-=-=-=-=
2024-10-25 16:49:37,725|line:470| 转发成功 992294542402125847
2024-10-25 16:49:41,186|line:489| 评论发送成功
2024-10-25 16:49:44,557|line:543| not all arguments converted during string formatting
2024-10-25 16:49:44,557|line:544| error line:537
2024-10-25 16:49:45,558|line:514| https://t.bilibili.com/991415893028241431
2024-10-25 16:49:46,887|line:339| =========此为源动态=========
2024-10-25 16:49:49,694|line:358| *********子动态开始*********
2024-10-25 16:49:49,695|line:377| *********子动态结束*********
2024-10-25 16:49:49,695|line:532| -=-=-=-=处理回最初的动态-=-=-=-=
2024-10-25 16:50:00,234|line:470| 转发成功 992294641208393737
2024-10-25 16:50:03,872|line:489| 评论发送成功
2024-10-25 16:50:06,296|line:543| not all arguments converted during string formatting
2024-10-25 16:50:06,296|line:544| error line:537
2024-10-25 16:50:07,297|line:514| https://t.bilibili.com/991724016127442952
2024-10-25 16:50:08,620|line:521| 官方 或 预约 OUT！
2024-10-25 16:50:08,621|line:514| https://t.bilibili.com/991067710773264384
2024-10-25 16:50:10,978|line:339| =========此为源动态=========
2024-10-25 16:50:14,534|line:358| *********子动态开始*********
2024-10-25 16:50:14,534|line:377| *********子动态结束*********
2024-10-25 16:50:14,535|line:532| -=-=-=-=处理回最初的动态-=-=-=-=
2024-10-25 16:50:24,049|line:470| 转发成功 992294739998933012
2024-10-25 16:50:27,638|line:489| 评论发送成功
2024-10-25 16:50:30,064|line:543| not all arguments converted during string formatting
2024-10-25 16:50:30,064|line:544| error line:537
2024-10-25 16:50:31,064|line:514| https://t.bilibili.com/991821314338586628
2024-10-25 16:50:32,394|line:339| =========此为源动态=========
2024-10-25 16:50:35,822|line:358| *********子动态开始*********
2024-10-25 16:50:35,822|line:377| *********子动态结束*********
2024-10-25 16:50:35,822|line:532| -=-=-=-=处理回最初的动态-=-=-=-=
2024-10-25 16:50:44,287|line:470| 转发成功 992294830183809032
2024-10-25 16:50:47,860|line:489| 评论发送成功
2024-10-25 16:50:49,295|line:543| not all arguments converted during string formatting
2024-10-25 16:50:49,295|line:544| error line:537
2024-10-25 16:50:51,296|line:514| https://t.bilibili.com/991545521604657174
2024-10-25 16:50:55,018|line:339| =========此为源动态=========
2024-10-25 16:50:58,733|line:358| *********子动态开始*********
2024-10-25 16:50:58,733|line:377| *********子动态结束*********
2024-10-25 16:50:58,733|line:532| -=-=-=-=处理回最初的动态-=-=-=-=
2024-10-25 16:51:07,198|line:470| 转发成功 992294928946036738
2024-10-25 16:51:10,949|line:489| 评论发送成功
2024-10-25 16:51:15,432|line:543| not all arguments converted during string formatting
2024-10-25 16:51:15,433|line:544| error line:537
2024-10-25 16:51:16,433|line:514| https://t.bilibili.com/991462278691815431
2024-10-25 16:51:17,910|line:339| =========此为源动态=========
2024-10-25 16:51:21,353|line:358| *********子动态开始*********
2024-10-25 16:51:21,353|line:377| *********子动态结束*********
2024-10-25 16:51:21,353|line:532| -=-=-=-=处理回最初的动态-=-=-=-=
2024-10-25 16:51:32,010|line:470| 转发成功 992295032063000582
2024-10-25 16:51:35,645|line:489| 评论发送成功
2024-10-25 16:51:37,057|line:543| not all arguments converted during string formatting
2024-10-25 16:51:37,058|line:544| error line:537
2024-10-25 16:51:39,058|line:514| https://t.bilibili.com/991437090866593793
2024-10-25 16:51:41,533|line:339| =========此为源动态=========
2024-10-25 16:51:42,963|line:358| *********子动态开始*********
2024-10-25 16:51:42,964|line:377| *********子动态结束*********
2024-10-25 16:51:42,964|line:532| -=-=-=-=处理回最初的动态-=-=-=-=
2024-10-25 16:51:50,316|line:470| 转发成功 992295113627533318
2024-10-25 16:51:53,737|line:489| 评论发送成功
2024-10-25 16:51:57,138|line:543| not all arguments converted during string formatting
2024-10-25 16:51:57,138|line:544| error line:537
2024-10-25 16:52:01,139|line:514| https://t.bilibili.com/991435643444789269
2024-10-25 16:52:01,139|line:516| 已有
2024-10-25 16:52:01,139|line:514| https://t.bilibili.com/991075755261689876
2024-10-25 16:52:03,557|line:339| =========此为源动态=========
2024-10-25 16:52:07,221|line:358| *********子动态开始*********
2024-10-25 16:52:07,221|line:377| *********子动态结束*********
2024-10-25 16:52:07,221|line:532| -=-=-=-=处理回最初的动态-=-=-=-=
2024-10-25 16:52:16,506|line:470| 转发成功 992295225309265921
2024-10-25 16:52:20,033|line:489| 评论发送成功
2024-10-25 16:52:21,398|line:543| not all arguments converted during string formatting
2024-10-25 16:52:21,398|line:544| error line:537
2024-10-25 16:52:22,399|line:514| https://t.bilibili.com/991132942755430407
2024-10-25 16:52:24,937|line:339| =========此为源动态=========
2024-10-25 16:52:26,576|line:358| *********子动态开始*********
2024-10-25 16:52:26,576|line:377| *********子动态结束*********
2024-10-25 16:52:26,576|line:532| -=-=-=-=处理回最初的动态-=-=-=-=
2024-10-25 16:52:35,786|line:470| 转发成功 992295306932518913
2024-10-25 16:52:39,333|line:489| 评论发送成功
2024-10-25 16:52:41,697|line:543| not all arguments converted during string formatting
2024-10-25 16:52:41,697|line:544| error line:537
2024-10-25 16:52:42,697|line:514| https://t.bilibili.com/991038359009755136
2024-10-25 16:52:47,135|line:339| =========此为源动态=========
2024-10-25 16:52:51,659|line:358| *********子动态开始*********
2024-10-25 16:53:00,967|line:470| 转发成功 992295414279438338
2024-10-25 16:53:04,460|line:489| 评论发送成功
2024-10-25 16:53:10,457|line:375| not all arguments converted during string formatting
2024-10-25 16:53:10,457|line:376| error line:370
2024-10-25 16:53:20,071|line:470| 转发成功 992295495906885638
2024-10-25 16:53:23,507|line:489| 评论
2024-10-25 16:53:41,343|line:470| 转发成功 992295590390923268
2024-10-25 16:53:44,960|line:489| 评论发送成功
2024-10-25 16:53:50,848|line:375| not all arguments converted during string formatting
2024-10-25 16:53:50,848|line:376| error line:370
2024-10-25 16:53:58,430|line:470| 转发成功 992295663411658754
2024-10-25 16:54:02,095|line:489| 评论发送成功
2024-10-25 16:54:08,051|line:375| not all arguments converted during string formatting
2024-10-25 16:54:08,052|line:376| error line:370
2024-10-25 16:54:17,678|line:470| 转发成功 992295745000308741
2024-10-25 16:54:21,361|line:489| 评论发送成功
2024-10-25 16:54:26,224|line:375| not all arguments converted during string formatting
2024-10-25 16:54:26,224|line:376| error line:370
2024-10-25 16:54:35,746|line:470| 转发成功 992295822331740197
2024-10-25 16:54:39,182|line:489| 评论
2024-10-25 16:55:06,899|line:470| 转发成功 992295955480969239
2024-10-25 16:55:10,533|line:489| 评论发送成功
2024-10-25 16:55:14,482|line:375| not all arguments converted during string formatting
2024-10-25 16:55:14,482|line:376| error line:370
2024-10-25 16:55:25,222|line:470| 转发成功 992296037083250706
2024-10-25 16:55:28,717|line:489| 评论
2024-10-25 16:55:38,286|line:470| 转发成功 992296092886368262
2024-10-25 16:55:41,751|line:489| 评论
2024-10-25 16:55:53,271|line:470| 转发成功 992296157331849221
2024-10-25 16:55:56,744|line:489| 评论
2024-10-25 16:56:08,457|line:470| 转发成功 992296221735387138
2024-10-25 16:56:11,879|line:489| 评论
2024-10-25 16:56:24,496|line:470| 转发成功 992296290484224005
2024-10-25 16:56:28,280|line:489| 评论发送成功
2024-10-25 16:56:34,188|line:375| not all arguments converted during string formatting
2024-10-25 16:56:34,188|line:376| error line:370
2024-10-25 16:56:42,707|line:470| 转发成功 992296367762178065
2024-10-25 16:56:46,132|line:489| 评论
2024-10-25 16:56:59,658|line:470| 转发成功 992296440801787907
2024-10-25 16:57:03,137|line:489| 评论
2024-10-25 16:57:09,646|line:470| 转发成功 992296483758800903
2024-10-25 16:57:13,140|line:489| 评论
2024-10-25 16:57:19,880|line:470| 转发成功 992296526677016584
2024-10-25 16:57:23,535|line:489| 评论发送成功
2024-10-25 16:57:26,435|line:375| not all arguments converted during string formatting
2024-10-25 16:57:26,436|line:376| error line:370
2024-10-25 16:57:37,055|line:470| 转发成功 992296599688314897
2024-10-25 16:57:40,670|line:489| 评论发送成功
2024-10-25 16:57:48,606|line:375| not all arguments converted during string formatting
2024-10-25 16:57:48,606|line:376| error line:370
2024-10-25 16:57:57,196|line:470| 转发成功 992296685595000853
2024-10-25 16:58:00,675|line:489| 评论发送成功
2024-10-25 16:58:07,547|line:375| not all arguments converted during string formatting
2024-10-25 16:58:07,548|line:376| error line:370
2024-10-25 16:58:17,070|line:470| 转发成功 992296771497492483
2024-10-25 16:58:20,685|line:489| 评论发送成功
2024-10-25 16:58:23,597|line:375| not all arguments converted during string formatting
2024-10-25 16:58:23,597|line:376| error line:370
2024-10-25 16:58:31,216|line:470| 转发成功 992296835944022024
2024-10-25 16:58:34,758|line:489| 评论发送成功
2024-10-25 16:58:39,429|line:375| not all arguments converted during string formatting
2024-10-25 16:58:39,429|line:376| error line:370
2024-10-25 16:58:49,698|line:470| 转发成功 992296913258676225
2024-10-25 16:58:53,032|line:489| 评论
2024-10-25 16:59:02,238|line:470| 转发成功 992296969089056776
2024-10-25 16:59:05,616|line:489| 评论
2024-10-25 16:59:15,954|line:470| 转发成功 992297024908951590
2024-10-25 16:59:19,287|line:489| 评论
2024-10-25 16:59:28,499|line:470| 转发成功 992297080749817856
2024-10-25 16:59:31,940|line:489| 评论
2024-10-25 16:59:42,416|line:470| 转发成功 992297140874117126
2024-10-25 16:59:45,861|line:489| 评论
2024-10-25 16:59:54,363|line:470| 转发成功 992297192395898881
2024-10-25 16:59:57,799|line:489| 评论
2024-10-25 17:00:08,399|line:470| 转发成功 992297252539072519
2024-10-25 17:00:11,994|line:489| 评论发送成功
2024-10-25 17:00:15,808|line:375| not all arguments converted during string formatting
2024-10-25 17:00:15,808|line:376| error line:370
2024-10-25 17:00:25,283|line:470| 转发成功 992297325573439490
2024-10-25 17:00:28,735|line:489| 评论
2024-10-25 17:00:41,393|line:470| 转发成功 992297394272993288
2024-10-25 17:00:45,142|line:489| 评论发送成功
2024-10-25 17:00:52,978|line:375| not all arguments converted during string formatting
2024-10-25 17:00:52,978|line:376| error line:370
2024-10-25 17:01:03,695|line:470| 转发成功 992297488750739463
2024-10-25 17:01:07,090|line:489| 评论
2024-10-25 17:01:14,548|line:470| 转发成功 992297535998525473
2024-10-25 17:01:18,138|line:489| 评论
2024-10-25 17:01:43,782|line:470| 转发成功 992297660580888581
2024-10-25 17:01:47,179|line:489| 评论
2024-10-25 17:01:56,966|line:470| 转发成功 992297716409172008
2024-10-25 17:02:00,549|line:489| 评论发送成功
2024-10-25 17:02:08,358|line:375| not all arguments converted during string formatting
2024-10-25 17:02:08,358|line:376| error line:370
2024-10-25 17:02:16,810|line:470| 转发成功 992297802281254921
2024-10-25 17:02:20,294|line:489| 评论
2024-10-25 17:02:30,998|line:470| 转发成功 992297862414991424
2024-10-25 17:02:34,595|line:489| 评论发送成功
2024-10-25 17:02:37,410|line:375| not all arguments converted during string formatting
2024-10-25 17:02:37,410|line:376| error line:370
2024-10-25 17:02:49,038|line:470| 转发成功 992297939741179957
2024-10-25 17:02:52,730|line:489| 评论发送成功
2024-10-25 17:02:59,546|line:375| not all arguments converted during string formatting
2024-10-25 17:02:59,547|line:376| error line:370
2024-10-25 17:03:10,063|line:470| 转发成功 992298029916618758
2024-10-25 17:03:13,507|line:489| 评论
2024-10-25 17:03:21,979|line:470| 转发成功 992298081470906373
2024-10-25 17:03:25,552|line:489| 评论发送成功
2024-10-25 17:03:30,513|line:375| not all arguments converted during string formatting
2024-10-25 17:03:30,513|line:376| error line:370
2024-10-25 17:03:39,145|line:470| 转发成功 992298154488496144
2024-10-25 17:03:42,588|line:489| 评论
2024-10-25 17:03:51,085|line:470| 转发成功 992298206012375042
2024-10-25 17:03:54,653|line:489| 评论发送成功
2024-10-25 17:04:00,476|line:375| not all arguments converted during string formatting
2024-10-25 17:04:00,477|line:376| error line:370
2024-10-25 17:04:00,477|line:377| *********子动态结束*********
2024-10-25 17:04:00,478|line:532| -=-=-=-=处理回最初的动态-=-=-=-=
2024-10-25 17:04:11,005|line:470| 转发成功 992298291905429540
2024-10-25 17:04:14,642|line:489| 评论发送成功
2024-10-25 17:04:19,159|line:543| not all arguments converted during string formatting
2024-10-25 17:04:19,159|line:544| error line:537
2024-10-25 17:04:20,160|line:514| https://t.bilibili.com/991096358250217507
2024-10-25 17:04:24,641|line:339| =========此为源动态=========
2024-10-25 17:04:27,255|line:358| *********子动态开始*********
2024-10-25 17:04:27,255|line:377| *********子动态结束*********
2024-10-25 17:04:27,256|line:532| -=-=-=-=处理回最初的动态-=-=-=-=
2024-10-25 17:04:37,479|line:470| 转发成功 992298407894712338
2024-10-25 17:04:40,886|line:489| 评论发送成功
2024-10-25 17:04:44,244|line:543| not all arguments converted during string formatting
2024-10-25 17:04:44,245|line:544| error line:537
2024-10-25 17:04:47,245|line:514| https://t.bilibili.com/991061856750665747
2024-10-25 17:04:48,866|line:339| =========此为源动态=========
2024-10-25 17:04:50,443|line:358| *********子动态开始*********
2024-10-25 17:04:50,443|line:377| *********子动态结束*********
2024-10-25 17:04:50,443|line:532| -=-=-=-=处理回最初的动态-=-=-=-=
2024-10-25 17:04:56,980|line:470| 转发成功 992298489508528152
2024-10-25 17:05:00,622|line:489| 评论发送成功
2024-10-25 17:05:05,087|line:543| not all arguments converted during string formatting
2024-10-25 17:05:05,088|line:544| error line:537
2024-10-25 17:05:07,088|line:514| https://t.bilibili.com/991846508596822018
2024-10-25 17:05:10,571|line:521| 官方 或 预约 OUT！
2024-10-25 17:05:10,571|line:514| https://t.bilibili.com/991423681975550003
2024-10-25 17:05:14,997|line:334| =========此为子动态=========
2024-10-25 17:05:18,502|line:383| *************原动态处理开始***************
2024-10-25 17:05:25,502|line:470| 转发成功 992298614049996825
2024-10-25 17:05:29,121|line:489| 评论发送成功
2024-10-25 17:05:30,600|line:344| not all arguments converted during string formatting
2024-10-25 17:05:30,601|line:345| error line:336
2024-10-25 17:05:30,601|line:528| *#*#*#*#*#*#*#*#*#*原动态处理失败*#*#*#*#*#*#*#*#*#
2024-10-25 17:05:30,601|line:514| https://t.bilibili.com/991423623991394305
2024-10-25 17:05:34,076|line:339| =========此为源动态=========
2024-10-25 17:05:35,579|line:358| *********子动态开始*********
2024-10-25 17:05:35,580|line:377| *********子动态结束*********
2024-10-25 17:05:35,580|line:532| -=-=-=-=处理回最初的动态-=-=-=-=
2024-10-25 17:05:42,202|line:470| 转发成功 992298682773667872
2024-10-25 17:05:45,870|line:489| 评论发送成功
2024-10-25 17:05:49,335|line:543| not all arguments converted during string formatting
2024-10-25 17:05:49,335|line:544| error line:537
2024-10-25 17:05:53,335|line:514| https://t.bilibili.com/991079663698706432
2024-10-25 17:05:57,813|line:334| =========此为子动态=========
2024-10-25 17:06:01,389|line:383| *************原动态处理开始***************
2024-10-25 17:06:08,527|line:470| 转发成功 992298798713667605
2024-10-25 17:06:12,197|line:489| 评论发送成功
2024-10-25 17:06:14,668|line:344| not all arguments converted during string formatting
2024-10-25 17:06:14,669|line:345| error line:336
2024-10-25 17:06:14,669|line:528| *#*#*#*#*#*#*#*#*#*原动态处理失败*#*#*#*#*#*#*#*#*#
2024-10-25 17:06:14,669|line:514| https://t.bilibili.com/991441518947467271
2024-10-25 17:06:17,138|line:339| =========此为源动态=========
2024-10-25 17:06:18,907|line:358| *********子动态开始*********
2024-10-25 17:06:18,908|line:377| *********子动态结束*********
2024-10-25 17:06:18,908|line:532| -=-=-=-=处理回最初的动态-=-=-=-=
2024-10-25 17:06:26,434|line:470| 转发成功 992298876050341895
2024-10-25 17:06:30,143|line:489| 评论发送成功
2024-10-25 17:06:33,610|line:543| not all arguments converted during string formatting
2024-10-25 17:06:33,610|line:544| error line:537
2024-10-25 17:06:37,611|line:514| https://t.bilibili.com/991060615482048518
2024-10-25 17:06:39,201|line:334| =========此为子动态=========
2024-10-25 17:06:43,832|line:383| *************原动态处理开始***************
2024-10-25 17:06:50,895|line:470| 转发成功 992298979132702760
2024-10-25 17:06:54,326|line:489| 评论
2024-10-25 17:06:54,326|line:528| *#*#*#*#*#*#*#*#*#*原动态处理失败*#*#*#*#*#*#*#*#*#
2024-10-25 17:06:54,326|line:514| https://t.bilibili.com/991395343779233799
2024-10-25 17:06:56,757|line:334| =========此为子动态=========
2024-10-25 17:07:01,254|line:383| *************原动态处理开始***************
2024-10-25 17:07:09,345|line:470| 转发成功 992299060711915529
2024-10-25 17:07:12,956|line:489| 评论发送成功
2024-10-25 17:07:14,500|line:344| not all arguments converted during string formatting
2024-10-25 17:07:14,501|line:345| error line:336
2024-10-25 17:07:14,501|line:528| *#*#*#*#*#*#*#*#*#*原动态处理失败*#*#*#*#*#*#*#*#*#
2024-10-25 17:07:14,501|line:514| https://t.bilibili.com/991064614124912659
2024-10-25 17:07:19,085|line:334| =========此为子动态=========
2024-10-25 17:07:21,588|line:383| *************原动态处理开始***************
2024-10-25 17:07:28,645|line:470| 转发成功 992299142334119954
2024-10-25 17:07:32,308|line:489| 评论发送成功
2024-10-25 17:07:33,955|line:344| not all arguments converted during string formatting
2024-10-25 17:07:33,955|line:345| error line:336
2024-10-25 17:07:33,955|line:528| *#*#*#*#*#*#*#*#*#*原动态处理失败*#*#*#*#*#*#*#*#*#
2024-10-25 17:07:33,956|line:514| https://t.bilibili.com/991068002820554785
2024-10-25 17:07:37,391|line:521| 官方 或 预约 OUT！
2024-10-25 17:07:37,391|line:514| https://t.bilibili.com/635932563238551585
2024-10-25 17:07:37,391|line:516| 已有
2024-10-25 17:07:37,392|line:514| https://t.bilibili.com/991046686945050632
2024-10-25 17:07:40,822|line:334| =========此为子动态=========
2024-10-25 17:07:45,408|line:383| *************原动态处理开始***************
2024-10-25 17:07:52,475|line:470| 转发成功 992299245419626502
2024-10-25 17:07:56,095|line:489| 评论发送成功
2024-10-25 17:07:58,518|line:344| not all arguments converted during string formatting
2024-10-25 17:07:58,519|line:345| error line:336
2024-10-25 17:07:58,519|line:528| *#*#*#*#*#*#*#*#*#*原动态处理失败*#*#*#*#*#*#*#*#*#
2024-10-25 17:07:58,519|line:514| https://t.bilibili.com/992097098484678658
2024-10-25 17:08:00,124|line:521| 官方 或 预约 OUT！
2024-10-25 17:08:00,124|line:514| https://t.bilibili.com/991060924713402386
2024-10-25 17:08:01,562|line:334| =========此为子动态=========
2024-10-25 17:08:05,069|line:383| *************原动态处理开始***************
2024-10-25 17:08:10,155|line:470| 转发成功 992299322712260617
2024-10-25 17:08:13,769|line:489| 评论发送成功
2024-10-25 17:08:17,193|line:344| not all arguments converted during string formatting
2024-10-25 17:08:17,193|line:345| error line:336
2024-10-25 17:08:17,194|line:528| *#*#*#*#*#*#*#*#*#*原动态处理失败*#*#*#*#*#*#*#*#*#
2024-10-25 17:08:17,194|line:514| https://t.bilibili.com/991482379115692055
2024-10-25 17:08:19,634|line:339| =========此为源动态=========
2024-10-25 17:08:22,089|line:358| *********子动态开始*********
2024-10-25 17:08:22,089|line:377| *********子动态结束*********
2024-10-25 17:08:22,089|line:532| -=-=-=-=处理回最初的动态-=-=-=-=
2024-10-25 17:08:32,550|line:470| 转发成功 992299417224609794
2024-10-25 17:08:36,177|line:489| 评论发送成功
2024-10-25 17:08:39,652|line:543| not all arguments converted during string formatting
2024-10-25 17:08:39,653|line:544| error line:537
2024-10-25 17:08:42,653|line:514| https://t.bilibili.com/991111809363607576
2024-10-25 17:08:46,100|line:339| =========此为源动态=========
2024-10-25 17:08:47,588|line:358| *********子动态开始*********
2024-10-25 17:08:47,589|line:377| *********子动态结束*********
2024-10-25 17:08:47,589|line:532| -=-=-=-=处理回最初的动态-=-=-=-=
2024-10-25 17:08:55,071|line:470| 转发成功 992299511709696038
2024-10-25 17:08:58,701|line:489| 评论发送成功
2024-10-25 17:09:00,140|line:543| not all arguments converted during string formatting
2024-10-25 17:09:00,140|line:544| error line:537
2024-10-25 17:09:01,141|line:514| https://t.bilibili.com/991531842110750757
2024-10-25 17:09:05,631|line:339| =========此为源动态=========
2024-10-25 17:09:08,136|line:358| *********子动态开始*********
2024-10-25 17:09:08,136|line:377| *********子动态结束*********
2024-10-25 17:09:08,136|line:532| -=-=-=-=处理回最初的动态-=-=-=-=
2024-10-25 17:09:15,711|line:470| 转发成功 992299601878843416
2024-10-25 17:09:19,296|line:489| 评论发送成功
2024-10-25 17:09:23,781|line:543| not all arguments converted during string formatting
2024-10-25 17:09:23,781|line:544| error line:537
2024-10-25 17:09:25,781|line:514| https://t.bilibili.com/991515662967898148
2024-10-25 17:09:29,433|line:339| =========此为源动态=========
2024-10-25 17:09:30,934|line:358| *********子动态开始*********
2024-10-25 17:09:30,934|line:377| *********子动态结束*********
2024-10-25 17:09:30,934|line:532| -=-=-=-=处理回最初的动态-=-=-=-=
2024-10-25 17:09:41,425|line:470| 转发成功 992299713552187412
2024-10-25 17:09:45,046|line:489| 评论发送成功
2024-10-25 17:09:46,640|line:543| not all arguments converted during string formatting
2024-10-25 17:09:46,640|line:544| error line:537
2024-10-25 17:09:47,640|line:514| https://t.bilibili.com/991703091044679704
2024-10-25 17:09:49,123|line:339| =========此为源动态=========
2024-10-25 17:09:51,663|line:358| *********子动态开始*********
2024-10-25 17:09:51,663|line:377| *********子动态结束*********
2024-10-25 17:09:51,664|line:532| -=-=-=-=处理回最初的动态-=-=-=-=
2024-10-25 17:10:03,158|line:470| 转发成功 992299808030982144
2024-10-25 17:10:06,879|line:489| 评论发送成功
2024-10-25 17:10:10,490|line:543| not all arguments converted during string formatting
2024-10-25 17:10:10,490|line:544| error line:537
2024-10-25 17:10:12,491|line:514| https://t.bilibili.com/991081235634716672
2024-10-25 17:10:16,971|line:339| =========此为源动态=========
2024-10-25 17:10:19,582|line:358| *********子动态开始*********
2024-10-25 17:10:19,582|line:377| *********子动态结束*********
2024-10-25 17:10:19,582|line:532| -=-=-=-=处理回最初的动态-=-=-=-=
2024-10-25 17:10:29,056|line:470| 转发成功 992299915407261735
2024-10-25 17:10:32,656|line:489| 评论发送成功
2024-10-25 17:10:36,094|line:543| not all arguments converted during string formatting
2024-10-25 17:10:36,094|line:544| error line:537
2024-10-25 17:10:38,095|line:514| https://t.bilibili.com/991703688061911046
2024-10-25 17:10:40,582|line:339| =========此为源动态=========
2024-10-25 17:10:42,200|line:358| *********子动态开始*********
2024-10-25 17:10:42,200|line:377| *********子动态结束*********
2024-10-25 17:10:42,200|line:532| -=-=-=-=处理回最初的动态-=-=-=-=
2024-10-25 17:10:50,688|line:470| 转发成功 992300009921708073
2024-10-25 17:10:54,305|line:489| 评论发送成功
2024-10-25 17:10:58,760|line:543| not all arguments converted during string formatting
2024-10-25 17:10:58,760|line:544| error line:537
2024-10-25 17:11:00,761|line:514| https://t.bilibili.com/991709668811210777
2024-10-25 17:11:02,302|line:339| =========此为源动态=========
2024-10-25 17:11:03,815|line:358| *********子动态开始*********
2024-10-25 17:11:03,815|line:377| *********子动态结束*********
2024-10-25 17:11:03,815|line:532| -=-=-=-=处理回最初的动态-=-=-=-=
2024-10-25 17:11:10,617|line:470| 转发成功 992300095795888165
2024-10-25 17:11:14,228|line:489| 评论发送成功
2024-10-25 17:11:17,692|line:543| not all arguments converted during string formatting
2024-10-25 17:11:17,693|line:544| error line:537
2024-10-25 17:11:20,693|line:514| https://t.bilibili.com/991432250404896773
2024-10-25 17:11:24,169|line:339| =========此为源动态=========
2024-10-25 17:11:25,657|line:358| *********子动态开始*********
2024-10-25 17:11:25,657|line:377| *********子动态结束*********
2024-10-25 17:11:25,658|line:532| -=-=-=-=处理回最初的动态-=-=-=-=
2024-10-25 17:11:33,261|line:470| 转发成功 992300194579087367
2024-10-25 17:11:36,774|line:489| 评论发送成功
2024-10-25 17:11:41,241|line:543| not all arguments converted during string formatting
2024-10-25 17:11:41,241|line:544| error line:537
2024-10-25 17:11:43,242|line:514| https://t.bilibili.com/982969481206693890
2024-10-25 17:11:44,716|line:521| 官方 或 预约 OUT！
2024-10-25 17:11:44,716|line:514| https://t.bilibili.com/990721137003462659
2024-10-25 17:11:47,266|line:521| 官方 或 预约 OUT！
2024-10-25 17:11:47,266|line:514| https://t.bilibili.com/991684051488210968
2024-10-25 17:11:49,742|line:339| =========此为源动态=========
2024-10-25 17:11:53,652|line:358| *********子动态开始*********
2024-10-25 17:11:53,652|line:377| *********子动态结束*********
2024-10-25 17:11:53,653|line:532| -=-=-=-=处理回最初的动态-=-=-=-=
2024-10-25 17:12:02,291|line:470| 转发成功 992300319144673286
2024-10-25 17:12:05,915|line:489| 评论发送成功
2024-10-25 17:12:08,346|line:543| not all arguments converted during string formatting
2024-10-25 17:12:08,346|line:544| error line:537
2024-10-25 17:12:10,346|line:514| https://t.bilibili.com/991436764449079302
2024-10-25 17:12:11,829|line:339| =========此为源动态=========
2024-10-25 17:12:14,345|line:358| *********子动态开始*********
2024-10-25 17:12:14,345|line:377| *********子动态结束*********
2024-10-25 17:12:14,345|line:532| -=-=-=-=处理回最初的动态-=-=-=-=
2024-10-25 17:12:23,873|line:470| 转发成功 992300409347375108
2024-10-25 17:12:27,526|line:489| 评论发送成功
2024-10-25 17:12:28,962|line:543| not all arguments converted during string formatting
2024-10-25 17:12:28,963|line:544| error line:537
2024-10-25 17:12:31,963|line:514| https://t.bilibili.com/991506291364986882
2024-10-25 17:12:34,482|line:521| 官方 或 预约 OUT！
2024-10-25 17:12:34,482|line:514| https://t.bilibili.com/990712456835760150
2024-10-25 17:12:35,910|line:521| 官方 或 预约 OUT！
2024-10-25 17:12:35,911|line:514| https://t.bilibili.com/991077563464941589
2024-10-25 17:12:40,356|line:334| =========此为子动态=========
2024-10-25 17:12:43,882|line:383| *************原动态处理开始***************
2024-10-25 17:12:50,885|line:470| 转发成功 992300525302054913
2024-10-25 17:12:54,510|line:489| 评论发送成功
2024-10-25 17:12:57,095|line:344| not all arguments converted during string formatting
2024-10-25 17:12:57,096|line:345| error line:336
2024-10-25 17:12:57,096|line:528| *#*#*#*#*#*#*#*#*#*原动态处理失败*#*#*#*#*#*#*#*#*#
2024-10-25 17:12:57,096|line:514| https://t.bilibili.com/991725394840256536
2024-10-25 17:13:01,696|line:521| 官方 或 预约 OUT！
2024-10-25 17:13:01,696|line:514| https://t.bilibili.com/991046261720219664
2024-10-25 17:13:04,122|line:339| =========此为源动态=========
2024-10-25 17:13:08,774|line:358| *********子动态开始*********
2024-10-25 17:13:08,775|line:377| *********子动态结束*********
2024-10-25 17:13:08,775|line:532| -=-=-=-=处理回最初的动态-=-=-=-=
2024-10-25 17:13:17,283|line:470| 转发成功 992300641272463360
2024-10-25 17:13:20,918|line:489| 评论发送成功
2024-10-25 17:13:22,346|line:543| not all arguments converted during string formatting
2024-10-25 17:13:22,347|line:544| error line:537
2024-10-25 17:13:23,347|line:514| https://t.bilibili.com/991711689604857872
2024-10-25 17:13:27,844|line:334| =========此为子动态=========
2024-10-25 17:13:29,378|line:383| *************原动态处理开始***************
2024-10-25 17:13:37,340|line:470| 转发成功 992300727185440791
2024-10-25 17:13:40,947|line:489| 评论发送成功
2024-10-25 17:13:42,435|line:344| not all arguments converted during string formatting
2024-10-25 17:13:42,435|line:345| error line:336
2024-10-25 17:13:42,435|line:528| *#*#*#*#*#*#*#*#*#*原动态处理失败*#*#*#*#*#*#*#*#*#
2024-10-25 17:13:42,436|line:514| https://t.bilibili.com/991705715292766232
2024-10-25 17:13:45,874|line:334| =========此为子动态=========
2024-10-25 17:13:48,398|line:383| *************原动态处理开始***************
2024-10-25 17:13:56,692|line:470| 转发成功 992300808769896466
2024-10-25 17:14:00,333|line:489| 评论发送成功
2024-10-25 17:14:04,768|line:344| not all arguments converted during string formatting
2024-10-25 17:14:04,768|line:345| error line:336
2024-10-25 17:14:04,769|line:528| *#*#*#*#*#*#*#*#*#*原动态处理失败*#*#*#*#*#*#*#*#*#
2024-10-25 17:14:04,769|line:514| https://t.bilibili.com/991485471547719712
2024-10-25 17:14:06,205|line:339| =========此为源动态=========
2024-10-25 17:14:10,700|line:358| *********子动态开始*********
2024-10-25 17:14:10,700|line:377| *********子动态结束*********
2024-10-25 17:14:10,700|line:532| -=-=-=-=处理回最初的动态-=-=-=-=
2024-10-25 17:14:17,234|line:470| 转发成功 992300898958966788
2024-10-25 17:14:20,790|line:489| 评论发送成功
2024-10-25 17:14:25,147|line:543| not all arguments converted during string formatting
2024-10-25 17:14:25,147|line:544| error line:537
2024-10-25 17:14:26,147|line:514| https://t.bilibili.com/991451126799794179
2024-10-25 17:14:30,692|line:339| =========此为源动态=========
2024-10-25 17:14:34,044|line:358| *********子动态开始*********
2024-10-25 17:14:34,044|line:377| *********子动态结束*********
2024-10-25 17:14:34,045|line:532| -=-=-=-=处理回最初的动态-=-=-=-=
2024-10-25 17:14:43,246|line:470| 转发成功 992301010617630724
2024-10-25 17:14:46,832|line:489| 评论发送成功
2024-10-25 17:14:49,206|line:543| not all arguments converted during string formatting
2024-10-25 17:14:49,207|line:544| error line:537
2024-10-25 17:14:50,207|line:514| https://t.bilibili.com/991085105381376000
2024-10-25 17:14:50,208|line:516| 已有
2024-10-25 17:14:50,208|line:514| https://t.bilibili.com/991351328940752901
2024-10-25 17:14:51,515|line:339| =========此为源动态=========
2024-10-25 17:14:53,083|line:358| *********子动态开始*********
2024-10-25 17:15:03,346|line:470| 转发成功 992301096550531094
2024-10-25 17:15:06,863|line:489| 评论发送成功
2024-10-25 17:15:13,539|line:375| not all arguments converted during string formatting
2024-10-25 17:15:13,539|line:376| error line:370
2024-10-25 17:15:24,940|line:470| 转发成功 992301186728067093
2024-10-25 17:15:28,408|line:489| 评论发送成功
2024-10-25 17:15:33,094|line:375| not all arguments converted during string formatting
2024-10-25 17:15:33,094|line:376| error line:370
2024-10-25 17:15:41,402|line:470| 转发成功 992301259752996869
2024-10-25 17:15:44,944|line:489| 评论发送成功
2024-10-25 17:15:48,620|line:375| not all arguments converted during string formatting
2024-10-25 17:15:48,621|line:376| error line:370
2024-10-25 17:16:00,372|line:470| 转发成功 992301341347938308
2024-10-25 17:16:04,038|line:489| 评论发送成功
2024-10-25 17:16:09,783|line:375| not all arguments converted during string formatting
2024-10-25 17:16:09,783|line:376| error line:370
2024-10-25 17:16:20,085|line:470| 转发成功 992301422940782608
2024-10-25 17:16:23,424|line:489| 评论
2024-10-25 17:16:33,780|line:470| 转发成功 992301483080810513
2024-10-25 17:16:37,144|line:489| 评论
2024-10-25 17:16:45,472|line:470| 转发成功 992301534631952387
2024-10-25 17:16:48,827|line:489| 评论
2024-10-25 17:16:57,159|line:470| 转发成功 992301586170511365
2024-10-25 17:17:00,542|line:489| 评论
2024-10-25 17:17:08,859|line:470| 转发成功 992301633394180114
2024-10-25 17:17:12,392|line:489| 评论发送成功
2024-10-25 17:17:19,075|line:375| not all arguments converted during string formatting
2024-10-25 17:17:19,076|line:376| error line:370
2024-10-25 17:17:28,587|line:470| 转发成功 992301719291428886
2024-10-25 17:17:31,922|line:489| 评论
2024-10-25 17:17:42,697|line:470| 转发成功 992301779434602536
2024-10-25 17:17:46,179|line:489| 评论
2024-10-25 17:17:54,921|line:470| 转发成功 992301830977355780
2024-10-25 17:17:58,527|line:489| 评论发送成功
2024-10-25 17:18:05,450|line:375| not all arguments converted during string formatting
2024-10-25 17:18:05,450|line:376| error line:370
2024-10-25 17:18:16,188|line:470| 转发成功 992301925475024904
2024-10-25 17:18:19,947|line:489| 评论发送成功
2024-10-25 17:18:22,836|line:375| not all arguments converted during string formatting
2024-10-25 17:18:22,836|line:376| error line:370
2024-10-25 17:18:29,434|line:470| 转发成功 992301981301211145
2024-10-25 17:18:32,912|line:489| 评论
2024-10-25 17:18:39,631|line:470| 转发成功 992302024236204037
2024-10-25 17:18:43,074|line:489| 评论
2024-10-25 17:18:52,735|line:470| 转发成功 992302080068681753
2024-10-25 17:18:56,216|line:489| 评论
2024-10-25 17:19:06,865|line:470| 转发成功 992302140202418179
2024-10-25 17:19:10,551|line:489| 评论发送成功
2024-10-25 17:19:19,575|line:375| not all arguments converted during string formatting
2024-10-25 17:19:19,575|line:376| error line:370
2024-10-25 17:19:47,301|line:470| 转发成功 992302316327534598
2024-10-25 17:19:50,919|line:489| 评论发送成功
2024-10-25 17:19:54,727|line:375| not all arguments converted during string formatting
2024-10-25 17:19:54,728|line:376| error line:370
2024-10-25 17:20:02,401|line:470| 转发成功 992302380733169672
2024-10-25 17:20:05,799|line:489| 评论
2024-10-25 17:20:16,355|line:470| 转发成功 992302440878440448
2024-10-25 17:20:19,791|line:489| 评论
2024-10-25 17:20:31,339|line:470| 转发成功 992302505274638345
2024-10-25 17:20:34,743|line:489| 评论
2024-10-25 17:20:44,630|line:470| 转发成功 992302561116553241
2024-10-25 17:20:48,109|line:489| 评论
2024-10-25 17:20:58,880|line:470| 转发成功 992302621266018336
2024-10-25 17:21:02,538|line:489| 评论发送成功
2024-10-25 17:21:08,479|line:375| not all arguments converted during string formatting
2024-10-25 17:21:08,479|line:376| error line:370
2024-10-25 17:21:21,149|line:470| 转发成功 992302715734327299
2024-10-25 17:21:24,592|line:489| 评论
2024-10-25 17:21:34,205|line:470| 转发成功 992302775855480836
2024-10-25 17:21:37,677|line:489| 评论
2024-10-25 17:21:54,449|line:470| 转发成功 992302861782089728
2024-10-25 17:21:58,080|line:489| 评论发送成功
2024-10-25 17:22:03,151|line:375| not all arguments converted during string formatting
2024-10-25 17:22:03,151|line:376| error line:370
2024-10-25 17:22:12,827|line:470| 转发成功 992302939072626694
2024-10-25 17:22:16,484|line:489| 评论发送成功
2024-10-25 17:22:22,489|line:375| not all arguments converted during string formatting
2024-10-25 17:22:22,489|line:376| error line:370
2024-10-25 17:22:29,095|line:470| 转发成功 992303007795249154
2024-10-25 17:22:32,528|line:489| 评论
2024-10-25 17:22:42,207|line:470| 转发成功 992303067928985604
2024-10-25 17:22:45,828|line:489| 评论发送成功
2024-10-25 17:22:49,750|line:375| not all arguments converted during string formatting
2024-10-25 17:22:49,750|line:376| error line:370
2024-10-25 17:22:59,360|line:470| 转发成功 992303140956012553
2024-10-25 17:23:02,913|line:489| 评论
2024-10-25 17:23:12,479|line:470| 转发成功 992303196776955908
2024-10-25 17:23:15,924|line:489| 评论
2024-10-25 17:23:27,515|line:470| 转发成功 992303261186785321
2024-10-25 17:23:31,067|line:489| 评论
2024-10-25 17:23:38,647|line:470| 转发成功 992303308450299924
2024-10-25 17:23:42,273|line:489| 评论发送成功
2024-10-25 17:23:46,166|line:375| not all arguments converted during string formatting
2024-10-25 17:23:46,167|line:376| error line:370
2024-10-25 17:23:56,850|line:470| 转发成功 992303385740836884
2024-10-25 17:24:00,399|line:489| 评论
2024-10-25 17:24:16,981|line:470| 转发成功 992303471643328513
2024-10-25 17:24:20,419|line:489| 评论
2024-10-25 17:24:27,252|line:470| 转发成功 992303518906843140
2024-10-25 17:24:30,686|line:489| 评论
2024-10-25 17:24:36,685|line:377| *********子动态结束*********
2024-10-25 17:24:36,686|line:532| -=-=-=-=处理回最初的动态-=-=-=-=
2024-10-25 17:24:46,253|line:470| 转发成功 992303600503881760
2024-10-25 17:24:49,863|line:489| 评论发送成功
2024-10-25 17:24:53,295|line:543| not all arguments converted during string formatting
2024-10-25 17:24:53,296|line:544| error line:537
2024-10-25 17:24:57,296|line:514| https://t.bilibili.com/992151038959026185
2024-10-25 17:24:59,829|line:521| 官方 或 预约 OUT！
2024-10-25 17:24:59,829|line:514| https://t.bilibili.com/991037658930085890
2024-10-25 17:25:02,435|line:339| =========此为源动态=========
2024-10-25 17:25:04,891|line:358| *********子动态开始*********
2024-10-25 17:25:04,891|line:377| *********子动态结束*********
2024-10-25 17:25:04,891|line:532| -=-=-=-=处理回最初的动态-=-=-=-=
2024-10-25 17:25:14,334|line:470| 转发成功 992303720758771713
2024-10-25 17:25:18,005|line:489| 评论发送成功
2024-10-25 17:25:19,654|line:543| not all arguments converted during string formatting
2024-10-25 17:25:19,654|line:544| error line:537
2024-10-25 17:25:21,655|line:514| https://t.bilibili.com/991544387740631046
2024-10-25 17:25:24,046|line:334| =========此为子动态=========
2024-10-25 17:25:25,560|line:397| *************原动态已存在***************
2024-10-25 17:25:28,236|line:358| *********子动态开始*********
2024-10-25 17:25:37,803|line:470| 转发成功 992303819566088213
2024-10-25 17:25:41,435|line:489| 评论发送成功
2024-10-25 17:25:46,242|line:375| not all arguments converted during string formatting
2024-10-25 17:25:46,243|line:376| error line:370
2024-10-25 17:25:55,968|line:470| 转发成功 992303896841945109
2024-10-25 17:25:59,415|line:489| 评论
2024-10-25 17:26:09,023|line:470| 转发成功 992303952710074377
2024-10-25 17:26:12,458|line:489| 评论
2024-10-25 17:26:24,244|line:470| 转发成功 992304021426405392
2024-10-25 17:26:27,860|line:489| 评论发送成功
2024-10-25 17:26:32,670|line:375| not all arguments converted during string formatting
2024-10-25 17:26:32,670|line:376| error line:370
2024-10-25 17:26:42,241|line:470| 转发成功 992304098705408007
2024-10-25 17:26:45,856|line:489| 评论发送成功
2024-10-25 17:26:52,700|line:375| not all arguments converted during string formatting
2024-10-25 17:26:52,701|line:376| error line:370
2024-10-25 17:27:04,305|line:470| 转发成功 992304193193639939
2024-10-25 17:27:07,743|line:489| 评论
2024-10-25 17:27:15,391|line:470| 转发成功 992304240443523092
2024-10-25 17:27:18,836|line:489| 评论
2024-10-25 17:27:26,507|line:470| 转发成功 992304287677677570
2024-10-25 17:27:29,959|line:489| 评论
2024-10-25 17:27:40,527|line:470| 转发成功 992304347836579877
2024-10-25 17:27:44,152|line:489| 评论发送成功
2024-10-25 17:27:46,969|line:375| not all arguments converted during string formatting
2024-10-25 17:27:46,970|line:376| error line:370
2024-10-25 17:27:54,725|line:470| 转发成功 992304407952490498
2024-10-25 17:27:58,119|line:489| 评论
2024-10-25 17:28:09,693|line:470| 转发成功 992304472386437120
2024-10-25 17:28:13,130|line:489| 评论
2024-10-25 17:28:19,659|line:470| 转发成功 992304515323527190
2024-10-25 17:28:23,109|line:489| 评论
2024-10-25 17:28:32,616|line:470| 转发成功 992304571154956313
2024-10-25 17:28:36,221|line:489| 评论发送成功
2024-10-25 17:28:41,037|line:375| not all arguments converted during string formatting
2024-10-25 17:28:41,037|line:376| error line:370
2024-10-25 17:28:50,679|line:470| 转发成功 992304648459124736
2024-10-25 17:28:54,072|line:489| 评论
2024-10-25 17:29:00,650|line:470| 转发成功 992304691423477799
2024-10-25 17:29:04,211|line:489| 评论发送成功
2024-10-25 17:29:11,041|line:375| not all arguments converted during string formatting
2024-10-25 17:29:11,041|line:376| error line:370
2024-10-25 17:29:19,754|line:470| 转发成功 992304773046730770
2024-10-25 17:29:23,200|line:489| 评论
2024-10-25 17:29:31,791|line:470| 转发成功 992304824577949705
2024-10-25 17:29:35,361|line:489| 评论发送成功
2024-10-25 17:29:39,180|line:375| not all arguments converted during string formatting
2024-10-25 17:29:39,180|line:376| error line:370
2024-10-25 17:29:46,795|line:470| 转发成功 992304888973099010
2024-10-25 17:29:50,241|line:489| 评论
2024-10-25 17:29:57,010|line:470| 转发成功 992304931928014870
2024-10-25 17:30:00,455|line:489| 评论
2024-10-25 17:30:11,114|line:470| 转发成功 992304992083771429
2024-10-25 17:30:14,559|line:489| 评论
2024-10-25 17:30:26,223|line:470| 转发成功 992305060801150992
2024-10-25 17:30:29,625|line:489| 评论
2024-10-25 17:30:38,201|line:470| 转发成功 992305112321884166
2024-10-25 17:30:41,642|line:489| 评论
2024-10-25 17:30:50,372|line:470| 转发成功 992305163869880326
2024-10-25 17:30:53,776|line:489| 评论
2024-10-25 17:31:02,359|line:470| 转发成功 992305215396904969
2024-10-25 17:31:05,794|line:489| 评论
2024-10-25 17:31:13,403|line:470| 转发成功 992305262666711040
2024-10-25 17:31:16,820|line:489| 评论
2024-10-25 17:31:25,697|line:470| 转发成功 992305314192687120
2024-10-25 17:31:29,101|line:489| 评论
2024-10-25 17:31:36,656|line:470| 转发成功 992305361440473093
2024-10-25 17:31:40,095|line:489| 评论
2024-10-25 17:31:50,974|line:470| 转发成功 992305421557432327
2024-10-25 17:31:54,421|line:489| 评论
2024-10-25 17:32:04,016|line:470| 转发成功 992305477389910053
2024-10-25 17:32:07,416|line:489| 评论
2024-10-25 17:32:19,024|line:470| 转发成功 992305541820710916
2024-10-25 17:32:22,635|line:489| 评论发送成功
2024-10-25 17:32:28,468|line:375| not all arguments converted during string formatting
2024-10-25 17:32:28,468|line:376| error line:370
2024-10-25 17:32:38,142|line:470| 转发成功 992305627745222657
2024-10-25 17:32:41,535|line:489| 评论
2024-10-25 17:32:51,038|line:470| 转发成功 992305679255470137
2024-10-25 17:32:54,397|line:489| 评论
2024-10-25 17:33:00,615|line:470| 转发成功 992305722232406025
2024-10-25 17:33:03,942|line:489| 评论
2024-10-25 17:33:11,336|line:470| 转发成功 992305769445588999
2024-10-25 17:33:14,671|line:489| 评论
2024-10-25 17:33:21,915|line:470| 转发成功 992305812405747721
2024-10-25 17:33:25,293|line:489| 评论
2024-10-25 17:33:35,534|line:470| 转发成功 992305872558358532
2024-10-25 17:33:38,859|line:489| 评论
2024-10-25 17:33:48,258|line:470| 转发成功 992305928361476100
2024-10-25 17:33:51,620|line:489| 评论
2024-10-25 17:33:57,773|line:470| 转发成功 992305967035056131
2024-10-25 17:34:01,096|line:489| 评论
2024-10-25 17:34:09,514|line:470| 转发成功 992306018567323649
2024-10-25 17:34:12,836|line:489| 评论
2024-10-25 17:34:22,677|line:470| 转发成功 992306074408189959
2024-10-25 17:34:26,173|line:489| 评论
2024-10-25 17:34:35,788|line:470| 转发成功 992306130242764821
2024-10-25 17:34:39,274|line:489| 评论
2024-10-25 17:34:45,965|line:470| 转发成功 992306173187194882
2024-10-25 17:34:49,399|line:489| 评论
2024-10-25 17:35:00,012|line:470| 转发成功 992306233334562841
2024-10-25 17:35:03,678|line:489| 评论发送成功
2024-10-25 17:35:09,566|line:375| not all arguments converted during string formatting
2024-10-25 17:35:09,567|line:376| error line:370
2024-10-25 17:35:17,326|line:470| 转发成功 992306310638731272
2024-10-25 17:35:20,853|line:489| 评论
2024-10-25 17:35:29,535|line:470| 转发成功 992306362148978688
2024-10-25 17:35:33,146|line:489| 评论发送成功
2024-10-25 17:35:40,045|line:375| not all arguments converted during string formatting
2024-10-25 17:35:40,045|line:376| error line:370
2024-10-25 17:35:50,650|line:470| 转发成功 992306452357971974
2024-10-25 17:35:54,047|line:489| 评论
2024-10-25 17:36:00,679|line:470| 转发成功 992306495311839253
2024-10-25 17:36:04,118|line:489| 评论
2024-10-25 17:36:13,890|line:470| 转发成功 992306551141171223
2024-10-25 17:36:17,285|line:489| 评论
2024-10-25 17:36:28,908|line:470| 转发成功 992306615589797906
2024-10-25 17:36:32,340|line:489| 评论
2024-10-25 17:36:32,340|line:377| *********子动态结束*********
2024-10-25 17:36:32,340|line:532| -=-=-=-=处理回最初的动态-=-=-=-=
2024-10-25 17:36:44,121|line:470| 转发成功 992306679995432960
2024-10-25 17:36:47,514|line:489| 评论
2024-10-25 17:36:49,515|line:514| https://t.bilibili.com/991347051160666130
2024-10-25 17:36:53,045|line:339| =========此为源动态=========
2024-10-25 17:36:57,500|line:358| *********子动态开始*********
2024-10-25 17:36:57,500|line:377| *********子动态结束*********
2024-10-25 17:36:57,500|line:532| -=-=-=-=处理回最初的动态-=-=-=-=
2024-10-25 17:37:06,960|line:470| 转发成功 992306778790166549
2024-10-25 17:37:10,548|line:489| 评论发送成功
2024-10-25 17:37:13,974|line:543| not all arguments converted during string formatting
2024-10-25 17:37:13,974|line:544| error line:537
2024-10-25 17:37:16,974|line:514| https://t.bilibili.com/991740592568401923
2024-10-25 17:37:18,408|line:339| =========此为源动态=========
2024-10-25 17:37:22,036|line:358| *********子动态开始*********
2024-10-25 17:37:22,036|line:377| *********子动态结束*********
2024-10-25 17:37:22,036|line:532| -=-=-=-=处理回最初的动态-=-=-=-=
2024-10-25 17:37:31,519|line:470| 转发成功 992306886154911750
2024-10-25 17:37:35,121|line:489| 评论发送成功
2024-10-25 17:37:36,598|line:543| not all arguments converted during string formatting
2024-10-25 17:37:36,599|line:544| error line:537
2024-10-25 17:37:37,599|line:514| https://t.bilibili.com/991704667331231750
2024-10-25 17:37:41,049|line:334| =========此为子动态=========
2024-10-25 17:37:42,576|line:383| *************原动态处理开始***************
2024-10-25 17:37:49,553|line:470| 转发成功 992306963452788739
2024-10-25 17:37:53,170|line:489| 评论发送成功
2024-10-25 17:37:56,598|line:344| not all arguments converted during string formatting
2024-10-25 17:37:56,598|line:345| error line:336
2024-10-25 17:37:56,598|line:528| *#*#*#*#*#*#*#*#*#*原动态处理失败*#*#*#*#*#*#*#*#*#
2024-10-25 17:37:56,598|line:514| https://t.bilibili.com/991704564233142273
2024-10-25 17:37:59,028|line:334| =========此为子动态=========
2024-10-25 17:38:01,541|line:383| *************原动态处理开始***************
2024-10-25 17:38:09,545|line:470| 转发成功 992307049368911888
2024-10-25 17:38:13,008|line:489| 评论
2024-10-25 17:38:13,008|line:528| *#*#*#*#*#*#*#*#*#*原动态处理失败*#*#*#*#*#*#*#*#*#
2024-10-25 17:38:13,008|line:514| https://t.bilibili.com/991035889397268480
2024-10-25 17:38:16,438|line:339| =========此为源动态=========
2024-10-25 17:38:17,910|line:358| *********子动态开始*********
2024-10-25 17:38:17,910|line:377| *********子动态结束*********
2024-10-25 17:38:17,910|line:532| -=-=-=-=处理回最初的动态-=-=-=-=
2024-10-25 17:38:24,526|line:470| 转发成功 992307113771401240
2024-10-25 17:38:28,102|line:489| 评论发送成功
2024-10-25 17:38:30,605|line:543| not all arguments converted during string formatting
2024-10-25 17:38:30,605|line:544| error line:537
2024-10-25 17:38:32,606|line:514| https://t.bilibili.com/989652025164693507
2024-10-25 17:38:35,252|line:521| 官方 或 预约 OUT！
2024-10-25 17:38:35,253|line:514| https://t.bilibili.com/991059713572470804
2024-10-25 17:38:36,852|line:339| =========此为源动态=========
2024-10-25 17:38:39,463|line:358| *********子动态开始*********
2024-10-25 17:38:39,463|line:377| *********子动态结束*********
2024-10-25 17:38:39,463|line:532| -=-=-=-=处理回最初的动态-=-=-=-=
2024-10-25 17:38:49,021|line:470| 转发成功 992307216861102085
2024-10-25 17:38:52,619|line:489| 评论发送成功
2024-10-25 17:38:56,069|line:543| not all arguments converted during string formatting
2024-10-25 17:38:56,069|line:544| error line:537
2024-10-25 17:38:57,069|line:514| https://t.bilibili.com/990983009768308743
2024-10-25 17:38:59,499|line:339| =========此为源动态=========
2024-10-25 17:39:04,111|line:358| *********子动态开始*********
2024-10-25 17:39:04,112|line:377| *********子动态结束*********
2024-10-25 17:39:04,112|line:532| -=-=-=-=处理回最初的动态-=-=-=-=
2024-10-25 17:39:12,691|line:470| 转发成功 992307319941365761
2024-10-25 17:39:16,322|line:489| 评论发送成功
2024-10-25 17:39:17,752|line:543| not all arguments converted during string formatting
2024-10-25 17:39:17,753|line:544| error line:537
2024-10-25 17:39:21,753|line:514| https://t.bilibili.com/991056011291787266
2024-10-25 17:39:23,207|line:334| =========此为子动态=========
2024-10-25 17:39:24,888|line:383| *************原动态处理开始***************
2024-10-25 17:39:32,873|line:470| 转发成功 992307405858537474
2024-10-25 17:39:36,435|line:489| 评论发送成功
2024-10-25 17:39:39,879|line:344| not all arguments converted during string formatting
2024-10-25 17:39:39,880|line:345| error line:336
2024-10-25 17:39:39,880|line:528| *#*#*#*#*#*#*#*#*#*原动态处理失败*#*#*#*#*#*#*#*#*#
2024-10-25 17:39:39,880|line:514| https://t.bilibili.com/988498701868597249
2024-10-25 17:39:39,880|line:516| 已有
2024-10-25 17:39:39,880|line:514| https://t.bilibili.com/991109260301565959
2024-10-25 17:39:44,322|line:339| =========此为源动态=========
2024-10-25 17:39:46,775|line:358| *********子动态开始*********
2024-10-25 17:39:46,775|line:377| *********子动态结束*********
2024-10-25 17:39:46,776|line:532| -=-=-=-=处理回最初的动态-=-=-=-=
2024-10-25 17:39:58,271|line:470| 转发成功 992307517510909975
2024-10-25 17:40:01,845|line:489| 评论发送成功
2024-10-25 17:40:03,277|line:543| not all arguments converted during string formatting
2024-10-25 17:40:03,278|line:544| error line:537
2024-10-25 17:40:04,278|line:514| https://t.bilibili.com/991055744996474897
2024-10-25 17:40:08,833|line:339| =========此为源动态=========
2024-10-25 17:40:10,450|line:358| *********子动态开始*********
2024-10-25 17:40:10,450|line:377| *********子动态结束*********
2024-10-25 17:40:10,450|line:532| -=-=-=-=处理回最初的动态-=-=-=-=
2024-10-25 17:40:18,926|line:470| 转发成功 992307603432275991
2024-10-25 17:40:22,533|line:489| 评论发送成功
2024-10-25 17:40:25,961|line:543| not all arguments converted during string formatting
2024-10-25 17:40:25,961|line:544| error line:537
2024-10-25 17:40:27,962|line:514| https://t.bilibili.com/991443352903745543
2024-10-25 17:40:32,392|line:339| =========此为源动态=========
2024-10-25 17:40:36,026|line:358| *********子动态开始*********
2024-10-25 17:40:36,027|line:377| *********子动态结束*********
2024-10-25 17:40:36,027|line:532| -=-=-=-=处理回最初的动态-=-=-=-=
2024-10-25 17:40:46,866|line:470| 转发成功 992307723659902983
2024-10-25 17:40:50,456|line:489| 评论发送成功
2024-10-25 17:40:52,884|line:543| not all arguments converted during string formatting
2024-10-25 17:40:52,884|line:544| error line:537
2024-10-25 17:40:56,885|line:514| https://t.bilibili.com/991025512742649881
2024-10-25 17:41:00,321|line:339| =========此为源动态=========
2024-10-25 17:41:04,091|line:358| *********子动态开始*********
2024-10-25 17:41:04,092|line:377| *********子动态结束*********
2024-10-25 17:41:04,092|line:532| -=-=-=-=处理回最初的动态-=-=-=-=
2024-10-25 17:41:13,556|line:470| 转发成功 992307839640797190
2024-10-25 17:41:17,176|line:489| 评论发送成功
2024-10-25 17:41:21,604|line:543| not all arguments converted during string formatting
2024-10-25 17:41:21,605|line:544| error line:537
2024-10-25 17:41:24,605|line:514| https://t.bilibili.com/991027840610730003
2024-10-25 17:41:28,199|line:339| =========此为源动态=========
2024-10-25 17:41:30,063|line:358| *********子动态开始*********
2024-10-25 17:41:30,063|line:377| *********子动态结束*********
2024-10-25 17:41:30,063|line:532| -=-=-=-=处理回最初的动态-=-=-=-=
2024-10-25 17:41:40,744|line:470| 转发成功 992307955592331267
2024-10-25 17:41:44,316|line:489| 评论发送成功
2024-10-25 17:41:47,931|line:543| not all arguments converted during string formatting
2024-10-25 17:41:47,932|line:544| error line:537
2024-10-25 17:41:51,932|line:514| https://t.bilibili.com/991430012758392835
2024-10-25 17:41:53,476|line:339| =========此为源动态=========
2024-10-25 17:41:54,932|line:358| *********子动态开始*********
2024-10-25 17:41:54,932|line:377| *********子动态结束*********
2024-10-25 17:41:54,933|line:532| -=-=-=-=处理回最初的动态-=-=-=-=
2024-10-25 17:42:03,577|line:470| 转发成功 992308054389161988
2024-10-25 17:42:07,276|line:489| 评论发送成功
2024-10-25 17:42:09,743|line:543| not all arguments converted during string formatting
2024-10-25 17:42:09,743|line:544| error line:537
2024-10-25 17:42:12,744|line:514| https://t.bilibili.com/991700209152032835
2024-10-25 17:42:16,172|line:334| =========此为子动态=========
2024-10-25 17:42:18,929|line:383| *************原动态处理开始***************
2024-10-25 17:42:24,954|line:470| 转发成功 992308144575086592
2024-10-25 17:42:28,570|line:489| 评论发送成功
2024-10-25 17:42:33,047|line:344| not all arguments converted during string formatting
2024-10-25 17:42:33,048|line:345| error line:336
2024-10-25 17:42:33,048|line:528| *#*#*#*#*#*#*#*#*#*原动态处理失败*#*#*#*#*#*#*#*#*#
2024-10-25 17:42:33,048|line:514| https://t.bilibili.com/991694857613344768
2024-10-25 17:42:35,511|line:339| =========此为源动态=========
2024-10-25 17:42:39,027|line:358| *********子动态开始*********
2024-10-25 17:42:39,027|line:377| *********子动态结束*********
2024-10-25 17:42:39,027|line:532| -=-=-=-=处理回最初的动态-=-=-=-=
2024-10-25 17:42:49,676|line:470| 转发成功 992308251941928965
2024-10-25 17:42:53,272|line:489| 评论发送成功
2024-10-25 17:42:54,751|line:543| not all arguments converted during string formatting
2024-10-25 17:42:54,751|line:544| error line:537
2024-10-25 17:42:57,751|line:514| https://t.bilibili.com/991335304448180229
2024-10-25 17:43:00,225|line:339| =========此为源动态=========
2024-10-25 17:43:02,943|line:358| *********子动态开始*********
2024-10-25 17:43:02,944|line:377| *********子动态结束*********
2024-10-25 17:43:02,944|line:532| -=-=-=-=处理回最初的动态-=-=-=-=
2024-10-25 17:43:14,489|line:470| 转发成功 992308359336034308
2024-10-25 17:43:18,135|line:489| 评论发送成功
2024-10-25 17:43:22,773|line:543| not all arguments converted during string formatting
2024-10-25 17:43:22,773|line:544| error line:537
2024-10-25 17:43:24,773|line:514| https://t.bilibili.com/991317686495477768
2024-10-25 17:43:28,503|line:339| =========此为源动态=========
2024-10-25 17:43:29,990|line:358| *********子动态开始*********
2024-10-25 17:43:29,990|line:377| *********子动态结束*********
2024-10-25 17:43:29,990|line:532| -=-=-=-=处理回最初的动态-=-=-=-=
2024-10-25 17:43:39,603|line:470| 转发成功 992308466706022424
2024-10-25 17:43:43,249|line:489| 评论发送成功
2024-10-25 17:43:45,714|line:543| not all arguments converted during string formatting
2024-10-25 17:43:45,714|line:544| error line:537
2024-10-25 17:43:48,715|line:514| https://t.bilibili.com/991775993833193477
2024-10-25 17:43:53,186|line:521| 官方 或 预约 OUT！
2024-10-25 17:43:53,186|line:514| https://t.bilibili.com/991695235553689605
2024-10-25 17:43:57,718|line:339| =========此为源动态=========
2024-10-25 17:44:02,227|line:358| *********子动态开始*********
2024-10-25 17:44:02,228|line:377| *********子动态结束*********
2024-10-25 17:44:02,228|line:532| -=-=-=-=处理回最初的动态-=-=-=-=
2024-10-25 17:44:09,793|line:470| 转发成功 992308595551895557
2024-10-25 17:44:13,334|line:489| 评论发送成功
2024-10-25 17:44:15,805|line:543| not all arguments converted during string formatting
2024-10-25 17:44:15,805|line:544| error line:537
2024-10-25 17:44:17,805|line:514| https://t.bilibili.com/991431382825697287
2024-10-25 17:44:22,286|line:521| 官方 或 预约 OUT！
2024-10-25 17:44:22,286|line:514| https://t.bilibili.com/991403121990172678
2024-10-25 17:44:26,762|line:521| 官方 或 预约 OUT！
2024-10-25 17:44:26,762|line:514| https://t.bilibili.com/991424450751627264
2024-10-25 17:44:28,235|line:339| =========此为源动态=========
2024-10-25 17:44:29,933|line:358| *********子动态开始*********
2024-10-25 17:44:29,933|line:377| *********子动态结束*********
2024-10-25 17:44:29,933|line:532| -=-=-=-=处理回最初的动态-=-=-=-=
2024-10-25 17:44:40,488|line:470| 转发成功 992308728678055943
2024-10-25 17:44:44,132|line:489| 评论发送成功
2024-10-25 17:44:48,617|line:543| not all arguments converted during string formatting
2024-10-25 17:44:48,618|line:544| error line:537
2024-10-25 17:44:52,618|line:514| https://t.bilibili.com/991701278578966528
2024-10-25 17:44:57,109|line:334| =========此为子动态=========
2024-10-25 17:45:01,742|line:383| *************原动态处理开始***************
2024-10-25 17:45:09,761|line:470| 转发成功 992308853261467653
2024-10-25 17:45:13,431|line:489| 评论发送成功
2024-10-25 17:45:14,903|line:344| not all arguments converted during string formatting
2024-10-25 17:45:14,903|line:345| error line:336
2024-10-25 17:45:14,904|line:528| *#*#*#*#*#*#*#*#*#*原动态处理失败*#*#*#*#*#*#*#*#*#
2024-10-25 17:45:14,904|line:514| https://t.bilibili.com/991703069580328978
2024-10-25 17:45:16,326|line:334| =========此为子动态=========
2024-10-25 17:45:18,838|line:383| *************原动态处理开始***************
2024-10-25 17:45:24,870|line:470| 转发成功 992308917687025730
2024-10-25 17:45:28,329|line:489| 评论
2024-10-25 17:45:28,329|line:528| *#*#*#*#*#*#*#*#*#*原动态处理失败*#*#*#*#*#*#*#*#*#
2024-10-25 17:45:28,329|line:514| https://t.bilibili.com/991485471523602433
2024-10-25 17:45:29,816|line:339| =========此为源动态=========
2024-10-25 17:45:32,426|line:358| *********子动态开始*********
2024-10-25 17:45:32,427|line:377| *********子动态结束*********
2024-10-25 17:45:32,427|line:532| -=-=-=-=处理回最初的动态-=-=-=-=
2024-10-25 17:45:40,977|line:470| 转发成功 992308986392870937
2024-10-25 17:45:44,811|line:489| 评论发送成功
2024-10-25 17:45:48,279|line:543| not all arguments converted during string formatting
2024-10-25 17:45:48,280|line:544| error line:537
2024-10-25 17:45:49,280|line:547| 执行结束
2024-10-25 17:45:53,112|line:552| ==================================================2024-10-26 01:45==================================================
