2024-10-26 16:29:44,500|line:233| processing article 39588970
2024-10-26 16:29:47,339|line:502| ==================================================2024-10-27 00:29==================================================
2024-10-26 16:29:47,339|line:514| https://t.bilibili.com/989591603542753337
2024-10-26 16:29:48,921|line:521| 官方 或 预约 OUT！
2024-10-26 16:29:48,922|line:514| https://t.bilibili.com/989577769439461382
2024-10-26 16:29:53,357|line:521| 官方 或 预约 OUT！
2024-10-26 16:29:53,358|line:514| https://t.bilibili.com/982481598715789321
2024-10-26 16:29:54,815|line:334| =========此为子动态=========
2024-10-26 16:29:56,373|line:383| *************原动态处理开始***************
2024-10-26 16:30:03,520|line:470| 转发成功 992660585309011975
2024-10-26 16:30:07,060|line:489| 评论发送成功
2024-10-26 16:30:08,576|line:344| not all arguments converted during string formatting
2024-10-26 16:30:08,577|line:345| error line:336
2024-10-26 16:30:08,577|line:528| *#*#*#*#*#*#*#*#*#*原动态处理失败*#*#*#*#*#*#*#*#*#
2024-10-26 16:30:08,577|line:514| https://t.bilibili.com/982481143445061640
2024-10-26 16:30:12,016|line:334| =========此为子动态=========
2024-10-26 16:30:15,560|line:383| *************原动态处理开始***************
2024-10-26 16:30:23,618|line:470| 转发成功 992660671183192113
2024-10-26 16:30:27,299|line:489| 评论发送成功
2024-10-26 16:30:29,727|line:344| not all arguments converted during string formatting
2024-10-26 16:30:29,728|line:345| error line:336
2024-10-26 16:30:29,728|line:528| *#*#*#*#*#*#*#*#*#*原动态处理失败*#*#*#*#*#*#*#*#*#
2024-10-26 16:30:29,728|line:514| https://t.bilibili.com/988739791239512073
2024-10-26 16:30:34,169|line:339| =========此为源动态=========
2024-10-26 16:30:38,720|line:358| *********子动态开始*********
2024-10-26 16:30:38,720|line:377| *********子动态结束*********
2024-10-26 16:30:38,721|line:532| -=-=-=-=处理回最初的动态-=-=-=-=
2024-10-26 16:30:49,405|line:470| 转发成功 992660782885896201
2024-10-26 16:30:53,030|line:489| 评论发送成功
2024-10-26 16:30:54,456|line:543| not all arguments converted during string formatting
2024-10-26 16:30:54,457|line:544| error line:537
2024-10-26 16:30:56,457|line:514| https://t.bilibili.com/982492954629242880
2024-10-26 16:30:58,912|line:334| =========此为子动态=========
2024-10-26 16:31:02,412|line:383| *************原动态处理开始***************
2024-10-26 16:31:10,551|line:470| 转发成功 992660873069723656
2024-10-26 16:31:14,161|line:489| 评论
2024-10-26 16:31:14,161|line:528| *#*#*#*#*#*#*#*#*#*原动态处理失败*#*#*#*#*#*#*#*#*#
2024-10-26 16:31:14,162|line:514| https://t.bilibili.com/990674652574515207
2024-10-26 16:31:17,600|line:339| =========此为源动态=========
2024-10-26 16:31:20,285|line:358| *********子动态开始*********
2024-10-26 16:31:20,285|line:377| *********子动态结束*********
2024-10-26 16:31:20,285|line:532| -=-=-=-=处理回最初的动态-=-=-=-=
2024-10-26 16:31:27,762|line:470| 转发成功 992660946056904709
2024-10-26 16:31:31,455|line:489| 评论发送成功
2024-10-26 16:31:32,906|line:543| not all arguments converted during string formatting
2024-10-26 16:31:32,906|line:544| error line:537
2024-10-26 16:31:36,906|line:514| https://t.bilibili.com/991724016127442952
2024-10-26 16:31:40,342|line:521| 官方 或 预约 OUT！
2024-10-26 16:31:40,342|line:514| https://t.bilibili.com/989200830257168420
2024-10-26 16:31:41,789|line:334| =========此为子动态=========
2024-10-26 16:31:46,269|line:383| *************原动态处理开始***************
2024-10-26 16:31:54,335|line:470| 转发成功 992661062046187525
2024-10-26 16:31:57,866|line:489| 评论发送成功
2024-10-26 16:32:01,297|line:344| not all arguments converted during string formatting
2024-10-26 16:32:01,297|line:345| error line:336
2024-10-26 16:32:01,298|line:528| *#*#*#*#*#*#*#*#*#*原动态处理失败*#*#*#*#*#*#*#*#*#
2024-10-26 16:32:01,298|line:514| https://t.bilibili.com/982554669009076231
2024-10-26 16:32:02,741|line:334| =========此为子动态=========
2024-10-26 16:32:06,233|line:383| *************原动态处理开始***************
2024-10-26 16:32:13,234|line:470| 转发成功 992661143642177544
2024-10-26 16:32:16,651|line:489| 评论
2024-10-26 16:32:16,651|line:528| *#*#*#*#*#*#*#*#*#*原动态处理失败*#*#*#*#*#*#*#*#*#
2024-10-26 16:32:16,651|line:514| https://t.bilibili.com/989851681014415376
2024-10-26 16:32:18,261|line:521| 官方 或 预约 OUT！
2024-10-26 16:32:18,261|line:514| https://t.bilibili.com/983932451530211369
2024-10-26 16:32:19,696|line:521| 官方 或 预约 OUT！
2024-10-26 16:32:19,696|line:514| https://t.bilibili.com/988826601169879062
2024-10-26 16:32:22,135|line:339| =========此为源动态=========
2024-10-26 16:32:26,781|line:358| *********子动态开始*********
2024-10-26 16:32:26,782|line:377| *********子动态结束*********
2024-10-26 16:32:26,782|line:532| -=-=-=-=处理回最初的动态-=-=-=-=
2024-10-26 16:32:39,261|line:470| 转发成功 992661255315521539
2024-10-26 16:32:42,803|line:489| 评论发送成功
2024-10-26 16:32:44,247|line:543| not all arguments converted during string formatting
2024-10-26 16:32:44,247|line:544| error line:537
2024-10-26 16:32:48,248|line:514| https://t.bilibili.com/982497588897906706
2024-10-26 16:32:50,696|line:339| =========此为源动态=========
2024-10-26 16:32:54,507|line:358| *********子动态开始*********
2024-10-26 16:32:54,507|line:377| *********子动态结束*********
2024-10-26 16:32:54,507|line:532| -=-=-=-=处理回最初的动态-=-=-=-=
2024-10-26 16:33:04,793|line:470| 转发成功 992661362709626883
2024-10-26 16:33:08,301|line:489| 评论发送成功
2024-10-26 16:33:12,644|line:543| not all arguments converted during string formatting
2024-10-26 16:33:12,645|line:544| error line:537
2024-10-26 16:33:14,645|line:514| https://t.bilibili.com/986994694537871397
2024-10-26 16:33:20,987|line:339| =========此为源动态=========
2024-10-26 16:33:23,327|line:358| *********子动态开始*********
2024-10-26 16:33:23,327|line:377| *********子动态结束*********
2024-10-26 16:33:23,328|line:532| -=-=-=-=处理回最初的动态-=-=-=-=
2024-10-26 16:33:33,747|line:470| 转发成功 992661487253192709
2024-10-26 16:33:37,116|line:489| 评论发送成功
2024-10-26 16:33:41,477|line:543| not all arguments converted during string formatting
2024-10-26 16:33:41,477|line:544| error line:537
2024-10-26 16:33:43,478|line:514| https://t.bilibili.com/982823856078061569
2024-10-26 16:33:47,796|line:334| =========此为子动态=========
2024-10-26 16:33:49,178|line:383| *************原动态处理开始***************
2024-10-26 16:33:54,957|line:470| 转发成功 992661577421291529
2024-10-26 16:33:58,401|line:489| 评论发送成功
2024-10-26 16:33:59,749|line:344| not all arguments converted during string formatting
2024-10-26 16:33:59,750|line:345| error line:336
2024-10-26 16:33:59,750|line:528| *#*#*#*#*#*#*#*#*#*原动态处理失败*#*#*#*#*#*#*#*#*#
2024-10-26 16:33:59,750|line:514| https://t.bilibili.com/986939525684002823
2024-10-26 16:34:02,085|line:521| 官方 或 预约 OUT！
2024-10-26 16:34:02,086|line:514| https://t.bilibili.com/984092512100548614
2024-10-26 16:34:04,424|line:339| =========此为源动态=========
2024-10-26 16:34:07,763|line:358| *********子动态开始*********
2024-10-26 16:34:07,763|line:377| *********子动态结束*********
2024-10-26 16:34:07,764|line:532| -=-=-=-=处理回最初的动态-=-=-=-=
2024-10-26 16:34:17,092|line:470| 转发成功 992661671910572083
2024-10-26 16:34:20,722|line:489| 评论发送成功
2024-10-26 16:34:22,325|line:543| not all arguments converted during string formatting
2024-10-26 16:34:22,325|line:544| error line:537
2024-10-26 16:34:24,326|line:514| https://t.bilibili.com/984097189307351044
2024-10-26 16:34:28,996|line:339| =========此为源动态=========
2024-10-26 16:34:31,514|line:358| *********子动态开始*********
2024-10-26 16:34:31,515|line:377| *********子动态结束*********
2024-10-26 16:34:31,515|line:532| -=-=-=-=处理回最初的动态-=-=-=-=
2024-10-26 16:34:42,121|line:470| 转发成功 992661779280560152
2024-10-26 16:34:45,722|line:489| 评论发送成功
2024-10-26 16:34:47,155|line:543| not all arguments converted during string formatting
2024-10-26 16:34:47,155|line:544| error line:537
2024-10-26 16:34:48,156|line:514| https://t.bilibili.com/989559069177020456
2024-10-26 16:34:50,635|line:339| =========此为源动态=========
2024-10-26 16:34:52,099|line:358| *********子动态开始*********
2024-10-26 16:34:52,099|line:377| *********子动态结束*********
2024-10-26 16:34:52,099|line:532| -=-=-=-=处理回最初的动态-=-=-=-=
2024-10-26 16:35:03,896|line:470| 转发成功 992661873774034944
2024-10-26 16:35:07,433|line:489| 评论发送成功
2024-10-26 16:35:10,866|line:543| not all arguments converted during string formatting
2024-10-26 16:35:10,867|line:544| error line:537
2024-10-26 16:35:12,867|line:514| https://t.bilibili.com/987627940194811906
2024-10-26 16:35:17,301|line:521| 官方 或 预约 OUT！
2024-10-26 16:35:17,301|line:514| https://t.bilibili.com/989168978760826888
2024-10-26 16:35:21,730|line:521| 官方 或 预约 OUT！
2024-10-26 16:35:21,730|line:514| https://t.bilibili.com/988842672886120455
2024-10-26 16:35:26,168|line:334| =========此为子动态=========
2024-10-26 16:35:27,672|line:383| *************原动态处理开始***************
2024-10-26 16:35:34,656|line:470| 转发成功 992662006913826818
2024-10-26 16:35:38,351|line:489| 评论发送成功
2024-10-26 16:35:41,959|line:344| not all arguments converted during string formatting
2024-10-26 16:35:41,959|line:345| error line:336
2024-10-26 16:35:41,959|line:528| *#*#*#*#*#*#*#*#*#*原动态处理失败*#*#*#*#*#*#*#*#*#
2024-10-26 16:35:41,959|line:514| https://t.bilibili.com/959867934517231623
2024-10-26 16:35:44,349|line:521| 官方 或 预约 OUT！
2024-10-26 16:35:44,349|line:514| https://t.bilibili.com/990310194508464131
2024-10-26 16:35:48,786|line:339| =========此为源动态=========
2024-10-26 16:35:53,412|line:358| *********子动态开始*********
2024-10-26 16:35:53,412|line:377| *********子动态结束*********
2024-10-26 16:35:53,412|line:532| -=-=-=-=处理回最初的动态-=-=-=-=
2024-10-26 16:36:02,951|line:470| 转发成功 992662127193882646
2024-10-26 16:36:06,500|line:489| 评论发送成功
2024-10-26 16:36:09,929|line:543| not all arguments converted during string formatting
2024-10-26 16:36:09,929|line:544| error line:537
2024-10-26 16:36:11,930|line:514| https://t.bilibili.com/992126437408374791
2024-10-26 16:36:14,418|line:339| =========此为源动态=========
2024-10-26 16:36:16,866|line:358| *********子动态开始*********
2024-10-26 16:36:16,867|line:377| *********子动态结束*********
2024-10-26 16:36:16,867|line:532| -=-=-=-=处理回最初的动态-=-=-=-=
2024-10-26 16:36:29,555|line:470| 转发成功 992662243137028102
2024-10-26 16:36:33,146|line:489| 评论发送成功
2024-10-26 16:36:34,622|line:543| not all arguments converted during string formatting
2024-10-26 16:36:34,623|line:544| error line:537
2024-10-26 16:36:36,623|line:514| https://t.bilibili.com/990241960393441280
2024-10-26 16:36:39,084|line:339| =========此为源动态=========
2024-10-26 16:36:41,713|line:358| *********子动态开始*********
2024-10-26 16:36:41,713|line:377| *********子动态结束*********
2024-10-26 16:36:41,713|line:532| -=-=-=-=处理回最初的动态-=-=-=-=
2024-10-26 16:36:49,332|line:470| 转发成功 992662329045811221
2024-10-26 16:36:52,933|line:489| 评论发送成功
2024-10-26 16:36:54,394|line:543| not all arguments converted during string formatting
2024-10-26 16:36:54,395|line:544| error line:537
2024-10-26 16:36:57,395|line:514| https://t.bilibili.com/982895886967242770
2024-10-26 16:36:59,837|line:339| =========此为源动态=========
2024-10-26 16:37:03,476|line:358| *********子动态开始*********
2024-10-26 16:37:03,476|line:377| *********子动态结束*********
2024-10-26 16:37:03,476|line:532| -=-=-=-=处理回最初的动态-=-=-=-=
2024-10-26 16:37:14,159|line:470| 转发成功 992662432142852104
2024-10-26 16:37:17,809|line:489| 评论发送成功
2024-10-26 16:37:20,445|line:543| not all arguments converted during string formatting
2024-10-26 16:37:20,445|line:544| error line:537
2024-10-26 16:37:24,446|line:514| https://t.bilibili.com/985473975445356551
2024-10-26 16:37:28,898|line:339| =========此为源动态=========
2024-10-26 16:37:30,363|line:358| *********子动态开始*********
2024-10-26 16:37:30,363|line:377| *********子动态结束*********
2024-10-26 16:37:30,363|line:532| -=-=-=-=处理回最初的动态-=-=-=-=
2024-10-26 16:37:41,289|line:470| 转发成功 992662552387256322
2024-10-26 16:37:44,910|line:489| 评论发送成功
2024-10-26 16:37:49,385|line:543| not all arguments converted during string formatting
2024-10-26 16:37:49,386|line:544| error line:537
2024-10-26 16:37:50,386|line:514| https://t.bilibili.com/991085809802149888
2024-10-26 16:37:50,386|line:516| 已有
2024-10-26 16:37:50,387|line:514| https://t.bilibili.com/992143686003326983
2024-10-26 16:37:54,005|line:339| =========此为源动态=========
2024-10-26 16:37:57,520|line:358| *********子动态开始*********
2024-10-26 16:37:57,520|line:377| *********子动态结束*********
2024-10-26 16:37:57,521|line:532| -=-=-=-=处理回最初的动态-=-=-=-=
2024-10-26 16:38:07,234|line:470| 转发成功 992662664054308871
2024-10-26 16:38:10,890|line:489| 评论发送成功
2024-10-26 16:38:13,369|line:543| not all arguments converted during string formatting
2024-10-26 16:38:13,369|line:544| error line:537
2024-10-26 16:38:14,369|line:514| https://t.bilibili.com/989177839308767239
2024-10-26 16:38:18,941|line:339| =========此为源动态=========
2024-10-26 16:38:20,445|line:358| *********子动态开始*********
2024-10-26 16:38:20,445|line:377| *********子动态结束*********
2024-10-26 16:38:20,446|line:532| -=-=-=-=处理回最初的动态-=-=-=-=
2024-10-26 16:38:31,249|line:470| 转发成功 992662767132475392
2024-10-26 16:38:34,811|line:489| 评论发送成功
2024-10-26 16:38:36,280|line:543| not all arguments converted during string formatting
2024-10-26 16:38:36,280|line:544| error line:537
2024-10-26 16:38:38,281|line:514| https://t.bilibili.com/990220176313024545
2024-10-26 16:38:42,756|line:521| 官方 或 预约 OUT！
2024-10-26 16:38:42,757|line:514| https://t.bilibili.com/988498701868597249
2024-10-26 16:38:42,757|line:516| 已有
2024-10-26 16:38:42,757|line:514| https://t.bilibili.com/982527052373557253
2024-10-26 16:38:46,239|line:334| =========此为子动态=========
2024-10-26 16:38:50,855|line:383| *************原动态处理开始***************
2024-10-26 16:38:56,866|line:470| 转发成功 992662874518192133
2024-10-26 16:39:00,443|line:489| 评论发送成功
2024-10-26 16:39:03,910|line:344| not all arguments converted during string formatting
2024-10-26 16:39:03,911|line:345| error line:336
2024-10-26 16:39:03,911|line:528| *#*#*#*#*#*#*#*#*#*原动态处理失败*#*#*#*#*#*#*#*#*#
2024-10-26 16:39:03,912|line:514| https://t.bilibili.com/981493769140436999
2024-10-26 16:39:05,427|line:521| 官方 或 预约 OUT！
2024-10-26 16:39:05,427|line:514| https://t.bilibili.com/988872845031374854
2024-10-26 16:39:09,906|line:334| =========此为子动态=========
2024-10-26 16:39:14,494|line:383| *************原动态处理开始***************
2024-10-26 16:39:20,559|line:470| 转发成功 992662977581678592
2024-10-26 16:39:24,155|line:489| 评论发送成功
2024-10-26 16:39:26,630|line:344| not all arguments converted during string formatting
2024-10-26 16:39:26,630|line:345| error line:336
2024-10-26 16:39:26,631|line:528| *#*#*#*#*#*#*#*#*#*原动态处理失败*#*#*#*#*#*#*#*#*#
2024-10-26 16:39:26,631|line:514| https://t.bilibili.com/990721137003462659
2024-10-26 16:39:31,116|line:521| 官方 或 预约 OUT！
2024-10-26 16:39:31,116|line:514| https://t.bilibili.com/990596428306841664
2024-10-26 16:39:35,603|line:521| 官方 或 预约 OUT！
2024-10-26 16:39:35,603|line:514| https://t.bilibili.com/986868589969539075
2024-10-26 16:39:37,211|line:334| =========此为子动态=========
2024-10-26 16:39:40,831|line:383| *************原动态处理开始***************
2024-10-26 16:39:48,890|line:470| 转发成功 992663097866977284
2024-10-26 16:39:52,532|line:489| 评论发送成功
2024-10-26 16:39:54,972|line:344| not all arguments converted during string formatting
2024-10-26 16:39:54,972|line:345| error line:336
2024-10-26 16:39:54,972|line:528| *#*#*#*#*#*#*#*#*#*原动态处理失败*#*#*#*#*#*#*#*#*#
2024-10-26 16:39:54,972|line:514| https://t.bilibili.com/982969481206693890
2024-10-26 16:39:56,427|line:521| 官方 或 预约 OUT！
2024-10-26 16:39:56,427|line:514| https://t.bilibili.com/988112365265354773
2024-10-26 16:39:58,806|line:339| =========此为源动态=========
2024-10-26 16:40:00,377|line:358| *********子动态开始*********
2024-10-26 16:40:00,377|line:377| *********子动态结束*********
2024-10-26 16:40:00,378|line:532| -=-=-=-=处理回最初的动态-=-=-=-=
2024-10-26 16:40:07,949|line:470| 转发成功 992663179471355928
2024-10-26 16:40:11,510|line:489| 评论发送成功
2024-10-26 16:40:15,953|line:543| not all arguments converted during string formatting
2024-10-26 16:40:15,953|line:544| error line:537
2024-10-26 16:40:17,953|line:514| https://t.bilibili.com/992096213729804289
2024-10-26 16:40:19,289|line:521| 官方 或 预约 OUT！
2024-10-26 16:40:19,289|line:514| https://t.bilibili.com/635932563238551585
2024-10-26 16:40:19,289|line:516| 已有
2024-10-26 16:40:19,289|line:514| https://t.bilibili.com/982451568313892872
2024-10-26 16:40:21,600|line:334| =========此为子动态=========
2024-10-26 16:40:25,102|line:383| *************原动态处理开始***************
2024-10-26 16:40:32,128|line:470| 转发成功 992663282531696642
2024-10-26 16:40:35,524|line:489| 评论
2024-10-26 16:40:35,524|line:528| *#*#*#*#*#*#*#*#*#*原动态处理失败*#*#*#*#*#*#*#*#*#
2024-10-26 16:40:35,524|line:547| 执行结束
2024-10-26 16:40:39,133|line:552| ==================================================2024-10-27 00:40==================================================
2024-10-26 16:40:39,133|line:233| processing article 39578581
2024-10-26 16:40:44,370|line:502| ==================================================2024-10-27 00:40==================================================
2024-10-26 16:40:44,371|line:514| https://t.bilibili.com/991029541387370535
2024-10-26 16:40:44,371|line:516| 已有
2024-10-26 16:40:44,371|line:514| https://t.bilibili.com/991740040644132884
2024-10-26 16:40:44,371|line:516| 已有
2024-10-26 16:40:44,371|line:514| https://t.bilibili.com/991025512742649881
2024-10-26 16:40:44,372|line:516| 已有
2024-10-26 16:40:44,372|line:514| https://t.bilibili.com/991046686945050632
2024-10-26 16:40:47,713|line:334| =========此为子动态=========
2024-10-26 16:40:49,223|line:397| *************原动态已存在***************
2024-10-26 16:40:51,985|line:358| *********子动态开始*********
2024-10-26 16:41:01,571|line:470| 转发成功 992663411389104137
2024-10-26 16:41:05,114|line:489| 评论发送成功
2024-10-26 16:41:12,100|line:375| not all arguments converted during string formatting
2024-10-26 16:41:12,101|line:376| error line:370
2024-10-26 16:41:23,990|line:470| 转发成功 992663505861607425
2024-10-26 16:41:27,430|line:489| 评论
2024-10-26 16:41:39,243|line:470| 转发成功 992663574598909961
2024-10-26 16:41:42,687|line:489| 评论
2024-10-26 16:41:53,357|line:470| 转发成功 992663634708529185
2024-10-26 16:41:56,836|line:489| 评论
2024-10-26 16:42:03,870|line:470| 转发成功 992663677692805143
2024-10-26 16:42:07,313|line:489| 评论
2024-10-26 16:42:16,030|line:470| 转发成功 992663729226121220
2024-10-26 16:42:19,519|line:489| 评论
2024-10-26 16:42:30,174|line:470| 转发成功 992663789346226178
2024-10-26 16:42:33,618|line:489| 评论
2024-10-26 16:42:43,269|line:470| 转发成功 992663849460039682
2024-10-26 16:42:46,751|line:489| 评论
2024-10-26 16:42:56,419|line:470| 转发成功 992663905319780357
2024-10-26 16:42:59,867|line:489| 评论
2024-10-26 16:43:09,464|line:470| 转发成功 992663961134432259
2024-10-26 16:43:12,909|line:489| 评论
2024-10-26 16:43:21,479|line:470| 转发成功 992664012674039811
2024-10-26 16:43:24,880|line:489| 评论
2024-10-26 16:43:35,499|line:470| 转发成功 992664072815116307
2024-10-26 16:43:39,111|line:489| 评论
2024-10-26 16:43:46,748|line:470| 转发成功 992664120068145154
2024-10-26 16:43:50,144|line:489| 评论
2024-10-26 16:44:00,682|line:470| 转发成功 992664180167278612
2024-10-26 16:44:04,073|line:489| 评论
2024-10-26 16:44:11,812|line:470| 转发成功 992664227417161750
2024-10-26 16:44:15,338|line:489| 评论发送成功
2024-10-26 16:44:21,159|line:375| not all arguments converted during string formatting
2024-10-26 16:44:21,160|line:376| error line:370
2024-10-26 16:44:32,780|line:470| 转发成功 992664317610426388
2024-10-26 16:44:36,230|line:489| 评论
2024-10-26 16:44:47,009|line:470| 转发成功 992664377756745782
2024-10-26 16:44:50,503|line:489| 评论
2024-10-26 16:44:59,105|line:470| 转发成功 992664429297401879
2024-10-26 16:45:02,545|line:489| 评论
2024-10-26 16:45:11,108|line:470| 转发成功 992664480825475089
2024-10-26 16:45:14,504|line:489| 评论
2024-10-26 16:45:21,260|line:470| 转发成功 992664528065921025
2024-10-26 16:45:24,733|line:489| 评论
2024-10-26 16:45:33,326|line:470| 转发成功 992664579621257237
2024-10-26 16:45:36,723|line:489| 评论
2024-10-26 16:45:48,467|line:470| 转发成功 992664644054155267
2024-10-26 16:45:51,862|line:489| 评论
2024-10-26 16:46:02,446|line:470| 转发成功 992664704193134599
2024-10-26 16:46:05,886|line:489| 评论
2024-10-26 16:46:16,451|line:470| 转发成功 992664764282830854
2024-10-26 16:46:19,846|line:489| 评论
2024-10-26 16:46:31,432|line:470| 转发成功 992664828712583205
2024-10-26 16:46:35,034|line:489| 评论
2024-10-26 16:46:46,698|line:470| 转发成功 992664893138141193
2024-10-26 16:46:50,133|line:489| 评论
2024-10-26 16:46:57,858|line:470| 转发成功 992664940394315783
2024-10-26 16:47:01,273|line:489| 评论
2024-10-26 16:47:14,013|line:470| 转发成功 992665009131618320
2024-10-26 16:47:17,561|line:489| 评论发送成功
2024-10-26 16:47:23,363|line:375| not all arguments converted during string formatting
2024-10-26 16:47:23,363|line:376| error line:370
2024-10-26 16:47:23,363|line:377| *********子动态结束*********
2024-10-26 16:47:23,364|line:532| -=-=-=-=处理回最初的动态-=-=-=-=
2024-10-26 16:47:33,261|line:470| 转发成功 992665095032012807
2024-10-26 16:47:36,735|line:489| 评论
2024-10-26 16:47:39,735|line:514| https://t.bilibili.com/991059713572470804
2024-10-26 16:47:39,735|line:516| 已有
2024-10-26 16:47:39,736|line:514| https://t.bilibili.com/991317686495477768
2024-10-26 16:47:39,736|line:516| 已有
2024-10-26 16:47:39,736|line:514| https://t.bilibili.com/991835049615687684
2024-10-26 16:47:44,200|line:521| 官方 或 预约 OUT！
2024-10-26 16:47:44,201|line:514| https://t.bilibili.com/991711689604857872
2024-10-26 16:47:48,651|line:334| =========此为子动态=========
2024-10-26 16:47:52,182|line:397| *************原动态已存在***************
2024-10-26 16:47:54,870|line:358| *********子动态开始*********
2024-10-26 16:48:04,862|line:470| 转发成功 992665228158173185
2024-10-26 16:48:08,464|line:489| 评论发送成功
2024-10-26 16:48:15,283|line:375| not all arguments converted during string formatting
2024-10-26 16:48:15,283|line:376| error line:370
2024-10-26 16:48:26,336|line:470| 转发成功 992665322658988037
2024-10-26 16:48:30,069|line:489| 评论发送成功
2024-10-26 16:48:38,877|line:375| not all arguments converted during string formatting
2024-10-26 16:48:38,877|line:376| error line:370
2024-10-26 16:48:46,962|line:470| 转发成功 992665408543653909
2024-10-26 16:48:50,360|line:489| 评论
2024-10-26 16:49:02,273|line:470| 转发成功 992665477277810697
2024-10-26 16:49:06,008|line:489| 评论发送成功
2024-10-26 16:49:12,989|line:375| not all arguments converted during string formatting
2024-10-26 16:49:12,989|line:376| error line:370
2024-10-26 16:49:22,988|line:470| 转发成功 992665563146747908
2024-10-26 16:49:26,555|line:489| 评论发送成功
2024-10-26 16:49:33,351|line:375| not all arguments converted during string formatting
2024-10-26 16:49:33,351|line:376| error line:370
2024-10-26 16:49:43,157|line:470| 转发成功 992665649075453960
2024-10-26 16:49:46,683|line:489| 评论发送成功
2024-10-26 16:49:53,485|line:375| not all arguments converted during string formatting
2024-10-26 16:49:53,485|line:376| error line:370
2024-10-26 16:50:02,425|line:470| 转发成功 992665734974799881
2024-10-26 16:50:05,952|line:489| 评论发送成功
2024-10-26 16:50:12,762|line:375| not all arguments converted during string formatting
2024-10-26 16:50:12,762|line:376| error line:370
2024-10-26 16:50:23,770|line:470| 转发成功 992665825148141576
2024-10-26 16:50:27,265|line:489| 评论
2024-10-26 16:50:38,281|line:470| 转发成功 992665889585233924
2024-10-26 16:50:41,716|line:489| 评论
2024-10-26 16:50:51,652|line:470| 转发成功 992665945427148800
2024-10-26 16:50:55,044|line:489| 评论
2024-10-26 16:51:06,368|line:470| 转发成功 992666009858998276
2024-10-26 16:51:09,889|line:489| 评论发送成功
2024-10-26 16:51:13,711|line:375| not all arguments converted during string formatting
2024-10-26 16:51:13,712|line:376| error line:370
2024-10-26 16:51:24,730|line:470| 转发成功 992666087168409625
2024-10-26 16:51:28,147|line:489| 评论
2024-10-26 16:51:36,056|line:470| 转发成功 992666134389981220
2024-10-26 16:51:39,444|line:489| 评论
2024-10-26 16:51:50,430|line:470| 转发成功 992666198841753609
2024-10-26 16:51:54,050|line:489| 评论发送成功
2024-10-26 16:52:00,943|line:375| not all arguments converted during string formatting
2024-10-26 16:52:00,944|line:376| error line:370
2024-10-26 16:52:10,287|line:470| 转发成功 992666284735856647
2024-10-26 16:52:13,803|line:489| 评论发送成功
2024-10-26 16:52:20,608|line:375| not all arguments converted during string formatting
2024-10-26 16:52:20,608|line:376| error line:370
2024-10-26 16:52:31,597|line:470| 转发成功 992666374906052614
2024-10-26 16:52:35,172|line:489| 评论发送成功
2024-10-26 16:52:42,979|line:375| not all arguments converted during string formatting
2024-10-26 16:52:42,979|line:376| error line:370
2024-10-26 16:52:49,986|line:470| 转发成功 992666452242726931
2024-10-26 16:52:53,425|line:489| 评论
2024-10-26 16:53:01,353|line:470| 转发成功 992666503772897289
2024-10-26 16:53:04,934|line:489| 评论发送成功
2024-10-26 16:53:11,769|line:375| not all arguments converted during string formatting
2024-10-26 16:53:11,770|line:376| error line:370
2024-10-26 16:53:20,784|line:470| 转发成功 992666585369935890
2024-10-26 16:53:24,184|line:489| 评论
2024-10-26 16:53:34,233|line:470| 转发成功 992666645503672320
2024-10-26 16:53:37,674|line:489| 评论
2024-10-26 16:53:48,780|line:470| 转发成功 992666705624825907
2024-10-26 16:53:52,385|line:489| 评论发送成功
2024-10-26 16:53:59,278|line:375| not all arguments converted during string formatting
2024-10-26 16:53:59,279|line:376| error line:370
2024-10-26 16:54:12,102|line:470| 转发成功 992666804426899496
2024-10-26 16:54:15,674|line:489| 评论发送成功
2024-10-26 16:54:21,579|line:375| not all arguments converted during string formatting
2024-10-26 16:54:21,579|line:376| error line:370
2024-10-26 16:54:34,552|line:470| 转发成功 992666903203807240
2024-10-26 16:54:38,142|line:489| 评论发送成功
2024-10-26 16:54:46,241|line:375| not all arguments converted during string formatting
2024-10-26 16:54:46,242|line:376| error line:370
2024-10-26 16:54:56,343|line:470| 转发成功 992666997680504832
2024-10-26 16:54:59,993|line:489| 评论发送成功
2024-10-26 16:55:07,880|line:375| not all arguments converted during string formatting
2024-10-26 16:55:07,880|line:376| error line:370
2024-10-26 16:55:17,084|line:470| 转发成功 992667083590336552
2024-10-26 16:55:20,695|line:489| 评论发送成功
2024-10-26 16:55:26,584|line:375| not all arguments converted during string formatting
2024-10-26 16:55:26,584|line:376| error line:370
2024-10-26 16:55:37,775|line:470| 转发成功 992667173793038369
2024-10-26 16:55:41,252|line:489| 评论
2024-10-26 16:55:52,170|line:470| 转发成功 992667233898463241
2024-10-26 16:55:55,755|line:489| 评论发送成功
2024-10-26 16:55:59,815|line:375| not all arguments converted during string formatting
2024-10-26 16:55:59,815|line:376| error line:370
2024-10-26 16:56:10,893|line:470| 转发成功 992667315522764801
2024-10-26 16:56:14,456|line:489| 评论发送成功
2024-10-26 16:56:17,335|line:375| not all arguments converted during string formatting
2024-10-26 16:56:17,335|line:376| error line:370
2024-10-26 16:56:26,307|line:470| 转发成功 992667384222318592
2024-10-26 16:56:29,746|line:489| 评论
2024-10-26 16:56:40,740|line:470| 转发成功 992667444351860772
2024-10-26 16:56:44,380|line:489| 评论发送成功
2024-10-26 16:56:52,409|line:375| not all arguments converted during string formatting
2024-10-26 16:56:52,410|line:376| error line:370
2024-10-26 16:57:02,254|line:470| 转发成功 992667538863161351
2024-10-26 16:57:05,781|line:489| 评论发送成功
2024-10-26 16:57:11,747|line:375| not all arguments converted during string formatting
2024-10-26 16:57:11,747|line:376| error line:370
2024-10-26 16:57:22,685|line:470| 转发成功 992667624731049993
2024-10-26 16:57:26,076|line:489| 评论
2024-10-26 16:57:34,124|line:470| 转发成功 992667671990370321
2024-10-26 16:57:37,525|line:489| 评论
2024-10-26 16:57:46,430|line:470| 转发成功 992667727837528072
2024-10-26 16:57:49,827|line:489| 评论
2024-10-26 16:57:57,865|line:470| 转发成功 992667775063293977
2024-10-26 16:58:01,485|line:489| 评论发送成功
2024-10-26 16:58:07,309|line:375| not all arguments converted during string formatting
2024-10-26 16:58:07,309|line:376| error line:370
2024-10-26 16:58:17,320|line:470| 转发成功 992667860964737048
2024-10-26 16:58:20,807|line:489| 评论
2024-10-26 16:58:31,893|line:470| 转发成功 992667921108959251
2024-10-26 16:58:35,287|line:489| 评论
2024-10-26 16:58:44,202|line:470| 转发成功 992667976954019840
2024-10-26 16:58:47,595|line:489| 评论
2024-10-26 16:58:57,540|line:470| 转发成功 992668032782303272
2024-10-26 16:59:01,035|line:489| 评论
2024-10-26 16:59:11,094|line:470| 转发成功 992668088604295203
2024-10-26 16:59:14,532|line:489| 评论
2024-10-26 16:59:24,422|line:470| 转发成功 992668148750614533
2024-10-26 16:59:27,935|line:489| 评论发送成功
2024-10-26 16:59:32,761|line:375| not all arguments converted during string formatting
2024-10-26 16:59:32,761|line:376| error line:370
2024-10-26 16:59:43,832|line:470| 转发成功 992668230336118792
2024-10-26 16:59:47,225|line:489| 评论
2024-10-26 16:59:58,607|line:470| 转发成功 992668294774259712
2024-10-26 17:00:02,345|line:489| 评论发送成功
2024-10-26 17:00:10,394|line:375| not all arguments converted during string formatting
2024-10-26 17:00:10,394|line:376| error line:370
2024-10-26 17:00:22,309|line:470| 转发成功 992668397842989058
2024-10-26 17:00:25,840|line:489| 评论发送成功
2024-10-26 17:00:31,674|line:375| not all arguments converted during string formatting
2024-10-26 17:00:31,675|line:376| error line:370
2024-10-26 17:00:31,675|line:377| *********子动态结束*********
2024-10-26 17:00:31,676|line:532| -=-=-=-=处理回最初的动态-=-=-=-=
2024-10-26 17:00:44,034|line:470| 转发成功 992668488059322393
2024-10-26 17:00:47,472|line:489| 评论
2024-10-26 17:00:51,473|line:514| https://t.bilibili.com/991725394840256536
2024-10-26 17:00:54,989|line:521| 官方 或 预约 OUT！
2024-10-26 17:00:54,989|line:514| https://t.bilibili.com/991085809802149888
2024-10-26 17:00:54,990|line:516| 已有
2024-10-26 17:00:54,990|line:514| https://t.bilibili.com/991415893028241431
2024-10-26 17:00:54,990|line:516| 已有
2024-10-26 17:00:54,990|line:514| https://t.bilibili.com/991443352903745543
2024-10-26 17:00:54,990|line:516| 已有
2024-10-26 17:00:54,990|line:514| https://t.bilibili.com/991446816839958530
2024-10-26 17:00:54,991|line:516| 已有
2024-10-26 17:00:54,991|line:514| https://t.bilibili.com/991432250404896773
2024-10-26 17:00:54,991|line:516| 已有
2024-10-26 17:00:54,991|line:514| https://t.bilibili.com/991335304448180229
2024-10-26 17:00:54,991|line:516| 已有
2024-10-26 17:00:54,992|line:514| https://t.bilibili.com/991424450751627264
2024-10-26 17:00:54,992|line:516| 已有
2024-10-26 17:00:54,992|line:514| https://t.bilibili.com/991482379115692055
2024-10-26 17:00:54,992|line:516| 已有
2024-10-26 17:00:54,992|line:514| https://t.bilibili.com/991074861934706697
2024-10-26 17:00:54,992|line:516| 已有
2024-10-26 17:00:54,992|line:514| https://t.bilibili.com/991694857613344768
2024-10-26 17:00:54,993|line:516| 已有
2024-10-26 17:00:54,993|line:514| https://t.bilibili.com/991437090866593793
2024-10-26 17:00:54,993|line:516| 已有
2024-10-26 17:00:54,993|line:514| https://t.bilibili.com/991061856750665747
2024-10-26 17:00:54,993|line:516| 已有
2024-10-26 17:00:54,993|line:514| https://t.bilibili.com/991411776315719705
2024-10-26 17:00:54,994|line:516| 已有
2024-10-26 17:00:54,994|line:514| https://t.bilibili.com/991700209152032835
2024-10-26 17:00:54,994|line:516| 已有
2024-10-26 17:00:54,994|line:514| https://t.bilibili.com/635932563238551585
2024-10-26 17:00:54,994|line:516| 已有
2024-10-26 17:00:54,994|line:514| https://t.bilibili.com/991027840610730003
2024-10-26 17:00:54,995|line:516| 已有
2024-10-26 17:00:54,995|line:514| https://t.bilibili.com/991077563464941589
2024-10-26 17:00:54,995|line:516| 已有
2024-10-26 17:00:54,995|line:514| https://t.bilibili.com/991740592568401923
2024-10-26 17:00:54,995|line:516| 已有
2024-10-26 17:00:54,995|line:514| https://t.bilibili.com/991035889397268480
2024-10-26 17:00:54,996|line:516| 已有
2024-10-26 17:00:54,996|line:514| https://t.bilibili.com/991703091044679704
2024-10-26 17:00:54,996|line:516| 已有
2024-10-26 17:00:54,996|line:514| https://t.bilibili.com/991703688061911046
2024-10-26 17:00:54,996|line:516| 已有
2024-10-26 17:00:54,996|line:514| https://t.bilibili.com/991707527762673669
2024-10-26 17:00:54,997|line:516| 已有
2024-10-26 17:00:54,997|line:514| https://t.bilibili.com/991485471523602433
2024-10-26 17:00:54,997|line:516| 已有
2024-10-26 17:00:54,997|line:514| https://t.bilibili.com/991545521604657174
2024-10-26 17:00:54,997|line:516| 已有
2024-10-26 17:00:54,997|line:514| https://t.bilibili.com/990712456835760150
2024-10-26 17:00:56,475|line:521| 官方 或 预约 OUT！
2024-10-26 17:00:56,476|line:514| https://t.bilibili.com/991470428375482393
2024-10-26 17:00:59,947|line:521| 官方 或 预约 OUT！
2024-10-26 17:00:59,948|line:514| https://t.bilibili.com/991725150001954853
2024-10-26 17:01:02,413|line:521| 官方 或 预约 OUT！
2024-10-26 17:01:02,413|line:514| https://t.bilibili.com/991441518947467271
2024-10-26 17:01:02,413|line:516| 已有
2024-10-26 17:01:02,414|line:514| https://t.bilibili.com/991544387740631046
2024-10-26 17:01:02,414|line:516| 已有
2024-10-26 17:01:02,414|line:514| https://t.bilibili.com/991704667331231750
2024-10-26 17:01:02,414|line:516| 已有
2024-10-26 17:01:02,414|line:514| https://t.bilibili.com/991695235553689605
2024-10-26 17:01:02,415|line:516| 已有
2024-10-26 17:01:02,415|line:514| https://t.bilibili.com/991424914609143856
2024-10-26 17:01:06,957|line:521| 官方 或 预约 OUT！
2024-10-26 17:01:06,957|line:514| https://t.bilibili.com/991347051160666130
2024-10-26 17:01:06,957|line:516| 已有
2024-10-26 17:01:06,958|line:514| https://t.bilibili.com/990721137003462659
2024-10-26 17:01:09,444|line:521| 官方 或 预约 OUT！
2024-10-26 17:01:09,444|line:514| https://t.bilibili.com/991701278578966528
2024-10-26 17:01:09,444|line:516| 已有
2024-10-26 17:01:09,445|line:514| https://t.bilibili.com/991398041039667222
2024-10-26 17:01:09,445|line:516| 已有
2024-10-26 17:01:09,445|line:514| https://t.bilibili.com/991531842110750757
2024-10-26 17:01:09,445|line:516| 已有
2024-10-26 17:01:09,445|line:514| https://t.bilibili.com/991060924713402386
2024-10-26 17:01:12,866|line:334| =========此为子动态=========
2024-10-26 17:01:14,451|line:397| *************原动态已存在***************
2024-10-26 17:01:18,148|line:358| *********子动态开始*********
2024-10-26 17:01:27,998|line:470| 转发成功 992668677033689093
2024-10-26 17:01:31,446|line:489| 评论
2024-10-26 17:01:43,369|line:470| 转发成功 992668745746874373
2024-10-26 17:01:46,830|line:489| 评论
2024-10-26 17:01:59,864|line:470| 转发成功 992668814442233858
2024-10-26 17:02:03,264|line:489| 评论
2024-10-26 17:02:12,347|line:470| 转发成功 992668870289391636
2024-10-26 17:02:15,925|line:489| 评论发送成功
2024-10-26 17:02:18,730|line:375| not all arguments converted during string formatting
2024-10-26 17:02:18,730|line:376| error line:370
2024-10-26 17:02:28,733|line:470| 转发成功 992668939019354119
2024-10-26 17:02:32,378|line:489| 评论发送成功
2024-10-26 17:02:38,199|line:375| not all arguments converted during string formatting
2024-10-26 17:02:38,199|line:376| error line:370
2024-10-26 17:02:49,164|line:470| 转发成功 992669029202132998
2024-10-26 17:02:52,775|line:489| 评论发送成功
2024-10-26 17:03:00,588|line:375| not all arguments converted during string formatting
2024-10-26 17:03:00,588|line:376| error line:370
2024-10-26 17:03:11,637|line:470| 转发成功 992669123692462086
2024-10-26 17:03:15,072|line:489| 评论
2024-10-26 17:03:23,042|line:470| 转发成功 992669170948636689
2024-10-26 17:03:26,663|line:489| 评论发送成功
2024-10-26 17:03:33,688|line:375| not all arguments converted during string formatting
2024-10-26 17:03:33,688|line:376| error line:370
2024-10-26 17:03:42,893|line:470| 转发成功 992669256852176920
2024-10-26 17:03:46,469|line:489| 评论发送成功
2024-10-26 17:03:50,359|line:375| not all arguments converted during string formatting
2024-10-26 17:03:50,359|line:376| error line:370
2024-10-26 17:04:01,430|line:470| 转发成功 992669338425098249
2024-10-26 17:04:05,009|line:489| 评论发送成功
2024-10-26 17:04:13,896|line:375| not all arguments converted during string formatting
2024-10-26 17:04:13,896|line:376| error line:370
2024-10-26 17:04:22,900|line:470| 转发成功 992669428657160199
2024-10-26 17:04:26,379|line:489| 评论
2024-10-26 17:04:37,405|line:470| 转发成功 992669493041823760
2024-10-26 17:04:40,931|line:489| 评论
2024-10-26 17:04:52,976|line:470| 转发成功 992669557478916132
2024-10-26 17:04:56,450|line:489| 评论
2024-10-26 17:05:05,532|line:470| 转发成功 992669613306150918
2024-10-26 17:05:09,059|line:489| 评论
2024-10-26 17:05:17,503|line:470| 转发成功 992669664880361475
2024-10-26 17:05:20,933|line:489| 评论
2024-10-26 17:05:31,051|line:470| 转发成功 992669720705499156
2024-10-26 17:05:34,499|line:489| 评论
2024-10-26 17:05:46,495|line:470| 转发成功 992669789416587285
2024-10-26 17:05:49,970|line:489| 评论
2024-10-26 17:05:58,026|line:470| 转发成功 992669836657033241
2024-10-26 17:06:01,686|line:489| 评论发送成功
2024-10-26 17:06:06,579|line:375| not all arguments converted during string formatting
2024-10-26 17:06:06,579|line:376| error line:370
2024-10-26 17:06:16,499|line:470| 转发成功 992669918271897604
2024-10-26 17:06:20,112|line:489| 评论发送成功
2024-10-26 17:06:25,066|line:375| not all arguments converted during string formatting
2024-10-26 17:06:25,066|line:376| error line:370
2024-10-26 17:06:34,523|line:470| 转发成功 992669995589697540
2024-10-26 17:06:38,145|line:489| 评论发送成功
2024-10-26 17:06:42,103|line:375| not all arguments converted during string formatting
2024-10-26 17:06:42,103|line:376| error line:370
2024-10-26 17:06:52,176|line:470| 转发成功 992670072891768833
2024-10-26 17:06:55,799|line:489| 评论发送成功
2024-10-26 17:07:00,677|line:375| not all arguments converted during string formatting
2024-10-26 17:07:00,678|line:376| error line:370
2024-10-26 17:07:10,879|line:470| 转发成功 992670150205374472
2024-10-26 17:07:14,557|line:489| 评论发送成功
2024-10-26 17:07:21,444|line:375| not all arguments converted during string formatting
2024-10-26 17:07:21,445|line:376| error line:370
2024-10-26 17:07:32,703|line:470| 转发成功 992670244661100584
2024-10-26 17:07:36,329|line:489| 评论发送成功
2024-10-26 17:07:44,393|line:375| not all arguments converted during string formatting
2024-10-26 17:07:44,394|line:376| error line:370
2024-10-26 17:07:53,376|line:470| 转发成功 992670334888968194
2024-10-26 17:07:57,107|line:489| 评论发送成功
2024-10-26 17:08:01,983|line:375| not all arguments converted during string formatting
2024-10-26 17:08:01,984|line:376| error line:370
2024-10-26 17:08:14,986|line:470| 转发成功 992670425071747096
2024-10-26 17:08:18,318|line:489| 评论
2024-10-26 17:08:26,090|line:470| 转发成功 992670472311144520
2024-10-26 17:08:29,741|line:489| 评论发送成功
2024-10-26 17:08:35,465|line:375| not all arguments converted during string formatting
2024-10-26 17:08:35,465|line:376| error line:370
2024-10-26 17:08:46,417|line:470| 转发成功 992670562520137734
2024-10-26 17:08:49,738|line:489| 评论
2024-10-26 17:08:58,526|line:470| 转发成功 992670614046113809
2024-10-26 17:09:01,892|line:489| 评论
2024-10-26 17:09:09,518|line:470| 转发成功 992670661304385541
2024-10-26 17:09:12,840|line:489| 评论
2024-10-26 17:09:21,544|line:470| 转发成功 992670712823021568
2024-10-26 17:09:25,050|line:489| 评论发送成功
2024-10-26 17:09:28,702|line:375| not all arguments converted during string formatting
2024-10-26 17:09:28,703|line:376| error line:370
2024-10-26 17:09:36,235|line:470| 转发成功 992670777270599684
2024-10-26 17:09:39,676|line:489| 评论发送成功
2024-10-26 17:09:43,680|line:375| not all arguments converted during string formatting
2024-10-26 17:09:43,680|line:376| error line:370
2024-10-26 17:09:56,590|line:470| 转发成功 992670863164702728
2024-10-26 17:10:00,175|line:489| 评论发送成功
2024-10-26 17:10:05,975|line:375| not all arguments converted during string formatting
2024-10-26 17:10:05,976|line:376| error line:370
2024-10-26 17:10:14,813|line:470| 转发成功 992670940467822601
2024-10-26 17:10:18,465|line:489| 评论发送成功
2024-10-26 17:10:27,272|line:375| not all arguments converted during string formatting
2024-10-26 17:10:27,272|line:376| error line:370
2024-10-26 17:10:37,209|line:470| 转发成功 992671039245778949
2024-10-26 17:10:40,603|line:489| 评论
2024-10-26 17:10:49,645|line:470| 转发成功 992671090806358024
2024-10-26 17:10:53,264|line:489| 评论发送成功
2024-10-26 17:11:01,231|line:375| not all arguments converted during string formatting
2024-10-26 17:11:01,232|line:376| error line:370
2024-10-26 17:11:13,320|line:470| 转发成功 992671193857261576
2024-10-26 17:11:16,930|line:489| 评论发送成功
2024-10-26 17:11:21,862|line:375| not all arguments converted during string formatting
2024-10-26 17:11:21,862|line:376| error line:370
2024-10-26 17:11:32,976|line:470| 转发成功 992671275472125976
2024-10-26 17:11:36,450|line:489| 评论
2024-10-26 17:11:44,853|line:470| 转发成功 992671326997053440
2024-10-26 17:11:48,520|line:489| 评论发送成功
2024-10-26 17:11:53,402|line:375| not all arguments converted during string formatting
2024-10-26 17:11:53,402|line:376| error line:370
2024-10-26 17:12:03,702|line:470| 转发成功 992671408626597897
2024-10-26 17:12:07,177|line:489| 评论
2024-10-26 17:12:16,149|line:470| 转发成功 992671464459075587
2024-10-26 17:12:19,712|line:489| 评论发送成功
2024-10-26 17:12:23,520|line:375| not all arguments converted during string formatting
2024-10-26 17:12:23,521|line:376| error line:370
2024-10-26 17:12:34,691|line:470| 转发成功 992671541753806887
2024-10-26 17:12:38,132|line:489| 评论
2024-10-26 17:12:50,205|line:470| 转发成功 992671610460700689
2024-10-26 17:12:53,823|line:489| 评论发送成功
2024-10-26 17:13:00,640|line:375| not all arguments converted during string formatting
2024-10-26 17:13:00,640|line:376| error line:370
2024-10-26 17:13:10,757|line:470| 转发成功 992671696388358146
2024-10-26 17:13:14,389|line:489| 评论发送成功
2024-10-26 17:13:18,200|line:375| not all arguments converted during string formatting
2024-10-26 17:13:18,200|line:376| error line:370
2024-10-26 17:13:27,123|line:470| 转发成功 992671765115174936
2024-10-26 17:13:30,877|line:489| 评论发送成功
2024-10-26 17:13:39,846|line:375| not all arguments converted during string formatting
2024-10-26 17:13:39,846|line:376| error line:370
2024-10-26 17:13:49,893|line:470| 转发成功 992671863865868297
2024-10-26 17:13:53,625|line:489| 评论发送成功
2024-10-26 17:14:01,435|line:375| not all arguments converted during string formatting
2024-10-26 17:14:01,436|line:376| error line:370
2024-10-26 17:14:12,408|line:470| 转发成功 992671962677379096
2024-10-26 17:14:15,807|line:489| 评论
2024-10-26 17:14:26,806|line:470| 转发成功 992672022793289731
2024-10-26 17:14:30,376|line:489| 评论发送成功
2024-10-26 17:14:37,210|line:375| not all arguments converted during string formatting
2024-10-26 17:14:37,210|line:376| error line:370
2024-10-26 17:14:45,066|line:470| 转发成功 992672100115283985
2024-10-26 17:14:48,505|line:489| 评论
2024-10-26 17:14:59,524|line:470| 转发成功 992672164524064771
2024-10-26 17:15:02,972|line:489| 评论
2024-10-26 17:15:11,858|line:470| 转发成功 992672216059478049
2024-10-26 17:15:15,504|line:489| 评论发送成功
2024-10-26 17:15:18,258|line:375| not all arguments converted during string formatting
2024-10-26 17:15:18,259|line:376| error line:370
2024-10-26 17:15:18,259|line:377| *********子动态结束*********
2024-10-26 17:15:18,260|line:532| -=-=-=-=处理回最初的动态-=-=-=-=
2024-10-26 17:15:30,849|line:470| 转发成功 992672297683779622
2024-10-26 17:15:34,331|line:489| 评论发送成功
2024-10-26 17:15:35,682|line:543| not all arguments converted during string formatting
2024-10-26 17:15:35,683|line:544| error line:537
2024-10-26 17:15:39,683|line:514| https://t.bilibili.com/991446816800112640
2024-10-26 17:15:39,683|line:516| 已有
2024-10-26 17:15:39,684|line:514| https://t.bilibili.com/991705715292766232
2024-10-26 17:15:39,684|line:516| 已有
2024-10-26 17:15:39,684|line:514| https://t.bilibili.com/990981540829724679
2024-10-26 17:15:39,684|line:516| 已有
2024-10-26 17:15:39,684|line:514| https://t.bilibili.com/991111809363607576
2024-10-26 17:15:39,685|line:516| 已有
2024-10-26 17:15:39,685|line:514| https://t.bilibili.com/991423623991394305
2024-10-26 17:15:39,685|line:516| 已有
2024-10-26 17:15:39,685|line:514| https://t.bilibili.com/991515662967898148
2024-10-26 17:15:39,685|line:516| 已有
2024-10-26 17:15:39,685|line:514| https://t.bilibili.com/991081235634716672
2024-10-26 17:15:39,686|line:516| 已有
2024-10-26 17:15:39,686|line:514| https://t.bilibili.com/991068002820554785
2024-10-26 17:15:43,056|line:521| 官方 或 预约 OUT！
2024-10-26 17:15:43,056|line:514| https://t.bilibili.com/990983009768308743
2024-10-26 17:15:43,056|line:516| 已有
2024-10-26 17:15:43,057|line:514| https://t.bilibili.com/991709668811210777
2024-10-26 17:15:43,057|line:516| 已有
2024-10-26 17:15:43,057|line:514| https://t.bilibili.com/991132942755430407
2024-10-26 17:15:43,057|line:516| 已有
2024-10-26 17:15:43,057|line:514| https://t.bilibili.com/991085105381376000
2024-10-26 17:15:47,638|line:334| =========此为子动态=========
2024-10-26 17:15:49,037|line:383| *************原动态处理开始***************
2024-10-26 17:15:56,950|line:470| 转发成功 992672409349783561
2024-10-26 17:16:00,412|line:489| 评论发送成功
2024-10-26 17:16:03,766|line:344| not all arguments converted during string formatting
2024-10-26 17:16:03,767|line:345| error line:336
2024-10-26 17:16:03,767|line:528| *#*#*#*#*#*#*#*#*#*原动态处理失败*#*#*#*#*#*#*#*#*#
2024-10-26 17:16:03,767|line:514| https://t.bilibili.com/991684051488210968
2024-10-26 17:16:03,768|line:516| 已有
2024-10-26 17:16:03,768|line:514| https://t.bilibili.com/991462278691815431
2024-10-26 17:16:03,768|line:516| 已有
2024-10-26 17:16:03,768|line:514| https://t.bilibili.com/991439298444132355
2024-10-26 17:16:07,077|line:521| 官方 或 预约 OUT！
2024-10-26 17:16:07,077|line:514| https://t.bilibili.com/991351328940752901
2024-10-26 17:16:07,077|line:516| 已有
2024-10-26 17:16:07,077|line:514| https://t.bilibili.com/992151038959026185
2024-10-26 17:16:10,408|line:521| 官方 或 预约 OUT！
2024-10-26 17:16:10,408|line:514| https://t.bilibili.com/991393471171395620
2024-10-26 17:16:10,408|line:516| 已有
2024-10-26 17:16:10,408|line:514| https://t.bilibili.com/991079663698706432
2024-10-26 17:16:10,409|line:516| 已有
2024-10-26 17:16:10,409|line:514| https://t.bilibili.com/991060615482048518
2024-10-26 17:16:10,409|line:516| 已有
2024-10-26 17:16:10,409|line:514| https://t.bilibili.com/991430012758392835
2024-10-26 17:16:10,409|line:516| 已有
2024-10-26 17:16:10,409|line:514| https://t.bilibili.com/991403121990172678
2024-10-26 17:16:14,742|line:521| 官方 或 预约 OUT！
2024-10-26 17:16:14,742|line:514| https://t.bilibili.com/991431382825697287
2024-10-26 17:16:19,072|line:521| 官方 或 预约 OUT！
2024-10-26 17:16:19,072|line:514| https://t.bilibili.com/992097098484678658
2024-10-26 17:16:20,400|line:521| 官方 或 预约 OUT！
2024-10-26 17:16:20,401|line:514| https://t.bilibili.com/991067710773264384
2024-10-26 17:16:20,401|line:516| 已有
2024-10-26 17:16:20,401|line:514| https://t.bilibili.com/991423681975550003
2024-10-26 17:16:20,401|line:516| 已有
2024-10-26 17:16:20,401|line:514| https://t.bilibili.com/991724016127442952
2024-10-26 17:16:24,748|line:521| 官方 或 预约 OUT！
2024-10-26 17:16:24,748|line:514| https://t.bilibili.com/991055744996474897
2024-10-26 17:16:24,748|line:516| 已有
2024-10-26 17:16:24,748|line:514| https://t.bilibili.com/991096358250217507
2024-10-26 17:16:24,749|line:516| 已有
2024-10-26 17:16:24,749|line:514| https://t.bilibili.com/991775993833193477
2024-10-26 17:16:28,074|line:521| 官方 或 预约 OUT！
2024-10-26 17:16:28,074|line:514| https://t.bilibili.com/991435643444789269
2024-10-26 17:16:29,420|line:334| =========此为子动态=========
2024-10-26 17:16:30,816|line:383| *************原动态处理开始***************
2024-10-26 17:16:36,608|line:470| 转发成功 992672581123309575
2024-10-26 17:16:40,031|line:489| 评论发送成功
2024-10-26 17:16:44,388|line:344| not all arguments converted during string formatting
2024-10-26 17:16:44,388|line:345| error line:336
2024-10-26 17:16:44,388|line:528| *#*#*#*#*#*#*#*#*#*原动态处理失败*#*#*#*#*#*#*#*#*#
2024-10-26 17:16:44,388|line:514| https://t.bilibili.com/991046261720219664
2024-10-26 17:16:44,389|line:516| 已有
2024-10-26 17:16:44,389|line:514| https://t.bilibili.com/991485224566128646
2024-10-26 17:16:44,389|line:516| 已有
2024-10-26 17:16:44,389|line:514| https://t.bilibili.com/991808773045616672
2024-10-26 17:16:48,720|line:521| 官方 或 预约 OUT！
2024-10-26 17:16:48,720|line:514| https://t.bilibili.com/991703069580328978
2024-10-26 17:16:48,720|line:516| 已有
2024-10-26 17:16:48,720|line:514| https://t.bilibili.com/991395343779233799
2024-10-26 17:16:48,721|line:516| 已有
2024-10-26 17:16:48,721|line:514| https://t.bilibili.com/991704564233142273
2024-10-26 17:16:48,721|line:516| 已有
2024-10-26 17:16:48,721|line:514| https://t.bilibili.com/991451126799794179
2024-10-26 17:16:48,721|line:516| 已有
2024-10-26 17:16:48,721|line:514| https://t.bilibili.com/991436764449079302
2024-10-26 17:16:48,722|line:516| 已有
2024-10-26 17:16:48,722|line:514| https://t.bilibili.com/991075755261689876
2024-10-26 17:16:48,722|line:516| 已有
2024-10-26 17:16:48,722|line:514| https://t.bilibili.com/991462680254480390
2024-10-26 17:16:48,722|line:516| 已有
2024-10-26 17:16:48,722|line:514| https://t.bilibili.com/991506291364986882
2024-10-26 17:16:51,067|line:521| 官方 或 预约 OUT！
2024-10-26 17:16:51,067|line:514| https://t.bilibili.com/988498701868597249
2024-10-26 17:16:51,067|line:516| 已有
2024-10-26 17:16:51,067|line:514| https://t.bilibili.com/991038359009755136
2024-10-26 17:16:51,068|line:516| 已有
2024-10-26 17:16:51,068|line:514| https://t.bilibili.com/989652025164693507
2024-10-26 17:16:52,384|line:521| 官方 或 预约 OUT！
2024-10-26 17:16:52,384|line:514| https://t.bilibili.com/991485471547719712
2024-10-26 17:16:52,385|line:516| 已有
2024-10-26 17:16:52,385|line:514| https://t.bilibili.com/991064614124912659
2024-10-26 17:16:53,729|line:334| =========此为子动态=========
2024-10-26 17:16:56,243|line:397| *************原动态已存在***************
2024-10-26 17:16:59,869|line:358| *********子动态开始*********
2024-10-26 17:17:12,113|line:470| 转发成功 992672731478622262
2024-10-26 17:17:15,560|line:489| 评论发送成功
2024-10-26 17:17:24,208|line:375| not all arguments converted during string formatting
2024-10-26 17:17:24,208|line:376| error line:370
2024-10-26 17:17:32,449|line:470| 转发成功 992672821668741137
2024-10-26 17:17:35,886|line:489| 评论发送成功
2024-10-26 17:17:44,735|line:375| not all arguments converted during string formatting
2024-10-26 17:17:44,735|line:376| error line:370
2024-10-26 17:17:54,319|line:470| 转发成功 992672916160118792
2024-10-26 17:17:57,716|line:489| 评论
2024-10-26 17:18:08,289|line:470| 转发成功 992672976282320899
2024-10-26 17:18:11,681|line:489| 评论
2024-10-26 17:18:24,459|line:470| 转发成功 992673044995506181
2024-10-26 17:18:27,992|line:489| 评论
2024-10-26 17:18:35,726|line:470| 转发成功 992673092241195065
2024-10-26 17:18:39,200|line:489| 评论
2024-10-26 17:18:47,834|line:470| 转发成功 992673143792336904
2024-10-26 17:18:51,282|line:489| 评论
2024-10-26 17:19:01,095|line:470| 转发成功 992673199629008900
2024-10-26 17:19:04,524|line:489| 评论
2024-10-26 17:19:11,048|line:470| 转发成功 992673242557710374
2024-10-26 17:19:14,646|line:489| 评论
2024-10-26 17:19:25,530|line:470| 转发成功 992673306982219799
2024-10-26 17:19:29,207|line:489| 评论发送成功
2024-10-26 17:19:35,004|line:375| not all arguments converted during string formatting
2024-10-26 17:19:35,004|line:376| error line:370
2024-10-26 17:19:44,616|line:470| 转发成功 992673388596035585
2024-10-26 17:19:48,031|line:489| 评论
2024-10-26 17:19:57,559|line:470| 转发成功 992673444443193351
2024-10-26 17:20:01,146|line:489| 评论发送成功
2024-10-26 17:20:04,967|line:375| not all arguments converted during string formatting
2024-10-26 17:20:04,967|line:376| error line:370
2024-10-26 17:20:16,551|line:470| 转发成功 992673526055960613
2024-10-26 17:20:20,114|line:489| 评论发送成功
2024-10-26 17:20:26,945|line:375| not all arguments converted during string formatting
2024-10-26 17:20:26,945|line:376| error line:370
2024-10-26 17:20:35,464|line:470| 转发成功 992673607629930521
2024-10-26 17:20:38,903|line:489| 评论
2024-10-26 17:20:49,552|line:470| 转发成功 992673667762618404
2024-10-26 17:20:52,984|line:489| 评论
2024-10-26 17:21:02,638|line:470| 转发成功 992673723615019033
2024-10-26 17:21:06,035|line:489| 评论
2024-10-26 17:21:16,806|line:470| 转发成功 992673783744561155
2024-10-26 17:21:20,208|line:489| 评论
2024-10-26 17:21:27,875|line:470| 转发成功 992673830960889864
2024-10-26 17:21:31,314|line:489| 评论
2024-10-26 17:21:42,847|line:470| 转发成功 992673895401127944
2024-10-26 17:21:46,279|line:489| 评论
2024-10-26 17:21:54,936|line:470| 转发成功 992673946952269843
2024-10-26 17:21:58,642|line:489| 评论发送成功
2024-10-26 17:22:04,450|line:375| not all arguments converted during string formatting
2024-10-26 17:22:04,451|line:376| error line:370
2024-10-26 17:22:15,507|line:470| 转发成功 992674037138194435
2024-10-26 17:22:18,941|line:489| 评论
2024-10-26 17:22:25,638|line:470| 转发成功 992674080097304577
2024-10-26 17:22:29,224|line:489| 评论发送成功
2024-10-26 17:22:36,079|line:375| not all arguments converted during string formatting
2024-10-26 17:22:36,079|line:376| error line:370
2024-10-26 17:22:45,761|line:470| 转发成功 992674165991407633
2024-10-26 17:22:49,161|line:489| 评论
2024-10-26 17:22:57,736|line:470| 转发成功 992674217531015173
2024-10-26 17:23:01,340|line:489| 评论发送成功
2024-10-26 17:23:07,175|line:375| not all arguments converted during string formatting
2024-10-26 17:23:07,175|line:376| error line:370
2024-10-26 17:23:15,824|line:470| 转发成功 992674294848815111
2024-10-26 17:23:19,262|line:489| 评论
2024-10-26 17:23:29,792|line:470| 转发成功 992674354961580067
2024-10-26 17:23:33,191|line:489| 评论
2024-10-26 17:23:43,768|line:470| 转发成功 992674415093219330
2024-10-26 17:23:47,211|line:489| 评论
2024-10-26 17:23:56,912|line:470| 转发成功 992674470911016960
2024-10-26 17:24:00,495|line:489| 评论发送成功
2024-10-26 17:24:03,560|line:375| not all arguments converted during string formatting
2024-10-26 17:24:03,560|line:376| error line:370
2024-10-26 17:24:11,147|line:470| 转发成功 992674535370129414
2024-10-26 17:24:14,742|line:489| 评论发送成功
2024-10-26 17:24:20,653|line:375| not all arguments converted during string formatting
2024-10-26 17:24:20,653|line:376| error line:370
2024-10-26 17:24:29,256|line:470| 转发成功 992674612649132050
2024-10-26 17:24:32,689|line:489| 评论
2024-10-26 17:24:40,319|line:470| 转发成功 992674659921035285
2024-10-26 17:24:43,794|line:489| 评论
2024-10-26 17:24:50,461|line:470| 转发成功 992674702864416787
2024-10-26 17:24:53,938|line:489| 评论
2024-10-26 17:25:04,640|line:470| 转发成功 992674762977181696
2024-10-26 17:25:08,196|line:489| 评论
2024-10-26 17:25:18,100|line:470| 转发成功 992674818828533778
2024-10-26 17:25:21,580|line:489| 评论
2024-10-26 17:25:33,272|line:470| 转发成功 992674887531233284
2024-10-26 17:25:36,885|line:489| 评论发送成功
2024-10-26 17:25:45,771|line:375| not all arguments converted during string formatting
2024-10-26 17:25:45,772|line:376| error line:370
2024-10-26 17:25:54,471|line:470| 转发成功 992674977737080837
2024-10-26 17:25:57,923|line:489| 评论
2024-10-26 17:26:10,557|line:470| 转发成功 992675046455508994
2024-10-26 17:26:14,048|line:489| 评论
2024-10-26 17:26:23,646|line:470| 转发成功 992675102305812499
2024-10-26 17:26:27,124|line:489| 评论
2024-10-26 17:26:36,927|line:470| 转发成功 992675158124658692
2024-10-26 17:26:40,736|line:489| 评论发送成功
2024-10-26 17:26:46,622|line:375| not all arguments converted during string formatting
2024-10-26 17:26:46,623|line:376| error line:370
2024-10-26 17:26:57,349|line:470| 转发成功 992675248312680452
2024-10-26 17:27:00,819|line:489| 评论
2024-10-26 17:27:10,520|line:470| 转发成功 992675304147255303
2024-10-26 17:27:13,948|line:489| 评论
2024-10-26 17:27:24,469|line:470| 转发成功 992675364292526081
2024-10-26 17:27:28,227|line:489| 评论发送成功
2024-10-26 17:27:33,185|line:375| not all arguments converted during string formatting
2024-10-26 17:27:33,185|line:376| error line:370
2024-10-26 17:27:44,680|line:470| 转发成功 992675450179289128
2024-10-26 17:27:48,419|line:489| 评论发送成功
2024-10-26 17:27:55,222|line:375| not all arguments converted during string formatting
2024-10-26 17:27:55,222|line:376| error line:370
2024-10-26 17:28:06,787|line:470| 转发成功 992675544669618182
2024-10-26 17:28:10,222|line:489| 评论
2024-10-26 17:28:21,814|line:470| 转发成功 992675609104613381
2024-10-26 17:28:25,260|line:489| 评论
2024-10-26 17:28:35,834|line:470| 转发成功 992675669208989716
2024-10-26 17:28:39,414|line:489| 评论发送成功
2024-10-26 17:28:45,438|line:375| not all arguments converted during string formatting
2024-10-26 17:28:45,439|line:376| error line:370
2024-10-26 17:28:54,093|line:470| 转发成功 992675746526789650
2024-10-26 17:28:57,651|line:489| 评论发送成功
2024-10-26 17:29:04,516|line:375| not all arguments converted during string formatting
2024-10-26 17:29:04,517|line:376| error line:370
2024-10-26 17:29:13,985|line:470| 转发成功 992675832443961369
2024-10-26 17:29:17,428|line:489| 评论
2024-10-26 17:29:29,976|line:470| 转发成功 992675901142466561
2024-10-26 17:29:33,370|line:489| 评论
2024-10-26 17:29:33,370|line:377| *********子动态结束*********
2024-10-26 17:29:33,370|line:532| -=-=-=-=处理回最初的动态-=-=-=-=
2024-10-26 17:29:44,938|line:470| 转发成功 992675965579558931
2024-10-26 17:29:48,510|line:489| 评论发送成功
2024-10-26 17:29:51,934|line:543| not all arguments converted during string formatting
2024-10-26 17:29:51,934|line:544| error line:537
2024-10-26 17:29:55,935|line:514| https://t.bilibili.com/991109260301565959
2024-10-26 17:29:55,935|line:516| 已有
2024-10-26 17:29:55,935|line:514| https://t.bilibili.com/991056011291787266
2024-10-26 17:29:55,935|line:516| 已有
2024-10-26 17:29:55,936|line:514| https://t.bilibili.com/982969481206693890
2024-10-26 17:30:00,490|line:521| 官方 或 预约 OUT！
2024-10-26 17:30:00,490|line:514| https://t.bilibili.com/991846508596822018
2024-10-26 17:30:03,021|line:521| 官方 或 预约 OUT！
2024-10-26 17:30:03,022|line:514| https://t.bilibili.com/991037658930085890
2024-10-26 17:30:03,022|line:516| 已有
2024-10-26 17:30:03,022|line:514| https://t.bilibili.com/991821314338586628
2024-10-26 17:30:03,022|line:516| 已有
2024-10-26 17:30:03,022|line:547| 执行结束
2024-10-26 17:30:07,049|line:552| ==================================================2024-10-27 01:30==================================================
