2024-10-28 16:34:00,060|line:233| processing article 39600295
2024-10-28 16:34:03,038|line:502| ==================================================2024-10-29 00:34==================================================
2024-10-28 16:34:03,038|line:514| https://t.bilibili.com/992103528038137892
2024-10-28 16:34:07,692|line:334| =========此为子动态=========
2024-10-28 16:34:09,356|line:397| *************原动态已存在***************
2024-10-28 16:34:13,026|line:358| *********子动态开始*********
2024-10-28 16:34:22,638|line:470| 转发成功 993403868027027494
2024-10-28 16:34:26,241|line:489| 评论发送成功
2024-10-28 16:34:35,297|line:375| not all arguments converted during string formatting
2024-10-28 16:34:35,297|line:376| error line:370
2024-10-28 16:34:42,005|line:470| 转发成功 993403949641891841
2024-10-28 16:34:45,615|line:489| 评论发送成功
2024-10-28 16:34:50,492|line:375| not all arguments converted during string formatting
2024-10-28 16:34:50,493|line:376| error line:370
2024-10-28 16:34:58,059|line:470| 转发成功 993404018380242984
2024-10-28 16:35:01,652|line:489| 评论发送成功
2024-10-28 16:35:07,527|line:375| not all arguments converted during string formatting
2024-10-28 16:35:07,528|line:376| error line:370
2024-10-28 16:35:17,194|line:470| 转发成功 993404104287977478
2024-10-28 16:35:20,665|line:489| 评论
2024-10-28 16:35:32,174|line:470| 转发成功 993404164399693879
2024-10-28 16:35:35,821|line:489| 评论发送成功
2024-10-28 16:35:42,717|line:375| not all arguments converted during string formatting
2024-10-28 16:35:42,717|line:376| error line:370
2024-10-28 16:35:53,262|line:470| 转发成功 993404258901557271
2024-10-28 16:35:56,692|line:489| 评论
2024-10-28 16:36:06,297|line:470| 转发成功 993404314731937797
2024-10-28 16:36:09,899|line:489| 评论
2024-10-28 16:36:19,485|line:470| 转发成功 993404370557075458
2024-10-28 16:36:23,206|line:489| 评论发送成功
2024-10-28 16:36:28,074|line:375| not all arguments converted during string formatting
2024-10-28 16:36:28,075|line:376| error line:370
2024-10-28 16:36:40,637|line:470| 转发成功 993404460759777302
2024-10-28 16:36:44,253|line:489| 评论发送成功
2024-10-28 16:36:52,310|line:375| not all arguments converted during string formatting
2024-10-28 16:36:52,310|line:376| error line:370
2024-10-28 16:37:00,991|line:470| 转发成功 993404546638151715
2024-10-28 16:37:04,430|line:489| 评论
2024-10-28 16:37:14,982|line:470| 转发成功 993404606788665351
2024-10-28 16:37:18,480|line:489| 评论
2024-10-28 16:37:29,063|line:470| 转发成功 993404666919256113
2024-10-28 16:37:32,667|line:489| 评论发送成功
2024-10-28 16:37:38,528|line:375| not all arguments converted during string formatting
2024-10-28 16:37:38,528|line:376| error line:370
2024-10-28 16:37:48,144|line:470| 转发成功 993404752825942022
2024-10-28 16:37:51,907|line:489| 评论发送成功
2024-10-28 16:38:00,861|line:375| not all arguments converted during string formatting
2024-10-28 16:38:00,861|line:376| error line:370
2024-10-28 16:38:12,459|line:470| 转发成功 993404855871602690
2024-10-28 16:38:15,896|line:489| 评论
2024-10-28 16:38:26,741|line:470| 转发成功 993404916005339142
2024-10-28 16:38:30,371|line:489| 评论发送成功
2024-10-28 16:38:36,341|line:375| not all arguments converted during string formatting
2024-10-28 16:38:36,341|line:376| error line:370
2024-10-28 16:38:44,861|line:470| 转发成功 993404993343062022
2024-10-28 16:38:48,326|line:489| 评论
2024-10-28 16:38:56,874|line:470| 转发成功 993405044851212307
2024-10-28 16:39:00,269|line:489| 评论
2024-10-28 16:39:09,573|line:470| 转发成功 993405100695224327
2024-10-28 16:39:12,913|line:489| 评论
2024-10-28 16:39:22,198|line:470| 转发成功 993405156552867849
2024-10-28 16:39:25,673|line:489| 评论发送成功
2024-10-28 16:39:33,306|line:375| not all arguments converted during string formatting
2024-10-28 16:39:33,306|line:376| error line:370
2024-10-28 16:39:43,539|line:470| 转发成功 993405246730403843
2024-10-28 16:39:46,890|line:489| 评论
2024-10-28 16:39:54,052|line:470| 转发成功 993405289671688225
2024-10-28 16:39:57,377|line:489| 评论
2024-10-28 16:40:05,592|line:470| 转发成功 993405341225975832
2024-10-28 16:40:08,930|line:489| 评论
2024-10-28 16:40:18,197|line:470| 转发成功 993405397037481990
2024-10-28 16:40:21,774|line:489| 评论
2024-10-28 16:40:29,960|line:470| 转发成功 993405444277927957
2024-10-28 16:40:33,336|line:489| 评论
2024-10-28 16:40:42,013|line:470| 转发成功 993405495848992774
2024-10-28 16:40:45,400|line:489| 评论
2024-10-28 16:40:56,928|line:470| 转发成功 993405560242044929
2024-10-28 16:41:00,421|line:489| 评论
2024-10-28 16:41:10,124|line:470| 转发成功 993405616101785605
2024-10-28 16:41:13,714|line:489| 评论发送成功
2024-10-28 16:41:19,758|line:375| not all arguments converted during string formatting
2024-10-28 16:41:19,758|line:376| error line:370
2024-10-28 16:41:26,327|line:470| 转发成功 993405689105743874
2024-10-28 16:41:29,729|line:489| 评论
2024-10-28 16:41:37,287|line:470| 转发成功 993405736371355651
2024-10-28 16:41:40,681|line:489| 评论
2024-10-28 16:41:50,208|line:470| 转发成功 993405792184958992
2024-10-28 16:41:53,823|line:489| 评论发送成功
2024-10-28 16:41:59,625|line:375| not all arguments converted during string formatting
2024-10-28 16:41:59,626|line:376| error line:370
2024-10-28 16:42:06,501|line:470| 转发成功 993405860918067204
2024-10-28 16:42:10,115|line:489| 评论发送成功
2024-10-28 16:42:14,921|line:375| not all arguments converted during string formatting
2024-10-28 16:42:14,922|line:376| error line:370
2024-10-28 16:42:25,422|line:470| 转发成功 993405942498328583
2024-10-28 16:42:29,022|line:489| 评论发送成功
2024-10-28 16:42:33,828|line:375| not all arguments converted during string formatting
2024-10-28 16:42:33,828|line:376| error line:370
2024-10-28 16:42:42,512|line:470| 转发成功 993406015545278472
2024-10-28 16:42:46,091|line:489| 评论发送成功
2024-10-28 16:42:49,895|line:375| not all arguments converted during string formatting
2024-10-28 16:42:49,895|line:376| error line:370
2024-10-28 16:43:00,464|line:470| 转发成功 993406092836864003
2024-10-28 16:43:03,905|line:489| 评论
2024-10-28 16:43:15,592|line:470| 转发成功 993406157270810629
2024-10-28 16:43:19,031|line:489| 评论
2024-10-28 16:43:30,567|line:470| 转发成功 993406221697417224
2024-10-28 16:43:33,963|line:489| 评论
2024-10-28 16:43:46,543|line:470| 转发成功 993406290408505345
2024-10-28 16:43:50,006|line:489| 评论
2024-10-28 16:44:01,755|line:470| 转发成功 993406354810994692
2024-10-28 16:44:05,194|line:489| 评论
2024-10-28 16:44:15,851|line:470| 转发成功 993406414978285600
2024-10-28 16:44:19,489|line:489| 评论发送成功
2024-10-28 16:44:23,362|line:375| not all arguments converted during string formatting
2024-10-28 16:44:23,363|line:376| error line:370
2024-10-28 16:44:33,927|line:470| 转发成功 993406492264628247
2024-10-28 16:44:37,410|line:489| 评论
2024-10-28 16:44:46,931|line:470| 转发成功 993406548114931732
2024-10-28 16:44:50,367|line:489| 评论
2024-10-28 16:44:57,958|line:470| 转发成功 993406595341746195
2024-10-28 16:45:01,638|line:489| 评论发送成功
2024-10-28 16:45:10,449|line:375| not all arguments converted during string formatting
2024-10-28 16:45:10,449|line:376| error line:370
2024-10-28 16:45:17,167|line:470| 转发成功 993406681228509186
2024-10-28 16:45:20,605|line:489| 评论
2024-10-28 16:45:31,338|line:470| 转发成功 993406741383217153
2024-10-28 16:45:34,925|line:489| 评论发送成功
2024-10-28 16:45:40,722|line:375| not all arguments converted during string formatting
2024-10-28 16:45:40,722|line:376| error line:370
2024-10-28 16:45:52,222|line:470| 转发成功 993406831558656008
2024-10-28 16:45:55,782|line:489| 评论发送成功
2024-10-28 16:46:02,613|line:375| not all arguments converted during string formatting
2024-10-28 16:46:02,613|line:376| error line:370
2024-10-28 16:46:15,125|line:470| 转发成功 993406926072053779
2024-10-28 16:46:18,690|line:489| 评论发送成功
2024-10-28 16:46:27,519|line:375| not all arguments converted during string formatting
2024-10-28 16:46:27,519|line:376| error line:370
2024-10-28 16:46:40,044|line:470| 转发成功 993407033451479045
2024-10-28 16:46:43,652|line:489| 评论发送成功
2024-10-28 16:46:48,469|line:375| not all arguments converted during string formatting
2024-10-28 16:46:48,470|line:376| error line:370
2024-10-28 16:47:01,964|line:470| 转发成功 993407127944953865
2024-10-28 16:47:05,401|line:489| 评论
2024-10-28 16:47:11,940|line:470| 转发成功 993407170884141065
2024-10-28 16:47:15,339|line:489| 评论
2024-10-28 16:47:15,339|line:377| *********子动态结束*********
2024-10-28 16:47:15,340|line:532| -=-=-=-=处理回最初的动态-=-=-=-=
2024-10-28 16:47:24,919|line:470| 转发成功 993407226704035857
2024-10-28 16:47:28,678|line:489| 评论发送成功
2024-10-28 16:47:30,121|line:543| not all arguments converted during string formatting
2024-10-28 16:47:30,121|line:544| error line:537
2024-10-28 16:47:33,122|line:514| https://t.bilibili.com/992075679480676373
2024-10-28 16:47:33,122|line:516| 已有
2024-10-28 16:47:33,122|line:514| https://t.bilibili.com/992137277899538450
2024-10-28 16:47:33,123|line:516| 已有
2024-10-28 16:47:33,123|line:514| https://t.bilibili.com/992066569861333009
2024-10-28 16:47:33,123|line:516| 已有
2024-10-28 16:47:33,123|line:514| https://t.bilibili.com/992221970338676755
2024-10-28 16:47:36,638|line:521| 官方 或 预约 OUT！
2024-10-28 16:47:36,638|line:514| https://t.bilibili.com/992098468581343250
2024-10-28 16:47:36,638|line:516| 已有
2024-10-28 16:47:36,638|line:514| https://t.bilibili.com/992092030408589331
2024-10-28 16:47:36,639|line:516| 已有
2024-10-28 16:47:36,639|line:514| https://t.bilibili.com/992113793033043972
2024-10-28 16:47:36,639|line:516| 已有
2024-10-28 16:47:36,639|line:514| https://t.bilibili.com/992210666001530901
2024-10-28 16:47:36,639|line:516| 已有
2024-10-28 16:47:36,639|line:514| https://t.bilibili.com/992125995026743305
2024-10-28 16:47:36,640|line:516| 已有
2024-10-28 16:47:36,640|line:514| https://t.bilibili.com/992098627468918802
2024-10-28 16:47:36,640|line:516| 已有
2024-10-28 16:47:36,640|line:514| https://t.bilibili.com/991787783540441094
2024-10-28 16:47:39,104|line:521| 官方 或 预约 OUT！
2024-10-28 16:47:39,104|line:514| https://t.bilibili.com/992109833043836937
2024-10-28 16:47:39,104|line:516| 已有
2024-10-28 16:47:39,105|line:514| https://t.bilibili.com/991856556704268295
2024-10-28 16:47:39,105|line:516| 已有
2024-10-28 16:47:39,105|line:514| https://t.bilibili.com/992166930366332968
2024-10-28 16:47:39,105|line:516| 已有
2024-10-28 16:47:39,105|line:514| https://t.bilibili.com/992092313865945106
2024-10-28 16:47:39,105|line:516| 已有
2024-10-28 16:47:39,106|line:514| https://t.bilibili.com/992069112461000710
2024-10-28 16:47:39,106|line:516| 已有
2024-10-28 16:47:39,106|line:514| https://t.bilibili.com/992181256227651648
2024-10-28 16:47:39,106|line:516| 已有
2024-10-28 16:47:39,106|line:514| https://t.bilibili.com/992193284254203905
2024-10-28 16:47:39,106|line:516| 已有
2024-10-28 16:47:39,107|line:514| https://t.bilibili.com/992567861255864327
2024-10-28 16:47:39,107|line:516| 已有
2024-10-28 16:47:39,107|line:514| https://t.bilibili.com/992140185572474882
2024-10-28 16:47:39,107|line:516| 已有
2024-10-28 16:47:39,107|line:514| https://t.bilibili.com/991826725981650947
2024-10-28 16:47:40,531|line:521| 官方 或 预约 OUT！
2024-10-28 16:47:40,531|line:514| https://t.bilibili.com/990611400563884071
2024-10-28 16:47:42,975|line:521| 官方 或 预约 OUT！
2024-10-28 16:47:42,975|line:514| https://t.bilibili.com/992096406993895424
2024-10-28 16:47:45,411|line:334| =========此为子动态=========
2024-10-28 16:47:46,927|line:397| *************原动态已存在***************
2024-10-28 16:47:51,602|line:358| *********子动态开始*********
2024-10-28 16:48:03,305|line:470| 转发成功 993407394193080325
2024-10-28 16:48:06,912|line:489| 评论发送成功
2024-10-28 16:48:10,720|line:375| not all arguments converted during string formatting
2024-10-28 16:48:10,720|line:376| error line:370
2024-10-28 16:48:22,330|line:470| 转发成功 993407475822624772
2024-10-28 16:48:26,039|line:489| 评论发送成功
2024-10-28 16:48:33,845|line:375| not all arguments converted during string formatting
2024-10-28 16:48:33,845|line:376| error line:370
2024-10-28 16:48:42,357|line:470| 转发成功 993407561696804865
2024-10-28 16:48:45,794|line:489| 评论
2024-10-28 16:48:55,467|line:470| 转发成功 993407617565982721
2024-10-28 16:48:58,866|line:489| 评论
2024-10-28 16:49:07,388|line:470| 转发成功 993407669100347396
2024-10-28 16:49:10,822|line:489| 评论
2024-10-28 16:49:21,293|line:470| 转发成功 993407729234083845
2024-10-28 16:49:24,736|line:489| 评论
2024-10-28 16:49:32,310|line:470| 转发成功 993407776467189762
2024-10-28 16:49:35,752|line:489| 评论
2024-10-28 16:49:43,466|line:470| 转发成功 993407823720218645
2024-10-28 16:49:46,859|line:489| 评论
2024-10-28 16:49:53,412|line:470| 转发成功 993407866654162950
2024-10-28 16:49:57,178|line:489| 评论发送成功
2024-10-28 16:50:04,991|line:375| not all arguments converted during string formatting
2024-10-28 16:50:04,991|line:376| error line:370
2024-10-28 16:50:13,548|line:470| 转发成功 993407952544071703
2024-10-28 16:50:16,943|line:489| 评论
2024-10-28 16:50:26,458|line:470| 转发成功 993408008378646532
2024-10-28 16:50:29,856|line:489| 评论
2024-10-28 16:50:41,382|line:470| 转发成功 993408072837758984
2024-10-28 16:50:44,990|line:489| 评论
2024-10-28 16:50:56,492|line:470| 转发成功 993408137253879824
2024-10-28 16:51:00,099|line:489| 评论发送成功
2024-10-28 16:51:05,920|line:375| not all arguments converted during string formatting
2024-10-28 16:51:05,920|line:376| error line:370
2024-10-28 16:51:14,807|line:470| 转发成功 993408214559096837
2024-10-28 16:51:18,500|line:489| 评论发送成功
2024-10-28 16:51:22,311|line:375| not all arguments converted during string formatting
2024-10-28 16:51:22,311|line:376| error line:370
2024-10-28 16:51:31,935|line:470| 转发成功 993408287552569346
2024-10-28 16:51:35,532|line:489| 评论发送成功
2024-10-28 16:51:41,345|line:375| not all arguments converted during string formatting
2024-10-28 16:51:41,345|line:376| error line:370
2024-10-28 16:51:48,783|line:470| 转发成功 993408360587984917
2024-10-28 16:51:52,221|line:489| 评论
2024-10-28 16:52:02,765|line:470| 转发成功 993408420712284178
2024-10-28 16:52:06,329|line:489| 评论发送成功
2024-10-28 16:52:12,131|line:375| not all arguments converted during string formatting
2024-10-28 16:52:12,131|line:376| error line:370
2024-10-28 16:52:23,653|line:470| 转发成功 993408510916034564
2024-10-28 16:52:27,202|line:489| 评论
2024-10-28 16:52:39,780|line:470| 转发成功 993408579641802788
2024-10-28 16:52:43,461|line:489| 评论发送成功
2024-10-28 16:52:48,319|line:375| not all arguments converted during string formatting
2024-10-28 16:52:48,319|line:376| error line:370
2024-10-28 16:52:57,950|line:470| 转发成功 993408656947019782
2024-10-28 16:53:01,631|line:489| 评论发送成功
2024-10-28 16:53:08,439|line:375| not all arguments converted during string formatting
2024-10-28 16:53:08,440|line:376| error line:370
2024-10-28 16:53:16,901|line:470| 转发成功 993408738534621216
2024-10-28 16:53:20,328|line:489| 评论
2024-10-28 16:53:28,928|line:470| 转发成功 993408790059548689
2024-10-28 16:53:32,479|line:489| 评论发送成功
2024-10-28 16:53:39,287|line:375| not all arguments converted during string formatting
2024-10-28 16:53:39,287|line:376| error line:370
2024-10-28 16:53:50,072|line:470| 转发成功 993408880258056196
2024-10-28 16:53:53,467|line:489| 评论
2024-10-28 16:54:01,010|line:470| 转发成功 993408927534153728
2024-10-28 16:54:04,460|line:489| 评论
2024-10-28 16:54:11,952|line:470| 转发成功 993408974770405379
2024-10-28 16:54:15,352|line:489| 评论
2024-10-28 16:54:28,280|line:470| 转发成功 993409047757586438
2024-10-28 16:54:32,049|line:489| 评论发送成功
2024-10-28 16:54:40,972|line:375| not all arguments converted during string formatting
2024-10-28 16:54:40,973|line:376| error line:370
2024-10-28 16:54:47,834|line:470| 转发成功 993409129368256518
2024-10-28 16:54:51,264|line:489| 评论
2024-10-28 16:55:00,957|line:470| 转发成功 993409185199685672
2024-10-28 16:55:04,624|line:489| 评论发送成功
2024-10-28 16:55:07,499|line:375| not all arguments converted during string formatting
2024-10-28 16:55:07,499|line:376| error line:370
2024-10-28 16:55:19,125|line:470| 转发成功 993409262508048386
2024-10-28 16:55:22,729|line:489| 评论发送成功
2024-10-28 16:55:29,609|line:375| not all arguments converted during string formatting
2024-10-28 16:55:29,609|line:376| error line:370
2024-10-28 16:55:42,151|line:470| 转发成功 993409361309073415
2024-10-28 16:55:45,572|line:489| 评论
2024-10-28 16:55:57,427|line:470| 转发成功 993409430029598726
2024-10-28 16:56:00,874|line:489| 评论
2024-10-28 16:56:10,718|line:470| 转发成功 993409485852639252
2024-10-28 16:56:14,157|line:489| 评论
2024-10-28 16:56:24,731|line:470| 转发成功 993409545993715718
2024-10-28 16:56:28,164|line:489| 评论
2024-10-28 16:56:39,650|line:470| 转发成功 993409610423468038
2024-10-28 16:56:43,099|line:489| 评论
2024-10-28 16:56:49,607|line:470| 转发成功 993409653351120898
2024-10-28 16:56:53,047|line:489| 评论
2024-10-28 16:57:04,602|line:470| 转发成功 993409717810233364
2024-10-28 16:57:08,195|line:489| 评论发送成功
2024-10-28 16:57:12,992|line:375| not all arguments converted during string formatting
2024-10-28 16:57:12,992|line:376| error line:370
2024-10-28 16:57:25,516|line:470| 转发成功 993409807966797859
2024-10-28 16:57:29,126|line:489| 评论发送成功
2024-10-28 16:57:34,981|line:375| not all arguments converted during string formatting
2024-10-28 16:57:34,981|line:376| error line:370
2024-10-28 16:57:44,585|line:470| 转发成功 993409889598439430
2024-10-28 16:57:48,041|line:489| 评论
2024-10-28 16:57:56,591|line:470| 转发成功 993409941121269763
2024-10-28 16:58:00,059|line:489| 评论
2024-10-28 16:58:09,569|line:470| 转发成功 993409996970524677
2024-10-28 16:58:13,007|line:489| 评论
2024-10-28 16:58:22,684|line:470| 转发成功 993410052798808070
2024-10-28 16:58:26,517|line:489| 评论发送成功
2024-10-28 16:58:34,315|line:375| not all arguments converted during string formatting
2024-10-28 16:58:34,316|line:376| error line:370
2024-10-28 16:58:46,842|line:470| 转发成功 993410155890606089
2024-10-28 16:58:50,444|line:489| 评论发送成功
2024-10-28 16:58:56,248|line:375| not all arguments converted during string formatting
2024-10-28 16:58:56,248|line:376| error line:370
2024-10-28 16:59:04,829|line:470| 转发成功 993410233200017417
2024-10-28 16:59:08,424|line:489| 评论发送成功
2024-10-28 16:59:14,411|line:375| not all arguments converted during string formatting
2024-10-28 16:59:14,411|line:376| error line:370
2024-10-28 16:59:25,093|line:470| 转发成功 993410319103557681
2024-10-28 16:59:28,487|line:489| 评论
2024-10-28 16:59:40,199|line:470| 转发成功 993410387802062854
2024-10-28 16:59:43,588|line:489| 评论
2024-10-28 16:59:53,121|line:470| 转发成功 993410439353204753
2024-10-28 16:59:56,631|line:489| 评论
2024-10-28 17:00:05,290|line:470| 转发成功 993410495196168193
2024-10-28 17:00:08,906|line:489| 评论发送成功
2024-10-28 17:00:14,715|line:375| not all arguments converted during string formatting
2024-10-28 17:00:14,716|line:376| error line:370
2024-10-28 17:00:25,403|line:470| 转发成功 993410581080834056
2024-10-28 17:00:29,007|line:489| 评论发送成功
2024-10-28 17:00:36,138|line:375| not all arguments converted during string formatting
2024-10-28 17:00:36,138|line:376| error line:370
2024-10-28 17:00:42,680|line:470| 转发成功 993410654103666693
2024-10-28 17:00:46,316|line:489| 评论发送成功
2024-10-28 17:00:52,194|line:375| not all arguments converted during string formatting
2024-10-28 17:00:52,194|line:376| error line:370
2024-10-28 17:00:52,195|line:377| *********子动态结束*********
2024-10-28 17:00:52,195|line:532| -=-=-=-=处理回最初的动态-=-=-=-=
2024-10-28 17:00:59,780|line:470| 转发成功 993410727103430680
2024-10-28 17:01:03,228|line:489| 评论
2024-10-28 17:01:04,229|line:514| https://t.bilibili.com/992069700898783250
2024-10-28 17:01:04,229|line:516| 已有
2024-10-28 17:01:04,229|line:514| https://t.bilibili.com/992216601662062608
2024-10-28 17:01:04,230|line:516| 已有
2024-10-28 17:01:04,230|line:514| https://t.bilibili.com/992196883448332309
2024-10-28 17:01:04,230|line:516| 已有
2024-10-28 17:01:04,230|line:514| https://t.bilibili.com/991864287611846658
2024-10-28 17:01:04,230|line:516| 已有
2024-10-28 17:01:04,231|line:514| https://t.bilibili.com/992065908437417987
2024-10-28 17:01:04,231|line:516| 已有
2024-10-28 17:01:04,231|line:514| https://t.bilibili.com/992171779363438627
2024-10-28 17:01:04,231|line:516| 已有
2024-10-28 17:01:04,231|line:514| https://t.bilibili.com/992447417475399716
2024-10-28 17:01:06,763|line:521| 官方 或 预约 OUT！
2024-10-28 17:01:06,764|line:514| https://t.bilibili.com/992189229822902275
2024-10-28 17:01:08,311|line:521| 官方 或 预约 OUT！
2024-10-28 17:01:08,312|line:514| https://t.bilibili.com/992143600068329488
2024-10-28 17:01:08,312|line:516| 已有
2024-10-28 17:01:08,312|line:514| https://t.bilibili.com/635932563238551585
2024-10-28 17:01:12,969|line:339| =========此为源动态=========
2024-10-28 17:01:14,496|line:358| *********子动态开始*********
2024-10-28 17:01:14,496|line:377| *********子动态结束*********
2024-10-28 17:01:14,496|line:532| -=-=-=-=处理回最初的动态-=-=-=-=
2024-10-28 17:01:25,021|line:470| 转发成功 993410834491244560
2024-10-28 17:01:28,770|line:489| 评论发送成功
2024-10-28 17:01:31,232|line:543| not all arguments converted during string formatting
2024-10-28 17:01:31,232|line:544| error line:537
2024-10-28 17:01:32,233|line:514| https://t.bilibili.com/992152387588194313
2024-10-28 17:01:32,233|line:516| 已有
2024-10-28 17:01:32,233|line:514| https://t.bilibili.com/992079931496202261
2024-10-28 17:01:32,234|line:516| 已有
2024-10-28 17:01:32,234|line:514| https://t.bilibili.com/991848825763135521
2024-10-28 17:01:32,234|line:516| 已有
2024-10-28 17:01:32,234|line:514| https://t.bilibili.com/992188987170881545
2024-10-28 17:01:32,234|line:516| 已有
2024-10-28 17:01:32,234|line:514| https://t.bilibili.com/992177182428102657
2024-10-28 17:01:32,235|line:516| 已有
2024-10-28 17:01:32,235|line:514| https://t.bilibili.com/992491174604308501
2024-10-28 17:01:32,235|line:516| 已有
2024-10-28 17:01:32,235|line:514| https://t.bilibili.com/992096218012188680
2024-10-28 17:01:36,719|line:521| 官方 或 预约 OUT！
2024-10-28 17:01:36,720|line:514| https://t.bilibili.com/992096333961625641
2024-10-28 17:01:36,720|line:516| 已有
2024-10-28 17:01:36,720|line:514| https://t.bilibili.com/992065307144093734
2024-10-28 17:01:38,210|line:521| 官方 或 预约 OUT！
2024-10-28 17:01:38,211|line:514| https://t.bilibili.com/992126437408374791
2024-10-28 17:01:40,677|line:339| =========此为源动态=========
2024-10-28 17:01:42,180|line:358| *********子动态开始*********
2024-10-28 17:01:42,181|line:377| *********子动态结束*********
2024-10-28 17:01:42,181|line:532| -=-=-=-=处理回最初的动态-=-=-=-=
2024-10-28 17:01:51,694|line:470| 转发成功 993410950463750184
2024-10-28 17:01:55,346|line:489| 评论发送成功
2024-10-28 17:01:56,804|line:543| not all arguments converted during string formatting
2024-10-28 17:01:56,804|line:544| error line:537
2024-10-28 17:01:58,805|line:514| https://t.bilibili.com/992155535792930823
2024-10-28 17:01:58,805|line:516| 已有
2024-10-28 17:01:58,806|line:514| https://t.bilibili.com/992210021744902163
2024-10-28 17:01:58,806|line:516| 已有
2024-10-28 17:01:58,806|line:514| https://t.bilibili.com/992197063833812999
2024-10-28 17:01:58,806|line:516| 已有
2024-10-28 17:01:58,806|line:514| https://t.bilibili.com/992146348876759042
2024-10-28 17:01:58,806|line:516| 已有
2024-10-28 17:01:58,807|line:514| https://t.bilibili.com/992188987152007192
2024-10-28 17:01:58,807|line:516| 已有
2024-10-28 17:01:58,807|line:514| https://t.bilibili.com/992235379241254917
2024-10-28 17:01:58,807|line:516| 已有
2024-10-28 17:01:58,807|line:514| https://t.bilibili.com/992196870545604628
2024-10-28 17:02:01,281|line:521| 官方 或 预约 OUT！
2024-10-28 17:02:01,281|line:514| https://t.bilibili.com/992138115429695495
2024-10-28 17:02:01,282|line:516| 已有
2024-10-28 17:02:01,282|line:514| https://t.bilibili.com/992475046993723399
2024-10-28 17:02:01,282|line:516| 已有
2024-10-28 17:02:01,282|line:514| https://t.bilibili.com/992080753990828082
2024-10-28 17:02:01,282|line:516| 已有
2024-10-28 17:02:01,283|line:514| https://t.bilibili.com/992131127490641923
2024-10-28 17:02:01,283|line:516| 已有
2024-10-28 17:02:01,283|line:514| https://t.bilibili.com/992467301051662344
2024-10-28 17:02:01,283|line:516| 已有
2024-10-28 17:02:01,283|line:514| https://t.bilibili.com/992132875542331392
2024-10-28 17:02:01,283|line:516| 已有
2024-10-28 17:02:01,283|line:514| https://t.bilibili.com/992143686003326983
2024-10-28 17:02:02,751|line:339| =========此为源动态=========
2024-10-28 17:02:07,425|line:358| *********子动态开始*********
2024-10-28 17:02:07,425|line:377| *********子动态结束*********
2024-10-28 17:02:07,426|line:532| -=-=-=-=处理回最初的动态-=-=-=-=
2024-10-28 17:02:19,126|line:470| 转发成功 993411066418430007
2024-10-28 17:02:22,691|line:489| 评论发送成功
2024-10-28 17:02:24,335|line:543| not all arguments converted during string formatting
2024-10-28 17:02:24,336|line:544| error line:537
2024-10-28 17:02:27,337|line:514| https://t.bilibili.com/992222618904952864
2024-10-28 17:02:28,809|line:521| 官方 或 预约 OUT！
2024-10-28 17:02:28,810|line:514| https://t.bilibili.com/992070310756876294
2024-10-28 17:02:30,278|line:334| =========此为子动态=========
2024-10-28 17:02:31,813|line:383| *************原动态处理开始***************
2024-10-28 17:02:36,904|line:470| 转发成功 993411143726792710
2024-10-28 17:02:40,514|line:489| 评论发送成功
2024-10-28 17:02:42,104|line:344| not all arguments converted during string formatting
2024-10-28 17:02:42,104|line:345| error line:336
2024-10-28 17:02:42,105|line:528| *#*#*#*#*#*#*#*#*#*原动态处理失败*#*#*#*#*#*#*#*#*#
2024-10-28 17:02:42,105|line:514| https://t.bilibili.com/992065332891877410
2024-10-28 17:02:42,105|line:516| 已有
2024-10-28 17:02:42,105|line:514| https://t.bilibili.com/992219910921781257
2024-10-28 17:02:42,105|line:516| 已有
2024-10-28 17:02:42,106|line:514| https://t.bilibili.com/992446764645613573
2024-10-28 17:02:42,106|line:516| 已有
2024-10-28 17:02:42,106|line:514| https://t.bilibili.com/992075791133048833
2024-10-28 17:02:42,106|line:516| 已有
2024-10-28 17:02:42,106|line:514| https://t.bilibili.com/992093950277844993
2024-10-28 17:02:45,546|line:334| =========此为子动态=========
2024-10-28 17:02:47,055|line:397| *************原动态已存在***************
2024-10-28 17:02:48,550|line:358| *********子动态开始*********
2024-10-28 17:02:55,043|line:470| 转发成功 993411221040398338
2024-10-28 17:02:58,816|line:489| 评论发送成功
2024-10-28 17:03:02,637|line:375| not all arguments converted during string formatting
2024-10-28 17:03:02,637|line:376| error line:370
2024-10-28 17:03:14,154|line:470| 转发成功 993411302641631238
2024-10-28 17:03:17,843|line:489| 评论发送成功
2024-10-28 17:03:23,641|line:375| not all arguments converted during string formatting
2024-10-28 17:03:23,642|line:376| error line:370
2024-10-28 17:03:31,235|line:470| 转发成功 993411379941605380
2024-10-28 17:03:34,664|line:489| 评论
2024-10-28 17:03:47,250|line:470| 转发成功 993411448663179269
2024-10-28 17:03:50,676|line:489| 评论
2024-10-28 17:03:59,371|line:470| 转发成功 993411500194398217
2024-10-28 17:04:02,840|line:489| 评论
2024-10-28 17:04:14,378|line:470| 转发成功 993411564633587714
2024-10-28 17:04:18,125|line:489| 评论发送成功
2024-10-28 17:04:23,030|line:375| not all arguments converted during string formatting
2024-10-28 17:04:23,031|line:376| error line:370
2024-10-28 17:04:32,575|line:470| 转发成功 993411641924124707
2024-10-28 17:04:36,047|line:489| 评论
2024-10-28 17:04:46,660|line:470| 转发成功 993411702049472534
2024-10-28 17:04:50,332|line:489| 评论发送成功
2024-10-28 17:04:55,200|line:375| not all arguments converted during string formatting
2024-10-28 17:04:55,200|line:376| error line:370
2024-10-28 17:05:01,783|line:470| 转发成功 993411766500196376
2024-10-28 17:05:05,442|line:489| 评论发送成功
2024-10-28 17:05:11,397|line:375| not all arguments converted during string formatting
2024-10-28 17:05:11,398|line:376| error line:370
2024-10-28 17:05:19,953|line:470| 转发成功 993411843787587606
2024-10-28 17:05:23,394|line:489| 评论
2024-10-28 17:05:32,890|line:470| 转发成功 993411899628453942
2024-10-28 17:05:36,335|line:489| 评论
2024-10-28 17:05:44,893|line:470| 转发成功 993411951157575700
2024-10-28 17:05:48,333|line:489| 评论
2024-10-28 17:06:00,898|line:470| 转发成功 993412019881246757
2024-10-28 17:06:04,291|line:489| 评论
2024-10-28 17:06:11,802|line:470| 转发成功 993412067125887014
2024-10-28 17:06:15,361|line:489| 评论发送成功
2024-10-28 17:06:23,169|line:375| not all arguments converted during string formatting
2024-10-28 17:06:23,169|line:376| error line:370
2024-10-28 17:06:32,721|line:470| 转发成功 993412157332783106
2024-10-28 17:06:36,355|line:489| 评论发送成功
2024-10-28 17:06:42,161|line:375| not all arguments converted during string formatting
2024-10-28 17:06:42,161|line:376| error line:370
2024-10-28 17:06:53,637|line:470| 转发成功 993412247545970712
2024-10-28 17:06:56,971|line:489| 评论
2024-10-28 17:07:05,192|line:470| 转发成功 993412299082432514
2024-10-28 17:07:08,501|line:489| 评论
2024-10-28 17:07:17,892|line:470| 转发成功 993412350590582817
2024-10-28 17:07:21,419|line:489| 评论发送成功
2024-10-28 17:07:28,096|line:375| not all arguments converted during string formatting
2024-10-28 17:07:28,096|line:376| error line:370
2024-10-28 17:07:35,388|line:470| 转发成功 993412427919917062
2024-10-28 17:07:38,838|line:489| 评论发送成功
2024-10-28 17:07:45,500|line:375| not all arguments converted during string formatting
2024-10-28 17:07:45,500|line:376| error line:370
2024-10-28 17:07:52,724|line:470| 转发成功 993412500915486725
2024-10-28 17:07:56,220|line:489| 评论发送成功
2024-10-28 17:07:58,897|line:375| not all arguments converted during string formatting
2024-10-28 17:07:58,897|line:376| error line:370
2024-10-28 17:08:07,154|line:470| 转发成功 993412565352579077
2024-10-28 17:08:10,514|line:489| 评论
2024-10-28 17:08:21,227|line:470| 转发成功 993412625490509840
2024-10-28 17:08:24,652|line:489| 评论
2024-10-28 17:08:35,230|line:470| 转发成功 993412685623197704
2024-10-28 17:08:39,050|line:489| 评论发送成功
2024-10-28 17:08:45,990|line:375| not all arguments converted during string formatting
2024-10-28 17:08:45,990|line:376| error line:370
2024-10-28 17:08:54,674|line:470| 转发成功 993412767232819204
2024-10-28 17:08:58,149|line:489| 评论
2024-10-28 17:09:08,654|line:470| 转发成功 993412827339292689
2024-10-28 17:09:12,136|line:489| 评论
2024-10-28 17:09:20,715|line:470| 转发成功 993412878893580327
2024-10-28 17:09:24,369|line:489| 评论发送成功
2024-10-28 17:09:30,259|line:375| not all arguments converted during string formatting
2024-10-28 17:09:30,259|line:376| error line:370
2024-10-28 17:09:39,859|line:470| 转发成功 993412960497958919
2024-10-28 17:09:43,465|line:489| 评论发送成功
2024-10-28 17:09:51,409|line:375| not all arguments converted during string formatting
2024-10-28 17:09:51,409|line:376| error line:370
2024-10-28 17:10:04,027|line:470| 转发成功 993413063578222592
2024-10-28 17:10:07,501|line:489| 评论
2024-10-28 17:10:16,159|line:470| 转发成功 993413119424331782
2024-10-28 17:10:19,599|line:489| 评论
2024-10-28 17:10:27,228|line:470| 转发成功 993413166646951942
2024-10-28 17:10:30,959|line:489| 评论发送成功
2024-10-28 17:10:38,848|line:375| not all arguments converted during string formatting
2024-10-28 17:10:38,849|line:376| error line:370
2024-10-28 17:10:45,362|line:470| 转发成功 993413243946926082
2024-10-28 17:10:48,761|line:489| 评论
2024-10-28 17:10:59,265|line:470| 转发成功 993413304107925513
2024-10-28 17:11:02,707|line:489| 评论
2024-10-28 17:11:12,462|line:470| 转发成功 993413359915237384
2024-10-28 17:11:15,915|line:489| 评论
2024-10-28 17:11:25,718|line:470| 转发成功 993413415770783747
2024-10-28 17:11:29,168|line:489| 评论
2024-10-28 17:11:38,725|line:470| 转发成功 993413471590678550
2024-10-28 17:11:42,174|line:489| 评论
2024-10-28 17:11:51,893|line:470| 转发成功 993413527423156246
2024-10-28 17:11:55,296|line:489| 评论
2024-10-28 17:12:05,901|line:470| 转发成功 993413587566329904
2024-10-28 17:12:09,517|line:489| 评论
2024-10-28 17:12:21,021|line:470| 转发成功 993413651995033603
2024-10-28 17:12:24,432|line:489| 评论
2024-10-28 17:12:33,972|line:470| 转发成功 993413707815976992
2024-10-28 17:12:37,530|line:489| 评论发送成功
2024-10-28 17:12:43,356|line:375| not all arguments converted during string formatting
2024-10-28 17:12:43,356|line:376| error line:370
2024-10-28 17:12:54,237|line:470| 转发成功 993413798011338752
2024-10-28 17:12:57,846|line:489| 评论发送成功
2024-10-28 17:13:05,660|line:375| not all arguments converted during string formatting
2024-10-28 17:13:05,660|line:376| error line:370
2024-10-28 17:13:13,145|line:470| 转发成功 993413879629348867
2024-10-28 17:13:16,612|line:489| 评论
2024-10-28 17:13:26,166|line:470| 转发成功 993413935440855046
2024-10-28 17:13:29,787|line:489| 评论发送成功
2024-10-28 17:13:33,611|line:375| not all arguments converted during string formatting
2024-10-28 17:13:33,612|line:376| error line:370
2024-10-28 17:13:43,233|line:470| 转发成功 993414008479416328
2024-10-28 17:13:46,826|line:489| 评论发送成功
2024-10-28 17:13:52,640|line:375| not all arguments converted during string formatting
2024-10-28 17:13:52,640|line:376| error line:370
2024-10-28 17:14:02,370|line:470| 转发成功 993414090051289093
2024-10-28 17:14:05,991|line:489| 评论发送成功
2024-10-28 17:14:10,803|line:375| not all arguments converted during string formatting
2024-10-28 17:14:10,803|line:376| error line:370
2024-10-28 17:14:20,395|line:470| 转发成功 993414167364894721
2024-10-28 17:14:23,988|line:489| 评论发送成功
2024-10-28 17:14:27,805|line:375| not all arguments converted during string formatting
2024-10-28 17:14:27,805|line:376| error line:370
2024-10-28 17:14:39,376|line:470| 转发成功 993414248990244870
2024-10-28 17:14:42,988|line:489| 评论发送成功
2024-10-28 17:14:49,102|line:375| not all arguments converted during string formatting
2024-10-28 17:14:49,102|line:376| error line:370
2024-10-28 17:14:56,670|line:470| 转发成功 993414321996300290
2024-10-28 17:15:00,271|line:489| 评论发送成功
2024-10-28 17:15:04,118|line:375| not all arguments converted during string formatting
2024-10-28 17:15:04,118|line:376| error line:370
2024-10-28 17:15:15,798|line:470| 转发成功 993414403588096019
2024-10-28 17:15:19,388|line:489| 评论发送成功
2024-10-28 17:15:26,230|line:375| not all arguments converted during string formatting
2024-10-28 17:15:26,231|line:376| error line:370
2024-10-28 17:15:26,231|line:377| *********子动态结束*********
2024-10-28 17:15:26,232|line:532| -=-=-=-=处理回最初的动态-=-=-=-=
2024-10-28 17:15:35,726|line:470| 转发成功 993414489514704930
2024-10-28 17:15:39,126|line:489| 评论
2024-10-28 17:15:43,126|line:514| https://t.bilibili.com/991864287645401144
2024-10-28 17:15:43,126|line:516| 已有
2024-10-28 17:15:43,127|line:514| https://t.bilibili.com/992098988255608852
2024-10-28 17:15:45,618|line:521| 官方 或 预约 OUT！
2024-10-28 17:15:45,618|line:514| https://t.bilibili.com/992047723546935314
2024-10-28 17:15:45,618|line:516| 已有
2024-10-28 17:15:45,618|line:514| https://t.bilibili.com/992131698743312401
2024-10-28 17:15:45,619|line:516| 已有
2024-10-28 17:15:45,619|line:514| https://t.bilibili.com/992122967047536648
2024-10-28 17:15:50,059|line:334| =========此为子动态=========
2024-10-28 17:15:52,570|line:397| *************原动态已存在***************
2024-10-28 17:15:54,189|line:358| *********子动态开始*********
2024-10-28 17:16:05,826|line:470| 转发成功 993414618340655127
2024-10-28 17:16:09,224|line:489| 评论
2024-10-28 17:16:20,886|line:470| 转发成功 993414682782990372
2024-10-28 17:16:24,706|line:489| 评论发送成功
2024-10-28 17:16:31,594|line:375| not all arguments converted during string formatting
2024-10-28 17:16:31,594|line:376| error line:370
2024-10-28 17:16:44,203|line:470| 转发成功 993414785842282497
2024-10-28 17:16:47,683|line:489| 评论
2024-10-28 17:16:55,340|line:470| 转发成功 993414833093214217
2024-10-28 17:16:58,818|line:489| 评论
2024-10-28 17:17:08,406|line:470| 转发成功 993414888939323395
2024-10-28 17:17:12,124|line:489| 评论发送成功
2024-10-28 17:17:19,013|line:375| not all arguments converted during string formatting
2024-10-28 17:17:19,013|line:376| error line:370
2024-10-28 17:17:28,848|line:470| 转发成功 993414974819794964
2024-10-28 17:17:32,494|line:489| 评论发送成功
2024-10-28 17:17:36,394|line:375| not all arguments converted during string formatting
2024-10-28 17:17:36,395|line:376| error line:370
2024-10-28 17:17:44,963|line:470| 转发成功 993415043536125961
2024-10-28 17:17:48,394|line:489| 评论
2024-10-28 17:17:54,920|line:470| 转发成功 993415086495236099
2024-10-28 17:17:58,359|line:489| 评论
2024-10-28 17:18:09,920|line:470| 转发成功 993415150931279878
2024-10-28 17:18:13,318|line:489| 评论
2024-10-28 17:18:20,923|line:470| 转发成功 993415198154948649
2024-10-28 17:18:24,343|line:489| 评论
2024-10-28 17:18:34,140|line:470| 转发成功 993415258313850886
2024-10-28 17:18:37,746|line:489| 评论发送成功
2024-10-28 17:18:44,560|line:375| not all arguments converted during string formatting
2024-10-28 17:18:44,560|line:376| error line:370
2024-10-28 17:18:53,298|line:470| 转发成功 993415339904598022
2024-10-28 17:18:56,880|line:489| 评论发送成功
2024-10-28 17:19:03,702|line:375| not all arguments converted during string formatting
2024-10-28 17:19:03,703|line:376| error line:370
2024-10-28 17:19:13,278|line:470| 转发成功 993415425790312450
2024-10-28 17:19:16,794|line:489| 评论
2024-10-28 17:19:24,489|line:470| 转发成功 993415473028661252
2024-10-28 17:19:28,136|line:489| 评论发送成功
2024-10-28 17:19:33,031|line:375| not all arguments converted during string formatting
2024-10-28 17:19:33,031|line:376| error line:370
2024-10-28 17:19:41,603|line:470| 转发成功 993415546045202439
2024-10-28 17:19:45,083|line:489| 评论
2024-10-28 17:19:55,765|line:470| 转发成功 993415606189424663
2024-10-28 17:19:59,380|line:489| 评论发送成功
2024-10-28 17:20:05,275|line:375| not all arguments converted during string formatting
2024-10-28 17:20:05,276|line:376| error line:370
2024-10-28 17:20:14,776|line:470| 转发成功 993415687806386181
2024-10-28 17:20:18,400|line:489| 评论发送成功
2024-10-28 17:20:23,471|line:375| not all arguments converted during string formatting
2024-10-28 17:20:23,471|line:376| error line:370
2024-10-28 17:20:32,159|line:470| 转发成功 993415765093777413
2024-10-28 17:20:35,589|line:489| 评论
2024-10-28 17:20:43,276|line:470| 转发成功 993415812328980483
2024-10-28 17:20:46,753|line:489| 评论
2024-10-28 17:20:57,276|line:470| 转发成功 993415872458522632
2024-10-28 17:21:00,726|line:489| 评论
2024-10-28 17:21:10,300|line:470| 转发成功 993415928332943376
2024-10-28 17:21:13,749|line:489| 评论
2024-10-28 17:21:22,242|line:470| 转发成功 993415979837947913
2024-10-28 17:21:25,687|line:489| 评论
2024-10-28 17:21:38,224|line:470| 转发成功 993416048561618947
2024-10-28 17:21:41,912|line:489| 评论发送成功
2024-10-28 17:21:48,733|line:375| not all arguments converted during string formatting
2024-10-28 17:21:48,733|line:376| error line:370
2024-10-28 17:21:57,223|line:470| 转发成功 993416130169143301
2024-10-28 17:22:00,851|line:489| 评论发送成功
2024-10-28 17:22:04,716|line:375| not all arguments converted during string formatting
2024-10-28 17:22:04,717|line:376| error line:370
2024-10-28 17:22:12,281|line:470| 转发成功 993416194596798468
2024-10-28 17:22:15,877|line:489| 评论发送成功
2024-10-28 17:22:22,704|line:375| not all arguments converted during string formatting
2024-10-28 17:22:22,704|line:376| error line:370
2024-10-28 17:22:29,454|line:470| 转发成功 993416267612291097
2024-10-28 17:22:33,016|line:489| 评论发送成功
2024-10-28 17:22:35,853|line:375| not all arguments converted during string formatting
2024-10-28 17:22:35,853|line:376| error line:370
2024-10-28 17:22:43,422|line:470| 转发成功 993416327762804743
2024-10-28 17:22:47,042|line:489| 评论发送成功
2024-10-28 17:22:52,856|line:375| not all arguments converted during string formatting
2024-10-28 17:22:52,857|line:376| error line:370
2024-10-28 17:23:01,607|line:470| 转发成功 993416405056487432
2024-10-28 17:23:05,104|line:489| 评论
2024-10-28 17:23:14,872|line:470| 转发成功 993416460874285059
2024-10-28 17:23:18,317|line:489| 评论
2024-10-28 17:23:25,837|line:470| 转发成功 993416508151431171
2024-10-28 17:23:29,400|line:489| 评论发送成功
2024-10-28 17:23:36,403|line:375| not all arguments converted during string formatting
2024-10-28 17:23:36,403|line:376| error line:370
2024-10-28 17:23:47,089|line:470| 转发成功 993416598322675713
2024-10-28 17:23:50,491|line:489| 评论
2024-10-28 17:23:58,341|line:470| 转发成功 993416649855991812
2024-10-28 17:24:02,003|line:489| 评论
2024-10-28 17:24:12,808|line:470| 转发成功 993416710002311172
2024-10-28 17:24:16,294|line:489| 评论
2024-10-28 17:24:26,985|line:470| 转发成功 993416770141290502
2024-10-28 17:24:30,443|line:489| 评论
2024-10-28 17:24:39,093|line:470| 转发成功 993416821663072281
2024-10-28 17:24:42,659|line:489| 评论发送成功
2024-10-28 17:24:49,481|line:375| not all arguments converted during string formatting
2024-10-28 17:24:49,481|line:376| error line:370
2024-10-28 17:24:59,121|line:470| 转发成功 993416907577098240
2024-10-28 17:25:02,761|line:489| 评论发送成功
2024-10-28 17:25:06,578|line:375| not all arguments converted during string formatting
2024-10-28 17:25:06,578|line:376| error line:370
2024-10-28 17:25:17,155|line:470| 转发成功 993416989159456768
2024-10-28 17:25:20,772|line:489| 评论发送成功
2024-10-28 17:25:28,593|line:375| not all arguments converted during string formatting
2024-10-28 17:25:28,593|line:376| error line:370
2024-10-28 17:25:39,239|line:470| 转发成功 993417083660271617
2024-10-28 17:25:42,682|line:489| 评论
2024-10-28 17:25:51,371|line:470| 转发成功 993417135216656391
2024-10-28 17:25:54,773|line:489| 评论
2024-10-28 17:26:07,368|line:470| 转发成功 993417203906773011
2024-10-28 17:26:10,783|line:489| 评论
2024-10-28 17:26:20,368|line:470| 转发成功 993417259772805127
2024-10-28 17:26:23,812|line:489| 评论
2024-10-28 17:26:35,405|line:470| 转发成功 993417324165857287
2024-10-28 17:26:38,806|line:489| 评论
2024-10-28 17:26:46,618|line:470| 转发成功 993417371427274761
2024-10-28 17:26:50,111|line:489| 评论
2024-10-28 17:26:58,694|line:470| 转发成功 993417422950105088
2024-10-28 17:27:02,134|line:489| 评论
2024-10-28 17:27:10,693|line:470| 转发成功 993417474485518353
2024-10-28 17:27:14,141|line:489| 评论
2024-10-28 17:27:23,708|line:470| 转发成功 993417530351550464
2024-10-28 17:27:27,323|line:489| 评论发送成功
2024-10-28 17:27:34,318|line:375| not all arguments converted during string formatting
2024-10-28 17:27:34,319|line:376| error line:370
2024-10-28 17:27:43,996|line:470| 转发成功 993417616230973442
2024-10-28 17:27:47,403|line:489| 评论
2024-10-28 17:27:55,974|line:470| 转发成功 993417667773726720
2024-10-28 17:27:59,633|line:489| 评论发送成功
2024-10-28 17:28:08,626|line:375| not all arguments converted during string formatting
2024-10-28 17:28:08,627|line:376| error line:370
2024-10-28 17:28:16,231|line:470| 转发成功 993417757970137092
2024-10-28 17:28:19,677|line:489| 评论
2024-10-28 17:28:29,266|line:470| 转发成功 993417813799469063
2024-10-28 17:28:32,847|line:489| 评论发送成功
2024-10-28 17:28:39,670|line:375| not all arguments converted during string formatting
2024-10-28 17:28:39,670|line:376| error line:370
2024-10-28 17:28:39,671|line:377| *********子动态结束*********
2024-10-28 17:28:39,671|line:532| -=-=-=-=处理回最初的动态-=-=-=-=
2024-10-28 17:28:49,178|line:470| 转发成功 993417899716640769
2024-10-28 17:28:52,625|line:489| 评论
2024-10-28 17:28:56,626|line:514| https://t.bilibili.com/992247924828143654
2024-10-28 17:28:56,626|line:516| 已有
2024-10-28 17:28:56,626|line:514| https://t.bilibili.com/988498701868597249
2024-10-28 17:28:59,071|line:339| =========此为源动态=========
2024-10-28 17:29:01,676|line:358| *********子动态开始*********
2024-10-28 17:29:05,764|line:377| *********子动态结束*********
2024-10-28 17:29:05,765|line:532| -=-=-=-=处理回最初的动态-=-=-=-=
2024-10-28 17:29:14,388|line:470| 转发成功 993418007061463044
2024-10-28 17:29:17,952|line:489| 评论发送成功
2024-10-28 17:29:22,395|line:543| not all arguments converted during string formatting
2024-10-28 17:29:22,396|line:544| error line:537
2024-10-28 17:29:23,396|line:514| https://t.bilibili.com/992282383380119552
2024-10-28 17:29:23,397|line:516| 已有
2024-10-28 17:29:23,397|line:514| https://t.bilibili.com/992082100460978209
2024-10-28 17:29:23,397|line:516| 已有
2024-10-28 17:29:23,397|line:514| https://t.bilibili.com/992184234751819785
2024-10-28 17:29:23,397|line:516| 已有
2024-10-28 17:29:23,397|line:514| https://t.bilibili.com/992113715715244041
2024-10-28 17:29:24,703|line:334| =========此为子动态=========
2024-10-28 17:29:26,224|line:397| *************原动态已存在***************
2024-10-28 17:29:29,778|line:358| *********子动态开始*********
2024-10-28 17:29:40,373|line:470| 转发成功 993418118730612744
2024-10-28 17:29:44,044|line:489| 评论发送成功
2024-10-28 17:29:47,866|line:375| not all arguments converted during string formatting
2024-10-28 17:29:47,866|line:376| error line:370
2024-10-28 17:29:56,477|line:470| 转发成功 993418187463720980
2024-10-28 17:29:59,893|line:489| 评论
2024-10-28 17:30:07,539|line:470| 转发成功 993418234705215497
2024-10-28 17:30:10,981|line:489| 评论
2024-10-28 17:30:21,546|line:470| 转发成功 993418294832660486
2024-10-28 17:30:24,991|line:489| 评论
2024-10-28 17:30:33,667|line:470| 转发成功 993418346370170883
2024-10-28 17:30:37,205|line:489| 评论
2024-10-28 17:30:46,817|line:470| 转发成功 993418402212085794
2024-10-28 17:30:50,478|line:489| 评论
2024-10-28 17:31:00,160|line:470| 转发成功 993418458035126273
2024-10-28 17:31:03,635|line:489| 评论
2024-10-28 17:31:11,270|line:470| 转发成功 993418509608288258
2024-10-28 17:31:14,748|line:489| 评论
2024-10-28 17:31:22,410|line:470| 转发成功 993418556819374081
2024-10-28 17:31:25,850|line:489| 评论
2024-10-28 17:31:37,492|line:470| 转发成功 993418621242834968
2024-10-28 17:31:40,926|line:489| 评论
2024-10-28 17:31:52,561|line:470| 转发成功 993418685699850249
2024-10-28 17:31:56,018|line:489| 评论
2024-10-28 17:32:02,816|line:470| 转发成功 993418728641134611
2024-10-28 17:32:06,251|line:489| 评论
2024-10-28 17:32:14,564|line:470| 转发成功 993418780180742145
2024-10-28 17:32:17,906|line:489| 评论
2024-10-28 17:32:28,164|line:470| 转发成功 993418836017414148
2024-10-28 17:32:31,554|line:489| 评论
2024-10-28 17:32:42,843|line:470| 转发成功 993418900416757766
2024-10-28 17:32:46,366|line:489| 评论发送成功
2024-10-28 17:32:53,079|line:375| not all arguments converted during string formatting
2024-10-28 17:32:53,079|line:376| error line:370
2024-10-28 17:33:02,340|line:470| 转发成功 993418986344415235
2024-10-28 17:33:05,763|line:489| 评论
2024-10-28 17:33:15,152|line:470| 转发成功 993419037853614121
2024-10-28 17:33:18,529|line:489| 评论
2024-10-28 17:33:27,866|line:470| 转发成功 993419093712306199
2024-10-28 17:33:31,219|line:489| 评论
2024-10-28 17:33:40,985|line:470| 转发成功 993419149533249543
2024-10-28 17:33:44,419|line:489| 评论
2024-10-28 17:33:54,023|line:470| 转发成功 993419205375164432
2024-10-28 17:33:57,500|line:489| 评论
2024-10-28 17:34:04,074|line:470| 转发成功 993419248318545925
2024-10-28 17:34:07,511|line:489| 评论
2024-10-28 17:34:19,096|line:470| 转发成功 993419312762978307
2024-10-28 17:34:22,594|line:489| 评论
2024-10-28 17:34:31,320|line:470| 转发成功 993419368574484481
2024-10-28 17:34:34,753|line:489| 评论
2024-10-28 17:34:44,450|line:470| 转发成功 993419424405913605
2024-10-28 17:34:47,930|line:489| 评论
2024-10-28 17:34:58,662|line:470| 转发成功 993419484560621574
2024-10-28 17:35:02,102|line:489| 评论
2024-10-28 17:35:12,782|line:470| 转发成功 993419544691212311
2024-10-28 17:35:16,264|line:489| 评论
2024-10-28 17:35:23,923|line:470| 转发成功 993419591921172484
2024-10-28 17:35:27,353|line:489| 评论
2024-10-28 17:35:37,053|line:470| 转发成功 993419647745261574
2024-10-28 17:35:40,532|line:489| 评论
2024-10-28 17:35:48,151|line:470| 转发成功 993419695010873361
2024-10-28 17:35:51,768|line:489| 评论发送成功
2024-10-28 17:35:58,656|line:375| not all arguments converted during string formatting
2024-10-28 17:35:58,656|line:376| error line:370
2024-10-28 17:36:07,342|line:470| 转发成功 993419780893442055
2024-10-28 17:36:10,774|line:489| 评论
2024-10-28 17:36:20,431|line:470| 转发成功 993419836738502675
2024-10-28 17:36:23,961|line:489| 评论
2024-10-28 17:36:30,771|line:470| 转发成功 993419879683981337
2024-10-28 17:36:34,250|line:489| 评论
2024-10-28 17:36:43,058|line:470| 转发成功 993419931211005958
2024-10-28 17:36:46,501|line:489| 评论
2024-10-28 17:36:56,114|line:470| 转发成功 993419987045580804
2024-10-28 17:36:59,561|line:489| 评论
2024-10-28 17:37:09,158|line:470| 转发成功 993420047175122948
2024-10-28 17:37:12,624|line:489| 评论
2024-10-28 17:37:20,173|line:470| 转发成功 993420090122698789
2024-10-28 17:37:23,571|line:489| 评论
2024-10-28 17:37:31,107|line:470| 转发成功 993420137398796308
2024-10-28 17:37:34,545|line:489| 评论
2024-10-28 17:37:43,216|line:470| 转发成功 993420193222885380
2024-10-28 17:37:46,661|line:489| 评论
2024-10-28 17:37:57,375|line:470| 转发成功 993420253352427522
2024-10-28 17:38:00,926|line:489| 评论
2024-10-28 17:38:10,578|line:470| 转发成功 993420309176516629
2024-10-28 17:38:13,975|line:489| 评论
2024-10-28 17:38:22,502|line:470| 转发成功 993420360709832705
2024-10-28 17:38:25,945|line:489| 评论
2024-10-28 17:38:33,509|line:470| 转发成功 993420407973347336
2024-10-28 17:38:36,949|line:489| 评论
2024-10-28 17:38:43,442|line:470| 转发成功 993420450914631684
2024-10-28 17:38:46,842|line:489| 评论
2024-10-28 17:38:57,392|line:470| 转发成功 993420511028445188
2024-10-28 17:39:01,002|line:489| 评论发送成功
2024-10-28 17:39:05,819|line:375| not all arguments converted during string formatting
2024-10-28 17:39:05,819|line:376| error line:370
2024-10-28 17:39:14,544|line:470| 转发成功 993420584073297920
2024-10-28 17:39:17,939|line:489| 评论
2024-10-28 17:39:26,507|line:470| 转发成功 993420635592982529
2024-10-28 17:39:29,910|line:489| 评论
2024-10-28 17:39:29,911|line:377| *********子动态结束*********
2024-10-28 17:39:29,911|line:532| -=-=-=-=处理回最初的动态-=-=-=-=
2024-10-28 17:39:37,690|line:470| 转发成功 993420682843914256
2024-10-28 17:39:41,211|line:489| 评论
2024-10-28 17:39:44,211|line:514| https://t.bilibili.com/992481042803720197
2024-10-28 17:39:45,704|line:521| 官方 或 预约 OUT！
2024-10-28 17:39:45,704|line:514| https://t.bilibili.com/992096230878216290
2024-10-28 17:39:50,149|line:521| 官方 或 预约 OUT！
2024-10-28 17:39:50,150|line:514| https://t.bilibili.com/991793512991162389
2024-10-28 17:39:50,150|line:516| 已有
2024-10-28 17:39:50,150|line:514| https://t.bilibili.com/991874185381806128
2024-10-28 17:39:50,150|line:516| 已有
2024-10-28 17:39:50,151|line:514| https://t.bilibili.com/992065453146767367
2024-10-28 17:39:54,757|line:334| =========此为子动态=========
2024-10-28 17:39:59,267|line:397| *************原动态已存在***************
2024-10-28 17:40:02,757|line:358| *********子动态开始*********
2024-10-28 17:40:09,327|line:470| 转发成功 993420820270284805
2024-10-28 17:40:12,885|line:489| 评论发送成功
2024-10-28 17:40:18,760|line:375| not all arguments converted during string formatting
2024-10-28 17:40:18,761|line:376| error line:370
2024-10-28 17:40:31,378|line:470| 转发成功 993420914752225280
2024-10-28 17:40:34,966|line:489| 评论发送成功
2024-10-28 17:40:43,780|line:375| not all arguments converted during string formatting
2024-10-28 17:40:43,781|line:376| error line:370
2024-10-28 17:40:50,435|line:470| 转发成功 993420996390158339
2024-10-28 17:40:54,011|line:489| 评论发送成功
2024-10-28 17:40:56,888|line:375| not all arguments converted during string formatting
2024-10-28 17:40:56,888|line:376| error line:370
2024-10-28 17:41:04,531|line:470| 转发成功 993421056509214723
2024-10-28 17:41:07,930|line:489| 评论
2024-10-28 17:41:17,847|line:470| 转发成功 993421112349032452
2024-10-28 17:41:21,348|line:489| 评论
2024-10-28 17:41:31,866|line:470| 转发成功 993421172465991683
2024-10-28 17:41:35,310|line:489| 评论
2024-10-28 17:42:00,877|line:470| 转发成功 993421297021091908
2024-10-28 17:42:04,277|line:489| 评论
2024-10-28 17:42:17,845|line:470| 转发成功 993421370053361670
2024-10-28 17:42:21,246|line:489| 评论
2024-10-28 17:42:30,778|line:470| 转发成功 993421425855430657
2024-10-28 17:42:34,221|line:489| 评论
2024-10-28 17:42:34,222|line:377| *********子动态结束*********
2024-10-28 17:42:34,222|line:532| -=-=-=-=处理回最初的动态-=-=-=-=
2024-10-28 17:42:42,040|line:470| 转发成功 993421473125236753
2024-10-28 17:42:45,617|line:489| 评论发送成功
2024-10-28 17:42:49,053|line:543| not all arguments converted during string formatting
2024-10-28 17:42:49,054|line:544| error line:537
2024-10-28 17:42:51,054|line:514| https://t.bilibili.com/992092258046050326
2024-10-28 17:42:51,055|line:516| 已有
2024-10-28 17:42:51,055|line:514| https://t.bilibili.com/991922525230333961
2024-10-28 17:42:51,055|line:516| 已有
2024-10-28 17:42:51,055|line:514| https://t.bilibili.com/992142601491578883
2024-10-28 17:42:51,055|line:516| 已有
2024-10-28 17:42:51,055|line:514| https://t.bilibili.com/992441511914242052
2024-10-28 17:42:51,056|line:516| 已有
2024-10-28 17:42:51,056|line:514| https://t.bilibili.com/992188987166687248
2024-10-28 17:42:51,056|line:516| 已有
2024-10-28 17:42:51,056|line:514| https://t.bilibili.com/992429679264661504
2024-10-28 17:42:54,623|line:521| 官方 或 预约 OUT！
2024-10-28 17:42:54,623|line:514| https://t.bilibili.com/992096213729804289
2024-10-28 17:42:57,062|line:521| 官方 或 预约 OUT！
2024-10-28 17:42:57,062|line:514| https://t.bilibili.com/992080753992925191
2024-10-28 17:42:57,063|line:516| 已有
2024-10-28 17:42:57,063|line:514| https://t.bilibili.com/992266595081388097
2024-10-28 17:42:58,507|line:521| 官方 或 预约 OUT！
2024-10-28 17:42:58,507|line:514| https://t.bilibili.com/992096763475132422
2024-10-28 17:42:58,507|line:516| 已有
2024-10-28 17:42:58,507|line:514| https://t.bilibili.com/992095955999260693
2024-10-28 17:42:58,507|line:516| 已有
2024-10-28 17:42:58,508|line:514| https://t.bilibili.com/992499000055693329
2024-10-28 17:42:58,508|line:516| 已有
2024-10-28 17:42:58,508|line:514| https://t.bilibili.com/992137346603286537
2024-10-28 17:42:58,508|line:516| 已有
2024-10-28 17:42:58,508|line:514| https://t.bilibili.com/992143209230499857
2024-10-28 17:42:58,508|line:516| 已有
2024-10-28 17:42:58,509|line:514| https://t.bilibili.com/992160694038167556
2024-10-28 17:42:58,509|line:516| 已有
2024-10-28 17:42:58,509|line:514| https://t.bilibili.com/992142601513598979
2024-10-28 17:42:58,509|line:516| 已有
2024-10-28 17:42:58,509|line:514| https://t.bilibili.com/992226767818194969
2024-10-28 17:42:58,509|line:516| 已有
2024-10-28 17:42:58,510|line:514| https://t.bilibili.com/992167278223032329
2024-10-28 17:42:59,946|line:334| =========此为子动态=========
2024-10-28 17:43:04,448|line:397| *************原动态已存在***************
2024-10-28 17:43:09,075|line:358| *********子动态开始*********
2024-10-28 17:43:18,759|line:470| 转发成功 993421632030638083
2024-10-28 17:43:22,307|line:489| 评论发送成功
2024-10-28 17:43:27,124|line:375| not all arguments converted during string formatting
2024-10-28 17:43:27,125|line:376| error line:370
2024-10-28 17:45:11,569|line:470| 转发成功 993422117347262472
2024-10-28 17:45:15,042|line:489| 评论
2024-10-28 17:45:47,800|line:470| 转发成功 993422271999639560
2024-10-28 17:45:51,277|line:489| 评论
2024-10-28 17:47:38,190|line:470| 转发成功 993422748728426500
2024-10-28 17:47:41,774|line:489| 评论发送成功
2024-10-28 17:47:49,431|line:375| not all arguments converted during string formatting
2024-10-28 17:47:49,431|line:376| error line:370
2024-10-28 17:48:26,604|line:470| 转发成功 993422954861690884
2024-10-28 17:48:29,959|line:489| 评论
2024-10-28 17:48:38,186|line:470| 转发成功 993423006404444165
2024-10-28 17:48:41,540|line:489| 评论
2024-10-28 17:48:41,541|line:377| *********子动态结束*********
2024-10-28 17:48:41,541|line:532| -=-=-=-=处理回最初的动态-=-=-=-=
2024-10-28 17:48:52,771|line:470| 转发成功 993423066563346453
2024-10-28 17:48:56,441|line:489| 评论发送成功
2024-10-28 17:48:59,795|line:543| not all arguments converted during string formatting
2024-10-28 17:48:59,796|line:544| error line:537
2024-10-28 17:49:02,796|line:514| https://t.bilibili.com/991832721776967697
2024-10-28 17:49:02,797|line:516| 已有
2024-10-28 17:49:02,797|line:514| https://t.bilibili.com/992193138235801606
2024-10-28 17:49:02,797|line:516| 已有
2024-10-28 17:49:02,797|line:514| https://t.bilibili.com/992467301020205065
2024-10-28 17:49:02,797|line:516| 已有
2024-10-28 17:49:02,798|line:514| https://t.bilibili.com/992091472052355075
2024-10-28 17:49:04,326|line:334| =========此为子动态=========
2024-10-28 17:49:08,943|line:397| *************原动态已存在***************
2024-10-28 17:49:13,578|line:358| *********子动态开始*********
2024-10-28 17:49:23,158|line:470| 转发成功 993423199672729606
2024-10-28 17:49:26,763|line:489| 评论发送成功
2024-10-28 17:49:31,576|line:375| not all arguments converted during string formatting
2024-10-28 17:49:31,577|line:376| error line:370
2024-10-28 17:49:43,088|line:470| 转发成功 993423281289691145
2024-10-28 17:49:46,706|line:489| 评论发送成功
2024-10-28 17:49:51,526|line:375| not all arguments converted during string formatting
2024-10-28 17:49:51,526|line:376| error line:370
2024-10-28 17:50:01,171|line:470| 转发成功 993423358595956757
2024-10-28 17:50:04,615|line:489| 评论
2024-10-28 17:50:12,190|line:470| 转发成功 993423410135564290
2024-10-28 17:50:15,825|line:489| 评论发送成功
2024-10-28 17:50:18,640|line:375| not all arguments converted during string formatting
2024-10-28 17:50:18,640|line:376| error line:370
2024-10-28 17:50:30,189|line:470| 转发成功 993423487470141444
2024-10-28 17:50:33,634|line:489| 评论
2024-10-28 17:50:42,499|line:470| 转发成功 993423538979340296
2024-10-28 17:50:45,941|line:489| 评论
2024-10-28 17:50:58,473|line:470| 转发成功 993423607731322889
2024-10-28 17:51:02,088|line:489| 评论
2024-10-28 17:51:10,615|line:470| 转发成功 993423659243667478
2024-10-28 17:51:14,013|line:489| 评论
2024-10-28 17:51:25,648|line:470| 转发成功 993423723690196992
2024-10-28 17:51:29,214|line:489| 评论发送成功
2024-10-28 17:51:36,033|line:375| not all arguments converted during string formatting
2024-10-28 17:51:36,034|line:376| error line:370
2024-10-28 17:51:47,578|line:470| 转发成功 993423818166894593
2024-10-28 17:51:51,025|line:489| 评论
2024-10-28 17:52:03,598|line:470| 转发成功 993423886892662793
2024-10-28 17:52:07,005|line:489| 评论
2024-10-28 17:52:18,807|line:470| 转发成功 993423951310880775
2024-10-28 17:52:22,275|line:489| 评论
2024-10-28 17:52:33,095|line:470| 转发成功 993424011448811540
2024-10-28 17:52:36,748|line:489| 评论发送成功
2024-10-28 17:52:44,684|line:375| not all arguments converted during string formatting
2024-10-28 17:52:44,684|line:376| error line:370
2024-10-28 17:52:53,277|line:470| 转发成功 993424101626347525
2024-10-28 17:52:56,883|line:489| 评论发送成功
2024-10-28 17:52:59,774|line:375| not all arguments converted during string formatting
2024-10-28 17:52:59,775|line:376| error line:370
2024-10-28 17:53:07,340|line:470| 转发成功 993424161755889673
2024-10-28 17:53:10,991|line:489| 评论发送成功
2024-10-28 17:53:15,881|line:375| not all arguments converted during string formatting
2024-10-28 17:53:15,881|line:376| error line:370
2024-10-28 17:53:26,625|line:470| 转发成功 993424243389628435
2024-10-28 17:53:30,406|line:489| 评论发送成功
2024-10-28 17:53:36,320|line:375| not all arguments converted during string formatting
2024-10-28 17:53:36,320|line:376| error line:370
2024-10-28 17:53:46,087|line:470| 转发成功 993424324981424137
2024-10-28 17:53:49,671|line:489| 评论发送成功
2024-10-28 17:53:57,496|line:375| not all arguments converted during string formatting
2024-10-28 17:53:57,496|line:376| error line:370
2024-10-28 17:54:08,048|line:470| 转发成功 993424419481190401
2024-10-28 17:54:11,596|line:489| 评论发送成功
2024-10-28 17:54:16,414|line:375| not all arguments converted during string formatting
2024-10-28 17:54:16,415|line:376| error line:370
2024-10-28 17:54:27,958|line:470| 转发成功 993424505379487747
2024-10-28 17:54:31,398|line:489| 评论
2024-10-28 17:54:38,947|line:470| 转发成功 993424552592670725
2024-10-28 17:54:42,563|line:489| 评论发送成功
2024-10-28 17:54:48,389|line:375| not all arguments converted during string formatting
2024-10-28 17:54:48,389|line:376| error line:370
2024-10-28 17:55:00,010|line:470| 转发成功 993424642797469715
2024-10-28 17:55:03,622|line:489| 评论发送成功
2024-10-28 17:55:10,445|line:375| not all arguments converted during string formatting
2024-10-28 17:55:10,446|line:376| error line:370
2024-10-28 17:55:20,117|line:470| 转发成功 993424728695767044
2024-10-28 17:55:23,716|line:489| 评论发送成功
2024-10-28 17:55:30,537|line:375| not all arguments converted during string formatting
2024-10-28 17:55:30,537|line:376| error line:370
2024-10-28 17:55:37,415|line:470| 转发成功 993424806028247042
2024-10-28 17:55:40,980|line:489| 评论发送成功
2024-10-28 17:55:47,806|line:375| not all arguments converted during string formatting
2024-10-28 17:55:47,806|line:376| error line:370
2024-10-28 17:55:59,302|line:470| 转发成功 993424900516479001
2024-10-28 17:56:02,763|line:489| 评论
2024-10-28 17:56:14,297|line:470| 转发成功 993424964923162632
2024-10-28 17:56:17,761|line:489| 评论
2024-10-28 17:56:26,269|line:470| 转发成功 993425016473255941
2024-10-28 17:56:29,880|line:489| 评论发送成功
2024-10-28 17:56:34,691|line:375| not all arguments converted during string formatting
2024-10-28 17:56:34,692|line:376| error line:370
2024-10-28 17:56:45,191|line:470| 转发成功 993425093767987223
2024-10-28 17:56:48,696|line:489| 评论
2024-10-28 17:57:01,309|line:470| 转发成功 993425166774042627
2024-10-28 17:57:04,753|line:489| 评论
2024-10-28 17:57:14,302|line:470| 转发成功 993425222614908937
2024-10-28 17:57:17,699|line:489| 评论
2024-10-28 17:57:28,251|line:470| 转发成功 993425282753888259
2024-10-28 17:57:31,860|line:489| 评论发送成功
2024-10-28 17:57:38,675|line:375| not all arguments converted during string formatting
2024-10-28 17:57:38,675|line:376| error line:370
2024-10-28 17:57:49,219|line:470| 转发成功 993425372956590085
2024-10-28 17:57:52,799|line:489| 评论发送成功
2024-10-28 17:57:56,616|line:375| not all arguments converted during string formatting
2024-10-28 17:57:56,616|line:376| error line:370
2024-10-28 17:58:08,416|line:470| 转发成功 993425454562017286
2024-10-28 17:58:11,819|line:489| 评论
2024-10-28 17:58:21,390|line:470| 转发成功 993425510399737858
2024-10-28 17:58:24,980|line:489| 评论发送成功
2024-10-28 17:58:28,792|line:375| not all arguments converted during string formatting
2024-10-28 17:58:28,792|line:376| error line:370
2024-10-28 17:58:40,427|line:470| 转发成功 993425591969513478
2024-10-28 17:58:43,867|line:489| 评论
2024-10-28 17:58:52,509|line:470| 转发成功 993425643548966919
2024-10-28 17:58:56,197|line:489| 评论发送成功
2024-10-28 17:59:05,006|line:375| not all arguments converted during string formatting
2024-10-28 17:59:05,007|line:376| error line:370
2024-10-28 17:59:15,739|line:470| 转发成功 993425742311194633
2024-10-28 17:59:19,187|line:489| 评论
2024-10-28 17:59:30,736|line:470| 转发成功 993425806748286999
2024-10-28 17:59:34,346|line:489| 评论发送成功
2024-10-28 17:59:41,383|line:375| not all arguments converted during string formatting
2024-10-28 17:59:41,384|line:376| error line:370
2024-10-28 17:59:50,880|line:470| 转发成功 993425892646584338
2024-10-28 17:59:54,279|line:489| 评论
2024-10-28 18:00:08,841|line:470| 转发成功 993425969932926983
2024-10-28 18:00:12,286|line:489| 评论
2024-10-28 18:00:19,892|line:470| 转发成功 993426017171275784
2024-10-28 18:00:23,328|line:489| 评论
2024-10-28 18:00:31,894|line:470| 转发成功 993426068717174792
2024-10-28 18:00:35,505|line:489| 评论发送成功
2024-10-28 18:00:44,562|line:375| not all arguments converted during string formatting
2024-10-28 18:00:44,562|line:376| error line:370
2024-10-28 18:00:52,021|line:470| 转发成功 993426154627006467
2024-10-28 18:00:55,623|line:489| 评论发送成功
2024-10-28 18:00:59,439|line:375| not all arguments converted during string formatting
2024-10-28 18:00:59,439|line:376| error line:370
2024-10-28 18:01:07,965|line:470| 转发成功 993426223331803138
2024-10-28 18:01:11,369|line:489| 评论
2024-10-28 18:01:19,932|line:470| 转发成功 993426274899722248
2024-10-28 18:01:23,382|line:489| 评论
2024-10-28 18:01:32,926|line:470| 转发成功 993426330740588551
2024-10-28 18:01:36,324|line:489| 评论
2024-10-28 18:01:45,865|line:470| 转发成功 993426386548948992
2024-10-28 18:01:49,268|line:489| 评论
2024-10-28 18:01:59,840|line:470| 转发成功 993426446697365506
2024-10-28 18:02:03,441|line:489| 评论发送成功
2024-10-28 18:02:08,271|line:375| not all arguments converted during string formatting
2024-10-28 18:02:08,271|line:376| error line:370
2024-10-28 18:02:15,935|line:470| 转发成功 993426515391676441
2024-10-28 18:02:19,536|line:489| 评论发送成功
2024-10-28 18:02:26,353|line:375| not all arguments converted during string formatting
2024-10-28 18:02:26,353|line:376| error line:370
2024-10-28 18:02:36,941|line:470| 转发成功 993426605587038211
2024-10-28 18:02:40,546|line:489| 评论发送成功
2024-10-28 18:02:46,598|line:375| not all arguments converted during string formatting
2024-10-28 18:02:46,598|line:376| error line:370
2024-10-28 18:02:46,598|line:377| *********子动态结束*********
2024-10-28 18:02:46,599|line:532| -=-=-=-=处理回最初的动态-=-=-=-=
2024-10-28 18:02:56,060|line:470| 转发成功 993426687194562582
2024-10-28 18:02:59,690|line:489| 评论发送成功
2024-10-28 18:03:04,291|line:543| not all arguments converted during string formatting
2024-10-28 18:03:04,291|line:544| error line:537
2024-10-28 18:03:05,291|line:514| https://t.bilibili.com/992065173980184583
2024-10-28 18:03:05,292|line:516| 已有
2024-10-28 18:03:05,292|line:514| https://t.bilibili.com/992467341831831573
2024-10-28 18:03:06,823|line:521| 官方 或 预约 OUT！
2024-10-28 18:03:06,824|line:514| https://t.bilibili.com/992127081626206224
2024-10-28 18:03:06,824|line:516| 已有
2024-10-28 18:03:06,824|line:514| https://t.bilibili.com/992091819980357648
2024-10-28 18:03:06,824|line:516| 已有
2024-10-28 18:03:06,824|line:514| https://t.bilibili.com/992092167854882851
2024-10-28 18:03:06,824|line:516| 已有
2024-10-28 18:03:06,824|line:547| 执行结束
2024-10-28 18:03:10,506|line:552| ==================================================2024-10-29 02:03==================================================
