2024-10-31 16:32:40,643|line:233| processing article 39639354
2024-10-31 16:32:44,825|line:502| ==================================================2024-11-01 00:32==================================================
2024-10-31 16:32:44,825|line:514| https://t.bilibili.com/993268374702129169
2024-10-31 16:32:48,448|line:334| =========此为子动态=========
2024-10-31 16:32:52,047|line:383| *************原动态处理开始***************
2024-10-31 16:33:00,186|line:470| 转发成功 994516771416309766
2024-10-31 16:33:03,735|line:489| 评论
2024-10-31 16:33:03,736|line:528| *#*#*#*#*#*#*#*#*#*原动态处理失败*#*#*#*#*#*#*#*#*#
2024-10-31 16:33:03,736|line:514| https://t.bilibili.com/993261940857896980
2024-10-31 16:33:06,250|line:334| =========此为子动态=========
2024-10-31 16:33:10,844|line:383| *************原动态处理开始***************
2024-10-31 16:33:16,020|line:470| 转发成功 994516835855499280
2024-10-31 16:33:19,695|line:489| 评论发送成功
2024-10-31 16:33:22,393|line:344| not all arguments converted during string formatting
2024-10-31 16:33:22,393|line:345| error line:336
2024-10-31 16:33:22,394|line:528| *#*#*#*#*#*#*#*#*#*原动态处理失败*#*#*#*#*#*#*#*#*#
2024-10-31 16:33:22,394|line:514| https://t.bilibili.com/993277866586144776
2024-10-31 16:33:27,032|line:334| =========此为子动态=========
2024-10-31 16:33:29,681|line:383| *************原动态处理开始***************
2024-10-31 16:33:34,858|line:470| 转发成功 994516917463023624
2024-10-31 16:33:38,330|line:489| 评论
2024-10-31 16:33:38,330|line:528| *#*#*#*#*#*#*#*#*#*原动态处理失败*#*#*#*#*#*#*#*#*#
2024-10-31 16:33:38,330|line:514| https://t.bilibili.com/993407514460553219
2024-10-31 16:33:39,838|line:521| 官方 或 预约 OUT！
2024-10-31 16:33:39,838|line:514| https://t.bilibili.com/993557391666577411
2024-10-31 16:33:41,255|line:334| =========此为子动态=========
2024-10-31 16:33:43,859|line:383| *************原动态处理开始***************
2024-10-31 16:33:48,940|line:470| 转发成功 994516977561108486
2024-10-31 16:33:52,696|line:489| 评论发送成功
2024-10-31 16:33:56,204|line:344| not all arguments converted during string formatting
2024-10-31 16:33:56,204|line:345| error line:336
2024-10-31 16:33:56,204|line:528| *#*#*#*#*#*#*#*#*#*原动态处理失败*#*#*#*#*#*#*#*#*#
2024-10-31 16:33:56,204|line:514| https://t.bilibili.com/993563073887338501
2024-10-31 16:33:57,645|line:334| =========此为子动态=========
2024-10-31 16:34:00,160|line:383| *************原动态处理开始***************
2024-10-31 16:34:06,297|line:470| 转发成功 994517054905122818
2024-10-31 16:34:09,781|line:489| 评论
2024-10-31 16:34:09,782|line:528| *#*#*#*#*#*#*#*#*#*原动态处理失败*#*#*#*#*#*#*#*#*#
2024-10-31 16:34:09,782|line:514| https://t.bilibili.com/993405985468973077
2024-10-31 16:34:12,215|line:521| 官方 或 预约 OUT！
2024-10-31 16:34:12,216|line:514| https://t.bilibili.com/992513761833123878
2024-10-31 16:34:14,635|line:521| 官方 或 预约 OUT！
2024-10-31 16:34:14,635|line:514| https://t.bilibili.com/992595194416201731
2024-10-31 16:34:18,218|line:521| 官方 或 预约 OUT！
2024-10-31 16:34:18,218|line:514| https://t.bilibili.com/993247423866339333
2024-10-31 16:34:20,724|line:334| =========此为子动态=========
2024-10-31 16:34:25,301|line:383| *************原动态处理开始***************
2024-10-31 16:34:33,396|line:470| 转发成功 994517170869239814
2024-10-31 16:34:36,855|line:489| 评论
2024-10-31 16:34:36,856|line:528| *#*#*#*#*#*#*#*#*#*原动态处理失败*#*#*#*#*#*#*#*#*#
2024-10-31 16:34:36,856|line:514| https://t.bilibili.com/993333166424981508
2024-10-31 16:34:40,337|line:339| =========此为源动态=========
2024-10-31 16:34:42,871|line:358| *********子动态开始*********
2024-10-31 16:34:42,871|line:377| *********子动态结束*********
2024-10-31 16:34:42,871|line:532| -=-=-=-=处理回最初的动态-=-=-=-=
2024-10-31 16:34:55,473|line:470| 转发成功 994517265287217154
2024-10-31 16:34:59,140|line:489| 评论发送成功
2024-10-31 16:35:03,603|line:543| not all arguments converted during string formatting
2024-10-31 16:35:03,603|line:544| error line:537
2024-10-31 16:35:04,604|line:514| https://t.bilibili.com/993203473468096517
2024-10-31 16:35:09,111|line:334| =========此为子动态=========
2024-10-31 16:35:13,684|line:383| *************原动态处理开始***************
2024-10-31 16:35:20,819|line:470| 转发成功 994517372716974082
2024-10-31 16:35:24,483|line:489| 评论发送成功
2024-10-31 16:35:26,945|line:344| not all arguments converted during string formatting
2024-10-31 16:35:26,945|line:345| error line:336
2024-10-31 16:35:26,946|line:528| *#*#*#*#*#*#*#*#*#*原动态处理失败*#*#*#*#*#*#*#*#*#
2024-10-31 16:35:26,946|line:514| https://t.bilibili.com/993376457554132992
2024-10-31 16:35:31,523|line:339| =========此为源动态=========
2024-10-31 16:35:35,022|line:358| *********子动态开始*********
2024-10-31 16:35:35,022|line:377| *********子动态结束*********
2024-10-31 16:35:35,022|line:532| -=-=-=-=处理回最初的动态-=-=-=-=
2024-10-31 16:35:45,640|line:470| 转发成功 994517480099545096
2024-10-31 16:35:49,134|line:489| 评论发送成功
2024-10-31 16:35:50,612|line:543| not all arguments converted during string formatting
2024-10-31 16:35:50,612|line:544| error line:537
2024-10-31 16:35:51,613|line:514| https://t.bilibili.com/993332610257125395
2024-10-31 16:35:54,206|line:339| =========此为源动态=========
2024-10-31 16:35:57,650|line:358| *********子动态开始*********
2024-10-31 16:35:57,650|line:377| *********子动态结束*********
2024-10-31 16:35:57,650|line:532| -=-=-=-=处理回最初的动态-=-=-=-=
2024-10-31 16:36:06,347|line:470| 转发成功 994517570265546756
2024-10-31 16:36:09,846|line:489| 评论发送成功
2024-10-31 16:36:13,327|line:543| not all arguments converted during string formatting
2024-10-31 16:36:13,327|line:544| error line:537
2024-10-31 16:36:16,328|line:514| https://t.bilibili.com/993254072458936322
2024-10-31 16:36:16,328|line:516| 已有
2024-10-31 16:36:16,328|line:514| https://t.bilibili.com/993286147293577217
2024-10-31 16:36:20,039|line:334| =========此为子动态=========
2024-10-31 16:36:21,596|line:383| *************原动态处理开始***************
2024-10-31 16:36:28,934|line:470| 转发成功 994517664769507348
2024-10-31 16:36:32,594|line:489| 评论发送成功
2024-10-31 16:36:34,089|line:344| not all arguments converted during string formatting
2024-10-31 16:36:34,090|line:345| error line:336
2024-10-31 16:36:34,090|line:528| *#*#*#*#*#*#*#*#*#*原动态处理失败*#*#*#*#*#*#*#*#*#
2024-10-31 16:36:34,090|line:514| https://t.bilibili.com/993555604930822145
2024-10-31 16:36:35,543|line:334| =========此为子动态=========
2024-10-31 16:36:37,266|line:383| *************原动态处理开始***************
2024-10-31 16:36:42,523|line:470| 转发成功 994517724857106440
2024-10-31 16:36:45,957|line:489| 评论
2024-10-31 16:36:45,957|line:528| *#*#*#*#*#*#*#*#*#*原动态处理失败*#*#*#*#*#*#*#*#*#
2024-10-31 16:36:45,957|line:514| https://t.bilibili.com/993202674605228041
2024-10-31 16:36:47,383|line:334| =========此为子动态=========
2024-10-31 16:36:51,016|line:383| *************原动态处理开始***************
2024-10-31 16:36:59,103|line:470| 转发成功 994517793575534600
2024-10-31 16:37:02,831|line:489| 评论发送成功
2024-10-31 16:37:07,342|line:344| not all arguments converted during string formatting
2024-10-31 16:37:07,343|line:345| error line:336
2024-10-31 16:37:07,343|line:528| *#*#*#*#*#*#*#*#*#*原动态处理失败*#*#*#*#*#*#*#*#*#
2024-10-31 16:37:07,343|line:514| https://t.bilibili.com/993303932754198548
2024-10-31 16:37:08,804|line:334| =========此为子动态=========
2024-10-31 16:37:10,358|line:383| *************原动态处理开始***************
2024-10-31 16:37:23,701|line:470| 转发成功 994517900950765592
2024-10-31 16:37:27,384|line:489| 评论
2024-10-31 16:37:27,384|line:528| *#*#*#*#*#*#*#*#*#*原动态处理失败*#*#*#*#*#*#*#*#*#
2024-10-31 16:37:27,385|line:514| https://t.bilibili.com/993203945918693381
2024-10-31 16:37:29,349|line:334| =========此为子动态=========
2024-10-31 16:37:32,916|line:383| *************原动态处理开始***************
2024-10-31 16:37:41,146|line:470| 转发成功 994517978305265671
2024-10-31 16:37:44,592|line:489| 评论
2024-10-31 16:37:44,592|line:528| *#*#*#*#*#*#*#*#*#*原动态处理失败*#*#*#*#*#*#*#*#*#
2024-10-31 16:37:44,593|line:514| https://t.bilibili.com/993612483184820225
2024-10-31 16:37:47,192|line:334| =========此为子动态=========
2024-10-31 16:37:49,771|line:383| *************原动态处理开始***************
2024-10-31 16:37:55,866|line:470| 转发成功 994518038411739145
2024-10-31 16:37:59,306|line:489| 评论
2024-10-31 16:37:59,306|line:528| *#*#*#*#*#*#*#*#*#*原动态处理失败*#*#*#*#*#*#*#*#*#
2024-10-31 16:37:59,306|line:514| https://t.bilibili.com/993302500385751041
2024-10-31 16:38:00,964|line:339| =========此为源动态=========
2024-10-31 16:38:05,837|line:358| *********子动态开始*********
2024-10-31 16:38:05,838|line:377| *********子动态结束*********
2024-10-31 16:38:05,838|line:532| -=-=-=-=处理回最初的动态-=-=-=-=
2024-10-31 16:38:13,629|line:470| 转发成功 994518115740024838
2024-10-31 16:38:17,301|line:489| 评论发送成功
2024-10-31 16:38:21,770|line:543| not all arguments converted during string formatting
2024-10-31 16:38:21,771|line:544| error line:537
2024-10-31 16:38:23,771|line:514| https://t.bilibili.com/993287023473197056
2024-10-31 16:38:25,278|line:521| 官方 或 预约 OUT！
2024-10-31 16:38:25,278|line:514| https://t.bilibili.com/993299448780029970
2024-10-31 16:38:25,279|line:516| 已有
2024-10-31 16:38:25,279|line:514| https://t.bilibili.com/993622713796919301
2024-10-31 16:38:27,761|line:339| =========此为源动态=========
2024-10-31 16:38:32,555|line:358| *********子动态开始*********
2024-10-31 16:38:32,556|line:377| *********子动态结束*********
2024-10-31 16:38:32,556|line:532| -=-=-=-=处理回最初的动态-=-=-=-=
2024-10-31 16:38:43,206|line:470| 转发成功 994518240281493506
2024-10-31 16:38:46,857|line:489| 评论发送成功
2024-10-31 16:38:49,477|line:543| not all arguments converted during string formatting
2024-10-31 16:38:49,477|line:544| error line:537
2024-10-31 16:38:52,478|line:514| https://t.bilibili.com/993558907770109987
2024-10-31 16:38:56,073|line:339| =========此为源动态=========
2024-10-31 16:38:59,634|line:358| *********子动态开始*********
2024-10-31 16:38:59,634|line:377| *********子动态结束*********
2024-10-31 16:38:59,634|line:532| -=-=-=-=处理回最初的动态-=-=-=-=
2024-10-31 16:39:08,247|line:470| 转发成功 994518351927574536
2024-10-31 16:39:11,718|line:489| 评论发送成功
2024-10-31 16:39:15,192|line:543| not all arguments converted during string formatting
2024-10-31 16:39:15,192|line:544| error line:537
2024-10-31 16:39:18,193|line:514| https://t.bilibili.com/993209688276336678
2024-10-31 16:39:19,679|line:521| 官方 或 预约 OUT！
2024-10-31 16:39:19,679|line:514| https://t.bilibili.com/992572933603852327
2024-10-31 16:39:22,184|line:339| =========此为源动态=========
2024-10-31 16:39:24,926|line:358| *********子动态开始*********
2024-10-31 16:39:24,926|line:377| *********子动态结束*********
2024-10-31 16:39:24,927|line:532| -=-=-=-=处理回最初的动态-=-=-=-=
2024-10-31 16:39:32,460|line:470| 转发成功 994518455029858310
2024-10-31 16:39:36,080|line:489| 评论发送成功
2024-10-31 16:39:38,635|line:543| not all arguments converted during string formatting
2024-10-31 16:39:38,635|line:544| error line:537
2024-10-31 16:39:40,636|line:514| https://t.bilibili.com/993230029241450501
2024-10-31 16:39:44,196|line:339| =========此为源动态=========
2024-10-31 16:39:46,853|line:358| *********子动态开始*********
2024-10-31 16:39:54,459|line:470| 转发成功 994518549524381704
2024-10-31 16:39:58,092|line:489| 评论发送成功
2024-10-31 16:40:03,951|line:375| not all arguments converted during string formatting
2024-10-31 16:40:03,951|line:376| error line:370
2024-10-31 16:40:15,589|line:470| 转发成功 994518639736520711
2024-10-31 16:40:19,193|line:489| 评论发送成功
2024-10-31 16:40:27,039|line:375| not all arguments converted during string formatting
2024-10-31 16:40:27,039|line:376| error line:370
2024-10-31 16:40:36,705|line:470| 转发成功 994518729883648003
2024-10-31 16:40:40,387|line:489| 评论发送成功
2024-10-31 16:40:44,331|line:375| not all arguments converted during string formatting
2024-10-31 16:40:44,332|line:376| error line:370
2024-10-31 16:40:53,153|line:470| 转发成功 994518798661845016
2024-10-31 16:40:56,701|line:489| 评论
2024-10-31 16:41:04,482|line:470| 转发成功 994518850193063938
2024-10-31 16:41:07,999|line:489| 评论
2024-10-31 16:41:17,927|line:470| 转发成功 994518906022395924
2024-10-31 16:41:21,388|line:489| 评论
2024-10-31 16:41:31,199|line:470| 转发成功 994518961868505123
2024-10-31 16:41:34,884|line:489| 评论发送成功
2024-10-31 16:41:38,839|line:375| not all arguments converted during string formatting
2024-10-31 16:41:38,839|line:376| error line:370
2024-10-31 16:41:46,643|line:470| 转发成功 994519030570156040
2024-10-31 16:41:50,106|line:489| 评论
2024-10-31 16:41:58,723|line:470| 转发成功 994519082102423558
2024-10-31 16:42:02,255|line:489| 评论
2024-10-31 16:42:13,110|line:470| 转发成功 994519142257131560
2024-10-31 16:42:16,574|line:489| 评论
2024-10-31 16:42:27,229|line:470| 转发成功 994519206664863746
2024-10-31 16:42:30,901|line:489| 评论发送成功
2024-10-31 16:42:39,931|line:375| not all arguments converted during string formatting
2024-10-31 16:42:39,932|line:376| error line:370
2024-10-31 16:42:51,665|line:470| 转发成功 994519309728350228
2024-10-31 16:42:55,425|line:489| 评论发送成功
2024-10-31 16:43:02,372|line:375| not all arguments converted during string formatting
2024-10-31 16:43:02,372|line:376| error line:370
2024-10-31 16:43:14,043|line:470| 转发成功 994519404231262211
2024-10-31 16:43:17,750|line:489| 评论发送成功
2024-10-31 16:43:22,704|line:375| not all arguments converted during string formatting
2024-10-31 16:43:22,704|line:376| error line:370
2024-10-31 16:43:33,357|line:470| 转发成功 994519490091810822
2024-10-31 16:43:37,092|line:489| 评论发送成功
2024-10-31 16:43:44,997|line:375| not all arguments converted during string formatting
2024-10-31 16:43:44,997|line:376| error line:370
2024-10-31 16:43:54,655|line:470| 转发成功 994519580313387026
2024-10-31 16:43:58,398|line:489| 评论发送成功
2024-10-31 16:44:02,300|line:375| not all arguments converted during string formatting
2024-10-31 16:44:02,301|line:376| error line:370
2024-10-31 16:44:09,124|line:470| 转发成功 994519640432443399
2024-10-31 16:44:12,799|line:489| 评论发送成功
2024-10-31 16:44:16,815|line:375| not all arguments converted during string formatting
2024-10-31 16:44:16,815|line:376| error line:370
2024-10-31 16:44:24,576|line:470| 转发成功 994519709152968729
2024-10-31 16:44:28,243|line:489| 评论发送成功
2024-10-31 16:44:32,226|line:375| not all arguments converted during string formatting
2024-10-31 16:44:32,226|line:376| error line:370
2024-10-31 16:44:44,923|line:470| 转发成功 994519795071189011
2024-10-31 16:44:48,362|line:489| 评论
2024-10-31 16:44:57,229|line:470| 转发成功 994519846599262210
2024-10-31 16:45:00,907|line:489| 评论发送成功
2024-10-31 16:45:06,932|line:375| not all arguments converted during string formatting
2024-10-31 16:45:06,932|line:376| error line:370
2024-10-31 16:45:15,730|line:470| 转发成功 994519928219369472
2024-10-31 16:45:19,463|line:489| 评论发送成功
2024-10-31 16:45:26,410|line:375| not all arguments converted during string formatting
2024-10-31 16:45:26,411|line:376| error line:370
2024-10-31 16:45:34,211|line:470| 转发成功 994520005525635079
2024-10-31 16:45:38,059|line:489| 评论发送成功
2024-10-31 16:45:43,087|line:375| not all arguments converted during string formatting
2024-10-31 16:45:43,087|line:376| error line:370
2024-10-31 16:45:52,813|line:470| 转发成功 994520087077584899
2024-10-31 16:45:56,274|line:489| 评论
2024-10-31 16:46:08,987|line:470| 转发成功 994520155836907525
2024-10-31 16:46:12,666|line:489| 评论发送成功
2024-10-31 16:46:21,792|line:375| not all arguments converted during string formatting
2024-10-31 16:46:21,793|line:376| error line:370
2024-10-31 16:46:28,500|line:470| 转发成功 994520241766662148
2024-10-31 16:46:31,964|line:489| 评论
2024-10-31 16:46:43,653|line:470| 转发成功 994520306137694214
2024-10-31 16:46:47,314|line:489| 评论发送成功
2024-10-31 16:46:53,258|line:375| not all arguments converted during string formatting
2024-10-31 16:46:53,259|line:376| error line:370
2024-10-31 16:47:05,865|line:470| 转发成功 994520400658432016
2024-10-31 16:47:09,642|line:489| 评论发送成功
2024-10-31 16:47:16,582|line:375| not all arguments converted during string formatting
2024-10-31 16:47:16,583|line:376| error line:370
2024-10-31 16:47:23,330|line:470| 转发成功 994520477967843336
2024-10-31 16:47:26,978|line:489| 评论发送成功
2024-10-31 16:47:34,070|line:375| not all arguments converted during string formatting
2024-10-31 16:47:34,071|line:376| error line:370
2024-10-31 16:47:44,023|line:470| 转发成功 994520563889209344
2024-10-31 16:47:47,712|line:489| 评论发送成功
2024-10-31 16:47:50,678|line:375| not all arguments converted during string formatting
2024-10-31 16:47:50,678|line:376| error line:370
2024-10-31 16:48:01,375|line:470| 转发成功 994520641170309121
2024-10-31 16:48:05,053|line:489| 评论发送成功
2024-10-31 16:48:11,251|line:375| not all arguments converted during string formatting
2024-10-31 16:48:11,252|line:376| error line:370
2024-10-31 16:48:21,961|line:470| 转发成功 994520727056023555
2024-10-31 16:48:25,631|line:489| 评论发送成功
2024-10-31 16:48:30,916|line:375| not all arguments converted during string formatting
2024-10-31 16:48:30,917|line:376| error line:370
2024-10-31 16:48:43,661|line:470| 转发成功 994520821558935553
2024-10-31 16:48:47,328|line:489| 评论发送成功
2024-10-31 16:48:54,277|line:375| not all arguments converted during string formatting
2024-10-31 16:48:54,278|line:376| error line:370
2024-10-31 16:49:02,939|line:470| 转发成功 994520903137099783
2024-10-31 16:49:06,643|line:489| 评论发送成功
2024-10-31 16:49:10,693|line:375| not all arguments converted during string formatting
2024-10-31 16:49:10,693|line:376| error line:370
2024-10-31 16:49:18,310|line:470| 转发成功 994520971868110857
2024-10-31 16:49:21,774|line:489| 评论
2024-10-31 16:49:32,607|line:470| 转发成功 994521032018624513
2024-10-31 16:49:36,289|line:489| 评论发送成功
2024-10-31 16:49:42,236|line:375| not all arguments converted during string formatting
2024-10-31 16:49:42,236|line:376| error line:370
2024-10-31 16:49:50,917|line:470| 转发成功 994521109347958792
2024-10-31 16:49:54,702|line:489| 评论发送成功
2024-10-31 16:50:01,677|line:375| not all arguments converted during string formatting
2024-10-31 16:50:01,677|line:376| error line:370
2024-10-31 16:50:11,463|line:470| 转发成功 994521199503474693
2024-10-31 16:50:15,387|line:489| 评论发送成功
2024-10-31 16:50:19,291|line:375| not all arguments converted during string formatting
2024-10-31 16:50:19,292|line:376| error line:370
2024-10-31 16:50:30,068|line:470| 转发成功 994521276802400260
2024-10-31 16:50:33,504|line:489| 评论
2024-10-31 16:50:43,291|line:470| 转发成功 994521336961302532
2024-10-31 16:50:46,960|line:489| 评论发送成功
2024-10-31 16:50:51,103|line:375| not all arguments converted during string formatting
2024-10-31 16:50:51,103|line:376| error line:370
2024-10-31 16:51:03,809|line:470| 转发成功 994521422870085651
2024-10-31 16:51:07,474|line:489| 评论发送成功
2024-10-31 16:51:14,391|line:375| not all arguments converted during string formatting
2024-10-31 16:51:14,391|line:376| error line:370
2024-10-31 16:51:22,157|line:470| 转发成功 994521500175302664
2024-10-31 16:51:26,002|line:489| 评论发送成功
2024-10-31 16:51:33,989|line:375| not all arguments converted during string formatting
2024-10-31 16:51:33,989|line:376| error line:370
2024-10-31 16:51:33,989|line:377| *********子动态结束*********
2024-10-31 16:51:33,990|line:532| -=-=-=-=处理回最初的动态-=-=-=-=
2024-10-31 16:51:42,806|line:470| 转发成功 994521590389538818
2024-10-31 16:51:46,469|line:489| 评论发送成功
2024-10-31 16:51:51,103|line:543| not all arguments converted during string formatting
2024-10-31 16:51:51,104|line:544| error line:537
2024-10-31 16:51:52,104|line:514| https://t.bilibili.com/993540598339207172
2024-10-31 16:51:55,689|line:334| =========此为子动态=========
2024-10-31 16:51:59,238|line:383| *************原动态处理开始***************
2024-10-31 16:52:04,511|line:470| 转发成功 994521684860993541
2024-10-31 16:52:07,954|line:489| 评论
2024-10-31 16:52:07,954|line:528| *#*#*#*#*#*#*#*#*#*原动态处理失败*#*#*#*#*#*#*#*#*#
2024-10-31 16:52:07,955|line:514| https://t.bilibili.com/992985284824006661
2024-10-31 16:52:11,482|line:339| =========此为源动态=========
2024-10-31 16:52:13,112|line:358| *********子动态开始*********
2024-10-31 16:52:13,112|line:377| *********子动态结束*********
2024-10-31 16:52:13,112|line:532| -=-=-=-=处理回最初的动态-=-=-=-=
2024-10-31 16:52:22,775|line:470| 转发成功 994521762143141889
2024-10-31 16:52:26,436|line:489| 评论发送成功
2024-10-31 16:52:29,900|line:543| not all arguments converted during string formatting
2024-10-31 16:52:29,900|line:544| error line:537
2024-10-31 16:52:30,901|line:514| https://t.bilibili.com/992535906707570693
2024-10-31 16:52:32,555|line:339| =========此为源动态=========
2024-10-31 16:52:35,083|line:358| *********子动态开始*********
2024-10-31 16:52:35,083|line:377| *********子动态结束*********
2024-10-31 16:52:35,084|line:532| -=-=-=-=处理回最初的动态-=-=-=-=
2024-10-31 16:52:43,896|line:470| 转发成功 994521852315435016
2024-10-31 16:52:47,580|line:489| 评论发送成功
2024-10-31 16:52:49,238|line:543| not all arguments converted during string formatting
2024-10-31 16:52:49,239|line:544| error line:537
2024-10-31 16:52:51,239|line:514| https://t.bilibili.com/993259037449519105
2024-10-31 16:52:55,726|line:334| =========此为子动态=========
2024-10-31 16:52:57,313|line:383| *************原动态处理开始***************
2024-10-31 16:53:05,407|line:470| 转发成功 994521946853998596
2024-10-31 16:53:09,071|line:489| 评论发送成功
2024-10-31 16:53:13,628|line:344| not all arguments converted during string formatting
2024-10-31 16:53:13,628|line:345| error line:336
2024-10-31 16:53:13,629|line:528| *#*#*#*#*#*#*#*#*#*原动态处理失败*#*#*#*#*#*#*#*#*#
2024-10-31 16:53:13,629|line:514| https://t.bilibili.com/993540478071734274
2024-10-31 16:53:15,149|line:334| =========此为子动态=========
2024-10-31 16:53:18,714|line:383| *************原动态处理开始***************
2024-10-31 16:53:23,877|line:470| 转发成功 994522024122515463
2024-10-31 16:53:27,312|line:489| 评论
2024-10-31 16:53:27,312|line:528| *#*#*#*#*#*#*#*#*#*原动态处理失败*#*#*#*#*#*#*#*#*#
2024-10-31 16:53:27,313|line:514| https://t.bilibili.com/993580992481460232
2024-10-31 16:53:28,870|line:521| 官方 或 预约 OUT！
2024-10-31 16:53:28,870|line:514| https://t.bilibili.com/993229153086996481
2024-10-31 16:53:33,326|line:521| 官方 或 预约 OUT！
2024-10-31 16:53:33,327|line:514| https://t.bilibili.com/993290618363969552
2024-10-31 16:53:36,785|line:334| =========此为子动态=========
2024-10-31 16:53:38,351|line:383| *************原动态处理开始***************
2024-10-31 16:53:46,537|line:470| 转发成功 994522122934026244
2024-10-31 16:53:49,993|line:489| 评论
2024-10-31 16:53:49,993|line:528| *#*#*#*#*#*#*#*#*#*原动态处理失败*#*#*#*#*#*#*#*#*#
2024-10-31 16:53:49,993|line:514| https://t.bilibili.com/993631286557933570
2024-10-31 16:53:54,719|line:334| =========此为子动态=========
2024-10-31 16:53:57,261|line:383| *************原动态处理开始***************
2024-10-31 16:54:03,385|line:470| 转发成功 994522195904430089
2024-10-31 16:54:07,052|line:489| 评论发送成功
2024-10-31 16:54:09,545|line:344| not all arguments converted during string formatting
2024-10-31 16:54:09,545|line:345| error line:336
2024-10-31 16:54:09,546|line:528| *#*#*#*#*#*#*#*#*#*原动态处理失败*#*#*#*#*#*#*#*#*#
2024-10-31 16:54:09,546|line:514| https://t.bilibili.com/993220700565143556
2024-10-31 16:54:11,998|line:339| =========此为源动态=========
2024-10-31 16:54:14,681|line:358| *********子动态开始*********
2024-10-31 16:54:14,681|line:377| *********子动态结束*********
2024-10-31 16:54:14,682|line:532| -=-=-=-=处理回最初的动态-=-=-=-=
2024-10-31 16:54:26,305|line:470| 转发成功 994522294751592455
2024-10-31 16:54:29,966|line:489| 评论发送成功
2024-10-31 16:54:32,434|line:543| not all arguments converted during string formatting
2024-10-31 16:54:32,434|line:544| error line:537
2024-10-31 16:54:35,435|line:514| https://t.bilibili.com/992584469909078023
2024-10-31 16:54:36,973|line:339| =========此为源动态=========
2024-10-31 16:54:38,785|line:358| *********子动态开始*********
2024-10-31 16:54:38,785|line:377| *********子动态结束*********
2024-10-31 16:54:38,786|line:532| -=-=-=-=处理回最初的动态-=-=-=-=
2024-10-31 16:54:48,643|line:470| 转发成功 994522389180055557
2024-10-31 16:54:52,334|line:489| 评论发送成功
2024-10-31 16:54:56,015|line:543| not all arguments converted during string formatting
2024-10-31 16:54:56,015|line:544| error line:537
2024-10-31 16:54:58,016|line:514| https://t.bilibili.com/993567751127695430
2024-10-31 16:55:00,756|line:334| =========此为子动态=========
2024-10-31 16:55:05,275|line:383| *************原动态处理开始***************
2024-10-31 16:55:12,348|line:470| 转发成功 994522492303310849
2024-10-31 16:55:16,103|line:489| 评论发送成功
2024-10-31 16:55:19,719|line:344| not all arguments converted during string formatting
2024-10-31 16:55:19,719|line:345| error line:336
2024-10-31 16:55:19,719|line:528| *#*#*#*#*#*#*#*#*#*原动态处理失败*#*#*#*#*#*#*#*#*#
2024-10-31 16:55:19,720|line:514| https://t.bilibili.com/993548552594522112
2024-10-31 16:55:24,205|line:334| =========此为子动态=========
2024-10-31 16:55:25,725|line:383| *************原动态处理开始***************
2024-10-31 16:55:33,864|line:470| 转发成功 994522582521741318
2024-10-31 16:55:37,555|line:489| 评论发送成功
2024-10-31 16:55:40,053|line:344| not all arguments converted during string formatting
2024-10-31 16:55:40,053|line:345| error line:336
2024-10-31 16:55:40,054|line:528| *#*#*#*#*#*#*#*#*#*原动态处理失败*#*#*#*#*#*#*#*#*#
2024-10-31 16:55:40,054|line:514| https://t.bilibili.com/993291524587388949
2024-10-31 16:55:41,547|line:334| =========此为子动态=========
2024-10-31 16:55:46,177|line:383| *************原动态处理开始***************
2024-10-31 16:55:54,321|line:470| 转发成功 994522672716054533
2024-10-31 16:55:58,020|line:489| 评论发送成功
2024-10-31 16:56:02,515|line:344| not all arguments converted during string formatting
2024-10-31 16:56:02,515|line:345| error line:336
2024-10-31 16:56:02,515|line:528| *#*#*#*#*#*#*#*#*#*原动态处理失败*#*#*#*#*#*#*#*#*#
2024-10-31 16:56:02,516|line:514| https://t.bilibili.com/993332850761662472
2024-10-31 16:56:05,073|line:339| =========此为源动态=========
2024-10-31 16:56:09,759|line:358| *********子动态开始*********
2024-10-31 16:56:09,760|line:377| *********子动态结束*********
2024-10-31 16:56:09,760|line:532| -=-=-=-=处理回最初的动态-=-=-=-=
2024-10-31 16:56:18,411|line:470| 转发成功 994522775754375176
2024-10-31 16:56:22,084|line:489| 评论发送成功
2024-10-31 16:56:24,626|line:543| not all arguments converted during string formatting
2024-10-31 16:56:24,626|line:544| error line:537
2024-10-31 16:56:25,626|line:514| https://t.bilibili.com/993646903052730374
2024-10-31 16:56:27,286|line:334| =========此为子动态=========
2024-10-31 16:56:30,867|line:383| *************原动态处理开始***************
2024-10-31 16:56:36,985|line:470| 转发成功 994522853107826692
2024-10-31 16:56:40,415|line:489| 评论
2024-10-31 16:56:40,416|line:528| *#*#*#*#*#*#*#*#*#*原动态处理失败*#*#*#*#*#*#*#*#*#
2024-10-31 16:56:40,416|line:514| https://t.bilibili.com/993638115572711425
2024-10-31 16:56:42,930|line:334| =========此为子动态=========
2024-10-31 16:56:45,494|line:383| *************原动态处理开始***************
2024-10-31 16:56:50,627|line:470| 转发成功 994522913226883089
2024-10-31 16:56:54,064|line:489| 评论
2024-10-31 16:56:54,065|line:528| *#*#*#*#*#*#*#*#*#*原动态处理失败*#*#*#*#*#*#*#*#*#
2024-10-31 16:56:54,065|line:514| https://t.bilibili.com/993580556568494081
2024-10-31 16:56:54,065|line:516| 已有
2024-10-31 16:56:54,065|line:514| https://t.bilibili.com/993202365344514049
2024-10-31 16:56:58,605|line:334| =========此为子动态=========
2024-10-31 16:57:00,172|line:383| *************原动态处理开始***************
2024-10-31 16:57:06,446|line:470| 转发成功 994522981931679744
2024-10-31 16:57:10,079|line:489| 评论发送成功
2024-10-31 16:57:11,644|line:344| not all arguments converted during string formatting
2024-10-31 16:57:11,645|line:345| error line:336
2024-10-31 16:57:11,645|line:528| *#*#*#*#*#*#*#*#*#*原动态处理失败*#*#*#*#*#*#*#*#*#
2024-10-31 16:57:11,645|line:514| https://t.bilibili.com/993630904326815752
2024-10-31 16:57:15,151|line:334| =========此为子动态=========
2024-10-31 16:57:16,710|line:383| *************原动态处理开始***************
2024-10-31 16:57:23,788|line:470| 转发成功 994523054923055107
2024-10-31 16:57:27,454|line:489| 评论发送成功
2024-10-31 16:57:28,942|line:344| not all arguments converted during string formatting
2024-10-31 16:57:28,942|line:345| error line:336
2024-10-31 16:57:28,943|line:528| *#*#*#*#*#*#*#*#*#*原动态处理失败*#*#*#*#*#*#*#*#*#
2024-10-31 16:57:28,943|line:514| https://t.bilibili.com/993608776655306754
2024-10-31 16:57:33,424|line:334| =========此为子动态=========
2024-10-31 16:57:35,025|line:383| *************原动态处理开始***************
2024-10-31 16:57:42,112|line:470| 转发成功 994523132253437977
2024-10-31 16:57:45,770|line:489| 评论发送成功
2024-10-31 16:57:49,357|line:344| not all arguments converted during string formatting
2024-10-31 16:57:49,357|line:345| error line:336
2024-10-31 16:57:49,357|line:528| *#*#*#*#*#*#*#*#*#*原动态处理失败*#*#*#*#*#*#*#*#*#
2024-10-31 16:57:49,357|line:514| https://t.bilibili.com/993209471398314009
2024-10-31 16:57:53,864|line:339| =========此为源动态=========
2024-10-31 16:57:56,531|line:358| *********子动态开始*********
2024-10-31 16:57:56,532|line:377| *********子动态结束*********
2024-10-31 16:57:56,532|line:532| -=-=-=-=处理回最初的动态-=-=-=-=
2024-10-31 16:58:05,346|line:470| 转发成功 994523235354673152
2024-10-31 16:58:09,110|line:489| 评论发送成功
2024-10-31 16:58:10,664|line:543| not all arguments converted during string formatting
2024-10-31 16:58:10,664|line:544| error line:537
2024-10-31 16:58:14,665|line:514| https://t.bilibili.com/993568567169384465
2024-10-31 16:58:18,262|line:334| =========此为子动态=========
2024-10-31 16:58:19,846|line:383| *************原动态处理开始***************
2024-10-31 16:58:24,946|line:470| 转发成功 994523316918157316
2024-10-31 16:58:28,402|line:489| 评论
2024-10-31 16:58:28,402|line:528| *#*#*#*#*#*#*#*#*#*原动态处理失败*#*#*#*#*#*#*#*#*#
2024-10-31 16:58:28,403|line:514| https://t.bilibili.com/993557056636059654
2024-10-31 16:58:32,886|line:334| =========此为子动态=========
2024-10-31 16:58:37,516|line:383| *************原动态处理开始***************
2024-10-31 16:58:44,614|line:470| 转发成功 994523402832183302
2024-10-31 16:58:48,050|line:489| 评论
2024-10-31 16:58:48,050|line:528| *#*#*#*#*#*#*#*#*#*原动态处理失败*#*#*#*#*#*#*#*#*#
2024-10-31 16:58:48,050|line:514| https://t.bilibili.com/993562068868136984
2024-10-31 16:58:49,559|line:334| =========此为子动态=========
2024-10-31 16:58:54,317|line:383| *************原动态处理开始***************
2024-10-31 16:58:59,404|line:470| 转发成功 994523467239915526
2024-10-31 16:59:02,837|line:489| 评论
2024-10-31 16:59:02,837|line:528| *#*#*#*#*#*#*#*#*#*原动态处理失败*#*#*#*#*#*#*#*#*#
2024-10-31 16:59:02,838|line:514| https://t.bilibili.com/993245954984378387
2024-10-31 16:59:02,838|line:516| 已有
2024-10-31 16:59:02,838|line:514| https://t.bilibili.com/993322723220389888
2024-10-31 16:59:05,343|line:521| 官方 或 预约 OUT！
2024-10-31 16:59:05,343|line:514| https://t.bilibili.com/993185763167305747
2024-10-31 16:59:09,829|line:339| =========此为源动态=========
2024-10-31 16:59:11,465|line:358| *********子动态开始*********
2024-10-31 16:59:23,186|line:470| 转发成功 994523566071349253
2024-10-31 16:59:26,836|line:489| 评论发送成功
2024-10-31 16:59:34,982|line:375| not all arguments converted during string formatting
2024-10-31 16:59:34,982|line:376| error line:370
2024-10-31 16:59:44,804|line:470| 转发成功 994523660563775490
2024-10-31 16:59:48,470|line:489| 评论发送成功
2024-10-31 16:59:56,531|line:375| not all arguments converted during string formatting
2024-10-31 16:59:56,531|line:376| error line:370
2024-10-31 17:00:03,212|line:470| 转发成功 994523737864798257
2024-10-31 17:00:06,656|line:489| 评论
2024-10-31 17:00:15,267|line:470| 转发成功 994523793632264197
2024-10-31 17:00:18,935|line:489| 评论发送成功
2024-10-31 17:00:25,839|line:375| not all arguments converted during string formatting
2024-10-31 17:00:25,839|line:376| error line:370
2024-10-31 17:00:37,538|line:470| 转发成功 994523888132030470
2024-10-31 17:00:41,197|line:489| 评论发送成功
2024-10-31 17:00:48,111|line:375| not all arguments converted during string formatting
2024-10-31 17:00:48,111|line:376| error line:370
2024-10-31 17:01:00,035|line:470| 转发成功 994523982646476823
2024-10-31 17:01:03,503|line:489| 评论
2024-10-31 17:01:13,102|line:470| 转发成功 994524038480003081
2024-10-31 17:01:16,772|line:489| 评论发送成功
2024-10-31 17:01:21,731|line:375| not all arguments converted during string formatting
2024-10-31 17:01:21,731|line:376| error line:370
2024-10-31 17:01:32,531|line:470| 转发成功 994524124421292032
2024-10-31 17:01:36,208|line:489| 评论发送成功
2024-10-31 17:01:40,170|line:375| not all arguments converted during string formatting
2024-10-31 17:01:40,171|line:376| error line:370
2024-10-31 17:01:52,866|line:470| 转发成功 994524210288132102
2024-10-31 17:01:56,362|line:489| 评论
2024-10-31 17:02:08,275|line:470| 转发成功 994524279010754564
2024-10-31 17:02:11,711|line:489| 评论
2024-10-31 17:02:22,456|line:470| 转发成功 994524339137150999
2024-10-31 17:02:25,892|line:489| 评论
2024-10-31 17:02:36,793|line:470| 转发成功 994524399262498823
2024-10-31 17:02:40,231|line:489| 评论
2024-10-31 17:02:49,900|line:470| 转发成功 994524455110705154
2024-10-31 17:02:53,357|line:489| 评论
2024-10-31 17:03:03,257|line:470| 转发成功 994524515221372936
2024-10-31 17:03:06,777|line:489| 评论
2024-10-31 17:03:16,464|line:470| 转发成功 994524571026587673
2024-10-31 17:03:20,118|line:489| 评论发送成功
2024-10-31 17:03:28,018|line:375| not all arguments converted during string formatting
2024-10-31 17:03:28,018|line:376| error line:370
2024-10-31 17:03:38,746|line:470| 转发成功 994524665575636995
2024-10-31 17:03:42,421|line:489| 评论发送成功
2024-10-31 17:03:48,373|line:375| not all arguments converted during string formatting
2024-10-31 17:03:48,373|line:376| error line:370
2024-10-31 17:03:59,213|line:470| 转发成功 994524755734298629
2024-10-31 17:04:02,873|line:489| 评论发送成功
2024-10-31 17:04:06,832|line:375| not all arguments converted during string formatting
2024-10-31 17:04:06,832|line:376| error line:370
2024-10-31 17:04:15,623|line:470| 转发成功 994524824492572673
2024-10-31 17:04:19,288|line:489| 评论发送成功
2024-10-31 17:04:25,226|line:375| not all arguments converted during string formatting
2024-10-31 17:04:25,226|line:376| error line:370
2024-10-31 17:04:35,955|line:470| 转发成功 994524910357315589
2024-10-31 17:04:39,490|line:489| 评论
2024-10-31 17:04:52,341|line:470| 转发成功 994524983395876871
2024-10-31 17:04:55,820|line:489| 评论
2024-10-31 17:05:06,703|line:470| 转发成功 994525043513884694
2024-10-31 17:05:10,157|line:489| 评论
2024-10-31 17:05:16,897|line:470| 转发成功 994525086463557635
2024-10-31 17:05:20,348|line:489| 评论
2024-10-31 17:05:29,152|line:470| 转发成功 994525137985339413
2024-10-31 17:05:32,605|line:489| 评论
2024-10-31 17:05:42,356|line:470| 转发成功 994525198158921734
2024-10-31 17:05:45,788|line:489| 评论
2024-10-31 17:05:52,540|line:470| 转发成功 994525241077137417
2024-10-31 17:05:56,019|line:489| 评论
2024-10-31 17:06:04,791|line:470| 转发成功 994525292610453504
2024-10-31 17:06:08,225|line:489| 评论
2024-10-31 17:06:18,088|line:470| 转发成功 994525348412522499
2024-10-31 17:06:21,529|line:489| 评论
2024-10-31 17:06:31,353|line:470| 转发成功 994525408593444868
2024-10-31 17:06:35,006|line:489| 评论发送成功
2024-10-31 17:06:39,931|line:375| not all arguments converted during string formatting
2024-10-31 17:06:39,931|line:376| error line:370
2024-10-31 17:06:50,609|line:470| 转发成功 994525490208309264
2024-10-31 17:06:54,213|line:489| 评论
2024-10-31 17:07:01,918|line:470| 转发成功 994525537435123713
2024-10-31 17:07:05,582|line:489| 评论发送成功
2024-10-31 17:07:13,491|line:375| not all arguments converted during string formatting
2024-10-31 17:07:13,491|line:376| error line:370
2024-10-31 17:07:23,249|line:470| 转发成功 994525631925452800
2024-10-31 17:07:26,879|line:489| 评论发送成功
2024-10-31 17:07:32,913|line:375| not all arguments converted during string formatting
2024-10-31 17:07:32,914|line:376| error line:370
2024-10-31 17:07:42,603|line:470| 转发成功 994525713516199939
2024-10-31 17:07:46,290|line:489| 评论发送成功
2024-10-31 17:07:53,376|line:375| not all arguments converted during string formatting
2024-10-31 17:07:53,376|line:376| error line:370
2024-10-31 17:08:01,079|line:470| 转发成功 994525790848679943
2024-10-31 17:08:04,508|line:489| 评论
2024-10-31 17:08:14,497|line:470| 转发成功 994525850981367814
2024-10-31 17:08:18,010|line:489| 评论
2024-10-31 17:08:27,808|line:470| 转发成功 994525906814894119
2024-10-31 17:08:31,354|line:489| 评论
2024-10-31 17:08:44,182|line:470| 转发成功 994525979835629575
2024-10-31 17:08:47,854|line:489| 评论发送成功
2024-10-31 17:08:52,764|line:375| not all arguments converted during string formatting
2024-10-31 17:08:52,765|line:376| error line:370
2024-10-31 17:09:04,594|line:470| 转发成功 994526065721344005
2024-10-31 17:09:08,034|line:489| 评论
2024-10-31 17:09:18,884|line:470| 转发成功 994526125847740417
2024-10-31 17:09:22,317|line:489| 评论
2024-10-31 17:09:32,082|line:470| 转发成功 994526181706432537
2024-10-31 17:09:35,538|line:489| 评论
2024-10-31 17:09:45,365|line:470| 转发成功 994526241818148864
2024-10-31 17:09:49,041|line:489| 评论发送成功
2024-10-31 17:09:54,000|line:375| not all arguments converted during string formatting
2024-10-31 17:09:54,000|line:376| error line:370
2024-10-31 17:10:05,741|line:470| 转发成功 994526327736369152
2024-10-31 17:10:09,211|line:489| 评论
2024-10-31 17:10:16,971|line:470| 转发成功 994526374915997702
2024-10-31 17:10:20,470|line:489| 评论
2024-10-31 17:10:33,169|line:470| 转发成功 994526447963996169
2024-10-31 17:10:36,861|line:489| 评论发送成功
2024-10-31 17:10:39,889|line:375| not all arguments converted during string formatting
2024-10-31 17:10:39,889|line:376| error line:370
2024-10-31 17:10:48,916|line:470| 转发成功 994526512371728390
2024-10-31 17:10:52,382|line:489| 评论
2024-10-31 17:11:02,190|line:470| 转发成功 994526572497076226
2024-10-31 17:11:05,649|line:489| 评论
2024-10-31 17:11:14,484|line:470| 转发成功 994526624069189638
2024-10-31 17:11:17,931|line:489| 评论
2024-10-31 17:11:17,931|line:377| *********子动态结束*********
2024-10-31 17:11:17,932|line:532| -=-=-=-=处理回最初的动态-=-=-=-=
2024-10-31 17:11:28,516|line:470| 转发成功 994526684191391749
2024-10-31 17:11:32,180|line:489| 评论发送成功
2024-10-31 17:11:36,655|line:543| not all arguments converted during string formatting
2024-10-31 17:11:36,656|line:544| error line:537
2024-10-31 17:11:38,656|line:514| https://t.bilibili.com/993240839690911750
2024-10-31 17:11:41,280|line:334| =========此为子动态=========
2024-10-31 17:11:45,784|line:383| *************原动态处理开始***************
2024-10-31 17:11:50,971|line:470| 转发成功 994526778651312137
2024-10-31 17:11:54,614|line:489| 评论发送成功
2024-10-31 17:11:58,112|line:344| not all arguments converted during string formatting
2024-10-31 17:11:58,112|line:345| error line:336
2024-10-31 17:11:58,113|line:528| *#*#*#*#*#*#*#*#*#*原动态处理失败*#*#*#*#*#*#*#*#*#
2024-10-31 17:11:58,113|line:514| https://t.bilibili.com/993639258017234950
2024-10-31 17:11:59,671|line:334| =========此为子动态=========
2024-10-31 17:12:01,256|line:383| *************原动态处理开始***************
2024-10-31 17:12:08,274|line:470| 转发成功 994526856005812229
2024-10-31 17:12:11,943|line:489| 评论发送成功
2024-10-31 17:12:14,439|line:344| not all arguments converted during string formatting
2024-10-31 17:12:14,440|line:345| error line:336
2024-10-31 17:12:14,440|line:528| *#*#*#*#*#*#*#*#*#*原动态处理失败*#*#*#*#*#*#*#*#*#
2024-10-31 17:12:14,440|line:514| https://t.bilibili.com/993618328637407241
2024-10-31 17:12:18,956|line:339| =========此为源动态=========
2024-10-31 17:12:21,578|line:358| *********子动态开始*********
2024-10-31 17:12:21,578|line:377| *********子动态结束*********
2024-10-31 17:12:21,578|line:532| -=-=-=-=处理回最初的动态-=-=-=-=
2024-10-31 17:12:30,286|line:470| 转发成功 994526950488801284
2024-10-31 17:12:33,928|line:489| 评论发送成功
2024-10-31 17:12:35,417|line:543| not all arguments converted during string formatting
2024-10-31 17:12:35,417|line:544| error line:537
2024-10-31 17:12:37,418|line:514| https://t.bilibili.com/993328220780625922
2024-10-31 17:12:39,933|line:339| =========此为源动态=========
2024-10-31 17:12:41,508|line:358| *********子动态开始*********
2024-10-31 17:12:41,508|line:377| *********子动态结束*********
2024-10-31 17:12:41,508|line:532| -=-=-=-=处理回最初的动态-=-=-=-=
2024-10-31 17:12:53,219|line:470| 转发成功 994527049221668868
2024-10-31 17:12:56,910|line:489| 评论发送成功
2024-10-31 17:13:01,405|line:543| not all arguments converted during string formatting
2024-10-31 17:13:01,406|line:544| error line:537
2024-10-31 17:13:04,406|line:514| https://t.bilibili.com/993288406428549122
2024-10-31 17:13:08,007|line:521| 官方 或 预约 OUT！
2024-10-31 17:13:08,007|line:514| https://t.bilibili.com/993580571585150992
2024-10-31 17:13:09,526|line:521| 官方 或 预约 OUT！
2024-10-31 17:13:09,526|line:514| https://t.bilibili.com/993556747398414343
2024-10-31 17:13:12,250|line:334| =========此为子动态=========
2024-10-31 17:13:13,785|line:383| *************原动态处理开始***************
2024-10-31 17:13:20,933|line:470| 转发成功 994527165198368776
2024-10-31 17:13:24,719|line:489| 评论发送成功
2024-10-31 17:13:26,218|line:344| not all arguments converted during string formatting
2024-10-31 17:13:26,219|line:345| error line:336
2024-10-31 17:13:26,219|line:528| *#*#*#*#*#*#*#*#*#*原动态处理失败*#*#*#*#*#*#*#*#*#
2024-10-31 17:13:26,219|line:514| https://t.bilibili.com/993556786049974311
2024-10-31 17:13:30,946|line:334| =========此为子动态=========
2024-10-31 17:13:35,452|line:383| *************原动态处理开始***************
2024-10-31 17:13:42,582|line:470| 转发成功 994527259721203714
2024-10-31 17:13:46,052|line:489| 评论
2024-10-31 17:13:46,053|line:528| *#*#*#*#*#*#*#*#*#*原动态处理失败*#*#*#*#*#*#*#*#*#
2024-10-31 17:13:46,053|line:514| https://t.bilibili.com/635932563238551585
2024-10-31 17:13:46,053|line:516| 已有
2024-10-31 17:13:46,053|line:514| https://t.bilibili.com/993232915472056325
2024-10-31 17:13:47,615|line:339| =========此为源动态=========
2024-10-31 17:13:49,132|line:358| *********子动态开始*********
2024-10-31 17:13:49,132|line:377| *********子动态结束*********
2024-10-31 17:13:49,132|line:532| -=-=-=-=处理回最初的动态-=-=-=-=
2024-10-31 17:13:55,858|line:470| 转发成功 994527315580944388
2024-10-31 17:13:59,388|line:489| 评论发送成功
2024-10-31 17:14:00,961|line:543| not all arguments converted during string formatting
2024-10-31 17:14:00,961|line:544| error line:537
2024-10-31 17:14:04,962|line:514| https://t.bilibili.com/993293594754285575
2024-10-31 17:14:06,452|line:334| =========此为子动态=========
2024-10-31 17:14:09,032|line:383| *************原动态处理开始***************
2024-10-31 17:14:16,118|line:470| 转发成功 994527401435201541
2024-10-31 17:14:19,889|line:489| 评论发送成功
2024-10-31 17:14:22,368|line:344| not all arguments converted during string formatting
2024-10-31 17:14:22,368|line:345| error line:336
2024-10-31 17:14:22,368|line:528| *#*#*#*#*#*#*#*#*#*原动态处理失败*#*#*#*#*#*#*#*#*#
2024-10-31 17:14:22,369|line:514| https://t.bilibili.com/993650532316872755
2024-10-31 17:14:25,953|line:339| =========此为源动态=========
2024-10-31 17:14:28,474|line:358| *********子动态开始*********
2024-10-31 17:14:28,474|line:377| *********子动态结束*********
2024-10-31 17:14:28,474|line:532| -=-=-=-=处理回最初的动态-=-=-=-=
2024-10-31 17:14:40,136|line:470| 转发成功 994527508795752448
2024-10-31 17:14:43,801|line:489| 评论发送成功
2024-10-31 17:14:46,336|line:543| not all arguments converted during string formatting
2024-10-31 17:14:46,336|line:544| error line:537
2024-10-31 17:14:48,336|line:514| https://t.bilibili.com/993580567274455059
2024-10-31 17:14:52,827|line:334| =========此为子动态=========
2024-10-31 17:14:54,392|line:383| *************原动态处理开始***************
2024-10-31 17:14:59,578|line:470| 转发成功 994527590459899928
2024-10-31 17:15:03,245|line:489| 评论发送成功
2024-10-31 17:15:07,723|line:344| not all arguments converted during string formatting
2024-10-31 17:15:07,723|line:345| error line:336
2024-10-31 17:15:07,723|line:528| *#*#*#*#*#*#*#*#*#*原动态处理失败*#*#*#*#*#*#*#*#*#
2024-10-31 17:15:07,724|line:514| https://t.bilibili.com/993186332241035273
2024-10-31 17:15:09,225|line:521| 官方 或 预约 OUT！
2024-10-31 17:15:09,226|line:514| https://t.bilibili.com/993237146009600009
2024-10-31 17:15:13,734|line:334| =========此为子动态=========
2024-10-31 17:15:18,402|line:383| *************原动态处理开始***************
2024-10-31 17:15:26,496|line:470| 转发成功 994527706388365312
2024-10-31 17:15:29,949|line:489| 评论
2024-10-31 17:15:29,949|line:528| *#*#*#*#*#*#*#*#*#*原动态处理失败*#*#*#*#*#*#*#*#*#
2024-10-31 17:15:29,949|line:514| https://t.bilibili.com/993625939325747205
2024-10-31 17:15:32,536|line:339| =========此为源动态=========
2024-10-31 17:15:34,052|line:358| *********子动态开始*********
2024-10-31 17:15:34,053|line:377| *********子动态结束*********
2024-10-31 17:15:34,053|line:532| -=-=-=-=处理回最初的动态-=-=-=-=
2024-10-31 17:15:41,873|line:470| 转发成功 994527770839089157
2024-10-31 17:15:45,715|line:489| 评论发送成功
2024-10-31 17:15:47,230|line:543| not all arguments converted during string formatting
2024-10-31 17:15:47,230|line:544| error line:537
2024-10-31 17:15:49,231|line:514| https://t.bilibili.com/993610855401652226
2024-10-31 17:15:52,809|line:339| =========此为源动态=========
2024-10-31 17:15:56,454|line:358| *********子动态开始*********
2024-10-31 17:15:56,455|line:377| *********子动态结束*********
2024-10-31 17:15:56,455|line:532| -=-=-=-=处理回最初的动态-=-=-=-=
2024-10-31 17:16:04,092|line:470| 转发成功 994527865291669509
2024-10-31 17:16:07,778|line:489| 评论发送成功
2024-10-31 17:16:09,285|line:543| not all arguments converted during string formatting
2024-10-31 17:16:09,286|line:544| error line:537
2024-10-31 17:16:10,286|line:514| https://t.bilibili.com/992804501064777734
2024-10-31 17:16:11,771|line:339| =========此为源动态=========
2024-10-31 17:16:16,426|line:358| *********子动态开始*********
2024-10-31 17:16:16,426|line:377| *********子动态结束*********
2024-10-31 17:16:16,426|line:532| -=-=-=-=处理回最初的动态-=-=-=-=
2024-10-31 17:16:26,070|line:470| 转发成功 994527959820795911
2024-10-31 17:16:29,745|line:489| 评论发送成功
2024-10-31 17:16:31,268|line:543| not all arguments converted during string formatting
2024-10-31 17:16:31,268|line:544| error line:537
2024-10-31 17:16:34,269|line:514| https://t.bilibili.com/993643050490134548
2024-10-31 17:16:35,758|line:521| 官方 或 预约 OUT！
2024-10-31 17:16:35,758|line:514| https://t.bilibili.com/993303790994063415
2024-10-31 17:16:40,261|line:339| =========此为源动态=========
2024-10-31 17:16:43,038|line:358| *********子动态开始*********
2024-10-31 17:16:43,038|line:377| *********子动态结束*********
2024-10-31 17:16:43,039|line:532| -=-=-=-=处理回最初的动态-=-=-=-=
2024-10-31 17:16:52,767|line:470| 转发成功 994528075739824136
2024-10-31 17:16:56,450|line:489| 评论发送成功
2024-10-31 17:17:00,947|line:543| not all arguments converted during string formatting
2024-10-31 17:17:00,947|line:544| error line:537
2024-10-31 17:17:02,947|line:514| https://t.bilibili.com/993256962997092355
2024-10-31 17:17:06,501|line:334| =========此为子动态=========
2024-10-31 17:17:09,078|line:383| *************原动态处理开始***************
2024-10-31 17:17:16,190|line:470| 转发成功 994528178804359174
2024-10-31 17:17:19,811|line:489| 评论发送成功
2024-10-31 17:17:23,260|line:344| not all arguments converted during string formatting
2024-10-31 17:17:23,260|line:345| error line:336
2024-10-31 17:17:23,260|line:528| *#*#*#*#*#*#*#*#*#*原动态处理失败*#*#*#*#*#*#*#*#*#
2024-10-31 17:17:23,260|line:514| https://t.bilibili.com/993291934774591526
2024-10-31 17:17:25,741|line:339| =========此为源动态=========
2024-10-31 17:17:27,274|line:358| *********子动态开始*********
2024-10-31 17:17:27,274|line:377| *********子动态结束*********
2024-10-31 17:17:27,274|line:532| -=-=-=-=处理回最初的动态-=-=-=-=
2024-10-31 17:17:36,736|line:470| 转发成功 994528264747745302
2024-10-31 17:17:40,339|line:489| 评论发送成功
2024-10-31 17:17:41,864|line:543| not all arguments converted during string formatting
2024-10-31 17:17:41,864|line:544| error line:537
2024-10-31 17:17:45,865|line:514| https://t.bilibili.com/993178547598131205
2024-10-31 17:17:50,449|line:339| =========此为源动态=========
2024-10-31 17:17:52,250|line:358| *********子动态开始*********
2024-10-31 17:18:02,888|line:470| 转发成功 994528376431575040
2024-10-31 17:18:06,491|line:489| 评论发送成功
2024-10-31 17:18:11,475|line:375| not all arguments converted during string formatting
2024-10-31 17:18:11,475|line:376| error line:370
2024-10-31 17:18:23,001|line:470| 转发成功 994528462331969574
2024-10-31 17:18:26,606|line:489| 评论发送成功
2024-10-31 17:18:33,445|line:375| not all arguments converted during string formatting
2024-10-31 17:18:33,445|line:376| error line:370
2024-10-31 17:18:45,039|line:470| 转发成功 994528556767772692
2024-10-31 17:18:48,757|line:489| 评论发送成功
2024-10-31 17:18:56,830|line:375| not all arguments converted during string formatting
2024-10-31 17:18:56,831|line:376| error line:370
2024-10-31 17:19:03,524|line:470| 转发成功 994528638403608584
2024-10-31 17:19:06,995|line:489| 评论
2024-10-31 17:19:19,735|line:470| 转发成功 994528707090579464
2024-10-31 17:19:23,232|line:489| 评论
2024-10-31 17:19:32,946|line:470| 转发成功 994528762977583108
2024-10-31 17:19:36,624|line:489| 评论发送成功
2024-10-31 17:19:40,585|line:375| not all arguments converted during string formatting
2024-10-31 17:19:40,585|line:376| error line:370
2024-10-31 17:20:00,824|line:470| 转发成功 994528883232473095
2024-10-31 17:20:04,578|line:489| 评论发送成功
2024-10-31 17:20:12,531|line:375| not all arguments converted during string formatting
2024-10-31 17:20:12,532|line:376| error line:370
2024-10-31 17:20:20,261|line:470| 转发成功 994528969125527552
2024-10-31 17:20:23,735|line:489| 评论
2024-10-31 17:20:33,449|line:470| 转发成功 994529024948568067
2024-10-31 17:20:37,052|line:489| 评论发送成功
2024-10-31 17:20:42,100|line:375| not all arguments converted during string formatting
2024-10-31 17:20:42,100|line:376| error line:370
2024-10-31 17:20:51,636|line:470| 转发成功 994529102284193793
2024-10-31 17:20:55,245|line:489| 评论发送成功
2024-10-31 17:21:01,081|line:375| not all arguments converted during string formatting
2024-10-31 17:21:01,081|line:376| error line:370
2024-10-31 17:21:09,613|line:470| 转发成功 994529179562147843
2024-10-31 17:21:13,221|line:489| 评论发送成功
2024-10-31 17:21:20,077|line:375| not all arguments converted during string formatting
2024-10-31 17:21:20,077|line:376| error line:370
2024-10-31 17:21:29,560|line:470| 转发成功 994529265495048196
2024-10-31 17:21:33,143|line:489| 评论发送成功
2024-10-31 17:21:40,073|line:375| not all arguments converted during string formatting
2024-10-31 17:21:40,073|line:376| error line:370
2024-10-31 17:21:50,586|line:470| 转发成功 994529355650564116
2024-10-31 17:21:54,241|line:489| 评论发送成功
2024-10-31 17:22:00,217|line:375| not all arguments converted during string formatting
2024-10-31 17:22:00,217|line:376| error line:370
2024-10-31 17:22:10,069|line:470| 转发成功 994529437266477060
2024-10-31 17:22:13,785|line:489| 评论发送成功
2024-10-31 17:22:18,867|line:375| not all arguments converted during string formatting
2024-10-31 17:22:18,867|line:376| error line:370
2024-10-31 17:22:27,566|line:470| 转发成功 994529514528702489
2024-10-31 17:22:31,285|line:489| 评论发送成功
2024-10-31 17:22:37,296|line:375| not all arguments converted during string formatting
2024-10-31 17:22:37,296|line:376| error line:370
2024-10-31 17:22:45,105|line:470| 转发成功 994529587600818176
2024-10-31 17:22:48,752|line:489| 评论发送成功
2024-10-31 17:22:56,717|line:375| not all arguments converted during string formatting
2024-10-31 17:22:56,718|line:376| error line:370
2024-10-31 17:23:05,544|line:470| 转发成功 994529677799325716
2024-10-31 17:23:08,995|line:489| 评论
2024-10-31 17:23:15,687|line:470| 转发成功 994529720695521280
2024-10-31 17:23:19,333|line:489| 评论发送成功
2024-10-31 17:23:25,489|line:375| not all arguments converted during string formatting
2024-10-31 17:23:25,489|line:376| error line:370
2024-10-31 17:23:36,210|line:470| 转发成功 994529810955894791
2024-10-31 17:23:39,861|line:489| 评论发送成功
2024-10-31 17:23:45,802|line:375| not all arguments converted during string formatting
2024-10-31 17:23:45,802|line:376| error line:370
2024-10-31 17:23:53,617|line:470| 转发成功 994529883948318740
2024-10-31 17:23:57,324|line:489| 评论发送成功
2024-10-31 17:24:04,309|line:375| not all arguments converted during string formatting
2024-10-31 17:24:04,310|line:376| error line:370
2024-10-31 17:24:11,035|line:470| 转发成功 994529956953325573
2024-10-31 17:24:14,670|line:489| 评论发送成功
2024-10-31 17:24:17,666|line:375| not all arguments converted during string formatting
2024-10-31 17:24:17,666|line:376| error line:370
2024-10-31 17:24:27,330|line:470| 转发成功 994530029960429570
2024-10-31 17:24:30,968|line:489| 评论发送成功
2024-10-31 17:24:35,891|line:375| not all arguments converted during string formatting
2024-10-31 17:24:35,891|line:376| error line:370
2024-10-31 17:24:46,696|line:470| 转发成功 994530111591022593
2024-10-31 17:24:50,503|line:489| 评论发送成功
2024-10-31 17:24:55,427|line:375| not all arguments converted during string formatting
2024-10-31 17:24:55,427|line:376| error line:370
2024-10-31 17:25:03,125|line:470| 转发成功 994530180305256455
2024-10-31 17:25:06,771|line:489| 评论发送成功
2024-10-31 17:25:10,764|line:375| not all arguments converted during string formatting
2024-10-31 17:25:10,764|line:376| error line:370
2024-10-31 17:25:20,624|line:470| 转发成功 994530257617813510
2024-10-31 17:25:24,242|line:489| 评论发送成功
2024-10-31 17:25:30,178|line:375| not all arguments converted during string formatting
2024-10-31 17:25:30,178|line:376| error line:370
2024-10-31 17:25:43,242|line:470| 转发成功 994530356346486785
2024-10-31 17:25:46,998|line:489| 评论发送成功
2024-10-31 17:25:53,902|line:375| not all arguments converted during string formatting
2024-10-31 17:25:53,902|line:376| error line:370
2024-10-31 17:26:04,596|line:470| 转发成功 994530446558625798
2024-10-31 17:26:08,258|line:489| 评论发送成功
2024-10-31 17:26:13,185|line:375| not all arguments converted during string formatting
2024-10-31 17:26:13,185|line:376| error line:370
2024-10-31 17:26:22,882|line:470| 转发成功 994530523909980166
2024-10-31 17:26:26,404|line:489| 评论
2024-10-31 17:26:36,486|line:470| 转发成功 994530583988142087
2024-10-31 17:26:40,208|line:489| 评论发送成功
2024-10-31 17:26:45,130|line:375| not all arguments converted during string formatting
2024-10-31 17:26:45,130|line:376| error line:370
2024-10-31 17:26:56,289|line:470| 转发成功 994530669951451137
2024-10-31 17:26:59,747|line:489| 评论
2024-10-31 17:27:16,671|line:470| 转发成功 994530755834019848
2024-10-31 17:27:20,324|line:489| 评论发送成功
2024-10-31 17:27:27,315|line:375| not all arguments converted during string formatting
2024-10-31 17:27:27,315|line:376| error line:370
2024-10-31 17:27:36,974|line:470| 转发成功 994530841702957064
2024-10-31 17:27:40,448|line:489| 评论
2024-10-31 17:27:51,454|line:470| 转发成功 994530906098106377
2024-10-31 17:27:55,090|line:489| 评论发送成功
2024-10-31 17:28:03,996|line:375| not all arguments converted during string formatting
2024-10-31 17:28:03,997|line:376| error line:370
2024-10-31 17:28:10,895|line:470| 转发成功 994530987763302408
2024-10-31 17:28:14,354|line:489| 评论
2024-10-31 17:28:23,230|line:470| 转发成功 994531043605217287
2024-10-31 17:28:26,890|line:489| 评论发送成功
2024-10-31 17:28:31,031|line:375| not all arguments converted during string formatting
2024-10-31 17:28:31,031|line:376| error line:370
2024-10-31 17:28:41,832|line:470| 转发成功 994531120856956937
2024-10-31 17:28:45,505|line:489| 评论发送成功
2024-10-31 17:28:51,461|line:375| not all arguments converted during string formatting
2024-10-31 17:28:51,461|line:376| error line:370
2024-10-31 17:29:00,102|line:470| 转发成功 994531198210408449
2024-10-31 17:29:03,648|line:489| 评论
2024-10-31 17:29:16,567|line:470| 转发成功 994531271200735240
2024-10-31 17:29:20,044|line:489| 评论
2024-10-31 17:29:27,842|line:470| 转发成功 994531318433841161
2024-10-31 17:29:31,307|line:489| 评论
2024-10-31 17:29:42,983|line:470| 转发成功 994531382904487940
2024-10-31 17:29:46,670|line:489| 评论发送成功
2024-10-31 17:29:52,705|line:375| not all arguments converted during string formatting
2024-10-31 17:29:52,705|line:376| error line:370
2024-10-31 17:30:02,430|line:470| 转发成功 994531468803833857
2024-10-31 17:30:06,082|line:489| 评论发送成功
2024-10-31 17:30:14,046|line:375| not all arguments converted during string formatting
2024-10-31 17:30:14,046|line:376| error line:370
2024-10-31 17:30:14,047|line:377| *********子动态结束*********
2024-10-31 17:30:14,047|line:532| -=-=-=-=处理回最初的动态-=-=-=-=
2024-10-31 17:30:20,726|line:470| 转发成功 994531546092273686
2024-10-31 17:30:24,420|line:489| 评论发送成功
2024-10-31 17:30:28,911|line:543| not all arguments converted during string formatting
2024-10-31 17:30:28,911|line:544| error line:537
2024-10-31 17:30:32,912|line:514| https://t.bilibili.com/993570220731793410
2024-10-31 17:30:34,411|line:334| =========此为子动态=========
2024-10-31 17:30:37,958|line:383| *************原动态处理开始***************
2024-10-31 17:30:43,296|line:470| 转发成功 994531644851355653
2024-10-31 17:30:46,966|line:489| 评论发送成功
2024-10-31 17:30:50,465|line:344| not all arguments converted during string formatting
2024-10-31 17:30:50,466|line:345| error line:336
2024-10-31 17:30:50,466|line:528| *#*#*#*#*#*#*#*#*#*原动态处理失败*#*#*#*#*#*#*#*#*#
2024-10-31 17:30:50,466|line:514| https://t.bilibili.com/993580584462712948
2024-10-31 17:30:52,953|line:521| 官方 或 预约 OUT！
2024-10-31 17:30:52,954|line:514| https://t.bilibili.com/993554419540819972
2024-10-31 17:30:55,460|line:339| =========此为源动态=========
2024-10-31 17:31:00,315|line:358| *********子动态开始*********
2024-10-31 17:31:08,946|line:470| 转发成功 994531752249655300
2024-10-31 17:31:12,621|line:489| 评论发送成功
2024-10-31 17:31:19,570|line:375| not all arguments converted during string formatting
2024-10-31 17:31:19,570|line:376| error line:370
2024-10-31 17:31:28,445|line:470| 转发成功 994531838161584131
2024-10-31 17:31:31,899|line:489| 评论
2024-10-31 17:31:39,602|line:470| 转发成功 994531885368475650
2024-10-31 17:31:43,044|line:489| 评论
2024-10-31 17:31:52,757|line:470| 转发成功 994531941255479301
2024-10-31 17:31:56,404|line:489| 评论发送成功
2024-10-31 17:32:02,332|line:375| not all arguments converted during string formatting
2024-10-31 17:32:02,332|line:376| error line:370
2024-10-31 17:32:13,054|line:470| 转发成功 994532027145388036
2024-10-31 17:32:16,511|line:489| 评论
2024-10-31 17:32:25,364|line:470| 转发成功 994532082966331395
2024-10-31 17:32:28,802|line:489| 评论
2024-10-31 17:32:40,735|line:470| 转发成功 994532147395035138
2024-10-31 17:32:44,173|line:489| 评论
2024-10-31 17:32:55,026|line:470| 转发成功 994532207487877126
2024-10-31 17:32:58,679|line:489| 评论发送成功
2024-10-31 17:33:06,608|line:375| not all arguments converted during string formatting
2024-10-31 17:33:06,608|line:376| error line:370
2024-10-31 17:33:17,296|line:470| 转发成功 994532306273173512
2024-10-31 17:33:20,731|line:489| 评论
2024-10-31 17:33:31,426|line:470| 转发成功 994532366444658691
2024-10-31 17:33:35,193|line:489| 评论发送成功
2024-10-31 17:33:39,112|line:375| not all arguments converted during string formatting
2024-10-31 17:33:39,112|line:376| error line:370
2024-10-31 17:33:51,808|line:470| 转发成功 994532452286332932
2024-10-31 17:33:55,499|line:489| 评论发送成功
2024-10-31 17:34:01,407|line:375| not all arguments converted during string formatting
2024-10-31 17:34:01,407|line:376| error line:370
2024-10-31 17:34:13,216|line:470| 转发成功 994532546822799368
2024-10-31 17:34:16,653|line:489| 评论
2024-10-31 17:34:28,531|line:470| 转发成功 994532611255697412
2024-10-31 17:34:32,254|line:489| 评论发送成功
2024-10-31 17:34:38,179|line:375| not all arguments converted during string formatting
2024-10-31 17:34:38,180|line:376| error line:370
2024-10-31 17:34:49,935|line:470| 转发成功 994532701407019032
2024-10-31 17:34:53,397|line:489| 评论
2024-10-31 17:35:03,075|line:470| 转发成功 994532757275148305
2024-10-31 17:35:06,726|line:489| 评论发送成功
2024-10-31 17:35:10,799|line:375| not all arguments converted during string formatting
2024-10-31 17:35:10,799|line:376| error line:370
2024-10-31 17:35:18,517|line:470| 转发成功 994532825998819348
2024-10-31 17:35:21,956|line:489| 评论
2024-10-31 17:35:31,671|line:470| 转发成功 994532881796694024
2024-10-31 17:35:35,312|line:489| 评论发送成功
2024-10-31 17:35:42,218|line:375| not all arguments converted during string formatting
2024-10-31 17:35:42,219|line:376| error line:370
2024-10-31 17:35:54,910|line:470| 转发成功 994532980577796097
2024-10-31 17:35:58,361|line:489| 评论
2024-10-31 17:36:08,296|line:470| 转发成功 994533040770252806
2024-10-31 17:36:11,745|line:489| 评论
2024-10-31 17:36:20,469|line:470| 转发成功 994533092305666050
2024-10-31 17:36:23,904|line:489| 评论
2024-10-31 17:36:31,785|line:470| 转发成功 994533139514654744
2024-10-31 17:36:35,405|line:489| 评论
2024-10-31 17:36:43,146|line:470| 转发成功 994533186795995161
2024-10-31 17:36:46,585|line:489| 评论
2024-10-31 17:36:57,356|line:470| 转发成功 994533251164930068
2024-10-31 17:37:01,009|line:489| 评论发送成功
2024-10-31 17:37:03,964|line:375| not all arguments converted during string formatting
2024-10-31 17:37:03,965|line:376| error line:370
2024-10-31 17:37:12,641|line:470| 转发成功 994533315590488072
2024-10-31 17:37:16,456|line:489| 评论发送成功
2024-10-31 17:37:21,438|line:375| not all arguments converted during string formatting
2024-10-31 17:37:21,438|line:376| error line:370
2024-10-31 17:37:29,110|line:470| 转发成功 994533384350859265
2024-10-31 17:37:32,618|line:489| 评论
2024-10-31 17:37:40,582|line:470| 转发成功 994533435895709699
2024-10-31 17:37:44,043|line:489| 评论
2024-10-31 17:37:52,880|line:470| 转发成功 994533487420637189
2024-10-31 17:37:56,318|line:489| 评论
2024-10-31 17:38:05,045|line:470| 转发成功 994533538931933193
2024-10-31 17:38:08,714|line:489| 评论发送成功
2024-10-31 17:38:16,680|line:375| not all arguments converted during string formatting
2024-10-31 17:38:16,680|line:376| error line:370
2024-10-31 17:38:27,340|line:470| 转发成功 994533637748686856
2024-10-31 17:38:31,008|line:489| 评论发送成功
2024-10-31 17:38:35,932|line:375| not all arguments converted during string formatting
2024-10-31 17:38:35,932|line:376| error line:370
2024-10-31 17:38:47,898|line:470| 转发成功 994533723609235465
2024-10-31 17:38:51,337|line:489| 评论
2024-10-31 17:39:04,071|line:470| 转发成功 994533792362266631
2024-10-31 17:39:07,702|line:489| 评论
2024-10-31 17:39:18,407|line:470| 转发成功 994533856810893315
2024-10-31 17:39:22,105|line:489| 评论发送成功
2024-10-31 17:39:27,043|line:375| not all arguments converted during string formatting
2024-10-31 17:39:27,044|line:376| error line:370
2024-10-31 17:39:35,783|line:470| 转发成功 994533929795977220
2024-10-31 17:39:39,471|line:489| 评论发送成功
2024-10-31 17:39:45,448|line:375| not all arguments converted during string formatting
2024-10-31 17:39:45,448|line:376| error line:370
2024-10-31 17:39:55,159|line:470| 转发成功 994534011387772934
2024-10-31 17:39:58,696|line:489| 评论
2024-10-31 17:40:05,500|line:470| 转发成功 994534058619830280
2024-10-31 17:40:09,191|line:489| 评论发送成功
2024-10-31 17:40:15,209|line:375| not all arguments converted during string formatting
2024-10-31 17:40:15,209|line:376| error line:370
2024-10-31 17:40:22,960|line:470| 转发成功 994534131678314515
2024-10-31 17:40:26,643|line:489| 评论发送成功
2024-10-31 17:40:32,615|line:375| not all arguments converted during string formatting
2024-10-31 17:40:32,616|line:376| error line:370
2024-10-31 17:40:41,417|line:470| 转发成功 994534213273255937
2024-10-31 17:40:45,034|line:489| 评论发送成功
2024-10-31 17:40:51,882|line:375| not all arguments converted during string formatting
2024-10-31 17:40:51,883|line:376| error line:370
2024-10-31 17:41:01,446|line:470| 转发成功 994534299174699011
2024-10-31 17:41:04,873|line:489| 评论
2024-10-31 17:41:16,390|line:470| 转发成功 994534363565654036
2024-10-31 17:41:20,009|line:489| 评论发送成功
2024-10-31 17:41:25,852|line:375| not all arguments converted during string formatting
2024-10-31 17:41:25,852|line:376| error line:370
2024-10-31 17:41:35,377|line:470| 转发成功 994534445197295619
2024-10-31 17:41:38,993|line:489| 评论发送成功
2024-10-31 17:41:44,028|line:375| not all arguments converted during string formatting
2024-10-31 17:41:44,028|line:376| error line:370
2024-10-31 17:41:54,730|line:470| 转发成功 994534526774411270
2024-10-31 17:41:58,341|line:489| 评论发送成功
2024-10-31 17:42:01,180|line:375| not all arguments converted during string formatting
2024-10-31 17:42:01,180|line:376| error line:370
2024-10-31 17:42:12,878|line:470| 转发成功 994534604124717065
2024-10-31 17:42:16,478|line:489| 评论发送成功
2024-10-31 17:42:20,338|line:375| not all arguments converted during string formatting
2024-10-31 17:42:20,339|line:376| error line:370
2024-10-31 17:42:20,339|line:377| *********子动态结束*********
2024-10-31 17:42:20,340|line:532| -=-=-=-=处理回最初的动态-=-=-=-=
2024-10-31 17:42:28,816|line:470| 转发成功 994534672805396483
2024-10-31 17:42:32,417|line:489| 评论发送成功
2024-10-31 17:42:36,863|line:543| not all arguments converted during string formatting
2024-10-31 17:42:36,863|line:544| error line:537
2024-10-31 17:42:39,864|line:514| https://t.bilibili.com/993204358239748119
2024-10-31 17:42:42,467|line:334| =========此为子动态=========
2024-10-31 17:42:46,989|line:383| *************原动态处理开始***************
2024-10-31 17:42:55,020|line:470| 转发成功 994534784470351890
2024-10-31 17:42:58,626|line:489| 评论发送成功
2024-10-31 17:43:02,151|line:344| not all arguments converted during string formatting
2024-10-31 17:43:02,151|line:345| error line:336
2024-10-31 17:43:02,152|line:528| *#*#*#*#*#*#*#*#*#*原动态处理失败*#*#*#*#*#*#*#*#*#
2024-10-31 17:43:02,152|line:514| https://t.bilibili.com/993371821136936978
2024-10-31 17:43:04,616|line:339| =========此为源动态=========
2024-10-31 17:43:08,100|line:358| *********子动态开始*********
2024-10-31 17:43:08,100|line:377| *********子动态结束*********
2024-10-31 17:43:08,100|line:532| -=-=-=-=处理回最初的动态-=-=-=-=
2024-10-31 17:43:18,018|line:470| 转发成功 994534883305979911
2024-10-31 17:43:21,688|line:489| 评论发送成功
2024-10-31 17:43:24,149|line:543| not all arguments converted during string formatting
2024-10-31 17:43:24,149|line:544| error line:537
2024-10-31 17:43:25,150|line:514| https://t.bilibili.com/993276350451154947
2024-10-31 17:43:29,581|line:334| =========此为子动态=========
2024-10-31 17:43:32,052|line:383| *************原动态处理开始***************
2024-10-31 17:43:37,126|line:470| 转发成功 994534964899872769
2024-10-31 17:43:40,542|line:489| 评论
2024-10-31 17:43:40,542|line:528| *#*#*#*#*#*#*#*#*#*原动态处理失败*#*#*#*#*#*#*#*#*#
2024-10-31 17:43:40,542|line:514| https://t.bilibili.com/993259393924464648
2024-10-31 17:43:44,974|line:334| =========此为子动态=========
2024-10-31 17:43:47,657|line:383| *************原动态处理开始***************
2024-10-31 17:43:52,831|line:470| 转发成功 994535033596280832
2024-10-31 17:43:56,490|line:489| 评论发送成功
2024-10-31 17:43:58,050|line:344| not all arguments converted during string formatting
2024-10-31 17:43:58,050|line:345| error line:336
2024-10-31 17:43:58,050|line:528| *#*#*#*#*#*#*#*#*#*原动态处理失败*#*#*#*#*#*#*#*#*#
2024-10-31 17:43:58,050|line:514| https://t.bilibili.com/993581739816255524
2024-10-31 17:44:02,497|line:339| =========此为源动态=========
2024-10-31 17:44:07,046|line:358| *********子动态开始*********
2024-10-31 17:44:07,046|line:377| *********子动态结束*********
2024-10-31 17:44:07,046|line:532| -=-=-=-=处理回最初的动态-=-=-=-=
2024-10-31 17:44:17,665|line:470| 转发成功 994535141005066246
2024-10-31 17:44:21,322|line:489| 评论发送成功
2024-10-31 17:44:22,808|line:543| not all arguments converted during string formatting
2024-10-31 17:44:22,808|line:544| error line:537
2024-10-31 17:44:23,808|line:514| https://t.bilibili.com/993302257706467333
2024-10-31 17:44:26,463|line:521| 官方 或 预约 OUT！
2024-10-31 17:44:26,464|line:514| https://t.bilibili.com/993258028145836086
2024-10-31 17:44:27,969|line:339| =========此为源动态=========
2024-10-31 17:44:30,500|line:358| *********子动态开始*********
2024-10-31 17:44:30,500|line:377| *********子动态结束*********
2024-10-31 17:44:30,500|line:532| -=-=-=-=处理回最初的动态-=-=-=-=
2024-10-31 17:44:40,063|line:470| 转发成功 994535235454500873
2024-10-31 17:44:43,726|line:489| 评论发送成功
2024-10-31 17:44:48,203|line:543| not all arguments converted during string formatting
2024-10-31 17:44:48,203|line:544| error line:537
2024-10-31 17:44:52,204|line:514| https://t.bilibili.com/993630410387750950
2024-10-31 17:44:56,688|line:334| =========此为子动态=========
2024-10-31 17:45:01,271|line:383| *************原动态处理开始***************
2024-10-31 17:45:09,511|line:470| 转发成功 994535364348608515
2024-10-31 17:45:13,015|line:489| 评论
2024-10-31 17:45:13,015|line:528| *#*#*#*#*#*#*#*#*#*原动态处理失败*#*#*#*#*#*#*#*#*#
2024-10-31 17:45:13,016|line:514| https://t.bilibili.com/992214583003316228
2024-10-31 17:45:13,016|line:516| 已有
2024-10-31 17:45:13,016|line:514| https://t.bilibili.com/988498701868597249
2024-10-31 17:45:13,016|line:516| 已有
2024-10-31 17:45:13,016|line:514| https://t.bilibili.com/993269401210847234
2024-10-31 17:45:17,520|line:334| =========此为子动态=========
2024-10-31 17:45:19,177|line:383| *************原动态处理开始***************
2024-10-31 17:45:25,226|line:470| 转发成功 994535433065988103
2024-10-31 17:45:28,893|line:489| 评论发送成功
2024-10-31 17:45:31,592|line:344| not all arguments converted during string formatting
2024-10-31 17:45:31,592|line:345| error line:336
2024-10-31 17:45:31,592|line:528| *#*#*#*#*#*#*#*#*#*原动态处理失败*#*#*#*#*#*#*#*#*#
2024-10-31 17:45:31,593|line:514| https://t.bilibili.com/993234427307884552
2024-10-31 17:45:35,072|line:334| =========此为子动态=========
2024-10-31 17:45:36,594|line:383| *************原动态处理开始***************
2024-10-31 17:45:42,052|line:470| 转发成功 994535501766590472
2024-10-31 17:45:45,614|line:489| 评论
2024-10-31 17:45:45,614|line:528| *#*#*#*#*#*#*#*#*#*原动态处理失败*#*#*#*#*#*#*#*#*#
2024-10-31 17:45:45,615|line:514| https://t.bilibili.com/993630345973727240
2024-10-31 17:45:49,177|line:334| =========此为子动态=========
2024-10-31 17:45:50,796|line:383| *************原动态处理开始***************
2024-10-31 17:45:56,928|line:470| 转发成功 994535566186905608
2024-10-31 17:46:00,614|line:489| 评论发送成功
2024-10-31 17:46:05,291|line:344| not all arguments converted during string formatting
2024-10-31 17:46:05,292|line:345| error line:336
2024-10-31 17:46:05,292|line:528| *#*#*#*#*#*#*#*#*#*原动态处理失败*#*#*#*#*#*#*#*#*#
2024-10-31 17:46:05,292|line:514| https://t.bilibili.com/993312703065882632
2024-10-31 17:46:06,926|line:339| =========此为源动态=========
2024-10-31 17:46:10,546|line:358| *********子动态开始*********
2024-10-31 17:46:10,546|line:377| *********子动态结束*********
2024-10-31 17:46:10,546|line:532| -=-=-=-=处理回最初的动态-=-=-=-=
2024-10-31 17:46:20,181|line:470| 转发成功 994535664975347713
2024-10-31 17:46:23,853|line:489| 评论发送成功
2024-10-31 17:46:27,350|line:543| not all arguments converted during string formatting
2024-10-31 17:46:27,350|line:544| error line:537
2024-10-31 17:46:28,351|line:514| https://t.bilibili.com/993646864407461905
2024-10-31 17:46:32,834|line:339| =========此为源动态=========
2024-10-31 17:46:34,375|line:358| *********子动态开始*********
2024-10-31 17:46:34,375|line:377| *********子动态结束*********
2024-10-31 17:46:34,375|line:532| -=-=-=-=处理回最初的动态-=-=-=-=
2024-10-31 17:46:45,130|line:470| 转发成功 994535772337995781
2024-10-31 17:46:48,799|line:489| 评论发送成功
2024-10-31 17:46:50,297|line:543| not all arguments converted during string formatting
2024-10-31 17:46:50,297|line:544| error line:537
2024-10-31 17:46:52,298|line:514| https://t.bilibili.com/993644240168812552
2024-10-31 17:46:54,785|line:334| =========此为子动态=========
2024-10-31 17:46:59,390|line:397| *************原动态已存在***************
2024-10-31 17:47:01,022|line:358| *********子动态开始*********
2024-10-31 17:47:09,831|line:470| 转发成功 994535879723712517
2024-10-31 17:47:13,501|line:489| 评论发送成功
2024-10-31 17:47:21,452|line:375| not all arguments converted during string formatting
2024-10-31 17:47:21,453|line:376| error line:370
2024-10-31 17:47:32,339|line:470| 转发成功 994535978527883286
2024-10-31 17:47:35,974|line:489| 评论
2024-10-31 17:47:48,666|line:470| 转发成功 994536047231631365
2024-10-31 17:47:52,347|line:489| 评论发送成功
2024-10-31 17:47:58,291|line:375| not all arguments converted during string formatting
2024-10-31 17:47:58,291|line:376| error line:370
2024-10-31 17:48:09,005|line:470| 转发成功 994536133107908608
2024-10-31 17:48:12,468|line:489| 评论
2024-10-31 17:48:23,096|line:470| 转发成功 994536193265762310
2024-10-31 17:48:26,558|line:489| 评论
2024-10-31 17:48:36,290|line:470| 转发成功 994536253386915842
2024-10-31 17:48:39,758|line:489| 评论
2024-10-31 17:48:47,477|line:470| 转发成功 994536300651479041
2024-10-31 17:48:50,946|line:489| 评论
2024-10-31 17:48:58,786|line:470| 转发成功 994536347889827862
2024-10-31 17:49:02,270|line:489| 评论
2024-10-31 17:49:11,105|line:470| 转发成功 994536399424192515
2024-10-31 17:49:14,537|line:489| 评论
2024-10-31 17:49:22,075|line:470| 转发成功 994536446611161095
2024-10-31 17:49:25,492|line:489| 评论
2024-10-31 17:49:37,959|line:470| 转发成功 994536515354755078
2024-10-31 17:49:41,375|line:489| 评论
2024-10-31 17:49:50,004|line:470| 转发成功 994536566879682582
2024-10-31 17:49:53,524|line:489| 评论
2024-10-31 17:50:02,047|line:470| 转发成功 994536618420338697
2024-10-31 17:50:05,537|line:489| 评论
2024-10-31 17:50:14,249|line:470| 转发成功 994536674312585220
2024-10-31 17:50:17,861|line:489| 评论发送成功
2024-10-31 17:50:23,720|line:375| not all arguments converted during string formatting
2024-10-31 17:50:23,720|line:376| error line:370
2024-10-31 17:50:33,356|line:470| 转发成功 994536755883409412
2024-10-31 17:50:36,778|line:489| 评论
2024-10-31 17:50:43,321|line:470| 转发成功 994536798839373833
2024-10-31 17:50:46,801|line:489| 评论
2024-10-31 17:50:56,502|line:470| 转发成功 994536854636199944
2024-10-31 17:51:00,028|line:489| 评论
2024-10-31 17:51:11,786|line:470| 转发成功 994536919086923776
2024-10-31 17:51:15,616|line:489| 评论发送成功
2024-10-31 17:51:20,547|line:375| not all arguments converted during string formatting
2024-10-31 17:51:20,548|line:376| error line:370
2024-10-31 17:51:29,383|line:470| 转发成功 994536996383752215
2024-10-31 17:51:32,849|line:489| 评论
2024-10-31 17:51:32,849|line:377| *********子动态结束*********
2024-10-31 17:51:32,850|line:532| -=-=-=-=处理回最初的动态-=-=-=-=
2024-10-31 17:51:42,557|line:470| 转发成功 994537052250832904
2024-10-31 17:51:46,022|line:489| 评论
2024-10-31 17:51:50,022|line:514| https://t.bilibili.com/993542943363039240
2024-10-31 17:51:52,620|line:334| =========此为子动态=========
2024-10-31 17:51:57,197|line:383| *************原动态处理开始***************
2024-10-31 17:52:05,225|line:470| 转发成功 994537151029837825
2024-10-31 17:52:08,954|line:489| 评论发送成功
2024-10-31 17:52:11,457|line:344| not all arguments converted during string formatting
2024-10-31 17:52:11,457|line:345| error line:336
2024-10-31 17:52:11,458|line:528| *#*#*#*#*#*#*#*#*#*原动态处理失败*#*#*#*#*#*#*#*#*#
2024-10-31 17:52:11,458|line:547| 执行结束
2024-10-31 17:52:16,024|line:552| ==================================================2024-11-01 01:52==================================================
