2024-11-24 16:30:28,805|line:233| processing article 39900460
2024-11-24 16:30:33,966|line:503| ==================================================2024-11-25 00:30==================================================
2024-11-24 16:30:33,967|line:515| https://t.bilibili.com/992143600068329488
2024-11-24 16:30:35,337|line:340| =========此为源动态=========
2024-11-24 16:30:39,564|line:345| 'data'
2024-11-24 16:30:39,564|line:346| error line:341
2024-11-24 16:30:39,565|line:529| *#*#*#*#*#*#*#*#*#*原动态处理失败*#*#*#*#*#*#*#*#*#
2024-11-24 16:30:39,565|line:515| https://t.bilibili.com/989858771982352456
2024-11-24 16:30:42,809|line:335| =========此为子动态=========
2024-11-24 16:30:47,258|line:384| *************原动态处理开始***************
2024-11-24 16:30:52,974|line:529| *#*#*#*#*#*#*#*#*#*原动态处理失败*#*#*#*#*#*#*#*#*#
2024-11-24 16:30:52,974|line:515| https://t.bilibili.com/999610276156276789
2024-11-24 16:30:57,213|line:522| 官方 或 预约 OUT！
2024-11-24 16:30:57,213|line:515| https://t.bilibili.com/990351198560190515
2024-11-24 16:31:00,448|line:522| 官方 或 预约 OUT！
2024-11-24 16:31:00,448|line:515| https://t.bilibili.com/990580764587327489
2024-11-24 16:31:02,678|line:335| =========此为子动态=========
2024-11-24 16:31:04,321|line:384| *************原动态处理开始***************
2024-11-24 16:31:08,998|line:529| *#*#*#*#*#*#*#*#*#*原动态处理失败*#*#*#*#*#*#*#*#*#
2024-11-24 16:31:08,999|line:515| https://t.bilibili.com/994362165484847113
2024-11-24 16:31:11,241|line:522| 官方 或 预约 OUT！
2024-11-24 16:31:11,242|line:515| https://t.bilibili.com/100184815169961987
2024-11-24 16:31:15,472|line:345| 'NoneType' object is not subscriptable
2024-11-24 16:31:15,472|line:346| error line:321
2024-11-24 16:31:15,473|line:529| *#*#*#*#*#*#*#*#*#*原动态处理失败*#*#*#*#*#*#*#*#*#
2024-11-24 16:31:15,473|line:515| https://t.bilibili.com/992155535792930823
2024-11-24 16:31:16,719|line:340| =========此为源动态=========
2024-11-24 16:31:18,948|line:345| 'data'
2024-11-24 16:31:18,949|line:346| error line:341
2024-11-24 16:31:18,949|line:529| *#*#*#*#*#*#*#*#*#*原动态处理失败*#*#*#*#*#*#*#*#*#
2024-11-24 16:31:18,949|line:515| https://t.bilibili.com/999916322653470726
2024-11-24 16:31:18,949|line:517| 已有
2024-11-24 16:31:18,949|line:515| https://t.bilibili.com/996256142923399205
2024-11-24 16:31:21,180|line:335| =========此为子动态=========
2024-11-24 16:31:22,596|line:398| *************原动态已存在***************
2024-11-24 16:31:25,831|line:345| 'data'
2024-11-24 16:31:25,831|line:346| error line:337
2024-11-24 16:31:25,832|line:529| *#*#*#*#*#*#*#*#*#*原动态处理失败*#*#*#*#*#*#*#*#*#
2024-11-24 16:31:25,832|line:515| https://t.bilibili.com/100103508003284582
2024-11-24 16:31:30,090|line:345| 'NoneType' object is not subscriptable
2024-11-24 16:31:30,091|line:346| error line:321
2024-11-24 16:31:30,091|line:529| *#*#*#*#*#*#*#*#*#*原动态处理失败*#*#*#*#*#*#*#*#*#
2024-11-24 16:31:30,091|line:515| https://t.bilibili.com/991064614124912659
2024-11-24 16:31:31,330|line:335| =========此为子动态=========
2024-11-24 16:31:32,728|line:384| *************原动态处理开始***************
2024-11-24 16:31:40,456|line:529| *#*#*#*#*#*#*#*#*#*原动态处理失败*#*#*#*#*#*#*#*#*#
2024-11-24 16:31:40,456|line:515| https://t.bilibili.com/100100819354071859
2024-11-24 16:31:41,684|line:345| 'NoneType' object is not subscriptable
2024-11-24 16:31:41,684|line:346| error line:321
2024-11-24 16:31:41,684|line:529| *#*#*#*#*#*#*#*#*#*原动态处理失败*#*#*#*#*#*#*#*#*#
2024-11-24 16:31:41,684|line:515| https://t.bilibili.com/100187534100371865
2024-11-24 16:31:42,911|line:345| 'NoneType' object is not subscriptable
2024-11-24 16:31:42,911|line:346| error line:321
2024-11-24 16:31:42,912|line:529| *#*#*#*#*#*#*#*#*#*原动态处理失败*#*#*#*#*#*#*#*#*#
2024-11-24 16:31:42,912|line:515| https://t.bilibili.com/100152940070489295
2024-11-24 16:31:44,136|line:345| 'NoneType' object is not subscriptable
2024-11-24 16:31:44,137|line:346| error line:321
2024-11-24 16:31:44,137|line:529| *#*#*#*#*#*#*#*#*#*原动态处理失败*#*#*#*#*#*#*#*#*#
2024-11-24 16:31:44,137|line:515| https://t.bilibili.com/999918942596104196
2024-11-24 16:31:44,137|line:517| 已有
2024-11-24 16:31:44,137|line:515| https://t.bilibili.com/100060025112127080
2024-11-24 16:31:47,367|line:345| 'NoneType' object is not subscriptable
2024-11-24 16:31:47,367|line:346| error line:321
2024-11-24 16:31:47,368|line:529| *#*#*#*#*#*#*#*#*#*原动态处理失败*#*#*#*#*#*#*#*#*#
2024-11-24 16:31:47,368|line:515| https://t.bilibili.com/970702633735028740
2024-11-24 16:31:50,606|line:522| 官方 或 预约 OUT！
2024-11-24 16:31:50,606|line:515| https://t.bilibili.com/635932563238551585
2024-11-24 16:31:50,606|line:517| 已有
2024-11-24 16:31:50,606|line:515| https://t.bilibili.com/993405985468973077
2024-11-24 16:31:52,844|line:522| 官方 或 预约 OUT！
2024-11-24 16:31:52,844|line:515| https://t.bilibili.com/100041500703326208
2024-11-24 16:31:54,072|line:345| 'NoneType' object is not subscriptable
2024-11-24 16:31:54,072|line:346| error line:321
2024-11-24 16:31:54,072|line:529| *#*#*#*#*#*#*#*#*#*原动态处理失败*#*#*#*#*#*#*#*#*#
2024-11-24 16:31:54,072|line:515| https://t.bilibili.com/100141347095602790
2024-11-24 16:31:55,299|line:345| 'NoneType' object is not subscriptable
2024-11-24 16:31:55,299|line:346| error line:321
2024-11-24 16:31:55,300|line:529| *#*#*#*#*#*#*#*#*#*原动态处理失败*#*#*#*#*#*#*#*#*#
2024-11-24 16:31:55,300|line:515| https://t.bilibili.com/993407514460553219
2024-11-24 16:31:56,557|line:522| 官方 或 预约 OUT！
2024-11-24 16:31:56,557|line:515| https://t.bilibili.com/989174416184180744
2024-11-24 16:32:00,793|line:335| =========此为子动态=========
2024-11-24 16:32:04,275|line:384| *************原动态处理开始***************
2024-11-24 16:32:10,795|line:529| *#*#*#*#*#*#*#*#*#*原动态处理失败*#*#*#*#*#*#*#*#*#
2024-11-24 16:32:10,795|line:515| https://t.bilibili.com/990582078834737171
2024-11-24 16:32:12,031|line:335| =========此为子动态=========
2024-11-24 16:32:16,318|line:384| *************原动态处理开始***************
2024-11-24 16:32:22,834|line:529| *#*#*#*#*#*#*#*#*#*原动态处理失败*#*#*#*#*#*#*#*#*#
2024-11-24 16:32:22,834|line:515| https://t.bilibili.com/990588800477429785
2024-11-24 16:32:27,070|line:335| =========此为子动态=========
2024-11-24 16:32:30,367|line:384| *************原动态处理开始***************
2024-11-24 16:32:37,883|line:529| *#*#*#*#*#*#*#*#*#*原动态处理失败*#*#*#*#*#*#*#*#*#
2024-11-24 16:32:37,883|line:515| https://t.bilibili.com/100100233952231424
2024-11-24 16:32:41,110|line:345| 'NoneType' object is not subscriptable
2024-11-24 16:32:41,110|line:346| error line:321
2024-11-24 16:32:41,110|line:529| *#*#*#*#*#*#*#*#*#*原动态处理失败*#*#*#*#*#*#*#*#*#
2024-11-24 16:32:41,111|line:515| https://t.bilibili.com/991787783540441094
2024-11-24 16:32:42,363|line:522| 官方 或 预约 OUT！
2024-11-24 16:32:42,363|line:515| https://t.bilibili.com/999951111894859783
2024-11-24 16:32:42,364|line:517| 已有
2024-11-24 16:32:42,364|line:515| https://t.bilibili.com/996347063096573952
2024-11-24 16:32:45,624|line:340| =========此为源动态=========
2024-11-24 16:32:46,847|line:345| 'data'
2024-11-24 16:32:46,847|line:346| error line:341
2024-11-24 16:32:46,848|line:529| *#*#*#*#*#*#*#*#*#*原动态处理失败*#*#*#*#*#*#*#*#*#
2024-11-24 16:32:46,848|line:515| https://t.bilibili.com/970973397037088771
2024-11-24 16:32:49,167|line:522| 官方 或 预约 OUT！
2024-11-24 16:32:49,168|line:515| https://t.bilibili.com/100130428429428328
2024-11-24 16:32:50,443|line:345| 'NoneType' object is not subscriptable
2024-11-24 16:32:50,443|line:346| error line:321
2024-11-24 16:32:50,443|line:529| *#*#*#*#*#*#*#*#*#*原动态处理失败*#*#*#*#*#*#*#*#*#
2024-11-24 16:32:50,443|line:515| https://t.bilibili.com/991835049615687684
2024-11-24 16:32:53,693|line:522| 官方 或 预约 OUT！
2024-11-24 16:32:53,694|line:515| https://t.bilibili.com/992513761833123878
2024-11-24 16:32:56,003|line:522| 官方 或 预约 OUT！
2024-11-24 16:32:56,004|line:515| https://t.bilibili.com/100100203454922752
2024-11-24 16:33:00,238|line:345| 'NoneType' object is not subscriptable
2024-11-24 16:33:00,238|line:346| error line:321
2024-11-24 16:33:00,238|line:529| *#*#*#*#*#*#*#*#*#*原动态处理失败*#*#*#*#*#*#*#*#*#
2024-11-24 16:33:00,238|line:515| https://t.bilibili.com/100223067867001651
2024-11-24 16:33:04,470|line:345| 'NoneType' object is not subscriptable
2024-11-24 16:33:04,470|line:346| error line:321
2024-11-24 16:33:04,470|line:529| *#*#*#*#*#*#*#*#*#*原动态处理失败*#*#*#*#*#*#*#*#*#
2024-11-24 16:33:04,471|line:515| https://t.bilibili.com/997012697155371047
2024-11-24 16:33:04,471|line:517| 已有
2024-11-24 16:33:04,471|line:515| https://t.bilibili.com/100116460983025665
2024-11-24 16:33:08,890|line:345| 'NoneType' object is not subscriptable
2024-11-24 16:33:08,890|line:346| error line:321
2024-11-24 16:33:08,891|line:529| *#*#*#*#*#*#*#*#*#*原动态处理失败*#*#*#*#*#*#*#*#*#
2024-11-24 16:33:08,891|line:515| https://t.bilibili.com/998400976584966167
2024-11-24 16:33:12,141|line:335| =========此为子动态=========
2024-11-24 16:33:13,450|line:398| *************原动态已存在***************
2024-11-24 16:33:15,734|line:345| 'data'
2024-11-24 16:33:15,734|line:346| error line:337
2024-11-24 16:33:15,734|line:529| *#*#*#*#*#*#*#*#*#*原动态处理失败*#*#*#*#*#*#*#*#*#
2024-11-24 16:33:15,734|line:515| https://t.bilibili.com/998033578631626768
2024-11-24 16:33:18,978|line:340| =========此为源动态=========
2024-11-24 16:33:22,213|line:345| 'data'
2024-11-24 16:33:22,214|line:346| error line:341
2024-11-24 16:33:22,214|line:529| *#*#*#*#*#*#*#*#*#*原动态处理失败*#*#*#*#*#*#*#*#*#
2024-11-24 16:33:22,214|line:515| https://t.bilibili.com/997994878861312006
2024-11-24 16:33:26,466|line:335| =========此为子动态=========
2024-11-24 16:33:27,764|line:398| *************原动态已存在***************
2024-11-24 16:33:31,997|line:345| 'data'
2024-11-24 16:33:31,997|line:346| error line:337
2024-11-24 16:33:32,001|line:529| *#*#*#*#*#*#*#*#*#*原动态处理失败*#*#*#*#*#*#*#*#*#
2024-11-24 16:33:32,001|line:515| https://t.bilibili.com/998098847108431874
2024-11-24 16:33:36,283|line:335| =========此为子动态=========
2024-11-24 16:33:37,900|line:398| *************原动态已存在***************
2024-11-24 16:33:40,129|line:345| 'data'
2024-11-24 16:33:40,130|line:346| error line:337
2024-11-24 16:33:40,130|line:529| *#*#*#*#*#*#*#*#*#*原动态处理失败*#*#*#*#*#*#*#*#*#
2024-11-24 16:33:40,130|line:515| https://t.bilibili.com/999610690651029529
2024-11-24 16:33:40,130|line:517| 已有
2024-11-24 16:33:40,130|line:515| https://t.bilibili.com/996237859247620097
2024-11-24 16:33:43,624|line:340| =========此为源动态=========
2024-11-24 16:33:44,861|line:345| 'data'
2024-11-24 16:33:44,861|line:346| error line:341
2024-11-24 16:33:44,862|line:529| *#*#*#*#*#*#*#*#*#*原动态处理失败*#*#*#*#*#*#*#*#*#
2024-11-24 16:33:44,862|line:548| 执行结束
2024-11-24 16:33:48,119|line:553| ==================================================2024-11-25 00:33==================================================
2024-11-24 16:33:48,119|line:233| processing article 39892125
2024-11-24 16:33:51,329|line:503| ==================================================2024-11-25 00:33==================================================
2024-11-24 16:33:51,329|line:515| https://t.bilibili.com/100264362688747935
2024-11-24 16:33:55,564|line:345| 'NoneType' object is not subscriptable
2024-11-24 16:33:55,564|line:346| error line:321
2024-11-24 16:33:55,564|line:529| *#*#*#*#*#*#*#*#*#*原动态处理失败*#*#*#*#*#*#*#*#*#
2024-11-24 16:33:55,564|line:515| https://t.bilibili.com/100139910859587586
2024-11-24 16:33:57,802|line:345| 'NoneType' object is not subscriptable
2024-11-24 16:33:57,802|line:346| error line:321
2024-11-24 16:33:57,802|line:529| *#*#*#*#*#*#*#*#*#*原动态处理失败*#*#*#*#*#*#*#*#*#
2024-11-24 16:33:57,802|line:515| https://t.bilibili.com/100210005368215962
2024-11-24 16:33:59,035|line:345| 'NoneType' object is not subscriptable
2024-11-24 16:33:59,035|line:346| error line:321
2024-11-24 16:33:59,035|line:529| *#*#*#*#*#*#*#*#*#*原动态处理失败*#*#*#*#*#*#*#*#*#
2024-11-24 16:33:59,035|line:515| https://t.bilibili.com/100252897273760973
2024-11-24 16:34:03,281|line:345| 'NoneType' object is not subscriptable
2024-11-24 16:34:03,282|line:346| error line:321
2024-11-24 16:34:03,282|line:529| *#*#*#*#*#*#*#*#*#*原动态处理失败*#*#*#*#*#*#*#*#*#
2024-11-24 16:34:03,282|line:515| https://t.bilibili.com/100184815169961987
2024-11-24 16:34:07,575|line:345| 'NoneType' object is not subscriptable
2024-11-24 16:34:07,576|line:346| error line:321
2024-11-24 16:34:07,576|line:529| *#*#*#*#*#*#*#*#*#*原动态处理失败*#*#*#*#*#*#*#*#*#
2024-11-24 16:34:07,576|line:515| https://t.bilibili.com/100218844625449779
2024-11-24 16:34:11,995|line:345| 'NoneType' object is not subscriptable
2024-11-24 16:34:11,996|line:346| error line:321
2024-11-24 16:34:11,996|line:529| *#*#*#*#*#*#*#*#*#*原动态处理失败*#*#*#*#*#*#*#*#*#
2024-11-24 16:34:11,996|line:515| https://t.bilibili.com/100244413424127181
2024-11-24 16:34:13,226|line:345| 'NoneType' object is not subscriptable
2024-11-24 16:34:13,226|line:346| error line:321
2024-11-24 16:34:13,227|line:529| *#*#*#*#*#*#*#*#*#*原动态处理失败*#*#*#*#*#*#*#*#*#
2024-11-24 16:34:13,227|line:515| https://t.bilibili.com/100183722961875764
2024-11-24 16:34:15,462|line:345| 'NoneType' object is not subscriptable
2024-11-24 16:34:15,463|line:346| error line:321
2024-11-24 16:34:15,463|line:529| *#*#*#*#*#*#*#*#*#*原动态处理失败*#*#*#*#*#*#*#*#*#
2024-11-24 16:34:15,463|line:515| https://t.bilibili.com/100173775388960362
2024-11-24 16:34:17,693|line:345| 'NoneType' object is not subscriptable
2024-11-24 16:34:17,693|line:346| error line:321
2024-11-24 16:34:17,693|line:529| *#*#*#*#*#*#*#*#*#*原动态处理失败*#*#*#*#*#*#*#*#*#
2024-11-24 16:34:17,693|line:515| https://t.bilibili.com/100146611653338728
2024-11-24 16:34:21,070|line:345| 'NoneType' object is not subscriptable
2024-11-24 16:34:21,070|line:346| error line:321
2024-11-24 16:34:21,070|line:529| *#*#*#*#*#*#*#*#*#*原动态处理失败*#*#*#*#*#*#*#*#*#
2024-11-24 16:34:21,070|line:515| https://t.bilibili.com/100258706215665664
2024-11-24 16:34:23,308|line:345| 'NoneType' object is not subscriptable
2024-11-24 16:34:23,308|line:346| error line:321
2024-11-24 16:34:23,308|line:529| *#*#*#*#*#*#*#*#*#*原动态处理失败*#*#*#*#*#*#*#*#*#
2024-11-24 16:34:23,308|line:515| https://t.bilibili.com/100251781013228749
2024-11-24 16:34:24,545|line:345| 'NoneType' object is not subscriptable
2024-11-24 16:34:24,546|line:346| error line:321
2024-11-24 16:34:24,546|line:529| *#*#*#*#*#*#*#*#*#*原动态处理失败*#*#*#*#*#*#*#*#*#
2024-11-24 16:34:24,546|line:515| https://t.bilibili.com/100141576015262515
2024-11-24 16:34:26,781|line:345| 'NoneType' object is not subscriptable
2024-11-24 16:34:26,781|line:346| error line:321
2024-11-24 16:34:26,782|line:529| *#*#*#*#*#*#*#*#*#*原动态处理失败*#*#*#*#*#*#*#*#*#
2024-11-24 16:34:26,782|line:515| https://t.bilibili.com/635932563238551585
2024-11-24 16:34:26,782|line:517| 已有
2024-11-24 16:34:26,782|line:515| https://t.bilibili.com/100174574248997683
2024-11-24 16:34:30,011|line:345| 'NoneType' object is not subscriptable
2024-11-24 16:34:30,012|line:346| error line:321
2024-11-24 16:34:30,012|line:529| *#*#*#*#*#*#*#*#*#*原动态处理失败*#*#*#*#*#*#*#*#*#
2024-11-24 16:34:30,012|line:515| https://t.bilibili.com/100217895869795533
2024-11-24 16:34:31,420|line:345| 'NoneType' object is not subscriptable
2024-11-24 16:34:31,420|line:346| error line:321
2024-11-24 16:34:31,421|line:529| *#*#*#*#*#*#*#*#*#*原动态处理失败*#*#*#*#*#*#*#*#*#
2024-11-24 16:34:31,421|line:515| https://t.bilibili.com/100212479269168745
2024-11-24 16:34:34,657|line:345| 'NoneType' object is not subscriptable
2024-11-24 16:34:34,658|line:346| error line:321
2024-11-24 16:34:34,658|line:529| *#*#*#*#*#*#*#*#*#*原动态处理失败*#*#*#*#*#*#*#*#*#
2024-11-24 16:34:34,658|line:515| https://t.bilibili.com/100141776162521090
2024-11-24 16:34:35,892|line:345| 'NoneType' object is not subscriptable
2024-11-24 16:34:35,892|line:346| error line:321
2024-11-24 16:34:35,892|line:529| *#*#*#*#*#*#*#*#*#*原动态处理失败*#*#*#*#*#*#*#*#*#
2024-11-24 16:34:35,892|line:515| https://t.bilibili.com/100258667564315443
2024-11-24 16:34:38,124|line:345| 'NoneType' object is not subscriptable
2024-11-24 16:34:38,124|line:346| error line:321
2024-11-24 16:34:38,125|line:529| *#*#*#*#*#*#*#*#*#*原动态处理失败*#*#*#*#*#*#*#*#*#
2024-11-24 16:34:38,125|line:515| https://t.bilibili.com/100100203454922752
2024-11-24 16:34:42,356|line:345| 'NoneType' object is not subscriptable
2024-11-24 16:34:42,356|line:346| error line:321
2024-11-24 16:34:42,357|line:529| *#*#*#*#*#*#*#*#*#*原动态处理失败*#*#*#*#*#*#*#*#*#
2024-11-24 16:34:42,357|line:515| https://t.bilibili.com/100143882414797619
2024-11-24 16:34:43,588|line:345| 'NoneType' object is not subscriptable
2024-11-24 16:34:43,589|line:346| error line:321
2024-11-24 16:34:43,589|line:529| *#*#*#*#*#*#*#*#*#*原动态处理失败*#*#*#*#*#*#*#*#*#
2024-11-24 16:34:43,589|line:515| https://t.bilibili.com/100256958594311782
2024-11-24 16:34:45,816|line:345| 'NoneType' object is not subscriptable
2024-11-24 16:34:45,816|line:346| error line:321
2024-11-24 16:34:45,817|line:529| *#*#*#*#*#*#*#*#*#*原动态处理失败*#*#*#*#*#*#*#*#*#
2024-11-24 16:34:45,817|line:515| https://t.bilibili.com/100143941257632155
2024-11-24 16:34:49,044|line:345| 'NoneType' object is not subscriptable
2024-11-24 16:34:49,044|line:346| error line:321
2024-11-24 16:34:49,044|line:529| *#*#*#*#*#*#*#*#*#*原动态处理失败*#*#*#*#*#*#*#*#*#
2024-11-24 16:34:49,045|line:515| https://t.bilibili.com/100142372731695925
2024-11-24 16:34:52,295|line:345| 'NoneType' object is not subscriptable
2024-11-24 16:34:52,296|line:346| error line:321
2024-11-24 16:34:52,296|line:529| *#*#*#*#*#*#*#*#*#*原动态处理失败*#*#*#*#*#*#*#*#*#
2024-11-24 16:34:52,296|line:515| https://t.bilibili.com/100217736310397337
2024-11-24 16:34:53,533|line:345| 'NoneType' object is not subscriptable
2024-11-24 16:34:53,534|line:346| error line:321
2024-11-24 16:34:53,534|line:529| *#*#*#*#*#*#*#*#*#*原动态处理失败*#*#*#*#*#*#*#*#*#
2024-11-24 16:34:53,534|line:515| https://t.bilibili.com/100173795789216154
2024-11-24 16:34:55,760|line:345| 'NoneType' object is not subscriptable
2024-11-24 16:34:55,761|line:346| error line:321
2024-11-24 16:34:55,761|line:529| *#*#*#*#*#*#*#*#*#*原动态处理失败*#*#*#*#*#*#*#*#*#
2024-11-24 16:34:55,761|line:515| https://t.bilibili.com/100141529199699558
2024-11-24 16:34:59,982|line:345| 'NoneType' object is not subscriptable
2024-11-24 16:34:59,983|line:346| error line:321
2024-11-24 16:34:59,983|line:529| *#*#*#*#*#*#*#*#*#*原动态处理失败*#*#*#*#*#*#*#*#*#
2024-11-24 16:34:59,983|line:515| https://t.bilibili.com/100261039246095158
2024-11-24 16:35:02,211|line:345| 'NoneType' object is not subscriptable
2024-11-24 16:35:02,212|line:346| error line:321
2024-11-24 16:35:02,212|line:529| *#*#*#*#*#*#*#*#*#*原动态处理失败*#*#*#*#*#*#*#*#*#
2024-11-24 16:35:02,212|line:515| https://t.bilibili.com/100248661577537951
2024-11-24 16:35:06,442|line:345| 'NoneType' object is not subscriptable
2024-11-24 16:35:06,442|line:346| error line:321
2024-11-24 16:35:06,443|line:529| *#*#*#*#*#*#*#*#*#*原动态处理失败*#*#*#*#*#*#*#*#*#
2024-11-24 16:35:06,443|line:515| https://t.bilibili.com/100246916531591578
2024-11-24 16:35:09,669|line:345| 'NoneType' object is not subscriptable
2024-11-24 16:35:09,669|line:346| error line:321
2024-11-24 16:35:09,670|line:529| *#*#*#*#*#*#*#*#*#*原动态处理失败*#*#*#*#*#*#*#*#*#
2024-11-24 16:35:09,670|line:515| https://t.bilibili.com/100257946438572445
2024-11-24 16:35:10,968|line:345| 'NoneType' object is not subscriptable
2024-11-24 16:35:10,968|line:346| error line:321
2024-11-24 16:35:10,968|line:529| *#*#*#*#*#*#*#*#*#*原动态处理失败*#*#*#*#*#*#*#*#*#
2024-11-24 16:35:10,969|line:515| https://t.bilibili.com/100181329375028841
2024-11-24 16:35:12,201|line:345| 'NoneType' object is not subscriptable
2024-11-24 16:35:12,201|line:346| error line:321
2024-11-24 16:35:12,201|line:529| *#*#*#*#*#*#*#*#*#*原动态处理失败*#*#*#*#*#*#*#*#*#
2024-11-24 16:35:12,202|line:515| https://t.bilibili.com/100261677044334593
2024-11-24 16:35:14,436|line:345| 'NoneType' object is not subscriptable
2024-11-24 16:35:14,436|line:346| error line:321
2024-11-24 16:35:14,436|line:529| *#*#*#*#*#*#*#*#*#*原动态处理失败*#*#*#*#*#*#*#*#*#
2024-11-24 16:35:14,436|line:515| https://t.bilibili.com/100141347095602790
2024-11-24 16:35:17,665|line:345| 'NoneType' object is not subscriptable
2024-11-24 16:35:17,666|line:346| error line:321
2024-11-24 16:35:17,666|line:529| *#*#*#*#*#*#*#*#*#*原动态处理失败*#*#*#*#*#*#*#*#*#
2024-11-24 16:35:17,666|line:515| https://t.bilibili.com/100176576136190363
2024-11-24 16:35:20,072|line:345| 'NoneType' object is not subscriptable
2024-11-24 16:35:20,072|line:346| error line:321
2024-11-24 16:35:20,072|line:529| *#*#*#*#*#*#*#*#*#*原动态处理失败*#*#*#*#*#*#*#*#*#
2024-11-24 16:35:20,073|line:515| https://t.bilibili.com/100215026827552359
2024-11-24 16:35:21,299|line:345| 'NoneType' object is not subscriptable
2024-11-24 16:35:21,299|line:346| error line:321
2024-11-24 16:35:21,299|line:529| *#*#*#*#*#*#*#*#*#*原动态处理失败*#*#*#*#*#*#*#*#*#
2024-11-24 16:35:21,299|line:515| https://t.bilibili.com/100133418583667507
2024-11-24 16:35:25,526|line:345| 'NoneType' object is not subscriptable
2024-11-24 16:35:25,526|line:346| error line:321
2024-11-24 16:35:25,527|line:529| *#*#*#*#*#*#*#*#*#*原动态处理失败*#*#*#*#*#*#*#*#*#
2024-11-24 16:35:25,527|line:515| https://t.bilibili.com/100182295741831579
2024-11-24 16:35:28,751|line:345| 'NoneType' object is not subscriptable
2024-11-24 16:35:28,751|line:346| error line:321
2024-11-24 16:35:28,751|line:529| *#*#*#*#*#*#*#*#*#*原动态处理失败*#*#*#*#*#*#*#*#*#
2024-11-24 16:35:28,751|line:515| https://t.bilibili.com/100223067867001651
2024-11-24 16:35:31,979|line:345| 'NoneType' object is not subscriptable
2024-11-24 16:35:31,979|line:346| error line:321
2024-11-24 16:35:31,979|line:529| *#*#*#*#*#*#*#*#*#*原动态处理失败*#*#*#*#*#*#*#*#*#
2024-11-24 16:35:31,979|line:515| https://t.bilibili.com/100209236354426472
2024-11-24 16:35:35,397|line:345| 'NoneType' object is not subscriptable
2024-11-24 16:35:35,397|line:346| error line:321
2024-11-24 16:35:35,397|line:529| *#*#*#*#*#*#*#*#*#*原动态处理失败*#*#*#*#*#*#*#*#*#
2024-11-24 16:35:35,397|line:515| https://t.bilibili.com/100208245075450265
2024-11-24 16:35:38,633|line:345| 'NoneType' object is not subscriptable
2024-11-24 16:35:38,634|line:346| error line:321
2024-11-24 16:35:38,634|line:529| *#*#*#*#*#*#*#*#*#*原动态处理失败*#*#*#*#*#*#*#*#*#
2024-11-24 16:35:38,634|line:515| https://t.bilibili.com/100186722565357568
2024-11-24 16:35:42,857|line:345| 'NoneType' object is not subscriptable
2024-11-24 16:35:42,857|line:346| error line:321
2024-11-24 16:35:42,857|line:529| *#*#*#*#*#*#*#*#*#*原动态处理失败*#*#*#*#*#*#*#*#*#
2024-11-24 16:35:42,857|line:515| https://t.bilibili.com/100259795421888512
2024-11-24 16:35:47,090|line:345| 'NoneType' object is not subscriptable
2024-11-24 16:35:47,090|line:346| error line:321
2024-11-24 16:35:47,091|line:529| *#*#*#*#*#*#*#*#*#*原动态处理失败*#*#*#*#*#*#*#*#*#
2024-11-24 16:35:47,091|line:515| https://t.bilibili.com/100148438086923060
2024-11-24 16:35:51,419|line:345| 'NoneType' object is not subscriptable
2024-11-24 16:35:51,420|line:346| error line:321
2024-11-24 16:35:51,420|line:529| *#*#*#*#*#*#*#*#*#*原动态处理失败*#*#*#*#*#*#*#*#*#
2024-11-24 16:35:51,420|line:515| https://t.bilibili.com/100142614541919846
2024-11-24 16:35:55,649|line:345| 'NoneType' object is not subscriptable
2024-11-24 16:35:55,649|line:346| error line:321
2024-11-24 16:35:55,649|line:529| *#*#*#*#*#*#*#*#*#*原动态处理失败*#*#*#*#*#*#*#*#*#
2024-11-24 16:35:55,649|line:515| https://t.bilibili.com/100219927816621260
2024-11-24 16:35:56,894|line:345| 'NoneType' object is not subscriptable
2024-11-24 16:35:56,895|line:346| error line:321
2024-11-24 16:35:56,895|line:529| *#*#*#*#*#*#*#*#*#*原动态处理失败*#*#*#*#*#*#*#*#*#
2024-11-24 16:35:56,895|line:515| https://t.bilibili.com/100174061002712681
2024-11-24 16:35:59,133|line:345| 'NoneType' object is not subscriptable
2024-11-24 16:35:59,133|line:346| error line:321
2024-11-24 16:35:59,133|line:529| *#*#*#*#*#*#*#*#*#*原动态处理失败*#*#*#*#*#*#*#*#*#
2024-11-24 16:35:59,133|line:515| https://t.bilibili.com/100188628671843533
2024-11-24 16:36:03,370|line:345| 'NoneType' object is not subscriptable
2024-11-24 16:36:03,370|line:346| error line:321
2024-11-24 16:36:03,370|line:529| *#*#*#*#*#*#*#*#*#*原动态处理失败*#*#*#*#*#*#*#*#*#
2024-11-24 16:36:03,370|line:515| https://t.bilibili.com/100182503190744268
2024-11-24 16:36:04,789|line:345| 'NoneType' object is not subscriptable
2024-11-24 16:36:04,789|line:346| error line:321
2024-11-24 16:36:04,789|line:529| *#*#*#*#*#*#*#*#*#*原动态处理失败*#*#*#*#*#*#*#*#*#
2024-11-24 16:36:04,789|line:515| https://t.bilibili.com/100187534100371865
2024-11-24 16:36:09,023|line:345| 'NoneType' object is not subscriptable
2024-11-24 16:36:09,023|line:346| error line:321
2024-11-24 16:36:09,023|line:529| *#*#*#*#*#*#*#*#*#*原动态处理失败*#*#*#*#*#*#*#*#*#
2024-11-24 16:36:09,024|line:515| https://t.bilibili.com/100142431144614299
2024-11-24 16:36:11,270|line:345| 'NoneType' object is not subscriptable
2024-11-24 16:36:11,270|line:346| error line:321
2024-11-24 16:36:11,270|line:529| *#*#*#*#*#*#*#*#*#*原动态处理失败*#*#*#*#*#*#*#*#*#
2024-11-24 16:36:11,270|line:515| https://t.bilibili.com/100182747574173696
2024-11-24 16:36:12,519|line:345| 'NoneType' object is not subscriptable
2024-11-24 16:36:12,519|line:346| error line:321
2024-11-24 16:36:12,519|line:529| *#*#*#*#*#*#*#*#*#*原动态处理失败*#*#*#*#*#*#*#*#*#
2024-11-24 16:36:12,519|line:515| https://t.bilibili.com/100251631548052280
2024-11-24 16:36:13,755|line:345| 'NoneType' object is not subscriptable
2024-11-24 16:36:13,756|line:346| error line:321
2024-11-24 16:36:13,756|line:529| *#*#*#*#*#*#*#*#*#*原动态处理失败*#*#*#*#*#*#*#*#*#
2024-11-24 16:36:13,756|line:515| https://t.bilibili.com/100174534307584409
2024-11-24 16:36:18,080|line:345| 'NoneType' object is not subscriptable
2024-11-24 16:36:18,080|line:346| error line:321
2024-11-24 16:36:18,080|line:529| *#*#*#*#*#*#*#*#*#*原动态处理失败*#*#*#*#*#*#*#*#*#
2024-11-24 16:36:18,080|line:515| https://t.bilibili.com/100182741132981044
2024-11-24 16:36:19,315|line:345| 'NoneType' object is not subscriptable
2024-11-24 16:36:19,315|line:346| error line:321
2024-11-24 16:36:19,316|line:529| *#*#*#*#*#*#*#*#*#*原动态处理失败*#*#*#*#*#*#*#*#*#
2024-11-24 16:36:19,316|line:515| https://t.bilibili.com/100258490182585548
2024-11-24 16:36:22,545|line:345| 'NoneType' object is not subscriptable
2024-11-24 16:36:22,545|line:346| error line:321
2024-11-24 16:36:22,546|line:529| *#*#*#*#*#*#*#*#*#*原动态处理失败*#*#*#*#*#*#*#*#*#
2024-11-24 16:36:22,546|line:515| https://t.bilibili.com/100181133096176845
2024-11-24 16:36:26,783|line:345| 'NoneType' object is not subscriptable
2024-11-24 16:36:26,783|line:346| error line:321
2024-11-24 16:36:26,783|line:529| *#*#*#*#*#*#*#*#*#*原动态处理失败*#*#*#*#*#*#*#*#*#
2024-11-24 16:36:26,783|line:515| https://t.bilibili.com/100256267103528550
2024-11-24 16:36:31,018|line:345| 'NoneType' object is not subscriptable
2024-11-24 16:36:31,018|line:346| error line:321
2024-11-24 16:36:31,018|line:529| *#*#*#*#*#*#*#*#*#*原动态处理失败*#*#*#*#*#*#*#*#*#
2024-11-24 16:36:31,018|line:515| https://t.bilibili.com/100261875902368973
2024-11-24 16:36:35,252|line:345| 'NoneType' object is not subscriptable
2024-11-24 16:36:35,252|line:346| error line:321
2024-11-24 16:36:35,252|line:529| *#*#*#*#*#*#*#*#*#*原动态处理失败*#*#*#*#*#*#*#*#*#
2024-11-24 16:36:35,252|line:515| https://t.bilibili.com/100177019803166312
2024-11-24 16:36:38,496|line:345| 'NoneType' object is not subscriptable
2024-11-24 16:36:38,496|line:346| error line:321
2024-11-24 16:36:38,496|line:529| *#*#*#*#*#*#*#*#*#*原动态处理失败*#*#*#*#*#*#*#*#*#
2024-11-24 16:36:38,496|line:515| https://t.bilibili.com/100211515263864019
2024-11-24 16:36:41,728|line:345| 'NoneType' object is not subscriptable
2024-11-24 16:36:41,728|line:346| error line:321
2024-11-24 16:36:41,728|line:529| *#*#*#*#*#*#*#*#*#*原动态处理失败*#*#*#*#*#*#*#*#*#
2024-11-24 16:36:41,728|line:515| https://t.bilibili.com/100208380796416819
2024-11-24 16:36:44,036|line:345| 'NoneType' object is not subscriptable
2024-11-24 16:36:44,036|line:346| error line:321
2024-11-24 16:36:44,036|line:529| *#*#*#*#*#*#*#*#*#*原动态处理失败*#*#*#*#*#*#*#*#*#
2024-11-24 16:36:44,036|line:515| https://t.bilibili.com/100130428429428328
2024-11-24 16:36:47,273|line:345| 'NoneType' object is not subscriptable
2024-11-24 16:36:47,273|line:346| error line:321
2024-11-24 16:36:47,273|line:529| *#*#*#*#*#*#*#*#*#*原动态处理失败*#*#*#*#*#*#*#*#*#
2024-11-24 16:36:47,273|line:515| https://t.bilibili.com/100257492030403381
2024-11-24 16:36:50,526|line:345| 'NoneType' object is not subscriptable
2024-11-24 16:36:50,527|line:346| error line:321
2024-11-24 16:36:50,527|line:529| *#*#*#*#*#*#*#*#*#*原动态处理失败*#*#*#*#*#*#*#*#*#
2024-11-24 16:36:50,527|line:515| https://t.bilibili.com/100210230640508929
2024-11-24 16:36:52,765|line:345| 'NoneType' object is not subscriptable
2024-11-24 16:36:52,766|line:346| error line:321
2024-11-24 16:36:52,766|line:529| *#*#*#*#*#*#*#*#*#*原动态处理失败*#*#*#*#*#*#*#*#*#
2024-11-24 16:36:52,766|line:515| https://t.bilibili.com/100181242618157465
2024-11-24 16:36:55,190|line:345| 'NoneType' object is not subscriptable
2024-11-24 16:36:55,190|line:346| error line:321
2024-11-24 16:36:55,190|line:529| *#*#*#*#*#*#*#*#*#*原动态处理失败*#*#*#*#*#*#*#*#*#
2024-11-24 16:36:55,190|line:515| https://t.bilibili.com/100143707179817369
2024-11-24 16:36:56,631|line:345| 'NoneType' object is not subscriptable
2024-11-24 16:36:56,631|line:346| error line:321
2024-11-24 16:36:56,631|line:529| *#*#*#*#*#*#*#*#*#*原动态处理失败*#*#*#*#*#*#*#*#*#
2024-11-24 16:36:56,631|line:515| https://t.bilibili.com/100137762944765133
2024-11-24 16:36:59,864|line:345| 'NoneType' object is not subscriptable
2024-11-24 16:36:59,865|line:346| error line:321
2024-11-24 16:36:59,865|line:529| *#*#*#*#*#*#*#*#*#*原动态处理失败*#*#*#*#*#*#*#*#*#
2024-11-24 16:36:59,865|line:515| https://t.bilibili.com/100181209544602424
2024-11-24 16:37:03,095|line:345| 'NoneType' object is not subscriptable
2024-11-24 16:37:03,096|line:346| error line:321
2024-11-24 16:37:03,096|line:529| *#*#*#*#*#*#*#*#*#*原动态处理失败*#*#*#*#*#*#*#*#*#
2024-11-24 16:37:03,096|line:515| https://t.bilibili.com/100251359678195304
2024-11-24 16:37:07,333|line:345| 'NoneType' object is not subscriptable
2024-11-24 16:37:07,333|line:346| error line:321
2024-11-24 16:37:07,333|line:529| *#*#*#*#*#*#*#*#*#*原动态处理失败*#*#*#*#*#*#*#*#*#
2024-11-24 16:37:07,333|line:515| https://t.bilibili.com/100183832484275816
2024-11-24 16:37:08,621|line:345| 'NoneType' object is not subscriptable
2024-11-24 16:37:08,621|line:346| error line:321
2024-11-24 16:37:08,622|line:529| *#*#*#*#*#*#*#*#*#*原动态处理失败*#*#*#*#*#*#*#*#*#
2024-11-24 16:37:08,622|line:515| https://t.bilibili.com/100183857394247272
2024-11-24 16:37:11,877|line:345| 'NoneType' object is not subscriptable
2024-11-24 16:37:11,877|line:346| error line:321
2024-11-24 16:37:11,877|line:529| *#*#*#*#*#*#*#*#*#*原动态处理失败*#*#*#*#*#*#*#*#*#
2024-11-24 16:37:11,877|line:515| https://t.bilibili.com/100184106073063425
2024-11-24 16:37:15,119|line:345| 'NoneType' object is not subscriptable
2024-11-24 16:37:15,120|line:346| error line:321
2024-11-24 16:37:15,120|line:529| *#*#*#*#*#*#*#*#*#*原动态处理失败*#*#*#*#*#*#*#*#*#
2024-11-24 16:37:15,120|line:515| https://t.bilibili.com/100247966221493864
2024-11-24 16:37:17,351|line:345| 'NoneType' object is not subscriptable
2024-11-24 16:37:17,352|line:346| error line:321
2024-11-24 16:37:17,352|line:529| *#*#*#*#*#*#*#*#*#*原动态处理失败*#*#*#*#*#*#*#*#*#
2024-11-24 16:37:17,352|line:515| https://t.bilibili.com/100247475306522216
2024-11-24 16:37:18,584|line:345| 'NoneType' object is not subscriptable
2024-11-24 16:37:18,585|line:346| error line:321
2024-11-24 16:37:18,585|line:529| *#*#*#*#*#*#*#*#*#*原动态处理失败*#*#*#*#*#*#*#*#*#
2024-11-24 16:37:18,585|line:515| https://t.bilibili.com/100210252975387443
2024-11-24 16:37:19,832|line:345| 'NoneType' object is not subscriptable
2024-11-24 16:37:19,832|line:346| error line:321
2024-11-24 16:37:19,832|line:529| *#*#*#*#*#*#*#*#*#*原动态处理失败*#*#*#*#*#*#*#*#*#
2024-11-24 16:37:19,832|line:515| https://t.bilibili.com/100258604424940749
2024-11-24 16:37:24,116|line:345| 'NoneType' object is not subscriptable
2024-11-24 16:37:24,116|line:346| error line:321
2024-11-24 16:37:24,116|line:529| *#*#*#*#*#*#*#*#*#*原动态处理失败*#*#*#*#*#*#*#*#*#
2024-11-24 16:37:24,117|line:515| https://t.bilibili.com/100219786512197224
2024-11-24 16:37:25,349|line:345| 'NoneType' object is not subscriptable
2024-11-24 16:37:25,350|line:346| error line:321
2024-11-24 16:37:25,350|line:529| *#*#*#*#*#*#*#*#*#*原动态处理失败*#*#*#*#*#*#*#*#*#
2024-11-24 16:37:25,350|line:515| https://t.bilibili.com/100261160361341752
2024-11-24 16:37:26,776|line:345| 'NoneType' object is not subscriptable
2024-11-24 16:37:26,776|line:346| error line:321
2024-11-24 16:37:26,777|line:529| *#*#*#*#*#*#*#*#*#*原动态处理失败*#*#*#*#*#*#*#*#*#
2024-11-24 16:37:26,777|line:515| https://t.bilibili.com/100219972054784411
2024-11-24 16:37:31,200|line:345| 'NoneType' object is not subscriptable
2024-11-24 16:37:31,200|line:346| error line:321
2024-11-24 16:37:31,200|line:529| *#*#*#*#*#*#*#*#*#*原动态处理失败*#*#*#*#*#*#*#*#*#
2024-11-24 16:37:31,200|line:515| https://t.bilibili.com/100182507056109978
2024-11-24 16:37:32,440|line:345| 'NoneType' object is not subscriptable
2024-11-24 16:37:32,440|line:346| error line:321
2024-11-24 16:37:32,441|line:529| *#*#*#*#*#*#*#*#*#*原动态处理失败*#*#*#*#*#*#*#*#*#
2024-11-24 16:37:32,441|line:515| https://t.bilibili.com/100224547912522137
2024-11-24 16:37:33,681|line:345| 'NoneType' object is not subscriptable
2024-11-24 16:37:33,681|line:346| error line:321
2024-11-24 16:37:33,681|line:529| *#*#*#*#*#*#*#*#*#*原动态处理失败*#*#*#*#*#*#*#*#*#
2024-11-24 16:37:33,681|line:515| https://t.bilibili.com/100149419915398349
2024-11-24 16:37:37,915|line:345| 'NoneType' object is not subscriptable
2024-11-24 16:37:37,915|line:346| error line:321
2024-11-24 16:37:37,915|line:529| *#*#*#*#*#*#*#*#*#*原动态处理失败*#*#*#*#*#*#*#*#*#
2024-11-24 16:37:37,915|line:515| https://t.bilibili.com/100209520251555022
2024-11-24 16:37:42,151|line:345| 'NoneType' object is not subscriptable
2024-11-24 16:37:42,151|line:346| error line:321
2024-11-24 16:37:42,151|line:529| *#*#*#*#*#*#*#*#*#*原动态处理失败*#*#*#*#*#*#*#*#*#
2024-11-24 16:37:42,151|line:515| https://t.bilibili.com/100175757298368512
2024-11-24 16:37:44,385|line:345| 'NoneType' object is not subscriptable
2024-11-24 16:37:44,385|line:346| error line:321
2024-11-24 16:37:44,385|line:529| *#*#*#*#*#*#*#*#*#*原动态处理失败*#*#*#*#*#*#*#*#*#
2024-11-24 16:37:44,385|line:515| https://t.bilibili.com/100245567699314280
2024-11-24 16:37:47,697|line:345| 'NoneType' object is not subscriptable
2024-11-24 16:37:47,698|line:346| error line:321
2024-11-24 16:37:47,698|line:529| *#*#*#*#*#*#*#*#*#*原动态处理失败*#*#*#*#*#*#*#*#*#
2024-11-24 16:37:47,698|line:515| https://t.bilibili.com/100142917766610944
2024-11-24 16:37:50,935|line:345| 'NoneType' object is not subscriptable
2024-11-24 16:37:50,935|line:346| error line:321
2024-11-24 16:37:50,935|line:529| *#*#*#*#*#*#*#*#*#*原动态处理失败*#*#*#*#*#*#*#*#*#
2024-11-24 16:37:50,935|line:515| https://t.bilibili.com/100138819076594076
2024-11-24 16:37:55,164|line:345| 'NoneType' object is not subscriptable
2024-11-24 16:37:55,164|line:346| error line:321
2024-11-24 16:37:55,164|line:529| *#*#*#*#*#*#*#*#*#*原动态处理失败*#*#*#*#*#*#*#*#*#
2024-11-24 16:37:55,165|line:515| https://t.bilibili.com/100263052296008508
2024-11-24 16:37:59,411|line:345| 'NoneType' object is not subscriptable
2024-11-24 16:37:59,412|line:346| error line:321
2024-11-24 16:37:59,412|line:529| *#*#*#*#*#*#*#*#*#*原动态处理失败*#*#*#*#*#*#*#*#*#
2024-11-24 16:37:59,412|line:515| https://t.bilibili.com/100208459180094260
2024-11-24 16:38:02,644|line:345| 'NoneType' object is not subscriptable
2024-11-24 16:38:02,644|line:346| error line:321
2024-11-24 16:38:02,644|line:529| *#*#*#*#*#*#*#*#*#*原动态处理失败*#*#*#*#*#*#*#*#*#
2024-11-24 16:38:02,644|line:515| https://t.bilibili.com/100257942573626166
2024-11-24 16:38:04,875|line:345| 'NoneType' object is not subscriptable
2024-11-24 16:38:04,876|line:346| error line:321
2024-11-24 16:38:04,876|line:529| *#*#*#*#*#*#*#*#*#*原动态处理失败*#*#*#*#*#*#*#*#*#
2024-11-24 16:38:04,876|line:515| https://t.bilibili.com/100169763028729856
2024-11-24 16:38:06,294|line:345| 'NoneType' object is not subscriptable
2024-11-24 16:38:06,294|line:346| error line:321
2024-11-24 16:38:06,295|line:529| *#*#*#*#*#*#*#*#*#*原动态处理失败*#*#*#*#*#*#*#*#*#
2024-11-24 16:38:06,295|line:515| https://t.bilibili.com/100227063907195293
2024-11-24 16:38:07,540|line:345| 'NoneType' object is not subscriptable
2024-11-24 16:38:07,541|line:346| error line:321
2024-11-24 16:38:07,541|line:529| *#*#*#*#*#*#*#*#*#*原动态处理失败*#*#*#*#*#*#*#*#*#
2024-11-24 16:38:07,541|line:515| https://t.bilibili.com/100221458974664295
2024-11-24 16:38:10,784|line:345| 'NoneType' object is not subscriptable
2024-11-24 16:38:10,784|line:346| error line:321
2024-11-24 16:38:10,784|line:529| *#*#*#*#*#*#*#*#*#*原动态处理失败*#*#*#*#*#*#*#*#*#
2024-11-24 16:38:10,785|line:515| https://t.bilibili.com/100247889342103552
2024-11-24 16:38:13,211|line:345| 'NoneType' object is not subscriptable
2024-11-24 16:38:13,212|line:346| error line:321
2024-11-24 16:38:13,212|line:529| *#*#*#*#*#*#*#*#*#*原动态处理失败*#*#*#*#*#*#*#*#*#
2024-11-24 16:38:13,212|line:515| https://t.bilibili.com/100182740273882726
2024-11-24 16:38:14,448|line:345| 'NoneType' object is not subscriptable
2024-11-24 16:38:14,448|line:346| error line:321
2024-11-24 16:38:14,448|line:529| *#*#*#*#*#*#*#*#*#*原动态处理失败*#*#*#*#*#*#*#*#*#
2024-11-24 16:38:14,448|line:515| https://t.bilibili.com/100143794367338907
2024-11-24 16:38:17,683|line:345| 'NoneType' object is not subscriptable
2024-11-24 16:38:17,683|line:346| error line:321
2024-11-24 16:38:17,683|line:529| *#*#*#*#*#*#*#*#*#*原动态处理失败*#*#*#*#*#*#*#*#*#
2024-11-24 16:38:17,684|line:515| https://t.bilibili.com/100184088464221799
2024-11-24 16:38:19,929|line:345| 'NoneType' object is not subscriptable
2024-11-24 16:38:19,929|line:346| error line:321
2024-11-24 16:38:19,930|line:529| *#*#*#*#*#*#*#*#*#*原动态处理失败*#*#*#*#*#*#*#*#*#
2024-11-24 16:38:19,930|line:548| 执行结束
2024-11-24 16:38:22,821|line:553| ==================================================2024-11-25 00:38==================================================
