2024-11-27 07:34:56,969|line:233| processing article 39923200
2024-11-27 07:35:01,306|line:503| ==================================================2024-11-27 15:35==================================================
2024-11-27 07:35:01,306|line:515| https://t.bilibili.com/100256391017529344
2024-11-27 07:35:02,625|line:345| 'NoneType' object is not subscriptable
2024-11-27 07:35:02,626|line:346| error line:321
2024-11-27 07:35:02,626|line:529| *#*#*#*#*#*#*#*#*#*原动态处理失败*#*#*#*#*#*#*#*#*#
2024-11-27 07:35:02,626|line:515| https://t.bilibili.com/100180701021628008
2024-11-27 07:35:05,887|line:345| 'NoneType' object is not subscriptable
2024-11-27 07:35:05,887|line:346| error line:321
2024-11-27 07:35:05,888|line:529| *#*#*#*#*#*#*#*#*#*原动态处理失败*#*#*#*#*#*#*#*#*#
2024-11-27 07:35:05,888|line:515| https://t.bilibili.com/100394572782659176
2024-11-27 07:35:08,122|line:345| 'NoneType' object is not subscriptable
2024-11-27 07:35:08,122|line:346| error line:321
2024-11-27 07:35:08,122|line:529| *#*#*#*#*#*#*#*#*#*原动态处理失败*#*#*#*#*#*#*#*#*#
2024-11-27 07:35:08,122|line:515| https://t.bilibili.com/100263417368543232
2024-11-27 07:35:11,358|line:345| 'NoneType' object is not subscriptable
2024-11-27 07:35:11,358|line:346| error line:321
2024-11-27 07:35:11,358|line:529| *#*#*#*#*#*#*#*#*#*原动态处理失败*#*#*#*#*#*#*#*#*#
2024-11-27 07:35:11,358|line:515| https://t.bilibili.com/100223067867001651
2024-11-27 07:35:14,665|line:345| 'NoneType' object is not subscriptable
2024-11-27 07:35:14,665|line:346| error line:321
2024-11-27 07:35:14,665|line:529| *#*#*#*#*#*#*#*#*#*原动态处理失败*#*#*#*#*#*#*#*#*#
2024-11-27 07:35:14,666|line:515| https://t.bilibili.com/100284781392664986
2024-11-27 07:35:17,895|line:345| 'NoneType' object is not subscriptable
2024-11-27 07:35:17,895|line:346| error line:321
2024-11-27 07:35:17,896|line:529| *#*#*#*#*#*#*#*#*#*原动态处理失败*#*#*#*#*#*#*#*#*#
2024-11-27 07:35:17,896|line:515| https://t.bilibili.com/100373833674391552
2024-11-27 07:35:19,143|line:345| 'NoneType' object is not subscriptable
2024-11-27 07:35:19,143|line:346| error line:321
2024-11-27 07:35:19,144|line:529| *#*#*#*#*#*#*#*#*#*原动态处理失败*#*#*#*#*#*#*#*#*#
2024-11-27 07:35:19,144|line:515| https://t.bilibili.com/100371077595240860
2024-11-27 07:35:22,454|line:345| 'NoneType' object is not subscriptable
2024-11-27 07:35:22,454|line:346| error line:321
2024-11-27 07:35:22,454|line:529| *#*#*#*#*#*#*#*#*#*原动态处理失败*#*#*#*#*#*#*#*#*#
2024-11-27 07:35:22,454|line:515| https://t.bilibili.com/100282676214235138
2024-11-27 07:35:26,683|line:345| 'NoneType' object is not subscriptable
2024-11-27 07:35:26,683|line:346| error line:321
2024-11-27 07:35:26,684|line:529| *#*#*#*#*#*#*#*#*#*原动态处理失败*#*#*#*#*#*#*#*#*#
2024-11-27 07:35:26,684|line:515| https://t.bilibili.com/100289634060206086
2024-11-27 07:35:28,907|line:345| 'NoneType' object is not subscriptable
2024-11-27 07:35:28,907|line:346| error line:321
2024-11-27 07:35:28,907|line:529| *#*#*#*#*#*#*#*#*#*原动态处理失败*#*#*#*#*#*#*#*#*#
2024-11-27 07:35:28,907|line:515| https://t.bilibili.com/100264115729491558
2024-11-27 07:35:30,131|line:345| 'NoneType' object is not subscriptable
2024-11-27 07:35:30,132|line:346| error line:321
2024-11-27 07:35:30,132|line:529| *#*#*#*#*#*#*#*#*#*原动态处理失败*#*#*#*#*#*#*#*#*#
2024-11-27 07:35:30,132|line:515| https://t.bilibili.com/100369264258370764
2024-11-27 07:35:31,363|line:345| 'NoneType' object is not subscriptable
2024-11-27 07:35:31,364|line:346| error line:321
2024-11-27 07:35:31,364|line:529| *#*#*#*#*#*#*#*#*#*原动态处理失败*#*#*#*#*#*#*#*#*#
2024-11-27 07:35:31,364|line:515| https://t.bilibili.com/100358306939063501
2024-11-27 07:35:34,661|line:345| 'NoneType' object is not subscriptable
2024-11-27 07:35:34,661|line:346| error line:321
2024-11-27 07:35:34,661|line:529| *#*#*#*#*#*#*#*#*#*原动态处理失败*#*#*#*#*#*#*#*#*#
2024-11-27 07:35:34,661|line:515| https://t.bilibili.com/635932563238551585
2024-11-27 07:35:34,661|line:517| 已有
2024-11-27 07:35:34,662|line:515| https://t.bilibili.com/100261030654797414
2024-11-27 07:35:36,888|line:345| 'NoneType' object is not subscriptable
2024-11-27 07:35:36,889|line:346| error line:321
2024-11-27 07:35:36,889|line:529| *#*#*#*#*#*#*#*#*#*原动态处理失败*#*#*#*#*#*#*#*#*#
2024-11-27 07:35:36,889|line:515| https://t.bilibili.com/100361861454836532
2024-11-27 07:35:39,110|line:345| 'NoneType' object is not subscriptable
2024-11-27 07:35:39,110|line:346| error line:321
2024-11-27 07:35:39,110|line:529| *#*#*#*#*#*#*#*#*#*原动态处理失败*#*#*#*#*#*#*#*#*#
2024-11-27 07:35:39,110|line:515| https://t.bilibili.com/100260155339204202
2024-11-27 07:35:43,359|line:345| 'NoneType' object is not subscriptable
2024-11-27 07:35:43,359|line:346| error line:321
2024-11-27 07:35:43,360|line:529| *#*#*#*#*#*#*#*#*#*原动态处理失败*#*#*#*#*#*#*#*#*#
2024-11-27 07:35:43,360|line:515| https://t.bilibili.com/100301239706923827
2024-11-27 07:35:45,587|line:345| 'NoneType' object is not subscriptable
2024-11-27 07:35:45,587|line:346| error line:321
2024-11-27 07:35:45,587|line:529| *#*#*#*#*#*#*#*#*#*原动态处理失败*#*#*#*#*#*#*#*#*#
2024-11-27 07:35:45,587|line:515| https://t.bilibili.com/100330173614469940
2024-11-27 07:35:47,814|line:345| 'NoneType' object is not subscriptable
2024-11-27 07:35:47,815|line:346| error line:321
2024-11-27 07:35:47,815|line:529| *#*#*#*#*#*#*#*#*#*原动态处理失败*#*#*#*#*#*#*#*#*#
2024-11-27 07:35:47,815|line:515| https://t.bilibili.com/100367335387509555
2024-11-27 07:35:52,229|line:345| 'NoneType' object is not subscriptable
2024-11-27 07:35:52,229|line:346| error line:321
2024-11-27 07:35:52,230|line:529| *#*#*#*#*#*#*#*#*#*原动态处理失败*#*#*#*#*#*#*#*#*#
2024-11-27 07:35:52,230|line:515| https://t.bilibili.com/100284403437220661
2024-11-27 07:35:55,472|line:345| 'NoneType' object is not subscriptable
2024-11-27 07:35:55,472|line:346| error line:321
2024-11-27 07:35:55,472|line:529| *#*#*#*#*#*#*#*#*#*原动态处理失败*#*#*#*#*#*#*#*#*#
2024-11-27 07:35:55,472|line:515| https://t.bilibili.com/100323399160771379
2024-11-27 07:35:56,696|line:345| 'NoneType' object is not subscriptable
2024-11-27 07:35:56,696|line:346| error line:321
2024-11-27 07:35:56,696|line:529| *#*#*#*#*#*#*#*#*#*原动态处理失败*#*#*#*#*#*#*#*#*#
2024-11-27 07:35:56,697|line:515| https://t.bilibili.com/100256436325449728
2024-11-27 07:35:58,063|line:345| 'NoneType' object is not subscriptable
2024-11-27 07:35:58,063|line:346| error line:321
2024-11-27 07:35:58,063|line:529| *#*#*#*#*#*#*#*#*#*原动态处理失败*#*#*#*#*#*#*#*#*#
2024-11-27 07:35:58,063|line:515| https://t.bilibili.com/100332358033683259
2024-11-27 07:36:00,287|line:345| 'NoneType' object is not subscriptable
2024-11-27 07:36:00,288|line:346| error line:321
2024-11-27 07:36:00,288|line:529| *#*#*#*#*#*#*#*#*#*原动态处理失败*#*#*#*#*#*#*#*#*#
2024-11-27 07:36:00,288|line:515| https://t.bilibili.com/100294066470440140
2024-11-27 07:36:03,682|line:345| 'NoneType' object is not subscriptable
2024-11-27 07:36:03,683|line:346| error line:321
2024-11-27 07:36:03,683|line:529| *#*#*#*#*#*#*#*#*#*原动态处理失败*#*#*#*#*#*#*#*#*#
2024-11-27 07:36:03,683|line:515| https://t.bilibili.com/100395481167508283
2024-11-27 07:36:06,907|line:345| 'NoneType' object is not subscriptable
2024-11-27 07:36:06,907|line:346| error line:321
2024-11-27 07:36:06,908|line:529| *#*#*#*#*#*#*#*#*#*原动态处理失败*#*#*#*#*#*#*#*#*#
2024-11-27 07:36:06,908|line:515| https://t.bilibili.com/100376220603829453
2024-11-27 07:36:09,137|line:345| 'NoneType' object is not subscriptable
2024-11-27 07:36:09,137|line:346| error line:321
2024-11-27 07:36:09,137|line:529| *#*#*#*#*#*#*#*#*#*原动态处理失败*#*#*#*#*#*#*#*#*#
2024-11-27 07:36:09,138|line:515| https://t.bilibili.com/100368912072520502
2024-11-27 07:36:11,362|line:345| 'NoneType' object is not subscriptable
2024-11-27 07:36:11,362|line:346| error line:321
2024-11-27 07:36:11,362|line:529| *#*#*#*#*#*#*#*#*#*原动态处理失败*#*#*#*#*#*#*#*#*#
2024-11-27 07:36:11,362|line:515| https://t.bilibili.com/100331627462891929
2024-11-27 07:36:13,596|line:345| 'NoneType' object is not subscriptable
2024-11-27 07:36:13,596|line:346| error line:321
2024-11-27 07:36:13,596|line:529| *#*#*#*#*#*#*#*#*#*原动态处理失败*#*#*#*#*#*#*#*#*#
2024-11-27 07:36:13,597|line:515| https://t.bilibili.com/100362263890126442
2024-11-27 07:36:16,829|line:345| 'NoneType' object is not subscriptable
2024-11-27 07:36:16,829|line:346| error line:321
2024-11-27 07:36:16,829|line:529| *#*#*#*#*#*#*#*#*#*原动态处理失败*#*#*#*#*#*#*#*#*#
2024-11-27 07:36:16,830|line:515| https://t.bilibili.com/100330881856359629
2024-11-27 07:36:21,049|line:345| 'NoneType' object is not subscriptable
2024-11-27 07:36:21,049|line:346| error line:321
2024-11-27 07:36:21,049|line:529| *#*#*#*#*#*#*#*#*#*原动态处理失败*#*#*#*#*#*#*#*#*#
2024-11-27 07:36:21,050|line:515| https://t.bilibili.com/100297365005428326
2024-11-27 07:36:23,444|line:345| 'NoneType' object is not subscriptable
2024-11-27 07:36:23,445|line:346| error line:321
2024-11-27 07:36:23,445|line:529| *#*#*#*#*#*#*#*#*#*原动态处理失败*#*#*#*#*#*#*#*#*#
2024-11-27 07:36:23,445|line:515| https://t.bilibili.com/100396552765518644
2024-11-27 07:36:25,672|line:345| 'NoneType' object is not subscriptable
2024-11-27 07:36:25,672|line:346| error line:321
2024-11-27 07:36:25,672|line:529| *#*#*#*#*#*#*#*#*#*原动态处理失败*#*#*#*#*#*#*#*#*#
2024-11-27 07:36:25,672|line:515| https://t.bilibili.com/100358421615004877
2024-11-27 07:36:29,089|line:345| 'NoneType' object is not subscriptable
2024-11-27 07:36:29,089|line:346| error line:321
2024-11-27 07:36:29,089|line:529| *#*#*#*#*#*#*#*#*#*原动态处理失败*#*#*#*#*#*#*#*#*#
2024-11-27 07:36:29,090|line:515| https://t.bilibili.com/100288891247499674
2024-11-27 07:36:31,309|line:345| 'NoneType' object is not subscriptable
2024-11-27 07:36:31,310|line:346| error line:321
2024-11-27 07:36:31,310|line:529| *#*#*#*#*#*#*#*#*#*原动态处理失败*#*#*#*#*#*#*#*#*#
2024-11-27 07:36:31,310|line:515| https://t.bilibili.com/100285551908749315
2024-11-27 07:36:35,605|line:345| 'NoneType' object is not subscriptable
2024-11-27 07:36:35,606|line:346| error line:321
2024-11-27 07:36:35,606|line:529| *#*#*#*#*#*#*#*#*#*原动态处理失败*#*#*#*#*#*#*#*#*#
2024-11-27 07:36:35,606|line:515| https://t.bilibili.com/100287241123161703
2024-11-27 07:36:36,834|line:345| 'NoneType' object is not subscriptable
2024-11-27 07:36:36,835|line:346| error line:321
2024-11-27 07:36:36,835|line:529| *#*#*#*#*#*#*#*#*#*原动态处理失败*#*#*#*#*#*#*#*#*#
2024-11-27 07:36:36,835|line:515| https://t.bilibili.com/100284078306518631
2024-11-27 07:36:39,076|line:345| 'NoneType' object is not subscriptable
2024-11-27 07:36:39,077|line:346| error line:321
2024-11-27 07:36:39,077|line:529| *#*#*#*#*#*#*#*#*#*原动态处理失败*#*#*#*#*#*#*#*#*#
2024-11-27 07:36:39,077|line:515| https://t.bilibili.com/100369092030601631
2024-11-27 07:36:40,309|line:345| 'NoneType' object is not subscriptable
2024-11-27 07:36:40,310|line:346| error line:321
2024-11-27 07:36:40,310|line:529| *#*#*#*#*#*#*#*#*#*原动态处理失败*#*#*#*#*#*#*#*#*#
2024-11-27 07:36:40,310|line:515| https://t.bilibili.com/100291392208109568
2024-11-27 07:36:41,725|line:345| 'NoneType' object is not subscriptable
2024-11-27 07:36:41,725|line:346| error line:321
2024-11-27 07:36:41,725|line:529| *#*#*#*#*#*#*#*#*#*原动态处理失败*#*#*#*#*#*#*#*#*#
2024-11-27 07:36:41,725|line:515| https://t.bilibili.com/100285413181620226
2024-11-27 07:36:44,956|line:345| 'NoneType' object is not subscriptable
2024-11-27 07:36:44,957|line:346| error line:321
2024-11-27 07:36:44,957|line:529| *#*#*#*#*#*#*#*#*#*原动态处理失败*#*#*#*#*#*#*#*#*#
2024-11-27 07:36:44,957|line:515| https://t.bilibili.com/100364347378761728
2024-11-27 07:36:49,189|line:345| 'NoneType' object is not subscriptable
2024-11-27 07:36:49,189|line:346| error line:321
2024-11-27 07:36:49,190|line:529| *#*#*#*#*#*#*#*#*#*原动态处理失败*#*#*#*#*#*#*#*#*#
2024-11-27 07:36:49,190|line:515| https://t.bilibili.com/994677029517393920
2024-11-27 07:36:53,436|line:522| 官方 或 预约 OUT！
2024-11-27 07:36:53,436|line:515| https://t.bilibili.com/100361155790241792
2024-11-27 07:36:54,678|line:345| 'NoneType' object is not subscriptable
2024-11-27 07:36:54,678|line:346| error line:321
2024-11-27 07:36:54,678|line:529| *#*#*#*#*#*#*#*#*#*原动态处理失败*#*#*#*#*#*#*#*#*#
2024-11-27 07:36:54,679|line:515| https://t.bilibili.com/100360764949790721
2024-11-27 07:36:57,909|line:345| 'NoneType' object is not subscriptable
2024-11-27 07:36:57,909|line:346| error line:321
2024-11-27 07:36:57,910|line:529| *#*#*#*#*#*#*#*#*#*原动态处理失败*#*#*#*#*#*#*#*#*#
2024-11-27 07:36:57,910|line:515| https://t.bilibili.com/100325737344637337
2024-11-27 07:36:59,148|line:345| 'NoneType' object is not subscriptable
2024-11-27 07:36:59,149|line:346| error line:321
2024-11-27 07:36:59,149|line:529| *#*#*#*#*#*#*#*#*#*原动态处理失败*#*#*#*#*#*#*#*#*#
2024-11-27 07:36:59,149|line:515| https://t.bilibili.com/100358938298941440
2024-11-27 07:37:00,376|line:345| 'NoneType' object is not subscriptable
2024-11-27 07:37:00,376|line:346| error line:321
2024-11-27 07:37:00,376|line:529| *#*#*#*#*#*#*#*#*#*原动态处理失败*#*#*#*#*#*#*#*#*#
2024-11-27 07:37:00,376|line:515| https://t.bilibili.com/100328165289649766
2024-11-27 07:37:02,608|line:345| 'NoneType' object is not subscriptable
2024-11-27 07:37:02,609|line:346| error line:321
2024-11-27 07:37:02,609|line:529| *#*#*#*#*#*#*#*#*#*原动态处理失败*#*#*#*#*#*#*#*#*#
2024-11-27 07:37:02,609|line:515| https://t.bilibili.com/100335930157563906
2024-11-27 07:37:03,851|line:345| 'NoneType' object is not subscriptable
2024-11-27 07:37:03,851|line:346| error line:321
2024-11-27 07:37:03,851|line:529| *#*#*#*#*#*#*#*#*#*原动态处理失败*#*#*#*#*#*#*#*#*#
2024-11-27 07:37:03,851|line:515| https://t.bilibili.com/100285774818600551
2024-11-27 07:37:08,086|line:345| 'NoneType' object is not subscriptable
2024-11-27 07:37:08,087|line:346| error line:321
2024-11-27 07:37:08,087|line:529| *#*#*#*#*#*#*#*#*#*原动态处理失败*#*#*#*#*#*#*#*#*#
2024-11-27 07:37:08,087|line:515| https://t.bilibili.com/100355605834131046
2024-11-27 07:37:12,322|line:345| 'NoneType' object is not subscriptable
2024-11-27 07:37:12,322|line:346| error line:321
2024-11-27 07:37:12,322|line:529| *#*#*#*#*#*#*#*#*#*原动态处理失败*#*#*#*#*#*#*#*#*#
2024-11-27 07:37:12,322|line:515| https://t.bilibili.com/100328116752954165
2024-11-27 07:37:13,553|line:345| 'NoneType' object is not subscriptable
2024-11-27 07:37:13,553|line:346| error line:321
2024-11-27 07:37:13,554|line:529| *#*#*#*#*#*#*#*#*#*原动态处理失败*#*#*#*#*#*#*#*#*#
2024-11-27 07:37:13,554|line:515| https://t.bilibili.com/100372489349313331
2024-11-27 07:37:16,786|line:345| 'NoneType' object is not subscriptable
2024-11-27 07:37:16,786|line:346| error line:321
2024-11-27 07:37:16,786|line:529| *#*#*#*#*#*#*#*#*#*原动态处理失败*#*#*#*#*#*#*#*#*#
2024-11-27 07:37:16,786|line:515| https://t.bilibili.com/100281130027791156
2024-11-27 07:37:18,024|line:345| 'NoneType' object is not subscriptable
2024-11-27 07:37:18,024|line:346| error line:321
2024-11-27 07:37:18,024|line:529| *#*#*#*#*#*#*#*#*#*原动态处理失败*#*#*#*#*#*#*#*#*#
2024-11-27 07:37:18,025|line:515| https://t.bilibili.com/100397126139982645
2024-11-27 07:37:21,252|line:345| 'NoneType' object is not subscriptable
2024-11-27 07:37:21,252|line:346| error line:321
2024-11-27 07:37:21,252|line:529| *#*#*#*#*#*#*#*#*#*原动态处理失败*#*#*#*#*#*#*#*#*#
2024-11-27 07:37:21,253|line:515| https://t.bilibili.com/100360071312467560
2024-11-27 07:37:25,487|line:345| 'NoneType' object is not subscriptable
2024-11-27 07:37:25,487|line:346| error line:321
2024-11-27 07:37:25,487|line:529| *#*#*#*#*#*#*#*#*#*原动态处理失败*#*#*#*#*#*#*#*#*#
2024-11-27 07:37:25,488|line:515| https://t.bilibili.com/100367142545470259
2024-11-27 07:37:29,711|line:345| 'NoneType' object is not subscriptable
2024-11-27 07:37:29,712|line:346| error line:321
2024-11-27 07:37:29,712|line:529| *#*#*#*#*#*#*#*#*#*原动态处理失败*#*#*#*#*#*#*#*#*#
2024-11-27 07:37:29,712|line:515| https://t.bilibili.com/100262966826578741
2024-11-27 07:37:31,941|line:345| 'NoneType' object is not subscriptable
2024-11-27 07:37:31,941|line:346| error line:321
2024-11-27 07:37:31,941|line:529| *#*#*#*#*#*#*#*#*#*原动态处理失败*#*#*#*#*#*#*#*#*#
2024-11-27 07:37:31,942|line:515| https://t.bilibili.com/100393398110362009
2024-11-27 07:37:35,173|line:345| 'NoneType' object is not subscriptable
2024-11-27 07:37:35,174|line:346| error line:321
2024-11-27 07:37:35,174|line:529| *#*#*#*#*#*#*#*#*#*原动态处理失败*#*#*#*#*#*#*#*#*#
2024-11-27 07:37:35,174|line:515| https://t.bilibili.com/100359985841464936
2024-11-27 07:37:37,410|line:345| 'NoneType' object is not subscriptable
2024-11-27 07:37:37,411|line:346| error line:321
2024-11-27 07:37:37,411|line:529| *#*#*#*#*#*#*#*#*#*原动态处理失败*#*#*#*#*#*#*#*#*#
2024-11-27 07:37:37,411|line:515| https://t.bilibili.com/100333278018614068
2024-11-27 07:37:40,648|line:345| 'NoneType' object is not subscriptable
2024-11-27 07:37:40,648|line:346| error line:321
2024-11-27 07:37:40,648|line:529| *#*#*#*#*#*#*#*#*#*原动态处理失败*#*#*#*#*#*#*#*#*#
2024-11-27 07:37:40,649|line:515| https://t.bilibili.com/100396378815148854
2024-11-27 07:37:44,878|line:345| 'NoneType' object is not subscriptable
2024-11-27 07:37:44,878|line:346| error line:321
2024-11-27 07:37:44,878|line:529| *#*#*#*#*#*#*#*#*#*原动态处理失败*#*#*#*#*#*#*#*#*#
2024-11-27 07:37:44,878|line:515| https://t.bilibili.com/100256351715223142
2024-11-27 07:37:49,234|line:345| 'NoneType' object is not subscriptable
2024-11-27 07:37:49,235|line:346| error line:321
2024-11-27 07:37:49,235|line:529| *#*#*#*#*#*#*#*#*#*原动态处理失败*#*#*#*#*#*#*#*#*#
2024-11-27 07:37:49,235|line:515| https://t.bilibili.com/100282676215283712
2024-11-27 07:37:53,474|line:345| 'NoneType' object is not subscriptable
2024-11-27 07:37:53,474|line:346| error line:321
2024-11-27 07:37:53,474|line:529| *#*#*#*#*#*#*#*#*#*原动态处理失败*#*#*#*#*#*#*#*#*#
2024-11-27 07:37:53,474|line:515| https://t.bilibili.com/100361659588227891
2024-11-27 07:37:56,893|line:345| 'NoneType' object is not subscriptable
2024-11-27 07:37:56,893|line:346| error line:321
2024-11-27 07:37:56,893|line:529| *#*#*#*#*#*#*#*#*#*原动态处理失败*#*#*#*#*#*#*#*#*#
2024-11-27 07:37:56,894|line:515| https://t.bilibili.com/100138164955906050
2024-11-27 07:37:58,132|line:345| 'NoneType' object is not subscriptable
2024-11-27 07:37:58,132|line:346| error line:321
2024-11-27 07:37:58,132|line:529| *#*#*#*#*#*#*#*#*#*原动态处理失败*#*#*#*#*#*#*#*#*#
2024-11-27 07:37:58,132|line:515| https://t.bilibili.com/100258084308176079
2024-11-27 07:38:00,389|line:345| 'NoneType' object is not subscriptable
2024-11-27 07:38:00,389|line:346| error line:321
2024-11-27 07:38:00,389|line:529| *#*#*#*#*#*#*#*#*#*原动态处理失败*#*#*#*#*#*#*#*#*#
2024-11-27 07:38:00,390|line:515| https://t.bilibili.com/100283864846434305
2024-11-27 07:38:01,623|line:345| 'NoneType' object is not subscriptable
2024-11-27 07:38:01,624|line:346| error line:321
2024-11-27 07:38:01,624|line:529| *#*#*#*#*#*#*#*#*#*原动态处理失败*#*#*#*#*#*#*#*#*#
2024-11-27 07:38:01,624|line:515| https://t.bilibili.com/100301256030001561
2024-11-27 07:38:05,916|line:345| 'NoneType' object is not subscriptable
2024-11-27 07:38:05,916|line:346| error line:321
2024-11-27 07:38:05,916|line:529| *#*#*#*#*#*#*#*#*#*原动态处理失败*#*#*#*#*#*#*#*#*#
2024-11-27 07:38:05,917|line:515| https://t.bilibili.com/100322008880067380
2024-11-27 07:38:10,153|line:345| 'NoneType' object is not subscriptable
2024-11-27 07:38:10,154|line:346| error line:321
2024-11-27 07:38:10,154|line:529| *#*#*#*#*#*#*#*#*#*原动态处理失败*#*#*#*#*#*#*#*#*#
2024-11-27 07:38:10,154|line:515| https://t.bilibili.com/100282697046818818
2024-11-27 07:38:11,386|line:345| 'NoneType' object is not subscriptable
2024-11-27 07:38:11,387|line:346| error line:321
2024-11-27 07:38:11,387|line:529| *#*#*#*#*#*#*#*#*#*原动态处理失败*#*#*#*#*#*#*#*#*#
2024-11-27 07:38:11,387|line:515| https://t.bilibili.com/100254101154247477
2024-11-27 07:38:12,620|line:345| 'NoneType' object is not subscriptable
2024-11-27 07:38:12,621|line:346| error line:321
2024-11-27 07:38:12,621|line:529| *#*#*#*#*#*#*#*#*#*原动态处理失败*#*#*#*#*#*#*#*#*#
2024-11-27 07:38:12,621|line:515| https://t.bilibili.com/100293499533708494
2024-11-27 07:38:13,855|line:345| 'NoneType' object is not subscriptable
2024-11-27 07:38:13,855|line:346| error line:321
2024-11-27 07:38:13,856|line:529| *#*#*#*#*#*#*#*#*#*原动态处理失败*#*#*#*#*#*#*#*#*#
2024-11-27 07:38:13,856|line:515| https://t.bilibili.com/100266647182272104
2024-11-27 07:38:16,276|line:345| 'NoneType' object is not subscriptable
2024-11-27 07:38:16,276|line:346| error line:321
2024-11-27 07:38:16,276|line:529| *#*#*#*#*#*#*#*#*#*原动态处理失败*#*#*#*#*#*#*#*#*#
2024-11-27 07:38:16,277|line:515| https://t.bilibili.com/100367333672668369
2024-11-27 07:38:18,519|line:345| 'NoneType' object is not subscriptable
2024-11-27 07:38:18,519|line:346| error line:321
2024-11-27 07:38:18,519|line:529| *#*#*#*#*#*#*#*#*#*原动态处理失败*#*#*#*#*#*#*#*#*#
2024-11-27 07:38:18,520|line:515| https://t.bilibili.com/100256464674540749
2024-11-27 07:38:20,756|line:345| 'NoneType' object is not subscriptable
2024-11-27 07:38:20,756|line:346| error line:321
2024-11-27 07:38:20,756|line:529| *#*#*#*#*#*#*#*#*#*原动态处理失败*#*#*#*#*#*#*#*#*#
2024-11-27 07:38:20,756|line:515| https://t.bilibili.com/100137335597721198
2024-11-27 07:38:23,003|line:345| 'NoneType' object is not subscriptable
2024-11-27 07:38:23,003|line:346| error line:321
2024-11-27 07:38:23,003|line:529| *#*#*#*#*#*#*#*#*#*原动态处理失败*#*#*#*#*#*#*#*#*#
2024-11-27 07:38:23,003|line:515| https://t.bilibili.com/100394004128989186
2024-11-27 07:38:25,302|line:345| 'NoneType' object is not subscriptable
2024-11-27 07:38:25,302|line:346| error line:321
2024-11-27 07:38:25,302|line:529| *#*#*#*#*#*#*#*#*#*原动态处理失败*#*#*#*#*#*#*#*#*#
2024-11-27 07:38:25,302|line:515| https://t.bilibili.com/100374287225454592
2024-11-27 07:38:29,606|line:345| 'NoneType' object is not subscriptable
2024-11-27 07:38:29,606|line:346| error line:321
2024-11-27 07:38:29,606|line:529| *#*#*#*#*#*#*#*#*#*原动态处理失败*#*#*#*#*#*#*#*#*#
2024-11-27 07:38:29,606|line:515| https://t.bilibili.com/100254945544608154
2024-11-27 07:38:33,051|line:345| 'NoneType' object is not subscriptable
2024-11-27 07:38:33,051|line:346| error line:321
2024-11-27 07:38:33,051|line:529| *#*#*#*#*#*#*#*#*#*原动态处理失败*#*#*#*#*#*#*#*#*#
2024-11-27 07:38:33,052|line:515| https://t.bilibili.com/100177768417014579
2024-11-27 07:38:37,466|line:345| 'NoneType' object is not subscriptable
2024-11-27 07:38:37,466|line:346| error line:321
2024-11-27 07:38:37,466|line:529| *#*#*#*#*#*#*#*#*#*原动态处理失败*#*#*#*#*#*#*#*#*#
2024-11-27 07:38:37,466|line:515| https://t.bilibili.com/100377020970775349
2024-11-27 07:38:40,703|line:345| 'NoneType' object is not subscriptable
2024-11-27 07:38:40,703|line:346| error line:321
2024-11-27 07:38:40,703|line:529| *#*#*#*#*#*#*#*#*#*原动态处理失败*#*#*#*#*#*#*#*#*#
2024-11-27 07:38:40,703|line:515| https://t.bilibili.com/100294968624336079
2024-11-27 07:38:41,946|line:345| 'NoneType' object is not subscriptable
2024-11-27 07:38:41,946|line:346| error line:321
2024-11-27 07:38:41,946|line:529| *#*#*#*#*#*#*#*#*#*原动态处理失败*#*#*#*#*#*#*#*#*#
2024-11-27 07:38:41,947|line:515| https://t.bilibili.com/100282695325791028
2024-11-27 07:38:43,186|line:345| 'NoneType' object is not subscriptable
2024-11-27 07:38:43,186|line:346| error line:321
2024-11-27 07:38:43,186|line:529| *#*#*#*#*#*#*#*#*#*原动态处理失败*#*#*#*#*#*#*#*#*#
2024-11-27 07:38:43,187|line:515| https://t.bilibili.com/100369101908606982
2024-11-27 07:38:46,430|line:345| 'NoneType' object is not subscriptable
2024-11-27 07:38:46,431|line:346| error line:321
2024-11-27 07:38:46,431|line:529| *#*#*#*#*#*#*#*#*#*原动态处理失败*#*#*#*#*#*#*#*#*#
2024-11-27 07:38:46,431|line:515| https://t.bilibili.com/100257576426825318
2024-11-27 07:38:47,720|line:345| 'NoneType' object is not subscriptable
2024-11-27 07:38:47,720|line:346| error line:321
2024-11-27 07:38:47,720|line:529| *#*#*#*#*#*#*#*#*#*原动态处理失败*#*#*#*#*#*#*#*#*#
2024-11-27 07:38:47,720|line:515| https://t.bilibili.com/100356893252150888
2024-11-27 07:38:48,974|line:345| 'NoneType' object is not subscriptable
2024-11-27 07:38:48,974|line:346| error line:321
2024-11-27 07:38:48,975|line:529| *#*#*#*#*#*#*#*#*#*原动态处理失败*#*#*#*#*#*#*#*#*#
2024-11-27 07:38:48,975|line:515| https://t.bilibili.com/100260651837318759
2024-11-27 07:38:51,210|line:345| 'NoneType' object is not subscriptable
2024-11-27 07:38:51,211|line:346| error line:321
2024-11-27 07:38:51,211|line:529| *#*#*#*#*#*#*#*#*#*原动态处理失败*#*#*#*#*#*#*#*#*#
2024-11-27 07:38:51,211|line:515| https://t.bilibili.com/100252860339663670
2024-11-27 07:38:53,694|line:345| 'NoneType' object is not subscriptable
2024-11-27 07:38:53,694|line:346| error line:321
2024-11-27 07:38:53,695|line:529| *#*#*#*#*#*#*#*#*#*原动态处理失败*#*#*#*#*#*#*#*#*#
2024-11-27 07:38:53,695|line:548| 执行结束
2024-11-27 07:38:56,725|line:553| ==================================================2024-11-27 15:38==================================================
