2024-11-30 16:30:43,943|line:233| processing article 39960878
2024-11-30 16:30:48,056|line:503| ==================================================2024-12-01 00:30==================================================
2024-11-30 16:30:48,057|line:515| https://t.bilibili.com/1004082595577724928
2024-11-30 16:30:49,327|line:522| 官方 或 预约 OUT！
2024-11-30 16:30:49,328|line:515| https://t.bilibili.com/1003268239672737831
2024-11-30 16:30:51,570|line:522| 官方 或 预约 OUT！
2024-11-30 16:30:51,570|line:515| https://t.bilibili.com/1003643946273865752
2024-11-30 16:30:53,804|line:335| =========此为子动态=========
2024-11-30 16:30:58,148|line:384| *************原动态处理开始***************
2024-11-30 16:31:02,962|line:471| 转发成功 1005648819828817958
2024-11-30 16:31:06,372|line:490| 评论发送成功
2024-11-30 16:31:07,790|line:207| 风控校验失败
2024-11-30 16:31:09,066|line:207| 风控校验失败
2024-11-30 16:31:10,362|line:207| 风控校验失败
2024-11-30 16:31:12,653|line:207| 风控校验失败
2024-11-30 16:31:15,951|line:207| 风控校验失败
2024-11-30 16:31:15,951|line:424| check接口被ban
2024-11-30 16:31:19,236|line:432| 关注 ==== 320294036 已经关注用户，无法重复关注
2024-11-30 16:31:22,568|line:499| 动态-点赞 0
2024-11-30 16:31:22,568|line:394| *************原动态处理完成***************
2024-11-30 16:31:24,072|line:359| *********子动态开始*********
2024-11-30 16:31:31,336|line:471| 转发成功 1005648944369238019
2024-11-30 16:31:34,688|line:490| 评论发送成功
2024-11-30 16:31:39,216|line:432| 关注 ==== 480520643 已经关注用户，无法重复关注
2024-11-30 16:31:39,217|line:373| ----完成一个子动态----
2024-11-30 16:31:48,479|line:471| 转发成功 1005649017381584916
2024-11-30 16:31:51,817|line:490| 评论发送成功
2024-11-30 16:31:58,545|line:432| 关注 ==== 505670427 已经关注用户，无法重复关注
2024-11-30 16:31:58,546|line:373| ----完成一个子动态----
2024-11-30 16:32:06,677|line:471| 转发成功 1005649094693093384
2024-11-30 16:32:10,016|line:490| 评论发送成功
2024-11-30 16:32:17,873|line:432| 关注 ==== 601210376 已经关注用户，无法重复关注
2024-11-30 16:32:17,873|line:373| ----完成一个子动态----
2024-11-30 16:32:25,966|line:471| 转发成功 1005649176272306197
2024-11-30 16:32:29,320|line:490| 评论发送成功
2024-11-30 16:32:33,866|line:432| 关注 ==== 3850213 已经关注用户，无法重复关注
2024-11-30 16:32:33,867|line:373| ----完成一个子动态----
2024-11-30 16:32:43,040|line:471| 转发成功 1005649249312964612
2024-11-30 16:32:46,606|line:490| 评论发送成功
2024-11-30 16:32:53,133|line:432| 关注 ==== 596026147 已经关注用户，无法重复关注
2024-11-30 16:32:53,133|line:373| ----完成一个子动态----
2024-11-30 16:33:01,182|line:471| 转发成功 1005649326633910305
2024-11-30 16:33:04,578|line:490| 评论发送成功
2024-11-30 16:33:09,149|line:432| 关注 ==== 381341826 已经关注用户，无法重复关注
2024-11-30 16:33:09,150|line:373| ----完成一个子动态----
2024-11-30 16:33:20,175|line:471| 转发成功 1005649412520673300
2024-11-30 16:33:23,517|line:490| 评论发送成功
2024-11-30 16:33:29,036|line:432| 关注 ==== 1024366005 已经关注用户，无法重复关注
2024-11-30 16:33:29,036|line:373| ----完成一个子动态----
2024-11-30 16:33:36,117|line:471| 转发成功 1005649476926308419
2024-11-30 16:33:39,476|line:490| 评论发送成功
2024-11-30 16:33:45,258|line:432| 关注 ==== 622557681 已经关注用户，无法重复关注
2024-11-30 16:33:45,258|line:373| ----完成一个子动态----
2024-11-30 16:33:54,486|line:471| 转发成功 1005649558520201240
2024-11-30 16:33:57,861|line:490| 评论发送成功
2024-11-30 16:34:04,534|line:432| 关注 ==== 627553716 已经关注用户，无法重复关注
2024-11-30 16:34:04,534|line:373| ----完成一个子动态----
2024-11-30 16:34:13,644|line:471| 转发成功 1005649640128774148
2024-11-30 16:34:16,985|line:490| 评论发送成功
2024-11-30 16:34:23,511|line:432| 关注 ==== 39776696 已经关注用户，无法重复关注
2024-11-30 16:34:23,511|line:373| ----完成一个子动态----
2024-11-30 16:34:34,562|line:471| 转发成功 1005649730346156036
2024-11-30 16:34:37,932|line:490| 评论发送成功
2024-11-30 16:34:42,456|line:432| 关注 ==== 212395881 已经关注用户，无法重复关注
2024-11-30 16:34:42,456|line:373| ----完成一个子动态----
2024-11-30 16:34:51,707|line:471| 转发成功 1005649803361648676
2024-11-30 16:34:55,040|line:490| 评论发送成功
2024-11-30 16:34:59,569|line:432| 关注 ==== 673826976 0
2024-11-30 16:34:59,569|line:373| ----完成一个子动态----
2024-11-30 16:34:59,570|line:378| *********子动态结束*********
2024-11-30 16:35:00,570|line:515| https://t.bilibili.com/1004075221106294785
2024-11-30 16:35:03,895|line:522| 官方 或 预约 OUT！
2024-11-30 16:35:03,896|line:515| https://t.bilibili.com/1003668264355627017
2024-11-30 16:35:03,896|line:517| 已有
2024-11-30 16:35:03,896|line:515| https://t.bilibili.com/1002098148859969537
2024-11-30 16:35:06,150|line:335| =========此为子动态=========
2024-11-30 16:35:08,587|line:398| *************原动态已存在***************
2024-11-30 16:35:10,170|line:359| *********子动态开始*********
2024-11-30 16:35:20,382|line:471| 转发成功 1005649927921991703
2024-11-30 16:35:23,806|line:490| 评论发送成功
2024-11-30 16:35:28,351|line:432| 关注 ==== 1129687681 已经关注用户，无法重复关注
2024-11-30 16:35:28,351|line:373| ----完成一个子动态----
2024-11-30 16:35:38,391|line:471| 转发成功 1005650005210431495
2024-11-30 16:35:41,751|line:490| 评论发送成功
2024-11-30 16:35:48,284|line:432| 关注 ==== 674121390 已经关注用户，无法重复关注
2024-11-30 16:35:48,285|line:373| ----完成一个子动态----
2024-11-30 16:35:58,329|line:471| 转发成功 1005650091115020297
2024-11-30 16:36:01,687|line:490| 评论发送成功
2024-11-30 16:36:08,203|line:432| 关注 ==== 479444311 已经关注用户，无法重复关注
2024-11-30 16:36:08,204|line:373| ----完成一个子动态----
2024-11-30 16:36:18,339|line:471| 转发成功 1005650176997588997
2024-11-30 16:36:21,706|line:490| 评论发送成功
2024-11-30 16:36:29,250|line:432| 关注 ==== 549830353 已经关注用户，无法重复关注
2024-11-30 16:36:29,251|line:373| ----完成一个子动态----
2024-11-30 16:36:39,272|line:471| 转发成功 1005650267211825161
2024-11-30 16:36:42,618|line:490| 评论发送成功
2024-11-30 16:36:48,326|line:432| 关注 ==== 26987075 已经关注用户，无法重复关注
2024-11-30 16:36:48,326|line:373| ----完成一个子动态----
2024-11-30 16:36:56,798|line:471| 转发成功 1005650340212637713
2024-11-30 16:37:00,346|line:490| 评论发送成功
2024-11-30 16:37:05,145|line:432| 关注 ==== 1538910381 已经关注用户，无法重复关注
2024-11-30 16:37:05,145|line:373| ----完成一个子动态----
2024-11-30 16:37:28,795|line:471| 转发成功 1005650477685145640
2024-11-30 16:37:32,298|line:490| 评论发送成功
2024-11-30 16:37:40,088|line:432| 关注 ==== 502893941 已经关注用户，无法重复关注
2024-11-30 16:37:40,088|line:373| ----完成一个子动态----
2024-11-30 16:38:06,874|line:378| *********子动态结束*********
2024-11-30 16:38:10,874|line:515| https://t.bilibili.com/1002457916801810438
2024-11-30 16:38:10,875|line:517| 已有
2024-11-30 16:38:10,875|line:515| https://t.bilibili.com/1004405379519479848
2024-11-30 16:38:14,208|line:340| =========此为源动态=========
2024-11-30 16:38:18,505|line:359| *********子动态开始*********
2024-11-30 16:38:18,505|line:378| *********子动态结束*********
2024-11-30 16:38:18,506|line:533| -=-=-=-=处理回最初的动态-=-=-=-=
2024-11-30 16:38:26,580|line:471| 转发成功 1005650726776471560
2024-11-30 16:38:29,945|line:490| 评论发送成功
2024-11-30 16:38:33,232|line:432| 关注 ==== 626347730 已经关注用户，无法重复关注
2024-11-30 16:38:36,552|line:499| 动态-点赞 0
2024-11-30 16:38:38,552|line:515| https://t.bilibili.com/1004411328043941944
2024-11-30 16:38:39,797|line:340| =========此为源动态=========
2024-11-30 16:38:43,308|line:359| *********子动态开始*********
2024-11-30 16:38:43,308|line:378| *********子动态结束*********
2024-11-30 16:38:43,309|line:533| -=-=-=-=处理回最初的动态-=-=-=-=
2024-11-30 16:38:52,264|line:471| 转发成功 1005650838422552583
2024-11-30 16:38:55,632|line:490| 评论发送成功
2024-11-30 16:38:58,931|line:432| 关注 ==== 28767705 0
2024-11-30 16:39:02,187|line:499| 动态-点赞 0
2024-11-30 16:39:05,187|line:515| https://t.bilibili.com/1003642485959819273
2024-11-30 16:39:08,501|line:335| =========此为子动态=========
2024-11-30 16:39:12,860|line:384| *************原动态处理开始***************
2024-11-30 16:39:18,702|line:471| 转发成功 1005650950100090897
2024-11-30 16:39:22,083|line:490| 评论发送成功
2024-11-30 16:39:25,376|line:432| 关注 ==== 476645168 已经关注用户，无法重复关注
2024-11-30 16:39:28,649|line:499| 动态-点赞 0
2024-11-30 16:39:28,649|line:394| *************原动态处理完成***************
2024-11-30 16:39:30,184|line:359| *********子动态开始*********
2024-11-30 16:39:37,228|line:471| 转发成功 1005651031736975362
2024-11-30 16:39:40,586|line:490| 评论发送成功
2024-11-30 16:39:45,107|line:432| 关注 ==== 333641046 已经关注用户，无法重复关注
2024-11-30 16:39:45,107|line:373| ----完成一个子动态----
2024-11-30 16:39:54,318|line:471| 转发成功 1005651104710524953
2024-11-30 16:39:57,777|line:490| 评论发送成功
2024-11-30 16:40:05,302|line:432| 关注 ==== 626347730 已经关注用户，无法重复关注
2024-11-30 16:40:05,302|line:373| ----完成一个子动态----
2024-11-30 16:40:14,453|line:471| 转发成功 1005651190618259475
2024-11-30 16:40:17,956|line:490| 评论发送成功
2024-11-30 16:40:25,479|line:432| 关注 ==== 102637603 已经关注用户，无法重复关注
2024-11-30 16:40:25,479|line:373| ----完成一个子动态----
2024-11-30 16:40:33,602|line:471| 转发成功 1005651272217395225
2024-11-30 16:40:36,953|line:490| 评论发送成功
2024-11-30 16:40:44,479|line:432| 关注 ==== 444854666 已经关注用户，无法重复关注
2024-11-30 16:40:44,479|line:373| ----完成一个子动态----
2024-11-30 16:40:53,611|line:471| 转发成功 1005651358116741141
2024-11-30 16:40:56,980|line:490| 评论发送成功
2024-11-30 16:41:04,527|line:432| 关注 ==== 1494786563 已经关注用户，无法重复关注
2024-11-30 16:41:04,527|line:373| ----完成一个子动态----
2024-11-30 16:41:14,636|line:471| 转发成功 1005651448339365892
2024-11-30 16:41:18,166|line:490| 评论发送成功
2024-11-30 16:41:24,796|line:432| 关注 ==== 493230543 已经关注用户，无法重复关注
2024-11-30 16:41:24,796|line:373| ----完成一个子动态----
2024-11-30 16:41:43,038|line:471| 转发成功 1005651568595304485
2024-11-30 16:41:46,385|line:490| 评论发送成功
2024-11-30 16:41:50,923|line:432| 关注 ==== 346469145 已经关注用户，无法重复关注
2024-11-30 16:41:50,923|line:373| ----完成一个子动态----
2024-11-30 16:42:02,008|line:471| 转发成功 1005651650203877401
2024-11-30 16:42:05,406|line:490| 评论发送成功
2024-11-30 16:42:12,930|line:432| 关注 ==== 242136088 已经关注用户，无法重复关注
2024-11-30 16:42:12,930|line:373| ----完成一个子动态----
2024-11-30 16:42:24,957|line:471| 转发成功 1005651748993368080
2024-11-30 16:42:28,460|line:490| 评论发送成功
2024-11-30 16:42:32,984|line:432| 关注 ==== 1521701206 已经关注用户，无法重复关注
2024-11-30 16:42:32,984|line:373| ----完成一个子动态----
2024-11-30 16:42:56,418|line:471| 转发成功 1005651886417641475
2024-11-30 16:42:59,766|line:490| 评论发送成功
2024-11-30 16:43:04,288|line:432| 关注 ==== 479444311 已经关注用户，无法重复关注
2024-11-30 16:43:04,288|line:373| ----完成一个子动态----
2024-11-30 16:43:10,970|line:378| *********子动态结束*********
2024-11-30 16:43:12,971|line:515| https://t.bilibili.com/1003992753423515650
2024-11-30 16:43:12,971|line:517| 已有
2024-11-30 16:43:12,971|line:515| https://t.bilibili.com/1003643263338414101
2024-11-30 16:43:16,235|line:335| =========此为子动态=========
2024-11-30 16:43:17,592|line:384| *************原动态处理开始***************
2024-11-30 16:43:25,381|line:471| 转发成功 1005652010968547330
2024-11-30 16:43:28,780|line:490| 评论发送成功
2024-11-30 16:43:32,261|line:432| 关注 ==== 480520643 已经关注用户，无法重复关注
2024-11-30 16:43:35,525|line:499| 动态-点赞 0
2024-11-30 16:43:35,525|line:394| *************原动态处理完成***************
2024-11-30 16:43:37,990|line:359| *********子动态开始*********
2024-11-30 16:43:55,228|line:471| 转发成功 1005652139809177608
2024-11-30 16:43:58,584|line:490| 评论发送成功
2024-11-30 16:44:09,144|line:432| 关注 ==== 1863894913 已经关注用户，无法重复关注
2024-11-30 16:44:09,145|line:373| ----完成一个子动态----
2024-11-30 16:44:17,217|line:471| 转发成功 1005652230018170913
2024-11-30 16:44:20,644|line:490| 评论发送成功
2024-11-30 16:44:25,162|line:432| 关注 ==== 627553716 已经关注用户，无法重复关注
2024-11-30 16:44:25,163|line:373| ----完成一个子动态----
2024-11-30 16:44:35,320|line:471| 转发成功 1005652311600529429
2024-11-30 16:44:38,691|line:490| 评论发送成功
2024-11-30 16:44:46,407|line:432| 关注 ==== 2000380121 已经关注用户，无法重复关注
2024-11-30 16:44:46,408|line:373| ----完成一个子动态----
2024-11-30 16:44:57,532|line:471| 转发成功 1005652406085615617
2024-11-30 16:45:00,989|line:490| 评论发送成功
2024-11-30 16:45:05,595|line:432| 关注 ==== 436170053 已经关注用户，无法重复关注
2024-11-30 16:45:05,596|line:373| ----完成一个子动态----
2024-11-30 16:45:05,596|line:378| *********子动态结束*********
2024-11-30 16:45:06,597|line:515| https://t.bilibili.com/1004029733083545606
2024-11-30 16:45:08,943|line:340| =========此为源动态=========
2024-11-30 16:45:10,445|line:359| *********子动态开始*********
2024-11-30 16:45:10,445|line:378| *********子动态结束*********
2024-11-30 16:45:10,445|line:533| -=-=-=-=处理回最初的动态-=-=-=-=
2024-11-30 16:45:20,487|line:471| 转发成功 1005652504883494913
2024-11-30 16:45:24,018|line:490| 评论发送成功
2024-11-30 16:45:27,306|line:432| 关注 ==== 39776696 已经关注用户，无法重复关注
2024-11-30 16:45:30,582|line:499| 动态-点赞 0
2024-11-30 16:45:34,582|line:515| https://t.bilibili.com/1004338674382405702
2024-11-30 16:45:36,001|line:340| =========此为源动态=========
2024-11-30 16:45:40,295|line:359| *********子动态开始*********
2024-11-30 16:45:40,295|line:378| *********子动态结束*********
2024-11-30 16:45:40,295|line:533| -=-=-=-=处理回最初的动态-=-=-=-=
2024-11-30 16:45:48,249|line:471| 转发成功 1005652625169842178
2024-11-30 16:45:51,584|line:490| 评论发送成功
2024-11-30 16:45:54,876|line:432| 关注 ==== 3546740875594396 已经关注用户，无法重复关注
2024-11-30 16:45:58,171|line:499| 动态-点赞 0
2024-11-30 16:46:01,171|line:515| https://t.bilibili.com/1004089119605784610
2024-11-30 16:46:05,418|line:340| =========此为源动态=========
2024-11-30 16:46:06,936|line:359| *********子动态开始*********
2024-11-30 16:46:06,936|line:378| *********子动态结束*********
2024-11-30 16:46:06,936|line:533| -=-=-=-=处理回最初的动态-=-=-=-=
2024-11-30 16:46:17,231|line:471| 转发成功 1005652749694533636
2024-11-30 16:46:20,565|line:490| 评论发送成功
2024-11-30 16:46:23,850|line:432| 关注 ==== 40488476 已经关注用户，无法重复关注
2024-11-30 16:46:27,105|line:499| 动态-点赞 0
2024-11-30 16:46:30,106|line:515| https://t.bilibili.com/1004036317279944745
2024-11-30 16:46:30,106|line:517| 已有
2024-11-30 16:46:30,106|line:515| https://t.bilibili.com/1004459139655532545
2024-11-30 16:46:34,356|line:335| =========此为子动态=========
2024-11-30 16:46:36,679|line:398| *************原动态已存在***************
2024-11-30 16:46:40,208|line:359| *********子动态开始*********
2024-11-30 16:46:49,204|line:471| 转发成功 1005652887134535689
2024-11-30 16:46:52,599|line:490| 评论发送成功
2024-11-30 16:47:00,137|line:432| 关注 ==== 242136088 已经关注用户，无法重复关注
2024-11-30 16:47:00,137|line:373| ----完成一个子动态----
2024-11-30 16:47:00,138|line:378| *********子动态结束*********
2024-11-30 16:47:03,138|line:515| https://t.bilibili.com/1003681398371909652
2024-11-30 16:47:03,139|line:517| 已有
2024-11-30 16:47:03,139|line:515| https://t.bilibili.com/1003625413456429065
2024-11-30 16:47:03,139|line:517| 已有
2024-11-30 16:47:03,139|line:515| https://t.bilibili.com/1004437132202213381
2024-11-30 16:47:04,387|line:335| =========此为子动态=========
2024-11-30 16:47:08,683|line:398| *************原动态已存在***************
2024-11-30 16:47:12,149|line:359| *********子动态开始*********
2024-11-30 16:47:21,371|line:471| 转发成功 1005653024587120640
2024-11-30 16:47:24,794|line:490| 评论发送成功
2024-11-30 16:47:30,320|line:432| 关注 ==== 1024366005 已经关注用户，无法重复关注
2024-11-30 16:47:30,320|line:373| ----完成一个子动态----
2024-11-30 16:47:39,269|line:471| 转发成功 1005653101897580544
2024-11-30 16:47:42,627|line:490| 评论发送成功
2024-11-30 16:47:49,298|line:432| 关注 ==== 626347730 已经关注用户，无法重复关注
2024-11-30 16:47:49,298|line:373| ----完成一个子动态----
2024-11-30 16:47:59,323|line:471| 转发成功 1005653187786440712
2024-11-30 16:48:02,869|line:490| 评论发送成功
2024-11-30 16:48:09,567|line:432| 关注 ==== 1741810867 已经关注用户，无法重复关注
2024-11-30 16:48:09,568|line:373| ----完成一个子动态----
2024-11-30 16:48:18,555|line:471| 转发成功 1005653269384527873
2024-11-30 16:48:21,923|line:490| 评论发送成功
2024-11-30 16:48:26,562|line:432| 关注 ==== 627553716 已经关注用户，无法重复关注
2024-11-30 16:48:26,562|line:373| ----完成一个子动态----
2024-11-30 16:48:32,548|line:471| 转发成功 1005653329526652929
2024-11-30 16:48:35,927|line:490| 评论发送成功
2024-11-30 16:48:42,440|line:432| 关注 ==== 515090296 已经关注用户，无法重复关注
2024-11-30 16:48:42,440|line:373| ----完成一个子动态----
2024-11-30 16:48:42,441|line:378| *********子动态结束*********
2024-11-30 16:48:45,442|line:515| https://t.bilibili.com/1004393551209955332
2024-11-30 16:48:45,442|line:517| 已有
2024-11-30 16:48:45,442|line:515| https://t.bilibili.com/1001737603557359624
2024-11-30 16:48:46,786|line:340| =========此为源动态=========
2024-11-30 16:48:50,299|line:359| *********子动态开始*********
2024-11-30 16:48:50,299|line:378| *********子动态结束*********
2024-11-30 16:48:50,299|line:533| -=-=-=-=处理回最初的动态-=-=-=-=
2024-11-30 16:48:59,432|line:471| 转发成功 1005653445486575618
2024-11-30 16:49:02,933|line:490| 评论发送成功
2024-11-30 16:49:06,223|line:432| 关注 ==== 268035532 已经关注用户，无法重复关注
2024-11-30 16:49:09,500|line:499| 动态-点赞 0
2024-11-30 16:49:13,501|line:515| https://t.bilibili.com/1002173478319685664
2024-11-30 16:49:13,501|line:517| 已有
2024-11-30 16:49:13,501|line:515| https://t.bilibili.com/1002230678670016518
2024-11-30 16:49:13,501|line:517| 已有
2024-11-30 16:49:13,502|line:515| https://t.bilibili.com/1001457391271673858
2024-11-30 16:49:15,755|line:335| =========此为子动态=========
2024-11-30 16:49:17,184|line:398| *************原动态已存在***************
2024-11-30 16:49:19,675|line:359| *********子动态开始*********
2024-11-30 16:49:30,718|line:471| 转发成功 1005653578630561812
2024-11-30 16:49:34,060|line:490| 评论发送成功
2024-11-30 16:49:41,857|line:432| 关注 ==== 479444311 已经关注用户，无法重复关注
2024-11-30 16:49:41,857|line:373| ----完成一个子动态----
2024-11-30 16:49:51,913|line:471| 转发成功 1005653668845846537
2024-11-30 16:49:55,261|line:490| 评论发送成功
2024-11-30 16:50:00,790|line:432| 关注 ==== 3493279465212009 已经关注用户，无法重复关注
2024-11-30 16:50:00,791|line:373| ----完成一个子动态----
2024-11-30 16:50:09,847|line:471| 转发成功 1005653746119606275
2024-11-30 16:50:13,235|line:490| 评论发送成功
2024-11-30 16:50:18,766|line:432| 关注 ==== 505670427 已经关注用户，无法重复关注
2024-11-30 16:50:18,766|line:373| ----完成一个子动态----
2024-11-30 16:50:26,784|line:471| 转发成功 1005653819148730390
2024-11-30 16:50:30,117|line:490| 评论发送成功
2024-11-30 16:50:35,868|line:432| 关注 ==== 1338030495 已经关注用户，无法重复关注
2024-11-30 16:50:35,868|line:373| ----完成一个子动态----
2024-11-30 16:50:45,419|line:471| 转发成功 1005653896452898837
2024-11-30 16:50:48,783|line:490| 评论发送成功
2024-11-30 16:50:54,330|line:432| 关注 ==== 699204462 已经关注用户，无法重复关注
2024-11-30 16:50:54,331|line:373| ----完成一个子动态----
2024-11-30 16:51:03,387|line:471| 转发成功 1005653978045743127
2024-11-30 16:51:06,725|line:490| 评论发送成功
2024-11-30 16:51:11,263|line:432| 关注 ==== 346469145 已经关注用户，无法重复关注
2024-11-30 16:51:11,263|line:373| ----完成一个子动态----
2024-11-30 16:51:18,265|line:471| 转发成功 1005654042500661257
2024-11-30 16:51:21,712|line:490| 评论发送成功
2024-11-30 16:51:27,313|line:432| 关注 ==== 3546567483066493 已经关注用户，无法重复关注
2024-11-30 16:51:27,314|line:373| ----完成一个子动态----
2024-11-30 16:51:36,331|line:471| 转发成功 1005654119800635397
2024-11-30 16:51:39,674|line:490| 评论发送成功
2024-11-30 16:51:47,201|line:432| 关注 ==== 2091407755 已经关注用户，无法重复关注
2024-11-30 16:51:47,201|line:373| ----完成一个子动态----
2024-11-30 16:51:47,202|line:378| *********子动态结束*********
2024-11-30 16:51:51,203|line:515| https://t.bilibili.com/1004063712735133721
2024-11-30 16:51:53,465|line:340| =========此为源动态=========
2024-11-30 16:51:55,931|line:359| *********子动态开始*********
2024-11-30 16:51:55,931|line:378| *********子动态结束*********
2024-11-30 16:51:55,931|line:533| -=-=-=-=处理回最初的动态-=-=-=-=
2024-11-30 16:52:04,958|line:471| 转发成功 1005654240038748177
2024-11-30 16:52:08,331|line:490| 评论发送成功
2024-11-30 16:52:11,626|line:432| 关注 ==== 3850213 已经关注用户，无法重复关注
2024-11-30 16:52:14,882|line:499| 动态-点赞 0
2024-11-30 16:52:15,882|line:515| https://t.bilibili.com/1004372950375202819
2024-11-30 16:52:19,311|line:340| =========此为源动态=========
2024-11-30 16:52:20,779|line:359| *********子动态开始*********
2024-11-30 16:52:20,779|line:378| *********子动态结束*********
2024-11-30 16:52:20,780|line:533| -=-=-=-=处理回最初的动态-=-=-=-=
2024-11-30 16:52:33,300|line:471| 转发成功 1005654364610625544
2024-11-30 16:52:36,804|line:490| 评论发送成功
2024-11-30 16:52:40,217|line:432| 关注 ==== 332632721 已经关注用户，无法重复关注
2024-11-30 16:52:43,618|line:499| 动态-点赞 0
2024-11-30 16:52:44,618|line:515| https://t.bilibili.com/1004465818330726405
2024-11-30 16:52:45,852|line:340| =========此为源动态=========
2024-11-30 16:52:47,138|line:359| *********子动态开始*********
2024-11-30 16:52:47,138|line:378| *********子动态结束*********
2024-11-30 16:52:47,138|line:533| -=-=-=-=处理回最初的动态-=-=-=-=
2024-11-30 16:52:58,733|line:471| 转发成功 1005654471981662211
2024-11-30 16:53:02,163|line:490| 评论发送成功
2024-11-30 16:53:05,581|line:432| 关注 ==== 1497838690 已经关注用户，无法重复关注
2024-11-30 16:53:08,980|line:499| 动态-点赞 0
2024-11-30 16:53:10,980|line:515| https://t.bilibili.com/1001809840620699657
2024-11-30 16:53:10,980|line:517| 已有
2024-11-30 16:53:10,980|line:515| https://t.bilibili.com/1003674681019990050
2024-11-30 16:53:13,228|line:340| =========此为源动态=========
2024-11-30 16:53:14,742|line:359| *********子动态开始*********
2024-11-30 16:53:14,743|line:378| *********子动态结束*********
2024-11-30 16:53:14,743|line:533| -=-=-=-=处理回最初的动态-=-=-=-=
2024-11-30 16:53:27,112|line:471| 转发成功 1005654592264863760
2024-11-30 16:53:30,653|line:490| 评论发送成功
2024-11-30 16:53:34,074|line:432| 关注 ==== 417353455 已经关注用户，无法重复关注
2024-11-30 16:53:37,460|line:499| 动态-点赞 0
2024-11-30 16:53:41,460|line:515| https://t.bilibili.com/1004155957885796375
2024-11-30 16:53:42,794|line:522| 官方 或 预约 OUT！
2024-11-30 16:53:42,795|line:515| https://t.bilibili.com/1002495845668487206
2024-11-30 16:53:44,041|line:340| =========此为源动态=========
2024-11-30 16:53:45,331|line:359| *********子动态开始*********
2024-11-30 16:53:45,331|line:378| *********子动态结束*********
2024-11-30 16:53:45,331|line:533| -=-=-=-=处理回最初的动态-=-=-=-=
2024-11-30 16:53:55,729|line:471| 转发成功 1005654716788506665
2024-11-30 16:53:59,077|line:490| 评论发送成功
2024-11-30 16:54:02,371|line:432| 关注 ==== 110487933 已经关注用户，无法重复关注
2024-11-30 16:54:05,630|line:499| 动态-点赞 0
2024-11-30 16:54:06,630|line:515| https://t.bilibili.com/1004077132380373030
2024-11-30 16:54:10,877|line:340| =========此为源动态=========
2024-11-30 16:54:13,392|line:359| *********子动态开始*********
2024-11-30 16:54:13,392|line:378| *********子动态结束*********
2024-11-30 16:54:13,393|line:533| -=-=-=-=处理回最初的动态-=-=-=-=
2024-11-30 16:54:20,306|line:471| 转发成功 1005654824165834760
2024-11-30 16:54:23,663|line:490| 评论发送成功
2024-11-30 16:54:26,945|line:432| 关注 ==== 1923908090 已经关注用户，无法重复关注
2024-11-30 16:54:30,268|line:499| 动态-点赞 0
2024-11-30 16:54:32,268|line:515| https://t.bilibili.com/1004051177851060258
2024-11-30 16:54:35,520|line:522| 官方 或 预约 OUT！
2024-11-30 16:54:35,521|line:515| https://t.bilibili.com/1003640987024621569
2024-11-30 16:54:35,521|line:517| 已有
2024-11-30 16:54:35,521|line:515| https://t.bilibili.com/1001840996291444758
2024-11-30 16:54:37,769|line:335| =========此为子动态=========
2024-11-30 16:54:40,069|line:398| *************原动态已存在***************
2024-11-30 16:54:44,434|line:359| *********子动态开始*********
2024-11-30 16:59:15,577|line:378| *********子动态结束*********
2024-11-30 16:59:15,578|line:533| -=-=-=-=处理回最初的动态-=-=-=-=
2024-11-30 16:59:21,559|line:471| 转发成功 1005656116962525207
2024-11-30 16:59:25,056|line:490| 评论发送成功
2024-11-30 16:59:28,591|line:432| 关注 ==== 447408756 已经关注用户，无法重复关注
2024-11-30 16:59:31,858|line:499| 动态-点赞 0
2024-11-30 16:59:34,858|line:515| https://t.bilibili.com/1004314163036553218
2024-11-30 16:59:37,197|line:335| =========此为子动态=========
2024-11-30 16:59:41,542|line:398| *************原动态已存在***************
2024-11-30 16:59:45,011|line:359| *********子动态开始*********
2024-11-30 17:00:19,791|line:471| 转发成功 1005656366076919817
2024-11-30 17:00:23,136|line:490| 评论发送成功
2024-11-30 17:00:27,642|line:432| 关注 ==== 343470950 您的账号异常，请稍后再试
2024-11-30 17:00:27,642|line:373| ----完成一个子动态----
2024-11-30 17:00:27,642|line:378| *********子动态结束*********
2024-11-30 17:00:27,643|line:533| -=-=-=-=处理回最初的动态-=-=-=-=
2024-11-30 17:00:34,623|line:471| 转发成功 1005656430488846340
2024-11-30 17:00:37,952|line:490| 评论发送成功
2024-11-30 17:00:41,235|line:432| 关注 ==== 631208134 已经关注用户，无法重复关注
2024-11-30 17:00:44,493|line:499| 动态-点赞 0
2024-11-30 17:00:48,494|line:515| https://t.bilibili.com/1003994578777276437
2024-11-30 17:00:48,494|line:517| 已有
2024-11-30 17:00:48,494|line:515| https://t.bilibili.com/1004453783796711425
2024-11-30 17:00:52,739|line:340| =========此为源动态=========
2024-11-30 17:00:55,201|line:359| *********子动态开始*********
2024-11-30 17:00:55,201|line:378| *********子动态结束*********
2024-11-30 17:00:55,201|line:533| -=-=-=-=处理回最初的动态-=-=-=-=
2024-11-30 17:01:06,398|line:471| 转发成功 1005656567936188424
2024-11-30 17:01:09,738|line:490| 评论发送成功
2024-11-30 17:01:13,100|line:432| 关注 ==== 30973654 已经关注用户，无法重复关注
2024-11-30 17:01:16,355|line:499| 动态-点赞 0
2024-11-30 17:01:20,356|line:515| https://t.bilibili.com/1001793906288885779
2024-11-30 17:01:23,681|line:340| =========此为源动态=========
2024-11-30 17:01:28,045|line:359| *********子动态开始*********
2024-11-30 17:01:28,045|line:378| *********子动态结束*********
2024-11-30 17:01:28,045|line:533| -=-=-=-=处理回最初的动态-=-=-=-=
2024-11-30 17:01:37,147|line:471| 转发成功 1005656696797790224
2024-11-30 17:01:40,414|line:490| 评论发送成功
2024-11-30 17:01:43,708|line:432| 关注 ==== 3546740875594396 已经关注用户，无法重复关注
2024-11-30 17:01:46,972|line:499| 动态-点赞 0
2024-11-30 17:01:47,973|line:515| https://t.bilibili.com/1003677421246873635
2024-11-30 17:01:49,218|line:522| 官方 或 预约 OUT！
2024-11-30 17:01:49,218|line:515| https://t.bilibili.com/1001097095049904136
2024-11-30 17:01:49,218|line:517| 已有
2024-11-30 17:01:49,218|line:515| https://t.bilibili.com/1004080181778841625
2024-11-30 17:01:49,218|line:517| 已有
2024-11-30 17:01:49,218|line:515| https://t.bilibili.com/1002823354115162165
2024-11-30 17:01:49,219|line:517| 已有
2024-11-30 17:01:49,219|line:515| https://t.bilibili.com/1004465721674039317
2024-11-30 17:01:53,463|line:340| =========此为源动态=========
2024-11-30 17:01:56,746|line:359| *********子动态开始*********
2024-11-30 17:01:56,746|line:378| *********子动态结束*********
2024-11-30 17:01:56,747|line:533| -=-=-=-=处理回最初的动态-=-=-=-=
2024-11-30 17:02:06,741|line:471| 转发成功 1005656825632129040
2024-11-30 17:02:10,073|line:490| 评论发送成功
2024-11-30 17:02:13,365|line:432| 关注 ==== 17236262 已经关注用户，无法重复关注
2024-11-30 17:02:16,623|line:499| 动态-点赞 0
2024-11-30 17:02:19,623|line:515| https://t.bilibili.com/1004299070519377924
2024-11-30 17:02:19,624|line:517| 已有
2024-11-30 17:02:19,624|line:515| https://t.bilibili.com/1004426824286994441
2024-11-30 17:02:23,872|line:335| =========此为子动态=========
2024-11-30 17:02:27,194|line:398| *************原动态已存在***************
2024-11-30 17:02:28,492|line:359| *********子动态开始*********
2024-11-30 17:02:36,457|line:471| 转发成功 1005656954464370691
2024-11-30 17:02:39,882|line:490| 评论发送成功
2024-11-30 17:02:47,410|line:432| 关注 ==== 622557681 已经关注用户，无法重复关注
2024-11-30 17:02:47,410|line:373| ----完成一个子动态----
2024-11-30 17:02:47,411|line:378| *********子动态结束*********
2024-11-30 17:02:49,412|line:515| https://t.bilibili.com/1004353938725535766
2024-11-30 17:02:51,664|line:340| =========此为源动态=========
2024-11-30 17:02:56,267|line:359| *********子动态开始*********
2024-11-30 17:02:56,267|line:378| *********子动态结束*********
2024-11-30 17:02:56,268|line:533| -=-=-=-=处理回最初的动态-=-=-=-=
2024-11-30 17:03:04,337|line:471| 转发成功 1005657074731843588
2024-11-30 17:03:07,709|line:490| 评论发送成功
2024-11-30 17:03:11,089|line:432| 关注 ==== 631070414 0
2024-11-30 17:03:14,357|line:499| 动态-点赞 0
2024-11-30 17:03:15,357|line:515| https://t.bilibili.com/1003707528949792773
2024-11-30 17:03:16,613|line:335| =========此为子动态=========
2024-11-30 17:03:17,949|line:384| *************原动态处理开始***************
2024-11-30 17:03:23,622|line:471| 转发成功 1005657156336222233
2024-11-30 17:03:27,399|line:490| 评论发送成功
2024-11-30 17:03:30,826|line:432| 关注 ==== 346469145 已经关注用户，无法重复关注
2024-11-30 17:03:34,122|line:499| 动态-点赞 0
2024-11-30 17:03:34,122|line:394| *************原动态处理完成***************
2024-11-30 17:03:35,594|line:359| *********子动态开始*********
2024-11-30 17:03:42,814|line:471| 转发成功 1005657237928017938
2024-11-30 17:03:46,178|line:490| 评论发送成功
2024-11-30 17:03:51,704|line:432| 关注 ==== 471130755 已经关注用户，无法重复关注
2024-11-30 17:03:51,704|line:373| ----完成一个子动态----
2024-11-30 17:04:00,989|line:471| 转发成功 1005657315264692248
2024-11-30 17:04:04,540|line:490| 评论发送成功
2024-11-30 17:04:11,163|line:432| 关注 ==== 3546567483066493 已经关注用户，无法重复关注
2024-11-30 17:04:11,163|line:373| ----完成一个子动态----
2024-11-30 17:04:18,383|line:471| 转发成功 1005657392567812100
2024-11-30 17:04:21,715|line:490| 评论发送成功
2024-11-30 17:04:28,246|line:432| 关注 ==== 626347730 已经关注用户，无法重复关注
2024-11-30 17:04:28,247|line:373| ----完成一个子动态----
2024-11-30 17:04:38,360|line:471| 转发成功 1005657478475546645
2024-11-30 17:04:41,881|line:490| 评论发送成功
2024-11-30 17:04:49,491|line:432| 关注 ==== 1521701206 已经关注用户，无法重复关注
2024-11-30 17:04:49,491|line:373| ----完成一个子动态----
2024-11-30 17:04:57,596|line:471| 转发成功 1005657560079925248
2024-11-30 17:05:01,121|line:490| 评论发送成功
2024-11-30 17:05:05,763|line:432| 关注 ==== 618447026 已经关注用户，无法重复关注
2024-11-30 17:05:05,763|line:373| ----完成一个子动态----
2024-11-30 17:05:13,816|line:471| 转发成功 1005657628782624793
2024-11-30 17:05:17,229|line:490| 评论发送成功
2024-11-30 17:05:22,767|line:432| 关注 ==== 242136088 已经关注用户，无法重复关注
2024-11-30 17:05:22,767|line:373| ----完成一个子动态----
2024-11-30 17:05:32,768|line:471| 转发成功 1005657710393294850
2024-11-30 17:05:36,119|line:490| 评论发送成功
2024-11-30 17:05:40,670|line:432| 关注 ==== 627553716 已经关注用户，无法重复关注
2024-11-30 17:05:40,670|line:373| ----完成一个子动态----
2024-11-30 17:05:49,684|line:471| 转发成功 1005657783387815956
2024-11-30 17:05:53,034|line:490| 评论发送成功
2024-11-30 17:05:59,690|line:432| 关注 ==== 479444311 已经关注用户，无法重复关注
2024-11-30 17:05:59,690|line:373| ----完成一个子动态----
2024-11-30 17:05:59,690|line:378| *********子动态结束*********
2024-11-30 17:06:00,691|line:515| https://t.bilibili.com/1004048746913202216
2024-11-30 17:06:00,691|line:517| 已有
2024-11-30 17:06:00,692|line:515| https://t.bilibili.com/1001462549527396360
2024-11-30 17:06:00,692|line:517| 已有
2024-11-30 17:06:00,692|line:515| https://t.bilibili.com/1003675698933530626
2024-11-30 17:06:03,195|line:335| =========此为子动态=========
2024-11-30 17:06:06,827|line:384| *************原动态处理开始***************
2024-11-30 17:06:12,517|line:471| 转发成功 1005657882196180998
2024-11-30 17:06:15,863|line:490| 评论发送成功
2024-11-30 17:06:19,158|line:432| 关注 ==== 1494786563 已经关注用户，无法重复关注
2024-11-30 17:06:22,420|line:499| 动态-点赞 0
2024-11-30 17:06:22,420|line:394| *************原动态处理完成***************
2024-11-30 17:06:24,021|line:359| *********子动态开始*********
2024-11-30 17:06:33,321|line:471| 转发成功 1005657972375814164
2024-11-30 17:06:36,731|line:490| 评论发送成功
2024-11-30 17:06:43,271|line:432| 关注 ==== 647359920 已经关注用户，无法重复关注
2024-11-30 17:06:43,272|line:373| ----完成一个子动态----
2024-11-30 17:06:55,399|line:471| 转发成功 1005658066867191816
2024-11-30 17:06:58,740|line:490| 评论发送成功
2024-11-30 17:07:04,467|line:432| 关注 ==== 421669645 已经关注用户，无法重复关注
2024-11-30 17:07:04,467|line:373| ----完成一个子动态----
2024-11-30 17:07:20,390|line:471| 转发成功 1005658174253957141
2024-11-30 17:07:23,736|line:490| 评论发送成功
2024-11-30 17:07:29,255|line:432| 关注 ==== 63414376 已经关注用户，无法重复关注
2024-11-30 17:07:29,256|line:373| ----完成一个子动态----
2024-11-30 17:08:18,510|line:378| *********子动态结束*********
2024-11-30 17:08:20,511|line:515| https://t.bilibili.com/1002201013341388824
2024-11-30 17:08:20,511|line:517| 已有
2024-11-30 17:08:20,511|line:515| https://t.bilibili.com/1001453409850621970
2024-11-30 17:08:20,512|line:517| 已有
2024-11-30 17:08:20,512|line:515| https://t.bilibili.com/1002120409678610512
2024-11-30 17:08:23,845|line:340| =========此为源动态=========
2024-11-30 17:08:28,118|line:359| *********子动态开始*********
2024-11-30 17:08:28,118|line:378| *********子动态结束*********
2024-11-30 17:08:28,118|line:533| -=-=-=-=处理回最初的动态-=-=-=-=
2024-11-30 17:08:39,531|line:471| 转发成功 1005658513539596328
2024-11-30 17:08:42,790|line:490| 评论发送成功
2024-11-30 17:08:46,095|line:432| 关注 ==== 3546740875594396 已经关注用户，无法重复关注
2024-11-30 17:08:49,363|line:499| 动态-点赞 0
2024-11-30 17:08:52,363|line:515| https://t.bilibili.com/1003672409021087768
2024-11-30 17:08:52,364|line:517| 已有
2024-11-30 17:08:52,364|line:515| https://t.bilibili.com/1002517427868663828
2024-11-30 17:08:52,364|line:517| 已有
2024-11-30 17:08:52,364|line:515| https://t.bilibili.com/1004423852175917056
2024-11-30 17:08:54,610|line:340| =========此为源动态=========
2024-11-30 17:08:58,905|line:359| *********子动态开始*********
2024-11-30 17:08:58,905|line:378| *********子动态结束*********
2024-11-30 17:08:58,905|line:533| -=-=-=-=处理回最初的动态-=-=-=-=
2024-11-30 17:09:05,952|line:471| 转发成功 1005658625208745992
2024-11-30 17:09:09,366|line:490| 评论发送成功
2024-11-30 17:09:12,652|line:432| 关注 ==== 292015564 0
2024-11-30 17:09:15,920|line:499| 动态-点赞 0
2024-11-30 17:09:17,920|line:515| https://t.bilibili.com/1002451817941958677
2024-11-30 17:09:22,174|line:340| =========此为源动态=========
2024-11-30 17:09:24,444|line:359| *********子动态开始*********
2024-11-30 17:09:24,444|line:378| *********子动态结束*********
2024-11-30 17:09:24,445|line:533| -=-=-=-=处理回最初的动态-=-=-=-=
2024-11-30 17:09:33,447|line:471| 转发成功 1005658745469927430
2024-11-30 17:09:36,781|line:490| 评论发送成功
2024-11-30 17:09:40,063|line:432| 关注 ==== 397664175 已经关注用户，无法重复关注
2024-11-30 17:09:43,325|line:499| 动态-点赞 0
2024-11-30 17:09:45,326|line:515| https://t.bilibili.com/1002088214609002496
2024-11-30 17:09:45,326|line:517| 已有
2024-11-30 17:09:45,326|line:515| https://t.bilibili.com/1003804225855029271
2024-11-30 17:09:49,586|line:522| 官方 或 预约 OUT！
2024-11-30 17:09:49,586|line:515| https://t.bilibili.com/1004069044950663188
2024-11-30 17:09:52,833|line:522| 官方 或 预约 OUT！
2024-11-30 17:09:52,834|line:515| https://t.bilibili.com/1003970941419520001
2024-11-30 17:09:54,164|line:340| =========此为源动态=========
2024-11-30 17:09:58,632|line:359| *********子动态开始*********
2024-11-30 17:09:58,632|line:378| *********子动态结束*********
2024-11-30 17:09:58,632|line:533| -=-=-=-=处理回最初的动态-=-=-=-=
2024-11-30 17:10:06,726|line:471| 转发成功 1005658887232159749
2024-11-30 17:10:10,105|line:490| 评论发送成功
2024-11-30 17:10:13,395|line:432| 关注 ==== 544161405 已经关注用户，无法重复关注
2024-11-30 17:10:16,650|line:499| 动态-点赞 0
2024-11-30 17:10:18,650|line:515| https://t.bilibili.com/1003970952171618359
2024-11-30 17:10:20,894|line:522| 官方 或 预约 OUT！
2024-11-30 17:10:20,894|line:515| https://t.bilibili.com/1004388195378397187
2024-11-30 17:10:23,148|line:340| =========此为源动态=========
2024-11-30 17:10:25,432|line:359| *********子动态开始*********
2024-11-30 17:10:25,432|line:378| *********子动态结束*********
2024-11-30 17:10:25,433|line:533| -=-=-=-=处理回最初的动态-=-=-=-=
2024-11-30 17:10:35,646|line:471| 转发成功 1005659011747414023
2024-11-30 17:10:38,997|line:490| 评论发送成功
2024-11-30 17:10:42,314|line:432| 关注 ==== 622557681 已经关注用户，无法重复关注
2024-11-30 17:10:45,572|line:499| 动态-点赞 0
2024-11-30 17:10:49,573|line:515| https://t.bilibili.com/1001467920378757128
2024-11-30 17:10:53,811|line:345| 'NoneType' object has no attribute 'get'
2024-11-30 17:10:53,811|line:346| error line:326
2024-11-30 17:10:53,811|line:529| *#*#*#*#*#*#*#*#*#*原动态处理失败*#*#*#*#*#*#*#*#*#
2024-11-30 17:10:53,811|line:515| https://t.bilibili.com/1004311135056298002
2024-11-30 17:10:58,064|line:340| =========此为源动态=========
2024-11-30 17:11:01,744|line:359| *********子动态开始*********
2024-11-30 17:11:01,744|line:378| *********子动态结束*********
2024-11-30 17:11:01,744|line:533| -=-=-=-=处理回最初的动态-=-=-=-=
2024-11-30 17:11:11,782|line:471| 转发成功 1005659166376722448
2024-11-30 17:11:15,132|line:490| 评论发送成功
2024-11-30 17:11:18,489|line:432| 关注 ==== 7005369 已经关注用户，无法重复关注
2024-11-30 17:11:21,744|line:499| 动态-点赞 0
2024-11-30 17:11:22,744|line:515| https://t.bilibili.com/1004081732258889728
2024-11-30 17:11:24,139|line:522| 官方 或 预约 OUT！
2024-11-30 17:11:24,139|line:515| https://t.bilibili.com/1002904705090715670
2024-11-30 17:11:24,139|line:517| 已有
2024-11-30 17:11:24,139|line:515| https://t.bilibili.com/1004332944900227075
2024-11-30 17:11:24,140|line:517| 已有
2024-11-30 17:11:24,140|line:515| https://t.bilibili.com/1003933981103620097
2024-11-30 17:11:24,140|line:517| 已有
2024-11-30 17:11:24,140|line:515| https://t.bilibili.com/1004342821162844168
2024-11-30 17:11:26,382|line:340| =========此为源动态=========
2024-11-30 17:11:29,888|line:359| *********子动态开始*********
2024-11-30 17:11:29,888|line:378| *********子动态结束*********
2024-11-30 17:11:29,888|line:533| -=-=-=-=处理回最初的动态-=-=-=-=
2024-11-30 17:11:40,003|line:471| 转发成功 1005659286633709602
2024-11-30 17:11:43,412|line:490| 评论发送成功
2024-11-30 17:11:46,695|line:432| 关注 ==== 37896119 已经关注用户，无法重复关注
2024-11-30 17:11:49,953|line:499| 动态-点赞 0
2024-11-30 17:11:53,954|line:515| https://t.bilibili.com/1004381718562471960
2024-11-30 17:11:58,204|line:335| =========此为子动态=========
2024-11-30 17:11:59,530|line:384| *************原动态处理开始***************
2024-11-30 17:12:06,200|line:471| 转发成功 1005659402628235270
2024-11-30 17:12:09,542|line:490| 评论发送成功
2024-11-30 17:12:12,833|line:432| 关注 ==== 622557681 已经关注用户，无法重复关注
2024-11-30 17:12:16,096|line:499| 动态-点赞 0
2024-11-30 17:12:16,096|line:394| *************原动态处理完成***************
2024-11-30 17:12:17,567|line:359| *********子动态开始*********
2024-11-30 17:12:25,593|line:471| 转发成功 1005659484193816629
2024-11-30 17:12:28,970|line:490| 评论发送成功
2024-11-30 17:12:33,512|line:432| 关注 ==== 622557681 已经关注用户，无法重复关注
2024-11-30 17:12:33,512|line:373| ----完成一个子动态----
2024-11-30 17:12:33,512|line:378| *********子动态结束*********
2024-11-30 17:12:36,513|line:515| https://t.bilibili.com/1004415644501803013
2024-11-30 17:12:36,513|line:517| 已有
2024-11-30 17:12:36,513|line:515| https://t.bilibili.com/1004021319280361540
2024-11-30 17:12:40,762|line:522| 官方 或 预约 OUT！
2024-11-30 17:12:40,762|line:515| https://t.bilibili.com/1004054369052655617
2024-11-30 17:12:43,015|line:335| =========此为子动态=========
2024-11-30 17:12:44,355|line:398| *************原动态已存在***************
2024-11-30 17:12:46,640|line:359| *********子动态开始*********
2024-11-30 17:13:06,276|line:471| 转发成功 1005659660291670016
2024-11-30 17:13:09,655|line:490| 评论发送成功
2024-11-30 17:13:15,467|line:432| 关注 ==== 480520643 已经关注用户，无法重复关注
2024-11-30 17:13:15,468|line:373| ----完成一个子动态----
2024-11-30 17:13:48,296|line:378| *********子动态结束*********
2024-11-30 17:13:48,296|line:533| -=-=-=-=处理回最初的动态-=-=-=-=
2024-11-30 17:13:57,775|line:471| 转发成功 1005659879339196434
2024-11-30 17:14:01,298|line:490| 评论发送成功
2024-11-30 17:14:04,725|line:432| 关注 ==== 631208134 已经关注用户，无法重复关注
2024-11-30 17:14:08,119|line:499| 动态-点赞 0
2024-11-30 17:14:11,120|line:515| https://t.bilibili.com/635932563238551585
2024-11-30 17:14:11,120|line:517| 已有
2024-11-30 17:14:11,120|line:515| https://t.bilibili.com/1004392486051774472
2024-11-30 17:14:11,120|line:517| 已有
2024-11-30 17:14:11,121|line:515| https://t.bilibili.com/1004450154572415028
2024-11-30 17:14:12,608|line:340| =========此为源动态=========
2024-11-30 17:14:16,268|line:359| *********子动态开始*********
2024-11-30 17:14:16,268|line:378| *********子动态结束*********
2024-11-30 17:14:16,268|line:533| -=-=-=-=处理回最初的动态-=-=-=-=
2024-11-30 17:14:24,715|line:471| 转发成功 1005659995301216263
2024-11-30 17:14:28,221|line:490| 评论发送成功
2024-11-30 17:14:31,652|line:432| 关注 ==== 30973654 已经关注用户，无法重复关注
2024-11-30 17:14:35,045|line:499| 动态-点赞 0
2024-11-30 17:14:39,045|line:515| https://t.bilibili.com/1004047617363017735
2024-11-30 17:14:43,274|line:335| =========此为子动态=========
2024-11-30 17:14:45,604|line:398| *************原动态已存在***************
2024-11-30 17:14:49,049|line:359| *********子动态开始*********
2024-11-30 17:16:06,223|line:378| *********子动态结束*********
2024-11-30 17:16:06,224|line:533| -=-=-=-=处理回最初的动态-=-=-=-=
2024-11-30 17:16:14,235|line:471| 转发成功 1005660467771736073
2024-11-30 17:16:17,577|line:490| 评论发送成功
2024-11-30 17:16:20,866|line:432| 关注 ==== 485422279 已经关注用户，无法重复关注
2024-11-30 17:16:24,124|line:499| 动态-点赞 0
2024-11-30 17:16:28,125|line:515| https://t.bilibili.com/1003674315972935684
2024-11-30 17:16:28,125|line:517| 已有
2024-11-30 17:16:28,125|line:515| https://t.bilibili.com/1002174028074451000
2024-11-30 17:16:28,126|line:517| 已有
2024-11-30 17:16:28,126|line:515| https://t.bilibili.com/1003703264068239364
2024-11-30 17:16:28,126|line:517| 已有
2024-11-30 17:16:28,126|line:515| https://t.bilibili.com/1004131665557061672
2024-11-30 17:16:28,126|line:517| 已有
2024-11-30 17:16:28,127|line:515| https://t.bilibili.com/1004423564421496840
2024-11-30 17:16:28,127|line:517| 已有
2024-11-30 17:16:28,127|line:515| https://t.bilibili.com/1001536440161533973
2024-11-30 17:16:30,580|line:340| =========此为源动态=========
2024-11-30 17:16:33,028|line:359| *********子动态开始*********
2024-11-30 17:16:33,028|line:378| *********子动态结束*********
2024-11-30 17:16:33,028|line:533| -=-=-=-=处理回最初的动态-=-=-=-=
2024-11-30 17:16:42,052|line:471| 转发成功 1005660583722221589
2024-11-30 17:16:45,388|line:490| 评论发送成功
2024-11-30 17:16:48,853|line:432| 关注 ==== 357061011 已经关注用户，无法重复关注
2024-11-30 17:16:52,125|line:499| 动态-点赞 0
2024-11-30 17:16:55,125|line:515| https://t.bilibili.com/1002972428129796104
2024-11-30 17:16:59,511|line:522| 官方 或 预约 OUT！
2024-11-30 17:16:59,511|line:515| https://t.bilibili.com/1004379841669103621
2024-11-30 17:17:00,924|line:340| =========此为源动态=========
2024-11-30 17:17:04,341|line:359| *********子动态开始*********
2024-11-30 17:17:04,341|line:378| *********子动态结束*********
2024-11-30 17:17:04,341|line:533| -=-=-=-=处理回最初的动态-=-=-=-=
2024-11-30 17:17:13,478|line:471| 转发成功 1005660721154883604
2024-11-30 17:17:16,987|line:490| 评论发送成功
2024-11-30 17:17:20,281|line:432| 关注 ==== 39776696 已经关注用户，无法重复关注
2024-11-30 17:17:23,542|line:499| 动态-点赞 0
2024-11-30 17:17:27,542|line:515| https://t.bilibili.com/1004380833772994566
2024-11-30 17:17:27,543|line:517| 已有
2024-11-30 17:17:27,543|line:515| https://t.bilibili.com/1003970965048131638
2024-11-30 17:17:27,543|line:517| 已有
2024-11-30 17:17:27,543|line:515| https://t.bilibili.com/1003627865892192281
2024-11-30 17:17:27,544|line:517| 已有
2024-11-30 17:17:27,544|line:515| https://t.bilibili.com/1004326631323467784
2024-11-30 17:17:28,952|line:522| 官方 或 预约 OUT！
2024-11-30 17:17:28,953|line:515| https://t.bilibili.com/1001789894779994112
2024-11-30 17:17:31,359|line:340| =========此为源动态=========
2024-11-30 17:17:32,961|line:359| *********子动态开始*********
2024-11-30 17:17:44,067|line:471| 转发成功 1005660850002853892
2024-11-30 17:17:47,397|line:490| 评论发送成功
2024-11-30 17:17:53,909|line:432| 关注 ==== 505670427 已经关注用户，无法重复关注
2024-11-30 17:17:53,909|line:373| ----完成一个子动态----
2024-11-30 17:18:03,964|line:471| 转发成功 1005660935890665521
2024-11-30 17:18:07,320|line:490| 评论发送成功
2024-11-30 17:18:14,911|line:432| 关注 ==== 1494786563 已经关注用户，无法重复关注
2024-11-30 17:18:14,911|line:373| ----完成一个子动态----
2024-11-30 17:18:22,950|line:471| 转发成功 1005661017510772744
2024-11-30 17:18:26,304|line:490| 评论发送成功
2024-11-30 17:18:32,814|line:432| 关注 ==== 632527928 已经关注用户，无法重复关注
2024-11-30 17:18:32,815|line:373| ----完成一个子动态----
2024-11-30 17:18:42,909|line:471| 转发成功 1005661103427944467
2024-11-30 17:18:46,248|line:490| 评论发送成功
2024-11-30 17:18:51,807|line:432| 关注 ==== 626347730 已经关注用户，无法重复关注
2024-11-30 17:18:51,807|line:373| ----完成一个子动态----
2024-11-30 17:18:51,807|line:378| *********子动态结束*********
2024-11-30 17:18:51,808|line:533| -=-=-=-=处理回最初的动态-=-=-=-=
2024-11-30 17:19:02,798|line:471| 转发成功 1005661189313658888
2024-11-30 17:19:06,155|line:490| 评论发送成功
2024-11-30 17:19:09,448|line:432| 关注 ==== 620617977 已经关注用户，无法重复关注
2024-11-30 17:19:12,703|line:499| 动态-点赞 0
2024-11-30 17:19:16,704|line:515| https://t.bilibili.com/1004687936860454915
2024-11-30 17:19:18,103|line:522| 官方 或 预约 OUT！
2024-11-30 17:19:18,103|line:515| https://t.bilibili.com/1001354930551783431
2024-11-30 17:19:18,103|line:517| 已有
2024-11-30 17:19:18,103|line:515| https://t.bilibili.com/1001459951097348114
2024-11-30 17:19:18,103|line:517| 已有
2024-11-30 17:19:18,104|line:515| https://t.bilibili.com/1003788501952495622
2024-11-30 17:19:18,104|line:517| 已有
2024-11-30 17:19:18,104|line:515| https://t.bilibili.com/1004407739635466281
2024-11-30 17:19:18,104|line:517| 已有
2024-11-30 17:19:18,104|line:515| https://t.bilibili.com/1004142570464346120
2024-11-30 17:19:19,425|line:340| =========此为源动态=========
2024-11-30 17:19:23,905|line:359| *********子动态开始*********
2024-11-30 17:19:23,905|line:378| *********子动态结束*********
2024-11-30 17:19:23,906|line:533| -=-=-=-=处理回最初的动态-=-=-=-=
2024-11-30 17:19:34,117|line:471| 转发成功 1005661322453450758
2024-11-30 17:19:37,646|line:490| 评论发送成功
2024-11-30 17:19:40,936|line:432| 关注 ==== 873668 已经关注用户，无法重复关注
2024-11-30 17:19:44,189|line:499| 动态-点赞 0
2024-11-30 17:19:48,190|line:515| https://t.bilibili.com/1004030424575377414
2024-11-30 17:19:52,626|line:340| =========此为源动态=========
2024-11-30 17:19:57,002|line:359| *********子动态开始*********
2024-11-30 17:19:57,002|line:378| *********子动态结束*********
2024-11-30 17:19:57,002|line:533| -=-=-=-=处理回最初的动态-=-=-=-=
2024-11-30 17:20:05,970|line:471| 转发成功 1005661459895549952
2024-11-30 17:20:09,289|line:490| 评论发送成功
2024-11-30 17:20:12,585|line:432| 关注 ==== 238623328 已经关注用户，无法重复关注
2024-11-30 17:20:15,832|line:499| 动态-点赞 0
2024-11-30 17:20:17,833|line:515| https://t.bilibili.com/1003037630020976641
2024-11-30 17:20:17,833|line:517| 已有
2024-11-30 17:20:17,833|line:515| https://t.bilibili.com/1004087410197266438
2024-11-30 17:20:22,080|line:522| 官方 或 预约 OUT！
2024-11-30 17:20:22,080|line:515| https://t.bilibili.com/1002823929614565412
2024-11-30 17:20:22,080|line:517| 已有
2024-11-30 17:20:22,081|line:515| https://t.bilibili.com/1004050827819614213
2024-11-30 17:20:26,329|line:340| =========此为源动态=========
2024-11-30 17:20:28,793|line:359| *********子动态开始*********
2024-11-30 17:20:28,793|line:378| *********子动态结束*********
2024-11-30 17:20:28,794|line:533| -=-=-=-=处理回最初的动态-=-=-=-=
2024-11-30 17:20:37,996|line:471| 转发成功 1005661597338697746
2024-11-30 17:20:41,351|line:490| 评论发送成功
2024-11-30 17:20:44,643|line:432| 关注 ==== 1930420310 已经关注用户，无法重复关注
2024-11-30 17:20:47,907|line:499| 动态-点赞 0
2024-11-30 17:20:50,908|line:515| https://t.bilibili.com/1003635983364653060
2024-11-30 17:20:52,296|line:340| =========此为源动态=========
2024-11-30 17:20:54,669|line:359| *********子动态开始*********
2024-11-30 17:20:54,669|line:378| *********子动态结束*********
2024-11-30 17:20:54,669|line:533| -=-=-=-=处理回最初的动态-=-=-=-=
2024-11-30 17:21:01,874|line:471| 转发成功 1005661700399038472
2024-11-30 17:21:05,298|line:490| 评论发送成功
2024-11-30 17:21:08,587|line:432| 关注 ==== 320294036 已经关注用户，无法重复关注
2024-11-30 17:21:11,841|line:499| 动态-点赞 0
2024-11-30 17:21:15,842|line:515| https://t.bilibili.com/1001460539502624790
2024-11-30 17:21:15,842|line:517| 已有
2024-11-30 17:21:15,842|line:515| https://t.bilibili.com/1004470040247926801
2024-11-30 17:21:19,089|line:340| =========此为源动态=========
2024-11-30 17:21:21,597|line:359| *********子动态开始*********
2024-11-30 17:21:21,597|line:378| *********子动态结束*********
2024-11-30 17:21:21,597|line:533| -=-=-=-=处理回最初的动态-=-=-=-=
2024-11-30 17:21:28,602|line:471| 转发成功 1005661816363155461
2024-11-30 17:21:32,149|line:490| 评论发送成功
2024-11-30 17:21:35,451|line:432| 关注 ==== 13726932 已经关注用户，无法重复关注
2024-11-30 17:21:38,714|line:499| 动态-点赞 0
2024-11-30 17:21:41,715|line:515| https://t.bilibili.com/1004426592388120595
2024-11-30 17:21:41,715|line:517| 已有
2024-11-30 17:21:41,715|line:515| https://t.bilibili.com/1002078649700057125
2024-11-30 17:21:41,716|line:517| 已有
2024-11-30 17:21:41,716|line:515| https://t.bilibili.com/1004062563813556232
2024-11-30 17:21:41,716|line:517| 已有
2024-11-30 17:21:41,716|line:515| https://t.bilibili.com/1004468970825187336
2024-11-30 17:21:43,963|line:522| 官方 或 预约 OUT！
2024-11-30 17:21:43,964|line:515| https://t.bilibili.com/1003644289870200835
2024-11-30 17:21:43,964|line:517| 已有
2024-11-30 17:21:43,964|line:515| https://t.bilibili.com/1002463590450462721
2024-11-30 17:21:46,290|line:340| =========此为源动态=========
2024-11-30 17:21:48,751|line:359| *********子动态开始*********
2024-11-30 17:21:48,751|line:378| *********子动态结束*********
2024-11-30 17:21:48,751|line:533| -=-=-=-=处理回最初的动态-=-=-=-=
2024-11-30 17:21:58,047|line:471| 转发成功 1005661940929789971
2024-11-30 17:22:01,508|line:490| 评论发送成功
2024-11-30 17:22:04,792|line:432| 关注 ==== 477316442 已经关注用户，无法重复关注
2024-11-30 17:22:08,061|line:499| 动态-点赞 0
2024-11-30 17:22:09,062|line:515| https://t.bilibili.com/1003682300318187527
2024-11-30 17:22:09,062|line:517| 已有
2024-11-30 17:22:09,062|line:515| https://t.bilibili.com/1003603869935075337
2024-11-30 17:22:09,063|line:517| 已有
2024-11-30 17:22:09,063|line:515| https://t.bilibili.com/1003631005499654164
2024-11-30 17:22:09,063|line:517| 已有
2024-11-30 17:22:09,063|line:515| https://t.bilibili.com/1004069362746785844
2024-11-30 17:22:09,063|line:517| 已有
2024-11-30 17:22:09,063|line:515| https://t.bilibili.com/1004392906954375193
2024-11-30 17:22:12,304|line:340| =========此为源动态=========
2024-11-30 17:22:15,587|line:359| *********子动态开始*********
2024-11-30 17:22:15,587|line:378| *********子动态结束*********
2024-11-30 17:22:15,587|line:533| -=-=-=-=处理回最初的动态-=-=-=-=
2024-11-30 17:22:21,732|line:471| 转发成功 1005662044007956518
2024-11-30 17:22:25,161|line:490| 评论发送成功
2024-11-30 17:22:28,461|line:432| 关注 ==== 349976981 已经关注用户，无法重复关注
2024-11-30 17:22:31,732|line:499| 动态-点赞 0
2024-11-30 17:22:35,732|line:515| https://t.bilibili.com/1004113963846205443
2024-11-30 17:22:39,054|line:340| =========此为源动态=========
2024-11-30 17:22:42,572|line:359| *********子动态开始*********
2024-11-30 17:22:42,572|line:378| *********子动态结束*********
2024-11-30 17:22:42,573|line:533| -=-=-=-=处理回最初的动态-=-=-=-=
2024-11-30 17:22:48,694|line:471| 转发成功 1005662159960539136
2024-11-30 17:22:52,074|line:490| 评论发送成功
2024-11-30 17:22:55,380|line:432| 关注 ==== 232472043 已经关注用户，无法重复关注
2024-11-30 17:22:58,727|line:499| 动态-点赞 0
2024-11-30 17:23:02,728|line:548| 执行结束
2024-11-30 17:23:06,133|line:553| ==================================================2024-12-01 01:23==================================================
