2024-12-14 16:31:09,695|line:233| processing article 40095187
2024-12-14 16:31:14,331|line:503| ==================================================2024-12-15 00:31==================================================
2024-12-14 16:31:14,331|line:515| https://t.bilibili.com/1007025704731148295
2024-12-14 16:31:15,913|line:522| 官方 或 预约 OUT！
2024-12-14 16:31:15,914|line:515| https://t.bilibili.com/995761044871708677
2024-12-14 16:31:15,914|line:517| 已有
2024-12-14 16:31:15,914|line:515| https://t.bilibili.com/1003012560300015619
2024-12-14 16:31:15,914|line:517| 已有
2024-12-14 16:31:15,914|line:515| https://t.bilibili.com/1006646910089429029
2024-12-14 16:31:18,407|line:522| 官方 或 预约 OUT！
2024-12-14 16:31:18,407|line:515| https://t.bilibili.com/1000749185524301825
2024-12-14 16:31:22,862|line:340| =========此为源动态=========
2024-12-14 16:31:26,545|line:359| *********子动态开始*********
2024-12-14 16:31:26,546|line:378| *********子动态结束*********
2024-12-14 16:31:26,546|line:533| -=-=-=-=处理回最初的动态-=-=-=-=
2024-12-14 16:31:35,323|line:471| 转发成功 1010844153974620167
2024-12-14 16:31:39,238|line:490| 评论发送成功
2024-12-14 16:31:44,015|line:207| 风控校验失败
2024-12-14 16:31:45,533|line:207| 风控校验失败
2024-12-14 16:31:46,983|line:207| 风控校验失败
2024-12-14 16:31:49,459|line:207| 风控校验失败
2024-12-14 16:31:50,915|line:207| 风控校验失败
2024-12-14 16:31:50,915|line:424| check接口被ban
2024-12-14 16:31:54,376|line:432| 关注 ==== 410857229 已经关注用户，无法重复关注
2024-12-14 16:31:57,816|line:499| 动态-点赞 0
2024-12-14 16:31:58,816|line:515| https://t.bilibili.com/1007816537031049217
2024-12-14 16:32:01,289|line:522| 官方 或 预约 OUT！
2024-12-14 16:32:01,289|line:515| https://t.bilibili.com/995447404891209733
2024-12-14 16:32:04,879|line:340| =========此为源动态=========
2024-12-14 16:32:08,579|line:359| *********子动态开始*********
2024-12-14 16:32:08,579|line:378| *********子动态结束*********
2024-12-14 16:32:08,579|line:533| -=-=-=-=处理回最初的动态-=-=-=-=
2024-12-14 16:32:18,316|line:471| 转发成功 1010844338684428296
2024-12-14 16:32:22,018|line:490| 评论发送成功
2024-12-14 16:32:25,495|line:432| 关注 ==== 1750535730 已经关注用户，无法重复关注
2024-12-14 16:32:28,938|line:499| 动态-点赞 0
2024-12-14 16:32:30,938|line:515| https://t.bilibili.com/1006262965770387465
2024-12-14 16:32:30,938|line:517| 已有
2024-12-14 16:32:30,939|line:515| https://t.bilibili.com/1002120409678610512
2024-12-14 16:32:30,939|line:517| 已有
2024-12-14 16:32:30,939|line:515| https://t.bilibili.com/1007803304261976072
2024-12-14 16:32:32,395|line:522| 官方 或 预约 OUT！
2024-12-14 16:32:32,395|line:515| https://t.bilibili.com/1002563910175293446
2024-12-14 16:32:32,395|line:517| 已有
2024-12-14 16:32:32,395|line:515| https://t.bilibili.com/635932563238551585
2024-12-14 16:32:32,396|line:517| 已有
2024-12-14 16:32:32,396|line:515| https://t.bilibili.com/1005430802953011205
2024-12-14 16:32:32,396|line:517| 已有
2024-12-14 16:32:32,396|line:515| https://t.bilibili.com/1006626161103470597
2024-12-14 16:32:33,816|line:335| =========此为子动态=========
2024-12-14 16:32:35,351|line:398| *************原动态已存在***************
2024-12-14 16:32:38,052|line:359| *********子动态开始*********
2024-12-14 16:32:48,637|line:471| 转发成功 1010844467493601303
2024-12-14 16:32:52,191|line:490| 评论发送成功
2024-12-14 16:32:59,069|line:432| 关注 ==== 1024366005 已经关注用户，无法重复关注
2024-12-14 16:32:59,069|line:373| ----完成一个子动态----
2024-12-14 16:33:10,683|line:471| 转发成功 1010844562003853344
2024-12-14 16:33:14,258|line:490| 评论发送成功
2024-12-14 16:33:22,099|line:432| 关注 ==== 346469145 已经关注用户，无法重复关注
2024-12-14 16:33:22,099|line:373| ----完成一个子动态----
2024-12-14 16:33:30,723|line:471| 转发成功 1010844647901102102
2024-12-14 16:33:34,483|line:490| 评论发送成功
2024-12-14 16:33:41,371|line:432| 关注 ==== 421669645 已经关注用户，无法重复关注
2024-12-14 16:33:41,371|line:373| ----完成一个子动态----
2024-12-14 16:33:51,984|line:471| 转发成功 1010844738117435408
2024-12-14 16:33:55,689|line:490| 评论发送成功
2024-12-14 16:34:02,728|line:432| 关注 ==== 1494786563 已经关注用户，无法重复关注
2024-12-14 16:34:02,729|line:373| ----完成一个子动态----
2024-12-14 16:34:13,515|line:471| 转发成功 1010844832590987267
2024-12-14 16:34:17,096|line:490| 评论发送成功
2024-12-14 16:34:22,790|line:432| 关注 ==== 436170053 已经关注用户，无法重复关注
2024-12-14 16:34:22,790|line:373| ----完成一个子动态----
2024-12-14 16:34:33,064|line:471| 转发成功 1010844914199560226
2024-12-14 16:34:36,512|line:490| 评论发送成功
2024-12-14 16:34:44,216|line:432| 关注 ==== 1521701206 已经关注用户，无法重复关注
2024-12-14 16:34:44,216|line:373| ----完成一个子动态----
2024-12-14 16:34:44,217|line:378| *********子动态结束*********
2024-12-14 16:34:48,217|line:515| https://t.bilibili.com/1005207374465597472
2024-12-14 16:34:48,217|line:517| 已有
2024-12-14 16:34:48,218|line:515| https://t.bilibili.com/999296941120552983
2024-12-14 16:34:51,652|line:522| 官方 或 预约 OUT！
2024-12-14 16:34:51,652|line:515| https://t.bilibili.com/1006694584206491687
2024-12-14 16:34:53,972|line:340| =========此为源动态=========
2024-12-14 16:34:56,570|line:359| *********子动态开始*********
2024-12-14 16:34:56,570|line:378| *********子动态结束*********
2024-12-14 16:34:56,570|line:533| -=-=-=-=处理回最初的动态-=-=-=-=
2024-12-14 16:35:04,068|line:471| 转发成功 1010845047333060614
2024-12-14 16:35:07,538|line:490| 评论发送成功
2024-12-14 16:35:10,980|line:432| 关注 ==== 8564761 已经关注用户，无法重复关注
2024-12-14 16:35:14,307|line:499| 动态-点赞 0
2024-12-14 16:35:17,308|line:515| https://t.bilibili.com/1008863504049897474
2024-12-14 16:35:17,308|line:517| 已有
2024-12-14 16:35:17,308|line:515| https://t.bilibili.com/1003965527655186441
2024-12-14 16:35:17,308|line:517| 已有
2024-12-14 16:35:17,308|line:515| https://t.bilibili.com/1005066289118445588
2024-12-14 16:35:17,309|line:517| 已有
2024-12-14 16:35:17,309|line:515| https://t.bilibili.com/1008763100615147525
2024-12-14 16:35:17,309|line:517| 已有
2024-12-14 16:35:17,309|line:515| https://t.bilibili.com/1001832436417429504
2024-12-14 16:35:18,631|line:522| 官方 或 预约 OUT！
2024-12-14 16:35:18,631|line:515| https://t.bilibili.com/1006263464001273904
2024-12-14 16:35:18,631|line:517| 已有
2024-12-14 16:35:18,631|line:515| https://t.bilibili.com/1007812005862572035
2024-12-14 16:35:21,946|line:522| 官方 或 预约 OUT！
2024-12-14 16:35:21,946|line:515| https://t.bilibili.com/1001793906288885779
2024-12-14 16:35:21,946|line:517| 已有
2024-12-14 16:35:21,946|line:515| https://t.bilibili.com/1004679634656165896
2024-12-14 16:35:21,946|line:517| 已有
2024-12-14 16:35:21,946|line:515| https://t.bilibili.com/1005199072314785792
2024-12-14 16:35:21,946|line:517| 已有
2024-12-14 16:35:21,947|line:515| https://t.bilibili.com/1007774600986099769
2024-12-14 16:35:23,265|line:522| 官方 或 预约 OUT！
2024-12-14 16:35:23,266|line:515| https://t.bilibili.com/1006154638117830677
2024-12-14 16:35:23,266|line:517| 已有
2024-12-14 16:35:23,266|line:515| https://t.bilibili.com/1006568870513737734
2024-12-14 16:35:27,578|line:340| =========此为源动态=========
2024-12-14 16:35:31,142|line:359| *********子动态开始*********
2024-12-14 16:35:31,142|line:378| *********子动态结束*********
2024-12-14 16:35:31,143|line:533| -=-=-=-=处理回最初的动态-=-=-=-=
2024-12-14 16:35:41,304|line:471| 转发成功 1010845210537623553
2024-12-14 16:35:44,812|line:490| 评论发送成功
2024-12-14 16:35:48,159|line:432| 关注 ==== 473499647 已经关注用户，无法重复关注
2024-12-14 16:35:51,491|line:499| 动态-点赞 0
2024-12-14 16:35:55,492|line:515| https://t.bilibili.com/1007731883249762325
2024-12-14 16:35:58,816|line:522| 官方 或 预约 OUT！
2024-12-14 16:35:58,816|line:515| https://t.bilibili.com/1004338674382405702
2024-12-14 16:35:58,816|line:517| 已有
2024-12-14 16:35:58,816|line:515| https://t.bilibili.com/1007681795321233412
2024-12-14 16:36:02,137|line:522| 官方 或 预约 OUT！
2024-12-14 16:36:02,137|line:515| https://t.bilibili.com/1001737603557359624
2024-12-14 16:36:02,137|line:517| 已有
2024-12-14 16:36:02,137|line:515| https://t.bilibili.com/1008021965335691299
2024-12-14 16:36:04,453|line:522| 官方 或 预约 OUT！
2024-12-14 16:36:04,453|line:515| https://t.bilibili.com/1006661306799882244
2024-12-14 16:36:06,770|line:522| 官方 或 预约 OUT！
2024-12-14 16:36:06,770|line:515| https://t.bilibili.com/1007812787558154279
2024-12-14 16:36:09,081|line:522| 官方 或 预约 OUT！
2024-12-14 16:36:09,081|line:515| https://t.bilibili.com/1004299070519377924
2024-12-14 16:36:09,081|line:517| 已有
2024-12-14 16:36:09,081|line:515| https://t.bilibili.com/1009195311748349974
2024-12-14 16:36:09,081|line:517| 已有
2024-12-14 16:36:09,081|line:515| https://t.bilibili.com/1007814226347032608
2024-12-14 16:36:13,377|line:522| 官方 或 预约 OUT！
2024-12-14 16:36:13,377|line:515| https://t.bilibili.com/1002196284583444485
2024-12-14 16:36:16,690|line:522| 官方 或 预约 OUT！
2024-12-14 16:36:16,690|line:515| https://t.bilibili.com/1005517129646080004
2024-12-14 16:36:16,690|line:517| 已有
2024-12-14 16:36:16,690|line:515| https://t.bilibili.com/1000017898658332676
2024-12-14 16:36:16,690|line:517| 已有
2024-12-14 16:36:16,690|line:515| https://t.bilibili.com/1004080181778841625
2024-12-14 16:36:16,691|line:517| 已有
2024-12-14 16:36:16,691|line:515| https://t.bilibili.com/1002528603396636704
2024-12-14 16:36:16,691|line:517| 已有
2024-12-14 16:36:16,691|line:515| https://t.bilibili.com/1005132152414666758
2024-12-14 16:36:18,013|line:340| =========此为源动态=========
2024-12-14 16:36:22,726|line:359| *********子动态开始*********
2024-12-14 16:36:22,726|line:378| *********子动态结束*********
2024-12-14 16:36:22,726|line:533| -=-=-=-=处理回最初的动态-=-=-=-=
2024-12-14 16:36:31,330|line:471| 转发成功 1010845425277599744
2024-12-14 16:36:34,809|line:490| 评论发送成功
2024-12-14 16:36:38,267|line:432| 关注 ==== 373912479 0
2024-12-14 16:36:41,697|line:499| 动态-点赞 0
2024-12-14 16:36:43,697|line:515| https://t.bilibili.com/1005168139958222851
2024-12-14 16:36:47,147|line:522| 官方 或 预约 OUT！
2024-12-14 16:36:47,148|line:515| https://t.bilibili.com/1007804605616095280
2024-12-14 16:36:49,598|line:522| 官方 或 预约 OUT！
2024-12-14 16:36:49,598|line:515| https://t.bilibili.com/1006251158905290756
2024-12-14 16:36:49,598|line:517| 已有
2024-12-14 16:36:49,598|line:515| https://t.bilibili.com/997736304615620611
2024-12-14 16:36:52,038|line:340| =========此为源动态=========
2024-12-14 16:36:55,873|line:359| *********子动态开始*********
2024-12-14 16:36:55,873|line:378| *********子动态结束*********
2024-12-14 16:36:55,873|line:533| -=-=-=-=处理回最初的动态-=-=-=-=
2024-12-14 16:37:04,688|line:471| 转发成功 1010845567034589188
2024-12-14 16:37:08,255|line:490| 评论发送成功
2024-12-14 16:37:11,707|line:432| 关注 ==== 13726932 已经关注用户，无法重复关注
2024-12-14 16:37:15,343|line:499| 动态-点赞 0
2024-12-14 16:37:17,344|line:515| https://t.bilibili.com/1003257373446373377
2024-12-14 16:37:17,344|line:517| 已有
2024-12-14 16:37:17,344|line:515| https://t.bilibili.com/1004476800524353574
2024-12-14 16:37:17,344|line:517| 已有
2024-12-14 16:37:17,344|line:515| https://t.bilibili.com/997810736407248901
2024-12-14 16:37:21,819|line:340| =========此为源动态=========
2024-12-14 16:37:24,681|line:359| *********子动态开始*********
2024-12-14 16:37:24,682|line:378| *********子动态结束*********
2024-12-14 16:37:24,682|line:533| -=-=-=-=处理回最初的动态-=-=-=-=
2024-12-14 16:37:32,248|line:471| 转发成功 1010845687293673489
2024-12-14 16:37:35,782|line:490| 评论发送成功
2024-12-14 16:37:39,251|line:432| 关注 ==== 13726932 已经关注用户，无法重复关注
2024-12-14 16:37:42,772|line:499| 动态-点赞 0
2024-12-14 16:37:45,772|line:515| https://t.bilibili.com/1006260646495387651
2024-12-14 16:37:45,772|line:517| 已有
2024-12-14 16:37:45,772|line:515| https://t.bilibili.com/1002973650054283267
2024-12-14 16:37:45,773|line:517| 已有
2024-12-14 16:37:45,773|line:515| https://t.bilibili.com/1006279222221602821
2024-12-14 16:37:45,773|line:517| 已有
2024-12-14 16:37:45,773|line:515| https://t.bilibili.com/1005056363412324354
2024-12-14 16:37:45,773|line:517| 已有
2024-12-14 16:37:45,773|line:515| https://t.bilibili.com/1005216140513771526
2024-12-14 16:37:45,773|line:517| 已有
2024-12-14 16:37:45,773|line:515| https://t.bilibili.com/1004682443568971782
2024-12-14 16:37:45,773|line:517| 已有
2024-12-14 16:37:45,774|line:515| https://t.bilibili.com/1009119849166667776
2024-12-14 16:37:45,774|line:517| 已有
2024-12-14 16:37:45,774|line:515| https://t.bilibili.com/1003233991607713795
2024-12-14 16:37:50,256|line:522| 官方 或 预约 OUT！
2024-12-14 16:37:50,256|line:515| https://t.bilibili.com/1005170300341452805
2024-12-14 16:37:50,257|line:517| 已有
2024-12-14 16:37:50,257|line:548| 执行结束
2024-12-14 16:37:53,744|line:553| ==================================================2024-12-15 00:37==================================================
