2024-12-21 16:28:36,850|line:233| processing article 40161704
2024-12-21 16:28:42,469|line:503| ==================================================2024-12-22 00:28==================================================
2024-12-21 16:28:42,469|line:515| https://t.bilibili.com/1012477564395978761
2024-12-21 16:28:43,962|line:340| =========此为源动态=========
2024-12-21 16:28:48,708|line:359| *********子动态开始*********
2024-12-21 16:28:48,708|line:378| *********子动态结束*********
2024-12-21 16:28:48,709|line:533| -=-=-=-=处理回最初的动态-=-=-=-=
2024-12-21 16:29:00,500|line:471| 转发成功 1013441084463775745
2024-12-21 16:29:04,204|line:490| 评论发送成功
2024-12-21 16:29:07,806|line:207| 风控校验失败
2024-12-21 16:29:12,276|line:207| 风控校验失败
2024-12-21 16:29:13,774|line:207| 风控校验失败
2024-12-21 16:29:16,420|line:207| 风控校验失败
2024-12-21 16:29:17,994|line:207| 风控校验失败
2024-12-21 16:29:17,994|line:424| check接口被ban
2024-12-21 16:29:21,487|line:432| 关注 ==== 1024366005 已经关注用户，无法重复关注
2024-12-21 16:29:25,027|line:499| 动态-点赞 0
2024-12-21 16:29:29,028|line:515| https://t.bilibili.com/1012202720851918897
2024-12-21 16:29:33,522|line:340| =========此为源动态=========
2024-12-21 16:29:35,177|line:359| *********子动态开始*********
2024-12-21 16:29:35,177|line:378| *********子动态结束*********
2024-12-21 16:29:35,177|line:533| -=-=-=-=处理回最初的动态-=-=-=-=
2024-12-21 16:29:46,908|line:471| 转发成功 1013441282046951431
2024-12-21 16:29:50,544|line:490| 评论发送成功
2024-12-21 16:29:54,129|line:432| 关注 ==== 1024366005 已经关注用户，无法重复关注
2024-12-21 16:29:57,771|line:499| 动态-点赞 0
2024-12-21 16:29:58,772|line:515| https://t.bilibili.com/1012214918556942375
2024-12-21 16:30:01,211|line:340| =========此为源动态=========
2024-12-21 16:30:03,798|line:359| *********子动态开始*********
2024-12-21 16:30:03,799|line:378| *********子动态结束*********
2024-12-21 16:30:03,799|line:533| -=-=-=-=处理回最初的动态-=-=-=-=
2024-12-21 16:30:12,744|line:471| 转发成功 1013441393740218384
2024-12-21 16:30:16,273|line:490| 评论发送成功
2024-12-21 16:30:19,753|line:432| 关注 ==== 1567835994 已经关注用户，无法重复关注
2024-12-21 16:30:23,221|line:499| 动态-点赞 0
2024-12-21 16:30:24,221|line:515| https://t.bilibili.com/998440765151510535
2024-12-21 16:30:27,738|line:522| 官方 或 预约 OUT！
2024-12-21 16:30:27,738|line:515| https://t.bilibili.com/1012497523126829058
2024-12-21 16:30:31,244|line:340| =========此为源动态=========
2024-12-21 16:30:32,771|line:359| *********子动态开始*********
2024-12-21 16:30:32,771|line:378| *********子动态结束*********
2024-12-21 16:30:32,772|line:533| -=-=-=-=处理回最初的动态-=-=-=-=
2024-12-21 16:30:41,589|line:471| 转发成功 1013441518281687041
2024-12-21 16:30:45,351|line:490| 评论发送成功
2024-12-21 16:30:48,850|line:432| 关注 ==== 698926571 已经关注用户，无法重复关注
2024-12-21 16:30:52,321|line:499| 动态-点赞 0
2024-12-21 16:30:54,322|line:515| https://t.bilibili.com/1012583847679754261
2024-12-21 16:30:56,886|line:522| 官方 或 预约 OUT！
2024-12-21 16:30:56,887|line:515| https://t.bilibili.com/1011476368870866960
2024-12-21 16:31:00,394|line:335| =========此为子动态=========
2024-12-21 16:31:03,997|line:398| *************原动态已存在***************
2024-12-21 16:31:08,651|line:359| *********子动态开始*********
2024-12-21 16:31:18,334|line:471| 转发成功 1013441677172408325
2024-12-21 16:31:21,959|line:490| 评论发送成功
2024-12-21 16:31:28,937|line:432| 关注 ==== 1338030495 已经关注用户，无法重复关注
2024-12-21 16:31:28,937|line:373| ----完成一个子动态----
2024-12-21 16:31:38,542|line:471| 转发成功 1013441763066511383
2024-12-21 16:31:42,362|line:490| 评论发送成功
2024-12-21 16:31:50,301|line:432| 关注 ==== 493230543 已经关注用户，无法重复关注
2024-12-21 16:31:50,301|line:373| ----完成一个子动态----
2024-12-21 16:31:59,195|line:471| 转发成功 1013441853281796103
2024-12-21 16:32:02,826|line:490| 评论发送成功
2024-12-21 16:32:08,772|line:432| 关注 ==== 1494786563 已经关注用户，无法重复关注
2024-12-21 16:32:08,772|line:373| ----完成一个子动态----
2024-12-21 16:32:08,773|line:378| *********子动态结束*********
2024-12-21 16:32:12,773|line:515| https://t.bilibili.com/1011140365011386384
2024-12-21 16:32:17,340|line:522| 官方 或 预约 OUT！
2024-12-21 16:32:17,341|line:515| https://t.bilibili.com/1011887425147895811
2024-12-21 16:32:21,820|line:340| =========此为源动态=========
2024-12-21 16:32:25,525|line:359| *********子动态开始*********
2024-12-21 16:32:25,525|line:378| *********子动态结束*********
2024-12-21 16:32:25,525|line:533| -=-=-=-=处理回最初的动态-=-=-=-=
2024-12-21 16:32:35,384|line:471| 转发成功 1013442007893278742
2024-12-21 16:32:38,957|line:490| 评论发送成功
2024-12-21 16:32:42,445|line:432| 关注 ==== 432158620 已经关注用户，无法重复关注
2024-12-21 16:32:45,911|line:499| 动态-点赞 0
2024-12-21 16:32:47,912|line:515| https://t.bilibili.com/1012506143102074884
2024-12-21 16:32:51,500|line:340| =========此为源动态=========
2024-12-21 16:32:52,998|line:359| *********子动态开始*********
2024-12-21 16:33:01,395|line:378| *********子动态结束*********
2024-12-21 16:33:01,395|line:533| -=-=-=-=处理回最初的动态-=-=-=-=
2024-12-21 16:33:11,147|line:471| 转发成功 1013442158239154224
2024-12-21 16:33:14,768|line:490| 评论发送成功
2024-12-21 16:33:18,257|line:432| 关注 ==== 401480763 0
2024-12-21 16:33:21,723|line:499| 动态-点赞 0
2024-12-21 16:33:24,723|line:515| https://t.bilibili.com/1012590260071170066
2024-12-21 16:33:27,201|line:340| =========此为源动态=========
2024-12-21 16:33:28,756|line:359| *********子动态开始*********
2024-12-21 16:33:28,756|line:378| *********子动态结束*********
2024-12-21 16:33:28,757|line:533| -=-=-=-=处理回最初的动态-=-=-=-=
2024-12-21 16:33:37,482|line:471| 转发成功 1013442274208514054
2024-12-21 16:33:41,064|line:490| 评论发送成功
2024-12-21 16:33:44,602|line:432| 关注 ==== 102637603 已经关注用户，无法重复关注
2024-12-21 16:33:48,054|line:499| 动态-点赞 0
2024-12-21 16:33:49,054|line:515| https://t.bilibili.com/1012215030241820691
2024-12-21 16:33:53,681|line:340| =========此为源动态=========
2024-12-21 16:33:57,414|line:359| *********子动态开始*********
2024-12-21 16:33:57,414|line:378| *********子动态结束*********
2024-12-21 16:33:57,414|line:533| -=-=-=-=处理回最初的动态-=-=-=-=
2024-12-21 16:34:09,278|line:471| 转发成功 1013442411646418947
2024-12-21 16:34:12,979|line:490| 评论发送成功
2024-12-21 16:34:16,457|line:432| 关注 ==== 40488476 已经关注用户，无法重复关注
2024-12-21 16:34:19,927|line:499| 动态-点赞 0
2024-12-21 16:34:21,928|line:515| https://t.bilibili.com/1012310399973851175
2024-12-21 16:34:23,486|line:522| 官方 或 预约 OUT！
2024-12-21 16:34:23,486|line:515| https://t.bilibili.com/1012559387805351939
2024-12-21 16:34:24,989|line:335| =========此为子动态=========
2024-12-21 16:34:27,641|line:384| *************原动态处理开始***************
2024-12-21 16:34:34,787|line:471| 转发成功 1013442519008018489
2024-12-21 16:34:38,398|line:490| 评论发送成功
2024-12-21 16:34:41,973|line:432| 关注 ==== 502893941 已经关注用户，无法重复关注
2024-12-21 16:34:45,411|line:499| 动态-点赞 0
2024-12-21 16:34:45,411|line:394| *************原动态处理完成***************
2024-12-21 16:34:47,168|line:359| *********子动态开始*********
2024-12-21 16:34:55,858|line:471| 转发成功 1013442609192894486
2024-12-21 16:34:59,506|line:490| 评论发送成功
2024-12-21 16:35:07,445|line:432| 关注 ==== 626347730 已经关注用户，无法重复关注
2024-12-21 16:35:07,446|line:373| ----完成一个子动态----
2024-12-21 16:35:20,312|line:471| 转发成功 1013442716566028323
2024-12-21 16:35:23,943|line:490| 评论发送成功
2024-12-21 16:35:28,942|line:432| 关注 ==== 346469145 已经关注用户，无法重复关注
2024-12-21 16:35:28,942|line:373| ----完成一个子动态----
2024-12-21 16:35:35,813|line:471| 转发成功 1013442780980051973
2024-12-21 16:35:39,452|line:490| 评论发送成功
2024-12-21 16:35:46,381|line:432| 关注 ==== 601210376 已经关注用户，无法重复关注
2024-12-21 16:35:46,381|line:373| ----完成一个子动态----
2024-12-21 16:35:59,163|line:471| 转发成功 1013442879786319894
2024-12-21 16:36:02,848|line:490| 评论发送成功
2024-12-21 16:36:09,983|line:432| 关注 ==== 480520643 已经关注用户，无法重复关注
2024-12-21 16:36:09,983|line:373| ----完成一个子动态----
2024-12-21 16:36:22,592|line:471| 转发成功 1013442982854000646
2024-12-21 16:36:26,243|line:490| 评论发送成功
2024-12-21 16:36:32,223|line:432| 关注 ==== 26916676 已经关注用户，无法重复关注
2024-12-21 16:36:32,223|line:373| ----完成一个子动态----
2024-12-21 16:36:43,943|line:471| 转发成功 1013443073073479685
2024-12-21 16:36:47,756|line:490| 评论发送成功
2024-12-21 16:36:53,659|line:432| 关注 ==== 1207226422 已经关注用户，无法重复关注
2024-12-21 16:36:53,659|line:373| ----完成一个子动态----
2024-12-21 16:37:03,347|line:471| 转发成功 1013443158939271174
2024-12-21 16:37:07,105|line:490| 评论发送成功
2024-12-21 16:37:11,993|line:432| 关注 ==== 63414376 已经关注用户，无法重复关注
2024-12-21 16:37:11,993|line:373| ----完成一个子动态----
2024-12-21 16:37:20,781|line:471| 转发成功 1013443231980978232
2024-12-21 16:37:24,370|line:490| 评论发送成功
2024-12-21 16:37:32,308|line:432| 关注 ==== 386055742 已经关注用户，无法重复关注
2024-12-21 16:37:32,308|line:373| ----完成一个子动态----
2024-12-21 16:37:39,882|line:471| 转发成功 1013443313576968192
2024-12-21 16:37:43,515|line:490| 评论发送成功
2024-12-21 16:37:49,420|line:432| 关注 ==== 505670427 已经关注用户，无法重复关注
2024-12-21 16:37:49,420|line:373| ----完成一个子动态----
2024-12-21 16:37:49,421|line:378| *********子动态结束*********
2024-12-21 16:37:51,421|line:515| https://t.bilibili.com/1012554560264208401
2024-12-21 16:37:55,999|line:335| =========此为子动态=========
2024-12-21 16:38:00,536|line:384| *************原动态处理开始***************
2024-12-21 16:38:07,656|line:471| 转发成功 1013443433823469587
2024-12-21 16:38:11,358|line:490| 评论发送成功
2024-12-21 16:38:14,832|line:432| 关注 ==== 1221637505 已经关注用户，无法重复关注
2024-12-21 16:38:18,311|line:499| 动态-点赞 0
2024-12-21 16:38:18,311|line:394| *************原动态处理完成***************
2024-12-21 16:38:19,928|line:359| *********子动态开始*********
2024-12-21 16:38:26,660|line:471| 转发成功 1013443515434139673
2024-12-21 16:38:30,262|line:490| 评论发送成功
2024-12-21 16:38:38,228|line:432| 关注 ==== 2007250903 已经关注用户，无法重复关注
2024-12-21 16:38:38,229|line:373| ----完成一个子动态----
2024-12-21 16:38:38,229|line:378| *********子动态结束*********
2024-12-21 16:38:40,230|line:515| https://t.bilibili.com/1011355590111264769
2024-12-21 16:38:43,729|line:335| =========此为子动态=========
2024-12-21 16:38:48,309|line:384| *************原动态处理开始***************
2024-12-21 16:38:56,549|line:471| 转发成功 1013443644281061384
2024-12-21 16:39:00,322|line:490| 评论发送成功
2024-12-21 16:39:03,808|line:432| 关注 ==== 2007250903 已经关注用户，无法重复关注
2024-12-21 16:39:07,437|line:499| 动态-点赞 0
2024-12-21 16:39:07,437|line:394| *************原动态处理完成***************
2024-12-21 16:39:12,049|line:359| *********子动态开始*********
2024-12-21 16:39:18,885|line:471| 转发成功 1013443738794459138
2024-12-21 16:39:22,480|line:490| 评论发送成功
2024-12-21 16:39:28,366|line:432| 关注 ==== 1345140518 已经关注用户，无法重复关注
2024-12-21 16:39:28,366|line:373| ----完成一个子动态----
2024-12-21 16:39:37,876|line:471| 转发成功 1013443820377866279
2024-12-21 16:39:41,435|line:490| 评论发送成功
2024-12-21 16:39:46,316|line:432| 关注 ==== 627553716 已经关注用户，无法重复关注
2024-12-21 16:39:46,317|line:373| ----完成一个子动态----
2024-12-21 16:39:55,760|line:471| 转发成功 1013443897694617608
2024-12-21 16:39:59,304|line:490| 评论发送成功
2024-12-21 16:40:07,197|line:432| 关注 ==== 2140091933 已经关注用户，无法重复关注
2024-12-21 16:40:07,197|line:373| ----完成一个子动态----
2024-12-21 16:40:14,621|line:471| 转发成功 1013443979288510469
2024-12-21 16:40:18,130|line:490| 评论发送成功
2024-12-21 16:40:24,025|line:432| 关注 ==== 505670427 已经关注用户，无法重复关注
2024-12-21 16:40:24,026|line:373| ----完成一个子动态----
2024-12-21 16:41:05,162|line:378| *********子动态结束*********
2024-12-21 16:41:06,163|line:515| https://t.bilibili.com/1011022339279683584
2024-12-21 16:41:09,955|line:340| =========此为源动态=========
2024-12-21 16:41:14,708|line:359| *********子动态开始*********
2024-12-21 16:41:14,708|line:378| *********子动态结束*********
2024-12-21 16:41:14,708|line:533| -=-=-=-=处理回最初的动态-=-=-=-=
2024-12-21 16:41:25,523|line:471| 转发成功 1013444284216508438
2024-12-21 16:41:29,156|line:490| 评论发送成功
2024-12-21 16:41:32,669|line:432| 关注 ==== 873668 已经关注用户，无法重复关注
2024-12-21 16:41:36,151|line:499| 动态-点赞 0
2024-12-21 16:41:40,152|line:515| https://t.bilibili.com/1012483727695020034
2024-12-21 16:41:44,664|line:522| 官方 或 预约 OUT！
2024-12-21 16:41:44,664|line:515| https://t.bilibili.com/1011454752292077574
2024-12-21 16:41:49,135|line:335| =========此为子动态=========
2024-12-21 16:41:53,716|line:384| *************原动态处理开始***************
2024-12-21 16:42:01,854|line:471| 转发成功 1013444438873079814
2024-12-21 16:42:05,450|line:490| 评论发送成功
2024-12-21 16:42:08,979|line:432| 关注 ==== 421669645 已经关注用户，无法重复关注
2024-12-21 16:42:12,535|line:499| 动态-点赞 0
2024-12-21 16:42:12,535|line:394| *************原动态处理完成***************
2024-12-21 16:42:16,268|line:359| *********子动态开始*********
2024-12-21 16:42:22,860|line:471| 转发成功 1013444529047470083
2024-12-21 16:42:26,636|line:490| 评论发送成功
2024-12-21 16:42:32,560|line:432| 关注 ==== 1338030495 已经关注用户，无法重复关注
2024-12-21 16:42:32,560|line:373| ----完成一个子动态----
2024-12-21 16:42:41,297|line:471| 转发成功 1013444610646605825
2024-12-21 16:42:45,020|line:490| 评论发送成功
2024-12-21 16:42:53,010|line:432| 关注 ==== 102637603 已经关注用户，无法重复关注
2024-12-21 16:42:53,010|line:373| ----完成一个子动态----
2024-12-21 16:43:00,671|line:471| 转发成功 1013444692247838755
2024-12-21 16:43:04,342|line:490| 评论发送成功
2024-12-21 16:43:10,286|line:432| 关注 ==== 343470950 已经关注用户，无法重复关注
2024-12-21 16:43:10,286|line:373| ----完成一个子动态----
2024-12-21 16:43:17,932|line:471| 转发成功 1013444765289545762
2024-12-21 16:43:21,559|line:490| 评论发送成功
2024-12-21 16:43:29,658|line:432| 关注 ==== 3461565898558001 已经关注用户，无法重复关注
2024-12-21 16:43:29,658|line:373| ----完成一个子动态----
2024-12-21 16:43:41,388|line:471| 转发成功 1013444868342546433
2024-12-21 16:43:45,051|line:490| 评论发送成功
2024-12-21 16:43:53,012|line:432| 关注 ==== 416514298 已经关注用户，无法重复关注
2024-12-21 16:43:53,012|line:373| ----完成一个子动态----
2024-12-21 16:44:03,690|line:471| 转发成功 1013444962829729815
2024-12-21 16:44:07,368|line:490| 评论发送成功
2024-12-21 16:44:13,350|line:432| 关注 ==== 1129687681 已经关注用户，无法重复关注
2024-12-21 16:44:13,350|line:373| ----完成一个子动态----
2024-12-21 16:44:22,751|line:471| 转发成功 1013445044427816978
2024-12-21 16:44:26,300|line:490| 评论发送成功
2024-12-21 16:44:33,092|line:432| 关注 ==== 618447026 已经关注用户，无法重复关注
2024-12-21 16:44:33,092|line:373| ----完成一个子动态----
2024-12-21 16:44:33,092|line:378| *********子动态结束*********
2024-12-21 16:44:36,093|line:515| https://t.bilibili.com/1011454507496767528
2024-12-21 16:44:36,093|line:517| 已有
2024-12-21 16:44:36,093|line:515| https://t.bilibili.com/1011396452425924630
2024-12-21 16:44:38,623|line:335| =========此为子动态=========
2024-12-21 16:44:41,118|line:398| *************原动态已存在***************
2024-12-21 16:44:46,070|line:359| *********子动态开始*********
2024-12-21 16:45:31,219|line:378| *********子动态结束*********
2024-12-21 16:45:31,220|line:533| -=-=-=-=处理回最初的动态-=-=-=-=
2024-12-21 16:45:40,083|line:471| 转发成功 1013445375154978832
2024-12-21 16:45:43,699|line:490| 评论发送成功
2024-12-21 16:45:47,204|line:432| 关注 ==== 631208134 已经关注用户，无法重复关注
2024-12-21 16:45:50,710|line:499| 动态-点赞 0
2024-12-21 16:45:52,710|line:515| https://t.bilibili.com/1012538814925635592
2024-12-21 16:45:52,710|line:517| 已有
2024-12-21 16:45:52,711|line:515| https://t.bilibili.com/1011354954425696257
2024-12-21 16:45:56,179|line:335| =========此为子动态=========
2024-12-21 16:45:59,700|line:398| *************原动态已存在***************
2024-12-21 16:46:02,213|line:359| *********子动态开始*********
2024-12-21 16:46:08,648|line:471| 转发成功 1013445499702738968
2024-12-21 16:46:12,332|line:490| 评论发送成功
2024-12-21 16:46:18,233|line:432| 关注 ==== 1536750746 已经关注用户，无法重复关注
2024-12-21 16:46:18,233|line:373| ----完成一个子动态----
2024-12-21 16:46:26,015|line:471| 转发成功 1013445572721377316
2024-12-21 16:46:29,649|line:490| 评论发送成功
2024-12-21 16:46:37,568|line:432| 关注 ==== 1521701206 已经关注用户，无法重复关注
2024-12-21 16:46:37,568|line:373| ----完成一个子动态----
2024-12-21 16:46:49,483|line:471| 转发成功 1013445675811078162
2024-12-21 16:46:53,179|line:490| 评论发送成功
2024-12-21 16:46:58,171|line:432| 关注 ==== 1741810867 已经关注用户，无法重复关注
2024-12-21 16:46:58,171|line:373| ----完成一个子动态----
2024-12-21 16:46:58,172|line:378| *********子动态结束*********
2024-12-21 16:47:00,172|line:515| https://t.bilibili.com/1011392651371479077
2024-12-21 16:47:03,684|line:522| 官方 或 预约 OUT！
2024-12-21 16:47:03,684|line:515| https://t.bilibili.com/1011359794866421778
2024-12-21 16:47:03,684|line:517| 已有
2024-12-21 16:47:03,684|line:515| https://t.bilibili.com/1011473040282746885
2024-12-21 16:47:03,684|line:517| 已有
2024-12-21 16:47:03,685|line:515| https://t.bilibili.com/1011832778131505154
2024-12-21 16:47:05,163|line:340| =========此为源动态=========
2024-12-21 16:47:09,852|line:359| *********子动态开始*********
2024-12-21 16:47:09,852|line:378| *********子动态结束*********
2024-12-21 16:47:09,852|line:533| -=-=-=-=处理回最初的动态-=-=-=-=
2024-12-21 16:47:20,708|line:471| 转发成功 1013445808968695828
2024-12-21 16:47:24,375|line:490| 评论发送成功
2024-12-21 16:47:27,866|line:432| 关注 ==== 28153104 已经关注用户，无法重复关注
2024-12-21 16:47:31,325|line:499| 动态-点赞 0
2024-12-21 16:47:35,325|line:515| https://t.bilibili.com/1012495109333188613
2024-12-21 16:47:38,829|line:340| =========此为源动态=========
2024-12-21 16:47:40,680|line:359| *********子动态开始*********
2024-12-21 16:47:40,680|line:378| *********子动态结束*********
2024-12-21 16:47:40,680|line:533| -=-=-=-=处理回最初的动态-=-=-=-=
2024-12-21 16:47:48,325|line:471| 转发成功 1013445929226731560
2024-12-21 16:47:51,932|line:490| 评论发送成功
2024-12-21 16:47:55,428|line:432| 关注 ==== 21707233 已经关注用户，无法重复关注
2024-12-21 16:47:59,039|line:499| 动态-点赞 0
2024-12-21 16:48:00,039|line:515| https://t.bilibili.com/1012098254381252608
2024-12-21 16:48:04,572|line:340| =========此为源动态=========
2024-12-21 16:48:08,247|line:359| *********子动态开始*********
2024-12-21 16:48:08,248|line:378| *********子动态结束*********
2024-12-21 16:48:08,248|line:533| -=-=-=-=处理回最初的动态-=-=-=-=
2024-12-21 16:48:19,372|line:471| 转发成功 1013446062343454724
2024-12-21 16:48:23,009|line:490| 评论发送成功
2024-12-21 16:48:26,485|line:432| 关注 ==== 386837540 已经关注用户，无法重复关注
2024-12-21 16:48:30,027|line:499| 动态-点赞 0
2024-12-21 16:48:34,027|line:515| https://t.bilibili.com/1011926837948841988
2024-12-21 16:48:38,568|line:340| =========此为源动态=========
2024-12-21 16:48:41,367|line:359| *********子动态开始*********
2024-12-21 16:48:41,367|line:378| *********子动态结束*********
2024-12-21 16:48:41,368|line:533| -=-=-=-=处理回最初的动态-=-=-=-=
2024-12-21 16:48:51,227|line:471| 转发成功 1013446199784505345
2024-12-21 16:48:54,843|line:490| 评论发送成功
2024-12-21 16:48:58,353|line:432| 关注 ==== 1150915963 已经关注用户，无法重复关注
2024-12-21 16:49:01,842|line:499| 动态-点赞 0
2024-12-21 16:49:02,842|line:515| https://t.bilibili.com/1012145503321718793
2024-12-21 16:49:06,325|line:522| 官方 或 预约 OUT！
2024-12-21 16:49:06,325|line:515| https://t.bilibili.com/1012506224741056517
2024-12-21 16:49:09,774|line:522| 官方 或 预约 OUT！
2024-12-21 16:49:09,774|line:515| https://t.bilibili.com/1011508813052772371
2024-12-21 16:49:13,366|line:340| =========此为源动态=========
2024-12-21 16:49:14,859|line:359| *********子动态开始*********
2024-12-21 16:49:14,859|line:378| *********子动态结束*********
2024-12-21 16:49:14,859|line:533| -=-=-=-=处理回最初的动态-=-=-=-=
2024-12-21 16:49:25,805|line:471| 转发成功 1013446345825976329
2024-12-21 16:49:29,403|line:490| 评论发送成功
2024-12-21 16:49:32,889|line:432| 关注 ==== 3493275608549942 0
2024-12-21 16:49:36,341|line:499| 动态-点赞 0
2024-12-21 16:49:38,341|line:515| https://t.bilibili.com/1012549225921118225
2024-12-21 16:49:39,815|line:340| =========此为源动态=========
2024-12-21 16:49:41,332|line:359| *********子动态开始*********
2024-12-21 16:49:41,332|line:378| *********子动态结束*********
2024-12-21 16:49:41,332|line:533| -=-=-=-=处理回最初的动态-=-=-=-=
2024-12-21 16:49:50,047|line:471| 转发成功 1013446448897851414
2024-12-21 16:49:53,764|line:490| 评论发送成功
2024-12-21 16:49:57,239|line:432| 关注 ==== 444854666 已经关注用户，无法重复关注
2024-12-21 16:50:00,703|line:499| 动态-点赞 0
2024-12-21 16:50:03,703|line:515| https://t.bilibili.com/1012300177944346676
2024-12-21 16:50:07,260|line:522| 官方 或 预约 OUT！
2024-12-21 16:50:07,260|line:515| https://t.bilibili.com/1012127202431467529
2024-12-21 16:50:11,785|line:522| 官方 或 预约 OUT！
2024-12-21 16:50:11,785|line:515| https://t.bilibili.com/1012108699725987862
2024-12-21 16:50:15,301|line:340| =========此为源动态=========
2024-12-21 16:50:20,044|line:359| *********子动态开始*********
2024-12-21 16:50:20,044|line:378| *********子动态结束*********
2024-12-21 16:50:20,044|line:533| -=-=-=-=处理回最初的动态-=-=-=-=
2024-12-21 16:50:30,737|line:471| 转发成功 1013446625005142018
2024-12-21 16:50:34,359|line:490| 评论发送成功
2024-12-21 16:50:37,864|line:432| 关注 ==== 1813205998 已经关注用户，无法重复关注
2024-12-21 16:50:41,341|line:499| 动态-点赞 0
2024-12-21 16:50:43,341|line:515| https://t.bilibili.com/1011427444898398210
2024-12-21 16:50:44,851|line:340| =========此为源动态=========
2024-12-21 16:50:49,652|line:359| *********子动态开始*********
2024-12-21 16:50:49,652|line:378| *********子动态结束*********
2024-12-21 16:50:49,652|line:533| -=-=-=-=处理回最初的动态-=-=-=-=
2024-12-21 16:50:59,227|line:471| 转发成功 1013446749531930628
2024-12-21 16:51:02,761|line:490| 评论发送成功
2024-12-21 16:51:06,194|line:432| 关注 ==== 287886755 已经关注用户，无法重复关注
2024-12-21 16:51:09,598|line:499| 动态-点赞 0
2024-12-21 16:51:10,599|line:515| https://t.bilibili.com/1011353990207635459
2024-12-21 16:51:10,599|line:517| 已有
2024-12-21 16:51:10,599|line:515| https://t.bilibili.com/1011191822994636802
2024-12-21 16:51:15,166|line:335| =========此为子动态=========
2024-12-21 16:51:18,715|line:398| *************原动态已存在***************
2024-12-21 16:51:21,324|line:359| *********子动态开始*********
2024-12-21 16:51:32,009|line:471| 转发成功 1013446886962495511
2024-12-21 16:51:35,673|line:490| 评论发送成功
2024-12-21 16:51:43,657|line:432| 关注 ==== 1129687681 已经关注用户，无法重复关注
2024-12-21 16:51:43,658|line:373| ----完成一个子动态----
2024-12-21 16:51:52,377|line:471| 转发成功 1013446977178828801
2024-12-21 16:51:56,008|line:490| 评论发送成功
2024-12-21 16:52:03,142|line:432| 关注 ==== 476645168 已经关注用户，无法重复关注
2024-12-21 16:52:03,143|line:373| ----完成一个子动态----
2024-12-21 16:52:13,919|line:471| 转发成功 1013447067351121929
2024-12-21 16:52:17,562|line:490| 评论发送成功
2024-12-21 16:52:24,475|line:432| 关注 ==== 601210376 已经关注用户，无法重复关注
2024-12-21 16:52:24,475|line:373| ----完成一个子动态----
2024-12-21 16:52:36,382|line:471| 转发成功 1013447166147952663
2024-12-21 16:52:40,101|line:490| 评论发送成功
2024-12-21 16:52:47,080|line:432| 关注 ==== 2140091933 已经关注用户，无法重复关注
2024-12-21 16:52:47,080|line:373| ----完成一个子动态----
2024-12-21 16:52:47,081|line:378| *********子动态结束*********
2024-12-21 16:52:51,081|line:515| https://t.bilibili.com/1011455070109171731
2024-12-21 16:52:51,081|line:517| 已有
2024-12-21 16:52:51,082|line:515| https://t.bilibili.com/1012169641014853637
2024-12-21 16:52:55,752|line:340| =========此为源动态=========
2024-12-21 16:52:57,429|line:359| *********子动态开始*********
2024-12-21 16:52:57,429|line:378| *********子动态结束*********
2024-12-21 16:52:57,429|line:533| -=-=-=-=处理回最初的动态-=-=-=-=
2024-12-21 16:53:05,067|line:471| 转发成功 1013447286404939798
2024-12-21 16:53:08,847|line:490| 评论发送成功
2024-12-21 16:53:12,363|line:432| 关注 ==== 192971807 已经关注用户，无法重复关注
2024-12-21 16:53:15,916|line:499| 动态-点赞 0
2024-12-21 16:53:19,916|line:515| https://t.bilibili.com/1012134856078917685
2024-12-21 16:53:22,337|line:335| =========此为子动态=========
2024-12-21 16:53:24,931|line:398| *************原动态已存在***************
2024-12-21 16:53:29,462|line:359| *********子动态开始*********
2024-12-21 16:53:41,234|line:471| 转发成功 1013447445322924038
2024-12-21 16:53:44,846|line:490| 评论发送成功
2024-12-21 16:53:49,905|line:432| 关注 ==== 505670427 已经关注用户，无法重复关注
2024-12-21 16:53:49,905|line:373| ----完成一个子动态----
2024-12-21 16:54:01,620|line:471| 转发成功 1013447531243241489
2024-12-21 16:54:05,333|line:490| 评论发送成功
2024-12-21 16:54:13,287|line:432| 关注 ==== 258852214 已经关注用户，无法重复关注
2024-12-21 16:54:13,287|line:373| ----完成一个子动态----
2024-12-21 16:54:13,288|line:378| *********子动态结束*********
2024-12-21 16:54:17,288|line:515| https://t.bilibili.com/1012562626215936039
2024-12-21 16:54:18,768|line:340| =========此为源动态=========
2024-12-21 16:54:20,392|line:359| *********子动态开始*********
2024-12-21 16:54:20,392|line:378| *********子动态结束*********
2024-12-21 16:54:20,392|line:533| -=-=-=-=处理回最初的动态-=-=-=-=
2024-12-21 16:54:29,200|line:471| 转发成功 1013447651506520071
2024-12-21 16:54:32,821|line:490| 评论发送成功
2024-12-21 16:54:36,340|line:432| 关注 ==== 436170053 已经关注用户，无法重复关注
2024-12-21 16:54:39,813|line:499| 动态-点赞 0
2024-12-21 16:54:42,813|line:515| https://t.bilibili.com/1012490453615902720
2024-12-21 16:54:44,333|line:340| =========此为源动态=========
2024-12-21 16:54:45,796|line:359| *********子动态开始*********
2024-12-21 16:54:45,796|line:378| *********子动态结束*********
2024-12-21 16:54:45,796|line:533| -=-=-=-=处理回最初的动态-=-=-=-=
2024-12-21 16:54:57,197|line:471| 转发成功 1013447767452811313
2024-12-21 16:55:00,737|line:490| 评论发送成功
2024-12-21 16:55:04,187|line:432| 关注 ==== 520152906 已经关注用户，无法重复关注
2024-12-21 16:55:07,589|line:499| 动态-点赞 0
2024-12-21 16:55:10,590|line:515| https://t.bilibili.com/1012490681243926531
2024-12-21 16:55:15,034|line:522| 官方 或 预约 OUT！
2024-12-21 16:55:15,034|line:515| https://t.bilibili.com/1012088429624688676
2024-12-21 16:55:18,512|line:340| =========此为源动态=========
2024-12-21 16:55:21,916|line:359| *********子动态开始*********
2024-12-21 16:55:21,916|line:378| *********子动态结束*********
2024-12-21 16:55:21,916|line:533| -=-=-=-=处理回最初的动态-=-=-=-=
2024-12-21 16:55:31,358|line:471| 转发成功 1013447917769326616
2024-12-21 16:55:34,891|line:490| 评论发送成功
2024-12-21 16:55:38,333|line:432| 关注 ==== 521568502 已经关注用户，无法重复关注
2024-12-21 16:55:41,724|line:499| 动态-点赞 0
2024-12-21 16:55:44,725|line:515| https://t.bilibili.com/1012227601621581876
2024-12-21 16:55:48,155|line:522| 官方 或 预约 OUT！
2024-12-21 16:55:48,155|line:515| https://t.bilibili.com/1011166547101614081
2024-12-21 16:55:51,576|line:340| =========此为源动态=========
2024-12-21 16:55:53,203|line:359| *********子动态开始*********
2024-12-21 16:55:53,203|line:378| *********子动态结束*********
2024-12-21 16:55:53,203|line:533| -=-=-=-=处理回最初的动态-=-=-=-=
2024-12-21 16:56:02,642|line:471| 转发成功 1013448050938478596
2024-12-21 16:56:06,151|line:490| 评论发送成功
2024-12-21 16:56:09,589|line:432| 关注 ==== 471181216 已经关注用户，无法重复关注
2024-12-21 16:56:13,002|line:499| 动态-点赞 0
2024-12-21 16:56:14,003|line:515| https://t.bilibili.com/1012490438566739973
2024-12-21 16:56:17,511|line:340| =========此为源动态=========
2024-12-21 16:56:19,908|line:359| *********子动态开始*********
2024-12-21 16:56:19,908|line:378| *********子动态结束*********
2024-12-21 16:56:19,908|line:533| -=-=-=-=处理回最初的动态-=-=-=-=
2024-12-21 16:56:28,358|line:471| 转发成功 1013448162607628288
2024-12-21 16:56:31,900|line:490| 评论发送成功
2024-12-21 16:56:35,401|line:432| 关注 ==== 26867299 已经关注用户，无法重复关注
2024-12-21 16:56:38,796|line:499| 动态-点赞 0
2024-12-21 16:56:40,796|line:515| https://t.bilibili.com/1011393364328710152
2024-12-21 16:56:40,796|line:517| 已有
2024-12-21 16:56:40,796|line:515| https://t.bilibili.com/1012601955230416915
2024-12-21 16:56:43,278|line:340| =========此为源动态=========
2024-12-21 16:56:46,879|line:359| *********子动态开始*********
2024-12-21 16:56:46,879|line:378| *********子动态结束*********
2024-12-21 16:56:46,880|line:533| -=-=-=-=处理回最初的动态-=-=-=-=
2024-12-21 16:56:57,426|line:471| 转发成功 1013448287127076889
2024-12-21 16:57:01,109|line:490| 评论发送成功
2024-12-21 16:57:04,539|line:432| 关注 ==== 1514206231 已经关注用户，无法重复关注
2024-12-21 16:57:07,947|line:499| 动态-点赞 0
2024-12-21 16:57:11,947|line:515| https://t.bilibili.com/1012459514798014466
2024-12-21 16:57:14,371|line:340| =========此为源动态=========
2024-12-21 16:57:17,809|line:359| *********子动态开始*********
2024-12-21 16:57:17,809|line:378| *********子动态结束*********
2024-12-21 16:57:17,810|line:533| -=-=-=-=处理回最初的动态-=-=-=-=
2024-12-21 16:57:30,320|line:471| 转发成功 1013448428877774857
2024-12-21 16:57:33,831|line:490| 评论发送成功
2024-12-21 16:57:37,343|line:432| 关注 ==== 99748932 已经关注用户，无法重复关注
2024-12-21 16:57:40,740|line:499| 动态-点赞 0
2024-12-21 16:57:43,740|line:515| https://t.bilibili.com/1012456377343279111
2024-12-21 16:57:46,190|line:340| =========此为源动态=========
2024-12-21 16:57:49,324|line:359| *********子动态开始*********
2024-12-21 16:57:49,324|line:378| *********子动态结束*********
2024-12-21 16:57:49,325|line:533| -=-=-=-=处理回最初的动态-=-=-=-=
2024-12-21 16:58:01,117|line:471| 转发成功 1013448557729939464
2024-12-21 16:58:04,737|line:490| 评论发送成功
2024-12-21 16:58:08,214|line:432| 关注 ==== 386837540 已经关注用户，无法重复关注
2024-12-21 16:58:11,685|line:499| 动态-点赞 0
2024-12-21 16:58:13,685|line:515| https://t.bilibili.com/1012215313707565075
2024-12-21 16:58:13,685|line:517| 已有
2024-12-21 16:58:13,685|line:515| https://t.bilibili.com/1012467411115311107
2024-12-21 16:58:16,161|line:340| =========此为源动态=========
2024-12-21 16:58:18,864|line:359| *********子动态开始*********
2024-12-21 16:58:18,864|line:378| *********子动态结束*********
2024-12-21 16:58:18,864|line:533| -=-=-=-=处理回最初的动态-=-=-=-=
2024-12-21 16:58:27,543|line:471| 转发成功 1013448673687765017
2024-12-21 16:58:31,114|line:490| 评论发送成功
2024-12-21 16:58:34,610|line:432| 关注 ==== 9535164 已经关注用户，无法重复关注
2024-12-21 16:58:38,130|line:499| 动态-点赞 0
2024-12-21 16:58:41,130|line:515| https://t.bilibili.com/1011456985686605833
2024-12-21 16:58:41,131|line:517| 已有
2024-12-21 16:58:41,131|line:515| https://t.bilibili.com/1012139352902336514
2024-12-21 16:58:44,633|line:340| =========此为源动态=========
2024-12-21 16:58:48,260|line:359| *********子动态开始*********
2024-12-21 16:58:55,123|line:471| 转发成功 1013448789663416336
2024-12-21 16:58:58,756|line:490| 评论发送成功
2024-12-21 16:59:05,744|line:432| 关注 ==== 471130755 已经关注用户，无法重复关注
2024-12-21 16:59:05,744|line:373| ----完成一个子动态----
2024-12-21 16:59:20,263|line:378| *********子动态结束*********
2024-12-21 16:59:20,264|line:533| -=-=-=-=处理回最初的动态-=-=-=-=
2024-12-21 16:59:30,873|line:471| 转发成功 1013448944276996113
2024-12-21 16:59:34,633|line:490| 评论发送成功
2024-12-21 16:59:38,270|line:432| 关注 ==== 703405 已经关注用户，无法重复关注
2024-12-21 16:59:41,770|line:499| 动态-点赞 0
2024-12-21 16:59:42,770|line:515| https://t.bilibili.com/1012271079552450578
2024-12-21 16:59:42,771|line:517| 已有
2024-12-21 16:59:42,771|line:515| https://t.bilibili.com/1012101548622217265
2024-12-21 16:59:46,248|line:340| =========此为源动态=========
2024-12-21 16:59:50,772|line:359| *********子动态开始*********
2024-12-21 16:59:50,772|line:378| *********子动态结束*********
2024-12-21 16:59:50,772|line:533| -=-=-=-=处理回最初的动态-=-=-=-=
2024-12-21 17:00:01,607|line:471| 转发成功 1013449077416787968
2024-12-21 17:00:05,265|line:490| 评论发送成功
2024-12-21 17:00:08,854|line:432| 关注 ==== 36965114 已经关注用户，无法重复关注
2024-12-21 17:00:12,405|line:499| 动态-点赞 0
2024-12-21 17:00:13,405|line:515| https://t.bilibili.com/1010975116112166912
2024-12-21 17:00:15,972|line:340| =========此为源动态=========
2024-12-21 17:00:17,674|line:359| *********子动态开始*********
2024-12-21 17:00:17,674|line:378| *********子动态结束*********
2024-12-21 17:00:17,674|line:533| -=-=-=-=处理回最初的动态-=-=-=-=
2024-12-21 17:00:24,448|line:471| 转发成功 1013449176186355752
2024-12-21 17:00:28,071|line:490| 评论发送成功
2024-12-21 17:00:31,546|line:432| 关注 ==== 623410202 已经关注用户，无法重复关注
2024-12-21 17:00:35,096|line:499| 动态-点赞 0
2024-12-21 17:00:39,096|line:515| https://t.bilibili.com/1012128082936463367
2024-12-21 17:00:43,632|line:340| =========此为源动态=========
2024-12-21 17:00:45,149|line:359| *********子动态开始*********
2024-12-21 17:00:45,149|line:378| *********子动态结束*********
2024-12-21 17:00:45,149|line:533| -=-=-=-=处理回最初的动态-=-=-=-=
2024-12-21 17:00:52,816|line:471| 转发成功 1013449296447537155
2024-12-21 17:00:56,409|line:490| 评论发送成功
2024-12-21 17:00:59,898|line:432| 关注 ==== 26867299 已经关注用户，无法重复关注
2024-12-21 17:01:03,364|line:499| 动态-点赞 0
2024-12-21 17:01:04,364|line:515| https://t.bilibili.com/1012503454488199184
2024-12-21 17:01:07,008|line:340| =========此为源动态=========
2024-12-21 17:01:09,677|line:359| *********子动态开始*********
2024-12-21 17:01:09,677|line:378| *********子动态结束*********
2024-12-21 17:01:09,677|line:533| -=-=-=-=处理回最初的动态-=-=-=-=
2024-12-21 17:01:17,357|line:471| 转发成功 1013449403853176850
2024-12-21 17:01:20,967|line:490| 评论发送成功
2024-12-21 17:01:24,436|line:432| 关注 ==== 24674998 已经关注用户，无法重复关注
2024-12-21 17:01:28,055|line:499| 动态-点赞 0
2024-12-21 17:01:29,055|line:515| https://t.bilibili.com/1011021566187667507
2024-12-21 17:01:33,530|line:522| 官方 或 预约 OUT！
2024-12-21 17:01:33,531|line:515| https://t.bilibili.com/997336945671536647
2024-12-21 17:01:35,045|line:522| 官方 或 预约 OUT！
2024-12-21 17:01:35,045|line:515| https://t.bilibili.com/1012109395505446932
2024-12-21 17:01:35,045|line:517| 已有
2024-12-21 17:01:35,045|line:515| https://t.bilibili.com/1011022936280137734
2024-12-21 17:01:36,603|line:522| 官方 或 预约 OUT！
2024-12-21 17:01:36,603|line:515| https://t.bilibili.com/1012272698760364039
2024-12-21 17:01:39,102|line:522| 官方 或 预约 OUT！
2024-12-21 17:01:39,103|line:515| https://t.bilibili.com/1012586639389622291
2024-12-21 17:01:41,600|line:340| =========此为源动态=========
2024-12-21 17:01:46,263|line:359| *********子动态开始*********
2024-12-21 17:01:46,263|line:378| *********子动态结束*********
2024-12-21 17:01:46,263|line:533| -=-=-=-=处理回最初的动态-=-=-=-=
2024-12-21 17:01:57,103|line:471| 转发成功 1013449571334881302
2024-12-21 17:02:00,708|line:490| 评论发送成功
2024-12-21 17:02:04,200|line:432| 关注 ==== 40488476 已经关注用户，无法重复关注
2024-12-21 17:02:07,644|line:499| 动态-点赞 0
2024-12-21 17:02:08,645|line:515| https://t.bilibili.com/1012223431170588711
2024-12-21 17:02:08,645|line:517| 已有
2024-12-21 17:02:08,645|line:515| https://t.bilibili.com/1012241405612916757
2024-12-21 17:02:11,395|line:340| =========此为源动态=========
2024-12-21 17:02:15,072|line:359| *********子动态开始*********
2024-12-21 17:02:15,072|line:378| *********子动态结束*********
2024-12-21 17:02:15,072|line:533| -=-=-=-=处理回最初的动态-=-=-=-=
2024-12-21 17:02:25,888|line:471| 转发成功 1013449695898370066
2024-12-21 17:02:29,472|line:490| 评论发送成功
2024-12-21 17:02:32,978|line:432| 关注 ==== 429717985 已经关注用户，无法重复关注
2024-12-21 17:02:36,422|line:499| 动态-点赞 0
2024-12-21 17:02:39,422|line:515| https://t.bilibili.com/1011495356927574069
2024-12-21 17:02:39,423|line:517| 已有
2024-12-21 17:02:39,423|line:515| https://t.bilibili.com/635932563238551585
2024-12-21 17:02:39,423|line:517| 已有
2024-12-21 17:02:39,423|line:515| https://t.bilibili.com/1011454808137138200
2024-12-21 17:02:39,423|line:517| 已有
2024-12-21 17:02:39,423|line:548| 执行结束
2024-12-21 17:02:43,492|line:553| ==================================================2024-12-22 01:02==================================================
