2024-12-24 16:30:07,108|line:233| processing article 40189295
2024-12-24 16:30:11,913|line:503| ==================================================2024-12-25 00:30==================================================
2024-12-24 16:30:11,914|line:515| https://t.bilibili.com/1013253482456547335
2024-12-24 16:30:15,567|line:340| =========此为源动态=========
2024-12-24 16:30:18,329|line:359| *********子动态开始*********
2024-12-24 16:30:18,329|line:378| *********子动态结束*********
2024-12-24 16:30:18,330|line:533| -=-=-=-=处理回最初的动态-=-=-=-=
2024-12-24 16:30:30,057|line:471| 转发成功 1014554722278834228
2024-12-24 16:30:33,702|line:490| 评论发送成功
2024-12-24 16:30:36,531|line:207| 风控校验失败
2024-12-24 16:30:39,263|line:207| 风控校验失败
2024-12-24 16:30:42,750|line:207| 风控校验失败
2024-12-24 16:30:47,314|line:207| 风控校验失败
2024-12-24 16:30:49,879|line:207| 风控校验失败
2024-12-24 16:30:49,879|line:424| check接口被ban
2024-12-24 16:30:53,365|line:432| 关注 ==== 476645168 已经关注用户，无法重复关注
2024-12-24 16:30:56,833|line:499| 动态-点赞 0
2024-12-24 16:30:59,834|line:515| https://t.bilibili.com/1013994147421356067
2024-12-24 16:31:02,313|line:522| 官方 或 预约 OUT！
2024-12-24 16:31:02,313|line:515| https://t.bilibili.com/1013253746619056128
2024-12-24 16:31:04,792|line:340| =========此为源动态=========
2024-12-24 16:31:09,472|line:359| *********子动态开始*********
2024-12-24 16:31:09,472|line:378| *********子动态结束*********
2024-12-24 16:31:09,472|line:533| -=-=-=-=处理回最初的动态-=-=-=-=
2024-12-24 16:31:20,119|line:471| 转发成功 1014554936990498869
2024-12-24 16:31:23,725|line:490| 评论发送成功
2024-12-24 16:31:27,213|line:432| 关注 ==== 39101587 0
2024-12-24 16:31:30,667|line:499| 动态-点赞 0
2024-12-24 16:31:31,668|line:515| https://t.bilibili.com/635932563238551585
2024-12-24 16:31:31,668|line:517| 已有
2024-12-24 16:31:31,668|line:515| https://t.bilibili.com/1012971537193500695
2024-12-24 16:31:33,148|line:522| 官方 或 预约 OUT！
2024-12-24 16:31:33,148|line:515| https://t.bilibili.com/1013953826253701121
2024-12-24 16:31:36,632|line:340| =========此为源动态=========
2024-12-24 16:31:39,245|line:359| *********子动态开始*********
2024-12-24 16:31:39,245|line:378| *********子动态结束*********
2024-12-24 16:31:39,245|line:533| -=-=-=-=处理回最初的动态-=-=-=-=
2024-12-24 16:31:49,880|line:471| 转发成功 1014555065874120771
2024-12-24 16:31:53,467|line:490| 评论发送成功
2024-12-24 16:31:56,955|line:432| 关注 ==== 1521701206 已经关注用户，无法重复关注
2024-12-24 16:32:00,465|line:499| 动态-点赞 0
2024-12-24 16:32:04,466|line:515| https://t.bilibili.com/1012587829092417553
2024-12-24 16:32:07,328|line:522| 官方 或 预约 OUT！
2024-12-24 16:32:07,328|line:515| https://t.bilibili.com/1013009289971761156
2024-12-24 16:32:10,822|line:522| 官方 或 预约 OUT！
2024-12-24 16:32:10,823|line:515| https://t.bilibili.com/1013260305003708416
2024-12-24 16:32:12,320|line:522| 官方 或 预约 OUT！
2024-12-24 16:32:12,321|line:515| https://t.bilibili.com/1011460069457395749
2024-12-24 16:32:14,751|line:335| =========此为子动态=========
2024-12-24 16:32:19,354|line:398| *************原动态已存在***************
2024-12-24 16:32:24,023|line:359| *********子动态开始*********
2024-12-24 16:32:33,608|line:471| 转发成功 1014555254817030148
2024-12-24 16:32:37,216|line:490| 评论发送成功
2024-12-24 16:32:43,137|line:432| 关注 ==== 1024366005 已经关注用户，无法重复关注
2024-12-24 16:32:43,137|line:373| ----完成一个子动态----
2024-12-24 16:32:53,940|line:471| 转发成功 1014555340746784792
2024-12-24 16:32:57,694|line:490| 评论发送成功
2024-12-24 16:33:03,622|line:432| 关注 ==== 471130755 已经关注用户，无法重复关注
2024-12-24 16:33:03,622|line:373| ----完成一个子动态----
2024-12-24 16:33:15,312|line:471| 转发成功 1014555435216142339
2024-12-24 16:33:18,988|line:490| 评论发送成功
2024-12-24 16:33:23,911|line:432| 关注 ==== 1129687681 已经关注用户，无法重复关注
2024-12-24 16:33:23,912|line:373| ----完成一个子动态----
2024-12-24 16:33:23,912|line:378| *********子动态结束*********
2024-12-24 16:33:26,913|line:515| https://t.bilibili.com/1012940055091609625
2024-12-24 16:33:31,479|line:340| =========此为源动态=========
2024-12-24 16:33:34,193|line:359| *********子动态开始*********
2024-12-24 16:33:40,988|line:471| 转发成功 1014555542618636289
2024-12-24 16:33:44,585|line:490| 评论发送成功
2024-12-24 16:33:52,505|line:432| 关注 ==== 171617844 已经关注用户，无法重复关注
2024-12-24 16:33:52,506|line:373| ----完成一个子动态----
2024-12-24 16:34:02,701|line:471| 转发成功 1014555637077508102
2024-12-24 16:34:06,439|line:490| 评论发送成功
2024-12-24 16:34:13,333|line:432| 关注 ==== 630815423 已经关注用户，无法重复关注
2024-12-24 16:34:13,334|line:373| ----完成一个子动态----
2024-12-24 16:34:13,334|line:378| *********子动态结束*********
2024-12-24 16:34:13,334|line:533| -=-=-=-=处理回最初的动态-=-=-=-=
2024-12-24 16:34:23,077|line:471| 转发成功 1014555722986291205
2024-12-24 16:34:26,798|line:490| 评论发送成功
2024-12-24 16:34:30,272|line:432| 关注 ==== 630815423 已经关注用户，无法重复关注
2024-12-24 16:34:33,927|line:499| 动态-点赞 0
2024-12-24 16:34:34,928|line:515| https://t.bilibili.com/1013619155972128818
2024-12-24 16:34:38,414|line:340| =========此为源动态=========
2024-12-24 16:34:41,933|line:359| *********子动态开始*********
2024-12-24 16:34:41,933|line:378| *********子动态结束*********
2024-12-24 16:34:41,933|line:533| -=-=-=-=处理回最初的动态-=-=-=-=
2024-12-24 16:34:51,728|line:471| 转发成功 1014555847552925704
2024-12-24 16:34:55,463|line:490| 评论发送成功
2024-12-24 16:34:59,104|line:432| 关注 ==== 450905062 已经关注用户，无法重复关注
2024-12-24 16:35:02,785|line:499| 动态-点赞 0
2024-12-24 16:35:03,785|line:515| https://t.bilibili.com/1012229942378758200
2024-12-24 16:35:08,237|line:335| =========此为子动态=========
2024-12-24 16:35:09,746|line:398| *************原动态已存在***************
2024-12-24 16:35:12,519|line:359| *********子动态开始*********
2024-12-24 16:35:19,344|line:471| 转发成功 1014555967793135624
2024-12-24 16:35:22,942|line:490| 评论发送成功
2024-12-24 16:35:30,854|line:432| 关注 ==== 493230543 已经关注用户，无法重复关注
2024-12-24 16:35:30,854|line:373| ----完成一个子动态----
2024-12-24 16:35:40,892|line:471| 转发成功 1014556058001080321
2024-12-24 16:35:44,480|line:490| 评论发送成功
2024-12-24 16:35:49,374|line:432| 关注 ==== 212395881 已经关注用户，无法重复关注
2024-12-24 16:35:49,374|line:373| ----完成一个子动态----
2024-12-24 16:35:58,377|line:471| 转发成功 1014556135315734531
2024-12-24 16:36:02,139|line:490| 评论发送成功
2024-12-24 16:36:08,035|line:432| 关注 ==== 626347730 已经关注用户，无法重复关注
2024-12-24 16:36:08,036|line:373| ----完成一个子动态----
2024-12-24 16:36:15,649|line:471| 转发成功 1014556208312352786
2024-12-24 16:36:19,266|line:490| 评论发送成功
2024-12-24 16:36:27,169|line:432| 关注 ==== 3546740875594396 已经关注用户，无法重复关注
2024-12-24 16:36:27,169|line:373| ----完成一个子动态----
2024-12-24 16:36:35,928|line:471| 转发成功 1014556294197018643
2024-12-24 16:36:39,527|line:490| 评论发送成功
2024-12-24 16:36:44,451|line:432| 关注 ==== 388684610 已经关注用户，无法重复关注
2024-12-24 16:36:44,452|line:373| ----完成一个子动态----
2024-12-24 16:36:56,082|line:471| 转发成功 1014556380108947473
2024-12-24 16:36:59,670|line:490| 评论发送成功
2024-12-24 16:37:06,561|line:432| 关注 ==== 479444311 已经关注用户，无法重复关注
2024-12-24 16:37:06,561|line:373| ----完成一个子动态----
2024-12-24 16:37:16,214|line:471| 转发成功 1014556470306406401
2024-12-24 16:37:19,846|line:490| 评论发送成功
2024-12-24 16:37:26,769|line:432| 关注 ==== 2000380121 已经关注用户，无法重复关注
2024-12-24 16:37:26,770|line:373| ----完成一个子动态----
2024-12-24 16:37:26,770|line:378| *********子动态结束*********
2024-12-24 16:37:29,770|line:515| https://t.bilibili.com/1012967010279096324
2024-12-24 16:37:34,412|line:340| =========此为源动态=========
2024-12-24 16:37:38,198|line:359| *********子动态开始*********
2024-12-24 16:37:38,198|line:378| *********子动态结束*********
2024-12-24 16:37:38,198|line:533| -=-=-=-=处理回最初的动态-=-=-=-=
2024-12-24 16:37:46,874|line:471| 转发成功 1014556599137599526
2024-12-24 16:37:50,461|line:490| 评论发送成功
2024-12-24 16:37:53,953|line:432| 关注 ==== 1930420310 已经关注用户，无法重复关注
2024-12-24 16:37:57,409|line:499| 动态-点赞 0
2024-12-24 16:37:59,409|line:515| https://t.bilibili.com/1013624599830593561
2024-12-24 16:38:00,858|line:345| 'NoneType' object has no attribute 'get'
2024-12-24 16:38:00,858|line:346| error line:326
2024-12-24 16:38:00,858|line:529| *#*#*#*#*#*#*#*#*#*原动态处理失败*#*#*#*#*#*#*#*#*#
2024-12-24 16:38:00,858|line:515| https://t.bilibili.com/1013251942712868902
2024-12-24 16:38:03,592|line:522| 官方 或 预约 OUT！
2024-12-24 16:38:03,592|line:515| https://t.bilibili.com/1012606422014230577
2024-12-24 16:38:06,259|line:522| 官方 或 预约 OUT！
2024-12-24 16:38:06,259|line:515| https://t.bilibili.com/1013350649647071233
2024-12-24 16:38:08,750|line:522| 官方 或 预约 OUT！
2024-12-24 16:38:08,750|line:515| https://t.bilibili.com/1013263532677922822
2024-12-24 16:38:10,587|line:340| =========此为源动态=========
2024-12-24 16:38:15,121|line:359| *********子动态开始*********
2024-12-24 16:38:15,122|line:378| *********子动态结束*********
2024-12-24 16:38:15,122|line:533| -=-=-=-=处理回最初的动态-=-=-=-=
2024-12-24 16:38:24,956|line:471| 转发成功 1014556762388299780
2024-12-24 16:38:28,586|line:490| 评论发送成功
2024-12-24 16:38:32,088|line:432| 关注 ==== 198427927 已经关注用户，无法重复关注
2024-12-24 16:38:35,543|line:499| 动态-点赞 0
2024-12-24 16:38:36,543|line:515| https://t.bilibili.com/1014081507077128228
2024-12-24 16:38:39,027|line:340| =========此为源动态=========
2024-12-24 16:38:40,774|line:359| *********子动态开始*********
2024-12-24 16:38:40,774|line:378| *********子动态结束*********
2024-12-24 16:38:40,775|line:533| -=-=-=-=处理回最初的动态-=-=-=-=
2024-12-24 16:38:48,406|line:471| 转发成功 1014556865442349065
2024-12-24 16:38:52,171|line:490| 评论发送成功
2024-12-24 16:38:55,655|line:432| 关注 ==== 9535164 已经关注用户，无法重复关注
2024-12-24 16:38:59,112|line:499| 动态-点赞 0
2024-12-24 16:39:00,113|line:515| https://t.bilibili.com/1013000691418923012
2024-12-24 16:39:02,699|line:340| =========此为源动态=========
2024-12-24 16:39:06,533|line:359| *********子动态开始*********
2024-12-24 16:39:06,533|line:378| *********子动态结束*********
2024-12-24 16:39:06,533|line:533| -=-=-=-=处理回最初的动态-=-=-=-=
2024-12-24 16:39:16,364|line:471| 转发成功 1014556985693044737
2024-12-24 16:39:19,863|line:490| 评论发送成功
2024-12-24 16:39:23,341|line:432| 关注 ==== 476645168 已经关注用户，无法重复关注
2024-12-24 16:39:26,804|line:499| 动态-点赞 0
2024-12-24 16:39:28,804|line:515| https://t.bilibili.com/1013970340400857093
2024-12-24 16:39:31,290|line:340| =========此为源动态=========
2024-12-24 16:39:33,171|line:359| *********子动态开始*********
2024-12-24 16:39:33,171|line:378| *********子动态结束*********
2024-12-24 16:39:33,171|line:533| -=-=-=-=处理回最初的动态-=-=-=-=
2024-12-24 16:39:42,028|line:471| 转发成功 1014557093089247317
2024-12-24 16:39:45,606|line:490| 评论发送成功
2024-12-24 16:39:49,147|line:432| 关注 ==== 1824814640 已经关注用户，无法重复关注
2024-12-24 16:39:52,592|line:499| 动态-点赞 0
2024-12-24 16:39:56,592|line:515| https://t.bilibili.com/1013990241158037524
2024-12-24 16:40:00,070|line:340| =========此为源动态=========
2024-12-24 16:40:03,727|line:359| *********子动态开始*********
2024-12-24 16:42:26,600|line:378| *********子动态结束*********
2024-12-24 16:42:26,601|line:533| -=-=-=-=处理回最初的动态-=-=-=-=
2024-12-24 16:42:35,234|line:471| 转发成功 1014557840424042503
2024-12-24 16:42:38,803|line:490| 评论发送成功
2024-12-24 16:42:42,271|line:432| 关注 ==== 471130755 已经关注用户，无法重复关注
2024-12-24 16:42:45,711|line:499| 动态-点赞 0
2024-12-24 16:42:48,712|line:515| https://t.bilibili.com/1014101195180998696
2024-12-24 16:42:53,312|line:340| =========此为源动态=========
2024-12-24 16:42:54,815|line:359| *********子动态开始*********
2024-12-24 16:42:54,816|line:378| *********子动态结束*********
2024-12-24 16:42:54,816|line:533| -=-=-=-=处理回最初的动态-=-=-=-=
2024-12-24 16:43:07,633|line:471| 转发成功 1014557977849364501
2024-12-24 16:43:11,246|line:490| 评论发送成功
2024-12-24 16:43:14,735|line:432| 关注 ==== 3494357252442916 0
2024-12-24 16:43:18,180|line:499| 动态-点赞 0
2024-12-24 16:43:19,180|line:515| https://t.bilibili.com/1012961693130555394
2024-12-24 16:43:23,668|line:340| =========此为源动态=========
2024-12-24 16:43:26,391|line:359| *********子动态开始*********
2024-12-24 16:43:26,391|line:378| *********子动态结束*********
2024-12-24 16:43:26,392|line:533| -=-=-=-=处理回最初的动态-=-=-=-=
2024-12-24 16:43:37,153|line:471| 转发成功 1014558102382444579
2024-12-24 16:43:40,806|line:490| 评论发送成功
2024-12-24 16:43:44,287|line:432| 关注 ==== 628831867 已经关注用户，无法重复关注
2024-12-24 16:43:47,729|line:499| 动态-点赞 0
2024-12-24 16:43:50,730|line:515| https://t.bilibili.com/1011949296309764112
2024-12-24 16:43:55,232|line:522| 官方 或 预约 OUT！
2024-12-24 16:43:55,232|line:515| https://t.bilibili.com/1012498480891953168
2024-12-24 16:43:58,866|line:522| 官方 或 预约 OUT！
2024-12-24 16:43:58,866|line:515| https://t.bilibili.com/1013248412262334481
2024-12-24 16:44:03,416|line:522| 官方 或 预约 OUT！
2024-12-24 16:44:03,416|line:515| https://t.bilibili.com/1013022823412662292
2024-12-24 16:44:06,927|line:340| =========此为源动态=========
2024-12-24 16:44:11,548|line:359| *********子动态开始*********
2024-12-24 16:44:11,548|line:378| *********子动态结束*********
2024-12-24 16:44:11,548|line:533| -=-=-=-=处理回最初的动态-=-=-=-=
2024-12-24 16:44:19,277|line:471| 转发成功 1014558287063941123
2024-12-24 16:44:22,851|line:490| 评论发送成功
2024-12-24 16:44:26,575|line:432| 关注 ==== 427983019 已经关注用户，无法重复关注
2024-12-24 16:44:30,027|line:499| 动态-点赞 0
2024-12-24 16:44:32,028|line:515| https://t.bilibili.com/1012973353961521156
2024-12-24 16:44:32,028|line:517| 已有
2024-12-24 16:44:32,028|line:515| https://t.bilibili.com/1011078768717987844
2024-12-24 16:44:35,659|line:340| =========此为源动态=========
2024-12-24 16:44:37,271|line:359| *********子动态开始*********
2024-12-24 16:44:37,271|line:378| *********子动态结束*********
2024-12-24 16:44:37,271|line:533| -=-=-=-=处理回最初的动态-=-=-=-=
2024-12-24 16:44:48,026|line:471| 转发成功 1014558407333511186
2024-12-24 16:44:51,602|line:490| 评论发送成功
2024-12-24 16:44:55,157|line:432| 关注 ==== 522202853 已经关注用户，无法重复关注
2024-12-24 16:44:58,599|line:499| 动态-点赞 0
2024-12-24 16:45:00,599|line:515| https://t.bilibili.com/1012961182023155730
2024-12-24 16:45:04,080|line:340| =========此为源动态=========
2024-12-24 16:45:07,818|line:359| *********子动态开始*********
2024-12-24 16:45:07,819|line:378| *********子动态结束*********
2024-12-24 16:45:07,819|line:533| -=-=-=-=处理回最初的动态-=-=-=-=
2024-12-24 16:45:15,451|line:471| 转发成功 1014558527608324097
2024-12-24 16:45:19,056|line:490| 评论发送成功
2024-12-24 16:45:22,534|line:432| 关注 ==== 9535164 已经关注用户，无法重复关注
2024-12-24 16:45:25,977|line:499| 动态-点赞 0
2024-12-24 16:45:27,978|line:515| https://t.bilibili.com/1011134515239714853
2024-12-24 16:45:27,978|line:517| 已有
2024-12-24 16:45:27,978|line:515| https://t.bilibili.com/1012955375243100160
2024-12-24 16:45:32,458|line:340| =========此为源动态=========
2024-12-24 16:45:35,135|line:359| *********子动态开始*********
2024-12-24 16:45:35,135|line:378| *********子动态结束*********
2024-12-24 16:45:35,135|line:533| -=-=-=-=处理回最初的动态-=-=-=-=
2024-12-24 16:45:43,799|line:471| 转发成功 1014558647839096834
2024-12-24 16:45:47,399|line:490| 评论发送成功
2024-12-24 16:45:50,873|line:432| 关注 ==== 268035532 已经关注用户，无法重复关注
2024-12-24 16:45:54,324|line:499| 动态-点赞 0
2024-12-24 16:45:55,324|line:515| https://t.bilibili.com/1011137976993841158
2024-12-24 16:45:55,324|line:517| 已有
2024-12-24 16:45:55,324|line:515| https://t.bilibili.com/1012134817433649202
2024-12-24 16:45:58,800|line:522| 官方 或 预约 OUT！
2024-12-24 16:45:58,801|line:515| https://t.bilibili.com/1013588232197111841
2024-12-24 16:46:03,479|line:340| =========此为源动态=========
2024-12-24 16:46:06,223|line:359| *********子动态开始*********
2024-12-24 16:46:06,224|line:378| *********子动态结束*********
2024-12-24 16:46:06,224|line:533| -=-=-=-=处理回最初的动态-=-=-=-=
2024-12-24 16:46:21,119|line:471| 转发成功 1014558806778052658
2024-12-24 16:46:24,781|line:490| 评论发送成功
2024-12-24 16:46:28,253|line:432| 关注 ==== 471130916 已经关注用户，无法重复关注
2024-12-24 16:46:31,691|line:499| 动态-点赞 0
2024-12-24 16:46:35,692|line:515| https://t.bilibili.com/1013959317365194772
2024-12-24 16:46:38,332|line:340| =========此为源动态=========
2024-12-24 16:46:42,838|line:359| *********子动态开始*********
2024-12-24 16:46:42,839|line:378| *********子动态结束*********
2024-12-24 16:46:42,839|line:533| -=-=-=-=处理回最初的动态-=-=-=-=
2024-12-24 16:46:54,521|line:471| 转发成功 1014558952813232152
2024-12-24 16:46:58,124|line:490| 评论发送成功
2024-12-24 16:47:01,589|line:432| 关注 ==== 471130916 已经关注用户，无法重复关注
2024-12-24 16:47:05,109|line:499| 动态-点赞 0
2024-12-24 16:47:06,109|line:515| https://t.bilibili.com/1011483232218120230
2024-12-24 16:47:09,594|line:335| =========此为子动态=========
2024-12-24 16:47:12,178|line:398| *************原动态已存在***************
2024-12-24 16:47:14,892|line:359| *********子动态开始*********
2024-12-24 16:47:24,723|line:471| 转发成功 1014559081630793764
2024-12-24 16:47:28,464|line:490| 评论发送成功
2024-12-24 16:47:34,382|line:432| 关注 ==== 346469145 已经关注用户，无法重复关注
2024-12-24 16:47:34,383|line:373| ----完成一个子动态----
2024-12-24 16:47:34,383|line:378| *********子动态结束*********
2024-12-24 16:47:38,384|line:515| https://t.bilibili.com/1014092034035679240
2024-12-24 16:47:41,951|line:340| =========此为源动态=========
2024-12-24 16:47:45,436|line:359| *********子动态开始*********
2024-12-24 16:47:45,437|line:378| *********子动态结束*********
2024-12-24 16:47:45,437|line:533| -=-=-=-=处理回最初的动态-=-=-=-=
2024-12-24 16:47:54,031|line:471| 转发成功 1014559206204768280
2024-12-24 16:47:57,569|line:490| 评论发送成功
2024-12-24 16:48:01,091|line:432| 关注 ==== 9535164 已经关注用户，无法重复关注
2024-12-24 16:48:04,483|line:499| 动态-点赞 0
2024-12-24 16:48:05,483|line:515| https://t.bilibili.com/1012977159315128352
2024-12-24 16:48:07,899|line:335| =========此为子动态=========
2024-12-24 16:48:10,402|line:384| *************原动态处理开始***************
2024-12-24 16:48:17,372|line:471| 转发成功 1014559309303906309
2024-12-24 16:48:21,887|line:490| 评论发送成功
2024-12-24 16:48:25,308|line:432| 关注 ==== 486445583 已经关注用户，无法重复关注
2024-12-24 16:48:28,807|line:499| 动态-点赞 0
2024-12-24 16:48:28,807|line:394| *************原动态处理完成***************
2024-12-24 16:48:33,559|line:359| *********子动态开始*********
2024-12-24 16:48:42,237|line:471| 转发成功 1014559416638242816
2024-12-24 16:48:45,731|line:490| 评论发送成功
2024-12-24 16:48:50,542|line:432| 关注 ==== 480520643 已经关注用户，无法重复关注
2024-12-24 16:48:50,542|line:373| ----完成一个子动态----
2024-12-24 16:49:02,026|line:471| 转发成功 1014559498257301511
2024-12-24 16:49:05,561|line:490| 评论发送成功
2024-12-24 16:49:13,378|line:432| 关注 ==== 1024366005 已经关注用户，无法重复关注
2024-12-24 16:49:13,378|line:373| ----完成一个子动态----
2024-12-24 16:49:24,257|line:471| 转发成功 1014559597042597892
2024-12-24 16:49:27,845|line:490| 评论发送成功
2024-12-24 16:49:35,801|line:432| 关注 ==== 212395881 已经关注用户，无法重复关注
2024-12-24 16:49:35,801|line:373| ----完成一个子动态----
2024-12-24 16:49:52,727|line:471| 转发成功 1014559717319507969
2024-12-24 16:49:56,307|line:490| 评论发送成功
2024-12-24 16:50:02,221|line:432| 关注 ==== 346469145 已经关注用户，无法重复关注
2024-12-24 16:50:02,221|line:373| ----完成一个子动态----
2024-12-24 16:50:19,213|line:471| 转发成功 1014559828981317669
2024-12-24 16:50:22,855|line:490| 评论发送成功
2024-12-24 16:50:27,816|line:432| 关注 ==== 627553716 已经关注用户，无法重复关注
2024-12-24 16:50:27,817|line:373| ----完成一个子动态----
2024-12-24 16:50:48,815|line:471| 转发成功 1014559957808316417
2024-12-24 16:50:52,460|line:490| 评论发送成功
2024-12-24 16:50:57,444|line:432| 关注 ==== 601210376 已经关注用户，无法重复关注
2024-12-24 16:50:57,445|line:373| ----完成一个子动态----
2024-12-24 16:51:16,001|line:378| *********子动态结束*********
2024-12-24 16:51:19,001|line:515| https://t.bilibili.com/1013975301117444101
2024-12-24 16:51:23,595|line:340| =========此为源动态=========
2024-12-24 16:51:25,114|line:359| *********子动态开始*********
2024-12-24 16:51:25,114|line:378| *********子动态结束*********
2024-12-24 16:51:25,114|line:533| -=-=-=-=处理回最初的动态-=-=-=-=
2024-12-24 16:51:36,762|line:471| 转发成功 1014560163977232393
2024-12-24 16:51:40,417|line:490| 评论发送成功
2024-12-24 16:51:43,883|line:432| 关注 ==== 315819794 已经关注用户，无法重复关注
2024-12-24 16:51:47,324|line:499| 动态-点赞 0
2024-12-24 16:51:48,324|line:515| https://t.bilibili.com/1013272378175651878
2024-12-24 16:51:51,812|line:340| =========此为源动态=========
2024-12-24 16:51:54,560|line:359| *********子动态开始*********
2024-12-24 16:51:54,561|line:378| *********子动态结束*********
2024-12-24 16:51:54,561|line:533| -=-=-=-=处理回最初的动态-=-=-=-=
2024-12-24 16:52:02,296|line:471| 转发成功 1014560275664207878
2024-12-24 16:52:05,873|line:490| 评论发送成功
2024-12-24 16:52:09,388|line:432| 关注 ==== 3461579146266841 已经关注用户，无法重复关注
2024-12-24 16:52:13,080|line:499| 动态-点赞 0
2024-12-24 16:52:15,080|line:515| https://t.bilibili.com/1013001711461072898
2024-12-24 16:52:18,565|line:340| =========此为源动态=========
2024-12-24 16:52:21,076|line:359| *********子动态开始*********
2024-12-24 16:52:21,076|line:378| *********子动态结束*********
2024-12-24 16:52:21,076|line:533| -=-=-=-=处理回最初的动态-=-=-=-=
2024-12-24 16:52:32,741|line:471| 转发成功 1014560404519518215
2024-12-24 16:52:36,585|line:490| 评论发送成功
2024-12-24 16:52:40,060|line:432| 关注 ==== 432158620 已经关注用户，无法重复关注
2024-12-24 16:52:43,518|line:499| 动态-点赞 0
2024-12-24 16:52:47,519|line:515| https://t.bilibili.com/1012995335580024833
2024-12-24 16:52:51,000|line:340| =========此为源动态=========
2024-12-24 16:52:53,703|line:359| *********子动态开始*********
2024-12-24 16:52:53,703|line:378| *********子动态结束*********
2024-12-24 16:52:53,703|line:533| -=-=-=-=处理回最初的动态-=-=-=-=
2024-12-24 16:53:06,400|line:471| 转发成功 1014560550543163395
2024-12-24 16:53:10,035|line:490| 评论发送成功
2024-12-24 16:53:13,513|line:432| 关注 ==== 1943556735 0
2024-12-24 16:53:17,057|line:499| 动态-点赞 0
2024-12-24 16:53:19,057|line:515| https://t.bilibili.com/1014025676769984512
2024-12-24 16:53:20,711|line:522| 官方 或 预约 OUT！
2024-12-24 16:53:20,712|line:515| https://t.bilibili.com/1013999898404585477
2024-12-24 16:53:23,192|line:340| =========此为源动态=========
2024-12-24 16:53:25,731|line:359| *********子动态开始*********
2024-12-24 16:53:25,732|line:378| *********子动态结束*********
2024-12-24 16:53:25,732|line:533| -=-=-=-=处理回最初的动态-=-=-=-=
2024-12-24 16:53:35,326|line:471| 转发成功 1014560675082534934
2024-12-24 16:53:38,957|line:490| 评论发送成功
2024-12-24 16:53:42,509|line:432| 关注 ==== 39101587 已经关注用户，无法重复关注
2024-12-24 16:53:46,199|line:499| 动态-点赞 0
2024-12-24 16:53:49,199|line:515| https://t.bilibili.com/1013985385694363650
2024-12-24 16:53:52,674|line:340| =========此为源动态=========
2024-12-24 16:53:54,571|line:359| *********子动态开始*********
2024-12-24 16:53:54,571|line:378| *********子动态结束*********
2024-12-24 16:53:54,571|line:533| -=-=-=-=处理回最初的动态-=-=-=-=
2024-12-24 16:54:03,314|line:471| 转发成功 1014560795336376327
2024-12-24 16:54:07,075|line:490| 评论发送成功
2024-12-24 16:54:10,550|line:432| 关注 ==== 9535164 已经关注用户，无法重复关注
2024-12-24 16:54:14,164|line:499| 动态-点赞 0
2024-12-24 16:54:16,165|line:515| https://t.bilibili.com/1013644829138092056
2024-12-24 16:54:19,819|line:522| 官方 或 预约 OUT！
2024-12-24 16:54:19,820|line:515| https://t.bilibili.com/1013998012910796819
2024-12-24 16:54:19,820|line:517| 已有
2024-12-24 16:54:19,820|line:515| https://t.bilibili.com/1012991087875194900
2024-12-24 16:54:23,326|line:340| =========此为源动态=========
2024-12-24 16:54:27,019|line:359| *********子动态开始*********
2024-12-24 16:54:27,019|line:378| *********子动态结束*********
2024-12-24 16:54:27,019|line:533| -=-=-=-=处理回最初的动态-=-=-=-=
2024-12-24 16:54:36,641|line:471| 转发成功 1014560937062957058
2024-12-24 16:54:40,214|line:490| 评论发送成功
2024-12-24 16:54:43,680|line:432| 关注 ==== 472780637 已经关注用户，无法重复关注
2024-12-24 16:54:47,122|line:499| 动态-点赞 0
2024-12-24 16:54:51,122|line:515| https://t.bilibili.com/1013957107632832549
2024-12-24 16:54:54,947|line:340| =========此为源动态=========
2024-12-24 16:54:56,567|line:359| *********子动态开始*********
2024-12-24 16:54:56,567|line:378| *********子动态结束*********
2024-12-24 16:54:56,567|line:533| -=-=-=-=处理回最初的动态-=-=-=-=
2024-12-24 16:55:07,214|line:471| 转发成功 1014561070234206217
2024-12-24 16:55:10,790|line:490| 评论发送成功
2024-12-24 16:55:14,405|line:432| 关注 ==== 1567835994 已经关注用户，无法重复关注
2024-12-24 16:55:17,959|line:499| 动态-点赞 0
2024-12-24 16:55:21,959|line:515| https://t.bilibili.com/1012251829507981330
2024-12-24 16:55:26,444|line:340| =========此为源动态=========
2024-12-24 16:55:31,174|line:359| *********子动态开始*********
2024-12-24 16:55:31,175|line:378| *********子动态结束*********
2024-12-24 16:55:31,175|line:533| -=-=-=-=处理回最初的动态-=-=-=-=
2024-12-24 16:55:43,776|line:471| 转发成功 1014561224833105927
2024-12-24 16:55:47,420|line:490| 评论发送成功
2024-12-24 16:55:50,904|line:432| 关注 ==== 396691357 已经关注用户，无法重复关注
2024-12-24 16:55:54,351|line:499| 动态-点赞 0
2024-12-24 16:55:55,351|line:515| https://t.bilibili.com/1012999050750853160
2024-12-24 16:55:58,860|line:340| =========此为源动态=========
2024-12-24 16:56:03,574|line:359| *********子动态开始*********
2024-12-24 16:56:03,574|line:378| *********子动态结束*********
2024-12-24 16:56:03,574|line:533| -=-=-=-=处理回最初的动态-=-=-=-=
2024-12-24 16:56:10,391|line:471| 转发成功 1014561340824485891
2024-12-24 16:56:13,997|line:490| 评论发送成功
2024-12-24 16:56:17,501|line:432| 关注 ==== 505470889 0
2024-12-24 16:56:21,134|line:499| 动态-点赞 0
2024-12-24 16:56:25,134|line:515| https://t.bilibili.com/1013714953086959640
2024-12-24 16:56:26,765|line:340| =========此为源动态=========
2024-12-24 16:56:30,480|line:359| *********子动态开始*********
2024-12-24 16:56:30,480|line:378| *********子动态结束*********
2024-12-24 16:56:30,480|line:533| -=-=-=-=处理回最初的动态-=-=-=-=
2024-12-24 16:56:41,093|line:471| 转发成功 1014561469659873281
2024-12-24 16:56:44,842|line:490| 评论发送成功
2024-12-24 16:56:48,395|line:432| 关注 ==== 1361426 已经关注用户，无法重复关注
2024-12-24 16:56:51,850|line:499| 动态-点赞 0
2024-12-24 16:56:53,850|line:515| https://t.bilibili.com/1014077899281530887
2024-12-24 16:56:58,413|line:340| =========此为源动态=========
2024-12-24 16:57:01,935|line:359| *********子动态开始*********
2024-12-24 16:57:01,935|line:378| *********子动态结束*********
2024-12-24 16:57:01,936|line:533| -=-=-=-=处理回最初的动态-=-=-=-=
2024-12-24 16:57:11,664|line:471| 转发成功 1014561602787082241
2024-12-24 16:57:15,257|line:490| 评论发送成功
2024-12-24 16:57:18,750|line:432| 关注 ==== 577730079 0
2024-12-24 16:57:22,204|line:499| 动态-点赞 0
2024-12-24 16:57:25,205|line:515| https://t.bilibili.com/1013009075218153489
2024-12-24 16:57:28,851|line:340| =========此为源动态=========
2024-12-24 16:57:30,468|line:359| *********子动态开始*********
2024-12-24 16:57:30,468|line:378| *********子动态结束*********
2024-12-24 16:57:30,468|line:533| -=-=-=-=处理回最初的动态-=-=-=-=
2024-12-24 16:57:43,189|line:471| 转发成功 1014561735940505620
2024-12-24 16:57:46,776|line:490| 评论发送成功
2024-12-24 16:57:50,265|line:432| 关注 ==== 357061011 已经关注用户，无法重复关注
2024-12-24 16:57:53,725|line:499| 动态-点赞 0
2024-12-24 16:57:54,725|line:515| https://t.bilibili.com/1013289755625914372
2024-12-24 16:57:58,223|line:340| =========此为源动态=========
2024-12-24 16:58:00,906|line:359| *********子动态开始*********
2024-12-24 16:58:00,907|line:378| *********子动态结束*********
2024-12-24 16:58:00,907|line:533| -=-=-=-=处理回最初的动态-=-=-=-=
2024-12-24 16:58:10,525|line:471| 转发成功 1014561856192249857
2024-12-24 16:58:14,268|line:490| 评论发送成功
2024-12-24 16:58:17,831|line:432| 关注 ==== 13726932 已经关注用户，无法重复关注
2024-12-24 16:58:21,279|line:499| 动态-点赞 0
2024-12-24 16:58:23,279|line:515| https://t.bilibili.com/1012979697618780161
2024-12-24 16:58:26,768|line:335| =========此为子动态=========
2024-12-24 16:58:28,330|line:398| *************原动态已存在***************
2024-12-24 16:58:31,031|line:359| *********子动态开始*********
2024-12-24 16:59:06,025|line:378| *********子动态结束*********
2024-12-24 16:59:06,025|line:533| -=-=-=-=处理回最初的动态-=-=-=-=
2024-12-24 16:59:13,727|line:471| 转发成功 1014562126760509481
2024-12-24 16:59:17,290|line:490| 评论发送成功
2024-12-24 16:59:20,770|line:432| 关注 ==== 631208134 已经关注用户，无法重复关注
2024-12-24 16:59:24,207|line:499| 动态-点赞 0
2024-12-24 16:59:25,208|line:515| https://t.bilibili.com/1012950161138122771
2024-12-24 16:59:26,703|line:335| =========此为子动态=========
2024-12-24 16:59:31,285|line:384| *************原动态处理开始***************
2024-12-24 16:59:38,517|line:471| 转发成功 1014562234161954817
2024-12-24 16:59:42,284|line:490| 评论发送成功
2024-12-24 16:59:45,754|line:432| 关注 ==== 36081646 已经关注用户，无法重复关注
2024-12-24 16:59:49,280|line:499| 动态-点赞 0
2024-12-24 16:59:49,280|line:394| *************原动态处理完成***************
2024-12-24 16:59:51,050|line:359| *********子动态开始*********
2024-12-24 17:04:29,112|line:378| *********子动态结束*********
2024-12-24 17:04:29,113|line:533| -=-=-=-=处理回最初的动态-=-=-=-=
2024-12-24 17:04:37,981|line:471| 转发成功 1014563518344593464
2024-12-24 17:04:41,607|line:490| 评论发送成功
2024-12-24 17:04:45,103|line:432| 关注 ==== 36081646 已经关注用户，无法重复关注
2024-12-24 17:04:48,555|line:499| 动态-点赞 0
2024-12-24 17:04:49,555|line:515| https://t.bilibili.com/1012976708332027923
2024-12-24 17:04:49,556|line:517| 已有
2024-12-24 17:04:49,556|line:515| https://t.bilibili.com/1012951054502854659
2024-12-24 17:04:51,035|line:340| =========此为源动态=========
2024-12-24 17:04:55,539|line:359| *********子动态开始*********
2024-12-24 17:04:55,540|line:378| *********子动态结束*********
2024-12-24 17:04:55,540|line:533| -=-=-=-=处理回最初的动态-=-=-=-=
2024-12-24 17:05:06,197|line:471| 转发成功 1014563642925907974
2024-12-24 17:05:09,982|line:490| 评论发送成功
2024-12-24 17:05:13,469|line:432| 关注 ==== 1024366005 已经关注用户，无法重复关注
2024-12-24 17:05:17,213|line:499| 动态-点赞 0
2024-12-24 17:05:21,213|line:515| https://t.bilibili.com/1012985220941480033
2024-12-24 17:05:24,708|line:340| =========此为源动态=========
2024-12-24 17:05:29,223|line:359| *********子动态开始*********
2024-12-24 17:05:29,224|line:378| *********子动态结束*********
2024-12-24 17:05:29,224|line:533| -=-=-=-=处理回最初的动态-=-=-=-=
2024-12-24 17:05:38,931|line:471| 转发成功 1014563780348084249
2024-12-24 17:05:42,434|line:490| 评论发送成功
2024-12-24 17:05:45,943|line:432| 关注 ==== 166491016 已经关注用户，无法重复关注
2024-12-24 17:05:49,480|line:499| 动态-点赞 0
2024-12-24 17:05:52,481|line:515| https://t.bilibili.com/1013999224056971268
2024-12-24 17:05:55,125|line:335| =========此为子动态=========
2024-12-24 17:05:58,675|line:398| *************原动态已存在***************
2024-12-24 17:06:02,355|line:359| *********子动态开始*********
2024-12-24 17:08:50,488|line:378| *********子动态结束*********
2024-12-24 17:08:50,488|line:533| -=-=-=-=处理回最初的动态-=-=-=-=
2024-12-24 17:09:01,265|line:471| 转发成功 1014564652241125381
2024-12-24 17:09:04,992|line:490| 评论发送成功
2024-12-24 17:09:08,478|line:432| 关注 ==== 703405 已经关注用户，无法重复关注
2024-12-24 17:09:11,950|line:499| 动态-点赞 0
2024-12-24 17:09:12,951|line:515| https://t.bilibili.com/1010812225221296128
2024-12-24 17:09:17,557|line:522| 官方 或 预约 OUT！
2024-12-24 17:09:17,557|line:515| https://t.bilibili.com/1012231690411573270
2024-12-24 17:09:17,558|line:517| 已有
2024-12-24 17:09:17,558|line:515| https://t.bilibili.com/1013224877997424678
2024-12-24 17:09:21,039|line:340| =========此为源动态=========
2024-12-24 17:09:24,569|line:359| *********子动态开始*********
2024-12-24 17:09:24,569|line:378| *********子动态结束*********
2024-12-24 17:09:24,569|line:533| -=-=-=-=处理回最初的动态-=-=-=-=
2024-12-24 17:09:33,260|line:471| 转发成功 1014564789669593088
2024-12-24 17:09:36,873|line:490| 评论发送成功
2024-12-24 17:09:40,460|line:432| 关注 ==== 571307144 已经关注用户，无法重复关注
2024-12-24 17:09:43,925|line:499| 动态-点赞 0
2024-12-24 17:09:44,925|line:515| https://t.bilibili.com/1012248522385260551
2024-12-24 17:09:48,429|line:522| 官方 或 预约 OUT！
2024-12-24 17:09:48,429|line:515| https://t.bilibili.com/1014053594060554246
2024-12-24 17:09:51,993|line:340| =========此为源动态=========
2024-12-24 17:09:55,535|line:359| *********子动态开始*********
2024-12-24 17:09:55,535|line:378| *********子动态结束*********
2024-12-24 17:09:55,536|line:533| -=-=-=-=处理回最初的动态-=-=-=-=
2024-12-24 17:10:07,257|line:471| 转发成功 1014564935685898241
2024-12-24 17:10:10,902|line:490| 评论发送成功
2024-12-24 17:10:14,388|line:432| 关注 ==== 357515451 已经关注用户，无法重复关注
2024-12-24 17:10:17,838|line:499| 动态-点赞 0
2024-12-24 17:10:18,839|line:515| https://t.bilibili.com/1013203598542110740
2024-12-24 17:10:18,839|line:517| 已有
2024-12-24 17:10:18,839|line:515| https://t.bilibili.com/1012321145988317187
2024-12-24 17:10:18,839|line:517| 已有
2024-12-24 17:10:18,839|line:515| https://t.bilibili.com/1010405075183468551
2024-12-24 17:10:20,326|line:522| 官方 或 预约 OUT！
2024-12-24 17:10:20,326|line:515| https://t.bilibili.com/1013998085906366472
2024-12-24 17:10:24,820|line:340| =========此为源动态=========
2024-12-24 17:10:27,453|line:359| *********子动态开始*********
2024-12-24 17:10:27,453|line:378| *********子动态结束*********
2024-12-24 17:10:27,453|line:533| -=-=-=-=处理回最初的动态-=-=-=-=
2024-12-24 17:10:35,063|line:471| 转发成功 1014565051674132520
2024-12-24 17:10:38,679|line:490| 评论发送成功
2024-12-24 17:10:42,157|line:432| 关注 ==== 1881796598 已经关注用户，无法重复关注
2024-12-24 17:10:45,605|line:499| 动态-点赞 0
2024-12-24 17:10:49,605|line:515| https://t.bilibili.com/1013971727705702408
2024-12-24 17:10:52,179|line:522| 官方 或 预约 OUT！
2024-12-24 17:10:52,179|line:515| https://t.bilibili.com/1005292294561071105
2024-12-24 17:10:56,838|line:522| 官方 或 预约 OUT！
2024-12-24 17:10:56,838|line:515| https://t.bilibili.com/1014055805979197463
2024-12-24 17:10:59,318|line:340| =========此为源动态=========
2024-12-24 17:11:00,859|line:359| *********子动态开始*********
2024-12-24 17:11:00,859|line:378| *********子动态结束*********
2024-12-24 17:11:00,860|line:533| -=-=-=-=处理回最初的动态-=-=-=-=
2024-12-24 17:11:11,549|line:471| 转发成功 1014565210552270856
2024-12-24 17:11:15,110|line:490| 评论发送成功
2024-12-24 17:11:18,649|line:432| 关注 ==== 212273071 0
2024-12-24 17:11:22,255|line:499| 动态-点赞 0
2024-12-24 17:11:26,256|line:515| https://t.bilibili.com/1010746370474115095
2024-12-24 17:11:27,736|line:522| 官方 或 预约 OUT！
2024-12-24 17:11:27,736|line:515| https://t.bilibili.com/1013711927278305289
2024-12-24 17:11:32,292|line:340| =========此为源动态=========
2024-12-24 17:11:34,803|line:359| *********子动态开始*********
2024-12-24 17:11:34,803|line:378| *********子动态结束*********
2024-12-24 17:11:34,803|line:533| -=-=-=-=处理回最初的动态-=-=-=-=
2024-12-24 17:11:41,548|line:471| 转发成功 1014565339430649861
2024-12-24 17:11:45,140|line:490| 评论发送成功
2024-12-24 17:11:48,630|line:432| 关注 ==== 631146901 已经关注用户，无法重复关注
2024-12-24 17:11:52,256|line:499| 动态-点赞 0
2024-12-24 17:11:54,257|line:515| https://t.bilibili.com/1013955711763218440
2024-12-24 17:11:56,737|line:340| =========此为源动态=========
2024-12-24 17:12:01,427|line:359| *********子动态开始*********
2024-12-24 17:12:01,427|line:378| *********子动态结束*********
2024-12-24 17:12:01,427|line:533| -=-=-=-=处理回最初的动态-=-=-=-=
2024-12-24 17:12:13,098|line:471| 转发成功 1014565472570441763
2024-12-24 17:12:16,717|line:490| 评论发送成功
2024-12-24 17:12:20,224|line:432| 关注 ==== 39776696 已经关注用户，无法重复关注
2024-12-24 17:12:23,674|line:499| 动态-点赞 0
2024-12-24 17:12:27,674|line:515| https://t.bilibili.com/1012941373641326599
2024-12-24 17:12:30,236|line:340| =========此为源动态=========
2024-12-24 17:12:32,963|line:359| *********子动态开始*********
2024-12-24 17:12:32,963|line:378| *********子动态结束*********
2024-12-24 17:12:32,963|line:533| -=-=-=-=处理回最初的动态-=-=-=-=
2024-12-24 17:12:40,644|line:471| 转发成功 1014565592803311653
2024-12-24 17:12:44,250|line:490| 评论发送成功
2024-12-24 17:12:47,734|line:432| 关注 ==== 238623328 已经关注用户，无法重复关注
2024-12-24 17:12:51,359|line:499| 动态-点赞 0
2024-12-24 17:12:52,359|line:515| https://t.bilibili.com/1013248257620443156
2024-12-24 17:12:54,834|line:522| 官方 或 预约 OUT！
2024-12-24 17:12:54,834|line:515| https://t.bilibili.com/1011777119641927752
2024-12-24 17:12:58,314|line:522| 官方 或 预约 OUT！
2024-12-24 17:12:58,314|line:515| https://t.bilibili.com/1013202005132312585
2024-12-24 17:12:58,315|line:517| 已有
2024-12-24 17:12:58,315|line:515| https://t.bilibili.com/1013248070783074313
2024-12-24 17:13:02,863|line:340| =========此为源动态=========
2024-12-24 17:13:06,374|line:359| *********子动态开始*********
2024-12-24 17:13:06,375|line:378| *********子动态结束*********
2024-12-24 17:13:06,375|line:533| -=-=-=-=处理回最初的动态-=-=-=-=
2024-12-24 17:13:18,512|line:471| 转发成功 1014565756048769061
2024-12-24 17:13:22,274|line:490| 评论发送成功
2024-12-24 17:13:25,820|line:432| 关注 ==== 108412997 已经关注用户，无法重复关注
2024-12-24 17:13:29,261|line:499| 动态-点赞 0
2024-12-24 17:13:33,261|line:515| https://t.bilibili.com/1013990329199624225
2024-12-24 17:13:36,839|line:522| 官方 或 预约 OUT！
2024-12-24 17:13:36,839|line:515| https://t.bilibili.com/1013248068648173592
2024-12-24 17:13:40,319|line:340| =========此为源动态=========
2024-12-24 17:13:41,912|line:359| *********子动态开始*********
2024-12-24 17:13:41,912|line:378| *********子动态结束*********
2024-12-24 17:13:41,913|line:533| -=-=-=-=处理回最初的动态-=-=-=-=
2024-12-24 17:13:52,499|line:471| 转发成功 1014565902071365633
2024-12-24 17:13:56,073|line:490| 评论发送成功
2024-12-24 17:13:59,562|line:432| 关注 ==== 373076765 0
2024-12-24 17:14:03,008|line:499| 动态-点赞 0
2024-12-24 17:14:07,008|line:515| https://t.bilibili.com/1007658600356642821
2024-12-24 17:14:07,008|line:517| 已有
2024-12-24 17:14:07,009|line:515| https://t.bilibili.com/1013295463605993508
2024-12-24 17:14:08,665|line:340| =========此为源动态=========
2024-12-24 17:14:12,406|line:359| *********子动态开始*********
2024-12-24 17:14:12,406|line:378| *********子动态结束*********
2024-12-24 17:14:12,406|line:533| -=-=-=-=处理回最初的动态-=-=-=-=
2024-12-24 17:14:21,999|line:471| 转发成功 1014566026597105696
2024-12-24 17:14:25,569|line:490| 评论发送成功
2024-12-24 17:14:29,062|line:432| 关注 ==== 622557681 已经关注用户，无法重复关注
2024-12-24 17:14:32,589|line:499| 动态-点赞 0
2024-12-24 17:14:36,589|line:515| https://t.bilibili.com/1014104893175103512
2024-12-24 17:14:41,150|line:340| =========此为源动态=========
2024-12-24 17:14:42,580|line:359| *********子动态开始*********
2024-12-24 17:14:42,580|line:378| *********子动态结束*********
2024-12-24 17:14:42,580|line:533| -=-=-=-=处理回最初的动态-=-=-=-=
2024-12-24 17:14:52,258|line:471| 转发成功 1014566159774646288
2024-12-24 17:14:55,927|line:490| 评论发送成功
2024-12-24 17:14:59,409|line:432| 关注 ==== 282234318 已经关注用户，无法重复关注
2024-12-24 17:15:02,852|line:499| 动态-点赞 0
2024-12-24 17:15:06,852|line:515| https://t.bilibili.com/1011485895105183748
2024-12-24 17:15:11,340|line:522| 官方 或 预约 OUT！
2024-12-24 17:15:11,340|line:515| https://t.bilibili.com/1012490438589808660
2024-12-24 17:15:12,825|line:340| =========此为源动态=========
2024-12-24 17:15:14,357|line:359| *********子动态开始*********
2024-12-24 17:15:14,358|line:378| *********子动态结束*********
2024-12-24 17:15:14,358|line:533| -=-=-=-=处理回最初的动态-=-=-=-=
2024-12-24 17:15:22,959|line:471| 转发成功 1014566288612130833
2024-12-24 17:15:26,529|line:490| 评论发送成功
2024-12-24 17:15:30,003|line:432| 关注 ==== 2070837133 已经关注用户，无法重复关注
2024-12-24 17:15:33,457|line:499| 动态-点赞 0
2024-12-24 17:15:36,457|line:515| https://t.bilibili.com/1013201685136277511
2024-12-24 17:15:37,940|line:340| =========此为源动态=========
2024-12-24 17:15:41,530|line:359| *********子动态开始*********
2024-12-24 17:15:41,530|line:378| *********子动态结束*********
2024-12-24 17:15:41,530|line:533| -=-=-=-=处理回最初的动态-=-=-=-=
2024-12-24 17:15:51,201|line:471| 转发成功 1014566413159890946
2024-12-24 17:15:54,772|line:490| 评论发送成功
2024-12-24 17:15:58,245|line:432| 关注 ==== 238623328 已经关注用户，无法重复关注
2024-12-24 17:16:01,769|line:499| 动态-点赞 0
2024-12-24 17:16:05,769|line:515| https://t.bilibili.com/1013249013567193109
2024-12-24 17:16:08,659|line:340| =========此为源动态=========
2024-12-24 17:16:10,449|line:359| *********子动态开始*********
2024-12-24 17:16:10,449|line:378| *********子动态结束*********
2024-12-24 17:16:10,449|line:533| -=-=-=-=处理回最初的动态-=-=-=-=
2024-12-24 17:16:20,295|line:471| 转发成功 1014566537719185424
2024-12-24 17:16:23,962|line:490| 评论发送成功
2024-12-24 17:16:27,537|line:432| 关注 ==== 520152906 已经关注用户，无法重复关注
2024-12-24 17:16:30,988|line:499| 动态-点赞 0
2024-12-24 17:16:34,988|line:515| https://t.bilibili.com/1012958660884692997
2024-12-24 17:16:36,538|line:522| 官方 或 预约 OUT！
2024-12-24 17:16:36,539|line:515| https://t.bilibili.com/1013757799663927321
2024-12-24 17:16:41,120|line:522| 官方 或 预约 OUT！
2024-12-24 17:16:41,120|line:515| https://t.bilibili.com/1013572770336866306
2024-12-24 17:16:42,597|line:340| =========此为源动态=========
2024-12-24 17:16:45,272|line:359| *********子动态开始*********
2024-12-24 17:16:45,273|line:378| *********子动态结束*********
2024-12-24 17:16:45,273|line:533| -=-=-=-=处理回最初的动态-=-=-=-=
2024-12-24 17:16:55,057|line:471| 转发成功 1014566683760656402
2024-12-24 17:16:58,648|line:490| 评论发送成功
2024-12-24 17:17:02,148|line:432| 关注 ==== 238623328 已经关注用户，无法重复关注
2024-12-24 17:17:05,599|line:499| 动态-点赞 0
2024-12-24 17:17:07,599|line:515| https://t.bilibili.com/1012095428299063298
2024-12-24 17:17:07,599|line:517| 已有
2024-12-24 17:17:07,599|line:515| https://t.bilibili.com/1013340842115465224
2024-12-24 17:17:11,084|line:340| =========此为源动态=========
2024-12-24 17:17:15,628|line:359| *********子动态开始*********
2024-12-24 17:17:15,629|line:378| *********子动态结束*********
2024-12-24 17:17:15,629|line:533| -=-=-=-=处理回最初的动态-=-=-=-=
2024-12-24 17:17:23,353|line:471| 转发成功 1014566808291639301
2024-12-24 17:17:26,921|line:490| 评论发送成功
2024-12-24 17:17:30,404|line:432| 关注 ==== 1409863611 已经关注用户，无法重复关注
2024-12-24 17:17:33,856|line:499| 动态-点赞 0
2024-12-24 17:17:35,857|line:515| https://t.bilibili.com/1013340842103930883
2024-12-24 17:17:40,414|line:340| =========此为源动态=========
2024-12-24 17:17:42,930|line:359| *********子动态开始*********
2024-12-24 17:17:42,930|line:378| *********子动态结束*********
2024-12-24 17:17:42,930|line:533| -=-=-=-=处理回最初的动态-=-=-=-=
2024-12-24 17:17:54,752|line:471| 转发成功 1014566941459742737
2024-12-24 17:17:58,364|line:490| 评论发送成功
2024-12-24 17:18:01,875|line:432| 关注 ==== 238623328 已经关注用户，无法重复关注
2024-12-24 17:18:05,346|line:499| 动态-点赞 0
2024-12-24 17:18:06,346|line:515| https://t.bilibili.com/1012970051144253473
2024-12-24 17:18:08,903|line:340| =========此为源动态=========
2024-12-24 17:18:13,439|line:359| *********子动态开始*********
2024-12-24 17:18:13,440|line:378| *********子动态结束*********
2024-12-24 17:18:13,440|line:533| -=-=-=-=处理回最初的动态-=-=-=-=
2024-12-24 17:18:24,238|line:471| 转发成功 1014567070273110019
2024-12-24 17:18:27,775|line:490| 评论发送成功
2024-12-24 17:18:31,444|line:432| 关注 ==== 2000380121 已经关注用户，无法重复关注
2024-12-24 17:18:34,977|line:499| 动态-点赞 0
2024-12-24 17:18:35,977|line:515| https://t.bilibili.com/1011488369019977735
2024-12-24 17:18:37,511|line:340| =========此为源动态=========
2024-12-24 17:18:40,202|line:359| *********子动态开始*********
2024-12-24 17:18:40,202|line:378| *********子动态结束*********
2024-12-24 17:18:40,202|line:533| -=-=-=-=处理回最初的动态-=-=-=-=
2024-12-24 17:18:49,889|line:471| 转发成功 1014567177667215412
2024-12-24 17:18:53,471|line:490| 评论发送成功
2024-12-24 17:18:56,969|line:432| 关注 ==== 3494361113299785 0
2024-12-24 17:19:00,431|line:499| 动态-点赞 0
2024-12-24 17:19:02,431|line:515| https://t.bilibili.com/1013250132397785109
2024-12-24 17:19:06,917|line:340| =========此为源动态=========
2024-12-24 17:19:10,667|line:359| *********子动态开始*********
2024-12-24 17:19:10,667|line:378| *********子动态结束*********
2024-12-24 17:19:10,667|line:533| -=-=-=-=处理回最初的动态-=-=-=-=
2024-12-24 17:19:18,550|line:471| 转发成功 1014567302223364113
2024-12-24 17:19:22,154|line:490| 评论发送成功
2024-12-24 17:19:25,812|line:432| 关注 ==== 429717985 已经关注用户，无法重复关注
2024-12-24 17:19:29,355|line:499| 动态-点赞 0
2024-12-24 17:19:33,356|line:515| https://t.bilibili.com/1010635044930191433
2024-12-24 17:19:36,837|line:522| 官方 或 预约 OUT！
2024-12-24 17:19:36,838|line:515| https://t.bilibili.com/1012947060149714968
2024-12-24 17:19:36,838|line:517| 已有
2024-12-24 17:19:36,838|line:515| https://t.bilibili.com/1013319038699307010
2024-12-24 17:19:40,322|line:340| =========此为源动态=========
2024-12-24 17:19:43,878|line:359| *********子动态开始*********
2024-12-24 17:19:43,878|line:378| *********子动态结束*********
2024-12-24 17:19:43,878|line:533| -=-=-=-=处理回最初的动态-=-=-=-=
2024-12-24 17:19:55,898|line:471| 转发成功 1014567461135056920
2024-12-24 17:19:59,523|line:490| 评论发送成功
2024-12-24 17:20:03,254|line:432| 关注 ==== 40488476 已经关注用户，无法重复关注
2024-12-24 17:20:06,704|line:499| 动态-点赞 0
2024-12-24 17:20:08,704|line:515| https://t.bilibili.com/1013310289863507976
2024-12-24 17:20:10,268|line:340| =========此为源动态=========
2024-12-24 17:20:11,954|line:359| *********子动态开始*********
2024-12-24 17:20:11,954|line:378| *********子动态结束*********
2024-12-24 17:20:11,955|line:533| -=-=-=-=处理回最初的动态-=-=-=-=
2024-12-24 17:20:23,673|line:471| 转发成功 1014567581396238355
2024-12-24 17:20:27,299|line:490| 评论发送成功
2024-12-24 17:20:30,778|line:432| 关注 ==== 65900190 已经关注用户，无法重复关注
2024-12-24 17:20:34,247|line:499| 动态-点赞 0
2024-12-24 17:20:35,247|line:515| https://t.bilibili.com/1012574630663159844
2024-12-24 17:20:37,725|line:522| 官方 或 预约 OUT！
2024-12-24 17:20:37,725|line:515| https://t.bilibili.com/1013588232223326210
2024-12-24 17:20:39,205|line:340| =========此为源动态=========
2024-12-24 17:20:43,908|line:359| *********子动态开始*********
2024-12-24 17:20:43,909|line:378| *********子动态结束*********
2024-12-24 17:20:43,909|line:533| -=-=-=-=处理回最初的动态-=-=-=-=
2024-12-24 17:20:52,534|line:471| 转发成功 1014567705964969988
2024-12-24 17:20:56,375|line:490| 评论发送成功
2024-12-24 17:20:59,859|line:432| 关注 ==== 1464627422 已经关注用户，无法重复关注
2024-12-24 17:21:03,502|line:499| 动态-点赞 0
2024-12-24 17:21:04,503|line:515| https://t.bilibili.com/1013263532663242758
2024-12-24 17:21:09,178|line:340| =========此为源动态=========
2024-12-24 17:21:12,932|line:359| *********子动态开始*********
2024-12-24 17:21:12,932|line:378| *********子动态结束*********
2024-12-24 17:21:12,932|line:533| -=-=-=-=处理回最初的动态-=-=-=-=
2024-12-24 17:21:25,608|line:471| 转发成功 1014567847672676359
2024-12-24 17:21:29,294|line:490| 评论发送成功
2024-12-24 17:21:32,778|line:432| 关注 ==== 187878266 已经关注用户，无法重复关注
2024-12-24 17:21:36,276|line:499| 动态-点赞 0
2024-12-24 17:21:37,276|line:515| https://t.bilibili.com/1012541421982318594
2024-12-24 17:21:40,791|line:522| 官方 或 预约 OUT！
2024-12-24 17:21:40,791|line:515| https://t.bilibili.com/1011441631169085446
2024-12-24 17:21:40,791|line:517| 已有
2024-12-24 17:21:40,791|line:515| https://t.bilibili.com/1012640386611413013
2024-12-24 17:21:45,282|line:522| 官方 或 预约 OUT！
2024-12-24 17:21:45,282|line:515| https://t.bilibili.com/1012552314010992646
2024-12-24 17:21:45,283|line:517| 已有
2024-12-24 17:21:45,283|line:515| https://t.bilibili.com/1013982825885466628
2024-12-24 17:21:48,855|line:340| =========此为源动态=========
2024-12-24 17:21:51,368|line:359| *********子动态开始*********
2024-12-24 17:21:51,368|line:378| *********子动态结束*********
2024-12-24 17:21:51,368|line:533| -=-=-=-=处理回最初的动态-=-=-=-=
2024-12-24 17:22:00,034|line:471| 转发成功 1014567993727778825
2024-12-24 17:22:03,796|line:490| 评论发送成功
2024-12-24 17:22:07,351|line:432| 关注 ==== 3494357252442916 已经关注用户，无法重复关注
2024-12-24 17:22:10,825|line:499| 动态-点赞 0
2024-12-24 17:22:11,825|line:515| https://t.bilibili.com/1013248070797754368
2024-12-24 17:22:14,479|line:340| =========此为源动态=========
2024-12-24 17:22:18,128|line:359| *********子动态开始*********
2024-12-24 17:22:18,128|line:378| *********子动态结束*********
2024-12-24 17:22:18,128|line:533| -=-=-=-=处理回最初的动态-=-=-=-=
2024-12-24 17:22:27,828|line:471| 转发成功 1014568113975328774
2024-12-24 17:22:31,438|line:490| 评论发送成功
2024-12-24 17:22:34,940|line:432| 关注 ==== 1694196506 已经关注用户，无法重复关注
2024-12-24 17:22:38,414|line:499| 动态-点赞 0
2024-12-24 17:22:42,414|line:515| https://t.bilibili.com/1013217147029028868
2024-12-24 17:22:43,827|line:340| =========此为源动态=========
2024-12-24 17:22:48,300|line:359| *********子动态开始*********
2024-12-24 17:22:48,300|line:378| *********子动态结束*********
2024-12-24 17:22:48,301|line:533| -=-=-=-=处理回最初的动态-=-=-=-=
2024-12-24 17:22:57,996|line:471| 转发成功 1014568242809667623
2024-12-24 17:23:01,630|line:490| 评论发送成功
2024-12-24 17:23:05,131|line:432| 关注 ==== 471130916 已经关注用户，无法重复关注
2024-12-24 17:23:08,591|line:499| 动态-点赞 0
2024-12-24 17:23:11,591|line:515| https://t.bilibili.com/1012108656763731968
2024-12-24 17:23:11,592|line:517| 已有
2024-12-24 17:23:11,592|line:515| https://t.bilibili.com/1013267902808195072
2024-12-24 17:23:14,007|line:522| 官方 或 预约 OUT！
2024-12-24 17:23:14,007|line:515| https://t.bilibili.com/1012213814752444433
2024-12-24 17:23:14,008|line:517| 已有
2024-12-24 17:23:14,008|line:515| https://t.bilibili.com/1013413003996954627
2024-12-24 17:23:14,008|line:517| 已有
2024-12-24 17:23:14,008|line:548| 执行结束
2024-12-24 17:23:19,082|line:553| ==================================================2024-12-25 01:23==================================================
