2025-01-09 16:32:15,776|line:233| processing article 40362152
2025-01-09 16:32:17,922|line:503| ==================================================2025-01-10 00:32==================================================
2025-01-09 16:32:17,922|line:515| https://t.bilibili.com/1009132892979200024
2025-01-09 16:32:17,922|line:517| 已有
2025-01-09 16:32:17,922|line:515| https://t.bilibili.com/1018148531848871958
2025-01-09 16:32:22,258|line:340| =========此为源动态=========
2025-01-09 16:32:26,856|line:359| *********子动态开始*********
2025-01-09 16:32:26,856|line:378| *********子动态结束*********
2025-01-09 16:32:26,857|line:533| -=-=-=-=处理回最初的动态-=-=-=-=
2025-01-09 16:32:35,844|line:471| 转发成功 1020492626238898177
2025-01-09 16:32:39,226|line:490| 评论发送成功
2025-01-09 16:32:42,772|line:420| 13726932 === 已经关注了
2025-01-09 16:32:46,059|line:499| 动态-点赞 0
2025-01-09 16:32:50,060|line:515| https://t.bilibili.com/1016636853702361093
2025-01-09 16:32:50,060|line:517| 已有
2025-01-09 16:32:50,060|line:515| https://t.bilibili.com/1018049631655821317
2025-01-09 16:32:52,298|line:340| =========此为源动态=========
2025-01-09 16:32:53,755|line:359| *********子动态开始*********
2025-01-09 16:32:53,756|line:378| *********子动态结束*********
2025-01-09 16:32:53,756|line:533| -=-=-=-=处理回最初的动态-=-=-=-=
2025-01-09 16:33:05,744|line:471| 转发成功 1020492755052265488
2025-01-09 16:33:09,231|line:490| 评论发送成功
2025-01-09 16:33:11,561|line:420| 1201837501 === 已经关注了
2025-01-09 16:33:14,800|line:499| 动态-点赞 0
2025-01-09 16:33:17,800|line:515| https://t.bilibili.com/1016581783602331685
2025-01-09 16:33:17,801|line:517| 已有
2025-01-09 16:33:17,801|line:515| https://t.bilibili.com/1016620687405613076
2025-01-09 16:33:17,801|line:517| 已有
2025-01-09 16:33:17,801|line:515| https://t.bilibili.com/1008880812762857494
2025-01-09 16:33:22,028|line:335| =========此为子动态=========
2025-01-09 16:33:26,352|line:398| *************原动态已存在***************
2025-01-09 16:33:28,600|line:359| *********子动态开始*********
2025-01-09 16:33:38,575|line:471| 转发成功 1020492896811352070
2025-01-09 16:33:41,889|line:490| 评论发送成功
2025-01-09 16:33:47,437|line:420| 480520643 === 已经关注了
2025-01-09 16:33:47,437|line:373| ----完成一个子动态----
2025-01-09 16:33:57,525|line:471| 转发成功 1020492978414682129
2025-01-09 16:34:00,896|line:490| 评论发送成功
2025-01-09 16:34:07,484|line:420| 1713150198 === 已经关注了
2025-01-09 16:34:07,484|line:373| ----完成一个子动态----
2025-01-09 16:34:14,500|line:471| 转发成功 1020493051421786116
2025-01-09 16:34:17,843|line:490| 评论发送成功
2025-01-09 16:34:24,439|line:420| 3546567483066493 === 已经关注了
2025-01-09 16:34:24,440|line:373| ----完成一个子动态----
2025-01-09 16:34:27,066|line:378| *********子动态结束*********
2025-01-09 16:34:30,067|line:515| https://t.bilibili.com/1009125668854693896
2025-01-09 16:34:30,067|line:517| 已有
2025-01-09 16:34:30,067|line:515| https://t.bilibili.com/1016631274539843620
2025-01-09 16:34:30,067|line:517| 已有
2025-01-09 16:34:30,067|line:515| https://t.bilibili.com/1018072442192527376
2025-01-09 16:34:33,496|line:522| 官方 或 预约 OUT！
2025-01-09 16:34:33,496|line:515| https://t.bilibili.com/1017330007712727112
2025-01-09 16:34:35,725|line:340| =========此为源动态=========
2025-01-09 16:34:37,176|line:359| *********子动态开始*********
2025-01-09 16:34:37,177|line:378| *********子动态结束*********
2025-01-09 16:34:37,177|line:533| -=-=-=-=处理回最初的动态-=-=-=-=
2025-01-09 16:34:43,081|line:471| 转发成功 1020493171689259033
2025-01-09 16:34:46,570|line:490| 评论发送成功
2025-01-09 16:34:50,898|line:420| 521548831 === 已经关注了
2025-01-09 16:34:54,138|line:499| 动态-点赞 0
2025-01-09 16:34:58,138|line:515| https://t.bilibili.com/1018157476115120181
2025-01-09 16:34:59,355|line:340| =========此为源动态=========
2025-01-09 16:35:00,818|line:359| *********子动态开始*********
2025-01-09 16:35:00,818|line:378| *********子动态结束*********
2025-01-09 16:35:00,818|line:533| -=-=-=-=处理回最初的动态-=-=-=-=
2025-01-09 16:35:07,743|line:471| 转发成功 1020493279048761345
2025-01-09 16:35:11,094|line:490| 评论发送成功
2025-01-09 16:35:14,425|line:420| 1588219408 === 已经关注了
2025-01-09 16:35:17,668|line:499| 动态-点赞 0
2025-01-09 16:35:20,669|line:515| https://t.bilibili.com/1019231374726397955
2025-01-09 16:35:20,669|line:517| 已有
2025-01-09 16:35:20,669|line:515| https://t.bilibili.com/1017046915686072336
2025-01-09 16:35:20,669|line:517| 已有
2025-01-09 16:35:20,669|line:515| https://t.bilibili.com/1009154200304615443
2025-01-09 16:35:20,670|line:517| 已有
2025-01-09 16:35:20,670|line:515| https://t.bilibili.com/1018104693139701783
2025-01-09 16:35:24,896|line:340| =========此为源动态=========
2025-01-09 16:35:27,401|line:359| *********子动态开始*********
2025-01-09 16:35:27,402|line:378| *********子动态结束*********
2025-01-09 16:35:27,402|line:533| -=-=-=-=处理回最初的动态-=-=-=-=
2025-01-09 16:35:36,446|line:471| 转发成功 1020493403616444436
2025-01-09 16:35:39,767|line:490| 评论发送成功
2025-01-09 16:35:43,095|line:420| 523002262 === 已经关注了
2025-01-09 16:35:46,459|line:499| 动态-点赞 0
2025-01-09 16:35:49,459|line:515| https://t.bilibili.com/1018174653849403399
2025-01-09 16:35:50,731|line:340| =========此为源动态=========
2025-01-09 16:35:55,163|line:359| *********子动态开始*********
2025-01-09 16:35:55,163|line:378| *********子动态结束*********
2025-01-09 16:35:55,164|line:533| -=-=-=-=处理回最初的动态-=-=-=-=
2025-01-09 16:36:05,221|line:471| 转发成功 1020493528139038725
2025-01-09 16:36:08,764|line:490| 评论发送成功
2025-01-09 16:36:12,208|line:420| 287886755 === 已经关注了
2025-01-09 16:36:15,548|line:499| 动态-点赞 0
2025-01-09 16:36:18,548|line:515| https://t.bilibili.com/1012976708332027923
2025-01-09 16:36:18,548|line:517| 已有
2025-01-09 16:36:18,548|line:515| https://t.bilibili.com/1015515772744630279
2025-01-09 16:36:22,946|line:522| 官方 或 预约 OUT！
2025-01-09 16:36:22,946|line:515| https://t.bilibili.com/1018147707220393987
2025-01-09 16:36:22,947|line:517| 已有
2025-01-09 16:36:22,947|line:515| https://t.bilibili.com/1016921464009392134
2025-01-09 16:36:22,947|line:517| 已有
2025-01-09 16:36:22,947|line:515| https://t.bilibili.com/635932563238551585
2025-01-09 16:36:22,947|line:517| 已有
2025-01-09 16:36:22,947|line:515| https://t.bilibili.com/1014453073245896706
2025-01-09 16:36:24,321|line:340| =========此为源动态=========
2025-01-09 16:36:25,723|line:359| *********子动态开始*********
2025-01-09 16:36:25,723|line:378| *********子动态结束*********
2025-01-09 16:36:25,723|line:533| -=-=-=-=处理回最初的动态-=-=-=-=
2025-01-09 16:36:34,873|line:471| 转发成功 1020493652715110418
2025-01-09 16:36:38,216|line:490| 评论发送成功
2025-01-09 16:36:39,540|line:420| 2013348916 === 已经关注了
2025-01-09 16:36:42,784|line:499| 动态-点赞 0
2025-01-09 16:36:45,784|line:515| https://t.bilibili.com/1018443325528604673
2025-01-09 16:36:47,003|line:522| 官方 或 预约 OUT！
2025-01-09 16:36:47,003|line:515| https://t.bilibili.com/1016927584333594629
2025-01-09 16:36:47,003|line:517| 已有
2025-01-09 16:36:47,004|line:515| https://t.bilibili.com/1018051216485122086
2025-01-09 16:36:47,004|line:517| 已有
2025-01-09 16:36:47,004|line:515| https://t.bilibili.com/1018418199981457446
2025-01-09 16:36:50,226|line:340| =========此为源动态=========
2025-01-09 16:36:52,692|line:359| *********子动态开始*********
2025-01-09 16:36:52,692|line:378| *********子动态结束*********
2025-01-09 16:36:52,692|line:533| -=-=-=-=处理回最初的动态-=-=-=-=
2025-01-09 16:37:02,585|line:471| 转发成功 1020493772963708944
2025-01-09 16:37:05,830|line:490| 评论发送成功
2025-01-09 16:37:13,440|line:432| 关注 ==== 2040295995 0
2025-01-09 16:37:16,836|line:499| 动态-点赞 0
2025-01-09 16:37:18,837|line:515| https://t.bilibili.com/1016585795133243396
2025-01-09 16:37:18,837|line:517| 已有
2025-01-09 16:37:18,837|line:515| https://t.bilibili.com/1017401808818012196
2025-01-09 16:37:18,837|line:517| 已有
2025-01-09 16:37:18,837|line:515| https://t.bilibili.com/1010794487001120787
2025-01-09 16:37:18,837|line:517| 已有
2025-01-09 16:37:18,837|line:515| https://t.bilibili.com/1009116125414293506
2025-01-09 16:37:18,838|line:517| 已有
2025-01-09 16:37:18,838|line:515| https://t.bilibili.com/1008861068792954917
2025-01-09 16:37:18,838|line:517| 已有
2025-01-09 16:37:18,838|line:515| https://t.bilibili.com/1013959667402932247
2025-01-09 16:37:18,838|line:517| 已有
2025-01-09 16:37:18,838|line:515| https://t.bilibili.com/1012979697618780161
2025-01-09 16:37:18,838|line:517| 已有
2025-01-09 16:37:18,838|line:515| https://t.bilibili.com/1013202005132312585
2025-01-09 16:37:18,838|line:517| 已有
2025-01-09 16:37:18,839|line:515| https://t.bilibili.com/1019277932159303701
2025-01-09 16:37:22,061|line:340| =========此为源动态=========
2025-01-09 16:37:26,478|line:359| *********子动态开始*********
2025-01-09 16:37:26,478|line:378| *********子动态结束*********
2025-01-09 16:37:26,479|line:533| -=-=-=-=处理回最初的动态-=-=-=-=
2025-01-09 16:37:37,674|line:471| 转发成功 1020493923290710037
2025-01-09 16:37:41,009|line:490| 评论发送成功
2025-01-09 16:37:43,331|line:420| 40488476 === 已经关注了
2025-01-09 16:37:46,582|line:499| 动态-点赞 0
2025-01-09 16:37:50,582|line:515| https://t.bilibili.com/1008880731140653075
2025-01-09 16:37:50,583|line:517| 已有
2025-01-09 16:37:50,583|line:515| https://t.bilibili.com/1018487452010020872
2025-01-09 16:37:53,825|line:522| 官方 或 预约 OUT！
2025-01-09 16:37:53,825|line:515| https://t.bilibili.com/1019646831211053088
2025-01-09 16:37:55,056|line:340| =========此为源动态=========
2025-01-09 16:37:59,317|line:359| *********子动态开始*********
2025-01-09 16:37:59,317|line:378| *********子动态结束*********
2025-01-09 16:37:59,317|line:533| -=-=-=-=处理回最初的动态-=-=-=-=
2025-01-09 16:38:08,254|line:471| 转发成功 1020494056452521992
2025-01-09 16:38:11,595|line:490| 评论发送成功
2025-01-09 16:38:12,918|line:420| 40488476 === 已经关注了
2025-01-09 16:38:16,155|line:499| 动态-点赞 0
2025-01-09 16:38:18,155|line:515| https://t.bilibili.com/1008896008354004996
2025-01-09 16:38:18,155|line:517| 已有
2025-01-09 16:38:18,156|line:515| https://t.bilibili.com/1016913565542514727
2025-01-09 16:38:18,156|line:517| 已有
2025-01-09 16:38:18,156|line:515| https://t.bilibili.com/1008894560974143509
2025-01-09 16:38:18,156|line:517| 已有
2025-01-09 16:38:18,156|line:515| https://t.bilibili.com/1018052041134571521
2025-01-09 16:38:19,382|line:335| =========此为子动态=========
2025-01-09 16:38:22,670|line:384| *************原动态处理开始***************
2025-01-09 16:38:27,273|line:471| 转发成功 1020494138054803463
2025-01-09 16:38:30,617|line:490| 评论发送成功
2025-01-09 16:38:35,248|line:432| 关注 ==== 8580411 0
2025-01-09 16:38:38,507|line:499| 动态-点赞 0
2025-01-09 16:38:38,507|line:394| *************原动态处理完成***************
2025-01-09 16:38:43,004|line:359| *********子动态开始*********
2025-01-09 16:38:53,063|line:471| 转发成功 1020494245417451526
2025-01-09 16:38:56,374|line:490| 评论发送成功
2025-01-09 16:39:01,931|line:420| 613115943 === 已经关注了
2025-01-09 16:39:01,931|line:373| ----完成一个子动态----
2025-01-09 16:39:01,932|line:378| *********子动态结束*********
2025-01-09 16:39:04,932|line:515| https://t.bilibili.com/1018044705295826947
2025-01-09 16:39:04,932|line:517| 已有
2025-01-09 16:39:04,933|line:515| https://t.bilibili.com/1016588810179313703
2025-01-09 16:39:04,933|line:517| 已有
2025-01-09 16:39:04,933|line:515| https://t.bilibili.com/1018174795581227027
2025-01-09 16:39:09,151|line:522| 官方 或 预约 OUT！
2025-01-09 16:39:09,151|line:515| https://t.bilibili.com/1017045275016953895
2025-01-09 16:39:10,366|line:340| =========此为源动态=========
2025-01-09 16:39:12,627|line:359| *********子动态开始*********
2025-01-09 16:39:12,627|line:378| *********子动态结束*********
2025-01-09 16:39:12,627|line:533| -=-=-=-=处理回最初的动态-=-=-=-=
2025-01-09 16:39:19,632|line:471| 转发成功 1020494361393102915
2025-01-09 16:39:23,121|line:490| 评论发送成功
2025-01-09 16:39:24,446|line:420| 515090296 === 已经关注了
2025-01-09 16:39:27,692|line:499| 动态-点赞 0
2025-01-09 16:39:29,693|line:515| https://t.bilibili.com/1020020690924863488
2025-01-09 16:39:30,976|line:522| 官方 或 预约 OUT！
2025-01-09 16:39:30,976|line:515| https://t.bilibili.com/1014733599069438022
2025-01-09 16:39:30,976|line:517| 已有
2025-01-09 16:39:30,976|line:515| https://t.bilibili.com/1016611951450521605
2025-01-09 16:39:30,976|line:517| 已有
2025-01-09 16:39:30,976|line:515| https://t.bilibili.com/1012187533840220168
2025-01-09 16:39:33,202|line:522| 官方 或 预约 OUT！
2025-01-09 16:39:33,203|line:515| https://t.bilibili.com/1012169641014853637
2025-01-09 16:39:33,203|line:517| 已有
2025-01-09 16:39:33,203|line:515| https://t.bilibili.com/1016566630962954246
2025-01-09 16:39:33,203|line:517| 已有
2025-01-09 16:39:33,203|line:515| https://t.bilibili.com/1018232476981526553
2025-01-09 16:39:33,203|line:517| 已有
2025-01-09 16:39:33,203|line:515| https://t.bilibili.com/1019170381895827457
2025-01-09 16:39:34,425|line:340| =========此为源动态=========
2025-01-09 16:39:37,860|line:359| *********子动态开始*********
2025-01-09 16:39:37,860|line:378| *********子动态结束*********
2025-01-09 16:39:37,860|line:533| -=-=-=-=处理回最初的动态-=-=-=-=
2025-01-09 16:39:47,823|line:471| 转发成功 1020494481654284297
2025-01-09 16:39:51,153|line:490| 评论发送成功
2025-01-09 16:39:54,477|line:420| 436170053 === 已经关注了
2025-01-09 16:39:57,709|line:499| 动态-点赞 0
2025-01-09 16:39:58,709|line:515| https://t.bilibili.com/1017042496179404805
2025-01-09 16:39:58,710|line:517| 已有
2025-01-09 16:39:58,710|line:515| https://t.bilibili.com/1018115610920353794
2025-01-09 16:40:02,932|line:340| =========此为源动态=========
2025-01-09 16:40:07,184|line:359| *********子动态开始*********
2025-01-09 16:40:07,184|line:378| *********子动态结束*********
2025-01-09 16:40:07,185|line:533| -=-=-=-=处理回最初的动态-=-=-=-=
2025-01-09 16:40:16,217|line:471| 转发成功 1020494606191558664
2025-01-09 16:40:19,545|line:490| 评论发送成功
2025-01-09 16:40:22,866|line:420| 458088758 === 已经关注了
2025-01-09 16:40:26,147|line:499| 动态-点赞 0
2025-01-09 16:40:29,147|line:515| https://t.bilibili.com/1016578141477404712
2025-01-09 16:40:29,147|line:517| 已有
2025-01-09 16:40:29,147|line:515| https://t.bilibili.com/1009197057638924291
2025-01-09 16:40:29,148|line:517| 已有
2025-01-09 16:40:29,148|line:515| https://t.bilibili.com/1011427444898398210
2025-01-09 16:40:29,148|line:517| 已有
2025-01-09 16:40:29,148|line:515| https://t.bilibili.com/998943890521194499
2025-01-09 16:40:33,529|line:522| 官方 或 预约 OUT！
2025-01-09 16:40:33,529|line:515| https://t.bilibili.com/1008881177819349011
2025-01-09 16:40:33,529|line:517| 已有
2025-01-09 16:40:33,529|line:515| https://t.bilibili.com/1012977159315128352
2025-01-09 16:40:33,529|line:517| 已有
2025-01-09 16:40:33,529|line:515| https://t.bilibili.com/1018073198114111494
2025-01-09 16:40:37,753|line:340| =========此为源动态=========
2025-01-09 16:40:42,029|line:359| *********子动态开始*********
2025-01-09 16:40:42,029|line:378| *********子动态结束*********
2025-01-09 16:40:42,029|line:533| -=-=-=-=处理回最初的动态-=-=-=-=
2025-01-09 16:40:50,928|line:471| 转发成功 1020494752204718081
2025-01-09 16:40:54,257|line:490| 评论发送成功
2025-01-09 16:40:58,578|line:420| 627652843 === 已经关注了
2025-01-09 16:41:01,869|line:499| 动态-点赞 0
2025-01-09 16:41:05,870|line:515| https://t.bilibili.com/1016589059269591042
2025-01-09 16:41:05,870|line:517| 已有
2025-01-09 16:41:05,870|line:515| https://t.bilibili.com/1013967432714289170
2025-01-09 16:41:05,870|line:517| 已有
2025-01-09 16:41:05,870|line:515| https://t.bilibili.com/1016574108525133833
2025-01-09 16:41:05,870|line:517| 已有
2025-01-09 16:41:05,871|line:515| https://t.bilibili.com/1013340934449922112
2025-01-09 16:41:08,150|line:522| 官方 或 预约 OUT！
2025-01-09 16:41:08,150|line:515| https://t.bilibili.com/1016685958065553431
2025-01-09 16:41:08,150|line:517| 已有
2025-01-09 16:41:08,150|line:515| https://t.bilibili.com/1010651790982512679
2025-01-09 16:41:11,484|line:522| 官方 或 预约 OUT！
2025-01-09 16:41:11,484|line:515| https://t.bilibili.com/1016573520099934227
2025-01-09 16:41:11,484|line:517| 已有
2025-01-09 16:41:11,484|line:515| https://t.bilibili.com/1011488369019977735
2025-01-09 16:41:11,484|line:517| 已有
2025-01-09 16:41:11,484|line:515| https://t.bilibili.com/1018057388329009160
2025-01-09 16:41:13,706|line:340| =========此为源动态=========
2025-01-09 16:41:15,113|line:359| *********子动态开始*********
2025-01-09 16:41:15,113|line:378| *********子动态结束*********
2025-01-09 16:41:15,113|line:533| -=-=-=-=处理回最初的动态-=-=-=-=
2025-01-09 16:41:26,015|line:471| 转发成功 1020494902541156359
2025-01-09 16:41:29,370|line:490| 评论发送成功
2025-01-09 16:41:30,697|line:420| 3493136779184802 === 已经关注了
2025-01-09 16:41:33,934|line:499| 动态-点赞 0
2025-01-09 16:41:37,934|line:515| https://t.bilibili.com/1016709889584529410
2025-01-09 16:41:37,935|line:517| 已有
2025-01-09 16:41:37,935|line:515| https://t.bilibili.com/1006354521596624897
2025-01-09 16:41:40,171|line:522| 官方 或 预约 OUT！
2025-01-09 16:41:40,172|line:515| https://t.bilibili.com/1018102850600828935
2025-01-09 16:41:44,402|line:340| =========此为源动态=========
2025-01-09 16:41:47,653|line:359| *********子动态开始*********
2025-01-09 16:41:47,653|line:378| *********子动态结束*********
2025-01-09 16:41:47,653|line:533| -=-=-=-=处理回最初的动态-=-=-=-=
2025-01-09 16:41:56,537|line:471| 转发成功 1020495035679899648
2025-01-09 16:41:59,911|line:490| 评论发送成功
2025-01-09 16:42:03,268|line:420| 1929903779 === 已经关注了
2025-01-09 16:42:06,579|line:499| 动态-点赞 0
2025-01-09 16:42:09,579|line:515| https://t.bilibili.com/1016591065021415425
2025-01-09 16:42:09,580|line:517| 已有
2025-01-09 16:42:09,580|line:515| https://t.bilibili.com/1016973759516508180
2025-01-09 16:42:09,580|line:517| 已有
2025-01-09 16:42:09,580|line:515| https://t.bilibili.com/1018149738748313609
2025-01-09 16:42:13,828|line:340| =========此为源动态=========
2025-01-09 16:42:17,285|line:359| *********子动态开始*********
2025-01-09 16:42:17,285|line:378| *********子动态结束*********
2025-01-09 16:42:17,285|line:533| -=-=-=-=处理回最初的动态-=-=-=-=
2025-01-09 16:42:27,158|line:471| 转发成功 1020495168853245960
2025-01-09 16:42:30,499|line:490| 评论发送成功
2025-01-09 16:42:31,825|line:420| 13726932 === 已经关注了
2025-01-09 16:42:35,068|line:499| 动态-点赞 0
2025-01-09 16:42:37,068|line:515| https://t.bilibili.com/1016577956782276609
2025-01-09 16:42:37,069|line:517| 已有
2025-01-09 16:42:37,069|line:548| 执行结束
2025-01-09 16:42:40,608|line:553| ==================================================2025-01-10 00:42==================================================
