2025-01-27 16:29:55,693|line:233| processing article 40537267
2025-01-27 16:30:00,370|line:503| ==================================================2025-01-28 00:30==================================================
2025-01-27 16:30:00,370|line:515| https://t.bilibili.com/1026000578169274368
2025-01-27 16:30:03,009|line:522| 官方 或 预约 OUT！
2025-01-27 16:30:03,010|line:515| https://t.bilibili.com/1025539749666881536
2025-01-27 16:30:05,502|line:340| =========此为源动态=========
2025-01-27 16:30:07,985|line:359| *********子动态开始*********
2025-01-27 16:30:07,985|line:378| *********子动态结束*********
2025-01-27 16:30:07,985|line:533| -=-=-=-=处理回最初的动态-=-=-=-=
2025-01-27 16:30:15,412|line:471| 转发成功 1027171558085361705
2025-01-27 16:30:18,917|line:490| 评论发送成功
2025-01-27 16:30:21,749|line:420| 3546740875594396 === 已经关注了
2025-01-27 16:30:25,163|line:499| 动态-点赞 0
2025-01-27 16:30:28,163|line:515| https://t.bilibili.com/1024504321097596934
2025-01-27 16:30:30,590|line:340| =========此为源动态=========
2025-01-27 16:30:34,212|line:359| *********子动态开始*********
2025-01-27 16:30:34,212|line:378| *********子动态结束*********
2025-01-27 16:30:34,213|line:533| -=-=-=-=处理回最初的动态-=-=-=-=
2025-01-27 16:30:44,677|line:471| 转发成功 1027171682639413289
2025-01-27 16:30:48,225|line:490| 评论发送成功
2025-01-27 16:30:52,752|line:420| 432158620 === 已经关注了
2025-01-27 16:30:56,312|line:499| 动态-点赞 0
2025-01-27 16:30:59,312|line:515| https://t.bilibili.com/1025162578496585734
2025-01-27 16:31:01,742|line:335| =========此为子动态=========
2025-01-27 16:31:03,234|line:384| *************原动态处理开始***************
2025-01-27 16:31:11,210|line:471| 转发成功 1027171798601433109
2025-01-27 16:31:14,743|line:490| 评论发送成功
2025-01-27 16:31:17,231|line:420| 436170053 === 已经关注了
2025-01-27 16:31:20,639|line:499| 动态-点赞 0
2025-01-27 16:31:20,639|line:394| *************原动态处理完成***************
2025-01-27 16:31:23,283|line:359| *********子动态开始*********
2025-01-27 16:31:31,999|line:471| 转发成功 1027171884472467477
2025-01-27 16:31:35,601|line:490| 评论发送成功
2025-01-27 16:31:41,564|line:420| 618447026 === 已经关注了
2025-01-27 16:31:41,564|line:373| ----完成一个子动态----
2025-01-27 16:31:49,269|line:471| 转发成功 1027171961768247304
2025-01-27 16:31:52,838|line:490| 评论发送成功
2025-01-27 16:31:57,807|line:420| 162827591 === 已经关注了
2025-01-27 16:31:57,807|line:373| ----完成一个子动态----
2025-01-27 16:32:08,615|line:471| 转发成功 1027172043414568969
2025-01-27 16:32:12,186|line:490| 评论发送成功
2025-01-27 16:32:18,112|line:420| 63414376 === 已经关注了
2025-01-27 16:32:18,112|line:373| ----完成一个子动态----
2025-01-27 16:32:29,646|line:471| 转发成功 1027172133612027911
2025-01-27 16:32:33,193|line:490| 评论发送成功
2025-01-27 16:32:37,139|line:420| 1813205998 === 已经关注了
2025-01-27 16:32:37,139|line:373| ----完成一个子动态----
2025-01-27 16:32:49,682|line:471| 转发成功 1027172219510325273
2025-01-27 16:32:53,262|line:490| 评论发送成功
2025-01-27 16:32:59,355|line:420| 544030731 === 已经关注了
2025-01-27 16:32:59,356|line:373| ----完成一个子动态----
2025-01-27 16:33:08,112|line:471| 转发成功 1027172296813445144
2025-01-27 16:33:11,656|line:490| 评论发送成功
2025-01-27 16:33:15,729|line:420| 480520643 === 已经关注了
2025-01-27 16:33:15,729|line:373| ----完成一个子动态----
2025-01-27 16:33:22,275|line:471| 转发成功 1027172361245294596
2025-01-27 16:33:25,853|line:490| 评论发送成功
2025-01-27 16:33:30,740|line:420| 488941099 === 已经关注了
2025-01-27 16:33:30,740|line:373| ----完成一个子动态----
2025-01-27 16:33:43,464|line:471| 转发成功 1027172451394519061
2025-01-27 16:33:47,165|line:490| 评论发送成功
2025-01-27 16:33:55,117|line:420| 626347730 === 已经关注了
2025-01-27 16:33:55,118|line:373| ----完成一个子动态----
2025-01-27 16:34:05,320|line:471| 转发成功 1027172545925742600
2025-01-27 16:34:08,902|line:490| 评论发送成功
2025-01-27 16:34:17,792|line:420| 505670427 === 已经关注了
2025-01-27 16:34:17,793|line:373| ----完成一个子动态----
2025-01-27 16:34:28,295|line:471| 转发成功 1027172644703698944
2025-01-27 16:34:31,809|line:490| 评论发送成功
2025-01-27 16:34:38,708|line:420| 1741810867 === 已经关注了
2025-01-27 16:34:38,708|line:373| ----完成一个子动态----
2025-01-27 16:34:38,709|line:378| *********子动态结束*********
2025-01-27 16:34:40,709|line:515| https://t.bilibili.com/1025109269400256518
2025-01-27 16:34:40,709|line:517| 已有
2025-01-27 16:34:40,710|line:515| https://t.bilibili.com/1024736620851494921
2025-01-27 16:34:40,710|line:517| 已有
2025-01-27 16:34:40,710|line:515| https://t.bilibili.com/1026233498549092370
2025-01-27 16:34:43,290|line:340| =========此为源动态=========
2025-01-27 16:34:47,741|line:359| *********子动态开始*********
2025-01-27 16:34:47,742|line:378| *********子动态结束*********
2025-01-27 16:34:47,742|line:533| -=-=-=-=处理回最初的动态-=-=-=-=
2025-01-27 16:34:57,417|line:471| 转发成功 1027172769257750531
2025-01-27 16:35:01,005|line:490| 评论发送成功
2025-01-27 16:35:02,405|line:420| 177560641 === 已经关注了
2025-01-27 16:35:05,722|line:499| 动态-点赞 0
2025-01-27 16:35:07,723|line:515| https://t.bilibili.com/1026239902341136400
2025-01-27 16:35:10,466|line:340| =========此为源动态=========
2025-01-27 16:35:14,132|line:359| *********子动态开始*********
2025-01-27 16:35:14,132|line:378| *********子动态结束*********
2025-01-27 16:35:14,132|line:533| -=-=-=-=处理回最初的动态-=-=-=-=
2025-01-27 16:35:22,562|line:471| 转发成功 1027172876604669971
2025-01-27 16:35:26,077|line:490| 评论发送成功
2025-01-27 16:35:29,582|line:420| 323060342 === 已经关注了
2025-01-27 16:35:32,978|line:499| 动态-点赞 0
2025-01-27 16:35:35,978|line:515| https://t.bilibili.com/1025100864113606697
2025-01-27 16:35:38,398|line:340| =========此为源动态=========
2025-01-27 16:35:42,028|line:359| *********子动态开始*********
2025-01-27 16:35:42,029|line:378| *********子动态结束*********
2025-01-27 16:35:42,029|line:533| -=-=-=-=处理回最初的动态-=-=-=-=
2025-01-27 16:35:52,462|line:471| 转发成功 1027173005442154500
2025-01-27 16:35:55,983|line:490| 评论发送成功
2025-01-27 16:35:58,484|line:420| 397664175 === 已经关注了
2025-01-27 16:36:01,876|line:499| 动态-点赞 0
2025-01-27 16:36:05,876|line:515| https://t.bilibili.com/1025122802813894729
2025-01-27 16:36:05,876|line:517| 已有
2025-01-27 16:36:05,877|line:515| https://t.bilibili.com/1024727300751491076
2025-01-27 16:36:05,877|line:517| 已有
2025-01-27 16:36:05,877|line:515| https://t.bilibili.com/1025560520111947792
2025-01-27 16:36:09,314|line:340| =========此为源动态=========
2025-01-27 16:36:11,979|line:359| *********子动态开始*********
2025-01-27 16:36:11,979|line:378| *********子动态结束*********
2025-01-27 16:36:11,979|line:533| -=-=-=-=处理回最初的动态-=-=-=-=
2025-01-27 16:36:22,702|line:471| 转发成功 1027173134289076230
2025-01-27 16:36:26,343|line:490| 评论发送成功
2025-01-27 16:36:29,834|line:420| 3494370223327232 === 已经关注了
2025-01-27 16:36:33,294|line:499| 动态-点赞 0
2025-01-27 16:36:37,295|line:515| https://t.bilibili.com/1026377410041348103
2025-01-27 16:36:40,780|line:340| =========此为源动态=========
2025-01-27 16:36:43,306|line:359| *********子动态开始*********
2025-01-27 16:36:43,307|line:378| *********子动态结束*********
2025-01-27 16:36:43,307|line:533| -=-=-=-=处理回最初的动态-=-=-=-=
2025-01-27 16:36:52,709|line:471| 转发成功 1027173263187378196
2025-01-27 16:36:56,281|line:490| 评论发送成功
2025-01-27 16:36:58,977|line:420| 52502322 === 已经关注了
2025-01-27 16:37:02,384|line:499| 动态-点赞 0
2025-01-27 16:37:06,384|line:515| https://t.bilibili.com/1024707316261322758
2025-01-27 16:37:06,384|line:517| 已有
2025-01-27 16:37:06,384|line:515| https://t.bilibili.com/1022568100427464705
2025-01-27 16:37:08,809|line:335| =========此为子动态=========
2025-01-27 16:37:13,379|line:398| *************原动态已存在***************
2025-01-27 16:37:18,015|line:359| *********子动态开始*********
2025-01-27 16:37:26,504|line:471| 转发成功 1027173409218363393
2025-01-27 16:37:30,256|line:490| 评论发送成功
2025-01-27 16:37:36,190|line:420| 212395881 === 已经关注了
2025-01-27 16:37:36,190|line:373| ----完成一个子动态----
2025-01-27 16:37:45,845|line:471| 转发成功 1027173490817499160
2025-01-27 16:37:49,413|line:490| 评论发送成功
2025-01-27 16:37:53,355|line:420| 31748830 === 已经关注了
2025-01-27 16:37:53,355|line:373| ----完成一个子动态----
2025-01-27 16:38:01,908|line:471| 转发成功 1027173559525441555
2025-01-27 16:38:05,511|line:490| 评论发送成功
2025-01-27 16:38:13,120|line:432| 关注 ==== 402593521 0
2025-01-27 16:38:13,120|line:373| ----完成一个子动态----
2025-01-27 16:38:13,120|line:378| *********子动态结束*********
2025-01-27 16:38:16,121|line:515| https://t.bilibili.com/1025957753075531777
2025-01-27 16:38:20,542|line:340| =========此为源动态=========
2025-01-27 16:38:24,098|line:359| *********子动态开始*********
2025-01-27 16:38:24,099|line:378| *********子动态结束*********
2025-01-27 16:38:24,099|line:533| -=-=-=-=处理回最初的动态-=-=-=-=
2025-01-27 16:38:32,663|line:471| 转发成功 1027173692656844825
2025-01-27 16:38:36,241|line:490| 评论发送成功
2025-01-27 16:38:40,799|line:420| 486445583 === 已经关注了
2025-01-27 16:38:44,447|line:499| 动态-点赞 0
2025-01-27 16:38:48,447|line:515| https://t.bilibili.com/1026613341165977687
2025-01-27 16:38:51,741|line:335| =========此为子动态=========
2025-01-27 16:38:54,174|line:384| *************原动态处理开始***************
2025-01-27 16:39:01,901|line:471| 转发成功 1027173817239207958
2025-01-27 16:39:05,314|line:490| 评论发送成功
2025-01-27 16:39:07,708|line:420| 3546701923093477 === 已经关注了
2025-01-27 16:39:11,029|line:499| 动态-点赞 0
2025-01-27 16:39:11,030|line:394| *************原动态处理完成***************
2025-01-27 16:39:15,565|line:359| *********子动态开始*********
2025-01-27 16:39:21,710|line:471| 转发成功 1027173903091367938
2025-01-27 16:39:25,163|line:490| 评论发送成功
2025-01-27 16:39:29,924|line:420| 1345140518 === 已经关注了
2025-01-27 16:39:29,925|line:373| ----完成一个子动态----
2025-01-27 16:39:40,166|line:471| 转发成功 1027173980410216452
2025-01-27 16:39:43,592|line:490| 评论发送成功
2025-01-27 16:39:50,274|line:420| 346469145 === 已经关注了
2025-01-27 16:39:50,274|line:373| ----完成一个子动态----
2025-01-27 16:39:59,425|line:471| 转发成功 1027174066350456841
2025-01-27 16:40:03,009|line:490| 评论发送成功
2025-01-27 16:40:07,734|line:420| 63414376 === 已经关注了
2025-01-27 16:40:07,735|line:373| ----完成一个子动态----
2025-01-27 16:40:16,069|line:471| 转发成功 1027174135029039141
2025-01-27 16:40:19,574|line:490| 评论发送成功
2025-01-27 16:40:26,695|line:420| 1129687681 === 已经关注了
2025-01-27 16:40:26,695|line:373| ----完成一个子动态----
2025-01-27 16:40:26,696|line:378| *********子动态结束*********
2025-01-27 16:40:27,697|line:515| https://t.bilibili.com/1025949657028624403
2025-01-27 16:40:29,183|line:340| =========此为源动态=========
2025-01-27 16:40:32,887|line:359| *********子动态开始*********
2025-01-27 16:40:32,887|line:378| *********子动态结束*********
2025-01-27 16:40:32,888|line:533| -=-=-=-=处理回最初的动态-=-=-=-=
2025-01-27 16:40:42,501|line:471| 转发成功 1027174250994204676
2025-01-27 16:40:46,046|line:490| 评论发送成功
2025-01-27 16:40:50,559|line:420| 472780637 === 已经关注了
2025-01-27 16:40:53,960|line:499| 动态-点赞 0
2025-01-27 16:40:56,961|line:515| https://t.bilibili.com/1026572109453721621
2025-01-27 16:40:59,380|line:335| =========此为子动态=========
2025-01-27 16:41:02,896|line:398| *************原动态已存在***************
2025-01-27 16:41:07,516|line:359| *********子动态开始*********
2025-01-27 16:41:18,994|line:471| 转发成功 1027174405614075924
2025-01-27 16:41:22,510|line:490| 评论发送成功
2025-01-27 16:41:30,379|line:420| 2091407755 === 已经关注了
2025-01-27 16:41:30,380|line:373| ----完成一个子动态----
2025-01-27 16:41:39,892|line:471| 转发成功 1027174495836700713
2025-01-27 16:41:43,414|line:490| 评论发送成功
2025-01-27 16:41:46,286|line:420| 162827591 === 已经关注了
2025-01-27 16:41:46,286|line:373| ----完成一个子动态----
2025-01-27 16:41:54,805|line:471| 转发成功 1027174560248627223
2025-01-27 16:41:58,316|line:490| 评论发送成功
2025-01-27 16:42:04,190|line:420| 626347730 === 已经关注了
2025-01-27 16:42:04,190|line:373| ----完成一个子动态----
2025-01-27 16:42:12,641|line:471| 转发成功 1027174637579010068
2025-01-27 16:42:16,157|line:490| 评论发送成功
2025-01-27 16:42:20,218|line:420| 346469145 === 已经关注了
2025-01-27 16:42:20,218|line:373| ----完成一个子动态----
2025-01-27 16:42:26,731|line:471| 转发成功 1027174697709600807
2025-01-27 16:42:30,283|line:490| 评论发送成功
2025-01-27 16:42:35,160|line:420| 545530779 === 已经关注了
2025-01-27 16:42:35,160|line:373| ----完成一个子动态----
2025-01-27 16:42:43,670|line:471| 转发成功 1027174770680004608
2025-01-27 16:42:47,176|line:490| 评论发送成功
2025-01-27 16:42:54,064|line:420| 473830670 === 已经关注了
2025-01-27 16:42:54,064|line:373| ----完成一个子动态----
2025-01-27 16:42:54,065|line:378| *********子动态结束*********
2025-01-27 16:42:58,066|line:515| https://t.bilibili.com/1026632780201590786
2025-01-27 16:43:01,557|line:340| =========此为源动态=========
2025-01-27 16:43:05,019|line:359| *********子动态开始*********
2025-01-27 16:43:05,019|line:378| *********子动态结束*********
2025-01-27 16:43:05,020|line:533| -=-=-=-=处理回最初的动态-=-=-=-=
2025-01-27 16:43:13,470|line:471| 转发成功 1027174899541606419
2025-01-27 16:43:16,979|line:490| 评论发送成功
2025-01-27 16:43:21,904|line:432| 关注 ==== 688213923 0
2025-01-27 16:43:25,414|line:499| 动态-点赞 0
2025-01-27 16:43:29,414|line:515| https://t.bilibili.com/1024833055746949120
2025-01-27 16:43:31,835|line:335| =========此为子动态=========
2025-01-27 16:43:35,409|line:398| *************原动态已存在***************
2025-01-27 16:43:36,878|line:359| *********子动态开始*********
2025-01-27 16:43:46,326|line:471| 转发成功 1027175041270284289
2025-01-27 16:43:49,836|line:490| 评论发送成功
2025-01-27 16:43:55,725|line:420| 626347730 === 已经关注了
2025-01-27 16:43:55,725|line:373| ----完成一个子动态----
2025-01-27 16:44:04,474|line:471| 转发成功 1027175118595424256
2025-01-27 16:44:07,987|line:490| 评论发送成功
2025-01-27 16:44:12,860|line:420| 1338030495 === 已经关注了
2025-01-27 16:44:12,860|line:373| ----完成一个子动态----
2025-01-27 16:44:22,494|line:471| 转发成功 1027175195890155541
2025-01-27 16:44:26,047|line:490| 评论发送成功
2025-01-27 16:44:34,977|line:420| 505670427 === 已经关注了
2025-01-27 16:44:34,978|line:373| ----完成一个子动态----
2025-01-27 16:44:44,469|line:471| 转发成功 1027175290414039042
2025-01-27 16:44:47,980|line:490| 评论发送成功
2025-01-27 16:44:56,971|line:420| 212395881 === 已经关注了
2025-01-27 16:44:56,972|line:373| ----完成一个子动态----
2025-01-27 16:44:56,972|line:378| *********子动态结束*********
2025-01-27 16:44:59,973|line:515| https://t.bilibili.com/1023706803650691112
2025-01-27 16:44:59,973|line:517| 已有
2025-01-27 16:44:59,973|line:515| https://t.bilibili.com/1025918565794971681
2025-01-27 16:45:03,599|line:340| =========此为源动态=========
2025-01-27 16:45:08,222|line:359| *********子动态开始*********
2025-01-27 16:45:17,639|line:471| 转发成功 1027175432123842578
2025-01-27 16:45:21,177|line:490| 评论发送成功
2025-01-27 16:45:24,056|line:420| 1024366005 === 已经关注了
2025-01-27 16:45:24,056|line:373| ----完成一个子动态----
2025-01-27 16:45:33,530|line:471| 转发成功 1027175500860096528
2025-01-27 16:45:37,051|line:490| 评论发送成功
2025-01-27 16:45:43,943|line:420| 1813205998 === 已经关注了
2025-01-27 16:45:43,943|line:373| ----完成一个子动态----
2025-01-27 16:45:57,458|line:471| 转发成功 1027175603935117321
2025-01-27 16:46:01,298|line:490| 评论发送成功
2025-01-27 16:46:08,321|line:420| 102637603 === 已经关注了
2025-01-27 16:46:08,321|line:373| ----完成一个子动态----
2025-01-27 16:47:20,756|line:378| *********子动态结束*********
2025-01-27 16:47:20,757|line:533| -=-=-=-=处理回最初的动态-=-=-=-=
2025-01-27 16:47:28,198|line:471| 转发成功 1027175994766655497
2025-01-27 16:47:31,730|line:490| 评论发送成功
2025-01-27 16:47:33,285|line:420| 515090296 === 已经关注了
2025-01-27 16:47:36,678|line:499| 动态-点赞 0
2025-01-27 16:47:39,678|line:515| https://t.bilibili.com/1026278136119033894
2025-01-27 16:47:42,253|line:340| =========此为源动态=========
2025-01-27 16:47:47,076|line:359| *********子动态开始*********
2025-01-27 16:47:54,058|line:378| *********子动态结束*********
2025-01-27 16:47:54,058|line:533| -=-=-=-=处理回最初的动态-=-=-=-=
2025-01-27 16:48:04,778|line:471| 转发成功 1027176149381283860
2025-01-27 16:48:08,329|line:490| 评论发送成功
2025-01-27 16:48:09,872|line:420| 282234318 === 已经关注了
2025-01-27 16:48:13,321|line:499| 动态-点赞 0
2025-01-27 16:48:17,321|line:515| https://t.bilibili.com/1025563462167691287
2025-01-27 16:48:19,775|line:522| 官方 或 预约 OUT！
2025-01-27 16:48:19,775|line:515| https://t.bilibili.com/1024785063786577943
2025-01-27 16:48:23,279|line:340| =========此为源动态=========
2025-01-27 16:48:24,810|line:359| *********子动态开始*********
2025-01-27 16:48:24,810|line:378| *********子动态结束*********
2025-01-27 16:48:24,810|line:533| -=-=-=-=处理回最初的动态-=-=-=-=
2025-01-27 16:48:35,512|line:471| 转发成功 1027176282500104195
2025-01-27 16:48:39,122|line:490| 评论发送成功
2025-01-27 16:48:43,663|line:420| 102734471 === 已经关注了
2025-01-27 16:48:47,090|line:499| 动态-点赞 0
2025-01-27 16:48:50,090|line:515| https://t.bilibili.com/1025168763287240727
2025-01-27 16:48:52,721|line:340| =========此为源动态=========
2025-01-27 16:48:57,572|line:359| *********子动态开始*********
2025-01-27 16:48:57,573|line:378| *********子动态结束*********
2025-01-27 16:48:57,573|line:533| -=-=-=-=处理回最初的动态-=-=-=-=
2025-01-27 16:49:07,317|line:471| 转发成功 1027176419960029189
2025-01-27 16:49:10,836|line:490| 评论发送成功
2025-01-27 16:49:14,517|line:420| 357430679 === 已经关注了
2025-01-27 16:49:17,907|line:499| 动态-点赞 0
2025-01-27 16:49:20,907|line:515| https://t.bilibili.com/1026560787938803728
2025-01-27 16:49:25,351|line:340| =========此为源动态=========
2025-01-27 16:49:29,809|line:359| *********子动态开始*********
2025-01-27 16:49:29,809|line:378| *********子动态结束*********
2025-01-27 16:49:29,809|line:533| -=-=-=-=处理回最初的动态-=-=-=-=
2025-01-27 16:49:36,251|line:471| 转发成功 1027176540200239137
2025-01-27 16:49:39,681|line:490| 评论发送成功
2025-01-27 16:49:42,260|line:420| 427983019 === 已经关注了
2025-01-27 16:49:45,662|line:499| 动态-点赞 0
2025-01-27 16:49:49,662|line:515| https://t.bilibili.com/1024738437622661122
2025-01-27 16:49:52,084|line:340| =========此为源动态=========
2025-01-27 16:49:56,707|line:359| *********子动态开始*********
2025-01-27 16:49:56,707|line:378| *********子动态结束*********
2025-01-27 16:49:56,708|line:533| -=-=-=-=处理回最初的动态-=-=-=-=
2025-01-27 16:50:06,178|line:471| 转发成功 1027176673394556930
2025-01-27 16:50:09,731|line:490| 评论发送成功
2025-01-27 16:50:14,276|line:420| 477316442 === 已经关注了
2025-01-27 16:50:17,713|line:499| 动态-点赞 0
2025-01-27 16:50:20,714|line:515| https://t.bilibili.com/1024815184358670336
2025-01-27 16:50:20,714|line:517| 已有
2025-01-27 16:50:20,714|line:515| https://t.bilibili.com/1025557071254257668
2025-01-27 16:50:24,224|line:340| =========此为源动态=========
2025-01-27 16:50:25,860|line:359| *********子动态开始*********
2025-01-27 16:50:25,860|line:378| *********子动态结束*********
2025-01-27 16:50:25,861|line:533| -=-=-=-=处理回最初的动态-=-=-=-=
2025-01-27 16:50:38,080|line:471| 转发成功 1027176806494502937
2025-01-27 16:50:41,509|line:490| 评论发送成功
2025-01-27 16:50:43,903|line:420| 1249926364 === 已经关注了
2025-01-27 16:50:47,229|line:499| 动态-点赞 0
2025-01-27 16:50:49,229|line:515| https://t.bilibili.com/1025557453522075650
2025-01-27 16:50:50,707|line:340| =========此为源动态=========
2025-01-27 16:50:54,212|line:359| *********子动态开始*********
2025-01-27 16:50:54,212|line:378| *********子动态结束*********
2025-01-27 16:50:54,212|line:533| -=-=-=-=处理回最初的动态-=-=-=-=
2025-01-27 16:51:06,725|line:471| 转发成功 1027176931053797385
2025-01-27 16:51:10,618|line:490| 评论发送成功
2025-01-27 16:51:12,150|line:420| 3493265269590447 === 已经关注了
2025-01-27 16:51:15,595|line:499| 动态-点赞 0
2025-01-27 16:51:16,595|line:515| https://t.bilibili.com/1024542595694460953
2025-01-27 16:51:20,052|line:340| =========此为源动态=========
2025-01-27 16:51:24,549|line:359| *********子动态开始*********
2025-01-27 16:51:24,549|line:378| *********子动态结束*********
2025-01-27 16:51:24,549|line:533| -=-=-=-=处理回最初的动态-=-=-=-=
2025-01-27 16:51:32,964|line:471| 转发成功 1027177042738675714
2025-01-27 16:51:36,395|line:490| 评论发送成功
2025-01-27 16:51:38,789|line:420| 1432747633 === 已经关注了
2025-01-27 16:51:42,130|line:499| 动态-点赞 0
2025-01-27 16:51:43,131|line:515| https://t.bilibili.com/1024512625418960917
2025-01-27 16:51:46,777|line:335| =========此为子动态=========
2025-01-27 16:51:51,244|line:398| *************原动态已存在***************
2025-01-27 16:51:54,861|line:359| *********子动态开始*********
2025-01-27 16:55:52,534|line:378| *********子动态结束*********
2025-01-27 16:55:52,535|line:533| -=-=-=-=处理回最初的动态-=-=-=-=
2025-01-27 16:56:02,039|line:471| 转发成功 1027178198071246880
2025-01-27 16:56:05,580|line:490| 评论发送成功
2025-01-27 16:56:09,084|line:420| 703405 === 已经关注了
2025-01-27 16:56:12,492|line:499| 动态-点赞 0
2025-01-27 16:56:14,493|line:515| https://t.bilibili.com/1025942325551956005
2025-01-27 16:56:14,493|line:517| 已有
2025-01-27 16:56:14,493|line:515| https://t.bilibili.com/1023761173644836869
2025-01-27 16:56:17,977|line:522| 官方 或 预约 OUT！
2025-01-27 16:56:17,977|line:515| https://t.bilibili.com/1024752825763102757
2025-01-27 16:56:17,977|line:517| 已有
2025-01-27 16:56:17,977|line:515| https://t.bilibili.com/1024887292577185796
2025-01-27 16:56:21,394|line:522| 官方 或 预约 OUT！
2025-01-27 16:56:21,394|line:515| https://t.bilibili.com/1022612269898399769
2025-01-27 16:56:24,969|line:335| =========此为子动态=========
2025-01-27 16:56:26,478|line:398| *************原动态已存在***************
2025-01-27 16:56:29,096|line:359| *********子动态开始*********
2025-01-27 16:56:40,730|line:471| 转发成功 1027178365559242755
2025-01-27 16:56:44,261|line:490| 评论发送成功
2025-01-27 16:56:49,137|line:420| 1338030495 === 已经关注了
2025-01-27 16:56:49,137|line:373| ----完成一个子动态----
2025-01-27 16:57:00,804|line:471| 转发成功 1027178451505774632
2025-01-27 16:57:04,203|line:490| 评论发送成功
2025-01-27 16:57:11,894|line:420| 505670427 === 已经关注了
2025-01-27 16:57:11,894|line:373| ----完成一个子动态----
2025-01-27 16:57:21,086|line:471| 转发成功 1027178537404071953
2025-01-27 16:57:24,504|line:490| 评论发送成功
2025-01-27 16:57:30,195|line:420| 480520643 === 已经关注了
2025-01-27 16:57:30,195|line:373| ----完成一个子动态----
2025-01-27 16:57:41,375|line:471| 转发成功 1027178627571122176
2025-01-27 16:57:44,827|line:490| 评论发送成功
2025-01-27 16:57:50,515|line:420| 2091407755 === 已经关注了
2025-01-27 16:57:50,516|line:373| ----完成一个子动态----
2025-01-27 16:57:56,665|line:471| 转发成功 1027178691992485908
2025-01-27 16:58:00,123|line:490| 评论发送成功
2025-01-27 16:58:07,814|line:420| 3546567483066493 === 已经关注了
2025-01-27 16:58:07,815|line:373| ----完成一个子动态----
2025-01-27 16:58:07,815|line:378| *********子动态结束*********
2025-01-27 16:58:10,816|line:515| https://t.bilibili.com/1025094464641695780
2025-01-27 16:58:14,329|line:340| =========此为源动态=========
2025-01-27 16:58:17,973|line:359| *********子动态开始*********
2025-01-27 16:58:17,974|line:378| *********子动态结束*********
2025-01-27 16:58:17,974|line:533| -=-=-=-=处理回最初的动态-=-=-=-=
2025-01-27 16:58:28,122|line:471| 转发成功 1027178825125986339
2025-01-27 16:58:31,742|line:490| 评论发送成功
2025-01-27 16:58:35,280|line:420| 477316442 === 已经关注了
2025-01-27 16:58:38,777|line:499| 动态-点赞 0
2025-01-27 16:58:40,777|line:515| https://t.bilibili.com/1025491027554729991
2025-01-27 16:58:45,176|line:340| =========此为源动态=========
2025-01-27 16:58:46,796|line:359| *********子动态开始*********
2025-01-27 16:58:46,797|line:378| *********子动态结束*********
2025-01-27 16:58:46,797|line:533| -=-=-=-=处理回最初的动态-=-=-=-=
2025-01-27 16:58:55,274|line:471| 转发成功 1027178945425965064
2025-01-27 16:58:58,817|line:490| 评论发送成功
2025-01-27 16:59:02,356|line:420| 3850213 === 已经关注了
2025-01-27 16:59:05,796|line:499| 动态-点赞 0
2025-01-27 16:59:07,796|line:515| https://t.bilibili.com/1024349498274480132
2025-01-27 16:59:10,247|line:340| =========此为源动态=========
2025-01-27 16:59:11,699|line:359| *********子动态开始*********
2025-01-27 16:59:18,193|line:471| 转发成功 1027179044212310022
2025-01-27 16:59:21,788|line:490| 评论发送成功
2025-01-27 16:59:27,725|line:420| 477646977 === 已经关注了
2025-01-27 16:59:27,725|line:373| ----完成一个子动态----
2025-01-27 16:59:37,478|line:471| 转发成功 1027179125810397202
2025-01-27 16:59:41,053|line:490| 评论发送成功
2025-01-27 16:59:48,002|line:420| 343470950 === 已经关注了
2025-01-27 16:59:48,002|line:373| ----完成一个子动态----
2025-01-27 16:59:58,521|line:471| 转发成功 1027179216002613255
2025-01-27 17:00:02,178|line:490| 评论发送成功
2025-01-27 17:00:06,874|line:420| 1741810867 === 已经关注了
2025-01-27 17:00:06,875|line:373| ----完成一个子动态----
2025-01-27 17:00:06,875|line:378| *********子动态结束*********
2025-01-27 17:00:06,875|line:533| -=-=-=-=处理回最初的动态-=-=-=-=
2025-01-27 17:00:13,982|line:471| 转发成功 1027179280430268425
2025-01-27 17:00:17,383|line:490| 评论发送成功
2025-01-27 17:00:22,126|line:432| 关注 ==== 407029461 0
2025-01-27 17:00:25,439|line:499| 动态-点赞 0
2025-01-27 17:00:29,439|line:515| https://t.bilibili.com/1026317770104504340
2025-01-27 17:00:33,864|line:340| =========此为源动态=========
2025-01-27 17:00:35,427|line:359| *********子动态开始*********
2025-01-27 17:00:35,427|line:378| *********子动态结束*********
2025-01-27 17:00:35,427|line:533| -=-=-=-=处理回最初的动态-=-=-=-=
2025-01-27 17:00:43,557|line:471| 转发成功 1027179409267752961
2025-01-27 17:00:46,957|line:490| 评论发送成功
2025-01-27 17:00:48,352|line:420| 174501086 === 已经关注了
2025-01-27 17:00:51,669|line:499| 动态-点赞 0
2025-01-27 17:00:54,669|line:515| https://t.bilibili.com/1026321607645200386
2025-01-27 17:00:57,987|line:340| =========此为源动态=========
2025-01-27 17:01:01,316|line:359| *********子动态开始*********
2025-01-27 17:01:01,316|line:378| *********子动态结束*********
2025-01-27 17:01:01,316|line:533| -=-=-=-=处理回最初的动态-=-=-=-=
2025-01-27 17:01:10,543|line:471| 转发成功 1027179525221384198
2025-01-27 17:01:13,949|line:490| 评论发送成功
2025-01-27 17:01:18,337|line:420| 388742853 === 已经关注了
2025-01-27 17:01:21,653|line:499| 动态-点赞 0
2025-01-27 17:01:23,653|line:515| https://t.bilibili.com/1024789848368611380
2025-01-27 17:01:23,654|line:517| 已有
2025-01-27 17:01:23,654|line:515| https://t.bilibili.com/1025136112921739264
2025-01-27 17:01:25,971|line:522| 官方 或 预约 OUT！
2025-01-27 17:01:25,971|line:515| https://t.bilibili.com/1022850971288469513
2025-01-27 17:01:30,290|line:340| =========此为源动态=========
2025-01-27 17:01:32,657|line:359| *********子动态开始*********
2025-01-27 17:01:40,861|line:471| 转发成功 1027179654079840295
2025-01-27 17:01:44,389|line:490| 评论发送成功
2025-01-27 17:01:51,133|line:420| 37896119 === 已经关注了
2025-01-27 17:01:51,133|line:373| ----完成一个子动态----
2025-01-27 17:01:59,286|line:471| 转发成功 1027179735662198790
2025-01-27 17:02:02,936|line:490| 评论发送成功
2025-01-27 17:02:07,877|line:420| 347768288 === 已经关注了
2025-01-27 17:02:07,877|line:373| ----完成一个子动态----
2025-01-27 17:02:14,358|line:471| 转发成功 1027179800118165506
2025-01-27 17:02:17,897|line:490| 评论发送成功
2025-01-27 17:02:26,842|line:420| 343470950 === 已经关注了
2025-01-27 17:02:26,842|line:373| ----完成一个子动态----
2025-01-27 17:02:36,407|line:471| 转发成功 1027179894610591765
2025-01-27 17:02:39,941|line:490| 评论发送成功
2025-01-27 17:02:47,883|line:420| 394171781 === 已经关注了
2025-01-27 17:02:47,883|line:373| ----完成一个子动态----
2025-01-27 17:02:47,884|line:378| *********子动态结束*********
2025-01-27 17:02:47,884|line:533| -=-=-=-=处理回最初的动态-=-=-=-=
2025-01-27 17:02:57,384|line:471| 转发成功 1027179984791273475
2025-01-27 17:03:00,943|line:490| 评论发送成功
2025-01-27 17:03:03,480|line:420| 102637603 === 已经关注了
2025-01-27 17:03:06,913|line:499| 动态-点赞 0
2025-01-27 17:03:09,914|line:515| https://t.bilibili.com/1025482798391099401
2025-01-27 17:03:12,416|line:340| =========此为源动态=========
2025-01-27 17:03:16,876|line:359| *********子动态开始*********
2025-01-27 17:03:16,876|line:378| *********子动态结束*********
2025-01-27 17:03:16,876|line:533| -=-=-=-=处理回最初的动态-=-=-=-=
2025-01-27 17:03:28,621|line:471| 转发成功 1027180117916385280
2025-01-27 17:03:32,086|line:490| 评论发送成功
2025-01-27 17:03:35,610|line:420| 3546740875594396 === 已经关注了
2025-01-27 17:03:38,941|line:499| 动态-点赞 0
2025-01-27 17:03:40,941|line:515| https://t.bilibili.com/1025573735748337684
2025-01-27 17:03:42,364|line:340| =========此为源动态=========
2025-01-27 17:03:45,841|line:359| *********子动态开始*********
2025-01-27 17:03:45,841|line:378| *********子动态结束*********
2025-01-27 17:03:45,841|line:533| -=-=-=-=处理回最初的动态-=-=-=-=
2025-01-27 17:03:52,965|line:471| 转发成功 1027180221002940452
2025-01-27 17:03:56,380|line:490| 评论发送成功
2025-01-27 17:03:59,772|line:420| 698926571 === 已经关注了
2025-01-27 17:04:03,091|line:499| 动态-点赞 0
2025-01-27 17:04:06,092|line:515| https://t.bilibili.com/1025528539793850405
2025-01-27 17:04:10,507|line:340| =========此为源动态=========
2025-01-27 17:04:12,141|line:359| *********子动态开始*********
2025-01-27 17:04:12,142|line:378| *********子动态结束*********
2025-01-27 17:04:12,142|line:533| -=-=-=-=处理回最初的动态-=-=-=-=
2025-01-27 17:04:24,297|line:471| 转发成功 1027180358438748167
2025-01-27 17:04:27,885|line:490| 评论发送成功
2025-01-27 17:04:29,292|line:420| 628831867 === 已经关注了
2025-01-27 17:04:32,613|line:499| 动态-点赞 0
2025-01-27 17:04:36,613|line:515| https://t.bilibili.com/1024815008298565671
2025-01-27 17:04:38,190|line:340| =========此为源动态=========
2025-01-27 17:04:39,830|line:359| *********子动态开始*********
2025-01-27 17:04:39,830|line:378| *********子动态结束*********
2025-01-27 17:04:39,831|line:533| -=-=-=-=处理回最初的动态-=-=-=-=
2025-01-27 17:04:52,000|line:471| 转发成功 1027180474406010901
2025-01-27 17:04:55,407|line:490| 评论发送成功
2025-01-27 17:05:02,174|line:432| 关注 ==== 35365327 0
2025-01-27 17:05:05,495|line:499| 动态-点赞 0
2025-01-27 17:05:08,496|line:515| https://t.bilibili.com/1022619949282099216
2025-01-27 17:05:08,496|line:517| 已有
2025-01-27 17:05:08,496|line:515| https://t.bilibili.com/1026694047880708120
2025-01-27 17:05:08,497|line:517| 已有
2025-01-27 17:05:08,497|line:515| https://t.bilibili.com/1025996480762085378
2025-01-27 17:05:12,006|line:340| =========此为源动态=========
2025-01-27 17:05:14,508|line:359| *********子动态开始*********
2025-01-27 17:05:14,508|line:378| *********子动态结束*********
2025-01-27 17:05:14,509|line:533| -=-=-=-=处理回最初的动态-=-=-=-=
2025-01-27 17:05:23,092|line:471| 转发成功 1027180607544754211
2025-01-27 17:05:26,676|line:490| 评论发送成功
2025-01-27 17:05:28,227|line:420| 238623328 === 已经关注了
2025-01-27 17:05:31,661|line:499| 动态-点赞 0
2025-01-27 17:05:32,661|line:515| https://t.bilibili.com/1026298743372120067
2025-01-27 17:05:37,134|line:340| =========此为源动态=========
2025-01-27 17:05:41,789|line:359| *********子动态开始*********
2025-01-27 17:05:41,790|line:378| *********子动态结束*********
2025-01-27 17:05:41,790|line:533| -=-=-=-=处理回最初的动态-=-=-=-=
2025-01-27 17:05:50,370|line:471| 转发成功 1027180727808032768
2025-01-27 17:05:53,938|line:490| 评论发送成功
2025-01-27 17:05:55,658|line:420| 429717985 === 已经关注了
2025-01-27 17:05:59,143|line:499| 动态-点赞 0
2025-01-27 17:06:01,143|line:515| https://t.bilibili.com/1026693055744311303
2025-01-27 17:06:04,593|line:522| 官方 或 预约 OUT！
2025-01-27 17:06:04,594|line:515| https://t.bilibili.com/1022568456923381763
2025-01-27 17:06:09,014|line:335| =========此为子动态=========
2025-01-27 17:06:12,624|line:384| *************原动态处理开始***************
2025-01-27 17:06:17,659|line:471| 转发成功 1027180843802558469
2025-01-27 17:06:21,252|line:490| 评论发送成功
2025-01-27 17:06:25,784|line:420| 1494786563 === 已经关注了
2025-01-27 17:06:29,224|line:499| 动态-点赞 0
2025-01-27 17:06:29,224|line:394| *************原动态处理完成***************
2025-01-27 17:06:32,859|line:359| *********子动态开始*********
2025-01-27 17:06:44,459|line:471| 转发成功 1027180959768772614
2025-01-27 17:06:48,144|line:490| 评论发送成功
2025-01-27 17:06:55,192|line:420| 493230543 === 已经关注了
2025-01-27 17:06:55,192|line:373| ----完成一个子动态----
2025-01-27 17:07:03,828|line:471| 转发成功 1027181041332256773
2025-01-27 17:07:07,346|line:490| 评论发送成功
2025-01-27 17:07:13,222|line:420| 626347730 === 已经关注了
2025-01-27 17:07:13,223|line:373| ----完成一个子动态----
2025-01-27 17:07:29,750|line:471| 转发成功 1027181153040203780
2025-01-27 17:07:33,259|line:490| 评论发送成功
2025-01-27 17:07:38,211|line:420| 212395881 === 已经关注了
2025-01-27 17:07:38,211|line:373| ----完成一个子动态----
2025-01-27 17:07:48,792|line:471| 转发成功 1027181234622562307
2025-01-27 17:07:52,324|line:490| 评论发送成功
2025-01-27 17:07:57,225|line:420| 37896119 === 已经关注了
2025-01-27 17:07:57,225|line:373| ----完成一个子动态----
2025-01-27 17:08:45,326|line:471| 转发成功 1027181479428358145
2025-01-27 17:08:48,847|line:490| 评论发送成功
2025-01-27 17:08:53,735|line:420| 343470950 === 已经关注了
2025-01-27 17:08:53,735|line:373| ----完成一个子动态----
2025-01-27 17:09:23,870|line:378| *********子动态结束*********
2025-01-27 17:09:23,871|line:533| -=-=-=-=处理回最初的动态-=-=-=-=
2025-01-27 17:09:36,360|line:471| 转发成功 1027181698497904644
2025-01-27 17:09:39,884|line:490| 评论发送成功
2025-01-27 17:09:41,400|line:420| 485422279 === 已经关注了
2025-01-27 17:09:44,859|line:499| 动态-点赞 0
2025-01-27 17:09:45,860|line:515| https://t.bilibili.com/1026013742256619552
2025-01-27 17:09:48,393|line:340| =========此为源动态=========
2025-01-27 17:09:51,868|line:359| *********子动态开始*********
2025-01-27 17:09:51,868|line:378| *********子动态结束*********
2025-01-27 17:09:51,868|line:533| -=-=-=-=处理回最初的动态-=-=-=-=
2025-01-27 17:09:58,350|line:471| 转发成功 1027181792962019334
2025-01-27 17:10:01,912|line:490| 评论发送成功
2025-01-27 17:10:03,425|line:420| 481429887 === 已经关注了
2025-01-27 17:10:06,876|line:499| 动态-点赞 0
2025-01-27 17:10:07,876|line:515| https://t.bilibili.com/1026700166078398466
2025-01-27 17:10:12,297|line:340| =========此为源动态=========
2025-01-27 17:10:14,711|line:359| *********子动态开始*********
2025-01-27 17:10:14,711|line:378| *********子动态结束*********
2025-01-27 17:10:14,712|line:533| -=-=-=-=处理回最初的动态-=-=-=-=
2025-01-27 17:10:24,865|line:471| 转发成功 1027181904646897685
2025-01-27 17:10:28,278|line:490| 评论发送成功
2025-01-27 17:10:30,686|line:420| 84567302 === 已经关注了
2025-01-27 17:10:34,010|line:499| 动态-点赞 0
2025-01-27 17:10:37,010|line:515| https://t.bilibili.com/1026653507722149892
2025-01-27 17:10:41,423|line:340| =========此为源动态=========
2025-01-27 17:10:43,043|line:359| *********子动态开始*********
2025-01-27 17:10:43,043|line:378| *********子动态结束*********
2025-01-27 17:10:43,043|line:533| -=-=-=-=处理回最初的动态-=-=-=-=
2025-01-27 17:10:52,194|line:471| 转发成功 1027182024915419142
2025-01-27 17:10:55,604|line:490| 评论发送成功
2025-01-27 17:11:01,360|line:432| 关注 ==== 326499679 0
2025-01-27 17:11:04,677|line:499| 动态-点赞 0
2025-01-27 17:11:08,677|line:515| https://t.bilibili.com/1025498152897085495
2025-01-27 17:11:10,149|line:522| 官方 或 预约 OUT！
2025-01-27 17:11:10,150|line:515| https://t.bilibili.com/1024886437878693894
2025-01-27 17:11:12,593|line:340| =========此为源动态=========
2025-01-27 17:11:17,242|line:359| *********子动态开始*********
2025-01-27 17:11:17,242|line:378| *********子动态结束*********
2025-01-27 17:11:17,242|line:533| -=-=-=-=处理回最初的动态-=-=-=-=
2025-01-27 17:11:24,408|line:471| 转发成功 1027182162359615489
2025-01-27 17:11:27,918|line:490| 评论发送成功
2025-01-27 17:11:31,298|line:420| 690588074 === 已经关注了
2025-01-27 17:11:34,614|line:499| 动态-点赞 0
2025-01-27 17:11:36,614|line:515| https://t.bilibili.com/1024813393360453638
2025-01-27 17:11:36,614|line:517| 已有
2025-01-27 17:11:36,614|line:515| https://t.bilibili.com/1024831810198044713
2025-01-27 17:11:36,615|line:517| 已有
2025-01-27 17:11:36,615|line:515| https://t.bilibili.com/1026560751438921732
2025-01-27 17:11:39,124|line:340| =========此为源动态=========
2025-01-27 17:11:42,838|line:359| *********子动态开始*********
2025-01-27 17:11:42,838|line:378| *********子动态结束*********
2025-01-27 17:11:42,839|line:533| -=-=-=-=处理回最初的动态-=-=-=-=
2025-01-27 17:11:52,396|line:471| 转发成功 1027182282596679681
2025-01-27 17:11:55,952|line:490| 评论发送成功
2025-01-27 17:11:57,487|line:420| 39668304 === 已经关注了
2025-01-27 17:12:00,930|line:499| 动态-点赞 0
2025-01-27 17:12:03,931|line:515| https://t.bilibili.com/1024707732885733412
2025-01-27 17:12:06,336|line:335| =========此为子动态=========
2025-01-27 17:12:09,834|line:384| *************原动态处理开始***************
2025-01-27 17:12:14,872|line:471| 转发成功 1027182377072328722
2025-01-27 17:12:18,469|line:490| 评论发送成功
2025-01-27 17:12:20,018|line:420| 171086 === 已经关注了
2025-01-27 17:12:23,451|line:499| 动态-点赞 0
2025-01-27 17:12:23,451|line:394| *************原动态处理完成***************
2025-01-27 17:12:26,142|line:359| *********子动态开始*********
2025-01-27 17:12:36,658|line:471| 转发成功 1027182471596212233
2025-01-27 17:12:40,215|line:490| 评论发送成功
2025-01-27 17:12:45,149|line:420| 396808737 === 已经关注了
2025-01-27 17:12:45,149|line:373| ----完成一个子动态----
2025-01-27 17:12:45,150|line:378| *********子动态结束*********
2025-01-27 17:12:49,150|line:515| https://t.bilibili.com/1026245425664884737
2025-01-27 17:12:53,620|line:340| =========此为源动态=========
2025-01-27 17:12:57,341|line:359| *********子动态开始*********
2025-01-27 17:12:57,341|line:378| *********子动态结束*********
2025-01-27 17:12:57,342|line:533| -=-=-=-=处理回最初的动态-=-=-=-=
2025-01-27 17:13:05,860|line:471| 转发成功 1027182596107272212
2025-01-27 17:13:09,395|line:490| 评论发送成功
2025-01-27 17:13:14,482|line:432| 关注 ==== 1619878166 0
2025-01-27 17:13:17,925|line:499| 动态-点赞 0
2025-01-27 17:13:20,926|line:515| https://t.bilibili.com/1024879312515366944
2025-01-27 17:13:23,561|line:335| =========此为子动态=========
2025-01-27 17:13:28,067|line:384| *************原动态处理开始***************
2025-01-27 17:13:33,034|line:471| 转发成功 1027182712082923560
2025-01-27 17:13:36,561|line:490| 评论发送成功
2025-01-27 17:13:44,556|line:432| 关注 ==== 57435565 0
2025-01-27 17:13:48,011|line:499| 动态-点赞 0
2025-01-27 17:13:48,011|line:394| *************原动态处理完成***************
2025-01-27 17:13:50,423|line:359| *********子动态开始*********
2025-01-27 17:13:59,906|line:471| 转发成功 1027182828042846211
2025-01-27 17:14:03,417|line:490| 评论发送成功
2025-01-27 17:14:09,353|line:420| 25876049 === 已经关注了
2025-01-27 17:14:09,354|line:373| ----完成一个子动态----
2025-01-27 17:14:09,354|line:378| *********子动态结束*********
2025-01-27 17:14:11,355|line:515| https://t.bilibili.com/1024840863971278884
2025-01-27 17:14:11,355|line:517| 已有
2025-01-27 17:14:11,355|line:515| https://t.bilibili.com/1022605904725409801
2025-01-27 17:14:11,356|line:517| 已有
2025-01-27 17:14:11,356|line:515| https://t.bilibili.com/1026596964447289349
2025-01-27 17:14:13,769|line:340| =========此为源动态=========
2025-01-27 17:14:15,410|line:359| *********子动态开始*********
2025-01-27 17:14:15,410|line:378| *********子动态结束*********
2025-01-27 17:14:15,410|line:533| -=-=-=-=处理回最初的动态-=-=-=-=
2025-01-27 17:14:26,157|line:471| 转发成功 1027182944041566226
2025-01-27 17:14:29,825|line:490| 评论发送成功
2025-01-27 17:14:32,498|line:420| 10993427 === 已经关注了
2025-01-27 17:14:35,904|line:499| 动态-点赞 0
2025-01-27 17:14:36,905|line:515| https://t.bilibili.com/1026359746943254529
2025-01-27 17:14:40,324|line:340| =========此为源动态=========
2025-01-27 17:14:41,806|line:359| *********子动态开始*********
2025-01-27 17:14:41,807|line:378| *********子动态结束*********
2025-01-27 17:14:41,807|line:533| -=-=-=-=处理回最初的动态-=-=-=-=
2025-01-27 17:14:50,299|line:471| 转发成功 1027183047120781316
2025-01-27 17:14:53,884|line:490| 评论发送成功
2025-01-27 17:14:58,431|line:420| 1724750549 === 已经关注了
2025-01-27 17:15:01,873|line:499| 动态-点赞 0
2025-01-27 17:15:02,873|line:515| https://t.bilibili.com/1024730272867811347
2025-01-27 17:15:02,873|line:517| 已有
2025-01-27 17:15:02,873|line:515| https://t.bilibili.com/1024714557599252499
2025-01-27 17:15:02,873|line:517| 已有
2025-01-27 17:15:02,874|line:515| https://t.bilibili.com/1025573190273859584
2025-01-27 17:15:05,507|line:335| =========此为子动态=========
2025-01-27 17:15:09,130|line:384| *************原动态处理开始***************
2025-01-27 17:15:16,068|line:471| 转发成功 1027183154499158037
2025-01-27 17:15:19,613|line:490| 评论发送成功
2025-01-27 17:15:21,118|line:420| 102637603 === 已经关注了
2025-01-27 17:15:24,511|line:499| 动态-点赞 0
2025-01-27 17:15:24,511|line:394| *************原动态处理完成***************
2025-01-27 17:15:28,198|line:359| *********子动态开始*********
2025-01-27 17:15:40,739|line:471| 转发成功 1027183261851320328
2025-01-27 17:15:44,247|line:490| 评论发送成功
2025-01-27 17:15:53,117|line:420| 626347730 === 已经关注了
2025-01-27 17:15:53,117|line:373| ----完成一个子动态----
2025-01-27 17:16:03,770|line:471| 转发成功 1027183360622985234
2025-01-27 17:16:07,343|line:490| 评论发送成功
2025-01-27 17:16:15,212|line:420| 1129687681 === 已经关注了
2025-01-27 17:16:15,212|line:373| ----完成一个子动态----
2025-01-27 17:16:25,718|line:471| 转发成功 1027183455112265733
2025-01-27 17:16:29,292|line:490| 评论发送成功
2025-01-27 17:16:36,233|line:420| 162827591 === 已经关注了
2025-01-27 17:16:36,234|line:373| ----完成一个子动态----
2025-01-27 17:16:45,886|line:471| 转发成功 1027183541044117552
2025-01-27 17:16:49,414|line:490| 评论发送成功
2025-01-27 17:16:56,279|line:420| 37896119 === 已经关注了
2025-01-27 17:16:56,279|line:373| ----完成一个子动态----
2025-01-27 17:17:12,878|line:471| 转发成功 1027183657012428817
2025-01-27 17:17:16,402|line:490| 评论发送成功
2025-01-27 17:17:22,339|line:420| 212395881 === 已经关注了
2025-01-27 17:17:22,339|line:373| ----完成一个子动态----
2025-01-27 17:17:32,835|line:471| 转发成功 1027183742908629065
2025-01-27 17:17:36,342|line:490| 评论发送成功
2025-01-27 17:17:39,225|line:420| 347768288 === 已经关注了
2025-01-27 17:17:39,226|line:373| ----完成一个子动态----
2025-01-27 17:17:50,816|line:471| 转发成功 1027183820213846038
2025-01-27 17:17:54,348|line:490| 评论发送成功
2025-01-27 17:17:59,293|line:420| 343470950 === 已经关注了
2025-01-27 17:17:59,293|line:373| ----完成一个子动态----
2025-01-27 17:18:08,841|line:471| 转发成功 1027183897491800086
2025-01-27 17:18:12,278|line:490| 评论发送成功
2025-01-27 17:18:17,962|line:420| 394171781 === 已经关注了
2025-01-27 17:18:17,962|line:373| ----完成一个子动态----
2025-01-27 17:18:27,108|line:471| 转发成功 1027183974786531328
2025-01-27 17:18:30,578|line:490| 评论发送成功
2025-01-27 17:18:37,645|line:420| 63414376 === 已经关注了
2025-01-27 17:18:37,645|line:373| ----完成一个子动态----
2025-01-27 17:18:48,155|line:471| 转发成功 1027184069311463430
2025-01-27 17:18:51,704|line:490| 评论发送成功
2025-01-27 17:18:56,748|line:420| 505670427 === 已经关注了
2025-01-27 17:18:56,748|line:373| ----完成一个子动态----
2025-01-27 17:19:19,575|line:378| *********子动态结束*********
2025-01-27 17:19:23,576|line:515| https://t.bilibili.com/1024784316446539780
2025-01-27 17:19:23,576|line:517| 已有
2025-01-27 17:19:23,576|line:515| https://t.bilibili.com/1022607751592804372
2025-01-27 17:19:26,070|line:340| =========此为源动态=========
2025-01-27 17:19:29,653|line:359| *********子动态开始*********
2025-01-27 17:19:29,653|line:378| *********子动态结束*********
2025-01-27 17:19:29,653|line:533| -=-=-=-=处理回最初的动态-=-=-=-=
2025-01-27 17:19:38,800|line:471| 转发成功 1027184284068216850
2025-01-27 17:19:42,364|line:490| 评论发送成功
2025-01-27 17:19:45,764|line:420| 432158620 === 已经关注了
2025-01-27 17:19:49,090|line:499| 动态-点赞 0
2025-01-27 17:19:53,090|line:515| https://t.bilibili.com/1025540754679791620
2025-01-27 17:19:53,091|line:517| 已有
2025-01-27 17:19:53,091|line:515| https://t.bilibili.com/1026699966357176405
2025-01-27 17:19:55,406|line:522| 官方 或 预约 OUT！
2025-01-27 17:19:55,406|line:515| https://t.bilibili.com/1024832166692913160
2025-01-27 17:19:55,406|line:517| 已有
2025-01-27 17:19:55,406|line:515| https://t.bilibili.com/1025955588423548952
2025-01-27 17:19:58,725|line:340| =========此为源动态=========
2025-01-27 17:20:01,071|line:359| *********子动态开始*********
2025-01-27 17:20:01,071|line:378| *********子动态结束*********
2025-01-27 17:20:01,071|line:533| -=-=-=-=处理回最初的动态-=-=-=-=
2025-01-27 17:20:10,211|line:471| 转发成功 1027184421473615879
2025-01-27 17:20:13,675|line:490| 评论发送成功
2025-01-27 17:20:17,058|line:420| 84567302 === 已经关注了
2025-01-27 17:20:20,379|line:499| 动态-点赞 0
2025-01-27 17:20:21,379|line:515| https://t.bilibili.com/1025075472297361425
2025-01-27 17:20:21,380|line:517| 已有
2025-01-27 17:20:21,380|line:515| https://t.bilibili.com/635932563238551585
2025-01-27 17:20:21,380|line:517| 已有
2025-01-27 17:20:21,380|line:515| https://t.bilibili.com/1022868108184911879
2025-01-27 17:20:21,380|line:517| 已有
2025-01-27 17:20:21,380|line:515| https://t.bilibili.com/1025950013549707336
2025-01-27 17:20:22,682|line:522| 官方 或 预约 OUT！
2025-01-27 17:20:22,682|line:515| https://t.bilibili.com/1025939555257155601
2025-01-27 17:20:26,993|line:522| 官方 或 预约 OUT！
2025-01-27 17:20:26,993|line:515| https://t.bilibili.com/1025942276160880663
2025-01-27 17:20:31,314|line:340| =========此为源动态=========
2025-01-27 17:20:33,849|line:359| *********子动态开始*********
2025-01-27 17:20:42,057|line:471| 转发成功 1027184554628087810
2025-01-27 17:20:45,475|line:490| 评论发送成功
2025-01-27 17:20:51,278|line:420| 2038413965 === 已经关注了
2025-01-27 17:20:51,278|line:373| ----完成一个子动态----
2025-01-27 17:20:51,279|line:378| *********子动态结束*********
2025-01-27 17:20:51,279|line:533| -=-=-=-=处理回最初的动态-=-=-=-=
2025-01-27 17:21:03,827|line:471| 转发成功 1027184649112125441
2025-01-27 17:21:07,334|line:490| 评论发送成功
2025-01-27 17:21:11,846|line:420| 410857229 === 已经关注了
2025-01-27 17:21:15,244|line:499| 动态-点赞 0
2025-01-27 17:21:19,245|line:515| https://t.bilibili.com/1024479975079673865
2025-01-27 17:21:20,898|line:340| =========此为源动态=========
2025-01-27 17:21:25,721|line:359| *********子动态开始*********
2025-01-27 17:21:25,722|line:378| *********子动态结束*********
2025-01-27 17:21:25,722|line:533| -=-=-=-=处理回最初的动态-=-=-=-=
2025-01-27 17:21:36,223|line:471| 转发成功 1027184790847094784
2025-01-27 17:21:39,746|line:490| 评论发送成功
2025-01-27 17:21:46,795|line:432| 关注 ==== 362126581 0
2025-01-27 17:21:50,190|line:499| 动态-点赞 0
2025-01-27 17:21:53,190|line:515| https://t.bilibili.com/1022574791994900480
2025-01-27 17:21:53,190|line:517| 已有
2025-01-27 17:21:53,190|line:515| https://t.bilibili.com/1026748576803323905
2025-01-27 17:21:53,191|line:517| 已有
2025-01-27 17:21:53,191|line:515| https://t.bilibili.com/1025201651977289732
2025-01-27 17:21:57,604|line:340| =========此为源动态=========
2025-01-27 17:22:00,217|line:359| *********子动态开始*********
2025-01-27 17:22:00,217|line:378| *********子动态结束*********
2025-01-27 17:22:00,218|line:533| -=-=-=-=处理回最初的动态-=-=-=-=
2025-01-27 17:22:09,980|line:471| 转发成功 1027184932578918409
2025-01-27 17:22:13,572|line:490| 评论发送成功
2025-01-27 17:22:17,108|line:420| 1930420310 === 已经关注了
2025-01-27 17:22:20,531|line:499| 动态-点赞 0
2025-01-27 17:22:24,532|line:515| https://t.bilibili.com/1024867166387699717
2025-01-27 17:22:25,944|line:522| 官方 或 预约 OUT！
2025-01-27 17:22:25,944|line:515| https://t.bilibili.com/1024818693375262724
2025-01-27 17:22:29,365|line:340| =========此为源动态=========
2025-01-27 17:22:30,811|line:359| *********子动态开始*********
2025-01-27 17:22:30,811|line:378| *********子动态结束*********
2025-01-27 17:22:30,811|line:533| -=-=-=-=处理回最初的动态-=-=-=-=
2025-01-27 17:22:41,343|line:471| 转发成功 1027185070044086308
2025-01-27 17:22:44,919|line:490| 评论发送成功
2025-01-27 17:22:46,448|line:420| 102176172 === 已经关注了
2025-01-27 17:22:49,880|line:499| 动态-点赞 0
2025-01-27 17:22:51,880|line:515| https://t.bilibili.com/1026576213323284499
2025-01-27 17:22:56,451|line:340| =========此为源动态=========
2025-01-27 17:23:00,153|line:359| *********子动态开始*********
2025-01-27 17:23:00,153|line:378| *********子动态结束*********
2025-01-27 17:23:00,154|line:533| -=-=-=-=处理回最初的动态-=-=-=-=
2025-01-27 17:23:09,680|line:471| 转发成功 1027185190274859010
2025-01-27 17:23:13,345|line:490| 评论发送成功
2025-01-27 17:23:20,359|line:432| 关注 ==== 673787312 0
2025-01-27 17:23:23,815|line:499| 动态-点赞 0
2025-01-27 17:23:27,816|line:515| https://t.bilibili.com/1025480638028840984
2025-01-27 17:23:31,318|line:335| =========此为子动态=========
2025-01-27 17:23:36,114|line:398| *************原动态已存在***************
2025-01-27 17:23:40,906|line:359| *********子动态开始*********
2025-01-27 17:23:53,181|line:378| *********子动态结束*********
2025-01-27 17:23:53,182|line:533| -=-=-=-=处理回最初的动态-=-=-=-=
2025-01-27 17:24:02,692|line:471| 转发成功 1027185417913368598
2025-01-27 17:24:06,246|line:490| 评论发送成功
2025-01-27 17:24:10,786|line:420| 631208134 === 已经关注了
2025-01-27 17:24:14,282|line:499| 动态-点赞 0
2025-01-27 17:24:18,282|line:515| https://t.bilibili.com/1026236311732748289
2025-01-27 17:24:22,823|line:522| 官方 或 预约 OUT！
2025-01-27 17:24:22,824|line:515| https://t.bilibili.com/1024379193643761665
2025-01-27 17:24:22,824|line:517| 已有
2025-01-27 17:24:22,824|line:515| https://t.bilibili.com/1024857846312861715
2025-01-27 17:24:26,239|line:522| 官方 或 预约 OUT！
2025-01-27 17:24:26,239|line:515| https://t.bilibili.com/1025522393717669890
2025-01-27 17:24:26,239|line:517| 已有
2025-01-27 17:24:26,239|line:515| https://t.bilibili.com/1026746841653313553
2025-01-27 17:24:29,787|line:335| =========此为子动态=========
2025-01-27 17:24:33,312|line:384| *************原动态处理开始***************
2025-01-27 17:24:41,384|line:471| 转发成功 1027185585409753094
2025-01-27 17:24:44,936|line:490| 评论发送成功
2025-01-27 17:24:46,459|line:420| 430040367 === 已经关注了
2025-01-27 17:24:50,085|line:499| 动态-点赞 0
2025-01-27 17:24:50,085|line:394| *************原动态处理完成***************
2025-01-27 17:24:51,647|line:359| *********子动态开始*********
2025-01-27 17:25:02,178|line:471| 转发成功 1027185675629232128
2025-01-27 17:25:05,808|line:490| 评论发送成功
2025-01-27 17:25:08,744|line:420| 430040367 === 已经关注了
2025-01-27 17:25:08,745|line:373| ----完成一个子动态----
2025-01-27 17:25:08,746|line:378| *********子动态结束*********
2025-01-27 17:25:11,746|line:515| https://t.bilibili.com/1026253259671601161
2025-01-27 17:25:13,152|line:340| =========此为源动态=========
2025-01-27 17:25:17,733|line:359| *********子动态开始*********
2025-01-27 17:25:17,733|line:378| *********子动态结束*********
2025-01-27 17:25:17,733|line:533| -=-=-=-=处理回最初的动态-=-=-=-=
2025-01-27 17:25:29,356|line:471| 转发成功 1027185791566086148
2025-01-27 17:25:32,869|line:490| 评论发送成功
2025-01-27 17:25:35,348|line:420| 238623328 === 已经关注了
2025-01-27 17:25:38,746|line:499| 动态-点赞 0
2025-01-27 17:25:41,746|line:515| https://t.bilibili.com/1025556229438570520
2025-01-27 17:25:43,166|line:522| 官方 或 预约 OUT！
2025-01-27 17:25:43,166|line:515| https://t.bilibili.com/1025953763012116501
2025-01-27 17:25:45,592|line:340| =========此为源动态=========
2025-01-27 17:25:50,040|line:359| *********子动态开始*********
2025-01-27 17:25:50,040|line:378| *********子动态结束*********
2025-01-27 17:25:50,041|line:533| -=-=-=-=处理回最初的动态-=-=-=-=
2025-01-27 17:25:58,451|line:471| 转发成功 1027185916132720662
2025-01-27 17:26:02,040|line:490| 评论发送成功
2025-01-27 17:26:05,530|line:420| 397339091 === 已经关注了
2025-01-27 17:26:08,931|line:499| 动态-点赞 0
2025-01-27 17:26:09,931|line:515| https://t.bilibili.com/1026236165747900418
2025-01-27 17:26:11,335|line:340| =========此为源动态=========
2025-01-27 17:26:13,805|line:359| *********子动态开始*********
2025-01-27 17:26:13,805|line:378| *********子动态结束*********
2025-01-27 17:26:13,805|line:533| -=-=-=-=处理回最初的动态-=-=-=-=
2025-01-27 17:26:24,225|line:471| 转发成功 1027186027801870340
2025-01-27 17:26:27,834|line:490| 评论发送成功
2025-01-27 17:26:29,332|line:420| 25876049 === 已经关注了
2025-01-27 17:26:32,746|line:499| 动态-点赞 0
2025-01-27 17:26:35,747|line:515| https://t.bilibili.com/1025999742822252550
2025-01-27 17:26:39,163|line:340| =========此为源动态=========
2025-01-27 17:26:42,515|line:359| *********子动态开始*********
2025-01-27 17:26:42,516|line:378| *********子动态结束*********
2025-01-27 17:26:42,516|line:533| -=-=-=-=处理回最初的动态-=-=-=-=
2025-01-27 17:26:52,160|line:471| 转发成功 1027186148053614596
2025-01-27 17:26:55,743|line:490| 评论发送成功
2025-01-27 17:26:58,286|line:420| 1429723107 === 已经关注了
2025-01-27 17:27:01,710|line:499| 动态-点赞 0
2025-01-27 17:27:04,711|line:515| https://t.bilibili.com/1026197738679697412
2025-01-27 17:27:08,185|line:340| =========此为源动态=========
2025-01-27 17:27:12,668|line:359| *********子动态开始*********
2025-01-27 17:27:12,669|line:378| *********子动态结束*********
2025-01-27 17:27:12,669|line:533| -=-=-=-=处理回最初的动态-=-=-=-=
2025-01-27 17:27:24,399|line:471| 转发成功 1027186285482082309
2025-01-27 17:27:27,871|line:490| 评论发送成功
2025-01-27 17:27:31,416|line:420| 1024366005 === 已经关注了
2025-01-27 17:27:34,909|line:499| 动态-点赞 0
2025-01-27 17:27:38,909|line:515| https://t.bilibili.com/1024378961750130696
2025-01-27 17:27:38,910|line:517| 已有
2025-01-27 17:27:38,910|line:515| https://t.bilibili.com/1026205128153104391
2025-01-27 17:27:40,827|line:340| =========此为源动态=========
2025-01-27 17:27:43,278|line:359| *********子动态开始*********
2025-01-27 17:27:43,278|line:378| *********子动态结束*********
2025-01-27 17:27:43,279|line:533| -=-=-=-=处理回最初的动态-=-=-=-=
2025-01-27 17:27:52,827|line:471| 转发成功 1027186405767380993
2025-01-27 17:27:56,717|line:490| 评论发送成功
2025-01-27 17:28:00,420|line:420| 326499679 === 已经关注了
2025-01-27 17:28:03,854|line:499| 动态-点赞 0
2025-01-27 17:28:05,855|line:515| https://t.bilibili.com/1024826200962367505
2025-01-27 17:28:05,855|line:517| 已有
2025-01-27 17:28:05,855|line:515| https://t.bilibili.com/1023252774074187797
2025-01-27 17:28:05,855|line:517| 已有
2025-01-27 17:28:05,855|line:515| https://t.bilibili.com/1022605303425794048
2025-01-27 17:28:05,855|line:517| 已有
2025-01-27 17:28:05,856|line:515| https://t.bilibili.com/1025938863783149577
2025-01-27 17:28:10,324|line:340| =========此为源动态=========
2025-01-27 17:28:11,829|line:359| *********子动态开始*********
2025-01-27 17:28:11,829|line:378| *********子动态结束*********
2025-01-27 17:28:11,829|line:533| -=-=-=-=处理回最初的动态-=-=-=-=
2025-01-27 17:28:18,638|line:471| 转发成功 1027186517412413441
2025-01-27 17:28:22,170|line:490| 评论发送成功
2025-01-27 17:28:24,720|line:420| 110487933 === 已经关注了
2025-01-27 17:28:28,163|line:499| 动态-点赞 0
2025-01-27 17:28:32,163|line:515| https://t.bilibili.com/1022230915429957639
2025-01-27 17:28:32,164|line:517| 已有
2025-01-27 17:28:32,164|line:515| https://t.bilibili.com/1026326325669920789
2025-01-27 17:28:32,164|line:517| 已有
2025-01-27 17:28:32,164|line:515| https://t.bilibili.com/1026703775982682115
2025-01-27 17:28:35,621|line:340| =========此为源动态=========
2025-01-27 17:28:40,304|line:359| *********子动态开始*********
2025-01-27 17:28:40,305|line:378| *********子动态结束*********
2025-01-27 17:28:40,305|line:533| -=-=-=-=处理回最初的动态-=-=-=-=
2025-01-27 17:28:51,736|line:471| 转发成功 1027186659184082948
2025-01-27 17:28:55,260|line:490| 评论发送成功
2025-01-27 17:28:58,756|line:420| 526860819 === 已经关注了
2025-01-27 17:29:02,158|line:499| 动态-点赞 0
2025-01-27 17:29:03,159|line:515| https://t.bilibili.com/1025569260388220953
2025-01-27 17:29:03,159|line:517| 已有
2025-01-27 17:29:03,159|line:515| https://t.bilibili.com/1022589167244148743
2025-01-27 17:29:03,159|line:517| 已有
2025-01-27 17:29:03,159|line:515| https://t.bilibili.com/1026699908393992196
2025-01-27 17:29:06,638|line:340| =========此为源动态=========
2025-01-27 17:29:09,185|line:359| *********子动态开始*********
2025-01-27 17:29:09,185|line:378| *********子动态结束*********
2025-01-27 17:29:09,186|line:533| -=-=-=-=处理回最初的动态-=-=-=-=
2025-01-27 17:29:20,760|line:471| 转发成功 1027186783738134536
2025-01-27 17:29:24,303|line:490| 评论发送成功
2025-01-27 17:29:25,950|line:420| 22492980 === 已经关注了
2025-01-27 17:29:29,406|line:499| 动态-点赞 0
2025-01-27 17:29:32,407|line:515| https://t.bilibili.com/1024847233435041841
2025-01-27 17:29:36,850|line:340| =========此为源动态=========
2025-01-27 17:29:41,454|line:359| *********子动态开始*********
2025-01-27 17:29:41,454|line:378| *********子动态结束*********
2025-01-27 17:29:41,454|line:533| -=-=-=-=处理回最初的动态-=-=-=-=
2025-01-27 17:29:49,065|line:471| 转发成功 1027186903954227218
2025-01-27 17:29:52,575|line:490| 评论发送成功
2025-01-27 17:29:55,048|line:420| 555031127 === 已经关注了
2025-01-27 17:29:58,450|line:499| 动态-点赞 0
2025-01-27 17:29:59,451|line:515| https://t.bilibili.com/1025188850820972546
2025-01-27 17:30:02,940|line:335| =========此为子动态=========
2025-01-27 17:30:07,413|line:384| *************原动态处理开始***************
2025-01-27 17:30:12,474|line:471| 转发成功 1027187007046025218
2025-01-27 17:30:15,994|line:490| 评论发送成功
2025-01-27 17:30:22,924|line:432| 关注 ==== 72201502 0
2025-01-27 17:30:26,326|line:499| 动态-点赞 0
2025-01-27 17:30:26,326|line:394| *************原动态处理完成***************
2025-01-27 17:30:28,945|line:359| *********子动态开始*********
2025-01-27 17:30:39,403|line:471| 转发成功 1027187123002802179
2025-01-27 17:30:42,939|line:490| 评论发送成功
2025-01-27 17:30:50,190|line:420| 432158620 === 已经关注了
2025-01-27 17:30:50,190|line:373| ----完成一个子动态----
2025-01-27 17:30:50,191|line:378| *********子动态结束*********
2025-01-27 17:30:53,191|line:515| https://t.bilibili.com/1026308179446726676
2025-01-27 17:30:56,611|line:340| =========此为源动态=========
2025-01-27 17:31:00,171|line:359| *********子动态开始*********
2025-01-27 17:31:00,171|line:378| *********子动态结束*********
2025-01-27 17:31:00,171|line:533| -=-=-=-=处理回最初的动态-=-=-=-=
2025-01-27 17:31:10,859|line:471| 转发成功 1027187256163565606
2025-01-27 17:31:14,394|line:490| 评论发送成功
2025-01-27 17:31:15,868|line:420| 571307144 === 已经关注了
2025-01-27 17:31:19,280|line:499| 动态-点赞 0
2025-01-27 17:31:23,281|line:515| https://t.bilibili.com/1024774665643491334
2025-01-27 17:31:23,281|line:517| 已有
2025-01-27 17:31:23,281|line:515| https://t.bilibili.com/1026607139247882280
2025-01-27 17:31:25,700|line:522| 官方 或 预约 OUT！
2025-01-27 17:31:25,700|line:515| https://t.bilibili.com/1026739699089145880
2025-01-27 17:31:27,119|line:340| =========此为源动态=========
2025-01-27 17:31:28,841|line:359| *********子动态开始*********
2025-01-27 17:31:28,841|line:378| *********子动态结束*********
2025-01-27 17:31:28,842|line:533| -=-=-=-=处理回最初的动态-=-=-=-=
2025-01-27 17:31:38,270|line:471| 转发成功 1027187376431038467
2025-01-27 17:31:41,780|line:490| 评论发送成功
2025-01-27 17:31:45,269|line:420| 401752996 === 已经关注了
2025-01-27 17:31:48,836|line:499| 动态-点赞 0
2025-01-27 17:31:49,836|line:515| https://t.bilibili.com/1024805108365393926
2025-01-27 17:31:54,255|line:335| =========此为子动态=========
2025-01-27 17:31:58,774|line:384| *************原动态处理开始***************
2025-01-27 17:32:04,662|line:471| 转发成功 1027187488075022356
2025-01-27 17:32:08,193|line:490| 评论发送成功
2025-01-27 17:32:09,700|line:420| 526479088 === 已经关注了
2025-01-27 17:32:13,087|line:499| 动态-点赞 0
2025-01-27 17:32:13,087|line:394| *************原动态处理完成***************
2025-01-27 17:32:17,748|line:359| *********子动态开始*********
2025-01-27 17:32:28,170|line:471| 转发成功 1027187591191986180
2025-01-27 17:32:31,844|line:490| 评论发送成功
2025-01-27 17:32:35,697|line:420| 37896119 === 已经关注了
2025-01-27 17:32:35,697|line:373| ----完成一个子动态----
2025-01-27 17:32:44,370|line:471| 转发成功 1027187659868471303
2025-01-27 17:32:47,874|line:490| 评论发送成功
2025-01-27 17:32:53,725|line:420| 1536750746 === 已经关注了
2025-01-27 17:32:53,725|line:373| ----完成一个子动态----
2025-01-27 17:32:53,726|line:378| *********子动态结束*********
2025-01-27 17:32:56,726|line:515| https://t.bilibili.com/1026308209492623364
2025-01-27 17:32:58,169|line:340| =========此为源动态=========
2025-01-27 17:33:02,596|line:359| *********子动态开始*********
2025-01-27 17:33:02,596|line:378| *********子动态结束*********
2025-01-27 17:33:02,597|line:533| -=-=-=-=处理回最初的动态-=-=-=-=
2025-01-27 17:33:11,722|line:471| 转发成功 1027187775848316967
2025-01-27 17:33:15,060|line:490| 评论发送成功
2025-01-27 17:33:17,467|line:420| 3546740875594396 === 已经关注了
2025-01-27 17:33:20,802|line:499| 动态-点赞 0
2025-01-27 17:33:23,803|line:515| https://t.bilibili.com/1024827047060439047
2025-01-27 17:33:23,803|line:517| 已有
2025-01-27 17:33:23,803|line:515| https://t.bilibili.com/1024479339404591153
2025-01-27 17:33:23,803|line:517| 已有
2025-01-27 17:33:23,803|line:515| https://t.bilibili.com/1024833893251940353
2025-01-27 17:33:25,136|line:340| =========此为源动态=========
2025-01-27 17:33:29,683|line:359| *********子动态开始*********
2025-01-27 17:33:29,683|line:378| *********子动态结束*********
2025-01-27 17:33:29,683|line:533| -=-=-=-=处理回最初的动态-=-=-=-=
2025-01-27 17:33:39,821|line:471| 转发成功 1027187896145149960
2025-01-27 17:33:43,391|line:490| 评论发送成功
2025-01-27 17:33:47,069|line:420| 3461569216252442 === 已经关注了
2025-01-27 17:33:50,465|line:499| 动态-点赞 0
2025-01-27 17:33:53,465|line:515| https://t.bilibili.com/1026258881783791620
2025-01-27 17:33:57,037|line:522| 官方 或 预约 OUT！
2025-01-27 17:33:57,038|line:515| https://t.bilibili.com/1026328823207034897
2025-01-27 17:34:01,479|line:340| =========此为源动态=========
2025-01-27 17:34:06,093|line:359| *********子动态开始*********
2025-01-27 17:34:06,093|line:378| *********子动态结束*********
2025-01-27 17:34:06,094|line:533| -=-=-=-=处理回最初的动态-=-=-=-=
2025-01-27 17:34:12,501|line:471| 转发成功 1027188037833981976
2025-01-27 17:34:16,008|line:490| 评论发送成功
2025-01-27 17:34:17,710|line:420| 436170053 === 已经关注了
2025-01-27 17:34:21,100|line:499| 动态-点赞 0
2025-01-27 17:34:23,101|line:515| https://t.bilibili.com/1026593219245244421
2025-01-27 17:34:27,517|line:340| =========此为源动态=========
2025-01-27 17:34:28,995|line:359| *********子动态开始*********
2025-01-27 17:34:28,995|line:378| *********子动态结束*********
2025-01-27 17:34:28,995|line:533| -=-=-=-=处理回最初的动态-=-=-=-=
2025-01-27 17:34:38,442|line:471| 转发成功 1027188149511520261
2025-01-27 17:34:41,879|line:490| 评论发送成功
2025-01-27 17:34:45,377|line:420| 3546740875594396 === 已经关注了
2025-01-27 17:34:48,958|line:499| 动态-点赞 0
2025-01-27 17:34:49,959|line:515| https://t.bilibili.com/1024717482469883922
2025-01-27 17:34:53,598|line:340| =========此为源动态=========
2025-01-27 17:34:56,285|line:359| *********子动态开始*********
2025-01-27 17:34:56,286|line:378| *********子动态结束*********
2025-01-27 17:34:56,286|line:533| -=-=-=-=处理回最初的动态-=-=-=-=
2025-01-27 17:35:06,847|line:471| 转发成功 1027188269788430339
2025-01-27 17:35:10,371|line:490| 评论发送成功
2025-01-27 17:35:13,834|line:420| 359127917 === 已经关注了
2025-01-27 17:35:17,156|line:499| 动态-点赞 0
2025-01-27 17:35:18,156|line:515| https://t.bilibili.com/1024492713934848017
2025-01-27 17:35:20,615|line:340| =========此为源动态=========
2025-01-27 17:35:23,301|line:359| *********子动态开始*********
2025-01-27 17:35:23,301|line:378| *********子动态结束*********
2025-01-27 17:35:23,302|line:533| -=-=-=-=处理回最初的动态-=-=-=-=
2025-01-27 17:35:29,430|line:471| 转发成功 1027188368582115330
2025-01-27 17:35:32,833|line:490| 评论发送成功
2025-01-27 17:35:35,270|line:420| 414411614 === 已经关注了
2025-01-27 17:35:38,595|line:499| 动态-点赞 0
2025-01-27 17:35:42,595|line:515| https://t.bilibili.com/1024781610629726212
2025-01-27 17:35:42,596|line:517| 已有
2025-01-27 17:35:42,596|line:515| https://t.bilibili.com/1022489111697555459
2025-01-27 17:35:45,121|line:340| =========此为源动态=========
2025-01-27 17:35:49,655|line:359| *********子动态开始*********
2025-01-27 17:35:49,655|line:378| *********子动态结束*********
2025-01-27 17:35:49,656|line:533| -=-=-=-=处理回最初的动态-=-=-=-=
2025-01-27 17:35:57,799|line:471| 转发成功 1027188488844345351
2025-01-27 17:36:01,390|line:490| 评论发送成功
2025-01-27 17:36:03,779|line:420| 1569223452 === 已经关注了
2025-01-27 17:36:07,096|line:499| 动态-点赞 0
2025-01-27 17:36:08,097|line:515| https://t.bilibili.com/1025963976463220744
2025-01-27 17:36:12,593|line:340| =========此为源动态=========
2025-01-27 17:36:16,044|line:359| *********子动态开始*********
2025-01-27 17:36:16,045|line:378| *********子动态结束*********
2025-01-27 17:36:16,045|line:533| -=-=-=-=处理回最初的动态-=-=-=-=
2025-01-27 17:36:26,174|line:471| 转发成功 1027188613356453891
2025-01-27 17:36:29,675|line:490| 评论发送成功
2025-01-27 17:36:35,416|line:432| 关注 ==== 31155640 0
2025-01-27 17:36:38,744|line:499| 动态-点赞 0
2025-01-27 17:36:40,744|line:515| https://t.bilibili.com/1025572679186382851
2025-01-27 17:36:44,177|line:340| =========此为源动态=========
2025-01-27 17:36:45,634|line:359| *********子动态开始*********
2025-01-27 17:36:45,635|line:378| *********子动态结束*********
2025-01-27 17:36:45,635|line:533| -=-=-=-=处理回最初的动态-=-=-=-=
2025-01-27 17:36:58,128|line:471| 转发成功 1027188746500440100
2025-01-27 17:37:01,753|line:490| 评论发送成功
2025-01-27 17:37:04,258|line:420| 2000380121 === 已经关注了
2025-01-27 17:37:07,655|line:499| 动态-点赞 0
2025-01-27 17:37:10,656|line:515| https://t.bilibili.com/1025524805299863557
2025-01-27 17:37:14,093|line:340| =========此为源动态=========
2025-01-27 17:37:17,931|line:359| *********子动态开始*********
2025-01-27 17:37:17,931|line:378| *********子动态结束*********
2025-01-27 17:37:17,931|line:533| -=-=-=-=处理回最初的动态-=-=-=-=
2025-01-27 17:37:26,552|line:471| 转发成功 1027188871063928835
2025-01-27 17:37:30,061|line:490| 评论发送成功
2025-01-27 17:37:31,549|line:420| 171617844 === 已经关注了
2025-01-27 17:37:34,950|line:499| 动态-点赞 0
2025-01-27 17:37:37,950|line:515| https://t.bilibili.com/1025464317155213313
2025-01-27 17:37:37,950|line:517| 已有
2025-01-27 17:37:37,950|line:515| https://t.bilibili.com/1026363498623402019
2025-01-27 17:37:39,379|line:522| 官方 或 预约 OUT！
2025-01-27 17:37:39,379|line:515| https://t.bilibili.com/1026608135646740489
2025-01-27 17:37:39,379|line:517| 已有
2025-01-27 17:37:39,379|line:515| https://t.bilibili.com/1026211924950384640
2025-01-27 17:37:42,891|line:340| =========此为源动态=========
2025-01-27 17:37:45,390|line:359| *********子动态开始*********
2025-01-27 17:37:45,390|line:378| *********子动态结束*********
2025-01-27 17:37:45,390|line:533| -=-=-=-=处理回最初的动态-=-=-=-=
2025-01-27 17:37:55,107|line:471| 转发成功 1027188991361810451
2025-01-27 17:37:58,723|line:490| 评论发送成功
2025-01-27 17:38:02,254|line:420| 622557681 === 已经关注了
2025-01-27 17:38:05,880|line:499| 动态-点赞 0
2025-01-27 17:38:06,880|line:515| https://t.bilibili.com/1025484524978438166
2025-01-27 17:38:11,332|line:522| 官方 或 预约 OUT！
2025-01-27 17:38:11,332|line:515| https://t.bilibili.com/1026387902603460644
2025-01-27 17:38:14,791|line:340| =========此为源动态=========
2025-01-27 17:38:18,467|line:359| *********子动态开始*********
2025-01-27 17:38:18,467|line:378| *********子动态结束*********
2025-01-27 17:38:18,467|line:533| -=-=-=-=处理回最初的动态-=-=-=-=
2025-01-27 17:38:28,021|line:471| 转发成功 1027189133093634103
2025-01-27 17:38:31,611|line:490| 评论发送成功
2025-01-27 17:38:36,334|line:420| 1930420310 === 已经关注了
2025-01-27 17:38:39,771|line:499| 动态-点赞 0
2025-01-27 17:38:43,771|line:515| https://t.bilibili.com/1025965024454115348
2025-01-27 17:38:46,252|line:340| =========此为源动态=========
2025-01-27 17:38:47,757|line:359| *********子动态开始*********
2025-01-27 17:38:47,757|line:378| *********子动态结束*********
2025-01-27 17:38:47,757|line:533| -=-=-=-=处理回最初的动态-=-=-=-=
2025-01-27 17:38:54,975|line:471| 转发成功 1027189249042022420
2025-01-27 17:38:58,388|line:490| 评论发送成功
2025-01-27 17:39:01,786|line:420| 1464627422 === 已经关注了
2025-01-27 17:39:05,111|line:499| 动态-点赞 0
2025-01-27 17:39:07,112|line:515| https://t.bilibili.com/1024829078590455827
2025-01-27 17:39:07,112|line:517| 已有
2025-01-27 17:39:07,112|line:515| https://t.bilibili.com/1024735005943791616
2025-01-27 17:39:08,572|line:340| =========此为源动态=========
2025-01-27 17:39:11,245|line:359| *********子动态开始*********
2025-01-27 17:39:11,245|line:378| *********子动态结束*********
2025-01-27 17:39:11,245|line:533| -=-=-=-=处理回最初的动态-=-=-=-=
2025-01-27 17:39:20,382|line:471| 转发成功 1027189360689152009
2025-01-27 17:39:23,854|line:490| 评论发送成功
2025-01-27 17:39:27,237|line:420| 1824814640 === 已经关注了
2025-01-27 17:39:30,563|line:499| 动态-点赞 0
2025-01-27 17:39:32,564|line:515| https://t.bilibili.com/1026706997228077091
2025-01-27 17:39:37,019|line:522| 官方 或 预约 OUT！
2025-01-27 17:39:37,020|line:515| https://t.bilibili.com/1026682073549635605
2025-01-27 17:39:39,480|line:340| =========此为源动态=========
2025-01-27 17:39:41,157|line:359| *********子动态开始*********
2025-01-27 17:39:41,158|line:378| *********子动态结束*********
2025-01-27 17:39:41,158|line:533| -=-=-=-=处理回最初的动态-=-=-=-=
2025-01-27 17:39:53,281|line:471| 转发成功 1027189502453481472
2025-01-27 17:39:56,688|line:490| 评论发送成功
2025-01-27 17:40:03,479|line:432| 关注 ==== 1568811899 0
2025-01-27 17:40:06,849|line:499| 动态-点赞 0
2025-01-27 17:40:10,850|line:515| https://t.bilibili.com/1026594778338295813
2025-01-27 17:40:10,850|line:517| 已有
2025-01-27 17:40:10,850|line:515| https://t.bilibili.com/1025494502200049664
2025-01-27 17:40:10,850|line:517| 已有
2025-01-27 17:40:10,850|line:515| https://t.bilibili.com/1025494381899022343
2025-01-27 17:40:12,262|line:522| 官方 或 预约 OUT！
2025-01-27 17:40:12,262|line:515| https://t.bilibili.com/1026217139041730597
2025-01-27 17:40:15,729|line:340| =========此为源动态=========
2025-01-27 17:40:20,293|line:359| *********子动态开始*********
2025-01-27 17:40:20,293|line:378| *********子动态结束*********
2025-01-27 17:40:20,293|line:533| -=-=-=-=处理回最初的动态-=-=-=-=
2025-01-27 17:40:28,506|line:471| 转发成功 1027189652768948226
2025-01-27 17:40:31,971|line:490| 评论发送成功
2025-01-27 17:40:34,361|line:420| 37896119 === 已经关注了
2025-01-27 17:40:37,680|line:499| 动态-点赞 0
2025-01-27 17:40:38,681|line:515| https://t.bilibili.com/1026684446508580865
2025-01-27 17:40:43,093|line:340| =========此为源动态=========
2025-01-27 17:40:44,546|line:359| *********子动态开始*********
2025-01-27 17:40:44,547|line:378| *********子动态结束*********
2025-01-27 17:40:44,547|line:533| -=-=-=-=处理回最初的动态-=-=-=-=
2025-01-27 17:40:55,681|line:471| 转发成功 1027189768712093721
2025-01-27 17:40:59,115|line:490| 评论发送成功
2025-01-27 17:41:00,510|line:420| 238623328 === 已经关注了
2025-01-27 17:41:03,830|line:499| 动态-点赞 0
2025-01-27 17:41:07,830|line:515| https://t.bilibili.com/1026614161517314071
2025-01-27 17:41:12,251|line:340| =========此为源动态=========
2025-01-27 17:41:13,671|line:359| *********子动态开始*********
2025-01-27 17:41:13,672|line:378| *********子动态结束*********
2025-01-27 17:41:13,672|line:533| -=-=-=-=处理回最初的动态-=-=-=-=
2025-01-27 17:41:23,161|line:471| 转发成功 1027189884708716546
2025-01-27 17:41:26,674|line:490| 评论发送成功
2025-01-27 17:41:31,344|line:420| 2145624252 === 已经关注了
2025-01-27 17:41:34,741|line:499| 动态-点赞 0
2025-01-27 17:41:38,741|line:515| https://t.bilibili.com/1022169158127714305
2025-01-27 17:41:42,159|line:340| =========此为源动态=========
2025-01-27 17:41:43,773|line:359| *********子动态开始*********
2025-01-27 17:41:43,774|line:378| *********子动态结束*********
2025-01-27 17:41:43,774|line:533| -=-=-=-=处理回最初的动态-=-=-=-=
2025-01-27 17:41:54,385|line:471| 转发成功 1027190022152912912
2025-01-27 17:41:57,952|line:490| 评论发送成功
2025-01-27 17:42:01,490|line:420| 873668 === 已经关注了
2025-01-27 17:42:05,107|line:499| 动态-点赞 0
2025-01-27 17:42:09,107|line:515| https://t.bilibili.com/1025522535425376262
2025-01-27 17:42:11,458|line:340| =========此为源动态=========
2025-01-27 17:42:14,804|line:359| *********子动态开始*********
2025-01-27 17:42:14,805|line:378| *********子动态结束*********
2025-01-27 17:42:14,805|line:533| -=-=-=-=处理回最初的动态-=-=-=-=
2025-01-27 17:42:23,953|line:471| 转发成功 1027190146665021465
2025-01-27 17:42:27,398|line:490| 评论发送成功
2025-01-27 17:42:28,773|line:420| 2000380121 === 已经关注了
2025-01-27 17:42:32,094|line:499| 动态-点赞 0
2025-01-27 17:42:36,094|line:515| https://t.bilibili.com/1024380641069760532
2025-01-27 17:42:38,414|line:522| 官方 或 预约 OUT！
2025-01-27 17:42:38,414|line:515| https://t.bilibili.com/1024783921332617269
2025-01-27 17:42:40,732|line:340| =========此为源动态=========
2025-01-27 17:42:45,055|line:359| *********子动态开始*********
2025-01-27 17:42:45,055|line:378| *********子动态结束*********
2025-01-27 17:42:45,056|line:533| -=-=-=-=处理回最初的动态-=-=-=-=
2025-01-27 17:42:53,229|line:471| 转发成功 1027190275552837634
2025-01-27 17:42:56,561|line:490| 评论发送成功
2025-01-27 17:43:00,949|line:420| 3546740875594396 === 已经关注了
2025-01-27 17:43:04,275|line:499| 动态-点赞 0
2025-01-27 17:43:08,276|line:515| https://t.bilibili.com/1025112168506327045
2025-01-27 17:43:08,276|line:517| 已有
2025-01-27 17:43:08,276|line:515| https://t.bilibili.com/1022865361554374673
2025-01-27 17:43:12,590|line:340| =========此为源动态=========
2025-01-27 17:43:15,939|line:359| *********子动态开始*********
2025-01-27 17:43:15,939|line:378| *********子动态结束*********
2025-01-27 17:43:15,939|line:533| -=-=-=-=处理回最初的动态-=-=-=-=
2025-01-27 17:43:24,070|line:471| 转发成功 1027190404395565072
2025-01-27 17:43:27,625|line:490| 评论发送成功
2025-01-27 17:43:29,014|line:420| 674121390 === 已经关注了
2025-01-27 17:43:32,337|line:499| 动态-点赞 0
2025-01-27 17:43:33,337|line:515| https://t.bilibili.com/1023758042614726663
2025-01-27 17:43:37,705|line:522| 官方 或 预约 OUT！
2025-01-27 17:43:37,706|line:515| https://t.bilibili.com/1024725569905885206
2025-01-27 17:43:37,706|line:517| 已有
2025-01-27 17:43:37,706|line:515| https://t.bilibili.com/1024844574848188488
2025-01-27 17:43:39,079|line:340| =========此为源动态=========
2025-01-27 17:43:41,425|line:359| *********子动态开始*********
2025-01-27 17:43:41,425|line:378| *********子动态结束*********
2025-01-27 17:43:41,425|line:533| -=-=-=-=处理回最初的动态-=-=-=-=
2025-01-27 17:43:52,992|line:471| 转发成功 1027190528954859553
2025-01-27 17:43:56,669|line:490| 评论发送成功
2025-01-27 17:44:00,275|line:420| 1432747633 === 已经关注了
2025-01-27 17:44:03,675|line:499| 动态-点赞 0
2025-01-27 17:44:05,675|line:515| https://t.bilibili.com/1025501859451764770
2025-01-27 17:44:09,315|line:522| 官方 或 预约 OUT！
2025-01-27 17:44:09,315|line:515| https://t.bilibili.com/1026321094390317097
2025-01-27 17:44:09,315|line:517| 已有
2025-01-27 17:44:09,315|line:515| https://t.bilibili.com/1025934646128410646
2025-01-27 17:44:11,843|line:340| =========此为源动态=========
2025-01-27 17:44:13,460|line:359| *********子动态开始*********
2025-01-27 17:44:13,460|line:378| *********子动态结束*********
2025-01-27 17:44:13,460|line:533| -=-=-=-=处理回最初的动态-=-=-=-=
2025-01-27 17:44:20,044|line:471| 转发成功 1027190644924219415
2025-01-27 17:44:23,659|line:490| 评论发送成功
2025-01-27 17:44:25,161|line:420| 287886755 === 已经关注了
2025-01-27 17:44:28,560|line:499| 动态-点赞 0
2025-01-27 17:44:32,561|line:515| https://t.bilibili.com/1025488514996764694
2025-01-27 17:44:35,985|line:522| 官方 或 预约 OUT！
2025-01-27 17:44:35,985|line:515| https://t.bilibili.com/1026367477886484483
2025-01-27 17:44:40,403|line:340| =========此为源动态=========
2025-01-27 17:44:44,858|line:359| *********子动态开始*********
2025-01-27 17:44:44,859|line:378| *********子动态结束*********
2025-01-27 17:44:44,859|line:533| -=-=-=-=处理回最初的动态-=-=-=-=
2025-01-27 17:44:57,455|line:471| 转发成功 1027190808115150849
2025-01-27 17:45:01,070|line:490| 评论发送成功
2025-01-27 17:45:03,576|line:420| 432158620 === 已经关注了
2025-01-27 17:45:07,020|line:499| 动态-点赞 0
2025-01-27 17:45:11,021|line:515| https://t.bilibili.com/1025518206085759000
2025-01-27 17:45:13,436|line:522| 官方 或 预约 OUT！
2025-01-27 17:45:13,437|line:515| https://t.bilibili.com/1024759998340661249
2025-01-27 17:45:13,437|line:517| 已有
2025-01-27 17:45:13,437|line:515| https://t.bilibili.com/1026608998977110022
2025-01-27 17:45:13,437|line:517| 已有
2025-01-27 17:45:13,437|line:515| https://t.bilibili.com/1022604534666493957
2025-01-27 17:45:13,437|line:517| 已有
2025-01-27 17:45:13,437|line:515| https://t.bilibili.com/1026313393522344005
2025-01-27 17:45:17,864|line:522| 官方 或 预约 OUT！
2025-01-27 17:45:17,864|line:515| https://t.bilibili.com/1026566611940671491
2025-01-27 17:45:22,290|line:340| =========此为源动态=========
2025-01-27 17:45:26,752|line:359| *********子动态开始*********
2025-01-27 17:45:26,752|line:378| *********子动态结束*********
2025-01-27 17:45:26,752|line:533| -=-=-=-=处理回最初的动态-=-=-=-=
2025-01-27 17:45:36,320|line:471| 转发成功 1027190975586369541
2025-01-27 17:45:40,045|line:490| 评论发送成功
2025-01-27 17:45:44,714|line:420| 1309317001 === 已经关注了
2025-01-27 17:45:48,108|line:499| 动态-点赞 0
2025-01-27 17:45:49,109|line:515| https://t.bilibili.com/1026256661326594055
2025-01-27 17:45:50,621|line:340| =========此为源动态=========
2025-01-27 17:45:53,250|line:359| *********子动态开始*********
2025-01-27 17:45:53,250|line:378| *********子动态结束*********
2025-01-27 17:45:53,250|line:533| -=-=-=-=处理回最初的动态-=-=-=-=
2025-01-27 17:46:02,670|line:471| 转发成功 1027191087294316549
2025-01-27 17:46:06,196|line:490| 评论发送成功
2025-01-27 17:46:10,859|line:420| 39101587 === 已经关注了
2025-01-27 17:46:14,254|line:499| 动态-点赞 0
2025-01-27 17:46:18,254|line:515| https://t.bilibili.com/1024425772592398356
2025-01-27 17:46:18,254|line:517| 已有
2025-01-27 17:46:18,254|line:515| https://t.bilibili.com/1025578060784599093
2025-01-27 17:46:19,677|line:340| =========此为源动态=========
2025-01-27 17:46:24,492|line:359| *********子动态开始*********
2025-01-27 17:46:24,492|line:378| *********子动态结束*********
2025-01-27 17:46:24,493|line:533| -=-=-=-=处理回最初的动态-=-=-=-=
2025-01-27 17:46:34,109|line:471| 转发成功 1027191224707055623
2025-01-27 17:46:37,621|line:490| 评论发送成功
2025-01-27 17:46:41,108|line:420| 436170053 === 已经关注了
2025-01-27 17:46:44,568|line:499| 动态-点赞 0
2025-01-27 17:46:46,569|line:515| https://t.bilibili.com/1024721019351334914
2025-01-27 17:46:50,036|line:340| =========此为源动态=========
2025-01-27 17:46:52,491|line:359| *********子动态开始*********
2025-01-27 17:46:52,491|line:378| *********子动态结束*********
2025-01-27 17:46:52,492|line:533| -=-=-=-=处理回最初的动态-=-=-=-=
2025-01-27 17:47:02,006|line:471| 转发成功 1027191340680609796
2025-01-27 17:47:05,591|line:490| 评论发送成功
2025-01-27 17:47:09,084|line:420| 357061011 === 已经关注了
2025-01-27 17:47:12,482|line:499| 动态-点赞 0
2025-01-27 17:47:14,482|line:515| https://t.bilibili.com/1026611047634567176
2025-01-27 17:47:17,910|line:522| 官方 或 预约 OUT！
2025-01-27 17:47:17,910|line:515| https://t.bilibili.com/1025123047641710599
2025-01-27 17:47:21,333|line:522| 官方 或 预约 OUT！
2025-01-27 17:47:21,333|line:515| https://t.bilibili.com/1024750484973420580
2025-01-27 17:47:21,333|line:517| 已有
2025-01-27 17:47:21,333|line:515| https://t.bilibili.com/1024875406256242709
2025-01-27 17:47:22,743|line:340| =========此为源动态=========
2025-01-27 17:47:26,449|line:359| *********子动态开始*********
2025-01-27 17:47:26,450|line:378| *********子动态结束*********
2025-01-27 17:47:26,450|line:533| -=-=-=-=处理回最初的动态-=-=-=-=
2025-01-27 17:47:37,231|line:471| 转发成功 1027191495315161097
2025-01-27 17:47:40,830|line:490| 评论发送成功
2025-01-27 17:47:45,372|line:420| 17236262 === 已经关注了
2025-01-27 17:47:48,878|line:499| 动态-点赞 0
2025-01-27 17:47:51,878|line:515| https://t.bilibili.com/1025518734404485137
2025-01-27 17:47:51,879|line:517| 已有
2025-01-27 17:47:51,879|line:515| https://t.bilibili.com/1026669008250732582
2025-01-27 17:47:54,533|line:522| 官方 或 预约 OUT！
2025-01-27 17:47:54,533|line:515| https://t.bilibili.com/1026710012290924563
2025-01-27 17:47:55,986|line:340| =========此为源动态=========
2025-01-27 17:47:58,485|line:359| *********子动态开始*********
2025-01-27 17:47:58,485|line:378| *********子动态结束*********
2025-01-27 17:47:58,485|line:533| -=-=-=-=处理回最初的动态-=-=-=-=
2025-01-27 17:48:07,007|line:471| 转发成功 1027191619840901137
2025-01-27 17:48:10,611|line:490| 评论发送成功
2025-01-27 17:48:14,149|line:420| 1074346981 === 已经关注了
2025-01-27 17:48:17,570|line:499| 动态-点赞 0
2025-01-27 17:48:18,571|line:515| https://t.bilibili.com/1024739318056353829
2025-01-27 17:48:22,040|line:522| 官方 或 预约 OUT！
2025-01-27 17:48:22,040|line:515| https://t.bilibili.com/1026208055168073737
2025-01-27 17:48:23,498|line:340| =========此为源动态=========
2025-01-27 17:48:26,000|line:359| *********子动态开始*********
2025-01-27 17:48:26,000|line:378| *********子动态结束*********
2025-01-27 17:48:26,001|line:533| -=-=-=-=处理回最初的动态-=-=-=-=
2025-01-27 17:48:37,736|line:471| 转发成功 1027191752977547266
2025-01-27 17:48:41,352|line:490| 评论发送成功
2025-01-27 17:48:43,898|line:420| 238623328 === 已经关注了
2025-01-27 17:48:47,334|line:499| 动态-点赞 0
2025-01-27 17:48:48,334|line:515| https://t.bilibili.com/1026205383703658496
2025-01-27 17:48:49,862|line:340| =========此为源动态=========
2025-01-27 17:48:51,471|line:359| *********子动态开始*********
2025-01-27 17:48:51,471|line:378| *********子动态结束*********
2025-01-27 17:48:51,471|line:533| -=-=-=-=处理回最初的动态-=-=-=-=
2025-01-27 17:49:03,085|line:471| 转发成功 1027191860394721288
2025-01-27 17:49:06,578|line:490| 评论发送成功
2025-01-27 17:49:09,093|line:420| 3546740875594396 === 已经关注了
2025-01-27 17:49:12,558|line:499| 动态-点赞 0
2025-01-27 17:49:13,559|line:515| https://t.bilibili.com/1026039142717325335
2025-01-27 17:49:15,977|line:340| =========此为源动态=========
2025-01-27 17:49:17,513|line:359| *********子动态开始*********
2025-01-27 17:49:17,513|line:378| *********子动态结束*********
2025-01-27 17:49:17,513|line:533| -=-=-=-=处理回最初的动态-=-=-=-=
2025-01-27 17:49:29,933|line:471| 转发成功 1027191976312700945
2025-01-27 17:49:33,500|line:490| 评论发送成功
2025-01-27 17:49:41,517|line:432| 关注 ==== 3146143 0
2025-01-27 17:49:44,954|line:499| 动态-点赞 0
2025-01-27 17:49:48,954|line:515| https://t.bilibili.com/1022605204649934855
2025-01-27 17:49:48,955|line:517| 已有
2025-01-27 17:49:48,955|line:515| https://t.bilibili.com/1026262485292810262
2025-01-27 17:49:53,270|line:340| =========此为源动态=========
2025-01-27 17:49:57,590|line:359| *********子动态开始*********
2025-01-27 17:49:57,591|line:378| *********子动态结束*********
2025-01-27 17:49:57,591|line:533| -=-=-=-=处理回最初的动态-=-=-=-=
2025-01-27 17:50:06,178|line:471| 转发成功 1027192135273676809
2025-01-27 17:50:09,754|line:490| 评论发送成功
2025-01-27 17:50:12,352|line:420| 1724750549 === 已经关注了
2025-01-27 17:50:15,775|line:499| 动态-点赞 0
2025-01-27 17:50:16,776|line:515| https://t.bilibili.com/1023774135836213254
2025-01-27 17:50:21,093|line:522| 官方 或 预约 OUT！
2025-01-27 17:50:21,093|line:515| https://t.bilibili.com/1026344313009733638
2025-01-27 17:50:22,406|line:522| 官方 或 预约 OUT！
2025-01-27 17:50:22,407|line:515| https://t.bilibili.com/1025857551467544578
2025-01-27 17:50:23,727|line:522| 官方 或 预约 OUT！
2025-01-27 17:50:23,727|line:515| https://t.bilibili.com/1025972471927406592
2025-01-27 17:50:27,040|line:340| =========此为源动态=========
2025-01-27 17:50:29,346|line:359| *********子动态开始*********
2025-01-27 17:50:29,346|line:378| *********子动态结束*********
2025-01-27 17:50:29,346|line:533| -=-=-=-=处理回最初的动态-=-=-=-=
2025-01-27 17:50:38,650|line:471| 转发成功 1027192272680124421
2025-01-27 17:50:42,171|line:490| 评论发送成功
2025-01-27 17:50:43,697|line:420| 160450916 === 已经关注了
2025-01-27 17:50:47,109|line:499| 动态-点赞 0
2025-01-27 17:50:50,109|line:515| https://t.bilibili.com/1024518865985470466
2025-01-27 17:50:50,109|line:517| 已有
2025-01-27 17:50:50,110|line:515| https://t.bilibili.com/1025945241806438419
2025-01-27 17:50:51,676|line:335| =========此为子动态=========
2025-01-27 17:50:55,352|line:398| *************原动态已存在***************
2025-01-27 17:50:58,016|line:359| *********子动态开始*********
2025-01-27 17:51:26,121|line:378| *********子动态结束*********
2025-01-27 17:51:26,122|line:533| -=-=-=-=处理回最初的动态-=-=-=-=
2025-01-27 17:51:34,745|line:471| 转发成功 1027192513181515782
2025-01-27 17:51:38,271|line:490| 评论发送成功
2025-01-27 17:51:42,756|line:420| 631208134 === 已经关注了
2025-01-27 17:51:46,149|line:499| 动态-点赞 0
2025-01-27 17:51:49,150|line:515| https://t.bilibili.com/1026652691635372037
2025-01-27 17:51:53,566|line:340| =========此为源动态=========
2025-01-27 17:51:57,247|line:359| *********子动态开始*********
2025-01-27 17:51:57,248|line:378| *********子动态结束*********
2025-01-27 17:51:57,248|line:533| -=-=-=-=处理回最初的动态-=-=-=-=
2025-01-27 17:52:06,755|line:471| 转发成功 1027192650649829382
2025-01-27 17:52:10,467|line:490| 评论发送成功
2025-01-27 17:52:11,940|line:420| 555031127 === 已经关注了
2025-01-27 17:52:15,337|line:499| 动态-点赞 0
2025-01-27 17:52:17,338|line:515| https://t.bilibili.com/1026290247968751620
2025-01-27 17:52:19,754|line:340| =========此为源动态=========
2025-01-27 17:52:23,432|line:359| *********子动态开始*********
2025-01-27 17:52:23,432|line:378| *********子动态结束*********
2025-01-27 17:52:23,433|line:533| -=-=-=-=处理回最初的动态-=-=-=-=
2025-01-27 17:52:30,865|line:471| 转发成功 1027192753710170115
2025-01-27 17:52:34,548|line:490| 评论发送成功
2025-01-27 17:52:36,031|line:420| 652205462 === 已经关注了
2025-01-27 17:52:39,432|line:499| 动态-点赞 0
2025-01-27 17:52:40,432|line:515| https://t.bilibili.com/1026235933812326422
2025-01-27 17:52:45,016|line:522| 官方 或 预约 OUT！
2025-01-27 17:52:45,016|line:548| 执行结束
2025-01-27 17:52:49,388|line:553| ==================================================2025-01-28 01:52==================================================
