2025-02-08 16:27:42,304|line:233| processing article 40634874
2025-02-08 16:27:46,595|line:503| ==================================================2025-02-09 00:27==================================================
2025-02-08 16:27:46,595|line:515| https://t.bilibili.com/1030664156740583425
2025-02-08 16:27:48,979|line:340| =========此为源动态=========
2025-02-08 16:27:53,511|line:359| *********子动态开始*********
2025-02-08 16:27:53,511|line:378| *********子动态结束*********
2025-02-08 16:27:53,511|line:533| -=-=-=-=处理回最初的动态-=-=-=-=
2025-02-08 16:28:03,614|line:471| 转发成功 1031624013243219984
2025-02-08 16:28:06,999|line:490| 评论发送成功
2025-02-08 16:28:08,396|line:420| 28153104 === 已经关注了
2025-02-08 16:28:11,660|line:499| 动态-点赞 0
2025-02-08 16:28:13,660|line:515| https://t.bilibili.com/1030781873227300866
2025-02-08 16:28:14,906|line:522| 官方 或 预约 OUT！
2025-02-08 16:28:14,907|line:515| https://t.bilibili.com/1027172395559944199
2025-02-08 16:28:16,150|line:522| 官方 或 预约 OUT！
2025-02-08 16:28:16,150|line:515| https://t.bilibili.com/1030335364112318503
2025-02-08 16:28:19,576|line:522| 官方 或 预约 OUT！
2025-02-08 16:28:19,576|line:515| https://t.bilibili.com/1031050536306081825
2025-02-08 16:28:23,819|line:340| =========此为源动态=========
2025-02-08 16:28:26,097|line:359| *********子动态开始*********
2025-02-08 16:28:26,097|line:378| *********子动态结束*********
2025-02-08 16:28:26,098|line:533| -=-=-=-=处理回最初的动态-=-=-=-=
2025-02-08 16:28:37,070|line:471| 转发成功 1031624154961412137
2025-02-08 16:28:40,451|line:490| 评论发送成功
2025-02-08 16:28:41,769|line:420| 1024366005 === 已经关注了
2025-02-08 16:28:45,032|line:499| 动态-点赞 0
2025-02-08 16:28:46,032|line:515| https://t.bilibili.com/1030408249737740293
2025-02-08 16:28:47,277|line:340| =========此为源动态=========
2025-02-08 16:28:49,561|line:359| *********子动态开始*********
2025-02-08 16:28:49,562|line:378| *********子动态结束*********
2025-02-08 16:28:49,562|line:533| -=-=-=-=处理回最初的动态-=-=-=-=
2025-02-08 16:28:59,524|line:471| 转发成功 1031624253761388544
2025-02-08 16:29:02,874|line:490| 评论发送成功
2025-02-08 16:29:05,190|line:420| 404066457 === 已经关注了
2025-02-08 16:29:08,446|line:499| 动态-点赞 0
2025-02-08 16:29:11,447|line:515| https://t.bilibili.com/1030736471086071833
2025-02-08 16:29:12,923|line:340| =========此为源动态=========
2025-02-08 16:29:14,351|line:359| *********子动态开始*********
2025-02-08 16:29:14,351|line:378| *********子动态结束*********
2025-02-08 16:29:14,351|line:533| -=-=-=-=处理回最初的动态-=-=-=-=
2025-02-08 16:29:23,481|line:471| 转发成功 1031624356802854918
2025-02-08 16:29:26,876|line:490| 评论发送成功
2025-02-08 16:29:31,502|line:432| 关注 ==== 3493134189202377 0
2025-02-08 16:29:34,762|line:499| 动态-点赞 0
2025-02-08 16:29:38,763|line:515| https://t.bilibili.com/1030358960669982721
2025-02-08 16:29:40,010|line:340| =========此为源动态=========
2025-02-08 16:29:43,292|line:359| *********子动态开始*********
2025-02-08 16:29:43,292|line:378| *********子动态结束*********
2025-02-08 16:29:43,292|line:533| -=-=-=-=处理回最初的动态-=-=-=-=
2025-02-08 16:29:52,253|line:471| 转发成功 1031624481391509529
2025-02-08 16:29:55,664|line:490| 评论发送成功
2025-02-08 16:29:57,981|line:420| 166491016 === 已经关注了
2025-02-08 16:30:01,239|line:499| 动态-点赞 0
2025-02-08 16:30:05,239|line:515| https://t.bilibili.com/1031077817928908802
2025-02-08 16:30:08,475|line:335| =========此为子动态=========
2025-02-08 16:30:09,802|line:384| *************原动态处理开始***************
2025-02-08 16:30:15,435|line:471| 转发成功 1031624580146397205
2025-02-08 16:30:18,816|line:490| 评论发送成功
2025-02-08 16:30:21,129|line:420| 480772617 === 已经关注了
2025-02-08 16:30:24,407|line:499| 动态-点赞 0
2025-02-08 16:30:24,408|line:394| *************原动态处理完成***************
2025-02-08 16:30:25,866|line:359| *********子动态开始*********
2025-02-08 16:30:35,859|line:471| 转发成功 1031624666062520342
2025-02-08 16:30:39,194|line:490| 评论发送成功
2025-02-08 16:30:44,754|line:420| 31748830 === 已经关注了
2025-02-08 16:30:44,755|line:373| ----完成一个子动态----
2025-02-08 16:30:54,021|line:471| 转发成功 1031624743390806067
2025-02-08 16:30:57,368|line:490| 评论发送成功
2025-02-08 16:31:03,997|line:420| 416514298 === 已经关注了
2025-02-08 16:31:03,998|line:373| ----完成一个子动态----
2025-02-08 16:31:13,148|line:471| 转发成功 1031624829261840385
2025-02-08 16:31:16,497|line:490| 评论发送成功
2025-02-08 16:31:19,028|line:420| 1694196506 === 已经关注了
2025-02-08 16:31:19,029|line:373| ----完成一个子动态----
2025-02-08 16:31:19,029|line:378| *********子动态结束*********
2025-02-08 16:31:21,030|line:515| https://t.bilibili.com/1030354201833635848
2025-02-08 16:31:23,508|line:335| =========此为子动态=========
2025-02-08 16:31:26,813|line:384| *************原动态处理开始***************
2025-02-08 16:31:31,420|line:471| 转发成功 1031624906589077506
2025-02-08 16:31:34,760|line:490| 评论发送成功
2025-02-08 16:31:36,076|line:420| 383666009 === 已经关注了
2025-02-08 16:31:39,352|line:499| 动态-点赞 0
2025-02-08 16:31:39,352|line:394| *************原动态处理完成***************
2025-02-08 16:31:40,803|line:359| *********子动态开始*********
2025-02-08 16:31:49,828|line:471| 转发成功 1031624983877517335
2025-02-08 16:31:53,207|line:490| 评论发送成功
2025-02-08 16:31:58,767|line:420| 544030731 === 已经关注了
2025-02-08 16:31:58,768|line:373| ----完成一个子动态----
2025-02-08 16:32:04,764|line:471| 转发成功 1031625048307269632
2025-02-08 16:32:08,106|line:490| 评论发送成功
2025-02-08 16:32:11,653|line:420| 476645168 === 已经关注了
2025-02-08 16:32:11,653|line:373| ----完成一个子动态----
2025-02-08 16:32:20,699|line:471| 转发成功 1031625117055057969
2025-02-08 16:32:24,278|line:490| 评论发送成功
2025-02-08 16:32:28,148|line:420| 1024366005 === 已经关注了
2025-02-08 16:32:28,149|line:373| ----完成一个子动态----
2025-02-08 16:32:39,546|line:471| 转发成功 1031625198659436552
2025-02-08 16:32:43,129|line:490| 评论发送成功
2025-02-08 16:32:47,966|line:420| 1521701206 === 已经关注了
2025-02-08 16:32:47,966|line:373| ----完成一个子动态----
2025-02-08 16:32:57,399|line:471| 转发成功 1031625275953119241
2025-02-08 16:33:01,049|line:490| 评论发送成功
2025-02-08 16:33:06,933|line:420| 1845213301 === 已经关注了
2025-02-08 16:33:06,933|line:373| ----完成一个子动态----
2025-02-08 16:33:15,406|line:471| 转发成功 1031625353247850496
2025-02-08 16:33:18,949|line:490| 评论发送成功
2025-02-08 16:33:21,800|line:420| 480520643 === 已经关注了
2025-02-08 16:33:21,800|line:373| ----完成一个子动态----
2025-02-08 16:33:29,186|line:471| 转发成功 1031625409092911129
2025-02-08 16:33:32,692|line:490| 评论发送成功
2025-02-08 16:33:38,556|line:420| 1129687681 === 已经关注了
2025-02-08 16:33:38,557|line:373| ----完成一个子动态----
2025-02-08 16:33:46,927|line:471| 转发成功 1031625486384496665
2025-02-08 16:33:50,490|line:490| 评论发送成功
2025-02-08 16:33:56,350|line:420| 347768288 === 已经关注了
2025-02-08 16:33:56,351|line:373| ----完成一个子动态----
2025-02-08 16:34:03,364|line:471| 转发成功 1031625559397892102
2025-02-08 16:34:06,708|line:490| 评论发送成功
2025-02-08 16:34:11,419|line:420| 626347730 === 已经关注了
2025-02-08 16:34:11,419|line:373| ----完成一个子动态----
2025-02-08 16:34:22,572|line:471| 转发成功 1031625641043165184
2025-02-08 16:34:26,098|line:490| 评论发送成功
2025-02-08 16:34:34,649|line:420| 63414376 === 已经关注了
2025-02-08 16:34:34,649|line:373| ----完成一个子动态----
2025-02-08 16:34:44,840|line:471| 转发成功 1031625735521959941
2025-02-08 16:34:48,238|line:490| 评论发送成功
2025-02-08 16:34:53,790|line:420| 1567835994 === 已经关注了
2025-02-08 16:34:53,790|line:373| ----完成一个子动态----
2025-02-08 16:35:05,940|line:471| 转发成功 1031625825723613186
2025-02-08 16:35:09,286|line:490| 评论发送成功
2025-02-08 16:35:15,831|line:420| 284453579 === 已经关注了
2025-02-08 16:35:15,831|line:373| ----完成一个子动态----
2025-02-08 16:35:23,992|line:471| 转发成功 1031625903027781656
2025-02-08 16:35:27,425|line:490| 评论发送成功
2025-02-08 16:35:34,987|line:420| 333641046 === 已经关注了
2025-02-08 16:35:34,987|line:373| ----完成一个子动态----
2025-02-08 16:35:34,987|line:378| *********子动态结束*********
2025-02-08 16:35:35,988|line:515| https://t.bilibili.com/1030367164045983749
2025-02-08 16:35:35,988|line:517| 已有
2025-02-08 16:35:35,988|line:515| https://t.bilibili.com/1030667210486448133
2025-02-08 16:35:39,236|line:340| =========此为源动态=========
2025-02-08 16:35:41,732|line:359| *********子动态开始*********
2025-02-08 16:35:41,732|line:378| *********子动态结束*********
2025-02-08 16:35:41,733|line:533| -=-=-=-=处理回最初的动态-=-=-=-=
2025-02-08 16:35:48,660|line:471| 转发成功 1031626010398818306
2025-02-08 16:35:52,020|line:490| 评论发送成功
2025-02-08 16:35:59,628|line:432| 关注 ==== 34678216 0
2025-02-08 16:36:02,891|line:499| 动态-点赞 0
2025-02-08 16:36:05,891|line:515| https://t.bilibili.com/1031020961180155909
2025-02-08 16:36:08,146|line:335| =========此为子动态=========
2025-02-08 16:36:10,475|line:398| *************原动态已存在***************
2025-02-08 16:36:11,929|line:359| *********子动态开始*********
2025-02-08 16:36:22,891|line:471| 转发成功 1031626156430852096
2025-02-08 16:36:26,238|line:490| 评论发送成功
2025-02-08 16:36:32,816|line:420| 212395881 === 已经关注了
2025-02-08 16:36:32,816|line:373| ----完成一个子动态----
2025-02-08 16:36:41,822|line:471| 转发成功 1031626238027890695
2025-02-08 16:36:45,338|line:490| 评论发送成功
2025-02-08 16:36:49,904|line:420| 388684610 === 已经关注了
2025-02-08 16:36:49,904|line:373| ----完成一个子动态----
2025-02-08 16:36:57,200|line:471| 转发成功 1031626306746318856
2025-02-08 16:37:00,709|line:490| 评论发送成功
2025-02-08 16:37:07,281|line:420| 343198 === 已经关注了
2025-02-08 16:37:07,281|line:373| ----完成一个子动态----
2025-02-08 16:37:17,447|line:471| 转发成功 1031626392646713348
2025-02-08 16:37:20,835|line:490| 评论发送成功
2025-02-08 16:37:23,395|line:420| 346469145 === 已经关注了
2025-02-08 16:37:23,395|line:373| ----完成一个子动态----
2025-02-08 16:37:33,387|line:471| 转发成功 1031626461367238663
2025-02-08 16:37:36,798|line:490| 评论发送成功
2025-02-08 16:37:44,360|line:420| 622557681 === 已经关注了
2025-02-08 16:37:44,361|line:373| ----完成一个子动态----
2025-02-08 16:37:53,467|line:471| 转发成功 1031626547271827464
2025-02-08 16:37:56,849|line:490| 评论发送成功
2025-02-08 16:38:04,395|line:420| 3546740875594396 === 已经关注了
2025-02-08 16:38:04,395|line:373| ----完成一个子动态----
2025-02-08 16:38:15,691|line:471| 转发成功 1031626641759010835
2025-02-08 16:38:19,097|line:490| 评论发送成功
2025-02-08 16:38:27,946|line:420| 622557681 === 已经关注了
2025-02-08 16:38:27,947|line:373| ----完成一个子动态----
2025-02-08 16:38:27,947|line:378| *********子动态结束*********
2025-02-08 16:38:30,948|line:515| https://t.bilibili.com/1030384197881036808
2025-02-08 16:38:35,290|line:340| =========此为源动态=========
2025-02-08 16:38:37,565|line:359| *********子动态开始*********
2025-02-08 16:38:37,565|line:378| *********子动态结束*********
2025-02-08 16:38:37,565|line:533| -=-=-=-=处理回最初的动态-=-=-=-=
2025-02-08 16:38:45,517|line:471| 转发成功 1031626770603835417
2025-02-08 16:38:48,862|line:490| 评论发送成功
2025-02-08 16:38:51,193|line:420| 386615477 === 已经关注了
2025-02-08 16:38:54,449|line:499| 动态-点赞 0
2025-02-08 16:38:55,450|line:515| https://t.bilibili.com/1030729676483461143
2025-02-08 16:38:56,697|line:340| =========此为源动态=========
2025-02-08 16:39:00,161|line:359| *********子动态开始*********
2025-02-08 16:39:00,161|line:378| *********子动态结束*********
2025-02-08 16:39:00,161|line:533| -=-=-=-=处理回最初的动态-=-=-=-=
2025-02-08 16:39:08,223|line:471| 转发成功 1031626869403811845
2025-02-08 16:39:11,712|line:490| 评论发送成功
2025-02-08 16:39:16,032|line:420| 1824814640 === 已经关注了
2025-02-08 16:39:19,294|line:499| 动态-点赞 0
2025-02-08 16:39:20,294|line:515| https://t.bilibili.com/1030854625685667877
2025-02-08 16:39:20,294|line:517| 已有
2025-02-08 16:39:20,295|line:515| https://t.bilibili.com/1030372266505928713
2025-02-08 16:39:20,295|line:517| 已有
2025-02-08 16:39:20,295|line:515| https://t.bilibili.com/1029283273244672003
2025-02-08 16:39:21,537|line:340| =========此为源动态=========
2025-02-08 16:39:22,817|line:359| *********子动态开始*********
2025-02-08 16:39:22,817|line:378| *********子动态结束*********
2025-02-08 16:39:22,817|line:533| -=-=-=-=处理回最初的动态-=-=-=-=
2025-02-08 16:39:31,813|line:471| 转发成功 1031626968179671060
2025-02-08 16:39:35,302|line:490| 评论发送成功
2025-02-08 16:39:40,921|line:432| 关注 ==== 148495 0
2025-02-08 16:39:44,226|line:499| 动态-点赞 0
2025-02-08 16:39:48,226|line:515| https://t.bilibili.com/1027330081023852550
2025-02-08 16:39:51,477|line:522| 官方 或 预约 OUT！
2025-02-08 16:39:51,477|line:515| https://t.bilibili.com/1018082153141895209
2025-02-08 16:39:53,726|line:522| 官方 或 预约 OUT！
2025-02-08 16:39:53,727|line:515| https://t.bilibili.com/1030302700889178120
2025-02-08 16:39:56,974|line:340| =========此为源动态=========
2025-02-08 16:40:01,438|line:359| *********子动态开始*********
2025-02-08 16:40:07,521|line:471| 转发成功 1031627122791153688
2025-02-08 16:40:10,902|line:490| 评论发送成功
2025-02-08 16:40:19,463|line:420| 212395881 === 已经关注了
2025-02-08 16:40:19,463|line:373| ----完成一个子动态----
2025-02-08 16:40:28,616|line:471| 转发成功 1031627212960301056
2025-02-08 16:40:32,031|line:490| 评论发送成功
2025-02-08 16:40:37,586|line:420| 242136088 === 已经关注了
2025-02-08 16:40:37,586|line:373| ----完成一个子动态----
2025-02-08 16:40:43,554|line:471| 转发成功 1031627277376421894
2025-02-08 16:40:46,941|line:490| 评论发送成功
2025-02-08 16:40:52,495|line:420| 505670427 === 已经关注了
2025-02-08 16:40:52,495|line:373| ----完成一个子动态----
2025-02-08 16:40:52,496|line:378| *********子动态结束*********
2025-02-08 16:40:52,496|line:533| -=-=-=-=处理回最初的动态-=-=-=-=
2025-02-08 16:41:03,518|line:471| 转发成功 1031627363313516546
2025-02-08 16:41:07,006|line:490| 评论发送成功
2025-02-08 16:41:08,500|line:420| 520152906 === 已经关注了
2025-02-08 16:41:11,760|line:499| 动态-点赞 0
2025-02-08 16:41:15,760|line:515| https://t.bilibili.com/1030855854050508802
2025-02-08 16:41:17,036|line:340| =========此为源动态=========
2025-02-08 16:41:19,337|line:359| *********子动态开始*********
2025-02-08 16:41:19,337|line:378| *********子动态结束*********
2025-02-08 16:41:19,337|line:533| -=-=-=-=处理回最初的动态-=-=-=-=
2025-02-08 16:41:28,277|line:471| 转发成功 1031627470660435968
2025-02-08 16:41:31,691|line:490| 评论发送成功
2025-02-08 16:41:34,015|line:420| 622557681 === 已经关注了
2025-02-08 16:41:37,304|line:499| 动态-点赞 0
2025-02-08 16:41:39,305|line:515| https://t.bilibili.com/1025932769223507987
2025-02-08 16:41:43,543|line:522| 官方 或 预约 OUT！
2025-02-08 16:41:43,543|line:515| https://t.bilibili.com/1031060543605047321
2025-02-08 16:41:45,781|line:522| 官方 或 预约 OUT！
2025-02-08 16:41:45,781|line:515| https://t.bilibili.com/1027780833556037639
2025-02-08 16:41:47,020|line:340| =========此为源动态=========
2025-02-08 16:41:50,296|line:359| *********子动态开始*********
2025-02-08 16:41:50,297|line:378| *********子动态结束*********
2025-02-08 16:41:50,297|line:533| -=-=-=-=处理回最初的动态-=-=-=-=
2025-02-08 16:42:00,264|line:471| 转发成功 1031627608132943879
2025-02-08 16:42:03,645|line:490| 评论发送成功
2025-02-08 16:42:11,271|line:432| 关注 ==== 318355178 0
2025-02-08 16:42:14,524|line:499| 动态-点赞 0
2025-02-08 16:42:15,525|line:515| https://t.bilibili.com/1030675791809085464
2025-02-08 16:42:17,765|line:522| 官方 或 预约 OUT！
2025-02-08 16:42:17,765|line:515| https://t.bilibili.com/1028937932108464153
2025-02-08 16:42:20,000|line:522| 官方 或 预约 OUT！
2025-02-08 16:42:20,000|line:515| https://t.bilibili.com/1030369238526722050
2025-02-08 16:42:22,242|line:340| =========此为源动态=========
2025-02-08 16:42:24,865|line:359| *********子动态开始*********
2025-02-08 16:42:24,865|line:378| *********子动态结束*********
2025-02-08 16:42:24,865|line:533| -=-=-=-=处理回最初的动态-=-=-=-=
2025-02-08 16:42:33,840|line:471| 转发成功 1031627749822824453
2025-02-08 16:42:37,180|line:490| 评论发送成功
2025-02-08 16:42:41,651|line:420| 3494370223327232 === 已经关注了
2025-02-08 16:42:44,911|line:499| 动态-点赞 0
2025-02-08 16:42:45,911|line:515| https://t.bilibili.com/1031113564951150614
2025-02-08 16:42:50,369|line:340| =========此为源动态=========
2025-02-08 16:42:52,818|line:359| *********子动态开始*********
2025-02-08 16:42:52,818|line:378| *********子动态结束*********
2025-02-08 16:42:52,819|line:533| -=-=-=-=处理回最初的动态-=-=-=-=
2025-02-08 16:43:04,858|line:471| 转发成功 1031627883008753671
2025-02-08 16:43:08,372|line:490| 评论发送成功
2025-02-08 16:43:09,687|line:420| 628831867 === 已经关注了
2025-02-08 16:43:12,947|line:499| 动态-点赞 0
2025-02-08 16:43:13,947|line:515| https://t.bilibili.com/1031033923390406656
2025-02-08 16:43:15,183|line:340| =========此为源动态=========
2025-02-08 16:43:16,638|line:359| *********子动态开始*********
2025-02-08 16:43:16,638|line:378| *********子动态结束*********
2025-02-08 16:43:16,638|line:533| -=-=-=-=处理回最初的动态-=-=-=-=
2025-02-08 16:43:25,624|line:471| 转发成功 1031627973202018325
2025-02-08 16:43:29,110|line:490| 评论发送成功
2025-02-08 16:43:30,413|line:420| 1824814640 === 已经关注了
2025-02-08 16:43:33,668|line:499| 动态-点赞 0
2025-02-08 16:43:34,668|line:515| https://t.bilibili.com/1031132479995510821
2025-02-08 16:43:34,668|line:517| 已有
2025-02-08 16:43:34,669|line:515| https://t.bilibili.com/1031112800450117641
2025-02-08 16:43:34,669|line:517| 已有
2025-02-08 16:43:34,669|line:515| https://t.bilibili.com/1030371145484861449
2025-02-08 16:43:34,669|line:517| 已有
2025-02-08 16:43:34,669|line:515| https://t.bilibili.com/1030690600869953543
2025-02-08 16:43:34,669|line:517| 已有
2025-02-08 16:43:34,669|line:515| https://t.bilibili.com/1031101809610981395
2025-02-08 16:43:34,669|line:517| 已有
2025-02-08 16:43:34,670|line:515| https://t.bilibili.com/1027535182900494343
2025-02-08 16:43:36,998|line:522| 官方 或 预约 OUT！
2025-02-08 16:43:36,998|line:515| https://t.bilibili.com/1030736076003606550
2025-02-08 16:43:40,240|line:340| =========此为源动态=========
2025-02-08 16:43:42,512|line:359| *********子动态开始*********
2025-02-08 16:43:42,513|line:378| *********子动态结束*********
2025-02-08 16:43:42,513|line:533| -=-=-=-=处理回最初的动态-=-=-=-=
2025-02-08 16:43:49,670|line:471| 转发成功 1031628076281233433
2025-02-08 16:43:53,047|line:490| 评论发送成功
2025-02-08 16:43:56,362|line:420| 1010203255 === 已经关注了
2025-02-08 16:43:59,610|line:499| 动态-点赞 0
2025-02-08 16:44:01,610|line:515| https://t.bilibili.com/1030420662193225728
2025-02-08 16:44:01,611|line:517| 已有
2025-02-08 16:44:01,611|line:515| https://t.bilibili.com/1030767841540833286
2025-02-08 16:44:03,069|line:340| =========此为源动态=========
2025-02-08 16:44:05,501|line:359| *********子动态开始*********
2025-02-08 16:44:05,501|line:378| *********子动态结束*********
2025-02-08 16:44:05,501|line:533| -=-=-=-=处理回最初的动态-=-=-=-=
2025-02-08 16:44:15,511|line:471| 转发成功 1031628187943043088
2025-02-08 16:44:19,011|line:490| 评论发送成功
2025-02-08 16:44:21,340|line:420| 1024366005 === 已经关注了
2025-02-08 16:44:24,590|line:499| 动态-点赞 0
2025-02-08 16:44:27,591|line:515| https://t.bilibili.com/1030395485089693703
2025-02-08 16:44:27,591|line:517| 已有
2025-02-08 16:44:27,591|line:515| https://t.bilibili.com/1030822340420698115
2025-02-08 16:44:30,833|line:340| =========此为源动态=========
2025-02-08 16:44:32,273|line:359| *********子动态开始*********
2025-02-08 16:44:32,273|line:378| *********子动态结束*********
2025-02-08 16:44:32,273|line:533| -=-=-=-=处理回最初的动态-=-=-=-=
2025-02-08 16:44:42,282|line:471| 转发成功 1031628303896674313
2025-02-08 16:44:45,647|line:490| 评论发送成功
2025-02-08 16:44:47,981|line:420| 17236262 === 已经关注了
2025-02-08 16:44:51,392|line:499| 动态-点赞 0
2025-02-08 16:44:54,392|line:515| https://t.bilibili.com/1031043973607587873
2025-02-08 16:44:56,633|line:340| =========此为源动态=========
2025-02-08 16:45:00,078|line:359| *********子动态开始*********
2025-02-08 16:45:00,078|line:378| *********子动态结束*********
2025-02-08 16:45:00,078|line:533| -=-=-=-=处理回最初的动态-=-=-=-=
2025-02-08 16:45:11,106|line:471| 转发成功 1031628424173584386
2025-02-08 16:45:14,459|line:490| 评论发送成功
2025-02-08 16:45:17,780|line:420| 477316442 === 已经关注了
2025-02-08 16:45:21,038|line:499| 动态-点赞 0
2025-02-08 16:45:25,038|line:515| https://t.bilibili.com/1025912849179869186
2025-02-08 16:45:28,287|line:340| =========此为源动态=========
2025-02-08 16:45:31,793|line:359| *********子动态开始*********
2025-02-08 16:45:31,793|line:378| *********子动态结束*********
2025-02-08 16:45:31,793|line:533| -=-=-=-=处理回最初的动态-=-=-=-=
2025-02-08 16:45:43,989|line:471| 转发成功 1031628565910650881
2025-02-08 16:45:47,367|line:490| 评论发送成功
2025-02-08 16:45:51,695|line:420| 200935985 === 已经关注了
2025-02-08 16:45:54,966|line:499| 动态-点赞 0
2025-02-08 16:45:57,966|line:515| https://t.bilibili.com/1030387414853484567
2025-02-08 16:46:01,213|line:340| =========此为源动态=========
2025-02-08 16:46:03,493|line:359| *********子动态开始*********
2025-02-08 16:46:03,493|line:378| *********子动态结束*********
2025-02-08 16:46:03,493|line:533| -=-=-=-=处理回最初的动态-=-=-=-=
2025-02-08 16:46:13,427|line:471| 转发成功 1031628694760718337
2025-02-08 16:46:16,786|line:490| 评论发送成功
2025-02-08 16:46:21,112|line:420| 334454303 === 已经关注了
2025-02-08 16:46:24,369|line:499| 动态-点赞 0
2025-02-08 16:46:27,370|line:515| https://t.bilibili.com/1031125002465837059
2025-02-08 16:46:30,618|line:340| =========此为源动态=========
2025-02-08 16:46:34,073|line:359| *********子动态开始*********
2025-02-08 16:46:34,073|line:378| *********子动态结束*********
2025-02-08 16:46:34,074|line:533| -=-=-=-=处理回最初的动态-=-=-=-=
2025-02-08 16:46:44,414|line:471| 转发成功 1031628827856470021
2025-02-08 16:46:47,974|line:490| 评论发送成功
2025-02-08 16:46:50,457|line:420| 13418682 === 已经关注了
2025-02-08 16:46:53,927|line:499| 动态-点赞 0
2025-02-08 16:46:54,927|line:515| https://t.bilibili.com/1031087687741734916
2025-02-08 16:46:54,928|line:517| 已有
2025-02-08 16:46:54,928|line:515| https://t.bilibili.com/1031118448352034819
2025-02-08 16:46:59,329|line:340| =========此为源动态=========
2025-02-08 16:47:03,772|line:359| *********子动态开始*********
2025-02-08 16:47:03,772|line:378| *********子动态结束*********
2025-02-08 16:47:03,772|line:533| -=-=-=-=处理回最初的动态-=-=-=-=
2025-02-08 16:47:16,173|line:471| 转发成功 1031628965338415105
2025-02-08 16:47:19,523|line:490| 评论发送成功
2025-02-08 16:47:23,841|line:420| 238623328 === 已经关注了
2025-02-08 16:47:27,096|line:499| 动态-点赞 0
2025-02-08 16:47:29,096|line:515| https://t.bilibili.com/1030445444151377921
2025-02-08 16:47:31,569|line:340| =========此为源动态=========
2025-02-08 16:47:34,430|line:359| *********子动态开始*********
2025-02-08 16:47:40,449|line:378| *********子动态结束*********
2025-02-08 16:47:40,449|line:533| -=-=-=-=处理回最初的动态-=-=-=-=
2025-02-08 16:47:49,923|line:471| 转发成功 1031629107051364358
2025-02-08 16:47:53,451|line:490| 评论发送成功
2025-02-08 16:48:00,388|line:432| 关注 ==== 671538942 0
2025-02-08 16:48:03,775|line:499| 动态-点赞 0
2025-02-08 16:48:06,776|line:515| https://t.bilibili.com/1030732081654661124
2025-02-08 16:48:11,122|line:340| =========此为源动态=========
2025-02-08 16:48:14,402|line:359| *********子动态开始*********
2025-02-08 16:48:22,001|line:376| 'data'
2025-02-08 16:48:22,002|line:377| error line:369
2025-02-08 16:48:22,002|line:378| *********子动态结束*********
2025-02-08 16:48:22,002|line:533| -=-=-=-=处理回最初的动态-=-=-=-=
2025-02-08 16:48:31,016|line:471| 转发成功 1031629283174383664
2025-02-08 16:48:34,368|line:490| 评论发送成功
2025-02-08 16:48:36,687|line:420| 99748932 === 已经关注了
2025-02-08 16:48:39,946|line:499| 动态-点赞 0
2025-02-08 16:48:43,947|line:515| https://t.bilibili.com/1031018465795768337
2025-02-08 16:48:43,947|line:517| 已有
2025-02-08 16:48:43,947|line:515| https://t.bilibili.com/1030760119226335248
2025-02-08 16:48:43,947|line:517| 已有
2025-02-08 16:48:43,947|line:515| https://t.bilibili.com/1031149745772429315
2025-02-08 16:48:43,948|line:517| 已有
2025-02-08 16:48:43,948|line:515| https://t.bilibili.com/1028231096455659528
2025-02-08 16:48:45,196|line:522| 官方 或 预约 OUT！
2025-02-08 16:48:45,196|line:515| https://t.bilibili.com/1030400591777497088
2025-02-08 16:48:47,442|line:340| =========此为源动态=========
2025-02-08 16:48:48,878|line:359| *********子动态开始*********
2025-02-08 16:48:48,878|line:378| *********子动态结束*********
2025-02-08 16:48:48,879|line:533| -=-=-=-=处理回最初的动态-=-=-=-=
2025-02-08 16:48:57,796|line:471| 转发成功 1031629399098654728
2025-02-08 16:49:01,172|line:490| 评论发送成功
2025-02-08 16:49:03,507|line:420| 297991412 === 已经关注了
2025-02-08 16:49:06,773|line:499| 动态-点赞 0
2025-02-08 16:49:07,773|line:515| https://t.bilibili.com/1027111690534125575
2025-02-08 16:49:10,026|line:340| =========此为源动态=========
2025-02-08 16:49:12,300|line:359| *********子动态开始*********
2025-02-08 16:49:12,300|line:378| *********子动态结束*********
2025-02-08 16:49:12,300|line:533| -=-=-=-=处理回最初的动态-=-=-=-=
2025-02-08 16:49:20,263|line:471| 转发成功 1031629497871368199
2025-02-08 16:49:23,641|line:490| 评论发送成功
2025-02-08 16:49:26,963|line:420| 353318057 === 已经关注了
2025-02-08 16:49:30,245|line:499| 动态-点赞 0
2025-02-08 16:49:31,245|line:515| https://t.bilibili.com/1022973661331587072
2025-02-08 16:49:33,493|line:522| 官方 或 预约 OUT！
2025-02-08 16:49:33,493|line:515| https://t.bilibili.com/1027333186261090306
2025-02-08 16:49:34,739|line:522| 官方 或 预约 OUT！
2025-02-08 16:49:34,739|line:515| https://t.bilibili.com/1029173931939987464
2025-02-08 16:49:35,982|line:522| 官方 或 预约 OUT！
2025-02-08 16:49:35,982|line:515| https://t.bilibili.com/1029621269989949465
2025-02-08 16:49:39,233|line:340| =========此为源动态=========
2025-02-08 16:49:41,784|line:359| *********子动态开始*********
2025-02-08 16:49:41,784|line:378| *********子动态结束*********
2025-02-08 16:49:41,784|line:533| -=-=-=-=处理回最初的动态-=-=-=-=
2025-02-08 16:49:50,715|line:471| 转发成功 1031629626767572996
2025-02-08 16:49:54,089|line:490| 评论发送成功
2025-02-08 16:49:55,403|line:420| 477646977 === 已经关注了
2025-02-08 16:49:58,653|line:499| 动态-点赞 0
2025-02-08 16:50:02,653|line:515| https://t.bilibili.com/1031145867414863872
2025-02-08 16:50:04,890|line:340| =========此为源动态=========
2025-02-08 16:50:08,335|line:359| *********子动态开始*********
2025-02-08 16:50:08,335|line:378| *********子动态结束*********
2025-02-08 16:50:08,336|line:533| -=-=-=-=处理回最初的动态-=-=-=-=
2025-02-08 16:50:19,247|line:471| 转发成功 1031629751296458755
2025-02-08 16:50:22,655|line:490| 评论发送成功
2025-02-08 16:50:25,005|line:420| 404066457 === 已经关注了
2025-02-08 16:50:28,275|line:499| 动态-点赞 0
2025-02-08 16:50:31,276|line:515| https://t.bilibili.com/1031111782551257107
2025-02-08 16:50:35,515|line:340| =========此为源动态=========
2025-02-08 16:50:37,822|line:359| *********子动态开始*********
2025-02-08 16:50:37,822|line:378| *********子动态结束*********
2025-02-08 16:50:37,822|line:533| -=-=-=-=处理回最初的动态-=-=-=-=
2025-02-08 16:50:45,808|line:471| 转发成功 1031629862967705603
2025-02-08 16:50:49,087|line:490| 评论发送成功
2025-02-08 16:50:51,413|line:420| 485422279 === 已经关注了
2025-02-08 16:50:54,760|line:499| 动态-点赞 0
2025-02-08 16:50:57,761|line:515| https://t.bilibili.com/1031156441625395208
2025-02-08 16:50:59,994|line:340| =========此为源动态=========
2025-02-08 16:51:03,276|line:359| *********子动态开始*********
2025-02-08 16:51:03,276|line:378| *********子动态结束*********
2025-02-08 16:51:03,276|line:533| -=-=-=-=处理回最初的动态-=-=-=-=
2025-02-08 16:51:13,409|line:471| 转发成功 1031629983218401281
2025-02-08 16:51:16,933|line:490| 评论发送成功
2025-02-08 16:51:21,408|line:420| 1863894913 === 已经关注了
2025-02-08 16:51:24,826|line:499| 动态-点赞 0
2025-02-08 16:51:28,827|line:515| https://t.bilibili.com/1030348912617062400
2025-02-08 16:51:30,312|line:340| =========此为源动态=========
2025-02-08 16:51:32,737|line:359| *********子动态开始*********
2025-02-08 16:51:32,737|line:378| *********子动态结束*********
2025-02-08 16:51:32,737|line:533| -=-=-=-=处理回最初的动态-=-=-=-=
2025-02-08 16:51:44,159|line:471| 转发成功 1031630116400136193
2025-02-08 16:51:47,648|line:490| 评论发送成功
2025-02-08 16:51:49,124|line:420| 2070837133 === 已经关注了
2025-02-08 16:51:52,516|line:499| 动态-点赞 0
2025-02-08 16:51:55,517|line:515| https://t.bilibili.com/1031183955170164771
2025-02-08 16:51:57,915|line:340| =========此为源动态=========
2025-02-08 16:51:59,604|line:359| *********子动态开始*********
2025-02-08 16:51:59,604|line:378| *********子动态结束*********
2025-02-08 16:51:59,604|line:533| -=-=-=-=处理回最初的动态-=-=-=-=
2025-02-08 16:52:11,029|line:471| 转发成功 1031630228053557253
2025-02-08 16:52:14,364|line:490| 评论发送成功
2025-02-08 16:52:16,678|line:420| 476645168 === 已经关注了
2025-02-08 16:52:20,101|line:499| 动态-点赞 0
2025-02-08 16:52:21,101|line:515| https://t.bilibili.com/1030653415063027718
2025-02-08 16:52:22,339|line:340| =========此为源动态=========
2025-02-08 16:52:23,642|line:359| *********子动态开始*********
2025-02-08 16:52:23,642|line:378| *********子动态结束*********
2025-02-08 16:52:23,643|line:533| -=-=-=-=处理回最初的动态-=-=-=-=
2025-02-08 16:52:34,719|line:471| 转发成功 1031630331139063827
2025-02-08 16:52:38,122|line:490| 评论发送成功
2025-02-08 16:52:40,442|line:420| 571307144 === 已经关注了
2025-02-08 16:52:43,693|line:499| 动态-点赞 0
2025-02-08 16:52:47,693|line:515| https://t.bilibili.com/1030688835643637780
2025-02-08 16:52:51,936|line:522| 官方 或 预约 OUT！
2025-02-08 16:52:51,936|line:515| https://t.bilibili.com/1030368005887885329
2025-02-08 16:52:54,180|line:340| =========此为源动态=========
2025-02-08 16:52:56,607|line:359| *********子动态开始*********
2025-02-08 16:52:56,607|line:378| *********子动态结束*********
2025-02-08 16:52:56,607|line:533| -=-=-=-=处理回最初的动态-=-=-=-=
2025-02-08 16:53:06,526|line:471| 转发成功 1031630468571725824
2025-02-08 16:53:09,868|line:490| 评论发送成功
2025-02-08 16:53:12,360|line:420| 166491016 === 已经关注了
2025-02-08 16:53:15,617|line:499| 动态-点赞 0
2025-02-08 16:53:18,618|line:515| https://t.bilibili.com/1031091725016236032
2025-02-08 16:53:20,855|line:522| 官方 或 预约 OUT！
2025-02-08 16:53:20,855|line:515| https://t.bilibili.com/1030687980935708712
2025-02-08 16:53:23,101|line:335| =========此为子动态=========
2025-02-08 16:53:27,418|line:398| *************原动态已存在***************
2025-02-08 16:53:30,902|line:359| *********子动态开始*********
2025-02-08 16:53:40,889|line:471| 转发成功 1031630614611099666
2025-02-08 16:53:44,308|line:490| 评论发送成功
2025-02-08 16:53:53,005|line:420| 343470950 === 已经关注了
2025-02-08 16:53:53,005|line:373| ----完成一个子动态----
2025-02-08 16:54:03,030|line:471| 转发成功 1031630709067874328
2025-02-08 16:54:06,382|line:490| 评论发送成功
2025-02-08 16:54:13,948|line:420| 1345140518 === 已经关注了
2025-02-08 16:54:13,948|line:373| ----完成一个子动态----
2025-02-08 16:54:13,948|line:378| *********子动态结束*********
2025-02-08 16:54:15,949|line:515| https://t.bilibili.com/1030378769086414869
2025-02-08 16:54:19,190|line:340| =========此为源动态=========
2025-02-08 16:54:21,492|line:359| *********子动态开始*********
2025-02-08 16:54:21,492|line:378| *********子动态结束*********
2025-02-08 16:54:21,493|line:533| -=-=-=-=处理回最初的动态-=-=-=-=
2025-02-08 16:54:31,514|line:471| 转发成功 1031630833653383169
2025-02-08 16:54:34,905|line:490| 评论发送成功
2025-02-08 16:54:36,237|line:420| 166491016 === 已经关注了
2025-02-08 16:54:39,514|line:499| 动态-点赞 0
2025-02-08 16:54:41,515|line:515| https://t.bilibili.com/1028057223282032648
2025-02-08 16:54:44,761|line:522| 官方 或 预约 OUT！
2025-02-08 16:54:44,761|line:515| https://t.bilibili.com/1025873236698595353
2025-02-08 16:54:46,006|line:522| 官方 或 预约 OUT！
2025-02-08 16:54:46,006|line:515| https://t.bilibili.com/1030365540552540184
2025-02-08 16:54:50,426|line:340| =========此为源动态=========
2025-02-08 16:54:53,720|line:359| *********子动态开始*********
2025-02-08 16:54:53,720|line:378| *********子动态结束*********
2025-02-08 16:54:53,720|line:533| -=-=-=-=处理回最初的动态-=-=-=-=
2025-02-08 16:55:01,110|line:471| 转发成功 1031630958163394616
2025-02-08 16:55:04,374|line:490| 评论发送成功
2025-02-08 16:55:08,690|line:420| 1024366005 === 已经关注了
2025-02-08 16:55:11,984|line:499| 动态-点赞 0
2025-02-08 16:55:15,984|line:515| https://t.bilibili.com/1028416407097835522
2025-02-08 16:55:17,230|line:522| 官方 或 预约 OUT！
2025-02-08 16:55:17,230|line:515| https://t.bilibili.com/1027349307426078741
2025-02-08 16:55:21,474|line:340| =========此为源动态=========
2025-02-08 16:55:22,941|line:359| *********子动态开始*********
2025-02-08 16:55:22,941|line:378| *********子动态结束*********
2025-02-08 16:55:22,941|line:533| -=-=-=-=处理回最初的动态-=-=-=-=
2025-02-08 16:55:31,910|line:471| 转发成功 1031631091350372357
2025-02-08 16:55:35,257|line:490| 评论发送成功
2025-02-08 16:55:36,600|line:420| 698926571 === 已经关注了
2025-02-08 16:55:39,863|line:499| 动态-点赞 0
2025-02-08 16:55:42,863|line:515| https://t.bilibili.com/1030799589952716804
2025-02-08 16:55:42,863|line:517| 已有
2025-02-08 16:55:42,864|line:515| https://t.bilibili.com/1028091720429993990
2025-02-08 16:55:46,107|line:522| 官方 或 预约 OUT！
2025-02-08 16:55:46,108|line:515| https://t.bilibili.com/635932563238551585
2025-02-08 16:55:46,108|line:517| 已有
2025-02-08 16:55:46,108|line:515| https://t.bilibili.com/1027384304963944457
2025-02-08 16:55:49,393|line:522| 官方 或 预约 OUT！
2025-02-08 16:55:49,393|line:515| https://t.bilibili.com/1027437210406748162
2025-02-08 16:55:49,393|line:517| 已有
2025-02-08 16:55:49,394|line:515| https://t.bilibili.com/1030724655631040512
2025-02-08 16:55:49,394|line:517| 已有
2025-02-08 16:55:49,394|line:515| https://t.bilibili.com/1030696974602469398
2025-02-08 16:55:53,626|line:335| =========此为子动态=========
2025-02-08 16:55:57,947|line:384| *************原动态处理开始***************
2025-02-08 16:56:03,600|line:471| 转发成功 1031631228743188513
2025-02-08 16:56:06,857|line:345| 'NoneType' object is not subscriptable
2025-02-08 16:56:06,857|line:346| error line:337
2025-02-08 16:56:06,857|line:529| *#*#*#*#*#*#*#*#*#*原动态处理失败*#*#*#*#*#*#*#*#*#
2025-02-08 16:56:06,857|line:515| https://t.bilibili.com/1030291851830099976
2025-02-08 16:56:08,096|line:522| 官方 或 预约 OUT！
2025-02-08 16:56:08,097|line:515| https://t.bilibili.com/1031018981155143705
2025-02-08 16:56:08,097|line:517| 已有
2025-02-08 16:56:08,097|line:515| https://t.bilibili.com/1030784205360988177
2025-02-08 16:56:12,346|line:340| =========此为源动态=========
2025-02-08 16:56:14,630|line:359| *********子动态开始*********
2025-02-08 16:56:14,631|line:378| *********子动态结束*********
2025-02-08 16:56:14,631|line:533| -=-=-=-=处理回最初的动态-=-=-=-=
2025-02-08 16:56:22,624|line:471| 转发成功 1031631310376927239
2025-02-08 16:56:26,201|line:490| 评论发送成功
2025-02-08 16:56:30,515|line:420| 430040367 === 已经关注了
2025-02-08 16:56:33,773|line:499| 动态-点赞 0
2025-02-08 16:56:36,774|line:515| https://t.bilibili.com/1027478815749701657
2025-02-08 16:56:39,186|line:522| 官方 或 预约 OUT！
2025-02-08 16:56:39,186|line:515| https://t.bilibili.com/1011834603496800281
2025-02-08 16:56:41,416|line:340| =========此为源动态=========
2025-02-08 16:56:42,872|line:359| *********子动态开始*********
2025-02-08 16:56:42,872|line:378| *********子动态结束*********
2025-02-08 16:56:42,872|line:533| -=-=-=-=处理回最初的动态-=-=-=-=
2025-02-08 16:56:48,842|line:471| 转发成功 1031631422016716809
2025-02-08 16:56:52,189|line:490| 评论发送成功
2025-02-08 16:56:56,506|line:420| 1567835994 === 已经关注了
2025-02-08 16:56:59,759|line:499| 动态-点赞 0
2025-02-08 16:57:02,760|line:515| https://t.bilibili.com/1030781856027508806
2025-02-08 16:57:04,221|line:522| 官方 或 预约 OUT！
2025-02-08 16:57:04,221|line:515| https://t.bilibili.com/1030346363537195012
2025-02-08 16:57:07,467|line:340| =========此为源动态=========
2025-02-08 16:57:10,112|line:359| *********子动态开始*********
2025-02-08 16:57:10,112|line:378| *********子动态结束*********
2025-02-08 16:57:10,113|line:533| -=-=-=-=处理回最初的动态-=-=-=-=
2025-02-08 16:57:20,057|line:471| 转发成功 1031631555174334484
2025-02-08 16:57:23,405|line:490| 评论发送成功
2025-02-08 16:57:25,728|line:420| 166491016 === 已经关注了
2025-02-08 16:57:28,985|line:499| 动态-点赞 0
2025-02-08 16:57:29,985|line:515| https://t.bilibili.com/1031139863057924101
2025-02-08 16:57:29,986|line:517| 已有
2025-02-08 16:57:29,986|line:515| https://t.bilibili.com/1027424501561819137
2025-02-08 16:57:33,299|line:522| 官方 或 预约 OUT！
2025-02-08 16:57:33,299|line:515| https://t.bilibili.com/1031152930499067921
2025-02-08 16:57:36,545|line:340| =========此为源动态=========
2025-02-08 16:57:39,832|line:359| *********子动态开始*********
2025-02-08 16:57:39,832|line:378| *********子动态结束*********
2025-02-08 16:57:39,832|line:533| -=-=-=-=处理回最初的动态-=-=-=-=
2025-02-08 16:57:48,925|line:471| 转发成功 1031631679767183395
2025-02-08 16:57:52,280|line:490| 评论发送成功
2025-02-08 16:57:55,701|line:420| 509955674 === 已经关注了
2025-02-08 16:57:59,073|line:499| 动态-点赞 0
2025-02-08 16:58:01,074|line:515| https://t.bilibili.com/1026236436323500048
2025-02-08 16:58:02,323|line:522| 官方 或 预约 OUT！
2025-02-08 16:58:02,323|line:515| https://t.bilibili.com/1031168957140172819
2025-02-08 16:58:05,567|line:340| =========此为源动态=========
2025-02-08 16:58:10,447|line:359| *********子动态开始*********
2025-02-08 16:58:10,447|line:378| *********子动态结束*********
2025-02-08 16:58:10,447|line:533| -=-=-=-=处理回最初的动态-=-=-=-=
2025-02-08 16:58:19,561|line:471| 转发成功 1031631812900683792
2025-02-08 16:58:22,904|line:490| 评论发送成功
2025-02-08 16:58:29,522|line:432| 关注 ==== 1389242761 0
2025-02-08 16:58:32,783|line:499| 动态-点赞 0
2025-02-08 16:58:35,783|line:515| https://t.bilibili.com/1029310370186002435
2025-02-08 16:58:40,033|line:340| =========此为源动态=========
2025-02-08 16:58:43,310|line:359| *********子动态开始*********
2025-02-08 16:58:43,310|line:378| *********子动态结束*********
2025-02-08 16:58:43,311|line:533| -=-=-=-=处理回最初的动态-=-=-=-=
2025-02-08 16:58:51,257|line:471| 转发成功 1031631950344880128
2025-02-08 16:58:54,595|line:490| 评论发送成功
2025-02-08 16:58:57,927|line:420| 410857229 === 已经关注了
2025-02-08 16:59:01,190|line:499| 动态-点赞 0
2025-02-08 16:59:05,190|line:515| https://t.bilibili.com/1027443227637055512
2025-02-08 16:59:08,432|line:522| 官方 或 预约 OUT！
2025-02-08 16:59:08,433|line:515| https://t.bilibili.com/1030376930792177671
2025-02-08 16:59:10,669|line:340| =========此为源动态=========
2025-02-08 16:59:12,940|line:359| *********子动态开始*********
2025-02-08 16:59:12,941|line:378| *********子动态结束*********
2025-02-08 16:59:12,941|line:533| -=-=-=-=处理回最初的动态-=-=-=-=
2025-02-08 16:59:23,309|line:471| 转发成功 1031632087748182024
2025-02-08 16:59:26,563|line:490| 评论发送成功
2025-02-08 16:59:27,862|line:420| 3546740875594396 === 已经关注了
2025-02-08 16:59:31,123|line:499| 动态-点赞 0
2025-02-08 16:59:33,124|line:515| https://t.bilibili.com/1027349099107581959
2025-02-08 16:59:35,363|line:522| 官方 或 预约 OUT！
2025-02-08 16:59:35,363|line:515| https://t.bilibili.com/1030429711689318407
2025-02-08 16:59:36,603|line:340| =========此为源动态=========
2025-02-08 16:59:41,045|line:359| *********子动态开始*********
2025-02-08 16:59:41,045|line:378| *********子动态结束*********
2025-02-08 16:59:41,045|line:533| -=-=-=-=处理回最初的动态-=-=-=-=
2025-02-08 16:59:48,978|line:471| 转发成功 1031632195124461570
2025-02-08 16:59:52,490|line:490| 评论发送成功
2025-02-08 16:59:53,804|line:420| 238623328 === 已经关注了
2025-02-08 16:59:57,053|line:499| 动态-点赞 0
2025-02-08 16:59:59,053|line:515| https://t.bilibili.com/1030391842935406601
2025-02-08 17:00:03,590|line:340| =========此为源动态=========
2025-02-08 17:00:06,889|line:359| *********子动态开始*********
2025-02-08 17:00:06,889|line:378| *********子动态结束*********
2025-02-08 17:00:06,889|line:533| -=-=-=-=处理回最初的动态-=-=-=-=
2025-02-08 17:00:12,854|line:471| 转发成功 1031632298220453896
2025-02-08 17:00:16,264|line:490| 评论发送成功
2025-02-08 17:00:18,576|line:420| 631146901 === 已经关注了
2025-02-08 17:00:21,829|line:499| 动态-点赞 0
2025-02-08 17:00:25,829|line:515| https://t.bilibili.com/1030724140247547907
2025-02-08 17:00:25,829|line:517| 已有
2025-02-08 17:00:25,830|line:515| https://t.bilibili.com/1030376204984647696
2025-02-08 17:00:29,251|line:340| =========此为源动态=========
2025-02-08 17:00:31,618|line:359| *********子动态开始*********
2025-02-08 17:00:31,618|line:378| *********子动态结束*********
2025-02-08 17:00:31,619|line:533| -=-=-=-=处理回最初的动态-=-=-=-=
2025-02-08 17:00:40,569|line:471| 转发成功 1031632418496315400
2025-02-08 17:00:43,920|line:490| 评论发送成功
2025-02-08 17:00:48,316|line:420| 28767705 === 已经关注了
2025-02-08 17:00:51,576|line:499| 动态-点赞 0
2025-02-08 17:00:53,576|line:515| https://t.bilibili.com/1031114595730718723
2025-02-08 17:00:53,576|line:517| 已有
2025-02-08 17:00:53,577|line:515| https://t.bilibili.com/1031043535503097861
2025-02-08 17:00:53,577|line:517| 已有
2025-02-08 17:00:53,577|line:548| 执行结束
2025-02-08 17:00:57,225|line:553| ==================================================2025-02-09 01:00==================================================
